<?xml version="1.0" encoding="UTF-8"?>
<testsuite name="com.betweenourclothes.domain.members.MembersRepositoryTest" tests="1" skipped="1" failures="0" errors="0" timestamp="2022-11-14T03:40:34" hostname="user" time="0.0">
  <properties/>
  <testcase name="멤버등록_불러오기" classname="com.betweenourclothes.domain.members.MembersRepositoryTest" time="0.0">
    <skipped/>
  </testcase>
  <system-out><![CDATA[12:40:33.964 [Test worker] DEBUG org.springframework.test.context.junit4.SpringJUnit4ClassRunner - SpringJUnit4ClassRunner constructor called with [class com.betweenourclothes.domain.members.MembersRepositoryTest]
12:40:33.970 [Test worker] DEBUG org.springframework.test.context.BootstrapUtils - Instantiating CacheAwareContextLoaderDelegate from class [org.springframework.test.context.cache.DefaultCacheAwareContextLoaderDelegate]
12:40:33.976 [Test worker] DEBUG org.springframework.test.context.BootstrapUtils - Instantiating BootstrapContext using constructor [public org.springframework.test.context.support.DefaultBootstrapContext(java.lang.Class,org.springframework.test.context.CacheAwareContextLoaderDelegate)]
12:40:33.990 [Test worker] DEBUG org.springframework.test.context.BootstrapUtils - Instantiating TestContextBootstrapper for test class [com.betweenourclothes.domain.members.MembersRepositoryTest] from class [org.springframework.boot.test.context.SpringBootTestContextBootstrapper]
12:40:34.000 [Test worker] INFO org.springframework.boot.test.context.SpringBootTestContextBootstrapper - Neither @ContextConfiguration nor @ContextHierarchy found for test class [com.betweenourclothes.domain.members.MembersRepositoryTest], using SpringBootContextLoader
12:40:34.002 [Test worker] DEBUG org.springframework.test.context.support.AbstractContextLoader - Did not detect default resource location for test class [com.betweenourclothes.domain.members.MembersRepositoryTest]: class path resource [com/betweenourclothes/domain/members/MembersRepositoryTest-context.xml] does not exist
12:40:34.003 [Test worker] DEBUG org.springframework.test.context.support.AbstractContextLoader - Did not detect default resource location for test class [com.betweenourclothes.domain.members.MembersRepositoryTest]: class path resource [com/betweenourclothes/domain/members/MembersRepositoryTestContext.groovy] does not exist
12:40:34.003 [Test worker] INFO org.springframework.test.context.support.AbstractContextLoader - Could not detect default resource locations for test class [com.betweenourclothes.domain.members.MembersRepositoryTest]: no resource found for suffixes {-context.xml, Context.groovy}.
12:40:34.003 [Test worker] INFO org.springframework.test.context.support.AnnotationConfigContextLoaderUtils - Could not detect default configuration classes for test class [com.betweenourclothes.domain.members.MembersRepositoryTest]: MembersRepositoryTest does not declare any static, non-private, non-final, nested classes annotated with @Configuration.
12:40:34.032 [Test worker] DEBUG org.springframework.test.context.support.ActiveProfilesUtils - Could not find an 'annotation declaring class' for annotation type [org.springframework.test.context.ActiveProfiles] and class [com.betweenourclothes.domain.members.MembersRepositoryTest]
12:40:34.148 [Test worker] DEBUG org.springframework.context.annotation.ClassPathScanningCandidateComponentProvider - Identified candidate component class: file [C:\Users\user1\Desktop\송아\캡스톤\repo\between-our-clothes-server\build\classes\java\main\com\betweenourclothes\Application.class]
12:40:34.149 [Test worker] INFO org.springframework.boot.test.context.SpringBootTestContextBootstrapper - Found @SpringBootConfiguration com.betweenourclothes.Application for test class com.betweenourclothes.domain.members.MembersRepositoryTest
12:40:34.235 [Test worker] DEBUG org.springframework.boot.test.context.SpringBootTestContextBootstrapper - @TestExecutionListeners is not present for class [com.betweenourclothes.domain.members.MembersRepositoryTest]: using defaults.
12:40:34.236 [Test worker] INFO org.springframework.boot.test.context.SpringBootTestContextBootstrapper - Loaded default TestExecutionListener class names from location [META-INF/spring.factories]: [org.springframework.security.test.context.support.WithSecurityContextTestExecutionListener, org.springframework.security.test.context.support.ReactorContextTestExecutionListener, org.springframework.boot.test.autoconfigure.restdocs.RestDocsTestExecutionListener, org.springframework.boot.test.autoconfigure.web.client.MockRestServiceServerResetTestExecutionListener, org.springframework.boot.test.autoconfigure.web.servlet.MockMvcPrintOnlyOnFailureTestExecutionListener, org.springframework.boot.test.autoconfigure.web.servlet.WebDriverTestExecutionListener, org.springframework.boot.test.mock.mockito.MockitoTestExecutionListener, org.springframework.boot.test.mock.mockito.ResetMocksTestExecutionListener, org.springframework.test.context.web.ServletTestExecutionListener, org.springframework.test.context.support.DirtiesContextBeforeModesTestExecutionListener, org.springframework.test.context.support.DependencyInjectionTestExecutionListener, org.springframework.test.context.support.DirtiesContextTestExecutionListener, org.springframework.test.context.transaction.TransactionalTestExecutionListener, org.springframework.test.context.jdbc.SqlScriptsTestExecutionListener]
12:40:34.252 [Test worker] INFO org.springframework.boot.test.context.SpringBootTestContextBootstrapper - Using TestExecutionListeners: [org.springframework.test.context.web.ServletTestExecutionListener@73cdf5b, org.springframework.test.context.support.DirtiesContextBeforeModesTestExecutionListener@2648320d, org.springframework.boot.test.mock.mockito.MockitoTestExecutionListener@557d11f0, org.springframework.boot.test.autoconfigure.SpringBootDependencyInjectionTestExecutionListener@75d3adad, org.springframework.test.context.support.DirtiesContextTestExecutionListener@1474624b, org.springframework.test.context.transaction.TransactionalTestExecutionListener@73cbe292, org.springframework.test.context.jdbc.SqlScriptsTestExecutionListener@4e048f8a, org.springframework.security.test.context.support.WithSecurityContextTestExecutionListener@2652fd22, org.springframework.security.test.context.support.ReactorContextTestExecutionListener@1183b599, org.springframework.boot.test.autoconfigure.restdocs.RestDocsTestExecutionListener@3d701a49, org.springframework.boot.test.autoconfigure.web.client.MockRestServiceServerResetTestExecutionListener@5762bab2, org.springframework.boot.test.autoconfigure.web.servlet.MockMvcPrintOnlyOnFailureTestExecutionListener@66e8e691, org.springframework.boot.test.autoconfigure.web.servlet.WebDriverTestExecutionListener@6acbb8a8, org.springframework.boot.test.mock.mockito.ResetMocksTestExecutionListener@57d445ea]
12:40:34.253 [Test worker] DEBUG org.springframework.test.annotation.ProfileValueUtils - Retrieved @ProfileValueSourceConfiguration [null] for test class [com.betweenourclothes.domain.members.MembersRepositoryTest]
12:40:34.254 [Test worker] DEBUG org.springframework.test.annotation.ProfileValueUtils - Retrieved ProfileValueSource type [class org.springframework.test.annotation.SystemProfileValueSource] for class [com.betweenourclothes.domain.members.MembersRepositoryTest]
]]></system-out>
  <system-err><![CDATA[]]></system-err>
</testsuite>
