<?xml version="1.0" encoding="UTF-8"?>
<testsuite name="com.betweenourclothes.domain.members.MembersRepositoryTest" tests="1" skipped="1" failures="0" errors="0" timestamp="2022-11-30T02:06:44" hostname="user" time="0.0">
  <properties/>
  <testcase name="멤버등록_불러오기" classname="com.betweenourclothes.domain.members.MembersRepositoryTest" time="0.0">
    <skipped/>
  </testcase>
  <system-out><![CDATA[11:06:44.199 [Test worker] DEBUG org.springframework.test.context.junit4.SpringJUnit4ClassRunner - SpringJUnit4ClassRunner constructor called with [class com.betweenourclothes.domain.members.MembersRepositoryTest]
11:06:44.205 [Test worker] DEBUG org.springframework.test.context.BootstrapUtils - Instantiating CacheAwareContextLoaderDelegate from class [org.springframework.test.context.cache.DefaultCacheAwareContextLoaderDelegate]
11:06:44.211 [Test worker] DEBUG org.springframework.test.context.BootstrapUtils - Instantiating BootstrapContext using constructor [public org.springframework.test.context.support.DefaultBootstrapContext(java.lang.Class,org.springframework.test.context.CacheAwareContextLoaderDelegate)]
11:06:44.225 [Test worker] DEBUG org.springframework.test.context.BootstrapUtils - Instantiating TestContextBootstrapper for test class [com.betweenourclothes.domain.members.MembersRepositoryTest] from class [org.springframework.boot.test.context.SpringBootTestContextBootstrapper]
11:06:44.235 [Test worker] INFO org.springframework.boot.test.context.SpringBootTestContextBootstrapper - Neither @ContextConfiguration nor @ContextHierarchy found for test class [com.betweenourclothes.domain.members.MembersRepositoryTest], using SpringBootContextLoader
11:06:44.238 [Test worker] DEBUG org.springframework.test.context.support.AbstractContextLoader - Did not detect default resource location for test class [com.betweenourclothes.domain.members.MembersRepositoryTest]: class path resource [com/betweenourclothes/domain/members/MembersRepositoryTest-context.xml] does not exist
11:06:44.238 [Test worker] DEBUG org.springframework.test.context.support.AbstractContextLoader - Did not detect default resource location for test class [com.betweenourclothes.domain.members.MembersRepositoryTest]: class path resource [com/betweenourclothes/domain/members/MembersRepositoryTestContext.groovy] does not exist
11:06:44.239 [Test worker] INFO org.springframework.test.context.support.AbstractContextLoader - Could not detect default resource locations for test class [com.betweenourclothes.domain.members.MembersRepositoryTest]: no resource found for suffixes {-context.xml, Context.groovy}.
11:06:44.239 [Test worker] INFO org.springframework.test.context.support.AnnotationConfigContextLoaderUtils - Could not detect default configuration classes for test class [com.betweenourclothes.domain.members.MembersRepositoryTest]: MembersRepositoryTest does not declare any static, non-private, non-final, nested classes annotated with @Configuration.
11:06:44.266 [Test worker] DEBUG org.springframework.test.context.support.ActiveProfilesUtils - Could not find an 'annotation declaring class' for annotation type [org.springframework.test.context.ActiveProfiles] and class [com.betweenourclothes.domain.members.MembersRepositoryTest]
11:06:44.356 [Test worker] DEBUG org.springframework.context.annotation.ClassPathScanningCandidateComponentProvider - Identified candidate component class: file [C:\Users\user1\Desktop\송아\캡스톤\repo\between-our-clothes-server\build\classes\java\main\com\betweenourclothes\Application.class]
11:06:44.358 [Test worker] INFO org.springframework.boot.test.context.SpringBootTestContextBootstrapper - Found @SpringBootConfiguration com.betweenourclothes.Application for test class com.betweenourclothes.domain.members.MembersRepositoryTest
11:06:44.445 [Test worker] DEBUG org.springframework.boot.test.context.SpringBootTestContextBootstrapper - @TestExecutionListeners is not present for class [com.betweenourclothes.domain.members.MembersRepositoryTest]: using defaults.
11:06:44.446 [Test worker] INFO org.springframework.boot.test.context.SpringBootTestContextBootstrapper - Loaded default TestExecutionListener class names from location [META-INF/spring.factories]: [org.springframework.security.test.context.support.WithSecurityContextTestExecutionListener, org.springframework.security.test.context.support.ReactorContextTestExecutionListener, org.springframework.boot.test.autoconfigure.restdocs.RestDocsTestExecutionListener, org.springframework.boot.test.autoconfigure.web.client.MockRestServiceServerResetTestExecutionListener, org.springframework.boot.test.autoconfigure.web.servlet.MockMvcPrintOnlyOnFailureTestExecutionListener, org.springframework.boot.test.autoconfigure.web.servlet.WebDriverTestExecutionListener, org.springframework.boot.test.mock.mockito.MockitoTestExecutionListener, org.springframework.boot.test.mock.mockito.ResetMocksTestExecutionListener, org.springframework.test.context.web.ServletTestExecutionListener, org.springframework.test.context.support.DirtiesContextBeforeModesTestExecutionListener, org.springframework.test.context.support.DependencyInjectionTestExecutionListener, org.springframework.test.context.support.DirtiesContextTestExecutionListener, org.springframework.test.context.transaction.TransactionalTestExecutionListener, org.springframework.test.context.jdbc.SqlScriptsTestExecutionListener]
11:06:44.464 [Test worker] INFO org.springframework.boot.test.context.SpringBootTestContextBootstrapper - Using TestExecutionListeners: [org.springframework.test.context.web.ServletTestExecutionListener@7c9fdef3, org.springframework.test.context.support.DirtiesContextBeforeModesTestExecutionListener@3212b5bb, org.springframework.boot.test.mock.mockito.MockitoTestExecutionListener@5071a152, org.springframework.boot.test.autoconfigure.SpringBootDependencyInjectionTestExecutionListener@88e787f, org.springframework.test.context.support.DirtiesContextTestExecutionListener@ae447db, org.springframework.test.context.transaction.TransactionalTestExecutionListener@2d7c8451, org.springframework.test.context.jdbc.SqlScriptsTestExecutionListener@705adb9d, org.springframework.security.test.context.support.WithSecurityContextTestExecutionListener@bec0869, org.springframework.security.test.context.support.ReactorContextTestExecutionListener@239e4c50, org.springframework.boot.test.autoconfigure.restdocs.RestDocsTestExecutionListener@6a890a7e, org.springframework.boot.test.autoconfigure.web.client.MockRestServiceServerResetTestExecutionListener@4c29a281, org.springframework.boot.test.autoconfigure.web.servlet.MockMvcPrintOnlyOnFailureTestExecutionListener@27ed542d, org.springframework.boot.test.autoconfigure.web.servlet.WebDriverTestExecutionListener@7640704c, org.springframework.boot.test.mock.mockito.ResetMocksTestExecutionListener@54384e00]
11:06:44.466 [Test worker] DEBUG org.springframework.test.annotation.ProfileValueUtils - Retrieved @ProfileValueSourceConfiguration [null] for test class [com.betweenourclothes.domain.members.MembersRepositoryTest]
11:06:44.466 [Test worker] DEBUG org.springframework.test.annotation.ProfileValueUtils - Retrieved ProfileValueSource type [class org.springframework.test.annotation.SystemProfileValueSource] for class [com.betweenourclothes.domain.members.MembersRepositoryTest]
]]></system-out>
  <system-err><![CDATA[]]></system-err>
</testsuite>
