<?xml version="1.0" encoding="UTF-8"?>
<testsuite name="com.betweenourclothes.domain.members.MembersRepositoryTest" tests="1" skipped="1" failures="0" errors="0" timestamp="2022-11-15T12:30:42" hostname="user" time="0.0">
  <properties/>
  <testcase name="멤버등록_불러오기" classname="com.betweenourclothes.domain.members.MembersRepositoryTest" time="0.0">
    <skipped/>
  </testcase>
  <system-out><![CDATA[2022-11-15 21:30:42.164  INFO 20908 --- [    Test worker] .b.t.c.SpringBootTestContextBootstrapper : Neither @ContextConfiguration nor @ContextHierarchy found for test class [com.betweenourclothes.domain.members.MembersRepositoryTest], using SpringBootContextLoader
2022-11-15 21:30:42.165  INFO 20908 --- [    Test worker] o.s.t.c.support.AbstractContextLoader    : Could not detect default resource locations for test class [com.betweenourclothes.domain.members.MembersRepositoryTest]: no resource found for suffixes {-context.xml, Context.groovy}.
2022-11-15 21:30:42.165  INFO 20908 --- [    Test worker] t.c.s.AnnotationConfigContextLoaderUtils : Could not detect default configuration classes for test class [com.betweenourclothes.domain.members.MembersRepositoryTest]: MembersRepositoryTest does not declare any static, non-private, non-final, nested classes annotated with @Configuration.
2022-11-15 21:30:42.176  INFO 20908 --- [    Test worker] .b.t.c.SpringBootTestContextBootstrapper : Found @SpringBootConfiguration com.betweenourclothes.Application for test class com.betweenourclothes.domain.members.MembersRepositoryTest
2022-11-15 21:30:42.178  INFO 20908 --- [    Test worker] .b.t.c.SpringBootTestContextBootstrapper : Loaded default TestExecutionListener class names from location [META-INF/spring.factories]: [org.springframework.security.test.context.support.WithSecurityContextTestExecutionListener, org.springframework.security.test.context.support.ReactorContextTestExecutionListener, org.springframework.boot.test.autoconfigure.restdocs.RestDocsTestExecutionListener, org.springframework.boot.test.autoconfigure.web.client.MockRestServiceServerResetTestExecutionListener, org.springframework.boot.test.autoconfigure.web.servlet.MockMvcPrintOnlyOnFailureTestExecutionListener, org.springframework.boot.test.autoconfigure.web.servlet.WebDriverTestExecutionListener, org.springframework.boot.test.mock.mockito.MockitoTestExecutionListener, org.springframework.boot.test.mock.mockito.ResetMocksTestExecutionListener, org.springframework.test.context.web.ServletTestExecutionListener, org.springframework.test.context.support.DirtiesContextBeforeModesTestExecutionListener, org.springframework.test.context.support.DependencyInjectionTestExecutionListener, org.springframework.test.context.support.DirtiesContextTestExecutionListener, org.springframework.test.context.transaction.TransactionalTestExecutionListener, org.springframework.test.context.jdbc.SqlScriptsTestExecutionListener]
2022-11-15 21:30:42.178  INFO 20908 --- [    Test worker] .b.t.c.SpringBootTestContextBootstrapper : Using TestExecutionListeners: [org.springframework.test.context.web.ServletTestExecutionListener@509b2b9, org.springframework.test.context.support.DirtiesContextBeforeModesTestExecutionListener@149a3593, org.springframework.boot.test.mock.mockito.MockitoTestExecutionListener@2ff0a992, org.springframework.boot.test.autoconfigure.SpringBootDependencyInjectionTestExecutionListener@4ae71c28, org.springframework.test.context.support.DirtiesContextTestExecutionListener@233e3b7, org.springframework.test.context.transaction.TransactionalTestExecutionListener@47c068cf, org.springframework.test.context.jdbc.SqlScriptsTestExecutionListener@6d56e59c, org.springframework.security.test.context.support.WithSecurityContextTestExecutionListener@1fa2b242, org.springframework.security.test.context.support.ReactorContextTestExecutionListener@291d45a, org.springframework.boot.test.autoconfigure.restdocs.RestDocsTestExecutionListener@465352d7, org.springframework.boot.test.autoconfigure.web.client.MockRestServiceServerResetTestExecutionListener@1cf33584, org.springframework.boot.test.autoconfigure.web.servlet.MockMvcPrintOnlyOnFailureTestExecutionListener@1649a4fa, org.springframework.boot.test.autoconfigure.web.servlet.WebDriverTestExecutionListener@1a76816d, org.springframework.boot.test.mock.mockito.ResetMocksTestExecutionListener@46efbd1e]
]]></system-out>
  <system-err><![CDATA[]]></system-err>
</testsuite>
