<?xml version="1.0" encoding="UTF-8"?>
<testsuite name="com.betweenourclothes.web.StoresApiControllerTest" tests="14" skipped="0" failures="0" errors="0" timestamp="2022-11-10T03:34:03" hostname="user" time="6.244">
  <properties/>
  <testcase name="중고거래_찜_등록과확인과취소" classname="com.betweenourclothes.web.StoresApiControllerTest" time="1.118"/>
  <testcase name="중고거래_판매상태업데이트" classname="com.betweenourclothes.web.StoresApiControllerTest" time="0.289"/>
  <testcase name="중고거래_게시글삭제" classname="com.betweenourclothes.web.StoresApiControllerTest" time="0.274"/>
  <testcase name="중고거래_게시글수정" classname="com.betweenourclothes.web.StoresApiControllerTest" time="0.293"/>
  <testcase name="중고거래_큰카테고리조회" classname="com.betweenourclothes.web.StoresApiControllerTest" time="0.471"/>
  <testcase name="로그인" classname="com.betweenourclothes.web.StoresApiControllerTest" time="0.283"/>
  <testcase name="중고거래_테스트데이터등록" classname="com.betweenourclothes.web.StoresApiControllerTest" time="0.299"/>
  <testcase name="중고거래_테스트데이터추가" classname="com.betweenourclothes.web.StoresApiControllerTest" time="0.202"/>
  <testcase name="중고거래_검색" classname="com.betweenourclothes.web.StoresApiControllerTest" time="0.513"/>
  <testcase name="중고거래_댓글추가_확인" classname="com.betweenourclothes.web.StoresApiControllerTest" time="0.268"/>
  <testcase name="중고거래_게시글id로불러오기" classname="com.betweenourclothes.web.StoresApiControllerTest" time="0.332"/>
  <testcase name="중고거래_옷카테고리전부" classname="com.betweenourclothes.web.StoresApiControllerTest" time="0.529"/>
  <testcase name="중고거래_작은카테고리조회" classname="com.betweenourclothes.web.StoresApiControllerTest" time="0.841"/>
  <testcase name="중고거래_썸네일불러오기" classname="com.betweenourclothes.web.StoresApiControllerTest" time="0.527"/>
  <system-out><![CDATA[12:33:57.160 [Test worker] DEBUG org.springframework.test.context.junit4.SpringJUnit4ClassRunner - SpringJUnit4ClassRunner constructor called with [class com.betweenourclothes.web.StoresApiControllerTest]
12:33:57.167 [Test worker] DEBUG org.springframework.test.context.BootstrapUtils - Instantiating CacheAwareContextLoaderDelegate from class [org.springframework.test.context.cache.DefaultCacheAwareContextLoaderDelegate]
12:33:57.172 [Test worker] DEBUG org.springframework.test.context.BootstrapUtils - Instantiating BootstrapContext using constructor [public org.springframework.test.context.support.DefaultBootstrapContext(java.lang.Class,org.springframework.test.context.CacheAwareContextLoaderDelegate)]
12:33:57.183 [Test worker] DEBUG org.springframework.test.context.BootstrapUtils - Instantiating TestContextBootstrapper for test class [com.betweenourclothes.web.StoresApiControllerTest] from class [org.springframework.boot.test.context.SpringBootTestContextBootstrapper]
12:33:57.188 [Test worker] INFO org.springframework.boot.test.context.SpringBootTestContextBootstrapper - Neither @ContextConfiguration nor @ContextHierarchy found for test class [com.betweenourclothes.web.StoresApiControllerTest], using SpringBootContextLoader
12:33:57.190 [Test worker] DEBUG org.springframework.test.context.support.AbstractContextLoader - Did not detect default resource location for test class [com.betweenourclothes.web.StoresApiControllerTest]: class path resource [com/betweenourclothes/web/StoresApiControllerTest-context.xml] does not exist
12:33:57.190 [Test worker] DEBUG org.springframework.test.context.support.AbstractContextLoader - Did not detect default resource location for test class [com.betweenourclothes.web.StoresApiControllerTest]: class path resource [com/betweenourclothes/web/StoresApiControllerTestContext.groovy] does not exist
12:33:57.191 [Test worker] INFO org.springframework.test.context.support.AbstractContextLoader - Could not detect default resource locations for test class [com.betweenourclothes.web.StoresApiControllerTest]: no resource found for suffixes {-context.xml, Context.groovy}.
12:33:57.191 [Test worker] INFO org.springframework.test.context.support.AnnotationConfigContextLoaderUtils - Could not detect default configuration classes for test class [com.betweenourclothes.web.StoresApiControllerTest]: StoresApiControllerTest does not declare any static, non-private, non-final, nested classes annotated with @Configuration.
12:33:57.219 [Test worker] DEBUG org.springframework.test.context.support.ActiveProfilesUtils - Could not find an 'annotation declaring class' for annotation type [org.springframework.test.context.ActiveProfiles] and class [com.betweenourclothes.web.StoresApiControllerTest]
12:33:57.302 [Test worker] DEBUG org.springframework.context.annotation.ClassPathScanningCandidateComponentProvider - Identified candidate component class: file [C:\Users\user1\Desktop\송아\캡스톤\repo\between-our-clothes-server\build\classes\java\main\com\betweenourclothes\Application.class]
12:33:57.303 [Test worker] INFO org.springframework.boot.test.context.SpringBootTestContextBootstrapper - Found @SpringBootConfiguration com.betweenourclothes.Application for test class com.betweenourclothes.web.StoresApiControllerTest
12:33:57.370 [Test worker] DEBUG org.springframework.boot.test.context.SpringBootTestContextBootstrapper - @TestExecutionListeners is not present for class [com.betweenourclothes.web.StoresApiControllerTest]: using defaults.
12:33:57.370 [Test worker] INFO org.springframework.boot.test.context.SpringBootTestContextBootstrapper - Loaded default TestExecutionListener class names from location [META-INF/spring.factories]: [org.springframework.security.test.context.support.WithSecurityContextTestExecutionListener, org.springframework.security.test.context.support.ReactorContextTestExecutionListener, org.springframework.boot.test.autoconfigure.restdocs.RestDocsTestExecutionListener, org.springframework.boot.test.autoconfigure.web.client.MockRestServiceServerResetTestExecutionListener, org.springframework.boot.test.autoconfigure.web.servlet.MockMvcPrintOnlyOnFailureTestExecutionListener, org.springframework.boot.test.autoconfigure.web.servlet.WebDriverTestExecutionListener, org.springframework.boot.test.mock.mockito.MockitoTestExecutionListener, org.springframework.boot.test.mock.mockito.ResetMocksTestExecutionListener, org.springframework.test.context.web.ServletTestExecutionListener, org.springframework.test.context.support.DirtiesContextBeforeModesTestExecutionListener, org.springframework.test.context.support.DependencyInjectionTestExecutionListener, org.springframework.test.context.support.DirtiesContextTestExecutionListener, org.springframework.test.context.transaction.TransactionalTestExecutionListener, org.springframework.test.context.jdbc.SqlScriptsTestExecutionListener]
12:33:57.383 [Test worker] INFO org.springframework.boot.test.context.SpringBootTestContextBootstrapper - Using TestExecutionListeners: [org.springframework.test.context.web.ServletTestExecutionListener@58d4f67c, org.springframework.test.context.support.DirtiesContextBeforeModesTestExecutionListener@68cfa818, org.springframework.boot.test.mock.mockito.MockitoTestExecutionListener@74db6218, org.springframework.boot.test.autoconfigure.SpringBootDependencyInjectionTestExecutionListener@620fd059, org.springframework.test.context.support.DirtiesContextTestExecutionListener@1d17bd72, org.springframework.test.context.transaction.TransactionalTestExecutionListener@80d49a0, org.springframework.test.context.jdbc.SqlScriptsTestExecutionListener@2769211b, org.springframework.security.test.context.support.WithSecurityContextTestExecutionListener@3b78a0b7, org.springframework.security.test.context.support.ReactorContextTestExecutionListener@1ba47687, org.springframework.boot.test.autoconfigure.restdocs.RestDocsTestExecutionListener@79867c1a, org.springframework.boot.test.autoconfigure.web.client.MockRestServiceServerResetTestExecutionListener@1709ebc8, org.springframework.boot.test.autoconfigure.web.servlet.MockMvcPrintOnlyOnFailureTestExecutionListener@698a9c86, org.springframework.boot.test.autoconfigure.web.servlet.WebDriverTestExecutionListener@51a2cf7e, org.springframework.boot.test.mock.mockito.ResetMocksTestExecutionListener@1b8e0ffc]
12:33:57.385 [Test worker] DEBUG org.springframework.test.annotation.ProfileValueUtils - Retrieved @ProfileValueSourceConfiguration [null] for test class [com.betweenourclothes.web.StoresApiControllerTest]
12:33:57.385 [Test worker] DEBUG org.springframework.test.annotation.ProfileValueUtils - Retrieved ProfileValueSource type [class org.springframework.test.annotation.SystemProfileValueSource] for class [com.betweenourclothes.web.StoresApiControllerTest]
12:33:57.386 [Test worker] DEBUG org.springframework.test.annotation.ProfileValueUtils - Retrieved @ProfileValueSourceConfiguration [null] for test class [com.betweenourclothes.web.StoresApiControllerTest]
12:33:57.386 [Test worker] DEBUG org.springframework.test.annotation.ProfileValueUtils - Retrieved ProfileValueSource type [class org.springframework.test.annotation.SystemProfileValueSource] for class [com.betweenourclothes.web.StoresApiControllerTest]
12:33:57.389 [Test worker] DEBUG org.springframework.test.context.support.AbstractDirtiesContextTestExecutionListener - Before test class: context [DefaultTestContext@769bb734 testClass = StoresApiControllerTest, testInstance = [null], testMethod = [null], testException = [null], mergedContextConfiguration = [WebMergedContextConfiguration@31e55416 testClass = StoresApiControllerTest, locations = '{}', classes = '{class com.betweenourclothes.Application}', contextInitializerClasses = '[]', activeProfiles = '{}', propertySourceLocations = '{}', propertySourceProperties = '{org.springframework.boot.test.context.SpringBootTestContextBootstrapper=true, server.port=0}', contextCustomizers = set[org.springframework.boot.test.autoconfigure.properties.PropertyMappingContextCustomizer@0, org.springframework.boot.test.autoconfigure.web.servlet.WebDriverContextCustomizerFactory$Customizer@4abd1755, org.springframework.boot.test.context.filter.ExcludeFilterContextCustomizer@a425b2a, org.springframework.boot.test.json.DuplicateJsonObjectContextCustomizerFactory$DuplicateJsonObjectContextCustomizer@6774c2fa, org.springframework.boot.test.mock.mockito.MockitoContextCustomizer@0, org.springframework.boot.test.web.client.TestRestTemplateContextCustomizer@10bcaa73], resourceBasePath = 'src/main/webapp', contextLoader = 'org.springframework.boot.test.context.SpringBootContextLoader', parent = [null]], attributes = map['org.springframework.test.context.web.ServletTestExecutionListener.activateListener' -> false]], class annotated with @DirtiesContext [false] with mode [null].
12:33:57.390 [Test worker] DEBUG org.springframework.test.annotation.ProfileValueUtils - Retrieved @ProfileValueSourceConfiguration [null] for test class [com.betweenourclothes.web.StoresApiControllerTest]
12:33:57.390 [Test worker] DEBUG org.springframework.test.annotation.ProfileValueUtils - Retrieved ProfileValueSource type [class org.springframework.test.annotation.SystemProfileValueSource] for class [com.betweenourclothes.web.StoresApiControllerTest]
12:33:57.393 [Test worker] DEBUG org.springframework.test.context.support.DependencyInjectionTestExecutionListener - Performing dependency injection for test context [[DefaultTestContext@769bb734 testClass = StoresApiControllerTest, testInstance = com.betweenourclothes.web.StoresApiControllerTest@40ba436b, testMethod = [null], testException = [null], mergedContextConfiguration = [WebMergedContextConfiguration@31e55416 testClass = StoresApiControllerTest, locations = '{}', classes = '{class com.betweenourclothes.Application}', contextInitializerClasses = '[]', activeProfiles = '{}', propertySourceLocations = '{}', propertySourceProperties = '{org.springframework.boot.test.context.SpringBootTestContextBootstrapper=true, server.port=0}', contextCustomizers = set[org.springframework.boot.test.autoconfigure.properties.PropertyMappingContextCustomizer@0, org.springframework.boot.test.autoconfigure.web.servlet.WebDriverContextCustomizerFactory$Customizer@4abd1755, org.springframework.boot.test.context.filter.ExcludeFilterContextCustomizer@a425b2a, org.springframework.boot.test.json.DuplicateJsonObjectContextCustomizerFactory$DuplicateJsonObjectContextCustomizer@6774c2fa, org.springframework.boot.test.mock.mockito.MockitoContextCustomizer@0, org.springframework.boot.test.web.client.TestRestTemplateContextCustomizer@10bcaa73], resourceBasePath = 'src/main/webapp', contextLoader = 'org.springframework.boot.test.context.SpringBootContextLoader', parent = [null]], attributes = map['org.springframework.test.context.web.ServletTestExecutionListener.activateListener' -> false]]].
12:33:57.408 [Test worker] DEBUG org.springframework.test.context.support.TestPropertySourceUtils - Adding inlined properties to environment: {spring.jmx.enabled=false, org.springframework.boot.test.context.SpringBootTestContextBootstrapper=true, server.port=0}

  .   ____          _            __ _ _
 /\\ / ___'_ __ _ _(_)_ __  __ _ \ \ \ \
( ( )\___ | '_ | '_| | '_ \/ _` | \ \ \ \
 \\/  ___)| |_)| | | | | || (_| |  ) ) ) )
  '  |____| .__|_| |_|_| |_\__, | / / / /
 =========|_|==============|___/=/_/_/_/
 :: Spring Boot ::        (v2.1.7.RELEASE)

2022-11-10 12:33:57.575  INFO 9968 --- [    Test worker] c.b.web.StoresApiControllerTest          : Starting StoresApiControllerTest on user with PID 9968 (started by user1 in C:\Users\user1\Desktop\송아\캡스톤\repo\between-our-clothes-server)
2022-11-10 12:33:57.576  INFO 9968 --- [    Test worker] c.b.web.StoresApiControllerTest          : No active profile set, falling back to default profiles: default
2022-11-10 12:33:58.307  INFO 9968 --- [    Test worker] .s.d.r.c.RepositoryConfigurationDelegate : Bootstrapping Spring Data repositories in DEFAULT mode.
2022-11-10 12:33:58.422  INFO 9968 --- [    Test worker] .s.d.r.c.RepositoryConfigurationDelegate : Finished Spring Data repository scanning in 110ms. Found 15 repository interfaces.
2022-11-10 12:33:58.817  INFO 9968 --- [    Test worker] trationDelegate$BeanPostProcessorChecker : Bean 'org.springframework.transaction.annotation.ProxyTransactionManagementConfiguration' of type [org.springframework.transaction.annotation.ProxyTransactionManagementConfiguration$$EnhancerBySpringCGLIB$$efd99a13] is not eligible for getting processed by all BeanPostProcessors (for example: not eligible for auto-proxying)
2022-11-10 12:33:59.114  INFO 9968 --- [    Test worker] o.s.b.w.embedded.tomcat.TomcatWebServer  : Tomcat initialized with port(s): 0 (http)
2022-11-10 12:33:59.135  INFO 9968 --- [    Test worker] o.apache.catalina.core.StandardService   : Starting service [Tomcat]
2022-11-10 12:33:59.136  INFO 9968 --- [    Test worker] org.apache.catalina.core.StandardEngine  : Starting Servlet engine: [Apache Tomcat/9.0.22]
2022-11-10 12:33:59.249  INFO 9968 --- [    Test worker] o.a.c.c.C.[Tomcat].[localhost].[/]       : Initializing Spring embedded WebApplicationContext
2022-11-10 12:33:59.249  INFO 9968 --- [    Test worker] o.s.web.context.ContextLoader            : Root WebApplicationContext: initialization completed in 1658 ms
2022-11-10 12:33:59.466  INFO 9968 --- [    Test worker] com.zaxxer.hikari.HikariDataSource       : HikariPool-1 - Starting...
2022-11-10 12:33:59.810  INFO 9968 --- [    Test worker] com.zaxxer.hikari.HikariDataSource       : HikariPool-1 - Start completed.
2022-11-10 12:33:59.879  INFO 9968 --- [    Test worker] o.hibernate.jpa.internal.util.LogHelper  : HHH000204: Processing PersistenceUnitInfo [
	name: default
	...]
2022-11-10 12:33:59.934  INFO 9968 --- [    Test worker] org.hibernate.Version                    : HHH000412: Hibernate Core {5.3.10.Final}
2022-11-10 12:33:59.935  INFO 9968 --- [    Test worker] org.hibernate.cfg.Environment            : HHH000206: hibernate.properties not found
2022-11-10 12:34:00.083  INFO 9968 --- [    Test worker] o.hibernate.annotations.common.Version   : HCANN000001: Hibernate Commons Annotations {5.0.4.Final}
2022-11-10 12:34:00.205  INFO 9968 --- [    Test worker] org.hibernate.dialect.Dialect            : HHH000400: Using dialect: org.hibernate.dialect.MySQL5InnoDBDialect
2022-11-10 12:34:01.210  INFO 9968 --- [    Test worker] j.LocalContainerEntityManagerFactoryBean : Initialized JPA EntityManagerFactory for persistence unit 'default'
2022-11-10 12:34:01.782  INFO 9968 --- [    Test worker] o.h.h.i.QueryTranslatorFactoryInitiator  : HHH000397: Using ASTQueryTranslatorFactory
2022-11-10 12:34:02.206  WARN 9968 --- [    Test worker] aWebConfiguration$JpaWebMvcConfiguration : spring.jpa.open-in-view is enabled by default. Therefore, database queries may be performed during view rendering. Explicitly configure spring.jpa.open-in-view to disable this warning
2022-11-10 12:34:02.491  INFO 9968 --- [    Test worker] o.s.s.web.DefaultSecurityFilterChain     : Creating filter chain: org.springframework.boot.autoconfigure.security.servlet.StaticResourceRequest$StaticResourceRequestMatcher@3e8dd1f6, []
2022-11-10 12:34:02.552  INFO 9968 --- [    Test worker] o.s.s.web.DefaultSecurityFilterChain     : Creating filter chain: any request, [org.springframework.security.web.context.request.async.WebAsyncManagerIntegrationFilter@670f81ee, org.springframework.security.web.context.SecurityContextPersistenceFilter@c0a6479, org.springframework.security.web.header.HeaderWriterFilter@4a7d3079, org.springframework.security.web.authentication.logout.LogoutFilter@73d6b8ac, com.betweenourclothes.jwt.JwtAuthenticationFilter@63eeb04d, org.springframework.security.web.savedrequest.RequestCacheAwareFilter@4ce015df, org.springframework.security.web.servletapi.SecurityContextHolderAwareRequestFilter@1aaa6a55, org.springframework.security.web.authentication.AnonymousAuthenticationFilter@278f7907, org.springframework.security.web.session.SessionManagementFilter@4184ed38, org.springframework.security.web.access.ExceptionTranslationFilter@59e08e5c, org.springframework.security.web.access.intercept.FilterSecurityInterceptor@3bc35272]
2022-11-10 12:34:02.586  INFO 9968 --- [    Test worker] pertySourcedRequestMappingHandlerMapping : Mapped URL path [/v2/api-docs] onto method [public org.springframework.http.ResponseEntity<springfox.documentation.spring.web.json.Json> springfox.documentation.swagger2.web.Swagger2Controller.getDocumentation(java.lang.String,javax.servlet.http.HttpServletRequest)]
2022-11-10 12:34:02.813  INFO 9968 --- [    Test worker] o.s.s.concurrent.ThreadPoolTaskExecutor  : Initializing ExecutorService 'applicationTaskExecutor'
2022-11-10 12:34:03.092  INFO 9968 --- [    Test worker] d.s.w.p.DocumentationPluginsBootstrapper : Context refreshed
2022-11-10 12:34:03.112  INFO 9968 --- [    Test worker] d.s.w.p.DocumentationPluginsBootstrapper : Found 1 custom documentation plugin(s)
2022-11-10 12:34:03.142  INFO 9968 --- [    Test worker] s.d.s.w.s.ApiListingReferenceScanner     : Scanning for api listing references
2022-11-10 12:34:03.327  INFO 9968 --- [    Test worker] .d.s.w.r.o.CachingOperationNameGenerator : Generating unique operation named: deleteUsingDELETE_1
2022-11-10 12:34:03.344  INFO 9968 --- [    Test worker] .d.s.w.r.o.CachingOperationNameGenerator : Generating unique operation named: findPostByIdUsingGET_1
2022-11-10 12:34:03.349  INFO 9968 --- [    Test worker] .d.s.w.r.o.CachingOperationNameGenerator : Generating unique operation named: findPostsByAllCategoryUsingGET_1
2022-11-10 12:34:03.366  INFO 9968 --- [    Test worker] .d.s.w.r.o.CachingOperationNameGenerator : Generating unique operation named: postUsingPOST_1
2022-11-10 12:34:03.370  INFO 9968 --- [    Test worker] .d.s.w.r.o.CachingOperationNameGenerator : Generating unique operation named: updateUsingPATCH_1
2022-11-10 12:34:03.398  INFO 9968 --- [    Test worker] o.s.b.w.embedded.tomcat.TomcatWebServer  : Tomcat started on port(s): 64365 (http) with context path ''
2022-11-10 12:34:03.400  INFO 9968 --- [    Test worker] c.b.web.StoresApiControllerTest          : Started StoresApiControllerTest in 5.991 seconds (JVM running for 6.707)
2022-11-10 12:34:03.539  INFO 9968 --- [o-auto-1-exec-1] o.a.c.c.C.[Tomcat].[localhost].[/]       : Initializing Spring DispatcherServlet 'dispatcherServlet'
2022-11-10 12:34:03.539  INFO 9968 --- [o-auto-1-exec-1] o.s.web.servlet.DispatcherServlet        : Initializing Servlet 'dispatcherServlet'
2022-11-10 12:34:03.557  INFO 9968 --- [o-auto-1-exec-1] o.s.web.servlet.DispatcherServlet        : Completed initialization in 18 ms
Hibernate: 
    select
        members0_.id as id1_6_,
        members0_.email as email2_6_,
        members0_.image as image3_6_,
        members0_.name as name4_6_,
        members0_.nickname as nickname5_6_,
        members0_.password as password6_6_,
        members0_.phone as phone7_6_,
        members0_.refresh_token as refresh_8_6_,
        members0_.role as role9_6_ 
    from
        members members0_ 
    where
        members0_.email=?
Hibernate: 
    select
        members0_.id as id1_6_,
        members0_.email as email2_6_,
        members0_.image as image3_6_,
        members0_.name as name4_6_,
        members0_.nickname as nickname5_6_,
        members0_.password as password6_6_,
        members0_.phone as phone7_6_,
        members0_.refresh_token as refresh_8_6_,
        members0_.role as role9_6_ 
    from
        members members0_ 
    where
        members0_.email=?
Hibernate: 
    update
        members 
    set
        email=?,
        image=?,
        name=?,
        nickname=?,
        password=?,
        phone=?,
        refresh_token=?,
        role=? 
    where
        id=?
2022-11-10 12:34:03.904  INFO 9968 --- [    Test worker] o.a.c.c.C.[Tomcat].[localhost].[/]       : Initializing Spring TestDispatcherServlet ''
2022-11-10 12:34:03.904  INFO 9968 --- [    Test worker] o.s.t.web.servlet.TestDispatcherServlet  : Initializing Servlet ''
2022-11-10 12:34:03.906  INFO 9968 --- [    Test worker] o.s.t.web.servlet.TestDispatcherServlet  : Completed initialization in 2 ms
gunsong2@naver.com
Hibernate: 
    select
        members0_.id as id1_6_,
        members0_.email as email2_6_,
        members0_.image as image3_6_,
        members0_.name as name4_6_,
        members0_.nickname as nickname5_6_,
        members0_.password as password6_6_,
        members0_.phone as phone7_6_,
        members0_.refresh_token as refresh_8_6_,
        members0_.role as role9_6_ 
    from
        members members0_ 
    where
        members0_.email=?
Hibernate: 
    select
        style0_.id as id1_14_,
        style0_.name as name2_14_ 
    from
        style style0_ 
    where
        style0_.name=?
Hibernate: 
    select
        materials0_.id as id1_5_,
        materials0_.name as name2_5_ 
    from
        materials materials0_ 
    where
        materials0_.name=?
Hibernate: 
    select
        colors0_.id as id1_4_,
        colors0_.name as name2_4_ 
    from
        colors colors0_ 
    where
        colors0_.name=?
Hibernate: 
    select
        clothesinf0_.id as id1_2_,
        clothesinf0_.categoryl as category2_2_,
        clothesinf0_.categorys as category3_2_,
        clothesinf0_.fit as fit4_2_,
        clothesinf0_.length as length5_2_ 
    from
        clothes_info clothesinf0_ 
    where
        clothesinf0_.categoryl=? 
        and clothesinf0_.categorys=? 
        and clothesinf0_.length=? 
        and clothesinf0_.fit=?
Hibernate: 
    select
        salesinfoc0_.id as id1_9_,
        salesinfoc0_.clothes_brand as clothes_2_9_,
        salesinfoc0_.clothes_color as clothes_3_9_,
        salesinfoc0_.clothes_gender as clothes_4_9_,
        salesinfoc0_.clothes_size as clothes_5_9_ 
    from
        sales_info_clothes salesinfoc0_ 
    where
        salesinfoc0_.clothes_brand=? 
        and salesinfoc0_.clothes_gender=? 
        and salesinfoc0_.clothes_size=? 
        and salesinfoc0_.clothes_color=?
Hibernate: 
    select
        salesinfos0_.id as id1_10_,
        salesinfos0_.status_score as status_s2_10_,
        salesinfos0_.status_tag as status_t3_10_,
        salesinfos0_.status_times as status_t4_10_,
        salesinfos0_.status_when2buy as status_w5_10_,
        salesinfos0_.transport as transpor6_10_ 
    from
        sales_info_status salesinfos0_ 
    where
        salesinfos0_.status_tag=? 
        and salesinfos0_.status_score=? 
        and salesinfos0_.status_times=? 
        and salesinfos0_.status_when2buy=? 
        and salesinfos0_.transport=?
Hibernate: 
    select
        salesinfou0_.id as id1_11_,
        salesinfou0_.user_height as user_hei2_11_,
        salesinfou0_.user_size as user_siz3_11_,
        salesinfou0_.user_weight as user_wei4_11_ 
    from
        sales_info_user salesinfou0_ 
    where
        salesinfou0_.user_size=? 
        and salesinfou0_.user_weight=? 
        and salesinfou0_.user_height=?
Hibernate: 
    insert 
    into
        clothes_image
        (closets_post_id, path, stores_post_id, type) 
    values
        (?, ?, ?, ?)
Hibernate: 
    insert 
    into
        clothes_image
        (closets_post_id, path, stores_post_id, type) 
    values
        (?, ?, ?, ?)
Hibernate: 
    insert 
    into
        stores
        (created_date, modified_date, author_id, clothes_info_id, colors_name, materials_name, style_name, clothes_length, content, price, sales_info_clothes_id, sales_info_status_id, sales_info_user_id, status, title) 
    values
        (?, ?, ?, ?, ?, ?, ?, ?, ?, ?, ?, ?, ?, ?, ?)
Hibernate: 
    update
        clothes_image 
    set
        closets_post_id=?,
        path=?,
        stores_post_id=?,
        type=? 
    where
        id=?
Hibernate: 
    update
        clothes_image 
    set
        closets_post_id=?,
        path=?,
        stores_post_id=?,
        type=? 
    where
        id=?
gunsong2@naver.com
Hibernate: 
    select
        members0_.id as id1_6_,
        members0_.email as email2_6_,
        members0_.image as image3_6_,
        members0_.name as name4_6_,
        members0_.nickname as nickname5_6_,
        members0_.password as password6_6_,
        members0_.phone as phone7_6_,
        members0_.refresh_token as refresh_8_6_,
        members0_.role as role9_6_ 
    from
        members members0_ 
    where
        members0_.email=?
Hibernate: 
    select
        style0_.id as id1_14_,
        style0_.name as name2_14_ 
    from
        style style0_ 
    where
        style0_.name=?
Hibernate: 
    select
        materials0_.id as id1_5_,
        materials0_.name as name2_5_ 
    from
        materials materials0_ 
    where
        materials0_.name=?
Hibernate: 
    select
        colors0_.id as id1_4_,
        colors0_.name as name2_4_ 
    from
        colors colors0_ 
    where
        colors0_.name=?
Hibernate: 
    select
        clothesinf0_.id as id1_2_,
        clothesinf0_.categoryl as category2_2_,
        clothesinf0_.categorys as category3_2_,
        clothesinf0_.fit as fit4_2_,
        clothesinf0_.length as length5_2_ 
    from
        clothes_info clothesinf0_ 
    where
        clothesinf0_.categoryl=? 
        and clothesinf0_.categorys=? 
        and clothesinf0_.length=? 
        and clothesinf0_.fit=?
Hibernate: 
    select
        salesinfoc0_.id as id1_9_,
        salesinfoc0_.clothes_brand as clothes_2_9_,
        salesinfoc0_.clothes_color as clothes_3_9_,
        salesinfoc0_.clothes_gender as clothes_4_9_,
        salesinfoc0_.clothes_size as clothes_5_9_ 
    from
        sales_info_clothes salesinfoc0_ 
    where
        salesinfoc0_.clothes_brand=? 
        and salesinfoc0_.clothes_gender=? 
        and salesinfoc0_.clothes_size=? 
        and salesinfoc0_.clothes_color=?
Hibernate: 
    select
        salesinfos0_.id as id1_10_,
        salesinfos0_.status_score as status_s2_10_,
        salesinfos0_.status_tag as status_t3_10_,
        salesinfos0_.status_times as status_t4_10_,
        salesinfos0_.status_when2buy as status_w5_10_,
        salesinfos0_.transport as transpor6_10_ 
    from
        sales_info_status salesinfos0_ 
    where
        salesinfos0_.status_tag=? 
        and salesinfos0_.status_score=? 
        and salesinfos0_.status_times=? 
        and salesinfos0_.status_when2buy=? 
        and salesinfos0_.transport=?
Hibernate: 
    select
        salesinfou0_.id as id1_11_,
        salesinfou0_.user_height as user_hei2_11_,
        salesinfou0_.user_size as user_siz3_11_,
        salesinfou0_.user_weight as user_wei4_11_ 
    from
        sales_info_user salesinfou0_ 
    where
        salesinfou0_.user_size=? 
        and salesinfou0_.user_weight=? 
        and salesinfou0_.user_height=?
Hibernate: 
    insert 
    into
        clothes_image
        (closets_post_id, path, stores_post_id, type) 
    values
        (?, ?, ?, ?)
Hibernate: 
    insert 
    into
        clothes_image
        (closets_post_id, path, stores_post_id, type) 
    values
        (?, ?, ?, ?)
Hibernate: 
    insert 
    into
        stores
        (created_date, modified_date, author_id, clothes_info_id, colors_name, materials_name, style_name, clothes_length, content, price, sales_info_clothes_id, sales_info_status_id, sales_info_user_id, status, title) 
    values
        (?, ?, ?, ?, ?, ?, ?, ?, ?, ?, ?, ?, ?, ?, ?)
Hibernate: 
    update
        clothes_image 
    set
        closets_post_id=?,
        path=?,
        stores_post_id=?,
        type=? 
    where
        id=?
Hibernate: 
    update
        clothes_image 
    set
        closets_post_id=?,
        path=?,
        stores_post_id=?,
        type=? 
    where
        id=?
gunsong2@naver.com
Hibernate: 
    select
        members0_.id as id1_6_,
        members0_.email as email2_6_,
        members0_.image as image3_6_,
        members0_.name as name4_6_,
        members0_.nickname as nickname5_6_,
        members0_.password as password6_6_,
        members0_.phone as phone7_6_,
        members0_.refresh_token as refresh_8_6_,
        members0_.role as role9_6_ 
    from
        members members0_ 
    where
        members0_.email=?
Hibernate: 
    select
        style0_.id as id1_14_,
        style0_.name as name2_14_ 
    from
        style style0_ 
    where
        style0_.name=?
Hibernate: 
    select
        materials0_.id as id1_5_,
        materials0_.name as name2_5_ 
    from
        materials materials0_ 
    where
        materials0_.name=?
Hibernate: 
    select
        colors0_.id as id1_4_,
        colors0_.name as name2_4_ 
    from
        colors colors0_ 
    where
        colors0_.name=?
Hibernate: 
    select
        clothesinf0_.id as id1_2_,
        clothesinf0_.categoryl as category2_2_,
        clothesinf0_.categorys as category3_2_,
        clothesinf0_.fit as fit4_2_,
        clothesinf0_.length as length5_2_ 
    from
        clothes_info clothesinf0_ 
    where
        clothesinf0_.categoryl=? 
        and clothesinf0_.categorys=? 
        and clothesinf0_.length=? 
        and clothesinf0_.fit=?
Hibernate: 
    select
        salesinfoc0_.id as id1_9_,
        salesinfoc0_.clothes_brand as clothes_2_9_,
        salesinfoc0_.clothes_color as clothes_3_9_,
        salesinfoc0_.clothes_gender as clothes_4_9_,
        salesinfoc0_.clothes_size as clothes_5_9_ 
    from
        sales_info_clothes salesinfoc0_ 
    where
        salesinfoc0_.clothes_brand=? 
        and salesinfoc0_.clothes_gender=? 
        and salesinfoc0_.clothes_size=? 
        and salesinfoc0_.clothes_color=?
Hibernate: 
    select
        salesinfos0_.id as id1_10_,
        salesinfos0_.status_score as status_s2_10_,
        salesinfos0_.status_tag as status_t3_10_,
        salesinfos0_.status_times as status_t4_10_,
        salesinfos0_.status_when2buy as status_w5_10_,
        salesinfos0_.transport as transpor6_10_ 
    from
        sales_info_status salesinfos0_ 
    where
        salesinfos0_.status_tag=? 
        and salesinfos0_.status_score=? 
        and salesinfos0_.status_times=? 
        and salesinfos0_.status_when2buy=? 
        and salesinfos0_.transport=?
Hibernate: 
    select
        salesinfou0_.id as id1_11_,
        salesinfou0_.user_height as user_hei2_11_,
        salesinfou0_.user_size as user_siz3_11_,
        salesinfou0_.user_weight as user_wei4_11_ 
    from
        sales_info_user salesinfou0_ 
    where
        salesinfou0_.user_size=? 
        and salesinfou0_.user_weight=? 
        and salesinfou0_.user_height=?
Hibernate: 
    insert 
    into
        clothes_image
        (closets_post_id, path, stores_post_id, type) 
    values
        (?, ?, ?, ?)
Hibernate: 
    insert 
    into
        clothes_image
        (closets_post_id, path, stores_post_id, type) 
    values
        (?, ?, ?, ?)
Hibernate: 
    insert 
    into
        stores
        (created_date, modified_date, author_id, clothes_info_id, colors_name, materials_name, style_name, clothes_length, content, price, sales_info_clothes_id, sales_info_status_id, sales_info_user_id, status, title) 
    values
        (?, ?, ?, ?, ?, ?, ?, ?, ?, ?, ?, ?, ?, ?, ?)
Hibernate: 
    update
        clothes_image 
    set
        closets_post_id=?,
        path=?,
        stores_post_id=?,
        type=? 
    where
        id=?
Hibernate: 
    update
        clothes_image 
    set
        closets_post_id=?,
        path=?,
        stores_post_id=?,
        type=? 
    where
        id=?
gunsong2@naver.com
Hibernate: 
    select
        members0_.id as id1_6_,
        members0_.email as email2_6_,
        members0_.image as image3_6_,
        members0_.name as name4_6_,
        members0_.nickname as nickname5_6_,
        members0_.password as password6_6_,
        members0_.phone as phone7_6_,
        members0_.refresh_token as refresh_8_6_,
        members0_.role as role9_6_ 
    from
        members members0_ 
    where
        members0_.email=?
Hibernate: 
    select
        style0_.id as id1_14_,
        style0_.name as name2_14_ 
    from
        style style0_ 
    where
        style0_.name=?
Hibernate: 
    select
        materials0_.id as id1_5_,
        materials0_.name as name2_5_ 
    from
        materials materials0_ 
    where
        materials0_.name=?
Hibernate: 
    select
        colors0_.id as id1_4_,
        colors0_.name as name2_4_ 
    from
        colors colors0_ 
    where
        colors0_.name=?
Hibernate: 
    select
        clothesinf0_.id as id1_2_,
        clothesinf0_.categoryl as category2_2_,
        clothesinf0_.categorys as category3_2_,
        clothesinf0_.fit as fit4_2_,
        clothesinf0_.length as length5_2_ 
    from
        clothes_info clothesinf0_ 
    where
        clothesinf0_.categoryl=? 
        and clothesinf0_.categorys=? 
        and clothesinf0_.length=? 
        and clothesinf0_.fit=?
Hibernate: 
    select
        salesinfoc0_.id as id1_9_,
        salesinfoc0_.clothes_brand as clothes_2_9_,
        salesinfoc0_.clothes_color as clothes_3_9_,
        salesinfoc0_.clothes_gender as clothes_4_9_,
        salesinfoc0_.clothes_size as clothes_5_9_ 
    from
        sales_info_clothes salesinfoc0_ 
    where
        salesinfoc0_.clothes_brand=? 
        and salesinfoc0_.clothes_gender=? 
        and salesinfoc0_.clothes_size=? 
        and salesinfoc0_.clothes_color=?
Hibernate: 
    select
        salesinfos0_.id as id1_10_,
        salesinfos0_.status_score as status_s2_10_,
        salesinfos0_.status_tag as status_t3_10_,
        salesinfos0_.status_times as status_t4_10_,
        salesinfos0_.status_when2buy as status_w5_10_,
        salesinfos0_.transport as transpor6_10_ 
    from
        sales_info_status salesinfos0_ 
    where
        salesinfos0_.status_tag=? 
        and salesinfos0_.status_score=? 
        and salesinfos0_.status_times=? 
        and salesinfos0_.status_when2buy=? 
        and salesinfos0_.transport=?
Hibernate: 
    select
        salesinfou0_.id as id1_11_,
        salesinfou0_.user_height as user_hei2_11_,
        salesinfou0_.user_size as user_siz3_11_,
        salesinfou0_.user_weight as user_wei4_11_ 
    from
        sales_info_user salesinfou0_ 
    where
        salesinfou0_.user_size=? 
        and salesinfou0_.user_weight=? 
        and salesinfou0_.user_height=?
Hibernate: 
    insert 
    into
        clothes_image
        (closets_post_id, path, stores_post_id, type) 
    values
        (?, ?, ?, ?)
Hibernate: 
    insert 
    into
        clothes_image
        (closets_post_id, path, stores_post_id, type) 
    values
        (?, ?, ?, ?)
Hibernate: 
    insert 
    into
        stores
        (created_date, modified_date, author_id, clothes_info_id, colors_name, materials_name, style_name, clothes_length, content, price, sales_info_clothes_id, sales_info_status_id, sales_info_user_id, status, title) 
    values
        (?, ?, ?, ?, ?, ?, ?, ?, ?, ?, ?, ?, ?, ?, ?)
Hibernate: 
    update
        clothes_image 
    set
        closets_post_id=?,
        path=?,
        stores_post_id=?,
        type=? 
    where
        id=?
Hibernate: 
    update
        clothes_image 
    set
        closets_post_id=?,
        path=?,
        stores_post_id=?,
        type=? 
    where
        id=?
gunsong2@naver.com
Hibernate: 
    select
        members0_.id as id1_6_,
        members0_.email as email2_6_,
        members0_.image as image3_6_,
        members0_.name as name4_6_,
        members0_.nickname as nickname5_6_,
        members0_.password as password6_6_,
        members0_.phone as phone7_6_,
        members0_.refresh_token as refresh_8_6_,
        members0_.role as role9_6_ 
    from
        members members0_ 
    where
        members0_.email=?
Hibernate: 
    select
        style0_.id as id1_14_,
        style0_.name as name2_14_ 
    from
        style style0_ 
    where
        style0_.name=?
Hibernate: 
    select
        materials0_.id as id1_5_,
        materials0_.name as name2_5_ 
    from
        materials materials0_ 
    where
        materials0_.name=?
Hibernate: 
    select
        colors0_.id as id1_4_,
        colors0_.name as name2_4_ 
    from
        colors colors0_ 
    where
        colors0_.name=?
Hibernate: 
    select
        clothesinf0_.id as id1_2_,
        clothesinf0_.categoryl as category2_2_,
        clothesinf0_.categorys as category3_2_,
        clothesinf0_.fit as fit4_2_,
        clothesinf0_.length as length5_2_ 
    from
        clothes_info clothesinf0_ 
    where
        clothesinf0_.categoryl=? 
        and clothesinf0_.categorys=? 
        and clothesinf0_.length=? 
        and clothesinf0_.fit=?
Hibernate: 
    select
        salesinfoc0_.id as id1_9_,
        salesinfoc0_.clothes_brand as clothes_2_9_,
        salesinfoc0_.clothes_color as clothes_3_9_,
        salesinfoc0_.clothes_gender as clothes_4_9_,
        salesinfoc0_.clothes_size as clothes_5_9_ 
    from
        sales_info_clothes salesinfoc0_ 
    where
        salesinfoc0_.clothes_brand=? 
        and salesinfoc0_.clothes_gender=? 
        and salesinfoc0_.clothes_size=? 
        and salesinfoc0_.clothes_color=?
Hibernate: 
    select
        salesinfos0_.id as id1_10_,
        salesinfos0_.status_score as status_s2_10_,
        salesinfos0_.status_tag as status_t3_10_,
        salesinfos0_.status_times as status_t4_10_,
        salesinfos0_.status_when2buy as status_w5_10_,
        salesinfos0_.transport as transpor6_10_ 
    from
        sales_info_status salesinfos0_ 
    where
        salesinfos0_.status_tag=? 
        and salesinfos0_.status_score=? 
        and salesinfos0_.status_times=? 
        and salesinfos0_.status_when2buy=? 
        and salesinfos0_.transport=?
Hibernate: 
    select
        salesinfou0_.id as id1_11_,
        salesinfou0_.user_height as user_hei2_11_,
        salesinfou0_.user_size as user_siz3_11_,
        salesinfou0_.user_weight as user_wei4_11_ 
    from
        sales_info_user salesinfou0_ 
    where
        salesinfou0_.user_size=? 
        and salesinfou0_.user_weight=? 
        and salesinfou0_.user_height=?
Hibernate: 
    insert 
    into
        clothes_image
        (closets_post_id, path, stores_post_id, type) 
    values
        (?, ?, ?, ?)
Hibernate: 
    insert 
    into
        clothes_image
        (closets_post_id, path, stores_post_id, type) 
    values
        (?, ?, ?, ?)
Hibernate: 
    insert 
    into
        stores
        (created_date, modified_date, author_id, clothes_info_id, colors_name, materials_name, style_name, clothes_length, content, price, sales_info_clothes_id, sales_info_status_id, sales_info_user_id, status, title) 
    values
        (?, ?, ?, ?, ?, ?, ?, ?, ?, ?, ?, ?, ?, ?, ?)
Hibernate: 
    update
        clothes_image 
    set
        closets_post_id=?,
        path=?,
        stores_post_id=?,
        type=? 
    where
        id=?
Hibernate: 
    update
        clothes_image 
    set
        closets_post_id=?,
        path=?,
        stores_post_id=?,
        type=? 
    where
        id=?
Hibernate: 
    select
        stores0_.id as id1_12_,
        stores0_.created_date as created_2_12_,
        stores0_.modified_date as modified3_12_,
        stores0_.author_id as author_i9_12_,
        stores0_.clothes_info_id as clothes10_12_,
        stores0_.colors_name as colors_11_12_,
        stores0_.materials_name as materia12_12_,
        stores0_.style_name as style_n13_12_,
        stores0_.clothes_length as clothes_4_12_,
        stores0_.content as content5_12_,
        stores0_.price as price6_12_,
        stores0_.sales_info_clothes_id as sales_i14_12_,
        stores0_.sales_info_status_id as sales_i15_12_,
        stores0_.sales_info_user_id as sales_i16_12_,
        stores0_.status as status7_12_,
        stores0_.title as title8_12_ 
    from
        stores stores0_
Hibernate: 
    select
        members0_.id as id1_6_0_,
        members0_.email as email2_6_0_,
        members0_.image as image3_6_0_,
        members0_.name as name4_6_0_,
        members0_.nickname as nickname5_6_0_,
        members0_.password as password6_6_0_,
        members0_.phone as phone7_6_0_,
        members0_.refresh_token as refresh_8_6_0_,
        members0_.role as role9_6_0_ 
    from
        members members0_ 
    where
        members0_.id=?
Hibernate: 
    select
        clothesinf0_.id as id1_2_0_,
        clothesinf0_.categoryl as category2_2_0_,
        clothesinf0_.categorys as category3_2_0_,
        clothesinf0_.fit as fit4_2_0_,
        clothesinf0_.length as length5_2_0_ 
    from
        clothes_info clothesinf0_ 
    where
        clothesinf0_.id=?
Hibernate: 
    select
        colors0_.id as id1_4_0_,
        colors0_.name as name2_4_0_ 
    from
        colors colors0_ 
    where
        colors0_.name=?
Hibernate: 
    select
        materials0_.id as id1_5_0_,
        materials0_.name as name2_5_0_ 
    from
        materials materials0_ 
    where
        materials0_.name=?
Hibernate: 
    select
        style0_.id as id1_14_0_,
        style0_.name as name2_14_0_ 
    from
        style style0_ 
    where
        style0_.name=?
Hibernate: 
    select
        salesinfoc0_.id as id1_9_0_,
        salesinfoc0_.clothes_brand as clothes_2_9_0_,
        salesinfoc0_.clothes_color as clothes_3_9_0_,
        salesinfoc0_.clothes_gender as clothes_4_9_0_,
        salesinfoc0_.clothes_size as clothes_5_9_0_ 
    from
        sales_info_clothes salesinfoc0_ 
    where
        salesinfoc0_.id=?
Hibernate: 
    select
        salesinfos0_.id as id1_10_0_,
        salesinfos0_.status_score as status_s2_10_0_,
        salesinfos0_.status_tag as status_t3_10_0_,
        salesinfos0_.status_times as status_t4_10_0_,
        salesinfos0_.status_when2buy as status_w5_10_0_,
        salesinfos0_.transport as transpor6_10_0_ 
    from
        sales_info_status salesinfos0_ 
    where
        salesinfos0_.id=?
Hibernate: 
    select
        salesinfou0_.id as id1_11_0_,
        salesinfou0_.user_height as user_hei2_11_0_,
        salesinfou0_.user_size as user_siz3_11_0_,
        salesinfou0_.user_weight as user_wei4_11_0_ 
    from
        sales_info_user salesinfou0_ 
    where
        salesinfou0_.id=?
Hibernate: 
    select
        clothesinf0_.id as id1_2_0_,
        clothesinf0_.categoryl as category2_2_0_,
        clothesinf0_.categorys as category3_2_0_,
        clothesinf0_.fit as fit4_2_0_,
        clothesinf0_.length as length5_2_0_ 
    from
        clothes_info clothesinf0_ 
    where
        clothesinf0_.id=?
Hibernate: 
    select
        colors0_.id as id1_4_0_,
        colors0_.name as name2_4_0_ 
    from
        colors colors0_ 
    where
        colors0_.name=?
Hibernate: 
    select
        materials0_.id as id1_5_0_,
        materials0_.name as name2_5_0_ 
    from
        materials materials0_ 
    where
        materials0_.name=?
Hibernate: 
    select
        style0_.id as id1_14_0_,
        style0_.name as name2_14_0_ 
    from
        style style0_ 
    where
        style0_.name=?
Hibernate: 
    select
        salesinfoc0_.id as id1_9_0_,
        salesinfoc0_.clothes_brand as clothes_2_9_0_,
        salesinfoc0_.clothes_color as clothes_3_9_0_,
        salesinfoc0_.clothes_gender as clothes_4_9_0_,
        salesinfoc0_.clothes_size as clothes_5_9_0_ 
    from
        sales_info_clothes salesinfoc0_ 
    where
        salesinfoc0_.id=?
Hibernate: 
    select
        salesinfos0_.id as id1_10_0_,
        salesinfos0_.status_score as status_s2_10_0_,
        salesinfos0_.status_tag as status_t3_10_0_,
        salesinfos0_.status_times as status_t4_10_0_,
        salesinfos0_.status_when2buy as status_w5_10_0_,
        salesinfos0_.transport as transpor6_10_0_ 
    from
        sales_info_status salesinfos0_ 
    where
        salesinfos0_.id=?
Hibernate: 
    select
        salesinfou0_.id as id1_11_0_,
        salesinfou0_.user_height as user_hei2_11_0_,
        salesinfou0_.user_size as user_siz3_11_0_,
        salesinfou0_.user_weight as user_wei4_11_0_ 
    from
        sales_info_user salesinfou0_ 
    where
        salesinfou0_.id=?
Hibernate: 
    select
        clothesinf0_.id as id1_2_0_,
        clothesinf0_.categoryl as category2_2_0_,
        clothesinf0_.categorys as category3_2_0_,
        clothesinf0_.fit as fit4_2_0_,
        clothesinf0_.length as length5_2_0_ 
    from
        clothes_info clothesinf0_ 
    where
        clothesinf0_.id=?
Hibernate: 
    select
        colors0_.id as id1_4_0_,
        colors0_.name as name2_4_0_ 
    from
        colors colors0_ 
    where
        colors0_.name=?
Hibernate: 
    select
        materials0_.id as id1_5_0_,
        materials0_.name as name2_5_0_ 
    from
        materials materials0_ 
    where
        materials0_.name=?
Hibernate: 
    select
        style0_.id as id1_14_0_,
        style0_.name as name2_14_0_ 
    from
        style style0_ 
    where
        style0_.name=?
Hibernate: 
    select
        salesinfoc0_.id as id1_9_0_,
        salesinfoc0_.clothes_brand as clothes_2_9_0_,
        salesinfoc0_.clothes_color as clothes_3_9_0_,
        salesinfoc0_.clothes_gender as clothes_4_9_0_,
        salesinfoc0_.clothes_size as clothes_5_9_0_ 
    from
        sales_info_clothes salesinfoc0_ 
    where
        salesinfoc0_.id=?
Hibernate: 
    select
        salesinfos0_.id as id1_10_0_,
        salesinfos0_.status_score as status_s2_10_0_,
        salesinfos0_.status_tag as status_t3_10_0_,
        salesinfos0_.status_times as status_t4_10_0_,
        salesinfos0_.status_when2buy as status_w5_10_0_,
        salesinfos0_.transport as transpor6_10_0_ 
    from
        sales_info_status salesinfos0_ 
    where
        salesinfos0_.id=?
Hibernate: 
    select
        salesinfou0_.id as id1_11_0_,
        salesinfou0_.user_height as user_hei2_11_0_,
        salesinfou0_.user_size as user_siz3_11_0_,
        salesinfou0_.user_weight as user_wei4_11_0_ 
    from
        sales_info_user salesinfou0_ 
    where
        salesinfou0_.id=?
Hibernate: 
    select
        clothesinf0_.id as id1_2_0_,
        clothesinf0_.categoryl as category2_2_0_,
        clothesinf0_.categorys as category3_2_0_,
        clothesinf0_.fit as fit4_2_0_,
        clothesinf0_.length as length5_2_0_ 
    from
        clothes_info clothesinf0_ 
    where
        clothesinf0_.id=?
Hibernate: 
    select
        colors0_.id as id1_4_0_,
        colors0_.name as name2_4_0_ 
    from
        colors colors0_ 
    where
        colors0_.name=?
Hibernate: 
    select
        materials0_.id as id1_5_0_,
        materials0_.name as name2_5_0_ 
    from
        materials materials0_ 
    where
        materials0_.name=?
Hibernate: 
    select
        style0_.id as id1_14_0_,
        style0_.name as name2_14_0_ 
    from
        style style0_ 
    where
        style0_.name=?
Hibernate: 
    select
        salesinfoc0_.id as id1_9_0_,
        salesinfoc0_.clothes_brand as clothes_2_9_0_,
        salesinfoc0_.clothes_color as clothes_3_9_0_,
        salesinfoc0_.clothes_gender as clothes_4_9_0_,
        salesinfoc0_.clothes_size as clothes_5_9_0_ 
    from
        sales_info_clothes salesinfoc0_ 
    where
        salesinfoc0_.id=?
Hibernate: 
    select
        salesinfos0_.id as id1_10_0_,
        salesinfos0_.status_score as status_s2_10_0_,
        salesinfos0_.status_tag as status_t3_10_0_,
        salesinfos0_.status_times as status_t4_10_0_,
        salesinfos0_.status_when2buy as status_w5_10_0_,
        salesinfos0_.transport as transpor6_10_0_ 
    from
        sales_info_status salesinfos0_ 
    where
        salesinfos0_.id=?
Hibernate: 
    select
        salesinfou0_.id as id1_11_0_,
        salesinfou0_.user_height as user_hei2_11_0_,
        salesinfou0_.user_size as user_siz3_11_0_,
        salesinfou0_.user_weight as user_wei4_11_0_ 
    from
        sales_info_user salesinfou0_ 
    where
        salesinfou0_.id=?
Hibernate: 
    select
        clothesinf0_.id as id1_2_0_,
        clothesinf0_.categoryl as category2_2_0_,
        clothesinf0_.categorys as category3_2_0_,
        clothesinf0_.fit as fit4_2_0_,
        clothesinf0_.length as length5_2_0_ 
    from
        clothes_info clothesinf0_ 
    where
        clothesinf0_.id=?
Hibernate: 
    select
        materials0_.id as id1_5_0_,
        materials0_.name as name2_5_0_ 
    from
        materials materials0_ 
    where
        materials0_.name=?
Hibernate: 
    select
        style0_.id as id1_14_0_,
        style0_.name as name2_14_0_ 
    from
        style style0_ 
    where
        style0_.name=?
Hibernate: 
    select
        salesinfoc0_.id as id1_9_0_,
        salesinfoc0_.clothes_brand as clothes_2_9_0_,
        salesinfoc0_.clothes_color as clothes_3_9_0_,
        salesinfoc0_.clothes_gender as clothes_4_9_0_,
        salesinfoc0_.clothes_size as clothes_5_9_0_ 
    from
        sales_info_clothes salesinfoc0_ 
    where
        salesinfoc0_.id=?
Hibernate: 
    select
        salesinfos0_.id as id1_10_0_,
        salesinfos0_.status_score as status_s2_10_0_,
        salesinfos0_.status_tag as status_t3_10_0_,
        salesinfos0_.status_times as status_t4_10_0_,
        salesinfos0_.status_when2buy as status_w5_10_0_,
        salesinfos0_.transport as transpor6_10_0_ 
    from
        sales_info_status salesinfos0_ 
    where
        salesinfos0_.id=?
Hibernate: 
    select
        salesinfou0_.id as id1_11_0_,
        salesinfou0_.user_height as user_hei2_11_0_,
        salesinfou0_.user_size as user_siz3_11_0_,
        salesinfou0_.user_weight as user_wei4_11_0_ 
    from
        sales_info_user salesinfou0_ 
    where
        salesinfou0_.id=?
Hibernate: 
    select
        clothesima0_.id as id1_3_,
        clothesima0_.closets_post_id as closets_4_3_,
        clothesima0_.path as path2_3_,
        clothesima0_.stores_post_id as stores_p5_3_,
        clothesima0_.type as type3_3_ 
    from
        clothes_image clothesima0_
Hibernate: 
    select
        stores0_.id as id1_12_0_,
        stores0_.created_date as created_2_12_0_,
        stores0_.modified_date as modified3_12_0_,
        stores0_.author_id as author_i9_12_0_,
        stores0_.clothes_info_id as clothes10_12_0_,
        stores0_.colors_name as colors_11_12_0_,
        stores0_.materials_name as materia12_12_0_,
        stores0_.style_name as style_n13_12_0_,
        stores0_.clothes_length as clothes_4_12_0_,
        stores0_.content as content5_12_0_,
        stores0_.price as price6_12_0_,
        stores0_.sales_info_clothes_id as sales_i14_12_0_,
        stores0_.sales_info_status_id as sales_i15_12_0_,
        stores0_.sales_info_user_id as sales_i16_12_0_,
        stores0_.status as status7_12_0_,
        stores0_.title as title8_12_0_,
        members1_.id as id1_6_1_,
        members1_.email as email2_6_1_,
        members1_.image as image3_6_1_,
        members1_.name as name4_6_1_,
        members1_.nickname as nickname5_6_1_,
        members1_.password as password6_6_1_,
        members1_.phone as phone7_6_1_,
        members1_.refresh_token as refresh_8_6_1_,
        members1_.role as role9_6_1_,
        clothesinf2_.id as id1_2_2_,
        clothesinf2_.categoryl as category2_2_2_,
        clothesinf2_.categorys as category3_2_2_,
        clothesinf2_.fit as fit4_2_2_,
        clothesinf2_.length as length5_2_2_,
        colors3_.id as id1_4_3_,
        colors3_.name as name2_4_3_,
        materials4_.id as id1_5_4_,
        materials4_.name as name2_5_4_,
        style5_.id as id1_14_5_,
        style5_.name as name2_14_5_,
        salesinfoc6_.id as id1_9_6_,
        salesinfoc6_.clothes_brand as clothes_2_9_6_,
        salesinfoc6_.clothes_color as clothes_3_9_6_,
        salesinfoc6_.clothes_gender as clothes_4_9_6_,
        salesinfoc6_.clothes_size as clothes_5_9_6_,
        salesinfos7_.id as id1_10_7_,
        salesinfos7_.status_score as status_s2_10_7_,
        salesinfos7_.status_tag as status_t3_10_7_,
        salesinfos7_.status_times as status_t4_10_7_,
        salesinfos7_.status_when2buy as status_w5_10_7_,
        salesinfos7_.transport as transpor6_10_7_,
        salesinfou8_.id as id1_11_8_,
        salesinfou8_.user_height as user_hei2_11_8_,
        salesinfou8_.user_size as user_siz3_11_8_,
        salesinfou8_.user_weight as user_wei4_11_8_ 
    from
        stores stores0_ 
    left outer join
        members members1_ 
            on stores0_.author_id=members1_.id 
    left outer join
        clothes_info clothesinf2_ 
            on stores0_.clothes_info_id=clothesinf2_.id 
    left outer join
        colors colors3_ 
            on stores0_.colors_name=colors3_.name 
    left outer join
        materials materials4_ 
            on stores0_.materials_name=materials4_.name 
    left outer join
        style style5_ 
            on stores0_.style_name=style5_.name 
    left outer join
        sales_info_clothes salesinfoc6_ 
            on stores0_.sales_info_clothes_id=salesinfoc6_.id 
    left outer join
        sales_info_status salesinfos7_ 
            on stores0_.sales_info_status_id=salesinfos7_.id 
    left outer join
        sales_info_user salesinfou8_ 
            on stores0_.sales_info_user_id=salesinfou8_.id 
    where
        stores0_.id=?
Hibernate: 
    select
        stores0_.id as id1_12_0_,
        stores0_.created_date as created_2_12_0_,
        stores0_.modified_date as modified3_12_0_,
        stores0_.author_id as author_i9_12_0_,
        stores0_.clothes_info_id as clothes10_12_0_,
        stores0_.colors_name as colors_11_12_0_,
        stores0_.materials_name as materia12_12_0_,
        stores0_.style_name as style_n13_12_0_,
        stores0_.clothes_length as clothes_4_12_0_,
        stores0_.content as content5_12_0_,
        stores0_.price as price6_12_0_,
        stores0_.sales_info_clothes_id as sales_i14_12_0_,
        stores0_.sales_info_status_id as sales_i15_12_0_,
        stores0_.sales_info_user_id as sales_i16_12_0_,
        stores0_.status as status7_12_0_,
        stores0_.title as title8_12_0_,
        members1_.id as id1_6_1_,
        members1_.email as email2_6_1_,
        members1_.image as image3_6_1_,
        members1_.name as name4_6_1_,
        members1_.nickname as nickname5_6_1_,
        members1_.password as password6_6_1_,
        members1_.phone as phone7_6_1_,
        members1_.refresh_token as refresh_8_6_1_,
        members1_.role as role9_6_1_,
        clothesinf2_.id as id1_2_2_,
        clothesinf2_.categoryl as category2_2_2_,
        clothesinf2_.categorys as category3_2_2_,
        clothesinf2_.fit as fit4_2_2_,
        clothesinf2_.length as length5_2_2_,
        colors3_.id as id1_4_3_,
        colors3_.name as name2_4_3_,
        materials4_.id as id1_5_4_,
        materials4_.name as name2_5_4_,
        style5_.id as id1_14_5_,
        style5_.name as name2_14_5_,
        salesinfoc6_.id as id1_9_6_,
        salesinfoc6_.clothes_brand as clothes_2_9_6_,
        salesinfoc6_.clothes_color as clothes_3_9_6_,
        salesinfoc6_.clothes_gender as clothes_4_9_6_,
        salesinfoc6_.clothes_size as clothes_5_9_6_,
        salesinfos7_.id as id1_10_7_,
        salesinfos7_.status_score as status_s2_10_7_,
        salesinfos7_.status_tag as status_t3_10_7_,
        salesinfos7_.status_times as status_t4_10_7_,
        salesinfos7_.status_when2buy as status_w5_10_7_,
        salesinfos7_.transport as transpor6_10_7_,
        salesinfou8_.id as id1_11_8_,
        salesinfou8_.user_height as user_hei2_11_8_,
        salesinfou8_.user_size as user_siz3_11_8_,
        salesinfou8_.user_weight as user_wei4_11_8_ 
    from
        stores stores0_ 
    left outer join
        members members1_ 
            on stores0_.author_id=members1_.id 
    left outer join
        clothes_info clothesinf2_ 
            on stores0_.clothes_info_id=clothesinf2_.id 
    left outer join
        colors colors3_ 
            on stores0_.colors_name=colors3_.name 
    left outer join
        materials materials4_ 
            on stores0_.materials_name=materials4_.name 
    left outer join
        style style5_ 
            on stores0_.style_name=style5_.name 
    left outer join
        sales_info_clothes salesinfoc6_ 
            on stores0_.sales_info_clothes_id=salesinfoc6_.id 
    left outer join
        sales_info_status salesinfos7_ 
            on stores0_.sales_info_status_id=salesinfos7_.id 
    left outer join
        sales_info_user salesinfou8_ 
            on stores0_.sales_info_user_id=salesinfou8_.id 
    where
        stores0_.id=?
Hibernate: 
    select
        stores0_.id as id1_12_0_,
        stores0_.created_date as created_2_12_0_,
        stores0_.modified_date as modified3_12_0_,
        stores0_.author_id as author_i9_12_0_,
        stores0_.clothes_info_id as clothes10_12_0_,
        stores0_.colors_name as colors_11_12_0_,
        stores0_.materials_name as materia12_12_0_,
        stores0_.style_name as style_n13_12_0_,
        stores0_.clothes_length as clothes_4_12_0_,
        stores0_.content as content5_12_0_,
        stores0_.price as price6_12_0_,
        stores0_.sales_info_clothes_id as sales_i14_12_0_,
        stores0_.sales_info_status_id as sales_i15_12_0_,
        stores0_.sales_info_user_id as sales_i16_12_0_,
        stores0_.status as status7_12_0_,
        stores0_.title as title8_12_0_,
        members1_.id as id1_6_1_,
        members1_.email as email2_6_1_,
        members1_.image as image3_6_1_,
        members1_.name as name4_6_1_,
        members1_.nickname as nickname5_6_1_,
        members1_.password as password6_6_1_,
        members1_.phone as phone7_6_1_,
        members1_.refresh_token as refresh_8_6_1_,
        members1_.role as role9_6_1_,
        clothesinf2_.id as id1_2_2_,
        clothesinf2_.categoryl as category2_2_2_,
        clothesinf2_.categorys as category3_2_2_,
        clothesinf2_.fit as fit4_2_2_,
        clothesinf2_.length as length5_2_2_,
        colors3_.id as id1_4_3_,
        colors3_.name as name2_4_3_,
        materials4_.id as id1_5_4_,
        materials4_.name as name2_5_4_,
        style5_.id as id1_14_5_,
        style5_.name as name2_14_5_,
        salesinfoc6_.id as id1_9_6_,
        salesinfoc6_.clothes_brand as clothes_2_9_6_,
        salesinfoc6_.clothes_color as clothes_3_9_6_,
        salesinfoc6_.clothes_gender as clothes_4_9_6_,
        salesinfoc6_.clothes_size as clothes_5_9_6_,
        salesinfos7_.id as id1_10_7_,
        salesinfos7_.status_score as status_s2_10_7_,
        salesinfos7_.status_tag as status_t3_10_7_,
        salesinfos7_.status_times as status_t4_10_7_,
        salesinfos7_.status_when2buy as status_w5_10_7_,
        salesinfos7_.transport as transpor6_10_7_,
        salesinfou8_.id as id1_11_8_,
        salesinfou8_.user_height as user_hei2_11_8_,
        salesinfou8_.user_size as user_siz3_11_8_,
        salesinfou8_.user_weight as user_wei4_11_8_ 
    from
        stores stores0_ 
    left outer join
        members members1_ 
            on stores0_.author_id=members1_.id 
    left outer join
        clothes_info clothesinf2_ 
            on stores0_.clothes_info_id=clothesinf2_.id 
    left outer join
        colors colors3_ 
            on stores0_.colors_name=colors3_.name 
    left outer join
        materials materials4_ 
            on stores0_.materials_name=materials4_.name 
    left outer join
        style style5_ 
            on stores0_.style_name=style5_.name 
    left outer join
        sales_info_clothes salesinfoc6_ 
            on stores0_.sales_info_clothes_id=salesinfoc6_.id 
    left outer join
        sales_info_status salesinfos7_ 
            on stores0_.sales_info_status_id=salesinfos7_.id 
    left outer join
        sales_info_user salesinfou8_ 
            on stores0_.sales_info_user_id=salesinfou8_.id 
    where
        stores0_.id=?
Hibernate: 
    select
        stores0_.id as id1_12_0_,
        stores0_.created_date as created_2_12_0_,
        stores0_.modified_date as modified3_12_0_,
        stores0_.author_id as author_i9_12_0_,
        stores0_.clothes_info_id as clothes10_12_0_,
        stores0_.colors_name as colors_11_12_0_,
        stores0_.materials_name as materia12_12_0_,
        stores0_.style_name as style_n13_12_0_,
        stores0_.clothes_length as clothes_4_12_0_,
        stores0_.content as content5_12_0_,
        stores0_.price as price6_12_0_,
        stores0_.sales_info_clothes_id as sales_i14_12_0_,
        stores0_.sales_info_status_id as sales_i15_12_0_,
        stores0_.sales_info_user_id as sales_i16_12_0_,
        stores0_.status as status7_12_0_,
        stores0_.title as title8_12_0_,
        members1_.id as id1_6_1_,
        members1_.email as email2_6_1_,
        members1_.image as image3_6_1_,
        members1_.name as name4_6_1_,
        members1_.nickname as nickname5_6_1_,
        members1_.password as password6_6_1_,
        members1_.phone as phone7_6_1_,
        members1_.refresh_token as refresh_8_6_1_,
        members1_.role as role9_6_1_,
        clothesinf2_.id as id1_2_2_,
        clothesinf2_.categoryl as category2_2_2_,
        clothesinf2_.categorys as category3_2_2_,
        clothesinf2_.fit as fit4_2_2_,
        clothesinf2_.length as length5_2_2_,
        colors3_.id as id1_4_3_,
        colors3_.name as name2_4_3_,
        materials4_.id as id1_5_4_,
        materials4_.name as name2_5_4_,
        style5_.id as id1_14_5_,
        style5_.name as name2_14_5_,
        salesinfoc6_.id as id1_9_6_,
        salesinfoc6_.clothes_brand as clothes_2_9_6_,
        salesinfoc6_.clothes_color as clothes_3_9_6_,
        salesinfoc6_.clothes_gender as clothes_4_9_6_,
        salesinfoc6_.clothes_size as clothes_5_9_6_,
        salesinfos7_.id as id1_10_7_,
        salesinfos7_.status_score as status_s2_10_7_,
        salesinfos7_.status_tag as status_t3_10_7_,
        salesinfos7_.status_times as status_t4_10_7_,
        salesinfos7_.status_when2buy as status_w5_10_7_,
        salesinfos7_.transport as transpor6_10_7_,
        salesinfou8_.id as id1_11_8_,
        salesinfou8_.user_height as user_hei2_11_8_,
        salesinfou8_.user_size as user_siz3_11_8_,
        salesinfou8_.user_weight as user_wei4_11_8_ 
    from
        stores stores0_ 
    left outer join
        members members1_ 
            on stores0_.author_id=members1_.id 
    left outer join
        clothes_info clothesinf2_ 
            on stores0_.clothes_info_id=clothesinf2_.id 
    left outer join
        colors colors3_ 
            on stores0_.colors_name=colors3_.name 
    left outer join
        materials materials4_ 
            on stores0_.materials_name=materials4_.name 
    left outer join
        style style5_ 
            on stores0_.style_name=style5_.name 
    left outer join
        sales_info_clothes salesinfoc6_ 
            on stores0_.sales_info_clothes_id=salesinfoc6_.id 
    left outer join
        sales_info_status salesinfos7_ 
            on stores0_.sales_info_status_id=salesinfos7_.id 
    left outer join
        sales_info_user salesinfou8_ 
            on stores0_.sales_info_user_id=salesinfou8_.id 
    where
        stores0_.id=?
Hibernate: 
    select
        stores0_.id as id1_12_0_,
        stores0_.created_date as created_2_12_0_,
        stores0_.modified_date as modified3_12_0_,
        stores0_.author_id as author_i9_12_0_,
        stores0_.clothes_info_id as clothes10_12_0_,
        stores0_.colors_name as colors_11_12_0_,
        stores0_.materials_name as materia12_12_0_,
        stores0_.style_name as style_n13_12_0_,
        stores0_.clothes_length as clothes_4_12_0_,
        stores0_.content as content5_12_0_,
        stores0_.price as price6_12_0_,
        stores0_.sales_info_clothes_id as sales_i14_12_0_,
        stores0_.sales_info_status_id as sales_i15_12_0_,
        stores0_.sales_info_user_id as sales_i16_12_0_,
        stores0_.status as status7_12_0_,
        stores0_.title as title8_12_0_,
        members1_.id as id1_6_1_,
        members1_.email as email2_6_1_,
        members1_.image as image3_6_1_,
        members1_.name as name4_6_1_,
        members1_.nickname as nickname5_6_1_,
        members1_.password as password6_6_1_,
        members1_.phone as phone7_6_1_,
        members1_.refresh_token as refresh_8_6_1_,
        members1_.role as role9_6_1_,
        clothesinf2_.id as id1_2_2_,
        clothesinf2_.categoryl as category2_2_2_,
        clothesinf2_.categorys as category3_2_2_,
        clothesinf2_.fit as fit4_2_2_,
        clothesinf2_.length as length5_2_2_,
        colors3_.id as id1_4_3_,
        colors3_.name as name2_4_3_,
        materials4_.id as id1_5_4_,
        materials4_.name as name2_5_4_,
        style5_.id as id1_14_5_,
        style5_.name as name2_14_5_,
        salesinfoc6_.id as id1_9_6_,
        salesinfoc6_.clothes_brand as clothes_2_9_6_,
        salesinfoc6_.clothes_color as clothes_3_9_6_,
        salesinfoc6_.clothes_gender as clothes_4_9_6_,
        salesinfoc6_.clothes_size as clothes_5_9_6_,
        salesinfos7_.id as id1_10_7_,
        salesinfos7_.status_score as status_s2_10_7_,
        salesinfos7_.status_tag as status_t3_10_7_,
        salesinfos7_.status_times as status_t4_10_7_,
        salesinfos7_.status_when2buy as status_w5_10_7_,
        salesinfos7_.transport as transpor6_10_7_,
        salesinfou8_.id as id1_11_8_,
        salesinfou8_.user_height as user_hei2_11_8_,
        salesinfou8_.user_size as user_siz3_11_8_,
        salesinfou8_.user_weight as user_wei4_11_8_ 
    from
        stores stores0_ 
    left outer join
        members members1_ 
            on stores0_.author_id=members1_.id 
    left outer join
        clothes_info clothesinf2_ 
            on stores0_.clothes_info_id=clothesinf2_.id 
    left outer join
        colors colors3_ 
            on stores0_.colors_name=colors3_.name 
    left outer join
        materials materials4_ 
            on stores0_.materials_name=materials4_.name 
    left outer join
        style style5_ 
            on stores0_.style_name=style5_.name 
    left outer join
        sales_info_clothes salesinfoc6_ 
            on stores0_.sales_info_clothes_id=salesinfoc6_.id 
    left outer join
        sales_info_status salesinfos7_ 
            on stores0_.sales_info_status_id=salesinfos7_.id 
    left outer join
        sales_info_user salesinfou8_ 
            on stores0_.sales_info_user_id=salesinfou8_.id 
    where
        stores0_.id=?
2022-11-10 12:34:04.178  INFO 9968 --- [    Test worker] o.a.c.c.C.[Tomcat].[localhost].[/]       : Initializing Spring TestDispatcherServlet ''
2022-11-10 12:34:04.178  INFO 9968 --- [    Test worker] o.s.t.web.servlet.TestDispatcherServlet  : Initializing Servlet ''
2022-11-10 12:34:04.180  INFO 9968 --- [    Test worker] o.s.t.web.servlet.TestDispatcherServlet  : Completed initialization in 2 ms
gunsong2@naver.com
Hibernate: 
    select
        members0_.id as id1_6_,
        members0_.email as email2_6_,
        members0_.image as image3_6_,
        members0_.name as name4_6_,
        members0_.nickname as nickname5_6_,
        members0_.password as password6_6_,
        members0_.phone as phone7_6_,
        members0_.refresh_token as refresh_8_6_,
        members0_.role as role9_6_ 
    from
        members members0_ 
    where
        members0_.email=?
Hibernate: 
    select
        stores0_.id as id1_12_0_,
        stores0_.created_date as created_2_12_0_,
        stores0_.modified_date as modified3_12_0_,
        stores0_.author_id as author_i9_12_0_,
        stores0_.clothes_info_id as clothes10_12_0_,
        stores0_.colors_name as colors_11_12_0_,
        stores0_.materials_name as materia12_12_0_,
        stores0_.style_name as style_n13_12_0_,
        stores0_.clothes_length as clothes_4_12_0_,
        stores0_.content as content5_12_0_,
        stores0_.price as price6_12_0_,
        stores0_.sales_info_clothes_id as sales_i14_12_0_,
        stores0_.sales_info_status_id as sales_i15_12_0_,
        stores0_.sales_info_user_id as sales_i16_12_0_,
        stores0_.status as status7_12_0_,
        stores0_.title as title8_12_0_,
        members1_.id as id1_6_1_,
        members1_.email as email2_6_1_,
        members1_.image as image3_6_1_,
        members1_.name as name4_6_1_,
        members1_.nickname as nickname5_6_1_,
        members1_.password as password6_6_1_,
        members1_.phone as phone7_6_1_,
        members1_.refresh_token as refresh_8_6_1_,
        members1_.role as role9_6_1_,
        clothesinf2_.id as id1_2_2_,
        clothesinf2_.categoryl as category2_2_2_,
        clothesinf2_.categorys as category3_2_2_,
        clothesinf2_.fit as fit4_2_2_,
        clothesinf2_.length as length5_2_2_,
        colors3_.id as id1_4_3_,
        colors3_.name as name2_4_3_,
        materials4_.id as id1_5_4_,
        materials4_.name as name2_5_4_,
        style5_.id as id1_14_5_,
        style5_.name as name2_14_5_,
        salesinfoc6_.id as id1_9_6_,
        salesinfoc6_.clothes_brand as clothes_2_9_6_,
        salesinfoc6_.clothes_color as clothes_3_9_6_,
        salesinfoc6_.clothes_gender as clothes_4_9_6_,
        salesinfoc6_.clothes_size as clothes_5_9_6_,
        salesinfos7_.id as id1_10_7_,
        salesinfos7_.status_score as status_s2_10_7_,
        salesinfos7_.status_tag as status_t3_10_7_,
        salesinfos7_.status_times as status_t4_10_7_,
        salesinfos7_.status_when2buy as status_w5_10_7_,
        salesinfos7_.transport as transpor6_10_7_,
        salesinfou8_.id as id1_11_8_,
        salesinfou8_.user_height as user_hei2_11_8_,
        salesinfou8_.user_size as user_siz3_11_8_,
        salesinfou8_.user_weight as user_wei4_11_8_ 
    from
        stores stores0_ 
    left outer join
        members members1_ 
            on stores0_.author_id=members1_.id 
    left outer join
        clothes_info clothesinf2_ 
            on stores0_.clothes_info_id=clothesinf2_.id 
    left outer join
        colors colors3_ 
            on stores0_.colors_name=colors3_.name 
    left outer join
        materials materials4_ 
            on stores0_.materials_name=materials4_.name 
    left outer join
        style style5_ 
            on stores0_.style_name=style5_.name 
    left outer join
        sales_info_clothes salesinfoc6_ 
            on stores0_.sales_info_clothes_id=salesinfoc6_.id 
    left outer join
        sales_info_status salesinfos7_ 
            on stores0_.sales_info_status_id=salesinfos7_.id 
    left outer join
        sales_info_user salesinfou8_ 
            on stores0_.sales_info_user_id=salesinfou8_.id 
    where
        stores0_.id=?
Hibernate: 
    insert 
    into
        members_like_stores_post
        (store_id, user_id) 
    values
        (?, ?)
gunsong2@naver.com
Hibernate: 
    select
        members0_.id as id1_6_,
        members0_.email as email2_6_,
        members0_.image as image3_6_,
        members0_.name as name4_6_,
        members0_.nickname as nickname5_6_,
        members0_.password as password6_6_,
        members0_.phone as phone7_6_,
        members0_.refresh_token as refresh_8_6_,
        members0_.role as role9_6_ 
    from
        members members0_ 
    where
        members0_.email=?
Hibernate: 
    select
        stores0_.id as id1_12_0_,
        stores0_.created_date as created_2_12_0_,
        stores0_.modified_date as modified3_12_0_,
        stores0_.author_id as author_i9_12_0_,
        stores0_.clothes_info_id as clothes10_12_0_,
        stores0_.colors_name as colors_11_12_0_,
        stores0_.materials_name as materia12_12_0_,
        stores0_.style_name as style_n13_12_0_,
        stores0_.clothes_length as clothes_4_12_0_,
        stores0_.content as content5_12_0_,
        stores0_.price as price6_12_0_,
        stores0_.sales_info_clothes_id as sales_i14_12_0_,
        stores0_.sales_info_status_id as sales_i15_12_0_,
        stores0_.sales_info_user_id as sales_i16_12_0_,
        stores0_.status as status7_12_0_,
        stores0_.title as title8_12_0_,
        members1_.id as id1_6_1_,
        members1_.email as email2_6_1_,
        members1_.image as image3_6_1_,
        members1_.name as name4_6_1_,
        members1_.nickname as nickname5_6_1_,
        members1_.password as password6_6_1_,
        members1_.phone as phone7_6_1_,
        members1_.refresh_token as refresh_8_6_1_,
        members1_.role as role9_6_1_,
        clothesinf2_.id as id1_2_2_,
        clothesinf2_.categoryl as category2_2_2_,
        clothesinf2_.categorys as category3_2_2_,
        clothesinf2_.fit as fit4_2_2_,
        clothesinf2_.length as length5_2_2_,
        colors3_.id as id1_4_3_,
        colors3_.name as name2_4_3_,
        materials4_.id as id1_5_4_,
        materials4_.name as name2_5_4_,
        style5_.id as id1_14_5_,
        style5_.name as name2_14_5_,
        salesinfoc6_.id as id1_9_6_,
        salesinfoc6_.clothes_brand as clothes_2_9_6_,
        salesinfoc6_.clothes_color as clothes_3_9_6_,
        salesinfoc6_.clothes_gender as clothes_4_9_6_,
        salesinfoc6_.clothes_size as clothes_5_9_6_,
        salesinfos7_.id as id1_10_7_,
        salesinfos7_.status_score as status_s2_10_7_,
        salesinfos7_.status_tag as status_t3_10_7_,
        salesinfos7_.status_times as status_t4_10_7_,
        salesinfos7_.status_when2buy as status_w5_10_7_,
        salesinfos7_.transport as transpor6_10_7_,
        salesinfou8_.id as id1_11_8_,
        salesinfou8_.user_height as user_hei2_11_8_,
        salesinfou8_.user_size as user_siz3_11_8_,
        salesinfou8_.user_weight as user_wei4_11_8_ 
    from
        stores stores0_ 
    left outer join
        members members1_ 
            on stores0_.author_id=members1_.id 
    left outer join
        clothes_info clothesinf2_ 
            on stores0_.clothes_info_id=clothesinf2_.id 
    left outer join
        colors colors3_ 
            on stores0_.colors_name=colors3_.name 
    left outer join
        materials materials4_ 
            on stores0_.materials_name=materials4_.name 
    left outer join
        style style5_ 
            on stores0_.style_name=style5_.name 
    left outer join
        sales_info_clothes salesinfoc6_ 
            on stores0_.sales_info_clothes_id=salesinfoc6_.id 
    left outer join
        sales_info_status salesinfos7_ 
            on stores0_.sales_info_status_id=salesinfos7_.id 
    left outer join
        sales_info_user salesinfou8_ 
            on stores0_.sales_info_user_id=salesinfou8_.id 
    where
        stores0_.id=?
Hibernate: 
    insert 
    into
        members_like_stores_post
        (store_id, user_id) 
    values
        (?, ?)
gunsong2@naver.com
Hibernate: 
    select
        members0_.id as id1_6_,
        members0_.email as email2_6_,
        members0_.image as image3_6_,
        members0_.name as name4_6_,
        members0_.nickname as nickname5_6_,
        members0_.password as password6_6_,
        members0_.phone as phone7_6_,
        members0_.refresh_token as refresh_8_6_,
        members0_.role as role9_6_ 
    from
        members members0_ 
    where
        members0_.email=?
Hibernate: 
    select
        images1_.id as col_0_0_,
        stores0_.title as col_1_0_,
        stores0_.id as col_2_0_,
        stores0_.modified_date as col_3_0_,
        stores0_.price as col_4_0_,
        stores0_.content as col_5_0_,
        salesinfos2_.transport as col_6_0_,
        images1_.id as id1_3_,
        images1_.closets_post_id as closets_4_3_,
        images1_.path as path2_3_,
        images1_.stores_post_id as stores_p5_3_,
        images1_.type as type3_3_ 
    from
        stores stores0_ 
    inner join
        clothes_image images1_ 
            on stores0_.id=images1_.stores_post_id cross 
    join
        sales_info_status salesinfos2_ 
    where
        stores0_.sales_info_status_id=salesinfos2_.id 
        and (
            stores0_.id in (
                select
                    memberslik3_.store_id 
                from
                    members_like_stores_post memberslik3_ 
                where
                    memberslik3_.user_id=?
            )
        ) 
        and (
            images1_.id in (
                select
                    clothesima4_.id 
                from
                    clothes_image clothesima4_ cross 
                join
                    stores stores5_ 
                where
                    clothesima4_.stores_post_id=stores5_.id 
                    and (
                        clothesima4_.closets_post_id is null
                    ) 
                group by
                    clothesima4_.stores_post_id 
                order by
                    stores5_.created_date asc
            )
        ) 
    order by
        stores0_.created_date desc limit ?
Hibernate: 
    select
        stores0_.id as id1_12_0_,
        stores0_.created_date as created_2_12_0_,
        stores0_.modified_date as modified3_12_0_,
        stores0_.author_id as author_i9_12_0_,
        stores0_.clothes_info_id as clothes10_12_0_,
        stores0_.colors_name as colors_11_12_0_,
        stores0_.materials_name as materia12_12_0_,
        stores0_.style_name as style_n13_12_0_,
        stores0_.clothes_length as clothes_4_12_0_,
        stores0_.content as content5_12_0_,
        stores0_.price as price6_12_0_,
        stores0_.sales_info_clothes_id as sales_i14_12_0_,
        stores0_.sales_info_status_id as sales_i15_12_0_,
        stores0_.sales_info_user_id as sales_i16_12_0_,
        stores0_.status as status7_12_0_,
        stores0_.title as title8_12_0_,
        members1_.id as id1_6_1_,
        members1_.email as email2_6_1_,
        members1_.image as image3_6_1_,
        members1_.name as name4_6_1_,
        members1_.nickname as nickname5_6_1_,
        members1_.password as password6_6_1_,
        members1_.phone as phone7_6_1_,
        members1_.refresh_token as refresh_8_6_1_,
        members1_.role as role9_6_1_,
        clothesinf2_.id as id1_2_2_,
        clothesinf2_.categoryl as category2_2_2_,
        clothesinf2_.categorys as category3_2_2_,
        clothesinf2_.fit as fit4_2_2_,
        clothesinf2_.length as length5_2_2_,
        colors3_.id as id1_4_3_,
        colors3_.name as name2_4_3_,
        materials4_.id as id1_5_4_,
        materials4_.name as name2_5_4_,
        style5_.id as id1_14_5_,
        style5_.name as name2_14_5_,
        salesinfoc6_.id as id1_9_6_,
        salesinfoc6_.clothes_brand as clothes_2_9_6_,
        salesinfoc6_.clothes_color as clothes_3_9_6_,
        salesinfoc6_.clothes_gender as clothes_4_9_6_,
        salesinfoc6_.clothes_size as clothes_5_9_6_,
        salesinfos7_.id as id1_10_7_,
        salesinfos7_.status_score as status_s2_10_7_,
        salesinfos7_.status_tag as status_t3_10_7_,
        salesinfos7_.status_times as status_t4_10_7_,
        salesinfos7_.status_when2buy as status_w5_10_7_,
        salesinfos7_.transport as transpor6_10_7_,
        salesinfou8_.id as id1_11_8_,
        salesinfou8_.user_height as user_hei2_11_8_,
        salesinfou8_.user_size as user_siz3_11_8_,
        salesinfou8_.user_weight as user_wei4_11_8_ 
    from
        stores stores0_ 
    left outer join
        members members1_ 
            on stores0_.author_id=members1_.id 
    left outer join
        clothes_info clothesinf2_ 
            on stores0_.clothes_info_id=clothesinf2_.id 
    left outer join
        colors colors3_ 
            on stores0_.colors_name=colors3_.name 
    left outer join
        materials materials4_ 
            on stores0_.materials_name=materials4_.name 
    left outer join
        style style5_ 
            on stores0_.style_name=style5_.name 
    left outer join
        sales_info_clothes salesinfoc6_ 
            on stores0_.sales_info_clothes_id=salesinfoc6_.id 
    left outer join
        sales_info_status salesinfos7_ 
            on stores0_.sales_info_status_id=salesinfos7_.id 
    left outer join
        sales_info_user salesinfou8_ 
            on stores0_.sales_info_user_id=salesinfou8_.id 
    where
        stores0_.id=?
Hibernate: 
    select
        stores0_.id as id1_12_0_,
        stores0_.created_date as created_2_12_0_,
        stores0_.modified_date as modified3_12_0_,
        stores0_.author_id as author_i9_12_0_,
        stores0_.clothes_info_id as clothes10_12_0_,
        stores0_.colors_name as colors_11_12_0_,
        stores0_.materials_name as materia12_12_0_,
        stores0_.style_name as style_n13_12_0_,
        stores0_.clothes_length as clothes_4_12_0_,
        stores0_.content as content5_12_0_,
        stores0_.price as price6_12_0_,
        stores0_.sales_info_clothes_id as sales_i14_12_0_,
        stores0_.sales_info_status_id as sales_i15_12_0_,
        stores0_.sales_info_user_id as sales_i16_12_0_,
        stores0_.status as status7_12_0_,
        stores0_.title as title8_12_0_,
        members1_.id as id1_6_1_,
        members1_.email as email2_6_1_,
        members1_.image as image3_6_1_,
        members1_.name as name4_6_1_,
        members1_.nickname as nickname5_6_1_,
        members1_.password as password6_6_1_,
        members1_.phone as phone7_6_1_,
        members1_.refresh_token as refresh_8_6_1_,
        members1_.role as role9_6_1_,
        clothesinf2_.id as id1_2_2_,
        clothesinf2_.categoryl as category2_2_2_,
        clothesinf2_.categorys as category3_2_2_,
        clothesinf2_.fit as fit4_2_2_,
        clothesinf2_.length as length5_2_2_,
        colors3_.id as id1_4_3_,
        colors3_.name as name2_4_3_,
        materials4_.id as id1_5_4_,
        materials4_.name as name2_5_4_,
        style5_.id as id1_14_5_,
        style5_.name as name2_14_5_,
        salesinfoc6_.id as id1_9_6_,
        salesinfoc6_.clothes_brand as clothes_2_9_6_,
        salesinfoc6_.clothes_color as clothes_3_9_6_,
        salesinfoc6_.clothes_gender as clothes_4_9_6_,
        salesinfoc6_.clothes_size as clothes_5_9_6_,
        salesinfos7_.id as id1_10_7_,
        salesinfos7_.status_score as status_s2_10_7_,
        salesinfos7_.status_tag as status_t3_10_7_,
        salesinfos7_.status_times as status_t4_10_7_,
        salesinfos7_.status_when2buy as status_w5_10_7_,
        salesinfos7_.transport as transpor6_10_7_,
        salesinfou8_.id as id1_11_8_,
        salesinfou8_.user_height as user_hei2_11_8_,
        salesinfou8_.user_size as user_siz3_11_8_,
        salesinfou8_.user_weight as user_wei4_11_8_ 
    from
        stores stores0_ 
    left outer join
        members members1_ 
            on stores0_.author_id=members1_.id 
    left outer join
        clothes_info clothesinf2_ 
            on stores0_.clothes_info_id=clothesinf2_.id 
    left outer join
        colors colors3_ 
            on stores0_.colors_name=colors3_.name 
    left outer join
        materials materials4_ 
            on stores0_.materials_name=materials4_.name 
    left outer join
        style style5_ 
            on stores0_.style_name=style5_.name 
    left outer join
        sales_info_clothes salesinfoc6_ 
            on stores0_.sales_info_clothes_id=salesinfoc6_.id 
    left outer join
        sales_info_status salesinfos7_ 
            on stores0_.sales_info_status_id=salesinfos7_.id 
    left outer join
        sales_info_user salesinfou8_ 
            on stores0_.sales_info_user_id=salesinfou8_.id 
    where
        stores0_.id=?
gunsong2@naver.com
Hibernate: 
    select
        members0_.id as id1_6_,
        members0_.email as email2_6_,
        members0_.image as image3_6_,
        members0_.name as name4_6_,
        members0_.nickname as nickname5_6_,
        members0_.password as password6_6_,
        members0_.phone as phone7_6_,
        members0_.refresh_token as refresh_8_6_,
        members0_.role as role9_6_ 
    from
        members members0_ 
    where
        members0_.email=?
Hibernate: 
    select
        stores0_.id as id1_12_0_,
        stores0_.created_date as created_2_12_0_,
        stores0_.modified_date as modified3_12_0_,
        stores0_.author_id as author_i9_12_0_,
        stores0_.clothes_info_id as clothes10_12_0_,
        stores0_.colors_name as colors_11_12_0_,
        stores0_.materials_name as materia12_12_0_,
        stores0_.style_name as style_n13_12_0_,
        stores0_.clothes_length as clothes_4_12_0_,
        stores0_.content as content5_12_0_,
        stores0_.price as price6_12_0_,
        stores0_.sales_info_clothes_id as sales_i14_12_0_,
        stores0_.sales_info_status_id as sales_i15_12_0_,
        stores0_.sales_info_user_id as sales_i16_12_0_,
        stores0_.status as status7_12_0_,
        stores0_.title as title8_12_0_,
        members1_.id as id1_6_1_,
        members1_.email as email2_6_1_,
        members1_.image as image3_6_1_,
        members1_.name as name4_6_1_,
        members1_.nickname as nickname5_6_1_,
        members1_.password as password6_6_1_,
        members1_.phone as phone7_6_1_,
        members1_.refresh_token as refresh_8_6_1_,
        members1_.role as role9_6_1_,
        clothesinf2_.id as id1_2_2_,
        clothesinf2_.categoryl as category2_2_2_,
        clothesinf2_.categorys as category3_2_2_,
        clothesinf2_.fit as fit4_2_2_,
        clothesinf2_.length as length5_2_2_,
        colors3_.id as id1_4_3_,
        colors3_.name as name2_4_3_,
        materials4_.id as id1_5_4_,
        materials4_.name as name2_5_4_,
        style5_.id as id1_14_5_,
        style5_.name as name2_14_5_,
        salesinfoc6_.id as id1_9_6_,
        salesinfoc6_.clothes_brand as clothes_2_9_6_,
        salesinfoc6_.clothes_color as clothes_3_9_6_,
        salesinfoc6_.clothes_gender as clothes_4_9_6_,
        salesinfoc6_.clothes_size as clothes_5_9_6_,
        salesinfos7_.id as id1_10_7_,
        salesinfos7_.status_score as status_s2_10_7_,
        salesinfos7_.status_tag as status_t3_10_7_,
        salesinfos7_.status_times as status_t4_10_7_,
        salesinfos7_.status_when2buy as status_w5_10_7_,
        salesinfos7_.transport as transpor6_10_7_,
        salesinfou8_.id as id1_11_8_,
        salesinfou8_.user_height as user_hei2_11_8_,
        salesinfou8_.user_size as user_siz3_11_8_,
        salesinfou8_.user_weight as user_wei4_11_8_ 
    from
        stores stores0_ 
    left outer join
        members members1_ 
            on stores0_.author_id=members1_.id 
    left outer join
        clothes_info clothesinf2_ 
            on stores0_.clothes_info_id=clothesinf2_.id 
    left outer join
        colors colors3_ 
            on stores0_.colors_name=colors3_.name 
    left outer join
        materials materials4_ 
            on stores0_.materials_name=materials4_.name 
    left outer join
        style style5_ 
            on stores0_.style_name=style5_.name 
    left outer join
        sales_info_clothes salesinfoc6_ 
            on stores0_.sales_info_clothes_id=salesinfoc6_.id 
    left outer join
        sales_info_status salesinfos7_ 
            on stores0_.sales_info_status_id=salesinfos7_.id 
    left outer join
        sales_info_user salesinfou8_ 
            on stores0_.sales_info_user_id=salesinfou8_.id 
    where
        stores0_.id=?
Hibernate: 
    select
        memberslik0_.id as id1_7_,
        memberslik0_.store_id as store_id2_7_,
        memberslik0_.user_id as user_id3_7_ 
    from
        members_like_stores_post memberslik0_ 
    where
        memberslik0_.user_id=? 
        and memberslik0_.store_id=?
Hibernate: 
    select
        storeslike0_.user_id as user_id3_7_0_,
        storeslike0_.id as id1_7_0_,
        storeslike0_.id as id1_7_1_,
        storeslike0_.store_id as store_id2_7_1_,
        storeslike0_.user_id as user_id3_7_1_,
        stores1_.id as id1_12_2_,
        stores1_.created_date as created_2_12_2_,
        stores1_.modified_date as modified3_12_2_,
        stores1_.author_id as author_i9_12_2_,
        stores1_.clothes_info_id as clothes10_12_2_,
        stores1_.colors_name as colors_11_12_2_,
        stores1_.materials_name as materia12_12_2_,
        stores1_.style_name as style_n13_12_2_,
        stores1_.clothes_length as clothes_4_12_2_,
        stores1_.content as content5_12_2_,
        stores1_.price as price6_12_2_,
        stores1_.sales_info_clothes_id as sales_i14_12_2_,
        stores1_.sales_info_status_id as sales_i15_12_2_,
        stores1_.sales_info_user_id as sales_i16_12_2_,
        stores1_.status as status7_12_2_,
        stores1_.title as title8_12_2_,
        members2_.id as id1_6_3_,
        members2_.email as email2_6_3_,
        members2_.image as image3_6_3_,
        members2_.name as name4_6_3_,
        members2_.nickname as nickname5_6_3_,
        members2_.password as password6_6_3_,
        members2_.phone as phone7_6_3_,
        members2_.refresh_token as refresh_8_6_3_,
        members2_.role as role9_6_3_,
        clothesinf3_.id as id1_2_4_,
        clothesinf3_.categoryl as category2_2_4_,
        clothesinf3_.categorys as category3_2_4_,
        clothesinf3_.fit as fit4_2_4_,
        clothesinf3_.length as length5_2_4_,
        colors4_.id as id1_4_5_,
        colors4_.name as name2_4_5_,
        materials5_.id as id1_5_6_,
        materials5_.name as name2_5_6_,
        style6_.id as id1_14_7_,
        style6_.name as name2_14_7_,
        salesinfoc7_.id as id1_9_8_,
        salesinfoc7_.clothes_brand as clothes_2_9_8_,
        salesinfoc7_.clothes_color as clothes_3_9_8_,
        salesinfoc7_.clothes_gender as clothes_4_9_8_,
        salesinfoc7_.clothes_size as clothes_5_9_8_,
        salesinfos8_.id as id1_10_9_,
        salesinfos8_.status_score as status_s2_10_9_,
        salesinfos8_.status_tag as status_t3_10_9_,
        salesinfos8_.status_times as status_t4_10_9_,
        salesinfos8_.status_when2buy as status_w5_10_9_,
        salesinfos8_.transport as transpor6_10_9_,
        salesinfou9_.id as id1_11_10_,
        salesinfou9_.user_height as user_hei2_11_10_,
        salesinfou9_.user_size as user_siz3_11_10_,
        salesinfou9_.user_weight as user_wei4_11_10_ 
    from
        members_like_stores_post storeslike0_ 
    left outer join
        stores stores1_ 
            on storeslike0_.store_id=stores1_.id 
    left outer join
        members members2_ 
            on stores1_.author_id=members2_.id 
    left outer join
        clothes_info clothesinf3_ 
            on stores1_.clothes_info_id=clothesinf3_.id 
    left outer join
        colors colors4_ 
            on stores1_.colors_name=colors4_.name 
    left outer join
        materials materials5_ 
            on stores1_.materials_name=materials5_.name 
    left outer join
        style style6_ 
            on stores1_.style_name=style6_.name 
    left outer join
        sales_info_clothes salesinfoc7_ 
            on stores1_.sales_info_clothes_id=salesinfoc7_.id 
    left outer join
        sales_info_status salesinfos8_ 
            on stores1_.sales_info_status_id=salesinfos8_.id 
    left outer join
        sales_info_user salesinfou9_ 
            on stores1_.sales_info_user_id=salesinfou9_.id 
    where
        storeslike0_.user_id=?
Hibernate: 
    delete 
    from
        members_like_stores_post 
    where
        id=?
gunsong2@naver.com
Hibernate: 
    select
        members0_.id as id1_6_,
        members0_.email as email2_6_,
        members0_.image as image3_6_,
        members0_.name as name4_6_,
        members0_.nickname as nickname5_6_,
        members0_.password as password6_6_,
        members0_.phone as phone7_6_,
        members0_.refresh_token as refresh_8_6_,
        members0_.role as role9_6_ 
    from
        members members0_ 
    where
        members0_.email=?
Hibernate: 
    select
        stores0_.id as id1_12_0_,
        stores0_.created_date as created_2_12_0_,
        stores0_.modified_date as modified3_12_0_,
        stores0_.author_id as author_i9_12_0_,
        stores0_.clothes_info_id as clothes10_12_0_,
        stores0_.colors_name as colors_11_12_0_,
        stores0_.materials_name as materia12_12_0_,
        stores0_.style_name as style_n13_12_0_,
        stores0_.clothes_length as clothes_4_12_0_,
        stores0_.content as content5_12_0_,
        stores0_.price as price6_12_0_,
        stores0_.sales_info_clothes_id as sales_i14_12_0_,
        stores0_.sales_info_status_id as sales_i15_12_0_,
        stores0_.sales_info_user_id as sales_i16_12_0_,
        stores0_.status as status7_12_0_,
        stores0_.title as title8_12_0_,
        members1_.id as id1_6_1_,
        members1_.email as email2_6_1_,
        members1_.image as image3_6_1_,
        members1_.name as name4_6_1_,
        members1_.nickname as nickname5_6_1_,
        members1_.password as password6_6_1_,
        members1_.phone as phone7_6_1_,
        members1_.refresh_token as refresh_8_6_1_,
        members1_.role as role9_6_1_,
        clothesinf2_.id as id1_2_2_,
        clothesinf2_.categoryl as category2_2_2_,
        clothesinf2_.categorys as category3_2_2_,
        clothesinf2_.fit as fit4_2_2_,
        clothesinf2_.length as length5_2_2_,
        colors3_.id as id1_4_3_,
        colors3_.name as name2_4_3_,
        materials4_.id as id1_5_4_,
        materials4_.name as name2_5_4_,
        style5_.id as id1_14_5_,
        style5_.name as name2_14_5_,
        salesinfoc6_.id as id1_9_6_,
        salesinfoc6_.clothes_brand as clothes_2_9_6_,
        salesinfoc6_.clothes_color as clothes_3_9_6_,
        salesinfoc6_.clothes_gender as clothes_4_9_6_,
        salesinfoc6_.clothes_size as clothes_5_9_6_,
        salesinfos7_.id as id1_10_7_,
        salesinfos7_.status_score as status_s2_10_7_,
        salesinfos7_.status_tag as status_t3_10_7_,
        salesinfos7_.status_times as status_t4_10_7_,
        salesinfos7_.status_when2buy as status_w5_10_7_,
        salesinfos7_.transport as transpor6_10_7_,
        salesinfou8_.id as id1_11_8_,
        salesinfou8_.user_height as user_hei2_11_8_,
        salesinfou8_.user_size as user_siz3_11_8_,
        salesinfou8_.user_weight as user_wei4_11_8_ 
    from
        stores stores0_ 
    left outer join
        members members1_ 
            on stores0_.author_id=members1_.id 
    left outer join
        clothes_info clothesinf2_ 
            on stores0_.clothes_info_id=clothesinf2_.id 
    left outer join
        colors colors3_ 
            on stores0_.colors_name=colors3_.name 
    left outer join
        materials materials4_ 
            on stores0_.materials_name=materials4_.name 
    left outer join
        style style5_ 
            on stores0_.style_name=style5_.name 
    left outer join
        sales_info_clothes salesinfoc6_ 
            on stores0_.sales_info_clothes_id=salesinfoc6_.id 
    left outer join
        sales_info_status salesinfos7_ 
            on stores0_.sales_info_status_id=salesinfos7_.id 
    left outer join
        sales_info_user salesinfou8_ 
            on stores0_.sales_info_user_id=salesinfou8_.id 
    where
        stores0_.id=?
Hibernate: 
    select
        memberslik0_.id as id1_7_,
        memberslik0_.store_id as store_id2_7_,
        memberslik0_.user_id as user_id3_7_ 
    from
        members_like_stores_post memberslik0_ 
    where
        memberslik0_.user_id=? 
        and memberslik0_.store_id=?
Hibernate: 
    select
        storeslike0_.user_id as user_id3_7_0_,
        storeslike0_.id as id1_7_0_,
        storeslike0_.id as id1_7_1_,
        storeslike0_.store_id as store_id2_7_1_,
        storeslike0_.user_id as user_id3_7_1_,
        stores1_.id as id1_12_2_,
        stores1_.created_date as created_2_12_2_,
        stores1_.modified_date as modified3_12_2_,
        stores1_.author_id as author_i9_12_2_,
        stores1_.clothes_info_id as clothes10_12_2_,
        stores1_.colors_name as colors_11_12_2_,
        stores1_.materials_name as materia12_12_2_,
        stores1_.style_name as style_n13_12_2_,
        stores1_.clothes_length as clothes_4_12_2_,
        stores1_.content as content5_12_2_,
        stores1_.price as price6_12_2_,
        stores1_.sales_info_clothes_id as sales_i14_12_2_,
        stores1_.sales_info_status_id as sales_i15_12_2_,
        stores1_.sales_info_user_id as sales_i16_12_2_,
        stores1_.status as status7_12_2_,
        stores1_.title as title8_12_2_,
        members2_.id as id1_6_3_,
        members2_.email as email2_6_3_,
        members2_.image as image3_6_3_,
        members2_.name as name4_6_3_,
        members2_.nickname as nickname5_6_3_,
        members2_.password as password6_6_3_,
        members2_.phone as phone7_6_3_,
        members2_.refresh_token as refresh_8_6_3_,
        members2_.role as role9_6_3_,
        clothesinf3_.id as id1_2_4_,
        clothesinf3_.categoryl as category2_2_4_,
        clothesinf3_.categorys as category3_2_4_,
        clothesinf3_.fit as fit4_2_4_,
        clothesinf3_.length as length5_2_4_,
        colors4_.id as id1_4_5_,
        colors4_.name as name2_4_5_,
        materials5_.id as id1_5_6_,
        materials5_.name as name2_5_6_,
        style6_.id as id1_14_7_,
        style6_.name as name2_14_7_,
        salesinfoc7_.id as id1_9_8_,
        salesinfoc7_.clothes_brand as clothes_2_9_8_,
        salesinfoc7_.clothes_color as clothes_3_9_8_,
        salesinfoc7_.clothes_gender as clothes_4_9_8_,
        salesinfoc7_.clothes_size as clothes_5_9_8_,
        salesinfos8_.id as id1_10_9_,
        salesinfos8_.status_score as status_s2_10_9_,
        salesinfos8_.status_tag as status_t3_10_9_,
        salesinfos8_.status_times as status_t4_10_9_,
        salesinfos8_.status_when2buy as status_w5_10_9_,
        salesinfos8_.transport as transpor6_10_9_,
        salesinfou9_.id as id1_11_10_,
        salesinfou9_.user_height as user_hei2_11_10_,
        salesinfou9_.user_size as user_siz3_11_10_,
        salesinfou9_.user_weight as user_wei4_11_10_ 
    from
        members_like_stores_post storeslike0_ 
    left outer join
        stores stores1_ 
            on storeslike0_.store_id=stores1_.id 
    left outer join
        members members2_ 
            on stores1_.author_id=members2_.id 
    left outer join
        clothes_info clothesinf3_ 
            on stores1_.clothes_info_id=clothesinf3_.id 
    left outer join
        colors colors4_ 
            on stores1_.colors_name=colors4_.name 
    left outer join
        materials materials5_ 
            on stores1_.materials_name=materials5_.name 
    left outer join
        style style6_ 
            on stores1_.style_name=style6_.name 
    left outer join
        sales_info_clothes salesinfoc7_ 
            on stores1_.sales_info_clothes_id=salesinfoc7_.id 
    left outer join
        sales_info_status salesinfos8_ 
            on stores1_.sales_info_status_id=salesinfos8_.id 
    left outer join
        sales_info_user salesinfou9_ 
            on stores1_.sales_info_user_id=salesinfou9_.id 
    where
        storeslike0_.user_id=?
Hibernate: 
    delete 
    from
        members_like_stores_post 
    where
        id=?
Hibernate: 
    select
        memberslik0_.id as id1_7_,
        memberslik0_.store_id as store_id2_7_,
        memberslik0_.user_id as user_id3_7_ 
    from
        members_like_stores_post memberslik0_
Hibernate: 
    select
        members0_.id as id1_6_,
        members0_.email as email2_6_,
        members0_.image as image3_6_,
        members0_.name as name4_6_,
        members0_.nickname as nickname5_6_,
        members0_.password as password6_6_,
        members0_.phone as phone7_6_,
        members0_.refresh_token as refresh_8_6_,
        members0_.role as role9_6_ 
    from
        members members0_ 
    where
        members0_.email=?
Hibernate: 
    select
        members0_.id as id1_6_,
        members0_.email as email2_6_,
        members0_.image as image3_6_,
        members0_.name as name4_6_,
        members0_.nickname as nickname5_6_,
        members0_.password as password6_6_,
        members0_.phone as phone7_6_,
        members0_.refresh_token as refresh_8_6_,
        members0_.role as role9_6_ 
    from
        members members0_ 
    where
        members0_.email=?
Hibernate: 
    update
        members 
    set
        email=?,
        image=?,
        name=?,
        nickname=?,
        password=?,
        phone=?,
        refresh_token=?,
        role=? 
    where
        id=?
2022-11-10 12:34:04.613  INFO 9968 --- [    Test worker] o.a.c.c.C.[Tomcat].[localhost].[/]       : Initializing Spring TestDispatcherServlet ''
2022-11-10 12:34:04.613  INFO 9968 --- [    Test worker] o.s.t.web.servlet.TestDispatcherServlet  : Initializing Servlet ''
2022-11-10 12:34:04.615  INFO 9968 --- [    Test worker] o.s.t.web.servlet.TestDispatcherServlet  : Completed initialization in 2 ms
gunsong2@naver.com
Hibernate: 
    select
        members0_.id as id1_6_,
        members0_.email as email2_6_,
        members0_.image as image3_6_,
        members0_.name as name4_6_,
        members0_.nickname as nickname5_6_,
        members0_.password as password6_6_,
        members0_.phone as phone7_6_,
        members0_.refresh_token as refresh_8_6_,
        members0_.role as role9_6_ 
    from
        members members0_ 
    where
        members0_.email=?
Hibernate: 
    select
        style0_.id as id1_14_,
        style0_.name as name2_14_ 
    from
        style style0_ 
    where
        style0_.name=?
Hibernate: 
    select
        materials0_.id as id1_5_,
        materials0_.name as name2_5_ 
    from
        materials materials0_ 
    where
        materials0_.name=?
Hibernate: 
    select
        colors0_.id as id1_4_,
        colors0_.name as name2_4_ 
    from
        colors colors0_ 
    where
        colors0_.name=?
Hibernate: 
    select
        clothesinf0_.id as id1_2_,
        clothesinf0_.categoryl as category2_2_,
        clothesinf0_.categorys as category3_2_,
        clothesinf0_.fit as fit4_2_,
        clothesinf0_.length as length5_2_ 
    from
        clothes_info clothesinf0_ 
    where
        clothesinf0_.categoryl=? 
        and clothesinf0_.categorys=? 
        and clothesinf0_.length=? 
        and clothesinf0_.fit=?
Hibernate: 
    select
        salesinfoc0_.id as id1_9_,
        salesinfoc0_.clothes_brand as clothes_2_9_,
        salesinfoc0_.clothes_color as clothes_3_9_,
        salesinfoc0_.clothes_gender as clothes_4_9_,
        salesinfoc0_.clothes_size as clothes_5_9_ 
    from
        sales_info_clothes salesinfoc0_ 
    where
        salesinfoc0_.clothes_brand=? 
        and salesinfoc0_.clothes_gender=? 
        and salesinfoc0_.clothes_size=? 
        and salesinfoc0_.clothes_color=?
Hibernate: 
    select
        salesinfos0_.id as id1_10_,
        salesinfos0_.status_score as status_s2_10_,
        salesinfos0_.status_tag as status_t3_10_,
        salesinfos0_.status_times as status_t4_10_,
        salesinfos0_.status_when2buy as status_w5_10_,
        salesinfos0_.transport as transpor6_10_ 
    from
        sales_info_status salesinfos0_ 
    where
        salesinfos0_.status_tag=? 
        and salesinfos0_.status_score=? 
        and salesinfos0_.status_times=? 
        and salesinfos0_.status_when2buy=? 
        and salesinfos0_.transport=?
Hibernate: 
    select
        salesinfou0_.id as id1_11_,
        salesinfou0_.user_height as user_hei2_11_,
        salesinfou0_.user_size as user_siz3_11_,
        salesinfou0_.user_weight as user_wei4_11_ 
    from
        sales_info_user salesinfou0_ 
    where
        salesinfou0_.user_size=? 
        and salesinfou0_.user_weight=? 
        and salesinfou0_.user_height=?
Hibernate: 
    insert 
    into
        clothes_image
        (closets_post_id, path, stores_post_id, type) 
    values
        (?, ?, ?, ?)
Hibernate: 
    insert 
    into
        clothes_image
        (closets_post_id, path, stores_post_id, type) 
    values
        (?, ?, ?, ?)
Hibernate: 
    insert 
    into
        stores
        (created_date, modified_date, author_id, clothes_info_id, colors_name, materials_name, style_name, clothes_length, content, price, sales_info_clothes_id, sales_info_status_id, sales_info_user_id, status, title) 
    values
        (?, ?, ?, ?, ?, ?, ?, ?, ?, ?, ?, ?, ?, ?, ?)
Hibernate: 
    update
        clothes_image 
    set
        closets_post_id=?,
        path=?,
        stores_post_id=?,
        type=? 
    where
        id=?
Hibernate: 
    update
        clothes_image 
    set
        closets_post_id=?,
        path=?,
        stores_post_id=?,
        type=? 
    where
        id=?
gunsong2@naver.com
Hibernate: 
    select
        members0_.id as id1_6_,
        members0_.email as email2_6_,
        members0_.image as image3_6_,
        members0_.name as name4_6_,
        members0_.nickname as nickname5_6_,
        members0_.password as password6_6_,
        members0_.phone as phone7_6_,
        members0_.refresh_token as refresh_8_6_,
        members0_.role as role9_6_ 
    from
        members members0_ 
    where
        members0_.email=?
Hibernate: 
    select
        style0_.id as id1_14_,
        style0_.name as name2_14_ 
    from
        style style0_ 
    where
        style0_.name=?
Hibernate: 
    select
        materials0_.id as id1_5_,
        materials0_.name as name2_5_ 
    from
        materials materials0_ 
    where
        materials0_.name=?
Hibernate: 
    select
        colors0_.id as id1_4_,
        colors0_.name as name2_4_ 
    from
        colors colors0_ 
    where
        colors0_.name=?
Hibernate: 
    select
        clothesinf0_.id as id1_2_,
        clothesinf0_.categoryl as category2_2_,
        clothesinf0_.categorys as category3_2_,
        clothesinf0_.fit as fit4_2_,
        clothesinf0_.length as length5_2_ 
    from
        clothes_info clothesinf0_ 
    where
        clothesinf0_.categoryl=? 
        and clothesinf0_.categorys=? 
        and clothesinf0_.length=? 
        and clothesinf0_.fit=?
Hibernate: 
    select
        salesinfoc0_.id as id1_9_,
        salesinfoc0_.clothes_brand as clothes_2_9_,
        salesinfoc0_.clothes_color as clothes_3_9_,
        salesinfoc0_.clothes_gender as clothes_4_9_,
        salesinfoc0_.clothes_size as clothes_5_9_ 
    from
        sales_info_clothes salesinfoc0_ 
    where
        salesinfoc0_.clothes_brand=? 
        and salesinfoc0_.clothes_gender=? 
        and salesinfoc0_.clothes_size=? 
        and salesinfoc0_.clothes_color=?
Hibernate: 
    select
        salesinfos0_.id as id1_10_,
        salesinfos0_.status_score as status_s2_10_,
        salesinfos0_.status_tag as status_t3_10_,
        salesinfos0_.status_times as status_t4_10_,
        salesinfos0_.status_when2buy as status_w5_10_,
        salesinfos0_.transport as transpor6_10_ 
    from
        sales_info_status salesinfos0_ 
    where
        salesinfos0_.status_tag=? 
        and salesinfos0_.status_score=? 
        and salesinfos0_.status_times=? 
        and salesinfos0_.status_when2buy=? 
        and salesinfos0_.transport=?
Hibernate: 
    select
        salesinfou0_.id as id1_11_,
        salesinfou0_.user_height as user_hei2_11_,
        salesinfou0_.user_size as user_siz3_11_,
        salesinfou0_.user_weight as user_wei4_11_ 
    from
        sales_info_user salesinfou0_ 
    where
        salesinfou0_.user_size=? 
        and salesinfou0_.user_weight=? 
        and salesinfou0_.user_height=?
Hibernate: 
    insert 
    into
        clothes_image
        (closets_post_id, path, stores_post_id, type) 
    values
        (?, ?, ?, ?)
Hibernate: 
    insert 
    into
        clothes_image
        (closets_post_id, path, stores_post_id, type) 
    values
        (?, ?, ?, ?)
Hibernate: 
    insert 
    into
        stores
        (created_date, modified_date, author_id, clothes_info_id, colors_name, materials_name, style_name, clothes_length, content, price, sales_info_clothes_id, sales_info_status_id, sales_info_user_id, status, title) 
    values
        (?, ?, ?, ?, ?, ?, ?, ?, ?, ?, ?, ?, ?, ?, ?)
Hibernate: 
    update
        clothes_image 
    set
        closets_post_id=?,
        path=?,
        stores_post_id=?,
        type=? 
    where
        id=?
Hibernate: 
    update
        clothes_image 
    set
        closets_post_id=?,
        path=?,
        stores_post_id=?,
        type=? 
    where
        id=?
gunsong2@naver.com
Hibernate: 
    select
        members0_.id as id1_6_,
        members0_.email as email2_6_,
        members0_.image as image3_6_,
        members0_.name as name4_6_,
        members0_.nickname as nickname5_6_,
        members0_.password as password6_6_,
        members0_.phone as phone7_6_,
        members0_.refresh_token as refresh_8_6_,
        members0_.role as role9_6_ 
    from
        members members0_ 
    where
        members0_.email=?
Hibernate: 
    select
        style0_.id as id1_14_,
        style0_.name as name2_14_ 
    from
        style style0_ 
    where
        style0_.name=?
Hibernate: 
    select
        materials0_.id as id1_5_,
        materials0_.name as name2_5_ 
    from
        materials materials0_ 
    where
        materials0_.name=?
Hibernate: 
    select
        colors0_.id as id1_4_,
        colors0_.name as name2_4_ 
    from
        colors colors0_ 
    where
        colors0_.name=?
Hibernate: 
    select
        clothesinf0_.id as id1_2_,
        clothesinf0_.categoryl as category2_2_,
        clothesinf0_.categorys as category3_2_,
        clothesinf0_.fit as fit4_2_,
        clothesinf0_.length as length5_2_ 
    from
        clothes_info clothesinf0_ 
    where
        clothesinf0_.categoryl=? 
        and clothesinf0_.categorys=? 
        and clothesinf0_.length=? 
        and clothesinf0_.fit=?
Hibernate: 
    select
        salesinfoc0_.id as id1_9_,
        salesinfoc0_.clothes_brand as clothes_2_9_,
        salesinfoc0_.clothes_color as clothes_3_9_,
        salesinfoc0_.clothes_gender as clothes_4_9_,
        salesinfoc0_.clothes_size as clothes_5_9_ 
    from
        sales_info_clothes salesinfoc0_ 
    where
        salesinfoc0_.clothes_brand=? 
        and salesinfoc0_.clothes_gender=? 
        and salesinfoc0_.clothes_size=? 
        and salesinfoc0_.clothes_color=?
Hibernate: 
    select
        salesinfos0_.id as id1_10_,
        salesinfos0_.status_score as status_s2_10_,
        salesinfos0_.status_tag as status_t3_10_,
        salesinfos0_.status_times as status_t4_10_,
        salesinfos0_.status_when2buy as status_w5_10_,
        salesinfos0_.transport as transpor6_10_ 
    from
        sales_info_status salesinfos0_ 
    where
        salesinfos0_.status_tag=? 
        and salesinfos0_.status_score=? 
        and salesinfos0_.status_times=? 
        and salesinfos0_.status_when2buy=? 
        and salesinfos0_.transport=?
Hibernate: 
    select
        salesinfou0_.id as id1_11_,
        salesinfou0_.user_height as user_hei2_11_,
        salesinfou0_.user_size as user_siz3_11_,
        salesinfou0_.user_weight as user_wei4_11_ 
    from
        sales_info_user salesinfou0_ 
    where
        salesinfou0_.user_size=? 
        and salesinfou0_.user_weight=? 
        and salesinfou0_.user_height=?
Hibernate: 
    insert 
    into
        clothes_image
        (closets_post_id, path, stores_post_id, type) 
    values
        (?, ?, ?, ?)
Hibernate: 
    insert 
    into
        clothes_image
        (closets_post_id, path, stores_post_id, type) 
    values
        (?, ?, ?, ?)
Hibernate: 
    insert 
    into
        stores
        (created_date, modified_date, author_id, clothes_info_id, colors_name, materials_name, style_name, clothes_length, content, price, sales_info_clothes_id, sales_info_status_id, sales_info_user_id, status, title) 
    values
        (?, ?, ?, ?, ?, ?, ?, ?, ?, ?, ?, ?, ?, ?, ?)
Hibernate: 
    update
        clothes_image 
    set
        closets_post_id=?,
        path=?,
        stores_post_id=?,
        type=? 
    where
        id=?
Hibernate: 
    update
        clothes_image 
    set
        closets_post_id=?,
        path=?,
        stores_post_id=?,
        type=? 
    where
        id=?
gunsong2@naver.com
Hibernate: 
    select
        members0_.id as id1_6_,
        members0_.email as email2_6_,
        members0_.image as image3_6_,
        members0_.name as name4_6_,
        members0_.nickname as nickname5_6_,
        members0_.password as password6_6_,
        members0_.phone as phone7_6_,
        members0_.refresh_token as refresh_8_6_,
        members0_.role as role9_6_ 
    from
        members members0_ 
    where
        members0_.email=?
Hibernate: 
    select
        style0_.id as id1_14_,
        style0_.name as name2_14_ 
    from
        style style0_ 
    where
        style0_.name=?
Hibernate: 
    select
        materials0_.id as id1_5_,
        materials0_.name as name2_5_ 
    from
        materials materials0_ 
    where
        materials0_.name=?
Hibernate: 
    select
        colors0_.id as id1_4_,
        colors0_.name as name2_4_ 
    from
        colors colors0_ 
    where
        colors0_.name=?
Hibernate: 
    select
        clothesinf0_.id as id1_2_,
        clothesinf0_.categoryl as category2_2_,
        clothesinf0_.categorys as category3_2_,
        clothesinf0_.fit as fit4_2_,
        clothesinf0_.length as length5_2_ 
    from
        clothes_info clothesinf0_ 
    where
        clothesinf0_.categoryl=? 
        and clothesinf0_.categorys=? 
        and clothesinf0_.length=? 
        and clothesinf0_.fit=?
Hibernate: 
    select
        salesinfoc0_.id as id1_9_,
        salesinfoc0_.clothes_brand as clothes_2_9_,
        salesinfoc0_.clothes_color as clothes_3_9_,
        salesinfoc0_.clothes_gender as clothes_4_9_,
        salesinfoc0_.clothes_size as clothes_5_9_ 
    from
        sales_info_clothes salesinfoc0_ 
    where
        salesinfoc0_.clothes_brand=? 
        and salesinfoc0_.clothes_gender=? 
        and salesinfoc0_.clothes_size=? 
        and salesinfoc0_.clothes_color=?
Hibernate: 
    select
        salesinfos0_.id as id1_10_,
        salesinfos0_.status_score as status_s2_10_,
        salesinfos0_.status_tag as status_t3_10_,
        salesinfos0_.status_times as status_t4_10_,
        salesinfos0_.status_when2buy as status_w5_10_,
        salesinfos0_.transport as transpor6_10_ 
    from
        sales_info_status salesinfos0_ 
    where
        salesinfos0_.status_tag=? 
        and salesinfos0_.status_score=? 
        and salesinfos0_.status_times=? 
        and salesinfos0_.status_when2buy=? 
        and salesinfos0_.transport=?
Hibernate: 
    select
        salesinfou0_.id as id1_11_,
        salesinfou0_.user_height as user_hei2_11_,
        salesinfou0_.user_size as user_siz3_11_,
        salesinfou0_.user_weight as user_wei4_11_ 
    from
        sales_info_user salesinfou0_ 
    where
        salesinfou0_.user_size=? 
        and salesinfou0_.user_weight=? 
        and salesinfou0_.user_height=?
Hibernate: 
    insert 
    into
        clothes_image
        (closets_post_id, path, stores_post_id, type) 
    values
        (?, ?, ?, ?)
Hibernate: 
    insert 
    into
        clothes_image
        (closets_post_id, path, stores_post_id, type) 
    values
        (?, ?, ?, ?)
Hibernate: 
    insert 
    into
        stores
        (created_date, modified_date, author_id, clothes_info_id, colors_name, materials_name, style_name, clothes_length, content, price, sales_info_clothes_id, sales_info_status_id, sales_info_user_id, status, title) 
    values
        (?, ?, ?, ?, ?, ?, ?, ?, ?, ?, ?, ?, ?, ?, ?)
Hibernate: 
    update
        clothes_image 
    set
        closets_post_id=?,
        path=?,
        stores_post_id=?,
        type=? 
    where
        id=?
Hibernate: 
    update
        clothes_image 
    set
        closets_post_id=?,
        path=?,
        stores_post_id=?,
        type=? 
    where
        id=?
gunsong2@naver.com
Hibernate: 
    select
        members0_.id as id1_6_,
        members0_.email as email2_6_,
        members0_.image as image3_6_,
        members0_.name as name4_6_,
        members0_.nickname as nickname5_6_,
        members0_.password as password6_6_,
        members0_.phone as phone7_6_,
        members0_.refresh_token as refresh_8_6_,
        members0_.role as role9_6_ 
    from
        members members0_ 
    where
        members0_.email=?
Hibernate: 
    select
        style0_.id as id1_14_,
        style0_.name as name2_14_ 
    from
        style style0_ 
    where
        style0_.name=?
Hibernate: 
    select
        materials0_.id as id1_5_,
        materials0_.name as name2_5_ 
    from
        materials materials0_ 
    where
        materials0_.name=?
Hibernate: 
    select
        colors0_.id as id1_4_,
        colors0_.name as name2_4_ 
    from
        colors colors0_ 
    where
        colors0_.name=?
Hibernate: 
    select
        clothesinf0_.id as id1_2_,
        clothesinf0_.categoryl as category2_2_,
        clothesinf0_.categorys as category3_2_,
        clothesinf0_.fit as fit4_2_,
        clothesinf0_.length as length5_2_ 
    from
        clothes_info clothesinf0_ 
    where
        clothesinf0_.categoryl=? 
        and clothesinf0_.categorys=? 
        and clothesinf0_.length=? 
        and clothesinf0_.fit=?
Hibernate: 
    select
        salesinfoc0_.id as id1_9_,
        salesinfoc0_.clothes_brand as clothes_2_9_,
        salesinfoc0_.clothes_color as clothes_3_9_,
        salesinfoc0_.clothes_gender as clothes_4_9_,
        salesinfoc0_.clothes_size as clothes_5_9_ 
    from
        sales_info_clothes salesinfoc0_ 
    where
        salesinfoc0_.clothes_brand=? 
        and salesinfoc0_.clothes_gender=? 
        and salesinfoc0_.clothes_size=? 
        and salesinfoc0_.clothes_color=?
Hibernate: 
    select
        salesinfos0_.id as id1_10_,
        salesinfos0_.status_score as status_s2_10_,
        salesinfos0_.status_tag as status_t3_10_,
        salesinfos0_.status_times as status_t4_10_,
        salesinfos0_.status_when2buy as status_w5_10_,
        salesinfos0_.transport as transpor6_10_ 
    from
        sales_info_status salesinfos0_ 
    where
        salesinfos0_.status_tag=? 
        and salesinfos0_.status_score=? 
        and salesinfos0_.status_times=? 
        and salesinfos0_.status_when2buy=? 
        and salesinfos0_.transport=?
Hibernate: 
    select
        salesinfou0_.id as id1_11_,
        salesinfou0_.user_height as user_hei2_11_,
        salesinfou0_.user_size as user_siz3_11_,
        salesinfou0_.user_weight as user_wei4_11_ 
    from
        sales_info_user salesinfou0_ 
    where
        salesinfou0_.user_size=? 
        and salesinfou0_.user_weight=? 
        and salesinfou0_.user_height=?
Hibernate: 
    insert 
    into
        clothes_image
        (closets_post_id, path, stores_post_id, type) 
    values
        (?, ?, ?, ?)
Hibernate: 
    insert 
    into
        clothes_image
        (closets_post_id, path, stores_post_id, type) 
    values
        (?, ?, ?, ?)
Hibernate: 
    insert 
    into
        stores
        (created_date, modified_date, author_id, clothes_info_id, colors_name, materials_name, style_name, clothes_length, content, price, sales_info_clothes_id, sales_info_status_id, sales_info_user_id, status, title) 
    values
        (?, ?, ?, ?, ?, ?, ?, ?, ?, ?, ?, ?, ?, ?, ?)
Hibernate: 
    update
        clothes_image 
    set
        closets_post_id=?,
        path=?,
        stores_post_id=?,
        type=? 
    where
        id=?
Hibernate: 
    update
        clothes_image 
    set
        closets_post_id=?,
        path=?,
        stores_post_id=?,
        type=? 
    where
        id=?
Hibernate: 
    select
        stores0_.id as id1_12_,
        stores0_.created_date as created_2_12_,
        stores0_.modified_date as modified3_12_,
        stores0_.author_id as author_i9_12_,
        stores0_.clothes_info_id as clothes10_12_,
        stores0_.colors_name as colors_11_12_,
        stores0_.materials_name as materia12_12_,
        stores0_.style_name as style_n13_12_,
        stores0_.clothes_length as clothes_4_12_,
        stores0_.content as content5_12_,
        stores0_.price as price6_12_,
        stores0_.sales_info_clothes_id as sales_i14_12_,
        stores0_.sales_info_status_id as sales_i15_12_,
        stores0_.sales_info_user_id as sales_i16_12_,
        stores0_.status as status7_12_,
        stores0_.title as title8_12_ 
    from
        stores stores0_
Hibernate: 
    select
        members0_.id as id1_6_0_,
        members0_.email as email2_6_0_,
        members0_.image as image3_6_0_,
        members0_.name as name4_6_0_,
        members0_.nickname as nickname5_6_0_,
        members0_.password as password6_6_0_,
        members0_.phone as phone7_6_0_,
        members0_.refresh_token as refresh_8_6_0_,
        members0_.role as role9_6_0_ 
    from
        members members0_ 
    where
        members0_.id=?
Hibernate: 
    select
        clothesinf0_.id as id1_2_0_,
        clothesinf0_.categoryl as category2_2_0_,
        clothesinf0_.categorys as category3_2_0_,
        clothesinf0_.fit as fit4_2_0_,
        clothesinf0_.length as length5_2_0_ 
    from
        clothes_info clothesinf0_ 
    where
        clothesinf0_.id=?
Hibernate: 
    select
        colors0_.id as id1_4_0_,
        colors0_.name as name2_4_0_ 
    from
        colors colors0_ 
    where
        colors0_.name=?
Hibernate: 
    select
        materials0_.id as id1_5_0_,
        materials0_.name as name2_5_0_ 
    from
        materials materials0_ 
    where
        materials0_.name=?
Hibernate: 
    select
        style0_.id as id1_14_0_,
        style0_.name as name2_14_0_ 
    from
        style style0_ 
    where
        style0_.name=?
Hibernate: 
    select
        salesinfoc0_.id as id1_9_0_,
        salesinfoc0_.clothes_brand as clothes_2_9_0_,
        salesinfoc0_.clothes_color as clothes_3_9_0_,
        salesinfoc0_.clothes_gender as clothes_4_9_0_,
        salesinfoc0_.clothes_size as clothes_5_9_0_ 
    from
        sales_info_clothes salesinfoc0_ 
    where
        salesinfoc0_.id=?
Hibernate: 
    select
        salesinfos0_.id as id1_10_0_,
        salesinfos0_.status_score as status_s2_10_0_,
        salesinfos0_.status_tag as status_t3_10_0_,
        salesinfos0_.status_times as status_t4_10_0_,
        salesinfos0_.status_when2buy as status_w5_10_0_,
        salesinfos0_.transport as transpor6_10_0_ 
    from
        sales_info_status salesinfos0_ 
    where
        salesinfos0_.id=?
Hibernate: 
    select
        salesinfou0_.id as id1_11_0_,
        salesinfou0_.user_height as user_hei2_11_0_,
        salesinfou0_.user_size as user_siz3_11_0_,
        salesinfou0_.user_weight as user_wei4_11_0_ 
    from
        sales_info_user salesinfou0_ 
    where
        salesinfou0_.id=?
Hibernate: 
    select
        clothesinf0_.id as id1_2_0_,
        clothesinf0_.categoryl as category2_2_0_,
        clothesinf0_.categorys as category3_2_0_,
        clothesinf0_.fit as fit4_2_0_,
        clothesinf0_.length as length5_2_0_ 
    from
        clothes_info clothesinf0_ 
    where
        clothesinf0_.id=?
Hibernate: 
    select
        colors0_.id as id1_4_0_,
        colors0_.name as name2_4_0_ 
    from
        colors colors0_ 
    where
        colors0_.name=?
Hibernate: 
    select
        materials0_.id as id1_5_0_,
        materials0_.name as name2_5_0_ 
    from
        materials materials0_ 
    where
        materials0_.name=?
Hibernate: 
    select
        style0_.id as id1_14_0_,
        style0_.name as name2_14_0_ 
    from
        style style0_ 
    where
        style0_.name=?
Hibernate: 
    select
        salesinfoc0_.id as id1_9_0_,
        salesinfoc0_.clothes_brand as clothes_2_9_0_,
        salesinfoc0_.clothes_color as clothes_3_9_0_,
        salesinfoc0_.clothes_gender as clothes_4_9_0_,
        salesinfoc0_.clothes_size as clothes_5_9_0_ 
    from
        sales_info_clothes salesinfoc0_ 
    where
        salesinfoc0_.id=?
Hibernate: 
    select
        salesinfos0_.id as id1_10_0_,
        salesinfos0_.status_score as status_s2_10_0_,
        salesinfos0_.status_tag as status_t3_10_0_,
        salesinfos0_.status_times as status_t4_10_0_,
        salesinfos0_.status_when2buy as status_w5_10_0_,
        salesinfos0_.transport as transpor6_10_0_ 
    from
        sales_info_status salesinfos0_ 
    where
        salesinfos0_.id=?
Hibernate: 
    select
        salesinfou0_.id as id1_11_0_,
        salesinfou0_.user_height as user_hei2_11_0_,
        salesinfou0_.user_size as user_siz3_11_0_,
        salesinfou0_.user_weight as user_wei4_11_0_ 
    from
        sales_info_user salesinfou0_ 
    where
        salesinfou0_.id=?
Hibernate: 
    select
        clothesinf0_.id as id1_2_0_,
        clothesinf0_.categoryl as category2_2_0_,
        clothesinf0_.categorys as category3_2_0_,
        clothesinf0_.fit as fit4_2_0_,
        clothesinf0_.length as length5_2_0_ 
    from
        clothes_info clothesinf0_ 
    where
        clothesinf0_.id=?
Hibernate: 
    select
        colors0_.id as id1_4_0_,
        colors0_.name as name2_4_0_ 
    from
        colors colors0_ 
    where
        colors0_.name=?
Hibernate: 
    select
        materials0_.id as id1_5_0_,
        materials0_.name as name2_5_0_ 
    from
        materials materials0_ 
    where
        materials0_.name=?
Hibernate: 
    select
        style0_.id as id1_14_0_,
        style0_.name as name2_14_0_ 
    from
        style style0_ 
    where
        style0_.name=?
Hibernate: 
    select
        salesinfoc0_.id as id1_9_0_,
        salesinfoc0_.clothes_brand as clothes_2_9_0_,
        salesinfoc0_.clothes_color as clothes_3_9_0_,
        salesinfoc0_.clothes_gender as clothes_4_9_0_,
        salesinfoc0_.clothes_size as clothes_5_9_0_ 
    from
        sales_info_clothes salesinfoc0_ 
    where
        salesinfoc0_.id=?
Hibernate: 
    select
        salesinfos0_.id as id1_10_0_,
        salesinfos0_.status_score as status_s2_10_0_,
        salesinfos0_.status_tag as status_t3_10_0_,
        salesinfos0_.status_times as status_t4_10_0_,
        salesinfos0_.status_when2buy as status_w5_10_0_,
        salesinfos0_.transport as transpor6_10_0_ 
    from
        sales_info_status salesinfos0_ 
    where
        salesinfos0_.id=?
Hibernate: 
    select
        salesinfou0_.id as id1_11_0_,
        salesinfou0_.user_height as user_hei2_11_0_,
        salesinfou0_.user_size as user_siz3_11_0_,
        salesinfou0_.user_weight as user_wei4_11_0_ 
    from
        sales_info_user salesinfou0_ 
    where
        salesinfou0_.id=?
Hibernate: 
    select
        clothesinf0_.id as id1_2_0_,
        clothesinf0_.categoryl as category2_2_0_,
        clothesinf0_.categorys as category3_2_0_,
        clothesinf0_.fit as fit4_2_0_,
        clothesinf0_.length as length5_2_0_ 
    from
        clothes_info clothesinf0_ 
    where
        clothesinf0_.id=?
Hibernate: 
    select
        colors0_.id as id1_4_0_,
        colors0_.name as name2_4_0_ 
    from
        colors colors0_ 
    where
        colors0_.name=?
Hibernate: 
    select
        materials0_.id as id1_5_0_,
        materials0_.name as name2_5_0_ 
    from
        materials materials0_ 
    where
        materials0_.name=?
Hibernate: 
    select
        style0_.id as id1_14_0_,
        style0_.name as name2_14_0_ 
    from
        style style0_ 
    where
        style0_.name=?
Hibernate: 
    select
        salesinfoc0_.id as id1_9_0_,
        salesinfoc0_.clothes_brand as clothes_2_9_0_,
        salesinfoc0_.clothes_color as clothes_3_9_0_,
        salesinfoc0_.clothes_gender as clothes_4_9_0_,
        salesinfoc0_.clothes_size as clothes_5_9_0_ 
    from
        sales_info_clothes salesinfoc0_ 
    where
        salesinfoc0_.id=?
Hibernate: 
    select
        salesinfos0_.id as id1_10_0_,
        salesinfos0_.status_score as status_s2_10_0_,
        salesinfos0_.status_tag as status_t3_10_0_,
        salesinfos0_.status_times as status_t4_10_0_,
        salesinfos0_.status_when2buy as status_w5_10_0_,
        salesinfos0_.transport as transpor6_10_0_ 
    from
        sales_info_status salesinfos0_ 
    where
        salesinfos0_.id=?
Hibernate: 
    select
        salesinfou0_.id as id1_11_0_,
        salesinfou0_.user_height as user_hei2_11_0_,
        salesinfou0_.user_size as user_siz3_11_0_,
        salesinfou0_.user_weight as user_wei4_11_0_ 
    from
        sales_info_user salesinfou0_ 
    where
        salesinfou0_.id=?
Hibernate: 
    select
        clothesinf0_.id as id1_2_0_,
        clothesinf0_.categoryl as category2_2_0_,
        clothesinf0_.categorys as category3_2_0_,
        clothesinf0_.fit as fit4_2_0_,
        clothesinf0_.length as length5_2_0_ 
    from
        clothes_info clothesinf0_ 
    where
        clothesinf0_.id=?
Hibernate: 
    select
        materials0_.id as id1_5_0_,
        materials0_.name as name2_5_0_ 
    from
        materials materials0_ 
    where
        materials0_.name=?
Hibernate: 
    select
        style0_.id as id1_14_0_,
        style0_.name as name2_14_0_ 
    from
        style style0_ 
    where
        style0_.name=?
Hibernate: 
    select
        salesinfoc0_.id as id1_9_0_,
        salesinfoc0_.clothes_brand as clothes_2_9_0_,
        salesinfoc0_.clothes_color as clothes_3_9_0_,
        salesinfoc0_.clothes_gender as clothes_4_9_0_,
        salesinfoc0_.clothes_size as clothes_5_9_0_ 
    from
        sales_info_clothes salesinfoc0_ 
    where
        salesinfoc0_.id=?
Hibernate: 
    select
        salesinfos0_.id as id1_10_0_,
        salesinfos0_.status_score as status_s2_10_0_,
        salesinfos0_.status_tag as status_t3_10_0_,
        salesinfos0_.status_times as status_t4_10_0_,
        salesinfos0_.status_when2buy as status_w5_10_0_,
        salesinfos0_.transport as transpor6_10_0_ 
    from
        sales_info_status salesinfos0_ 
    where
        salesinfos0_.id=?
Hibernate: 
    select
        salesinfou0_.id as id1_11_0_,
        salesinfou0_.user_height as user_hei2_11_0_,
        salesinfou0_.user_size as user_siz3_11_0_,
        salesinfou0_.user_weight as user_wei4_11_0_ 
    from
        sales_info_user salesinfou0_ 
    where
        salesinfou0_.id=?
Hibernate: 
    select
        clothesima0_.id as id1_3_,
        clothesima0_.closets_post_id as closets_4_3_,
        clothesima0_.path as path2_3_,
        clothesima0_.stores_post_id as stores_p5_3_,
        clothesima0_.type as type3_3_ 
    from
        clothes_image clothesima0_
Hibernate: 
    select
        stores0_.id as id1_12_0_,
        stores0_.created_date as created_2_12_0_,
        stores0_.modified_date as modified3_12_0_,
        stores0_.author_id as author_i9_12_0_,
        stores0_.clothes_info_id as clothes10_12_0_,
        stores0_.colors_name as colors_11_12_0_,
        stores0_.materials_name as materia12_12_0_,
        stores0_.style_name as style_n13_12_0_,
        stores0_.clothes_length as clothes_4_12_0_,
        stores0_.content as content5_12_0_,
        stores0_.price as price6_12_0_,
        stores0_.sales_info_clothes_id as sales_i14_12_0_,
        stores0_.sales_info_status_id as sales_i15_12_0_,
        stores0_.sales_info_user_id as sales_i16_12_0_,
        stores0_.status as status7_12_0_,
        stores0_.title as title8_12_0_,
        members1_.id as id1_6_1_,
        members1_.email as email2_6_1_,
        members1_.image as image3_6_1_,
        members1_.name as name4_6_1_,
        members1_.nickname as nickname5_6_1_,
        members1_.password as password6_6_1_,
        members1_.phone as phone7_6_1_,
        members1_.refresh_token as refresh_8_6_1_,
        members1_.role as role9_6_1_,
        clothesinf2_.id as id1_2_2_,
        clothesinf2_.categoryl as category2_2_2_,
        clothesinf2_.categorys as category3_2_2_,
        clothesinf2_.fit as fit4_2_2_,
        clothesinf2_.length as length5_2_2_,
        colors3_.id as id1_4_3_,
        colors3_.name as name2_4_3_,
        materials4_.id as id1_5_4_,
        materials4_.name as name2_5_4_,
        style5_.id as id1_14_5_,
        style5_.name as name2_14_5_,
        salesinfoc6_.id as id1_9_6_,
        salesinfoc6_.clothes_brand as clothes_2_9_6_,
        salesinfoc6_.clothes_color as clothes_3_9_6_,
        salesinfoc6_.clothes_gender as clothes_4_9_6_,
        salesinfoc6_.clothes_size as clothes_5_9_6_,
        salesinfos7_.id as id1_10_7_,
        salesinfos7_.status_score as status_s2_10_7_,
        salesinfos7_.status_tag as status_t3_10_7_,
        salesinfos7_.status_times as status_t4_10_7_,
        salesinfos7_.status_when2buy as status_w5_10_7_,
        salesinfos7_.transport as transpor6_10_7_,
        salesinfou8_.id as id1_11_8_,
        salesinfou8_.user_height as user_hei2_11_8_,
        salesinfou8_.user_size as user_siz3_11_8_,
        salesinfou8_.user_weight as user_wei4_11_8_ 
    from
        stores stores0_ 
    left outer join
        members members1_ 
            on stores0_.author_id=members1_.id 
    left outer join
        clothes_info clothesinf2_ 
            on stores0_.clothes_info_id=clothesinf2_.id 
    left outer join
        colors colors3_ 
            on stores0_.colors_name=colors3_.name 
    left outer join
        materials materials4_ 
            on stores0_.materials_name=materials4_.name 
    left outer join
        style style5_ 
            on stores0_.style_name=style5_.name 
    left outer join
        sales_info_clothes salesinfoc6_ 
            on stores0_.sales_info_clothes_id=salesinfoc6_.id 
    left outer join
        sales_info_status salesinfos7_ 
            on stores0_.sales_info_status_id=salesinfos7_.id 
    left outer join
        sales_info_user salesinfou8_ 
            on stores0_.sales_info_user_id=salesinfou8_.id 
    where
        stores0_.id=?
Hibernate: 
    select
        stores0_.id as id1_12_0_,
        stores0_.created_date as created_2_12_0_,
        stores0_.modified_date as modified3_12_0_,
        stores0_.author_id as author_i9_12_0_,
        stores0_.clothes_info_id as clothes10_12_0_,
        stores0_.colors_name as colors_11_12_0_,
        stores0_.materials_name as materia12_12_0_,
        stores0_.style_name as style_n13_12_0_,
        stores0_.clothes_length as clothes_4_12_0_,
        stores0_.content as content5_12_0_,
        stores0_.price as price6_12_0_,
        stores0_.sales_info_clothes_id as sales_i14_12_0_,
        stores0_.sales_info_status_id as sales_i15_12_0_,
        stores0_.sales_info_user_id as sales_i16_12_0_,
        stores0_.status as status7_12_0_,
        stores0_.title as title8_12_0_,
        members1_.id as id1_6_1_,
        members1_.email as email2_6_1_,
        members1_.image as image3_6_1_,
        members1_.name as name4_6_1_,
        members1_.nickname as nickname5_6_1_,
        members1_.password as password6_6_1_,
        members1_.phone as phone7_6_1_,
        members1_.refresh_token as refresh_8_6_1_,
        members1_.role as role9_6_1_,
        clothesinf2_.id as id1_2_2_,
        clothesinf2_.categoryl as category2_2_2_,
        clothesinf2_.categorys as category3_2_2_,
        clothesinf2_.fit as fit4_2_2_,
        clothesinf2_.length as length5_2_2_,
        colors3_.id as id1_4_3_,
        colors3_.name as name2_4_3_,
        materials4_.id as id1_5_4_,
        materials4_.name as name2_5_4_,
        style5_.id as id1_14_5_,
        style5_.name as name2_14_5_,
        salesinfoc6_.id as id1_9_6_,
        salesinfoc6_.clothes_brand as clothes_2_9_6_,
        salesinfoc6_.clothes_color as clothes_3_9_6_,
        salesinfoc6_.clothes_gender as clothes_4_9_6_,
        salesinfoc6_.clothes_size as clothes_5_9_6_,
        salesinfos7_.id as id1_10_7_,
        salesinfos7_.status_score as status_s2_10_7_,
        salesinfos7_.status_tag as status_t3_10_7_,
        salesinfos7_.status_times as status_t4_10_7_,
        salesinfos7_.status_when2buy as status_w5_10_7_,
        salesinfos7_.transport as transpor6_10_7_,
        salesinfou8_.id as id1_11_8_,
        salesinfou8_.user_height as user_hei2_11_8_,
        salesinfou8_.user_size as user_siz3_11_8_,
        salesinfou8_.user_weight as user_wei4_11_8_ 
    from
        stores stores0_ 
    left outer join
        members members1_ 
            on stores0_.author_id=members1_.id 
    left outer join
        clothes_info clothesinf2_ 
            on stores0_.clothes_info_id=clothesinf2_.id 
    left outer join
        colors colors3_ 
            on stores0_.colors_name=colors3_.name 
    left outer join
        materials materials4_ 
            on stores0_.materials_name=materials4_.name 
    left outer join
        style style5_ 
            on stores0_.style_name=style5_.name 
    left outer join
        sales_info_clothes salesinfoc6_ 
            on stores0_.sales_info_clothes_id=salesinfoc6_.id 
    left outer join
        sales_info_status salesinfos7_ 
            on stores0_.sales_info_status_id=salesinfos7_.id 
    left outer join
        sales_info_user salesinfou8_ 
            on stores0_.sales_info_user_id=salesinfou8_.id 
    where
        stores0_.id=?
Hibernate: 
    select
        stores0_.id as id1_12_0_,
        stores0_.created_date as created_2_12_0_,
        stores0_.modified_date as modified3_12_0_,
        stores0_.author_id as author_i9_12_0_,
        stores0_.clothes_info_id as clothes10_12_0_,
        stores0_.colors_name as colors_11_12_0_,
        stores0_.materials_name as materia12_12_0_,
        stores0_.style_name as style_n13_12_0_,
        stores0_.clothes_length as clothes_4_12_0_,
        stores0_.content as content5_12_0_,
        stores0_.price as price6_12_0_,
        stores0_.sales_info_clothes_id as sales_i14_12_0_,
        stores0_.sales_info_status_id as sales_i15_12_0_,
        stores0_.sales_info_user_id as sales_i16_12_0_,
        stores0_.status as status7_12_0_,
        stores0_.title as title8_12_0_,
        members1_.id as id1_6_1_,
        members1_.email as email2_6_1_,
        members1_.image as image3_6_1_,
        members1_.name as name4_6_1_,
        members1_.nickname as nickname5_6_1_,
        members1_.password as password6_6_1_,
        members1_.phone as phone7_6_1_,
        members1_.refresh_token as refresh_8_6_1_,
        members1_.role as role9_6_1_,
        clothesinf2_.id as id1_2_2_,
        clothesinf2_.categoryl as category2_2_2_,
        clothesinf2_.categorys as category3_2_2_,
        clothesinf2_.fit as fit4_2_2_,
        clothesinf2_.length as length5_2_2_,
        colors3_.id as id1_4_3_,
        colors3_.name as name2_4_3_,
        materials4_.id as id1_5_4_,
        materials4_.name as name2_5_4_,
        style5_.id as id1_14_5_,
        style5_.name as name2_14_5_,
        salesinfoc6_.id as id1_9_6_,
        salesinfoc6_.clothes_brand as clothes_2_9_6_,
        salesinfoc6_.clothes_color as clothes_3_9_6_,
        salesinfoc6_.clothes_gender as clothes_4_9_6_,
        salesinfoc6_.clothes_size as clothes_5_9_6_,
        salesinfos7_.id as id1_10_7_,
        salesinfos7_.status_score as status_s2_10_7_,
        salesinfos7_.status_tag as status_t3_10_7_,
        salesinfos7_.status_times as status_t4_10_7_,
        salesinfos7_.status_when2buy as status_w5_10_7_,
        salesinfos7_.transport as transpor6_10_7_,
        salesinfou8_.id as id1_11_8_,
        salesinfou8_.user_height as user_hei2_11_8_,
        salesinfou8_.user_size as user_siz3_11_8_,
        salesinfou8_.user_weight as user_wei4_11_8_ 
    from
        stores stores0_ 
    left outer join
        members members1_ 
            on stores0_.author_id=members1_.id 
    left outer join
        clothes_info clothesinf2_ 
            on stores0_.clothes_info_id=clothesinf2_.id 
    left outer join
        colors colors3_ 
            on stores0_.colors_name=colors3_.name 
    left outer join
        materials materials4_ 
            on stores0_.materials_name=materials4_.name 
    left outer join
        style style5_ 
            on stores0_.style_name=style5_.name 
    left outer join
        sales_info_clothes salesinfoc6_ 
            on stores0_.sales_info_clothes_id=salesinfoc6_.id 
    left outer join
        sales_info_status salesinfos7_ 
            on stores0_.sales_info_status_id=salesinfos7_.id 
    left outer join
        sales_info_user salesinfou8_ 
            on stores0_.sales_info_user_id=salesinfou8_.id 
    where
        stores0_.id=?
Hibernate: 
    select
        stores0_.id as id1_12_0_,
        stores0_.created_date as created_2_12_0_,
        stores0_.modified_date as modified3_12_0_,
        stores0_.author_id as author_i9_12_0_,
        stores0_.clothes_info_id as clothes10_12_0_,
        stores0_.colors_name as colors_11_12_0_,
        stores0_.materials_name as materia12_12_0_,
        stores0_.style_name as style_n13_12_0_,
        stores0_.clothes_length as clothes_4_12_0_,
        stores0_.content as content5_12_0_,
        stores0_.price as price6_12_0_,
        stores0_.sales_info_clothes_id as sales_i14_12_0_,
        stores0_.sales_info_status_id as sales_i15_12_0_,
        stores0_.sales_info_user_id as sales_i16_12_0_,
        stores0_.status as status7_12_0_,
        stores0_.title as title8_12_0_,
        members1_.id as id1_6_1_,
        members1_.email as email2_6_1_,
        members1_.image as image3_6_1_,
        members1_.name as name4_6_1_,
        members1_.nickname as nickname5_6_1_,
        members1_.password as password6_6_1_,
        members1_.phone as phone7_6_1_,
        members1_.refresh_token as refresh_8_6_1_,
        members1_.role as role9_6_1_,
        clothesinf2_.id as id1_2_2_,
        clothesinf2_.categoryl as category2_2_2_,
        clothesinf2_.categorys as category3_2_2_,
        clothesinf2_.fit as fit4_2_2_,
        clothesinf2_.length as length5_2_2_,
        colors3_.id as id1_4_3_,
        colors3_.name as name2_4_3_,
        materials4_.id as id1_5_4_,
        materials4_.name as name2_5_4_,
        style5_.id as id1_14_5_,
        style5_.name as name2_14_5_,
        salesinfoc6_.id as id1_9_6_,
        salesinfoc6_.clothes_brand as clothes_2_9_6_,
        salesinfoc6_.clothes_color as clothes_3_9_6_,
        salesinfoc6_.clothes_gender as clothes_4_9_6_,
        salesinfoc6_.clothes_size as clothes_5_9_6_,
        salesinfos7_.id as id1_10_7_,
        salesinfos7_.status_score as status_s2_10_7_,
        salesinfos7_.status_tag as status_t3_10_7_,
        salesinfos7_.status_times as status_t4_10_7_,
        salesinfos7_.status_when2buy as status_w5_10_7_,
        salesinfos7_.transport as transpor6_10_7_,
        salesinfou8_.id as id1_11_8_,
        salesinfou8_.user_height as user_hei2_11_8_,
        salesinfou8_.user_size as user_siz3_11_8_,
        salesinfou8_.user_weight as user_wei4_11_8_ 
    from
        stores stores0_ 
    left outer join
        members members1_ 
            on stores0_.author_id=members1_.id 
    left outer join
        clothes_info clothesinf2_ 
            on stores0_.clothes_info_id=clothesinf2_.id 
    left outer join
        colors colors3_ 
            on stores0_.colors_name=colors3_.name 
    left outer join
        materials materials4_ 
            on stores0_.materials_name=materials4_.name 
    left outer join
        style style5_ 
            on stores0_.style_name=style5_.name 
    left outer join
        sales_info_clothes salesinfoc6_ 
            on stores0_.sales_info_clothes_id=salesinfoc6_.id 
    left outer join
        sales_info_status salesinfos7_ 
            on stores0_.sales_info_status_id=salesinfos7_.id 
    left outer join
        sales_info_user salesinfou8_ 
            on stores0_.sales_info_user_id=salesinfou8_.id 
    where
        stores0_.id=?
Hibernate: 
    select
        stores0_.id as id1_12_0_,
        stores0_.created_date as created_2_12_0_,
        stores0_.modified_date as modified3_12_0_,
        stores0_.author_id as author_i9_12_0_,
        stores0_.clothes_info_id as clothes10_12_0_,
        stores0_.colors_name as colors_11_12_0_,
        stores0_.materials_name as materia12_12_0_,
        stores0_.style_name as style_n13_12_0_,
        stores0_.clothes_length as clothes_4_12_0_,
        stores0_.content as content5_12_0_,
        stores0_.price as price6_12_0_,
        stores0_.sales_info_clothes_id as sales_i14_12_0_,
        stores0_.sales_info_status_id as sales_i15_12_0_,
        stores0_.sales_info_user_id as sales_i16_12_0_,
        stores0_.status as status7_12_0_,
        stores0_.title as title8_12_0_,
        members1_.id as id1_6_1_,
        members1_.email as email2_6_1_,
        members1_.image as image3_6_1_,
        members1_.name as name4_6_1_,
        members1_.nickname as nickname5_6_1_,
        members1_.password as password6_6_1_,
        members1_.phone as phone7_6_1_,
        members1_.refresh_token as refresh_8_6_1_,
        members1_.role as role9_6_1_,
        clothesinf2_.id as id1_2_2_,
        clothesinf2_.categoryl as category2_2_2_,
        clothesinf2_.categorys as category3_2_2_,
        clothesinf2_.fit as fit4_2_2_,
        clothesinf2_.length as length5_2_2_,
        colors3_.id as id1_4_3_,
        colors3_.name as name2_4_3_,
        materials4_.id as id1_5_4_,
        materials4_.name as name2_5_4_,
        style5_.id as id1_14_5_,
        style5_.name as name2_14_5_,
        salesinfoc6_.id as id1_9_6_,
        salesinfoc6_.clothes_brand as clothes_2_9_6_,
        salesinfoc6_.clothes_color as clothes_3_9_6_,
        salesinfoc6_.clothes_gender as clothes_4_9_6_,
        salesinfoc6_.clothes_size as clothes_5_9_6_,
        salesinfos7_.id as id1_10_7_,
        salesinfos7_.status_score as status_s2_10_7_,
        salesinfos7_.status_tag as status_t3_10_7_,
        salesinfos7_.status_times as status_t4_10_7_,
        salesinfos7_.status_when2buy as status_w5_10_7_,
        salesinfos7_.transport as transpor6_10_7_,
        salesinfou8_.id as id1_11_8_,
        salesinfou8_.user_height as user_hei2_11_8_,
        salesinfou8_.user_size as user_siz3_11_8_,
        salesinfou8_.user_weight as user_wei4_11_8_ 
    from
        stores stores0_ 
    left outer join
        members members1_ 
            on stores0_.author_id=members1_.id 
    left outer join
        clothes_info clothesinf2_ 
            on stores0_.clothes_info_id=clothesinf2_.id 
    left outer join
        colors colors3_ 
            on stores0_.colors_name=colors3_.name 
    left outer join
        materials materials4_ 
            on stores0_.materials_name=materials4_.name 
    left outer join
        style style5_ 
            on stores0_.style_name=style5_.name 
    left outer join
        sales_info_clothes salesinfoc6_ 
            on stores0_.sales_info_clothes_id=salesinfoc6_.id 
    left outer join
        sales_info_status salesinfos7_ 
            on stores0_.sales_info_status_id=salesinfos7_.id 
    left outer join
        sales_info_user salesinfou8_ 
            on stores0_.sales_info_user_id=salesinfou8_.id 
    where
        stores0_.id=?
Hibernate: 
    select
        stores0_.id as id1_12_0_,
        stores0_.created_date as created_2_12_0_,
        stores0_.modified_date as modified3_12_0_,
        stores0_.author_id as author_i9_12_0_,
        stores0_.clothes_info_id as clothes10_12_0_,
        stores0_.colors_name as colors_11_12_0_,
        stores0_.materials_name as materia12_12_0_,
        stores0_.style_name as style_n13_12_0_,
        stores0_.clothes_length as clothes_4_12_0_,
        stores0_.content as content5_12_0_,
        stores0_.price as price6_12_0_,
        stores0_.sales_info_clothes_id as sales_i14_12_0_,
        stores0_.sales_info_status_id as sales_i15_12_0_,
        stores0_.sales_info_user_id as sales_i16_12_0_,
        stores0_.status as status7_12_0_,
        stores0_.title as title8_12_0_,
        members1_.id as id1_6_1_,
        members1_.email as email2_6_1_,
        members1_.image as image3_6_1_,
        members1_.name as name4_6_1_,
        members1_.nickname as nickname5_6_1_,
        members1_.password as password6_6_1_,
        members1_.phone as phone7_6_1_,
        members1_.refresh_token as refresh_8_6_1_,
        members1_.role as role9_6_1_,
        clothesinf2_.id as id1_2_2_,
        clothesinf2_.categoryl as category2_2_2_,
        clothesinf2_.categorys as category3_2_2_,
        clothesinf2_.fit as fit4_2_2_,
        clothesinf2_.length as length5_2_2_,
        colors3_.id as id1_4_3_,
        colors3_.name as name2_4_3_,
        materials4_.id as id1_5_4_,
        materials4_.name as name2_5_4_,
        style5_.id as id1_14_5_,
        style5_.name as name2_14_5_,
        salesinfoc6_.id as id1_9_6_,
        salesinfoc6_.clothes_brand as clothes_2_9_6_,
        salesinfoc6_.clothes_color as clothes_3_9_6_,
        salesinfoc6_.clothes_gender as clothes_4_9_6_,
        salesinfoc6_.clothes_size as clothes_5_9_6_,
        salesinfos7_.id as id1_10_7_,
        salesinfos7_.status_score as status_s2_10_7_,
        salesinfos7_.status_tag as status_t3_10_7_,
        salesinfos7_.status_times as status_t4_10_7_,
        salesinfos7_.status_when2buy as status_w5_10_7_,
        salesinfos7_.transport as transpor6_10_7_,
        salesinfou8_.id as id1_11_8_,
        salesinfou8_.user_height as user_hei2_11_8_,
        salesinfou8_.user_size as user_siz3_11_8_,
        salesinfou8_.user_weight as user_wei4_11_8_ 
    from
        stores stores0_ 
    left outer join
        members members1_ 
            on stores0_.author_id=members1_.id 
    left outer join
        clothes_info clothesinf2_ 
            on stores0_.clothes_info_id=clothesinf2_.id 
    left outer join
        colors colors3_ 
            on stores0_.colors_name=colors3_.name 
    left outer join
        materials materials4_ 
            on stores0_.materials_name=materials4_.name 
    left outer join
        style style5_ 
            on stores0_.style_name=style5_.name 
    left outer join
        sales_info_clothes salesinfoc6_ 
            on stores0_.sales_info_clothes_id=salesinfoc6_.id 
    left outer join
        sales_info_status salesinfos7_ 
            on stores0_.sales_info_status_id=salesinfos7_.id 
    left outer join
        sales_info_user salesinfou8_ 
            on stores0_.sales_info_user_id=salesinfou8_.id 
    where
        stores0_.id=?
Hibernate: 
    select
        stores0_.id as id1_12_0_,
        stores0_.created_date as created_2_12_0_,
        stores0_.modified_date as modified3_12_0_,
        stores0_.author_id as author_i9_12_0_,
        stores0_.clothes_info_id as clothes10_12_0_,
        stores0_.colors_name as colors_11_12_0_,
        stores0_.materials_name as materia12_12_0_,
        stores0_.style_name as style_n13_12_0_,
        stores0_.clothes_length as clothes_4_12_0_,
        stores0_.content as content5_12_0_,
        stores0_.price as price6_12_0_,
        stores0_.sales_info_clothes_id as sales_i14_12_0_,
        stores0_.sales_info_status_id as sales_i15_12_0_,
        stores0_.sales_info_user_id as sales_i16_12_0_,
        stores0_.status as status7_12_0_,
        stores0_.title as title8_12_0_,
        members1_.id as id1_6_1_,
        members1_.email as email2_6_1_,
        members1_.image as image3_6_1_,
        members1_.name as name4_6_1_,
        members1_.nickname as nickname5_6_1_,
        members1_.password as password6_6_1_,
        members1_.phone as phone7_6_1_,
        members1_.refresh_token as refresh_8_6_1_,
        members1_.role as role9_6_1_,
        clothesinf2_.id as id1_2_2_,
        clothesinf2_.categoryl as category2_2_2_,
        clothesinf2_.categorys as category3_2_2_,
        clothesinf2_.fit as fit4_2_2_,
        clothesinf2_.length as length5_2_2_,
        colors3_.id as id1_4_3_,
        colors3_.name as name2_4_3_,
        materials4_.id as id1_5_4_,
        materials4_.name as name2_5_4_,
        style5_.id as id1_14_5_,
        style5_.name as name2_14_5_,
        salesinfoc6_.id as id1_9_6_,
        salesinfoc6_.clothes_brand as clothes_2_9_6_,
        salesinfoc6_.clothes_color as clothes_3_9_6_,
        salesinfoc6_.clothes_gender as clothes_4_9_6_,
        salesinfoc6_.clothes_size as clothes_5_9_6_,
        salesinfos7_.id as id1_10_7_,
        salesinfos7_.status_score as status_s2_10_7_,
        salesinfos7_.status_tag as status_t3_10_7_,
        salesinfos7_.status_times as status_t4_10_7_,
        salesinfos7_.status_when2buy as status_w5_10_7_,
        salesinfos7_.transport as transpor6_10_7_,
        salesinfou8_.id as id1_11_8_,
        salesinfou8_.user_height as user_hei2_11_8_,
        salesinfou8_.user_size as user_siz3_11_8_,
        salesinfou8_.user_weight as user_wei4_11_8_ 
    from
        stores stores0_ 
    left outer join
        members members1_ 
            on stores0_.author_id=members1_.id 
    left outer join
        clothes_info clothesinf2_ 
            on stores0_.clothes_info_id=clothesinf2_.id 
    left outer join
        colors colors3_ 
            on stores0_.colors_name=colors3_.name 
    left outer join
        materials materials4_ 
            on stores0_.materials_name=materials4_.name 
    left outer join
        style style5_ 
            on stores0_.style_name=style5_.name 
    left outer join
        sales_info_clothes salesinfoc6_ 
            on stores0_.sales_info_clothes_id=salesinfoc6_.id 
    left outer join
        sales_info_status salesinfos7_ 
            on stores0_.sales_info_status_id=salesinfos7_.id 
    left outer join
        sales_info_user salesinfou8_ 
            on stores0_.sales_info_user_id=salesinfou8_.id 
    where
        stores0_.id=?
Hibernate: 
    select
        stores0_.id as id1_12_0_,
        stores0_.created_date as created_2_12_0_,
        stores0_.modified_date as modified3_12_0_,
        stores0_.author_id as author_i9_12_0_,
        stores0_.clothes_info_id as clothes10_12_0_,
        stores0_.colors_name as colors_11_12_0_,
        stores0_.materials_name as materia12_12_0_,
        stores0_.style_name as style_n13_12_0_,
        stores0_.clothes_length as clothes_4_12_0_,
        stores0_.content as content5_12_0_,
        stores0_.price as price6_12_0_,
        stores0_.sales_info_clothes_id as sales_i14_12_0_,
        stores0_.sales_info_status_id as sales_i15_12_0_,
        stores0_.sales_info_user_id as sales_i16_12_0_,
        stores0_.status as status7_12_0_,
        stores0_.title as title8_12_0_,
        members1_.id as id1_6_1_,
        members1_.email as email2_6_1_,
        members1_.image as image3_6_1_,
        members1_.name as name4_6_1_,
        members1_.nickname as nickname5_6_1_,
        members1_.password as password6_6_1_,
        members1_.phone as phone7_6_1_,
        members1_.refresh_token as refresh_8_6_1_,
        members1_.role as role9_6_1_,
        clothesinf2_.id as id1_2_2_,
        clothesinf2_.categoryl as category2_2_2_,
        clothesinf2_.categorys as category3_2_2_,
        clothesinf2_.fit as fit4_2_2_,
        clothesinf2_.length as length5_2_2_,
        colors3_.id as id1_4_3_,
        colors3_.name as name2_4_3_,
        materials4_.id as id1_5_4_,
        materials4_.name as name2_5_4_,
        style5_.id as id1_14_5_,
        style5_.name as name2_14_5_,
        salesinfoc6_.id as id1_9_6_,
        salesinfoc6_.clothes_brand as clothes_2_9_6_,
        salesinfoc6_.clothes_color as clothes_3_9_6_,
        salesinfoc6_.clothes_gender as clothes_4_9_6_,
        salesinfoc6_.clothes_size as clothes_5_9_6_,
        salesinfos7_.id as id1_10_7_,
        salesinfos7_.status_score as status_s2_10_7_,
        salesinfos7_.status_tag as status_t3_10_7_,
        salesinfos7_.status_times as status_t4_10_7_,
        salesinfos7_.status_when2buy as status_w5_10_7_,
        salesinfos7_.transport as transpor6_10_7_,
        salesinfou8_.id as id1_11_8_,
        salesinfou8_.user_height as user_hei2_11_8_,
        salesinfou8_.user_size as user_siz3_11_8_,
        salesinfou8_.user_weight as user_wei4_11_8_ 
    from
        stores stores0_ 
    left outer join
        members members1_ 
            on stores0_.author_id=members1_.id 
    left outer join
        clothes_info clothesinf2_ 
            on stores0_.clothes_info_id=clothesinf2_.id 
    left outer join
        colors colors3_ 
            on stores0_.colors_name=colors3_.name 
    left outer join
        materials materials4_ 
            on stores0_.materials_name=materials4_.name 
    left outer join
        style style5_ 
            on stores0_.style_name=style5_.name 
    left outer join
        sales_info_clothes salesinfoc6_ 
            on stores0_.sales_info_clothes_id=salesinfoc6_.id 
    left outer join
        sales_info_status salesinfos7_ 
            on stores0_.sales_info_status_id=salesinfos7_.id 
    left outer join
        sales_info_user salesinfou8_ 
            on stores0_.sales_info_user_id=salesinfou8_.id 
    where
        stores0_.id=?
Hibernate: 
    select
        stores0_.id as id1_12_0_,
        stores0_.created_date as created_2_12_0_,
        stores0_.modified_date as modified3_12_0_,
        stores0_.author_id as author_i9_12_0_,
        stores0_.clothes_info_id as clothes10_12_0_,
        stores0_.colors_name as colors_11_12_0_,
        stores0_.materials_name as materia12_12_0_,
        stores0_.style_name as style_n13_12_0_,
        stores0_.clothes_length as clothes_4_12_0_,
        stores0_.content as content5_12_0_,
        stores0_.price as price6_12_0_,
        stores0_.sales_info_clothes_id as sales_i14_12_0_,
        stores0_.sales_info_status_id as sales_i15_12_0_,
        stores0_.sales_info_user_id as sales_i16_12_0_,
        stores0_.status as status7_12_0_,
        stores0_.title as title8_12_0_,
        members1_.id as id1_6_1_,
        members1_.email as email2_6_1_,
        members1_.image as image3_6_1_,
        members1_.name as name4_6_1_,
        members1_.nickname as nickname5_6_1_,
        members1_.password as password6_6_1_,
        members1_.phone as phone7_6_1_,
        members1_.refresh_token as refresh_8_6_1_,
        members1_.role as role9_6_1_,
        clothesinf2_.id as id1_2_2_,
        clothesinf2_.categoryl as category2_2_2_,
        clothesinf2_.categorys as category3_2_2_,
        clothesinf2_.fit as fit4_2_2_,
        clothesinf2_.length as length5_2_2_,
        colors3_.id as id1_4_3_,
        colors3_.name as name2_4_3_,
        materials4_.id as id1_5_4_,
        materials4_.name as name2_5_4_,
        style5_.id as id1_14_5_,
        style5_.name as name2_14_5_,
        salesinfoc6_.id as id1_9_6_,
        salesinfoc6_.clothes_brand as clothes_2_9_6_,
        salesinfoc6_.clothes_color as clothes_3_9_6_,
        salesinfoc6_.clothes_gender as clothes_4_9_6_,
        salesinfoc6_.clothes_size as clothes_5_9_6_,
        salesinfos7_.id as id1_10_7_,
        salesinfos7_.status_score as status_s2_10_7_,
        salesinfos7_.status_tag as status_t3_10_7_,
        salesinfos7_.status_times as status_t4_10_7_,
        salesinfos7_.status_when2buy as status_w5_10_7_,
        salesinfos7_.transport as transpor6_10_7_,
        salesinfou8_.id as id1_11_8_,
        salesinfou8_.user_height as user_hei2_11_8_,
        salesinfou8_.user_size as user_siz3_11_8_,
        salesinfou8_.user_weight as user_wei4_11_8_ 
    from
        stores stores0_ 
    left outer join
        members members1_ 
            on stores0_.author_id=members1_.id 
    left outer join
        clothes_info clothesinf2_ 
            on stores0_.clothes_info_id=clothesinf2_.id 
    left outer join
        colors colors3_ 
            on stores0_.colors_name=colors3_.name 
    left outer join
        materials materials4_ 
            on stores0_.materials_name=materials4_.name 
    left outer join
        style style5_ 
            on stores0_.style_name=style5_.name 
    left outer join
        sales_info_clothes salesinfoc6_ 
            on stores0_.sales_info_clothes_id=salesinfoc6_.id 
    left outer join
        sales_info_status salesinfos7_ 
            on stores0_.sales_info_status_id=salesinfos7_.id 
    left outer join
        sales_info_user salesinfou8_ 
            on stores0_.sales_info_user_id=salesinfou8_.id 
    where
        stores0_.id=?
Hibernate: 
    select
        stores0_.id as id1_12_0_,
        stores0_.created_date as created_2_12_0_,
        stores0_.modified_date as modified3_12_0_,
        stores0_.author_id as author_i9_12_0_,
        stores0_.clothes_info_id as clothes10_12_0_,
        stores0_.colors_name as colors_11_12_0_,
        stores0_.materials_name as materia12_12_0_,
        stores0_.style_name as style_n13_12_0_,
        stores0_.clothes_length as clothes_4_12_0_,
        stores0_.content as content5_12_0_,
        stores0_.price as price6_12_0_,
        stores0_.sales_info_clothes_id as sales_i14_12_0_,
        stores0_.sales_info_status_id as sales_i15_12_0_,
        stores0_.sales_info_user_id as sales_i16_12_0_,
        stores0_.status as status7_12_0_,
        stores0_.title as title8_12_0_,
        members1_.id as id1_6_1_,
        members1_.email as email2_6_1_,
        members1_.image as image3_6_1_,
        members1_.name as name4_6_1_,
        members1_.nickname as nickname5_6_1_,
        members1_.password as password6_6_1_,
        members1_.phone as phone7_6_1_,
        members1_.refresh_token as refresh_8_6_1_,
        members1_.role as role9_6_1_,
        clothesinf2_.id as id1_2_2_,
        clothesinf2_.categoryl as category2_2_2_,
        clothesinf2_.categorys as category3_2_2_,
        clothesinf2_.fit as fit4_2_2_,
        clothesinf2_.length as length5_2_2_,
        colors3_.id as id1_4_3_,
        colors3_.name as name2_4_3_,
        materials4_.id as id1_5_4_,
        materials4_.name as name2_5_4_,
        style5_.id as id1_14_5_,
        style5_.name as name2_14_5_,
        salesinfoc6_.id as id1_9_6_,
        salesinfoc6_.clothes_brand as clothes_2_9_6_,
        salesinfoc6_.clothes_color as clothes_3_9_6_,
        salesinfoc6_.clothes_gender as clothes_4_9_6_,
        salesinfoc6_.clothes_size as clothes_5_9_6_,
        salesinfos7_.id as id1_10_7_,
        salesinfos7_.status_score as status_s2_10_7_,
        salesinfos7_.status_tag as status_t3_10_7_,
        salesinfos7_.status_times as status_t4_10_7_,
        salesinfos7_.status_when2buy as status_w5_10_7_,
        salesinfos7_.transport as transpor6_10_7_,
        salesinfou8_.id as id1_11_8_,
        salesinfou8_.user_height as user_hei2_11_8_,
        salesinfou8_.user_size as user_siz3_11_8_,
        salesinfou8_.user_weight as user_wei4_11_8_ 
    from
        stores stores0_ 
    left outer join
        members members1_ 
            on stores0_.author_id=members1_.id 
    left outer join
        clothes_info clothesinf2_ 
            on stores0_.clothes_info_id=clothesinf2_.id 
    left outer join
        colors colors3_ 
            on stores0_.colors_name=colors3_.name 
    left outer join
        materials materials4_ 
            on stores0_.materials_name=materials4_.name 
    left outer join
        style style5_ 
            on stores0_.style_name=style5_.name 
    left outer join
        sales_info_clothes salesinfoc6_ 
            on stores0_.sales_info_clothes_id=salesinfoc6_.id 
    left outer join
        sales_info_status salesinfos7_ 
            on stores0_.sales_info_status_id=salesinfos7_.id 
    left outer join
        sales_info_user salesinfou8_ 
            on stores0_.sales_info_user_id=salesinfou8_.id 
    where
        stores0_.id=?
gunsong2@naver.com
Hibernate: 
    select
        members0_.id as id1_6_,
        members0_.email as email2_6_,
        members0_.image as image3_6_,
        members0_.name as name4_6_,
        members0_.nickname as nickname5_6_,
        members0_.password as password6_6_,
        members0_.phone as phone7_6_,
        members0_.refresh_token as refresh_8_6_,
        members0_.role as role9_6_ 
    from
        members members0_ 
    where
        members0_.email=?
Hibernate: 
    select
        stores0_.id as id1_12_0_,
        stores0_.created_date as created_2_12_0_,
        stores0_.modified_date as modified3_12_0_,
        stores0_.author_id as author_i9_12_0_,
        stores0_.clothes_info_id as clothes10_12_0_,
        stores0_.colors_name as colors_11_12_0_,
        stores0_.materials_name as materia12_12_0_,
        stores0_.style_name as style_n13_12_0_,
        stores0_.clothes_length as clothes_4_12_0_,
        stores0_.content as content5_12_0_,
        stores0_.price as price6_12_0_,
        stores0_.sales_info_clothes_id as sales_i14_12_0_,
        stores0_.sales_info_status_id as sales_i15_12_0_,
        stores0_.sales_info_user_id as sales_i16_12_0_,
        stores0_.status as status7_12_0_,
        stores0_.title as title8_12_0_,
        members1_.id as id1_6_1_,
        members1_.email as email2_6_1_,
        members1_.image as image3_6_1_,
        members1_.name as name4_6_1_,
        members1_.nickname as nickname5_6_1_,
        members1_.password as password6_6_1_,
        members1_.phone as phone7_6_1_,
        members1_.refresh_token as refresh_8_6_1_,
        members1_.role as role9_6_1_,
        clothesinf2_.id as id1_2_2_,
        clothesinf2_.categoryl as category2_2_2_,
        clothesinf2_.categorys as category3_2_2_,
        clothesinf2_.fit as fit4_2_2_,
        clothesinf2_.length as length5_2_2_,
        colors3_.id as id1_4_3_,
        colors3_.name as name2_4_3_,
        materials4_.id as id1_5_4_,
        materials4_.name as name2_5_4_,
        style5_.id as id1_14_5_,
        style5_.name as name2_14_5_,
        salesinfoc6_.id as id1_9_6_,
        salesinfoc6_.clothes_brand as clothes_2_9_6_,
        salesinfoc6_.clothes_color as clothes_3_9_6_,
        salesinfoc6_.clothes_gender as clothes_4_9_6_,
        salesinfoc6_.clothes_size as clothes_5_9_6_,
        salesinfos7_.id as id1_10_7_,
        salesinfos7_.status_score as status_s2_10_7_,
        salesinfos7_.status_tag as status_t3_10_7_,
        salesinfos7_.status_times as status_t4_10_7_,
        salesinfos7_.status_when2buy as status_w5_10_7_,
        salesinfos7_.transport as transpor6_10_7_,
        salesinfou8_.id as id1_11_8_,
        salesinfou8_.user_height as user_hei2_11_8_,
        salesinfou8_.user_size as user_siz3_11_8_,
        salesinfou8_.user_weight as user_wei4_11_8_ 
    from
        stores stores0_ 
    left outer join
        members members1_ 
            on stores0_.author_id=members1_.id 
    left outer join
        clothes_info clothesinf2_ 
            on stores0_.clothes_info_id=clothesinf2_.id 
    left outer join
        colors colors3_ 
            on stores0_.colors_name=colors3_.name 
    left outer join
        materials materials4_ 
            on stores0_.materials_name=materials4_.name 
    left outer join
        style style5_ 
            on stores0_.style_name=style5_.name 
    left outer join
        sales_info_clothes salesinfoc6_ 
            on stores0_.sales_info_clothes_id=salesinfoc6_.id 
    left outer join
        sales_info_status salesinfos7_ 
            on stores0_.sales_info_status_id=salesinfos7_.id 
    left outer join
        sales_info_user salesinfou8_ 
            on stores0_.sales_info_user_id=salesinfou8_.id 
    where
        stores0_.id=?
Hibernate: 
    update
        stores 
    set
        created_date=?,
        modified_date=?,
        author_id=?,
        clothes_info_id=?,
        colors_name=?,
        materials_name=?,
        style_name=?,
        clothes_length=?,
        content=?,
        price=?,
        sales_info_clothes_id=?,
        sales_info_status_id=?,
        sales_info_user_id=?,
        status=?,
        title=? 
    where
        id=?
Hibernate: 
    select
        stores0_.id as id1_12_,
        stores0_.created_date as created_2_12_,
        stores0_.modified_date as modified3_12_,
        stores0_.author_id as author_i9_12_,
        stores0_.clothes_info_id as clothes10_12_,
        stores0_.colors_name as colors_11_12_,
        stores0_.materials_name as materia12_12_,
        stores0_.style_name as style_n13_12_,
        stores0_.clothes_length as clothes_4_12_,
        stores0_.content as content5_12_,
        stores0_.price as price6_12_,
        stores0_.sales_info_clothes_id as sales_i14_12_,
        stores0_.sales_info_status_id as sales_i15_12_,
        stores0_.sales_info_user_id as sales_i16_12_,
        stores0_.status as status7_12_,
        stores0_.title as title8_12_ 
    from
        stores stores0_
Hibernate: 
    select
        members0_.id as id1_6_0_,
        members0_.email as email2_6_0_,
        members0_.image as image3_6_0_,
        members0_.name as name4_6_0_,
        members0_.nickname as nickname5_6_0_,
        members0_.password as password6_6_0_,
        members0_.phone as phone7_6_0_,
        members0_.refresh_token as refresh_8_6_0_,
        members0_.role as role9_6_0_ 
    from
        members members0_ 
    where
        members0_.id=?
Hibernate: 
    select
        clothesinf0_.id as id1_2_0_,
        clothesinf0_.categoryl as category2_2_0_,
        clothesinf0_.categorys as category3_2_0_,
        clothesinf0_.fit as fit4_2_0_,
        clothesinf0_.length as length5_2_0_ 
    from
        clothes_info clothesinf0_ 
    where
        clothesinf0_.id=?
Hibernate: 
    select
        colors0_.id as id1_4_0_,
        colors0_.name as name2_4_0_ 
    from
        colors colors0_ 
    where
        colors0_.name=?
Hibernate: 
    select
        materials0_.id as id1_5_0_,
        materials0_.name as name2_5_0_ 
    from
        materials materials0_ 
    where
        materials0_.name=?
Hibernate: 
    select
        style0_.id as id1_14_0_,
        style0_.name as name2_14_0_ 
    from
        style style0_ 
    where
        style0_.name=?
Hibernate: 
    select
        salesinfoc0_.id as id1_9_0_,
        salesinfoc0_.clothes_brand as clothes_2_9_0_,
        salesinfoc0_.clothes_color as clothes_3_9_0_,
        salesinfoc0_.clothes_gender as clothes_4_9_0_,
        salesinfoc0_.clothes_size as clothes_5_9_0_ 
    from
        sales_info_clothes salesinfoc0_ 
    where
        salesinfoc0_.id=?
Hibernate: 
    select
        salesinfos0_.id as id1_10_0_,
        salesinfos0_.status_score as status_s2_10_0_,
        salesinfos0_.status_tag as status_t3_10_0_,
        salesinfos0_.status_times as status_t4_10_0_,
        salesinfos0_.status_when2buy as status_w5_10_0_,
        salesinfos0_.transport as transpor6_10_0_ 
    from
        sales_info_status salesinfos0_ 
    where
        salesinfos0_.id=?
Hibernate: 
    select
        salesinfou0_.id as id1_11_0_,
        salesinfou0_.user_height as user_hei2_11_0_,
        salesinfou0_.user_size as user_siz3_11_0_,
        salesinfou0_.user_weight as user_wei4_11_0_ 
    from
        sales_info_user salesinfou0_ 
    where
        salesinfou0_.id=?
Hibernate: 
    select
        clothesinf0_.id as id1_2_0_,
        clothesinf0_.categoryl as category2_2_0_,
        clothesinf0_.categorys as category3_2_0_,
        clothesinf0_.fit as fit4_2_0_,
        clothesinf0_.length as length5_2_0_ 
    from
        clothes_info clothesinf0_ 
    where
        clothesinf0_.id=?
Hibernate: 
    select
        colors0_.id as id1_4_0_,
        colors0_.name as name2_4_0_ 
    from
        colors colors0_ 
    where
        colors0_.name=?
Hibernate: 
    select
        materials0_.id as id1_5_0_,
        materials0_.name as name2_5_0_ 
    from
        materials materials0_ 
    where
        materials0_.name=?
Hibernate: 
    select
        style0_.id as id1_14_0_,
        style0_.name as name2_14_0_ 
    from
        style style0_ 
    where
        style0_.name=?
Hibernate: 
    select
        salesinfoc0_.id as id1_9_0_,
        salesinfoc0_.clothes_brand as clothes_2_9_0_,
        salesinfoc0_.clothes_color as clothes_3_9_0_,
        salesinfoc0_.clothes_gender as clothes_4_9_0_,
        salesinfoc0_.clothes_size as clothes_5_9_0_ 
    from
        sales_info_clothes salesinfoc0_ 
    where
        salesinfoc0_.id=?
Hibernate: 
    select
        salesinfos0_.id as id1_10_0_,
        salesinfos0_.status_score as status_s2_10_0_,
        salesinfos0_.status_tag as status_t3_10_0_,
        salesinfos0_.status_times as status_t4_10_0_,
        salesinfos0_.status_when2buy as status_w5_10_0_,
        salesinfos0_.transport as transpor6_10_0_ 
    from
        sales_info_status salesinfos0_ 
    where
        salesinfos0_.id=?
Hibernate: 
    select
        salesinfou0_.id as id1_11_0_,
        salesinfou0_.user_height as user_hei2_11_0_,
        salesinfou0_.user_size as user_siz3_11_0_,
        salesinfou0_.user_weight as user_wei4_11_0_ 
    from
        sales_info_user salesinfou0_ 
    where
        salesinfou0_.id=?
Hibernate: 
    select
        clothesinf0_.id as id1_2_0_,
        clothesinf0_.categoryl as category2_2_0_,
        clothesinf0_.categorys as category3_2_0_,
        clothesinf0_.fit as fit4_2_0_,
        clothesinf0_.length as length5_2_0_ 
    from
        clothes_info clothesinf0_ 
    where
        clothesinf0_.id=?
Hibernate: 
    select
        colors0_.id as id1_4_0_,
        colors0_.name as name2_4_0_ 
    from
        colors colors0_ 
    where
        colors0_.name=?
Hibernate: 
    select
        materials0_.id as id1_5_0_,
        materials0_.name as name2_5_0_ 
    from
        materials materials0_ 
    where
        materials0_.name=?
Hibernate: 
    select
        style0_.id as id1_14_0_,
        style0_.name as name2_14_0_ 
    from
        style style0_ 
    where
        style0_.name=?
Hibernate: 
    select
        salesinfoc0_.id as id1_9_0_,
        salesinfoc0_.clothes_brand as clothes_2_9_0_,
        salesinfoc0_.clothes_color as clothes_3_9_0_,
        salesinfoc0_.clothes_gender as clothes_4_9_0_,
        salesinfoc0_.clothes_size as clothes_5_9_0_ 
    from
        sales_info_clothes salesinfoc0_ 
    where
        salesinfoc0_.id=?
Hibernate: 
    select
        salesinfos0_.id as id1_10_0_,
        salesinfos0_.status_score as status_s2_10_0_,
        salesinfos0_.status_tag as status_t3_10_0_,
        salesinfos0_.status_times as status_t4_10_0_,
        salesinfos0_.status_when2buy as status_w5_10_0_,
        salesinfos0_.transport as transpor6_10_0_ 
    from
        sales_info_status salesinfos0_ 
    where
        salesinfos0_.id=?
Hibernate: 
    select
        salesinfou0_.id as id1_11_0_,
        salesinfou0_.user_height as user_hei2_11_0_,
        salesinfou0_.user_size as user_siz3_11_0_,
        salesinfou0_.user_weight as user_wei4_11_0_ 
    from
        sales_info_user salesinfou0_ 
    where
        salesinfou0_.id=?
Hibernate: 
    select
        clothesinf0_.id as id1_2_0_,
        clothesinf0_.categoryl as category2_2_0_,
        clothesinf0_.categorys as category3_2_0_,
        clothesinf0_.fit as fit4_2_0_,
        clothesinf0_.length as length5_2_0_ 
    from
        clothes_info clothesinf0_ 
    where
        clothesinf0_.id=?
Hibernate: 
    select
        colors0_.id as id1_4_0_,
        colors0_.name as name2_4_0_ 
    from
        colors colors0_ 
    where
        colors0_.name=?
Hibernate: 
    select
        materials0_.id as id1_5_0_,
        materials0_.name as name2_5_0_ 
    from
        materials materials0_ 
    where
        materials0_.name=?
Hibernate: 
    select
        style0_.id as id1_14_0_,
        style0_.name as name2_14_0_ 
    from
        style style0_ 
    where
        style0_.name=?
Hibernate: 
    select
        salesinfoc0_.id as id1_9_0_,
        salesinfoc0_.clothes_brand as clothes_2_9_0_,
        salesinfoc0_.clothes_color as clothes_3_9_0_,
        salesinfoc0_.clothes_gender as clothes_4_9_0_,
        salesinfoc0_.clothes_size as clothes_5_9_0_ 
    from
        sales_info_clothes salesinfoc0_ 
    where
        salesinfoc0_.id=?
Hibernate: 
    select
        salesinfos0_.id as id1_10_0_,
        salesinfos0_.status_score as status_s2_10_0_,
        salesinfos0_.status_tag as status_t3_10_0_,
        salesinfos0_.status_times as status_t4_10_0_,
        salesinfos0_.status_when2buy as status_w5_10_0_,
        salesinfos0_.transport as transpor6_10_0_ 
    from
        sales_info_status salesinfos0_ 
    where
        salesinfos0_.id=?
Hibernate: 
    select
        salesinfou0_.id as id1_11_0_,
        salesinfou0_.user_height as user_hei2_11_0_,
        salesinfou0_.user_size as user_siz3_11_0_,
        salesinfou0_.user_weight as user_wei4_11_0_ 
    from
        sales_info_user salesinfou0_ 
    where
        salesinfou0_.id=?
Hibernate: 
    select
        clothesinf0_.id as id1_2_0_,
        clothesinf0_.categoryl as category2_2_0_,
        clothesinf0_.categorys as category3_2_0_,
        clothesinf0_.fit as fit4_2_0_,
        clothesinf0_.length as length5_2_0_ 
    from
        clothes_info clothesinf0_ 
    where
        clothesinf0_.id=?
Hibernate: 
    select
        materials0_.id as id1_5_0_,
        materials0_.name as name2_5_0_ 
    from
        materials materials0_ 
    where
        materials0_.name=?
Hibernate: 
    select
        style0_.id as id1_14_0_,
        style0_.name as name2_14_0_ 
    from
        style style0_ 
    where
        style0_.name=?
Hibernate: 
    select
        salesinfoc0_.id as id1_9_0_,
        salesinfoc0_.clothes_brand as clothes_2_9_0_,
        salesinfoc0_.clothes_color as clothes_3_9_0_,
        salesinfoc0_.clothes_gender as clothes_4_9_0_,
        salesinfoc0_.clothes_size as clothes_5_9_0_ 
    from
        sales_info_clothes salesinfoc0_ 
    where
        salesinfoc0_.id=?
Hibernate: 
    select
        salesinfos0_.id as id1_10_0_,
        salesinfos0_.status_score as status_s2_10_0_,
        salesinfos0_.status_tag as status_t3_10_0_,
        salesinfos0_.status_times as status_t4_10_0_,
        salesinfos0_.status_when2buy as status_w5_10_0_,
        salesinfos0_.transport as transpor6_10_0_ 
    from
        sales_info_status salesinfos0_ 
    where
        salesinfos0_.id=?
Hibernate: 
    select
        salesinfou0_.id as id1_11_0_,
        salesinfou0_.user_height as user_hei2_11_0_,
        salesinfou0_.user_size as user_siz3_11_0_,
        salesinfou0_.user_weight as user_wei4_11_0_ 
    from
        sales_info_user salesinfou0_ 
    where
        salesinfou0_.id=?
Hibernate: 
    select
        members0_.id as id1_6_,
        members0_.email as email2_6_,
        members0_.image as image3_6_,
        members0_.name as name4_6_,
        members0_.nickname as nickname5_6_,
        members0_.password as password6_6_,
        members0_.phone as phone7_6_,
        members0_.refresh_token as refresh_8_6_,
        members0_.role as role9_6_ 
    from
        members members0_ 
    where
        members0_.email=?
Hibernate: 
    select
        members0_.id as id1_6_,
        members0_.email as email2_6_,
        members0_.image as image3_6_,
        members0_.name as name4_6_,
        members0_.nickname as nickname5_6_,
        members0_.password as password6_6_,
        members0_.phone as phone7_6_,
        members0_.refresh_token as refresh_8_6_,
        members0_.role as role9_6_ 
    from
        members members0_ 
    where
        members0_.email=?
2022-11-10 12:34:04.909  INFO 9968 --- [    Test worker] o.a.c.c.C.[Tomcat].[localhost].[/]       : Initializing Spring TestDispatcherServlet ''
2022-11-10 12:34:04.909  INFO 9968 --- [    Test worker] o.s.t.web.servlet.TestDispatcherServlet  : Initializing Servlet ''
2022-11-10 12:34:04.911  INFO 9968 --- [    Test worker] o.s.t.web.servlet.TestDispatcherServlet  : Completed initialization in 2 ms
gunsong2@naver.com
Hibernate: 
    select
        members0_.id as id1_6_,
        members0_.email as email2_6_,
        members0_.image as image3_6_,
        members0_.name as name4_6_,
        members0_.nickname as nickname5_6_,
        members0_.password as password6_6_,
        members0_.phone as phone7_6_,
        members0_.refresh_token as refresh_8_6_,
        members0_.role as role9_6_ 
    from
        members members0_ 
    where
        members0_.email=?
Hibernate: 
    select
        style0_.id as id1_14_,
        style0_.name as name2_14_ 
    from
        style style0_ 
    where
        style0_.name=?
Hibernate: 
    select
        materials0_.id as id1_5_,
        materials0_.name as name2_5_ 
    from
        materials materials0_ 
    where
        materials0_.name=?
Hibernate: 
    select
        colors0_.id as id1_4_,
        colors0_.name as name2_4_ 
    from
        colors colors0_ 
    where
        colors0_.name=?
Hibernate: 
    select
        clothesinf0_.id as id1_2_,
        clothesinf0_.categoryl as category2_2_,
        clothesinf0_.categorys as category3_2_,
        clothesinf0_.fit as fit4_2_,
        clothesinf0_.length as length5_2_ 
    from
        clothes_info clothesinf0_ 
    where
        clothesinf0_.categoryl=? 
        and clothesinf0_.categorys=? 
        and clothesinf0_.length=? 
        and clothesinf0_.fit=?
Hibernate: 
    select
        salesinfoc0_.id as id1_9_,
        salesinfoc0_.clothes_brand as clothes_2_9_,
        salesinfoc0_.clothes_color as clothes_3_9_,
        salesinfoc0_.clothes_gender as clothes_4_9_,
        salesinfoc0_.clothes_size as clothes_5_9_ 
    from
        sales_info_clothes salesinfoc0_ 
    where
        salesinfoc0_.clothes_brand=? 
        and salesinfoc0_.clothes_gender=? 
        and salesinfoc0_.clothes_size=? 
        and salesinfoc0_.clothes_color=?
Hibernate: 
    select
        salesinfos0_.id as id1_10_,
        salesinfos0_.status_score as status_s2_10_,
        salesinfos0_.status_tag as status_t3_10_,
        salesinfos0_.status_times as status_t4_10_,
        salesinfos0_.status_when2buy as status_w5_10_,
        salesinfos0_.transport as transpor6_10_ 
    from
        sales_info_status salesinfos0_ 
    where
        salesinfos0_.status_tag=? 
        and salesinfos0_.status_score=? 
        and salesinfos0_.status_times=? 
        and salesinfos0_.status_when2buy=? 
        and salesinfos0_.transport=?
Hibernate: 
    select
        salesinfou0_.id as id1_11_,
        salesinfou0_.user_height as user_hei2_11_,
        salesinfou0_.user_size as user_siz3_11_,
        salesinfou0_.user_weight as user_wei4_11_ 
    from
        sales_info_user salesinfou0_ 
    where
        salesinfou0_.user_size=? 
        and salesinfou0_.user_weight=? 
        and salesinfou0_.user_height=?
Hibernate: 
    insert 
    into
        clothes_image
        (closets_post_id, path, stores_post_id, type) 
    values
        (?, ?, ?, ?)
Hibernate: 
    insert 
    into
        clothes_image
        (closets_post_id, path, stores_post_id, type) 
    values
        (?, ?, ?, ?)
Hibernate: 
    insert 
    into
        stores
        (created_date, modified_date, author_id, clothes_info_id, colors_name, materials_name, style_name, clothes_length, content, price, sales_info_clothes_id, sales_info_status_id, sales_info_user_id, status, title) 
    values
        (?, ?, ?, ?, ?, ?, ?, ?, ?, ?, ?, ?, ?, ?, ?)
Hibernate: 
    update
        clothes_image 
    set
        closets_post_id=?,
        path=?,
        stores_post_id=?,
        type=? 
    where
        id=?
Hibernate: 
    update
        clothes_image 
    set
        closets_post_id=?,
        path=?,
        stores_post_id=?,
        type=? 
    where
        id=?
gunsong2@naver.com
Hibernate: 
    select
        members0_.id as id1_6_,
        members0_.email as email2_6_,
        members0_.image as image3_6_,
        members0_.name as name4_6_,
        members0_.nickname as nickname5_6_,
        members0_.password as password6_6_,
        members0_.phone as phone7_6_,
        members0_.refresh_token as refresh_8_6_,
        members0_.role as role9_6_ 
    from
        members members0_ 
    where
        members0_.email=?
Hibernate: 
    select
        style0_.id as id1_14_,
        style0_.name as name2_14_ 
    from
        style style0_ 
    where
        style0_.name=?
Hibernate: 
    select
        materials0_.id as id1_5_,
        materials0_.name as name2_5_ 
    from
        materials materials0_ 
    where
        materials0_.name=?
Hibernate: 
    select
        colors0_.id as id1_4_,
        colors0_.name as name2_4_ 
    from
        colors colors0_ 
    where
        colors0_.name=?
Hibernate: 
    select
        clothesinf0_.id as id1_2_,
        clothesinf0_.categoryl as category2_2_,
        clothesinf0_.categorys as category3_2_,
        clothesinf0_.fit as fit4_2_,
        clothesinf0_.length as length5_2_ 
    from
        clothes_info clothesinf0_ 
    where
        clothesinf0_.categoryl=? 
        and clothesinf0_.categorys=? 
        and clothesinf0_.length=? 
        and clothesinf0_.fit=?
Hibernate: 
    select
        salesinfoc0_.id as id1_9_,
        salesinfoc0_.clothes_brand as clothes_2_9_,
        salesinfoc0_.clothes_color as clothes_3_9_,
        salesinfoc0_.clothes_gender as clothes_4_9_,
        salesinfoc0_.clothes_size as clothes_5_9_ 
    from
        sales_info_clothes salesinfoc0_ 
    where
        salesinfoc0_.clothes_brand=? 
        and salesinfoc0_.clothes_gender=? 
        and salesinfoc0_.clothes_size=? 
        and salesinfoc0_.clothes_color=?
Hibernate: 
    select
        salesinfos0_.id as id1_10_,
        salesinfos0_.status_score as status_s2_10_,
        salesinfos0_.status_tag as status_t3_10_,
        salesinfos0_.status_times as status_t4_10_,
        salesinfos0_.status_when2buy as status_w5_10_,
        salesinfos0_.transport as transpor6_10_ 
    from
        sales_info_status salesinfos0_ 
    where
        salesinfos0_.status_tag=? 
        and salesinfos0_.status_score=? 
        and salesinfos0_.status_times=? 
        and salesinfos0_.status_when2buy=? 
        and salesinfos0_.transport=?
Hibernate: 
    select
        salesinfou0_.id as id1_11_,
        salesinfou0_.user_height as user_hei2_11_,
        salesinfou0_.user_size as user_siz3_11_,
        salesinfou0_.user_weight as user_wei4_11_ 
    from
        sales_info_user salesinfou0_ 
    where
        salesinfou0_.user_size=? 
        and salesinfou0_.user_weight=? 
        and salesinfou0_.user_height=?
Hibernate: 
    insert 
    into
        clothes_image
        (closets_post_id, path, stores_post_id, type) 
    values
        (?, ?, ?, ?)
Hibernate: 
    insert 
    into
        clothes_image
        (closets_post_id, path, stores_post_id, type) 
    values
        (?, ?, ?, ?)
Hibernate: 
    insert 
    into
        stores
        (created_date, modified_date, author_id, clothes_info_id, colors_name, materials_name, style_name, clothes_length, content, price, sales_info_clothes_id, sales_info_status_id, sales_info_user_id, status, title) 
    values
        (?, ?, ?, ?, ?, ?, ?, ?, ?, ?, ?, ?, ?, ?, ?)
Hibernate: 
    update
        clothes_image 
    set
        closets_post_id=?,
        path=?,
        stores_post_id=?,
        type=? 
    where
        id=?
Hibernate: 
    update
        clothes_image 
    set
        closets_post_id=?,
        path=?,
        stores_post_id=?,
        type=? 
    where
        id=?
gunsong2@naver.com
Hibernate: 
    select
        members0_.id as id1_6_,
        members0_.email as email2_6_,
        members0_.image as image3_6_,
        members0_.name as name4_6_,
        members0_.nickname as nickname5_6_,
        members0_.password as password6_6_,
        members0_.phone as phone7_6_,
        members0_.refresh_token as refresh_8_6_,
        members0_.role as role9_6_ 
    from
        members members0_ 
    where
        members0_.email=?
Hibernate: 
    select
        style0_.id as id1_14_,
        style0_.name as name2_14_ 
    from
        style style0_ 
    where
        style0_.name=?
Hibernate: 
    select
        materials0_.id as id1_5_,
        materials0_.name as name2_5_ 
    from
        materials materials0_ 
    where
        materials0_.name=?
Hibernate: 
    select
        colors0_.id as id1_4_,
        colors0_.name as name2_4_ 
    from
        colors colors0_ 
    where
        colors0_.name=?
Hibernate: 
    select
        clothesinf0_.id as id1_2_,
        clothesinf0_.categoryl as category2_2_,
        clothesinf0_.categorys as category3_2_,
        clothesinf0_.fit as fit4_2_,
        clothesinf0_.length as length5_2_ 
    from
        clothes_info clothesinf0_ 
    where
        clothesinf0_.categoryl=? 
        and clothesinf0_.categorys=? 
        and clothesinf0_.length=? 
        and clothesinf0_.fit=?
Hibernate: 
    select
        salesinfoc0_.id as id1_9_,
        salesinfoc0_.clothes_brand as clothes_2_9_,
        salesinfoc0_.clothes_color as clothes_3_9_,
        salesinfoc0_.clothes_gender as clothes_4_9_,
        salesinfoc0_.clothes_size as clothes_5_9_ 
    from
        sales_info_clothes salesinfoc0_ 
    where
        salesinfoc0_.clothes_brand=? 
        and salesinfoc0_.clothes_gender=? 
        and salesinfoc0_.clothes_size=? 
        and salesinfoc0_.clothes_color=?
Hibernate: 
    select
        salesinfos0_.id as id1_10_,
        salesinfos0_.status_score as status_s2_10_,
        salesinfos0_.status_tag as status_t3_10_,
        salesinfos0_.status_times as status_t4_10_,
        salesinfos0_.status_when2buy as status_w5_10_,
        salesinfos0_.transport as transpor6_10_ 
    from
        sales_info_status salesinfos0_ 
    where
        salesinfos0_.status_tag=? 
        and salesinfos0_.status_score=? 
        and salesinfos0_.status_times=? 
        and salesinfos0_.status_when2buy=? 
        and salesinfos0_.transport=?
Hibernate: 
    select
        salesinfou0_.id as id1_11_,
        salesinfou0_.user_height as user_hei2_11_,
        salesinfou0_.user_size as user_siz3_11_,
        salesinfou0_.user_weight as user_wei4_11_ 
    from
        sales_info_user salesinfou0_ 
    where
        salesinfou0_.user_size=? 
        and salesinfou0_.user_weight=? 
        and salesinfou0_.user_height=?
Hibernate: 
    insert 
    into
        clothes_image
        (closets_post_id, path, stores_post_id, type) 
    values
        (?, ?, ?, ?)
Hibernate: 
    insert 
    into
        clothes_image
        (closets_post_id, path, stores_post_id, type) 
    values
        (?, ?, ?, ?)
Hibernate: 
    insert 
    into
        stores
        (created_date, modified_date, author_id, clothes_info_id, colors_name, materials_name, style_name, clothes_length, content, price, sales_info_clothes_id, sales_info_status_id, sales_info_user_id, status, title) 
    values
        (?, ?, ?, ?, ?, ?, ?, ?, ?, ?, ?, ?, ?, ?, ?)
Hibernate: 
    update
        clothes_image 
    set
        closets_post_id=?,
        path=?,
        stores_post_id=?,
        type=? 
    where
        id=?
Hibernate: 
    update
        clothes_image 
    set
        closets_post_id=?,
        path=?,
        stores_post_id=?,
        type=? 
    where
        id=?
gunsong2@naver.com
Hibernate: 
    select
        members0_.id as id1_6_,
        members0_.email as email2_6_,
        members0_.image as image3_6_,
        members0_.name as name4_6_,
        members0_.nickname as nickname5_6_,
        members0_.password as password6_6_,
        members0_.phone as phone7_6_,
        members0_.refresh_token as refresh_8_6_,
        members0_.role as role9_6_ 
    from
        members members0_ 
    where
        members0_.email=?
Hibernate: 
    select
        style0_.id as id1_14_,
        style0_.name as name2_14_ 
    from
        style style0_ 
    where
        style0_.name=?
Hibernate: 
    select
        materials0_.id as id1_5_,
        materials0_.name as name2_5_ 
    from
        materials materials0_ 
    where
        materials0_.name=?
Hibernate: 
    select
        colors0_.id as id1_4_,
        colors0_.name as name2_4_ 
    from
        colors colors0_ 
    where
        colors0_.name=?
Hibernate: 
    select
        clothesinf0_.id as id1_2_,
        clothesinf0_.categoryl as category2_2_,
        clothesinf0_.categorys as category3_2_,
        clothesinf0_.fit as fit4_2_,
        clothesinf0_.length as length5_2_ 
    from
        clothes_info clothesinf0_ 
    where
        clothesinf0_.categoryl=? 
        and clothesinf0_.categorys=? 
        and clothesinf0_.length=? 
        and clothesinf0_.fit=?
Hibernate: 
    select
        salesinfoc0_.id as id1_9_,
        salesinfoc0_.clothes_brand as clothes_2_9_,
        salesinfoc0_.clothes_color as clothes_3_9_,
        salesinfoc0_.clothes_gender as clothes_4_9_,
        salesinfoc0_.clothes_size as clothes_5_9_ 
    from
        sales_info_clothes salesinfoc0_ 
    where
        salesinfoc0_.clothes_brand=? 
        and salesinfoc0_.clothes_gender=? 
        and salesinfoc0_.clothes_size=? 
        and salesinfoc0_.clothes_color=?
Hibernate: 
    select
        salesinfos0_.id as id1_10_,
        salesinfos0_.status_score as status_s2_10_,
        salesinfos0_.status_tag as status_t3_10_,
        salesinfos0_.status_times as status_t4_10_,
        salesinfos0_.status_when2buy as status_w5_10_,
        salesinfos0_.transport as transpor6_10_ 
    from
        sales_info_status salesinfos0_ 
    where
        salesinfos0_.status_tag=? 
        and salesinfos0_.status_score=? 
        and salesinfos0_.status_times=? 
        and salesinfos0_.status_when2buy=? 
        and salesinfos0_.transport=?
Hibernate: 
    select
        salesinfou0_.id as id1_11_,
        salesinfou0_.user_height as user_hei2_11_,
        salesinfou0_.user_size as user_siz3_11_,
        salesinfou0_.user_weight as user_wei4_11_ 
    from
        sales_info_user salesinfou0_ 
    where
        salesinfou0_.user_size=? 
        and salesinfou0_.user_weight=? 
        and salesinfou0_.user_height=?
Hibernate: 
    insert 
    into
        clothes_image
        (closets_post_id, path, stores_post_id, type) 
    values
        (?, ?, ?, ?)
Hibernate: 
    insert 
    into
        clothes_image
        (closets_post_id, path, stores_post_id, type) 
    values
        (?, ?, ?, ?)
Hibernate: 
    insert 
    into
        stores
        (created_date, modified_date, author_id, clothes_info_id, colors_name, materials_name, style_name, clothes_length, content, price, sales_info_clothes_id, sales_info_status_id, sales_info_user_id, status, title) 
    values
        (?, ?, ?, ?, ?, ?, ?, ?, ?, ?, ?, ?, ?, ?, ?)
Hibernate: 
    update
        clothes_image 
    set
        closets_post_id=?,
        path=?,
        stores_post_id=?,
        type=? 
    where
        id=?
Hibernate: 
    update
        clothes_image 
    set
        closets_post_id=?,
        path=?,
        stores_post_id=?,
        type=? 
    where
        id=?
gunsong2@naver.com
Hibernate: 
    select
        members0_.id as id1_6_,
        members0_.email as email2_6_,
        members0_.image as image3_6_,
        members0_.name as name4_6_,
        members0_.nickname as nickname5_6_,
        members0_.password as password6_6_,
        members0_.phone as phone7_6_,
        members0_.refresh_token as refresh_8_6_,
        members0_.role as role9_6_ 
    from
        members members0_ 
    where
        members0_.email=?
Hibernate: 
    select
        style0_.id as id1_14_,
        style0_.name as name2_14_ 
    from
        style style0_ 
    where
        style0_.name=?
Hibernate: 
    select
        materials0_.id as id1_5_,
        materials0_.name as name2_5_ 
    from
        materials materials0_ 
    where
        materials0_.name=?
Hibernate: 
    select
        colors0_.id as id1_4_,
        colors0_.name as name2_4_ 
    from
        colors colors0_ 
    where
        colors0_.name=?
Hibernate: 
    select
        clothesinf0_.id as id1_2_,
        clothesinf0_.categoryl as category2_2_,
        clothesinf0_.categorys as category3_2_,
        clothesinf0_.fit as fit4_2_,
        clothesinf0_.length as length5_2_ 
    from
        clothes_info clothesinf0_ 
    where
        clothesinf0_.categoryl=? 
        and clothesinf0_.categorys=? 
        and clothesinf0_.length=? 
        and clothesinf0_.fit=?
Hibernate: 
    select
        salesinfoc0_.id as id1_9_,
        salesinfoc0_.clothes_brand as clothes_2_9_,
        salesinfoc0_.clothes_color as clothes_3_9_,
        salesinfoc0_.clothes_gender as clothes_4_9_,
        salesinfoc0_.clothes_size as clothes_5_9_ 
    from
        sales_info_clothes salesinfoc0_ 
    where
        salesinfoc0_.clothes_brand=? 
        and salesinfoc0_.clothes_gender=? 
        and salesinfoc0_.clothes_size=? 
        and salesinfoc0_.clothes_color=?
Hibernate: 
    select
        salesinfos0_.id as id1_10_,
        salesinfos0_.status_score as status_s2_10_,
        salesinfos0_.status_tag as status_t3_10_,
        salesinfos0_.status_times as status_t4_10_,
        salesinfos0_.status_when2buy as status_w5_10_,
        salesinfos0_.transport as transpor6_10_ 
    from
        sales_info_status salesinfos0_ 
    where
        salesinfos0_.status_tag=? 
        and salesinfos0_.status_score=? 
        and salesinfos0_.status_times=? 
        and salesinfos0_.status_when2buy=? 
        and salesinfos0_.transport=?
Hibernate: 
    select
        salesinfou0_.id as id1_11_,
        salesinfou0_.user_height as user_hei2_11_,
        salesinfou0_.user_size as user_siz3_11_,
        salesinfou0_.user_weight as user_wei4_11_ 
    from
        sales_info_user salesinfou0_ 
    where
        salesinfou0_.user_size=? 
        and salesinfou0_.user_weight=? 
        and salesinfou0_.user_height=?
Hibernate: 
    insert 
    into
        clothes_image
        (closets_post_id, path, stores_post_id, type) 
    values
        (?, ?, ?, ?)
Hibernate: 
    insert 
    into
        clothes_image
        (closets_post_id, path, stores_post_id, type) 
    values
        (?, ?, ?, ?)
Hibernate: 
    insert 
    into
        stores
        (created_date, modified_date, author_id, clothes_info_id, colors_name, materials_name, style_name, clothes_length, content, price, sales_info_clothes_id, sales_info_status_id, sales_info_user_id, status, title) 
    values
        (?, ?, ?, ?, ?, ?, ?, ?, ?, ?, ?, ?, ?, ?, ?)
Hibernate: 
    update
        clothes_image 
    set
        closets_post_id=?,
        path=?,
        stores_post_id=?,
        type=? 
    where
        id=?
Hibernate: 
    update
        clothes_image 
    set
        closets_post_id=?,
        path=?,
        stores_post_id=?,
        type=? 
    where
        id=?
Hibernate: 
    select
        stores0_.id as id1_12_,
        stores0_.created_date as created_2_12_,
        stores0_.modified_date as modified3_12_,
        stores0_.author_id as author_i9_12_,
        stores0_.clothes_info_id as clothes10_12_,
        stores0_.colors_name as colors_11_12_,
        stores0_.materials_name as materia12_12_,
        stores0_.style_name as style_n13_12_,
        stores0_.clothes_length as clothes_4_12_,
        stores0_.content as content5_12_,
        stores0_.price as price6_12_,
        stores0_.sales_info_clothes_id as sales_i14_12_,
        stores0_.sales_info_status_id as sales_i15_12_,
        stores0_.sales_info_user_id as sales_i16_12_,
        stores0_.status as status7_12_,
        stores0_.title as title8_12_ 
    from
        stores stores0_
Hibernate: 
    select
        members0_.id as id1_6_0_,
        members0_.email as email2_6_0_,
        members0_.image as image3_6_0_,
        members0_.name as name4_6_0_,
        members0_.nickname as nickname5_6_0_,
        members0_.password as password6_6_0_,
        members0_.phone as phone7_6_0_,
        members0_.refresh_token as refresh_8_6_0_,
        members0_.role as role9_6_0_ 
    from
        members members0_ 
    where
        members0_.id=?
Hibernate: 
    select
        clothesinf0_.id as id1_2_0_,
        clothesinf0_.categoryl as category2_2_0_,
        clothesinf0_.categorys as category3_2_0_,
        clothesinf0_.fit as fit4_2_0_,
        clothesinf0_.length as length5_2_0_ 
    from
        clothes_info clothesinf0_ 
    where
        clothesinf0_.id=?
Hibernate: 
    select
        colors0_.id as id1_4_0_,
        colors0_.name as name2_4_0_ 
    from
        colors colors0_ 
    where
        colors0_.name=?
Hibernate: 
    select
        materials0_.id as id1_5_0_,
        materials0_.name as name2_5_0_ 
    from
        materials materials0_ 
    where
        materials0_.name=?
Hibernate: 
    select
        style0_.id as id1_14_0_,
        style0_.name as name2_14_0_ 
    from
        style style0_ 
    where
        style0_.name=?
Hibernate: 
    select
        salesinfoc0_.id as id1_9_0_,
        salesinfoc0_.clothes_brand as clothes_2_9_0_,
        salesinfoc0_.clothes_color as clothes_3_9_0_,
        salesinfoc0_.clothes_gender as clothes_4_9_0_,
        salesinfoc0_.clothes_size as clothes_5_9_0_ 
    from
        sales_info_clothes salesinfoc0_ 
    where
        salesinfoc0_.id=?
Hibernate: 
    select
        salesinfos0_.id as id1_10_0_,
        salesinfos0_.status_score as status_s2_10_0_,
        salesinfos0_.status_tag as status_t3_10_0_,
        salesinfos0_.status_times as status_t4_10_0_,
        salesinfos0_.status_when2buy as status_w5_10_0_,
        salesinfos0_.transport as transpor6_10_0_ 
    from
        sales_info_status salesinfos0_ 
    where
        salesinfos0_.id=?
Hibernate: 
    select
        salesinfou0_.id as id1_11_0_,
        salesinfou0_.user_height as user_hei2_11_0_,
        salesinfou0_.user_size as user_siz3_11_0_,
        salesinfou0_.user_weight as user_wei4_11_0_ 
    from
        sales_info_user salesinfou0_ 
    where
        salesinfou0_.id=?
Hibernate: 
    select
        clothesinf0_.id as id1_2_0_,
        clothesinf0_.categoryl as category2_2_0_,
        clothesinf0_.categorys as category3_2_0_,
        clothesinf0_.fit as fit4_2_0_,
        clothesinf0_.length as length5_2_0_ 
    from
        clothes_info clothesinf0_ 
    where
        clothesinf0_.id=?
Hibernate: 
    select
        colors0_.id as id1_4_0_,
        colors0_.name as name2_4_0_ 
    from
        colors colors0_ 
    where
        colors0_.name=?
Hibernate: 
    select
        materials0_.id as id1_5_0_,
        materials0_.name as name2_5_0_ 
    from
        materials materials0_ 
    where
        materials0_.name=?
Hibernate: 
    select
        style0_.id as id1_14_0_,
        style0_.name as name2_14_0_ 
    from
        style style0_ 
    where
        style0_.name=?
Hibernate: 
    select
        salesinfoc0_.id as id1_9_0_,
        salesinfoc0_.clothes_brand as clothes_2_9_0_,
        salesinfoc0_.clothes_color as clothes_3_9_0_,
        salesinfoc0_.clothes_gender as clothes_4_9_0_,
        salesinfoc0_.clothes_size as clothes_5_9_0_ 
    from
        sales_info_clothes salesinfoc0_ 
    where
        salesinfoc0_.id=?
Hibernate: 
    select
        salesinfos0_.id as id1_10_0_,
        salesinfos0_.status_score as status_s2_10_0_,
        salesinfos0_.status_tag as status_t3_10_0_,
        salesinfos0_.status_times as status_t4_10_0_,
        salesinfos0_.status_when2buy as status_w5_10_0_,
        salesinfos0_.transport as transpor6_10_0_ 
    from
        sales_info_status salesinfos0_ 
    where
        salesinfos0_.id=?
Hibernate: 
    select
        salesinfou0_.id as id1_11_0_,
        salesinfou0_.user_height as user_hei2_11_0_,
        salesinfou0_.user_size as user_siz3_11_0_,
        salesinfou0_.user_weight as user_wei4_11_0_ 
    from
        sales_info_user salesinfou0_ 
    where
        salesinfou0_.id=?
Hibernate: 
    select
        clothesinf0_.id as id1_2_0_,
        clothesinf0_.categoryl as category2_2_0_,
        clothesinf0_.categorys as category3_2_0_,
        clothesinf0_.fit as fit4_2_0_,
        clothesinf0_.length as length5_2_0_ 
    from
        clothes_info clothesinf0_ 
    where
        clothesinf0_.id=?
Hibernate: 
    select
        colors0_.id as id1_4_0_,
        colors0_.name as name2_4_0_ 
    from
        colors colors0_ 
    where
        colors0_.name=?
Hibernate: 
    select
        materials0_.id as id1_5_0_,
        materials0_.name as name2_5_0_ 
    from
        materials materials0_ 
    where
        materials0_.name=?
Hibernate: 
    select
        style0_.id as id1_14_0_,
        style0_.name as name2_14_0_ 
    from
        style style0_ 
    where
        style0_.name=?
Hibernate: 
    select
        salesinfoc0_.id as id1_9_0_,
        salesinfoc0_.clothes_brand as clothes_2_9_0_,
        salesinfoc0_.clothes_color as clothes_3_9_0_,
        salesinfoc0_.clothes_gender as clothes_4_9_0_,
        salesinfoc0_.clothes_size as clothes_5_9_0_ 
    from
        sales_info_clothes salesinfoc0_ 
    where
        salesinfoc0_.id=?
Hibernate: 
    select
        salesinfos0_.id as id1_10_0_,
        salesinfos0_.status_score as status_s2_10_0_,
        salesinfos0_.status_tag as status_t3_10_0_,
        salesinfos0_.status_times as status_t4_10_0_,
        salesinfos0_.status_when2buy as status_w5_10_0_,
        salesinfos0_.transport as transpor6_10_0_ 
    from
        sales_info_status salesinfos0_ 
    where
        salesinfos0_.id=?
Hibernate: 
    select
        salesinfou0_.id as id1_11_0_,
        salesinfou0_.user_height as user_hei2_11_0_,
        salesinfou0_.user_size as user_siz3_11_0_,
        salesinfou0_.user_weight as user_wei4_11_0_ 
    from
        sales_info_user salesinfou0_ 
    where
        salesinfou0_.id=?
Hibernate: 
    select
        clothesinf0_.id as id1_2_0_,
        clothesinf0_.categoryl as category2_2_0_,
        clothesinf0_.categorys as category3_2_0_,
        clothesinf0_.fit as fit4_2_0_,
        clothesinf0_.length as length5_2_0_ 
    from
        clothes_info clothesinf0_ 
    where
        clothesinf0_.id=?
Hibernate: 
    select
        colors0_.id as id1_4_0_,
        colors0_.name as name2_4_0_ 
    from
        colors colors0_ 
    where
        colors0_.name=?
Hibernate: 
    select
        materials0_.id as id1_5_0_,
        materials0_.name as name2_5_0_ 
    from
        materials materials0_ 
    where
        materials0_.name=?
Hibernate: 
    select
        style0_.id as id1_14_0_,
        style0_.name as name2_14_0_ 
    from
        style style0_ 
    where
        style0_.name=?
Hibernate: 
    select
        salesinfoc0_.id as id1_9_0_,
        salesinfoc0_.clothes_brand as clothes_2_9_0_,
        salesinfoc0_.clothes_color as clothes_3_9_0_,
        salesinfoc0_.clothes_gender as clothes_4_9_0_,
        salesinfoc0_.clothes_size as clothes_5_9_0_ 
    from
        sales_info_clothes salesinfoc0_ 
    where
        salesinfoc0_.id=?
Hibernate: 
    select
        salesinfos0_.id as id1_10_0_,
        salesinfos0_.status_score as status_s2_10_0_,
        salesinfos0_.status_tag as status_t3_10_0_,
        salesinfos0_.status_times as status_t4_10_0_,
        salesinfos0_.status_when2buy as status_w5_10_0_,
        salesinfos0_.transport as transpor6_10_0_ 
    from
        sales_info_status salesinfos0_ 
    where
        salesinfos0_.id=?
Hibernate: 
    select
        salesinfou0_.id as id1_11_0_,
        salesinfou0_.user_height as user_hei2_11_0_,
        salesinfou0_.user_size as user_siz3_11_0_,
        salesinfou0_.user_weight as user_wei4_11_0_ 
    from
        sales_info_user salesinfou0_ 
    where
        salesinfou0_.id=?
Hibernate: 
    select
        clothesinf0_.id as id1_2_0_,
        clothesinf0_.categoryl as category2_2_0_,
        clothesinf0_.categorys as category3_2_0_,
        clothesinf0_.fit as fit4_2_0_,
        clothesinf0_.length as length5_2_0_ 
    from
        clothes_info clothesinf0_ 
    where
        clothesinf0_.id=?
Hibernate: 
    select
        materials0_.id as id1_5_0_,
        materials0_.name as name2_5_0_ 
    from
        materials materials0_ 
    where
        materials0_.name=?
Hibernate: 
    select
        style0_.id as id1_14_0_,
        style0_.name as name2_14_0_ 
    from
        style style0_ 
    where
        style0_.name=?
Hibernate: 
    select
        salesinfoc0_.id as id1_9_0_,
        salesinfoc0_.clothes_brand as clothes_2_9_0_,
        salesinfoc0_.clothes_color as clothes_3_9_0_,
        salesinfoc0_.clothes_gender as clothes_4_9_0_,
        salesinfoc0_.clothes_size as clothes_5_9_0_ 
    from
        sales_info_clothes salesinfoc0_ 
    where
        salesinfoc0_.id=?
Hibernate: 
    select
        salesinfos0_.id as id1_10_0_,
        salesinfos0_.status_score as status_s2_10_0_,
        salesinfos0_.status_tag as status_t3_10_0_,
        salesinfos0_.status_times as status_t4_10_0_,
        salesinfos0_.status_when2buy as status_w5_10_0_,
        salesinfos0_.transport as transpor6_10_0_ 
    from
        sales_info_status salesinfos0_ 
    where
        salesinfos0_.id=?
Hibernate: 
    select
        salesinfou0_.id as id1_11_0_,
        salesinfou0_.user_height as user_hei2_11_0_,
        salesinfou0_.user_size as user_siz3_11_0_,
        salesinfou0_.user_weight as user_wei4_11_0_ 
    from
        sales_info_user salesinfou0_ 
    where
        salesinfou0_.id=?
Hibernate: 
    select
        clothesima0_.id as id1_3_,
        clothesima0_.closets_post_id as closets_4_3_,
        clothesima0_.path as path2_3_,
        clothesima0_.stores_post_id as stores_p5_3_,
        clothesima0_.type as type3_3_ 
    from
        clothes_image clothesima0_
Hibernate: 
    select
        stores0_.id as id1_12_0_,
        stores0_.created_date as created_2_12_0_,
        stores0_.modified_date as modified3_12_0_,
        stores0_.author_id as author_i9_12_0_,
        stores0_.clothes_info_id as clothes10_12_0_,
        stores0_.colors_name as colors_11_12_0_,
        stores0_.materials_name as materia12_12_0_,
        stores0_.style_name as style_n13_12_0_,
        stores0_.clothes_length as clothes_4_12_0_,
        stores0_.content as content5_12_0_,
        stores0_.price as price6_12_0_,
        stores0_.sales_info_clothes_id as sales_i14_12_0_,
        stores0_.sales_info_status_id as sales_i15_12_0_,
        stores0_.sales_info_user_id as sales_i16_12_0_,
        stores0_.status as status7_12_0_,
        stores0_.title as title8_12_0_,
        members1_.id as id1_6_1_,
        members1_.email as email2_6_1_,
        members1_.image as image3_6_1_,
        members1_.name as name4_6_1_,
        members1_.nickname as nickname5_6_1_,
        members1_.password as password6_6_1_,
        members1_.phone as phone7_6_1_,
        members1_.refresh_token as refresh_8_6_1_,
        members1_.role as role9_6_1_,
        clothesinf2_.id as id1_2_2_,
        clothesinf2_.categoryl as category2_2_2_,
        clothesinf2_.categorys as category3_2_2_,
        clothesinf2_.fit as fit4_2_2_,
        clothesinf2_.length as length5_2_2_,
        colors3_.id as id1_4_3_,
        colors3_.name as name2_4_3_,
        materials4_.id as id1_5_4_,
        materials4_.name as name2_5_4_,
        style5_.id as id1_14_5_,
        style5_.name as name2_14_5_,
        salesinfoc6_.id as id1_9_6_,
        salesinfoc6_.clothes_brand as clothes_2_9_6_,
        salesinfoc6_.clothes_color as clothes_3_9_6_,
        salesinfoc6_.clothes_gender as clothes_4_9_6_,
        salesinfoc6_.clothes_size as clothes_5_9_6_,
        salesinfos7_.id as id1_10_7_,
        salesinfos7_.status_score as status_s2_10_7_,
        salesinfos7_.status_tag as status_t3_10_7_,
        salesinfos7_.status_times as status_t4_10_7_,
        salesinfos7_.status_when2buy as status_w5_10_7_,
        salesinfos7_.transport as transpor6_10_7_,
        salesinfou8_.id as id1_11_8_,
        salesinfou8_.user_height as user_hei2_11_8_,
        salesinfou8_.user_size as user_siz3_11_8_,
        salesinfou8_.user_weight as user_wei4_11_8_ 
    from
        stores stores0_ 
    left outer join
        members members1_ 
            on stores0_.author_id=members1_.id 
    left outer join
        clothes_info clothesinf2_ 
            on stores0_.clothes_info_id=clothesinf2_.id 
    left outer join
        colors colors3_ 
            on stores0_.colors_name=colors3_.name 
    left outer join
        materials materials4_ 
            on stores0_.materials_name=materials4_.name 
    left outer join
        style style5_ 
            on stores0_.style_name=style5_.name 
    left outer join
        sales_info_clothes salesinfoc6_ 
            on stores0_.sales_info_clothes_id=salesinfoc6_.id 
    left outer join
        sales_info_status salesinfos7_ 
            on stores0_.sales_info_status_id=salesinfos7_.id 
    left outer join
        sales_info_user salesinfou8_ 
            on stores0_.sales_info_user_id=salesinfou8_.id 
    where
        stores0_.id=?
Hibernate: 
    select
        stores0_.id as id1_12_0_,
        stores0_.created_date as created_2_12_0_,
        stores0_.modified_date as modified3_12_0_,
        stores0_.author_id as author_i9_12_0_,
        stores0_.clothes_info_id as clothes10_12_0_,
        stores0_.colors_name as colors_11_12_0_,
        stores0_.materials_name as materia12_12_0_,
        stores0_.style_name as style_n13_12_0_,
        stores0_.clothes_length as clothes_4_12_0_,
        stores0_.content as content5_12_0_,
        stores0_.price as price6_12_0_,
        stores0_.sales_info_clothes_id as sales_i14_12_0_,
        stores0_.sales_info_status_id as sales_i15_12_0_,
        stores0_.sales_info_user_id as sales_i16_12_0_,
        stores0_.status as status7_12_0_,
        stores0_.title as title8_12_0_,
        members1_.id as id1_6_1_,
        members1_.email as email2_6_1_,
        members1_.image as image3_6_1_,
        members1_.name as name4_6_1_,
        members1_.nickname as nickname5_6_1_,
        members1_.password as password6_6_1_,
        members1_.phone as phone7_6_1_,
        members1_.refresh_token as refresh_8_6_1_,
        members1_.role as role9_6_1_,
        clothesinf2_.id as id1_2_2_,
        clothesinf2_.categoryl as category2_2_2_,
        clothesinf2_.categorys as category3_2_2_,
        clothesinf2_.fit as fit4_2_2_,
        clothesinf2_.length as length5_2_2_,
        colors3_.id as id1_4_3_,
        colors3_.name as name2_4_3_,
        materials4_.id as id1_5_4_,
        materials4_.name as name2_5_4_,
        style5_.id as id1_14_5_,
        style5_.name as name2_14_5_,
        salesinfoc6_.id as id1_9_6_,
        salesinfoc6_.clothes_brand as clothes_2_9_6_,
        salesinfoc6_.clothes_color as clothes_3_9_6_,
        salesinfoc6_.clothes_gender as clothes_4_9_6_,
        salesinfoc6_.clothes_size as clothes_5_9_6_,
        salesinfos7_.id as id1_10_7_,
        salesinfos7_.status_score as status_s2_10_7_,
        salesinfos7_.status_tag as status_t3_10_7_,
        salesinfos7_.status_times as status_t4_10_7_,
        salesinfos7_.status_when2buy as status_w5_10_7_,
        salesinfos7_.transport as transpor6_10_7_,
        salesinfou8_.id as id1_11_8_,
        salesinfou8_.user_height as user_hei2_11_8_,
        salesinfou8_.user_size as user_siz3_11_8_,
        salesinfou8_.user_weight as user_wei4_11_8_ 
    from
        stores stores0_ 
    left outer join
        members members1_ 
            on stores0_.author_id=members1_.id 
    left outer join
        clothes_info clothesinf2_ 
            on stores0_.clothes_info_id=clothesinf2_.id 
    left outer join
        colors colors3_ 
            on stores0_.colors_name=colors3_.name 
    left outer join
        materials materials4_ 
            on stores0_.materials_name=materials4_.name 
    left outer join
        style style5_ 
            on stores0_.style_name=style5_.name 
    left outer join
        sales_info_clothes salesinfoc6_ 
            on stores0_.sales_info_clothes_id=salesinfoc6_.id 
    left outer join
        sales_info_status salesinfos7_ 
            on stores0_.sales_info_status_id=salesinfos7_.id 
    left outer join
        sales_info_user salesinfou8_ 
            on stores0_.sales_info_user_id=salesinfou8_.id 
    where
        stores0_.id=?
Hibernate: 
    select
        stores0_.id as id1_12_0_,
        stores0_.created_date as created_2_12_0_,
        stores0_.modified_date as modified3_12_0_,
        stores0_.author_id as author_i9_12_0_,
        stores0_.clothes_info_id as clothes10_12_0_,
        stores0_.colors_name as colors_11_12_0_,
        stores0_.materials_name as materia12_12_0_,
        stores0_.style_name as style_n13_12_0_,
        stores0_.clothes_length as clothes_4_12_0_,
        stores0_.content as content5_12_0_,
        stores0_.price as price6_12_0_,
        stores0_.sales_info_clothes_id as sales_i14_12_0_,
        stores0_.sales_info_status_id as sales_i15_12_0_,
        stores0_.sales_info_user_id as sales_i16_12_0_,
        stores0_.status as status7_12_0_,
        stores0_.title as title8_12_0_,
        members1_.id as id1_6_1_,
        members1_.email as email2_6_1_,
        members1_.image as image3_6_1_,
        members1_.name as name4_6_1_,
        members1_.nickname as nickname5_6_1_,
        members1_.password as password6_6_1_,
        members1_.phone as phone7_6_1_,
        members1_.refresh_token as refresh_8_6_1_,
        members1_.role as role9_6_1_,
        clothesinf2_.id as id1_2_2_,
        clothesinf2_.categoryl as category2_2_2_,
        clothesinf2_.categorys as category3_2_2_,
        clothesinf2_.fit as fit4_2_2_,
        clothesinf2_.length as length5_2_2_,
        colors3_.id as id1_4_3_,
        colors3_.name as name2_4_3_,
        materials4_.id as id1_5_4_,
        materials4_.name as name2_5_4_,
        style5_.id as id1_14_5_,
        style5_.name as name2_14_5_,
        salesinfoc6_.id as id1_9_6_,
        salesinfoc6_.clothes_brand as clothes_2_9_6_,
        salesinfoc6_.clothes_color as clothes_3_9_6_,
        salesinfoc6_.clothes_gender as clothes_4_9_6_,
        salesinfoc6_.clothes_size as clothes_5_9_6_,
        salesinfos7_.id as id1_10_7_,
        salesinfos7_.status_score as status_s2_10_7_,
        salesinfos7_.status_tag as status_t3_10_7_,
        salesinfos7_.status_times as status_t4_10_7_,
        salesinfos7_.status_when2buy as status_w5_10_7_,
        salesinfos7_.transport as transpor6_10_7_,
        salesinfou8_.id as id1_11_8_,
        salesinfou8_.user_height as user_hei2_11_8_,
        salesinfou8_.user_size as user_siz3_11_8_,
        salesinfou8_.user_weight as user_wei4_11_8_ 
    from
        stores stores0_ 
    left outer join
        members members1_ 
            on stores0_.author_id=members1_.id 
    left outer join
        clothes_info clothesinf2_ 
            on stores0_.clothes_info_id=clothesinf2_.id 
    left outer join
        colors colors3_ 
            on stores0_.colors_name=colors3_.name 
    left outer join
        materials materials4_ 
            on stores0_.materials_name=materials4_.name 
    left outer join
        style style5_ 
            on stores0_.style_name=style5_.name 
    left outer join
        sales_info_clothes salesinfoc6_ 
            on stores0_.sales_info_clothes_id=salesinfoc6_.id 
    left outer join
        sales_info_status salesinfos7_ 
            on stores0_.sales_info_status_id=salesinfos7_.id 
    left outer join
        sales_info_user salesinfou8_ 
            on stores0_.sales_info_user_id=salesinfou8_.id 
    where
        stores0_.id=?
Hibernate: 
    select
        stores0_.id as id1_12_0_,
        stores0_.created_date as created_2_12_0_,
        stores0_.modified_date as modified3_12_0_,
        stores0_.author_id as author_i9_12_0_,
        stores0_.clothes_info_id as clothes10_12_0_,
        stores0_.colors_name as colors_11_12_0_,
        stores0_.materials_name as materia12_12_0_,
        stores0_.style_name as style_n13_12_0_,
        stores0_.clothes_length as clothes_4_12_0_,
        stores0_.content as content5_12_0_,
        stores0_.price as price6_12_0_,
        stores0_.sales_info_clothes_id as sales_i14_12_0_,
        stores0_.sales_info_status_id as sales_i15_12_0_,
        stores0_.sales_info_user_id as sales_i16_12_0_,
        stores0_.status as status7_12_0_,
        stores0_.title as title8_12_0_,
        members1_.id as id1_6_1_,
        members1_.email as email2_6_1_,
        members1_.image as image3_6_1_,
        members1_.name as name4_6_1_,
        members1_.nickname as nickname5_6_1_,
        members1_.password as password6_6_1_,
        members1_.phone as phone7_6_1_,
        members1_.refresh_token as refresh_8_6_1_,
        members1_.role as role9_6_1_,
        clothesinf2_.id as id1_2_2_,
        clothesinf2_.categoryl as category2_2_2_,
        clothesinf2_.categorys as category3_2_2_,
        clothesinf2_.fit as fit4_2_2_,
        clothesinf2_.length as length5_2_2_,
        colors3_.id as id1_4_3_,
        colors3_.name as name2_4_3_,
        materials4_.id as id1_5_4_,
        materials4_.name as name2_5_4_,
        style5_.id as id1_14_5_,
        style5_.name as name2_14_5_,
        salesinfoc6_.id as id1_9_6_,
        salesinfoc6_.clothes_brand as clothes_2_9_6_,
        salesinfoc6_.clothes_color as clothes_3_9_6_,
        salesinfoc6_.clothes_gender as clothes_4_9_6_,
        salesinfoc6_.clothes_size as clothes_5_9_6_,
        salesinfos7_.id as id1_10_7_,
        salesinfos7_.status_score as status_s2_10_7_,
        salesinfos7_.status_tag as status_t3_10_7_,
        salesinfos7_.status_times as status_t4_10_7_,
        salesinfos7_.status_when2buy as status_w5_10_7_,
        salesinfos7_.transport as transpor6_10_7_,
        salesinfou8_.id as id1_11_8_,
        salesinfou8_.user_height as user_hei2_11_8_,
        salesinfou8_.user_size as user_siz3_11_8_,
        salesinfou8_.user_weight as user_wei4_11_8_ 
    from
        stores stores0_ 
    left outer join
        members members1_ 
            on stores0_.author_id=members1_.id 
    left outer join
        clothes_info clothesinf2_ 
            on stores0_.clothes_info_id=clothesinf2_.id 
    left outer join
        colors colors3_ 
            on stores0_.colors_name=colors3_.name 
    left outer join
        materials materials4_ 
            on stores0_.materials_name=materials4_.name 
    left outer join
        style style5_ 
            on stores0_.style_name=style5_.name 
    left outer join
        sales_info_clothes salesinfoc6_ 
            on stores0_.sales_info_clothes_id=salesinfoc6_.id 
    left outer join
        sales_info_status salesinfos7_ 
            on stores0_.sales_info_status_id=salesinfos7_.id 
    left outer join
        sales_info_user salesinfou8_ 
            on stores0_.sales_info_user_id=salesinfou8_.id 
    where
        stores0_.id=?
Hibernate: 
    select
        stores0_.id as id1_12_0_,
        stores0_.created_date as created_2_12_0_,
        stores0_.modified_date as modified3_12_0_,
        stores0_.author_id as author_i9_12_0_,
        stores0_.clothes_info_id as clothes10_12_0_,
        stores0_.colors_name as colors_11_12_0_,
        stores0_.materials_name as materia12_12_0_,
        stores0_.style_name as style_n13_12_0_,
        stores0_.clothes_length as clothes_4_12_0_,
        stores0_.content as content5_12_0_,
        stores0_.price as price6_12_0_,
        stores0_.sales_info_clothes_id as sales_i14_12_0_,
        stores0_.sales_info_status_id as sales_i15_12_0_,
        stores0_.sales_info_user_id as sales_i16_12_0_,
        stores0_.status as status7_12_0_,
        stores0_.title as title8_12_0_,
        members1_.id as id1_6_1_,
        members1_.email as email2_6_1_,
        members1_.image as image3_6_1_,
        members1_.name as name4_6_1_,
        members1_.nickname as nickname5_6_1_,
        members1_.password as password6_6_1_,
        members1_.phone as phone7_6_1_,
        members1_.refresh_token as refresh_8_6_1_,
        members1_.role as role9_6_1_,
        clothesinf2_.id as id1_2_2_,
        clothesinf2_.categoryl as category2_2_2_,
        clothesinf2_.categorys as category3_2_2_,
        clothesinf2_.fit as fit4_2_2_,
        clothesinf2_.length as length5_2_2_,
        colors3_.id as id1_4_3_,
        colors3_.name as name2_4_3_,
        materials4_.id as id1_5_4_,
        materials4_.name as name2_5_4_,
        style5_.id as id1_14_5_,
        style5_.name as name2_14_5_,
        salesinfoc6_.id as id1_9_6_,
        salesinfoc6_.clothes_brand as clothes_2_9_6_,
        salesinfoc6_.clothes_color as clothes_3_9_6_,
        salesinfoc6_.clothes_gender as clothes_4_9_6_,
        salesinfoc6_.clothes_size as clothes_5_9_6_,
        salesinfos7_.id as id1_10_7_,
        salesinfos7_.status_score as status_s2_10_7_,
        salesinfos7_.status_tag as status_t3_10_7_,
        salesinfos7_.status_times as status_t4_10_7_,
        salesinfos7_.status_when2buy as status_w5_10_7_,
        salesinfos7_.transport as transpor6_10_7_,
        salesinfou8_.id as id1_11_8_,
        salesinfou8_.user_height as user_hei2_11_8_,
        salesinfou8_.user_size as user_siz3_11_8_,
        salesinfou8_.user_weight as user_wei4_11_8_ 
    from
        stores stores0_ 
    left outer join
        members members1_ 
            on stores0_.author_id=members1_.id 
    left outer join
        clothes_info clothesinf2_ 
            on stores0_.clothes_info_id=clothesinf2_.id 
    left outer join
        colors colors3_ 
            on stores0_.colors_name=colors3_.name 
    left outer join
        materials materials4_ 
            on stores0_.materials_name=materials4_.name 
    left outer join
        style style5_ 
            on stores0_.style_name=style5_.name 
    left outer join
        sales_info_clothes salesinfoc6_ 
            on stores0_.sales_info_clothes_id=salesinfoc6_.id 
    left outer join
        sales_info_status salesinfos7_ 
            on stores0_.sales_info_status_id=salesinfos7_.id 
    left outer join
        sales_info_user salesinfou8_ 
            on stores0_.sales_info_user_id=salesinfou8_.id 
    where
        stores0_.id=?
Hibernate: 
    select
        stores0_.id as id1_12_0_,
        stores0_.created_date as created_2_12_0_,
        stores0_.modified_date as modified3_12_0_,
        stores0_.author_id as author_i9_12_0_,
        stores0_.clothes_info_id as clothes10_12_0_,
        stores0_.colors_name as colors_11_12_0_,
        stores0_.materials_name as materia12_12_0_,
        stores0_.style_name as style_n13_12_0_,
        stores0_.clothes_length as clothes_4_12_0_,
        stores0_.content as content5_12_0_,
        stores0_.price as price6_12_0_,
        stores0_.sales_info_clothes_id as sales_i14_12_0_,
        stores0_.sales_info_status_id as sales_i15_12_0_,
        stores0_.sales_info_user_id as sales_i16_12_0_,
        stores0_.status as status7_12_0_,
        stores0_.title as title8_12_0_,
        members1_.id as id1_6_1_,
        members1_.email as email2_6_1_,
        members1_.image as image3_6_1_,
        members1_.name as name4_6_1_,
        members1_.nickname as nickname5_6_1_,
        members1_.password as password6_6_1_,
        members1_.phone as phone7_6_1_,
        members1_.refresh_token as refresh_8_6_1_,
        members1_.role as role9_6_1_,
        clothesinf2_.id as id1_2_2_,
        clothesinf2_.categoryl as category2_2_2_,
        clothesinf2_.categorys as category3_2_2_,
        clothesinf2_.fit as fit4_2_2_,
        clothesinf2_.length as length5_2_2_,
        colors3_.id as id1_4_3_,
        colors3_.name as name2_4_3_,
        materials4_.id as id1_5_4_,
        materials4_.name as name2_5_4_,
        style5_.id as id1_14_5_,
        style5_.name as name2_14_5_,
        salesinfoc6_.id as id1_9_6_,
        salesinfoc6_.clothes_brand as clothes_2_9_6_,
        salesinfoc6_.clothes_color as clothes_3_9_6_,
        salesinfoc6_.clothes_gender as clothes_4_9_6_,
        salesinfoc6_.clothes_size as clothes_5_9_6_,
        salesinfos7_.id as id1_10_7_,
        salesinfos7_.status_score as status_s2_10_7_,
        salesinfos7_.status_tag as status_t3_10_7_,
        salesinfos7_.status_times as status_t4_10_7_,
        salesinfos7_.status_when2buy as status_w5_10_7_,
        salesinfos7_.transport as transpor6_10_7_,
        salesinfou8_.id as id1_11_8_,
        salesinfou8_.user_height as user_hei2_11_8_,
        salesinfou8_.user_size as user_siz3_11_8_,
        salesinfou8_.user_weight as user_wei4_11_8_ 
    from
        stores stores0_ 
    left outer join
        members members1_ 
            on stores0_.author_id=members1_.id 
    left outer join
        clothes_info clothesinf2_ 
            on stores0_.clothes_info_id=clothesinf2_.id 
    left outer join
        colors colors3_ 
            on stores0_.colors_name=colors3_.name 
    left outer join
        materials materials4_ 
            on stores0_.materials_name=materials4_.name 
    left outer join
        style style5_ 
            on stores0_.style_name=style5_.name 
    left outer join
        sales_info_clothes salesinfoc6_ 
            on stores0_.sales_info_clothes_id=salesinfoc6_.id 
    left outer join
        sales_info_status salesinfos7_ 
            on stores0_.sales_info_status_id=salesinfos7_.id 
    left outer join
        sales_info_user salesinfou8_ 
            on stores0_.sales_info_user_id=salesinfou8_.id 
    where
        stores0_.id=?
Hibernate: 
    select
        stores0_.id as id1_12_0_,
        stores0_.created_date as created_2_12_0_,
        stores0_.modified_date as modified3_12_0_,
        stores0_.author_id as author_i9_12_0_,
        stores0_.clothes_info_id as clothes10_12_0_,
        stores0_.colors_name as colors_11_12_0_,
        stores0_.materials_name as materia12_12_0_,
        stores0_.style_name as style_n13_12_0_,
        stores0_.clothes_length as clothes_4_12_0_,
        stores0_.content as content5_12_0_,
        stores0_.price as price6_12_0_,
        stores0_.sales_info_clothes_id as sales_i14_12_0_,
        stores0_.sales_info_status_id as sales_i15_12_0_,
        stores0_.sales_info_user_id as sales_i16_12_0_,
        stores0_.status as status7_12_0_,
        stores0_.title as title8_12_0_,
        members1_.id as id1_6_1_,
        members1_.email as email2_6_1_,
        members1_.image as image3_6_1_,
        members1_.name as name4_6_1_,
        members1_.nickname as nickname5_6_1_,
        members1_.password as password6_6_1_,
        members1_.phone as phone7_6_1_,
        members1_.refresh_token as refresh_8_6_1_,
        members1_.role as role9_6_1_,
        clothesinf2_.id as id1_2_2_,
        clothesinf2_.categoryl as category2_2_2_,
        clothesinf2_.categorys as category3_2_2_,
        clothesinf2_.fit as fit4_2_2_,
        clothesinf2_.length as length5_2_2_,
        colors3_.id as id1_4_3_,
        colors3_.name as name2_4_3_,
        materials4_.id as id1_5_4_,
        materials4_.name as name2_5_4_,
        style5_.id as id1_14_5_,
        style5_.name as name2_14_5_,
        salesinfoc6_.id as id1_9_6_,
        salesinfoc6_.clothes_brand as clothes_2_9_6_,
        salesinfoc6_.clothes_color as clothes_3_9_6_,
        salesinfoc6_.clothes_gender as clothes_4_9_6_,
        salesinfoc6_.clothes_size as clothes_5_9_6_,
        salesinfos7_.id as id1_10_7_,
        salesinfos7_.status_score as status_s2_10_7_,
        salesinfos7_.status_tag as status_t3_10_7_,
        salesinfos7_.status_times as status_t4_10_7_,
        salesinfos7_.status_when2buy as status_w5_10_7_,
        salesinfos7_.transport as transpor6_10_7_,
        salesinfou8_.id as id1_11_8_,
        salesinfou8_.user_height as user_hei2_11_8_,
        salesinfou8_.user_size as user_siz3_11_8_,
        salesinfou8_.user_weight as user_wei4_11_8_ 
    from
        stores stores0_ 
    left outer join
        members members1_ 
            on stores0_.author_id=members1_.id 
    left outer join
        clothes_info clothesinf2_ 
            on stores0_.clothes_info_id=clothesinf2_.id 
    left outer join
        colors colors3_ 
            on stores0_.colors_name=colors3_.name 
    left outer join
        materials materials4_ 
            on stores0_.materials_name=materials4_.name 
    left outer join
        style style5_ 
            on stores0_.style_name=style5_.name 
    left outer join
        sales_info_clothes salesinfoc6_ 
            on stores0_.sales_info_clothes_id=salesinfoc6_.id 
    left outer join
        sales_info_status salesinfos7_ 
            on stores0_.sales_info_status_id=salesinfos7_.id 
    left outer join
        sales_info_user salesinfou8_ 
            on stores0_.sales_info_user_id=salesinfou8_.id 
    where
        stores0_.id=?
Hibernate: 
    select
        stores0_.id as id1_12_0_,
        stores0_.created_date as created_2_12_0_,
        stores0_.modified_date as modified3_12_0_,
        stores0_.author_id as author_i9_12_0_,
        stores0_.clothes_info_id as clothes10_12_0_,
        stores0_.colors_name as colors_11_12_0_,
        stores0_.materials_name as materia12_12_0_,
        stores0_.style_name as style_n13_12_0_,
        stores0_.clothes_length as clothes_4_12_0_,
        stores0_.content as content5_12_0_,
        stores0_.price as price6_12_0_,
        stores0_.sales_info_clothes_id as sales_i14_12_0_,
        stores0_.sales_info_status_id as sales_i15_12_0_,
        stores0_.sales_info_user_id as sales_i16_12_0_,
        stores0_.status as status7_12_0_,
        stores0_.title as title8_12_0_,
        members1_.id as id1_6_1_,
        members1_.email as email2_6_1_,
        members1_.image as image3_6_1_,
        members1_.name as name4_6_1_,
        members1_.nickname as nickname5_6_1_,
        members1_.password as password6_6_1_,
        members1_.phone as phone7_6_1_,
        members1_.refresh_token as refresh_8_6_1_,
        members1_.role as role9_6_1_,
        clothesinf2_.id as id1_2_2_,
        clothesinf2_.categoryl as category2_2_2_,
        clothesinf2_.categorys as category3_2_2_,
        clothesinf2_.fit as fit4_2_2_,
        clothesinf2_.length as length5_2_2_,
        colors3_.id as id1_4_3_,
        colors3_.name as name2_4_3_,
        materials4_.id as id1_5_4_,
        materials4_.name as name2_5_4_,
        style5_.id as id1_14_5_,
        style5_.name as name2_14_5_,
        salesinfoc6_.id as id1_9_6_,
        salesinfoc6_.clothes_brand as clothes_2_9_6_,
        salesinfoc6_.clothes_color as clothes_3_9_6_,
        salesinfoc6_.clothes_gender as clothes_4_9_6_,
        salesinfoc6_.clothes_size as clothes_5_9_6_,
        salesinfos7_.id as id1_10_7_,
        salesinfos7_.status_score as status_s2_10_7_,
        salesinfos7_.status_tag as status_t3_10_7_,
        salesinfos7_.status_times as status_t4_10_7_,
        salesinfos7_.status_when2buy as status_w5_10_7_,
        salesinfos7_.transport as transpor6_10_7_,
        salesinfou8_.id as id1_11_8_,
        salesinfou8_.user_height as user_hei2_11_8_,
        salesinfou8_.user_size as user_siz3_11_8_,
        salesinfou8_.user_weight as user_wei4_11_8_ 
    from
        stores stores0_ 
    left outer join
        members members1_ 
            on stores0_.author_id=members1_.id 
    left outer join
        clothes_info clothesinf2_ 
            on stores0_.clothes_info_id=clothesinf2_.id 
    left outer join
        colors colors3_ 
            on stores0_.colors_name=colors3_.name 
    left outer join
        materials materials4_ 
            on stores0_.materials_name=materials4_.name 
    left outer join
        style style5_ 
            on stores0_.style_name=style5_.name 
    left outer join
        sales_info_clothes salesinfoc6_ 
            on stores0_.sales_info_clothes_id=salesinfoc6_.id 
    left outer join
        sales_info_status salesinfos7_ 
            on stores0_.sales_info_status_id=salesinfos7_.id 
    left outer join
        sales_info_user salesinfou8_ 
            on stores0_.sales_info_user_id=salesinfou8_.id 
    where
        stores0_.id=?
Hibernate: 
    select
        stores0_.id as id1_12_0_,
        stores0_.created_date as created_2_12_0_,
        stores0_.modified_date as modified3_12_0_,
        stores0_.author_id as author_i9_12_0_,
        stores0_.clothes_info_id as clothes10_12_0_,
        stores0_.colors_name as colors_11_12_0_,
        stores0_.materials_name as materia12_12_0_,
        stores0_.style_name as style_n13_12_0_,
        stores0_.clothes_length as clothes_4_12_0_,
        stores0_.content as content5_12_0_,
        stores0_.price as price6_12_0_,
        stores0_.sales_info_clothes_id as sales_i14_12_0_,
        stores0_.sales_info_status_id as sales_i15_12_0_,
        stores0_.sales_info_user_id as sales_i16_12_0_,
        stores0_.status as status7_12_0_,
        stores0_.title as title8_12_0_,
        members1_.id as id1_6_1_,
        members1_.email as email2_6_1_,
        members1_.image as image3_6_1_,
        members1_.name as name4_6_1_,
        members1_.nickname as nickname5_6_1_,
        members1_.password as password6_6_1_,
        members1_.phone as phone7_6_1_,
        members1_.refresh_token as refresh_8_6_1_,
        members1_.role as role9_6_1_,
        clothesinf2_.id as id1_2_2_,
        clothesinf2_.categoryl as category2_2_2_,
        clothesinf2_.categorys as category3_2_2_,
        clothesinf2_.fit as fit4_2_2_,
        clothesinf2_.length as length5_2_2_,
        colors3_.id as id1_4_3_,
        colors3_.name as name2_4_3_,
        materials4_.id as id1_5_4_,
        materials4_.name as name2_5_4_,
        style5_.id as id1_14_5_,
        style5_.name as name2_14_5_,
        salesinfoc6_.id as id1_9_6_,
        salesinfoc6_.clothes_brand as clothes_2_9_6_,
        salesinfoc6_.clothes_color as clothes_3_9_6_,
        salesinfoc6_.clothes_gender as clothes_4_9_6_,
        salesinfoc6_.clothes_size as clothes_5_9_6_,
        salesinfos7_.id as id1_10_7_,
        salesinfos7_.status_score as status_s2_10_7_,
        salesinfos7_.status_tag as status_t3_10_7_,
        salesinfos7_.status_times as status_t4_10_7_,
        salesinfos7_.status_when2buy as status_w5_10_7_,
        salesinfos7_.transport as transpor6_10_7_,
        salesinfou8_.id as id1_11_8_,
        salesinfou8_.user_height as user_hei2_11_8_,
        salesinfou8_.user_size as user_siz3_11_8_,
        salesinfou8_.user_weight as user_wei4_11_8_ 
    from
        stores stores0_ 
    left outer join
        members members1_ 
            on stores0_.author_id=members1_.id 
    left outer join
        clothes_info clothesinf2_ 
            on stores0_.clothes_info_id=clothesinf2_.id 
    left outer join
        colors colors3_ 
            on stores0_.colors_name=colors3_.name 
    left outer join
        materials materials4_ 
            on stores0_.materials_name=materials4_.name 
    left outer join
        style style5_ 
            on stores0_.style_name=style5_.name 
    left outer join
        sales_info_clothes salesinfoc6_ 
            on stores0_.sales_info_clothes_id=salesinfoc6_.id 
    left outer join
        sales_info_status salesinfos7_ 
            on stores0_.sales_info_status_id=salesinfos7_.id 
    left outer join
        sales_info_user salesinfou8_ 
            on stores0_.sales_info_user_id=salesinfou8_.id 
    where
        stores0_.id=?
Hibernate: 
    select
        stores0_.id as id1_12_0_,
        stores0_.created_date as created_2_12_0_,
        stores0_.modified_date as modified3_12_0_,
        stores0_.author_id as author_i9_12_0_,
        stores0_.clothes_info_id as clothes10_12_0_,
        stores0_.colors_name as colors_11_12_0_,
        stores0_.materials_name as materia12_12_0_,
        stores0_.style_name as style_n13_12_0_,
        stores0_.clothes_length as clothes_4_12_0_,
        stores0_.content as content5_12_0_,
        stores0_.price as price6_12_0_,
        stores0_.sales_info_clothes_id as sales_i14_12_0_,
        stores0_.sales_info_status_id as sales_i15_12_0_,
        stores0_.sales_info_user_id as sales_i16_12_0_,
        stores0_.status as status7_12_0_,
        stores0_.title as title8_12_0_,
        members1_.id as id1_6_1_,
        members1_.email as email2_6_1_,
        members1_.image as image3_6_1_,
        members1_.name as name4_6_1_,
        members1_.nickname as nickname5_6_1_,
        members1_.password as password6_6_1_,
        members1_.phone as phone7_6_1_,
        members1_.refresh_token as refresh_8_6_1_,
        members1_.role as role9_6_1_,
        clothesinf2_.id as id1_2_2_,
        clothesinf2_.categoryl as category2_2_2_,
        clothesinf2_.categorys as category3_2_2_,
        clothesinf2_.fit as fit4_2_2_,
        clothesinf2_.length as length5_2_2_,
        colors3_.id as id1_4_3_,
        colors3_.name as name2_4_3_,
        materials4_.id as id1_5_4_,
        materials4_.name as name2_5_4_,
        style5_.id as id1_14_5_,
        style5_.name as name2_14_5_,
        salesinfoc6_.id as id1_9_6_,
        salesinfoc6_.clothes_brand as clothes_2_9_6_,
        salesinfoc6_.clothes_color as clothes_3_9_6_,
        salesinfoc6_.clothes_gender as clothes_4_9_6_,
        salesinfoc6_.clothes_size as clothes_5_9_6_,
        salesinfos7_.id as id1_10_7_,
        salesinfos7_.status_score as status_s2_10_7_,
        salesinfos7_.status_tag as status_t3_10_7_,
        salesinfos7_.status_times as status_t4_10_7_,
        salesinfos7_.status_when2buy as status_w5_10_7_,
        salesinfos7_.transport as transpor6_10_7_,
        salesinfou8_.id as id1_11_8_,
        salesinfou8_.user_height as user_hei2_11_8_,
        salesinfou8_.user_size as user_siz3_11_8_,
        salesinfou8_.user_weight as user_wei4_11_8_ 
    from
        stores stores0_ 
    left outer join
        members members1_ 
            on stores0_.author_id=members1_.id 
    left outer join
        clothes_info clothesinf2_ 
            on stores0_.clothes_info_id=clothesinf2_.id 
    left outer join
        colors colors3_ 
            on stores0_.colors_name=colors3_.name 
    left outer join
        materials materials4_ 
            on stores0_.materials_name=materials4_.name 
    left outer join
        style style5_ 
            on stores0_.style_name=style5_.name 
    left outer join
        sales_info_clothes salesinfoc6_ 
            on stores0_.sales_info_clothes_id=salesinfoc6_.id 
    left outer join
        sales_info_status salesinfos7_ 
            on stores0_.sales_info_status_id=salesinfos7_.id 
    left outer join
        sales_info_user salesinfou8_ 
            on stores0_.sales_info_user_id=salesinfou8_.id 
    where
        stores0_.id=?
Hibernate: 
    select
        stores0_.id as id1_12_0_,
        stores0_.created_date as created_2_12_0_,
        stores0_.modified_date as modified3_12_0_,
        stores0_.author_id as author_i9_12_0_,
        stores0_.clothes_info_id as clothes10_12_0_,
        stores0_.colors_name as colors_11_12_0_,
        stores0_.materials_name as materia12_12_0_,
        stores0_.style_name as style_n13_12_0_,
        stores0_.clothes_length as clothes_4_12_0_,
        stores0_.content as content5_12_0_,
        stores0_.price as price6_12_0_,
        stores0_.sales_info_clothes_id as sales_i14_12_0_,
        stores0_.sales_info_status_id as sales_i15_12_0_,
        stores0_.sales_info_user_id as sales_i16_12_0_,
        stores0_.status as status7_12_0_,
        stores0_.title as title8_12_0_,
        members1_.id as id1_6_1_,
        members1_.email as email2_6_1_,
        members1_.image as image3_6_1_,
        members1_.name as name4_6_1_,
        members1_.nickname as nickname5_6_1_,
        members1_.password as password6_6_1_,
        members1_.phone as phone7_6_1_,
        members1_.refresh_token as refresh_8_6_1_,
        members1_.role as role9_6_1_,
        clothesinf2_.id as id1_2_2_,
        clothesinf2_.categoryl as category2_2_2_,
        clothesinf2_.categorys as category3_2_2_,
        clothesinf2_.fit as fit4_2_2_,
        clothesinf2_.length as length5_2_2_,
        colors3_.id as id1_4_3_,
        colors3_.name as name2_4_3_,
        materials4_.id as id1_5_4_,
        materials4_.name as name2_5_4_,
        style5_.id as id1_14_5_,
        style5_.name as name2_14_5_,
        salesinfoc6_.id as id1_9_6_,
        salesinfoc6_.clothes_brand as clothes_2_9_6_,
        salesinfoc6_.clothes_color as clothes_3_9_6_,
        salesinfoc6_.clothes_gender as clothes_4_9_6_,
        salesinfoc6_.clothes_size as clothes_5_9_6_,
        salesinfos7_.id as id1_10_7_,
        salesinfos7_.status_score as status_s2_10_7_,
        salesinfos7_.status_tag as status_t3_10_7_,
        salesinfos7_.status_times as status_t4_10_7_,
        salesinfos7_.status_when2buy as status_w5_10_7_,
        salesinfos7_.transport as transpor6_10_7_,
        salesinfou8_.id as id1_11_8_,
        salesinfou8_.user_height as user_hei2_11_8_,
        salesinfou8_.user_size as user_siz3_11_8_,
        salesinfou8_.user_weight as user_wei4_11_8_ 
    from
        stores stores0_ 
    left outer join
        members members1_ 
            on stores0_.author_id=members1_.id 
    left outer join
        clothes_info clothesinf2_ 
            on stores0_.clothes_info_id=clothesinf2_.id 
    left outer join
        colors colors3_ 
            on stores0_.colors_name=colors3_.name 
    left outer join
        materials materials4_ 
            on stores0_.materials_name=materials4_.name 
    left outer join
        style style5_ 
            on stores0_.style_name=style5_.name 
    left outer join
        sales_info_clothes salesinfoc6_ 
            on stores0_.sales_info_clothes_id=salesinfoc6_.id 
    left outer join
        sales_info_status salesinfos7_ 
            on stores0_.sales_info_status_id=salesinfos7_.id 
    left outer join
        sales_info_user salesinfou8_ 
            on stores0_.sales_info_user_id=salesinfou8_.id 
    where
        stores0_.id=?
Hibernate: 
    select
        stores0_.id as id1_12_0_,
        stores0_.created_date as created_2_12_0_,
        stores0_.modified_date as modified3_12_0_,
        stores0_.author_id as author_i9_12_0_,
        stores0_.clothes_info_id as clothes10_12_0_,
        stores0_.colors_name as colors_11_12_0_,
        stores0_.materials_name as materia12_12_0_,
        stores0_.style_name as style_n13_12_0_,
        stores0_.clothes_length as clothes_4_12_0_,
        stores0_.content as content5_12_0_,
        stores0_.price as price6_12_0_,
        stores0_.sales_info_clothes_id as sales_i14_12_0_,
        stores0_.sales_info_status_id as sales_i15_12_0_,
        stores0_.sales_info_user_id as sales_i16_12_0_,
        stores0_.status as status7_12_0_,
        stores0_.title as title8_12_0_,
        members1_.id as id1_6_1_,
        members1_.email as email2_6_1_,
        members1_.image as image3_6_1_,
        members1_.name as name4_6_1_,
        members1_.nickname as nickname5_6_1_,
        members1_.password as password6_6_1_,
        members1_.phone as phone7_6_1_,
        members1_.refresh_token as refresh_8_6_1_,
        members1_.role as role9_6_1_,
        clothesinf2_.id as id1_2_2_,
        clothesinf2_.categoryl as category2_2_2_,
        clothesinf2_.categorys as category3_2_2_,
        clothesinf2_.fit as fit4_2_2_,
        clothesinf2_.length as length5_2_2_,
        colors3_.id as id1_4_3_,
        colors3_.name as name2_4_3_,
        materials4_.id as id1_5_4_,
        materials4_.name as name2_5_4_,
        style5_.id as id1_14_5_,
        style5_.name as name2_14_5_,
        salesinfoc6_.id as id1_9_6_,
        salesinfoc6_.clothes_brand as clothes_2_9_6_,
        salesinfoc6_.clothes_color as clothes_3_9_6_,
        salesinfoc6_.clothes_gender as clothes_4_9_6_,
        salesinfoc6_.clothes_size as clothes_5_9_6_,
        salesinfos7_.id as id1_10_7_,
        salesinfos7_.status_score as status_s2_10_7_,
        salesinfos7_.status_tag as status_t3_10_7_,
        salesinfos7_.status_times as status_t4_10_7_,
        salesinfos7_.status_when2buy as status_w5_10_7_,
        salesinfos7_.transport as transpor6_10_7_,
        salesinfou8_.id as id1_11_8_,
        salesinfou8_.user_height as user_hei2_11_8_,
        salesinfou8_.user_size as user_siz3_11_8_,
        salesinfou8_.user_weight as user_wei4_11_8_ 
    from
        stores stores0_ 
    left outer join
        members members1_ 
            on stores0_.author_id=members1_.id 
    left outer join
        clothes_info clothesinf2_ 
            on stores0_.clothes_info_id=clothesinf2_.id 
    left outer join
        colors colors3_ 
            on stores0_.colors_name=colors3_.name 
    left outer join
        materials materials4_ 
            on stores0_.materials_name=materials4_.name 
    left outer join
        style style5_ 
            on stores0_.style_name=style5_.name 
    left outer join
        sales_info_clothes salesinfoc6_ 
            on stores0_.sales_info_clothes_id=salesinfoc6_.id 
    left outer join
        sales_info_status salesinfos7_ 
            on stores0_.sales_info_status_id=salesinfos7_.id 
    left outer join
        sales_info_user salesinfou8_ 
            on stores0_.sales_info_user_id=salesinfou8_.id 
    where
        stores0_.id=?
Hibernate: 
    select
        stores0_.id as id1_12_0_,
        stores0_.created_date as created_2_12_0_,
        stores0_.modified_date as modified3_12_0_,
        stores0_.author_id as author_i9_12_0_,
        stores0_.clothes_info_id as clothes10_12_0_,
        stores0_.colors_name as colors_11_12_0_,
        stores0_.materials_name as materia12_12_0_,
        stores0_.style_name as style_n13_12_0_,
        stores0_.clothes_length as clothes_4_12_0_,
        stores0_.content as content5_12_0_,
        stores0_.price as price6_12_0_,
        stores0_.sales_info_clothes_id as sales_i14_12_0_,
        stores0_.sales_info_status_id as sales_i15_12_0_,
        stores0_.sales_info_user_id as sales_i16_12_0_,
        stores0_.status as status7_12_0_,
        stores0_.title as title8_12_0_,
        members1_.id as id1_6_1_,
        members1_.email as email2_6_1_,
        members1_.image as image3_6_1_,
        members1_.name as name4_6_1_,
        members1_.nickname as nickname5_6_1_,
        members1_.password as password6_6_1_,
        members1_.phone as phone7_6_1_,
        members1_.refresh_token as refresh_8_6_1_,
        members1_.role as role9_6_1_,
        clothesinf2_.id as id1_2_2_,
        clothesinf2_.categoryl as category2_2_2_,
        clothesinf2_.categorys as category3_2_2_,
        clothesinf2_.fit as fit4_2_2_,
        clothesinf2_.length as length5_2_2_,
        colors3_.id as id1_4_3_,
        colors3_.name as name2_4_3_,
        materials4_.id as id1_5_4_,
        materials4_.name as name2_5_4_,
        style5_.id as id1_14_5_,
        style5_.name as name2_14_5_,
        salesinfoc6_.id as id1_9_6_,
        salesinfoc6_.clothes_brand as clothes_2_9_6_,
        salesinfoc6_.clothes_color as clothes_3_9_6_,
        salesinfoc6_.clothes_gender as clothes_4_9_6_,
        salesinfoc6_.clothes_size as clothes_5_9_6_,
        salesinfos7_.id as id1_10_7_,
        salesinfos7_.status_score as status_s2_10_7_,
        salesinfos7_.status_tag as status_t3_10_7_,
        salesinfos7_.status_times as status_t4_10_7_,
        salesinfos7_.status_when2buy as status_w5_10_7_,
        salesinfos7_.transport as transpor6_10_7_,
        salesinfou8_.id as id1_11_8_,
        salesinfou8_.user_height as user_hei2_11_8_,
        salesinfou8_.user_size as user_siz3_11_8_,
        salesinfou8_.user_weight as user_wei4_11_8_ 
    from
        stores stores0_ 
    left outer join
        members members1_ 
            on stores0_.author_id=members1_.id 
    left outer join
        clothes_info clothesinf2_ 
            on stores0_.clothes_info_id=clothesinf2_.id 
    left outer join
        colors colors3_ 
            on stores0_.colors_name=colors3_.name 
    left outer join
        materials materials4_ 
            on stores0_.materials_name=materials4_.name 
    left outer join
        style style5_ 
            on stores0_.style_name=style5_.name 
    left outer join
        sales_info_clothes salesinfoc6_ 
            on stores0_.sales_info_clothes_id=salesinfoc6_.id 
    left outer join
        sales_info_status salesinfos7_ 
            on stores0_.sales_info_status_id=salesinfos7_.id 
    left outer join
        sales_info_user salesinfou8_ 
            on stores0_.sales_info_user_id=salesinfou8_.id 
    where
        stores0_.id=?
Hibernate: 
    select
        stores0_.id as id1_12_0_,
        stores0_.created_date as created_2_12_0_,
        stores0_.modified_date as modified3_12_0_,
        stores0_.author_id as author_i9_12_0_,
        stores0_.clothes_info_id as clothes10_12_0_,
        stores0_.colors_name as colors_11_12_0_,
        stores0_.materials_name as materia12_12_0_,
        stores0_.style_name as style_n13_12_0_,
        stores0_.clothes_length as clothes_4_12_0_,
        stores0_.content as content5_12_0_,
        stores0_.price as price6_12_0_,
        stores0_.sales_info_clothes_id as sales_i14_12_0_,
        stores0_.sales_info_status_id as sales_i15_12_0_,
        stores0_.sales_info_user_id as sales_i16_12_0_,
        stores0_.status as status7_12_0_,
        stores0_.title as title8_12_0_,
        members1_.id as id1_6_1_,
        members1_.email as email2_6_1_,
        members1_.image as image3_6_1_,
        members1_.name as name4_6_1_,
        members1_.nickname as nickname5_6_1_,
        members1_.password as password6_6_1_,
        members1_.phone as phone7_6_1_,
        members1_.refresh_token as refresh_8_6_1_,
        members1_.role as role9_6_1_,
        clothesinf2_.id as id1_2_2_,
        clothesinf2_.categoryl as category2_2_2_,
        clothesinf2_.categorys as category3_2_2_,
        clothesinf2_.fit as fit4_2_2_,
        clothesinf2_.length as length5_2_2_,
        colors3_.id as id1_4_3_,
        colors3_.name as name2_4_3_,
        materials4_.id as id1_5_4_,
        materials4_.name as name2_5_4_,
        style5_.id as id1_14_5_,
        style5_.name as name2_14_5_,
        salesinfoc6_.id as id1_9_6_,
        salesinfoc6_.clothes_brand as clothes_2_9_6_,
        salesinfoc6_.clothes_color as clothes_3_9_6_,
        salesinfoc6_.clothes_gender as clothes_4_9_6_,
        salesinfoc6_.clothes_size as clothes_5_9_6_,
        salesinfos7_.id as id1_10_7_,
        salesinfos7_.status_score as status_s2_10_7_,
        salesinfos7_.status_tag as status_t3_10_7_,
        salesinfos7_.status_times as status_t4_10_7_,
        salesinfos7_.status_when2buy as status_w5_10_7_,
        salesinfos7_.transport as transpor6_10_7_,
        salesinfou8_.id as id1_11_8_,
        salesinfou8_.user_height as user_hei2_11_8_,
        salesinfou8_.user_size as user_siz3_11_8_,
        salesinfou8_.user_weight as user_wei4_11_8_ 
    from
        stores stores0_ 
    left outer join
        members members1_ 
            on stores0_.author_id=members1_.id 
    left outer join
        clothes_info clothesinf2_ 
            on stores0_.clothes_info_id=clothesinf2_.id 
    left outer join
        colors colors3_ 
            on stores0_.colors_name=colors3_.name 
    left outer join
        materials materials4_ 
            on stores0_.materials_name=materials4_.name 
    left outer join
        style style5_ 
            on stores0_.style_name=style5_.name 
    left outer join
        sales_info_clothes salesinfoc6_ 
            on stores0_.sales_info_clothes_id=salesinfoc6_.id 
    left outer join
        sales_info_status salesinfos7_ 
            on stores0_.sales_info_status_id=salesinfos7_.id 
    left outer join
        sales_info_user salesinfou8_ 
            on stores0_.sales_info_user_id=salesinfou8_.id 
    where
        stores0_.id=?
Hibernate: 
    select
        stores0_.id as id1_12_0_,
        stores0_.created_date as created_2_12_0_,
        stores0_.modified_date as modified3_12_0_,
        stores0_.author_id as author_i9_12_0_,
        stores0_.clothes_info_id as clothes10_12_0_,
        stores0_.colors_name as colors_11_12_0_,
        stores0_.materials_name as materia12_12_0_,
        stores0_.style_name as style_n13_12_0_,
        stores0_.clothes_length as clothes_4_12_0_,
        stores0_.content as content5_12_0_,
        stores0_.price as price6_12_0_,
        stores0_.sales_info_clothes_id as sales_i14_12_0_,
        stores0_.sales_info_status_id as sales_i15_12_0_,
        stores0_.sales_info_user_id as sales_i16_12_0_,
        stores0_.status as status7_12_0_,
        stores0_.title as title8_12_0_,
        members1_.id as id1_6_1_,
        members1_.email as email2_6_1_,
        members1_.image as image3_6_1_,
        members1_.name as name4_6_1_,
        members1_.nickname as nickname5_6_1_,
        members1_.password as password6_6_1_,
        members1_.phone as phone7_6_1_,
        members1_.refresh_token as refresh_8_6_1_,
        members1_.role as role9_6_1_,
        clothesinf2_.id as id1_2_2_,
        clothesinf2_.categoryl as category2_2_2_,
        clothesinf2_.categorys as category3_2_2_,
        clothesinf2_.fit as fit4_2_2_,
        clothesinf2_.length as length5_2_2_,
        colors3_.id as id1_4_3_,
        colors3_.name as name2_4_3_,
        materials4_.id as id1_5_4_,
        materials4_.name as name2_5_4_,
        style5_.id as id1_14_5_,
        style5_.name as name2_14_5_,
        salesinfoc6_.id as id1_9_6_,
        salesinfoc6_.clothes_brand as clothes_2_9_6_,
        salesinfoc6_.clothes_color as clothes_3_9_6_,
        salesinfoc6_.clothes_gender as clothes_4_9_6_,
        salesinfoc6_.clothes_size as clothes_5_9_6_,
        salesinfos7_.id as id1_10_7_,
        salesinfos7_.status_score as status_s2_10_7_,
        salesinfos7_.status_tag as status_t3_10_7_,
        salesinfos7_.status_times as status_t4_10_7_,
        salesinfos7_.status_when2buy as status_w5_10_7_,
        salesinfos7_.transport as transpor6_10_7_,
        salesinfou8_.id as id1_11_8_,
        salesinfou8_.user_height as user_hei2_11_8_,
        salesinfou8_.user_size as user_siz3_11_8_,
        salesinfou8_.user_weight as user_wei4_11_8_ 
    from
        stores stores0_ 
    left outer join
        members members1_ 
            on stores0_.author_id=members1_.id 
    left outer join
        clothes_info clothesinf2_ 
            on stores0_.clothes_info_id=clothesinf2_.id 
    left outer join
        colors colors3_ 
            on stores0_.colors_name=colors3_.name 
    left outer join
        materials materials4_ 
            on stores0_.materials_name=materials4_.name 
    left outer join
        style style5_ 
            on stores0_.style_name=style5_.name 
    left outer join
        sales_info_clothes salesinfoc6_ 
            on stores0_.sales_info_clothes_id=salesinfoc6_.id 
    left outer join
        sales_info_status salesinfos7_ 
            on stores0_.sales_info_status_id=salesinfos7_.id 
    left outer join
        sales_info_user salesinfou8_ 
            on stores0_.sales_info_user_id=salesinfou8_.id 
    where
        stores0_.id=?
gunsong2@naver.com
Hibernate: 
    select
        members0_.id as id1_6_,
        members0_.email as email2_6_,
        members0_.image as image3_6_,
        members0_.name as name4_6_,
        members0_.nickname as nickname5_6_,
        members0_.password as password6_6_,
        members0_.phone as phone7_6_,
        members0_.refresh_token as refresh_8_6_,
        members0_.role as role9_6_ 
    from
        members members0_ 
    where
        members0_.email=?
Hibernate: 
    select
        stores0_.id as id1_12_0_,
        stores0_.created_date as created_2_12_0_,
        stores0_.modified_date as modified3_12_0_,
        stores0_.author_id as author_i9_12_0_,
        stores0_.clothes_info_id as clothes10_12_0_,
        stores0_.colors_name as colors_11_12_0_,
        stores0_.materials_name as materia12_12_0_,
        stores0_.style_name as style_n13_12_0_,
        stores0_.clothes_length as clothes_4_12_0_,
        stores0_.content as content5_12_0_,
        stores0_.price as price6_12_0_,
        stores0_.sales_info_clothes_id as sales_i14_12_0_,
        stores0_.sales_info_status_id as sales_i15_12_0_,
        stores0_.sales_info_user_id as sales_i16_12_0_,
        stores0_.status as status7_12_0_,
        stores0_.title as title8_12_0_,
        members1_.id as id1_6_1_,
        members1_.email as email2_6_1_,
        members1_.image as image3_6_1_,
        members1_.name as name4_6_1_,
        members1_.nickname as nickname5_6_1_,
        members1_.password as password6_6_1_,
        members1_.phone as phone7_6_1_,
        members1_.refresh_token as refresh_8_6_1_,
        members1_.role as role9_6_1_,
        clothesinf2_.id as id1_2_2_,
        clothesinf2_.categoryl as category2_2_2_,
        clothesinf2_.categorys as category3_2_2_,
        clothesinf2_.fit as fit4_2_2_,
        clothesinf2_.length as length5_2_2_,
        colors3_.id as id1_4_3_,
        colors3_.name as name2_4_3_,
        materials4_.id as id1_5_4_,
        materials4_.name as name2_5_4_,
        style5_.id as id1_14_5_,
        style5_.name as name2_14_5_,
        salesinfoc6_.id as id1_9_6_,
        salesinfoc6_.clothes_brand as clothes_2_9_6_,
        salesinfoc6_.clothes_color as clothes_3_9_6_,
        salesinfoc6_.clothes_gender as clothes_4_9_6_,
        salesinfoc6_.clothes_size as clothes_5_9_6_,
        salesinfos7_.id as id1_10_7_,
        salesinfos7_.status_score as status_s2_10_7_,
        salesinfos7_.status_tag as status_t3_10_7_,
        salesinfos7_.status_times as status_t4_10_7_,
        salesinfos7_.status_when2buy as status_w5_10_7_,
        salesinfos7_.transport as transpor6_10_7_,
        salesinfou8_.id as id1_11_8_,
        salesinfou8_.user_height as user_hei2_11_8_,
        salesinfou8_.user_size as user_siz3_11_8_,
        salesinfou8_.user_weight as user_wei4_11_8_ 
    from
        stores stores0_ 
    left outer join
        members members1_ 
            on stores0_.author_id=members1_.id 
    left outer join
        clothes_info clothesinf2_ 
            on stores0_.clothes_info_id=clothesinf2_.id 
    left outer join
        colors colors3_ 
            on stores0_.colors_name=colors3_.name 
    left outer join
        materials materials4_ 
            on stores0_.materials_name=materials4_.name 
    left outer join
        style style5_ 
            on stores0_.style_name=style5_.name 
    left outer join
        sales_info_clothes salesinfoc6_ 
            on stores0_.sales_info_clothes_id=salesinfoc6_.id 
    left outer join
        sales_info_status salesinfos7_ 
            on stores0_.sales_info_status_id=salesinfos7_.id 
    left outer join
        sales_info_user salesinfou8_ 
            on stores0_.sales_info_user_id=salesinfou8_.id 
    where
        stores0_.id=?
Hibernate: 
    select
        images0_.stores_post_id as stores_p5_3_0_,
        images0_.id as id1_3_0_,
        images0_.id as id1_3_1_,
        images0_.closets_post_id as closets_4_3_1_,
        images0_.path as path2_3_1_,
        images0_.stores_post_id as stores_p5_3_1_,
        images0_.type as type3_3_1_,
        closets1_.id as id1_1_2_,
        closets1_.created_date as created_2_1_2_,
        closets1_.modified_date as modified3_1_2_,
        closets1_.author_id as author_i4_1_2_,
        closets1_.clothes_info_id as clothes_5_1_2_,
        closets1_.colors_name as colors_n6_1_2_,
        closets1_.materials_name as material7_1_2_,
        closets1_.style_name as style_na8_1_2_,
        members2_.id as id1_6_3_,
        members2_.email as email2_6_3_,
        members2_.image as image3_6_3_,
        members2_.name as name4_6_3_,
        members2_.nickname as nickname5_6_3_,
        members2_.password as password6_6_3_,
        members2_.phone as phone7_6_3_,
        members2_.refresh_token as refresh_8_6_3_,
        members2_.role as role9_6_3_,
        clothesinf3_.id as id1_2_4_,
        clothesinf3_.categoryl as category2_2_4_,
        clothesinf3_.categorys as category3_2_4_,
        clothesinf3_.fit as fit4_2_4_,
        clothesinf3_.length as length5_2_4_,
        colors4_.id as id1_4_5_,
        colors4_.name as name2_4_5_,
        materials5_.id as id1_5_6_,
        materials5_.name as name2_5_6_,
        style6_.id as id1_14_7_,
        style6_.name as name2_14_7_ 
    from
        clothes_image images0_ 
    left outer join
        closets closets1_ 
            on images0_.closets_post_id=closets1_.id 
    left outer join
        members members2_ 
            on closets1_.author_id=members2_.id 
    left outer join
        clothes_info clothesinf3_ 
            on closets1_.clothes_info_id=clothesinf3_.id 
    left outer join
        colors colors4_ 
            on closets1_.colors_name=colors4_.name 
    left outer join
        materials materials5_ 
            on closets1_.materials_name=materials5_.name 
    left outer join
        style style6_ 
            on closets1_.style_name=style6_.name 
    where
        images0_.stores_post_id=?
Hibernate: 
    select
        comments0_.post_id as post_id6_13_0_,
        comments0_.id as id1_13_0_,
        comments0_.id as id1_13_1_,
        comments0_.created_date as created_2_13_1_,
        comments0_.modified_date as modified3_13_1_,
        comments0_.content as content4_13_1_,
        comments0_.user_id as user_id5_13_1_,
        comments0_.post_id as post_id6_13_1_,
        members1_.id as id1_6_2_,
        members1_.email as email2_6_2_,
        members1_.image as image3_6_2_,
        members1_.name as name4_6_2_,
        members1_.nickname as nickname5_6_2_,
        members1_.password as password6_6_2_,
        members1_.phone as phone7_6_2_,
        members1_.refresh_token as refresh_8_6_2_,
        members1_.role as role9_6_2_ 
    from
        stores_comments comments0_ 
    left outer join
        members members1_ 
            on comments0_.user_id=members1_.id 
    where
        comments0_.post_id=?
Hibernate: 
    delete 
    from
        clothes_image 
    where
        id=?
Hibernate: 
    delete 
    from
        clothes_image 
    where
        id=?
Hibernate: 
    delete 
    from
        stores 
    where
        id=?
삭제 완료
Hibernate: 
    select
        stores0_.id as id1_12_0_,
        stores0_.created_date as created_2_12_0_,
        stores0_.modified_date as modified3_12_0_,
        stores0_.author_id as author_i9_12_0_,
        stores0_.clothes_info_id as clothes10_12_0_,
        stores0_.colors_name as colors_11_12_0_,
        stores0_.materials_name as materia12_12_0_,
        stores0_.style_name as style_n13_12_0_,
        stores0_.clothes_length as clothes_4_12_0_,
        stores0_.content as content5_12_0_,
        stores0_.price as price6_12_0_,
        stores0_.sales_info_clothes_id as sales_i14_12_0_,
        stores0_.sales_info_status_id as sales_i15_12_0_,
        stores0_.sales_info_user_id as sales_i16_12_0_,
        stores0_.status as status7_12_0_,
        stores0_.title as title8_12_0_,
        members1_.id as id1_6_1_,
        members1_.email as email2_6_1_,
        members1_.image as image3_6_1_,
        members1_.name as name4_6_1_,
        members1_.nickname as nickname5_6_1_,
        members1_.password as password6_6_1_,
        members1_.phone as phone7_6_1_,
        members1_.refresh_token as refresh_8_6_1_,
        members1_.role as role9_6_1_,
        clothesinf2_.id as id1_2_2_,
        clothesinf2_.categoryl as category2_2_2_,
        clothesinf2_.categorys as category3_2_2_,
        clothesinf2_.fit as fit4_2_2_,
        clothesinf2_.length as length5_2_2_,
        colors3_.id as id1_4_3_,
        colors3_.name as name2_4_3_,
        materials4_.id as id1_5_4_,
        materials4_.name as name2_5_4_,
        style5_.id as id1_14_5_,
        style5_.name as name2_14_5_,
        salesinfoc6_.id as id1_9_6_,
        salesinfoc6_.clothes_brand as clothes_2_9_6_,
        salesinfoc6_.clothes_color as clothes_3_9_6_,
        salesinfoc6_.clothes_gender as clothes_4_9_6_,
        salesinfoc6_.clothes_size as clothes_5_9_6_,
        salesinfos7_.id as id1_10_7_,
        salesinfos7_.status_score as status_s2_10_7_,
        salesinfos7_.status_tag as status_t3_10_7_,
        salesinfos7_.status_times as status_t4_10_7_,
        salesinfos7_.status_when2buy as status_w5_10_7_,
        salesinfos7_.transport as transpor6_10_7_,
        salesinfou8_.id as id1_11_8_,
        salesinfou8_.user_height as user_hei2_11_8_,
        salesinfou8_.user_size as user_siz3_11_8_,
        salesinfou8_.user_weight as user_wei4_11_8_ 
    from
        stores stores0_ 
    left outer join
        members members1_ 
            on stores0_.author_id=members1_.id 
    left outer join
        clothes_info clothesinf2_ 
            on stores0_.clothes_info_id=clothesinf2_.id 
    left outer join
        colors colors3_ 
            on stores0_.colors_name=colors3_.name 
    left outer join
        materials materials4_ 
            on stores0_.materials_name=materials4_.name 
    left outer join
        style style5_ 
            on stores0_.style_name=style5_.name 
    left outer join
        sales_info_clothes salesinfoc6_ 
            on stores0_.sales_info_clothes_id=salesinfoc6_.id 
    left outer join
        sales_info_status salesinfos7_ 
            on stores0_.sales_info_status_id=salesinfos7_.id 
    left outer join
        sales_info_user salesinfou8_ 
            on stores0_.sales_info_user_id=salesinfou8_.id 
    where
        stores0_.id=?
Hibernate: 
    select
        members0_.id as id1_6_,
        members0_.email as email2_6_,
        members0_.image as image3_6_,
        members0_.name as name4_6_,
        members0_.nickname as nickname5_6_,
        members0_.password as password6_6_,
        members0_.phone as phone7_6_,
        members0_.refresh_token as refresh_8_6_,
        members0_.role as role9_6_ 
    from
        members members0_ 
    where
        members0_.email=?
Hibernate: 
    select
        members0_.id as id1_6_,
        members0_.email as email2_6_,
        members0_.image as image3_6_,
        members0_.name as name4_6_,
        members0_.nickname as nickname5_6_,
        members0_.password as password6_6_,
        members0_.phone as phone7_6_,
        members0_.refresh_token as refresh_8_6_,
        members0_.role as role9_6_ 
    from
        members members0_ 
    where
        members0_.email=?
Hibernate: 
    update
        members 
    set
        email=?,
        image=?,
        name=?,
        nickname=?,
        password=?,
        phone=?,
        refresh_token=?,
        role=? 
    where
        id=?
2022-11-10 12:34:05.185  INFO 9968 --- [    Test worker] o.a.c.c.C.[Tomcat].[localhost].[/]       : Initializing Spring TestDispatcherServlet ''
2022-11-10 12:34:05.185  INFO 9968 --- [    Test worker] o.s.t.web.servlet.TestDispatcherServlet  : Initializing Servlet ''
2022-11-10 12:34:05.188  INFO 9968 --- [    Test worker] o.s.t.web.servlet.TestDispatcherServlet  : Completed initialization in 3 ms
gunsong2@naver.com
Hibernate: 
    select
        members0_.id as id1_6_,
        members0_.email as email2_6_,
        members0_.image as image3_6_,
        members0_.name as name4_6_,
        members0_.nickname as nickname5_6_,
        members0_.password as password6_6_,
        members0_.phone as phone7_6_,
        members0_.refresh_token as refresh_8_6_,
        members0_.role as role9_6_ 
    from
        members members0_ 
    where
        members0_.email=?
Hibernate: 
    select
        style0_.id as id1_14_,
        style0_.name as name2_14_ 
    from
        style style0_ 
    where
        style0_.name=?
Hibernate: 
    select
        materials0_.id as id1_5_,
        materials0_.name as name2_5_ 
    from
        materials materials0_ 
    where
        materials0_.name=?
Hibernate: 
    select
        colors0_.id as id1_4_,
        colors0_.name as name2_4_ 
    from
        colors colors0_ 
    where
        colors0_.name=?
Hibernate: 
    select
        clothesinf0_.id as id1_2_,
        clothesinf0_.categoryl as category2_2_,
        clothesinf0_.categorys as category3_2_,
        clothesinf0_.fit as fit4_2_,
        clothesinf0_.length as length5_2_ 
    from
        clothes_info clothesinf0_ 
    where
        clothesinf0_.categoryl=? 
        and clothesinf0_.categorys=? 
        and clothesinf0_.length=? 
        and clothesinf0_.fit=?
Hibernate: 
    select
        salesinfoc0_.id as id1_9_,
        salesinfoc0_.clothes_brand as clothes_2_9_,
        salesinfoc0_.clothes_color as clothes_3_9_,
        salesinfoc0_.clothes_gender as clothes_4_9_,
        salesinfoc0_.clothes_size as clothes_5_9_ 
    from
        sales_info_clothes salesinfoc0_ 
    where
        salesinfoc0_.clothes_brand=? 
        and salesinfoc0_.clothes_gender=? 
        and salesinfoc0_.clothes_size=? 
        and salesinfoc0_.clothes_color=?
Hibernate: 
    select
        salesinfos0_.id as id1_10_,
        salesinfos0_.status_score as status_s2_10_,
        salesinfos0_.status_tag as status_t3_10_,
        salesinfos0_.status_times as status_t4_10_,
        salesinfos0_.status_when2buy as status_w5_10_,
        salesinfos0_.transport as transpor6_10_ 
    from
        sales_info_status salesinfos0_ 
    where
        salesinfos0_.status_tag=? 
        and salesinfos0_.status_score=? 
        and salesinfos0_.status_times=? 
        and salesinfos0_.status_when2buy=? 
        and salesinfos0_.transport=?
Hibernate: 
    select
        salesinfou0_.id as id1_11_,
        salesinfou0_.user_height as user_hei2_11_,
        salesinfou0_.user_size as user_siz3_11_,
        salesinfou0_.user_weight as user_wei4_11_ 
    from
        sales_info_user salesinfou0_ 
    where
        salesinfou0_.user_size=? 
        and salesinfou0_.user_weight=? 
        and salesinfou0_.user_height=?
Hibernate: 
    insert 
    into
        clothes_image
        (closets_post_id, path, stores_post_id, type) 
    values
        (?, ?, ?, ?)
Hibernate: 
    insert 
    into
        clothes_image
        (closets_post_id, path, stores_post_id, type) 
    values
        (?, ?, ?, ?)
Hibernate: 
    insert 
    into
        stores
        (created_date, modified_date, author_id, clothes_info_id, colors_name, materials_name, style_name, clothes_length, content, price, sales_info_clothes_id, sales_info_status_id, sales_info_user_id, status, title) 
    values
        (?, ?, ?, ?, ?, ?, ?, ?, ?, ?, ?, ?, ?, ?, ?)
Hibernate: 
    update
        clothes_image 
    set
        closets_post_id=?,
        path=?,
        stores_post_id=?,
        type=? 
    where
        id=?
Hibernate: 
    update
        clothes_image 
    set
        closets_post_id=?,
        path=?,
        stores_post_id=?,
        type=? 
    where
        id=?
gunsong2@naver.com
Hibernate: 
    select
        members0_.id as id1_6_,
        members0_.email as email2_6_,
        members0_.image as image3_6_,
        members0_.name as name4_6_,
        members0_.nickname as nickname5_6_,
        members0_.password as password6_6_,
        members0_.phone as phone7_6_,
        members0_.refresh_token as refresh_8_6_,
        members0_.role as role9_6_ 
    from
        members members0_ 
    where
        members0_.email=?
Hibernate: 
    select
        style0_.id as id1_14_,
        style0_.name as name2_14_ 
    from
        style style0_ 
    where
        style0_.name=?
Hibernate: 
    select
        materials0_.id as id1_5_,
        materials0_.name as name2_5_ 
    from
        materials materials0_ 
    where
        materials0_.name=?
Hibernate: 
    select
        colors0_.id as id1_4_,
        colors0_.name as name2_4_ 
    from
        colors colors0_ 
    where
        colors0_.name=?
Hibernate: 
    select
        clothesinf0_.id as id1_2_,
        clothesinf0_.categoryl as category2_2_,
        clothesinf0_.categorys as category3_2_,
        clothesinf0_.fit as fit4_2_,
        clothesinf0_.length as length5_2_ 
    from
        clothes_info clothesinf0_ 
    where
        clothesinf0_.categoryl=? 
        and clothesinf0_.categorys=? 
        and clothesinf0_.length=? 
        and clothesinf0_.fit=?
Hibernate: 
    select
        salesinfoc0_.id as id1_9_,
        salesinfoc0_.clothes_brand as clothes_2_9_,
        salesinfoc0_.clothes_color as clothes_3_9_,
        salesinfoc0_.clothes_gender as clothes_4_9_,
        salesinfoc0_.clothes_size as clothes_5_9_ 
    from
        sales_info_clothes salesinfoc0_ 
    where
        salesinfoc0_.clothes_brand=? 
        and salesinfoc0_.clothes_gender=? 
        and salesinfoc0_.clothes_size=? 
        and salesinfoc0_.clothes_color=?
Hibernate: 
    select
        salesinfos0_.id as id1_10_,
        salesinfos0_.status_score as status_s2_10_,
        salesinfos0_.status_tag as status_t3_10_,
        salesinfos0_.status_times as status_t4_10_,
        salesinfos0_.status_when2buy as status_w5_10_,
        salesinfos0_.transport as transpor6_10_ 
    from
        sales_info_status salesinfos0_ 
    where
        salesinfos0_.status_tag=? 
        and salesinfos0_.status_score=? 
        and salesinfos0_.status_times=? 
        and salesinfos0_.status_when2buy=? 
        and salesinfos0_.transport=?
Hibernate: 
    select
        salesinfou0_.id as id1_11_,
        salesinfou0_.user_height as user_hei2_11_,
        salesinfou0_.user_size as user_siz3_11_,
        salesinfou0_.user_weight as user_wei4_11_ 
    from
        sales_info_user salesinfou0_ 
    where
        salesinfou0_.user_size=? 
        and salesinfou0_.user_weight=? 
        and salesinfou0_.user_height=?
Hibernate: 
    insert 
    into
        clothes_image
        (closets_post_id, path, stores_post_id, type) 
    values
        (?, ?, ?, ?)
Hibernate: 
    insert 
    into
        clothes_image
        (closets_post_id, path, stores_post_id, type) 
    values
        (?, ?, ?, ?)
Hibernate: 
    insert 
    into
        stores
        (created_date, modified_date, author_id, clothes_info_id, colors_name, materials_name, style_name, clothes_length, content, price, sales_info_clothes_id, sales_info_status_id, sales_info_user_id, status, title) 
    values
        (?, ?, ?, ?, ?, ?, ?, ?, ?, ?, ?, ?, ?, ?, ?)
Hibernate: 
    update
        clothes_image 
    set
        closets_post_id=?,
        path=?,
        stores_post_id=?,
        type=? 
    where
        id=?
Hibernate: 
    update
        clothes_image 
    set
        closets_post_id=?,
        path=?,
        stores_post_id=?,
        type=? 
    where
        id=?
gunsong2@naver.com
Hibernate: 
    select
        members0_.id as id1_6_,
        members0_.email as email2_6_,
        members0_.image as image3_6_,
        members0_.name as name4_6_,
        members0_.nickname as nickname5_6_,
        members0_.password as password6_6_,
        members0_.phone as phone7_6_,
        members0_.refresh_token as refresh_8_6_,
        members0_.role as role9_6_ 
    from
        members members0_ 
    where
        members0_.email=?
Hibernate: 
    select
        style0_.id as id1_14_,
        style0_.name as name2_14_ 
    from
        style style0_ 
    where
        style0_.name=?
Hibernate: 
    select
        materials0_.id as id1_5_,
        materials0_.name as name2_5_ 
    from
        materials materials0_ 
    where
        materials0_.name=?
Hibernate: 
    select
        colors0_.id as id1_4_,
        colors0_.name as name2_4_ 
    from
        colors colors0_ 
    where
        colors0_.name=?
Hibernate: 
    select
        clothesinf0_.id as id1_2_,
        clothesinf0_.categoryl as category2_2_,
        clothesinf0_.categorys as category3_2_,
        clothesinf0_.fit as fit4_2_,
        clothesinf0_.length as length5_2_ 
    from
        clothes_info clothesinf0_ 
    where
        clothesinf0_.categoryl=? 
        and clothesinf0_.categorys=? 
        and clothesinf0_.length=? 
        and clothesinf0_.fit=?
Hibernate: 
    select
        salesinfoc0_.id as id1_9_,
        salesinfoc0_.clothes_brand as clothes_2_9_,
        salesinfoc0_.clothes_color as clothes_3_9_,
        salesinfoc0_.clothes_gender as clothes_4_9_,
        salesinfoc0_.clothes_size as clothes_5_9_ 
    from
        sales_info_clothes salesinfoc0_ 
    where
        salesinfoc0_.clothes_brand=? 
        and salesinfoc0_.clothes_gender=? 
        and salesinfoc0_.clothes_size=? 
        and salesinfoc0_.clothes_color=?
Hibernate: 
    select
        salesinfos0_.id as id1_10_,
        salesinfos0_.status_score as status_s2_10_,
        salesinfos0_.status_tag as status_t3_10_,
        salesinfos0_.status_times as status_t4_10_,
        salesinfos0_.status_when2buy as status_w5_10_,
        salesinfos0_.transport as transpor6_10_ 
    from
        sales_info_status salesinfos0_ 
    where
        salesinfos0_.status_tag=? 
        and salesinfos0_.status_score=? 
        and salesinfos0_.status_times=? 
        and salesinfos0_.status_when2buy=? 
        and salesinfos0_.transport=?
Hibernate: 
    select
        salesinfou0_.id as id1_11_,
        salesinfou0_.user_height as user_hei2_11_,
        salesinfou0_.user_size as user_siz3_11_,
        salesinfou0_.user_weight as user_wei4_11_ 
    from
        sales_info_user salesinfou0_ 
    where
        salesinfou0_.user_size=? 
        and salesinfou0_.user_weight=? 
        and salesinfou0_.user_height=?
Hibernate: 
    insert 
    into
        clothes_image
        (closets_post_id, path, stores_post_id, type) 
    values
        (?, ?, ?, ?)
Hibernate: 
    insert 
    into
        clothes_image
        (closets_post_id, path, stores_post_id, type) 
    values
        (?, ?, ?, ?)
Hibernate: 
    insert 
    into
        stores
        (created_date, modified_date, author_id, clothes_info_id, colors_name, materials_name, style_name, clothes_length, content, price, sales_info_clothes_id, sales_info_status_id, sales_info_user_id, status, title) 
    values
        (?, ?, ?, ?, ?, ?, ?, ?, ?, ?, ?, ?, ?, ?, ?)
Hibernate: 
    update
        clothes_image 
    set
        closets_post_id=?,
        path=?,
        stores_post_id=?,
        type=? 
    where
        id=?
Hibernate: 
    update
        clothes_image 
    set
        closets_post_id=?,
        path=?,
        stores_post_id=?,
        type=? 
    where
        id=?
gunsong2@naver.com
Hibernate: 
    select
        members0_.id as id1_6_,
        members0_.email as email2_6_,
        members0_.image as image3_6_,
        members0_.name as name4_6_,
        members0_.nickname as nickname5_6_,
        members0_.password as password6_6_,
        members0_.phone as phone7_6_,
        members0_.refresh_token as refresh_8_6_,
        members0_.role as role9_6_ 
    from
        members members0_ 
    where
        members0_.email=?
Hibernate: 
    select
        style0_.id as id1_14_,
        style0_.name as name2_14_ 
    from
        style style0_ 
    where
        style0_.name=?
Hibernate: 
    select
        materials0_.id as id1_5_,
        materials0_.name as name2_5_ 
    from
        materials materials0_ 
    where
        materials0_.name=?
Hibernate: 
    select
        colors0_.id as id1_4_,
        colors0_.name as name2_4_ 
    from
        colors colors0_ 
    where
        colors0_.name=?
Hibernate: 
    select
        clothesinf0_.id as id1_2_,
        clothesinf0_.categoryl as category2_2_,
        clothesinf0_.categorys as category3_2_,
        clothesinf0_.fit as fit4_2_,
        clothesinf0_.length as length5_2_ 
    from
        clothes_info clothesinf0_ 
    where
        clothesinf0_.categoryl=? 
        and clothesinf0_.categorys=? 
        and clothesinf0_.length=? 
        and clothesinf0_.fit=?
Hibernate: 
    select
        salesinfoc0_.id as id1_9_,
        salesinfoc0_.clothes_brand as clothes_2_9_,
        salesinfoc0_.clothes_color as clothes_3_9_,
        salesinfoc0_.clothes_gender as clothes_4_9_,
        salesinfoc0_.clothes_size as clothes_5_9_ 
    from
        sales_info_clothes salesinfoc0_ 
    where
        salesinfoc0_.clothes_brand=? 
        and salesinfoc0_.clothes_gender=? 
        and salesinfoc0_.clothes_size=? 
        and salesinfoc0_.clothes_color=?
Hibernate: 
    select
        salesinfos0_.id as id1_10_,
        salesinfos0_.status_score as status_s2_10_,
        salesinfos0_.status_tag as status_t3_10_,
        salesinfos0_.status_times as status_t4_10_,
        salesinfos0_.status_when2buy as status_w5_10_,
        salesinfos0_.transport as transpor6_10_ 
    from
        sales_info_status salesinfos0_ 
    where
        salesinfos0_.status_tag=? 
        and salesinfos0_.status_score=? 
        and salesinfos0_.status_times=? 
        and salesinfos0_.status_when2buy=? 
        and salesinfos0_.transport=?
Hibernate: 
    select
        salesinfou0_.id as id1_11_,
        salesinfou0_.user_height as user_hei2_11_,
        salesinfou0_.user_size as user_siz3_11_,
        salesinfou0_.user_weight as user_wei4_11_ 
    from
        sales_info_user salesinfou0_ 
    where
        salesinfou0_.user_size=? 
        and salesinfou0_.user_weight=? 
        and salesinfou0_.user_height=?
Hibernate: 
    insert 
    into
        clothes_image
        (closets_post_id, path, stores_post_id, type) 
    values
        (?, ?, ?, ?)
Hibernate: 
    insert 
    into
        clothes_image
        (closets_post_id, path, stores_post_id, type) 
    values
        (?, ?, ?, ?)
Hibernate: 
    insert 
    into
        stores
        (created_date, modified_date, author_id, clothes_info_id, colors_name, materials_name, style_name, clothes_length, content, price, sales_info_clothes_id, sales_info_status_id, sales_info_user_id, status, title) 
    values
        (?, ?, ?, ?, ?, ?, ?, ?, ?, ?, ?, ?, ?, ?, ?)
Hibernate: 
    update
        clothes_image 
    set
        closets_post_id=?,
        path=?,
        stores_post_id=?,
        type=? 
    where
        id=?
Hibernate: 
    update
        clothes_image 
    set
        closets_post_id=?,
        path=?,
        stores_post_id=?,
        type=? 
    where
        id=?
gunsong2@naver.com
Hibernate: 
    select
        members0_.id as id1_6_,
        members0_.email as email2_6_,
        members0_.image as image3_6_,
        members0_.name as name4_6_,
        members0_.nickname as nickname5_6_,
        members0_.password as password6_6_,
        members0_.phone as phone7_6_,
        members0_.refresh_token as refresh_8_6_,
        members0_.role as role9_6_ 
    from
        members members0_ 
    where
        members0_.email=?
Hibernate: 
    select
        style0_.id as id1_14_,
        style0_.name as name2_14_ 
    from
        style style0_ 
    where
        style0_.name=?
Hibernate: 
    select
        materials0_.id as id1_5_,
        materials0_.name as name2_5_ 
    from
        materials materials0_ 
    where
        materials0_.name=?
Hibernate: 
    select
        colors0_.id as id1_4_,
        colors0_.name as name2_4_ 
    from
        colors colors0_ 
    where
        colors0_.name=?
Hibernate: 
    select
        clothesinf0_.id as id1_2_,
        clothesinf0_.categoryl as category2_2_,
        clothesinf0_.categorys as category3_2_,
        clothesinf0_.fit as fit4_2_,
        clothesinf0_.length as length5_2_ 
    from
        clothes_info clothesinf0_ 
    where
        clothesinf0_.categoryl=? 
        and clothesinf0_.categorys=? 
        and clothesinf0_.length=? 
        and clothesinf0_.fit=?
Hibernate: 
    select
        salesinfoc0_.id as id1_9_,
        salesinfoc0_.clothes_brand as clothes_2_9_,
        salesinfoc0_.clothes_color as clothes_3_9_,
        salesinfoc0_.clothes_gender as clothes_4_9_,
        salesinfoc0_.clothes_size as clothes_5_9_ 
    from
        sales_info_clothes salesinfoc0_ 
    where
        salesinfoc0_.clothes_brand=? 
        and salesinfoc0_.clothes_gender=? 
        and salesinfoc0_.clothes_size=? 
        and salesinfoc0_.clothes_color=?
Hibernate: 
    select
        salesinfos0_.id as id1_10_,
        salesinfos0_.status_score as status_s2_10_,
        salesinfos0_.status_tag as status_t3_10_,
        salesinfos0_.status_times as status_t4_10_,
        salesinfos0_.status_when2buy as status_w5_10_,
        salesinfos0_.transport as transpor6_10_ 
    from
        sales_info_status salesinfos0_ 
    where
        salesinfos0_.status_tag=? 
        and salesinfos0_.status_score=? 
        and salesinfos0_.status_times=? 
        and salesinfos0_.status_when2buy=? 
        and salesinfos0_.transport=?
Hibernate: 
    select
        salesinfou0_.id as id1_11_,
        salesinfou0_.user_height as user_hei2_11_,
        salesinfou0_.user_size as user_siz3_11_,
        salesinfou0_.user_weight as user_wei4_11_ 
    from
        sales_info_user salesinfou0_ 
    where
        salesinfou0_.user_size=? 
        and salesinfou0_.user_weight=? 
        and salesinfou0_.user_height=?
Hibernate: 
    insert 
    into
        clothes_image
        (closets_post_id, path, stores_post_id, type) 
    values
        (?, ?, ?, ?)
Hibernate: 
    insert 
    into
        clothes_image
        (closets_post_id, path, stores_post_id, type) 
    values
        (?, ?, ?, ?)
Hibernate: 
    insert 
    into
        stores
        (created_date, modified_date, author_id, clothes_info_id, colors_name, materials_name, style_name, clothes_length, content, price, sales_info_clothes_id, sales_info_status_id, sales_info_user_id, status, title) 
    values
        (?, ?, ?, ?, ?, ?, ?, ?, ?, ?, ?, ?, ?, ?, ?)
Hibernate: 
    update
        clothes_image 
    set
        closets_post_id=?,
        path=?,
        stores_post_id=?,
        type=? 
    where
        id=?
Hibernate: 
    update
        clothes_image 
    set
        closets_post_id=?,
        path=?,
        stores_post_id=?,
        type=? 
    where
        id=?
Hibernate: 
    select
        stores0_.id as id1_12_,
        stores0_.created_date as created_2_12_,
        stores0_.modified_date as modified3_12_,
        stores0_.author_id as author_i9_12_,
        stores0_.clothes_info_id as clothes10_12_,
        stores0_.colors_name as colors_11_12_,
        stores0_.materials_name as materia12_12_,
        stores0_.style_name as style_n13_12_,
        stores0_.clothes_length as clothes_4_12_,
        stores0_.content as content5_12_,
        stores0_.price as price6_12_,
        stores0_.sales_info_clothes_id as sales_i14_12_,
        stores0_.sales_info_status_id as sales_i15_12_,
        stores0_.sales_info_user_id as sales_i16_12_,
        stores0_.status as status7_12_,
        stores0_.title as title8_12_ 
    from
        stores stores0_
Hibernate: 
    select
        members0_.id as id1_6_0_,
        members0_.email as email2_6_0_,
        members0_.image as image3_6_0_,
        members0_.name as name4_6_0_,
        members0_.nickname as nickname5_6_0_,
        members0_.password as password6_6_0_,
        members0_.phone as phone7_6_0_,
        members0_.refresh_token as refresh_8_6_0_,
        members0_.role as role9_6_0_ 
    from
        members members0_ 
    where
        members0_.id=?
Hibernate: 
    select
        clothesinf0_.id as id1_2_0_,
        clothesinf0_.categoryl as category2_2_0_,
        clothesinf0_.categorys as category3_2_0_,
        clothesinf0_.fit as fit4_2_0_,
        clothesinf0_.length as length5_2_0_ 
    from
        clothes_info clothesinf0_ 
    where
        clothesinf0_.id=?
Hibernate: 
    select
        colors0_.id as id1_4_0_,
        colors0_.name as name2_4_0_ 
    from
        colors colors0_ 
    where
        colors0_.name=?
Hibernate: 
    select
        materials0_.id as id1_5_0_,
        materials0_.name as name2_5_0_ 
    from
        materials materials0_ 
    where
        materials0_.name=?
Hibernate: 
    select
        style0_.id as id1_14_0_,
        style0_.name as name2_14_0_ 
    from
        style style0_ 
    where
        style0_.name=?
Hibernate: 
    select
        salesinfoc0_.id as id1_9_0_,
        salesinfoc0_.clothes_brand as clothes_2_9_0_,
        salesinfoc0_.clothes_color as clothes_3_9_0_,
        salesinfoc0_.clothes_gender as clothes_4_9_0_,
        salesinfoc0_.clothes_size as clothes_5_9_0_ 
    from
        sales_info_clothes salesinfoc0_ 
    where
        salesinfoc0_.id=?
Hibernate: 
    select
        salesinfos0_.id as id1_10_0_,
        salesinfos0_.status_score as status_s2_10_0_,
        salesinfos0_.status_tag as status_t3_10_0_,
        salesinfos0_.status_times as status_t4_10_0_,
        salesinfos0_.status_when2buy as status_w5_10_0_,
        salesinfos0_.transport as transpor6_10_0_ 
    from
        sales_info_status salesinfos0_ 
    where
        salesinfos0_.id=?
Hibernate: 
    select
        salesinfou0_.id as id1_11_0_,
        salesinfou0_.user_height as user_hei2_11_0_,
        salesinfou0_.user_size as user_siz3_11_0_,
        salesinfou0_.user_weight as user_wei4_11_0_ 
    from
        sales_info_user salesinfou0_ 
    where
        salesinfou0_.id=?
Hibernate: 
    select
        clothesinf0_.id as id1_2_0_,
        clothesinf0_.categoryl as category2_2_0_,
        clothesinf0_.categorys as category3_2_0_,
        clothesinf0_.fit as fit4_2_0_,
        clothesinf0_.length as length5_2_0_ 
    from
        clothes_info clothesinf0_ 
    where
        clothesinf0_.id=?
Hibernate: 
    select
        colors0_.id as id1_4_0_,
        colors0_.name as name2_4_0_ 
    from
        colors colors0_ 
    where
        colors0_.name=?
Hibernate: 
    select
        materials0_.id as id1_5_0_,
        materials0_.name as name2_5_0_ 
    from
        materials materials0_ 
    where
        materials0_.name=?
Hibernate: 
    select
        style0_.id as id1_14_0_,
        style0_.name as name2_14_0_ 
    from
        style style0_ 
    where
        style0_.name=?
Hibernate: 
    select
        salesinfoc0_.id as id1_9_0_,
        salesinfoc0_.clothes_brand as clothes_2_9_0_,
        salesinfoc0_.clothes_color as clothes_3_9_0_,
        salesinfoc0_.clothes_gender as clothes_4_9_0_,
        salesinfoc0_.clothes_size as clothes_5_9_0_ 
    from
        sales_info_clothes salesinfoc0_ 
    where
        salesinfoc0_.id=?
Hibernate: 
    select
        salesinfos0_.id as id1_10_0_,
        salesinfos0_.status_score as status_s2_10_0_,
        salesinfos0_.status_tag as status_t3_10_0_,
        salesinfos0_.status_times as status_t4_10_0_,
        salesinfos0_.status_when2buy as status_w5_10_0_,
        salesinfos0_.transport as transpor6_10_0_ 
    from
        sales_info_status salesinfos0_ 
    where
        salesinfos0_.id=?
Hibernate: 
    select
        salesinfou0_.id as id1_11_0_,
        salesinfou0_.user_height as user_hei2_11_0_,
        salesinfou0_.user_size as user_siz3_11_0_,
        salesinfou0_.user_weight as user_wei4_11_0_ 
    from
        sales_info_user salesinfou0_ 
    where
        salesinfou0_.id=?
Hibernate: 
    select
        clothesinf0_.id as id1_2_0_,
        clothesinf0_.categoryl as category2_2_0_,
        clothesinf0_.categorys as category3_2_0_,
        clothesinf0_.fit as fit4_2_0_,
        clothesinf0_.length as length5_2_0_ 
    from
        clothes_info clothesinf0_ 
    where
        clothesinf0_.id=?
Hibernate: 
    select
        colors0_.id as id1_4_0_,
        colors0_.name as name2_4_0_ 
    from
        colors colors0_ 
    where
        colors0_.name=?
Hibernate: 
    select
        materials0_.id as id1_5_0_,
        materials0_.name as name2_5_0_ 
    from
        materials materials0_ 
    where
        materials0_.name=?
Hibernate: 
    select
        style0_.id as id1_14_0_,
        style0_.name as name2_14_0_ 
    from
        style style0_ 
    where
        style0_.name=?
Hibernate: 
    select
        salesinfoc0_.id as id1_9_0_,
        salesinfoc0_.clothes_brand as clothes_2_9_0_,
        salesinfoc0_.clothes_color as clothes_3_9_0_,
        salesinfoc0_.clothes_gender as clothes_4_9_0_,
        salesinfoc0_.clothes_size as clothes_5_9_0_ 
    from
        sales_info_clothes salesinfoc0_ 
    where
        salesinfoc0_.id=?
Hibernate: 
    select
        salesinfos0_.id as id1_10_0_,
        salesinfos0_.status_score as status_s2_10_0_,
        salesinfos0_.status_tag as status_t3_10_0_,
        salesinfos0_.status_times as status_t4_10_0_,
        salesinfos0_.status_when2buy as status_w5_10_0_,
        salesinfos0_.transport as transpor6_10_0_ 
    from
        sales_info_status salesinfos0_ 
    where
        salesinfos0_.id=?
Hibernate: 
    select
        salesinfou0_.id as id1_11_0_,
        salesinfou0_.user_height as user_hei2_11_0_,
        salesinfou0_.user_size as user_siz3_11_0_,
        salesinfou0_.user_weight as user_wei4_11_0_ 
    from
        sales_info_user salesinfou0_ 
    where
        salesinfou0_.id=?
Hibernate: 
    select
        clothesinf0_.id as id1_2_0_,
        clothesinf0_.categoryl as category2_2_0_,
        clothesinf0_.categorys as category3_2_0_,
        clothesinf0_.fit as fit4_2_0_,
        clothesinf0_.length as length5_2_0_ 
    from
        clothes_info clothesinf0_ 
    where
        clothesinf0_.id=?
Hibernate: 
    select
        colors0_.id as id1_4_0_,
        colors0_.name as name2_4_0_ 
    from
        colors colors0_ 
    where
        colors0_.name=?
Hibernate: 
    select
        materials0_.id as id1_5_0_,
        materials0_.name as name2_5_0_ 
    from
        materials materials0_ 
    where
        materials0_.name=?
Hibernate: 
    select
        style0_.id as id1_14_0_,
        style0_.name as name2_14_0_ 
    from
        style style0_ 
    where
        style0_.name=?
Hibernate: 
    select
        salesinfoc0_.id as id1_9_0_,
        salesinfoc0_.clothes_brand as clothes_2_9_0_,
        salesinfoc0_.clothes_color as clothes_3_9_0_,
        salesinfoc0_.clothes_gender as clothes_4_9_0_,
        salesinfoc0_.clothes_size as clothes_5_9_0_ 
    from
        sales_info_clothes salesinfoc0_ 
    where
        salesinfoc0_.id=?
Hibernate: 
    select
        salesinfos0_.id as id1_10_0_,
        salesinfos0_.status_score as status_s2_10_0_,
        salesinfos0_.status_tag as status_t3_10_0_,
        salesinfos0_.status_times as status_t4_10_0_,
        salesinfos0_.status_when2buy as status_w5_10_0_,
        salesinfos0_.transport as transpor6_10_0_ 
    from
        sales_info_status salesinfos0_ 
    where
        salesinfos0_.id=?
Hibernate: 
    select
        salesinfou0_.id as id1_11_0_,
        salesinfou0_.user_height as user_hei2_11_0_,
        salesinfou0_.user_size as user_siz3_11_0_,
        salesinfou0_.user_weight as user_wei4_11_0_ 
    from
        sales_info_user salesinfou0_ 
    where
        salesinfou0_.id=?
Hibernate: 
    select
        clothesinf0_.id as id1_2_0_,
        clothesinf0_.categoryl as category2_2_0_,
        clothesinf0_.categorys as category3_2_0_,
        clothesinf0_.fit as fit4_2_0_,
        clothesinf0_.length as length5_2_0_ 
    from
        clothes_info clothesinf0_ 
    where
        clothesinf0_.id=?
Hibernate: 
    select
        materials0_.id as id1_5_0_,
        materials0_.name as name2_5_0_ 
    from
        materials materials0_ 
    where
        materials0_.name=?
Hibernate: 
    select
        style0_.id as id1_14_0_,
        style0_.name as name2_14_0_ 
    from
        style style0_ 
    where
        style0_.name=?
Hibernate: 
    select
        salesinfoc0_.id as id1_9_0_,
        salesinfoc0_.clothes_brand as clothes_2_9_0_,
        salesinfoc0_.clothes_color as clothes_3_9_0_,
        salesinfoc0_.clothes_gender as clothes_4_9_0_,
        salesinfoc0_.clothes_size as clothes_5_9_0_ 
    from
        sales_info_clothes salesinfoc0_ 
    where
        salesinfoc0_.id=?
Hibernate: 
    select
        salesinfos0_.id as id1_10_0_,
        salesinfos0_.status_score as status_s2_10_0_,
        salesinfos0_.status_tag as status_t3_10_0_,
        salesinfos0_.status_times as status_t4_10_0_,
        salesinfos0_.status_when2buy as status_w5_10_0_,
        salesinfos0_.transport as transpor6_10_0_ 
    from
        sales_info_status salesinfos0_ 
    where
        salesinfos0_.id=?
Hibernate: 
    select
        salesinfou0_.id as id1_11_0_,
        salesinfou0_.user_height as user_hei2_11_0_,
        salesinfou0_.user_size as user_siz3_11_0_,
        salesinfou0_.user_weight as user_wei4_11_0_ 
    from
        sales_info_user salesinfou0_ 
    where
        salesinfou0_.id=?
Hibernate: 
    select
        clothesima0_.id as id1_3_,
        clothesima0_.closets_post_id as closets_4_3_,
        clothesima0_.path as path2_3_,
        clothesima0_.stores_post_id as stores_p5_3_,
        clothesima0_.type as type3_3_ 
    from
        clothes_image clothesima0_
Hibernate: 
    select
        stores0_.id as id1_12_0_,
        stores0_.created_date as created_2_12_0_,
        stores0_.modified_date as modified3_12_0_,
        stores0_.author_id as author_i9_12_0_,
        stores0_.clothes_info_id as clothes10_12_0_,
        stores0_.colors_name as colors_11_12_0_,
        stores0_.materials_name as materia12_12_0_,
        stores0_.style_name as style_n13_12_0_,
        stores0_.clothes_length as clothes_4_12_0_,
        stores0_.content as content5_12_0_,
        stores0_.price as price6_12_0_,
        stores0_.sales_info_clothes_id as sales_i14_12_0_,
        stores0_.sales_info_status_id as sales_i15_12_0_,
        stores0_.sales_info_user_id as sales_i16_12_0_,
        stores0_.status as status7_12_0_,
        stores0_.title as title8_12_0_,
        members1_.id as id1_6_1_,
        members1_.email as email2_6_1_,
        members1_.image as image3_6_1_,
        members1_.name as name4_6_1_,
        members1_.nickname as nickname5_6_1_,
        members1_.password as password6_6_1_,
        members1_.phone as phone7_6_1_,
        members1_.refresh_token as refresh_8_6_1_,
        members1_.role as role9_6_1_,
        clothesinf2_.id as id1_2_2_,
        clothesinf2_.categoryl as category2_2_2_,
        clothesinf2_.categorys as category3_2_2_,
        clothesinf2_.fit as fit4_2_2_,
        clothesinf2_.length as length5_2_2_,
        colors3_.id as id1_4_3_,
        colors3_.name as name2_4_3_,
        materials4_.id as id1_5_4_,
        materials4_.name as name2_5_4_,
        style5_.id as id1_14_5_,
        style5_.name as name2_14_5_,
        salesinfoc6_.id as id1_9_6_,
        salesinfoc6_.clothes_brand as clothes_2_9_6_,
        salesinfoc6_.clothes_color as clothes_3_9_6_,
        salesinfoc6_.clothes_gender as clothes_4_9_6_,
        salesinfoc6_.clothes_size as clothes_5_9_6_,
        salesinfos7_.id as id1_10_7_,
        salesinfos7_.status_score as status_s2_10_7_,
        salesinfos7_.status_tag as status_t3_10_7_,
        salesinfos7_.status_times as status_t4_10_7_,
        salesinfos7_.status_when2buy as status_w5_10_7_,
        salesinfos7_.transport as transpor6_10_7_,
        salesinfou8_.id as id1_11_8_,
        salesinfou8_.user_height as user_hei2_11_8_,
        salesinfou8_.user_size as user_siz3_11_8_,
        salesinfou8_.user_weight as user_wei4_11_8_ 
    from
        stores stores0_ 
    left outer join
        members members1_ 
            on stores0_.author_id=members1_.id 
    left outer join
        clothes_info clothesinf2_ 
            on stores0_.clothes_info_id=clothesinf2_.id 
    left outer join
        colors colors3_ 
            on stores0_.colors_name=colors3_.name 
    left outer join
        materials materials4_ 
            on stores0_.materials_name=materials4_.name 
    left outer join
        style style5_ 
            on stores0_.style_name=style5_.name 
    left outer join
        sales_info_clothes salesinfoc6_ 
            on stores0_.sales_info_clothes_id=salesinfoc6_.id 
    left outer join
        sales_info_status salesinfos7_ 
            on stores0_.sales_info_status_id=salesinfos7_.id 
    left outer join
        sales_info_user salesinfou8_ 
            on stores0_.sales_info_user_id=salesinfou8_.id 
    where
        stores0_.id=?
Hibernate: 
    select
        stores0_.id as id1_12_0_,
        stores0_.created_date as created_2_12_0_,
        stores0_.modified_date as modified3_12_0_,
        stores0_.author_id as author_i9_12_0_,
        stores0_.clothes_info_id as clothes10_12_0_,
        stores0_.colors_name as colors_11_12_0_,
        stores0_.materials_name as materia12_12_0_,
        stores0_.style_name as style_n13_12_0_,
        stores0_.clothes_length as clothes_4_12_0_,
        stores0_.content as content5_12_0_,
        stores0_.price as price6_12_0_,
        stores0_.sales_info_clothes_id as sales_i14_12_0_,
        stores0_.sales_info_status_id as sales_i15_12_0_,
        stores0_.sales_info_user_id as sales_i16_12_0_,
        stores0_.status as status7_12_0_,
        stores0_.title as title8_12_0_,
        members1_.id as id1_6_1_,
        members1_.email as email2_6_1_,
        members1_.image as image3_6_1_,
        members1_.name as name4_6_1_,
        members1_.nickname as nickname5_6_1_,
        members1_.password as password6_6_1_,
        members1_.phone as phone7_6_1_,
        members1_.refresh_token as refresh_8_6_1_,
        members1_.role as role9_6_1_,
        clothesinf2_.id as id1_2_2_,
        clothesinf2_.categoryl as category2_2_2_,
        clothesinf2_.categorys as category3_2_2_,
        clothesinf2_.fit as fit4_2_2_,
        clothesinf2_.length as length5_2_2_,
        colors3_.id as id1_4_3_,
        colors3_.name as name2_4_3_,
        materials4_.id as id1_5_4_,
        materials4_.name as name2_5_4_,
        style5_.id as id1_14_5_,
        style5_.name as name2_14_5_,
        salesinfoc6_.id as id1_9_6_,
        salesinfoc6_.clothes_brand as clothes_2_9_6_,
        salesinfoc6_.clothes_color as clothes_3_9_6_,
        salesinfoc6_.clothes_gender as clothes_4_9_6_,
        salesinfoc6_.clothes_size as clothes_5_9_6_,
        salesinfos7_.id as id1_10_7_,
        salesinfos7_.status_score as status_s2_10_7_,
        salesinfos7_.status_tag as status_t3_10_7_,
        salesinfos7_.status_times as status_t4_10_7_,
        salesinfos7_.status_when2buy as status_w5_10_7_,
        salesinfos7_.transport as transpor6_10_7_,
        salesinfou8_.id as id1_11_8_,
        salesinfou8_.user_height as user_hei2_11_8_,
        salesinfou8_.user_size as user_siz3_11_8_,
        salesinfou8_.user_weight as user_wei4_11_8_ 
    from
        stores stores0_ 
    left outer join
        members members1_ 
            on stores0_.author_id=members1_.id 
    left outer join
        clothes_info clothesinf2_ 
            on stores0_.clothes_info_id=clothesinf2_.id 
    left outer join
        colors colors3_ 
            on stores0_.colors_name=colors3_.name 
    left outer join
        materials materials4_ 
            on stores0_.materials_name=materials4_.name 
    left outer join
        style style5_ 
            on stores0_.style_name=style5_.name 
    left outer join
        sales_info_clothes salesinfoc6_ 
            on stores0_.sales_info_clothes_id=salesinfoc6_.id 
    left outer join
        sales_info_status salesinfos7_ 
            on stores0_.sales_info_status_id=salesinfos7_.id 
    left outer join
        sales_info_user salesinfou8_ 
            on stores0_.sales_info_user_id=salesinfou8_.id 
    where
        stores0_.id=?
Hibernate: 
    select
        stores0_.id as id1_12_0_,
        stores0_.created_date as created_2_12_0_,
        stores0_.modified_date as modified3_12_0_,
        stores0_.author_id as author_i9_12_0_,
        stores0_.clothes_info_id as clothes10_12_0_,
        stores0_.colors_name as colors_11_12_0_,
        stores0_.materials_name as materia12_12_0_,
        stores0_.style_name as style_n13_12_0_,
        stores0_.clothes_length as clothes_4_12_0_,
        stores0_.content as content5_12_0_,
        stores0_.price as price6_12_0_,
        stores0_.sales_info_clothes_id as sales_i14_12_0_,
        stores0_.sales_info_status_id as sales_i15_12_0_,
        stores0_.sales_info_user_id as sales_i16_12_0_,
        stores0_.status as status7_12_0_,
        stores0_.title as title8_12_0_,
        members1_.id as id1_6_1_,
        members1_.email as email2_6_1_,
        members1_.image as image3_6_1_,
        members1_.name as name4_6_1_,
        members1_.nickname as nickname5_6_1_,
        members1_.password as password6_6_1_,
        members1_.phone as phone7_6_1_,
        members1_.refresh_token as refresh_8_6_1_,
        members1_.role as role9_6_1_,
        clothesinf2_.id as id1_2_2_,
        clothesinf2_.categoryl as category2_2_2_,
        clothesinf2_.categorys as category3_2_2_,
        clothesinf2_.fit as fit4_2_2_,
        clothesinf2_.length as length5_2_2_,
        colors3_.id as id1_4_3_,
        colors3_.name as name2_4_3_,
        materials4_.id as id1_5_4_,
        materials4_.name as name2_5_4_,
        style5_.id as id1_14_5_,
        style5_.name as name2_14_5_,
        salesinfoc6_.id as id1_9_6_,
        salesinfoc6_.clothes_brand as clothes_2_9_6_,
        salesinfoc6_.clothes_color as clothes_3_9_6_,
        salesinfoc6_.clothes_gender as clothes_4_9_6_,
        salesinfoc6_.clothes_size as clothes_5_9_6_,
        salesinfos7_.id as id1_10_7_,
        salesinfos7_.status_score as status_s2_10_7_,
        salesinfos7_.status_tag as status_t3_10_7_,
        salesinfos7_.status_times as status_t4_10_7_,
        salesinfos7_.status_when2buy as status_w5_10_7_,
        salesinfos7_.transport as transpor6_10_7_,
        salesinfou8_.id as id1_11_8_,
        salesinfou8_.user_height as user_hei2_11_8_,
        salesinfou8_.user_size as user_siz3_11_8_,
        salesinfou8_.user_weight as user_wei4_11_8_ 
    from
        stores stores0_ 
    left outer join
        members members1_ 
            on stores0_.author_id=members1_.id 
    left outer join
        clothes_info clothesinf2_ 
            on stores0_.clothes_info_id=clothesinf2_.id 
    left outer join
        colors colors3_ 
            on stores0_.colors_name=colors3_.name 
    left outer join
        materials materials4_ 
            on stores0_.materials_name=materials4_.name 
    left outer join
        style style5_ 
            on stores0_.style_name=style5_.name 
    left outer join
        sales_info_clothes salesinfoc6_ 
            on stores0_.sales_info_clothes_id=salesinfoc6_.id 
    left outer join
        sales_info_status salesinfos7_ 
            on stores0_.sales_info_status_id=salesinfos7_.id 
    left outer join
        sales_info_user salesinfou8_ 
            on stores0_.sales_info_user_id=salesinfou8_.id 
    where
        stores0_.id=?
Hibernate: 
    select
        stores0_.id as id1_12_0_,
        stores0_.created_date as created_2_12_0_,
        stores0_.modified_date as modified3_12_0_,
        stores0_.author_id as author_i9_12_0_,
        stores0_.clothes_info_id as clothes10_12_0_,
        stores0_.colors_name as colors_11_12_0_,
        stores0_.materials_name as materia12_12_0_,
        stores0_.style_name as style_n13_12_0_,
        stores0_.clothes_length as clothes_4_12_0_,
        stores0_.content as content5_12_0_,
        stores0_.price as price6_12_0_,
        stores0_.sales_info_clothes_id as sales_i14_12_0_,
        stores0_.sales_info_status_id as sales_i15_12_0_,
        stores0_.sales_info_user_id as sales_i16_12_0_,
        stores0_.status as status7_12_0_,
        stores0_.title as title8_12_0_,
        members1_.id as id1_6_1_,
        members1_.email as email2_6_1_,
        members1_.image as image3_6_1_,
        members1_.name as name4_6_1_,
        members1_.nickname as nickname5_6_1_,
        members1_.password as password6_6_1_,
        members1_.phone as phone7_6_1_,
        members1_.refresh_token as refresh_8_6_1_,
        members1_.role as role9_6_1_,
        clothesinf2_.id as id1_2_2_,
        clothesinf2_.categoryl as category2_2_2_,
        clothesinf2_.categorys as category3_2_2_,
        clothesinf2_.fit as fit4_2_2_,
        clothesinf2_.length as length5_2_2_,
        colors3_.id as id1_4_3_,
        colors3_.name as name2_4_3_,
        materials4_.id as id1_5_4_,
        materials4_.name as name2_5_4_,
        style5_.id as id1_14_5_,
        style5_.name as name2_14_5_,
        salesinfoc6_.id as id1_9_6_,
        salesinfoc6_.clothes_brand as clothes_2_9_6_,
        salesinfoc6_.clothes_color as clothes_3_9_6_,
        salesinfoc6_.clothes_gender as clothes_4_9_6_,
        salesinfoc6_.clothes_size as clothes_5_9_6_,
        salesinfos7_.id as id1_10_7_,
        salesinfos7_.status_score as status_s2_10_7_,
        salesinfos7_.status_tag as status_t3_10_7_,
        salesinfos7_.status_times as status_t4_10_7_,
        salesinfos7_.status_when2buy as status_w5_10_7_,
        salesinfos7_.transport as transpor6_10_7_,
        salesinfou8_.id as id1_11_8_,
        salesinfou8_.user_height as user_hei2_11_8_,
        salesinfou8_.user_size as user_siz3_11_8_,
        salesinfou8_.user_weight as user_wei4_11_8_ 
    from
        stores stores0_ 
    left outer join
        members members1_ 
            on stores0_.author_id=members1_.id 
    left outer join
        clothes_info clothesinf2_ 
            on stores0_.clothes_info_id=clothesinf2_.id 
    left outer join
        colors colors3_ 
            on stores0_.colors_name=colors3_.name 
    left outer join
        materials materials4_ 
            on stores0_.materials_name=materials4_.name 
    left outer join
        style style5_ 
            on stores0_.style_name=style5_.name 
    left outer join
        sales_info_clothes salesinfoc6_ 
            on stores0_.sales_info_clothes_id=salesinfoc6_.id 
    left outer join
        sales_info_status salesinfos7_ 
            on stores0_.sales_info_status_id=salesinfos7_.id 
    left outer join
        sales_info_user salesinfou8_ 
            on stores0_.sales_info_user_id=salesinfou8_.id 
    where
        stores0_.id=?
Hibernate: 
    select
        stores0_.id as id1_12_0_,
        stores0_.created_date as created_2_12_0_,
        stores0_.modified_date as modified3_12_0_,
        stores0_.author_id as author_i9_12_0_,
        stores0_.clothes_info_id as clothes10_12_0_,
        stores0_.colors_name as colors_11_12_0_,
        stores0_.materials_name as materia12_12_0_,
        stores0_.style_name as style_n13_12_0_,
        stores0_.clothes_length as clothes_4_12_0_,
        stores0_.content as content5_12_0_,
        stores0_.price as price6_12_0_,
        stores0_.sales_info_clothes_id as sales_i14_12_0_,
        stores0_.sales_info_status_id as sales_i15_12_0_,
        stores0_.sales_info_user_id as sales_i16_12_0_,
        stores0_.status as status7_12_0_,
        stores0_.title as title8_12_0_,
        members1_.id as id1_6_1_,
        members1_.email as email2_6_1_,
        members1_.image as image3_6_1_,
        members1_.name as name4_6_1_,
        members1_.nickname as nickname5_6_1_,
        members1_.password as password6_6_1_,
        members1_.phone as phone7_6_1_,
        members1_.refresh_token as refresh_8_6_1_,
        members1_.role as role9_6_1_,
        clothesinf2_.id as id1_2_2_,
        clothesinf2_.categoryl as category2_2_2_,
        clothesinf2_.categorys as category3_2_2_,
        clothesinf2_.fit as fit4_2_2_,
        clothesinf2_.length as length5_2_2_,
        colors3_.id as id1_4_3_,
        colors3_.name as name2_4_3_,
        materials4_.id as id1_5_4_,
        materials4_.name as name2_5_4_,
        style5_.id as id1_14_5_,
        style5_.name as name2_14_5_,
        salesinfoc6_.id as id1_9_6_,
        salesinfoc6_.clothes_brand as clothes_2_9_6_,
        salesinfoc6_.clothes_color as clothes_3_9_6_,
        salesinfoc6_.clothes_gender as clothes_4_9_6_,
        salesinfoc6_.clothes_size as clothes_5_9_6_,
        salesinfos7_.id as id1_10_7_,
        salesinfos7_.status_score as status_s2_10_7_,
        salesinfos7_.status_tag as status_t3_10_7_,
        salesinfos7_.status_times as status_t4_10_7_,
        salesinfos7_.status_when2buy as status_w5_10_7_,
        salesinfos7_.transport as transpor6_10_7_,
        salesinfou8_.id as id1_11_8_,
        salesinfou8_.user_height as user_hei2_11_8_,
        salesinfou8_.user_size as user_siz3_11_8_,
        salesinfou8_.user_weight as user_wei4_11_8_ 
    from
        stores stores0_ 
    left outer join
        members members1_ 
            on stores0_.author_id=members1_.id 
    left outer join
        clothes_info clothesinf2_ 
            on stores0_.clothes_info_id=clothesinf2_.id 
    left outer join
        colors colors3_ 
            on stores0_.colors_name=colors3_.name 
    left outer join
        materials materials4_ 
            on stores0_.materials_name=materials4_.name 
    left outer join
        style style5_ 
            on stores0_.style_name=style5_.name 
    left outer join
        sales_info_clothes salesinfoc6_ 
            on stores0_.sales_info_clothes_id=salesinfoc6_.id 
    left outer join
        sales_info_status salesinfos7_ 
            on stores0_.sales_info_status_id=salesinfos7_.id 
    left outer join
        sales_info_user salesinfou8_ 
            on stores0_.sales_info_user_id=salesinfou8_.id 
    where
        stores0_.id=?
Hibernate: 
    select
        stores0_.id as id1_12_0_,
        stores0_.created_date as created_2_12_0_,
        stores0_.modified_date as modified3_12_0_,
        stores0_.author_id as author_i9_12_0_,
        stores0_.clothes_info_id as clothes10_12_0_,
        stores0_.colors_name as colors_11_12_0_,
        stores0_.materials_name as materia12_12_0_,
        stores0_.style_name as style_n13_12_0_,
        stores0_.clothes_length as clothes_4_12_0_,
        stores0_.content as content5_12_0_,
        stores0_.price as price6_12_0_,
        stores0_.sales_info_clothes_id as sales_i14_12_0_,
        stores0_.sales_info_status_id as sales_i15_12_0_,
        stores0_.sales_info_user_id as sales_i16_12_0_,
        stores0_.status as status7_12_0_,
        stores0_.title as title8_12_0_,
        members1_.id as id1_6_1_,
        members1_.email as email2_6_1_,
        members1_.image as image3_6_1_,
        members1_.name as name4_6_1_,
        members1_.nickname as nickname5_6_1_,
        members1_.password as password6_6_1_,
        members1_.phone as phone7_6_1_,
        members1_.refresh_token as refresh_8_6_1_,
        members1_.role as role9_6_1_,
        clothesinf2_.id as id1_2_2_,
        clothesinf2_.categoryl as category2_2_2_,
        clothesinf2_.categorys as category3_2_2_,
        clothesinf2_.fit as fit4_2_2_,
        clothesinf2_.length as length5_2_2_,
        colors3_.id as id1_4_3_,
        colors3_.name as name2_4_3_,
        materials4_.id as id1_5_4_,
        materials4_.name as name2_5_4_,
        style5_.id as id1_14_5_,
        style5_.name as name2_14_5_,
        salesinfoc6_.id as id1_9_6_,
        salesinfoc6_.clothes_brand as clothes_2_9_6_,
        salesinfoc6_.clothes_color as clothes_3_9_6_,
        salesinfoc6_.clothes_gender as clothes_4_9_6_,
        salesinfoc6_.clothes_size as clothes_5_9_6_,
        salesinfos7_.id as id1_10_7_,
        salesinfos7_.status_score as status_s2_10_7_,
        salesinfos7_.status_tag as status_t3_10_7_,
        salesinfos7_.status_times as status_t4_10_7_,
        salesinfos7_.status_when2buy as status_w5_10_7_,
        salesinfos7_.transport as transpor6_10_7_,
        salesinfou8_.id as id1_11_8_,
        salesinfou8_.user_height as user_hei2_11_8_,
        salesinfou8_.user_size as user_siz3_11_8_,
        salesinfou8_.user_weight as user_wei4_11_8_ 
    from
        stores stores0_ 
    left outer join
        members members1_ 
            on stores0_.author_id=members1_.id 
    left outer join
        clothes_info clothesinf2_ 
            on stores0_.clothes_info_id=clothesinf2_.id 
    left outer join
        colors colors3_ 
            on stores0_.colors_name=colors3_.name 
    left outer join
        materials materials4_ 
            on stores0_.materials_name=materials4_.name 
    left outer join
        style style5_ 
            on stores0_.style_name=style5_.name 
    left outer join
        sales_info_clothes salesinfoc6_ 
            on stores0_.sales_info_clothes_id=salesinfoc6_.id 
    left outer join
        sales_info_status salesinfos7_ 
            on stores0_.sales_info_status_id=salesinfos7_.id 
    left outer join
        sales_info_user salesinfou8_ 
            on stores0_.sales_info_user_id=salesinfou8_.id 
    where
        stores0_.id=?
Hibernate: 
    select
        stores0_.id as id1_12_0_,
        stores0_.created_date as created_2_12_0_,
        stores0_.modified_date as modified3_12_0_,
        stores0_.author_id as author_i9_12_0_,
        stores0_.clothes_info_id as clothes10_12_0_,
        stores0_.colors_name as colors_11_12_0_,
        stores0_.materials_name as materia12_12_0_,
        stores0_.style_name as style_n13_12_0_,
        stores0_.clothes_length as clothes_4_12_0_,
        stores0_.content as content5_12_0_,
        stores0_.price as price6_12_0_,
        stores0_.sales_info_clothes_id as sales_i14_12_0_,
        stores0_.sales_info_status_id as sales_i15_12_0_,
        stores0_.sales_info_user_id as sales_i16_12_0_,
        stores0_.status as status7_12_0_,
        stores0_.title as title8_12_0_,
        members1_.id as id1_6_1_,
        members1_.email as email2_6_1_,
        members1_.image as image3_6_1_,
        members1_.name as name4_6_1_,
        members1_.nickname as nickname5_6_1_,
        members1_.password as password6_6_1_,
        members1_.phone as phone7_6_1_,
        members1_.refresh_token as refresh_8_6_1_,
        members1_.role as role9_6_1_,
        clothesinf2_.id as id1_2_2_,
        clothesinf2_.categoryl as category2_2_2_,
        clothesinf2_.categorys as category3_2_2_,
        clothesinf2_.fit as fit4_2_2_,
        clothesinf2_.length as length5_2_2_,
        colors3_.id as id1_4_3_,
        colors3_.name as name2_4_3_,
        materials4_.id as id1_5_4_,
        materials4_.name as name2_5_4_,
        style5_.id as id1_14_5_,
        style5_.name as name2_14_5_,
        salesinfoc6_.id as id1_9_6_,
        salesinfoc6_.clothes_brand as clothes_2_9_6_,
        salesinfoc6_.clothes_color as clothes_3_9_6_,
        salesinfoc6_.clothes_gender as clothes_4_9_6_,
        salesinfoc6_.clothes_size as clothes_5_9_6_,
        salesinfos7_.id as id1_10_7_,
        salesinfos7_.status_score as status_s2_10_7_,
        salesinfos7_.status_tag as status_t3_10_7_,
        salesinfos7_.status_times as status_t4_10_7_,
        salesinfos7_.status_when2buy as status_w5_10_7_,
        salesinfos7_.transport as transpor6_10_7_,
        salesinfou8_.id as id1_11_8_,
        salesinfou8_.user_height as user_hei2_11_8_,
        salesinfou8_.user_size as user_siz3_11_8_,
        salesinfou8_.user_weight as user_wei4_11_8_ 
    from
        stores stores0_ 
    left outer join
        members members1_ 
            on stores0_.author_id=members1_.id 
    left outer join
        clothes_info clothesinf2_ 
            on stores0_.clothes_info_id=clothesinf2_.id 
    left outer join
        colors colors3_ 
            on stores0_.colors_name=colors3_.name 
    left outer join
        materials materials4_ 
            on stores0_.materials_name=materials4_.name 
    left outer join
        style style5_ 
            on stores0_.style_name=style5_.name 
    left outer join
        sales_info_clothes salesinfoc6_ 
            on stores0_.sales_info_clothes_id=salesinfoc6_.id 
    left outer join
        sales_info_status salesinfos7_ 
            on stores0_.sales_info_status_id=salesinfos7_.id 
    left outer join
        sales_info_user salesinfou8_ 
            on stores0_.sales_info_user_id=salesinfou8_.id 
    where
        stores0_.id=?
Hibernate: 
    select
        stores0_.id as id1_12_0_,
        stores0_.created_date as created_2_12_0_,
        stores0_.modified_date as modified3_12_0_,
        stores0_.author_id as author_i9_12_0_,
        stores0_.clothes_info_id as clothes10_12_0_,
        stores0_.colors_name as colors_11_12_0_,
        stores0_.materials_name as materia12_12_0_,
        stores0_.style_name as style_n13_12_0_,
        stores0_.clothes_length as clothes_4_12_0_,
        stores0_.content as content5_12_0_,
        stores0_.price as price6_12_0_,
        stores0_.sales_info_clothes_id as sales_i14_12_0_,
        stores0_.sales_info_status_id as sales_i15_12_0_,
        stores0_.sales_info_user_id as sales_i16_12_0_,
        stores0_.status as status7_12_0_,
        stores0_.title as title8_12_0_,
        members1_.id as id1_6_1_,
        members1_.email as email2_6_1_,
        members1_.image as image3_6_1_,
        members1_.name as name4_6_1_,
        members1_.nickname as nickname5_6_1_,
        members1_.password as password6_6_1_,
        members1_.phone as phone7_6_1_,
        members1_.refresh_token as refresh_8_6_1_,
        members1_.role as role9_6_1_,
        clothesinf2_.id as id1_2_2_,
        clothesinf2_.categoryl as category2_2_2_,
        clothesinf2_.categorys as category3_2_2_,
        clothesinf2_.fit as fit4_2_2_,
        clothesinf2_.length as length5_2_2_,
        colors3_.id as id1_4_3_,
        colors3_.name as name2_4_3_,
        materials4_.id as id1_5_4_,
        materials4_.name as name2_5_4_,
        style5_.id as id1_14_5_,
        style5_.name as name2_14_5_,
        salesinfoc6_.id as id1_9_6_,
        salesinfoc6_.clothes_brand as clothes_2_9_6_,
        salesinfoc6_.clothes_color as clothes_3_9_6_,
        salesinfoc6_.clothes_gender as clothes_4_9_6_,
        salesinfoc6_.clothes_size as clothes_5_9_6_,
        salesinfos7_.id as id1_10_7_,
        salesinfos7_.status_score as status_s2_10_7_,
        salesinfos7_.status_tag as status_t3_10_7_,
        salesinfos7_.status_times as status_t4_10_7_,
        salesinfos7_.status_when2buy as status_w5_10_7_,
        salesinfos7_.transport as transpor6_10_7_,
        salesinfou8_.id as id1_11_8_,
        salesinfou8_.user_height as user_hei2_11_8_,
        salesinfou8_.user_size as user_siz3_11_8_,
        salesinfou8_.user_weight as user_wei4_11_8_ 
    from
        stores stores0_ 
    left outer join
        members members1_ 
            on stores0_.author_id=members1_.id 
    left outer join
        clothes_info clothesinf2_ 
            on stores0_.clothes_info_id=clothesinf2_.id 
    left outer join
        colors colors3_ 
            on stores0_.colors_name=colors3_.name 
    left outer join
        materials materials4_ 
            on stores0_.materials_name=materials4_.name 
    left outer join
        style style5_ 
            on stores0_.style_name=style5_.name 
    left outer join
        sales_info_clothes salesinfoc6_ 
            on stores0_.sales_info_clothes_id=salesinfoc6_.id 
    left outer join
        sales_info_status salesinfos7_ 
            on stores0_.sales_info_status_id=salesinfos7_.id 
    left outer join
        sales_info_user salesinfou8_ 
            on stores0_.sales_info_user_id=salesinfou8_.id 
    where
        stores0_.id=?
Hibernate: 
    select
        stores0_.id as id1_12_0_,
        stores0_.created_date as created_2_12_0_,
        stores0_.modified_date as modified3_12_0_,
        stores0_.author_id as author_i9_12_0_,
        stores0_.clothes_info_id as clothes10_12_0_,
        stores0_.colors_name as colors_11_12_0_,
        stores0_.materials_name as materia12_12_0_,
        stores0_.style_name as style_n13_12_0_,
        stores0_.clothes_length as clothes_4_12_0_,
        stores0_.content as content5_12_0_,
        stores0_.price as price6_12_0_,
        stores0_.sales_info_clothes_id as sales_i14_12_0_,
        stores0_.sales_info_status_id as sales_i15_12_0_,
        stores0_.sales_info_user_id as sales_i16_12_0_,
        stores0_.status as status7_12_0_,
        stores0_.title as title8_12_0_,
        members1_.id as id1_6_1_,
        members1_.email as email2_6_1_,
        members1_.image as image3_6_1_,
        members1_.name as name4_6_1_,
        members1_.nickname as nickname5_6_1_,
        members1_.password as password6_6_1_,
        members1_.phone as phone7_6_1_,
        members1_.refresh_token as refresh_8_6_1_,
        members1_.role as role9_6_1_,
        clothesinf2_.id as id1_2_2_,
        clothesinf2_.categoryl as category2_2_2_,
        clothesinf2_.categorys as category3_2_2_,
        clothesinf2_.fit as fit4_2_2_,
        clothesinf2_.length as length5_2_2_,
        colors3_.id as id1_4_3_,
        colors3_.name as name2_4_3_,
        materials4_.id as id1_5_4_,
        materials4_.name as name2_5_4_,
        style5_.id as id1_14_5_,
        style5_.name as name2_14_5_,
        salesinfoc6_.id as id1_9_6_,
        salesinfoc6_.clothes_brand as clothes_2_9_6_,
        salesinfoc6_.clothes_color as clothes_3_9_6_,
        salesinfoc6_.clothes_gender as clothes_4_9_6_,
        salesinfoc6_.clothes_size as clothes_5_9_6_,
        salesinfos7_.id as id1_10_7_,
        salesinfos7_.status_score as status_s2_10_7_,
        salesinfos7_.status_tag as status_t3_10_7_,
        salesinfos7_.status_times as status_t4_10_7_,
        salesinfos7_.status_when2buy as status_w5_10_7_,
        salesinfos7_.transport as transpor6_10_7_,
        salesinfou8_.id as id1_11_8_,
        salesinfou8_.user_height as user_hei2_11_8_,
        salesinfou8_.user_size as user_siz3_11_8_,
        salesinfou8_.user_weight as user_wei4_11_8_ 
    from
        stores stores0_ 
    left outer join
        members members1_ 
            on stores0_.author_id=members1_.id 
    left outer join
        clothes_info clothesinf2_ 
            on stores0_.clothes_info_id=clothesinf2_.id 
    left outer join
        colors colors3_ 
            on stores0_.colors_name=colors3_.name 
    left outer join
        materials materials4_ 
            on stores0_.materials_name=materials4_.name 
    left outer join
        style style5_ 
            on stores0_.style_name=style5_.name 
    left outer join
        sales_info_clothes salesinfoc6_ 
            on stores0_.sales_info_clothes_id=salesinfoc6_.id 
    left outer join
        sales_info_status salesinfos7_ 
            on stores0_.sales_info_status_id=salesinfos7_.id 
    left outer join
        sales_info_user salesinfou8_ 
            on stores0_.sales_info_user_id=salesinfou8_.id 
    where
        stores0_.id=?
Hibernate: 
    select
        stores0_.id as id1_12_0_,
        stores0_.created_date as created_2_12_0_,
        stores0_.modified_date as modified3_12_0_,
        stores0_.author_id as author_i9_12_0_,
        stores0_.clothes_info_id as clothes10_12_0_,
        stores0_.colors_name as colors_11_12_0_,
        stores0_.materials_name as materia12_12_0_,
        stores0_.style_name as style_n13_12_0_,
        stores0_.clothes_length as clothes_4_12_0_,
        stores0_.content as content5_12_0_,
        stores0_.price as price6_12_0_,
        stores0_.sales_info_clothes_id as sales_i14_12_0_,
        stores0_.sales_info_status_id as sales_i15_12_0_,
        stores0_.sales_info_user_id as sales_i16_12_0_,
        stores0_.status as status7_12_0_,
        stores0_.title as title8_12_0_,
        members1_.id as id1_6_1_,
        members1_.email as email2_6_1_,
        members1_.image as image3_6_1_,
        members1_.name as name4_6_1_,
        members1_.nickname as nickname5_6_1_,
        members1_.password as password6_6_1_,
        members1_.phone as phone7_6_1_,
        members1_.refresh_token as refresh_8_6_1_,
        members1_.role as role9_6_1_,
        clothesinf2_.id as id1_2_2_,
        clothesinf2_.categoryl as category2_2_2_,
        clothesinf2_.categorys as category3_2_2_,
        clothesinf2_.fit as fit4_2_2_,
        clothesinf2_.length as length5_2_2_,
        colors3_.id as id1_4_3_,
        colors3_.name as name2_4_3_,
        materials4_.id as id1_5_4_,
        materials4_.name as name2_5_4_,
        style5_.id as id1_14_5_,
        style5_.name as name2_14_5_,
        salesinfoc6_.id as id1_9_6_,
        salesinfoc6_.clothes_brand as clothes_2_9_6_,
        salesinfoc6_.clothes_color as clothes_3_9_6_,
        salesinfoc6_.clothes_gender as clothes_4_9_6_,
        salesinfoc6_.clothes_size as clothes_5_9_6_,
        salesinfos7_.id as id1_10_7_,
        salesinfos7_.status_score as status_s2_10_7_,
        salesinfos7_.status_tag as status_t3_10_7_,
        salesinfos7_.status_times as status_t4_10_7_,
        salesinfos7_.status_when2buy as status_w5_10_7_,
        salesinfos7_.transport as transpor6_10_7_,
        salesinfou8_.id as id1_11_8_,
        salesinfou8_.user_height as user_hei2_11_8_,
        salesinfou8_.user_size as user_siz3_11_8_,
        salesinfou8_.user_weight as user_wei4_11_8_ 
    from
        stores stores0_ 
    left outer join
        members members1_ 
            on stores0_.author_id=members1_.id 
    left outer join
        clothes_info clothesinf2_ 
            on stores0_.clothes_info_id=clothesinf2_.id 
    left outer join
        colors colors3_ 
            on stores0_.colors_name=colors3_.name 
    left outer join
        materials materials4_ 
            on stores0_.materials_name=materials4_.name 
    left outer join
        style style5_ 
            on stores0_.style_name=style5_.name 
    left outer join
        sales_info_clothes salesinfoc6_ 
            on stores0_.sales_info_clothes_id=salesinfoc6_.id 
    left outer join
        sales_info_status salesinfos7_ 
            on stores0_.sales_info_status_id=salesinfos7_.id 
    left outer join
        sales_info_user salesinfou8_ 
            on stores0_.sales_info_user_id=salesinfou8_.id 
    where
        stores0_.id=?
Hibernate: 
    select
        stores0_.id as id1_12_0_,
        stores0_.created_date as created_2_12_0_,
        stores0_.modified_date as modified3_12_0_,
        stores0_.author_id as author_i9_12_0_,
        stores0_.clothes_info_id as clothes10_12_0_,
        stores0_.colors_name as colors_11_12_0_,
        stores0_.materials_name as materia12_12_0_,
        stores0_.style_name as style_n13_12_0_,
        stores0_.clothes_length as clothes_4_12_0_,
        stores0_.content as content5_12_0_,
        stores0_.price as price6_12_0_,
        stores0_.sales_info_clothes_id as sales_i14_12_0_,
        stores0_.sales_info_status_id as sales_i15_12_0_,
        stores0_.sales_info_user_id as sales_i16_12_0_,
        stores0_.status as status7_12_0_,
        stores0_.title as title8_12_0_,
        members1_.id as id1_6_1_,
        members1_.email as email2_6_1_,
        members1_.image as image3_6_1_,
        members1_.name as name4_6_1_,
        members1_.nickname as nickname5_6_1_,
        members1_.password as password6_6_1_,
        members1_.phone as phone7_6_1_,
        members1_.refresh_token as refresh_8_6_1_,
        members1_.role as role9_6_1_,
        clothesinf2_.id as id1_2_2_,
        clothesinf2_.categoryl as category2_2_2_,
        clothesinf2_.categorys as category3_2_2_,
        clothesinf2_.fit as fit4_2_2_,
        clothesinf2_.length as length5_2_2_,
        colors3_.id as id1_4_3_,
        colors3_.name as name2_4_3_,
        materials4_.id as id1_5_4_,
        materials4_.name as name2_5_4_,
        style5_.id as id1_14_5_,
        style5_.name as name2_14_5_,
        salesinfoc6_.id as id1_9_6_,
        salesinfoc6_.clothes_brand as clothes_2_9_6_,
        salesinfoc6_.clothes_color as clothes_3_9_6_,
        salesinfoc6_.clothes_gender as clothes_4_9_6_,
        salesinfoc6_.clothes_size as clothes_5_9_6_,
        salesinfos7_.id as id1_10_7_,
        salesinfos7_.status_score as status_s2_10_7_,
        salesinfos7_.status_tag as status_t3_10_7_,
        salesinfos7_.status_times as status_t4_10_7_,
        salesinfos7_.status_when2buy as status_w5_10_7_,
        salesinfos7_.transport as transpor6_10_7_,
        salesinfou8_.id as id1_11_8_,
        salesinfou8_.user_height as user_hei2_11_8_,
        salesinfou8_.user_size as user_siz3_11_8_,
        salesinfou8_.user_weight as user_wei4_11_8_ 
    from
        stores stores0_ 
    left outer join
        members members1_ 
            on stores0_.author_id=members1_.id 
    left outer join
        clothes_info clothesinf2_ 
            on stores0_.clothes_info_id=clothesinf2_.id 
    left outer join
        colors colors3_ 
            on stores0_.colors_name=colors3_.name 
    left outer join
        materials materials4_ 
            on stores0_.materials_name=materials4_.name 
    left outer join
        style style5_ 
            on stores0_.style_name=style5_.name 
    left outer join
        sales_info_clothes salesinfoc6_ 
            on stores0_.sales_info_clothes_id=salesinfoc6_.id 
    left outer join
        sales_info_status salesinfos7_ 
            on stores0_.sales_info_status_id=salesinfos7_.id 
    left outer join
        sales_info_user salesinfou8_ 
            on stores0_.sales_info_user_id=salesinfou8_.id 
    where
        stores0_.id=?
Hibernate: 
    select
        stores0_.id as id1_12_0_,
        stores0_.created_date as created_2_12_0_,
        stores0_.modified_date as modified3_12_0_,
        stores0_.author_id as author_i9_12_0_,
        stores0_.clothes_info_id as clothes10_12_0_,
        stores0_.colors_name as colors_11_12_0_,
        stores0_.materials_name as materia12_12_0_,
        stores0_.style_name as style_n13_12_0_,
        stores0_.clothes_length as clothes_4_12_0_,
        stores0_.content as content5_12_0_,
        stores0_.price as price6_12_0_,
        stores0_.sales_info_clothes_id as sales_i14_12_0_,
        stores0_.sales_info_status_id as sales_i15_12_0_,
        stores0_.sales_info_user_id as sales_i16_12_0_,
        stores0_.status as status7_12_0_,
        stores0_.title as title8_12_0_,
        members1_.id as id1_6_1_,
        members1_.email as email2_6_1_,
        members1_.image as image3_6_1_,
        members1_.name as name4_6_1_,
        members1_.nickname as nickname5_6_1_,
        members1_.password as password6_6_1_,
        members1_.phone as phone7_6_1_,
        members1_.refresh_token as refresh_8_6_1_,
        members1_.role as role9_6_1_,
        clothesinf2_.id as id1_2_2_,
        clothesinf2_.categoryl as category2_2_2_,
        clothesinf2_.categorys as category3_2_2_,
        clothesinf2_.fit as fit4_2_2_,
        clothesinf2_.length as length5_2_2_,
        colors3_.id as id1_4_3_,
        colors3_.name as name2_4_3_,
        materials4_.id as id1_5_4_,
        materials4_.name as name2_5_4_,
        style5_.id as id1_14_5_,
        style5_.name as name2_14_5_,
        salesinfoc6_.id as id1_9_6_,
        salesinfoc6_.clothes_brand as clothes_2_9_6_,
        salesinfoc6_.clothes_color as clothes_3_9_6_,
        salesinfoc6_.clothes_gender as clothes_4_9_6_,
        salesinfoc6_.clothes_size as clothes_5_9_6_,
        salesinfos7_.id as id1_10_7_,
        salesinfos7_.status_score as status_s2_10_7_,
        salesinfos7_.status_tag as status_t3_10_7_,
        salesinfos7_.status_times as status_t4_10_7_,
        salesinfos7_.status_when2buy as status_w5_10_7_,
        salesinfos7_.transport as transpor6_10_7_,
        salesinfou8_.id as id1_11_8_,
        salesinfou8_.user_height as user_hei2_11_8_,
        salesinfou8_.user_size as user_siz3_11_8_,
        salesinfou8_.user_weight as user_wei4_11_8_ 
    from
        stores stores0_ 
    left outer join
        members members1_ 
            on stores0_.author_id=members1_.id 
    left outer join
        clothes_info clothesinf2_ 
            on stores0_.clothes_info_id=clothesinf2_.id 
    left outer join
        colors colors3_ 
            on stores0_.colors_name=colors3_.name 
    left outer join
        materials materials4_ 
            on stores0_.materials_name=materials4_.name 
    left outer join
        style style5_ 
            on stores0_.style_name=style5_.name 
    left outer join
        sales_info_clothes salesinfoc6_ 
            on stores0_.sales_info_clothes_id=salesinfoc6_.id 
    left outer join
        sales_info_status salesinfos7_ 
            on stores0_.sales_info_status_id=salesinfos7_.id 
    left outer join
        sales_info_user salesinfou8_ 
            on stores0_.sales_info_user_id=salesinfou8_.id 
    where
        stores0_.id=?
Hibernate: 
    select
        stores0_.id as id1_12_0_,
        stores0_.created_date as created_2_12_0_,
        stores0_.modified_date as modified3_12_0_,
        stores0_.author_id as author_i9_12_0_,
        stores0_.clothes_info_id as clothes10_12_0_,
        stores0_.colors_name as colors_11_12_0_,
        stores0_.materials_name as materia12_12_0_,
        stores0_.style_name as style_n13_12_0_,
        stores0_.clothes_length as clothes_4_12_0_,
        stores0_.content as content5_12_0_,
        stores0_.price as price6_12_0_,
        stores0_.sales_info_clothes_id as sales_i14_12_0_,
        stores0_.sales_info_status_id as sales_i15_12_0_,
        stores0_.sales_info_user_id as sales_i16_12_0_,
        stores0_.status as status7_12_0_,
        stores0_.title as title8_12_0_,
        members1_.id as id1_6_1_,
        members1_.email as email2_6_1_,
        members1_.image as image3_6_1_,
        members1_.name as name4_6_1_,
        members1_.nickname as nickname5_6_1_,
        members1_.password as password6_6_1_,
        members1_.phone as phone7_6_1_,
        members1_.refresh_token as refresh_8_6_1_,
        members1_.role as role9_6_1_,
        clothesinf2_.id as id1_2_2_,
        clothesinf2_.categoryl as category2_2_2_,
        clothesinf2_.categorys as category3_2_2_,
        clothesinf2_.fit as fit4_2_2_,
        clothesinf2_.length as length5_2_2_,
        colors3_.id as id1_4_3_,
        colors3_.name as name2_4_3_,
        materials4_.id as id1_5_4_,
        materials4_.name as name2_5_4_,
        style5_.id as id1_14_5_,
        style5_.name as name2_14_5_,
        salesinfoc6_.id as id1_9_6_,
        salesinfoc6_.clothes_brand as clothes_2_9_6_,
        salesinfoc6_.clothes_color as clothes_3_9_6_,
        salesinfoc6_.clothes_gender as clothes_4_9_6_,
        salesinfoc6_.clothes_size as clothes_5_9_6_,
        salesinfos7_.id as id1_10_7_,
        salesinfos7_.status_score as status_s2_10_7_,
        salesinfos7_.status_tag as status_t3_10_7_,
        salesinfos7_.status_times as status_t4_10_7_,
        salesinfos7_.status_when2buy as status_w5_10_7_,
        salesinfos7_.transport as transpor6_10_7_,
        salesinfou8_.id as id1_11_8_,
        salesinfou8_.user_height as user_hei2_11_8_,
        salesinfou8_.user_size as user_siz3_11_8_,
        salesinfou8_.user_weight as user_wei4_11_8_ 
    from
        stores stores0_ 
    left outer join
        members members1_ 
            on stores0_.author_id=members1_.id 
    left outer join
        clothes_info clothesinf2_ 
            on stores0_.clothes_info_id=clothesinf2_.id 
    left outer join
        colors colors3_ 
            on stores0_.colors_name=colors3_.name 
    left outer join
        materials materials4_ 
            on stores0_.materials_name=materials4_.name 
    left outer join
        style style5_ 
            on stores0_.style_name=style5_.name 
    left outer join
        sales_info_clothes salesinfoc6_ 
            on stores0_.sales_info_clothes_id=salesinfoc6_.id 
    left outer join
        sales_info_status salesinfos7_ 
            on stores0_.sales_info_status_id=salesinfos7_.id 
    left outer join
        sales_info_user salesinfou8_ 
            on stores0_.sales_info_user_id=salesinfou8_.id 
    where
        stores0_.id=?
Hibernate: 
    select
        stores0_.id as id1_12_0_,
        stores0_.created_date as created_2_12_0_,
        stores0_.modified_date as modified3_12_0_,
        stores0_.author_id as author_i9_12_0_,
        stores0_.clothes_info_id as clothes10_12_0_,
        stores0_.colors_name as colors_11_12_0_,
        stores0_.materials_name as materia12_12_0_,
        stores0_.style_name as style_n13_12_0_,
        stores0_.clothes_length as clothes_4_12_0_,
        stores0_.content as content5_12_0_,
        stores0_.price as price6_12_0_,
        stores0_.sales_info_clothes_id as sales_i14_12_0_,
        stores0_.sales_info_status_id as sales_i15_12_0_,
        stores0_.sales_info_user_id as sales_i16_12_0_,
        stores0_.status as status7_12_0_,
        stores0_.title as title8_12_0_,
        members1_.id as id1_6_1_,
        members1_.email as email2_6_1_,
        members1_.image as image3_6_1_,
        members1_.name as name4_6_1_,
        members1_.nickname as nickname5_6_1_,
        members1_.password as password6_6_1_,
        members1_.phone as phone7_6_1_,
        members1_.refresh_token as refresh_8_6_1_,
        members1_.role as role9_6_1_,
        clothesinf2_.id as id1_2_2_,
        clothesinf2_.categoryl as category2_2_2_,
        clothesinf2_.categorys as category3_2_2_,
        clothesinf2_.fit as fit4_2_2_,
        clothesinf2_.length as length5_2_2_,
        colors3_.id as id1_4_3_,
        colors3_.name as name2_4_3_,
        materials4_.id as id1_5_4_,
        materials4_.name as name2_5_4_,
        style5_.id as id1_14_5_,
        style5_.name as name2_14_5_,
        salesinfoc6_.id as id1_9_6_,
        salesinfoc6_.clothes_brand as clothes_2_9_6_,
        salesinfoc6_.clothes_color as clothes_3_9_6_,
        salesinfoc6_.clothes_gender as clothes_4_9_6_,
        salesinfoc6_.clothes_size as clothes_5_9_6_,
        salesinfos7_.id as id1_10_7_,
        salesinfos7_.status_score as status_s2_10_7_,
        salesinfos7_.status_tag as status_t3_10_7_,
        salesinfos7_.status_times as status_t4_10_7_,
        salesinfos7_.status_when2buy as status_w5_10_7_,
        salesinfos7_.transport as transpor6_10_7_,
        salesinfou8_.id as id1_11_8_,
        salesinfou8_.user_height as user_hei2_11_8_,
        salesinfou8_.user_size as user_siz3_11_8_,
        salesinfou8_.user_weight as user_wei4_11_8_ 
    from
        stores stores0_ 
    left outer join
        members members1_ 
            on stores0_.author_id=members1_.id 
    left outer join
        clothes_info clothesinf2_ 
            on stores0_.clothes_info_id=clothesinf2_.id 
    left outer join
        colors colors3_ 
            on stores0_.colors_name=colors3_.name 
    left outer join
        materials materials4_ 
            on stores0_.materials_name=materials4_.name 
    left outer join
        style style5_ 
            on stores0_.style_name=style5_.name 
    left outer join
        sales_info_clothes salesinfoc6_ 
            on stores0_.sales_info_clothes_id=salesinfoc6_.id 
    left outer join
        sales_info_status salesinfos7_ 
            on stores0_.sales_info_status_id=salesinfos7_.id 
    left outer join
        sales_info_user salesinfou8_ 
            on stores0_.sales_info_user_id=salesinfou8_.id 
    where
        stores0_.id=?
Hibernate: 
    select
        stores0_.id as id1_12_0_,
        stores0_.created_date as created_2_12_0_,
        stores0_.modified_date as modified3_12_0_,
        stores0_.author_id as author_i9_12_0_,
        stores0_.clothes_info_id as clothes10_12_0_,
        stores0_.colors_name as colors_11_12_0_,
        stores0_.materials_name as materia12_12_0_,
        stores0_.style_name as style_n13_12_0_,
        stores0_.clothes_length as clothes_4_12_0_,
        stores0_.content as content5_12_0_,
        stores0_.price as price6_12_0_,
        stores0_.sales_info_clothes_id as sales_i14_12_0_,
        stores0_.sales_info_status_id as sales_i15_12_0_,
        stores0_.sales_info_user_id as sales_i16_12_0_,
        stores0_.status as status7_12_0_,
        stores0_.title as title8_12_0_,
        members1_.id as id1_6_1_,
        members1_.email as email2_6_1_,
        members1_.image as image3_6_1_,
        members1_.name as name4_6_1_,
        members1_.nickname as nickname5_6_1_,
        members1_.password as password6_6_1_,
        members1_.phone as phone7_6_1_,
        members1_.refresh_token as refresh_8_6_1_,
        members1_.role as role9_6_1_,
        clothesinf2_.id as id1_2_2_,
        clothesinf2_.categoryl as category2_2_2_,
        clothesinf2_.categorys as category3_2_2_,
        clothesinf2_.fit as fit4_2_2_,
        clothesinf2_.length as length5_2_2_,
        colors3_.id as id1_4_3_,
        colors3_.name as name2_4_3_,
        materials4_.id as id1_5_4_,
        materials4_.name as name2_5_4_,
        style5_.id as id1_14_5_,
        style5_.name as name2_14_5_,
        salesinfoc6_.id as id1_9_6_,
        salesinfoc6_.clothes_brand as clothes_2_9_6_,
        salesinfoc6_.clothes_color as clothes_3_9_6_,
        salesinfoc6_.clothes_gender as clothes_4_9_6_,
        salesinfoc6_.clothes_size as clothes_5_9_6_,
        salesinfos7_.id as id1_10_7_,
        salesinfos7_.status_score as status_s2_10_7_,
        salesinfos7_.status_tag as status_t3_10_7_,
        salesinfos7_.status_times as status_t4_10_7_,
        salesinfos7_.status_when2buy as status_w5_10_7_,
        salesinfos7_.transport as transpor6_10_7_,
        salesinfou8_.id as id1_11_8_,
        salesinfou8_.user_height as user_hei2_11_8_,
        salesinfou8_.user_size as user_siz3_11_8_,
        salesinfou8_.user_weight as user_wei4_11_8_ 
    from
        stores stores0_ 
    left outer join
        members members1_ 
            on stores0_.author_id=members1_.id 
    left outer join
        clothes_info clothesinf2_ 
            on stores0_.clothes_info_id=clothesinf2_.id 
    left outer join
        colors colors3_ 
            on stores0_.colors_name=colors3_.name 
    left outer join
        materials materials4_ 
            on stores0_.materials_name=materials4_.name 
    left outer join
        style style5_ 
            on stores0_.style_name=style5_.name 
    left outer join
        sales_info_clothes salesinfoc6_ 
            on stores0_.sales_info_clothes_id=salesinfoc6_.id 
    left outer join
        sales_info_status salesinfos7_ 
            on stores0_.sales_info_status_id=salesinfos7_.id 
    left outer join
        sales_info_user salesinfou8_ 
            on stores0_.sales_info_user_id=salesinfou8_.id 
    where
        stores0_.id=?
Hibernate: 
    select
        stores0_.id as id1_12_0_,
        stores0_.created_date as created_2_12_0_,
        stores0_.modified_date as modified3_12_0_,
        stores0_.author_id as author_i9_12_0_,
        stores0_.clothes_info_id as clothes10_12_0_,
        stores0_.colors_name as colors_11_12_0_,
        stores0_.materials_name as materia12_12_0_,
        stores0_.style_name as style_n13_12_0_,
        stores0_.clothes_length as clothes_4_12_0_,
        stores0_.content as content5_12_0_,
        stores0_.price as price6_12_0_,
        stores0_.sales_info_clothes_id as sales_i14_12_0_,
        stores0_.sales_info_status_id as sales_i15_12_0_,
        stores0_.sales_info_user_id as sales_i16_12_0_,
        stores0_.status as status7_12_0_,
        stores0_.title as title8_12_0_,
        members1_.id as id1_6_1_,
        members1_.email as email2_6_1_,
        members1_.image as image3_6_1_,
        members1_.name as name4_6_1_,
        members1_.nickname as nickname5_6_1_,
        members1_.password as password6_6_1_,
        members1_.phone as phone7_6_1_,
        members1_.refresh_token as refresh_8_6_1_,
        members1_.role as role9_6_1_,
        clothesinf2_.id as id1_2_2_,
        clothesinf2_.categoryl as category2_2_2_,
        clothesinf2_.categorys as category3_2_2_,
        clothesinf2_.fit as fit4_2_2_,
        clothesinf2_.length as length5_2_2_,
        colors3_.id as id1_4_3_,
        colors3_.name as name2_4_3_,
        materials4_.id as id1_5_4_,
        materials4_.name as name2_5_4_,
        style5_.id as id1_14_5_,
        style5_.name as name2_14_5_,
        salesinfoc6_.id as id1_9_6_,
        salesinfoc6_.clothes_brand as clothes_2_9_6_,
        salesinfoc6_.clothes_color as clothes_3_9_6_,
        salesinfoc6_.clothes_gender as clothes_4_9_6_,
        salesinfoc6_.clothes_size as clothes_5_9_6_,
        salesinfos7_.id as id1_10_7_,
        salesinfos7_.status_score as status_s2_10_7_,
        salesinfos7_.status_tag as status_t3_10_7_,
        salesinfos7_.status_times as status_t4_10_7_,
        salesinfos7_.status_when2buy as status_w5_10_7_,
        salesinfos7_.transport as transpor6_10_7_,
        salesinfou8_.id as id1_11_8_,
        salesinfou8_.user_height as user_hei2_11_8_,
        salesinfou8_.user_size as user_siz3_11_8_,
        salesinfou8_.user_weight as user_wei4_11_8_ 
    from
        stores stores0_ 
    left outer join
        members members1_ 
            on stores0_.author_id=members1_.id 
    left outer join
        clothes_info clothesinf2_ 
            on stores0_.clothes_info_id=clothesinf2_.id 
    left outer join
        colors colors3_ 
            on stores0_.colors_name=colors3_.name 
    left outer join
        materials materials4_ 
            on stores0_.materials_name=materials4_.name 
    left outer join
        style style5_ 
            on stores0_.style_name=style5_.name 
    left outer join
        sales_info_clothes salesinfoc6_ 
            on stores0_.sales_info_clothes_id=salesinfoc6_.id 
    left outer join
        sales_info_status salesinfos7_ 
            on stores0_.sales_info_status_id=salesinfos7_.id 
    left outer join
        sales_info_user salesinfou8_ 
            on stores0_.sales_info_user_id=salesinfou8_.id 
    where
        stores0_.id=?
Hibernate: 
    select
        stores0_.id as id1_12_0_,
        stores0_.created_date as created_2_12_0_,
        stores0_.modified_date as modified3_12_0_,
        stores0_.author_id as author_i9_12_0_,
        stores0_.clothes_info_id as clothes10_12_0_,
        stores0_.colors_name as colors_11_12_0_,
        stores0_.materials_name as materia12_12_0_,
        stores0_.style_name as style_n13_12_0_,
        stores0_.clothes_length as clothes_4_12_0_,
        stores0_.content as content5_12_0_,
        stores0_.price as price6_12_0_,
        stores0_.sales_info_clothes_id as sales_i14_12_0_,
        stores0_.sales_info_status_id as sales_i15_12_0_,
        stores0_.sales_info_user_id as sales_i16_12_0_,
        stores0_.status as status7_12_0_,
        stores0_.title as title8_12_0_,
        members1_.id as id1_6_1_,
        members1_.email as email2_6_1_,
        members1_.image as image3_6_1_,
        members1_.name as name4_6_1_,
        members1_.nickname as nickname5_6_1_,
        members1_.password as password6_6_1_,
        members1_.phone as phone7_6_1_,
        members1_.refresh_token as refresh_8_6_1_,
        members1_.role as role9_6_1_,
        clothesinf2_.id as id1_2_2_,
        clothesinf2_.categoryl as category2_2_2_,
        clothesinf2_.categorys as category3_2_2_,
        clothesinf2_.fit as fit4_2_2_,
        clothesinf2_.length as length5_2_2_,
        colors3_.id as id1_4_3_,
        colors3_.name as name2_4_3_,
        materials4_.id as id1_5_4_,
        materials4_.name as name2_5_4_,
        style5_.id as id1_14_5_,
        style5_.name as name2_14_5_,
        salesinfoc6_.id as id1_9_6_,
        salesinfoc6_.clothes_brand as clothes_2_9_6_,
        salesinfoc6_.clothes_color as clothes_3_9_6_,
        salesinfoc6_.clothes_gender as clothes_4_9_6_,
        salesinfoc6_.clothes_size as clothes_5_9_6_,
        salesinfos7_.id as id1_10_7_,
        salesinfos7_.status_score as status_s2_10_7_,
        salesinfos7_.status_tag as status_t3_10_7_,
        salesinfos7_.status_times as status_t4_10_7_,
        salesinfos7_.status_when2buy as status_w5_10_7_,
        salesinfos7_.transport as transpor6_10_7_,
        salesinfou8_.id as id1_11_8_,
        salesinfou8_.user_height as user_hei2_11_8_,
        salesinfou8_.user_size as user_siz3_11_8_,
        salesinfou8_.user_weight as user_wei4_11_8_ 
    from
        stores stores0_ 
    left outer join
        members members1_ 
            on stores0_.author_id=members1_.id 
    left outer join
        clothes_info clothesinf2_ 
            on stores0_.clothes_info_id=clothesinf2_.id 
    left outer join
        colors colors3_ 
            on stores0_.colors_name=colors3_.name 
    left outer join
        materials materials4_ 
            on stores0_.materials_name=materials4_.name 
    left outer join
        style style5_ 
            on stores0_.style_name=style5_.name 
    left outer join
        sales_info_clothes salesinfoc6_ 
            on stores0_.sales_info_clothes_id=salesinfoc6_.id 
    left outer join
        sales_info_status salesinfos7_ 
            on stores0_.sales_info_status_id=salesinfos7_.id 
    left outer join
        sales_info_user salesinfou8_ 
            on stores0_.sales_info_user_id=salesinfou8_.id 
    where
        stores0_.id=?
Hibernate: 
    select
        stores0_.id as id1_12_0_,
        stores0_.created_date as created_2_12_0_,
        stores0_.modified_date as modified3_12_0_,
        stores0_.author_id as author_i9_12_0_,
        stores0_.clothes_info_id as clothes10_12_0_,
        stores0_.colors_name as colors_11_12_0_,
        stores0_.materials_name as materia12_12_0_,
        stores0_.style_name as style_n13_12_0_,
        stores0_.clothes_length as clothes_4_12_0_,
        stores0_.content as content5_12_0_,
        stores0_.price as price6_12_0_,
        stores0_.sales_info_clothes_id as sales_i14_12_0_,
        stores0_.sales_info_status_id as sales_i15_12_0_,
        stores0_.sales_info_user_id as sales_i16_12_0_,
        stores0_.status as status7_12_0_,
        stores0_.title as title8_12_0_,
        members1_.id as id1_6_1_,
        members1_.email as email2_6_1_,
        members1_.image as image3_6_1_,
        members1_.name as name4_6_1_,
        members1_.nickname as nickname5_6_1_,
        members1_.password as password6_6_1_,
        members1_.phone as phone7_6_1_,
        members1_.refresh_token as refresh_8_6_1_,
        members1_.role as role9_6_1_,
        clothesinf2_.id as id1_2_2_,
        clothesinf2_.categoryl as category2_2_2_,
        clothesinf2_.categorys as category3_2_2_,
        clothesinf2_.fit as fit4_2_2_,
        clothesinf2_.length as length5_2_2_,
        colors3_.id as id1_4_3_,
        colors3_.name as name2_4_3_,
        materials4_.id as id1_5_4_,
        materials4_.name as name2_5_4_,
        style5_.id as id1_14_5_,
        style5_.name as name2_14_5_,
        salesinfoc6_.id as id1_9_6_,
        salesinfoc6_.clothes_brand as clothes_2_9_6_,
        salesinfoc6_.clothes_color as clothes_3_9_6_,
        salesinfoc6_.clothes_gender as clothes_4_9_6_,
        salesinfoc6_.clothes_size as clothes_5_9_6_,
        salesinfos7_.id as id1_10_7_,
        salesinfos7_.status_score as status_s2_10_7_,
        salesinfos7_.status_tag as status_t3_10_7_,
        salesinfos7_.status_times as status_t4_10_7_,
        salesinfos7_.status_when2buy as status_w5_10_7_,
        salesinfos7_.transport as transpor6_10_7_,
        salesinfou8_.id as id1_11_8_,
        salesinfou8_.user_height as user_hei2_11_8_,
        salesinfou8_.user_size as user_siz3_11_8_,
        salesinfou8_.user_weight as user_wei4_11_8_ 
    from
        stores stores0_ 
    left outer join
        members members1_ 
            on stores0_.author_id=members1_.id 
    left outer join
        clothes_info clothesinf2_ 
            on stores0_.clothes_info_id=clothesinf2_.id 
    left outer join
        colors colors3_ 
            on stores0_.colors_name=colors3_.name 
    left outer join
        materials materials4_ 
            on stores0_.materials_name=materials4_.name 
    left outer join
        style style5_ 
            on stores0_.style_name=style5_.name 
    left outer join
        sales_info_clothes salesinfoc6_ 
            on stores0_.sales_info_clothes_id=salesinfoc6_.id 
    left outer join
        sales_info_status salesinfos7_ 
            on stores0_.sales_info_status_id=salesinfos7_.id 
    left outer join
        sales_info_user salesinfou8_ 
            on stores0_.sales_info_user_id=salesinfou8_.id 
    where
        stores0_.id=?
Hibernate: 
    select
        stores0_.id as id1_12_0_,
        stores0_.created_date as created_2_12_0_,
        stores0_.modified_date as modified3_12_0_,
        stores0_.author_id as author_i9_12_0_,
        stores0_.clothes_info_id as clothes10_12_0_,
        stores0_.colors_name as colors_11_12_0_,
        stores0_.materials_name as materia12_12_0_,
        stores0_.style_name as style_n13_12_0_,
        stores0_.clothes_length as clothes_4_12_0_,
        stores0_.content as content5_12_0_,
        stores0_.price as price6_12_0_,
        stores0_.sales_info_clothes_id as sales_i14_12_0_,
        stores0_.sales_info_status_id as sales_i15_12_0_,
        stores0_.sales_info_user_id as sales_i16_12_0_,
        stores0_.status as status7_12_0_,
        stores0_.title as title8_12_0_,
        members1_.id as id1_6_1_,
        members1_.email as email2_6_1_,
        members1_.image as image3_6_1_,
        members1_.name as name4_6_1_,
        members1_.nickname as nickname5_6_1_,
        members1_.password as password6_6_1_,
        members1_.phone as phone7_6_1_,
        members1_.refresh_token as refresh_8_6_1_,
        members1_.role as role9_6_1_,
        clothesinf2_.id as id1_2_2_,
        clothesinf2_.categoryl as category2_2_2_,
        clothesinf2_.categorys as category3_2_2_,
        clothesinf2_.fit as fit4_2_2_,
        clothesinf2_.length as length5_2_2_,
        colors3_.id as id1_4_3_,
        colors3_.name as name2_4_3_,
        materials4_.id as id1_5_4_,
        materials4_.name as name2_5_4_,
        style5_.id as id1_14_5_,
        style5_.name as name2_14_5_,
        salesinfoc6_.id as id1_9_6_,
        salesinfoc6_.clothes_brand as clothes_2_9_6_,
        salesinfoc6_.clothes_color as clothes_3_9_6_,
        salesinfoc6_.clothes_gender as clothes_4_9_6_,
        salesinfoc6_.clothes_size as clothes_5_9_6_,
        salesinfos7_.id as id1_10_7_,
        salesinfos7_.status_score as status_s2_10_7_,
        salesinfos7_.status_tag as status_t3_10_7_,
        salesinfos7_.status_times as status_t4_10_7_,
        salesinfos7_.status_when2buy as status_w5_10_7_,
        salesinfos7_.transport as transpor6_10_7_,
        salesinfou8_.id as id1_11_8_,
        salesinfou8_.user_height as user_hei2_11_8_,
        salesinfou8_.user_size as user_siz3_11_8_,
        salesinfou8_.user_weight as user_wei4_11_8_ 
    from
        stores stores0_ 
    left outer join
        members members1_ 
            on stores0_.author_id=members1_.id 
    left outer join
        clothes_info clothesinf2_ 
            on stores0_.clothes_info_id=clothesinf2_.id 
    left outer join
        colors colors3_ 
            on stores0_.colors_name=colors3_.name 
    left outer join
        materials materials4_ 
            on stores0_.materials_name=materials4_.name 
    left outer join
        style style5_ 
            on stores0_.style_name=style5_.name 
    left outer join
        sales_info_clothes salesinfoc6_ 
            on stores0_.sales_info_clothes_id=salesinfoc6_.id 
    left outer join
        sales_info_status salesinfos7_ 
            on stores0_.sales_info_status_id=salesinfos7_.id 
    left outer join
        sales_info_user salesinfou8_ 
            on stores0_.sales_info_user_id=salesinfou8_.id 
    where
        stores0_.id=?
2022-11-10 12:34:05.330  INFO 9968 --- [    Test worker] o.a.c.c.C.[Tomcat].[localhost].[/]       : Initializing Spring TestDispatcherServlet ''
2022-11-10 12:34:05.330  INFO 9968 --- [    Test worker] o.s.t.web.servlet.TestDispatcherServlet  : Initializing Servlet ''
2022-11-10 12:34:05.332  INFO 9968 --- [    Test worker] o.s.t.web.servlet.TestDispatcherServlet  : Completed initialization in 2 ms
gunsong2@naver.com
Hibernate: 
    select
        members0_.id as id1_6_,
        members0_.email as email2_6_,
        members0_.image as image3_6_,
        members0_.name as name4_6_,
        members0_.nickname as nickname5_6_,
        members0_.password as password6_6_,
        members0_.phone as phone7_6_,
        members0_.refresh_token as refresh_8_6_,
        members0_.role as role9_6_ 
    from
        members members0_ 
    where
        members0_.email=?
Hibernate: 
    select
        style0_.id as id1_14_,
        style0_.name as name2_14_ 
    from
        style style0_ 
    where
        style0_.name=?
Hibernate: 
    select
        materials0_.id as id1_5_,
        materials0_.name as name2_5_ 
    from
        materials materials0_ 
    where
        materials0_.name=?
Hibernate: 
    select
        colors0_.id as id1_4_,
        colors0_.name as name2_4_ 
    from
        colors colors0_ 
    where
        colors0_.name=?
Hibernate: 
    select
        clothesinf0_.id as id1_2_,
        clothesinf0_.categoryl as category2_2_,
        clothesinf0_.categorys as category3_2_,
        clothesinf0_.fit as fit4_2_,
        clothesinf0_.length as length5_2_ 
    from
        clothes_info clothesinf0_ 
    where
        clothesinf0_.categoryl=? 
        and clothesinf0_.categorys=? 
        and clothesinf0_.length=? 
        and clothesinf0_.fit=?
Hibernate: 
    select
        salesinfoc0_.id as id1_9_,
        salesinfoc0_.clothes_brand as clothes_2_9_,
        salesinfoc0_.clothes_color as clothes_3_9_,
        salesinfoc0_.clothes_gender as clothes_4_9_,
        salesinfoc0_.clothes_size as clothes_5_9_ 
    from
        sales_info_clothes salesinfoc0_ 
    where
        salesinfoc0_.clothes_brand=? 
        and salesinfoc0_.clothes_gender=? 
        and salesinfoc0_.clothes_size=? 
        and salesinfoc0_.clothes_color=?
Hibernate: 
    select
        salesinfos0_.id as id1_10_,
        salesinfos0_.status_score as status_s2_10_,
        salesinfos0_.status_tag as status_t3_10_,
        salesinfos0_.status_times as status_t4_10_,
        salesinfos0_.status_when2buy as status_w5_10_,
        salesinfos0_.transport as transpor6_10_ 
    from
        sales_info_status salesinfos0_ 
    where
        salesinfos0_.status_tag=? 
        and salesinfos0_.status_score=? 
        and salesinfos0_.status_times=? 
        and salesinfos0_.status_when2buy=? 
        and salesinfos0_.transport=?
Hibernate: 
    select
        salesinfou0_.id as id1_11_,
        salesinfou0_.user_height as user_hei2_11_,
        salesinfou0_.user_size as user_siz3_11_,
        salesinfou0_.user_weight as user_wei4_11_ 
    from
        sales_info_user salesinfou0_ 
    where
        salesinfou0_.user_size=? 
        and salesinfou0_.user_weight=? 
        and salesinfou0_.user_height=?
Hibernate: 
    select
        stores0_.id as id1_12_0_,
        stores0_.created_date as created_2_12_0_,
        stores0_.modified_date as modified3_12_0_,
        stores0_.author_id as author_i9_12_0_,
        stores0_.clothes_info_id as clothes10_12_0_,
        stores0_.colors_name as colors_11_12_0_,
        stores0_.materials_name as materia12_12_0_,
        stores0_.style_name as style_n13_12_0_,
        stores0_.clothes_length as clothes_4_12_0_,
        stores0_.content as content5_12_0_,
        stores0_.price as price6_12_0_,
        stores0_.sales_info_clothes_id as sales_i14_12_0_,
        stores0_.sales_info_status_id as sales_i15_12_0_,
        stores0_.sales_info_user_id as sales_i16_12_0_,
        stores0_.status as status7_12_0_,
        stores0_.title as title8_12_0_,
        members1_.id as id1_6_1_,
        members1_.email as email2_6_1_,
        members1_.image as image3_6_1_,
        members1_.name as name4_6_1_,
        members1_.nickname as nickname5_6_1_,
        members1_.password as password6_6_1_,
        members1_.phone as phone7_6_1_,
        members1_.refresh_token as refresh_8_6_1_,
        members1_.role as role9_6_1_,
        clothesinf2_.id as id1_2_2_,
        clothesinf2_.categoryl as category2_2_2_,
        clothesinf2_.categorys as category3_2_2_,
        clothesinf2_.fit as fit4_2_2_,
        clothesinf2_.length as length5_2_2_,
        colors3_.id as id1_4_3_,
        colors3_.name as name2_4_3_,
        materials4_.id as id1_5_4_,
        materials4_.name as name2_5_4_,
        style5_.id as id1_14_5_,
        style5_.name as name2_14_5_,
        salesinfoc6_.id as id1_9_6_,
        salesinfoc6_.clothes_brand as clothes_2_9_6_,
        salesinfoc6_.clothes_color as clothes_3_9_6_,
        salesinfoc6_.clothes_gender as clothes_4_9_6_,
        salesinfoc6_.clothes_size as clothes_5_9_6_,
        salesinfos7_.id as id1_10_7_,
        salesinfos7_.status_score as status_s2_10_7_,
        salesinfos7_.status_tag as status_t3_10_7_,
        salesinfos7_.status_times as status_t4_10_7_,
        salesinfos7_.status_when2buy as status_w5_10_7_,
        salesinfos7_.transport as transpor6_10_7_,
        salesinfou8_.id as id1_11_8_,
        salesinfou8_.user_height as user_hei2_11_8_,
        salesinfou8_.user_size as user_siz3_11_8_,
        salesinfou8_.user_weight as user_wei4_11_8_ 
    from
        stores stores0_ 
    left outer join
        members members1_ 
            on stores0_.author_id=members1_.id 
    left outer join
        clothes_info clothesinf2_ 
            on stores0_.clothes_info_id=clothesinf2_.id 
    left outer join
        colors colors3_ 
            on stores0_.colors_name=colors3_.name 
    left outer join
        materials materials4_ 
            on stores0_.materials_name=materials4_.name 
    left outer join
        style style5_ 
            on stores0_.style_name=style5_.name 
    left outer join
        sales_info_clothes salesinfoc6_ 
            on stores0_.sales_info_clothes_id=salesinfoc6_.id 
    left outer join
        sales_info_status salesinfos7_ 
            on stores0_.sales_info_status_id=salesinfos7_.id 
    left outer join
        sales_info_user salesinfou8_ 
            on stores0_.sales_info_user_id=salesinfou8_.id 
    where
        stores0_.id=?
Hibernate: 
    select
        images0_.stores_post_id as stores_p5_3_0_,
        images0_.id as id1_3_0_,
        images0_.id as id1_3_1_,
        images0_.closets_post_id as closets_4_3_1_,
        images0_.path as path2_3_1_,
        images0_.stores_post_id as stores_p5_3_1_,
        images0_.type as type3_3_1_,
        closets1_.id as id1_1_2_,
        closets1_.created_date as created_2_1_2_,
        closets1_.modified_date as modified3_1_2_,
        closets1_.author_id as author_i4_1_2_,
        closets1_.clothes_info_id as clothes_5_1_2_,
        closets1_.colors_name as colors_n6_1_2_,
        closets1_.materials_name as material7_1_2_,
        closets1_.style_name as style_na8_1_2_,
        members2_.id as id1_6_3_,
        members2_.email as email2_6_3_,
        members2_.image as image3_6_3_,
        members2_.name as name4_6_3_,
        members2_.nickname as nickname5_6_3_,
        members2_.password as password6_6_3_,
        members2_.phone as phone7_6_3_,
        members2_.refresh_token as refresh_8_6_3_,
        members2_.role as role9_6_3_,
        clothesinf3_.id as id1_2_4_,
        clothesinf3_.categoryl as category2_2_4_,
        clothesinf3_.categorys as category3_2_4_,
        clothesinf3_.fit as fit4_2_4_,
        clothesinf3_.length as length5_2_4_,
        colors4_.id as id1_4_5_,
        colors4_.name as name2_4_5_,
        materials5_.id as id1_5_6_,
        materials5_.name as name2_5_6_,
        style6_.id as id1_14_7_,
        style6_.name as name2_14_7_ 
    from
        clothes_image images0_ 
    left outer join
        closets closets1_ 
            on images0_.closets_post_id=closets1_.id 
    left outer join
        members members2_ 
            on closets1_.author_id=members2_.id 
    left outer join
        clothes_info clothesinf3_ 
            on closets1_.clothes_info_id=clothesinf3_.id 
    left outer join
        colors colors4_ 
            on closets1_.colors_name=colors4_.name 
    left outer join
        materials materials5_ 
            on closets1_.materials_name=materials5_.name 
    left outer join
        style style6_ 
            on closets1_.style_name=style6_.name 
    where
        images0_.stores_post_id=?
Hibernate: 
    delete 
    from
        clothes_image 
    where
        id=? 
        or id=?
Hibernate: 
    insert 
    into
        clothes_image
        (closets_post_id, path, stores_post_id, type) 
    values
        (?, ?, ?, ?)
Hibernate: 
    insert 
    into
        clothes_image
        (closets_post_id, path, stores_post_id, type) 
    values
        (?, ?, ?, ?)
Hibernate: 
    update
        stores 
    set
        created_date=?,
        modified_date=?,
        author_id=?,
        clothes_info_id=?,
        colors_name=?,
        materials_name=?,
        style_name=?,
        clothes_length=?,
        content=?,
        price=?,
        sales_info_clothes_id=?,
        sales_info_status_id=?,
        sales_info_user_id=?,
        status=?,
        title=? 
    where
        id=?

MockHttpServletRequest:
      HTTP Method = PATCH
      Request URI = /api/v1/stores/post/2113
       Parameters = {}
          Headers = [Content-Type:"multipart/form-data", Accept:"application/json", Authorization:"BearereyJhbGciOiJIUzI1NiJ9.eyJzdWIiOiJndW5zb25nMkBuYXZlci5jb20iLCJhdXRoIjoiUk9MRV9VU0VSIiwiZXhwIjoxNjY4MDYyMDQ1fQ.pFpNYbU3VVJUhjAl_Fynoz1jJ76am0NQuYBCkbRfUqk"]
             Body = <no character encoding set>
    Session Attrs = {}

Handler:
             Type = com.betweenourclothes.web.StoresApiController
           Method = public org.springframework.http.ResponseEntity<java.lang.String> com.betweenourclothes.web.StoresApiController.update(java.lang.Long,com.betweenourclothes.web.dto.request.stores.StoresPostRequestDto,com.betweenourclothes.web.dto.request.stores.StoresPostClothesRequestDto,com.betweenourclothes.web.dto.request.stores.StoresPostSalesRequestDto,java.util.List<org.springframework.web.multipart.MultipartFile>)

Async:
    Async started = false
     Async result = null

Resolved Exception:
             Type = null

ModelAndView:
        View name = null
             View = null
            Model = null

FlashMap:
       Attributes = null

MockHttpServletResponse:
           Status = 200
    Error message = null
          Headers = [Content-Type:"application/json;charset=UTF-8", Content-Length:"13", X-Content-Type-Options:"nosniff", X-XSS-Protection:"1; mode=block", Cache-Control:"no-cache, no-store, max-age=0, must-revalidate", Pragma:"no-cache", Expires:"0", X-Frame-Options:"DENY"]
     Content type = application/json;charset=UTF-8
             Body = 수정 완료
    Forwarded URL = null
   Redirected URL = null
          Cookies = []
Hibernate: 
    select
        stores0_.id as id1_12_,
        stores0_.created_date as created_2_12_,
        stores0_.modified_date as modified3_12_,
        stores0_.author_id as author_i9_12_,
        stores0_.clothes_info_id as clothes10_12_,
        stores0_.colors_name as colors_11_12_,
        stores0_.materials_name as materia12_12_,
        stores0_.style_name as style_n13_12_,
        stores0_.clothes_length as clothes_4_12_,
        stores0_.content as content5_12_,
        stores0_.price as price6_12_,
        stores0_.sales_info_clothes_id as sales_i14_12_,
        stores0_.sales_info_status_id as sales_i15_12_,
        stores0_.sales_info_user_id as sales_i16_12_,
        stores0_.status as status7_12_,
        stores0_.title as title8_12_ 
    from
        stores stores0_
Hibernate: 
    select
        members0_.id as id1_6_0_,
        members0_.email as email2_6_0_,
        members0_.image as image3_6_0_,
        members0_.name as name4_6_0_,
        members0_.nickname as nickname5_6_0_,
        members0_.password as password6_6_0_,
        members0_.phone as phone7_6_0_,
        members0_.refresh_token as refresh_8_6_0_,
        members0_.role as role9_6_0_ 
    from
        members members0_ 
    where
        members0_.id=?
Hibernate: 
    select
        clothesinf0_.id as id1_2_0_,
        clothesinf0_.categoryl as category2_2_0_,
        clothesinf0_.categorys as category3_2_0_,
        clothesinf0_.fit as fit4_2_0_,
        clothesinf0_.length as length5_2_0_ 
    from
        clothes_info clothesinf0_ 
    where
        clothesinf0_.id=?
Hibernate: 
    select
        colors0_.id as id1_4_0_,
        colors0_.name as name2_4_0_ 
    from
        colors colors0_ 
    where
        colors0_.name=?
Hibernate: 
    select
        materials0_.id as id1_5_0_,
        materials0_.name as name2_5_0_ 
    from
        materials materials0_ 
    where
        materials0_.name=?
Hibernate: 
    select
        style0_.id as id1_14_0_,
        style0_.name as name2_14_0_ 
    from
        style style0_ 
    where
        style0_.name=?
Hibernate: 
    select
        salesinfoc0_.id as id1_9_0_,
        salesinfoc0_.clothes_brand as clothes_2_9_0_,
        salesinfoc0_.clothes_color as clothes_3_9_0_,
        salesinfoc0_.clothes_gender as clothes_4_9_0_,
        salesinfoc0_.clothes_size as clothes_5_9_0_ 
    from
        sales_info_clothes salesinfoc0_ 
    where
        salesinfoc0_.id=?
Hibernate: 
    select
        salesinfos0_.id as id1_10_0_,
        salesinfos0_.status_score as status_s2_10_0_,
        salesinfos0_.status_tag as status_t3_10_0_,
        salesinfos0_.status_times as status_t4_10_0_,
        salesinfos0_.status_when2buy as status_w5_10_0_,
        salesinfos0_.transport as transpor6_10_0_ 
    from
        sales_info_status salesinfos0_ 
    where
        salesinfos0_.id=?
Hibernate: 
    select
        salesinfou0_.id as id1_11_0_,
        salesinfou0_.user_height as user_hei2_11_0_,
        salesinfou0_.user_size as user_siz3_11_0_,
        salesinfou0_.user_weight as user_wei4_11_0_ 
    from
        sales_info_user salesinfou0_ 
    where
        salesinfou0_.id=?
Hibernate: 
    select
        clothesinf0_.id as id1_2_0_,
        clothesinf0_.categoryl as category2_2_0_,
        clothesinf0_.categorys as category3_2_0_,
        clothesinf0_.fit as fit4_2_0_,
        clothesinf0_.length as length5_2_0_ 
    from
        clothes_info clothesinf0_ 
    where
        clothesinf0_.id=?
Hibernate: 
    select
        colors0_.id as id1_4_0_,
        colors0_.name as name2_4_0_ 
    from
        colors colors0_ 
    where
        colors0_.name=?
Hibernate: 
    select
        materials0_.id as id1_5_0_,
        materials0_.name as name2_5_0_ 
    from
        materials materials0_ 
    where
        materials0_.name=?
Hibernate: 
    select
        style0_.id as id1_14_0_,
        style0_.name as name2_14_0_ 
    from
        style style0_ 
    where
        style0_.name=?
Hibernate: 
    select
        salesinfoc0_.id as id1_9_0_,
        salesinfoc0_.clothes_brand as clothes_2_9_0_,
        salesinfoc0_.clothes_color as clothes_3_9_0_,
        salesinfoc0_.clothes_gender as clothes_4_9_0_,
        salesinfoc0_.clothes_size as clothes_5_9_0_ 
    from
        sales_info_clothes salesinfoc0_ 
    where
        salesinfoc0_.id=?
Hibernate: 
    select
        salesinfos0_.id as id1_10_0_,
        salesinfos0_.status_score as status_s2_10_0_,
        salesinfos0_.status_tag as status_t3_10_0_,
        salesinfos0_.status_times as status_t4_10_0_,
        salesinfos0_.status_when2buy as status_w5_10_0_,
        salesinfos0_.transport as transpor6_10_0_ 
    from
        sales_info_status salesinfos0_ 
    where
        salesinfos0_.id=?
Hibernate: 
    select
        salesinfou0_.id as id1_11_0_,
        salesinfou0_.user_height as user_hei2_11_0_,
        salesinfou0_.user_size as user_siz3_11_0_,
        salesinfou0_.user_weight as user_wei4_11_0_ 
    from
        sales_info_user salesinfou0_ 
    where
        salesinfou0_.id=?
Hibernate: 
    select
        clothesinf0_.id as id1_2_0_,
        clothesinf0_.categoryl as category2_2_0_,
        clothesinf0_.categorys as category3_2_0_,
        clothesinf0_.fit as fit4_2_0_,
        clothesinf0_.length as length5_2_0_ 
    from
        clothes_info clothesinf0_ 
    where
        clothesinf0_.id=?
Hibernate: 
    select
        colors0_.id as id1_4_0_,
        colors0_.name as name2_4_0_ 
    from
        colors colors0_ 
    where
        colors0_.name=?
Hibernate: 
    select
        materials0_.id as id1_5_0_,
        materials0_.name as name2_5_0_ 
    from
        materials materials0_ 
    where
        materials0_.name=?
Hibernate: 
    select
        style0_.id as id1_14_0_,
        style0_.name as name2_14_0_ 
    from
        style style0_ 
    where
        style0_.name=?
Hibernate: 
    select
        salesinfoc0_.id as id1_9_0_,
        salesinfoc0_.clothes_brand as clothes_2_9_0_,
        salesinfoc0_.clothes_color as clothes_3_9_0_,
        salesinfoc0_.clothes_gender as clothes_4_9_0_,
        salesinfoc0_.clothes_size as clothes_5_9_0_ 
    from
        sales_info_clothes salesinfoc0_ 
    where
        salesinfoc0_.id=?
Hibernate: 
    select
        salesinfos0_.id as id1_10_0_,
        salesinfos0_.status_score as status_s2_10_0_,
        salesinfos0_.status_tag as status_t3_10_0_,
        salesinfos0_.status_times as status_t4_10_0_,
        salesinfos0_.status_when2buy as status_w5_10_0_,
        salesinfos0_.transport as transpor6_10_0_ 
    from
        sales_info_status salesinfos0_ 
    where
        salesinfos0_.id=?
Hibernate: 
    select
        salesinfou0_.id as id1_11_0_,
        salesinfou0_.user_height as user_hei2_11_0_,
        salesinfou0_.user_size as user_siz3_11_0_,
        salesinfou0_.user_weight as user_wei4_11_0_ 
    from
        sales_info_user salesinfou0_ 
    where
        salesinfou0_.id=?
Hibernate: 
    select
        clothesinf0_.id as id1_2_0_,
        clothesinf0_.categoryl as category2_2_0_,
        clothesinf0_.categorys as category3_2_0_,
        clothesinf0_.fit as fit4_2_0_,
        clothesinf0_.length as length5_2_0_ 
    from
        clothes_info clothesinf0_ 
    where
        clothesinf0_.id=?
Hibernate: 
    select
        colors0_.id as id1_4_0_,
        colors0_.name as name2_4_0_ 
    from
        colors colors0_ 
    where
        colors0_.name=?
Hibernate: 
    select
        materials0_.id as id1_5_0_,
        materials0_.name as name2_5_0_ 
    from
        materials materials0_ 
    where
        materials0_.name=?
Hibernate: 
    select
        style0_.id as id1_14_0_,
        style0_.name as name2_14_0_ 
    from
        style style0_ 
    where
        style0_.name=?
Hibernate: 
    select
        salesinfoc0_.id as id1_9_0_,
        salesinfoc0_.clothes_brand as clothes_2_9_0_,
        salesinfoc0_.clothes_color as clothes_3_9_0_,
        salesinfoc0_.clothes_gender as clothes_4_9_0_,
        salesinfoc0_.clothes_size as clothes_5_9_0_ 
    from
        sales_info_clothes salesinfoc0_ 
    where
        salesinfoc0_.id=?
Hibernate: 
    select
        salesinfos0_.id as id1_10_0_,
        salesinfos0_.status_score as status_s2_10_0_,
        salesinfos0_.status_tag as status_t3_10_0_,
        salesinfos0_.status_times as status_t4_10_0_,
        salesinfos0_.status_when2buy as status_w5_10_0_,
        salesinfos0_.transport as transpor6_10_0_ 
    from
        sales_info_status salesinfos0_ 
    where
        salesinfos0_.id=?
Hibernate: 
    select
        salesinfou0_.id as id1_11_0_,
        salesinfou0_.user_height as user_hei2_11_0_,
        salesinfou0_.user_size as user_siz3_11_0_,
        salesinfou0_.user_weight as user_wei4_11_0_ 
    from
        sales_info_user salesinfou0_ 
    where
        salesinfou0_.id=?
Hibernate: 
    select
        clothesinf0_.id as id1_2_0_,
        clothesinf0_.categoryl as category2_2_0_,
        clothesinf0_.categorys as category3_2_0_,
        clothesinf0_.fit as fit4_2_0_,
        clothesinf0_.length as length5_2_0_ 
    from
        clothes_info clothesinf0_ 
    where
        clothesinf0_.id=?
Hibernate: 
    select
        materials0_.id as id1_5_0_,
        materials0_.name as name2_5_0_ 
    from
        materials materials0_ 
    where
        materials0_.name=?
Hibernate: 
    select
        style0_.id as id1_14_0_,
        style0_.name as name2_14_0_ 
    from
        style style0_ 
    where
        style0_.name=?
Hibernate: 
    select
        salesinfoc0_.id as id1_9_0_,
        salesinfoc0_.clothes_brand as clothes_2_9_0_,
        salesinfoc0_.clothes_color as clothes_3_9_0_,
        salesinfoc0_.clothes_gender as clothes_4_9_0_,
        salesinfoc0_.clothes_size as clothes_5_9_0_ 
    from
        sales_info_clothes salesinfoc0_ 
    where
        salesinfoc0_.id=?
Hibernate: 
    select
        salesinfos0_.id as id1_10_0_,
        salesinfos0_.status_score as status_s2_10_0_,
        salesinfos0_.status_tag as status_t3_10_0_,
        salesinfos0_.status_times as status_t4_10_0_,
        salesinfos0_.status_when2buy as status_w5_10_0_,
        salesinfos0_.transport as transpor6_10_0_ 
    from
        sales_info_status salesinfos0_ 
    where
        salesinfos0_.id=?
Hibernate: 
    select
        salesinfou0_.id as id1_11_0_,
        salesinfou0_.user_height as user_hei2_11_0_,
        salesinfou0_.user_size as user_siz3_11_0_,
        salesinfou0_.user_weight as user_wei4_11_0_ 
    from
        sales_info_user salesinfou0_ 
    where
        salesinfou0_.id=?
Hibernate: 
    select
        clothesinf0_.id as id1_2_0_,
        clothesinf0_.categoryl as category2_2_0_,
        clothesinf0_.categorys as category3_2_0_,
        clothesinf0_.fit as fit4_2_0_,
        clothesinf0_.length as length5_2_0_ 
    from
        clothes_info clothesinf0_ 
    where
        clothesinf0_.id=?
Hibernate: 
    select
        colors0_.id as id1_4_0_,
        colors0_.name as name2_4_0_ 
    from
        colors colors0_ 
    where
        colors0_.name=?
Hibernate: 
    select
        members0_.id as id1_6_,
        members0_.email as email2_6_,
        members0_.image as image3_6_,
        members0_.name as name4_6_,
        members0_.nickname as nickname5_6_,
        members0_.password as password6_6_,
        members0_.phone as phone7_6_,
        members0_.refresh_token as refresh_8_6_,
        members0_.role as role9_6_ 
    from
        members members0_ 
    where
        members0_.email=?
Hibernate: 
    select
        members0_.id as id1_6_,
        members0_.email as email2_6_,
        members0_.image as image3_6_,
        members0_.name as name4_6_,
        members0_.nickname as nickname5_6_,
        members0_.password as password6_6_,
        members0_.phone as phone7_6_,
        members0_.refresh_token as refresh_8_6_,
        members0_.role as role9_6_ 
    from
        members members0_ 
    where
        members0_.email=?
2022-11-10 12:34:05.469  INFO 9968 --- [    Test worker] o.a.c.c.C.[Tomcat].[localhost].[/]       : Initializing Spring TestDispatcherServlet ''
2022-11-10 12:34:05.469  INFO 9968 --- [    Test worker] o.s.t.web.servlet.TestDispatcherServlet  : Initializing Servlet ''
2022-11-10 12:34:05.471  INFO 9968 --- [    Test worker] o.s.t.web.servlet.TestDispatcherServlet  : Completed initialization in 2 ms
gunsong2@naver.com
Hibernate: 
    select
        members0_.id as id1_6_,
        members0_.email as email2_6_,
        members0_.image as image3_6_,
        members0_.name as name4_6_,
        members0_.nickname as nickname5_6_,
        members0_.password as password6_6_,
        members0_.phone as phone7_6_,
        members0_.refresh_token as refresh_8_6_,
        members0_.role as role9_6_ 
    from
        members members0_ 
    where
        members0_.email=?
Hibernate: 
    select
        style0_.id as id1_14_,
        style0_.name as name2_14_ 
    from
        style style0_ 
    where
        style0_.name=?
Hibernate: 
    select
        materials0_.id as id1_5_,
        materials0_.name as name2_5_ 
    from
        materials materials0_ 
    where
        materials0_.name=?
Hibernate: 
    select
        colors0_.id as id1_4_,
        colors0_.name as name2_4_ 
    from
        colors colors0_ 
    where
        colors0_.name=?
Hibernate: 
    select
        clothesinf0_.id as id1_2_,
        clothesinf0_.categoryl as category2_2_,
        clothesinf0_.categorys as category3_2_,
        clothesinf0_.fit as fit4_2_,
        clothesinf0_.length as length5_2_ 
    from
        clothes_info clothesinf0_ 
    where
        clothesinf0_.categoryl=? 
        and clothesinf0_.categorys=? 
        and clothesinf0_.length=? 
        and clothesinf0_.fit=?
Hibernate: 
    select
        salesinfoc0_.id as id1_9_,
        salesinfoc0_.clothes_brand as clothes_2_9_,
        salesinfoc0_.clothes_color as clothes_3_9_,
        salesinfoc0_.clothes_gender as clothes_4_9_,
        salesinfoc0_.clothes_size as clothes_5_9_ 
    from
        sales_info_clothes salesinfoc0_ 
    where
        salesinfoc0_.clothes_brand=? 
        and salesinfoc0_.clothes_gender=? 
        and salesinfoc0_.clothes_size=? 
        and salesinfoc0_.clothes_color=?
Hibernate: 
    select
        salesinfos0_.id as id1_10_,
        salesinfos0_.status_score as status_s2_10_,
        salesinfos0_.status_tag as status_t3_10_,
        salesinfos0_.status_times as status_t4_10_,
        salesinfos0_.status_when2buy as status_w5_10_,
        salesinfos0_.transport as transpor6_10_ 
    from
        sales_info_status salesinfos0_ 
    where
        salesinfos0_.status_tag=? 
        and salesinfos0_.status_score=? 
        and salesinfos0_.status_times=? 
        and salesinfos0_.status_when2buy=? 
        and salesinfos0_.transport=?
Hibernate: 
    select
        salesinfou0_.id as id1_11_,
        salesinfou0_.user_height as user_hei2_11_,
        salesinfou0_.user_size as user_siz3_11_,
        salesinfou0_.user_weight as user_wei4_11_ 
    from
        sales_info_user salesinfou0_ 
    where
        salesinfou0_.user_size=? 
        and salesinfou0_.user_weight=? 
        and salesinfou0_.user_height=?
Hibernate: 
    insert 
    into
        clothes_image
        (closets_post_id, path, stores_post_id, type) 
    values
        (?, ?, ?, ?)
Hibernate: 
    insert 
    into
        clothes_image
        (closets_post_id, path, stores_post_id, type) 
    values
        (?, ?, ?, ?)
Hibernate: 
    insert 
    into
        stores
        (created_date, modified_date, author_id, clothes_info_id, colors_name, materials_name, style_name, clothes_length, content, price, sales_info_clothes_id, sales_info_status_id, sales_info_user_id, status, title) 
    values
        (?, ?, ?, ?, ?, ?, ?, ?, ?, ?, ?, ?, ?, ?, ?)
Hibernate: 
    update
        clothes_image 
    set
        closets_post_id=?,
        path=?,
        stores_post_id=?,
        type=? 
    where
        id=?
Hibernate: 
    update
        clothes_image 
    set
        closets_post_id=?,
        path=?,
        stores_post_id=?,
        type=? 
    where
        id=?
gunsong2@naver.com
Hibernate: 
    select
        members0_.id as id1_6_,
        members0_.email as email2_6_,
        members0_.image as image3_6_,
        members0_.name as name4_6_,
        members0_.nickname as nickname5_6_,
        members0_.password as password6_6_,
        members0_.phone as phone7_6_,
        members0_.refresh_token as refresh_8_6_,
        members0_.role as role9_6_ 
    from
        members members0_ 
    where
        members0_.email=?
Hibernate: 
    select
        style0_.id as id1_14_,
        style0_.name as name2_14_ 
    from
        style style0_ 
    where
        style0_.name=?
Hibernate: 
    select
        materials0_.id as id1_5_,
        materials0_.name as name2_5_ 
    from
        materials materials0_ 
    where
        materials0_.name=?
Hibernate: 
    select
        colors0_.id as id1_4_,
        colors0_.name as name2_4_ 
    from
        colors colors0_ 
    where
        colors0_.name=?
Hibernate: 
    select
        clothesinf0_.id as id1_2_,
        clothesinf0_.categoryl as category2_2_,
        clothesinf0_.categorys as category3_2_,
        clothesinf0_.fit as fit4_2_,
        clothesinf0_.length as length5_2_ 
    from
        clothes_info clothesinf0_ 
    where
        clothesinf0_.categoryl=? 
        and clothesinf0_.categorys=? 
        and clothesinf0_.length=? 
        and clothesinf0_.fit=?
Hibernate: 
    select
        salesinfoc0_.id as id1_9_,
        salesinfoc0_.clothes_brand as clothes_2_9_,
        salesinfoc0_.clothes_color as clothes_3_9_,
        salesinfoc0_.clothes_gender as clothes_4_9_,
        salesinfoc0_.clothes_size as clothes_5_9_ 
    from
        sales_info_clothes salesinfoc0_ 
    where
        salesinfoc0_.clothes_brand=? 
        and salesinfoc0_.clothes_gender=? 
        and salesinfoc0_.clothes_size=? 
        and salesinfoc0_.clothes_color=?
Hibernate: 
    select
        salesinfos0_.id as id1_10_,
        salesinfos0_.status_score as status_s2_10_,
        salesinfos0_.status_tag as status_t3_10_,
        salesinfos0_.status_times as status_t4_10_,
        salesinfos0_.status_when2buy as status_w5_10_,
        salesinfos0_.transport as transpor6_10_ 
    from
        sales_info_status salesinfos0_ 
    where
        salesinfos0_.status_tag=? 
        and salesinfos0_.status_score=? 
        and salesinfos0_.status_times=? 
        and salesinfos0_.status_when2buy=? 
        and salesinfos0_.transport=?
Hibernate: 
    select
        salesinfou0_.id as id1_11_,
        salesinfou0_.user_height as user_hei2_11_,
        salesinfou0_.user_size as user_siz3_11_,
        salesinfou0_.user_weight as user_wei4_11_ 
    from
        sales_info_user salesinfou0_ 
    where
        salesinfou0_.user_size=? 
        and salesinfou0_.user_weight=? 
        and salesinfou0_.user_height=?
Hibernate: 
    insert 
    into
        clothes_image
        (closets_post_id, path, stores_post_id, type) 
    values
        (?, ?, ?, ?)
Hibernate: 
    insert 
    into
        clothes_image
        (closets_post_id, path, stores_post_id, type) 
    values
        (?, ?, ?, ?)
Hibernate: 
    insert 
    into
        stores
        (created_date, modified_date, author_id, clothes_info_id, colors_name, materials_name, style_name, clothes_length, content, price, sales_info_clothes_id, sales_info_status_id, sales_info_user_id, status, title) 
    values
        (?, ?, ?, ?, ?, ?, ?, ?, ?, ?, ?, ?, ?, ?, ?)
Hibernate: 
    update
        clothes_image 
    set
        closets_post_id=?,
        path=?,
        stores_post_id=?,
        type=? 
    where
        id=?
Hibernate: 
    update
        clothes_image 
    set
        closets_post_id=?,
        path=?,
        stores_post_id=?,
        type=? 
    where
        id=?
gunsong2@naver.com
Hibernate: 
    select
        members0_.id as id1_6_,
        members0_.email as email2_6_,
        members0_.image as image3_6_,
        members0_.name as name4_6_,
        members0_.nickname as nickname5_6_,
        members0_.password as password6_6_,
        members0_.phone as phone7_6_,
        members0_.refresh_token as refresh_8_6_,
        members0_.role as role9_6_ 
    from
        members members0_ 
    where
        members0_.email=?
Hibernate: 
    select
        style0_.id as id1_14_,
        style0_.name as name2_14_ 
    from
        style style0_ 
    where
        style0_.name=?
Hibernate: 
    select
        materials0_.id as id1_5_,
        materials0_.name as name2_5_ 
    from
        materials materials0_ 
    where
        materials0_.name=?
Hibernate: 
    select
        colors0_.id as id1_4_,
        colors0_.name as name2_4_ 
    from
        colors colors0_ 
    where
        colors0_.name=?
Hibernate: 
    select
        clothesinf0_.id as id1_2_,
        clothesinf0_.categoryl as category2_2_,
        clothesinf0_.categorys as category3_2_,
        clothesinf0_.fit as fit4_2_,
        clothesinf0_.length as length5_2_ 
    from
        clothes_info clothesinf0_ 
    where
        clothesinf0_.categoryl=? 
        and clothesinf0_.categorys=? 
        and clothesinf0_.length=? 
        and clothesinf0_.fit=?
Hibernate: 
    select
        salesinfoc0_.id as id1_9_,
        salesinfoc0_.clothes_brand as clothes_2_9_,
        salesinfoc0_.clothes_color as clothes_3_9_,
        salesinfoc0_.clothes_gender as clothes_4_9_,
        salesinfoc0_.clothes_size as clothes_5_9_ 
    from
        sales_info_clothes salesinfoc0_ 
    where
        salesinfoc0_.clothes_brand=? 
        and salesinfoc0_.clothes_gender=? 
        and salesinfoc0_.clothes_size=? 
        and salesinfoc0_.clothes_color=?
Hibernate: 
    select
        salesinfos0_.id as id1_10_,
        salesinfos0_.status_score as status_s2_10_,
        salesinfos0_.status_tag as status_t3_10_,
        salesinfos0_.status_times as status_t4_10_,
        salesinfos0_.status_when2buy as status_w5_10_,
        salesinfos0_.transport as transpor6_10_ 
    from
        sales_info_status salesinfos0_ 
    where
        salesinfos0_.status_tag=? 
        and salesinfos0_.status_score=? 
        and salesinfos0_.status_times=? 
        and salesinfos0_.status_when2buy=? 
        and salesinfos0_.transport=?
Hibernate: 
    select
        salesinfou0_.id as id1_11_,
        salesinfou0_.user_height as user_hei2_11_,
        salesinfou0_.user_size as user_siz3_11_,
        salesinfou0_.user_weight as user_wei4_11_ 
    from
        sales_info_user salesinfou0_ 
    where
        salesinfou0_.user_size=? 
        and salesinfou0_.user_weight=? 
        and salesinfou0_.user_height=?
Hibernate: 
    insert 
    into
        clothes_image
        (closets_post_id, path, stores_post_id, type) 
    values
        (?, ?, ?, ?)
Hibernate: 
    insert 
    into
        clothes_image
        (closets_post_id, path, stores_post_id, type) 
    values
        (?, ?, ?, ?)
Hibernate: 
    insert 
    into
        stores
        (created_date, modified_date, author_id, clothes_info_id, colors_name, materials_name, style_name, clothes_length, content, price, sales_info_clothes_id, sales_info_status_id, sales_info_user_id, status, title) 
    values
        (?, ?, ?, ?, ?, ?, ?, ?, ?, ?, ?, ?, ?, ?, ?)
Hibernate: 
    update
        clothes_image 
    set
        closets_post_id=?,
        path=?,
        stores_post_id=?,
        type=? 
    where
        id=?
Hibernate: 
    update
        clothes_image 
    set
        closets_post_id=?,
        path=?,
        stores_post_id=?,
        type=? 
    where
        id=?
gunsong2@naver.com
Hibernate: 
    select
        members0_.id as id1_6_,
        members0_.email as email2_6_,
        members0_.image as image3_6_,
        members0_.name as name4_6_,
        members0_.nickname as nickname5_6_,
        members0_.password as password6_6_,
        members0_.phone as phone7_6_,
        members0_.refresh_token as refresh_8_6_,
        members0_.role as role9_6_ 
    from
        members members0_ 
    where
        members0_.email=?
Hibernate: 
    select
        style0_.id as id1_14_,
        style0_.name as name2_14_ 
    from
        style style0_ 
    where
        style0_.name=?
Hibernate: 
    select
        materials0_.id as id1_5_,
        materials0_.name as name2_5_ 
    from
        materials materials0_ 
    where
        materials0_.name=?
Hibernate: 
    select
        colors0_.id as id1_4_,
        colors0_.name as name2_4_ 
    from
        colors colors0_ 
    where
        colors0_.name=?
Hibernate: 
    select
        clothesinf0_.id as id1_2_,
        clothesinf0_.categoryl as category2_2_,
        clothesinf0_.categorys as category3_2_,
        clothesinf0_.fit as fit4_2_,
        clothesinf0_.length as length5_2_ 
    from
        clothes_info clothesinf0_ 
    where
        clothesinf0_.categoryl=? 
        and clothesinf0_.categorys=? 
        and clothesinf0_.length=? 
        and clothesinf0_.fit=?
Hibernate: 
    select
        salesinfoc0_.id as id1_9_,
        salesinfoc0_.clothes_brand as clothes_2_9_,
        salesinfoc0_.clothes_color as clothes_3_9_,
        salesinfoc0_.clothes_gender as clothes_4_9_,
        salesinfoc0_.clothes_size as clothes_5_9_ 
    from
        sales_info_clothes salesinfoc0_ 
    where
        salesinfoc0_.clothes_brand=? 
        and salesinfoc0_.clothes_gender=? 
        and salesinfoc0_.clothes_size=? 
        and salesinfoc0_.clothes_color=?
Hibernate: 
    select
        salesinfos0_.id as id1_10_,
        salesinfos0_.status_score as status_s2_10_,
        salesinfos0_.status_tag as status_t3_10_,
        salesinfos0_.status_times as status_t4_10_,
        salesinfos0_.status_when2buy as status_w5_10_,
        salesinfos0_.transport as transpor6_10_ 
    from
        sales_info_status salesinfos0_ 
    where
        salesinfos0_.status_tag=? 
        and salesinfos0_.status_score=? 
        and salesinfos0_.status_times=? 
        and salesinfos0_.status_when2buy=? 
        and salesinfos0_.transport=?
Hibernate: 
    select
        salesinfou0_.id as id1_11_,
        salesinfou0_.user_height as user_hei2_11_,
        salesinfou0_.user_size as user_siz3_11_,
        salesinfou0_.user_weight as user_wei4_11_ 
    from
        sales_info_user salesinfou0_ 
    where
        salesinfou0_.user_size=? 
        and salesinfou0_.user_weight=? 
        and salesinfou0_.user_height=?
Hibernate: 
    insert 
    into
        clothes_image
        (closets_post_id, path, stores_post_id, type) 
    values
        (?, ?, ?, ?)
Hibernate: 
    insert 
    into
        clothes_image
        (closets_post_id, path, stores_post_id, type) 
    values
        (?, ?, ?, ?)
Hibernate: 
    insert 
    into
        stores
        (created_date, modified_date, author_id, clothes_info_id, colors_name, materials_name, style_name, clothes_length, content, price, sales_info_clothes_id, sales_info_status_id, sales_info_user_id, status, title) 
    values
        (?, ?, ?, ?, ?, ?, ?, ?, ?, ?, ?, ?, ?, ?, ?)
Hibernate: 
    update
        clothes_image 
    set
        closets_post_id=?,
        path=?,
        stores_post_id=?,
        type=? 
    where
        id=?
Hibernate: 
    update
        clothes_image 
    set
        closets_post_id=?,
        path=?,
        stores_post_id=?,
        type=? 
    where
        id=?
gunsong2@naver.com
Hibernate: 
    select
        members0_.id as id1_6_,
        members0_.email as email2_6_,
        members0_.image as image3_6_,
        members0_.name as name4_6_,
        members0_.nickname as nickname5_6_,
        members0_.password as password6_6_,
        members0_.phone as phone7_6_,
        members0_.refresh_token as refresh_8_6_,
        members0_.role as role9_6_ 
    from
        members members0_ 
    where
        members0_.email=?
Hibernate: 
    select
        style0_.id as id1_14_,
        style0_.name as name2_14_ 
    from
        style style0_ 
    where
        style0_.name=?
Hibernate: 
    select
        materials0_.id as id1_5_,
        materials0_.name as name2_5_ 
    from
        materials materials0_ 
    where
        materials0_.name=?
Hibernate: 
    select
        colors0_.id as id1_4_,
        colors0_.name as name2_4_ 
    from
        colors colors0_ 
    where
        colors0_.name=?
Hibernate: 
    select
        clothesinf0_.id as id1_2_,
        clothesinf0_.categoryl as category2_2_,
        clothesinf0_.categorys as category3_2_,
        clothesinf0_.fit as fit4_2_,
        clothesinf0_.length as length5_2_ 
    from
        clothes_info clothesinf0_ 
    where
        clothesinf0_.categoryl=? 
        and clothesinf0_.categorys=? 
        and clothesinf0_.length=? 
        and clothesinf0_.fit=?
Hibernate: 
    select
        salesinfoc0_.id as id1_9_,
        salesinfoc0_.clothes_brand as clothes_2_9_,
        salesinfoc0_.clothes_color as clothes_3_9_,
        salesinfoc0_.clothes_gender as clothes_4_9_,
        salesinfoc0_.clothes_size as clothes_5_9_ 
    from
        sales_info_clothes salesinfoc0_ 
    where
        salesinfoc0_.clothes_brand=? 
        and salesinfoc0_.clothes_gender=? 
        and salesinfoc0_.clothes_size=? 
        and salesinfoc0_.clothes_color=?
Hibernate: 
    select
        salesinfos0_.id as id1_10_,
        salesinfos0_.status_score as status_s2_10_,
        salesinfos0_.status_tag as status_t3_10_,
        salesinfos0_.status_times as status_t4_10_,
        salesinfos0_.status_when2buy as status_w5_10_,
        salesinfos0_.transport as transpor6_10_ 
    from
        sales_info_status salesinfos0_ 
    where
        salesinfos0_.status_tag=? 
        and salesinfos0_.status_score=? 
        and salesinfos0_.status_times=? 
        and salesinfos0_.status_when2buy=? 
        and salesinfos0_.transport=?
Hibernate: 
    select
        salesinfou0_.id as id1_11_,
        salesinfou0_.user_height as user_hei2_11_,
        salesinfou0_.user_size as user_siz3_11_,
        salesinfou0_.user_weight as user_wei4_11_ 
    from
        sales_info_user salesinfou0_ 
    where
        salesinfou0_.user_size=? 
        and salesinfou0_.user_weight=? 
        and salesinfou0_.user_height=?
Hibernate: 
    insert 
    into
        clothes_image
        (closets_post_id, path, stores_post_id, type) 
    values
        (?, ?, ?, ?)
Hibernate: 
    insert 
    into
        clothes_image
        (closets_post_id, path, stores_post_id, type) 
    values
        (?, ?, ?, ?)
Hibernate: 
    insert 
    into
        stores
        (created_date, modified_date, author_id, clothes_info_id, colors_name, materials_name, style_name, clothes_length, content, price, sales_info_clothes_id, sales_info_status_id, sales_info_user_id, status, title) 
    values
        (?, ?, ?, ?, ?, ?, ?, ?, ?, ?, ?, ?, ?, ?, ?)
Hibernate: 
    update
        clothes_image 
    set
        closets_post_id=?,
        path=?,
        stores_post_id=?,
        type=? 
    where
        id=?
Hibernate: 
    update
        clothes_image 
    set
        closets_post_id=?,
        path=?,
        stores_post_id=?,
        type=? 
    where
        id=?
Hibernate: 
    select
        stores0_.id as id1_12_,
        stores0_.created_date as created_2_12_,
        stores0_.modified_date as modified3_12_,
        stores0_.author_id as author_i9_12_,
        stores0_.clothes_info_id as clothes10_12_,
        stores0_.colors_name as colors_11_12_,
        stores0_.materials_name as materia12_12_,
        stores0_.style_name as style_n13_12_,
        stores0_.clothes_length as clothes_4_12_,
        stores0_.content as content5_12_,
        stores0_.price as price6_12_,
        stores0_.sales_info_clothes_id as sales_i14_12_,
        stores0_.sales_info_status_id as sales_i15_12_,
        stores0_.sales_info_user_id as sales_i16_12_,
        stores0_.status as status7_12_,
        stores0_.title as title8_12_ 
    from
        stores stores0_
Hibernate: 
    select
        members0_.id as id1_6_0_,
        members0_.email as email2_6_0_,
        members0_.image as image3_6_0_,
        members0_.name as name4_6_0_,
        members0_.nickname as nickname5_6_0_,
        members0_.password as password6_6_0_,
        members0_.phone as phone7_6_0_,
        members0_.refresh_token as refresh_8_6_0_,
        members0_.role as role9_6_0_ 
    from
        members members0_ 
    where
        members0_.id=?
Hibernate: 
    select
        clothesinf0_.id as id1_2_0_,
        clothesinf0_.categoryl as category2_2_0_,
        clothesinf0_.categorys as category3_2_0_,
        clothesinf0_.fit as fit4_2_0_,
        clothesinf0_.length as length5_2_0_ 
    from
        clothes_info clothesinf0_ 
    where
        clothesinf0_.id=?
Hibernate: 
    select
        colors0_.id as id1_4_0_,
        colors0_.name as name2_4_0_ 
    from
        colors colors0_ 
    where
        colors0_.name=?
Hibernate: 
    select
        materials0_.id as id1_5_0_,
        materials0_.name as name2_5_0_ 
    from
        materials materials0_ 
    where
        materials0_.name=?
Hibernate: 
    select
        style0_.id as id1_14_0_,
        style0_.name as name2_14_0_ 
    from
        style style0_ 
    where
        style0_.name=?
Hibernate: 
    select
        salesinfoc0_.id as id1_9_0_,
        salesinfoc0_.clothes_brand as clothes_2_9_0_,
        salesinfoc0_.clothes_color as clothes_3_9_0_,
        salesinfoc0_.clothes_gender as clothes_4_9_0_,
        salesinfoc0_.clothes_size as clothes_5_9_0_ 
    from
        sales_info_clothes salesinfoc0_ 
    where
        salesinfoc0_.id=?
Hibernate: 
    select
        salesinfos0_.id as id1_10_0_,
        salesinfos0_.status_score as status_s2_10_0_,
        salesinfos0_.status_tag as status_t3_10_0_,
        salesinfos0_.status_times as status_t4_10_0_,
        salesinfos0_.status_when2buy as status_w5_10_0_,
        salesinfos0_.transport as transpor6_10_0_ 
    from
        sales_info_status salesinfos0_ 
    where
        salesinfos0_.id=?
Hibernate: 
    select
        salesinfou0_.id as id1_11_0_,
        salesinfou0_.user_height as user_hei2_11_0_,
        salesinfou0_.user_size as user_siz3_11_0_,
        salesinfou0_.user_weight as user_wei4_11_0_ 
    from
        sales_info_user salesinfou0_ 
    where
        salesinfou0_.id=?
Hibernate: 
    select
        clothesinf0_.id as id1_2_0_,
        clothesinf0_.categoryl as category2_2_0_,
        clothesinf0_.categorys as category3_2_0_,
        clothesinf0_.fit as fit4_2_0_,
        clothesinf0_.length as length5_2_0_ 
    from
        clothes_info clothesinf0_ 
    where
        clothesinf0_.id=?
Hibernate: 
    select
        colors0_.id as id1_4_0_,
        colors0_.name as name2_4_0_ 
    from
        colors colors0_ 
    where
        colors0_.name=?
Hibernate: 
    select
        materials0_.id as id1_5_0_,
        materials0_.name as name2_5_0_ 
    from
        materials materials0_ 
    where
        materials0_.name=?
Hibernate: 
    select
        style0_.id as id1_14_0_,
        style0_.name as name2_14_0_ 
    from
        style style0_ 
    where
        style0_.name=?
Hibernate: 
    select
        salesinfoc0_.id as id1_9_0_,
        salesinfoc0_.clothes_brand as clothes_2_9_0_,
        salesinfoc0_.clothes_color as clothes_3_9_0_,
        salesinfoc0_.clothes_gender as clothes_4_9_0_,
        salesinfoc0_.clothes_size as clothes_5_9_0_ 
    from
        sales_info_clothes salesinfoc0_ 
    where
        salesinfoc0_.id=?
Hibernate: 
    select
        salesinfos0_.id as id1_10_0_,
        salesinfos0_.status_score as status_s2_10_0_,
        salesinfos0_.status_tag as status_t3_10_0_,
        salesinfos0_.status_times as status_t4_10_0_,
        salesinfos0_.status_when2buy as status_w5_10_0_,
        salesinfos0_.transport as transpor6_10_0_ 
    from
        sales_info_status salesinfos0_ 
    where
        salesinfos0_.id=?
Hibernate: 
    select
        salesinfou0_.id as id1_11_0_,
        salesinfou0_.user_height as user_hei2_11_0_,
        salesinfou0_.user_size as user_siz3_11_0_,
        salesinfou0_.user_weight as user_wei4_11_0_ 
    from
        sales_info_user salesinfou0_ 
    where
        salesinfou0_.id=?
Hibernate: 
    select
        clothesinf0_.id as id1_2_0_,
        clothesinf0_.categoryl as category2_2_0_,
        clothesinf0_.categorys as category3_2_0_,
        clothesinf0_.fit as fit4_2_0_,
        clothesinf0_.length as length5_2_0_ 
    from
        clothes_info clothesinf0_ 
    where
        clothesinf0_.id=?
Hibernate: 
    select
        colors0_.id as id1_4_0_,
        colors0_.name as name2_4_0_ 
    from
        colors colors0_ 
    where
        colors0_.name=?
Hibernate: 
    select
        materials0_.id as id1_5_0_,
        materials0_.name as name2_5_0_ 
    from
        materials materials0_ 
    where
        materials0_.name=?
Hibernate: 
    select
        style0_.id as id1_14_0_,
        style0_.name as name2_14_0_ 
    from
        style style0_ 
    where
        style0_.name=?
Hibernate: 
    select
        salesinfoc0_.id as id1_9_0_,
        salesinfoc0_.clothes_brand as clothes_2_9_0_,
        salesinfoc0_.clothes_color as clothes_3_9_0_,
        salesinfoc0_.clothes_gender as clothes_4_9_0_,
        salesinfoc0_.clothes_size as clothes_5_9_0_ 
    from
        sales_info_clothes salesinfoc0_ 
    where
        salesinfoc0_.id=?
Hibernate: 
    select
        salesinfos0_.id as id1_10_0_,
        salesinfos0_.status_score as status_s2_10_0_,
        salesinfos0_.status_tag as status_t3_10_0_,
        salesinfos0_.status_times as status_t4_10_0_,
        salesinfos0_.status_when2buy as status_w5_10_0_,
        salesinfos0_.transport as transpor6_10_0_ 
    from
        sales_info_status salesinfos0_ 
    where
        salesinfos0_.id=?
Hibernate: 
    select
        salesinfou0_.id as id1_11_0_,
        salesinfou0_.user_height as user_hei2_11_0_,
        salesinfou0_.user_size as user_siz3_11_0_,
        salesinfou0_.user_weight as user_wei4_11_0_ 
    from
        sales_info_user salesinfou0_ 
    where
        salesinfou0_.id=?
Hibernate: 
    select
        clothesinf0_.id as id1_2_0_,
        clothesinf0_.categoryl as category2_2_0_,
        clothesinf0_.categorys as category3_2_0_,
        clothesinf0_.fit as fit4_2_0_,
        clothesinf0_.length as length5_2_0_ 
    from
        clothes_info clothesinf0_ 
    where
        clothesinf0_.id=?
Hibernate: 
    select
        colors0_.id as id1_4_0_,
        colors0_.name as name2_4_0_ 
    from
        colors colors0_ 
    where
        colors0_.name=?
Hibernate: 
    select
        materials0_.id as id1_5_0_,
        materials0_.name as name2_5_0_ 
    from
        materials materials0_ 
    where
        materials0_.name=?
Hibernate: 
    select
        style0_.id as id1_14_0_,
        style0_.name as name2_14_0_ 
    from
        style style0_ 
    where
        style0_.name=?
Hibernate: 
    select
        salesinfoc0_.id as id1_9_0_,
        salesinfoc0_.clothes_brand as clothes_2_9_0_,
        salesinfoc0_.clothes_color as clothes_3_9_0_,
        salesinfoc0_.clothes_gender as clothes_4_9_0_,
        salesinfoc0_.clothes_size as clothes_5_9_0_ 
    from
        sales_info_clothes salesinfoc0_ 
    where
        salesinfoc0_.id=?
Hibernate: 
    select
        salesinfos0_.id as id1_10_0_,
        salesinfos0_.status_score as status_s2_10_0_,
        salesinfos0_.status_tag as status_t3_10_0_,
        salesinfos0_.status_times as status_t4_10_0_,
        salesinfos0_.status_when2buy as status_w5_10_0_,
        salesinfos0_.transport as transpor6_10_0_ 
    from
        sales_info_status salesinfos0_ 
    where
        salesinfos0_.id=?
Hibernate: 
    select
        salesinfou0_.id as id1_11_0_,
        salesinfou0_.user_height as user_hei2_11_0_,
        salesinfou0_.user_size as user_siz3_11_0_,
        salesinfou0_.user_weight as user_wei4_11_0_ 
    from
        sales_info_user salesinfou0_ 
    where
        salesinfou0_.id=?
Hibernate: 
    select
        clothesinf0_.id as id1_2_0_,
        clothesinf0_.categoryl as category2_2_0_,
        clothesinf0_.categorys as category3_2_0_,
        clothesinf0_.fit as fit4_2_0_,
        clothesinf0_.length as length5_2_0_ 
    from
        clothes_info clothesinf0_ 
    where
        clothesinf0_.id=?
Hibernate: 
    select
        materials0_.id as id1_5_0_,
        materials0_.name as name2_5_0_ 
    from
        materials materials0_ 
    where
        materials0_.name=?
Hibernate: 
    select
        style0_.id as id1_14_0_,
        style0_.name as name2_14_0_ 
    from
        style style0_ 
    where
        style0_.name=?
Hibernate: 
    select
        salesinfoc0_.id as id1_9_0_,
        salesinfoc0_.clothes_brand as clothes_2_9_0_,
        salesinfoc0_.clothes_color as clothes_3_9_0_,
        salesinfoc0_.clothes_gender as clothes_4_9_0_,
        salesinfoc0_.clothes_size as clothes_5_9_0_ 
    from
        sales_info_clothes salesinfoc0_ 
    where
        salesinfoc0_.id=?
Hibernate: 
    select
        salesinfos0_.id as id1_10_0_,
        salesinfos0_.status_score as status_s2_10_0_,
        salesinfos0_.status_tag as status_t3_10_0_,
        salesinfos0_.status_times as status_t4_10_0_,
        salesinfos0_.status_when2buy as status_w5_10_0_,
        salesinfos0_.transport as transpor6_10_0_ 
    from
        sales_info_status salesinfos0_ 
    where
        salesinfos0_.id=?
Hibernate: 
    select
        salesinfou0_.id as id1_11_0_,
        salesinfou0_.user_height as user_hei2_11_0_,
        salesinfou0_.user_size as user_siz3_11_0_,
        salesinfou0_.user_weight as user_wei4_11_0_ 
    from
        sales_info_user salesinfou0_ 
    where
        salesinfou0_.id=?
Hibernate: 
    select
        clothesinf0_.id as id1_2_0_,
        clothesinf0_.categoryl as category2_2_0_,
        clothesinf0_.categorys as category3_2_0_,
        clothesinf0_.fit as fit4_2_0_,
        clothesinf0_.length as length5_2_0_ 
    from
        clothes_info clothesinf0_ 
    where
        clothesinf0_.id=?
Hibernate: 
    select
        colors0_.id as id1_4_0_,
        colors0_.name as name2_4_0_ 
    from
        colors colors0_ 
    where
        colors0_.name=?
Hibernate: 
    select
        clothesima0_.id as id1_3_,
        clothesima0_.closets_post_id as closets_4_3_,
        clothesima0_.path as path2_3_,
        clothesima0_.stores_post_id as stores_p5_3_,
        clothesima0_.type as type3_3_ 
    from
        clothes_image clothesima0_
Hibernate: 
    select
        stores0_.id as id1_12_0_,
        stores0_.created_date as created_2_12_0_,
        stores0_.modified_date as modified3_12_0_,
        stores0_.author_id as author_i9_12_0_,
        stores0_.clothes_info_id as clothes10_12_0_,
        stores0_.colors_name as colors_11_12_0_,
        stores0_.materials_name as materia12_12_0_,
        stores0_.style_name as style_n13_12_0_,
        stores0_.clothes_length as clothes_4_12_0_,
        stores0_.content as content5_12_0_,
        stores0_.price as price6_12_0_,
        stores0_.sales_info_clothes_id as sales_i14_12_0_,
        stores0_.sales_info_status_id as sales_i15_12_0_,
        stores0_.sales_info_user_id as sales_i16_12_0_,
        stores0_.status as status7_12_0_,
        stores0_.title as title8_12_0_,
        members1_.id as id1_6_1_,
        members1_.email as email2_6_1_,
        members1_.image as image3_6_1_,
        members1_.name as name4_6_1_,
        members1_.nickname as nickname5_6_1_,
        members1_.password as password6_6_1_,
        members1_.phone as phone7_6_1_,
        members1_.refresh_token as refresh_8_6_1_,
        members1_.role as role9_6_1_,
        clothesinf2_.id as id1_2_2_,
        clothesinf2_.categoryl as category2_2_2_,
        clothesinf2_.categorys as category3_2_2_,
        clothesinf2_.fit as fit4_2_2_,
        clothesinf2_.length as length5_2_2_,
        colors3_.id as id1_4_3_,
        colors3_.name as name2_4_3_,
        materials4_.id as id1_5_4_,
        materials4_.name as name2_5_4_,
        style5_.id as id1_14_5_,
        style5_.name as name2_14_5_,
        salesinfoc6_.id as id1_9_6_,
        salesinfoc6_.clothes_brand as clothes_2_9_6_,
        salesinfoc6_.clothes_color as clothes_3_9_6_,
        salesinfoc6_.clothes_gender as clothes_4_9_6_,
        salesinfoc6_.clothes_size as clothes_5_9_6_,
        salesinfos7_.id as id1_10_7_,
        salesinfos7_.status_score as status_s2_10_7_,
        salesinfos7_.status_tag as status_t3_10_7_,
        salesinfos7_.status_times as status_t4_10_7_,
        salesinfos7_.status_when2buy as status_w5_10_7_,
        salesinfos7_.transport as transpor6_10_7_,
        salesinfou8_.id as id1_11_8_,
        salesinfou8_.user_height as user_hei2_11_8_,
        salesinfou8_.user_size as user_siz3_11_8_,
        salesinfou8_.user_weight as user_wei4_11_8_ 
    from
        stores stores0_ 
    left outer join
        members members1_ 
            on stores0_.author_id=members1_.id 
    left outer join
        clothes_info clothesinf2_ 
            on stores0_.clothes_info_id=clothesinf2_.id 
    left outer join
        colors colors3_ 
            on stores0_.colors_name=colors3_.name 
    left outer join
        materials materials4_ 
            on stores0_.materials_name=materials4_.name 
    left outer join
        style style5_ 
            on stores0_.style_name=style5_.name 
    left outer join
        sales_info_clothes salesinfoc6_ 
            on stores0_.sales_info_clothes_id=salesinfoc6_.id 
    left outer join
        sales_info_status salesinfos7_ 
            on stores0_.sales_info_status_id=salesinfos7_.id 
    left outer join
        sales_info_user salesinfou8_ 
            on stores0_.sales_info_user_id=salesinfou8_.id 
    where
        stores0_.id=?
Hibernate: 
    select
        stores0_.id as id1_12_0_,
        stores0_.created_date as created_2_12_0_,
        stores0_.modified_date as modified3_12_0_,
        stores0_.author_id as author_i9_12_0_,
        stores0_.clothes_info_id as clothes10_12_0_,
        stores0_.colors_name as colors_11_12_0_,
        stores0_.materials_name as materia12_12_0_,
        stores0_.style_name as style_n13_12_0_,
        stores0_.clothes_length as clothes_4_12_0_,
        stores0_.content as content5_12_0_,
        stores0_.price as price6_12_0_,
        stores0_.sales_info_clothes_id as sales_i14_12_0_,
        stores0_.sales_info_status_id as sales_i15_12_0_,
        stores0_.sales_info_user_id as sales_i16_12_0_,
        stores0_.status as status7_12_0_,
        stores0_.title as title8_12_0_,
        members1_.id as id1_6_1_,
        members1_.email as email2_6_1_,
        members1_.image as image3_6_1_,
        members1_.name as name4_6_1_,
        members1_.nickname as nickname5_6_1_,
        members1_.password as password6_6_1_,
        members1_.phone as phone7_6_1_,
        members1_.refresh_token as refresh_8_6_1_,
        members1_.role as role9_6_1_,
        clothesinf2_.id as id1_2_2_,
        clothesinf2_.categoryl as category2_2_2_,
        clothesinf2_.categorys as category3_2_2_,
        clothesinf2_.fit as fit4_2_2_,
        clothesinf2_.length as length5_2_2_,
        colors3_.id as id1_4_3_,
        colors3_.name as name2_4_3_,
        materials4_.id as id1_5_4_,
        materials4_.name as name2_5_4_,
        style5_.id as id1_14_5_,
        style5_.name as name2_14_5_,
        salesinfoc6_.id as id1_9_6_,
        salesinfoc6_.clothes_brand as clothes_2_9_6_,
        salesinfoc6_.clothes_color as clothes_3_9_6_,
        salesinfoc6_.clothes_gender as clothes_4_9_6_,
        salesinfoc6_.clothes_size as clothes_5_9_6_,
        salesinfos7_.id as id1_10_7_,
        salesinfos7_.status_score as status_s2_10_7_,
        salesinfos7_.status_tag as status_t3_10_7_,
        salesinfos7_.status_times as status_t4_10_7_,
        salesinfos7_.status_when2buy as status_w5_10_7_,
        salesinfos7_.transport as transpor6_10_7_,
        salesinfou8_.id as id1_11_8_,
        salesinfou8_.user_height as user_hei2_11_8_,
        salesinfou8_.user_size as user_siz3_11_8_,
        salesinfou8_.user_weight as user_wei4_11_8_ 
    from
        stores stores0_ 
    left outer join
        members members1_ 
            on stores0_.author_id=members1_.id 
    left outer join
        clothes_info clothesinf2_ 
            on stores0_.clothes_info_id=clothesinf2_.id 
    left outer join
        colors colors3_ 
            on stores0_.colors_name=colors3_.name 
    left outer join
        materials materials4_ 
            on stores0_.materials_name=materials4_.name 
    left outer join
        style style5_ 
            on stores0_.style_name=style5_.name 
    left outer join
        sales_info_clothes salesinfoc6_ 
            on stores0_.sales_info_clothes_id=salesinfoc6_.id 
    left outer join
        sales_info_status salesinfos7_ 
            on stores0_.sales_info_status_id=salesinfos7_.id 
    left outer join
        sales_info_user salesinfou8_ 
            on stores0_.sales_info_user_id=salesinfou8_.id 
    where
        stores0_.id=?
Hibernate: 
    select
        stores0_.id as id1_12_0_,
        stores0_.created_date as created_2_12_0_,
        stores0_.modified_date as modified3_12_0_,
        stores0_.author_id as author_i9_12_0_,
        stores0_.clothes_info_id as clothes10_12_0_,
        stores0_.colors_name as colors_11_12_0_,
        stores0_.materials_name as materia12_12_0_,
        stores0_.style_name as style_n13_12_0_,
        stores0_.clothes_length as clothes_4_12_0_,
        stores0_.content as content5_12_0_,
        stores0_.price as price6_12_0_,
        stores0_.sales_info_clothes_id as sales_i14_12_0_,
        stores0_.sales_info_status_id as sales_i15_12_0_,
        stores0_.sales_info_user_id as sales_i16_12_0_,
        stores0_.status as status7_12_0_,
        stores0_.title as title8_12_0_,
        members1_.id as id1_6_1_,
        members1_.email as email2_6_1_,
        members1_.image as image3_6_1_,
        members1_.name as name4_6_1_,
        members1_.nickname as nickname5_6_1_,
        members1_.password as password6_6_1_,
        members1_.phone as phone7_6_1_,
        members1_.refresh_token as refresh_8_6_1_,
        members1_.role as role9_6_1_,
        clothesinf2_.id as id1_2_2_,
        clothesinf2_.categoryl as category2_2_2_,
        clothesinf2_.categorys as category3_2_2_,
        clothesinf2_.fit as fit4_2_2_,
        clothesinf2_.length as length5_2_2_,
        colors3_.id as id1_4_3_,
        colors3_.name as name2_4_3_,
        materials4_.id as id1_5_4_,
        materials4_.name as name2_5_4_,
        style5_.id as id1_14_5_,
        style5_.name as name2_14_5_,
        salesinfoc6_.id as id1_9_6_,
        salesinfoc6_.clothes_brand as clothes_2_9_6_,
        salesinfoc6_.clothes_color as clothes_3_9_6_,
        salesinfoc6_.clothes_gender as clothes_4_9_6_,
        salesinfoc6_.clothes_size as clothes_5_9_6_,
        salesinfos7_.id as id1_10_7_,
        salesinfos7_.status_score as status_s2_10_7_,
        salesinfos7_.status_tag as status_t3_10_7_,
        salesinfos7_.status_times as status_t4_10_7_,
        salesinfos7_.status_when2buy as status_w5_10_7_,
        salesinfos7_.transport as transpor6_10_7_,
        salesinfou8_.id as id1_11_8_,
        salesinfou8_.user_height as user_hei2_11_8_,
        salesinfou8_.user_size as user_siz3_11_8_,
        salesinfou8_.user_weight as user_wei4_11_8_ 
    from
        stores stores0_ 
    left outer join
        members members1_ 
            on stores0_.author_id=members1_.id 
    left outer join
        clothes_info clothesinf2_ 
            on stores0_.clothes_info_id=clothesinf2_.id 
    left outer join
        colors colors3_ 
            on stores0_.colors_name=colors3_.name 
    left outer join
        materials materials4_ 
            on stores0_.materials_name=materials4_.name 
    left outer join
        style style5_ 
            on stores0_.style_name=style5_.name 
    left outer join
        sales_info_clothes salesinfoc6_ 
            on stores0_.sales_info_clothes_id=salesinfoc6_.id 
    left outer join
        sales_info_status salesinfos7_ 
            on stores0_.sales_info_status_id=salesinfos7_.id 
    left outer join
        sales_info_user salesinfou8_ 
            on stores0_.sales_info_user_id=salesinfou8_.id 
    where
        stores0_.id=?
Hibernate: 
    select
        stores0_.id as id1_12_0_,
        stores0_.created_date as created_2_12_0_,
        stores0_.modified_date as modified3_12_0_,
        stores0_.author_id as author_i9_12_0_,
        stores0_.clothes_info_id as clothes10_12_0_,
        stores0_.colors_name as colors_11_12_0_,
        stores0_.materials_name as materia12_12_0_,
        stores0_.style_name as style_n13_12_0_,
        stores0_.clothes_length as clothes_4_12_0_,
        stores0_.content as content5_12_0_,
        stores0_.price as price6_12_0_,
        stores0_.sales_info_clothes_id as sales_i14_12_0_,
        stores0_.sales_info_status_id as sales_i15_12_0_,
        stores0_.sales_info_user_id as sales_i16_12_0_,
        stores0_.status as status7_12_0_,
        stores0_.title as title8_12_0_,
        members1_.id as id1_6_1_,
        members1_.email as email2_6_1_,
        members1_.image as image3_6_1_,
        members1_.name as name4_6_1_,
        members1_.nickname as nickname5_6_1_,
        members1_.password as password6_6_1_,
        members1_.phone as phone7_6_1_,
        members1_.refresh_token as refresh_8_6_1_,
        members1_.role as role9_6_1_,
        clothesinf2_.id as id1_2_2_,
        clothesinf2_.categoryl as category2_2_2_,
        clothesinf2_.categorys as category3_2_2_,
        clothesinf2_.fit as fit4_2_2_,
        clothesinf2_.length as length5_2_2_,
        colors3_.id as id1_4_3_,
        colors3_.name as name2_4_3_,
        materials4_.id as id1_5_4_,
        materials4_.name as name2_5_4_,
        style5_.id as id1_14_5_,
        style5_.name as name2_14_5_,
        salesinfoc6_.id as id1_9_6_,
        salesinfoc6_.clothes_brand as clothes_2_9_6_,
        salesinfoc6_.clothes_color as clothes_3_9_6_,
        salesinfoc6_.clothes_gender as clothes_4_9_6_,
        salesinfoc6_.clothes_size as clothes_5_9_6_,
        salesinfos7_.id as id1_10_7_,
        salesinfos7_.status_score as status_s2_10_7_,
        salesinfos7_.status_tag as status_t3_10_7_,
        salesinfos7_.status_times as status_t4_10_7_,
        salesinfos7_.status_when2buy as status_w5_10_7_,
        salesinfos7_.transport as transpor6_10_7_,
        salesinfou8_.id as id1_11_8_,
        salesinfou8_.user_height as user_hei2_11_8_,
        salesinfou8_.user_size as user_siz3_11_8_,
        salesinfou8_.user_weight as user_wei4_11_8_ 
    from
        stores stores0_ 
    left outer join
        members members1_ 
            on stores0_.author_id=members1_.id 
    left outer join
        clothes_info clothesinf2_ 
            on stores0_.clothes_info_id=clothesinf2_.id 
    left outer join
        colors colors3_ 
            on stores0_.colors_name=colors3_.name 
    left outer join
        materials materials4_ 
            on stores0_.materials_name=materials4_.name 
    left outer join
        style style5_ 
            on stores0_.style_name=style5_.name 
    left outer join
        sales_info_clothes salesinfoc6_ 
            on stores0_.sales_info_clothes_id=salesinfoc6_.id 
    left outer join
        sales_info_status salesinfos7_ 
            on stores0_.sales_info_status_id=salesinfos7_.id 
    left outer join
        sales_info_user salesinfou8_ 
            on stores0_.sales_info_user_id=salesinfou8_.id 
    where
        stores0_.id=?
Hibernate: 
    select
        stores0_.id as id1_12_0_,
        stores0_.created_date as created_2_12_0_,
        stores0_.modified_date as modified3_12_0_,
        stores0_.author_id as author_i9_12_0_,
        stores0_.clothes_info_id as clothes10_12_0_,
        stores0_.colors_name as colors_11_12_0_,
        stores0_.materials_name as materia12_12_0_,
        stores0_.style_name as style_n13_12_0_,
        stores0_.clothes_length as clothes_4_12_0_,
        stores0_.content as content5_12_0_,
        stores0_.price as price6_12_0_,
        stores0_.sales_info_clothes_id as sales_i14_12_0_,
        stores0_.sales_info_status_id as sales_i15_12_0_,
        stores0_.sales_info_user_id as sales_i16_12_0_,
        stores0_.status as status7_12_0_,
        stores0_.title as title8_12_0_,
        members1_.id as id1_6_1_,
        members1_.email as email2_6_1_,
        members1_.image as image3_6_1_,
        members1_.name as name4_6_1_,
        members1_.nickname as nickname5_6_1_,
        members1_.password as password6_6_1_,
        members1_.phone as phone7_6_1_,
        members1_.refresh_token as refresh_8_6_1_,
        members1_.role as role9_6_1_,
        clothesinf2_.id as id1_2_2_,
        clothesinf2_.categoryl as category2_2_2_,
        clothesinf2_.categorys as category3_2_2_,
        clothesinf2_.fit as fit4_2_2_,
        clothesinf2_.length as length5_2_2_,
        colors3_.id as id1_4_3_,
        colors3_.name as name2_4_3_,
        materials4_.id as id1_5_4_,
        materials4_.name as name2_5_4_,
        style5_.id as id1_14_5_,
        style5_.name as name2_14_5_,
        salesinfoc6_.id as id1_9_6_,
        salesinfoc6_.clothes_brand as clothes_2_9_6_,
        salesinfoc6_.clothes_color as clothes_3_9_6_,
        salesinfoc6_.clothes_gender as clothes_4_9_6_,
        salesinfoc6_.clothes_size as clothes_5_9_6_,
        salesinfos7_.id as id1_10_7_,
        salesinfos7_.status_score as status_s2_10_7_,
        salesinfos7_.status_tag as status_t3_10_7_,
        salesinfos7_.status_times as status_t4_10_7_,
        salesinfos7_.status_when2buy as status_w5_10_7_,
        salesinfos7_.transport as transpor6_10_7_,
        salesinfou8_.id as id1_11_8_,
        salesinfou8_.user_height as user_hei2_11_8_,
        salesinfou8_.user_size as user_siz3_11_8_,
        salesinfou8_.user_weight as user_wei4_11_8_ 
    from
        stores stores0_ 
    left outer join
        members members1_ 
            on stores0_.author_id=members1_.id 
    left outer join
        clothes_info clothesinf2_ 
            on stores0_.clothes_info_id=clothesinf2_.id 
    left outer join
        colors colors3_ 
            on stores0_.colors_name=colors3_.name 
    left outer join
        materials materials4_ 
            on stores0_.materials_name=materials4_.name 
    left outer join
        style style5_ 
            on stores0_.style_name=style5_.name 
    left outer join
        sales_info_clothes salesinfoc6_ 
            on stores0_.sales_info_clothes_id=salesinfoc6_.id 
    left outer join
        sales_info_status salesinfos7_ 
            on stores0_.sales_info_status_id=salesinfos7_.id 
    left outer join
        sales_info_user salesinfou8_ 
            on stores0_.sales_info_user_id=salesinfou8_.id 
    where
        stores0_.id=?
Hibernate: 
    select
        stores0_.id as id1_12_0_,
        stores0_.created_date as created_2_12_0_,
        stores0_.modified_date as modified3_12_0_,
        stores0_.author_id as author_i9_12_0_,
        stores0_.clothes_info_id as clothes10_12_0_,
        stores0_.colors_name as colors_11_12_0_,
        stores0_.materials_name as materia12_12_0_,
        stores0_.style_name as style_n13_12_0_,
        stores0_.clothes_length as clothes_4_12_0_,
        stores0_.content as content5_12_0_,
        stores0_.price as price6_12_0_,
        stores0_.sales_info_clothes_id as sales_i14_12_0_,
        stores0_.sales_info_status_id as sales_i15_12_0_,
        stores0_.sales_info_user_id as sales_i16_12_0_,
        stores0_.status as status7_12_0_,
        stores0_.title as title8_12_0_,
        members1_.id as id1_6_1_,
        members1_.email as email2_6_1_,
        members1_.image as image3_6_1_,
        members1_.name as name4_6_1_,
        members1_.nickname as nickname5_6_1_,
        members1_.password as password6_6_1_,
        members1_.phone as phone7_6_1_,
        members1_.refresh_token as refresh_8_6_1_,
        members1_.role as role9_6_1_,
        clothesinf2_.id as id1_2_2_,
        clothesinf2_.categoryl as category2_2_2_,
        clothesinf2_.categorys as category3_2_2_,
        clothesinf2_.fit as fit4_2_2_,
        clothesinf2_.length as length5_2_2_,
        colors3_.id as id1_4_3_,
        colors3_.name as name2_4_3_,
        materials4_.id as id1_5_4_,
        materials4_.name as name2_5_4_,
        style5_.id as id1_14_5_,
        style5_.name as name2_14_5_,
        salesinfoc6_.id as id1_9_6_,
        salesinfoc6_.clothes_brand as clothes_2_9_6_,
        salesinfoc6_.clothes_color as clothes_3_9_6_,
        salesinfoc6_.clothes_gender as clothes_4_9_6_,
        salesinfoc6_.clothes_size as clothes_5_9_6_,
        salesinfos7_.id as id1_10_7_,
        salesinfos7_.status_score as status_s2_10_7_,
        salesinfos7_.status_tag as status_t3_10_7_,
        salesinfos7_.status_times as status_t4_10_7_,
        salesinfos7_.status_when2buy as status_w5_10_7_,
        salesinfos7_.transport as transpor6_10_7_,
        salesinfou8_.id as id1_11_8_,
        salesinfou8_.user_height as user_hei2_11_8_,
        salesinfou8_.user_size as user_siz3_11_8_,
        salesinfou8_.user_weight as user_wei4_11_8_ 
    from
        stores stores0_ 
    left outer join
        members members1_ 
            on stores0_.author_id=members1_.id 
    left outer join
        clothes_info clothesinf2_ 
            on stores0_.clothes_info_id=clothesinf2_.id 
    left outer join
        colors colors3_ 
            on stores0_.colors_name=colors3_.name 
    left outer join
        materials materials4_ 
            on stores0_.materials_name=materials4_.name 
    left outer join
        style style5_ 
            on stores0_.style_name=style5_.name 
    left outer join
        sales_info_clothes salesinfoc6_ 
            on stores0_.sales_info_clothes_id=salesinfoc6_.id 
    left outer join
        sales_info_status salesinfos7_ 
            on stores0_.sales_info_status_id=salesinfos7_.id 
    left outer join
        sales_info_user salesinfou8_ 
            on stores0_.sales_info_user_id=salesinfou8_.id 
    where
        stores0_.id=?
Hibernate: 
    select
        stores0_.id as id1_12_0_,
        stores0_.created_date as created_2_12_0_,
        stores0_.modified_date as modified3_12_0_,
        stores0_.author_id as author_i9_12_0_,
        stores0_.clothes_info_id as clothes10_12_0_,
        stores0_.colors_name as colors_11_12_0_,
        stores0_.materials_name as materia12_12_0_,
        stores0_.style_name as style_n13_12_0_,
        stores0_.clothes_length as clothes_4_12_0_,
        stores0_.content as content5_12_0_,
        stores0_.price as price6_12_0_,
        stores0_.sales_info_clothes_id as sales_i14_12_0_,
        stores0_.sales_info_status_id as sales_i15_12_0_,
        stores0_.sales_info_user_id as sales_i16_12_0_,
        stores0_.status as status7_12_0_,
        stores0_.title as title8_12_0_,
        members1_.id as id1_6_1_,
        members1_.email as email2_6_1_,
        members1_.image as image3_6_1_,
        members1_.name as name4_6_1_,
        members1_.nickname as nickname5_6_1_,
        members1_.password as password6_6_1_,
        members1_.phone as phone7_6_1_,
        members1_.refresh_token as refresh_8_6_1_,
        members1_.role as role9_6_1_,
        clothesinf2_.id as id1_2_2_,
        clothesinf2_.categoryl as category2_2_2_,
        clothesinf2_.categorys as category3_2_2_,
        clothesinf2_.fit as fit4_2_2_,
        clothesinf2_.length as length5_2_2_,
        colors3_.id as id1_4_3_,
        colors3_.name as name2_4_3_,
        materials4_.id as id1_5_4_,
        materials4_.name as name2_5_4_,
        style5_.id as id1_14_5_,
        style5_.name as name2_14_5_,
        salesinfoc6_.id as id1_9_6_,
        salesinfoc6_.clothes_brand as clothes_2_9_6_,
        salesinfoc6_.clothes_color as clothes_3_9_6_,
        salesinfoc6_.clothes_gender as clothes_4_9_6_,
        salesinfoc6_.clothes_size as clothes_5_9_6_,
        salesinfos7_.id as id1_10_7_,
        salesinfos7_.status_score as status_s2_10_7_,
        salesinfos7_.status_tag as status_t3_10_7_,
        salesinfos7_.status_times as status_t4_10_7_,
        salesinfos7_.status_when2buy as status_w5_10_7_,
        salesinfos7_.transport as transpor6_10_7_,
        salesinfou8_.id as id1_11_8_,
        salesinfou8_.user_height as user_hei2_11_8_,
        salesinfou8_.user_size as user_siz3_11_8_,
        salesinfou8_.user_weight as user_wei4_11_8_ 
    from
        stores stores0_ 
    left outer join
        members members1_ 
            on stores0_.author_id=members1_.id 
    left outer join
        clothes_info clothesinf2_ 
            on stores0_.clothes_info_id=clothesinf2_.id 
    left outer join
        colors colors3_ 
            on stores0_.colors_name=colors3_.name 
    left outer join
        materials materials4_ 
            on stores0_.materials_name=materials4_.name 
    left outer join
        style style5_ 
            on stores0_.style_name=style5_.name 
    left outer join
        sales_info_clothes salesinfoc6_ 
            on stores0_.sales_info_clothes_id=salesinfoc6_.id 
    left outer join
        sales_info_status salesinfos7_ 
            on stores0_.sales_info_status_id=salesinfos7_.id 
    left outer join
        sales_info_user salesinfou8_ 
            on stores0_.sales_info_user_id=salesinfou8_.id 
    where
        stores0_.id=?
Hibernate: 
    select
        stores0_.id as id1_12_0_,
        stores0_.created_date as created_2_12_0_,
        stores0_.modified_date as modified3_12_0_,
        stores0_.author_id as author_i9_12_0_,
        stores0_.clothes_info_id as clothes10_12_0_,
        stores0_.colors_name as colors_11_12_0_,
        stores0_.materials_name as materia12_12_0_,
        stores0_.style_name as style_n13_12_0_,
        stores0_.clothes_length as clothes_4_12_0_,
        stores0_.content as content5_12_0_,
        stores0_.price as price6_12_0_,
        stores0_.sales_info_clothes_id as sales_i14_12_0_,
        stores0_.sales_info_status_id as sales_i15_12_0_,
        stores0_.sales_info_user_id as sales_i16_12_0_,
        stores0_.status as status7_12_0_,
        stores0_.title as title8_12_0_,
        members1_.id as id1_6_1_,
        members1_.email as email2_6_1_,
        members1_.image as image3_6_1_,
        members1_.name as name4_6_1_,
        members1_.nickname as nickname5_6_1_,
        members1_.password as password6_6_1_,
        members1_.phone as phone7_6_1_,
        members1_.refresh_token as refresh_8_6_1_,
        members1_.role as role9_6_1_,
        clothesinf2_.id as id1_2_2_,
        clothesinf2_.categoryl as category2_2_2_,
        clothesinf2_.categorys as category3_2_2_,
        clothesinf2_.fit as fit4_2_2_,
        clothesinf2_.length as length5_2_2_,
        colors3_.id as id1_4_3_,
        colors3_.name as name2_4_3_,
        materials4_.id as id1_5_4_,
        materials4_.name as name2_5_4_,
        style5_.id as id1_14_5_,
        style5_.name as name2_14_5_,
        salesinfoc6_.id as id1_9_6_,
        salesinfoc6_.clothes_brand as clothes_2_9_6_,
        salesinfoc6_.clothes_color as clothes_3_9_6_,
        salesinfoc6_.clothes_gender as clothes_4_9_6_,
        salesinfoc6_.clothes_size as clothes_5_9_6_,
        salesinfos7_.id as id1_10_7_,
        salesinfos7_.status_score as status_s2_10_7_,
        salesinfos7_.status_tag as status_t3_10_7_,
        salesinfos7_.status_times as status_t4_10_7_,
        salesinfos7_.status_when2buy as status_w5_10_7_,
        salesinfos7_.transport as transpor6_10_7_,
        salesinfou8_.id as id1_11_8_,
        salesinfou8_.user_height as user_hei2_11_8_,
        salesinfou8_.user_size as user_siz3_11_8_,
        salesinfou8_.user_weight as user_wei4_11_8_ 
    from
        stores stores0_ 
    left outer join
        members members1_ 
            on stores0_.author_id=members1_.id 
    left outer join
        clothes_info clothesinf2_ 
            on stores0_.clothes_info_id=clothesinf2_.id 
    left outer join
        colors colors3_ 
            on stores0_.colors_name=colors3_.name 
    left outer join
        materials materials4_ 
            on stores0_.materials_name=materials4_.name 
    left outer join
        style style5_ 
            on stores0_.style_name=style5_.name 
    left outer join
        sales_info_clothes salesinfoc6_ 
            on stores0_.sales_info_clothes_id=salesinfoc6_.id 
    left outer join
        sales_info_status salesinfos7_ 
            on stores0_.sales_info_status_id=salesinfos7_.id 
    left outer join
        sales_info_user salesinfou8_ 
            on stores0_.sales_info_user_id=salesinfou8_.id 
    where
        stores0_.id=?
Hibernate: 
    select
        stores0_.id as id1_12_0_,
        stores0_.created_date as created_2_12_0_,
        stores0_.modified_date as modified3_12_0_,
        stores0_.author_id as author_i9_12_0_,
        stores0_.clothes_info_id as clothes10_12_0_,
        stores0_.colors_name as colors_11_12_0_,
        stores0_.materials_name as materia12_12_0_,
        stores0_.style_name as style_n13_12_0_,
        stores0_.clothes_length as clothes_4_12_0_,
        stores0_.content as content5_12_0_,
        stores0_.price as price6_12_0_,
        stores0_.sales_info_clothes_id as sales_i14_12_0_,
        stores0_.sales_info_status_id as sales_i15_12_0_,
        stores0_.sales_info_user_id as sales_i16_12_0_,
        stores0_.status as status7_12_0_,
        stores0_.title as title8_12_0_,
        members1_.id as id1_6_1_,
        members1_.email as email2_6_1_,
        members1_.image as image3_6_1_,
        members1_.name as name4_6_1_,
        members1_.nickname as nickname5_6_1_,
        members1_.password as password6_6_1_,
        members1_.phone as phone7_6_1_,
        members1_.refresh_token as refresh_8_6_1_,
        members1_.role as role9_6_1_,
        clothesinf2_.id as id1_2_2_,
        clothesinf2_.categoryl as category2_2_2_,
        clothesinf2_.categorys as category3_2_2_,
        clothesinf2_.fit as fit4_2_2_,
        clothesinf2_.length as length5_2_2_,
        colors3_.id as id1_4_3_,
        colors3_.name as name2_4_3_,
        materials4_.id as id1_5_4_,
        materials4_.name as name2_5_4_,
        style5_.id as id1_14_5_,
        style5_.name as name2_14_5_,
        salesinfoc6_.id as id1_9_6_,
        salesinfoc6_.clothes_brand as clothes_2_9_6_,
        salesinfoc6_.clothes_color as clothes_3_9_6_,
        salesinfoc6_.clothes_gender as clothes_4_9_6_,
        salesinfoc6_.clothes_size as clothes_5_9_6_,
        salesinfos7_.id as id1_10_7_,
        salesinfos7_.status_score as status_s2_10_7_,
        salesinfos7_.status_tag as status_t3_10_7_,
        salesinfos7_.status_times as status_t4_10_7_,
        salesinfos7_.status_when2buy as status_w5_10_7_,
        salesinfos7_.transport as transpor6_10_7_,
        salesinfou8_.id as id1_11_8_,
        salesinfou8_.user_height as user_hei2_11_8_,
        salesinfou8_.user_size as user_siz3_11_8_,
        salesinfou8_.user_weight as user_wei4_11_8_ 
    from
        stores stores0_ 
    left outer join
        members members1_ 
            on stores0_.author_id=members1_.id 
    left outer join
        clothes_info clothesinf2_ 
            on stores0_.clothes_info_id=clothesinf2_.id 
    left outer join
        colors colors3_ 
            on stores0_.colors_name=colors3_.name 
    left outer join
        materials materials4_ 
            on stores0_.materials_name=materials4_.name 
    left outer join
        style style5_ 
            on stores0_.style_name=style5_.name 
    left outer join
        sales_info_clothes salesinfoc6_ 
            on stores0_.sales_info_clothes_id=salesinfoc6_.id 
    left outer join
        sales_info_status salesinfos7_ 
            on stores0_.sales_info_status_id=salesinfos7_.id 
    left outer join
        sales_info_user salesinfou8_ 
            on stores0_.sales_info_user_id=salesinfou8_.id 
    where
        stores0_.id=?
Hibernate: 
    select
        stores0_.id as id1_12_0_,
        stores0_.created_date as created_2_12_0_,
        stores0_.modified_date as modified3_12_0_,
        stores0_.author_id as author_i9_12_0_,
        stores0_.clothes_info_id as clothes10_12_0_,
        stores0_.colors_name as colors_11_12_0_,
        stores0_.materials_name as materia12_12_0_,
        stores0_.style_name as style_n13_12_0_,
        stores0_.clothes_length as clothes_4_12_0_,
        stores0_.content as content5_12_0_,
        stores0_.price as price6_12_0_,
        stores0_.sales_info_clothes_id as sales_i14_12_0_,
        stores0_.sales_info_status_id as sales_i15_12_0_,
        stores0_.sales_info_user_id as sales_i16_12_0_,
        stores0_.status as status7_12_0_,
        stores0_.title as title8_12_0_,
        members1_.id as id1_6_1_,
        members1_.email as email2_6_1_,
        members1_.image as image3_6_1_,
        members1_.name as name4_6_1_,
        members1_.nickname as nickname5_6_1_,
        members1_.password as password6_6_1_,
        members1_.phone as phone7_6_1_,
        members1_.refresh_token as refresh_8_6_1_,
        members1_.role as role9_6_1_,
        clothesinf2_.id as id1_2_2_,
        clothesinf2_.categoryl as category2_2_2_,
        clothesinf2_.categorys as category3_2_2_,
        clothesinf2_.fit as fit4_2_2_,
        clothesinf2_.length as length5_2_2_,
        colors3_.id as id1_4_3_,
        colors3_.name as name2_4_3_,
        materials4_.id as id1_5_4_,
        materials4_.name as name2_5_4_,
        style5_.id as id1_14_5_,
        style5_.name as name2_14_5_,
        salesinfoc6_.id as id1_9_6_,
        salesinfoc6_.clothes_brand as clothes_2_9_6_,
        salesinfoc6_.clothes_color as clothes_3_9_6_,
        salesinfoc6_.clothes_gender as clothes_4_9_6_,
        salesinfoc6_.clothes_size as clothes_5_9_6_,
        salesinfos7_.id as id1_10_7_,
        salesinfos7_.status_score as status_s2_10_7_,
        salesinfos7_.status_tag as status_t3_10_7_,
        salesinfos7_.status_times as status_t4_10_7_,
        salesinfos7_.status_when2buy as status_w5_10_7_,
        salesinfos7_.transport as transpor6_10_7_,
        salesinfou8_.id as id1_11_8_,
        salesinfou8_.user_height as user_hei2_11_8_,
        salesinfou8_.user_size as user_siz3_11_8_,
        salesinfou8_.user_weight as user_wei4_11_8_ 
    from
        stores stores0_ 
    left outer join
        members members1_ 
            on stores0_.author_id=members1_.id 
    left outer join
        clothes_info clothesinf2_ 
            on stores0_.clothes_info_id=clothesinf2_.id 
    left outer join
        colors colors3_ 
            on stores0_.colors_name=colors3_.name 
    left outer join
        materials materials4_ 
            on stores0_.materials_name=materials4_.name 
    left outer join
        style style5_ 
            on stores0_.style_name=style5_.name 
    left outer join
        sales_info_clothes salesinfoc6_ 
            on stores0_.sales_info_clothes_id=salesinfoc6_.id 
    left outer join
        sales_info_status salesinfos7_ 
            on stores0_.sales_info_status_id=salesinfos7_.id 
    left outer join
        sales_info_user salesinfou8_ 
            on stores0_.sales_info_user_id=salesinfou8_.id 
    where
        stores0_.id=?
Hibernate: 
    select
        stores0_.id as id1_12_0_,
        stores0_.created_date as created_2_12_0_,
        stores0_.modified_date as modified3_12_0_,
        stores0_.author_id as author_i9_12_0_,
        stores0_.clothes_info_id as clothes10_12_0_,
        stores0_.colors_name as colors_11_12_0_,
        stores0_.materials_name as materia12_12_0_,
        stores0_.style_name as style_n13_12_0_,
        stores0_.clothes_length as clothes_4_12_0_,
        stores0_.content as content5_12_0_,
        stores0_.price as price6_12_0_,
        stores0_.sales_info_clothes_id as sales_i14_12_0_,
        stores0_.sales_info_status_id as sales_i15_12_0_,
        stores0_.sales_info_user_id as sales_i16_12_0_,
        stores0_.status as status7_12_0_,
        stores0_.title as title8_12_0_,
        members1_.id as id1_6_1_,
        members1_.email as email2_6_1_,
        members1_.image as image3_6_1_,
        members1_.name as name4_6_1_,
        members1_.nickname as nickname5_6_1_,
        members1_.password as password6_6_1_,
        members1_.phone as phone7_6_1_,
        members1_.refresh_token as refresh_8_6_1_,
        members1_.role as role9_6_1_,
        clothesinf2_.id as id1_2_2_,
        clothesinf2_.categoryl as category2_2_2_,
        clothesinf2_.categorys as category3_2_2_,
        clothesinf2_.fit as fit4_2_2_,
        clothesinf2_.length as length5_2_2_,
        colors3_.id as id1_4_3_,
        colors3_.name as name2_4_3_,
        materials4_.id as id1_5_4_,
        materials4_.name as name2_5_4_,
        style5_.id as id1_14_5_,
        style5_.name as name2_14_5_,
        salesinfoc6_.id as id1_9_6_,
        salesinfoc6_.clothes_brand as clothes_2_9_6_,
        salesinfoc6_.clothes_color as clothes_3_9_6_,
        salesinfoc6_.clothes_gender as clothes_4_9_6_,
        salesinfoc6_.clothes_size as clothes_5_9_6_,
        salesinfos7_.id as id1_10_7_,
        salesinfos7_.status_score as status_s2_10_7_,
        salesinfos7_.status_tag as status_t3_10_7_,
        salesinfos7_.status_times as status_t4_10_7_,
        salesinfos7_.status_when2buy as status_w5_10_7_,
        salesinfos7_.transport as transpor6_10_7_,
        salesinfou8_.id as id1_11_8_,
        salesinfou8_.user_height as user_hei2_11_8_,
        salesinfou8_.user_size as user_siz3_11_8_,
        salesinfou8_.user_weight as user_wei4_11_8_ 
    from
        stores stores0_ 
    left outer join
        members members1_ 
            on stores0_.author_id=members1_.id 
    left outer join
        clothes_info clothesinf2_ 
            on stores0_.clothes_info_id=clothesinf2_.id 
    left outer join
        colors colors3_ 
            on stores0_.colors_name=colors3_.name 
    left outer join
        materials materials4_ 
            on stores0_.materials_name=materials4_.name 
    left outer join
        style style5_ 
            on stores0_.style_name=style5_.name 
    left outer join
        sales_info_clothes salesinfoc6_ 
            on stores0_.sales_info_clothes_id=salesinfoc6_.id 
    left outer join
        sales_info_status salesinfos7_ 
            on stores0_.sales_info_status_id=salesinfos7_.id 
    left outer join
        sales_info_user salesinfou8_ 
            on stores0_.sales_info_user_id=salesinfou8_.id 
    where
        stores0_.id=?
Hibernate: 
    select
        stores0_.id as id1_12_0_,
        stores0_.created_date as created_2_12_0_,
        stores0_.modified_date as modified3_12_0_,
        stores0_.author_id as author_i9_12_0_,
        stores0_.clothes_info_id as clothes10_12_0_,
        stores0_.colors_name as colors_11_12_0_,
        stores0_.materials_name as materia12_12_0_,
        stores0_.style_name as style_n13_12_0_,
        stores0_.clothes_length as clothes_4_12_0_,
        stores0_.content as content5_12_0_,
        stores0_.price as price6_12_0_,
        stores0_.sales_info_clothes_id as sales_i14_12_0_,
        stores0_.sales_info_status_id as sales_i15_12_0_,
        stores0_.sales_info_user_id as sales_i16_12_0_,
        stores0_.status as status7_12_0_,
        stores0_.title as title8_12_0_,
        members1_.id as id1_6_1_,
        members1_.email as email2_6_1_,
        members1_.image as image3_6_1_,
        members1_.name as name4_6_1_,
        members1_.nickname as nickname5_6_1_,
        members1_.password as password6_6_1_,
        members1_.phone as phone7_6_1_,
        members1_.refresh_token as refresh_8_6_1_,
        members1_.role as role9_6_1_,
        clothesinf2_.id as id1_2_2_,
        clothesinf2_.categoryl as category2_2_2_,
        clothesinf2_.categorys as category3_2_2_,
        clothesinf2_.fit as fit4_2_2_,
        clothesinf2_.length as length5_2_2_,
        colors3_.id as id1_4_3_,
        colors3_.name as name2_4_3_,
        materials4_.id as id1_5_4_,
        materials4_.name as name2_5_4_,
        style5_.id as id1_14_5_,
        style5_.name as name2_14_5_,
        salesinfoc6_.id as id1_9_6_,
        salesinfoc6_.clothes_brand as clothes_2_9_6_,
        salesinfoc6_.clothes_color as clothes_3_9_6_,
        salesinfoc6_.clothes_gender as clothes_4_9_6_,
        salesinfoc6_.clothes_size as clothes_5_9_6_,
        salesinfos7_.id as id1_10_7_,
        salesinfos7_.status_score as status_s2_10_7_,
        salesinfos7_.status_tag as status_t3_10_7_,
        salesinfos7_.status_times as status_t4_10_7_,
        salesinfos7_.status_when2buy as status_w5_10_7_,
        salesinfos7_.transport as transpor6_10_7_,
        salesinfou8_.id as id1_11_8_,
        salesinfou8_.user_height as user_hei2_11_8_,
        salesinfou8_.user_size as user_siz3_11_8_,
        salesinfou8_.user_weight as user_wei4_11_8_ 
    from
        stores stores0_ 
    left outer join
        members members1_ 
            on stores0_.author_id=members1_.id 
    left outer join
        clothes_info clothesinf2_ 
            on stores0_.clothes_info_id=clothesinf2_.id 
    left outer join
        colors colors3_ 
            on stores0_.colors_name=colors3_.name 
    left outer join
        materials materials4_ 
            on stores0_.materials_name=materials4_.name 
    left outer join
        style style5_ 
            on stores0_.style_name=style5_.name 
    left outer join
        sales_info_clothes salesinfoc6_ 
            on stores0_.sales_info_clothes_id=salesinfoc6_.id 
    left outer join
        sales_info_status salesinfos7_ 
            on stores0_.sales_info_status_id=salesinfos7_.id 
    left outer join
        sales_info_user salesinfou8_ 
            on stores0_.sales_info_user_id=salesinfou8_.id 
    where
        stores0_.id=?
Hibernate: 
    select
        stores0_.id as id1_12_0_,
        stores0_.created_date as created_2_12_0_,
        stores0_.modified_date as modified3_12_0_,
        stores0_.author_id as author_i9_12_0_,
        stores0_.clothes_info_id as clothes10_12_0_,
        stores0_.colors_name as colors_11_12_0_,
        stores0_.materials_name as materia12_12_0_,
        stores0_.style_name as style_n13_12_0_,
        stores0_.clothes_length as clothes_4_12_0_,
        stores0_.content as content5_12_0_,
        stores0_.price as price6_12_0_,
        stores0_.sales_info_clothes_id as sales_i14_12_0_,
        stores0_.sales_info_status_id as sales_i15_12_0_,
        stores0_.sales_info_user_id as sales_i16_12_0_,
        stores0_.status as status7_12_0_,
        stores0_.title as title8_12_0_,
        members1_.id as id1_6_1_,
        members1_.email as email2_6_1_,
        members1_.image as image3_6_1_,
        members1_.name as name4_6_1_,
        members1_.nickname as nickname5_6_1_,
        members1_.password as password6_6_1_,
        members1_.phone as phone7_6_1_,
        members1_.refresh_token as refresh_8_6_1_,
        members1_.role as role9_6_1_,
        clothesinf2_.id as id1_2_2_,
        clothesinf2_.categoryl as category2_2_2_,
        clothesinf2_.categorys as category3_2_2_,
        clothesinf2_.fit as fit4_2_2_,
        clothesinf2_.length as length5_2_2_,
        colors3_.id as id1_4_3_,
        colors3_.name as name2_4_3_,
        materials4_.id as id1_5_4_,
        materials4_.name as name2_5_4_,
        style5_.id as id1_14_5_,
        style5_.name as name2_14_5_,
        salesinfoc6_.id as id1_9_6_,
        salesinfoc6_.clothes_brand as clothes_2_9_6_,
        salesinfoc6_.clothes_color as clothes_3_9_6_,
        salesinfoc6_.clothes_gender as clothes_4_9_6_,
        salesinfoc6_.clothes_size as clothes_5_9_6_,
        salesinfos7_.id as id1_10_7_,
        salesinfos7_.status_score as status_s2_10_7_,
        salesinfos7_.status_tag as status_t3_10_7_,
        salesinfos7_.status_times as status_t4_10_7_,
        salesinfos7_.status_when2buy as status_w5_10_7_,
        salesinfos7_.transport as transpor6_10_7_,
        salesinfou8_.id as id1_11_8_,
        salesinfou8_.user_height as user_hei2_11_8_,
        salesinfou8_.user_size as user_siz3_11_8_,
        salesinfou8_.user_weight as user_wei4_11_8_ 
    from
        stores stores0_ 
    left outer join
        members members1_ 
            on stores0_.author_id=members1_.id 
    left outer join
        clothes_info clothesinf2_ 
            on stores0_.clothes_info_id=clothesinf2_.id 
    left outer join
        colors colors3_ 
            on stores0_.colors_name=colors3_.name 
    left outer join
        materials materials4_ 
            on stores0_.materials_name=materials4_.name 
    left outer join
        style style5_ 
            on stores0_.style_name=style5_.name 
    left outer join
        sales_info_clothes salesinfoc6_ 
            on stores0_.sales_info_clothes_id=salesinfoc6_.id 
    left outer join
        sales_info_status salesinfos7_ 
            on stores0_.sales_info_status_id=salesinfos7_.id 
    left outer join
        sales_info_user salesinfou8_ 
            on stores0_.sales_info_user_id=salesinfou8_.id 
    where
        stores0_.id=?
Hibernate: 
    select
        stores0_.id as id1_12_0_,
        stores0_.created_date as created_2_12_0_,
        stores0_.modified_date as modified3_12_0_,
        stores0_.author_id as author_i9_12_0_,
        stores0_.clothes_info_id as clothes10_12_0_,
        stores0_.colors_name as colors_11_12_0_,
        stores0_.materials_name as materia12_12_0_,
        stores0_.style_name as style_n13_12_0_,
        stores0_.clothes_length as clothes_4_12_0_,
        stores0_.content as content5_12_0_,
        stores0_.price as price6_12_0_,
        stores0_.sales_info_clothes_id as sales_i14_12_0_,
        stores0_.sales_info_status_id as sales_i15_12_0_,
        stores0_.sales_info_user_id as sales_i16_12_0_,
        stores0_.status as status7_12_0_,
        stores0_.title as title8_12_0_,
        members1_.id as id1_6_1_,
        members1_.email as email2_6_1_,
        members1_.image as image3_6_1_,
        members1_.name as name4_6_1_,
        members1_.nickname as nickname5_6_1_,
        members1_.password as password6_6_1_,
        members1_.phone as phone7_6_1_,
        members1_.refresh_token as refresh_8_6_1_,
        members1_.role as role9_6_1_,
        clothesinf2_.id as id1_2_2_,
        clothesinf2_.categoryl as category2_2_2_,
        clothesinf2_.categorys as category3_2_2_,
        clothesinf2_.fit as fit4_2_2_,
        clothesinf2_.length as length5_2_2_,
        colors3_.id as id1_4_3_,
        colors3_.name as name2_4_3_,
        materials4_.id as id1_5_4_,
        materials4_.name as name2_5_4_,
        style5_.id as id1_14_5_,
        style5_.name as name2_14_5_,
        salesinfoc6_.id as id1_9_6_,
        salesinfoc6_.clothes_brand as clothes_2_9_6_,
        salesinfoc6_.clothes_color as clothes_3_9_6_,
        salesinfoc6_.clothes_gender as clothes_4_9_6_,
        salesinfoc6_.clothes_size as clothes_5_9_6_,
        salesinfos7_.id as id1_10_7_,
        salesinfos7_.status_score as status_s2_10_7_,
        salesinfos7_.status_tag as status_t3_10_7_,
        salesinfos7_.status_times as status_t4_10_7_,
        salesinfos7_.status_when2buy as status_w5_10_7_,
        salesinfos7_.transport as transpor6_10_7_,
        salesinfou8_.id as id1_11_8_,
        salesinfou8_.user_height as user_hei2_11_8_,
        salesinfou8_.user_size as user_siz3_11_8_,
        salesinfou8_.user_weight as user_wei4_11_8_ 
    from
        stores stores0_ 
    left outer join
        members members1_ 
            on stores0_.author_id=members1_.id 
    left outer join
        clothes_info clothesinf2_ 
            on stores0_.clothes_info_id=clothesinf2_.id 
    left outer join
        colors colors3_ 
            on stores0_.colors_name=colors3_.name 
    left outer join
        materials materials4_ 
            on stores0_.materials_name=materials4_.name 
    left outer join
        style style5_ 
            on stores0_.style_name=style5_.name 
    left outer join
        sales_info_clothes salesinfoc6_ 
            on stores0_.sales_info_clothes_id=salesinfoc6_.id 
    left outer join
        sales_info_status salesinfos7_ 
            on stores0_.sales_info_status_id=salesinfos7_.id 
    left outer join
        sales_info_user salesinfou8_ 
            on stores0_.sales_info_user_id=salesinfou8_.id 
    where
        stores0_.id=?
Hibernate: 
    select
        stores0_.id as id1_12_0_,
        stores0_.created_date as created_2_12_0_,
        stores0_.modified_date as modified3_12_0_,
        stores0_.author_id as author_i9_12_0_,
        stores0_.clothes_info_id as clothes10_12_0_,
        stores0_.colors_name as colors_11_12_0_,
        stores0_.materials_name as materia12_12_0_,
        stores0_.style_name as style_n13_12_0_,
        stores0_.clothes_length as clothes_4_12_0_,
        stores0_.content as content5_12_0_,
        stores0_.price as price6_12_0_,
        stores0_.sales_info_clothes_id as sales_i14_12_0_,
        stores0_.sales_info_status_id as sales_i15_12_0_,
        stores0_.sales_info_user_id as sales_i16_12_0_,
        stores0_.status as status7_12_0_,
        stores0_.title as title8_12_0_,
        members1_.id as id1_6_1_,
        members1_.email as email2_6_1_,
        members1_.image as image3_6_1_,
        members1_.name as name4_6_1_,
        members1_.nickname as nickname5_6_1_,
        members1_.password as password6_6_1_,
        members1_.phone as phone7_6_1_,
        members1_.refresh_token as refresh_8_6_1_,
        members1_.role as role9_6_1_,
        clothesinf2_.id as id1_2_2_,
        clothesinf2_.categoryl as category2_2_2_,
        clothesinf2_.categorys as category3_2_2_,
        clothesinf2_.fit as fit4_2_2_,
        clothesinf2_.length as length5_2_2_,
        colors3_.id as id1_4_3_,
        colors3_.name as name2_4_3_,
        materials4_.id as id1_5_4_,
        materials4_.name as name2_5_4_,
        style5_.id as id1_14_5_,
        style5_.name as name2_14_5_,
        salesinfoc6_.id as id1_9_6_,
        salesinfoc6_.clothes_brand as clothes_2_9_6_,
        salesinfoc6_.clothes_color as clothes_3_9_6_,
        salesinfoc6_.clothes_gender as clothes_4_9_6_,
        salesinfoc6_.clothes_size as clothes_5_9_6_,
        salesinfos7_.id as id1_10_7_,
        salesinfos7_.status_score as status_s2_10_7_,
        salesinfos7_.status_tag as status_t3_10_7_,
        salesinfos7_.status_times as status_t4_10_7_,
        salesinfos7_.status_when2buy as status_w5_10_7_,
        salesinfos7_.transport as transpor6_10_7_,
        salesinfou8_.id as id1_11_8_,
        salesinfou8_.user_height as user_hei2_11_8_,
        salesinfou8_.user_size as user_siz3_11_8_,
        salesinfou8_.user_weight as user_wei4_11_8_ 
    from
        stores stores0_ 
    left outer join
        members members1_ 
            on stores0_.author_id=members1_.id 
    left outer join
        clothes_info clothesinf2_ 
            on stores0_.clothes_info_id=clothesinf2_.id 
    left outer join
        colors colors3_ 
            on stores0_.colors_name=colors3_.name 
    left outer join
        materials materials4_ 
            on stores0_.materials_name=materials4_.name 
    left outer join
        style style5_ 
            on stores0_.style_name=style5_.name 
    left outer join
        sales_info_clothes salesinfoc6_ 
            on stores0_.sales_info_clothes_id=salesinfoc6_.id 
    left outer join
        sales_info_status salesinfos7_ 
            on stores0_.sales_info_status_id=salesinfos7_.id 
    left outer join
        sales_info_user salesinfou8_ 
            on stores0_.sales_info_user_id=salesinfou8_.id 
    where
        stores0_.id=?
Hibernate: 
    select
        stores0_.id as id1_12_0_,
        stores0_.created_date as created_2_12_0_,
        stores0_.modified_date as modified3_12_0_,
        stores0_.author_id as author_i9_12_0_,
        stores0_.clothes_info_id as clothes10_12_0_,
        stores0_.colors_name as colors_11_12_0_,
        stores0_.materials_name as materia12_12_0_,
        stores0_.style_name as style_n13_12_0_,
        stores0_.clothes_length as clothes_4_12_0_,
        stores0_.content as content5_12_0_,
        stores0_.price as price6_12_0_,
        stores0_.sales_info_clothes_id as sales_i14_12_0_,
        stores0_.sales_info_status_id as sales_i15_12_0_,
        stores0_.sales_info_user_id as sales_i16_12_0_,
        stores0_.status as status7_12_0_,
        stores0_.title as title8_12_0_,
        members1_.id as id1_6_1_,
        members1_.email as email2_6_1_,
        members1_.image as image3_6_1_,
        members1_.name as name4_6_1_,
        members1_.nickname as nickname5_6_1_,
        members1_.password as password6_6_1_,
        members1_.phone as phone7_6_1_,
        members1_.refresh_token as refresh_8_6_1_,
        members1_.role as role9_6_1_,
        clothesinf2_.id as id1_2_2_,
        clothesinf2_.categoryl as category2_2_2_,
        clothesinf2_.categorys as category3_2_2_,
        clothesinf2_.fit as fit4_2_2_,
        clothesinf2_.length as length5_2_2_,
        colors3_.id as id1_4_3_,
        colors3_.name as name2_4_3_,
        materials4_.id as id1_5_4_,
        materials4_.name as name2_5_4_,
        style5_.id as id1_14_5_,
        style5_.name as name2_14_5_,
        salesinfoc6_.id as id1_9_6_,
        salesinfoc6_.clothes_brand as clothes_2_9_6_,
        salesinfoc6_.clothes_color as clothes_3_9_6_,
        salesinfoc6_.clothes_gender as clothes_4_9_6_,
        salesinfoc6_.clothes_size as clothes_5_9_6_,
        salesinfos7_.id as id1_10_7_,
        salesinfos7_.status_score as status_s2_10_7_,
        salesinfos7_.status_tag as status_t3_10_7_,
        salesinfos7_.status_times as status_t4_10_7_,
        salesinfos7_.status_when2buy as status_w5_10_7_,
        salesinfos7_.transport as transpor6_10_7_,
        salesinfou8_.id as id1_11_8_,
        salesinfou8_.user_height as user_hei2_11_8_,
        salesinfou8_.user_size as user_siz3_11_8_,
        salesinfou8_.user_weight as user_wei4_11_8_ 
    from
        stores stores0_ 
    left outer join
        members members1_ 
            on stores0_.author_id=members1_.id 
    left outer join
        clothes_info clothesinf2_ 
            on stores0_.clothes_info_id=clothesinf2_.id 
    left outer join
        colors colors3_ 
            on stores0_.colors_name=colors3_.name 
    left outer join
        materials materials4_ 
            on stores0_.materials_name=materials4_.name 
    left outer join
        style style5_ 
            on stores0_.style_name=style5_.name 
    left outer join
        sales_info_clothes salesinfoc6_ 
            on stores0_.sales_info_clothes_id=salesinfoc6_.id 
    left outer join
        sales_info_status salesinfos7_ 
            on stores0_.sales_info_status_id=salesinfos7_.id 
    left outer join
        sales_info_user salesinfou8_ 
            on stores0_.sales_info_user_id=salesinfou8_.id 
    where
        stores0_.id=?
Hibernate: 
    select
        stores0_.id as id1_12_0_,
        stores0_.created_date as created_2_12_0_,
        stores0_.modified_date as modified3_12_0_,
        stores0_.author_id as author_i9_12_0_,
        stores0_.clothes_info_id as clothes10_12_0_,
        stores0_.colors_name as colors_11_12_0_,
        stores0_.materials_name as materia12_12_0_,
        stores0_.style_name as style_n13_12_0_,
        stores0_.clothes_length as clothes_4_12_0_,
        stores0_.content as content5_12_0_,
        stores0_.price as price6_12_0_,
        stores0_.sales_info_clothes_id as sales_i14_12_0_,
        stores0_.sales_info_status_id as sales_i15_12_0_,
        stores0_.sales_info_user_id as sales_i16_12_0_,
        stores0_.status as status7_12_0_,
        stores0_.title as title8_12_0_,
        members1_.id as id1_6_1_,
        members1_.email as email2_6_1_,
        members1_.image as image3_6_1_,
        members1_.name as name4_6_1_,
        members1_.nickname as nickname5_6_1_,
        members1_.password as password6_6_1_,
        members1_.phone as phone7_6_1_,
        members1_.refresh_token as refresh_8_6_1_,
        members1_.role as role9_6_1_,
        clothesinf2_.id as id1_2_2_,
        clothesinf2_.categoryl as category2_2_2_,
        clothesinf2_.categorys as category3_2_2_,
        clothesinf2_.fit as fit4_2_2_,
        clothesinf2_.length as length5_2_2_,
        colors3_.id as id1_4_3_,
        colors3_.name as name2_4_3_,
        materials4_.id as id1_5_4_,
        materials4_.name as name2_5_4_,
        style5_.id as id1_14_5_,
        style5_.name as name2_14_5_,
        salesinfoc6_.id as id1_9_6_,
        salesinfoc6_.clothes_brand as clothes_2_9_6_,
        salesinfoc6_.clothes_color as clothes_3_9_6_,
        salesinfoc6_.clothes_gender as clothes_4_9_6_,
        salesinfoc6_.clothes_size as clothes_5_9_6_,
        salesinfos7_.id as id1_10_7_,
        salesinfos7_.status_score as status_s2_10_7_,
        salesinfos7_.status_tag as status_t3_10_7_,
        salesinfos7_.status_times as status_t4_10_7_,
        salesinfos7_.status_when2buy as status_w5_10_7_,
        salesinfos7_.transport as transpor6_10_7_,
        salesinfou8_.id as id1_11_8_,
        salesinfou8_.user_height as user_hei2_11_8_,
        salesinfou8_.user_size as user_siz3_11_8_,
        salesinfou8_.user_weight as user_wei4_11_8_ 
    from
        stores stores0_ 
    left outer join
        members members1_ 
            on stores0_.author_id=members1_.id 
    left outer join
        clothes_info clothesinf2_ 
            on stores0_.clothes_info_id=clothesinf2_.id 
    left outer join
        colors colors3_ 
            on stores0_.colors_name=colors3_.name 
    left outer join
        materials materials4_ 
            on stores0_.materials_name=materials4_.name 
    left outer join
        style style5_ 
            on stores0_.style_name=style5_.name 
    left outer join
        sales_info_clothes salesinfoc6_ 
            on stores0_.sales_info_clothes_id=salesinfoc6_.id 
    left outer join
        sales_info_status salesinfos7_ 
            on stores0_.sales_info_status_id=salesinfos7_.id 
    left outer join
        sales_info_user salesinfou8_ 
            on stores0_.sales_info_user_id=salesinfou8_.id 
    where
        stores0_.id=?
Hibernate: 
    select
        stores0_.id as id1_12_0_,
        stores0_.created_date as created_2_12_0_,
        stores0_.modified_date as modified3_12_0_,
        stores0_.author_id as author_i9_12_0_,
        stores0_.clothes_info_id as clothes10_12_0_,
        stores0_.colors_name as colors_11_12_0_,
        stores0_.materials_name as materia12_12_0_,
        stores0_.style_name as style_n13_12_0_,
        stores0_.clothes_length as clothes_4_12_0_,
        stores0_.content as content5_12_0_,
        stores0_.price as price6_12_0_,
        stores0_.sales_info_clothes_id as sales_i14_12_0_,
        stores0_.sales_info_status_id as sales_i15_12_0_,
        stores0_.sales_info_user_id as sales_i16_12_0_,
        stores0_.status as status7_12_0_,
        stores0_.title as title8_12_0_,
        members1_.id as id1_6_1_,
        members1_.email as email2_6_1_,
        members1_.image as image3_6_1_,
        members1_.name as name4_6_1_,
        members1_.nickname as nickname5_6_1_,
        members1_.password as password6_6_1_,
        members1_.phone as phone7_6_1_,
        members1_.refresh_token as refresh_8_6_1_,
        members1_.role as role9_6_1_,
        clothesinf2_.id as id1_2_2_,
        clothesinf2_.categoryl as category2_2_2_,
        clothesinf2_.categorys as category3_2_2_,
        clothesinf2_.fit as fit4_2_2_,
        clothesinf2_.length as length5_2_2_,
        colors3_.id as id1_4_3_,
        colors3_.name as name2_4_3_,
        materials4_.id as id1_5_4_,
        materials4_.name as name2_5_4_,
        style5_.id as id1_14_5_,
        style5_.name as name2_14_5_,
        salesinfoc6_.id as id1_9_6_,
        salesinfoc6_.clothes_brand as clothes_2_9_6_,
        salesinfoc6_.clothes_color as clothes_3_9_6_,
        salesinfoc6_.clothes_gender as clothes_4_9_6_,
        salesinfoc6_.clothes_size as clothes_5_9_6_,
        salesinfos7_.id as id1_10_7_,
        salesinfos7_.status_score as status_s2_10_7_,
        salesinfos7_.status_tag as status_t3_10_7_,
        salesinfos7_.status_times as status_t4_10_7_,
        salesinfos7_.status_when2buy as status_w5_10_7_,
        salesinfos7_.transport as transpor6_10_7_,
        salesinfou8_.id as id1_11_8_,
        salesinfou8_.user_height as user_hei2_11_8_,
        salesinfou8_.user_size as user_siz3_11_8_,
        salesinfou8_.user_weight as user_wei4_11_8_ 
    from
        stores stores0_ 
    left outer join
        members members1_ 
            on stores0_.author_id=members1_.id 
    left outer join
        clothes_info clothesinf2_ 
            on stores0_.clothes_info_id=clothesinf2_.id 
    left outer join
        colors colors3_ 
            on stores0_.colors_name=colors3_.name 
    left outer join
        materials materials4_ 
            on stores0_.materials_name=materials4_.name 
    left outer join
        style style5_ 
            on stores0_.style_name=style5_.name 
    left outer join
        sales_info_clothes salesinfoc6_ 
            on stores0_.sales_info_clothes_id=salesinfoc6_.id 
    left outer join
        sales_info_status salesinfos7_ 
            on stores0_.sales_info_status_id=salesinfos7_.id 
    left outer join
        sales_info_user salesinfou8_ 
            on stores0_.sales_info_user_id=salesinfou8_.id 
    where
        stores0_.id=?
Hibernate: 
    select
        stores0_.id as id1_12_0_,
        stores0_.created_date as created_2_12_0_,
        stores0_.modified_date as modified3_12_0_,
        stores0_.author_id as author_i9_12_0_,
        stores0_.clothes_info_id as clothes10_12_0_,
        stores0_.colors_name as colors_11_12_0_,
        stores0_.materials_name as materia12_12_0_,
        stores0_.style_name as style_n13_12_0_,
        stores0_.clothes_length as clothes_4_12_0_,
        stores0_.content as content5_12_0_,
        stores0_.price as price6_12_0_,
        stores0_.sales_info_clothes_id as sales_i14_12_0_,
        stores0_.sales_info_status_id as sales_i15_12_0_,
        stores0_.sales_info_user_id as sales_i16_12_0_,
        stores0_.status as status7_12_0_,
        stores0_.title as title8_12_0_,
        members1_.id as id1_6_1_,
        members1_.email as email2_6_1_,
        members1_.image as image3_6_1_,
        members1_.name as name4_6_1_,
        members1_.nickname as nickname5_6_1_,
        members1_.password as password6_6_1_,
        members1_.phone as phone7_6_1_,
        members1_.refresh_token as refresh_8_6_1_,
        members1_.role as role9_6_1_,
        clothesinf2_.id as id1_2_2_,
        clothesinf2_.categoryl as category2_2_2_,
        clothesinf2_.categorys as category3_2_2_,
        clothesinf2_.fit as fit4_2_2_,
        clothesinf2_.length as length5_2_2_,
        colors3_.id as id1_4_3_,
        colors3_.name as name2_4_3_,
        materials4_.id as id1_5_4_,
        materials4_.name as name2_5_4_,
        style5_.id as id1_14_5_,
        style5_.name as name2_14_5_,
        salesinfoc6_.id as id1_9_6_,
        salesinfoc6_.clothes_brand as clothes_2_9_6_,
        salesinfoc6_.clothes_color as clothes_3_9_6_,
        salesinfoc6_.clothes_gender as clothes_4_9_6_,
        salesinfoc6_.clothes_size as clothes_5_9_6_,
        salesinfos7_.id as id1_10_7_,
        salesinfos7_.status_score as status_s2_10_7_,
        salesinfos7_.status_tag as status_t3_10_7_,
        salesinfos7_.status_times as status_t4_10_7_,
        salesinfos7_.status_when2buy as status_w5_10_7_,
        salesinfos7_.transport as transpor6_10_7_,
        salesinfou8_.id as id1_11_8_,
        salesinfou8_.user_height as user_hei2_11_8_,
        salesinfou8_.user_size as user_siz3_11_8_,
        salesinfou8_.user_weight as user_wei4_11_8_ 
    from
        stores stores0_ 
    left outer join
        members members1_ 
            on stores0_.author_id=members1_.id 
    left outer join
        clothes_info clothesinf2_ 
            on stores0_.clothes_info_id=clothesinf2_.id 
    left outer join
        colors colors3_ 
            on stores0_.colors_name=colors3_.name 
    left outer join
        materials materials4_ 
            on stores0_.materials_name=materials4_.name 
    left outer join
        style style5_ 
            on stores0_.style_name=style5_.name 
    left outer join
        sales_info_clothes salesinfoc6_ 
            on stores0_.sales_info_clothes_id=salesinfoc6_.id 
    left outer join
        sales_info_status salesinfos7_ 
            on stores0_.sales_info_status_id=salesinfos7_.id 
    left outer join
        sales_info_user salesinfou8_ 
            on stores0_.sales_info_user_id=salesinfou8_.id 
    where
        stores0_.id=?
Hibernate: 
    select
        stores0_.id as id1_12_0_,
        stores0_.created_date as created_2_12_0_,
        stores0_.modified_date as modified3_12_0_,
        stores0_.author_id as author_i9_12_0_,
        stores0_.clothes_info_id as clothes10_12_0_,
        stores0_.colors_name as colors_11_12_0_,
        stores0_.materials_name as materia12_12_0_,
        stores0_.style_name as style_n13_12_0_,
        stores0_.clothes_length as clothes_4_12_0_,
        stores0_.content as content5_12_0_,
        stores0_.price as price6_12_0_,
        stores0_.sales_info_clothes_id as sales_i14_12_0_,
        stores0_.sales_info_status_id as sales_i15_12_0_,
        stores0_.sales_info_user_id as sales_i16_12_0_,
        stores0_.status as status7_12_0_,
        stores0_.title as title8_12_0_,
        members1_.id as id1_6_1_,
        members1_.email as email2_6_1_,
        members1_.image as image3_6_1_,
        members1_.name as name4_6_1_,
        members1_.nickname as nickname5_6_1_,
        members1_.password as password6_6_1_,
        members1_.phone as phone7_6_1_,
        members1_.refresh_token as refresh_8_6_1_,
        members1_.role as role9_6_1_,
        clothesinf2_.id as id1_2_2_,
        clothesinf2_.categoryl as category2_2_2_,
        clothesinf2_.categorys as category3_2_2_,
        clothesinf2_.fit as fit4_2_2_,
        clothesinf2_.length as length5_2_2_,
        colors3_.id as id1_4_3_,
        colors3_.name as name2_4_3_,
        materials4_.id as id1_5_4_,
        materials4_.name as name2_5_4_,
        style5_.id as id1_14_5_,
        style5_.name as name2_14_5_,
        salesinfoc6_.id as id1_9_6_,
        salesinfoc6_.clothes_brand as clothes_2_9_6_,
        salesinfoc6_.clothes_color as clothes_3_9_6_,
        salesinfoc6_.clothes_gender as clothes_4_9_6_,
        salesinfoc6_.clothes_size as clothes_5_9_6_,
        salesinfos7_.id as id1_10_7_,
        salesinfos7_.status_score as status_s2_10_7_,
        salesinfos7_.status_tag as status_t3_10_7_,
        salesinfos7_.status_times as status_t4_10_7_,
        salesinfos7_.status_when2buy as status_w5_10_7_,
        salesinfos7_.transport as transpor6_10_7_,
        salesinfou8_.id as id1_11_8_,
        salesinfou8_.user_height as user_hei2_11_8_,
        salesinfou8_.user_size as user_siz3_11_8_,
        salesinfou8_.user_weight as user_wei4_11_8_ 
    from
        stores stores0_ 
    left outer join
        members members1_ 
            on stores0_.author_id=members1_.id 
    left outer join
        clothes_info clothesinf2_ 
            on stores0_.clothes_info_id=clothesinf2_.id 
    left outer join
        colors colors3_ 
            on stores0_.colors_name=colors3_.name 
    left outer join
        materials materials4_ 
            on stores0_.materials_name=materials4_.name 
    left outer join
        style style5_ 
            on stores0_.style_name=style5_.name 
    left outer join
        sales_info_clothes salesinfoc6_ 
            on stores0_.sales_info_clothes_id=salesinfoc6_.id 
    left outer join
        sales_info_status salesinfos7_ 
            on stores0_.sales_info_status_id=salesinfos7_.id 
    left outer join
        sales_info_user salesinfou8_ 
            on stores0_.sales_info_user_id=salesinfou8_.id 
    where
        stores0_.id=?
Hibernate: 
    select
        stores0_.id as id1_12_0_,
        stores0_.created_date as created_2_12_0_,
        stores0_.modified_date as modified3_12_0_,
        stores0_.author_id as author_i9_12_0_,
        stores0_.clothes_info_id as clothes10_12_0_,
        stores0_.colors_name as colors_11_12_0_,
        stores0_.materials_name as materia12_12_0_,
        stores0_.style_name as style_n13_12_0_,
        stores0_.clothes_length as clothes_4_12_0_,
        stores0_.content as content5_12_0_,
        stores0_.price as price6_12_0_,
        stores0_.sales_info_clothes_id as sales_i14_12_0_,
        stores0_.sales_info_status_id as sales_i15_12_0_,
        stores0_.sales_info_user_id as sales_i16_12_0_,
        stores0_.status as status7_12_0_,
        stores0_.title as title8_12_0_,
        members1_.id as id1_6_1_,
        members1_.email as email2_6_1_,
        members1_.image as image3_6_1_,
        members1_.name as name4_6_1_,
        members1_.nickname as nickname5_6_1_,
        members1_.password as password6_6_1_,
        members1_.phone as phone7_6_1_,
        members1_.refresh_token as refresh_8_6_1_,
        members1_.role as role9_6_1_,
        clothesinf2_.id as id1_2_2_,
        clothesinf2_.categoryl as category2_2_2_,
        clothesinf2_.categorys as category3_2_2_,
        clothesinf2_.fit as fit4_2_2_,
        clothesinf2_.length as length5_2_2_,
        colors3_.id as id1_4_3_,
        colors3_.name as name2_4_3_,
        materials4_.id as id1_5_4_,
        materials4_.name as name2_5_4_,
        style5_.id as id1_14_5_,
        style5_.name as name2_14_5_,
        salesinfoc6_.id as id1_9_6_,
        salesinfoc6_.clothes_brand as clothes_2_9_6_,
        salesinfoc6_.clothes_color as clothes_3_9_6_,
        salesinfoc6_.clothes_gender as clothes_4_9_6_,
        salesinfoc6_.clothes_size as clothes_5_9_6_,
        salesinfos7_.id as id1_10_7_,
        salesinfos7_.status_score as status_s2_10_7_,
        salesinfos7_.status_tag as status_t3_10_7_,
        salesinfos7_.status_times as status_t4_10_7_,
        salesinfos7_.status_when2buy as status_w5_10_7_,
        salesinfos7_.transport as transpor6_10_7_,
        salesinfou8_.id as id1_11_8_,
        salesinfou8_.user_height as user_hei2_11_8_,
        salesinfou8_.user_size as user_siz3_11_8_,
        salesinfou8_.user_weight as user_wei4_11_8_ 
    from
        stores stores0_ 
    left outer join
        members members1_ 
            on stores0_.author_id=members1_.id 
    left outer join
        clothes_info clothesinf2_ 
            on stores0_.clothes_info_id=clothesinf2_.id 
    left outer join
        colors colors3_ 
            on stores0_.colors_name=colors3_.name 
    left outer join
        materials materials4_ 
            on stores0_.materials_name=materials4_.name 
    left outer join
        style style5_ 
            on stores0_.style_name=style5_.name 
    left outer join
        sales_info_clothes salesinfoc6_ 
            on stores0_.sales_info_clothes_id=salesinfoc6_.id 
    left outer join
        sales_info_status salesinfos7_ 
            on stores0_.sales_info_status_id=salesinfos7_.id 
    left outer join
        sales_info_user salesinfou8_ 
            on stores0_.sales_info_user_id=salesinfou8_.id 
    where
        stores0_.id=?
Hibernate: 
    select
        stores0_.id as id1_12_0_,
        stores0_.created_date as created_2_12_0_,
        stores0_.modified_date as modified3_12_0_,
        stores0_.author_id as author_i9_12_0_,
        stores0_.clothes_info_id as clothes10_12_0_,
        stores0_.colors_name as colors_11_12_0_,
        stores0_.materials_name as materia12_12_0_,
        stores0_.style_name as style_n13_12_0_,
        stores0_.clothes_length as clothes_4_12_0_,
        stores0_.content as content5_12_0_,
        stores0_.price as price6_12_0_,
        stores0_.sales_info_clothes_id as sales_i14_12_0_,
        stores0_.sales_info_status_id as sales_i15_12_0_,
        stores0_.sales_info_user_id as sales_i16_12_0_,
        stores0_.status as status7_12_0_,
        stores0_.title as title8_12_0_,
        members1_.id as id1_6_1_,
        members1_.email as email2_6_1_,
        members1_.image as image3_6_1_,
        members1_.name as name4_6_1_,
        members1_.nickname as nickname5_6_1_,
        members1_.password as password6_6_1_,
        members1_.phone as phone7_6_1_,
        members1_.refresh_token as refresh_8_6_1_,
        members1_.role as role9_6_1_,
        clothesinf2_.id as id1_2_2_,
        clothesinf2_.categoryl as category2_2_2_,
        clothesinf2_.categorys as category3_2_2_,
        clothesinf2_.fit as fit4_2_2_,
        clothesinf2_.length as length5_2_2_,
        colors3_.id as id1_4_3_,
        colors3_.name as name2_4_3_,
        materials4_.id as id1_5_4_,
        materials4_.name as name2_5_4_,
        style5_.id as id1_14_5_,
        style5_.name as name2_14_5_,
        salesinfoc6_.id as id1_9_6_,
        salesinfoc6_.clothes_brand as clothes_2_9_6_,
        salesinfoc6_.clothes_color as clothes_3_9_6_,
        salesinfoc6_.clothes_gender as clothes_4_9_6_,
        salesinfoc6_.clothes_size as clothes_5_9_6_,
        salesinfos7_.id as id1_10_7_,
        salesinfos7_.status_score as status_s2_10_7_,
        salesinfos7_.status_tag as status_t3_10_7_,
        salesinfos7_.status_times as status_t4_10_7_,
        salesinfos7_.status_when2buy as status_w5_10_7_,
        salesinfos7_.transport as transpor6_10_7_,
        salesinfou8_.id as id1_11_8_,
        salesinfou8_.user_height as user_hei2_11_8_,
        salesinfou8_.user_size as user_siz3_11_8_,
        salesinfou8_.user_weight as user_wei4_11_8_ 
    from
        stores stores0_ 
    left outer join
        members members1_ 
            on stores0_.author_id=members1_.id 
    left outer join
        clothes_info clothesinf2_ 
            on stores0_.clothes_info_id=clothesinf2_.id 
    left outer join
        colors colors3_ 
            on stores0_.colors_name=colors3_.name 
    left outer join
        materials materials4_ 
            on stores0_.materials_name=materials4_.name 
    left outer join
        style style5_ 
            on stores0_.style_name=style5_.name 
    left outer join
        sales_info_clothes salesinfoc6_ 
            on stores0_.sales_info_clothes_id=salesinfoc6_.id 
    left outer join
        sales_info_status salesinfos7_ 
            on stores0_.sales_info_status_id=salesinfos7_.id 
    left outer join
        sales_info_user salesinfou8_ 
            on stores0_.sales_info_user_id=salesinfou8_.id 
    where
        stores0_.id=?
Hibernate: 
    select
        stores0_.id as id1_12_0_,
        stores0_.created_date as created_2_12_0_,
        stores0_.modified_date as modified3_12_0_,
        stores0_.author_id as author_i9_12_0_,
        stores0_.clothes_info_id as clothes10_12_0_,
        stores0_.colors_name as colors_11_12_0_,
        stores0_.materials_name as materia12_12_0_,
        stores0_.style_name as style_n13_12_0_,
        stores0_.clothes_length as clothes_4_12_0_,
        stores0_.content as content5_12_0_,
        stores0_.price as price6_12_0_,
        stores0_.sales_info_clothes_id as sales_i14_12_0_,
        stores0_.sales_info_status_id as sales_i15_12_0_,
        stores0_.sales_info_user_id as sales_i16_12_0_,
        stores0_.status as status7_12_0_,
        stores0_.title as title8_12_0_,
        members1_.id as id1_6_1_,
        members1_.email as email2_6_1_,
        members1_.image as image3_6_1_,
        members1_.name as name4_6_1_,
        members1_.nickname as nickname5_6_1_,
        members1_.password as password6_6_1_,
        members1_.phone as phone7_6_1_,
        members1_.refresh_token as refresh_8_6_1_,
        members1_.role as role9_6_1_,
        clothesinf2_.id as id1_2_2_,
        clothesinf2_.categoryl as category2_2_2_,
        clothesinf2_.categorys as category3_2_2_,
        clothesinf2_.fit as fit4_2_2_,
        clothesinf2_.length as length5_2_2_,
        colors3_.id as id1_4_3_,
        colors3_.name as name2_4_3_,
        materials4_.id as id1_5_4_,
        materials4_.name as name2_5_4_,
        style5_.id as id1_14_5_,
        style5_.name as name2_14_5_,
        salesinfoc6_.id as id1_9_6_,
        salesinfoc6_.clothes_brand as clothes_2_9_6_,
        salesinfoc6_.clothes_color as clothes_3_9_6_,
        salesinfoc6_.clothes_gender as clothes_4_9_6_,
        salesinfoc6_.clothes_size as clothes_5_9_6_,
        salesinfos7_.id as id1_10_7_,
        salesinfos7_.status_score as status_s2_10_7_,
        salesinfos7_.status_tag as status_t3_10_7_,
        salesinfos7_.status_times as status_t4_10_7_,
        salesinfos7_.status_when2buy as status_w5_10_7_,
        salesinfos7_.transport as transpor6_10_7_,
        salesinfou8_.id as id1_11_8_,
        salesinfou8_.user_height as user_hei2_11_8_,
        salesinfou8_.user_size as user_siz3_11_8_,
        salesinfou8_.user_weight as user_wei4_11_8_ 
    from
        stores stores0_ 
    left outer join
        members members1_ 
            on stores0_.author_id=members1_.id 
    left outer join
        clothes_info clothesinf2_ 
            on stores0_.clothes_info_id=clothesinf2_.id 
    left outer join
        colors colors3_ 
            on stores0_.colors_name=colors3_.name 
    left outer join
        materials materials4_ 
            on stores0_.materials_name=materials4_.name 
    left outer join
        style style5_ 
            on stores0_.style_name=style5_.name 
    left outer join
        sales_info_clothes salesinfoc6_ 
            on stores0_.sales_info_clothes_id=salesinfoc6_.id 
    left outer join
        sales_info_status salesinfos7_ 
            on stores0_.sales_info_status_id=salesinfos7_.id 
    left outer join
        sales_info_user salesinfou8_ 
            on stores0_.sales_info_user_id=salesinfou8_.id 
    where
        stores0_.id=?
Hibernate: 
    select
        stores0_.id as id1_12_0_,
        stores0_.created_date as created_2_12_0_,
        stores0_.modified_date as modified3_12_0_,
        stores0_.author_id as author_i9_12_0_,
        stores0_.clothes_info_id as clothes10_12_0_,
        stores0_.colors_name as colors_11_12_0_,
        stores0_.materials_name as materia12_12_0_,
        stores0_.style_name as style_n13_12_0_,
        stores0_.clothes_length as clothes_4_12_0_,
        stores0_.content as content5_12_0_,
        stores0_.price as price6_12_0_,
        stores0_.sales_info_clothes_id as sales_i14_12_0_,
        stores0_.sales_info_status_id as sales_i15_12_0_,
        stores0_.sales_info_user_id as sales_i16_12_0_,
        stores0_.status as status7_12_0_,
        stores0_.title as title8_12_0_,
        members1_.id as id1_6_1_,
        members1_.email as email2_6_1_,
        members1_.image as image3_6_1_,
        members1_.name as name4_6_1_,
        members1_.nickname as nickname5_6_1_,
        members1_.password as password6_6_1_,
        members1_.phone as phone7_6_1_,
        members1_.refresh_token as refresh_8_6_1_,
        members1_.role as role9_6_1_,
        clothesinf2_.id as id1_2_2_,
        clothesinf2_.categoryl as category2_2_2_,
        clothesinf2_.categorys as category3_2_2_,
        clothesinf2_.fit as fit4_2_2_,
        clothesinf2_.length as length5_2_2_,
        colors3_.id as id1_4_3_,
        colors3_.name as name2_4_3_,
        materials4_.id as id1_5_4_,
        materials4_.name as name2_5_4_,
        style5_.id as id1_14_5_,
        style5_.name as name2_14_5_,
        salesinfoc6_.id as id1_9_6_,
        salesinfoc6_.clothes_brand as clothes_2_9_6_,
        salesinfoc6_.clothes_color as clothes_3_9_6_,
        salesinfoc6_.clothes_gender as clothes_4_9_6_,
        salesinfoc6_.clothes_size as clothes_5_9_6_,
        salesinfos7_.id as id1_10_7_,
        salesinfos7_.status_score as status_s2_10_7_,
        salesinfos7_.status_tag as status_t3_10_7_,
        salesinfos7_.status_times as status_t4_10_7_,
        salesinfos7_.status_when2buy as status_w5_10_7_,
        salesinfos7_.transport as transpor6_10_7_,
        salesinfou8_.id as id1_11_8_,
        salesinfou8_.user_height as user_hei2_11_8_,
        salesinfou8_.user_size as user_siz3_11_8_,
        salesinfou8_.user_weight as user_wei4_11_8_ 
    from
        stores stores0_ 
    left outer join
        members members1_ 
            on stores0_.author_id=members1_.id 
    left outer join
        clothes_info clothesinf2_ 
            on stores0_.clothes_info_id=clothesinf2_.id 
    left outer join
        colors colors3_ 
            on stores0_.colors_name=colors3_.name 
    left outer join
        materials materials4_ 
            on stores0_.materials_name=materials4_.name 
    left outer join
        style style5_ 
            on stores0_.style_name=style5_.name 
    left outer join
        sales_info_clothes salesinfoc6_ 
            on stores0_.sales_info_clothes_id=salesinfoc6_.id 
    left outer join
        sales_info_status salesinfos7_ 
            on stores0_.sales_info_status_id=salesinfos7_.id 
    left outer join
        sales_info_user salesinfou8_ 
            on stores0_.sales_info_user_id=salesinfou8_.id 
    where
        stores0_.id=?
2022-11-10 12:34:05.622  INFO 9968 --- [    Test worker] o.a.c.c.C.[Tomcat].[localhost].[/]       : Initializing Spring TestDispatcherServlet ''
2022-11-10 12:34:05.623  INFO 9968 --- [    Test worker] o.s.t.web.servlet.TestDispatcherServlet  : Initializing Servlet ''
2022-11-10 12:34:05.625  INFO 9968 --- [    Test worker] o.s.t.web.servlet.TestDispatcherServlet  : Completed initialization in 2 ms
{"nameL":"상의","nameS":null,"fit":null,"length":null,"material":null,"color":null}
gunsong2@naver.com
Hibernate: 
    select
        members0_.id as id1_6_,
        members0_.email as email2_6_,
        members0_.image as image3_6_,
        members0_.name as name4_6_,
        members0_.nickname as nickname5_6_,
        members0_.password as password6_6_,
        members0_.phone as phone7_6_,
        members0_.refresh_token as refresh_8_6_,
        members0_.role as role9_6_ 
    from
        members members0_ 
    where
        members0_.email=?
Hibernate: 
    select
        images1_.id as col_0_0_,
        stores0_.title as col_1_0_,
        stores0_.id as col_2_0_,
        stores0_.modified_date as col_3_0_,
        stores0_.price as col_4_0_,
        stores0_.content as col_5_0_,
        salesinfos2_.transport as col_6_0_,
        images1_.id as id1_3_,
        images1_.closets_post_id as closets_4_3_,
        images1_.path as path2_3_,
        images1_.stores_post_id as stores_p5_3_,
        images1_.type as type3_3_ 
    from
        stores stores0_ 
    inner join
        clothes_image images1_ 
            on stores0_.id=images1_.stores_post_id cross 
    join
        sales_info_status salesinfos2_ cross 
    join
        clothes_info clothesinf5_ 
    where
        stores0_.sales_info_status_id=salesinfos2_.id 
        and stores0_.clothes_info_id=clothesinf5_.id 
        and (
            images1_.id in (
                select
                    clothesima3_.id 
                from
                    clothes_image clothesima3_ cross 
                join
                    stores stores4_ 
                where
                    clothesima3_.stores_post_id=stores4_.id 
                    and (
                        clothesima3_.closets_post_id is null
                    ) 
                group by
                    clothesima3_.stores_post_id 
                order by
                    stores4_.created_date asc
            )
        ) 
        and stores0_.author_id=? 
        and clothesinf5_.categoryl=? 
    order by
        stores0_.created_date desc limit ?
Hibernate: 
    select
        stores0_.id as id1_12_0_,
        stores0_.created_date as created_2_12_0_,
        stores0_.modified_date as modified3_12_0_,
        stores0_.author_id as author_i9_12_0_,
        stores0_.clothes_info_id as clothes10_12_0_,
        stores0_.colors_name as colors_11_12_0_,
        stores0_.materials_name as materia12_12_0_,
        stores0_.style_name as style_n13_12_0_,
        stores0_.clothes_length as clothes_4_12_0_,
        stores0_.content as content5_12_0_,
        stores0_.price as price6_12_0_,
        stores0_.sales_info_clothes_id as sales_i14_12_0_,
        stores0_.sales_info_status_id as sales_i15_12_0_,
        stores0_.sales_info_user_id as sales_i16_12_0_,
        stores0_.status as status7_12_0_,
        stores0_.title as title8_12_0_,
        members1_.id as id1_6_1_,
        members1_.email as email2_6_1_,
        members1_.image as image3_6_1_,
        members1_.name as name4_6_1_,
        members1_.nickname as nickname5_6_1_,
        members1_.password as password6_6_1_,
        members1_.phone as phone7_6_1_,
        members1_.refresh_token as refresh_8_6_1_,
        members1_.role as role9_6_1_,
        clothesinf2_.id as id1_2_2_,
        clothesinf2_.categoryl as category2_2_2_,
        clothesinf2_.categorys as category3_2_2_,
        clothesinf2_.fit as fit4_2_2_,
        clothesinf2_.length as length5_2_2_,
        colors3_.id as id1_4_3_,
        colors3_.name as name2_4_3_,
        materials4_.id as id1_5_4_,
        materials4_.name as name2_5_4_,
        style5_.id as id1_14_5_,
        style5_.name as name2_14_5_,
        salesinfoc6_.id as id1_9_6_,
        salesinfoc6_.clothes_brand as clothes_2_9_6_,
        salesinfoc6_.clothes_color as clothes_3_9_6_,
        salesinfoc6_.clothes_gender as clothes_4_9_6_,
        salesinfoc6_.clothes_size as clothes_5_9_6_,
        salesinfos7_.id as id1_10_7_,
        salesinfos7_.status_score as status_s2_10_7_,
        salesinfos7_.status_tag as status_t3_10_7_,
        salesinfos7_.status_times as status_t4_10_7_,
        salesinfos7_.status_when2buy as status_w5_10_7_,
        salesinfos7_.transport as transpor6_10_7_,
        salesinfou8_.id as id1_11_8_,
        salesinfou8_.user_height as user_hei2_11_8_,
        salesinfou8_.user_size as user_siz3_11_8_,
        salesinfou8_.user_weight as user_wei4_11_8_ 
    from
        stores stores0_ 
    left outer join
        members members1_ 
            on stores0_.author_id=members1_.id 
    left outer join
        clothes_info clothesinf2_ 
            on stores0_.clothes_info_id=clothesinf2_.id 
    left outer join
        colors colors3_ 
            on stores0_.colors_name=colors3_.name 
    left outer join
        materials materials4_ 
            on stores0_.materials_name=materials4_.name 
    left outer join
        style style5_ 
            on stores0_.style_name=style5_.name 
    left outer join
        sales_info_clothes salesinfoc6_ 
            on stores0_.sales_info_clothes_id=salesinfoc6_.id 
    left outer join
        sales_info_status salesinfos7_ 
            on stores0_.sales_info_status_id=salesinfos7_.id 
    left outer join
        sales_info_user salesinfou8_ 
            on stores0_.sales_info_user_id=salesinfou8_.id 
    where
        stores0_.id=?
Hibernate: 
    select
        stores0_.id as id1_12_0_,
        stores0_.created_date as created_2_12_0_,
        stores0_.modified_date as modified3_12_0_,
        stores0_.author_id as author_i9_12_0_,
        stores0_.clothes_info_id as clothes10_12_0_,
        stores0_.colors_name as colors_11_12_0_,
        stores0_.materials_name as materia12_12_0_,
        stores0_.style_name as style_n13_12_0_,
        stores0_.clothes_length as clothes_4_12_0_,
        stores0_.content as content5_12_0_,
        stores0_.price as price6_12_0_,
        stores0_.sales_info_clothes_id as sales_i14_12_0_,
        stores0_.sales_info_status_id as sales_i15_12_0_,
        stores0_.sales_info_user_id as sales_i16_12_0_,
        stores0_.status as status7_12_0_,
        stores0_.title as title8_12_0_,
        members1_.id as id1_6_1_,
        members1_.email as email2_6_1_,
        members1_.image as image3_6_1_,
        members1_.name as name4_6_1_,
        members1_.nickname as nickname5_6_1_,
        members1_.password as password6_6_1_,
        members1_.phone as phone7_6_1_,
        members1_.refresh_token as refresh_8_6_1_,
        members1_.role as role9_6_1_,
        clothesinf2_.id as id1_2_2_,
        clothesinf2_.categoryl as category2_2_2_,
        clothesinf2_.categorys as category3_2_2_,
        clothesinf2_.fit as fit4_2_2_,
        clothesinf2_.length as length5_2_2_,
        colors3_.id as id1_4_3_,
        colors3_.name as name2_4_3_,
        materials4_.id as id1_5_4_,
        materials4_.name as name2_5_4_,
        style5_.id as id1_14_5_,
        style5_.name as name2_14_5_,
        salesinfoc6_.id as id1_9_6_,
        salesinfoc6_.clothes_brand as clothes_2_9_6_,
        salesinfoc6_.clothes_color as clothes_3_9_6_,
        salesinfoc6_.clothes_gender as clothes_4_9_6_,
        salesinfoc6_.clothes_size as clothes_5_9_6_,
        salesinfos7_.id as id1_10_7_,
        salesinfos7_.status_score as status_s2_10_7_,
        salesinfos7_.status_tag as status_t3_10_7_,
        salesinfos7_.status_times as status_t4_10_7_,
        salesinfos7_.status_when2buy as status_w5_10_7_,
        salesinfos7_.transport as transpor6_10_7_,
        salesinfou8_.id as id1_11_8_,
        salesinfou8_.user_height as user_hei2_11_8_,
        salesinfou8_.user_size as user_siz3_11_8_,
        salesinfou8_.user_weight as user_wei4_11_8_ 
    from
        stores stores0_ 
    left outer join
        members members1_ 
            on stores0_.author_id=members1_.id 
    left outer join
        clothes_info clothesinf2_ 
            on stores0_.clothes_info_id=clothesinf2_.id 
    left outer join
        colors colors3_ 
            on stores0_.colors_name=colors3_.name 
    left outer join
        materials materials4_ 
            on stores0_.materials_name=materials4_.name 
    left outer join
        style style5_ 
            on stores0_.style_name=style5_.name 
    left outer join
        sales_info_clothes salesinfoc6_ 
            on stores0_.sales_info_clothes_id=salesinfoc6_.id 
    left outer join
        sales_info_status salesinfos7_ 
            on stores0_.sales_info_status_id=salesinfos7_.id 
    left outer join
        sales_info_user salesinfou8_ 
            on stores0_.sales_info_user_id=salesinfou8_.id 
    where
        stores0_.id=?
Hibernate: 
    select
        stores0_.id as id1_12_0_,
        stores0_.created_date as created_2_12_0_,
        stores0_.modified_date as modified3_12_0_,
        stores0_.author_id as author_i9_12_0_,
        stores0_.clothes_info_id as clothes10_12_0_,
        stores0_.colors_name as colors_11_12_0_,
        stores0_.materials_name as materia12_12_0_,
        stores0_.style_name as style_n13_12_0_,
        stores0_.clothes_length as clothes_4_12_0_,
        stores0_.content as content5_12_0_,
        stores0_.price as price6_12_0_,
        stores0_.sales_info_clothes_id as sales_i14_12_0_,
        stores0_.sales_info_status_id as sales_i15_12_0_,
        stores0_.sales_info_user_id as sales_i16_12_0_,
        stores0_.status as status7_12_0_,
        stores0_.title as title8_12_0_,
        members1_.id as id1_6_1_,
        members1_.email as email2_6_1_,
        members1_.image as image3_6_1_,
        members1_.name as name4_6_1_,
        members1_.nickname as nickname5_6_1_,
        members1_.password as password6_6_1_,
        members1_.phone as phone7_6_1_,
        members1_.refresh_token as refresh_8_6_1_,
        members1_.role as role9_6_1_,
        clothesinf2_.id as id1_2_2_,
        clothesinf2_.categoryl as category2_2_2_,
        clothesinf2_.categorys as category3_2_2_,
        clothesinf2_.fit as fit4_2_2_,
        clothesinf2_.length as length5_2_2_,
        colors3_.id as id1_4_3_,
        colors3_.name as name2_4_3_,
        materials4_.id as id1_5_4_,
        materials4_.name as name2_5_4_,
        style5_.id as id1_14_5_,
        style5_.name as name2_14_5_,
        salesinfoc6_.id as id1_9_6_,
        salesinfoc6_.clothes_brand as clothes_2_9_6_,
        salesinfoc6_.clothes_color as clothes_3_9_6_,
        salesinfoc6_.clothes_gender as clothes_4_9_6_,
        salesinfoc6_.clothes_size as clothes_5_9_6_,
        salesinfos7_.id as id1_10_7_,
        salesinfos7_.status_score as status_s2_10_7_,
        salesinfos7_.status_tag as status_t3_10_7_,
        salesinfos7_.status_times as status_t4_10_7_,
        salesinfos7_.status_when2buy as status_w5_10_7_,
        salesinfos7_.transport as transpor6_10_7_,
        salesinfou8_.id as id1_11_8_,
        salesinfou8_.user_height as user_hei2_11_8_,
        salesinfou8_.user_size as user_siz3_11_8_,
        salesinfou8_.user_weight as user_wei4_11_8_ 
    from
        stores stores0_ 
    left outer join
        members members1_ 
            on stores0_.author_id=members1_.id 
    left outer join
        clothes_info clothesinf2_ 
            on stores0_.clothes_info_id=clothesinf2_.id 
    left outer join
        colors colors3_ 
            on stores0_.colors_name=colors3_.name 
    left outer join
        materials materials4_ 
            on stores0_.materials_name=materials4_.name 
    left outer join
        style style5_ 
            on stores0_.style_name=style5_.name 
    left outer join
        sales_info_clothes salesinfoc6_ 
            on stores0_.sales_info_clothes_id=salesinfoc6_.id 
    left outer join
        sales_info_status salesinfos7_ 
            on stores0_.sales_info_status_id=salesinfos7_.id 
    left outer join
        sales_info_user salesinfou8_ 
            on stores0_.sales_info_user_id=salesinfou8_.id 
    where
        stores0_.id=?
Hibernate: 
    select
        stores0_.id as id1_12_0_,
        stores0_.created_date as created_2_12_0_,
        stores0_.modified_date as modified3_12_0_,
        stores0_.author_id as author_i9_12_0_,
        stores0_.clothes_info_id as clothes10_12_0_,
        stores0_.colors_name as colors_11_12_0_,
        stores0_.materials_name as materia12_12_0_,
        stores0_.style_name as style_n13_12_0_,
        stores0_.clothes_length as clothes_4_12_0_,
        stores0_.content as content5_12_0_,
        stores0_.price as price6_12_0_,
        stores0_.sales_info_clothes_id as sales_i14_12_0_,
        stores0_.sales_info_status_id as sales_i15_12_0_,
        stores0_.sales_info_user_id as sales_i16_12_0_,
        stores0_.status as status7_12_0_,
        stores0_.title as title8_12_0_,
        members1_.id as id1_6_1_,
        members1_.email as email2_6_1_,
        members1_.image as image3_6_1_,
        members1_.name as name4_6_1_,
        members1_.nickname as nickname5_6_1_,
        members1_.password as password6_6_1_,
        members1_.phone as phone7_6_1_,
        members1_.refresh_token as refresh_8_6_1_,
        members1_.role as role9_6_1_,
        clothesinf2_.id as id1_2_2_,
        clothesinf2_.categoryl as category2_2_2_,
        clothesinf2_.categorys as category3_2_2_,
        clothesinf2_.fit as fit4_2_2_,
        clothesinf2_.length as length5_2_2_,
        colors3_.id as id1_4_3_,
        colors3_.name as name2_4_3_,
        materials4_.id as id1_5_4_,
        materials4_.name as name2_5_4_,
        style5_.id as id1_14_5_,
        style5_.name as name2_14_5_,
        salesinfoc6_.id as id1_9_6_,
        salesinfoc6_.clothes_brand as clothes_2_9_6_,
        salesinfoc6_.clothes_color as clothes_3_9_6_,
        salesinfoc6_.clothes_gender as clothes_4_9_6_,
        salesinfoc6_.clothes_size as clothes_5_9_6_,
        salesinfos7_.id as id1_10_7_,
        salesinfos7_.status_score as status_s2_10_7_,
        salesinfos7_.status_tag as status_t3_10_7_,
        salesinfos7_.status_times as status_t4_10_7_,
        salesinfos7_.status_when2buy as status_w5_10_7_,
        salesinfos7_.transport as transpor6_10_7_,
        salesinfou8_.id as id1_11_8_,
        salesinfou8_.user_height as user_hei2_11_8_,
        salesinfou8_.user_size as user_siz3_11_8_,
        salesinfou8_.user_weight as user_wei4_11_8_ 
    from
        stores stores0_ 
    left outer join
        members members1_ 
            on stores0_.author_id=members1_.id 
    left outer join
        clothes_info clothesinf2_ 
            on stores0_.clothes_info_id=clothesinf2_.id 
    left outer join
        colors colors3_ 
            on stores0_.colors_name=colors3_.name 
    left outer join
        materials materials4_ 
            on stores0_.materials_name=materials4_.name 
    left outer join
        style style5_ 
            on stores0_.style_name=style5_.name 
    left outer join
        sales_info_clothes salesinfoc6_ 
            on stores0_.sales_info_clothes_id=salesinfoc6_.id 
    left outer join
        sales_info_status salesinfos7_ 
            on stores0_.sales_info_status_id=salesinfos7_.id 
    left outer join
        sales_info_user salesinfou8_ 
            on stores0_.sales_info_user_id=salesinfou8_.id 
    where
        stores0_.id=?
Hibernate: 
    select
        stores0_.id as id1_12_0_,
        stores0_.created_date as created_2_12_0_,
        stores0_.modified_date as modified3_12_0_,
        stores0_.author_id as author_i9_12_0_,
        stores0_.clothes_info_id as clothes10_12_0_,
        stores0_.colors_name as colors_11_12_0_,
        stores0_.materials_name as materia12_12_0_,
        stores0_.style_name as style_n13_12_0_,
        stores0_.clothes_length as clothes_4_12_0_,
        stores0_.content as content5_12_0_,
        stores0_.price as price6_12_0_,
        stores0_.sales_info_clothes_id as sales_i14_12_0_,
        stores0_.sales_info_status_id as sales_i15_12_0_,
        stores0_.sales_info_user_id as sales_i16_12_0_,
        stores0_.status as status7_12_0_,
        stores0_.title as title8_12_0_,
        members1_.id as id1_6_1_,
        members1_.email as email2_6_1_,
        members1_.image as image3_6_1_,
        members1_.name as name4_6_1_,
        members1_.nickname as nickname5_6_1_,
        members1_.password as password6_6_1_,
        members1_.phone as phone7_6_1_,
        members1_.refresh_token as refresh_8_6_1_,
        members1_.role as role9_6_1_,
        clothesinf2_.id as id1_2_2_,
        clothesinf2_.categoryl as category2_2_2_,
        clothesinf2_.categorys as category3_2_2_,
        clothesinf2_.fit as fit4_2_2_,
        clothesinf2_.length as length5_2_2_,
        colors3_.id as id1_4_3_,
        colors3_.name as name2_4_3_,
        materials4_.id as id1_5_4_,
        materials4_.name as name2_5_4_,
        style5_.id as id1_14_5_,
        style5_.name as name2_14_5_,
        salesinfoc6_.id as id1_9_6_,
        salesinfoc6_.clothes_brand as clothes_2_9_6_,
        salesinfoc6_.clothes_color as clothes_3_9_6_,
        salesinfoc6_.clothes_gender as clothes_4_9_6_,
        salesinfoc6_.clothes_size as clothes_5_9_6_,
        salesinfos7_.id as id1_10_7_,
        salesinfos7_.status_score as status_s2_10_7_,
        salesinfos7_.status_tag as status_t3_10_7_,
        salesinfos7_.status_times as status_t4_10_7_,
        salesinfos7_.status_when2buy as status_w5_10_7_,
        salesinfos7_.transport as transpor6_10_7_,
        salesinfou8_.id as id1_11_8_,
        salesinfou8_.user_height as user_hei2_11_8_,
        salesinfou8_.user_size as user_siz3_11_8_,
        salesinfou8_.user_weight as user_wei4_11_8_ 
    from
        stores stores0_ 
    left outer join
        members members1_ 
            on stores0_.author_id=members1_.id 
    left outer join
        clothes_info clothesinf2_ 
            on stores0_.clothes_info_id=clothesinf2_.id 
    left outer join
        colors colors3_ 
            on stores0_.colors_name=colors3_.name 
    left outer join
        materials materials4_ 
            on stores0_.materials_name=materials4_.name 
    left outer join
        style style5_ 
            on stores0_.style_name=style5_.name 
    left outer join
        sales_info_clothes salesinfoc6_ 
            on stores0_.sales_info_clothes_id=salesinfoc6_.id 
    left outer join
        sales_info_status salesinfos7_ 
            on stores0_.sales_info_status_id=salesinfos7_.id 
    left outer join
        sales_info_user salesinfou8_ 
            on stores0_.sales_info_user_id=salesinfou8_.id 
    where
        stores0_.id=?
Hibernate: 
    select
        stores0_.id as id1_12_0_,
        stores0_.created_date as created_2_12_0_,
        stores0_.modified_date as modified3_12_0_,
        stores0_.author_id as author_i9_12_0_,
        stores0_.clothes_info_id as clothes10_12_0_,
        stores0_.colors_name as colors_11_12_0_,
        stores0_.materials_name as materia12_12_0_,
        stores0_.style_name as style_n13_12_0_,
        stores0_.clothes_length as clothes_4_12_0_,
        stores0_.content as content5_12_0_,
        stores0_.price as price6_12_0_,
        stores0_.sales_info_clothes_id as sales_i14_12_0_,
        stores0_.sales_info_status_id as sales_i15_12_0_,
        stores0_.sales_info_user_id as sales_i16_12_0_,
        stores0_.status as status7_12_0_,
        stores0_.title as title8_12_0_,
        members1_.id as id1_6_1_,
        members1_.email as email2_6_1_,
        members1_.image as image3_6_1_,
        members1_.name as name4_6_1_,
        members1_.nickname as nickname5_6_1_,
        members1_.password as password6_6_1_,
        members1_.phone as phone7_6_1_,
        members1_.refresh_token as refresh_8_6_1_,
        members1_.role as role9_6_1_,
        clothesinf2_.id as id1_2_2_,
        clothesinf2_.categoryl as category2_2_2_,
        clothesinf2_.categorys as category3_2_2_,
        clothesinf2_.fit as fit4_2_2_,
        clothesinf2_.length as length5_2_2_,
        colors3_.id as id1_4_3_,
        colors3_.name as name2_4_3_,
        materials4_.id as id1_5_4_,
        materials4_.name as name2_5_4_,
        style5_.id as id1_14_5_,
        style5_.name as name2_14_5_,
        salesinfoc6_.id as id1_9_6_,
        salesinfoc6_.clothes_brand as clothes_2_9_6_,
        salesinfoc6_.clothes_color as clothes_3_9_6_,
        salesinfoc6_.clothes_gender as clothes_4_9_6_,
        salesinfoc6_.clothes_size as clothes_5_9_6_,
        salesinfos7_.id as id1_10_7_,
        salesinfos7_.status_score as status_s2_10_7_,
        salesinfos7_.status_tag as status_t3_10_7_,
        salesinfos7_.status_times as status_t4_10_7_,
        salesinfos7_.status_when2buy as status_w5_10_7_,
        salesinfos7_.transport as transpor6_10_7_,
        salesinfou8_.id as id1_11_8_,
        salesinfou8_.user_height as user_hei2_11_8_,
        salesinfou8_.user_size as user_siz3_11_8_,
        salesinfou8_.user_weight as user_wei4_11_8_ 
    from
        stores stores0_ 
    left outer join
        members members1_ 
            on stores0_.author_id=members1_.id 
    left outer join
        clothes_info clothesinf2_ 
            on stores0_.clothes_info_id=clothesinf2_.id 
    left outer join
        colors colors3_ 
            on stores0_.colors_name=colors3_.name 
    left outer join
        materials materials4_ 
            on stores0_.materials_name=materials4_.name 
    left outer join
        style style5_ 
            on stores0_.style_name=style5_.name 
    left outer join
        sales_info_clothes salesinfoc6_ 
            on stores0_.sales_info_clothes_id=salesinfoc6_.id 
    left outer join
        sales_info_status salesinfos7_ 
            on stores0_.sales_info_status_id=salesinfos7_.id 
    left outer join
        sales_info_user salesinfou8_ 
            on stores0_.sales_info_user_id=salesinfou8_.id 
    where
        stores0_.id=?
Hibernate: 
    select
        stores0_.id as id1_12_0_,
        stores0_.created_date as created_2_12_0_,
        stores0_.modified_date as modified3_12_0_,
        stores0_.author_id as author_i9_12_0_,
        stores0_.clothes_info_id as clothes10_12_0_,
        stores0_.colors_name as colors_11_12_0_,
        stores0_.materials_name as materia12_12_0_,
        stores0_.style_name as style_n13_12_0_,
        stores0_.clothes_length as clothes_4_12_0_,
        stores0_.content as content5_12_0_,
        stores0_.price as price6_12_0_,
        stores0_.sales_info_clothes_id as sales_i14_12_0_,
        stores0_.sales_info_status_id as sales_i15_12_0_,
        stores0_.sales_info_user_id as sales_i16_12_0_,
        stores0_.status as status7_12_0_,
        stores0_.title as title8_12_0_,
        members1_.id as id1_6_1_,
        members1_.email as email2_6_1_,
        members1_.image as image3_6_1_,
        members1_.name as name4_6_1_,
        members1_.nickname as nickname5_6_1_,
        members1_.password as password6_6_1_,
        members1_.phone as phone7_6_1_,
        members1_.refresh_token as refresh_8_6_1_,
        members1_.role as role9_6_1_,
        clothesinf2_.id as id1_2_2_,
        clothesinf2_.categoryl as category2_2_2_,
        clothesinf2_.categorys as category3_2_2_,
        clothesinf2_.fit as fit4_2_2_,
        clothesinf2_.length as length5_2_2_,
        colors3_.id as id1_4_3_,
        colors3_.name as name2_4_3_,
        materials4_.id as id1_5_4_,
        materials4_.name as name2_5_4_,
        style5_.id as id1_14_5_,
        style5_.name as name2_14_5_,
        salesinfoc6_.id as id1_9_6_,
        salesinfoc6_.clothes_brand as clothes_2_9_6_,
        salesinfoc6_.clothes_color as clothes_3_9_6_,
        salesinfoc6_.clothes_gender as clothes_4_9_6_,
        salesinfoc6_.clothes_size as clothes_5_9_6_,
        salesinfos7_.id as id1_10_7_,
        salesinfos7_.status_score as status_s2_10_7_,
        salesinfos7_.status_tag as status_t3_10_7_,
        salesinfos7_.status_times as status_t4_10_7_,
        salesinfos7_.status_when2buy as status_w5_10_7_,
        salesinfos7_.transport as transpor6_10_7_,
        salesinfou8_.id as id1_11_8_,
        salesinfou8_.user_height as user_hei2_11_8_,
        salesinfou8_.user_size as user_siz3_11_8_,
        salesinfou8_.user_weight as user_wei4_11_8_ 
    from
        stores stores0_ 
    left outer join
        members members1_ 
            on stores0_.author_id=members1_.id 
    left outer join
        clothes_info clothesinf2_ 
            on stores0_.clothes_info_id=clothesinf2_.id 
    left outer join
        colors colors3_ 
            on stores0_.colors_name=colors3_.name 
    left outer join
        materials materials4_ 
            on stores0_.materials_name=materials4_.name 
    left outer join
        style style5_ 
            on stores0_.style_name=style5_.name 
    left outer join
        sales_info_clothes salesinfoc6_ 
            on stores0_.sales_info_clothes_id=salesinfoc6_.id 
    left outer join
        sales_info_status salesinfos7_ 
            on stores0_.sales_info_status_id=salesinfos7_.id 
    left outer join
        sales_info_user salesinfou8_ 
            on stores0_.sales_info_user_id=salesinfou8_.id 
    where
        stores0_.id=?
Hibernate: 
    select
        stores0_.id as id1_12_0_,
        stores0_.created_date as created_2_12_0_,
        stores0_.modified_date as modified3_12_0_,
        stores0_.author_id as author_i9_12_0_,
        stores0_.clothes_info_id as clothes10_12_0_,
        stores0_.colors_name as colors_11_12_0_,
        stores0_.materials_name as materia12_12_0_,
        stores0_.style_name as style_n13_12_0_,
        stores0_.clothes_length as clothes_4_12_0_,
        stores0_.content as content5_12_0_,
        stores0_.price as price6_12_0_,
        stores0_.sales_info_clothes_id as sales_i14_12_0_,
        stores0_.sales_info_status_id as sales_i15_12_0_,
        stores0_.sales_info_user_id as sales_i16_12_0_,
        stores0_.status as status7_12_0_,
        stores0_.title as title8_12_0_,
        members1_.id as id1_6_1_,
        members1_.email as email2_6_1_,
        members1_.image as image3_6_1_,
        members1_.name as name4_6_1_,
        members1_.nickname as nickname5_6_1_,
        members1_.password as password6_6_1_,
        members1_.phone as phone7_6_1_,
        members1_.refresh_token as refresh_8_6_1_,
        members1_.role as role9_6_1_,
        clothesinf2_.id as id1_2_2_,
        clothesinf2_.categoryl as category2_2_2_,
        clothesinf2_.categorys as category3_2_2_,
        clothesinf2_.fit as fit4_2_2_,
        clothesinf2_.length as length5_2_2_,
        colors3_.id as id1_4_3_,
        colors3_.name as name2_4_3_,
        materials4_.id as id1_5_4_,
        materials4_.name as name2_5_4_,
        style5_.id as id1_14_5_,
        style5_.name as name2_14_5_,
        salesinfoc6_.id as id1_9_6_,
        salesinfoc6_.clothes_brand as clothes_2_9_6_,
        salesinfoc6_.clothes_color as clothes_3_9_6_,
        salesinfoc6_.clothes_gender as clothes_4_9_6_,
        salesinfoc6_.clothes_size as clothes_5_9_6_,
        salesinfos7_.id as id1_10_7_,
        salesinfos7_.status_score as status_s2_10_7_,
        salesinfos7_.status_tag as status_t3_10_7_,
        salesinfos7_.status_times as status_t4_10_7_,
        salesinfos7_.status_when2buy as status_w5_10_7_,
        salesinfos7_.transport as transpor6_10_7_,
        salesinfou8_.id as id1_11_8_,
        salesinfou8_.user_height as user_hei2_11_8_,
        salesinfou8_.user_size as user_siz3_11_8_,
        salesinfou8_.user_weight as user_wei4_11_8_ 
    from
        stores stores0_ 
    left outer join
        members members1_ 
            on stores0_.author_id=members1_.id 
    left outer join
        clothes_info clothesinf2_ 
            on stores0_.clothes_info_id=clothesinf2_.id 
    left outer join
        colors colors3_ 
            on stores0_.colors_name=colors3_.name 
    left outer join
        materials materials4_ 
            on stores0_.materials_name=materials4_.name 
    left outer join
        style style5_ 
            on stores0_.style_name=style5_.name 
    left outer join
        sales_info_clothes salesinfoc6_ 
            on stores0_.sales_info_clothes_id=salesinfoc6_.id 
    left outer join
        sales_info_status salesinfos7_ 
            on stores0_.sales_info_status_id=salesinfos7_.id 
    left outer join
        sales_info_user salesinfou8_ 
            on stores0_.sales_info_user_id=salesinfou8_.id 
    where
        stores0_.id=?
Hibernate: 
    select
        members0_.id as id1_6_,
        members0_.email as email2_6_,
        members0_.image as image3_6_,
        members0_.name as name4_6_,
        members0_.nickname as nickname5_6_,
        members0_.password as password6_6_,
        members0_.phone as phone7_6_,
        members0_.refresh_token as refresh_8_6_,
        members0_.role as role9_6_ 
    from
        members members0_ 
    where
        members0_.email=?
Hibernate: 
    select
        members0_.id as id1_6_,
        members0_.email as email2_6_,
        members0_.image as image3_6_,
        members0_.name as name4_6_,
        members0_.nickname as nickname5_6_,
        members0_.password as password6_6_,
        members0_.phone as phone7_6_,
        members0_.refresh_token as refresh_8_6_,
        members0_.role as role9_6_ 
    from
        members members0_ 
    where
        members0_.email=?
2022-11-10 12:34:05.943  INFO 9968 --- [    Test worker] o.a.c.c.C.[Tomcat].[localhost].[/]       : Initializing Spring TestDispatcherServlet ''
2022-11-10 12:34:05.943  INFO 9968 --- [    Test worker] o.s.t.web.servlet.TestDispatcherServlet  : Initializing Servlet ''
2022-11-10 12:34:05.945  INFO 9968 --- [    Test worker] o.s.t.web.servlet.TestDispatcherServlet  : Completed initialization in 2 ms
gunsong2@naver.com
Hibernate: 
    select
        members0_.id as id1_6_,
        members0_.email as email2_6_,
        members0_.image as image3_6_,
        members0_.name as name4_6_,
        members0_.nickname as nickname5_6_,
        members0_.password as password6_6_,
        members0_.phone as phone7_6_,
        members0_.refresh_token as refresh_8_6_,
        members0_.role as role9_6_ 
    from
        members members0_ 
    where
        members0_.email=?
Hibernate: 
    select
        style0_.id as id1_14_,
        style0_.name as name2_14_ 
    from
        style style0_ 
    where
        style0_.name=?
Hibernate: 
    select
        materials0_.id as id1_5_,
        materials0_.name as name2_5_ 
    from
        materials materials0_ 
    where
        materials0_.name=?
Hibernate: 
    select
        colors0_.id as id1_4_,
        colors0_.name as name2_4_ 
    from
        colors colors0_ 
    where
        colors0_.name=?
Hibernate: 
    select
        clothesinf0_.id as id1_2_,
        clothesinf0_.categoryl as category2_2_,
        clothesinf0_.categorys as category3_2_,
        clothesinf0_.fit as fit4_2_,
        clothesinf0_.length as length5_2_ 
    from
        clothes_info clothesinf0_ 
    where
        clothesinf0_.categoryl=? 
        and clothesinf0_.categorys=? 
        and clothesinf0_.length=? 
        and clothesinf0_.fit=?
Hibernate: 
    select
        salesinfoc0_.id as id1_9_,
        salesinfoc0_.clothes_brand as clothes_2_9_,
        salesinfoc0_.clothes_color as clothes_3_9_,
        salesinfoc0_.clothes_gender as clothes_4_9_,
        salesinfoc0_.clothes_size as clothes_5_9_ 
    from
        sales_info_clothes salesinfoc0_ 
    where
        salesinfoc0_.clothes_brand=? 
        and salesinfoc0_.clothes_gender=? 
        and salesinfoc0_.clothes_size=? 
        and salesinfoc0_.clothes_color=?
Hibernate: 
    select
        salesinfos0_.id as id1_10_,
        salesinfos0_.status_score as status_s2_10_,
        salesinfos0_.status_tag as status_t3_10_,
        salesinfos0_.status_times as status_t4_10_,
        salesinfos0_.status_when2buy as status_w5_10_,
        salesinfos0_.transport as transpor6_10_ 
    from
        sales_info_status salesinfos0_ 
    where
        salesinfos0_.status_tag=? 
        and salesinfos0_.status_score=? 
        and salesinfos0_.status_times=? 
        and salesinfos0_.status_when2buy=? 
        and salesinfos0_.transport=?
Hibernate: 
    select
        salesinfou0_.id as id1_11_,
        salesinfou0_.user_height as user_hei2_11_,
        salesinfou0_.user_size as user_siz3_11_,
        salesinfou0_.user_weight as user_wei4_11_ 
    from
        sales_info_user salesinfou0_ 
    where
        salesinfou0_.user_size=? 
        and salesinfou0_.user_weight=? 
        and salesinfou0_.user_height=?
Hibernate: 
    insert 
    into
        clothes_image
        (closets_post_id, path, stores_post_id, type) 
    values
        (?, ?, ?, ?)
Hibernate: 
    insert 
    into
        clothes_image
        (closets_post_id, path, stores_post_id, type) 
    values
        (?, ?, ?, ?)
Hibernate: 
    insert 
    into
        stores
        (created_date, modified_date, author_id, clothes_info_id, colors_name, materials_name, style_name, clothes_length, content, price, sales_info_clothes_id, sales_info_status_id, sales_info_user_id, status, title) 
    values
        (?, ?, ?, ?, ?, ?, ?, ?, ?, ?, ?, ?, ?, ?, ?)
Hibernate: 
    update
        clothes_image 
    set
        closets_post_id=?,
        path=?,
        stores_post_id=?,
        type=? 
    where
        id=?
Hibernate: 
    update
        clothes_image 
    set
        closets_post_id=?,
        path=?,
        stores_post_id=?,
        type=? 
    where
        id=?
gunsong2@naver.com
Hibernate: 
    select
        members0_.id as id1_6_,
        members0_.email as email2_6_,
        members0_.image as image3_6_,
        members0_.name as name4_6_,
        members0_.nickname as nickname5_6_,
        members0_.password as password6_6_,
        members0_.phone as phone7_6_,
        members0_.refresh_token as refresh_8_6_,
        members0_.role as role9_6_ 
    from
        members members0_ 
    where
        members0_.email=?
Hibernate: 
    select
        style0_.id as id1_14_,
        style0_.name as name2_14_ 
    from
        style style0_ 
    where
        style0_.name=?
Hibernate: 
    select
        materials0_.id as id1_5_,
        materials0_.name as name2_5_ 
    from
        materials materials0_ 
    where
        materials0_.name=?
Hibernate: 
    select
        colors0_.id as id1_4_,
        colors0_.name as name2_4_ 
    from
        colors colors0_ 
    where
        colors0_.name=?
Hibernate: 
    select
        clothesinf0_.id as id1_2_,
        clothesinf0_.categoryl as category2_2_,
        clothesinf0_.categorys as category3_2_,
        clothesinf0_.fit as fit4_2_,
        clothesinf0_.length as length5_2_ 
    from
        clothes_info clothesinf0_ 
    where
        clothesinf0_.categoryl=? 
        and clothesinf0_.categorys=? 
        and clothesinf0_.length=? 
        and clothesinf0_.fit=?
Hibernate: 
    select
        salesinfoc0_.id as id1_9_,
        salesinfoc0_.clothes_brand as clothes_2_9_,
        salesinfoc0_.clothes_color as clothes_3_9_,
        salesinfoc0_.clothes_gender as clothes_4_9_,
        salesinfoc0_.clothes_size as clothes_5_9_ 
    from
        sales_info_clothes salesinfoc0_ 
    where
        salesinfoc0_.clothes_brand=? 
        and salesinfoc0_.clothes_gender=? 
        and salesinfoc0_.clothes_size=? 
        and salesinfoc0_.clothes_color=?
Hibernate: 
    select
        salesinfos0_.id as id1_10_,
        salesinfos0_.status_score as status_s2_10_,
        salesinfos0_.status_tag as status_t3_10_,
        salesinfos0_.status_times as status_t4_10_,
        salesinfos0_.status_when2buy as status_w5_10_,
        salesinfos0_.transport as transpor6_10_ 
    from
        sales_info_status salesinfos0_ 
    where
        salesinfos0_.status_tag=? 
        and salesinfos0_.status_score=? 
        and salesinfos0_.status_times=? 
        and salesinfos0_.status_when2buy=? 
        and salesinfos0_.transport=?
Hibernate: 
    select
        salesinfou0_.id as id1_11_,
        salesinfou0_.user_height as user_hei2_11_,
        salesinfou0_.user_size as user_siz3_11_,
        salesinfou0_.user_weight as user_wei4_11_ 
    from
        sales_info_user salesinfou0_ 
    where
        salesinfou0_.user_size=? 
        and salesinfou0_.user_weight=? 
        and salesinfou0_.user_height=?
Hibernate: 
    insert 
    into
        clothes_image
        (closets_post_id, path, stores_post_id, type) 
    values
        (?, ?, ?, ?)
Hibernate: 
    insert 
    into
        clothes_image
        (closets_post_id, path, stores_post_id, type) 
    values
        (?, ?, ?, ?)
Hibernate: 
    insert 
    into
        stores
        (created_date, modified_date, author_id, clothes_info_id, colors_name, materials_name, style_name, clothes_length, content, price, sales_info_clothes_id, sales_info_status_id, sales_info_user_id, status, title) 
    values
        (?, ?, ?, ?, ?, ?, ?, ?, ?, ?, ?, ?, ?, ?, ?)
Hibernate: 
    update
        clothes_image 
    set
        closets_post_id=?,
        path=?,
        stores_post_id=?,
        type=? 
    where
        id=?
Hibernate: 
    update
        clothes_image 
    set
        closets_post_id=?,
        path=?,
        stores_post_id=?,
        type=? 
    where
        id=?
gunsong2@naver.com
Hibernate: 
    select
        members0_.id as id1_6_,
        members0_.email as email2_6_,
        members0_.image as image3_6_,
        members0_.name as name4_6_,
        members0_.nickname as nickname5_6_,
        members0_.password as password6_6_,
        members0_.phone as phone7_6_,
        members0_.refresh_token as refresh_8_6_,
        members0_.role as role9_6_ 
    from
        members members0_ 
    where
        members0_.email=?
Hibernate: 
    select
        style0_.id as id1_14_,
        style0_.name as name2_14_ 
    from
        style style0_ 
    where
        style0_.name=?
Hibernate: 
    select
        materials0_.id as id1_5_,
        materials0_.name as name2_5_ 
    from
        materials materials0_ 
    where
        materials0_.name=?
Hibernate: 
    select
        colors0_.id as id1_4_,
        colors0_.name as name2_4_ 
    from
        colors colors0_ 
    where
        colors0_.name=?
Hibernate: 
    select
        clothesinf0_.id as id1_2_,
        clothesinf0_.categoryl as category2_2_,
        clothesinf0_.categorys as category3_2_,
        clothesinf0_.fit as fit4_2_,
        clothesinf0_.length as length5_2_ 
    from
        clothes_info clothesinf0_ 
    where
        clothesinf0_.categoryl=? 
        and clothesinf0_.categorys=? 
        and clothesinf0_.length=? 
        and clothesinf0_.fit=?
Hibernate: 
    select
        salesinfoc0_.id as id1_9_,
        salesinfoc0_.clothes_brand as clothes_2_9_,
        salesinfoc0_.clothes_color as clothes_3_9_,
        salesinfoc0_.clothes_gender as clothes_4_9_,
        salesinfoc0_.clothes_size as clothes_5_9_ 
    from
        sales_info_clothes salesinfoc0_ 
    where
        salesinfoc0_.clothes_brand=? 
        and salesinfoc0_.clothes_gender=? 
        and salesinfoc0_.clothes_size=? 
        and salesinfoc0_.clothes_color=?
Hibernate: 
    select
        salesinfos0_.id as id1_10_,
        salesinfos0_.status_score as status_s2_10_,
        salesinfos0_.status_tag as status_t3_10_,
        salesinfos0_.status_times as status_t4_10_,
        salesinfos0_.status_when2buy as status_w5_10_,
        salesinfos0_.transport as transpor6_10_ 
    from
        sales_info_status salesinfos0_ 
    where
        salesinfos0_.status_tag=? 
        and salesinfos0_.status_score=? 
        and salesinfos0_.status_times=? 
        and salesinfos0_.status_when2buy=? 
        and salesinfos0_.transport=?
Hibernate: 
    select
        salesinfou0_.id as id1_11_,
        salesinfou0_.user_height as user_hei2_11_,
        salesinfou0_.user_size as user_siz3_11_,
        salesinfou0_.user_weight as user_wei4_11_ 
    from
        sales_info_user salesinfou0_ 
    where
        salesinfou0_.user_size=? 
        and salesinfou0_.user_weight=? 
        and salesinfou0_.user_height=?
Hibernate: 
    insert 
    into
        clothes_image
        (closets_post_id, path, stores_post_id, type) 
    values
        (?, ?, ?, ?)
Hibernate: 
    insert 
    into
        clothes_image
        (closets_post_id, path, stores_post_id, type) 
    values
        (?, ?, ?, ?)
Hibernate: 
    insert 
    into
        stores
        (created_date, modified_date, author_id, clothes_info_id, colors_name, materials_name, style_name, clothes_length, content, price, sales_info_clothes_id, sales_info_status_id, sales_info_user_id, status, title) 
    values
        (?, ?, ?, ?, ?, ?, ?, ?, ?, ?, ?, ?, ?, ?, ?)
Hibernate: 
    update
        clothes_image 
    set
        closets_post_id=?,
        path=?,
        stores_post_id=?,
        type=? 
    where
        id=?
Hibernate: 
    update
        clothes_image 
    set
        closets_post_id=?,
        path=?,
        stores_post_id=?,
        type=? 
    where
        id=?
gunsong2@naver.com
Hibernate: 
    select
        members0_.id as id1_6_,
        members0_.email as email2_6_,
        members0_.image as image3_6_,
        members0_.name as name4_6_,
        members0_.nickname as nickname5_6_,
        members0_.password as password6_6_,
        members0_.phone as phone7_6_,
        members0_.refresh_token as refresh_8_6_,
        members0_.role as role9_6_ 
    from
        members members0_ 
    where
        members0_.email=?
Hibernate: 
    select
        style0_.id as id1_14_,
        style0_.name as name2_14_ 
    from
        style style0_ 
    where
        style0_.name=?
Hibernate: 
    select
        materials0_.id as id1_5_,
        materials0_.name as name2_5_ 
    from
        materials materials0_ 
    where
        materials0_.name=?
Hibernate: 
    select
        colors0_.id as id1_4_,
        colors0_.name as name2_4_ 
    from
        colors colors0_ 
    where
        colors0_.name=?
Hibernate: 
    select
        clothesinf0_.id as id1_2_,
        clothesinf0_.categoryl as category2_2_,
        clothesinf0_.categorys as category3_2_,
        clothesinf0_.fit as fit4_2_,
        clothesinf0_.length as length5_2_ 
    from
        clothes_info clothesinf0_ 
    where
        clothesinf0_.categoryl=? 
        and clothesinf0_.categorys=? 
        and clothesinf0_.length=? 
        and clothesinf0_.fit=?
Hibernate: 
    select
        salesinfoc0_.id as id1_9_,
        salesinfoc0_.clothes_brand as clothes_2_9_,
        salesinfoc0_.clothes_color as clothes_3_9_,
        salesinfoc0_.clothes_gender as clothes_4_9_,
        salesinfoc0_.clothes_size as clothes_5_9_ 
    from
        sales_info_clothes salesinfoc0_ 
    where
        salesinfoc0_.clothes_brand=? 
        and salesinfoc0_.clothes_gender=? 
        and salesinfoc0_.clothes_size=? 
        and salesinfoc0_.clothes_color=?
Hibernate: 
    select
        salesinfos0_.id as id1_10_,
        salesinfos0_.status_score as status_s2_10_,
        salesinfos0_.status_tag as status_t3_10_,
        salesinfos0_.status_times as status_t4_10_,
        salesinfos0_.status_when2buy as status_w5_10_,
        salesinfos0_.transport as transpor6_10_ 
    from
        sales_info_status salesinfos0_ 
    where
        salesinfos0_.status_tag=? 
        and salesinfos0_.status_score=? 
        and salesinfos0_.status_times=? 
        and salesinfos0_.status_when2buy=? 
        and salesinfos0_.transport=?
Hibernate: 
    select
        salesinfou0_.id as id1_11_,
        salesinfou0_.user_height as user_hei2_11_,
        salesinfou0_.user_size as user_siz3_11_,
        salesinfou0_.user_weight as user_wei4_11_ 
    from
        sales_info_user salesinfou0_ 
    where
        salesinfou0_.user_size=? 
        and salesinfou0_.user_weight=? 
        and salesinfou0_.user_height=?
Hibernate: 
    insert 
    into
        clothes_image
        (closets_post_id, path, stores_post_id, type) 
    values
        (?, ?, ?, ?)
Hibernate: 
    insert 
    into
        clothes_image
        (closets_post_id, path, stores_post_id, type) 
    values
        (?, ?, ?, ?)
Hibernate: 
    insert 
    into
        stores
        (created_date, modified_date, author_id, clothes_info_id, colors_name, materials_name, style_name, clothes_length, content, price, sales_info_clothes_id, sales_info_status_id, sales_info_user_id, status, title) 
    values
        (?, ?, ?, ?, ?, ?, ?, ?, ?, ?, ?, ?, ?, ?, ?)
Hibernate: 
    update
        clothes_image 
    set
        closets_post_id=?,
        path=?,
        stores_post_id=?,
        type=? 
    where
        id=?
Hibernate: 
    update
        clothes_image 
    set
        closets_post_id=?,
        path=?,
        stores_post_id=?,
        type=? 
    where
        id=?
gunsong2@naver.com
Hibernate: 
    select
        members0_.id as id1_6_,
        members0_.email as email2_6_,
        members0_.image as image3_6_,
        members0_.name as name4_6_,
        members0_.nickname as nickname5_6_,
        members0_.password as password6_6_,
        members0_.phone as phone7_6_,
        members0_.refresh_token as refresh_8_6_,
        members0_.role as role9_6_ 
    from
        members members0_ 
    where
        members0_.email=?
Hibernate: 
    select
        style0_.id as id1_14_,
        style0_.name as name2_14_ 
    from
        style style0_ 
    where
        style0_.name=?
Hibernate: 
    select
        materials0_.id as id1_5_,
        materials0_.name as name2_5_ 
    from
        materials materials0_ 
    where
        materials0_.name=?
Hibernate: 
    select
        colors0_.id as id1_4_,
        colors0_.name as name2_4_ 
    from
        colors colors0_ 
    where
        colors0_.name=?
Hibernate: 
    select
        clothesinf0_.id as id1_2_,
        clothesinf0_.categoryl as category2_2_,
        clothesinf0_.categorys as category3_2_,
        clothesinf0_.fit as fit4_2_,
        clothesinf0_.length as length5_2_ 
    from
        clothes_info clothesinf0_ 
    where
        clothesinf0_.categoryl=? 
        and clothesinf0_.categorys=? 
        and clothesinf0_.length=? 
        and clothesinf0_.fit=?
Hibernate: 
    select
        salesinfoc0_.id as id1_9_,
        salesinfoc0_.clothes_brand as clothes_2_9_,
        salesinfoc0_.clothes_color as clothes_3_9_,
        salesinfoc0_.clothes_gender as clothes_4_9_,
        salesinfoc0_.clothes_size as clothes_5_9_ 
    from
        sales_info_clothes salesinfoc0_ 
    where
        salesinfoc0_.clothes_brand=? 
        and salesinfoc0_.clothes_gender=? 
        and salesinfoc0_.clothes_size=? 
        and salesinfoc0_.clothes_color=?
Hibernate: 
    select
        salesinfos0_.id as id1_10_,
        salesinfos0_.status_score as status_s2_10_,
        salesinfos0_.status_tag as status_t3_10_,
        salesinfos0_.status_times as status_t4_10_,
        salesinfos0_.status_when2buy as status_w5_10_,
        salesinfos0_.transport as transpor6_10_ 
    from
        sales_info_status salesinfos0_ 
    where
        salesinfos0_.status_tag=? 
        and salesinfos0_.status_score=? 
        and salesinfos0_.status_times=? 
        and salesinfos0_.status_when2buy=? 
        and salesinfos0_.transport=?
Hibernate: 
    select
        salesinfou0_.id as id1_11_,
        salesinfou0_.user_height as user_hei2_11_,
        salesinfou0_.user_size as user_siz3_11_,
        salesinfou0_.user_weight as user_wei4_11_ 
    from
        sales_info_user salesinfou0_ 
    where
        salesinfou0_.user_size=? 
        and salesinfou0_.user_weight=? 
        and salesinfou0_.user_height=?
Hibernate: 
    insert 
    into
        clothes_image
        (closets_post_id, path, stores_post_id, type) 
    values
        (?, ?, ?, ?)
Hibernate: 
    insert 
    into
        clothes_image
        (closets_post_id, path, stores_post_id, type) 
    values
        (?, ?, ?, ?)
Hibernate: 
    insert 
    into
        stores
        (created_date, modified_date, author_id, clothes_info_id, colors_name, materials_name, style_name, clothes_length, content, price, sales_info_clothes_id, sales_info_status_id, sales_info_user_id, status, title) 
    values
        (?, ?, ?, ?, ?, ?, ?, ?, ?, ?, ?, ?, ?, ?, ?)
Hibernate: 
    update
        clothes_image 
    set
        closets_post_id=?,
        path=?,
        stores_post_id=?,
        type=? 
    where
        id=?
Hibernate: 
    update
        clothes_image 
    set
        closets_post_id=?,
        path=?,
        stores_post_id=?,
        type=? 
    where
        id=?
Hibernate: 
    select
        stores0_.id as id1_12_,
        stores0_.created_date as created_2_12_,
        stores0_.modified_date as modified3_12_,
        stores0_.author_id as author_i9_12_,
        stores0_.clothes_info_id as clothes10_12_,
        stores0_.colors_name as colors_11_12_,
        stores0_.materials_name as materia12_12_,
        stores0_.style_name as style_n13_12_,
        stores0_.clothes_length as clothes_4_12_,
        stores0_.content as content5_12_,
        stores0_.price as price6_12_,
        stores0_.sales_info_clothes_id as sales_i14_12_,
        stores0_.sales_info_status_id as sales_i15_12_,
        stores0_.sales_info_user_id as sales_i16_12_,
        stores0_.status as status7_12_,
        stores0_.title as title8_12_ 
    from
        stores stores0_
Hibernate: 
    select
        members0_.id as id1_6_0_,
        members0_.email as email2_6_0_,
        members0_.image as image3_6_0_,
        members0_.name as name4_6_0_,
        members0_.nickname as nickname5_6_0_,
        members0_.password as password6_6_0_,
        members0_.phone as phone7_6_0_,
        members0_.refresh_token as refresh_8_6_0_,
        members0_.role as role9_6_0_ 
    from
        members members0_ 
    where
        members0_.id=?
Hibernate: 
    select
        clothesinf0_.id as id1_2_0_,
        clothesinf0_.categoryl as category2_2_0_,
        clothesinf0_.categorys as category3_2_0_,
        clothesinf0_.fit as fit4_2_0_,
        clothesinf0_.length as length5_2_0_ 
    from
        clothes_info clothesinf0_ 
    where
        clothesinf0_.id=?
Hibernate: 
    select
        colors0_.id as id1_4_0_,
        colors0_.name as name2_4_0_ 
    from
        colors colors0_ 
    where
        colors0_.name=?
Hibernate: 
    select
        materials0_.id as id1_5_0_,
        materials0_.name as name2_5_0_ 
    from
        materials materials0_ 
    where
        materials0_.name=?
Hibernate: 
    select
        style0_.id as id1_14_0_,
        style0_.name as name2_14_0_ 
    from
        style style0_ 
    where
        style0_.name=?
Hibernate: 
    select
        salesinfoc0_.id as id1_9_0_,
        salesinfoc0_.clothes_brand as clothes_2_9_0_,
        salesinfoc0_.clothes_color as clothes_3_9_0_,
        salesinfoc0_.clothes_gender as clothes_4_9_0_,
        salesinfoc0_.clothes_size as clothes_5_9_0_ 
    from
        sales_info_clothes salesinfoc0_ 
    where
        salesinfoc0_.id=?
Hibernate: 
    select
        salesinfos0_.id as id1_10_0_,
        salesinfos0_.status_score as status_s2_10_0_,
        salesinfos0_.status_tag as status_t3_10_0_,
        salesinfos0_.status_times as status_t4_10_0_,
        salesinfos0_.status_when2buy as status_w5_10_0_,
        salesinfos0_.transport as transpor6_10_0_ 
    from
        sales_info_status salesinfos0_ 
    where
        salesinfos0_.id=?
Hibernate: 
    select
        salesinfou0_.id as id1_11_0_,
        salesinfou0_.user_height as user_hei2_11_0_,
        salesinfou0_.user_size as user_siz3_11_0_,
        salesinfou0_.user_weight as user_wei4_11_0_ 
    from
        sales_info_user salesinfou0_ 
    where
        salesinfou0_.id=?
Hibernate: 
    select
        clothesinf0_.id as id1_2_0_,
        clothesinf0_.categoryl as category2_2_0_,
        clothesinf0_.categorys as category3_2_0_,
        clothesinf0_.fit as fit4_2_0_,
        clothesinf0_.length as length5_2_0_ 
    from
        clothes_info clothesinf0_ 
    where
        clothesinf0_.id=?
Hibernate: 
    select
        colors0_.id as id1_4_0_,
        colors0_.name as name2_4_0_ 
    from
        colors colors0_ 
    where
        colors0_.name=?
Hibernate: 
    select
        materials0_.id as id1_5_0_,
        materials0_.name as name2_5_0_ 
    from
        materials materials0_ 
    where
        materials0_.name=?
Hibernate: 
    select
        style0_.id as id1_14_0_,
        style0_.name as name2_14_0_ 
    from
        style style0_ 
    where
        style0_.name=?
Hibernate: 
    select
        salesinfoc0_.id as id1_9_0_,
        salesinfoc0_.clothes_brand as clothes_2_9_0_,
        salesinfoc0_.clothes_color as clothes_3_9_0_,
        salesinfoc0_.clothes_gender as clothes_4_9_0_,
        salesinfoc0_.clothes_size as clothes_5_9_0_ 
    from
        sales_info_clothes salesinfoc0_ 
    where
        salesinfoc0_.id=?
Hibernate: 
    select
        salesinfos0_.id as id1_10_0_,
        salesinfos0_.status_score as status_s2_10_0_,
        salesinfos0_.status_tag as status_t3_10_0_,
        salesinfos0_.status_times as status_t4_10_0_,
        salesinfos0_.status_when2buy as status_w5_10_0_,
        salesinfos0_.transport as transpor6_10_0_ 
    from
        sales_info_status salesinfos0_ 
    where
        salesinfos0_.id=?
Hibernate: 
    select
        salesinfou0_.id as id1_11_0_,
        salesinfou0_.user_height as user_hei2_11_0_,
        salesinfou0_.user_size as user_siz3_11_0_,
        salesinfou0_.user_weight as user_wei4_11_0_ 
    from
        sales_info_user salesinfou0_ 
    where
        salesinfou0_.id=?
Hibernate: 
    select
        clothesinf0_.id as id1_2_0_,
        clothesinf0_.categoryl as category2_2_0_,
        clothesinf0_.categorys as category3_2_0_,
        clothesinf0_.fit as fit4_2_0_,
        clothesinf0_.length as length5_2_0_ 
    from
        clothes_info clothesinf0_ 
    where
        clothesinf0_.id=?
Hibernate: 
    select
        colors0_.id as id1_4_0_,
        colors0_.name as name2_4_0_ 
    from
        colors colors0_ 
    where
        colors0_.name=?
Hibernate: 
    select
        materials0_.id as id1_5_0_,
        materials0_.name as name2_5_0_ 
    from
        materials materials0_ 
    where
        materials0_.name=?
Hibernate: 
    select
        style0_.id as id1_14_0_,
        style0_.name as name2_14_0_ 
    from
        style style0_ 
    where
        style0_.name=?
Hibernate: 
    select
        salesinfoc0_.id as id1_9_0_,
        salesinfoc0_.clothes_brand as clothes_2_9_0_,
        salesinfoc0_.clothes_color as clothes_3_9_0_,
        salesinfoc0_.clothes_gender as clothes_4_9_0_,
        salesinfoc0_.clothes_size as clothes_5_9_0_ 
    from
        sales_info_clothes salesinfoc0_ 
    where
        salesinfoc0_.id=?
Hibernate: 
    select
        salesinfos0_.id as id1_10_0_,
        salesinfos0_.status_score as status_s2_10_0_,
        salesinfos0_.status_tag as status_t3_10_0_,
        salesinfos0_.status_times as status_t4_10_0_,
        salesinfos0_.status_when2buy as status_w5_10_0_,
        salesinfos0_.transport as transpor6_10_0_ 
    from
        sales_info_status salesinfos0_ 
    where
        salesinfos0_.id=?
Hibernate: 
    select
        salesinfou0_.id as id1_11_0_,
        salesinfou0_.user_height as user_hei2_11_0_,
        salesinfou0_.user_size as user_siz3_11_0_,
        salesinfou0_.user_weight as user_wei4_11_0_ 
    from
        sales_info_user salesinfou0_ 
    where
        salesinfou0_.id=?
Hibernate: 
    select
        clothesinf0_.id as id1_2_0_,
        clothesinf0_.categoryl as category2_2_0_,
        clothesinf0_.categorys as category3_2_0_,
        clothesinf0_.fit as fit4_2_0_,
        clothesinf0_.length as length5_2_0_ 
    from
        clothes_info clothesinf0_ 
    where
        clothesinf0_.id=?
Hibernate: 
    select
        colors0_.id as id1_4_0_,
        colors0_.name as name2_4_0_ 
    from
        colors colors0_ 
    where
        colors0_.name=?
Hibernate: 
    select
        materials0_.id as id1_5_0_,
        materials0_.name as name2_5_0_ 
    from
        materials materials0_ 
    where
        materials0_.name=?
Hibernate: 
    select
        style0_.id as id1_14_0_,
        style0_.name as name2_14_0_ 
    from
        style style0_ 
    where
        style0_.name=?
Hibernate: 
    select
        salesinfoc0_.id as id1_9_0_,
        salesinfoc0_.clothes_brand as clothes_2_9_0_,
        salesinfoc0_.clothes_color as clothes_3_9_0_,
        salesinfoc0_.clothes_gender as clothes_4_9_0_,
        salesinfoc0_.clothes_size as clothes_5_9_0_ 
    from
        sales_info_clothes salesinfoc0_ 
    where
        salesinfoc0_.id=?
Hibernate: 
    select
        salesinfos0_.id as id1_10_0_,
        salesinfos0_.status_score as status_s2_10_0_,
        salesinfos0_.status_tag as status_t3_10_0_,
        salesinfos0_.status_times as status_t4_10_0_,
        salesinfos0_.status_when2buy as status_w5_10_0_,
        salesinfos0_.transport as transpor6_10_0_ 
    from
        sales_info_status salesinfos0_ 
    where
        salesinfos0_.id=?
Hibernate: 
    select
        salesinfou0_.id as id1_11_0_,
        salesinfou0_.user_height as user_hei2_11_0_,
        salesinfou0_.user_size as user_siz3_11_0_,
        salesinfou0_.user_weight as user_wei4_11_0_ 
    from
        sales_info_user salesinfou0_ 
    where
        salesinfou0_.id=?
Hibernate: 
    select
        clothesinf0_.id as id1_2_0_,
        clothesinf0_.categoryl as category2_2_0_,
        clothesinf0_.categorys as category3_2_0_,
        clothesinf0_.fit as fit4_2_0_,
        clothesinf0_.length as length5_2_0_ 
    from
        clothes_info clothesinf0_ 
    where
        clothesinf0_.id=?
Hibernate: 
    select
        materials0_.id as id1_5_0_,
        materials0_.name as name2_5_0_ 
    from
        materials materials0_ 
    where
        materials0_.name=?
Hibernate: 
    select
        style0_.id as id1_14_0_,
        style0_.name as name2_14_0_ 
    from
        style style0_ 
    where
        style0_.name=?
Hibernate: 
    select
        salesinfoc0_.id as id1_9_0_,
        salesinfoc0_.clothes_brand as clothes_2_9_0_,
        salesinfoc0_.clothes_color as clothes_3_9_0_,
        salesinfoc0_.clothes_gender as clothes_4_9_0_,
        salesinfoc0_.clothes_size as clothes_5_9_0_ 
    from
        sales_info_clothes salesinfoc0_ 
    where
        salesinfoc0_.id=?
Hibernate: 
    select
        salesinfos0_.id as id1_10_0_,
        salesinfos0_.status_score as status_s2_10_0_,
        salesinfos0_.status_tag as status_t3_10_0_,
        salesinfos0_.status_times as status_t4_10_0_,
        salesinfos0_.status_when2buy as status_w5_10_0_,
        salesinfos0_.transport as transpor6_10_0_ 
    from
        sales_info_status salesinfos0_ 
    where
        salesinfos0_.id=?
Hibernate: 
    select
        salesinfou0_.id as id1_11_0_,
        salesinfou0_.user_height as user_hei2_11_0_,
        salesinfou0_.user_size as user_siz3_11_0_,
        salesinfou0_.user_weight as user_wei4_11_0_ 
    from
        sales_info_user salesinfou0_ 
    where
        salesinfou0_.id=?
Hibernate: 
    select
        clothesinf0_.id as id1_2_0_,
        clothesinf0_.categoryl as category2_2_0_,
        clothesinf0_.categorys as category3_2_0_,
        clothesinf0_.fit as fit4_2_0_,
        clothesinf0_.length as length5_2_0_ 
    from
        clothes_info clothesinf0_ 
    where
        clothesinf0_.id=?
Hibernate: 
    select
        colors0_.id as id1_4_0_,
        colors0_.name as name2_4_0_ 
    from
        colors colors0_ 
    where
        colors0_.name=?
Hibernate: 
    select
        clothesima0_.id as id1_3_,
        clothesima0_.closets_post_id as closets_4_3_,
        clothesima0_.path as path2_3_,
        clothesima0_.stores_post_id as stores_p5_3_,
        clothesima0_.type as type3_3_ 
    from
        clothes_image clothesima0_
Hibernate: 
    select
        stores0_.id as id1_12_0_,
        stores0_.created_date as created_2_12_0_,
        stores0_.modified_date as modified3_12_0_,
        stores0_.author_id as author_i9_12_0_,
        stores0_.clothes_info_id as clothes10_12_0_,
        stores0_.colors_name as colors_11_12_0_,
        stores0_.materials_name as materia12_12_0_,
        stores0_.style_name as style_n13_12_0_,
        stores0_.clothes_length as clothes_4_12_0_,
        stores0_.content as content5_12_0_,
        stores0_.price as price6_12_0_,
        stores0_.sales_info_clothes_id as sales_i14_12_0_,
        stores0_.sales_info_status_id as sales_i15_12_0_,
        stores0_.sales_info_user_id as sales_i16_12_0_,
        stores0_.status as status7_12_0_,
        stores0_.title as title8_12_0_,
        members1_.id as id1_6_1_,
        members1_.email as email2_6_1_,
        members1_.image as image3_6_1_,
        members1_.name as name4_6_1_,
        members1_.nickname as nickname5_6_1_,
        members1_.password as password6_6_1_,
        members1_.phone as phone7_6_1_,
        members1_.refresh_token as refresh_8_6_1_,
        members1_.role as role9_6_1_,
        clothesinf2_.id as id1_2_2_,
        clothesinf2_.categoryl as category2_2_2_,
        clothesinf2_.categorys as category3_2_2_,
        clothesinf2_.fit as fit4_2_2_,
        clothesinf2_.length as length5_2_2_,
        colors3_.id as id1_4_3_,
        colors3_.name as name2_4_3_,
        materials4_.id as id1_5_4_,
        materials4_.name as name2_5_4_,
        style5_.id as id1_14_5_,
        style5_.name as name2_14_5_,
        salesinfoc6_.id as id1_9_6_,
        salesinfoc6_.clothes_brand as clothes_2_9_6_,
        salesinfoc6_.clothes_color as clothes_3_9_6_,
        salesinfoc6_.clothes_gender as clothes_4_9_6_,
        salesinfoc6_.clothes_size as clothes_5_9_6_,
        salesinfos7_.id as id1_10_7_,
        salesinfos7_.status_score as status_s2_10_7_,
        salesinfos7_.status_tag as status_t3_10_7_,
        salesinfos7_.status_times as status_t4_10_7_,
        salesinfos7_.status_when2buy as status_w5_10_7_,
        salesinfos7_.transport as transpor6_10_7_,
        salesinfou8_.id as id1_11_8_,
        salesinfou8_.user_height as user_hei2_11_8_,
        salesinfou8_.user_size as user_siz3_11_8_,
        salesinfou8_.user_weight as user_wei4_11_8_ 
    from
        stores stores0_ 
    left outer join
        members members1_ 
            on stores0_.author_id=members1_.id 
    left outer join
        clothes_info clothesinf2_ 
            on stores0_.clothes_info_id=clothesinf2_.id 
    left outer join
        colors colors3_ 
            on stores0_.colors_name=colors3_.name 
    left outer join
        materials materials4_ 
            on stores0_.materials_name=materials4_.name 
    left outer join
        style style5_ 
            on stores0_.style_name=style5_.name 
    left outer join
        sales_info_clothes salesinfoc6_ 
            on stores0_.sales_info_clothes_id=salesinfoc6_.id 
    left outer join
        sales_info_status salesinfos7_ 
            on stores0_.sales_info_status_id=salesinfos7_.id 
    left outer join
        sales_info_user salesinfou8_ 
            on stores0_.sales_info_user_id=salesinfou8_.id 
    where
        stores0_.id=?
Hibernate: 
    select
        stores0_.id as id1_12_0_,
        stores0_.created_date as created_2_12_0_,
        stores0_.modified_date as modified3_12_0_,
        stores0_.author_id as author_i9_12_0_,
        stores0_.clothes_info_id as clothes10_12_0_,
        stores0_.colors_name as colors_11_12_0_,
        stores0_.materials_name as materia12_12_0_,
        stores0_.style_name as style_n13_12_0_,
        stores0_.clothes_length as clothes_4_12_0_,
        stores0_.content as content5_12_0_,
        stores0_.price as price6_12_0_,
        stores0_.sales_info_clothes_id as sales_i14_12_0_,
        stores0_.sales_info_status_id as sales_i15_12_0_,
        stores0_.sales_info_user_id as sales_i16_12_0_,
        stores0_.status as status7_12_0_,
        stores0_.title as title8_12_0_,
        members1_.id as id1_6_1_,
        members1_.email as email2_6_1_,
        members1_.image as image3_6_1_,
        members1_.name as name4_6_1_,
        members1_.nickname as nickname5_6_1_,
        members1_.password as password6_6_1_,
        members1_.phone as phone7_6_1_,
        members1_.refresh_token as refresh_8_6_1_,
        members1_.role as role9_6_1_,
        clothesinf2_.id as id1_2_2_,
        clothesinf2_.categoryl as category2_2_2_,
        clothesinf2_.categorys as category3_2_2_,
        clothesinf2_.fit as fit4_2_2_,
        clothesinf2_.length as length5_2_2_,
        colors3_.id as id1_4_3_,
        colors3_.name as name2_4_3_,
        materials4_.id as id1_5_4_,
        materials4_.name as name2_5_4_,
        style5_.id as id1_14_5_,
        style5_.name as name2_14_5_,
        salesinfoc6_.id as id1_9_6_,
        salesinfoc6_.clothes_brand as clothes_2_9_6_,
        salesinfoc6_.clothes_color as clothes_3_9_6_,
        salesinfoc6_.clothes_gender as clothes_4_9_6_,
        salesinfoc6_.clothes_size as clothes_5_9_6_,
        salesinfos7_.id as id1_10_7_,
        salesinfos7_.status_score as status_s2_10_7_,
        salesinfos7_.status_tag as status_t3_10_7_,
        salesinfos7_.status_times as status_t4_10_7_,
        salesinfos7_.status_when2buy as status_w5_10_7_,
        salesinfos7_.transport as transpor6_10_7_,
        salesinfou8_.id as id1_11_8_,
        salesinfou8_.user_height as user_hei2_11_8_,
        salesinfou8_.user_size as user_siz3_11_8_,
        salesinfou8_.user_weight as user_wei4_11_8_ 
    from
        stores stores0_ 
    left outer join
        members members1_ 
            on stores0_.author_id=members1_.id 
    left outer join
        clothes_info clothesinf2_ 
            on stores0_.clothes_info_id=clothesinf2_.id 
    left outer join
        colors colors3_ 
            on stores0_.colors_name=colors3_.name 
    left outer join
        materials materials4_ 
            on stores0_.materials_name=materials4_.name 
    left outer join
        style style5_ 
            on stores0_.style_name=style5_.name 
    left outer join
        sales_info_clothes salesinfoc6_ 
            on stores0_.sales_info_clothes_id=salesinfoc6_.id 
    left outer join
        sales_info_status salesinfos7_ 
            on stores0_.sales_info_status_id=salesinfos7_.id 
    left outer join
        sales_info_user salesinfou8_ 
            on stores0_.sales_info_user_id=salesinfou8_.id 
    where
        stores0_.id=?
Hibernate: 
    select
        stores0_.id as id1_12_0_,
        stores0_.created_date as created_2_12_0_,
        stores0_.modified_date as modified3_12_0_,
        stores0_.author_id as author_i9_12_0_,
        stores0_.clothes_info_id as clothes10_12_0_,
        stores0_.colors_name as colors_11_12_0_,
        stores0_.materials_name as materia12_12_0_,
        stores0_.style_name as style_n13_12_0_,
        stores0_.clothes_length as clothes_4_12_0_,
        stores0_.content as content5_12_0_,
        stores0_.price as price6_12_0_,
        stores0_.sales_info_clothes_id as sales_i14_12_0_,
        stores0_.sales_info_status_id as sales_i15_12_0_,
        stores0_.sales_info_user_id as sales_i16_12_0_,
        stores0_.status as status7_12_0_,
        stores0_.title as title8_12_0_,
        members1_.id as id1_6_1_,
        members1_.email as email2_6_1_,
        members1_.image as image3_6_1_,
        members1_.name as name4_6_1_,
        members1_.nickname as nickname5_6_1_,
        members1_.password as password6_6_1_,
        members1_.phone as phone7_6_1_,
        members1_.refresh_token as refresh_8_6_1_,
        members1_.role as role9_6_1_,
        clothesinf2_.id as id1_2_2_,
        clothesinf2_.categoryl as category2_2_2_,
        clothesinf2_.categorys as category3_2_2_,
        clothesinf2_.fit as fit4_2_2_,
        clothesinf2_.length as length5_2_2_,
        colors3_.id as id1_4_3_,
        colors3_.name as name2_4_3_,
        materials4_.id as id1_5_4_,
        materials4_.name as name2_5_4_,
        style5_.id as id1_14_5_,
        style5_.name as name2_14_5_,
        salesinfoc6_.id as id1_9_6_,
        salesinfoc6_.clothes_brand as clothes_2_9_6_,
        salesinfoc6_.clothes_color as clothes_3_9_6_,
        salesinfoc6_.clothes_gender as clothes_4_9_6_,
        salesinfoc6_.clothes_size as clothes_5_9_6_,
        salesinfos7_.id as id1_10_7_,
        salesinfos7_.status_score as status_s2_10_7_,
        salesinfos7_.status_tag as status_t3_10_7_,
        salesinfos7_.status_times as status_t4_10_7_,
        salesinfos7_.status_when2buy as status_w5_10_7_,
        salesinfos7_.transport as transpor6_10_7_,
        salesinfou8_.id as id1_11_8_,
        salesinfou8_.user_height as user_hei2_11_8_,
        salesinfou8_.user_size as user_siz3_11_8_,
        salesinfou8_.user_weight as user_wei4_11_8_ 
    from
        stores stores0_ 
    left outer join
        members members1_ 
            on stores0_.author_id=members1_.id 
    left outer join
        clothes_info clothesinf2_ 
            on stores0_.clothes_info_id=clothesinf2_.id 
    left outer join
        colors colors3_ 
            on stores0_.colors_name=colors3_.name 
    left outer join
        materials materials4_ 
            on stores0_.materials_name=materials4_.name 
    left outer join
        style style5_ 
            on stores0_.style_name=style5_.name 
    left outer join
        sales_info_clothes salesinfoc6_ 
            on stores0_.sales_info_clothes_id=salesinfoc6_.id 
    left outer join
        sales_info_status salesinfos7_ 
            on stores0_.sales_info_status_id=salesinfos7_.id 
    left outer join
        sales_info_user salesinfou8_ 
            on stores0_.sales_info_user_id=salesinfou8_.id 
    where
        stores0_.id=?
Hibernate: 
    select
        stores0_.id as id1_12_0_,
        stores0_.created_date as created_2_12_0_,
        stores0_.modified_date as modified3_12_0_,
        stores0_.author_id as author_i9_12_0_,
        stores0_.clothes_info_id as clothes10_12_0_,
        stores0_.colors_name as colors_11_12_0_,
        stores0_.materials_name as materia12_12_0_,
        stores0_.style_name as style_n13_12_0_,
        stores0_.clothes_length as clothes_4_12_0_,
        stores0_.content as content5_12_0_,
        stores0_.price as price6_12_0_,
        stores0_.sales_info_clothes_id as sales_i14_12_0_,
        stores0_.sales_info_status_id as sales_i15_12_0_,
        stores0_.sales_info_user_id as sales_i16_12_0_,
        stores0_.status as status7_12_0_,
        stores0_.title as title8_12_0_,
        members1_.id as id1_6_1_,
        members1_.email as email2_6_1_,
        members1_.image as image3_6_1_,
        members1_.name as name4_6_1_,
        members1_.nickname as nickname5_6_1_,
        members1_.password as password6_6_1_,
        members1_.phone as phone7_6_1_,
        members1_.refresh_token as refresh_8_6_1_,
        members1_.role as role9_6_1_,
        clothesinf2_.id as id1_2_2_,
        clothesinf2_.categoryl as category2_2_2_,
        clothesinf2_.categorys as category3_2_2_,
        clothesinf2_.fit as fit4_2_2_,
        clothesinf2_.length as length5_2_2_,
        colors3_.id as id1_4_3_,
        colors3_.name as name2_4_3_,
        materials4_.id as id1_5_4_,
        materials4_.name as name2_5_4_,
        style5_.id as id1_14_5_,
        style5_.name as name2_14_5_,
        salesinfoc6_.id as id1_9_6_,
        salesinfoc6_.clothes_brand as clothes_2_9_6_,
        salesinfoc6_.clothes_color as clothes_3_9_6_,
        salesinfoc6_.clothes_gender as clothes_4_9_6_,
        salesinfoc6_.clothes_size as clothes_5_9_6_,
        salesinfos7_.id as id1_10_7_,
        salesinfos7_.status_score as status_s2_10_7_,
        salesinfos7_.status_tag as status_t3_10_7_,
        salesinfos7_.status_times as status_t4_10_7_,
        salesinfos7_.status_when2buy as status_w5_10_7_,
        salesinfos7_.transport as transpor6_10_7_,
        salesinfou8_.id as id1_11_8_,
        salesinfou8_.user_height as user_hei2_11_8_,
        salesinfou8_.user_size as user_siz3_11_8_,
        salesinfou8_.user_weight as user_wei4_11_8_ 
    from
        stores stores0_ 
    left outer join
        members members1_ 
            on stores0_.author_id=members1_.id 
    left outer join
        clothes_info clothesinf2_ 
            on stores0_.clothes_info_id=clothesinf2_.id 
    left outer join
        colors colors3_ 
            on stores0_.colors_name=colors3_.name 
    left outer join
        materials materials4_ 
            on stores0_.materials_name=materials4_.name 
    left outer join
        style style5_ 
            on stores0_.style_name=style5_.name 
    left outer join
        sales_info_clothes salesinfoc6_ 
            on stores0_.sales_info_clothes_id=salesinfoc6_.id 
    left outer join
        sales_info_status salesinfos7_ 
            on stores0_.sales_info_status_id=salesinfos7_.id 
    left outer join
        sales_info_user salesinfou8_ 
            on stores0_.sales_info_user_id=salesinfou8_.id 
    where
        stores0_.id=?
Hibernate: 
    select
        stores0_.id as id1_12_0_,
        stores0_.created_date as created_2_12_0_,
        stores0_.modified_date as modified3_12_0_,
        stores0_.author_id as author_i9_12_0_,
        stores0_.clothes_info_id as clothes10_12_0_,
        stores0_.colors_name as colors_11_12_0_,
        stores0_.materials_name as materia12_12_0_,
        stores0_.style_name as style_n13_12_0_,
        stores0_.clothes_length as clothes_4_12_0_,
        stores0_.content as content5_12_0_,
        stores0_.price as price6_12_0_,
        stores0_.sales_info_clothes_id as sales_i14_12_0_,
        stores0_.sales_info_status_id as sales_i15_12_0_,
        stores0_.sales_info_user_id as sales_i16_12_0_,
        stores0_.status as status7_12_0_,
        stores0_.title as title8_12_0_,
        members1_.id as id1_6_1_,
        members1_.email as email2_6_1_,
        members1_.image as image3_6_1_,
        members1_.name as name4_6_1_,
        members1_.nickname as nickname5_6_1_,
        members1_.password as password6_6_1_,
        members1_.phone as phone7_6_1_,
        members1_.refresh_token as refresh_8_6_1_,
        members1_.role as role9_6_1_,
        clothesinf2_.id as id1_2_2_,
        clothesinf2_.categoryl as category2_2_2_,
        clothesinf2_.categorys as category3_2_2_,
        clothesinf2_.fit as fit4_2_2_,
        clothesinf2_.length as length5_2_2_,
        colors3_.id as id1_4_3_,
        colors3_.name as name2_4_3_,
        materials4_.id as id1_5_4_,
        materials4_.name as name2_5_4_,
        style5_.id as id1_14_5_,
        style5_.name as name2_14_5_,
        salesinfoc6_.id as id1_9_6_,
        salesinfoc6_.clothes_brand as clothes_2_9_6_,
        salesinfoc6_.clothes_color as clothes_3_9_6_,
        salesinfoc6_.clothes_gender as clothes_4_9_6_,
        salesinfoc6_.clothes_size as clothes_5_9_6_,
        salesinfos7_.id as id1_10_7_,
        salesinfos7_.status_score as status_s2_10_7_,
        salesinfos7_.status_tag as status_t3_10_7_,
        salesinfos7_.status_times as status_t4_10_7_,
        salesinfos7_.status_when2buy as status_w5_10_7_,
        salesinfos7_.transport as transpor6_10_7_,
        salesinfou8_.id as id1_11_8_,
        salesinfou8_.user_height as user_hei2_11_8_,
        salesinfou8_.user_size as user_siz3_11_8_,
        salesinfou8_.user_weight as user_wei4_11_8_ 
    from
        stores stores0_ 
    left outer join
        members members1_ 
            on stores0_.author_id=members1_.id 
    left outer join
        clothes_info clothesinf2_ 
            on stores0_.clothes_info_id=clothesinf2_.id 
    left outer join
        colors colors3_ 
            on stores0_.colors_name=colors3_.name 
    left outer join
        materials materials4_ 
            on stores0_.materials_name=materials4_.name 
    left outer join
        style style5_ 
            on stores0_.style_name=style5_.name 
    left outer join
        sales_info_clothes salesinfoc6_ 
            on stores0_.sales_info_clothes_id=salesinfoc6_.id 
    left outer join
        sales_info_status salesinfos7_ 
            on stores0_.sales_info_status_id=salesinfos7_.id 
    left outer join
        sales_info_user salesinfou8_ 
            on stores0_.sales_info_user_id=salesinfou8_.id 
    where
        stores0_.id=?
Hibernate: 
    select
        stores0_.id as id1_12_0_,
        stores0_.created_date as created_2_12_0_,
        stores0_.modified_date as modified3_12_0_,
        stores0_.author_id as author_i9_12_0_,
        stores0_.clothes_info_id as clothes10_12_0_,
        stores0_.colors_name as colors_11_12_0_,
        stores0_.materials_name as materia12_12_0_,
        stores0_.style_name as style_n13_12_0_,
        stores0_.clothes_length as clothes_4_12_0_,
        stores0_.content as content5_12_0_,
        stores0_.price as price6_12_0_,
        stores0_.sales_info_clothes_id as sales_i14_12_0_,
        stores0_.sales_info_status_id as sales_i15_12_0_,
        stores0_.sales_info_user_id as sales_i16_12_0_,
        stores0_.status as status7_12_0_,
        stores0_.title as title8_12_0_,
        members1_.id as id1_6_1_,
        members1_.email as email2_6_1_,
        members1_.image as image3_6_1_,
        members1_.name as name4_6_1_,
        members1_.nickname as nickname5_6_1_,
        members1_.password as password6_6_1_,
        members1_.phone as phone7_6_1_,
        members1_.refresh_token as refresh_8_6_1_,
        members1_.role as role9_6_1_,
        clothesinf2_.id as id1_2_2_,
        clothesinf2_.categoryl as category2_2_2_,
        clothesinf2_.categorys as category3_2_2_,
        clothesinf2_.fit as fit4_2_2_,
        clothesinf2_.length as length5_2_2_,
        colors3_.id as id1_4_3_,
        colors3_.name as name2_4_3_,
        materials4_.id as id1_5_4_,
        materials4_.name as name2_5_4_,
        style5_.id as id1_14_5_,
        style5_.name as name2_14_5_,
        salesinfoc6_.id as id1_9_6_,
        salesinfoc6_.clothes_brand as clothes_2_9_6_,
        salesinfoc6_.clothes_color as clothes_3_9_6_,
        salesinfoc6_.clothes_gender as clothes_4_9_6_,
        salesinfoc6_.clothes_size as clothes_5_9_6_,
        salesinfos7_.id as id1_10_7_,
        salesinfos7_.status_score as status_s2_10_7_,
        salesinfos7_.status_tag as status_t3_10_7_,
        salesinfos7_.status_times as status_t4_10_7_,
        salesinfos7_.status_when2buy as status_w5_10_7_,
        salesinfos7_.transport as transpor6_10_7_,
        salesinfou8_.id as id1_11_8_,
        salesinfou8_.user_height as user_hei2_11_8_,
        salesinfou8_.user_size as user_siz3_11_8_,
        salesinfou8_.user_weight as user_wei4_11_8_ 
    from
        stores stores0_ 
    left outer join
        members members1_ 
            on stores0_.author_id=members1_.id 
    left outer join
        clothes_info clothesinf2_ 
            on stores0_.clothes_info_id=clothesinf2_.id 
    left outer join
        colors colors3_ 
            on stores0_.colors_name=colors3_.name 
    left outer join
        materials materials4_ 
            on stores0_.materials_name=materials4_.name 
    left outer join
        style style5_ 
            on stores0_.style_name=style5_.name 
    left outer join
        sales_info_clothes salesinfoc6_ 
            on stores0_.sales_info_clothes_id=salesinfoc6_.id 
    left outer join
        sales_info_status salesinfos7_ 
            on stores0_.sales_info_status_id=salesinfos7_.id 
    left outer join
        sales_info_user salesinfou8_ 
            on stores0_.sales_info_user_id=salesinfou8_.id 
    where
        stores0_.id=?
Hibernate: 
    select
        stores0_.id as id1_12_0_,
        stores0_.created_date as created_2_12_0_,
        stores0_.modified_date as modified3_12_0_,
        stores0_.author_id as author_i9_12_0_,
        stores0_.clothes_info_id as clothes10_12_0_,
        stores0_.colors_name as colors_11_12_0_,
        stores0_.materials_name as materia12_12_0_,
        stores0_.style_name as style_n13_12_0_,
        stores0_.clothes_length as clothes_4_12_0_,
        stores0_.content as content5_12_0_,
        stores0_.price as price6_12_0_,
        stores0_.sales_info_clothes_id as sales_i14_12_0_,
        stores0_.sales_info_status_id as sales_i15_12_0_,
        stores0_.sales_info_user_id as sales_i16_12_0_,
        stores0_.status as status7_12_0_,
        stores0_.title as title8_12_0_,
        members1_.id as id1_6_1_,
        members1_.email as email2_6_1_,
        members1_.image as image3_6_1_,
        members1_.name as name4_6_1_,
        members1_.nickname as nickname5_6_1_,
        members1_.password as password6_6_1_,
        members1_.phone as phone7_6_1_,
        members1_.refresh_token as refresh_8_6_1_,
        members1_.role as role9_6_1_,
        clothesinf2_.id as id1_2_2_,
        clothesinf2_.categoryl as category2_2_2_,
        clothesinf2_.categorys as category3_2_2_,
        clothesinf2_.fit as fit4_2_2_,
        clothesinf2_.length as length5_2_2_,
        colors3_.id as id1_4_3_,
        colors3_.name as name2_4_3_,
        materials4_.id as id1_5_4_,
        materials4_.name as name2_5_4_,
        style5_.id as id1_14_5_,
        style5_.name as name2_14_5_,
        salesinfoc6_.id as id1_9_6_,
        salesinfoc6_.clothes_brand as clothes_2_9_6_,
        salesinfoc6_.clothes_color as clothes_3_9_6_,
        salesinfoc6_.clothes_gender as clothes_4_9_6_,
        salesinfoc6_.clothes_size as clothes_5_9_6_,
        salesinfos7_.id as id1_10_7_,
        salesinfos7_.status_score as status_s2_10_7_,
        salesinfos7_.status_tag as status_t3_10_7_,
        salesinfos7_.status_times as status_t4_10_7_,
        salesinfos7_.status_when2buy as status_w5_10_7_,
        salesinfos7_.transport as transpor6_10_7_,
        salesinfou8_.id as id1_11_8_,
        salesinfou8_.user_height as user_hei2_11_8_,
        salesinfou8_.user_size as user_siz3_11_8_,
        salesinfou8_.user_weight as user_wei4_11_8_ 
    from
        stores stores0_ 
    left outer join
        members members1_ 
            on stores0_.author_id=members1_.id 
    left outer join
        clothes_info clothesinf2_ 
            on stores0_.clothes_info_id=clothesinf2_.id 
    left outer join
        colors colors3_ 
            on stores0_.colors_name=colors3_.name 
    left outer join
        materials materials4_ 
            on stores0_.materials_name=materials4_.name 
    left outer join
        style style5_ 
            on stores0_.style_name=style5_.name 
    left outer join
        sales_info_clothes salesinfoc6_ 
            on stores0_.sales_info_clothes_id=salesinfoc6_.id 
    left outer join
        sales_info_status salesinfos7_ 
            on stores0_.sales_info_status_id=salesinfos7_.id 
    left outer join
        sales_info_user salesinfou8_ 
            on stores0_.sales_info_user_id=salesinfou8_.id 
    where
        stores0_.id=?
Hibernate: 
    select
        stores0_.id as id1_12_0_,
        stores0_.created_date as created_2_12_0_,
        stores0_.modified_date as modified3_12_0_,
        stores0_.author_id as author_i9_12_0_,
        stores0_.clothes_info_id as clothes10_12_0_,
        stores0_.colors_name as colors_11_12_0_,
        stores0_.materials_name as materia12_12_0_,
        stores0_.style_name as style_n13_12_0_,
        stores0_.clothes_length as clothes_4_12_0_,
        stores0_.content as content5_12_0_,
        stores0_.price as price6_12_0_,
        stores0_.sales_info_clothes_id as sales_i14_12_0_,
        stores0_.sales_info_status_id as sales_i15_12_0_,
        stores0_.sales_info_user_id as sales_i16_12_0_,
        stores0_.status as status7_12_0_,
        stores0_.title as title8_12_0_,
        members1_.id as id1_6_1_,
        members1_.email as email2_6_1_,
        members1_.image as image3_6_1_,
        members1_.name as name4_6_1_,
        members1_.nickname as nickname5_6_1_,
        members1_.password as password6_6_1_,
        members1_.phone as phone7_6_1_,
        members1_.refresh_token as refresh_8_6_1_,
        members1_.role as role9_6_1_,
        clothesinf2_.id as id1_2_2_,
        clothesinf2_.categoryl as category2_2_2_,
        clothesinf2_.categorys as category3_2_2_,
        clothesinf2_.fit as fit4_2_2_,
        clothesinf2_.length as length5_2_2_,
        colors3_.id as id1_4_3_,
        colors3_.name as name2_4_3_,
        materials4_.id as id1_5_4_,
        materials4_.name as name2_5_4_,
        style5_.id as id1_14_5_,
        style5_.name as name2_14_5_,
        salesinfoc6_.id as id1_9_6_,
        salesinfoc6_.clothes_brand as clothes_2_9_6_,
        salesinfoc6_.clothes_color as clothes_3_9_6_,
        salesinfoc6_.clothes_gender as clothes_4_9_6_,
        salesinfoc6_.clothes_size as clothes_5_9_6_,
        salesinfos7_.id as id1_10_7_,
        salesinfos7_.status_score as status_s2_10_7_,
        salesinfos7_.status_tag as status_t3_10_7_,
        salesinfos7_.status_times as status_t4_10_7_,
        salesinfos7_.status_when2buy as status_w5_10_7_,
        salesinfos7_.transport as transpor6_10_7_,
        salesinfou8_.id as id1_11_8_,
        salesinfou8_.user_height as user_hei2_11_8_,
        salesinfou8_.user_size as user_siz3_11_8_,
        salesinfou8_.user_weight as user_wei4_11_8_ 
    from
        stores stores0_ 
    left outer join
        members members1_ 
            on stores0_.author_id=members1_.id 
    left outer join
        clothes_info clothesinf2_ 
            on stores0_.clothes_info_id=clothesinf2_.id 
    left outer join
        colors colors3_ 
            on stores0_.colors_name=colors3_.name 
    left outer join
        materials materials4_ 
            on stores0_.materials_name=materials4_.name 
    left outer join
        style style5_ 
            on stores0_.style_name=style5_.name 
    left outer join
        sales_info_clothes salesinfoc6_ 
            on stores0_.sales_info_clothes_id=salesinfoc6_.id 
    left outer join
        sales_info_status salesinfos7_ 
            on stores0_.sales_info_status_id=salesinfos7_.id 
    left outer join
        sales_info_user salesinfou8_ 
            on stores0_.sales_info_user_id=salesinfou8_.id 
    where
        stores0_.id=?
Hibernate: 
    select
        stores0_.id as id1_12_0_,
        stores0_.created_date as created_2_12_0_,
        stores0_.modified_date as modified3_12_0_,
        stores0_.author_id as author_i9_12_0_,
        stores0_.clothes_info_id as clothes10_12_0_,
        stores0_.colors_name as colors_11_12_0_,
        stores0_.materials_name as materia12_12_0_,
        stores0_.style_name as style_n13_12_0_,
        stores0_.clothes_length as clothes_4_12_0_,
        stores0_.content as content5_12_0_,
        stores0_.price as price6_12_0_,
        stores0_.sales_info_clothes_id as sales_i14_12_0_,
        stores0_.sales_info_status_id as sales_i15_12_0_,
        stores0_.sales_info_user_id as sales_i16_12_0_,
        stores0_.status as status7_12_0_,
        stores0_.title as title8_12_0_,
        members1_.id as id1_6_1_,
        members1_.email as email2_6_1_,
        members1_.image as image3_6_1_,
        members1_.name as name4_6_1_,
        members1_.nickname as nickname5_6_1_,
        members1_.password as password6_6_1_,
        members1_.phone as phone7_6_1_,
        members1_.refresh_token as refresh_8_6_1_,
        members1_.role as role9_6_1_,
        clothesinf2_.id as id1_2_2_,
        clothesinf2_.categoryl as category2_2_2_,
        clothesinf2_.categorys as category3_2_2_,
        clothesinf2_.fit as fit4_2_2_,
        clothesinf2_.length as length5_2_2_,
        colors3_.id as id1_4_3_,
        colors3_.name as name2_4_3_,
        materials4_.id as id1_5_4_,
        materials4_.name as name2_5_4_,
        style5_.id as id1_14_5_,
        style5_.name as name2_14_5_,
        salesinfoc6_.id as id1_9_6_,
        salesinfoc6_.clothes_brand as clothes_2_9_6_,
        salesinfoc6_.clothes_color as clothes_3_9_6_,
        salesinfoc6_.clothes_gender as clothes_4_9_6_,
        salesinfoc6_.clothes_size as clothes_5_9_6_,
        salesinfos7_.id as id1_10_7_,
        salesinfos7_.status_score as status_s2_10_7_,
        salesinfos7_.status_tag as status_t3_10_7_,
        salesinfos7_.status_times as status_t4_10_7_,
        salesinfos7_.status_when2buy as status_w5_10_7_,
        salesinfos7_.transport as transpor6_10_7_,
        salesinfou8_.id as id1_11_8_,
        salesinfou8_.user_height as user_hei2_11_8_,
        salesinfou8_.user_size as user_siz3_11_8_,
        salesinfou8_.user_weight as user_wei4_11_8_ 
    from
        stores stores0_ 
    left outer join
        members members1_ 
            on stores0_.author_id=members1_.id 
    left outer join
        clothes_info clothesinf2_ 
            on stores0_.clothes_info_id=clothesinf2_.id 
    left outer join
        colors colors3_ 
            on stores0_.colors_name=colors3_.name 
    left outer join
        materials materials4_ 
            on stores0_.materials_name=materials4_.name 
    left outer join
        style style5_ 
            on stores0_.style_name=style5_.name 
    left outer join
        sales_info_clothes salesinfoc6_ 
            on stores0_.sales_info_clothes_id=salesinfoc6_.id 
    left outer join
        sales_info_status salesinfos7_ 
            on stores0_.sales_info_status_id=salesinfos7_.id 
    left outer join
        sales_info_user salesinfou8_ 
            on stores0_.sales_info_user_id=salesinfou8_.id 
    where
        stores0_.id=?
Hibernate: 
    select
        stores0_.id as id1_12_0_,
        stores0_.created_date as created_2_12_0_,
        stores0_.modified_date as modified3_12_0_,
        stores0_.author_id as author_i9_12_0_,
        stores0_.clothes_info_id as clothes10_12_0_,
        stores0_.colors_name as colors_11_12_0_,
        stores0_.materials_name as materia12_12_0_,
        stores0_.style_name as style_n13_12_0_,
        stores0_.clothes_length as clothes_4_12_0_,
        stores0_.content as content5_12_0_,
        stores0_.price as price6_12_0_,
        stores0_.sales_info_clothes_id as sales_i14_12_0_,
        stores0_.sales_info_status_id as sales_i15_12_0_,
        stores0_.sales_info_user_id as sales_i16_12_0_,
        stores0_.status as status7_12_0_,
        stores0_.title as title8_12_0_,
        members1_.id as id1_6_1_,
        members1_.email as email2_6_1_,
        members1_.image as image3_6_1_,
        members1_.name as name4_6_1_,
        members1_.nickname as nickname5_6_1_,
        members1_.password as password6_6_1_,
        members1_.phone as phone7_6_1_,
        members1_.refresh_token as refresh_8_6_1_,
        members1_.role as role9_6_1_,
        clothesinf2_.id as id1_2_2_,
        clothesinf2_.categoryl as category2_2_2_,
        clothesinf2_.categorys as category3_2_2_,
        clothesinf2_.fit as fit4_2_2_,
        clothesinf2_.length as length5_2_2_,
        colors3_.id as id1_4_3_,
        colors3_.name as name2_4_3_,
        materials4_.id as id1_5_4_,
        materials4_.name as name2_5_4_,
        style5_.id as id1_14_5_,
        style5_.name as name2_14_5_,
        salesinfoc6_.id as id1_9_6_,
        salesinfoc6_.clothes_brand as clothes_2_9_6_,
        salesinfoc6_.clothes_color as clothes_3_9_6_,
        salesinfoc6_.clothes_gender as clothes_4_9_6_,
        salesinfoc6_.clothes_size as clothes_5_9_6_,
        salesinfos7_.id as id1_10_7_,
        salesinfos7_.status_score as status_s2_10_7_,
        salesinfos7_.status_tag as status_t3_10_7_,
        salesinfos7_.status_times as status_t4_10_7_,
        salesinfos7_.status_when2buy as status_w5_10_7_,
        salesinfos7_.transport as transpor6_10_7_,
        salesinfou8_.id as id1_11_8_,
        salesinfou8_.user_height as user_hei2_11_8_,
        salesinfou8_.user_size as user_siz3_11_8_,
        salesinfou8_.user_weight as user_wei4_11_8_ 
    from
        stores stores0_ 
    left outer join
        members members1_ 
            on stores0_.author_id=members1_.id 
    left outer join
        clothes_info clothesinf2_ 
            on stores0_.clothes_info_id=clothesinf2_.id 
    left outer join
        colors colors3_ 
            on stores0_.colors_name=colors3_.name 
    left outer join
        materials materials4_ 
            on stores0_.materials_name=materials4_.name 
    left outer join
        style style5_ 
            on stores0_.style_name=style5_.name 
    left outer join
        sales_info_clothes salesinfoc6_ 
            on stores0_.sales_info_clothes_id=salesinfoc6_.id 
    left outer join
        sales_info_status salesinfos7_ 
            on stores0_.sales_info_status_id=salesinfos7_.id 
    left outer join
        sales_info_user salesinfou8_ 
            on stores0_.sales_info_user_id=salesinfou8_.id 
    where
        stores0_.id=?
Hibernate: 
    select
        stores0_.id as id1_12_0_,
        stores0_.created_date as created_2_12_0_,
        stores0_.modified_date as modified3_12_0_,
        stores0_.author_id as author_i9_12_0_,
        stores0_.clothes_info_id as clothes10_12_0_,
        stores0_.colors_name as colors_11_12_0_,
        stores0_.materials_name as materia12_12_0_,
        stores0_.style_name as style_n13_12_0_,
        stores0_.clothes_length as clothes_4_12_0_,
        stores0_.content as content5_12_0_,
        stores0_.price as price6_12_0_,
        stores0_.sales_info_clothes_id as sales_i14_12_0_,
        stores0_.sales_info_status_id as sales_i15_12_0_,
        stores0_.sales_info_user_id as sales_i16_12_0_,
        stores0_.status as status7_12_0_,
        stores0_.title as title8_12_0_,
        members1_.id as id1_6_1_,
        members1_.email as email2_6_1_,
        members1_.image as image3_6_1_,
        members1_.name as name4_6_1_,
        members1_.nickname as nickname5_6_1_,
        members1_.password as password6_6_1_,
        members1_.phone as phone7_6_1_,
        members1_.refresh_token as refresh_8_6_1_,
        members1_.role as role9_6_1_,
        clothesinf2_.id as id1_2_2_,
        clothesinf2_.categoryl as category2_2_2_,
        clothesinf2_.categorys as category3_2_2_,
        clothesinf2_.fit as fit4_2_2_,
        clothesinf2_.length as length5_2_2_,
        colors3_.id as id1_4_3_,
        colors3_.name as name2_4_3_,
        materials4_.id as id1_5_4_,
        materials4_.name as name2_5_4_,
        style5_.id as id1_14_5_,
        style5_.name as name2_14_5_,
        salesinfoc6_.id as id1_9_6_,
        salesinfoc6_.clothes_brand as clothes_2_9_6_,
        salesinfoc6_.clothes_color as clothes_3_9_6_,
        salesinfoc6_.clothes_gender as clothes_4_9_6_,
        salesinfoc6_.clothes_size as clothes_5_9_6_,
        salesinfos7_.id as id1_10_7_,
        salesinfos7_.status_score as status_s2_10_7_,
        salesinfos7_.status_tag as status_t3_10_7_,
        salesinfos7_.status_times as status_t4_10_7_,
        salesinfos7_.status_when2buy as status_w5_10_7_,
        salesinfos7_.transport as transpor6_10_7_,
        salesinfou8_.id as id1_11_8_,
        salesinfou8_.user_height as user_hei2_11_8_,
        salesinfou8_.user_size as user_siz3_11_8_,
        salesinfou8_.user_weight as user_wei4_11_8_ 
    from
        stores stores0_ 
    left outer join
        members members1_ 
            on stores0_.author_id=members1_.id 
    left outer join
        clothes_info clothesinf2_ 
            on stores0_.clothes_info_id=clothesinf2_.id 
    left outer join
        colors colors3_ 
            on stores0_.colors_name=colors3_.name 
    left outer join
        materials materials4_ 
            on stores0_.materials_name=materials4_.name 
    left outer join
        style style5_ 
            on stores0_.style_name=style5_.name 
    left outer join
        sales_info_clothes salesinfoc6_ 
            on stores0_.sales_info_clothes_id=salesinfoc6_.id 
    left outer join
        sales_info_status salesinfos7_ 
            on stores0_.sales_info_status_id=salesinfos7_.id 
    left outer join
        sales_info_user salesinfou8_ 
            on stores0_.sales_info_user_id=salesinfou8_.id 
    where
        stores0_.id=?
Hibernate: 
    select
        stores0_.id as id1_12_0_,
        stores0_.created_date as created_2_12_0_,
        stores0_.modified_date as modified3_12_0_,
        stores0_.author_id as author_i9_12_0_,
        stores0_.clothes_info_id as clothes10_12_0_,
        stores0_.colors_name as colors_11_12_0_,
        stores0_.materials_name as materia12_12_0_,
        stores0_.style_name as style_n13_12_0_,
        stores0_.clothes_length as clothes_4_12_0_,
        stores0_.content as content5_12_0_,
        stores0_.price as price6_12_0_,
        stores0_.sales_info_clothes_id as sales_i14_12_0_,
        stores0_.sales_info_status_id as sales_i15_12_0_,
        stores0_.sales_info_user_id as sales_i16_12_0_,
        stores0_.status as status7_12_0_,
        stores0_.title as title8_12_0_,
        members1_.id as id1_6_1_,
        members1_.email as email2_6_1_,
        members1_.image as image3_6_1_,
        members1_.name as name4_6_1_,
        members1_.nickname as nickname5_6_1_,
        members1_.password as password6_6_1_,
        members1_.phone as phone7_6_1_,
        members1_.refresh_token as refresh_8_6_1_,
        members1_.role as role9_6_1_,
        clothesinf2_.id as id1_2_2_,
        clothesinf2_.categoryl as category2_2_2_,
        clothesinf2_.categorys as category3_2_2_,
        clothesinf2_.fit as fit4_2_2_,
        clothesinf2_.length as length5_2_2_,
        colors3_.id as id1_4_3_,
        colors3_.name as name2_4_3_,
        materials4_.id as id1_5_4_,
        materials4_.name as name2_5_4_,
        style5_.id as id1_14_5_,
        style5_.name as name2_14_5_,
        salesinfoc6_.id as id1_9_6_,
        salesinfoc6_.clothes_brand as clothes_2_9_6_,
        salesinfoc6_.clothes_color as clothes_3_9_6_,
        salesinfoc6_.clothes_gender as clothes_4_9_6_,
        salesinfoc6_.clothes_size as clothes_5_9_6_,
        salesinfos7_.id as id1_10_7_,
        salesinfos7_.status_score as status_s2_10_7_,
        salesinfos7_.status_tag as status_t3_10_7_,
        salesinfos7_.status_times as status_t4_10_7_,
        salesinfos7_.status_when2buy as status_w5_10_7_,
        salesinfos7_.transport as transpor6_10_7_,
        salesinfou8_.id as id1_11_8_,
        salesinfou8_.user_height as user_hei2_11_8_,
        salesinfou8_.user_size as user_siz3_11_8_,
        salesinfou8_.user_weight as user_wei4_11_8_ 
    from
        stores stores0_ 
    left outer join
        members members1_ 
            on stores0_.author_id=members1_.id 
    left outer join
        clothes_info clothesinf2_ 
            on stores0_.clothes_info_id=clothesinf2_.id 
    left outer join
        colors colors3_ 
            on stores0_.colors_name=colors3_.name 
    left outer join
        materials materials4_ 
            on stores0_.materials_name=materials4_.name 
    left outer join
        style style5_ 
            on stores0_.style_name=style5_.name 
    left outer join
        sales_info_clothes salesinfoc6_ 
            on stores0_.sales_info_clothes_id=salesinfoc6_.id 
    left outer join
        sales_info_status salesinfos7_ 
            on stores0_.sales_info_status_id=salesinfos7_.id 
    left outer join
        sales_info_user salesinfou8_ 
            on stores0_.sales_info_user_id=salesinfou8_.id 
    where
        stores0_.id=?
Hibernate: 
    select
        stores0_.id as id1_12_0_,
        stores0_.created_date as created_2_12_0_,
        stores0_.modified_date as modified3_12_0_,
        stores0_.author_id as author_i9_12_0_,
        stores0_.clothes_info_id as clothes10_12_0_,
        stores0_.colors_name as colors_11_12_0_,
        stores0_.materials_name as materia12_12_0_,
        stores0_.style_name as style_n13_12_0_,
        stores0_.clothes_length as clothes_4_12_0_,
        stores0_.content as content5_12_0_,
        stores0_.price as price6_12_0_,
        stores0_.sales_info_clothes_id as sales_i14_12_0_,
        stores0_.sales_info_status_id as sales_i15_12_0_,
        stores0_.sales_info_user_id as sales_i16_12_0_,
        stores0_.status as status7_12_0_,
        stores0_.title as title8_12_0_,
        members1_.id as id1_6_1_,
        members1_.email as email2_6_1_,
        members1_.image as image3_6_1_,
        members1_.name as name4_6_1_,
        members1_.nickname as nickname5_6_1_,
        members1_.password as password6_6_1_,
        members1_.phone as phone7_6_1_,
        members1_.refresh_token as refresh_8_6_1_,
        members1_.role as role9_6_1_,
        clothesinf2_.id as id1_2_2_,
        clothesinf2_.categoryl as category2_2_2_,
        clothesinf2_.categorys as category3_2_2_,
        clothesinf2_.fit as fit4_2_2_,
        clothesinf2_.length as length5_2_2_,
        colors3_.id as id1_4_3_,
        colors3_.name as name2_4_3_,
        materials4_.id as id1_5_4_,
        materials4_.name as name2_5_4_,
        style5_.id as id1_14_5_,
        style5_.name as name2_14_5_,
        salesinfoc6_.id as id1_9_6_,
        salesinfoc6_.clothes_brand as clothes_2_9_6_,
        salesinfoc6_.clothes_color as clothes_3_9_6_,
        salesinfoc6_.clothes_gender as clothes_4_9_6_,
        salesinfoc6_.clothes_size as clothes_5_9_6_,
        salesinfos7_.id as id1_10_7_,
        salesinfos7_.status_score as status_s2_10_7_,
        salesinfos7_.status_tag as status_t3_10_7_,
        salesinfos7_.status_times as status_t4_10_7_,
        salesinfos7_.status_when2buy as status_w5_10_7_,
        salesinfos7_.transport as transpor6_10_7_,
        salesinfou8_.id as id1_11_8_,
        salesinfou8_.user_height as user_hei2_11_8_,
        salesinfou8_.user_size as user_siz3_11_8_,
        salesinfou8_.user_weight as user_wei4_11_8_ 
    from
        stores stores0_ 
    left outer join
        members members1_ 
            on stores0_.author_id=members1_.id 
    left outer join
        clothes_info clothesinf2_ 
            on stores0_.clothes_info_id=clothesinf2_.id 
    left outer join
        colors colors3_ 
            on stores0_.colors_name=colors3_.name 
    left outer join
        materials materials4_ 
            on stores0_.materials_name=materials4_.name 
    left outer join
        style style5_ 
            on stores0_.style_name=style5_.name 
    left outer join
        sales_info_clothes salesinfoc6_ 
            on stores0_.sales_info_clothes_id=salesinfoc6_.id 
    left outer join
        sales_info_status salesinfos7_ 
            on stores0_.sales_info_status_id=salesinfos7_.id 
    left outer join
        sales_info_user salesinfou8_ 
            on stores0_.sales_info_user_id=salesinfou8_.id 
    where
        stores0_.id=?
Hibernate: 
    select
        stores0_.id as id1_12_0_,
        stores0_.created_date as created_2_12_0_,
        stores0_.modified_date as modified3_12_0_,
        stores0_.author_id as author_i9_12_0_,
        stores0_.clothes_info_id as clothes10_12_0_,
        stores0_.colors_name as colors_11_12_0_,
        stores0_.materials_name as materia12_12_0_,
        stores0_.style_name as style_n13_12_0_,
        stores0_.clothes_length as clothes_4_12_0_,
        stores0_.content as content5_12_0_,
        stores0_.price as price6_12_0_,
        stores0_.sales_info_clothes_id as sales_i14_12_0_,
        stores0_.sales_info_status_id as sales_i15_12_0_,
        stores0_.sales_info_user_id as sales_i16_12_0_,
        stores0_.status as status7_12_0_,
        stores0_.title as title8_12_0_,
        members1_.id as id1_6_1_,
        members1_.email as email2_6_1_,
        members1_.image as image3_6_1_,
        members1_.name as name4_6_1_,
        members1_.nickname as nickname5_6_1_,
        members1_.password as password6_6_1_,
        members1_.phone as phone7_6_1_,
        members1_.refresh_token as refresh_8_6_1_,
        members1_.role as role9_6_1_,
        clothesinf2_.id as id1_2_2_,
        clothesinf2_.categoryl as category2_2_2_,
        clothesinf2_.categorys as category3_2_2_,
        clothesinf2_.fit as fit4_2_2_,
        clothesinf2_.length as length5_2_2_,
        colors3_.id as id1_4_3_,
        colors3_.name as name2_4_3_,
        materials4_.id as id1_5_4_,
        materials4_.name as name2_5_4_,
        style5_.id as id1_14_5_,
        style5_.name as name2_14_5_,
        salesinfoc6_.id as id1_9_6_,
        salesinfoc6_.clothes_brand as clothes_2_9_6_,
        salesinfoc6_.clothes_color as clothes_3_9_6_,
        salesinfoc6_.clothes_gender as clothes_4_9_6_,
        salesinfoc6_.clothes_size as clothes_5_9_6_,
        salesinfos7_.id as id1_10_7_,
        salesinfos7_.status_score as status_s2_10_7_,
        salesinfos7_.status_tag as status_t3_10_7_,
        salesinfos7_.status_times as status_t4_10_7_,
        salesinfos7_.status_when2buy as status_w5_10_7_,
        salesinfos7_.transport as transpor6_10_7_,
        salesinfou8_.id as id1_11_8_,
        salesinfou8_.user_height as user_hei2_11_8_,
        salesinfou8_.user_size as user_siz3_11_8_,
        salesinfou8_.user_weight as user_wei4_11_8_ 
    from
        stores stores0_ 
    left outer join
        members members1_ 
            on stores0_.author_id=members1_.id 
    left outer join
        clothes_info clothesinf2_ 
            on stores0_.clothes_info_id=clothesinf2_.id 
    left outer join
        colors colors3_ 
            on stores0_.colors_name=colors3_.name 
    left outer join
        materials materials4_ 
            on stores0_.materials_name=materials4_.name 
    left outer join
        style style5_ 
            on stores0_.style_name=style5_.name 
    left outer join
        sales_info_clothes salesinfoc6_ 
            on stores0_.sales_info_clothes_id=salesinfoc6_.id 
    left outer join
        sales_info_status salesinfos7_ 
            on stores0_.sales_info_status_id=salesinfos7_.id 
    left outer join
        sales_info_user salesinfou8_ 
            on stores0_.sales_info_user_id=salesinfou8_.id 
    where
        stores0_.id=?
Hibernate: 
    select
        stores0_.id as id1_12_0_,
        stores0_.created_date as created_2_12_0_,
        stores0_.modified_date as modified3_12_0_,
        stores0_.author_id as author_i9_12_0_,
        stores0_.clothes_info_id as clothes10_12_0_,
        stores0_.colors_name as colors_11_12_0_,
        stores0_.materials_name as materia12_12_0_,
        stores0_.style_name as style_n13_12_0_,
        stores0_.clothes_length as clothes_4_12_0_,
        stores0_.content as content5_12_0_,
        stores0_.price as price6_12_0_,
        stores0_.sales_info_clothes_id as sales_i14_12_0_,
        stores0_.sales_info_status_id as sales_i15_12_0_,
        stores0_.sales_info_user_id as sales_i16_12_0_,
        stores0_.status as status7_12_0_,
        stores0_.title as title8_12_0_,
        members1_.id as id1_6_1_,
        members1_.email as email2_6_1_,
        members1_.image as image3_6_1_,
        members1_.name as name4_6_1_,
        members1_.nickname as nickname5_6_1_,
        members1_.password as password6_6_1_,
        members1_.phone as phone7_6_1_,
        members1_.refresh_token as refresh_8_6_1_,
        members1_.role as role9_6_1_,
        clothesinf2_.id as id1_2_2_,
        clothesinf2_.categoryl as category2_2_2_,
        clothesinf2_.categorys as category3_2_2_,
        clothesinf2_.fit as fit4_2_2_,
        clothesinf2_.length as length5_2_2_,
        colors3_.id as id1_4_3_,
        colors3_.name as name2_4_3_,
        materials4_.id as id1_5_4_,
        materials4_.name as name2_5_4_,
        style5_.id as id1_14_5_,
        style5_.name as name2_14_5_,
        salesinfoc6_.id as id1_9_6_,
        salesinfoc6_.clothes_brand as clothes_2_9_6_,
        salesinfoc6_.clothes_color as clothes_3_9_6_,
        salesinfoc6_.clothes_gender as clothes_4_9_6_,
        salesinfoc6_.clothes_size as clothes_5_9_6_,
        salesinfos7_.id as id1_10_7_,
        salesinfos7_.status_score as status_s2_10_7_,
        salesinfos7_.status_tag as status_t3_10_7_,
        salesinfos7_.status_times as status_t4_10_7_,
        salesinfos7_.status_when2buy as status_w5_10_7_,
        salesinfos7_.transport as transpor6_10_7_,
        salesinfou8_.id as id1_11_8_,
        salesinfou8_.user_height as user_hei2_11_8_,
        salesinfou8_.user_size as user_siz3_11_8_,
        salesinfou8_.user_weight as user_wei4_11_8_ 
    from
        stores stores0_ 
    left outer join
        members members1_ 
            on stores0_.author_id=members1_.id 
    left outer join
        clothes_info clothesinf2_ 
            on stores0_.clothes_info_id=clothesinf2_.id 
    left outer join
        colors colors3_ 
            on stores0_.colors_name=colors3_.name 
    left outer join
        materials materials4_ 
            on stores0_.materials_name=materials4_.name 
    left outer join
        style style5_ 
            on stores0_.style_name=style5_.name 
    left outer join
        sales_info_clothes salesinfoc6_ 
            on stores0_.sales_info_clothes_id=salesinfoc6_.id 
    left outer join
        sales_info_status salesinfos7_ 
            on stores0_.sales_info_status_id=salesinfos7_.id 
    left outer join
        sales_info_user salesinfou8_ 
            on stores0_.sales_info_user_id=salesinfou8_.id 
    where
        stores0_.id=?
Hibernate: 
    select
        stores0_.id as id1_12_0_,
        stores0_.created_date as created_2_12_0_,
        stores0_.modified_date as modified3_12_0_,
        stores0_.author_id as author_i9_12_0_,
        stores0_.clothes_info_id as clothes10_12_0_,
        stores0_.colors_name as colors_11_12_0_,
        stores0_.materials_name as materia12_12_0_,
        stores0_.style_name as style_n13_12_0_,
        stores0_.clothes_length as clothes_4_12_0_,
        stores0_.content as content5_12_0_,
        stores0_.price as price6_12_0_,
        stores0_.sales_info_clothes_id as sales_i14_12_0_,
        stores0_.sales_info_status_id as sales_i15_12_0_,
        stores0_.sales_info_user_id as sales_i16_12_0_,
        stores0_.status as status7_12_0_,
        stores0_.title as title8_12_0_,
        members1_.id as id1_6_1_,
        members1_.email as email2_6_1_,
        members1_.image as image3_6_1_,
        members1_.name as name4_6_1_,
        members1_.nickname as nickname5_6_1_,
        members1_.password as password6_6_1_,
        members1_.phone as phone7_6_1_,
        members1_.refresh_token as refresh_8_6_1_,
        members1_.role as role9_6_1_,
        clothesinf2_.id as id1_2_2_,
        clothesinf2_.categoryl as category2_2_2_,
        clothesinf2_.categorys as category3_2_2_,
        clothesinf2_.fit as fit4_2_2_,
        clothesinf2_.length as length5_2_2_,
        colors3_.id as id1_4_3_,
        colors3_.name as name2_4_3_,
        materials4_.id as id1_5_4_,
        materials4_.name as name2_5_4_,
        style5_.id as id1_14_5_,
        style5_.name as name2_14_5_,
        salesinfoc6_.id as id1_9_6_,
        salesinfoc6_.clothes_brand as clothes_2_9_6_,
        salesinfoc6_.clothes_color as clothes_3_9_6_,
        salesinfoc6_.clothes_gender as clothes_4_9_6_,
        salesinfoc6_.clothes_size as clothes_5_9_6_,
        salesinfos7_.id as id1_10_7_,
        salesinfos7_.status_score as status_s2_10_7_,
        salesinfos7_.status_tag as status_t3_10_7_,
        salesinfos7_.status_times as status_t4_10_7_,
        salesinfos7_.status_when2buy as status_w5_10_7_,
        salesinfos7_.transport as transpor6_10_7_,
        salesinfou8_.id as id1_11_8_,
        salesinfou8_.user_height as user_hei2_11_8_,
        salesinfou8_.user_size as user_siz3_11_8_,
        salesinfou8_.user_weight as user_wei4_11_8_ 
    from
        stores stores0_ 
    left outer join
        members members1_ 
            on stores0_.author_id=members1_.id 
    left outer join
        clothes_info clothesinf2_ 
            on stores0_.clothes_info_id=clothesinf2_.id 
    left outer join
        colors colors3_ 
            on stores0_.colors_name=colors3_.name 
    left outer join
        materials materials4_ 
            on stores0_.materials_name=materials4_.name 
    left outer join
        style style5_ 
            on stores0_.style_name=style5_.name 
    left outer join
        sales_info_clothes salesinfoc6_ 
            on stores0_.sales_info_clothes_id=salesinfoc6_.id 
    left outer join
        sales_info_status salesinfos7_ 
            on stores0_.sales_info_status_id=salesinfos7_.id 
    left outer join
        sales_info_user salesinfou8_ 
            on stores0_.sales_info_user_id=salesinfou8_.id 
    where
        stores0_.id=?
Hibernate: 
    select
        stores0_.id as id1_12_0_,
        stores0_.created_date as created_2_12_0_,
        stores0_.modified_date as modified3_12_0_,
        stores0_.author_id as author_i9_12_0_,
        stores0_.clothes_info_id as clothes10_12_0_,
        stores0_.colors_name as colors_11_12_0_,
        stores0_.materials_name as materia12_12_0_,
        stores0_.style_name as style_n13_12_0_,
        stores0_.clothes_length as clothes_4_12_0_,
        stores0_.content as content5_12_0_,
        stores0_.price as price6_12_0_,
        stores0_.sales_info_clothes_id as sales_i14_12_0_,
        stores0_.sales_info_status_id as sales_i15_12_0_,
        stores0_.sales_info_user_id as sales_i16_12_0_,
        stores0_.status as status7_12_0_,
        stores0_.title as title8_12_0_,
        members1_.id as id1_6_1_,
        members1_.email as email2_6_1_,
        members1_.image as image3_6_1_,
        members1_.name as name4_6_1_,
        members1_.nickname as nickname5_6_1_,
        members1_.password as password6_6_1_,
        members1_.phone as phone7_6_1_,
        members1_.refresh_token as refresh_8_6_1_,
        members1_.role as role9_6_1_,
        clothesinf2_.id as id1_2_2_,
        clothesinf2_.categoryl as category2_2_2_,
        clothesinf2_.categorys as category3_2_2_,
        clothesinf2_.fit as fit4_2_2_,
        clothesinf2_.length as length5_2_2_,
        colors3_.id as id1_4_3_,
        colors3_.name as name2_4_3_,
        materials4_.id as id1_5_4_,
        materials4_.name as name2_5_4_,
        style5_.id as id1_14_5_,
        style5_.name as name2_14_5_,
        salesinfoc6_.id as id1_9_6_,
        salesinfoc6_.clothes_brand as clothes_2_9_6_,
        salesinfoc6_.clothes_color as clothes_3_9_6_,
        salesinfoc6_.clothes_gender as clothes_4_9_6_,
        salesinfoc6_.clothes_size as clothes_5_9_6_,
        salesinfos7_.id as id1_10_7_,
        salesinfos7_.status_score as status_s2_10_7_,
        salesinfos7_.status_tag as status_t3_10_7_,
        salesinfos7_.status_times as status_t4_10_7_,
        salesinfos7_.status_when2buy as status_w5_10_7_,
        salesinfos7_.transport as transpor6_10_7_,
        salesinfou8_.id as id1_11_8_,
        salesinfou8_.user_height as user_hei2_11_8_,
        salesinfou8_.user_size as user_siz3_11_8_,
        salesinfou8_.user_weight as user_wei4_11_8_ 
    from
        stores stores0_ 
    left outer join
        members members1_ 
            on stores0_.author_id=members1_.id 
    left outer join
        clothes_info clothesinf2_ 
            on stores0_.clothes_info_id=clothesinf2_.id 
    left outer join
        colors colors3_ 
            on stores0_.colors_name=colors3_.name 
    left outer join
        materials materials4_ 
            on stores0_.materials_name=materials4_.name 
    left outer join
        style style5_ 
            on stores0_.style_name=style5_.name 
    left outer join
        sales_info_clothes salesinfoc6_ 
            on stores0_.sales_info_clothes_id=salesinfoc6_.id 
    left outer join
        sales_info_status salesinfos7_ 
            on stores0_.sales_info_status_id=salesinfos7_.id 
    left outer join
        sales_info_user salesinfou8_ 
            on stores0_.sales_info_user_id=salesinfou8_.id 
    where
        stores0_.id=?
Hibernate: 
    select
        stores0_.id as id1_12_0_,
        stores0_.created_date as created_2_12_0_,
        stores0_.modified_date as modified3_12_0_,
        stores0_.author_id as author_i9_12_0_,
        stores0_.clothes_info_id as clothes10_12_0_,
        stores0_.colors_name as colors_11_12_0_,
        stores0_.materials_name as materia12_12_0_,
        stores0_.style_name as style_n13_12_0_,
        stores0_.clothes_length as clothes_4_12_0_,
        stores0_.content as content5_12_0_,
        stores0_.price as price6_12_0_,
        stores0_.sales_info_clothes_id as sales_i14_12_0_,
        stores0_.sales_info_status_id as sales_i15_12_0_,
        stores0_.sales_info_user_id as sales_i16_12_0_,
        stores0_.status as status7_12_0_,
        stores0_.title as title8_12_0_,
        members1_.id as id1_6_1_,
        members1_.email as email2_6_1_,
        members1_.image as image3_6_1_,
        members1_.name as name4_6_1_,
        members1_.nickname as nickname5_6_1_,
        members1_.password as password6_6_1_,
        members1_.phone as phone7_6_1_,
        members1_.refresh_token as refresh_8_6_1_,
        members1_.role as role9_6_1_,
        clothesinf2_.id as id1_2_2_,
        clothesinf2_.categoryl as category2_2_2_,
        clothesinf2_.categorys as category3_2_2_,
        clothesinf2_.fit as fit4_2_2_,
        clothesinf2_.length as length5_2_2_,
        colors3_.id as id1_4_3_,
        colors3_.name as name2_4_3_,
        materials4_.id as id1_5_4_,
        materials4_.name as name2_5_4_,
        style5_.id as id1_14_5_,
        style5_.name as name2_14_5_,
        salesinfoc6_.id as id1_9_6_,
        salesinfoc6_.clothes_brand as clothes_2_9_6_,
        salesinfoc6_.clothes_color as clothes_3_9_6_,
        salesinfoc6_.clothes_gender as clothes_4_9_6_,
        salesinfoc6_.clothes_size as clothes_5_9_6_,
        salesinfos7_.id as id1_10_7_,
        salesinfos7_.status_score as status_s2_10_7_,
        salesinfos7_.status_tag as status_t3_10_7_,
        salesinfos7_.status_times as status_t4_10_7_,
        salesinfos7_.status_when2buy as status_w5_10_7_,
        salesinfos7_.transport as transpor6_10_7_,
        salesinfou8_.id as id1_11_8_,
        salesinfou8_.user_height as user_hei2_11_8_,
        salesinfou8_.user_size as user_siz3_11_8_,
        salesinfou8_.user_weight as user_wei4_11_8_ 
    from
        stores stores0_ 
    left outer join
        members members1_ 
            on stores0_.author_id=members1_.id 
    left outer join
        clothes_info clothesinf2_ 
            on stores0_.clothes_info_id=clothesinf2_.id 
    left outer join
        colors colors3_ 
            on stores0_.colors_name=colors3_.name 
    left outer join
        materials materials4_ 
            on stores0_.materials_name=materials4_.name 
    left outer join
        style style5_ 
            on stores0_.style_name=style5_.name 
    left outer join
        sales_info_clothes salesinfoc6_ 
            on stores0_.sales_info_clothes_id=salesinfoc6_.id 
    left outer join
        sales_info_status salesinfos7_ 
            on stores0_.sales_info_status_id=salesinfos7_.id 
    left outer join
        sales_info_user salesinfou8_ 
            on stores0_.sales_info_user_id=salesinfou8_.id 
    where
        stores0_.id=?
Hibernate: 
    select
        stores0_.id as id1_12_0_,
        stores0_.created_date as created_2_12_0_,
        stores0_.modified_date as modified3_12_0_,
        stores0_.author_id as author_i9_12_0_,
        stores0_.clothes_info_id as clothes10_12_0_,
        stores0_.colors_name as colors_11_12_0_,
        stores0_.materials_name as materia12_12_0_,
        stores0_.style_name as style_n13_12_0_,
        stores0_.clothes_length as clothes_4_12_0_,
        stores0_.content as content5_12_0_,
        stores0_.price as price6_12_0_,
        stores0_.sales_info_clothes_id as sales_i14_12_0_,
        stores0_.sales_info_status_id as sales_i15_12_0_,
        stores0_.sales_info_user_id as sales_i16_12_0_,
        stores0_.status as status7_12_0_,
        stores0_.title as title8_12_0_,
        members1_.id as id1_6_1_,
        members1_.email as email2_6_1_,
        members1_.image as image3_6_1_,
        members1_.name as name4_6_1_,
        members1_.nickname as nickname5_6_1_,
        members1_.password as password6_6_1_,
        members1_.phone as phone7_6_1_,
        members1_.refresh_token as refresh_8_6_1_,
        members1_.role as role9_6_1_,
        clothesinf2_.id as id1_2_2_,
        clothesinf2_.categoryl as category2_2_2_,
        clothesinf2_.categorys as category3_2_2_,
        clothesinf2_.fit as fit4_2_2_,
        clothesinf2_.length as length5_2_2_,
        colors3_.id as id1_4_3_,
        colors3_.name as name2_4_3_,
        materials4_.id as id1_5_4_,
        materials4_.name as name2_5_4_,
        style5_.id as id1_14_5_,
        style5_.name as name2_14_5_,
        salesinfoc6_.id as id1_9_6_,
        salesinfoc6_.clothes_brand as clothes_2_9_6_,
        salesinfoc6_.clothes_color as clothes_3_9_6_,
        salesinfoc6_.clothes_gender as clothes_4_9_6_,
        salesinfoc6_.clothes_size as clothes_5_9_6_,
        salesinfos7_.id as id1_10_7_,
        salesinfos7_.status_score as status_s2_10_7_,
        salesinfos7_.status_tag as status_t3_10_7_,
        salesinfos7_.status_times as status_t4_10_7_,
        salesinfos7_.status_when2buy as status_w5_10_7_,
        salesinfos7_.transport as transpor6_10_7_,
        salesinfou8_.id as id1_11_8_,
        salesinfou8_.user_height as user_hei2_11_8_,
        salesinfou8_.user_size as user_siz3_11_8_,
        salesinfou8_.user_weight as user_wei4_11_8_ 
    from
        stores stores0_ 
    left outer join
        members members1_ 
            on stores0_.author_id=members1_.id 
    left outer join
        clothes_info clothesinf2_ 
            on stores0_.clothes_info_id=clothesinf2_.id 
    left outer join
        colors colors3_ 
            on stores0_.colors_name=colors3_.name 
    left outer join
        materials materials4_ 
            on stores0_.materials_name=materials4_.name 
    left outer join
        style style5_ 
            on stores0_.style_name=style5_.name 
    left outer join
        sales_info_clothes salesinfoc6_ 
            on stores0_.sales_info_clothes_id=salesinfoc6_.id 
    left outer join
        sales_info_status salesinfos7_ 
            on stores0_.sales_info_status_id=salesinfos7_.id 
    left outer join
        sales_info_user salesinfou8_ 
            on stores0_.sales_info_user_id=salesinfou8_.id 
    where
        stores0_.id=?
Hibernate: 
    select
        stores0_.id as id1_12_0_,
        stores0_.created_date as created_2_12_0_,
        stores0_.modified_date as modified3_12_0_,
        stores0_.author_id as author_i9_12_0_,
        stores0_.clothes_info_id as clothes10_12_0_,
        stores0_.colors_name as colors_11_12_0_,
        stores0_.materials_name as materia12_12_0_,
        stores0_.style_name as style_n13_12_0_,
        stores0_.clothes_length as clothes_4_12_0_,
        stores0_.content as content5_12_0_,
        stores0_.price as price6_12_0_,
        stores0_.sales_info_clothes_id as sales_i14_12_0_,
        stores0_.sales_info_status_id as sales_i15_12_0_,
        stores0_.sales_info_user_id as sales_i16_12_0_,
        stores0_.status as status7_12_0_,
        stores0_.title as title8_12_0_,
        members1_.id as id1_6_1_,
        members1_.email as email2_6_1_,
        members1_.image as image3_6_1_,
        members1_.name as name4_6_1_,
        members1_.nickname as nickname5_6_1_,
        members1_.password as password6_6_1_,
        members1_.phone as phone7_6_1_,
        members1_.refresh_token as refresh_8_6_1_,
        members1_.role as role9_6_1_,
        clothesinf2_.id as id1_2_2_,
        clothesinf2_.categoryl as category2_2_2_,
        clothesinf2_.categorys as category3_2_2_,
        clothesinf2_.fit as fit4_2_2_,
        clothesinf2_.length as length5_2_2_,
        colors3_.id as id1_4_3_,
        colors3_.name as name2_4_3_,
        materials4_.id as id1_5_4_,
        materials4_.name as name2_5_4_,
        style5_.id as id1_14_5_,
        style5_.name as name2_14_5_,
        salesinfoc6_.id as id1_9_6_,
        salesinfoc6_.clothes_brand as clothes_2_9_6_,
        salesinfoc6_.clothes_color as clothes_3_9_6_,
        salesinfoc6_.clothes_gender as clothes_4_9_6_,
        salesinfoc6_.clothes_size as clothes_5_9_6_,
        salesinfos7_.id as id1_10_7_,
        salesinfos7_.status_score as status_s2_10_7_,
        salesinfos7_.status_tag as status_t3_10_7_,
        salesinfos7_.status_times as status_t4_10_7_,
        salesinfos7_.status_when2buy as status_w5_10_7_,
        salesinfos7_.transport as transpor6_10_7_,
        salesinfou8_.id as id1_11_8_,
        salesinfou8_.user_height as user_hei2_11_8_,
        salesinfou8_.user_size as user_siz3_11_8_,
        salesinfou8_.user_weight as user_wei4_11_8_ 
    from
        stores stores0_ 
    left outer join
        members members1_ 
            on stores0_.author_id=members1_.id 
    left outer join
        clothes_info clothesinf2_ 
            on stores0_.clothes_info_id=clothesinf2_.id 
    left outer join
        colors colors3_ 
            on stores0_.colors_name=colors3_.name 
    left outer join
        materials materials4_ 
            on stores0_.materials_name=materials4_.name 
    left outer join
        style style5_ 
            on stores0_.style_name=style5_.name 
    left outer join
        sales_info_clothes salesinfoc6_ 
            on stores0_.sales_info_clothes_id=salesinfoc6_.id 
    left outer join
        sales_info_status salesinfos7_ 
            on stores0_.sales_info_status_id=salesinfos7_.id 
    left outer join
        sales_info_user salesinfou8_ 
            on stores0_.sales_info_user_id=salesinfou8_.id 
    where
        stores0_.id=?
Hibernate: 
    select
        stores0_.id as id1_12_0_,
        stores0_.created_date as created_2_12_0_,
        stores0_.modified_date as modified3_12_0_,
        stores0_.author_id as author_i9_12_0_,
        stores0_.clothes_info_id as clothes10_12_0_,
        stores0_.colors_name as colors_11_12_0_,
        stores0_.materials_name as materia12_12_0_,
        stores0_.style_name as style_n13_12_0_,
        stores0_.clothes_length as clothes_4_12_0_,
        stores0_.content as content5_12_0_,
        stores0_.price as price6_12_0_,
        stores0_.sales_info_clothes_id as sales_i14_12_0_,
        stores0_.sales_info_status_id as sales_i15_12_0_,
        stores0_.sales_info_user_id as sales_i16_12_0_,
        stores0_.status as status7_12_0_,
        stores0_.title as title8_12_0_,
        members1_.id as id1_6_1_,
        members1_.email as email2_6_1_,
        members1_.image as image3_6_1_,
        members1_.name as name4_6_1_,
        members1_.nickname as nickname5_6_1_,
        members1_.password as password6_6_1_,
        members1_.phone as phone7_6_1_,
        members1_.refresh_token as refresh_8_6_1_,
        members1_.role as role9_6_1_,
        clothesinf2_.id as id1_2_2_,
        clothesinf2_.categoryl as category2_2_2_,
        clothesinf2_.categorys as category3_2_2_,
        clothesinf2_.fit as fit4_2_2_,
        clothesinf2_.length as length5_2_2_,
        colors3_.id as id1_4_3_,
        colors3_.name as name2_4_3_,
        materials4_.id as id1_5_4_,
        materials4_.name as name2_5_4_,
        style5_.id as id1_14_5_,
        style5_.name as name2_14_5_,
        salesinfoc6_.id as id1_9_6_,
        salesinfoc6_.clothes_brand as clothes_2_9_6_,
        salesinfoc6_.clothes_color as clothes_3_9_6_,
        salesinfoc6_.clothes_gender as clothes_4_9_6_,
        salesinfoc6_.clothes_size as clothes_5_9_6_,
        salesinfos7_.id as id1_10_7_,
        salesinfos7_.status_score as status_s2_10_7_,
        salesinfos7_.status_tag as status_t3_10_7_,
        salesinfos7_.status_times as status_t4_10_7_,
        salesinfos7_.status_when2buy as status_w5_10_7_,
        salesinfos7_.transport as transpor6_10_7_,
        salesinfou8_.id as id1_11_8_,
        salesinfou8_.user_height as user_hei2_11_8_,
        salesinfou8_.user_size as user_siz3_11_8_,
        salesinfou8_.user_weight as user_wei4_11_8_ 
    from
        stores stores0_ 
    left outer join
        members members1_ 
            on stores0_.author_id=members1_.id 
    left outer join
        clothes_info clothesinf2_ 
            on stores0_.clothes_info_id=clothesinf2_.id 
    left outer join
        colors colors3_ 
            on stores0_.colors_name=colors3_.name 
    left outer join
        materials materials4_ 
            on stores0_.materials_name=materials4_.name 
    left outer join
        style style5_ 
            on stores0_.style_name=style5_.name 
    left outer join
        sales_info_clothes salesinfoc6_ 
            on stores0_.sales_info_clothes_id=salesinfoc6_.id 
    left outer join
        sales_info_status salesinfos7_ 
            on stores0_.sales_info_status_id=salesinfos7_.id 
    left outer join
        sales_info_user salesinfou8_ 
            on stores0_.sales_info_user_id=salesinfou8_.id 
    where
        stores0_.id=?
Hibernate: 
    select
        stores0_.id as id1_12_0_,
        stores0_.created_date as created_2_12_0_,
        stores0_.modified_date as modified3_12_0_,
        stores0_.author_id as author_i9_12_0_,
        stores0_.clothes_info_id as clothes10_12_0_,
        stores0_.colors_name as colors_11_12_0_,
        stores0_.materials_name as materia12_12_0_,
        stores0_.style_name as style_n13_12_0_,
        stores0_.clothes_length as clothes_4_12_0_,
        stores0_.content as content5_12_0_,
        stores0_.price as price6_12_0_,
        stores0_.sales_info_clothes_id as sales_i14_12_0_,
        stores0_.sales_info_status_id as sales_i15_12_0_,
        stores0_.sales_info_user_id as sales_i16_12_0_,
        stores0_.status as status7_12_0_,
        stores0_.title as title8_12_0_,
        members1_.id as id1_6_1_,
        members1_.email as email2_6_1_,
        members1_.image as image3_6_1_,
        members1_.name as name4_6_1_,
        members1_.nickname as nickname5_6_1_,
        members1_.password as password6_6_1_,
        members1_.phone as phone7_6_1_,
        members1_.refresh_token as refresh_8_6_1_,
        members1_.role as role9_6_1_,
        clothesinf2_.id as id1_2_2_,
        clothesinf2_.categoryl as category2_2_2_,
        clothesinf2_.categorys as category3_2_2_,
        clothesinf2_.fit as fit4_2_2_,
        clothesinf2_.length as length5_2_2_,
        colors3_.id as id1_4_3_,
        colors3_.name as name2_4_3_,
        materials4_.id as id1_5_4_,
        materials4_.name as name2_5_4_,
        style5_.id as id1_14_5_,
        style5_.name as name2_14_5_,
        salesinfoc6_.id as id1_9_6_,
        salesinfoc6_.clothes_brand as clothes_2_9_6_,
        salesinfoc6_.clothes_color as clothes_3_9_6_,
        salesinfoc6_.clothes_gender as clothes_4_9_6_,
        salesinfoc6_.clothes_size as clothes_5_9_6_,
        salesinfos7_.id as id1_10_7_,
        salesinfos7_.status_score as status_s2_10_7_,
        salesinfos7_.status_tag as status_t3_10_7_,
        salesinfos7_.status_times as status_t4_10_7_,
        salesinfos7_.status_when2buy as status_w5_10_7_,
        salesinfos7_.transport as transpor6_10_7_,
        salesinfou8_.id as id1_11_8_,
        salesinfou8_.user_height as user_hei2_11_8_,
        salesinfou8_.user_size as user_siz3_11_8_,
        salesinfou8_.user_weight as user_wei4_11_8_ 
    from
        stores stores0_ 
    left outer join
        members members1_ 
            on stores0_.author_id=members1_.id 
    left outer join
        clothes_info clothesinf2_ 
            on stores0_.clothes_info_id=clothesinf2_.id 
    left outer join
        colors colors3_ 
            on stores0_.colors_name=colors3_.name 
    left outer join
        materials materials4_ 
            on stores0_.materials_name=materials4_.name 
    left outer join
        style style5_ 
            on stores0_.style_name=style5_.name 
    left outer join
        sales_info_clothes salesinfoc6_ 
            on stores0_.sales_info_clothes_id=salesinfoc6_.id 
    left outer join
        sales_info_status salesinfos7_ 
            on stores0_.sales_info_status_id=salesinfos7_.id 
    left outer join
        sales_info_user salesinfou8_ 
            on stores0_.sales_info_user_id=salesinfou8_.id 
    where
        stores0_.id=?
Hibernate: 
    select
        stores0_.id as id1_12_0_,
        stores0_.created_date as created_2_12_0_,
        stores0_.modified_date as modified3_12_0_,
        stores0_.author_id as author_i9_12_0_,
        stores0_.clothes_info_id as clothes10_12_0_,
        stores0_.colors_name as colors_11_12_0_,
        stores0_.materials_name as materia12_12_0_,
        stores0_.style_name as style_n13_12_0_,
        stores0_.clothes_length as clothes_4_12_0_,
        stores0_.content as content5_12_0_,
        stores0_.price as price6_12_0_,
        stores0_.sales_info_clothes_id as sales_i14_12_0_,
        stores0_.sales_info_status_id as sales_i15_12_0_,
        stores0_.sales_info_user_id as sales_i16_12_0_,
        stores0_.status as status7_12_0_,
        stores0_.title as title8_12_0_,
        members1_.id as id1_6_1_,
        members1_.email as email2_6_1_,
        members1_.image as image3_6_1_,
        members1_.name as name4_6_1_,
        members1_.nickname as nickname5_6_1_,
        members1_.password as password6_6_1_,
        members1_.phone as phone7_6_1_,
        members1_.refresh_token as refresh_8_6_1_,
        members1_.role as role9_6_1_,
        clothesinf2_.id as id1_2_2_,
        clothesinf2_.categoryl as category2_2_2_,
        clothesinf2_.categorys as category3_2_2_,
        clothesinf2_.fit as fit4_2_2_,
        clothesinf2_.length as length5_2_2_,
        colors3_.id as id1_4_3_,
        colors3_.name as name2_4_3_,
        materials4_.id as id1_5_4_,
        materials4_.name as name2_5_4_,
        style5_.id as id1_14_5_,
        style5_.name as name2_14_5_,
        salesinfoc6_.id as id1_9_6_,
        salesinfoc6_.clothes_brand as clothes_2_9_6_,
        salesinfoc6_.clothes_color as clothes_3_9_6_,
        salesinfoc6_.clothes_gender as clothes_4_9_6_,
        salesinfoc6_.clothes_size as clothes_5_9_6_,
        salesinfos7_.id as id1_10_7_,
        salesinfos7_.status_score as status_s2_10_7_,
        salesinfos7_.status_tag as status_t3_10_7_,
        salesinfos7_.status_times as status_t4_10_7_,
        salesinfos7_.status_when2buy as status_w5_10_7_,
        salesinfos7_.transport as transpor6_10_7_,
        salesinfou8_.id as id1_11_8_,
        salesinfou8_.user_height as user_hei2_11_8_,
        salesinfou8_.user_size as user_siz3_11_8_,
        salesinfou8_.user_weight as user_wei4_11_8_ 
    from
        stores stores0_ 
    left outer join
        members members1_ 
            on stores0_.author_id=members1_.id 
    left outer join
        clothes_info clothesinf2_ 
            on stores0_.clothes_info_id=clothesinf2_.id 
    left outer join
        colors colors3_ 
            on stores0_.colors_name=colors3_.name 
    left outer join
        materials materials4_ 
            on stores0_.materials_name=materials4_.name 
    left outer join
        style style5_ 
            on stores0_.style_name=style5_.name 
    left outer join
        sales_info_clothes salesinfoc6_ 
            on stores0_.sales_info_clothes_id=salesinfoc6_.id 
    left outer join
        sales_info_status salesinfos7_ 
            on stores0_.sales_info_status_id=salesinfos7_.id 
    left outer join
        sales_info_user salesinfou8_ 
            on stores0_.sales_info_user_id=salesinfou8_.id 
    where
        stores0_.id=?
Hibernate: 
    select
        stores0_.id as id1_12_0_,
        stores0_.created_date as created_2_12_0_,
        stores0_.modified_date as modified3_12_0_,
        stores0_.author_id as author_i9_12_0_,
        stores0_.clothes_info_id as clothes10_12_0_,
        stores0_.colors_name as colors_11_12_0_,
        stores0_.materials_name as materia12_12_0_,
        stores0_.style_name as style_n13_12_0_,
        stores0_.clothes_length as clothes_4_12_0_,
        stores0_.content as content5_12_0_,
        stores0_.price as price6_12_0_,
        stores0_.sales_info_clothes_id as sales_i14_12_0_,
        stores0_.sales_info_status_id as sales_i15_12_0_,
        stores0_.sales_info_user_id as sales_i16_12_0_,
        stores0_.status as status7_12_0_,
        stores0_.title as title8_12_0_,
        members1_.id as id1_6_1_,
        members1_.email as email2_6_1_,
        members1_.image as image3_6_1_,
        members1_.name as name4_6_1_,
        members1_.nickname as nickname5_6_1_,
        members1_.password as password6_6_1_,
        members1_.phone as phone7_6_1_,
        members1_.refresh_token as refresh_8_6_1_,
        members1_.role as role9_6_1_,
        clothesinf2_.id as id1_2_2_,
        clothesinf2_.categoryl as category2_2_2_,
        clothesinf2_.categorys as category3_2_2_,
        clothesinf2_.fit as fit4_2_2_,
        clothesinf2_.length as length5_2_2_,
        colors3_.id as id1_4_3_,
        colors3_.name as name2_4_3_,
        materials4_.id as id1_5_4_,
        materials4_.name as name2_5_4_,
        style5_.id as id1_14_5_,
        style5_.name as name2_14_5_,
        salesinfoc6_.id as id1_9_6_,
        salesinfoc6_.clothes_brand as clothes_2_9_6_,
        salesinfoc6_.clothes_color as clothes_3_9_6_,
        salesinfoc6_.clothes_gender as clothes_4_9_6_,
        salesinfoc6_.clothes_size as clothes_5_9_6_,
        salesinfos7_.id as id1_10_7_,
        salesinfos7_.status_score as status_s2_10_7_,
        salesinfos7_.status_tag as status_t3_10_7_,
        salesinfos7_.status_times as status_t4_10_7_,
        salesinfos7_.status_when2buy as status_w5_10_7_,
        salesinfos7_.transport as transpor6_10_7_,
        salesinfou8_.id as id1_11_8_,
        salesinfou8_.user_height as user_hei2_11_8_,
        salesinfou8_.user_size as user_siz3_11_8_,
        salesinfou8_.user_weight as user_wei4_11_8_ 
    from
        stores stores0_ 
    left outer join
        members members1_ 
            on stores0_.author_id=members1_.id 
    left outer join
        clothes_info clothesinf2_ 
            on stores0_.clothes_info_id=clothesinf2_.id 
    left outer join
        colors colors3_ 
            on stores0_.colors_name=colors3_.name 
    left outer join
        materials materials4_ 
            on stores0_.materials_name=materials4_.name 
    left outer join
        style style5_ 
            on stores0_.style_name=style5_.name 
    left outer join
        sales_info_clothes salesinfoc6_ 
            on stores0_.sales_info_clothes_id=salesinfoc6_.id 
    left outer join
        sales_info_status salesinfos7_ 
            on stores0_.sales_info_status_id=salesinfos7_.id 
    left outer join
        sales_info_user salesinfou8_ 
            on stores0_.sales_info_user_id=salesinfou8_.id 
    where
        stores0_.id=?
Hibernate: 
    select
        stores0_.id as id1_12_0_,
        stores0_.created_date as created_2_12_0_,
        stores0_.modified_date as modified3_12_0_,
        stores0_.author_id as author_i9_12_0_,
        stores0_.clothes_info_id as clothes10_12_0_,
        stores0_.colors_name as colors_11_12_0_,
        stores0_.materials_name as materia12_12_0_,
        stores0_.style_name as style_n13_12_0_,
        stores0_.clothes_length as clothes_4_12_0_,
        stores0_.content as content5_12_0_,
        stores0_.price as price6_12_0_,
        stores0_.sales_info_clothes_id as sales_i14_12_0_,
        stores0_.sales_info_status_id as sales_i15_12_0_,
        stores0_.sales_info_user_id as sales_i16_12_0_,
        stores0_.status as status7_12_0_,
        stores0_.title as title8_12_0_,
        members1_.id as id1_6_1_,
        members1_.email as email2_6_1_,
        members1_.image as image3_6_1_,
        members1_.name as name4_6_1_,
        members1_.nickname as nickname5_6_1_,
        members1_.password as password6_6_1_,
        members1_.phone as phone7_6_1_,
        members1_.refresh_token as refresh_8_6_1_,
        members1_.role as role9_6_1_,
        clothesinf2_.id as id1_2_2_,
        clothesinf2_.categoryl as category2_2_2_,
        clothesinf2_.categorys as category3_2_2_,
        clothesinf2_.fit as fit4_2_2_,
        clothesinf2_.length as length5_2_2_,
        colors3_.id as id1_4_3_,
        colors3_.name as name2_4_3_,
        materials4_.id as id1_5_4_,
        materials4_.name as name2_5_4_,
        style5_.id as id1_14_5_,
        style5_.name as name2_14_5_,
        salesinfoc6_.id as id1_9_6_,
        salesinfoc6_.clothes_brand as clothes_2_9_6_,
        salesinfoc6_.clothes_color as clothes_3_9_6_,
        salesinfoc6_.clothes_gender as clothes_4_9_6_,
        salesinfoc6_.clothes_size as clothes_5_9_6_,
        salesinfos7_.id as id1_10_7_,
        salesinfos7_.status_score as status_s2_10_7_,
        salesinfos7_.status_tag as status_t3_10_7_,
        salesinfos7_.status_times as status_t4_10_7_,
        salesinfos7_.status_when2buy as status_w5_10_7_,
        salesinfos7_.transport as transpor6_10_7_,
        salesinfou8_.id as id1_11_8_,
        salesinfou8_.user_height as user_hei2_11_8_,
        salesinfou8_.user_size as user_siz3_11_8_,
        salesinfou8_.user_weight as user_wei4_11_8_ 
    from
        stores stores0_ 
    left outer join
        members members1_ 
            on stores0_.author_id=members1_.id 
    left outer join
        clothes_info clothesinf2_ 
            on stores0_.clothes_info_id=clothesinf2_.id 
    left outer join
        colors colors3_ 
            on stores0_.colors_name=colors3_.name 
    left outer join
        materials materials4_ 
            on stores0_.materials_name=materials4_.name 
    left outer join
        style style5_ 
            on stores0_.style_name=style5_.name 
    left outer join
        sales_info_clothes salesinfoc6_ 
            on stores0_.sales_info_clothes_id=salesinfoc6_.id 
    left outer join
        sales_info_status salesinfos7_ 
            on stores0_.sales_info_status_id=salesinfos7_.id 
    left outer join
        sales_info_user salesinfou8_ 
            on stores0_.sales_info_user_id=salesinfou8_.id 
    where
        stores0_.id=?
Hibernate: 
    select
        stores0_.id as id1_12_0_,
        stores0_.created_date as created_2_12_0_,
        stores0_.modified_date as modified3_12_0_,
        stores0_.author_id as author_i9_12_0_,
        stores0_.clothes_info_id as clothes10_12_0_,
        stores0_.colors_name as colors_11_12_0_,
        stores0_.materials_name as materia12_12_0_,
        stores0_.style_name as style_n13_12_0_,
        stores0_.clothes_length as clothes_4_12_0_,
        stores0_.content as content5_12_0_,
        stores0_.price as price6_12_0_,
        stores0_.sales_info_clothes_id as sales_i14_12_0_,
        stores0_.sales_info_status_id as sales_i15_12_0_,
        stores0_.sales_info_user_id as sales_i16_12_0_,
        stores0_.status as status7_12_0_,
        stores0_.title as title8_12_0_,
        members1_.id as id1_6_1_,
        members1_.email as email2_6_1_,
        members1_.image as image3_6_1_,
        members1_.name as name4_6_1_,
        members1_.nickname as nickname5_6_1_,
        members1_.password as password6_6_1_,
        members1_.phone as phone7_6_1_,
        members1_.refresh_token as refresh_8_6_1_,
        members1_.role as role9_6_1_,
        clothesinf2_.id as id1_2_2_,
        clothesinf2_.categoryl as category2_2_2_,
        clothesinf2_.categorys as category3_2_2_,
        clothesinf2_.fit as fit4_2_2_,
        clothesinf2_.length as length5_2_2_,
        colors3_.id as id1_4_3_,
        colors3_.name as name2_4_3_,
        materials4_.id as id1_5_4_,
        materials4_.name as name2_5_4_,
        style5_.id as id1_14_5_,
        style5_.name as name2_14_5_,
        salesinfoc6_.id as id1_9_6_,
        salesinfoc6_.clothes_brand as clothes_2_9_6_,
        salesinfoc6_.clothes_color as clothes_3_9_6_,
        salesinfoc6_.clothes_gender as clothes_4_9_6_,
        salesinfoc6_.clothes_size as clothes_5_9_6_,
        salesinfos7_.id as id1_10_7_,
        salesinfos7_.status_score as status_s2_10_7_,
        salesinfos7_.status_tag as status_t3_10_7_,
        salesinfos7_.status_times as status_t4_10_7_,
        salesinfos7_.status_when2buy as status_w5_10_7_,
        salesinfos7_.transport as transpor6_10_7_,
        salesinfou8_.id as id1_11_8_,
        salesinfou8_.user_height as user_hei2_11_8_,
        salesinfou8_.user_size as user_siz3_11_8_,
        salesinfou8_.user_weight as user_wei4_11_8_ 
    from
        stores stores0_ 
    left outer join
        members members1_ 
            on stores0_.author_id=members1_.id 
    left outer join
        clothes_info clothesinf2_ 
            on stores0_.clothes_info_id=clothesinf2_.id 
    left outer join
        colors colors3_ 
            on stores0_.colors_name=colors3_.name 
    left outer join
        materials materials4_ 
            on stores0_.materials_name=materials4_.name 
    left outer join
        style style5_ 
            on stores0_.style_name=style5_.name 
    left outer join
        sales_info_clothes salesinfoc6_ 
            on stores0_.sales_info_clothes_id=salesinfoc6_.id 
    left outer join
        sales_info_status salesinfos7_ 
            on stores0_.sales_info_status_id=salesinfos7_.id 
    left outer join
        sales_info_user salesinfou8_ 
            on stores0_.sales_info_user_id=salesinfou8_.id 
    where
        stores0_.id=?
Hibernate: 
    select
        stores0_.id as id1_12_0_,
        stores0_.created_date as created_2_12_0_,
        stores0_.modified_date as modified3_12_0_,
        stores0_.author_id as author_i9_12_0_,
        stores0_.clothes_info_id as clothes10_12_0_,
        stores0_.colors_name as colors_11_12_0_,
        stores0_.materials_name as materia12_12_0_,
        stores0_.style_name as style_n13_12_0_,
        stores0_.clothes_length as clothes_4_12_0_,
        stores0_.content as content5_12_0_,
        stores0_.price as price6_12_0_,
        stores0_.sales_info_clothes_id as sales_i14_12_0_,
        stores0_.sales_info_status_id as sales_i15_12_0_,
        stores0_.sales_info_user_id as sales_i16_12_0_,
        stores0_.status as status7_12_0_,
        stores0_.title as title8_12_0_,
        members1_.id as id1_6_1_,
        members1_.email as email2_6_1_,
        members1_.image as image3_6_1_,
        members1_.name as name4_6_1_,
        members1_.nickname as nickname5_6_1_,
        members1_.password as password6_6_1_,
        members1_.phone as phone7_6_1_,
        members1_.refresh_token as refresh_8_6_1_,
        members1_.role as role9_6_1_,
        clothesinf2_.id as id1_2_2_,
        clothesinf2_.categoryl as category2_2_2_,
        clothesinf2_.categorys as category3_2_2_,
        clothesinf2_.fit as fit4_2_2_,
        clothesinf2_.length as length5_2_2_,
        colors3_.id as id1_4_3_,
        colors3_.name as name2_4_3_,
        materials4_.id as id1_5_4_,
        materials4_.name as name2_5_4_,
        style5_.id as id1_14_5_,
        style5_.name as name2_14_5_,
        salesinfoc6_.id as id1_9_6_,
        salesinfoc6_.clothes_brand as clothes_2_9_6_,
        salesinfoc6_.clothes_color as clothes_3_9_6_,
        salesinfoc6_.clothes_gender as clothes_4_9_6_,
        salesinfoc6_.clothes_size as clothes_5_9_6_,
        salesinfos7_.id as id1_10_7_,
        salesinfos7_.status_score as status_s2_10_7_,
        salesinfos7_.status_tag as status_t3_10_7_,
        salesinfos7_.status_times as status_t4_10_7_,
        salesinfos7_.status_when2buy as status_w5_10_7_,
        salesinfos7_.transport as transpor6_10_7_,
        salesinfou8_.id as id1_11_8_,
        salesinfou8_.user_height as user_hei2_11_8_,
        salesinfou8_.user_size as user_siz3_11_8_,
        salesinfou8_.user_weight as user_wei4_11_8_ 
    from
        stores stores0_ 
    left outer join
        members members1_ 
            on stores0_.author_id=members1_.id 
    left outer join
        clothes_info clothesinf2_ 
            on stores0_.clothes_info_id=clothesinf2_.id 
    left outer join
        colors colors3_ 
            on stores0_.colors_name=colors3_.name 
    left outer join
        materials materials4_ 
            on stores0_.materials_name=materials4_.name 
    left outer join
        style style5_ 
            on stores0_.style_name=style5_.name 
    left outer join
        sales_info_clothes salesinfoc6_ 
            on stores0_.sales_info_clothes_id=salesinfoc6_.id 
    left outer join
        sales_info_status salesinfos7_ 
            on stores0_.sales_info_status_id=salesinfos7_.id 
    left outer join
        sales_info_user salesinfou8_ 
            on stores0_.sales_info_user_id=salesinfou8_.id 
    where
        stores0_.id=?
Hibernate: 
    select
        stores0_.id as id1_12_0_,
        stores0_.created_date as created_2_12_0_,
        stores0_.modified_date as modified3_12_0_,
        stores0_.author_id as author_i9_12_0_,
        stores0_.clothes_info_id as clothes10_12_0_,
        stores0_.colors_name as colors_11_12_0_,
        stores0_.materials_name as materia12_12_0_,
        stores0_.style_name as style_n13_12_0_,
        stores0_.clothes_length as clothes_4_12_0_,
        stores0_.content as content5_12_0_,
        stores0_.price as price6_12_0_,
        stores0_.sales_info_clothes_id as sales_i14_12_0_,
        stores0_.sales_info_status_id as sales_i15_12_0_,
        stores0_.sales_info_user_id as sales_i16_12_0_,
        stores0_.status as status7_12_0_,
        stores0_.title as title8_12_0_,
        members1_.id as id1_6_1_,
        members1_.email as email2_6_1_,
        members1_.image as image3_6_1_,
        members1_.name as name4_6_1_,
        members1_.nickname as nickname5_6_1_,
        members1_.password as password6_6_1_,
        members1_.phone as phone7_6_1_,
        members1_.refresh_token as refresh_8_6_1_,
        members1_.role as role9_6_1_,
        clothesinf2_.id as id1_2_2_,
        clothesinf2_.categoryl as category2_2_2_,
        clothesinf2_.categorys as category3_2_2_,
        clothesinf2_.fit as fit4_2_2_,
        clothesinf2_.length as length5_2_2_,
        colors3_.id as id1_4_3_,
        colors3_.name as name2_4_3_,
        materials4_.id as id1_5_4_,
        materials4_.name as name2_5_4_,
        style5_.id as id1_14_5_,
        style5_.name as name2_14_5_,
        salesinfoc6_.id as id1_9_6_,
        salesinfoc6_.clothes_brand as clothes_2_9_6_,
        salesinfoc6_.clothes_color as clothes_3_9_6_,
        salesinfoc6_.clothes_gender as clothes_4_9_6_,
        salesinfoc6_.clothes_size as clothes_5_9_6_,
        salesinfos7_.id as id1_10_7_,
        salesinfos7_.status_score as status_s2_10_7_,
        salesinfos7_.status_tag as status_t3_10_7_,
        salesinfos7_.status_times as status_t4_10_7_,
        salesinfos7_.status_when2buy as status_w5_10_7_,
        salesinfos7_.transport as transpor6_10_7_,
        salesinfou8_.id as id1_11_8_,
        salesinfou8_.user_height as user_hei2_11_8_,
        salesinfou8_.user_size as user_siz3_11_8_,
        salesinfou8_.user_weight as user_wei4_11_8_ 
    from
        stores stores0_ 
    left outer join
        members members1_ 
            on stores0_.author_id=members1_.id 
    left outer join
        clothes_info clothesinf2_ 
            on stores0_.clothes_info_id=clothesinf2_.id 
    left outer join
        colors colors3_ 
            on stores0_.colors_name=colors3_.name 
    left outer join
        materials materials4_ 
            on stores0_.materials_name=materials4_.name 
    left outer join
        style style5_ 
            on stores0_.style_name=style5_.name 
    left outer join
        sales_info_clothes salesinfoc6_ 
            on stores0_.sales_info_clothes_id=salesinfoc6_.id 
    left outer join
        sales_info_status salesinfos7_ 
            on stores0_.sales_info_status_id=salesinfos7_.id 
    left outer join
        sales_info_user salesinfou8_ 
            on stores0_.sales_info_user_id=salesinfou8_.id 
    where
        stores0_.id=?
Hibernate: 
    select
        stores0_.id as id1_12_0_,
        stores0_.created_date as created_2_12_0_,
        stores0_.modified_date as modified3_12_0_,
        stores0_.author_id as author_i9_12_0_,
        stores0_.clothes_info_id as clothes10_12_0_,
        stores0_.colors_name as colors_11_12_0_,
        stores0_.materials_name as materia12_12_0_,
        stores0_.style_name as style_n13_12_0_,
        stores0_.clothes_length as clothes_4_12_0_,
        stores0_.content as content5_12_0_,
        stores0_.price as price6_12_0_,
        stores0_.sales_info_clothes_id as sales_i14_12_0_,
        stores0_.sales_info_status_id as sales_i15_12_0_,
        stores0_.sales_info_user_id as sales_i16_12_0_,
        stores0_.status as status7_12_0_,
        stores0_.title as title8_12_0_,
        members1_.id as id1_6_1_,
        members1_.email as email2_6_1_,
        members1_.image as image3_6_1_,
        members1_.name as name4_6_1_,
        members1_.nickname as nickname5_6_1_,
        members1_.password as password6_6_1_,
        members1_.phone as phone7_6_1_,
        members1_.refresh_token as refresh_8_6_1_,
        members1_.role as role9_6_1_,
        clothesinf2_.id as id1_2_2_,
        clothesinf2_.categoryl as category2_2_2_,
        clothesinf2_.categorys as category3_2_2_,
        clothesinf2_.fit as fit4_2_2_,
        clothesinf2_.length as length5_2_2_,
        colors3_.id as id1_4_3_,
        colors3_.name as name2_4_3_,
        materials4_.id as id1_5_4_,
        materials4_.name as name2_5_4_,
        style5_.id as id1_14_5_,
        style5_.name as name2_14_5_,
        salesinfoc6_.id as id1_9_6_,
        salesinfoc6_.clothes_brand as clothes_2_9_6_,
        salesinfoc6_.clothes_color as clothes_3_9_6_,
        salesinfoc6_.clothes_gender as clothes_4_9_6_,
        salesinfoc6_.clothes_size as clothes_5_9_6_,
        salesinfos7_.id as id1_10_7_,
        salesinfos7_.status_score as status_s2_10_7_,
        salesinfos7_.status_tag as status_t3_10_7_,
        salesinfos7_.status_times as status_t4_10_7_,
        salesinfos7_.status_when2buy as status_w5_10_7_,
        salesinfos7_.transport as transpor6_10_7_,
        salesinfou8_.id as id1_11_8_,
        salesinfou8_.user_height as user_hei2_11_8_,
        salesinfou8_.user_size as user_siz3_11_8_,
        salesinfou8_.user_weight as user_wei4_11_8_ 
    from
        stores stores0_ 
    left outer join
        members members1_ 
            on stores0_.author_id=members1_.id 
    left outer join
        clothes_info clothesinf2_ 
            on stores0_.clothes_info_id=clothesinf2_.id 
    left outer join
        colors colors3_ 
            on stores0_.colors_name=colors3_.name 
    left outer join
        materials materials4_ 
            on stores0_.materials_name=materials4_.name 
    left outer join
        style style5_ 
            on stores0_.style_name=style5_.name 
    left outer join
        sales_info_clothes salesinfoc6_ 
            on stores0_.sales_info_clothes_id=salesinfoc6_.id 
    left outer join
        sales_info_status salesinfos7_ 
            on stores0_.sales_info_status_id=salesinfos7_.id 
    left outer join
        sales_info_user salesinfou8_ 
            on stores0_.sales_info_user_id=salesinfou8_.id 
    where
        stores0_.id=?
Hibernate: 
    select
        members0_.id as id1_6_,
        members0_.email as email2_6_,
        members0_.image as image3_6_,
        members0_.name as name4_6_,
        members0_.nickname as nickname5_6_,
        members0_.password as password6_6_,
        members0_.phone as phone7_6_,
        members0_.refresh_token as refresh_8_6_,
        members0_.role as role9_6_ 
    from
        members members0_ 
    where
        members0_.email=?
Hibernate: 
    select
        members0_.id as id1_6_,
        members0_.email as email2_6_,
        members0_.image as image3_6_,
        members0_.name as name4_6_,
        members0_.nickname as nickname5_6_,
        members0_.password as password6_6_,
        members0_.phone as phone7_6_,
        members0_.refresh_token as refresh_8_6_,
        members0_.role as role9_6_ 
    from
        members members0_ 
    where
        members0_.email=?
Hibernate: 
    update
        members 
    set
        email=?,
        image=?,
        name=?,
        nickname=?,
        password=?,
        phone=?,
        refresh_token=?,
        role=? 
    where
        id=?
Hibernate: 
    select
        members0_.id as id1_6_,
        members0_.email as email2_6_,
        members0_.image as image3_6_,
        members0_.name as name4_6_,
        members0_.nickname as nickname5_6_,
        members0_.password as password6_6_,
        members0_.phone as phone7_6_,
        members0_.refresh_token as refresh_8_6_,
        members0_.role as role9_6_ 
    from
        members members0_ 
    where
        members0_.email=?
Hibernate: 
    select
        members0_.id as id1_6_,
        members0_.email as email2_6_,
        members0_.image as image3_6_,
        members0_.name as name4_6_,
        members0_.nickname as nickname5_6_,
        members0_.password as password6_6_,
        members0_.phone as phone7_6_,
        members0_.refresh_token as refresh_8_6_,
        members0_.role as role9_6_ 
    from
        members members0_ 
    where
        members0_.email=?
2022-11-10 12:34:06.216  INFO 9968 --- [    Test worker] o.a.c.c.C.[Tomcat].[localhost].[/]       : Initializing Spring TestDispatcherServlet ''
2022-11-10 12:34:06.216  INFO 9968 --- [    Test worker] o.s.t.web.servlet.TestDispatcherServlet  : Initializing Servlet ''
2022-11-10 12:34:06.218  INFO 9968 --- [    Test worker] o.s.t.web.servlet.TestDispatcherServlet  : Completed initialization in 2 ms
gunsong2@naver.com
Hibernate: 
    select
        members0_.id as id1_6_,
        members0_.email as email2_6_,
        members0_.image as image3_6_,
        members0_.name as name4_6_,
        members0_.nickname as nickname5_6_,
        members0_.password as password6_6_,
        members0_.phone as phone7_6_,
        members0_.refresh_token as refresh_8_6_,
        members0_.role as role9_6_ 
    from
        members members0_ 
    where
        members0_.email=?
Hibernate: 
    select
        style0_.id as id1_14_,
        style0_.name as name2_14_ 
    from
        style style0_ 
    where
        style0_.name=?
Hibernate: 
    select
        materials0_.id as id1_5_,
        materials0_.name as name2_5_ 
    from
        materials materials0_ 
    where
        materials0_.name=?
Hibernate: 
    select
        colors0_.id as id1_4_,
        colors0_.name as name2_4_ 
    from
        colors colors0_ 
    where
        colors0_.name=?
Hibernate: 
    select
        clothesinf0_.id as id1_2_,
        clothesinf0_.categoryl as category2_2_,
        clothesinf0_.categorys as category3_2_,
        clothesinf0_.fit as fit4_2_,
        clothesinf0_.length as length5_2_ 
    from
        clothes_info clothesinf0_ 
    where
        clothesinf0_.categoryl=? 
        and clothesinf0_.categorys=? 
        and clothesinf0_.length=? 
        and clothesinf0_.fit=?
Hibernate: 
    select
        salesinfoc0_.id as id1_9_,
        salesinfoc0_.clothes_brand as clothes_2_9_,
        salesinfoc0_.clothes_color as clothes_3_9_,
        salesinfoc0_.clothes_gender as clothes_4_9_,
        salesinfoc0_.clothes_size as clothes_5_9_ 
    from
        sales_info_clothes salesinfoc0_ 
    where
        salesinfoc0_.clothes_brand=? 
        and salesinfoc0_.clothes_gender=? 
        and salesinfoc0_.clothes_size=? 
        and salesinfoc0_.clothes_color=?
Hibernate: 
    select
        salesinfos0_.id as id1_10_,
        salesinfos0_.status_score as status_s2_10_,
        salesinfos0_.status_tag as status_t3_10_,
        salesinfos0_.status_times as status_t4_10_,
        salesinfos0_.status_when2buy as status_w5_10_,
        salesinfos0_.transport as transpor6_10_ 
    from
        sales_info_status salesinfos0_ 
    where
        salesinfos0_.status_tag=? 
        and salesinfos0_.status_score=? 
        and salesinfos0_.status_times=? 
        and salesinfos0_.status_when2buy=? 
        and salesinfos0_.transport=?
Hibernate: 
    select
        salesinfou0_.id as id1_11_,
        salesinfou0_.user_height as user_hei2_11_,
        salesinfou0_.user_size as user_siz3_11_,
        salesinfou0_.user_weight as user_wei4_11_ 
    from
        sales_info_user salesinfou0_ 
    where
        salesinfou0_.user_size=? 
        and salesinfou0_.user_weight=? 
        and salesinfou0_.user_height=?
Hibernate: 
    insert 
    into
        clothes_image
        (closets_post_id, path, stores_post_id, type) 
    values
        (?, ?, ?, ?)
Hibernate: 
    insert 
    into
        clothes_image
        (closets_post_id, path, stores_post_id, type) 
    values
        (?, ?, ?, ?)
Hibernate: 
    insert 
    into
        stores
        (created_date, modified_date, author_id, clothes_info_id, colors_name, materials_name, style_name, clothes_length, content, price, sales_info_clothes_id, sales_info_status_id, sales_info_user_id, status, title) 
    values
        (?, ?, ?, ?, ?, ?, ?, ?, ?, ?, ?, ?, ?, ?, ?)
Hibernate: 
    update
        clothes_image 
    set
        closets_post_id=?,
        path=?,
        stores_post_id=?,
        type=? 
    where
        id=?
Hibernate: 
    update
        clothes_image 
    set
        closets_post_id=?,
        path=?,
        stores_post_id=?,
        type=? 
    where
        id=?
gunsong2@naver.com
Hibernate: 
    select
        members0_.id as id1_6_,
        members0_.email as email2_6_,
        members0_.image as image3_6_,
        members0_.name as name4_6_,
        members0_.nickname as nickname5_6_,
        members0_.password as password6_6_,
        members0_.phone as phone7_6_,
        members0_.refresh_token as refresh_8_6_,
        members0_.role as role9_6_ 
    from
        members members0_ 
    where
        members0_.email=?
Hibernate: 
    select
        style0_.id as id1_14_,
        style0_.name as name2_14_ 
    from
        style style0_ 
    where
        style0_.name=?
Hibernate: 
    select
        materials0_.id as id1_5_,
        materials0_.name as name2_5_ 
    from
        materials materials0_ 
    where
        materials0_.name=?
Hibernate: 
    select
        colors0_.id as id1_4_,
        colors0_.name as name2_4_ 
    from
        colors colors0_ 
    where
        colors0_.name=?
Hibernate: 
    select
        clothesinf0_.id as id1_2_,
        clothesinf0_.categoryl as category2_2_,
        clothesinf0_.categorys as category3_2_,
        clothesinf0_.fit as fit4_2_,
        clothesinf0_.length as length5_2_ 
    from
        clothes_info clothesinf0_ 
    where
        clothesinf0_.categoryl=? 
        and clothesinf0_.categorys=? 
        and clothesinf0_.length=? 
        and clothesinf0_.fit=?
Hibernate: 
    select
        salesinfoc0_.id as id1_9_,
        salesinfoc0_.clothes_brand as clothes_2_9_,
        salesinfoc0_.clothes_color as clothes_3_9_,
        salesinfoc0_.clothes_gender as clothes_4_9_,
        salesinfoc0_.clothes_size as clothes_5_9_ 
    from
        sales_info_clothes salesinfoc0_ 
    where
        salesinfoc0_.clothes_brand=? 
        and salesinfoc0_.clothes_gender=? 
        and salesinfoc0_.clothes_size=? 
        and salesinfoc0_.clothes_color=?
Hibernate: 
    select
        salesinfos0_.id as id1_10_,
        salesinfos0_.status_score as status_s2_10_,
        salesinfos0_.status_tag as status_t3_10_,
        salesinfos0_.status_times as status_t4_10_,
        salesinfos0_.status_when2buy as status_w5_10_,
        salesinfos0_.transport as transpor6_10_ 
    from
        sales_info_status salesinfos0_ 
    where
        salesinfos0_.status_tag=? 
        and salesinfos0_.status_score=? 
        and salesinfos0_.status_times=? 
        and salesinfos0_.status_when2buy=? 
        and salesinfos0_.transport=?
Hibernate: 
    select
        salesinfou0_.id as id1_11_,
        salesinfou0_.user_height as user_hei2_11_,
        salesinfou0_.user_size as user_siz3_11_,
        salesinfou0_.user_weight as user_wei4_11_ 
    from
        sales_info_user salesinfou0_ 
    where
        salesinfou0_.user_size=? 
        and salesinfou0_.user_weight=? 
        and salesinfou0_.user_height=?
Hibernate: 
    insert 
    into
        clothes_image
        (closets_post_id, path, stores_post_id, type) 
    values
        (?, ?, ?, ?)
Hibernate: 
    insert 
    into
        clothes_image
        (closets_post_id, path, stores_post_id, type) 
    values
        (?, ?, ?, ?)
Hibernate: 
    insert 
    into
        stores
        (created_date, modified_date, author_id, clothes_info_id, colors_name, materials_name, style_name, clothes_length, content, price, sales_info_clothes_id, sales_info_status_id, sales_info_user_id, status, title) 
    values
        (?, ?, ?, ?, ?, ?, ?, ?, ?, ?, ?, ?, ?, ?, ?)
Hibernate: 
    update
        clothes_image 
    set
        closets_post_id=?,
        path=?,
        stores_post_id=?,
        type=? 
    where
        id=?
Hibernate: 
    update
        clothes_image 
    set
        closets_post_id=?,
        path=?,
        stores_post_id=?,
        type=? 
    where
        id=?
gunsong2@naver.com
Hibernate: 
    select
        members0_.id as id1_6_,
        members0_.email as email2_6_,
        members0_.image as image3_6_,
        members0_.name as name4_6_,
        members0_.nickname as nickname5_6_,
        members0_.password as password6_6_,
        members0_.phone as phone7_6_,
        members0_.refresh_token as refresh_8_6_,
        members0_.role as role9_6_ 
    from
        members members0_ 
    where
        members0_.email=?
Hibernate: 
    select
        style0_.id as id1_14_,
        style0_.name as name2_14_ 
    from
        style style0_ 
    where
        style0_.name=?
Hibernate: 
    select
        materials0_.id as id1_5_,
        materials0_.name as name2_5_ 
    from
        materials materials0_ 
    where
        materials0_.name=?
Hibernate: 
    select
        colors0_.id as id1_4_,
        colors0_.name as name2_4_ 
    from
        colors colors0_ 
    where
        colors0_.name=?
Hibernate: 
    select
        clothesinf0_.id as id1_2_,
        clothesinf0_.categoryl as category2_2_,
        clothesinf0_.categorys as category3_2_,
        clothesinf0_.fit as fit4_2_,
        clothesinf0_.length as length5_2_ 
    from
        clothes_info clothesinf0_ 
    where
        clothesinf0_.categoryl=? 
        and clothesinf0_.categorys=? 
        and clothesinf0_.length=? 
        and clothesinf0_.fit=?
Hibernate: 
    select
        salesinfoc0_.id as id1_9_,
        salesinfoc0_.clothes_brand as clothes_2_9_,
        salesinfoc0_.clothes_color as clothes_3_9_,
        salesinfoc0_.clothes_gender as clothes_4_9_,
        salesinfoc0_.clothes_size as clothes_5_9_ 
    from
        sales_info_clothes salesinfoc0_ 
    where
        salesinfoc0_.clothes_brand=? 
        and salesinfoc0_.clothes_gender=? 
        and salesinfoc0_.clothes_size=? 
        and salesinfoc0_.clothes_color=?
Hibernate: 
    select
        salesinfos0_.id as id1_10_,
        salesinfos0_.status_score as status_s2_10_,
        salesinfos0_.status_tag as status_t3_10_,
        salesinfos0_.status_times as status_t4_10_,
        salesinfos0_.status_when2buy as status_w5_10_,
        salesinfos0_.transport as transpor6_10_ 
    from
        sales_info_status salesinfos0_ 
    where
        salesinfos0_.status_tag=? 
        and salesinfos0_.status_score=? 
        and salesinfos0_.status_times=? 
        and salesinfos0_.status_when2buy=? 
        and salesinfos0_.transport=?
Hibernate: 
    select
        salesinfou0_.id as id1_11_,
        salesinfou0_.user_height as user_hei2_11_,
        salesinfou0_.user_size as user_siz3_11_,
        salesinfou0_.user_weight as user_wei4_11_ 
    from
        sales_info_user salesinfou0_ 
    where
        salesinfou0_.user_size=? 
        and salesinfou0_.user_weight=? 
        and salesinfou0_.user_height=?
Hibernate: 
    insert 
    into
        clothes_image
        (closets_post_id, path, stores_post_id, type) 
    values
        (?, ?, ?, ?)
Hibernate: 
    insert 
    into
        clothes_image
        (closets_post_id, path, stores_post_id, type) 
    values
        (?, ?, ?, ?)
Hibernate: 
    insert 
    into
        stores
        (created_date, modified_date, author_id, clothes_info_id, colors_name, materials_name, style_name, clothes_length, content, price, sales_info_clothes_id, sales_info_status_id, sales_info_user_id, status, title) 
    values
        (?, ?, ?, ?, ?, ?, ?, ?, ?, ?, ?, ?, ?, ?, ?)
Hibernate: 
    update
        clothes_image 
    set
        closets_post_id=?,
        path=?,
        stores_post_id=?,
        type=? 
    where
        id=?
Hibernate: 
    update
        clothes_image 
    set
        closets_post_id=?,
        path=?,
        stores_post_id=?,
        type=? 
    where
        id=?
gunsong2@naver.com
Hibernate: 
    select
        members0_.id as id1_6_,
        members0_.email as email2_6_,
        members0_.image as image3_6_,
        members0_.name as name4_6_,
        members0_.nickname as nickname5_6_,
        members0_.password as password6_6_,
        members0_.phone as phone7_6_,
        members0_.refresh_token as refresh_8_6_,
        members0_.role as role9_6_ 
    from
        members members0_ 
    where
        members0_.email=?
Hibernate: 
    select
        style0_.id as id1_14_,
        style0_.name as name2_14_ 
    from
        style style0_ 
    where
        style0_.name=?
Hibernate: 
    select
        materials0_.id as id1_5_,
        materials0_.name as name2_5_ 
    from
        materials materials0_ 
    where
        materials0_.name=?
Hibernate: 
    select
        colors0_.id as id1_4_,
        colors0_.name as name2_4_ 
    from
        colors colors0_ 
    where
        colors0_.name=?
Hibernate: 
    select
        clothesinf0_.id as id1_2_,
        clothesinf0_.categoryl as category2_2_,
        clothesinf0_.categorys as category3_2_,
        clothesinf0_.fit as fit4_2_,
        clothesinf0_.length as length5_2_ 
    from
        clothes_info clothesinf0_ 
    where
        clothesinf0_.categoryl=? 
        and clothesinf0_.categorys=? 
        and clothesinf0_.length=? 
        and clothesinf0_.fit=?
Hibernate: 
    select
        salesinfoc0_.id as id1_9_,
        salesinfoc0_.clothes_brand as clothes_2_9_,
        salesinfoc0_.clothes_color as clothes_3_9_,
        salesinfoc0_.clothes_gender as clothes_4_9_,
        salesinfoc0_.clothes_size as clothes_5_9_ 
    from
        sales_info_clothes salesinfoc0_ 
    where
        salesinfoc0_.clothes_brand=? 
        and salesinfoc0_.clothes_gender=? 
        and salesinfoc0_.clothes_size=? 
        and salesinfoc0_.clothes_color=?
Hibernate: 
    select
        salesinfos0_.id as id1_10_,
        salesinfos0_.status_score as status_s2_10_,
        salesinfos0_.status_tag as status_t3_10_,
        salesinfos0_.status_times as status_t4_10_,
        salesinfos0_.status_when2buy as status_w5_10_,
        salesinfos0_.transport as transpor6_10_ 
    from
        sales_info_status salesinfos0_ 
    where
        salesinfos0_.status_tag=? 
        and salesinfos0_.status_score=? 
        and salesinfos0_.status_times=? 
        and salesinfos0_.status_when2buy=? 
        and salesinfos0_.transport=?
Hibernate: 
    select
        salesinfou0_.id as id1_11_,
        salesinfou0_.user_height as user_hei2_11_,
        salesinfou0_.user_size as user_siz3_11_,
        salesinfou0_.user_weight as user_wei4_11_ 
    from
        sales_info_user salesinfou0_ 
    where
        salesinfou0_.user_size=? 
        and salesinfou0_.user_weight=? 
        and salesinfou0_.user_height=?
Hibernate: 
    insert 
    into
        clothes_image
        (closets_post_id, path, stores_post_id, type) 
    values
        (?, ?, ?, ?)
Hibernate: 
    insert 
    into
        clothes_image
        (closets_post_id, path, stores_post_id, type) 
    values
        (?, ?, ?, ?)
Hibernate: 
    insert 
    into
        stores
        (created_date, modified_date, author_id, clothes_info_id, colors_name, materials_name, style_name, clothes_length, content, price, sales_info_clothes_id, sales_info_status_id, sales_info_user_id, status, title) 
    values
        (?, ?, ?, ?, ?, ?, ?, ?, ?, ?, ?, ?, ?, ?, ?)
Hibernate: 
    update
        clothes_image 
    set
        closets_post_id=?,
        path=?,
        stores_post_id=?,
        type=? 
    where
        id=?
Hibernate: 
    update
        clothes_image 
    set
        closets_post_id=?,
        path=?,
        stores_post_id=?,
        type=? 
    where
        id=?
gunsong2@naver.com
Hibernate: 
    select
        members0_.id as id1_6_,
        members0_.email as email2_6_,
        members0_.image as image3_6_,
        members0_.name as name4_6_,
        members0_.nickname as nickname5_6_,
        members0_.password as password6_6_,
        members0_.phone as phone7_6_,
        members0_.refresh_token as refresh_8_6_,
        members0_.role as role9_6_ 
    from
        members members0_ 
    where
        members0_.email=?
Hibernate: 
    select
        style0_.id as id1_14_,
        style0_.name as name2_14_ 
    from
        style style0_ 
    where
        style0_.name=?
Hibernate: 
    select
        materials0_.id as id1_5_,
        materials0_.name as name2_5_ 
    from
        materials materials0_ 
    where
        materials0_.name=?
Hibernate: 
    select
        colors0_.id as id1_4_,
        colors0_.name as name2_4_ 
    from
        colors colors0_ 
    where
        colors0_.name=?
Hibernate: 
    select
        clothesinf0_.id as id1_2_,
        clothesinf0_.categoryl as category2_2_,
        clothesinf0_.categorys as category3_2_,
        clothesinf0_.fit as fit4_2_,
        clothesinf0_.length as length5_2_ 
    from
        clothes_info clothesinf0_ 
    where
        clothesinf0_.categoryl=? 
        and clothesinf0_.categorys=? 
        and clothesinf0_.length=? 
        and clothesinf0_.fit=?
Hibernate: 
    select
        salesinfoc0_.id as id1_9_,
        salesinfoc0_.clothes_brand as clothes_2_9_,
        salesinfoc0_.clothes_color as clothes_3_9_,
        salesinfoc0_.clothes_gender as clothes_4_9_,
        salesinfoc0_.clothes_size as clothes_5_9_ 
    from
        sales_info_clothes salesinfoc0_ 
    where
        salesinfoc0_.clothes_brand=? 
        and salesinfoc0_.clothes_gender=? 
        and salesinfoc0_.clothes_size=? 
        and salesinfoc0_.clothes_color=?
Hibernate: 
    select
        salesinfos0_.id as id1_10_,
        salesinfos0_.status_score as status_s2_10_,
        salesinfos0_.status_tag as status_t3_10_,
        salesinfos0_.status_times as status_t4_10_,
        salesinfos0_.status_when2buy as status_w5_10_,
        salesinfos0_.transport as transpor6_10_ 
    from
        sales_info_status salesinfos0_ 
    where
        salesinfos0_.status_tag=? 
        and salesinfos0_.status_score=? 
        and salesinfos0_.status_times=? 
        and salesinfos0_.status_when2buy=? 
        and salesinfos0_.transport=?
Hibernate: 
    select
        salesinfou0_.id as id1_11_,
        salesinfou0_.user_height as user_hei2_11_,
        salesinfou0_.user_size as user_siz3_11_,
        salesinfou0_.user_weight as user_wei4_11_ 
    from
        sales_info_user salesinfou0_ 
    where
        salesinfou0_.user_size=? 
        and salesinfou0_.user_weight=? 
        and salesinfou0_.user_height=?
Hibernate: 
    insert 
    into
        clothes_image
        (closets_post_id, path, stores_post_id, type) 
    values
        (?, ?, ?, ?)
Hibernate: 
    insert 
    into
        clothes_image
        (closets_post_id, path, stores_post_id, type) 
    values
        (?, ?, ?, ?)
Hibernate: 
    insert 
    into
        stores
        (created_date, modified_date, author_id, clothes_info_id, colors_name, materials_name, style_name, clothes_length, content, price, sales_info_clothes_id, sales_info_status_id, sales_info_user_id, status, title) 
    values
        (?, ?, ?, ?, ?, ?, ?, ?, ?, ?, ?, ?, ?, ?, ?)
Hibernate: 
    update
        clothes_image 
    set
        closets_post_id=?,
        path=?,
        stores_post_id=?,
        type=? 
    where
        id=?
Hibernate: 
    update
        clothes_image 
    set
        closets_post_id=?,
        path=?,
        stores_post_id=?,
        type=? 
    where
        id=?
Hibernate: 
    select
        stores0_.id as id1_12_,
        stores0_.created_date as created_2_12_,
        stores0_.modified_date as modified3_12_,
        stores0_.author_id as author_i9_12_,
        stores0_.clothes_info_id as clothes10_12_,
        stores0_.colors_name as colors_11_12_,
        stores0_.materials_name as materia12_12_,
        stores0_.style_name as style_n13_12_,
        stores0_.clothes_length as clothes_4_12_,
        stores0_.content as content5_12_,
        stores0_.price as price6_12_,
        stores0_.sales_info_clothes_id as sales_i14_12_,
        stores0_.sales_info_status_id as sales_i15_12_,
        stores0_.sales_info_user_id as sales_i16_12_,
        stores0_.status as status7_12_,
        stores0_.title as title8_12_ 
    from
        stores stores0_
Hibernate: 
    select
        members0_.id as id1_6_0_,
        members0_.email as email2_6_0_,
        members0_.image as image3_6_0_,
        members0_.name as name4_6_0_,
        members0_.nickname as nickname5_6_0_,
        members0_.password as password6_6_0_,
        members0_.phone as phone7_6_0_,
        members0_.refresh_token as refresh_8_6_0_,
        members0_.role as role9_6_0_ 
    from
        members members0_ 
    where
        members0_.id=?
Hibernate: 
    select
        clothesinf0_.id as id1_2_0_,
        clothesinf0_.categoryl as category2_2_0_,
        clothesinf0_.categorys as category3_2_0_,
        clothesinf0_.fit as fit4_2_0_,
        clothesinf0_.length as length5_2_0_ 
    from
        clothes_info clothesinf0_ 
    where
        clothesinf0_.id=?
Hibernate: 
    select
        colors0_.id as id1_4_0_,
        colors0_.name as name2_4_0_ 
    from
        colors colors0_ 
    where
        colors0_.name=?
Hibernate: 
    select
        materials0_.id as id1_5_0_,
        materials0_.name as name2_5_0_ 
    from
        materials materials0_ 
    where
        materials0_.name=?
Hibernate: 
    select
        style0_.id as id1_14_0_,
        style0_.name as name2_14_0_ 
    from
        style style0_ 
    where
        style0_.name=?
Hibernate: 
    select
        salesinfoc0_.id as id1_9_0_,
        salesinfoc0_.clothes_brand as clothes_2_9_0_,
        salesinfoc0_.clothes_color as clothes_3_9_0_,
        salesinfoc0_.clothes_gender as clothes_4_9_0_,
        salesinfoc0_.clothes_size as clothes_5_9_0_ 
    from
        sales_info_clothes salesinfoc0_ 
    where
        salesinfoc0_.id=?
Hibernate: 
    select
        salesinfos0_.id as id1_10_0_,
        salesinfos0_.status_score as status_s2_10_0_,
        salesinfos0_.status_tag as status_t3_10_0_,
        salesinfos0_.status_times as status_t4_10_0_,
        salesinfos0_.status_when2buy as status_w5_10_0_,
        salesinfos0_.transport as transpor6_10_0_ 
    from
        sales_info_status salesinfos0_ 
    where
        salesinfos0_.id=?
Hibernate: 
    select
        salesinfou0_.id as id1_11_0_,
        salesinfou0_.user_height as user_hei2_11_0_,
        salesinfou0_.user_size as user_siz3_11_0_,
        salesinfou0_.user_weight as user_wei4_11_0_ 
    from
        sales_info_user salesinfou0_ 
    where
        salesinfou0_.id=?
Hibernate: 
    select
        clothesinf0_.id as id1_2_0_,
        clothesinf0_.categoryl as category2_2_0_,
        clothesinf0_.categorys as category3_2_0_,
        clothesinf0_.fit as fit4_2_0_,
        clothesinf0_.length as length5_2_0_ 
    from
        clothes_info clothesinf0_ 
    where
        clothesinf0_.id=?
Hibernate: 
    select
        colors0_.id as id1_4_0_,
        colors0_.name as name2_4_0_ 
    from
        colors colors0_ 
    where
        colors0_.name=?
Hibernate: 
    select
        materials0_.id as id1_5_0_,
        materials0_.name as name2_5_0_ 
    from
        materials materials0_ 
    where
        materials0_.name=?
Hibernate: 
    select
        style0_.id as id1_14_0_,
        style0_.name as name2_14_0_ 
    from
        style style0_ 
    where
        style0_.name=?
Hibernate: 
    select
        salesinfoc0_.id as id1_9_0_,
        salesinfoc0_.clothes_brand as clothes_2_9_0_,
        salesinfoc0_.clothes_color as clothes_3_9_0_,
        salesinfoc0_.clothes_gender as clothes_4_9_0_,
        salesinfoc0_.clothes_size as clothes_5_9_0_ 
    from
        sales_info_clothes salesinfoc0_ 
    where
        salesinfoc0_.id=?
Hibernate: 
    select
        salesinfos0_.id as id1_10_0_,
        salesinfos0_.status_score as status_s2_10_0_,
        salesinfos0_.status_tag as status_t3_10_0_,
        salesinfos0_.status_times as status_t4_10_0_,
        salesinfos0_.status_when2buy as status_w5_10_0_,
        salesinfos0_.transport as transpor6_10_0_ 
    from
        sales_info_status salesinfos0_ 
    where
        salesinfos0_.id=?
Hibernate: 
    select
        salesinfou0_.id as id1_11_0_,
        salesinfou0_.user_height as user_hei2_11_0_,
        salesinfou0_.user_size as user_siz3_11_0_,
        salesinfou0_.user_weight as user_wei4_11_0_ 
    from
        sales_info_user salesinfou0_ 
    where
        salesinfou0_.id=?
Hibernate: 
    select
        clothesinf0_.id as id1_2_0_,
        clothesinf0_.categoryl as category2_2_0_,
        clothesinf0_.categorys as category3_2_0_,
        clothesinf0_.fit as fit4_2_0_,
        clothesinf0_.length as length5_2_0_ 
    from
        clothes_info clothesinf0_ 
    where
        clothesinf0_.id=?
Hibernate: 
    select
        colors0_.id as id1_4_0_,
        colors0_.name as name2_4_0_ 
    from
        colors colors0_ 
    where
        colors0_.name=?
Hibernate: 
    select
        materials0_.id as id1_5_0_,
        materials0_.name as name2_5_0_ 
    from
        materials materials0_ 
    where
        materials0_.name=?
Hibernate: 
    select
        style0_.id as id1_14_0_,
        style0_.name as name2_14_0_ 
    from
        style style0_ 
    where
        style0_.name=?
Hibernate: 
    select
        salesinfoc0_.id as id1_9_0_,
        salesinfoc0_.clothes_brand as clothes_2_9_0_,
        salesinfoc0_.clothes_color as clothes_3_9_0_,
        salesinfoc0_.clothes_gender as clothes_4_9_0_,
        salesinfoc0_.clothes_size as clothes_5_9_0_ 
    from
        sales_info_clothes salesinfoc0_ 
    where
        salesinfoc0_.id=?
Hibernate: 
    select
        salesinfos0_.id as id1_10_0_,
        salesinfos0_.status_score as status_s2_10_0_,
        salesinfos0_.status_tag as status_t3_10_0_,
        salesinfos0_.status_times as status_t4_10_0_,
        salesinfos0_.status_when2buy as status_w5_10_0_,
        salesinfos0_.transport as transpor6_10_0_ 
    from
        sales_info_status salesinfos0_ 
    where
        salesinfos0_.id=?
Hibernate: 
    select
        salesinfou0_.id as id1_11_0_,
        salesinfou0_.user_height as user_hei2_11_0_,
        salesinfou0_.user_size as user_siz3_11_0_,
        salesinfou0_.user_weight as user_wei4_11_0_ 
    from
        sales_info_user salesinfou0_ 
    where
        salesinfou0_.id=?
Hibernate: 
    select
        clothesinf0_.id as id1_2_0_,
        clothesinf0_.categoryl as category2_2_0_,
        clothesinf0_.categorys as category3_2_0_,
        clothesinf0_.fit as fit4_2_0_,
        clothesinf0_.length as length5_2_0_ 
    from
        clothes_info clothesinf0_ 
    where
        clothesinf0_.id=?
Hibernate: 
    select
        colors0_.id as id1_4_0_,
        colors0_.name as name2_4_0_ 
    from
        colors colors0_ 
    where
        colors0_.name=?
Hibernate: 
    select
        materials0_.id as id1_5_0_,
        materials0_.name as name2_5_0_ 
    from
        materials materials0_ 
    where
        materials0_.name=?
Hibernate: 
    select
        style0_.id as id1_14_0_,
        style0_.name as name2_14_0_ 
    from
        style style0_ 
    where
        style0_.name=?
Hibernate: 
    select
        salesinfoc0_.id as id1_9_0_,
        salesinfoc0_.clothes_brand as clothes_2_9_0_,
        salesinfoc0_.clothes_color as clothes_3_9_0_,
        salesinfoc0_.clothes_gender as clothes_4_9_0_,
        salesinfoc0_.clothes_size as clothes_5_9_0_ 
    from
        sales_info_clothes salesinfoc0_ 
    where
        salesinfoc0_.id=?
Hibernate: 
    select
        salesinfos0_.id as id1_10_0_,
        salesinfos0_.status_score as status_s2_10_0_,
        salesinfos0_.status_tag as status_t3_10_0_,
        salesinfos0_.status_times as status_t4_10_0_,
        salesinfos0_.status_when2buy as status_w5_10_0_,
        salesinfos0_.transport as transpor6_10_0_ 
    from
        sales_info_status salesinfos0_ 
    where
        salesinfos0_.id=?
Hibernate: 
    select
        salesinfou0_.id as id1_11_0_,
        salesinfou0_.user_height as user_hei2_11_0_,
        salesinfou0_.user_size as user_siz3_11_0_,
        salesinfou0_.user_weight as user_wei4_11_0_ 
    from
        sales_info_user salesinfou0_ 
    where
        salesinfou0_.id=?
Hibernate: 
    select
        clothesinf0_.id as id1_2_0_,
        clothesinf0_.categoryl as category2_2_0_,
        clothesinf0_.categorys as category3_2_0_,
        clothesinf0_.fit as fit4_2_0_,
        clothesinf0_.length as length5_2_0_ 
    from
        clothes_info clothesinf0_ 
    where
        clothesinf0_.id=?
Hibernate: 
    select
        materials0_.id as id1_5_0_,
        materials0_.name as name2_5_0_ 
    from
        materials materials0_ 
    where
        materials0_.name=?
Hibernate: 
    select
        style0_.id as id1_14_0_,
        style0_.name as name2_14_0_ 
    from
        style style0_ 
    where
        style0_.name=?
Hibernate: 
    select
        salesinfoc0_.id as id1_9_0_,
        salesinfoc0_.clothes_brand as clothes_2_9_0_,
        salesinfoc0_.clothes_color as clothes_3_9_0_,
        salesinfoc0_.clothes_gender as clothes_4_9_0_,
        salesinfoc0_.clothes_size as clothes_5_9_0_ 
    from
        sales_info_clothes salesinfoc0_ 
    where
        salesinfoc0_.id=?
Hibernate: 
    select
        salesinfos0_.id as id1_10_0_,
        salesinfos0_.status_score as status_s2_10_0_,
        salesinfos0_.status_tag as status_t3_10_0_,
        salesinfos0_.status_times as status_t4_10_0_,
        salesinfos0_.status_when2buy as status_w5_10_0_,
        salesinfos0_.transport as transpor6_10_0_ 
    from
        sales_info_status salesinfos0_ 
    where
        salesinfos0_.id=?
Hibernate: 
    select
        salesinfou0_.id as id1_11_0_,
        salesinfou0_.user_height as user_hei2_11_0_,
        salesinfou0_.user_size as user_siz3_11_0_,
        salesinfou0_.user_weight as user_wei4_11_0_ 
    from
        sales_info_user salesinfou0_ 
    where
        salesinfou0_.id=?
Hibernate: 
    select
        clothesinf0_.id as id1_2_0_,
        clothesinf0_.categoryl as category2_2_0_,
        clothesinf0_.categorys as category3_2_0_,
        clothesinf0_.fit as fit4_2_0_,
        clothesinf0_.length as length5_2_0_ 
    from
        clothes_info clothesinf0_ 
    where
        clothesinf0_.id=?
Hibernate: 
    select
        colors0_.id as id1_4_0_,
        colors0_.name as name2_4_0_ 
    from
        colors colors0_ 
    where
        colors0_.name=?
Hibernate: 
    select
        clothesima0_.id as id1_3_,
        clothesima0_.closets_post_id as closets_4_3_,
        clothesima0_.path as path2_3_,
        clothesima0_.stores_post_id as stores_p5_3_,
        clothesima0_.type as type3_3_ 
    from
        clothes_image clothesima0_
Hibernate: 
    select
        stores0_.id as id1_12_0_,
        stores0_.created_date as created_2_12_0_,
        stores0_.modified_date as modified3_12_0_,
        stores0_.author_id as author_i9_12_0_,
        stores0_.clothes_info_id as clothes10_12_0_,
        stores0_.colors_name as colors_11_12_0_,
        stores0_.materials_name as materia12_12_0_,
        stores0_.style_name as style_n13_12_0_,
        stores0_.clothes_length as clothes_4_12_0_,
        stores0_.content as content5_12_0_,
        stores0_.price as price6_12_0_,
        stores0_.sales_info_clothes_id as sales_i14_12_0_,
        stores0_.sales_info_status_id as sales_i15_12_0_,
        stores0_.sales_info_user_id as sales_i16_12_0_,
        stores0_.status as status7_12_0_,
        stores0_.title as title8_12_0_,
        members1_.id as id1_6_1_,
        members1_.email as email2_6_1_,
        members1_.image as image3_6_1_,
        members1_.name as name4_6_1_,
        members1_.nickname as nickname5_6_1_,
        members1_.password as password6_6_1_,
        members1_.phone as phone7_6_1_,
        members1_.refresh_token as refresh_8_6_1_,
        members1_.role as role9_6_1_,
        clothesinf2_.id as id1_2_2_,
        clothesinf2_.categoryl as category2_2_2_,
        clothesinf2_.categorys as category3_2_2_,
        clothesinf2_.fit as fit4_2_2_,
        clothesinf2_.length as length5_2_2_,
        colors3_.id as id1_4_3_,
        colors3_.name as name2_4_3_,
        materials4_.id as id1_5_4_,
        materials4_.name as name2_5_4_,
        style5_.id as id1_14_5_,
        style5_.name as name2_14_5_,
        salesinfoc6_.id as id1_9_6_,
        salesinfoc6_.clothes_brand as clothes_2_9_6_,
        salesinfoc6_.clothes_color as clothes_3_9_6_,
        salesinfoc6_.clothes_gender as clothes_4_9_6_,
        salesinfoc6_.clothes_size as clothes_5_9_6_,
        salesinfos7_.id as id1_10_7_,
        salesinfos7_.status_score as status_s2_10_7_,
        salesinfos7_.status_tag as status_t3_10_7_,
        salesinfos7_.status_times as status_t4_10_7_,
        salesinfos7_.status_when2buy as status_w5_10_7_,
        salesinfos7_.transport as transpor6_10_7_,
        salesinfou8_.id as id1_11_8_,
        salesinfou8_.user_height as user_hei2_11_8_,
        salesinfou8_.user_size as user_siz3_11_8_,
        salesinfou8_.user_weight as user_wei4_11_8_ 
    from
        stores stores0_ 
    left outer join
        members members1_ 
            on stores0_.author_id=members1_.id 
    left outer join
        clothes_info clothesinf2_ 
            on stores0_.clothes_info_id=clothesinf2_.id 
    left outer join
        colors colors3_ 
            on stores0_.colors_name=colors3_.name 
    left outer join
        materials materials4_ 
            on stores0_.materials_name=materials4_.name 
    left outer join
        style style5_ 
            on stores0_.style_name=style5_.name 
    left outer join
        sales_info_clothes salesinfoc6_ 
            on stores0_.sales_info_clothes_id=salesinfoc6_.id 
    left outer join
        sales_info_status salesinfos7_ 
            on stores0_.sales_info_status_id=salesinfos7_.id 
    left outer join
        sales_info_user salesinfou8_ 
            on stores0_.sales_info_user_id=salesinfou8_.id 
    where
        stores0_.id=?
Hibernate: 
    select
        stores0_.id as id1_12_0_,
        stores0_.created_date as created_2_12_0_,
        stores0_.modified_date as modified3_12_0_,
        stores0_.author_id as author_i9_12_0_,
        stores0_.clothes_info_id as clothes10_12_0_,
        stores0_.colors_name as colors_11_12_0_,
        stores0_.materials_name as materia12_12_0_,
        stores0_.style_name as style_n13_12_0_,
        stores0_.clothes_length as clothes_4_12_0_,
        stores0_.content as content5_12_0_,
        stores0_.price as price6_12_0_,
        stores0_.sales_info_clothes_id as sales_i14_12_0_,
        stores0_.sales_info_status_id as sales_i15_12_0_,
        stores0_.sales_info_user_id as sales_i16_12_0_,
        stores0_.status as status7_12_0_,
        stores0_.title as title8_12_0_,
        members1_.id as id1_6_1_,
        members1_.email as email2_6_1_,
        members1_.image as image3_6_1_,
        members1_.name as name4_6_1_,
        members1_.nickname as nickname5_6_1_,
        members1_.password as password6_6_1_,
        members1_.phone as phone7_6_1_,
        members1_.refresh_token as refresh_8_6_1_,
        members1_.role as role9_6_1_,
        clothesinf2_.id as id1_2_2_,
        clothesinf2_.categoryl as category2_2_2_,
        clothesinf2_.categorys as category3_2_2_,
        clothesinf2_.fit as fit4_2_2_,
        clothesinf2_.length as length5_2_2_,
        colors3_.id as id1_4_3_,
        colors3_.name as name2_4_3_,
        materials4_.id as id1_5_4_,
        materials4_.name as name2_5_4_,
        style5_.id as id1_14_5_,
        style5_.name as name2_14_5_,
        salesinfoc6_.id as id1_9_6_,
        salesinfoc6_.clothes_brand as clothes_2_9_6_,
        salesinfoc6_.clothes_color as clothes_3_9_6_,
        salesinfoc6_.clothes_gender as clothes_4_9_6_,
        salesinfoc6_.clothes_size as clothes_5_9_6_,
        salesinfos7_.id as id1_10_7_,
        salesinfos7_.status_score as status_s2_10_7_,
        salesinfos7_.status_tag as status_t3_10_7_,
        salesinfos7_.status_times as status_t4_10_7_,
        salesinfos7_.status_when2buy as status_w5_10_7_,
        salesinfos7_.transport as transpor6_10_7_,
        salesinfou8_.id as id1_11_8_,
        salesinfou8_.user_height as user_hei2_11_8_,
        salesinfou8_.user_size as user_siz3_11_8_,
        salesinfou8_.user_weight as user_wei4_11_8_ 
    from
        stores stores0_ 
    left outer join
        members members1_ 
            on stores0_.author_id=members1_.id 
    left outer join
        clothes_info clothesinf2_ 
            on stores0_.clothes_info_id=clothesinf2_.id 
    left outer join
        colors colors3_ 
            on stores0_.colors_name=colors3_.name 
    left outer join
        materials materials4_ 
            on stores0_.materials_name=materials4_.name 
    left outer join
        style style5_ 
            on stores0_.style_name=style5_.name 
    left outer join
        sales_info_clothes salesinfoc6_ 
            on stores0_.sales_info_clothes_id=salesinfoc6_.id 
    left outer join
        sales_info_status salesinfos7_ 
            on stores0_.sales_info_status_id=salesinfos7_.id 
    left outer join
        sales_info_user salesinfou8_ 
            on stores0_.sales_info_user_id=salesinfou8_.id 
    where
        stores0_.id=?
Hibernate: 
    select
        stores0_.id as id1_12_0_,
        stores0_.created_date as created_2_12_0_,
        stores0_.modified_date as modified3_12_0_,
        stores0_.author_id as author_i9_12_0_,
        stores0_.clothes_info_id as clothes10_12_0_,
        stores0_.colors_name as colors_11_12_0_,
        stores0_.materials_name as materia12_12_0_,
        stores0_.style_name as style_n13_12_0_,
        stores0_.clothes_length as clothes_4_12_0_,
        stores0_.content as content5_12_0_,
        stores0_.price as price6_12_0_,
        stores0_.sales_info_clothes_id as sales_i14_12_0_,
        stores0_.sales_info_status_id as sales_i15_12_0_,
        stores0_.sales_info_user_id as sales_i16_12_0_,
        stores0_.status as status7_12_0_,
        stores0_.title as title8_12_0_,
        members1_.id as id1_6_1_,
        members1_.email as email2_6_1_,
        members1_.image as image3_6_1_,
        members1_.name as name4_6_1_,
        members1_.nickname as nickname5_6_1_,
        members1_.password as password6_6_1_,
        members1_.phone as phone7_6_1_,
        members1_.refresh_token as refresh_8_6_1_,
        members1_.role as role9_6_1_,
        clothesinf2_.id as id1_2_2_,
        clothesinf2_.categoryl as category2_2_2_,
        clothesinf2_.categorys as category3_2_2_,
        clothesinf2_.fit as fit4_2_2_,
        clothesinf2_.length as length5_2_2_,
        colors3_.id as id1_4_3_,
        colors3_.name as name2_4_3_,
        materials4_.id as id1_5_4_,
        materials4_.name as name2_5_4_,
        style5_.id as id1_14_5_,
        style5_.name as name2_14_5_,
        salesinfoc6_.id as id1_9_6_,
        salesinfoc6_.clothes_brand as clothes_2_9_6_,
        salesinfoc6_.clothes_color as clothes_3_9_6_,
        salesinfoc6_.clothes_gender as clothes_4_9_6_,
        salesinfoc6_.clothes_size as clothes_5_9_6_,
        salesinfos7_.id as id1_10_7_,
        salesinfos7_.status_score as status_s2_10_7_,
        salesinfos7_.status_tag as status_t3_10_7_,
        salesinfos7_.status_times as status_t4_10_7_,
        salesinfos7_.status_when2buy as status_w5_10_7_,
        salesinfos7_.transport as transpor6_10_7_,
        salesinfou8_.id as id1_11_8_,
        salesinfou8_.user_height as user_hei2_11_8_,
        salesinfou8_.user_size as user_siz3_11_8_,
        salesinfou8_.user_weight as user_wei4_11_8_ 
    from
        stores stores0_ 
    left outer join
        members members1_ 
            on stores0_.author_id=members1_.id 
    left outer join
        clothes_info clothesinf2_ 
            on stores0_.clothes_info_id=clothesinf2_.id 
    left outer join
        colors colors3_ 
            on stores0_.colors_name=colors3_.name 
    left outer join
        materials materials4_ 
            on stores0_.materials_name=materials4_.name 
    left outer join
        style style5_ 
            on stores0_.style_name=style5_.name 
    left outer join
        sales_info_clothes salesinfoc6_ 
            on stores0_.sales_info_clothes_id=salesinfoc6_.id 
    left outer join
        sales_info_status salesinfos7_ 
            on stores0_.sales_info_status_id=salesinfos7_.id 
    left outer join
        sales_info_user salesinfou8_ 
            on stores0_.sales_info_user_id=salesinfou8_.id 
    where
        stores0_.id=?
Hibernate: 
    select
        stores0_.id as id1_12_0_,
        stores0_.created_date as created_2_12_0_,
        stores0_.modified_date as modified3_12_0_,
        stores0_.author_id as author_i9_12_0_,
        stores0_.clothes_info_id as clothes10_12_0_,
        stores0_.colors_name as colors_11_12_0_,
        stores0_.materials_name as materia12_12_0_,
        stores0_.style_name as style_n13_12_0_,
        stores0_.clothes_length as clothes_4_12_0_,
        stores0_.content as content5_12_0_,
        stores0_.price as price6_12_0_,
        stores0_.sales_info_clothes_id as sales_i14_12_0_,
        stores0_.sales_info_status_id as sales_i15_12_0_,
        stores0_.sales_info_user_id as sales_i16_12_0_,
        stores0_.status as status7_12_0_,
        stores0_.title as title8_12_0_,
        members1_.id as id1_6_1_,
        members1_.email as email2_6_1_,
        members1_.image as image3_6_1_,
        members1_.name as name4_6_1_,
        members1_.nickname as nickname5_6_1_,
        members1_.password as password6_6_1_,
        members1_.phone as phone7_6_1_,
        members1_.refresh_token as refresh_8_6_1_,
        members1_.role as role9_6_1_,
        clothesinf2_.id as id1_2_2_,
        clothesinf2_.categoryl as category2_2_2_,
        clothesinf2_.categorys as category3_2_2_,
        clothesinf2_.fit as fit4_2_2_,
        clothesinf2_.length as length5_2_2_,
        colors3_.id as id1_4_3_,
        colors3_.name as name2_4_3_,
        materials4_.id as id1_5_4_,
        materials4_.name as name2_5_4_,
        style5_.id as id1_14_5_,
        style5_.name as name2_14_5_,
        salesinfoc6_.id as id1_9_6_,
        salesinfoc6_.clothes_brand as clothes_2_9_6_,
        salesinfoc6_.clothes_color as clothes_3_9_6_,
        salesinfoc6_.clothes_gender as clothes_4_9_6_,
        salesinfoc6_.clothes_size as clothes_5_9_6_,
        salesinfos7_.id as id1_10_7_,
        salesinfos7_.status_score as status_s2_10_7_,
        salesinfos7_.status_tag as status_t3_10_7_,
        salesinfos7_.status_times as status_t4_10_7_,
        salesinfos7_.status_when2buy as status_w5_10_7_,
        salesinfos7_.transport as transpor6_10_7_,
        salesinfou8_.id as id1_11_8_,
        salesinfou8_.user_height as user_hei2_11_8_,
        salesinfou8_.user_size as user_siz3_11_8_,
        salesinfou8_.user_weight as user_wei4_11_8_ 
    from
        stores stores0_ 
    left outer join
        members members1_ 
            on stores0_.author_id=members1_.id 
    left outer join
        clothes_info clothesinf2_ 
            on stores0_.clothes_info_id=clothesinf2_.id 
    left outer join
        colors colors3_ 
            on stores0_.colors_name=colors3_.name 
    left outer join
        materials materials4_ 
            on stores0_.materials_name=materials4_.name 
    left outer join
        style style5_ 
            on stores0_.style_name=style5_.name 
    left outer join
        sales_info_clothes salesinfoc6_ 
            on stores0_.sales_info_clothes_id=salesinfoc6_.id 
    left outer join
        sales_info_status salesinfos7_ 
            on stores0_.sales_info_status_id=salesinfos7_.id 
    left outer join
        sales_info_user salesinfou8_ 
            on stores0_.sales_info_user_id=salesinfou8_.id 
    where
        stores0_.id=?
Hibernate: 
    select
        stores0_.id as id1_12_0_,
        stores0_.created_date as created_2_12_0_,
        stores0_.modified_date as modified3_12_0_,
        stores0_.author_id as author_i9_12_0_,
        stores0_.clothes_info_id as clothes10_12_0_,
        stores0_.colors_name as colors_11_12_0_,
        stores0_.materials_name as materia12_12_0_,
        stores0_.style_name as style_n13_12_0_,
        stores0_.clothes_length as clothes_4_12_0_,
        stores0_.content as content5_12_0_,
        stores0_.price as price6_12_0_,
        stores0_.sales_info_clothes_id as sales_i14_12_0_,
        stores0_.sales_info_status_id as sales_i15_12_0_,
        stores0_.sales_info_user_id as sales_i16_12_0_,
        stores0_.status as status7_12_0_,
        stores0_.title as title8_12_0_,
        members1_.id as id1_6_1_,
        members1_.email as email2_6_1_,
        members1_.image as image3_6_1_,
        members1_.name as name4_6_1_,
        members1_.nickname as nickname5_6_1_,
        members1_.password as password6_6_1_,
        members1_.phone as phone7_6_1_,
        members1_.refresh_token as refresh_8_6_1_,
        members1_.role as role9_6_1_,
        clothesinf2_.id as id1_2_2_,
        clothesinf2_.categoryl as category2_2_2_,
        clothesinf2_.categorys as category3_2_2_,
        clothesinf2_.fit as fit4_2_2_,
        clothesinf2_.length as length5_2_2_,
        colors3_.id as id1_4_3_,
        colors3_.name as name2_4_3_,
        materials4_.id as id1_5_4_,
        materials4_.name as name2_5_4_,
        style5_.id as id1_14_5_,
        style5_.name as name2_14_5_,
        salesinfoc6_.id as id1_9_6_,
        salesinfoc6_.clothes_brand as clothes_2_9_6_,
        salesinfoc6_.clothes_color as clothes_3_9_6_,
        salesinfoc6_.clothes_gender as clothes_4_9_6_,
        salesinfoc6_.clothes_size as clothes_5_9_6_,
        salesinfos7_.id as id1_10_7_,
        salesinfos7_.status_score as status_s2_10_7_,
        salesinfos7_.status_tag as status_t3_10_7_,
        salesinfos7_.status_times as status_t4_10_7_,
        salesinfos7_.status_when2buy as status_w5_10_7_,
        salesinfos7_.transport as transpor6_10_7_,
        salesinfou8_.id as id1_11_8_,
        salesinfou8_.user_height as user_hei2_11_8_,
        salesinfou8_.user_size as user_siz3_11_8_,
        salesinfou8_.user_weight as user_wei4_11_8_ 
    from
        stores stores0_ 
    left outer join
        members members1_ 
            on stores0_.author_id=members1_.id 
    left outer join
        clothes_info clothesinf2_ 
            on stores0_.clothes_info_id=clothesinf2_.id 
    left outer join
        colors colors3_ 
            on stores0_.colors_name=colors3_.name 
    left outer join
        materials materials4_ 
            on stores0_.materials_name=materials4_.name 
    left outer join
        style style5_ 
            on stores0_.style_name=style5_.name 
    left outer join
        sales_info_clothes salesinfoc6_ 
            on stores0_.sales_info_clothes_id=salesinfoc6_.id 
    left outer join
        sales_info_status salesinfos7_ 
            on stores0_.sales_info_status_id=salesinfos7_.id 
    left outer join
        sales_info_user salesinfou8_ 
            on stores0_.sales_info_user_id=salesinfou8_.id 
    where
        stores0_.id=?
Hibernate: 
    select
        stores0_.id as id1_12_0_,
        stores0_.created_date as created_2_12_0_,
        stores0_.modified_date as modified3_12_0_,
        stores0_.author_id as author_i9_12_0_,
        stores0_.clothes_info_id as clothes10_12_0_,
        stores0_.colors_name as colors_11_12_0_,
        stores0_.materials_name as materia12_12_0_,
        stores0_.style_name as style_n13_12_0_,
        stores0_.clothes_length as clothes_4_12_0_,
        stores0_.content as content5_12_0_,
        stores0_.price as price6_12_0_,
        stores0_.sales_info_clothes_id as sales_i14_12_0_,
        stores0_.sales_info_status_id as sales_i15_12_0_,
        stores0_.sales_info_user_id as sales_i16_12_0_,
        stores0_.status as status7_12_0_,
        stores0_.title as title8_12_0_,
        members1_.id as id1_6_1_,
        members1_.email as email2_6_1_,
        members1_.image as image3_6_1_,
        members1_.name as name4_6_1_,
        members1_.nickname as nickname5_6_1_,
        members1_.password as password6_6_1_,
        members1_.phone as phone7_6_1_,
        members1_.refresh_token as refresh_8_6_1_,
        members1_.role as role9_6_1_,
        clothesinf2_.id as id1_2_2_,
        clothesinf2_.categoryl as category2_2_2_,
        clothesinf2_.categorys as category3_2_2_,
        clothesinf2_.fit as fit4_2_2_,
        clothesinf2_.length as length5_2_2_,
        colors3_.id as id1_4_3_,
        colors3_.name as name2_4_3_,
        materials4_.id as id1_5_4_,
        materials4_.name as name2_5_4_,
        style5_.id as id1_14_5_,
        style5_.name as name2_14_5_,
        salesinfoc6_.id as id1_9_6_,
        salesinfoc6_.clothes_brand as clothes_2_9_6_,
        salesinfoc6_.clothes_color as clothes_3_9_6_,
        salesinfoc6_.clothes_gender as clothes_4_9_6_,
        salesinfoc6_.clothes_size as clothes_5_9_6_,
        salesinfos7_.id as id1_10_7_,
        salesinfos7_.status_score as status_s2_10_7_,
        salesinfos7_.status_tag as status_t3_10_7_,
        salesinfos7_.status_times as status_t4_10_7_,
        salesinfos7_.status_when2buy as status_w5_10_7_,
        salesinfos7_.transport as transpor6_10_7_,
        salesinfou8_.id as id1_11_8_,
        salesinfou8_.user_height as user_hei2_11_8_,
        salesinfou8_.user_size as user_siz3_11_8_,
        salesinfou8_.user_weight as user_wei4_11_8_ 
    from
        stores stores0_ 
    left outer join
        members members1_ 
            on stores0_.author_id=members1_.id 
    left outer join
        clothes_info clothesinf2_ 
            on stores0_.clothes_info_id=clothesinf2_.id 
    left outer join
        colors colors3_ 
            on stores0_.colors_name=colors3_.name 
    left outer join
        materials materials4_ 
            on stores0_.materials_name=materials4_.name 
    left outer join
        style style5_ 
            on stores0_.style_name=style5_.name 
    left outer join
        sales_info_clothes salesinfoc6_ 
            on stores0_.sales_info_clothes_id=salesinfoc6_.id 
    left outer join
        sales_info_status salesinfos7_ 
            on stores0_.sales_info_status_id=salesinfos7_.id 
    left outer join
        sales_info_user salesinfou8_ 
            on stores0_.sales_info_user_id=salesinfou8_.id 
    where
        stores0_.id=?
Hibernate: 
    select
        stores0_.id as id1_12_0_,
        stores0_.created_date as created_2_12_0_,
        stores0_.modified_date as modified3_12_0_,
        stores0_.author_id as author_i9_12_0_,
        stores0_.clothes_info_id as clothes10_12_0_,
        stores0_.colors_name as colors_11_12_0_,
        stores0_.materials_name as materia12_12_0_,
        stores0_.style_name as style_n13_12_0_,
        stores0_.clothes_length as clothes_4_12_0_,
        stores0_.content as content5_12_0_,
        stores0_.price as price6_12_0_,
        stores0_.sales_info_clothes_id as sales_i14_12_0_,
        stores0_.sales_info_status_id as sales_i15_12_0_,
        stores0_.sales_info_user_id as sales_i16_12_0_,
        stores0_.status as status7_12_0_,
        stores0_.title as title8_12_0_,
        members1_.id as id1_6_1_,
        members1_.email as email2_6_1_,
        members1_.image as image3_6_1_,
        members1_.name as name4_6_1_,
        members1_.nickname as nickname5_6_1_,
        members1_.password as password6_6_1_,
        members1_.phone as phone7_6_1_,
        members1_.refresh_token as refresh_8_6_1_,
        members1_.role as role9_6_1_,
        clothesinf2_.id as id1_2_2_,
        clothesinf2_.categoryl as category2_2_2_,
        clothesinf2_.categorys as category3_2_2_,
        clothesinf2_.fit as fit4_2_2_,
        clothesinf2_.length as length5_2_2_,
        colors3_.id as id1_4_3_,
        colors3_.name as name2_4_3_,
        materials4_.id as id1_5_4_,
        materials4_.name as name2_5_4_,
        style5_.id as id1_14_5_,
        style5_.name as name2_14_5_,
        salesinfoc6_.id as id1_9_6_,
        salesinfoc6_.clothes_brand as clothes_2_9_6_,
        salesinfoc6_.clothes_color as clothes_3_9_6_,
        salesinfoc6_.clothes_gender as clothes_4_9_6_,
        salesinfoc6_.clothes_size as clothes_5_9_6_,
        salesinfos7_.id as id1_10_7_,
        salesinfos7_.status_score as status_s2_10_7_,
        salesinfos7_.status_tag as status_t3_10_7_,
        salesinfos7_.status_times as status_t4_10_7_,
        salesinfos7_.status_when2buy as status_w5_10_7_,
        salesinfos7_.transport as transpor6_10_7_,
        salesinfou8_.id as id1_11_8_,
        salesinfou8_.user_height as user_hei2_11_8_,
        salesinfou8_.user_size as user_siz3_11_8_,
        salesinfou8_.user_weight as user_wei4_11_8_ 
    from
        stores stores0_ 
    left outer join
        members members1_ 
            on stores0_.author_id=members1_.id 
    left outer join
        clothes_info clothesinf2_ 
            on stores0_.clothes_info_id=clothesinf2_.id 
    left outer join
        colors colors3_ 
            on stores0_.colors_name=colors3_.name 
    left outer join
        materials materials4_ 
            on stores0_.materials_name=materials4_.name 
    left outer join
        style style5_ 
            on stores0_.style_name=style5_.name 
    left outer join
        sales_info_clothes salesinfoc6_ 
            on stores0_.sales_info_clothes_id=salesinfoc6_.id 
    left outer join
        sales_info_status salesinfos7_ 
            on stores0_.sales_info_status_id=salesinfos7_.id 
    left outer join
        sales_info_user salesinfou8_ 
            on stores0_.sales_info_user_id=salesinfou8_.id 
    where
        stores0_.id=?
Hibernate: 
    select
        stores0_.id as id1_12_0_,
        stores0_.created_date as created_2_12_0_,
        stores0_.modified_date as modified3_12_0_,
        stores0_.author_id as author_i9_12_0_,
        stores0_.clothes_info_id as clothes10_12_0_,
        stores0_.colors_name as colors_11_12_0_,
        stores0_.materials_name as materia12_12_0_,
        stores0_.style_name as style_n13_12_0_,
        stores0_.clothes_length as clothes_4_12_0_,
        stores0_.content as content5_12_0_,
        stores0_.price as price6_12_0_,
        stores0_.sales_info_clothes_id as sales_i14_12_0_,
        stores0_.sales_info_status_id as sales_i15_12_0_,
        stores0_.sales_info_user_id as sales_i16_12_0_,
        stores0_.status as status7_12_0_,
        stores0_.title as title8_12_0_,
        members1_.id as id1_6_1_,
        members1_.email as email2_6_1_,
        members1_.image as image3_6_1_,
        members1_.name as name4_6_1_,
        members1_.nickname as nickname5_6_1_,
        members1_.password as password6_6_1_,
        members1_.phone as phone7_6_1_,
        members1_.refresh_token as refresh_8_6_1_,
        members1_.role as role9_6_1_,
        clothesinf2_.id as id1_2_2_,
        clothesinf2_.categoryl as category2_2_2_,
        clothesinf2_.categorys as category3_2_2_,
        clothesinf2_.fit as fit4_2_2_,
        clothesinf2_.length as length5_2_2_,
        colors3_.id as id1_4_3_,
        colors3_.name as name2_4_3_,
        materials4_.id as id1_5_4_,
        materials4_.name as name2_5_4_,
        style5_.id as id1_14_5_,
        style5_.name as name2_14_5_,
        salesinfoc6_.id as id1_9_6_,
        salesinfoc6_.clothes_brand as clothes_2_9_6_,
        salesinfoc6_.clothes_color as clothes_3_9_6_,
        salesinfoc6_.clothes_gender as clothes_4_9_6_,
        salesinfoc6_.clothes_size as clothes_5_9_6_,
        salesinfos7_.id as id1_10_7_,
        salesinfos7_.status_score as status_s2_10_7_,
        salesinfos7_.status_tag as status_t3_10_7_,
        salesinfos7_.status_times as status_t4_10_7_,
        salesinfos7_.status_when2buy as status_w5_10_7_,
        salesinfos7_.transport as transpor6_10_7_,
        salesinfou8_.id as id1_11_8_,
        salesinfou8_.user_height as user_hei2_11_8_,
        salesinfou8_.user_size as user_siz3_11_8_,
        salesinfou8_.user_weight as user_wei4_11_8_ 
    from
        stores stores0_ 
    left outer join
        members members1_ 
            on stores0_.author_id=members1_.id 
    left outer join
        clothes_info clothesinf2_ 
            on stores0_.clothes_info_id=clothesinf2_.id 
    left outer join
        colors colors3_ 
            on stores0_.colors_name=colors3_.name 
    left outer join
        materials materials4_ 
            on stores0_.materials_name=materials4_.name 
    left outer join
        style style5_ 
            on stores0_.style_name=style5_.name 
    left outer join
        sales_info_clothes salesinfoc6_ 
            on stores0_.sales_info_clothes_id=salesinfoc6_.id 
    left outer join
        sales_info_status salesinfos7_ 
            on stores0_.sales_info_status_id=salesinfos7_.id 
    left outer join
        sales_info_user salesinfou8_ 
            on stores0_.sales_info_user_id=salesinfou8_.id 
    where
        stores0_.id=?
Hibernate: 
    select
        stores0_.id as id1_12_0_,
        stores0_.created_date as created_2_12_0_,
        stores0_.modified_date as modified3_12_0_,
        stores0_.author_id as author_i9_12_0_,
        stores0_.clothes_info_id as clothes10_12_0_,
        stores0_.colors_name as colors_11_12_0_,
        stores0_.materials_name as materia12_12_0_,
        stores0_.style_name as style_n13_12_0_,
        stores0_.clothes_length as clothes_4_12_0_,
        stores0_.content as content5_12_0_,
        stores0_.price as price6_12_0_,
        stores0_.sales_info_clothes_id as sales_i14_12_0_,
        stores0_.sales_info_status_id as sales_i15_12_0_,
        stores0_.sales_info_user_id as sales_i16_12_0_,
        stores0_.status as status7_12_0_,
        stores0_.title as title8_12_0_,
        members1_.id as id1_6_1_,
        members1_.email as email2_6_1_,
        members1_.image as image3_6_1_,
        members1_.name as name4_6_1_,
        members1_.nickname as nickname5_6_1_,
        members1_.password as password6_6_1_,
        members1_.phone as phone7_6_1_,
        members1_.refresh_token as refresh_8_6_1_,
        members1_.role as role9_6_1_,
        clothesinf2_.id as id1_2_2_,
        clothesinf2_.categoryl as category2_2_2_,
        clothesinf2_.categorys as category3_2_2_,
        clothesinf2_.fit as fit4_2_2_,
        clothesinf2_.length as length5_2_2_,
        colors3_.id as id1_4_3_,
        colors3_.name as name2_4_3_,
        materials4_.id as id1_5_4_,
        materials4_.name as name2_5_4_,
        style5_.id as id1_14_5_,
        style5_.name as name2_14_5_,
        salesinfoc6_.id as id1_9_6_,
        salesinfoc6_.clothes_brand as clothes_2_9_6_,
        salesinfoc6_.clothes_color as clothes_3_9_6_,
        salesinfoc6_.clothes_gender as clothes_4_9_6_,
        salesinfoc6_.clothes_size as clothes_5_9_6_,
        salesinfos7_.id as id1_10_7_,
        salesinfos7_.status_score as status_s2_10_7_,
        salesinfos7_.status_tag as status_t3_10_7_,
        salesinfos7_.status_times as status_t4_10_7_,
        salesinfos7_.status_when2buy as status_w5_10_7_,
        salesinfos7_.transport as transpor6_10_7_,
        salesinfou8_.id as id1_11_8_,
        salesinfou8_.user_height as user_hei2_11_8_,
        salesinfou8_.user_size as user_siz3_11_8_,
        salesinfou8_.user_weight as user_wei4_11_8_ 
    from
        stores stores0_ 
    left outer join
        members members1_ 
            on stores0_.author_id=members1_.id 
    left outer join
        clothes_info clothesinf2_ 
            on stores0_.clothes_info_id=clothesinf2_.id 
    left outer join
        colors colors3_ 
            on stores0_.colors_name=colors3_.name 
    left outer join
        materials materials4_ 
            on stores0_.materials_name=materials4_.name 
    left outer join
        style style5_ 
            on stores0_.style_name=style5_.name 
    left outer join
        sales_info_clothes salesinfoc6_ 
            on stores0_.sales_info_clothes_id=salesinfoc6_.id 
    left outer join
        sales_info_status salesinfos7_ 
            on stores0_.sales_info_status_id=salesinfos7_.id 
    left outer join
        sales_info_user salesinfou8_ 
            on stores0_.sales_info_user_id=salesinfou8_.id 
    where
        stores0_.id=?
Hibernate: 
    select
        stores0_.id as id1_12_0_,
        stores0_.created_date as created_2_12_0_,
        stores0_.modified_date as modified3_12_0_,
        stores0_.author_id as author_i9_12_0_,
        stores0_.clothes_info_id as clothes10_12_0_,
        stores0_.colors_name as colors_11_12_0_,
        stores0_.materials_name as materia12_12_0_,
        stores0_.style_name as style_n13_12_0_,
        stores0_.clothes_length as clothes_4_12_0_,
        stores0_.content as content5_12_0_,
        stores0_.price as price6_12_0_,
        stores0_.sales_info_clothes_id as sales_i14_12_0_,
        stores0_.sales_info_status_id as sales_i15_12_0_,
        stores0_.sales_info_user_id as sales_i16_12_0_,
        stores0_.status as status7_12_0_,
        stores0_.title as title8_12_0_,
        members1_.id as id1_6_1_,
        members1_.email as email2_6_1_,
        members1_.image as image3_6_1_,
        members1_.name as name4_6_1_,
        members1_.nickname as nickname5_6_1_,
        members1_.password as password6_6_1_,
        members1_.phone as phone7_6_1_,
        members1_.refresh_token as refresh_8_6_1_,
        members1_.role as role9_6_1_,
        clothesinf2_.id as id1_2_2_,
        clothesinf2_.categoryl as category2_2_2_,
        clothesinf2_.categorys as category3_2_2_,
        clothesinf2_.fit as fit4_2_2_,
        clothesinf2_.length as length5_2_2_,
        colors3_.id as id1_4_3_,
        colors3_.name as name2_4_3_,
        materials4_.id as id1_5_4_,
        materials4_.name as name2_5_4_,
        style5_.id as id1_14_5_,
        style5_.name as name2_14_5_,
        salesinfoc6_.id as id1_9_6_,
        salesinfoc6_.clothes_brand as clothes_2_9_6_,
        salesinfoc6_.clothes_color as clothes_3_9_6_,
        salesinfoc6_.clothes_gender as clothes_4_9_6_,
        salesinfoc6_.clothes_size as clothes_5_9_6_,
        salesinfos7_.id as id1_10_7_,
        salesinfos7_.status_score as status_s2_10_7_,
        salesinfos7_.status_tag as status_t3_10_7_,
        salesinfos7_.status_times as status_t4_10_7_,
        salesinfos7_.status_when2buy as status_w5_10_7_,
        salesinfos7_.transport as transpor6_10_7_,
        salesinfou8_.id as id1_11_8_,
        salesinfou8_.user_height as user_hei2_11_8_,
        salesinfou8_.user_size as user_siz3_11_8_,
        salesinfou8_.user_weight as user_wei4_11_8_ 
    from
        stores stores0_ 
    left outer join
        members members1_ 
            on stores0_.author_id=members1_.id 
    left outer join
        clothes_info clothesinf2_ 
            on stores0_.clothes_info_id=clothesinf2_.id 
    left outer join
        colors colors3_ 
            on stores0_.colors_name=colors3_.name 
    left outer join
        materials materials4_ 
            on stores0_.materials_name=materials4_.name 
    left outer join
        style style5_ 
            on stores0_.style_name=style5_.name 
    left outer join
        sales_info_clothes salesinfoc6_ 
            on stores0_.sales_info_clothes_id=salesinfoc6_.id 
    left outer join
        sales_info_status salesinfos7_ 
            on stores0_.sales_info_status_id=salesinfos7_.id 
    left outer join
        sales_info_user salesinfou8_ 
            on stores0_.sales_info_user_id=salesinfou8_.id 
    where
        stores0_.id=?
Hibernate: 
    select
        stores0_.id as id1_12_0_,
        stores0_.created_date as created_2_12_0_,
        stores0_.modified_date as modified3_12_0_,
        stores0_.author_id as author_i9_12_0_,
        stores0_.clothes_info_id as clothes10_12_0_,
        stores0_.colors_name as colors_11_12_0_,
        stores0_.materials_name as materia12_12_0_,
        stores0_.style_name as style_n13_12_0_,
        stores0_.clothes_length as clothes_4_12_0_,
        stores0_.content as content5_12_0_,
        stores0_.price as price6_12_0_,
        stores0_.sales_info_clothes_id as sales_i14_12_0_,
        stores0_.sales_info_status_id as sales_i15_12_0_,
        stores0_.sales_info_user_id as sales_i16_12_0_,
        stores0_.status as status7_12_0_,
        stores0_.title as title8_12_0_,
        members1_.id as id1_6_1_,
        members1_.email as email2_6_1_,
        members1_.image as image3_6_1_,
        members1_.name as name4_6_1_,
        members1_.nickname as nickname5_6_1_,
        members1_.password as password6_6_1_,
        members1_.phone as phone7_6_1_,
        members1_.refresh_token as refresh_8_6_1_,
        members1_.role as role9_6_1_,
        clothesinf2_.id as id1_2_2_,
        clothesinf2_.categoryl as category2_2_2_,
        clothesinf2_.categorys as category3_2_2_,
        clothesinf2_.fit as fit4_2_2_,
        clothesinf2_.length as length5_2_2_,
        colors3_.id as id1_4_3_,
        colors3_.name as name2_4_3_,
        materials4_.id as id1_5_4_,
        materials4_.name as name2_5_4_,
        style5_.id as id1_14_5_,
        style5_.name as name2_14_5_,
        salesinfoc6_.id as id1_9_6_,
        salesinfoc6_.clothes_brand as clothes_2_9_6_,
        salesinfoc6_.clothes_color as clothes_3_9_6_,
        salesinfoc6_.clothes_gender as clothes_4_9_6_,
        salesinfoc6_.clothes_size as clothes_5_9_6_,
        salesinfos7_.id as id1_10_7_,
        salesinfos7_.status_score as status_s2_10_7_,
        salesinfos7_.status_tag as status_t3_10_7_,
        salesinfos7_.status_times as status_t4_10_7_,
        salesinfos7_.status_when2buy as status_w5_10_7_,
        salesinfos7_.transport as transpor6_10_7_,
        salesinfou8_.id as id1_11_8_,
        salesinfou8_.user_height as user_hei2_11_8_,
        salesinfou8_.user_size as user_siz3_11_8_,
        salesinfou8_.user_weight as user_wei4_11_8_ 
    from
        stores stores0_ 
    left outer join
        members members1_ 
            on stores0_.author_id=members1_.id 
    left outer join
        clothes_info clothesinf2_ 
            on stores0_.clothes_info_id=clothesinf2_.id 
    left outer join
        colors colors3_ 
            on stores0_.colors_name=colors3_.name 
    left outer join
        materials materials4_ 
            on stores0_.materials_name=materials4_.name 
    left outer join
        style style5_ 
            on stores0_.style_name=style5_.name 
    left outer join
        sales_info_clothes salesinfoc6_ 
            on stores0_.sales_info_clothes_id=salesinfoc6_.id 
    left outer join
        sales_info_status salesinfos7_ 
            on stores0_.sales_info_status_id=salesinfos7_.id 
    left outer join
        sales_info_user salesinfou8_ 
            on stores0_.sales_info_user_id=salesinfou8_.id 
    where
        stores0_.id=?
Hibernate: 
    select
        stores0_.id as id1_12_0_,
        stores0_.created_date as created_2_12_0_,
        stores0_.modified_date as modified3_12_0_,
        stores0_.author_id as author_i9_12_0_,
        stores0_.clothes_info_id as clothes10_12_0_,
        stores0_.colors_name as colors_11_12_0_,
        stores0_.materials_name as materia12_12_0_,
        stores0_.style_name as style_n13_12_0_,
        stores0_.clothes_length as clothes_4_12_0_,
        stores0_.content as content5_12_0_,
        stores0_.price as price6_12_0_,
        stores0_.sales_info_clothes_id as sales_i14_12_0_,
        stores0_.sales_info_status_id as sales_i15_12_0_,
        stores0_.sales_info_user_id as sales_i16_12_0_,
        stores0_.status as status7_12_0_,
        stores0_.title as title8_12_0_,
        members1_.id as id1_6_1_,
        members1_.email as email2_6_1_,
        members1_.image as image3_6_1_,
        members1_.name as name4_6_1_,
        members1_.nickname as nickname5_6_1_,
        members1_.password as password6_6_1_,
        members1_.phone as phone7_6_1_,
        members1_.refresh_token as refresh_8_6_1_,
        members1_.role as role9_6_1_,
        clothesinf2_.id as id1_2_2_,
        clothesinf2_.categoryl as category2_2_2_,
        clothesinf2_.categorys as category3_2_2_,
        clothesinf2_.fit as fit4_2_2_,
        clothesinf2_.length as length5_2_2_,
        colors3_.id as id1_4_3_,
        colors3_.name as name2_4_3_,
        materials4_.id as id1_5_4_,
        materials4_.name as name2_5_4_,
        style5_.id as id1_14_5_,
        style5_.name as name2_14_5_,
        salesinfoc6_.id as id1_9_6_,
        salesinfoc6_.clothes_brand as clothes_2_9_6_,
        salesinfoc6_.clothes_color as clothes_3_9_6_,
        salesinfoc6_.clothes_gender as clothes_4_9_6_,
        salesinfoc6_.clothes_size as clothes_5_9_6_,
        salesinfos7_.id as id1_10_7_,
        salesinfos7_.status_score as status_s2_10_7_,
        salesinfos7_.status_tag as status_t3_10_7_,
        salesinfos7_.status_times as status_t4_10_7_,
        salesinfos7_.status_when2buy as status_w5_10_7_,
        salesinfos7_.transport as transpor6_10_7_,
        salesinfou8_.id as id1_11_8_,
        salesinfou8_.user_height as user_hei2_11_8_,
        salesinfou8_.user_size as user_siz3_11_8_,
        salesinfou8_.user_weight as user_wei4_11_8_ 
    from
        stores stores0_ 
    left outer join
        members members1_ 
            on stores0_.author_id=members1_.id 
    left outer join
        clothes_info clothesinf2_ 
            on stores0_.clothes_info_id=clothesinf2_.id 
    left outer join
        colors colors3_ 
            on stores0_.colors_name=colors3_.name 
    left outer join
        materials materials4_ 
            on stores0_.materials_name=materials4_.name 
    left outer join
        style style5_ 
            on stores0_.style_name=style5_.name 
    left outer join
        sales_info_clothes salesinfoc6_ 
            on stores0_.sales_info_clothes_id=salesinfoc6_.id 
    left outer join
        sales_info_status salesinfos7_ 
            on stores0_.sales_info_status_id=salesinfos7_.id 
    left outer join
        sales_info_user salesinfou8_ 
            on stores0_.sales_info_user_id=salesinfou8_.id 
    where
        stores0_.id=?
Hibernate: 
    select
        stores0_.id as id1_12_0_,
        stores0_.created_date as created_2_12_0_,
        stores0_.modified_date as modified3_12_0_,
        stores0_.author_id as author_i9_12_0_,
        stores0_.clothes_info_id as clothes10_12_0_,
        stores0_.colors_name as colors_11_12_0_,
        stores0_.materials_name as materia12_12_0_,
        stores0_.style_name as style_n13_12_0_,
        stores0_.clothes_length as clothes_4_12_0_,
        stores0_.content as content5_12_0_,
        stores0_.price as price6_12_0_,
        stores0_.sales_info_clothes_id as sales_i14_12_0_,
        stores0_.sales_info_status_id as sales_i15_12_0_,
        stores0_.sales_info_user_id as sales_i16_12_0_,
        stores0_.status as status7_12_0_,
        stores0_.title as title8_12_0_,
        members1_.id as id1_6_1_,
        members1_.email as email2_6_1_,
        members1_.image as image3_6_1_,
        members1_.name as name4_6_1_,
        members1_.nickname as nickname5_6_1_,
        members1_.password as password6_6_1_,
        members1_.phone as phone7_6_1_,
        members1_.refresh_token as refresh_8_6_1_,
        members1_.role as role9_6_1_,
        clothesinf2_.id as id1_2_2_,
        clothesinf2_.categoryl as category2_2_2_,
        clothesinf2_.categorys as category3_2_2_,
        clothesinf2_.fit as fit4_2_2_,
        clothesinf2_.length as length5_2_2_,
        colors3_.id as id1_4_3_,
        colors3_.name as name2_4_3_,
        materials4_.id as id1_5_4_,
        materials4_.name as name2_5_4_,
        style5_.id as id1_14_5_,
        style5_.name as name2_14_5_,
        salesinfoc6_.id as id1_9_6_,
        salesinfoc6_.clothes_brand as clothes_2_9_6_,
        salesinfoc6_.clothes_color as clothes_3_9_6_,
        salesinfoc6_.clothes_gender as clothes_4_9_6_,
        salesinfoc6_.clothes_size as clothes_5_9_6_,
        salesinfos7_.id as id1_10_7_,
        salesinfos7_.status_score as status_s2_10_7_,
        salesinfos7_.status_tag as status_t3_10_7_,
        salesinfos7_.status_times as status_t4_10_7_,
        salesinfos7_.status_when2buy as status_w5_10_7_,
        salesinfos7_.transport as transpor6_10_7_,
        salesinfou8_.id as id1_11_8_,
        salesinfou8_.user_height as user_hei2_11_8_,
        salesinfou8_.user_size as user_siz3_11_8_,
        salesinfou8_.user_weight as user_wei4_11_8_ 
    from
        stores stores0_ 
    left outer join
        members members1_ 
            on stores0_.author_id=members1_.id 
    left outer join
        clothes_info clothesinf2_ 
            on stores0_.clothes_info_id=clothesinf2_.id 
    left outer join
        colors colors3_ 
            on stores0_.colors_name=colors3_.name 
    left outer join
        materials materials4_ 
            on stores0_.materials_name=materials4_.name 
    left outer join
        style style5_ 
            on stores0_.style_name=style5_.name 
    left outer join
        sales_info_clothes salesinfoc6_ 
            on stores0_.sales_info_clothes_id=salesinfoc6_.id 
    left outer join
        sales_info_status salesinfos7_ 
            on stores0_.sales_info_status_id=salesinfos7_.id 
    left outer join
        sales_info_user salesinfou8_ 
            on stores0_.sales_info_user_id=salesinfou8_.id 
    where
        stores0_.id=?
Hibernate: 
    select
        stores0_.id as id1_12_0_,
        stores0_.created_date as created_2_12_0_,
        stores0_.modified_date as modified3_12_0_,
        stores0_.author_id as author_i9_12_0_,
        stores0_.clothes_info_id as clothes10_12_0_,
        stores0_.colors_name as colors_11_12_0_,
        stores0_.materials_name as materia12_12_0_,
        stores0_.style_name as style_n13_12_0_,
        stores0_.clothes_length as clothes_4_12_0_,
        stores0_.content as content5_12_0_,
        stores0_.price as price6_12_0_,
        stores0_.sales_info_clothes_id as sales_i14_12_0_,
        stores0_.sales_info_status_id as sales_i15_12_0_,
        stores0_.sales_info_user_id as sales_i16_12_0_,
        stores0_.status as status7_12_0_,
        stores0_.title as title8_12_0_,
        members1_.id as id1_6_1_,
        members1_.email as email2_6_1_,
        members1_.image as image3_6_1_,
        members1_.name as name4_6_1_,
        members1_.nickname as nickname5_6_1_,
        members1_.password as password6_6_1_,
        members1_.phone as phone7_6_1_,
        members1_.refresh_token as refresh_8_6_1_,
        members1_.role as role9_6_1_,
        clothesinf2_.id as id1_2_2_,
        clothesinf2_.categoryl as category2_2_2_,
        clothesinf2_.categorys as category3_2_2_,
        clothesinf2_.fit as fit4_2_2_,
        clothesinf2_.length as length5_2_2_,
        colors3_.id as id1_4_3_,
        colors3_.name as name2_4_3_,
        materials4_.id as id1_5_4_,
        materials4_.name as name2_5_4_,
        style5_.id as id1_14_5_,
        style5_.name as name2_14_5_,
        salesinfoc6_.id as id1_9_6_,
        salesinfoc6_.clothes_brand as clothes_2_9_6_,
        salesinfoc6_.clothes_color as clothes_3_9_6_,
        salesinfoc6_.clothes_gender as clothes_4_9_6_,
        salesinfoc6_.clothes_size as clothes_5_9_6_,
        salesinfos7_.id as id1_10_7_,
        salesinfos7_.status_score as status_s2_10_7_,
        salesinfos7_.status_tag as status_t3_10_7_,
        salesinfos7_.status_times as status_t4_10_7_,
        salesinfos7_.status_when2buy as status_w5_10_7_,
        salesinfos7_.transport as transpor6_10_7_,
        salesinfou8_.id as id1_11_8_,
        salesinfou8_.user_height as user_hei2_11_8_,
        salesinfou8_.user_size as user_siz3_11_8_,
        salesinfou8_.user_weight as user_wei4_11_8_ 
    from
        stores stores0_ 
    left outer join
        members members1_ 
            on stores0_.author_id=members1_.id 
    left outer join
        clothes_info clothesinf2_ 
            on stores0_.clothes_info_id=clothesinf2_.id 
    left outer join
        colors colors3_ 
            on stores0_.colors_name=colors3_.name 
    left outer join
        materials materials4_ 
            on stores0_.materials_name=materials4_.name 
    left outer join
        style style5_ 
            on stores0_.style_name=style5_.name 
    left outer join
        sales_info_clothes salesinfoc6_ 
            on stores0_.sales_info_clothes_id=salesinfoc6_.id 
    left outer join
        sales_info_status salesinfos7_ 
            on stores0_.sales_info_status_id=salesinfos7_.id 
    left outer join
        sales_info_user salesinfou8_ 
            on stores0_.sales_info_user_id=salesinfou8_.id 
    where
        stores0_.id=?
Hibernate: 
    select
        stores0_.id as id1_12_0_,
        stores0_.created_date as created_2_12_0_,
        stores0_.modified_date as modified3_12_0_,
        stores0_.author_id as author_i9_12_0_,
        stores0_.clothes_info_id as clothes10_12_0_,
        stores0_.colors_name as colors_11_12_0_,
        stores0_.materials_name as materia12_12_0_,
        stores0_.style_name as style_n13_12_0_,
        stores0_.clothes_length as clothes_4_12_0_,
        stores0_.content as content5_12_0_,
        stores0_.price as price6_12_0_,
        stores0_.sales_info_clothes_id as sales_i14_12_0_,
        stores0_.sales_info_status_id as sales_i15_12_0_,
        stores0_.sales_info_user_id as sales_i16_12_0_,
        stores0_.status as status7_12_0_,
        stores0_.title as title8_12_0_,
        members1_.id as id1_6_1_,
        members1_.email as email2_6_1_,
        members1_.image as image3_6_1_,
        members1_.name as name4_6_1_,
        members1_.nickname as nickname5_6_1_,
        members1_.password as password6_6_1_,
        members1_.phone as phone7_6_1_,
        members1_.refresh_token as refresh_8_6_1_,
        members1_.role as role9_6_1_,
        clothesinf2_.id as id1_2_2_,
        clothesinf2_.categoryl as category2_2_2_,
        clothesinf2_.categorys as category3_2_2_,
        clothesinf2_.fit as fit4_2_2_,
        clothesinf2_.length as length5_2_2_,
        colors3_.id as id1_4_3_,
        colors3_.name as name2_4_3_,
        materials4_.id as id1_5_4_,
        materials4_.name as name2_5_4_,
        style5_.id as id1_14_5_,
        style5_.name as name2_14_5_,
        salesinfoc6_.id as id1_9_6_,
        salesinfoc6_.clothes_brand as clothes_2_9_6_,
        salesinfoc6_.clothes_color as clothes_3_9_6_,
        salesinfoc6_.clothes_gender as clothes_4_9_6_,
        salesinfoc6_.clothes_size as clothes_5_9_6_,
        salesinfos7_.id as id1_10_7_,
        salesinfos7_.status_score as status_s2_10_7_,
        salesinfos7_.status_tag as status_t3_10_7_,
        salesinfos7_.status_times as status_t4_10_7_,
        salesinfos7_.status_when2buy as status_w5_10_7_,
        salesinfos7_.transport as transpor6_10_7_,
        salesinfou8_.id as id1_11_8_,
        salesinfou8_.user_height as user_hei2_11_8_,
        salesinfou8_.user_size as user_siz3_11_8_,
        salesinfou8_.user_weight as user_wei4_11_8_ 
    from
        stores stores0_ 
    left outer join
        members members1_ 
            on stores0_.author_id=members1_.id 
    left outer join
        clothes_info clothesinf2_ 
            on stores0_.clothes_info_id=clothesinf2_.id 
    left outer join
        colors colors3_ 
            on stores0_.colors_name=colors3_.name 
    left outer join
        materials materials4_ 
            on stores0_.materials_name=materials4_.name 
    left outer join
        style style5_ 
            on stores0_.style_name=style5_.name 
    left outer join
        sales_info_clothes salesinfoc6_ 
            on stores0_.sales_info_clothes_id=salesinfoc6_.id 
    left outer join
        sales_info_status salesinfos7_ 
            on stores0_.sales_info_status_id=salesinfos7_.id 
    left outer join
        sales_info_user salesinfou8_ 
            on stores0_.sales_info_user_id=salesinfou8_.id 
    where
        stores0_.id=?
Hibernate: 
    select
        stores0_.id as id1_12_0_,
        stores0_.created_date as created_2_12_0_,
        stores0_.modified_date as modified3_12_0_,
        stores0_.author_id as author_i9_12_0_,
        stores0_.clothes_info_id as clothes10_12_0_,
        stores0_.colors_name as colors_11_12_0_,
        stores0_.materials_name as materia12_12_0_,
        stores0_.style_name as style_n13_12_0_,
        stores0_.clothes_length as clothes_4_12_0_,
        stores0_.content as content5_12_0_,
        stores0_.price as price6_12_0_,
        stores0_.sales_info_clothes_id as sales_i14_12_0_,
        stores0_.sales_info_status_id as sales_i15_12_0_,
        stores0_.sales_info_user_id as sales_i16_12_0_,
        stores0_.status as status7_12_0_,
        stores0_.title as title8_12_0_,
        members1_.id as id1_6_1_,
        members1_.email as email2_6_1_,
        members1_.image as image3_6_1_,
        members1_.name as name4_6_1_,
        members1_.nickname as nickname5_6_1_,
        members1_.password as password6_6_1_,
        members1_.phone as phone7_6_1_,
        members1_.refresh_token as refresh_8_6_1_,
        members1_.role as role9_6_1_,
        clothesinf2_.id as id1_2_2_,
        clothesinf2_.categoryl as category2_2_2_,
        clothesinf2_.categorys as category3_2_2_,
        clothesinf2_.fit as fit4_2_2_,
        clothesinf2_.length as length5_2_2_,
        colors3_.id as id1_4_3_,
        colors3_.name as name2_4_3_,
        materials4_.id as id1_5_4_,
        materials4_.name as name2_5_4_,
        style5_.id as id1_14_5_,
        style5_.name as name2_14_5_,
        salesinfoc6_.id as id1_9_6_,
        salesinfoc6_.clothes_brand as clothes_2_9_6_,
        salesinfoc6_.clothes_color as clothes_3_9_6_,
        salesinfoc6_.clothes_gender as clothes_4_9_6_,
        salesinfoc6_.clothes_size as clothes_5_9_6_,
        salesinfos7_.id as id1_10_7_,
        salesinfos7_.status_score as status_s2_10_7_,
        salesinfos7_.status_tag as status_t3_10_7_,
        salesinfos7_.status_times as status_t4_10_7_,
        salesinfos7_.status_when2buy as status_w5_10_7_,
        salesinfos7_.transport as transpor6_10_7_,
        salesinfou8_.id as id1_11_8_,
        salesinfou8_.user_height as user_hei2_11_8_,
        salesinfou8_.user_size as user_siz3_11_8_,
        salesinfou8_.user_weight as user_wei4_11_8_ 
    from
        stores stores0_ 
    left outer join
        members members1_ 
            on stores0_.author_id=members1_.id 
    left outer join
        clothes_info clothesinf2_ 
            on stores0_.clothes_info_id=clothesinf2_.id 
    left outer join
        colors colors3_ 
            on stores0_.colors_name=colors3_.name 
    left outer join
        materials materials4_ 
            on stores0_.materials_name=materials4_.name 
    left outer join
        style style5_ 
            on stores0_.style_name=style5_.name 
    left outer join
        sales_info_clothes salesinfoc6_ 
            on stores0_.sales_info_clothes_id=salesinfoc6_.id 
    left outer join
        sales_info_status salesinfos7_ 
            on stores0_.sales_info_status_id=salesinfos7_.id 
    left outer join
        sales_info_user salesinfou8_ 
            on stores0_.sales_info_user_id=salesinfou8_.id 
    where
        stores0_.id=?
Hibernate: 
    select
        stores0_.id as id1_12_0_,
        stores0_.created_date as created_2_12_0_,
        stores0_.modified_date as modified3_12_0_,
        stores0_.author_id as author_i9_12_0_,
        stores0_.clothes_info_id as clothes10_12_0_,
        stores0_.colors_name as colors_11_12_0_,
        stores0_.materials_name as materia12_12_0_,
        stores0_.style_name as style_n13_12_0_,
        stores0_.clothes_length as clothes_4_12_0_,
        stores0_.content as content5_12_0_,
        stores0_.price as price6_12_0_,
        stores0_.sales_info_clothes_id as sales_i14_12_0_,
        stores0_.sales_info_status_id as sales_i15_12_0_,
        stores0_.sales_info_user_id as sales_i16_12_0_,
        stores0_.status as status7_12_0_,
        stores0_.title as title8_12_0_,
        members1_.id as id1_6_1_,
        members1_.email as email2_6_1_,
        members1_.image as image3_6_1_,
        members1_.name as name4_6_1_,
        members1_.nickname as nickname5_6_1_,
        members1_.password as password6_6_1_,
        members1_.phone as phone7_6_1_,
        members1_.refresh_token as refresh_8_6_1_,
        members1_.role as role9_6_1_,
        clothesinf2_.id as id1_2_2_,
        clothesinf2_.categoryl as category2_2_2_,
        clothesinf2_.categorys as category3_2_2_,
        clothesinf2_.fit as fit4_2_2_,
        clothesinf2_.length as length5_2_2_,
        colors3_.id as id1_4_3_,
        colors3_.name as name2_4_3_,
        materials4_.id as id1_5_4_,
        materials4_.name as name2_5_4_,
        style5_.id as id1_14_5_,
        style5_.name as name2_14_5_,
        salesinfoc6_.id as id1_9_6_,
        salesinfoc6_.clothes_brand as clothes_2_9_6_,
        salesinfoc6_.clothes_color as clothes_3_9_6_,
        salesinfoc6_.clothes_gender as clothes_4_9_6_,
        salesinfoc6_.clothes_size as clothes_5_9_6_,
        salesinfos7_.id as id1_10_7_,
        salesinfos7_.status_score as status_s2_10_7_,
        salesinfos7_.status_tag as status_t3_10_7_,
        salesinfos7_.status_times as status_t4_10_7_,
        salesinfos7_.status_when2buy as status_w5_10_7_,
        salesinfos7_.transport as transpor6_10_7_,
        salesinfou8_.id as id1_11_8_,
        salesinfou8_.user_height as user_hei2_11_8_,
        salesinfou8_.user_size as user_siz3_11_8_,
        salesinfou8_.user_weight as user_wei4_11_8_ 
    from
        stores stores0_ 
    left outer join
        members members1_ 
            on stores0_.author_id=members1_.id 
    left outer join
        clothes_info clothesinf2_ 
            on stores0_.clothes_info_id=clothesinf2_.id 
    left outer join
        colors colors3_ 
            on stores0_.colors_name=colors3_.name 
    left outer join
        materials materials4_ 
            on stores0_.materials_name=materials4_.name 
    left outer join
        style style5_ 
            on stores0_.style_name=style5_.name 
    left outer join
        sales_info_clothes salesinfoc6_ 
            on stores0_.sales_info_clothes_id=salesinfoc6_.id 
    left outer join
        sales_info_status salesinfos7_ 
            on stores0_.sales_info_status_id=salesinfos7_.id 
    left outer join
        sales_info_user salesinfou8_ 
            on stores0_.sales_info_user_id=salesinfou8_.id 
    where
        stores0_.id=?
Hibernate: 
    select
        stores0_.id as id1_12_0_,
        stores0_.created_date as created_2_12_0_,
        stores0_.modified_date as modified3_12_0_,
        stores0_.author_id as author_i9_12_0_,
        stores0_.clothes_info_id as clothes10_12_0_,
        stores0_.colors_name as colors_11_12_0_,
        stores0_.materials_name as materia12_12_0_,
        stores0_.style_name as style_n13_12_0_,
        stores0_.clothes_length as clothes_4_12_0_,
        stores0_.content as content5_12_0_,
        stores0_.price as price6_12_0_,
        stores0_.sales_info_clothes_id as sales_i14_12_0_,
        stores0_.sales_info_status_id as sales_i15_12_0_,
        stores0_.sales_info_user_id as sales_i16_12_0_,
        stores0_.status as status7_12_0_,
        stores0_.title as title8_12_0_,
        members1_.id as id1_6_1_,
        members1_.email as email2_6_1_,
        members1_.image as image3_6_1_,
        members1_.name as name4_6_1_,
        members1_.nickname as nickname5_6_1_,
        members1_.password as password6_6_1_,
        members1_.phone as phone7_6_1_,
        members1_.refresh_token as refresh_8_6_1_,
        members1_.role as role9_6_1_,
        clothesinf2_.id as id1_2_2_,
        clothesinf2_.categoryl as category2_2_2_,
        clothesinf2_.categorys as category3_2_2_,
        clothesinf2_.fit as fit4_2_2_,
        clothesinf2_.length as length5_2_2_,
        colors3_.id as id1_4_3_,
        colors3_.name as name2_4_3_,
        materials4_.id as id1_5_4_,
        materials4_.name as name2_5_4_,
        style5_.id as id1_14_5_,
        style5_.name as name2_14_5_,
        salesinfoc6_.id as id1_9_6_,
        salesinfoc6_.clothes_brand as clothes_2_9_6_,
        salesinfoc6_.clothes_color as clothes_3_9_6_,
        salesinfoc6_.clothes_gender as clothes_4_9_6_,
        salesinfoc6_.clothes_size as clothes_5_9_6_,
        salesinfos7_.id as id1_10_7_,
        salesinfos7_.status_score as status_s2_10_7_,
        salesinfos7_.status_tag as status_t3_10_7_,
        salesinfos7_.status_times as status_t4_10_7_,
        salesinfos7_.status_when2buy as status_w5_10_7_,
        salesinfos7_.transport as transpor6_10_7_,
        salesinfou8_.id as id1_11_8_,
        salesinfou8_.user_height as user_hei2_11_8_,
        salesinfou8_.user_size as user_siz3_11_8_,
        salesinfou8_.user_weight as user_wei4_11_8_ 
    from
        stores stores0_ 
    left outer join
        members members1_ 
            on stores0_.author_id=members1_.id 
    left outer join
        clothes_info clothesinf2_ 
            on stores0_.clothes_info_id=clothesinf2_.id 
    left outer join
        colors colors3_ 
            on stores0_.colors_name=colors3_.name 
    left outer join
        materials materials4_ 
            on stores0_.materials_name=materials4_.name 
    left outer join
        style style5_ 
            on stores0_.style_name=style5_.name 
    left outer join
        sales_info_clothes salesinfoc6_ 
            on stores0_.sales_info_clothes_id=salesinfoc6_.id 
    left outer join
        sales_info_status salesinfos7_ 
            on stores0_.sales_info_status_id=salesinfos7_.id 
    left outer join
        sales_info_user salesinfou8_ 
            on stores0_.sales_info_user_id=salesinfou8_.id 
    where
        stores0_.id=?
Hibernate: 
    select
        stores0_.id as id1_12_0_,
        stores0_.created_date as created_2_12_0_,
        stores0_.modified_date as modified3_12_0_,
        stores0_.author_id as author_i9_12_0_,
        stores0_.clothes_info_id as clothes10_12_0_,
        stores0_.colors_name as colors_11_12_0_,
        stores0_.materials_name as materia12_12_0_,
        stores0_.style_name as style_n13_12_0_,
        stores0_.clothes_length as clothes_4_12_0_,
        stores0_.content as content5_12_0_,
        stores0_.price as price6_12_0_,
        stores0_.sales_info_clothes_id as sales_i14_12_0_,
        stores0_.sales_info_status_id as sales_i15_12_0_,
        stores0_.sales_info_user_id as sales_i16_12_0_,
        stores0_.status as status7_12_0_,
        stores0_.title as title8_12_0_,
        members1_.id as id1_6_1_,
        members1_.email as email2_6_1_,
        members1_.image as image3_6_1_,
        members1_.name as name4_6_1_,
        members1_.nickname as nickname5_6_1_,
        members1_.password as password6_6_1_,
        members1_.phone as phone7_6_1_,
        members1_.refresh_token as refresh_8_6_1_,
        members1_.role as role9_6_1_,
        clothesinf2_.id as id1_2_2_,
        clothesinf2_.categoryl as category2_2_2_,
        clothesinf2_.categorys as category3_2_2_,
        clothesinf2_.fit as fit4_2_2_,
        clothesinf2_.length as length5_2_2_,
        colors3_.id as id1_4_3_,
        colors3_.name as name2_4_3_,
        materials4_.id as id1_5_4_,
        materials4_.name as name2_5_4_,
        style5_.id as id1_14_5_,
        style5_.name as name2_14_5_,
        salesinfoc6_.id as id1_9_6_,
        salesinfoc6_.clothes_brand as clothes_2_9_6_,
        salesinfoc6_.clothes_color as clothes_3_9_6_,
        salesinfoc6_.clothes_gender as clothes_4_9_6_,
        salesinfoc6_.clothes_size as clothes_5_9_6_,
        salesinfos7_.id as id1_10_7_,
        salesinfos7_.status_score as status_s2_10_7_,
        salesinfos7_.status_tag as status_t3_10_7_,
        salesinfos7_.status_times as status_t4_10_7_,
        salesinfos7_.status_when2buy as status_w5_10_7_,
        salesinfos7_.transport as transpor6_10_7_,
        salesinfou8_.id as id1_11_8_,
        salesinfou8_.user_height as user_hei2_11_8_,
        salesinfou8_.user_size as user_siz3_11_8_,
        salesinfou8_.user_weight as user_wei4_11_8_ 
    from
        stores stores0_ 
    left outer join
        members members1_ 
            on stores0_.author_id=members1_.id 
    left outer join
        clothes_info clothesinf2_ 
            on stores0_.clothes_info_id=clothesinf2_.id 
    left outer join
        colors colors3_ 
            on stores0_.colors_name=colors3_.name 
    left outer join
        materials materials4_ 
            on stores0_.materials_name=materials4_.name 
    left outer join
        style style5_ 
            on stores0_.style_name=style5_.name 
    left outer join
        sales_info_clothes salesinfoc6_ 
            on stores0_.sales_info_clothes_id=salesinfoc6_.id 
    left outer join
        sales_info_status salesinfos7_ 
            on stores0_.sales_info_status_id=salesinfos7_.id 
    left outer join
        sales_info_user salesinfou8_ 
            on stores0_.sales_info_user_id=salesinfou8_.id 
    where
        stores0_.id=?
Hibernate: 
    select
        stores0_.id as id1_12_0_,
        stores0_.created_date as created_2_12_0_,
        stores0_.modified_date as modified3_12_0_,
        stores0_.author_id as author_i9_12_0_,
        stores0_.clothes_info_id as clothes10_12_0_,
        stores0_.colors_name as colors_11_12_0_,
        stores0_.materials_name as materia12_12_0_,
        stores0_.style_name as style_n13_12_0_,
        stores0_.clothes_length as clothes_4_12_0_,
        stores0_.content as content5_12_0_,
        stores0_.price as price6_12_0_,
        stores0_.sales_info_clothes_id as sales_i14_12_0_,
        stores0_.sales_info_status_id as sales_i15_12_0_,
        stores0_.sales_info_user_id as sales_i16_12_0_,
        stores0_.status as status7_12_0_,
        stores0_.title as title8_12_0_,
        members1_.id as id1_6_1_,
        members1_.email as email2_6_1_,
        members1_.image as image3_6_1_,
        members1_.name as name4_6_1_,
        members1_.nickname as nickname5_6_1_,
        members1_.password as password6_6_1_,
        members1_.phone as phone7_6_1_,
        members1_.refresh_token as refresh_8_6_1_,
        members1_.role as role9_6_1_,
        clothesinf2_.id as id1_2_2_,
        clothesinf2_.categoryl as category2_2_2_,
        clothesinf2_.categorys as category3_2_2_,
        clothesinf2_.fit as fit4_2_2_,
        clothesinf2_.length as length5_2_2_,
        colors3_.id as id1_4_3_,
        colors3_.name as name2_4_3_,
        materials4_.id as id1_5_4_,
        materials4_.name as name2_5_4_,
        style5_.id as id1_14_5_,
        style5_.name as name2_14_5_,
        salesinfoc6_.id as id1_9_6_,
        salesinfoc6_.clothes_brand as clothes_2_9_6_,
        salesinfoc6_.clothes_color as clothes_3_9_6_,
        salesinfoc6_.clothes_gender as clothes_4_9_6_,
        salesinfoc6_.clothes_size as clothes_5_9_6_,
        salesinfos7_.id as id1_10_7_,
        salesinfos7_.status_score as status_s2_10_7_,
        salesinfos7_.status_tag as status_t3_10_7_,
        salesinfos7_.status_times as status_t4_10_7_,
        salesinfos7_.status_when2buy as status_w5_10_7_,
        salesinfos7_.transport as transpor6_10_7_,
        salesinfou8_.id as id1_11_8_,
        salesinfou8_.user_height as user_hei2_11_8_,
        salesinfou8_.user_size as user_siz3_11_8_,
        salesinfou8_.user_weight as user_wei4_11_8_ 
    from
        stores stores0_ 
    left outer join
        members members1_ 
            on stores0_.author_id=members1_.id 
    left outer join
        clothes_info clothesinf2_ 
            on stores0_.clothes_info_id=clothesinf2_.id 
    left outer join
        colors colors3_ 
            on stores0_.colors_name=colors3_.name 
    left outer join
        materials materials4_ 
            on stores0_.materials_name=materials4_.name 
    left outer join
        style style5_ 
            on stores0_.style_name=style5_.name 
    left outer join
        sales_info_clothes salesinfoc6_ 
            on stores0_.sales_info_clothes_id=salesinfoc6_.id 
    left outer join
        sales_info_status salesinfos7_ 
            on stores0_.sales_info_status_id=salesinfos7_.id 
    left outer join
        sales_info_user salesinfou8_ 
            on stores0_.sales_info_user_id=salesinfou8_.id 
    where
        stores0_.id=?
Hibernate: 
    select
        stores0_.id as id1_12_0_,
        stores0_.created_date as created_2_12_0_,
        stores0_.modified_date as modified3_12_0_,
        stores0_.author_id as author_i9_12_0_,
        stores0_.clothes_info_id as clothes10_12_0_,
        stores0_.colors_name as colors_11_12_0_,
        stores0_.materials_name as materia12_12_0_,
        stores0_.style_name as style_n13_12_0_,
        stores0_.clothes_length as clothes_4_12_0_,
        stores0_.content as content5_12_0_,
        stores0_.price as price6_12_0_,
        stores0_.sales_info_clothes_id as sales_i14_12_0_,
        stores0_.sales_info_status_id as sales_i15_12_0_,
        stores0_.sales_info_user_id as sales_i16_12_0_,
        stores0_.status as status7_12_0_,
        stores0_.title as title8_12_0_,
        members1_.id as id1_6_1_,
        members1_.email as email2_6_1_,
        members1_.image as image3_6_1_,
        members1_.name as name4_6_1_,
        members1_.nickname as nickname5_6_1_,
        members1_.password as password6_6_1_,
        members1_.phone as phone7_6_1_,
        members1_.refresh_token as refresh_8_6_1_,
        members1_.role as role9_6_1_,
        clothesinf2_.id as id1_2_2_,
        clothesinf2_.categoryl as category2_2_2_,
        clothesinf2_.categorys as category3_2_2_,
        clothesinf2_.fit as fit4_2_2_,
        clothesinf2_.length as length5_2_2_,
        colors3_.id as id1_4_3_,
        colors3_.name as name2_4_3_,
        materials4_.id as id1_5_4_,
        materials4_.name as name2_5_4_,
        style5_.id as id1_14_5_,
        style5_.name as name2_14_5_,
        salesinfoc6_.id as id1_9_6_,
        salesinfoc6_.clothes_brand as clothes_2_9_6_,
        salesinfoc6_.clothes_color as clothes_3_9_6_,
        salesinfoc6_.clothes_gender as clothes_4_9_6_,
        salesinfoc6_.clothes_size as clothes_5_9_6_,
        salesinfos7_.id as id1_10_7_,
        salesinfos7_.status_score as status_s2_10_7_,
        salesinfos7_.status_tag as status_t3_10_7_,
        salesinfos7_.status_times as status_t4_10_7_,
        salesinfos7_.status_when2buy as status_w5_10_7_,
        salesinfos7_.transport as transpor6_10_7_,
        salesinfou8_.id as id1_11_8_,
        salesinfou8_.user_height as user_hei2_11_8_,
        salesinfou8_.user_size as user_siz3_11_8_,
        salesinfou8_.user_weight as user_wei4_11_8_ 
    from
        stores stores0_ 
    left outer join
        members members1_ 
            on stores0_.author_id=members1_.id 
    left outer join
        clothes_info clothesinf2_ 
            on stores0_.clothes_info_id=clothesinf2_.id 
    left outer join
        colors colors3_ 
            on stores0_.colors_name=colors3_.name 
    left outer join
        materials materials4_ 
            on stores0_.materials_name=materials4_.name 
    left outer join
        style style5_ 
            on stores0_.style_name=style5_.name 
    left outer join
        sales_info_clothes salesinfoc6_ 
            on stores0_.sales_info_clothes_id=salesinfoc6_.id 
    left outer join
        sales_info_status salesinfos7_ 
            on stores0_.sales_info_status_id=salesinfos7_.id 
    left outer join
        sales_info_user salesinfou8_ 
            on stores0_.sales_info_user_id=salesinfou8_.id 
    where
        stores0_.id=?
Hibernate: 
    select
        stores0_.id as id1_12_0_,
        stores0_.created_date as created_2_12_0_,
        stores0_.modified_date as modified3_12_0_,
        stores0_.author_id as author_i9_12_0_,
        stores0_.clothes_info_id as clothes10_12_0_,
        stores0_.colors_name as colors_11_12_0_,
        stores0_.materials_name as materia12_12_0_,
        stores0_.style_name as style_n13_12_0_,
        stores0_.clothes_length as clothes_4_12_0_,
        stores0_.content as content5_12_0_,
        stores0_.price as price6_12_0_,
        stores0_.sales_info_clothes_id as sales_i14_12_0_,
        stores0_.sales_info_status_id as sales_i15_12_0_,
        stores0_.sales_info_user_id as sales_i16_12_0_,
        stores0_.status as status7_12_0_,
        stores0_.title as title8_12_0_,
        members1_.id as id1_6_1_,
        members1_.email as email2_6_1_,
        members1_.image as image3_6_1_,
        members1_.name as name4_6_1_,
        members1_.nickname as nickname5_6_1_,
        members1_.password as password6_6_1_,
        members1_.phone as phone7_6_1_,
        members1_.refresh_token as refresh_8_6_1_,
        members1_.role as role9_6_1_,
        clothesinf2_.id as id1_2_2_,
        clothesinf2_.categoryl as category2_2_2_,
        clothesinf2_.categorys as category3_2_2_,
        clothesinf2_.fit as fit4_2_2_,
        clothesinf2_.length as length5_2_2_,
        colors3_.id as id1_4_3_,
        colors3_.name as name2_4_3_,
        materials4_.id as id1_5_4_,
        materials4_.name as name2_5_4_,
        style5_.id as id1_14_5_,
        style5_.name as name2_14_5_,
        salesinfoc6_.id as id1_9_6_,
        salesinfoc6_.clothes_brand as clothes_2_9_6_,
        salesinfoc6_.clothes_color as clothes_3_9_6_,
        salesinfoc6_.clothes_gender as clothes_4_9_6_,
        salesinfoc6_.clothes_size as clothes_5_9_6_,
        salesinfos7_.id as id1_10_7_,
        salesinfos7_.status_score as status_s2_10_7_,
        salesinfos7_.status_tag as status_t3_10_7_,
        salesinfos7_.status_times as status_t4_10_7_,
        salesinfos7_.status_when2buy as status_w5_10_7_,
        salesinfos7_.transport as transpor6_10_7_,
        salesinfou8_.id as id1_11_8_,
        salesinfou8_.user_height as user_hei2_11_8_,
        salesinfou8_.user_size as user_siz3_11_8_,
        salesinfou8_.user_weight as user_wei4_11_8_ 
    from
        stores stores0_ 
    left outer join
        members members1_ 
            on stores0_.author_id=members1_.id 
    left outer join
        clothes_info clothesinf2_ 
            on stores0_.clothes_info_id=clothesinf2_.id 
    left outer join
        colors colors3_ 
            on stores0_.colors_name=colors3_.name 
    left outer join
        materials materials4_ 
            on stores0_.materials_name=materials4_.name 
    left outer join
        style style5_ 
            on stores0_.style_name=style5_.name 
    left outer join
        sales_info_clothes salesinfoc6_ 
            on stores0_.sales_info_clothes_id=salesinfoc6_.id 
    left outer join
        sales_info_status salesinfos7_ 
            on stores0_.sales_info_status_id=salesinfos7_.id 
    left outer join
        sales_info_user salesinfou8_ 
            on stores0_.sales_info_user_id=salesinfou8_.id 
    where
        stores0_.id=?
Hibernate: 
    select
        stores0_.id as id1_12_0_,
        stores0_.created_date as created_2_12_0_,
        stores0_.modified_date as modified3_12_0_,
        stores0_.author_id as author_i9_12_0_,
        stores0_.clothes_info_id as clothes10_12_0_,
        stores0_.colors_name as colors_11_12_0_,
        stores0_.materials_name as materia12_12_0_,
        stores0_.style_name as style_n13_12_0_,
        stores0_.clothes_length as clothes_4_12_0_,
        stores0_.content as content5_12_0_,
        stores0_.price as price6_12_0_,
        stores0_.sales_info_clothes_id as sales_i14_12_0_,
        stores0_.sales_info_status_id as sales_i15_12_0_,
        stores0_.sales_info_user_id as sales_i16_12_0_,
        stores0_.status as status7_12_0_,
        stores0_.title as title8_12_0_,
        members1_.id as id1_6_1_,
        members1_.email as email2_6_1_,
        members1_.image as image3_6_1_,
        members1_.name as name4_6_1_,
        members1_.nickname as nickname5_6_1_,
        members1_.password as password6_6_1_,
        members1_.phone as phone7_6_1_,
        members1_.refresh_token as refresh_8_6_1_,
        members1_.role as role9_6_1_,
        clothesinf2_.id as id1_2_2_,
        clothesinf2_.categoryl as category2_2_2_,
        clothesinf2_.categorys as category3_2_2_,
        clothesinf2_.fit as fit4_2_2_,
        clothesinf2_.length as length5_2_2_,
        colors3_.id as id1_4_3_,
        colors3_.name as name2_4_3_,
        materials4_.id as id1_5_4_,
        materials4_.name as name2_5_4_,
        style5_.id as id1_14_5_,
        style5_.name as name2_14_5_,
        salesinfoc6_.id as id1_9_6_,
        salesinfoc6_.clothes_brand as clothes_2_9_6_,
        salesinfoc6_.clothes_color as clothes_3_9_6_,
        salesinfoc6_.clothes_gender as clothes_4_9_6_,
        salesinfoc6_.clothes_size as clothes_5_9_6_,
        salesinfos7_.id as id1_10_7_,
        salesinfos7_.status_score as status_s2_10_7_,
        salesinfos7_.status_tag as status_t3_10_7_,
        salesinfos7_.status_times as status_t4_10_7_,
        salesinfos7_.status_when2buy as status_w5_10_7_,
        salesinfos7_.transport as transpor6_10_7_,
        salesinfou8_.id as id1_11_8_,
        salesinfou8_.user_height as user_hei2_11_8_,
        salesinfou8_.user_size as user_siz3_11_8_,
        salesinfou8_.user_weight as user_wei4_11_8_ 
    from
        stores stores0_ 
    left outer join
        members members1_ 
            on stores0_.author_id=members1_.id 
    left outer join
        clothes_info clothesinf2_ 
            on stores0_.clothes_info_id=clothesinf2_.id 
    left outer join
        colors colors3_ 
            on stores0_.colors_name=colors3_.name 
    left outer join
        materials materials4_ 
            on stores0_.materials_name=materials4_.name 
    left outer join
        style style5_ 
            on stores0_.style_name=style5_.name 
    left outer join
        sales_info_clothes salesinfoc6_ 
            on stores0_.sales_info_clothes_id=salesinfoc6_.id 
    left outer join
        sales_info_status salesinfos7_ 
            on stores0_.sales_info_status_id=salesinfos7_.id 
    left outer join
        sales_info_user salesinfou8_ 
            on stores0_.sales_info_user_id=salesinfou8_.id 
    where
        stores0_.id=?
Hibernate: 
    select
        stores0_.id as id1_12_0_,
        stores0_.created_date as created_2_12_0_,
        stores0_.modified_date as modified3_12_0_,
        stores0_.author_id as author_i9_12_0_,
        stores0_.clothes_info_id as clothes10_12_0_,
        stores0_.colors_name as colors_11_12_0_,
        stores0_.materials_name as materia12_12_0_,
        stores0_.style_name as style_n13_12_0_,
        stores0_.clothes_length as clothes_4_12_0_,
        stores0_.content as content5_12_0_,
        stores0_.price as price6_12_0_,
        stores0_.sales_info_clothes_id as sales_i14_12_0_,
        stores0_.sales_info_status_id as sales_i15_12_0_,
        stores0_.sales_info_user_id as sales_i16_12_0_,
        stores0_.status as status7_12_0_,
        stores0_.title as title8_12_0_,
        members1_.id as id1_6_1_,
        members1_.email as email2_6_1_,
        members1_.image as image3_6_1_,
        members1_.name as name4_6_1_,
        members1_.nickname as nickname5_6_1_,
        members1_.password as password6_6_1_,
        members1_.phone as phone7_6_1_,
        members1_.refresh_token as refresh_8_6_1_,
        members1_.role as role9_6_1_,
        clothesinf2_.id as id1_2_2_,
        clothesinf2_.categoryl as category2_2_2_,
        clothesinf2_.categorys as category3_2_2_,
        clothesinf2_.fit as fit4_2_2_,
        clothesinf2_.length as length5_2_2_,
        colors3_.id as id1_4_3_,
        colors3_.name as name2_4_3_,
        materials4_.id as id1_5_4_,
        materials4_.name as name2_5_4_,
        style5_.id as id1_14_5_,
        style5_.name as name2_14_5_,
        salesinfoc6_.id as id1_9_6_,
        salesinfoc6_.clothes_brand as clothes_2_9_6_,
        salesinfoc6_.clothes_color as clothes_3_9_6_,
        salesinfoc6_.clothes_gender as clothes_4_9_6_,
        salesinfoc6_.clothes_size as clothes_5_9_6_,
        salesinfos7_.id as id1_10_7_,
        salesinfos7_.status_score as status_s2_10_7_,
        salesinfos7_.status_tag as status_t3_10_7_,
        salesinfos7_.status_times as status_t4_10_7_,
        salesinfos7_.status_when2buy as status_w5_10_7_,
        salesinfos7_.transport as transpor6_10_7_,
        salesinfou8_.id as id1_11_8_,
        salesinfou8_.user_height as user_hei2_11_8_,
        salesinfou8_.user_size as user_siz3_11_8_,
        salesinfou8_.user_weight as user_wei4_11_8_ 
    from
        stores stores0_ 
    left outer join
        members members1_ 
            on stores0_.author_id=members1_.id 
    left outer join
        clothes_info clothesinf2_ 
            on stores0_.clothes_info_id=clothesinf2_.id 
    left outer join
        colors colors3_ 
            on stores0_.colors_name=colors3_.name 
    left outer join
        materials materials4_ 
            on stores0_.materials_name=materials4_.name 
    left outer join
        style style5_ 
            on stores0_.style_name=style5_.name 
    left outer join
        sales_info_clothes salesinfoc6_ 
            on stores0_.sales_info_clothes_id=salesinfoc6_.id 
    left outer join
        sales_info_status salesinfos7_ 
            on stores0_.sales_info_status_id=salesinfos7_.id 
    left outer join
        sales_info_user salesinfou8_ 
            on stores0_.sales_info_user_id=salesinfou8_.id 
    where
        stores0_.id=?
Hibernate: 
    select
        stores0_.id as id1_12_0_,
        stores0_.created_date as created_2_12_0_,
        stores0_.modified_date as modified3_12_0_,
        stores0_.author_id as author_i9_12_0_,
        stores0_.clothes_info_id as clothes10_12_0_,
        stores0_.colors_name as colors_11_12_0_,
        stores0_.materials_name as materia12_12_0_,
        stores0_.style_name as style_n13_12_0_,
        stores0_.clothes_length as clothes_4_12_0_,
        stores0_.content as content5_12_0_,
        stores0_.price as price6_12_0_,
        stores0_.sales_info_clothes_id as sales_i14_12_0_,
        stores0_.sales_info_status_id as sales_i15_12_0_,
        stores0_.sales_info_user_id as sales_i16_12_0_,
        stores0_.status as status7_12_0_,
        stores0_.title as title8_12_0_,
        members1_.id as id1_6_1_,
        members1_.email as email2_6_1_,
        members1_.image as image3_6_1_,
        members1_.name as name4_6_1_,
        members1_.nickname as nickname5_6_1_,
        members1_.password as password6_6_1_,
        members1_.phone as phone7_6_1_,
        members1_.refresh_token as refresh_8_6_1_,
        members1_.role as role9_6_1_,
        clothesinf2_.id as id1_2_2_,
        clothesinf2_.categoryl as category2_2_2_,
        clothesinf2_.categorys as category3_2_2_,
        clothesinf2_.fit as fit4_2_2_,
        clothesinf2_.length as length5_2_2_,
        colors3_.id as id1_4_3_,
        colors3_.name as name2_4_3_,
        materials4_.id as id1_5_4_,
        materials4_.name as name2_5_4_,
        style5_.id as id1_14_5_,
        style5_.name as name2_14_5_,
        salesinfoc6_.id as id1_9_6_,
        salesinfoc6_.clothes_brand as clothes_2_9_6_,
        salesinfoc6_.clothes_color as clothes_3_9_6_,
        salesinfoc6_.clothes_gender as clothes_4_9_6_,
        salesinfoc6_.clothes_size as clothes_5_9_6_,
        salesinfos7_.id as id1_10_7_,
        salesinfos7_.status_score as status_s2_10_7_,
        salesinfos7_.status_tag as status_t3_10_7_,
        salesinfos7_.status_times as status_t4_10_7_,
        salesinfos7_.status_when2buy as status_w5_10_7_,
        salesinfos7_.transport as transpor6_10_7_,
        salesinfou8_.id as id1_11_8_,
        salesinfou8_.user_height as user_hei2_11_8_,
        salesinfou8_.user_size as user_siz3_11_8_,
        salesinfou8_.user_weight as user_wei4_11_8_ 
    from
        stores stores0_ 
    left outer join
        members members1_ 
            on stores0_.author_id=members1_.id 
    left outer join
        clothes_info clothesinf2_ 
            on stores0_.clothes_info_id=clothesinf2_.id 
    left outer join
        colors colors3_ 
            on stores0_.colors_name=colors3_.name 
    left outer join
        materials materials4_ 
            on stores0_.materials_name=materials4_.name 
    left outer join
        style style5_ 
            on stores0_.style_name=style5_.name 
    left outer join
        sales_info_clothes salesinfoc6_ 
            on stores0_.sales_info_clothes_id=salesinfoc6_.id 
    left outer join
        sales_info_status salesinfos7_ 
            on stores0_.sales_info_status_id=salesinfos7_.id 
    left outer join
        sales_info_user salesinfou8_ 
            on stores0_.sales_info_user_id=salesinfou8_.id 
    where
        stores0_.id=?
Hibernate: 
    select
        stores0_.id as id1_12_0_,
        stores0_.created_date as created_2_12_0_,
        stores0_.modified_date as modified3_12_0_,
        stores0_.author_id as author_i9_12_0_,
        stores0_.clothes_info_id as clothes10_12_0_,
        stores0_.colors_name as colors_11_12_0_,
        stores0_.materials_name as materia12_12_0_,
        stores0_.style_name as style_n13_12_0_,
        stores0_.clothes_length as clothes_4_12_0_,
        stores0_.content as content5_12_0_,
        stores0_.price as price6_12_0_,
        stores0_.sales_info_clothes_id as sales_i14_12_0_,
        stores0_.sales_info_status_id as sales_i15_12_0_,
        stores0_.sales_info_user_id as sales_i16_12_0_,
        stores0_.status as status7_12_0_,
        stores0_.title as title8_12_0_,
        members1_.id as id1_6_1_,
        members1_.email as email2_6_1_,
        members1_.image as image3_6_1_,
        members1_.name as name4_6_1_,
        members1_.nickname as nickname5_6_1_,
        members1_.password as password6_6_1_,
        members1_.phone as phone7_6_1_,
        members1_.refresh_token as refresh_8_6_1_,
        members1_.role as role9_6_1_,
        clothesinf2_.id as id1_2_2_,
        clothesinf2_.categoryl as category2_2_2_,
        clothesinf2_.categorys as category3_2_2_,
        clothesinf2_.fit as fit4_2_2_,
        clothesinf2_.length as length5_2_2_,
        colors3_.id as id1_4_3_,
        colors3_.name as name2_4_3_,
        materials4_.id as id1_5_4_,
        materials4_.name as name2_5_4_,
        style5_.id as id1_14_5_,
        style5_.name as name2_14_5_,
        salesinfoc6_.id as id1_9_6_,
        salesinfoc6_.clothes_brand as clothes_2_9_6_,
        salesinfoc6_.clothes_color as clothes_3_9_6_,
        salesinfoc6_.clothes_gender as clothes_4_9_6_,
        salesinfoc6_.clothes_size as clothes_5_9_6_,
        salesinfos7_.id as id1_10_7_,
        salesinfos7_.status_score as status_s2_10_7_,
        salesinfos7_.status_tag as status_t3_10_7_,
        salesinfos7_.status_times as status_t4_10_7_,
        salesinfos7_.status_when2buy as status_w5_10_7_,
        salesinfos7_.transport as transpor6_10_7_,
        salesinfou8_.id as id1_11_8_,
        salesinfou8_.user_height as user_hei2_11_8_,
        salesinfou8_.user_size as user_siz3_11_8_,
        salesinfou8_.user_weight as user_wei4_11_8_ 
    from
        stores stores0_ 
    left outer join
        members members1_ 
            on stores0_.author_id=members1_.id 
    left outer join
        clothes_info clothesinf2_ 
            on stores0_.clothes_info_id=clothesinf2_.id 
    left outer join
        colors colors3_ 
            on stores0_.colors_name=colors3_.name 
    left outer join
        materials materials4_ 
            on stores0_.materials_name=materials4_.name 
    left outer join
        style style5_ 
            on stores0_.style_name=style5_.name 
    left outer join
        sales_info_clothes salesinfoc6_ 
            on stores0_.sales_info_clothes_id=salesinfoc6_.id 
    left outer join
        sales_info_status salesinfos7_ 
            on stores0_.sales_info_status_id=salesinfos7_.id 
    left outer join
        sales_info_user salesinfou8_ 
            on stores0_.sales_info_user_id=salesinfou8_.id 
    where
        stores0_.id=?
Hibernate: 
    select
        stores0_.id as id1_12_0_,
        stores0_.created_date as created_2_12_0_,
        stores0_.modified_date as modified3_12_0_,
        stores0_.author_id as author_i9_12_0_,
        stores0_.clothes_info_id as clothes10_12_0_,
        stores0_.colors_name as colors_11_12_0_,
        stores0_.materials_name as materia12_12_0_,
        stores0_.style_name as style_n13_12_0_,
        stores0_.clothes_length as clothes_4_12_0_,
        stores0_.content as content5_12_0_,
        stores0_.price as price6_12_0_,
        stores0_.sales_info_clothes_id as sales_i14_12_0_,
        stores0_.sales_info_status_id as sales_i15_12_0_,
        stores0_.sales_info_user_id as sales_i16_12_0_,
        stores0_.status as status7_12_0_,
        stores0_.title as title8_12_0_,
        members1_.id as id1_6_1_,
        members1_.email as email2_6_1_,
        members1_.image as image3_6_1_,
        members1_.name as name4_6_1_,
        members1_.nickname as nickname5_6_1_,
        members1_.password as password6_6_1_,
        members1_.phone as phone7_6_1_,
        members1_.refresh_token as refresh_8_6_1_,
        members1_.role as role9_6_1_,
        clothesinf2_.id as id1_2_2_,
        clothesinf2_.categoryl as category2_2_2_,
        clothesinf2_.categorys as category3_2_2_,
        clothesinf2_.fit as fit4_2_2_,
        clothesinf2_.length as length5_2_2_,
        colors3_.id as id1_4_3_,
        colors3_.name as name2_4_3_,
        materials4_.id as id1_5_4_,
        materials4_.name as name2_5_4_,
        style5_.id as id1_14_5_,
        style5_.name as name2_14_5_,
        salesinfoc6_.id as id1_9_6_,
        salesinfoc6_.clothes_brand as clothes_2_9_6_,
        salesinfoc6_.clothes_color as clothes_3_9_6_,
        salesinfoc6_.clothes_gender as clothes_4_9_6_,
        salesinfoc6_.clothes_size as clothes_5_9_6_,
        salesinfos7_.id as id1_10_7_,
        salesinfos7_.status_score as status_s2_10_7_,
        salesinfos7_.status_tag as status_t3_10_7_,
        salesinfos7_.status_times as status_t4_10_7_,
        salesinfos7_.status_when2buy as status_w5_10_7_,
        salesinfos7_.transport as transpor6_10_7_,
        salesinfou8_.id as id1_11_8_,
        salesinfou8_.user_height as user_hei2_11_8_,
        salesinfou8_.user_size as user_siz3_11_8_,
        salesinfou8_.user_weight as user_wei4_11_8_ 
    from
        stores stores0_ 
    left outer join
        members members1_ 
            on stores0_.author_id=members1_.id 
    left outer join
        clothes_info clothesinf2_ 
            on stores0_.clothes_info_id=clothesinf2_.id 
    left outer join
        colors colors3_ 
            on stores0_.colors_name=colors3_.name 
    left outer join
        materials materials4_ 
            on stores0_.materials_name=materials4_.name 
    left outer join
        style style5_ 
            on stores0_.style_name=style5_.name 
    left outer join
        sales_info_clothes salesinfoc6_ 
            on stores0_.sales_info_clothes_id=salesinfoc6_.id 
    left outer join
        sales_info_status salesinfos7_ 
            on stores0_.sales_info_status_id=salesinfos7_.id 
    left outer join
        sales_info_user salesinfou8_ 
            on stores0_.sales_info_user_id=salesinfou8_.id 
    where
        stores0_.id=?
Hibernate: 
    select
        stores0_.id as id1_12_0_,
        stores0_.created_date as created_2_12_0_,
        stores0_.modified_date as modified3_12_0_,
        stores0_.author_id as author_i9_12_0_,
        stores0_.clothes_info_id as clothes10_12_0_,
        stores0_.colors_name as colors_11_12_0_,
        stores0_.materials_name as materia12_12_0_,
        stores0_.style_name as style_n13_12_0_,
        stores0_.clothes_length as clothes_4_12_0_,
        stores0_.content as content5_12_0_,
        stores0_.price as price6_12_0_,
        stores0_.sales_info_clothes_id as sales_i14_12_0_,
        stores0_.sales_info_status_id as sales_i15_12_0_,
        stores0_.sales_info_user_id as sales_i16_12_0_,
        stores0_.status as status7_12_0_,
        stores0_.title as title8_12_0_,
        members1_.id as id1_6_1_,
        members1_.email as email2_6_1_,
        members1_.image as image3_6_1_,
        members1_.name as name4_6_1_,
        members1_.nickname as nickname5_6_1_,
        members1_.password as password6_6_1_,
        members1_.phone as phone7_6_1_,
        members1_.refresh_token as refresh_8_6_1_,
        members1_.role as role9_6_1_,
        clothesinf2_.id as id1_2_2_,
        clothesinf2_.categoryl as category2_2_2_,
        clothesinf2_.categorys as category3_2_2_,
        clothesinf2_.fit as fit4_2_2_,
        clothesinf2_.length as length5_2_2_,
        colors3_.id as id1_4_3_,
        colors3_.name as name2_4_3_,
        materials4_.id as id1_5_4_,
        materials4_.name as name2_5_4_,
        style5_.id as id1_14_5_,
        style5_.name as name2_14_5_,
        salesinfoc6_.id as id1_9_6_,
        salesinfoc6_.clothes_brand as clothes_2_9_6_,
        salesinfoc6_.clothes_color as clothes_3_9_6_,
        salesinfoc6_.clothes_gender as clothes_4_9_6_,
        salesinfoc6_.clothes_size as clothes_5_9_6_,
        salesinfos7_.id as id1_10_7_,
        salesinfos7_.status_score as status_s2_10_7_,
        salesinfos7_.status_tag as status_t3_10_7_,
        salesinfos7_.status_times as status_t4_10_7_,
        salesinfos7_.status_when2buy as status_w5_10_7_,
        salesinfos7_.transport as transpor6_10_7_,
        salesinfou8_.id as id1_11_8_,
        salesinfou8_.user_height as user_hei2_11_8_,
        salesinfou8_.user_size as user_siz3_11_8_,
        salesinfou8_.user_weight as user_wei4_11_8_ 
    from
        stores stores0_ 
    left outer join
        members members1_ 
            on stores0_.author_id=members1_.id 
    left outer join
        clothes_info clothesinf2_ 
            on stores0_.clothes_info_id=clothesinf2_.id 
    left outer join
        colors colors3_ 
            on stores0_.colors_name=colors3_.name 
    left outer join
        materials materials4_ 
            on stores0_.materials_name=materials4_.name 
    left outer join
        style style5_ 
            on stores0_.style_name=style5_.name 
    left outer join
        sales_info_clothes salesinfoc6_ 
            on stores0_.sales_info_clothes_id=salesinfoc6_.id 
    left outer join
        sales_info_status salesinfos7_ 
            on stores0_.sales_info_status_id=salesinfos7_.id 
    left outer join
        sales_info_user salesinfou8_ 
            on stores0_.sales_info_user_id=salesinfou8_.id 
    where
        stores0_.id=?
Hibernate: 
    select
        stores0_.id as id1_12_0_,
        stores0_.created_date as created_2_12_0_,
        stores0_.modified_date as modified3_12_0_,
        stores0_.author_id as author_i9_12_0_,
        stores0_.clothes_info_id as clothes10_12_0_,
        stores0_.colors_name as colors_11_12_0_,
        stores0_.materials_name as materia12_12_0_,
        stores0_.style_name as style_n13_12_0_,
        stores0_.clothes_length as clothes_4_12_0_,
        stores0_.content as content5_12_0_,
        stores0_.price as price6_12_0_,
        stores0_.sales_info_clothes_id as sales_i14_12_0_,
        stores0_.sales_info_status_id as sales_i15_12_0_,
        stores0_.sales_info_user_id as sales_i16_12_0_,
        stores0_.status as status7_12_0_,
        stores0_.title as title8_12_0_,
        members1_.id as id1_6_1_,
        members1_.email as email2_6_1_,
        members1_.image as image3_6_1_,
        members1_.name as name4_6_1_,
        members1_.nickname as nickname5_6_1_,
        members1_.password as password6_6_1_,
        members1_.phone as phone7_6_1_,
        members1_.refresh_token as refresh_8_6_1_,
        members1_.role as role9_6_1_,
        clothesinf2_.id as id1_2_2_,
        clothesinf2_.categoryl as category2_2_2_,
        clothesinf2_.categorys as category3_2_2_,
        clothesinf2_.fit as fit4_2_2_,
        clothesinf2_.length as length5_2_2_,
        colors3_.id as id1_4_3_,
        colors3_.name as name2_4_3_,
        materials4_.id as id1_5_4_,
        materials4_.name as name2_5_4_,
        style5_.id as id1_14_5_,
        style5_.name as name2_14_5_,
        salesinfoc6_.id as id1_9_6_,
        salesinfoc6_.clothes_brand as clothes_2_9_6_,
        salesinfoc6_.clothes_color as clothes_3_9_6_,
        salesinfoc6_.clothes_gender as clothes_4_9_6_,
        salesinfoc6_.clothes_size as clothes_5_9_6_,
        salesinfos7_.id as id1_10_7_,
        salesinfos7_.status_score as status_s2_10_7_,
        salesinfos7_.status_tag as status_t3_10_7_,
        salesinfos7_.status_times as status_t4_10_7_,
        salesinfos7_.status_when2buy as status_w5_10_7_,
        salesinfos7_.transport as transpor6_10_7_,
        salesinfou8_.id as id1_11_8_,
        salesinfou8_.user_height as user_hei2_11_8_,
        salesinfou8_.user_size as user_siz3_11_8_,
        salesinfou8_.user_weight as user_wei4_11_8_ 
    from
        stores stores0_ 
    left outer join
        members members1_ 
            on stores0_.author_id=members1_.id 
    left outer join
        clothes_info clothesinf2_ 
            on stores0_.clothes_info_id=clothesinf2_.id 
    left outer join
        colors colors3_ 
            on stores0_.colors_name=colors3_.name 
    left outer join
        materials materials4_ 
            on stores0_.materials_name=materials4_.name 
    left outer join
        style style5_ 
            on stores0_.style_name=style5_.name 
    left outer join
        sales_info_clothes salesinfoc6_ 
            on stores0_.sales_info_clothes_id=salesinfoc6_.id 
    left outer join
        sales_info_status salesinfos7_ 
            on stores0_.sales_info_status_id=salesinfos7_.id 
    left outer join
        sales_info_user salesinfou8_ 
            on stores0_.sales_info_user_id=salesinfou8_.id 
    where
        stores0_.id=?
Hibernate: 
    select
        stores0_.id as id1_12_0_,
        stores0_.created_date as created_2_12_0_,
        stores0_.modified_date as modified3_12_0_,
        stores0_.author_id as author_i9_12_0_,
        stores0_.clothes_info_id as clothes10_12_0_,
        stores0_.colors_name as colors_11_12_0_,
        stores0_.materials_name as materia12_12_0_,
        stores0_.style_name as style_n13_12_0_,
        stores0_.clothes_length as clothes_4_12_0_,
        stores0_.content as content5_12_0_,
        stores0_.price as price6_12_0_,
        stores0_.sales_info_clothes_id as sales_i14_12_0_,
        stores0_.sales_info_status_id as sales_i15_12_0_,
        stores0_.sales_info_user_id as sales_i16_12_0_,
        stores0_.status as status7_12_0_,
        stores0_.title as title8_12_0_,
        members1_.id as id1_6_1_,
        members1_.email as email2_6_1_,
        members1_.image as image3_6_1_,
        members1_.name as name4_6_1_,
        members1_.nickname as nickname5_6_1_,
        members1_.password as password6_6_1_,
        members1_.phone as phone7_6_1_,
        members1_.refresh_token as refresh_8_6_1_,
        members1_.role as role9_6_1_,
        clothesinf2_.id as id1_2_2_,
        clothesinf2_.categoryl as category2_2_2_,
        clothesinf2_.categorys as category3_2_2_,
        clothesinf2_.fit as fit4_2_2_,
        clothesinf2_.length as length5_2_2_,
        colors3_.id as id1_4_3_,
        colors3_.name as name2_4_3_,
        materials4_.id as id1_5_4_,
        materials4_.name as name2_5_4_,
        style5_.id as id1_14_5_,
        style5_.name as name2_14_5_,
        salesinfoc6_.id as id1_9_6_,
        salesinfoc6_.clothes_brand as clothes_2_9_6_,
        salesinfoc6_.clothes_color as clothes_3_9_6_,
        salesinfoc6_.clothes_gender as clothes_4_9_6_,
        salesinfoc6_.clothes_size as clothes_5_9_6_,
        salesinfos7_.id as id1_10_7_,
        salesinfos7_.status_score as status_s2_10_7_,
        salesinfos7_.status_tag as status_t3_10_7_,
        salesinfos7_.status_times as status_t4_10_7_,
        salesinfos7_.status_when2buy as status_w5_10_7_,
        salesinfos7_.transport as transpor6_10_7_,
        salesinfou8_.id as id1_11_8_,
        salesinfou8_.user_height as user_hei2_11_8_,
        salesinfou8_.user_size as user_siz3_11_8_,
        salesinfou8_.user_weight as user_wei4_11_8_ 
    from
        stores stores0_ 
    left outer join
        members members1_ 
            on stores0_.author_id=members1_.id 
    left outer join
        clothes_info clothesinf2_ 
            on stores0_.clothes_info_id=clothesinf2_.id 
    left outer join
        colors colors3_ 
            on stores0_.colors_name=colors3_.name 
    left outer join
        materials materials4_ 
            on stores0_.materials_name=materials4_.name 
    left outer join
        style style5_ 
            on stores0_.style_name=style5_.name 
    left outer join
        sales_info_clothes salesinfoc6_ 
            on stores0_.sales_info_clothes_id=salesinfoc6_.id 
    left outer join
        sales_info_status salesinfos7_ 
            on stores0_.sales_info_status_id=salesinfos7_.id 
    left outer join
        sales_info_user salesinfou8_ 
            on stores0_.sales_info_user_id=salesinfou8_.id 
    where
        stores0_.id=?
Hibernate: 
    select
        stores0_.id as id1_12_0_,
        stores0_.created_date as created_2_12_0_,
        stores0_.modified_date as modified3_12_0_,
        stores0_.author_id as author_i9_12_0_,
        stores0_.clothes_info_id as clothes10_12_0_,
        stores0_.colors_name as colors_11_12_0_,
        stores0_.materials_name as materia12_12_0_,
        stores0_.style_name as style_n13_12_0_,
        stores0_.clothes_length as clothes_4_12_0_,
        stores0_.content as content5_12_0_,
        stores0_.price as price6_12_0_,
        stores0_.sales_info_clothes_id as sales_i14_12_0_,
        stores0_.sales_info_status_id as sales_i15_12_0_,
        stores0_.sales_info_user_id as sales_i16_12_0_,
        stores0_.status as status7_12_0_,
        stores0_.title as title8_12_0_,
        members1_.id as id1_6_1_,
        members1_.email as email2_6_1_,
        members1_.image as image3_6_1_,
        members1_.name as name4_6_1_,
        members1_.nickname as nickname5_6_1_,
        members1_.password as password6_6_1_,
        members1_.phone as phone7_6_1_,
        members1_.refresh_token as refresh_8_6_1_,
        members1_.role as role9_6_1_,
        clothesinf2_.id as id1_2_2_,
        clothesinf2_.categoryl as category2_2_2_,
        clothesinf2_.categorys as category3_2_2_,
        clothesinf2_.fit as fit4_2_2_,
        clothesinf2_.length as length5_2_2_,
        colors3_.id as id1_4_3_,
        colors3_.name as name2_4_3_,
        materials4_.id as id1_5_4_,
        materials4_.name as name2_5_4_,
        style5_.id as id1_14_5_,
        style5_.name as name2_14_5_,
        salesinfoc6_.id as id1_9_6_,
        salesinfoc6_.clothes_brand as clothes_2_9_6_,
        salesinfoc6_.clothes_color as clothes_3_9_6_,
        salesinfoc6_.clothes_gender as clothes_4_9_6_,
        salesinfoc6_.clothes_size as clothes_5_9_6_,
        salesinfos7_.id as id1_10_7_,
        salesinfos7_.status_score as status_s2_10_7_,
        salesinfos7_.status_tag as status_t3_10_7_,
        salesinfos7_.status_times as status_t4_10_7_,
        salesinfos7_.status_when2buy as status_w5_10_7_,
        salesinfos7_.transport as transpor6_10_7_,
        salesinfou8_.id as id1_11_8_,
        salesinfou8_.user_height as user_hei2_11_8_,
        salesinfou8_.user_size as user_siz3_11_8_,
        salesinfou8_.user_weight as user_wei4_11_8_ 
    from
        stores stores0_ 
    left outer join
        members members1_ 
            on stores0_.author_id=members1_.id 
    left outer join
        clothes_info clothesinf2_ 
            on stores0_.clothes_info_id=clothesinf2_.id 
    left outer join
        colors colors3_ 
            on stores0_.colors_name=colors3_.name 
    left outer join
        materials materials4_ 
            on stores0_.materials_name=materials4_.name 
    left outer join
        style style5_ 
            on stores0_.style_name=style5_.name 
    left outer join
        sales_info_clothes salesinfoc6_ 
            on stores0_.sales_info_clothes_id=salesinfoc6_.id 
    left outer join
        sales_info_status salesinfos7_ 
            on stores0_.sales_info_status_id=salesinfos7_.id 
    left outer join
        sales_info_user salesinfou8_ 
            on stores0_.sales_info_user_id=salesinfou8_.id 
    where
        stores0_.id=?
Hibernate: 
    select
        stores0_.id as id1_12_0_,
        stores0_.created_date as created_2_12_0_,
        stores0_.modified_date as modified3_12_0_,
        stores0_.author_id as author_i9_12_0_,
        stores0_.clothes_info_id as clothes10_12_0_,
        stores0_.colors_name as colors_11_12_0_,
        stores0_.materials_name as materia12_12_0_,
        stores0_.style_name as style_n13_12_0_,
        stores0_.clothes_length as clothes_4_12_0_,
        stores0_.content as content5_12_0_,
        stores0_.price as price6_12_0_,
        stores0_.sales_info_clothes_id as sales_i14_12_0_,
        stores0_.sales_info_status_id as sales_i15_12_0_,
        stores0_.sales_info_user_id as sales_i16_12_0_,
        stores0_.status as status7_12_0_,
        stores0_.title as title8_12_0_,
        members1_.id as id1_6_1_,
        members1_.email as email2_6_1_,
        members1_.image as image3_6_1_,
        members1_.name as name4_6_1_,
        members1_.nickname as nickname5_6_1_,
        members1_.password as password6_6_1_,
        members1_.phone as phone7_6_1_,
        members1_.refresh_token as refresh_8_6_1_,
        members1_.role as role9_6_1_,
        clothesinf2_.id as id1_2_2_,
        clothesinf2_.categoryl as category2_2_2_,
        clothesinf2_.categorys as category3_2_2_,
        clothesinf2_.fit as fit4_2_2_,
        clothesinf2_.length as length5_2_2_,
        colors3_.id as id1_4_3_,
        colors3_.name as name2_4_3_,
        materials4_.id as id1_5_4_,
        materials4_.name as name2_5_4_,
        style5_.id as id1_14_5_,
        style5_.name as name2_14_5_,
        salesinfoc6_.id as id1_9_6_,
        salesinfoc6_.clothes_brand as clothes_2_9_6_,
        salesinfoc6_.clothes_color as clothes_3_9_6_,
        salesinfoc6_.clothes_gender as clothes_4_9_6_,
        salesinfoc6_.clothes_size as clothes_5_9_6_,
        salesinfos7_.id as id1_10_7_,
        salesinfos7_.status_score as status_s2_10_7_,
        salesinfos7_.status_tag as status_t3_10_7_,
        salesinfos7_.status_times as status_t4_10_7_,
        salesinfos7_.status_when2buy as status_w5_10_7_,
        salesinfos7_.transport as transpor6_10_7_,
        salesinfou8_.id as id1_11_8_,
        salesinfou8_.user_height as user_hei2_11_8_,
        salesinfou8_.user_size as user_siz3_11_8_,
        salesinfou8_.user_weight as user_wei4_11_8_ 
    from
        stores stores0_ 
    left outer join
        members members1_ 
            on stores0_.author_id=members1_.id 
    left outer join
        clothes_info clothesinf2_ 
            on stores0_.clothes_info_id=clothesinf2_.id 
    left outer join
        colors colors3_ 
            on stores0_.colors_name=colors3_.name 
    left outer join
        materials materials4_ 
            on stores0_.materials_name=materials4_.name 
    left outer join
        style style5_ 
            on stores0_.style_name=style5_.name 
    left outer join
        sales_info_clothes salesinfoc6_ 
            on stores0_.sales_info_clothes_id=salesinfoc6_.id 
    left outer join
        sales_info_status salesinfos7_ 
            on stores0_.sales_info_status_id=salesinfos7_.id 
    left outer join
        sales_info_user salesinfou8_ 
            on stores0_.sales_info_user_id=salesinfou8_.id 
    where
        stores0_.id=?
Hibernate: 
    select
        stores0_.id as id1_12_0_,
        stores0_.created_date as created_2_12_0_,
        stores0_.modified_date as modified3_12_0_,
        stores0_.author_id as author_i9_12_0_,
        stores0_.clothes_info_id as clothes10_12_0_,
        stores0_.colors_name as colors_11_12_0_,
        stores0_.materials_name as materia12_12_0_,
        stores0_.style_name as style_n13_12_0_,
        stores0_.clothes_length as clothes_4_12_0_,
        stores0_.content as content5_12_0_,
        stores0_.price as price6_12_0_,
        stores0_.sales_info_clothes_id as sales_i14_12_0_,
        stores0_.sales_info_status_id as sales_i15_12_0_,
        stores0_.sales_info_user_id as sales_i16_12_0_,
        stores0_.status as status7_12_0_,
        stores0_.title as title8_12_0_,
        members1_.id as id1_6_1_,
        members1_.email as email2_6_1_,
        members1_.image as image3_6_1_,
        members1_.name as name4_6_1_,
        members1_.nickname as nickname5_6_1_,
        members1_.password as password6_6_1_,
        members1_.phone as phone7_6_1_,
        members1_.refresh_token as refresh_8_6_1_,
        members1_.role as role9_6_1_,
        clothesinf2_.id as id1_2_2_,
        clothesinf2_.categoryl as category2_2_2_,
        clothesinf2_.categorys as category3_2_2_,
        clothesinf2_.fit as fit4_2_2_,
        clothesinf2_.length as length5_2_2_,
        colors3_.id as id1_4_3_,
        colors3_.name as name2_4_3_,
        materials4_.id as id1_5_4_,
        materials4_.name as name2_5_4_,
        style5_.id as id1_14_5_,
        style5_.name as name2_14_5_,
        salesinfoc6_.id as id1_9_6_,
        salesinfoc6_.clothes_brand as clothes_2_9_6_,
        salesinfoc6_.clothes_color as clothes_3_9_6_,
        salesinfoc6_.clothes_gender as clothes_4_9_6_,
        salesinfoc6_.clothes_size as clothes_5_9_6_,
        salesinfos7_.id as id1_10_7_,
        salesinfos7_.status_score as status_s2_10_7_,
        salesinfos7_.status_tag as status_t3_10_7_,
        salesinfos7_.status_times as status_t4_10_7_,
        salesinfos7_.status_when2buy as status_w5_10_7_,
        salesinfos7_.transport as transpor6_10_7_,
        salesinfou8_.id as id1_11_8_,
        salesinfou8_.user_height as user_hei2_11_8_,
        salesinfou8_.user_size as user_siz3_11_8_,
        salesinfou8_.user_weight as user_wei4_11_8_ 
    from
        stores stores0_ 
    left outer join
        members members1_ 
            on stores0_.author_id=members1_.id 
    left outer join
        clothes_info clothesinf2_ 
            on stores0_.clothes_info_id=clothesinf2_.id 
    left outer join
        colors colors3_ 
            on stores0_.colors_name=colors3_.name 
    left outer join
        materials materials4_ 
            on stores0_.materials_name=materials4_.name 
    left outer join
        style style5_ 
            on stores0_.style_name=style5_.name 
    left outer join
        sales_info_clothes salesinfoc6_ 
            on stores0_.sales_info_clothes_id=salesinfoc6_.id 
    left outer join
        sales_info_status salesinfos7_ 
            on stores0_.sales_info_status_id=salesinfos7_.id 
    left outer join
        sales_info_user salesinfou8_ 
            on stores0_.sales_info_user_id=salesinfou8_.id 
    where
        stores0_.id=?
Hibernate: 
    select
        stores0_.id as id1_12_0_,
        stores0_.created_date as created_2_12_0_,
        stores0_.modified_date as modified3_12_0_,
        stores0_.author_id as author_i9_12_0_,
        stores0_.clothes_info_id as clothes10_12_0_,
        stores0_.colors_name as colors_11_12_0_,
        stores0_.materials_name as materia12_12_0_,
        stores0_.style_name as style_n13_12_0_,
        stores0_.clothes_length as clothes_4_12_0_,
        stores0_.content as content5_12_0_,
        stores0_.price as price6_12_0_,
        stores0_.sales_info_clothes_id as sales_i14_12_0_,
        stores0_.sales_info_status_id as sales_i15_12_0_,
        stores0_.sales_info_user_id as sales_i16_12_0_,
        stores0_.status as status7_12_0_,
        stores0_.title as title8_12_0_,
        members1_.id as id1_6_1_,
        members1_.email as email2_6_1_,
        members1_.image as image3_6_1_,
        members1_.name as name4_6_1_,
        members1_.nickname as nickname5_6_1_,
        members1_.password as password6_6_1_,
        members1_.phone as phone7_6_1_,
        members1_.refresh_token as refresh_8_6_1_,
        members1_.role as role9_6_1_,
        clothesinf2_.id as id1_2_2_,
        clothesinf2_.categoryl as category2_2_2_,
        clothesinf2_.categorys as category3_2_2_,
        clothesinf2_.fit as fit4_2_2_,
        clothesinf2_.length as length5_2_2_,
        colors3_.id as id1_4_3_,
        colors3_.name as name2_4_3_,
        materials4_.id as id1_5_4_,
        materials4_.name as name2_5_4_,
        style5_.id as id1_14_5_,
        style5_.name as name2_14_5_,
        salesinfoc6_.id as id1_9_6_,
        salesinfoc6_.clothes_brand as clothes_2_9_6_,
        salesinfoc6_.clothes_color as clothes_3_9_6_,
        salesinfoc6_.clothes_gender as clothes_4_9_6_,
        salesinfoc6_.clothes_size as clothes_5_9_6_,
        salesinfos7_.id as id1_10_7_,
        salesinfos7_.status_score as status_s2_10_7_,
        salesinfos7_.status_tag as status_t3_10_7_,
        salesinfos7_.status_times as status_t4_10_7_,
        salesinfos7_.status_when2buy as status_w5_10_7_,
        salesinfos7_.transport as transpor6_10_7_,
        salesinfou8_.id as id1_11_8_,
        salesinfou8_.user_height as user_hei2_11_8_,
        salesinfou8_.user_size as user_siz3_11_8_,
        salesinfou8_.user_weight as user_wei4_11_8_ 
    from
        stores stores0_ 
    left outer join
        members members1_ 
            on stores0_.author_id=members1_.id 
    left outer join
        clothes_info clothesinf2_ 
            on stores0_.clothes_info_id=clothesinf2_.id 
    left outer join
        colors colors3_ 
            on stores0_.colors_name=colors3_.name 
    left outer join
        materials materials4_ 
            on stores0_.materials_name=materials4_.name 
    left outer join
        style style5_ 
            on stores0_.style_name=style5_.name 
    left outer join
        sales_info_clothes salesinfoc6_ 
            on stores0_.sales_info_clothes_id=salesinfoc6_.id 
    left outer join
        sales_info_status salesinfos7_ 
            on stores0_.sales_info_status_id=salesinfos7_.id 
    left outer join
        sales_info_user salesinfou8_ 
            on stores0_.sales_info_user_id=salesinfou8_.id 
    where
        stores0_.id=?
2022-11-10 12:34:06.327  INFO 9968 --- [    Test worker] o.a.c.c.C.[Tomcat].[localhost].[/]       : Initializing Spring TestDispatcherServlet ''
2022-11-10 12:34:06.327  INFO 9968 --- [    Test worker] o.s.t.web.servlet.TestDispatcherServlet  : Initializing Servlet ''
2022-11-10 12:34:06.329  INFO 9968 --- [    Test worker] o.s.t.web.servlet.TestDispatcherServlet  : Completed initialization in 2 ms
gunsong2@naver.com
Hibernate: 
    select
        members0_.id as id1_6_,
        members0_.email as email2_6_,
        members0_.image as image3_6_,
        members0_.name as name4_6_,
        members0_.nickname as nickname5_6_,
        members0_.password as password6_6_,
        members0_.phone as phone7_6_,
        members0_.refresh_token as refresh_8_6_,
        members0_.role as role9_6_ 
    from
        members members0_ 
    where
        members0_.email=?
Hibernate: 
    select
        style0_.id as id1_14_,
        style0_.name as name2_14_ 
    from
        style style0_ 
    where
        style0_.name=?
Hibernate: 
    select
        materials0_.id as id1_5_,
        materials0_.name as name2_5_ 
    from
        materials materials0_ 
    where
        materials0_.name=?
Hibernate: 
    select
        colors0_.id as id1_4_,
        colors0_.name as name2_4_ 
    from
        colors colors0_ 
    where
        colors0_.name=?
Hibernate: 
    select
        clothesinf0_.id as id1_2_,
        clothesinf0_.categoryl as category2_2_,
        clothesinf0_.categorys as category3_2_,
        clothesinf0_.fit as fit4_2_,
        clothesinf0_.length as length5_2_ 
    from
        clothes_info clothesinf0_ 
    where
        clothesinf0_.categoryl=? 
        and clothesinf0_.categorys=? 
        and clothesinf0_.length=? 
        and clothesinf0_.fit=?
Hibernate: 
    select
        salesinfoc0_.id as id1_9_,
        salesinfoc0_.clothes_brand as clothes_2_9_,
        salesinfoc0_.clothes_color as clothes_3_9_,
        salesinfoc0_.clothes_gender as clothes_4_9_,
        salesinfoc0_.clothes_size as clothes_5_9_ 
    from
        sales_info_clothes salesinfoc0_ 
    where
        salesinfoc0_.clothes_brand=? 
        and salesinfoc0_.clothes_gender=? 
        and salesinfoc0_.clothes_size=? 
        and salesinfoc0_.clothes_color=?
Hibernate: 
    select
        salesinfos0_.id as id1_10_,
        salesinfos0_.status_score as status_s2_10_,
        salesinfos0_.status_tag as status_t3_10_,
        salesinfos0_.status_times as status_t4_10_,
        salesinfos0_.status_when2buy as status_w5_10_,
        salesinfos0_.transport as transpor6_10_ 
    from
        sales_info_status salesinfos0_ 
    where
        salesinfos0_.status_tag=? 
        and salesinfos0_.status_score=? 
        and salesinfos0_.status_times=? 
        and salesinfos0_.status_when2buy=? 
        and salesinfos0_.transport=?
Hibernate: 
    select
        salesinfou0_.id as id1_11_,
        salesinfou0_.user_height as user_hei2_11_,
        salesinfou0_.user_size as user_siz3_11_,
        salesinfou0_.user_weight as user_wei4_11_ 
    from
        sales_info_user salesinfou0_ 
    where
        salesinfou0_.user_size=? 
        and salesinfou0_.user_weight=? 
        and salesinfou0_.user_height=?
Hibernate: 
    insert 
    into
        clothes_image
        (closets_post_id, path, stores_post_id, type) 
    values
        (?, ?, ?, ?)
Hibernate: 
    insert 
    into
        clothes_image
        (closets_post_id, path, stores_post_id, type) 
    values
        (?, ?, ?, ?)
Hibernate: 
    insert 
    into
        stores
        (created_date, modified_date, author_id, clothes_info_id, colors_name, materials_name, style_name, clothes_length, content, price, sales_info_clothes_id, sales_info_status_id, sales_info_user_id, status, title) 
    values
        (?, ?, ?, ?, ?, ?, ?, ?, ?, ?, ?, ?, ?, ?, ?)
Hibernate: 
    update
        clothes_image 
    set
        closets_post_id=?,
        path=?,
        stores_post_id=?,
        type=? 
    where
        id=?
Hibernate: 
    update
        clothes_image 
    set
        closets_post_id=?,
        path=?,
        stores_post_id=?,
        type=? 
    where
        id=?
gunsong2@naver.com
Hibernate: 
    select
        members0_.id as id1_6_,
        members0_.email as email2_6_,
        members0_.image as image3_6_,
        members0_.name as name4_6_,
        members0_.nickname as nickname5_6_,
        members0_.password as password6_6_,
        members0_.phone as phone7_6_,
        members0_.refresh_token as refresh_8_6_,
        members0_.role as role9_6_ 
    from
        members members0_ 
    where
        members0_.email=?
Hibernate: 
    select
        style0_.id as id1_14_,
        style0_.name as name2_14_ 
    from
        style style0_ 
    where
        style0_.name=?
Hibernate: 
    select
        materials0_.id as id1_5_,
        materials0_.name as name2_5_ 
    from
        materials materials0_ 
    where
        materials0_.name=?
Hibernate: 
    select
        colors0_.id as id1_4_,
        colors0_.name as name2_4_ 
    from
        colors colors0_ 
    where
        colors0_.name=?
Hibernate: 
    select
        clothesinf0_.id as id1_2_,
        clothesinf0_.categoryl as category2_2_,
        clothesinf0_.categorys as category3_2_,
        clothesinf0_.fit as fit4_2_,
        clothesinf0_.length as length5_2_ 
    from
        clothes_info clothesinf0_ 
    where
        clothesinf0_.categoryl=? 
        and clothesinf0_.categorys=? 
        and clothesinf0_.length=? 
        and clothesinf0_.fit=?
Hibernate: 
    select
        salesinfoc0_.id as id1_9_,
        salesinfoc0_.clothes_brand as clothes_2_9_,
        salesinfoc0_.clothes_color as clothes_3_9_,
        salesinfoc0_.clothes_gender as clothes_4_9_,
        salesinfoc0_.clothes_size as clothes_5_9_ 
    from
        sales_info_clothes salesinfoc0_ 
    where
        salesinfoc0_.clothes_brand=? 
        and salesinfoc0_.clothes_gender=? 
        and salesinfoc0_.clothes_size=? 
        and salesinfoc0_.clothes_color=?
Hibernate: 
    select
        salesinfos0_.id as id1_10_,
        salesinfos0_.status_score as status_s2_10_,
        salesinfos0_.status_tag as status_t3_10_,
        salesinfos0_.status_times as status_t4_10_,
        salesinfos0_.status_when2buy as status_w5_10_,
        salesinfos0_.transport as transpor6_10_ 
    from
        sales_info_status salesinfos0_ 
    where
        salesinfos0_.status_tag=? 
        and salesinfos0_.status_score=? 
        and salesinfos0_.status_times=? 
        and salesinfos0_.status_when2buy=? 
        and salesinfos0_.transport=?
Hibernate: 
    select
        salesinfou0_.id as id1_11_,
        salesinfou0_.user_height as user_hei2_11_,
        salesinfou0_.user_size as user_siz3_11_,
        salesinfou0_.user_weight as user_wei4_11_ 
    from
        sales_info_user salesinfou0_ 
    where
        salesinfou0_.user_size=? 
        and salesinfou0_.user_weight=? 
        and salesinfou0_.user_height=?
Hibernate: 
    insert 
    into
        clothes_image
        (closets_post_id, path, stores_post_id, type) 
    values
        (?, ?, ?, ?)
Hibernate: 
    insert 
    into
        clothes_image
        (closets_post_id, path, stores_post_id, type) 
    values
        (?, ?, ?, ?)
Hibernate: 
    insert 
    into
        stores
        (created_date, modified_date, author_id, clothes_info_id, colors_name, materials_name, style_name, clothes_length, content, price, sales_info_clothes_id, sales_info_status_id, sales_info_user_id, status, title) 
    values
        (?, ?, ?, ?, ?, ?, ?, ?, ?, ?, ?, ?, ?, ?, ?)
Hibernate: 
    update
        clothes_image 
    set
        closets_post_id=?,
        path=?,
        stores_post_id=?,
        type=? 
    where
        id=?
Hibernate: 
    update
        clothes_image 
    set
        closets_post_id=?,
        path=?,
        stores_post_id=?,
        type=? 
    where
        id=?
gunsong2@naver.com
Hibernate: 
    select
        members0_.id as id1_6_,
        members0_.email as email2_6_,
        members0_.image as image3_6_,
        members0_.name as name4_6_,
        members0_.nickname as nickname5_6_,
        members0_.password as password6_6_,
        members0_.phone as phone7_6_,
        members0_.refresh_token as refresh_8_6_,
        members0_.role as role9_6_ 
    from
        members members0_ 
    where
        members0_.email=?
Hibernate: 
    select
        style0_.id as id1_14_,
        style0_.name as name2_14_ 
    from
        style style0_ 
    where
        style0_.name=?
Hibernate: 
    select
        materials0_.id as id1_5_,
        materials0_.name as name2_5_ 
    from
        materials materials0_ 
    where
        materials0_.name=?
Hibernate: 
    select
        colors0_.id as id1_4_,
        colors0_.name as name2_4_ 
    from
        colors colors0_ 
    where
        colors0_.name=?
Hibernate: 
    select
        clothesinf0_.id as id1_2_,
        clothesinf0_.categoryl as category2_2_,
        clothesinf0_.categorys as category3_2_,
        clothesinf0_.fit as fit4_2_,
        clothesinf0_.length as length5_2_ 
    from
        clothes_info clothesinf0_ 
    where
        clothesinf0_.categoryl=? 
        and clothesinf0_.categorys=? 
        and clothesinf0_.length=? 
        and clothesinf0_.fit=?
Hibernate: 
    select
        salesinfoc0_.id as id1_9_,
        salesinfoc0_.clothes_brand as clothes_2_9_,
        salesinfoc0_.clothes_color as clothes_3_9_,
        salesinfoc0_.clothes_gender as clothes_4_9_,
        salesinfoc0_.clothes_size as clothes_5_9_ 
    from
        sales_info_clothes salesinfoc0_ 
    where
        salesinfoc0_.clothes_brand=? 
        and salesinfoc0_.clothes_gender=? 
        and salesinfoc0_.clothes_size=? 
        and salesinfoc0_.clothes_color=?
Hibernate: 
    select
        salesinfos0_.id as id1_10_,
        salesinfos0_.status_score as status_s2_10_,
        salesinfos0_.status_tag as status_t3_10_,
        salesinfos0_.status_times as status_t4_10_,
        salesinfos0_.status_when2buy as status_w5_10_,
        salesinfos0_.transport as transpor6_10_ 
    from
        sales_info_status salesinfos0_ 
    where
        salesinfos0_.status_tag=? 
        and salesinfos0_.status_score=? 
        and salesinfos0_.status_times=? 
        and salesinfos0_.status_when2buy=? 
        and salesinfos0_.transport=?
Hibernate: 
    select
        salesinfou0_.id as id1_11_,
        salesinfou0_.user_height as user_hei2_11_,
        salesinfou0_.user_size as user_siz3_11_,
        salesinfou0_.user_weight as user_wei4_11_ 
    from
        sales_info_user salesinfou0_ 
    where
        salesinfou0_.user_size=? 
        and salesinfou0_.user_weight=? 
        and salesinfou0_.user_height=?
Hibernate: 
    insert 
    into
        clothes_image
        (closets_post_id, path, stores_post_id, type) 
    values
        (?, ?, ?, ?)
Hibernate: 
    insert 
    into
        clothes_image
        (closets_post_id, path, stores_post_id, type) 
    values
        (?, ?, ?, ?)
Hibernate: 
    insert 
    into
        stores
        (created_date, modified_date, author_id, clothes_info_id, colors_name, materials_name, style_name, clothes_length, content, price, sales_info_clothes_id, sales_info_status_id, sales_info_user_id, status, title) 
    values
        (?, ?, ?, ?, ?, ?, ?, ?, ?, ?, ?, ?, ?, ?, ?)
Hibernate: 
    update
        clothes_image 
    set
        closets_post_id=?,
        path=?,
        stores_post_id=?,
        type=? 
    where
        id=?
Hibernate: 
    update
        clothes_image 
    set
        closets_post_id=?,
        path=?,
        stores_post_id=?,
        type=? 
    where
        id=?
gunsong2@naver.com
Hibernate: 
    select
        members0_.id as id1_6_,
        members0_.email as email2_6_,
        members0_.image as image3_6_,
        members0_.name as name4_6_,
        members0_.nickname as nickname5_6_,
        members0_.password as password6_6_,
        members0_.phone as phone7_6_,
        members0_.refresh_token as refresh_8_6_,
        members0_.role as role9_6_ 
    from
        members members0_ 
    where
        members0_.email=?
Hibernate: 
    select
        style0_.id as id1_14_,
        style0_.name as name2_14_ 
    from
        style style0_ 
    where
        style0_.name=?
Hibernate: 
    select
        materials0_.id as id1_5_,
        materials0_.name as name2_5_ 
    from
        materials materials0_ 
    where
        materials0_.name=?
Hibernate: 
    select
        colors0_.id as id1_4_,
        colors0_.name as name2_4_ 
    from
        colors colors0_ 
    where
        colors0_.name=?
Hibernate: 
    select
        clothesinf0_.id as id1_2_,
        clothesinf0_.categoryl as category2_2_,
        clothesinf0_.categorys as category3_2_,
        clothesinf0_.fit as fit4_2_,
        clothesinf0_.length as length5_2_ 
    from
        clothes_info clothesinf0_ 
    where
        clothesinf0_.categoryl=? 
        and clothesinf0_.categorys=? 
        and clothesinf0_.length=? 
        and clothesinf0_.fit=?
Hibernate: 
    select
        salesinfoc0_.id as id1_9_,
        salesinfoc0_.clothes_brand as clothes_2_9_,
        salesinfoc0_.clothes_color as clothes_3_9_,
        salesinfoc0_.clothes_gender as clothes_4_9_,
        salesinfoc0_.clothes_size as clothes_5_9_ 
    from
        sales_info_clothes salesinfoc0_ 
    where
        salesinfoc0_.clothes_brand=? 
        and salesinfoc0_.clothes_gender=? 
        and salesinfoc0_.clothes_size=? 
        and salesinfoc0_.clothes_color=?
Hibernate: 
    select
        salesinfos0_.id as id1_10_,
        salesinfos0_.status_score as status_s2_10_,
        salesinfos0_.status_tag as status_t3_10_,
        salesinfos0_.status_times as status_t4_10_,
        salesinfos0_.status_when2buy as status_w5_10_,
        salesinfos0_.transport as transpor6_10_ 
    from
        sales_info_status salesinfos0_ 
    where
        salesinfos0_.status_tag=? 
        and salesinfos0_.status_score=? 
        and salesinfos0_.status_times=? 
        and salesinfos0_.status_when2buy=? 
        and salesinfos0_.transport=?
Hibernate: 
    select
        salesinfou0_.id as id1_11_,
        salesinfou0_.user_height as user_hei2_11_,
        salesinfou0_.user_size as user_siz3_11_,
        salesinfou0_.user_weight as user_wei4_11_ 
    from
        sales_info_user salesinfou0_ 
    where
        salesinfou0_.user_size=? 
        and salesinfou0_.user_weight=? 
        and salesinfou0_.user_height=?
Hibernate: 
    insert 
    into
        clothes_image
        (closets_post_id, path, stores_post_id, type) 
    values
        (?, ?, ?, ?)
Hibernate: 
    insert 
    into
        clothes_image
        (closets_post_id, path, stores_post_id, type) 
    values
        (?, ?, ?, ?)
Hibernate: 
    insert 
    into
        stores
        (created_date, modified_date, author_id, clothes_info_id, colors_name, materials_name, style_name, clothes_length, content, price, sales_info_clothes_id, sales_info_status_id, sales_info_user_id, status, title) 
    values
        (?, ?, ?, ?, ?, ?, ?, ?, ?, ?, ?, ?, ?, ?, ?)
Hibernate: 
    update
        clothes_image 
    set
        closets_post_id=?,
        path=?,
        stores_post_id=?,
        type=? 
    where
        id=?
Hibernate: 
    update
        clothes_image 
    set
        closets_post_id=?,
        path=?,
        stores_post_id=?,
        type=? 
    where
        id=?
gunsong2@naver.com
Hibernate: 
    select
        members0_.id as id1_6_,
        members0_.email as email2_6_,
        members0_.image as image3_6_,
        members0_.name as name4_6_,
        members0_.nickname as nickname5_6_,
        members0_.password as password6_6_,
        members0_.phone as phone7_6_,
        members0_.refresh_token as refresh_8_6_,
        members0_.role as role9_6_ 
    from
        members members0_ 
    where
        members0_.email=?
Hibernate: 
    select
        style0_.id as id1_14_,
        style0_.name as name2_14_ 
    from
        style style0_ 
    where
        style0_.name=?
Hibernate: 
    select
        materials0_.id as id1_5_,
        materials0_.name as name2_5_ 
    from
        materials materials0_ 
    where
        materials0_.name=?
Hibernate: 
    select
        colors0_.id as id1_4_,
        colors0_.name as name2_4_ 
    from
        colors colors0_ 
    where
        colors0_.name=?
Hibernate: 
    select
        clothesinf0_.id as id1_2_,
        clothesinf0_.categoryl as category2_2_,
        clothesinf0_.categorys as category3_2_,
        clothesinf0_.fit as fit4_2_,
        clothesinf0_.length as length5_2_ 
    from
        clothes_info clothesinf0_ 
    where
        clothesinf0_.categoryl=? 
        and clothesinf0_.categorys=? 
        and clothesinf0_.length=? 
        and clothesinf0_.fit=?
Hibernate: 
    select
        salesinfoc0_.id as id1_9_,
        salesinfoc0_.clothes_brand as clothes_2_9_,
        salesinfoc0_.clothes_color as clothes_3_9_,
        salesinfoc0_.clothes_gender as clothes_4_9_,
        salesinfoc0_.clothes_size as clothes_5_9_ 
    from
        sales_info_clothes salesinfoc0_ 
    where
        salesinfoc0_.clothes_brand=? 
        and salesinfoc0_.clothes_gender=? 
        and salesinfoc0_.clothes_size=? 
        and salesinfoc0_.clothes_color=?
Hibernate: 
    select
        salesinfos0_.id as id1_10_,
        salesinfos0_.status_score as status_s2_10_,
        salesinfos0_.status_tag as status_t3_10_,
        salesinfos0_.status_times as status_t4_10_,
        salesinfos0_.status_when2buy as status_w5_10_,
        salesinfos0_.transport as transpor6_10_ 
    from
        sales_info_status salesinfos0_ 
    where
        salesinfos0_.status_tag=? 
        and salesinfos0_.status_score=? 
        and salesinfos0_.status_times=? 
        and salesinfos0_.status_when2buy=? 
        and salesinfos0_.transport=?
Hibernate: 
    select
        salesinfou0_.id as id1_11_,
        salesinfou0_.user_height as user_hei2_11_,
        salesinfou0_.user_size as user_siz3_11_,
        salesinfou0_.user_weight as user_wei4_11_ 
    from
        sales_info_user salesinfou0_ 
    where
        salesinfou0_.user_size=? 
        and salesinfou0_.user_weight=? 
        and salesinfou0_.user_height=?
Hibernate: 
    insert 
    into
        clothes_image
        (closets_post_id, path, stores_post_id, type) 
    values
        (?, ?, ?, ?)
Hibernate: 
    insert 
    into
        clothes_image
        (closets_post_id, path, stores_post_id, type) 
    values
        (?, ?, ?, ?)
Hibernate: 
    insert 
    into
        stores
        (created_date, modified_date, author_id, clothes_info_id, colors_name, materials_name, style_name, clothes_length, content, price, sales_info_clothes_id, sales_info_status_id, sales_info_user_id, status, title) 
    values
        (?, ?, ?, ?, ?, ?, ?, ?, ?, ?, ?, ?, ?, ?, ?)
Hibernate: 
    update
        clothes_image 
    set
        closets_post_id=?,
        path=?,
        stores_post_id=?,
        type=? 
    where
        id=?
Hibernate: 
    update
        clothes_image 
    set
        closets_post_id=?,
        path=?,
        stores_post_id=?,
        type=? 
    where
        id=?
Hibernate: 
    select
        stores0_.id as id1_12_,
        stores0_.created_date as created_2_12_,
        stores0_.modified_date as modified3_12_,
        stores0_.author_id as author_i9_12_,
        stores0_.clothes_info_id as clothes10_12_,
        stores0_.colors_name as colors_11_12_,
        stores0_.materials_name as materia12_12_,
        stores0_.style_name as style_n13_12_,
        stores0_.clothes_length as clothes_4_12_,
        stores0_.content as content5_12_,
        stores0_.price as price6_12_,
        stores0_.sales_info_clothes_id as sales_i14_12_,
        stores0_.sales_info_status_id as sales_i15_12_,
        stores0_.sales_info_user_id as sales_i16_12_,
        stores0_.status as status7_12_,
        stores0_.title as title8_12_ 
    from
        stores stores0_
Hibernate: 
    select
        members0_.id as id1_6_0_,
        members0_.email as email2_6_0_,
        members0_.image as image3_6_0_,
        members0_.name as name4_6_0_,
        members0_.nickname as nickname5_6_0_,
        members0_.password as password6_6_0_,
        members0_.phone as phone7_6_0_,
        members0_.refresh_token as refresh_8_6_0_,
        members0_.role as role9_6_0_ 
    from
        members members0_ 
    where
        members0_.id=?
Hibernate: 
    select
        clothesinf0_.id as id1_2_0_,
        clothesinf0_.categoryl as category2_2_0_,
        clothesinf0_.categorys as category3_2_0_,
        clothesinf0_.fit as fit4_2_0_,
        clothesinf0_.length as length5_2_0_ 
    from
        clothes_info clothesinf0_ 
    where
        clothesinf0_.id=?
Hibernate: 
    select
        colors0_.id as id1_4_0_,
        colors0_.name as name2_4_0_ 
    from
        colors colors0_ 
    where
        colors0_.name=?
Hibernate: 
    select
        materials0_.id as id1_5_0_,
        materials0_.name as name2_5_0_ 
    from
        materials materials0_ 
    where
        materials0_.name=?
Hibernate: 
    select
        style0_.id as id1_14_0_,
        style0_.name as name2_14_0_ 
    from
        style style0_ 
    where
        style0_.name=?
Hibernate: 
    select
        salesinfoc0_.id as id1_9_0_,
        salesinfoc0_.clothes_brand as clothes_2_9_0_,
        salesinfoc0_.clothes_color as clothes_3_9_0_,
        salesinfoc0_.clothes_gender as clothes_4_9_0_,
        salesinfoc0_.clothes_size as clothes_5_9_0_ 
    from
        sales_info_clothes salesinfoc0_ 
    where
        salesinfoc0_.id=?
Hibernate: 
    select
        salesinfos0_.id as id1_10_0_,
        salesinfos0_.status_score as status_s2_10_0_,
        salesinfos0_.status_tag as status_t3_10_0_,
        salesinfos0_.status_times as status_t4_10_0_,
        salesinfos0_.status_when2buy as status_w5_10_0_,
        salesinfos0_.transport as transpor6_10_0_ 
    from
        sales_info_status salesinfos0_ 
    where
        salesinfos0_.id=?
Hibernate: 
    select
        salesinfou0_.id as id1_11_0_,
        salesinfou0_.user_height as user_hei2_11_0_,
        salesinfou0_.user_size as user_siz3_11_0_,
        salesinfou0_.user_weight as user_wei4_11_0_ 
    from
        sales_info_user salesinfou0_ 
    where
        salesinfou0_.id=?
Hibernate: 
    select
        clothesinf0_.id as id1_2_0_,
        clothesinf0_.categoryl as category2_2_0_,
        clothesinf0_.categorys as category3_2_0_,
        clothesinf0_.fit as fit4_2_0_,
        clothesinf0_.length as length5_2_0_ 
    from
        clothes_info clothesinf0_ 
    where
        clothesinf0_.id=?
Hibernate: 
    select
        colors0_.id as id1_4_0_,
        colors0_.name as name2_4_0_ 
    from
        colors colors0_ 
    where
        colors0_.name=?
Hibernate: 
    select
        materials0_.id as id1_5_0_,
        materials0_.name as name2_5_0_ 
    from
        materials materials0_ 
    where
        materials0_.name=?
Hibernate: 
    select
        style0_.id as id1_14_0_,
        style0_.name as name2_14_0_ 
    from
        style style0_ 
    where
        style0_.name=?
Hibernate: 
    select
        salesinfoc0_.id as id1_9_0_,
        salesinfoc0_.clothes_brand as clothes_2_9_0_,
        salesinfoc0_.clothes_color as clothes_3_9_0_,
        salesinfoc0_.clothes_gender as clothes_4_9_0_,
        salesinfoc0_.clothes_size as clothes_5_9_0_ 
    from
        sales_info_clothes salesinfoc0_ 
    where
        salesinfoc0_.id=?
Hibernate: 
    select
        salesinfos0_.id as id1_10_0_,
        salesinfos0_.status_score as status_s2_10_0_,
        salesinfos0_.status_tag as status_t3_10_0_,
        salesinfos0_.status_times as status_t4_10_0_,
        salesinfos0_.status_when2buy as status_w5_10_0_,
        salesinfos0_.transport as transpor6_10_0_ 
    from
        sales_info_status salesinfos0_ 
    where
        salesinfos0_.id=?
Hibernate: 
    select
        salesinfou0_.id as id1_11_0_,
        salesinfou0_.user_height as user_hei2_11_0_,
        salesinfou0_.user_size as user_siz3_11_0_,
        salesinfou0_.user_weight as user_wei4_11_0_ 
    from
        sales_info_user salesinfou0_ 
    where
        salesinfou0_.id=?
Hibernate: 
    select
        clothesinf0_.id as id1_2_0_,
        clothesinf0_.categoryl as category2_2_0_,
        clothesinf0_.categorys as category3_2_0_,
        clothesinf0_.fit as fit4_2_0_,
        clothesinf0_.length as length5_2_0_ 
    from
        clothes_info clothesinf0_ 
    where
        clothesinf0_.id=?
Hibernate: 
    select
        colors0_.id as id1_4_0_,
        colors0_.name as name2_4_0_ 
    from
        colors colors0_ 
    where
        colors0_.name=?
Hibernate: 
    select
        materials0_.id as id1_5_0_,
        materials0_.name as name2_5_0_ 
    from
        materials materials0_ 
    where
        materials0_.name=?
Hibernate: 
    select
        style0_.id as id1_14_0_,
        style0_.name as name2_14_0_ 
    from
        style style0_ 
    where
        style0_.name=?
Hibernate: 
    select
        salesinfoc0_.id as id1_9_0_,
        salesinfoc0_.clothes_brand as clothes_2_9_0_,
        salesinfoc0_.clothes_color as clothes_3_9_0_,
        salesinfoc0_.clothes_gender as clothes_4_9_0_,
        salesinfoc0_.clothes_size as clothes_5_9_0_ 
    from
        sales_info_clothes salesinfoc0_ 
    where
        salesinfoc0_.id=?
Hibernate: 
    select
        salesinfos0_.id as id1_10_0_,
        salesinfos0_.status_score as status_s2_10_0_,
        salesinfos0_.status_tag as status_t3_10_0_,
        salesinfos0_.status_times as status_t4_10_0_,
        salesinfos0_.status_when2buy as status_w5_10_0_,
        salesinfos0_.transport as transpor6_10_0_ 
    from
        sales_info_status salesinfos0_ 
    where
        salesinfos0_.id=?
Hibernate: 
    select
        salesinfou0_.id as id1_11_0_,
        salesinfou0_.user_height as user_hei2_11_0_,
        salesinfou0_.user_size as user_siz3_11_0_,
        salesinfou0_.user_weight as user_wei4_11_0_ 
    from
        sales_info_user salesinfou0_ 
    where
        salesinfou0_.id=?
Hibernate: 
    select
        clothesinf0_.id as id1_2_0_,
        clothesinf0_.categoryl as category2_2_0_,
        clothesinf0_.categorys as category3_2_0_,
        clothesinf0_.fit as fit4_2_0_,
        clothesinf0_.length as length5_2_0_ 
    from
        clothes_info clothesinf0_ 
    where
        clothesinf0_.id=?
Hibernate: 
    select
        colors0_.id as id1_4_0_,
        colors0_.name as name2_4_0_ 
    from
        colors colors0_ 
    where
        colors0_.name=?
Hibernate: 
    select
        materials0_.id as id1_5_0_,
        materials0_.name as name2_5_0_ 
    from
        materials materials0_ 
    where
        materials0_.name=?
Hibernate: 
    select
        style0_.id as id1_14_0_,
        style0_.name as name2_14_0_ 
    from
        style style0_ 
    where
        style0_.name=?
Hibernate: 
    select
        salesinfoc0_.id as id1_9_0_,
        salesinfoc0_.clothes_brand as clothes_2_9_0_,
        salesinfoc0_.clothes_color as clothes_3_9_0_,
        salesinfoc0_.clothes_gender as clothes_4_9_0_,
        salesinfoc0_.clothes_size as clothes_5_9_0_ 
    from
        sales_info_clothes salesinfoc0_ 
    where
        salesinfoc0_.id=?
Hibernate: 
    select
        salesinfos0_.id as id1_10_0_,
        salesinfos0_.status_score as status_s2_10_0_,
        salesinfos0_.status_tag as status_t3_10_0_,
        salesinfos0_.status_times as status_t4_10_0_,
        salesinfos0_.status_when2buy as status_w5_10_0_,
        salesinfos0_.transport as transpor6_10_0_ 
    from
        sales_info_status salesinfos0_ 
    where
        salesinfos0_.id=?
Hibernate: 
    select
        salesinfou0_.id as id1_11_0_,
        salesinfou0_.user_height as user_hei2_11_0_,
        salesinfou0_.user_size as user_siz3_11_0_,
        salesinfou0_.user_weight as user_wei4_11_0_ 
    from
        sales_info_user salesinfou0_ 
    where
        salesinfou0_.id=?
Hibernate: 
    select
        clothesinf0_.id as id1_2_0_,
        clothesinf0_.categoryl as category2_2_0_,
        clothesinf0_.categorys as category3_2_0_,
        clothesinf0_.fit as fit4_2_0_,
        clothesinf0_.length as length5_2_0_ 
    from
        clothes_info clothesinf0_ 
    where
        clothesinf0_.id=?
Hibernate: 
    select
        materials0_.id as id1_5_0_,
        materials0_.name as name2_5_0_ 
    from
        materials materials0_ 
    where
        materials0_.name=?
Hibernate: 
    select
        style0_.id as id1_14_0_,
        style0_.name as name2_14_0_ 
    from
        style style0_ 
    where
        style0_.name=?
Hibernate: 
    select
        salesinfoc0_.id as id1_9_0_,
        salesinfoc0_.clothes_brand as clothes_2_9_0_,
        salesinfoc0_.clothes_color as clothes_3_9_0_,
        salesinfoc0_.clothes_gender as clothes_4_9_0_,
        salesinfoc0_.clothes_size as clothes_5_9_0_ 
    from
        sales_info_clothes salesinfoc0_ 
    where
        salesinfoc0_.id=?
Hibernate: 
    select
        salesinfos0_.id as id1_10_0_,
        salesinfos0_.status_score as status_s2_10_0_,
        salesinfos0_.status_tag as status_t3_10_0_,
        salesinfos0_.status_times as status_t4_10_0_,
        salesinfos0_.status_when2buy as status_w5_10_0_,
        salesinfos0_.transport as transpor6_10_0_ 
    from
        sales_info_status salesinfos0_ 
    where
        salesinfos0_.id=?
Hibernate: 
    select
        salesinfou0_.id as id1_11_0_,
        salesinfou0_.user_height as user_hei2_11_0_,
        salesinfou0_.user_size as user_siz3_11_0_,
        salesinfou0_.user_weight as user_wei4_11_0_ 
    from
        sales_info_user salesinfou0_ 
    where
        salesinfou0_.id=?
Hibernate: 
    select
        clothesinf0_.id as id1_2_0_,
        clothesinf0_.categoryl as category2_2_0_,
        clothesinf0_.categorys as category3_2_0_,
        clothesinf0_.fit as fit4_2_0_,
        clothesinf0_.length as length5_2_0_ 
    from
        clothes_info clothesinf0_ 
    where
        clothesinf0_.id=?
Hibernate: 
    select
        colors0_.id as id1_4_0_,
        colors0_.name as name2_4_0_ 
    from
        colors colors0_ 
    where
        colors0_.name=?
Hibernate: 
    select
        clothesima0_.id as id1_3_,
        clothesima0_.closets_post_id as closets_4_3_,
        clothesima0_.path as path2_3_,
        clothesima0_.stores_post_id as stores_p5_3_,
        clothesima0_.type as type3_3_ 
    from
        clothes_image clothesima0_
Hibernate: 
    select
        stores0_.id as id1_12_0_,
        stores0_.created_date as created_2_12_0_,
        stores0_.modified_date as modified3_12_0_,
        stores0_.author_id as author_i9_12_0_,
        stores0_.clothes_info_id as clothes10_12_0_,
        stores0_.colors_name as colors_11_12_0_,
        stores0_.materials_name as materia12_12_0_,
        stores0_.style_name as style_n13_12_0_,
        stores0_.clothes_length as clothes_4_12_0_,
        stores0_.content as content5_12_0_,
        stores0_.price as price6_12_0_,
        stores0_.sales_info_clothes_id as sales_i14_12_0_,
        stores0_.sales_info_status_id as sales_i15_12_0_,
        stores0_.sales_info_user_id as sales_i16_12_0_,
        stores0_.status as status7_12_0_,
        stores0_.title as title8_12_0_,
        members1_.id as id1_6_1_,
        members1_.email as email2_6_1_,
        members1_.image as image3_6_1_,
        members1_.name as name4_6_1_,
        members1_.nickname as nickname5_6_1_,
        members1_.password as password6_6_1_,
        members1_.phone as phone7_6_1_,
        members1_.refresh_token as refresh_8_6_1_,
        members1_.role as role9_6_1_,
        clothesinf2_.id as id1_2_2_,
        clothesinf2_.categoryl as category2_2_2_,
        clothesinf2_.categorys as category3_2_2_,
        clothesinf2_.fit as fit4_2_2_,
        clothesinf2_.length as length5_2_2_,
        colors3_.id as id1_4_3_,
        colors3_.name as name2_4_3_,
        materials4_.id as id1_5_4_,
        materials4_.name as name2_5_4_,
        style5_.id as id1_14_5_,
        style5_.name as name2_14_5_,
        salesinfoc6_.id as id1_9_6_,
        salesinfoc6_.clothes_brand as clothes_2_9_6_,
        salesinfoc6_.clothes_color as clothes_3_9_6_,
        salesinfoc6_.clothes_gender as clothes_4_9_6_,
        salesinfoc6_.clothes_size as clothes_5_9_6_,
        salesinfos7_.id as id1_10_7_,
        salesinfos7_.status_score as status_s2_10_7_,
        salesinfos7_.status_tag as status_t3_10_7_,
        salesinfos7_.status_times as status_t4_10_7_,
        salesinfos7_.status_when2buy as status_w5_10_7_,
        salesinfos7_.transport as transpor6_10_7_,
        salesinfou8_.id as id1_11_8_,
        salesinfou8_.user_height as user_hei2_11_8_,
        salesinfou8_.user_size as user_siz3_11_8_,
        salesinfou8_.user_weight as user_wei4_11_8_ 
    from
        stores stores0_ 
    left outer join
        members members1_ 
            on stores0_.author_id=members1_.id 
    left outer join
        clothes_info clothesinf2_ 
            on stores0_.clothes_info_id=clothesinf2_.id 
    left outer join
        colors colors3_ 
            on stores0_.colors_name=colors3_.name 
    left outer join
        materials materials4_ 
            on stores0_.materials_name=materials4_.name 
    left outer join
        style style5_ 
            on stores0_.style_name=style5_.name 
    left outer join
        sales_info_clothes salesinfoc6_ 
            on stores0_.sales_info_clothes_id=salesinfoc6_.id 
    left outer join
        sales_info_status salesinfos7_ 
            on stores0_.sales_info_status_id=salesinfos7_.id 
    left outer join
        sales_info_user salesinfou8_ 
            on stores0_.sales_info_user_id=salesinfou8_.id 
    where
        stores0_.id=?
Hibernate: 
    select
        stores0_.id as id1_12_0_,
        stores0_.created_date as created_2_12_0_,
        stores0_.modified_date as modified3_12_0_,
        stores0_.author_id as author_i9_12_0_,
        stores0_.clothes_info_id as clothes10_12_0_,
        stores0_.colors_name as colors_11_12_0_,
        stores0_.materials_name as materia12_12_0_,
        stores0_.style_name as style_n13_12_0_,
        stores0_.clothes_length as clothes_4_12_0_,
        stores0_.content as content5_12_0_,
        stores0_.price as price6_12_0_,
        stores0_.sales_info_clothes_id as sales_i14_12_0_,
        stores0_.sales_info_status_id as sales_i15_12_0_,
        stores0_.sales_info_user_id as sales_i16_12_0_,
        stores0_.status as status7_12_0_,
        stores0_.title as title8_12_0_,
        members1_.id as id1_6_1_,
        members1_.email as email2_6_1_,
        members1_.image as image3_6_1_,
        members1_.name as name4_6_1_,
        members1_.nickname as nickname5_6_1_,
        members1_.password as password6_6_1_,
        members1_.phone as phone7_6_1_,
        members1_.refresh_token as refresh_8_6_1_,
        members1_.role as role9_6_1_,
        clothesinf2_.id as id1_2_2_,
        clothesinf2_.categoryl as category2_2_2_,
        clothesinf2_.categorys as category3_2_2_,
        clothesinf2_.fit as fit4_2_2_,
        clothesinf2_.length as length5_2_2_,
        colors3_.id as id1_4_3_,
        colors3_.name as name2_4_3_,
        materials4_.id as id1_5_4_,
        materials4_.name as name2_5_4_,
        style5_.id as id1_14_5_,
        style5_.name as name2_14_5_,
        salesinfoc6_.id as id1_9_6_,
        salesinfoc6_.clothes_brand as clothes_2_9_6_,
        salesinfoc6_.clothes_color as clothes_3_9_6_,
        salesinfoc6_.clothes_gender as clothes_4_9_6_,
        salesinfoc6_.clothes_size as clothes_5_9_6_,
        salesinfos7_.id as id1_10_7_,
        salesinfos7_.status_score as status_s2_10_7_,
        salesinfos7_.status_tag as status_t3_10_7_,
        salesinfos7_.status_times as status_t4_10_7_,
        salesinfos7_.status_when2buy as status_w5_10_7_,
        salesinfos7_.transport as transpor6_10_7_,
        salesinfou8_.id as id1_11_8_,
        salesinfou8_.user_height as user_hei2_11_8_,
        salesinfou8_.user_size as user_siz3_11_8_,
        salesinfou8_.user_weight as user_wei4_11_8_ 
    from
        stores stores0_ 
    left outer join
        members members1_ 
            on stores0_.author_id=members1_.id 
    left outer join
        clothes_info clothesinf2_ 
            on stores0_.clothes_info_id=clothesinf2_.id 
    left outer join
        colors colors3_ 
            on stores0_.colors_name=colors3_.name 
    left outer join
        materials materials4_ 
            on stores0_.materials_name=materials4_.name 
    left outer join
        style style5_ 
            on stores0_.style_name=style5_.name 
    left outer join
        sales_info_clothes salesinfoc6_ 
            on stores0_.sales_info_clothes_id=salesinfoc6_.id 
    left outer join
        sales_info_status salesinfos7_ 
            on stores0_.sales_info_status_id=salesinfos7_.id 
    left outer join
        sales_info_user salesinfou8_ 
            on stores0_.sales_info_user_id=salesinfou8_.id 
    where
        stores0_.id=?
Hibernate: 
    select
        stores0_.id as id1_12_0_,
        stores0_.created_date as created_2_12_0_,
        stores0_.modified_date as modified3_12_0_,
        stores0_.author_id as author_i9_12_0_,
        stores0_.clothes_info_id as clothes10_12_0_,
        stores0_.colors_name as colors_11_12_0_,
        stores0_.materials_name as materia12_12_0_,
        stores0_.style_name as style_n13_12_0_,
        stores0_.clothes_length as clothes_4_12_0_,
        stores0_.content as content5_12_0_,
        stores0_.price as price6_12_0_,
        stores0_.sales_info_clothes_id as sales_i14_12_0_,
        stores0_.sales_info_status_id as sales_i15_12_0_,
        stores0_.sales_info_user_id as sales_i16_12_0_,
        stores0_.status as status7_12_0_,
        stores0_.title as title8_12_0_,
        members1_.id as id1_6_1_,
        members1_.email as email2_6_1_,
        members1_.image as image3_6_1_,
        members1_.name as name4_6_1_,
        members1_.nickname as nickname5_6_1_,
        members1_.password as password6_6_1_,
        members1_.phone as phone7_6_1_,
        members1_.refresh_token as refresh_8_6_1_,
        members1_.role as role9_6_1_,
        clothesinf2_.id as id1_2_2_,
        clothesinf2_.categoryl as category2_2_2_,
        clothesinf2_.categorys as category3_2_2_,
        clothesinf2_.fit as fit4_2_2_,
        clothesinf2_.length as length5_2_2_,
        colors3_.id as id1_4_3_,
        colors3_.name as name2_4_3_,
        materials4_.id as id1_5_4_,
        materials4_.name as name2_5_4_,
        style5_.id as id1_14_5_,
        style5_.name as name2_14_5_,
        salesinfoc6_.id as id1_9_6_,
        salesinfoc6_.clothes_brand as clothes_2_9_6_,
        salesinfoc6_.clothes_color as clothes_3_9_6_,
        salesinfoc6_.clothes_gender as clothes_4_9_6_,
        salesinfoc6_.clothes_size as clothes_5_9_6_,
        salesinfos7_.id as id1_10_7_,
        salesinfos7_.status_score as status_s2_10_7_,
        salesinfos7_.status_tag as status_t3_10_7_,
        salesinfos7_.status_times as status_t4_10_7_,
        salesinfos7_.status_when2buy as status_w5_10_7_,
        salesinfos7_.transport as transpor6_10_7_,
        salesinfou8_.id as id1_11_8_,
        salesinfou8_.user_height as user_hei2_11_8_,
        salesinfou8_.user_size as user_siz3_11_8_,
        salesinfou8_.user_weight as user_wei4_11_8_ 
    from
        stores stores0_ 
    left outer join
        members members1_ 
            on stores0_.author_id=members1_.id 
    left outer join
        clothes_info clothesinf2_ 
            on stores0_.clothes_info_id=clothesinf2_.id 
    left outer join
        colors colors3_ 
            on stores0_.colors_name=colors3_.name 
    left outer join
        materials materials4_ 
            on stores0_.materials_name=materials4_.name 
    left outer join
        style style5_ 
            on stores0_.style_name=style5_.name 
    left outer join
        sales_info_clothes salesinfoc6_ 
            on stores0_.sales_info_clothes_id=salesinfoc6_.id 
    left outer join
        sales_info_status salesinfos7_ 
            on stores0_.sales_info_status_id=salesinfos7_.id 
    left outer join
        sales_info_user salesinfou8_ 
            on stores0_.sales_info_user_id=salesinfou8_.id 
    where
        stores0_.id=?
Hibernate: 
    select
        stores0_.id as id1_12_0_,
        stores0_.created_date as created_2_12_0_,
        stores0_.modified_date as modified3_12_0_,
        stores0_.author_id as author_i9_12_0_,
        stores0_.clothes_info_id as clothes10_12_0_,
        stores0_.colors_name as colors_11_12_0_,
        stores0_.materials_name as materia12_12_0_,
        stores0_.style_name as style_n13_12_0_,
        stores0_.clothes_length as clothes_4_12_0_,
        stores0_.content as content5_12_0_,
        stores0_.price as price6_12_0_,
        stores0_.sales_info_clothes_id as sales_i14_12_0_,
        stores0_.sales_info_status_id as sales_i15_12_0_,
        stores0_.sales_info_user_id as sales_i16_12_0_,
        stores0_.status as status7_12_0_,
        stores0_.title as title8_12_0_,
        members1_.id as id1_6_1_,
        members1_.email as email2_6_1_,
        members1_.image as image3_6_1_,
        members1_.name as name4_6_1_,
        members1_.nickname as nickname5_6_1_,
        members1_.password as password6_6_1_,
        members1_.phone as phone7_6_1_,
        members1_.refresh_token as refresh_8_6_1_,
        members1_.role as role9_6_1_,
        clothesinf2_.id as id1_2_2_,
        clothesinf2_.categoryl as category2_2_2_,
        clothesinf2_.categorys as category3_2_2_,
        clothesinf2_.fit as fit4_2_2_,
        clothesinf2_.length as length5_2_2_,
        colors3_.id as id1_4_3_,
        colors3_.name as name2_4_3_,
        materials4_.id as id1_5_4_,
        materials4_.name as name2_5_4_,
        style5_.id as id1_14_5_,
        style5_.name as name2_14_5_,
        salesinfoc6_.id as id1_9_6_,
        salesinfoc6_.clothes_brand as clothes_2_9_6_,
        salesinfoc6_.clothes_color as clothes_3_9_6_,
        salesinfoc6_.clothes_gender as clothes_4_9_6_,
        salesinfoc6_.clothes_size as clothes_5_9_6_,
        salesinfos7_.id as id1_10_7_,
        salesinfos7_.status_score as status_s2_10_7_,
        salesinfos7_.status_tag as status_t3_10_7_,
        salesinfos7_.status_times as status_t4_10_7_,
        salesinfos7_.status_when2buy as status_w5_10_7_,
        salesinfos7_.transport as transpor6_10_7_,
        salesinfou8_.id as id1_11_8_,
        salesinfou8_.user_height as user_hei2_11_8_,
        salesinfou8_.user_size as user_siz3_11_8_,
        salesinfou8_.user_weight as user_wei4_11_8_ 
    from
        stores stores0_ 
    left outer join
        members members1_ 
            on stores0_.author_id=members1_.id 
    left outer join
        clothes_info clothesinf2_ 
            on stores0_.clothes_info_id=clothesinf2_.id 
    left outer join
        colors colors3_ 
            on stores0_.colors_name=colors3_.name 
    left outer join
        materials materials4_ 
            on stores0_.materials_name=materials4_.name 
    left outer join
        style style5_ 
            on stores0_.style_name=style5_.name 
    left outer join
        sales_info_clothes salesinfoc6_ 
            on stores0_.sales_info_clothes_id=salesinfoc6_.id 
    left outer join
        sales_info_status salesinfos7_ 
            on stores0_.sales_info_status_id=salesinfos7_.id 
    left outer join
        sales_info_user salesinfou8_ 
            on stores0_.sales_info_user_id=salesinfou8_.id 
    where
        stores0_.id=?
Hibernate: 
    select
        stores0_.id as id1_12_0_,
        stores0_.created_date as created_2_12_0_,
        stores0_.modified_date as modified3_12_0_,
        stores0_.author_id as author_i9_12_0_,
        stores0_.clothes_info_id as clothes10_12_0_,
        stores0_.colors_name as colors_11_12_0_,
        stores0_.materials_name as materia12_12_0_,
        stores0_.style_name as style_n13_12_0_,
        stores0_.clothes_length as clothes_4_12_0_,
        stores0_.content as content5_12_0_,
        stores0_.price as price6_12_0_,
        stores0_.sales_info_clothes_id as sales_i14_12_0_,
        stores0_.sales_info_status_id as sales_i15_12_0_,
        stores0_.sales_info_user_id as sales_i16_12_0_,
        stores0_.status as status7_12_0_,
        stores0_.title as title8_12_0_,
        members1_.id as id1_6_1_,
        members1_.email as email2_6_1_,
        members1_.image as image3_6_1_,
        members1_.name as name4_6_1_,
        members1_.nickname as nickname5_6_1_,
        members1_.password as password6_6_1_,
        members1_.phone as phone7_6_1_,
        members1_.refresh_token as refresh_8_6_1_,
        members1_.role as role9_6_1_,
        clothesinf2_.id as id1_2_2_,
        clothesinf2_.categoryl as category2_2_2_,
        clothesinf2_.categorys as category3_2_2_,
        clothesinf2_.fit as fit4_2_2_,
        clothesinf2_.length as length5_2_2_,
        colors3_.id as id1_4_3_,
        colors3_.name as name2_4_3_,
        materials4_.id as id1_5_4_,
        materials4_.name as name2_5_4_,
        style5_.id as id1_14_5_,
        style5_.name as name2_14_5_,
        salesinfoc6_.id as id1_9_6_,
        salesinfoc6_.clothes_brand as clothes_2_9_6_,
        salesinfoc6_.clothes_color as clothes_3_9_6_,
        salesinfoc6_.clothes_gender as clothes_4_9_6_,
        salesinfoc6_.clothes_size as clothes_5_9_6_,
        salesinfos7_.id as id1_10_7_,
        salesinfos7_.status_score as status_s2_10_7_,
        salesinfos7_.status_tag as status_t3_10_7_,
        salesinfos7_.status_times as status_t4_10_7_,
        salesinfos7_.status_when2buy as status_w5_10_7_,
        salesinfos7_.transport as transpor6_10_7_,
        salesinfou8_.id as id1_11_8_,
        salesinfou8_.user_height as user_hei2_11_8_,
        salesinfou8_.user_size as user_siz3_11_8_,
        salesinfou8_.user_weight as user_wei4_11_8_ 
    from
        stores stores0_ 
    left outer join
        members members1_ 
            on stores0_.author_id=members1_.id 
    left outer join
        clothes_info clothesinf2_ 
            on stores0_.clothes_info_id=clothesinf2_.id 
    left outer join
        colors colors3_ 
            on stores0_.colors_name=colors3_.name 
    left outer join
        materials materials4_ 
            on stores0_.materials_name=materials4_.name 
    left outer join
        style style5_ 
            on stores0_.style_name=style5_.name 
    left outer join
        sales_info_clothes salesinfoc6_ 
            on stores0_.sales_info_clothes_id=salesinfoc6_.id 
    left outer join
        sales_info_status salesinfos7_ 
            on stores0_.sales_info_status_id=salesinfos7_.id 
    left outer join
        sales_info_user salesinfou8_ 
            on stores0_.sales_info_user_id=salesinfou8_.id 
    where
        stores0_.id=?
Hibernate: 
    select
        stores0_.id as id1_12_0_,
        stores0_.created_date as created_2_12_0_,
        stores0_.modified_date as modified3_12_0_,
        stores0_.author_id as author_i9_12_0_,
        stores0_.clothes_info_id as clothes10_12_0_,
        stores0_.colors_name as colors_11_12_0_,
        stores0_.materials_name as materia12_12_0_,
        stores0_.style_name as style_n13_12_0_,
        stores0_.clothes_length as clothes_4_12_0_,
        stores0_.content as content5_12_0_,
        stores0_.price as price6_12_0_,
        stores0_.sales_info_clothes_id as sales_i14_12_0_,
        stores0_.sales_info_status_id as sales_i15_12_0_,
        stores0_.sales_info_user_id as sales_i16_12_0_,
        stores0_.status as status7_12_0_,
        stores0_.title as title8_12_0_,
        members1_.id as id1_6_1_,
        members1_.email as email2_6_1_,
        members1_.image as image3_6_1_,
        members1_.name as name4_6_1_,
        members1_.nickname as nickname5_6_1_,
        members1_.password as password6_6_1_,
        members1_.phone as phone7_6_1_,
        members1_.refresh_token as refresh_8_6_1_,
        members1_.role as role9_6_1_,
        clothesinf2_.id as id1_2_2_,
        clothesinf2_.categoryl as category2_2_2_,
        clothesinf2_.categorys as category3_2_2_,
        clothesinf2_.fit as fit4_2_2_,
        clothesinf2_.length as length5_2_2_,
        colors3_.id as id1_4_3_,
        colors3_.name as name2_4_3_,
        materials4_.id as id1_5_4_,
        materials4_.name as name2_5_4_,
        style5_.id as id1_14_5_,
        style5_.name as name2_14_5_,
        salesinfoc6_.id as id1_9_6_,
        salesinfoc6_.clothes_brand as clothes_2_9_6_,
        salesinfoc6_.clothes_color as clothes_3_9_6_,
        salesinfoc6_.clothes_gender as clothes_4_9_6_,
        salesinfoc6_.clothes_size as clothes_5_9_6_,
        salesinfos7_.id as id1_10_7_,
        salesinfos7_.status_score as status_s2_10_7_,
        salesinfos7_.status_tag as status_t3_10_7_,
        salesinfos7_.status_times as status_t4_10_7_,
        salesinfos7_.status_when2buy as status_w5_10_7_,
        salesinfos7_.transport as transpor6_10_7_,
        salesinfou8_.id as id1_11_8_,
        salesinfou8_.user_height as user_hei2_11_8_,
        salesinfou8_.user_size as user_siz3_11_8_,
        salesinfou8_.user_weight as user_wei4_11_8_ 
    from
        stores stores0_ 
    left outer join
        members members1_ 
            on stores0_.author_id=members1_.id 
    left outer join
        clothes_info clothesinf2_ 
            on stores0_.clothes_info_id=clothesinf2_.id 
    left outer join
        colors colors3_ 
            on stores0_.colors_name=colors3_.name 
    left outer join
        materials materials4_ 
            on stores0_.materials_name=materials4_.name 
    left outer join
        style style5_ 
            on stores0_.style_name=style5_.name 
    left outer join
        sales_info_clothes salesinfoc6_ 
            on stores0_.sales_info_clothes_id=salesinfoc6_.id 
    left outer join
        sales_info_status salesinfos7_ 
            on stores0_.sales_info_status_id=salesinfos7_.id 
    left outer join
        sales_info_user salesinfou8_ 
            on stores0_.sales_info_user_id=salesinfou8_.id 
    where
        stores0_.id=?
Hibernate: 
    select
        stores0_.id as id1_12_0_,
        stores0_.created_date as created_2_12_0_,
        stores0_.modified_date as modified3_12_0_,
        stores0_.author_id as author_i9_12_0_,
        stores0_.clothes_info_id as clothes10_12_0_,
        stores0_.colors_name as colors_11_12_0_,
        stores0_.materials_name as materia12_12_0_,
        stores0_.style_name as style_n13_12_0_,
        stores0_.clothes_length as clothes_4_12_0_,
        stores0_.content as content5_12_0_,
        stores0_.price as price6_12_0_,
        stores0_.sales_info_clothes_id as sales_i14_12_0_,
        stores0_.sales_info_status_id as sales_i15_12_0_,
        stores0_.sales_info_user_id as sales_i16_12_0_,
        stores0_.status as status7_12_0_,
        stores0_.title as title8_12_0_,
        members1_.id as id1_6_1_,
        members1_.email as email2_6_1_,
        members1_.image as image3_6_1_,
        members1_.name as name4_6_1_,
        members1_.nickname as nickname5_6_1_,
        members1_.password as password6_6_1_,
        members1_.phone as phone7_6_1_,
        members1_.refresh_token as refresh_8_6_1_,
        members1_.role as role9_6_1_,
        clothesinf2_.id as id1_2_2_,
        clothesinf2_.categoryl as category2_2_2_,
        clothesinf2_.categorys as category3_2_2_,
        clothesinf2_.fit as fit4_2_2_,
        clothesinf2_.length as length5_2_2_,
        colors3_.id as id1_4_3_,
        colors3_.name as name2_4_3_,
        materials4_.id as id1_5_4_,
        materials4_.name as name2_5_4_,
        style5_.id as id1_14_5_,
        style5_.name as name2_14_5_,
        salesinfoc6_.id as id1_9_6_,
        salesinfoc6_.clothes_brand as clothes_2_9_6_,
        salesinfoc6_.clothes_color as clothes_3_9_6_,
        salesinfoc6_.clothes_gender as clothes_4_9_6_,
        salesinfoc6_.clothes_size as clothes_5_9_6_,
        salesinfos7_.id as id1_10_7_,
        salesinfos7_.status_score as status_s2_10_7_,
        salesinfos7_.status_tag as status_t3_10_7_,
        salesinfos7_.status_times as status_t4_10_7_,
        salesinfos7_.status_when2buy as status_w5_10_7_,
        salesinfos7_.transport as transpor6_10_7_,
        salesinfou8_.id as id1_11_8_,
        salesinfou8_.user_height as user_hei2_11_8_,
        salesinfou8_.user_size as user_siz3_11_8_,
        salesinfou8_.user_weight as user_wei4_11_8_ 
    from
        stores stores0_ 
    left outer join
        members members1_ 
            on stores0_.author_id=members1_.id 
    left outer join
        clothes_info clothesinf2_ 
            on stores0_.clothes_info_id=clothesinf2_.id 
    left outer join
        colors colors3_ 
            on stores0_.colors_name=colors3_.name 
    left outer join
        materials materials4_ 
            on stores0_.materials_name=materials4_.name 
    left outer join
        style style5_ 
            on stores0_.style_name=style5_.name 
    left outer join
        sales_info_clothes salesinfoc6_ 
            on stores0_.sales_info_clothes_id=salesinfoc6_.id 
    left outer join
        sales_info_status salesinfos7_ 
            on stores0_.sales_info_status_id=salesinfos7_.id 
    left outer join
        sales_info_user salesinfou8_ 
            on stores0_.sales_info_user_id=salesinfou8_.id 
    where
        stores0_.id=?
Hibernate: 
    select
        stores0_.id as id1_12_0_,
        stores0_.created_date as created_2_12_0_,
        stores0_.modified_date as modified3_12_0_,
        stores0_.author_id as author_i9_12_0_,
        stores0_.clothes_info_id as clothes10_12_0_,
        stores0_.colors_name as colors_11_12_0_,
        stores0_.materials_name as materia12_12_0_,
        stores0_.style_name as style_n13_12_0_,
        stores0_.clothes_length as clothes_4_12_0_,
        stores0_.content as content5_12_0_,
        stores0_.price as price6_12_0_,
        stores0_.sales_info_clothes_id as sales_i14_12_0_,
        stores0_.sales_info_status_id as sales_i15_12_0_,
        stores0_.sales_info_user_id as sales_i16_12_0_,
        stores0_.status as status7_12_0_,
        stores0_.title as title8_12_0_,
        members1_.id as id1_6_1_,
        members1_.email as email2_6_1_,
        members1_.image as image3_6_1_,
        members1_.name as name4_6_1_,
        members1_.nickname as nickname5_6_1_,
        members1_.password as password6_6_1_,
        members1_.phone as phone7_6_1_,
        members1_.refresh_token as refresh_8_6_1_,
        members1_.role as role9_6_1_,
        clothesinf2_.id as id1_2_2_,
        clothesinf2_.categoryl as category2_2_2_,
        clothesinf2_.categorys as category3_2_2_,
        clothesinf2_.fit as fit4_2_2_,
        clothesinf2_.length as length5_2_2_,
        colors3_.id as id1_4_3_,
        colors3_.name as name2_4_3_,
        materials4_.id as id1_5_4_,
        materials4_.name as name2_5_4_,
        style5_.id as id1_14_5_,
        style5_.name as name2_14_5_,
        salesinfoc6_.id as id1_9_6_,
        salesinfoc6_.clothes_brand as clothes_2_9_6_,
        salesinfoc6_.clothes_color as clothes_3_9_6_,
        salesinfoc6_.clothes_gender as clothes_4_9_6_,
        salesinfoc6_.clothes_size as clothes_5_9_6_,
        salesinfos7_.id as id1_10_7_,
        salesinfos7_.status_score as status_s2_10_7_,
        salesinfos7_.status_tag as status_t3_10_7_,
        salesinfos7_.status_times as status_t4_10_7_,
        salesinfos7_.status_when2buy as status_w5_10_7_,
        salesinfos7_.transport as transpor6_10_7_,
        salesinfou8_.id as id1_11_8_,
        salesinfou8_.user_height as user_hei2_11_8_,
        salesinfou8_.user_size as user_siz3_11_8_,
        salesinfou8_.user_weight as user_wei4_11_8_ 
    from
        stores stores0_ 
    left outer join
        members members1_ 
            on stores0_.author_id=members1_.id 
    left outer join
        clothes_info clothesinf2_ 
            on stores0_.clothes_info_id=clothesinf2_.id 
    left outer join
        colors colors3_ 
            on stores0_.colors_name=colors3_.name 
    left outer join
        materials materials4_ 
            on stores0_.materials_name=materials4_.name 
    left outer join
        style style5_ 
            on stores0_.style_name=style5_.name 
    left outer join
        sales_info_clothes salesinfoc6_ 
            on stores0_.sales_info_clothes_id=salesinfoc6_.id 
    left outer join
        sales_info_status salesinfos7_ 
            on stores0_.sales_info_status_id=salesinfos7_.id 
    left outer join
        sales_info_user salesinfou8_ 
            on stores0_.sales_info_user_id=salesinfou8_.id 
    where
        stores0_.id=?
Hibernate: 
    select
        stores0_.id as id1_12_0_,
        stores0_.created_date as created_2_12_0_,
        stores0_.modified_date as modified3_12_0_,
        stores0_.author_id as author_i9_12_0_,
        stores0_.clothes_info_id as clothes10_12_0_,
        stores0_.colors_name as colors_11_12_0_,
        stores0_.materials_name as materia12_12_0_,
        stores0_.style_name as style_n13_12_0_,
        stores0_.clothes_length as clothes_4_12_0_,
        stores0_.content as content5_12_0_,
        stores0_.price as price6_12_0_,
        stores0_.sales_info_clothes_id as sales_i14_12_0_,
        stores0_.sales_info_status_id as sales_i15_12_0_,
        stores0_.sales_info_user_id as sales_i16_12_0_,
        stores0_.status as status7_12_0_,
        stores0_.title as title8_12_0_,
        members1_.id as id1_6_1_,
        members1_.email as email2_6_1_,
        members1_.image as image3_6_1_,
        members1_.name as name4_6_1_,
        members1_.nickname as nickname5_6_1_,
        members1_.password as password6_6_1_,
        members1_.phone as phone7_6_1_,
        members1_.refresh_token as refresh_8_6_1_,
        members1_.role as role9_6_1_,
        clothesinf2_.id as id1_2_2_,
        clothesinf2_.categoryl as category2_2_2_,
        clothesinf2_.categorys as category3_2_2_,
        clothesinf2_.fit as fit4_2_2_,
        clothesinf2_.length as length5_2_2_,
        colors3_.id as id1_4_3_,
        colors3_.name as name2_4_3_,
        materials4_.id as id1_5_4_,
        materials4_.name as name2_5_4_,
        style5_.id as id1_14_5_,
        style5_.name as name2_14_5_,
        salesinfoc6_.id as id1_9_6_,
        salesinfoc6_.clothes_brand as clothes_2_9_6_,
        salesinfoc6_.clothes_color as clothes_3_9_6_,
        salesinfoc6_.clothes_gender as clothes_4_9_6_,
        salesinfoc6_.clothes_size as clothes_5_9_6_,
        salesinfos7_.id as id1_10_7_,
        salesinfos7_.status_score as status_s2_10_7_,
        salesinfos7_.status_tag as status_t3_10_7_,
        salesinfos7_.status_times as status_t4_10_7_,
        salesinfos7_.status_when2buy as status_w5_10_7_,
        salesinfos7_.transport as transpor6_10_7_,
        salesinfou8_.id as id1_11_8_,
        salesinfou8_.user_height as user_hei2_11_8_,
        salesinfou8_.user_size as user_siz3_11_8_,
        salesinfou8_.user_weight as user_wei4_11_8_ 
    from
        stores stores0_ 
    left outer join
        members members1_ 
            on stores0_.author_id=members1_.id 
    left outer join
        clothes_info clothesinf2_ 
            on stores0_.clothes_info_id=clothesinf2_.id 
    left outer join
        colors colors3_ 
            on stores0_.colors_name=colors3_.name 
    left outer join
        materials materials4_ 
            on stores0_.materials_name=materials4_.name 
    left outer join
        style style5_ 
            on stores0_.style_name=style5_.name 
    left outer join
        sales_info_clothes salesinfoc6_ 
            on stores0_.sales_info_clothes_id=salesinfoc6_.id 
    left outer join
        sales_info_status salesinfos7_ 
            on stores0_.sales_info_status_id=salesinfos7_.id 
    left outer join
        sales_info_user salesinfou8_ 
            on stores0_.sales_info_user_id=salesinfou8_.id 
    where
        stores0_.id=?
Hibernate: 
    select
        stores0_.id as id1_12_0_,
        stores0_.created_date as created_2_12_0_,
        stores0_.modified_date as modified3_12_0_,
        stores0_.author_id as author_i9_12_0_,
        stores0_.clothes_info_id as clothes10_12_0_,
        stores0_.colors_name as colors_11_12_0_,
        stores0_.materials_name as materia12_12_0_,
        stores0_.style_name as style_n13_12_0_,
        stores0_.clothes_length as clothes_4_12_0_,
        stores0_.content as content5_12_0_,
        stores0_.price as price6_12_0_,
        stores0_.sales_info_clothes_id as sales_i14_12_0_,
        stores0_.sales_info_status_id as sales_i15_12_0_,
        stores0_.sales_info_user_id as sales_i16_12_0_,
        stores0_.status as status7_12_0_,
        stores0_.title as title8_12_0_,
        members1_.id as id1_6_1_,
        members1_.email as email2_6_1_,
        members1_.image as image3_6_1_,
        members1_.name as name4_6_1_,
        members1_.nickname as nickname5_6_1_,
        members1_.password as password6_6_1_,
        members1_.phone as phone7_6_1_,
        members1_.refresh_token as refresh_8_6_1_,
        members1_.role as role9_6_1_,
        clothesinf2_.id as id1_2_2_,
        clothesinf2_.categoryl as category2_2_2_,
        clothesinf2_.categorys as category3_2_2_,
        clothesinf2_.fit as fit4_2_2_,
        clothesinf2_.length as length5_2_2_,
        colors3_.id as id1_4_3_,
        colors3_.name as name2_4_3_,
        materials4_.id as id1_5_4_,
        materials4_.name as name2_5_4_,
        style5_.id as id1_14_5_,
        style5_.name as name2_14_5_,
        salesinfoc6_.id as id1_9_6_,
        salesinfoc6_.clothes_brand as clothes_2_9_6_,
        salesinfoc6_.clothes_color as clothes_3_9_6_,
        salesinfoc6_.clothes_gender as clothes_4_9_6_,
        salesinfoc6_.clothes_size as clothes_5_9_6_,
        salesinfos7_.id as id1_10_7_,
        salesinfos7_.status_score as status_s2_10_7_,
        salesinfos7_.status_tag as status_t3_10_7_,
        salesinfos7_.status_times as status_t4_10_7_,
        salesinfos7_.status_when2buy as status_w5_10_7_,
        salesinfos7_.transport as transpor6_10_7_,
        salesinfou8_.id as id1_11_8_,
        salesinfou8_.user_height as user_hei2_11_8_,
        salesinfou8_.user_size as user_siz3_11_8_,
        salesinfou8_.user_weight as user_wei4_11_8_ 
    from
        stores stores0_ 
    left outer join
        members members1_ 
            on stores0_.author_id=members1_.id 
    left outer join
        clothes_info clothesinf2_ 
            on stores0_.clothes_info_id=clothesinf2_.id 
    left outer join
        colors colors3_ 
            on stores0_.colors_name=colors3_.name 
    left outer join
        materials materials4_ 
            on stores0_.materials_name=materials4_.name 
    left outer join
        style style5_ 
            on stores0_.style_name=style5_.name 
    left outer join
        sales_info_clothes salesinfoc6_ 
            on stores0_.sales_info_clothes_id=salesinfoc6_.id 
    left outer join
        sales_info_status salesinfos7_ 
            on stores0_.sales_info_status_id=salesinfos7_.id 
    left outer join
        sales_info_user salesinfou8_ 
            on stores0_.sales_info_user_id=salesinfou8_.id 
    where
        stores0_.id=?
Hibernate: 
    select
        stores0_.id as id1_12_0_,
        stores0_.created_date as created_2_12_0_,
        stores0_.modified_date as modified3_12_0_,
        stores0_.author_id as author_i9_12_0_,
        stores0_.clothes_info_id as clothes10_12_0_,
        stores0_.colors_name as colors_11_12_0_,
        stores0_.materials_name as materia12_12_0_,
        stores0_.style_name as style_n13_12_0_,
        stores0_.clothes_length as clothes_4_12_0_,
        stores0_.content as content5_12_0_,
        stores0_.price as price6_12_0_,
        stores0_.sales_info_clothes_id as sales_i14_12_0_,
        stores0_.sales_info_status_id as sales_i15_12_0_,
        stores0_.sales_info_user_id as sales_i16_12_0_,
        stores0_.status as status7_12_0_,
        stores0_.title as title8_12_0_,
        members1_.id as id1_6_1_,
        members1_.email as email2_6_1_,
        members1_.image as image3_6_1_,
        members1_.name as name4_6_1_,
        members1_.nickname as nickname5_6_1_,
        members1_.password as password6_6_1_,
        members1_.phone as phone7_6_1_,
        members1_.refresh_token as refresh_8_6_1_,
        members1_.role as role9_6_1_,
        clothesinf2_.id as id1_2_2_,
        clothesinf2_.categoryl as category2_2_2_,
        clothesinf2_.categorys as category3_2_2_,
        clothesinf2_.fit as fit4_2_2_,
        clothesinf2_.length as length5_2_2_,
        colors3_.id as id1_4_3_,
        colors3_.name as name2_4_3_,
        materials4_.id as id1_5_4_,
        materials4_.name as name2_5_4_,
        style5_.id as id1_14_5_,
        style5_.name as name2_14_5_,
        salesinfoc6_.id as id1_9_6_,
        salesinfoc6_.clothes_brand as clothes_2_9_6_,
        salesinfoc6_.clothes_color as clothes_3_9_6_,
        salesinfoc6_.clothes_gender as clothes_4_9_6_,
        salesinfoc6_.clothes_size as clothes_5_9_6_,
        salesinfos7_.id as id1_10_7_,
        salesinfos7_.status_score as status_s2_10_7_,
        salesinfos7_.status_tag as status_t3_10_7_,
        salesinfos7_.status_times as status_t4_10_7_,
        salesinfos7_.status_when2buy as status_w5_10_7_,
        salesinfos7_.transport as transpor6_10_7_,
        salesinfou8_.id as id1_11_8_,
        salesinfou8_.user_height as user_hei2_11_8_,
        salesinfou8_.user_size as user_siz3_11_8_,
        salesinfou8_.user_weight as user_wei4_11_8_ 
    from
        stores stores0_ 
    left outer join
        members members1_ 
            on stores0_.author_id=members1_.id 
    left outer join
        clothes_info clothesinf2_ 
            on stores0_.clothes_info_id=clothesinf2_.id 
    left outer join
        colors colors3_ 
            on stores0_.colors_name=colors3_.name 
    left outer join
        materials materials4_ 
            on stores0_.materials_name=materials4_.name 
    left outer join
        style style5_ 
            on stores0_.style_name=style5_.name 
    left outer join
        sales_info_clothes salesinfoc6_ 
            on stores0_.sales_info_clothes_id=salesinfoc6_.id 
    left outer join
        sales_info_status salesinfos7_ 
            on stores0_.sales_info_status_id=salesinfos7_.id 
    left outer join
        sales_info_user salesinfou8_ 
            on stores0_.sales_info_user_id=salesinfou8_.id 
    where
        stores0_.id=?
Hibernate: 
    select
        stores0_.id as id1_12_0_,
        stores0_.created_date as created_2_12_0_,
        stores0_.modified_date as modified3_12_0_,
        stores0_.author_id as author_i9_12_0_,
        stores0_.clothes_info_id as clothes10_12_0_,
        stores0_.colors_name as colors_11_12_0_,
        stores0_.materials_name as materia12_12_0_,
        stores0_.style_name as style_n13_12_0_,
        stores0_.clothes_length as clothes_4_12_0_,
        stores0_.content as content5_12_0_,
        stores0_.price as price6_12_0_,
        stores0_.sales_info_clothes_id as sales_i14_12_0_,
        stores0_.sales_info_status_id as sales_i15_12_0_,
        stores0_.sales_info_user_id as sales_i16_12_0_,
        stores0_.status as status7_12_0_,
        stores0_.title as title8_12_0_,
        members1_.id as id1_6_1_,
        members1_.email as email2_6_1_,
        members1_.image as image3_6_1_,
        members1_.name as name4_6_1_,
        members1_.nickname as nickname5_6_1_,
        members1_.password as password6_6_1_,
        members1_.phone as phone7_6_1_,
        members1_.refresh_token as refresh_8_6_1_,
        members1_.role as role9_6_1_,
        clothesinf2_.id as id1_2_2_,
        clothesinf2_.categoryl as category2_2_2_,
        clothesinf2_.categorys as category3_2_2_,
        clothesinf2_.fit as fit4_2_2_,
        clothesinf2_.length as length5_2_2_,
        colors3_.id as id1_4_3_,
        colors3_.name as name2_4_3_,
        materials4_.id as id1_5_4_,
        materials4_.name as name2_5_4_,
        style5_.id as id1_14_5_,
        style5_.name as name2_14_5_,
        salesinfoc6_.id as id1_9_6_,
        salesinfoc6_.clothes_brand as clothes_2_9_6_,
        salesinfoc6_.clothes_color as clothes_3_9_6_,
        salesinfoc6_.clothes_gender as clothes_4_9_6_,
        salesinfoc6_.clothes_size as clothes_5_9_6_,
        salesinfos7_.id as id1_10_7_,
        salesinfos7_.status_score as status_s2_10_7_,
        salesinfos7_.status_tag as status_t3_10_7_,
        salesinfos7_.status_times as status_t4_10_7_,
        salesinfos7_.status_when2buy as status_w5_10_7_,
        salesinfos7_.transport as transpor6_10_7_,
        salesinfou8_.id as id1_11_8_,
        salesinfou8_.user_height as user_hei2_11_8_,
        salesinfou8_.user_size as user_siz3_11_8_,
        salesinfou8_.user_weight as user_wei4_11_8_ 
    from
        stores stores0_ 
    left outer join
        members members1_ 
            on stores0_.author_id=members1_.id 
    left outer join
        clothes_info clothesinf2_ 
            on stores0_.clothes_info_id=clothesinf2_.id 
    left outer join
        colors colors3_ 
            on stores0_.colors_name=colors3_.name 
    left outer join
        materials materials4_ 
            on stores0_.materials_name=materials4_.name 
    left outer join
        style style5_ 
            on stores0_.style_name=style5_.name 
    left outer join
        sales_info_clothes salesinfoc6_ 
            on stores0_.sales_info_clothes_id=salesinfoc6_.id 
    left outer join
        sales_info_status salesinfos7_ 
            on stores0_.sales_info_status_id=salesinfos7_.id 
    left outer join
        sales_info_user salesinfou8_ 
            on stores0_.sales_info_user_id=salesinfou8_.id 
    where
        stores0_.id=?
Hibernate: 
    select
        stores0_.id as id1_12_0_,
        stores0_.created_date as created_2_12_0_,
        stores0_.modified_date as modified3_12_0_,
        stores0_.author_id as author_i9_12_0_,
        stores0_.clothes_info_id as clothes10_12_0_,
        stores0_.colors_name as colors_11_12_0_,
        stores0_.materials_name as materia12_12_0_,
        stores0_.style_name as style_n13_12_0_,
        stores0_.clothes_length as clothes_4_12_0_,
        stores0_.content as content5_12_0_,
        stores0_.price as price6_12_0_,
        stores0_.sales_info_clothes_id as sales_i14_12_0_,
        stores0_.sales_info_status_id as sales_i15_12_0_,
        stores0_.sales_info_user_id as sales_i16_12_0_,
        stores0_.status as status7_12_0_,
        stores0_.title as title8_12_0_,
        members1_.id as id1_6_1_,
        members1_.email as email2_6_1_,
        members1_.image as image3_6_1_,
        members1_.name as name4_6_1_,
        members1_.nickname as nickname5_6_1_,
        members1_.password as password6_6_1_,
        members1_.phone as phone7_6_1_,
        members1_.refresh_token as refresh_8_6_1_,
        members1_.role as role9_6_1_,
        clothesinf2_.id as id1_2_2_,
        clothesinf2_.categoryl as category2_2_2_,
        clothesinf2_.categorys as category3_2_2_,
        clothesinf2_.fit as fit4_2_2_,
        clothesinf2_.length as length5_2_2_,
        colors3_.id as id1_4_3_,
        colors3_.name as name2_4_3_,
        materials4_.id as id1_5_4_,
        materials4_.name as name2_5_4_,
        style5_.id as id1_14_5_,
        style5_.name as name2_14_5_,
        salesinfoc6_.id as id1_9_6_,
        salesinfoc6_.clothes_brand as clothes_2_9_6_,
        salesinfoc6_.clothes_color as clothes_3_9_6_,
        salesinfoc6_.clothes_gender as clothes_4_9_6_,
        salesinfoc6_.clothes_size as clothes_5_9_6_,
        salesinfos7_.id as id1_10_7_,
        salesinfos7_.status_score as status_s2_10_7_,
        salesinfos7_.status_tag as status_t3_10_7_,
        salesinfos7_.status_times as status_t4_10_7_,
        salesinfos7_.status_when2buy as status_w5_10_7_,
        salesinfos7_.transport as transpor6_10_7_,
        salesinfou8_.id as id1_11_8_,
        salesinfou8_.user_height as user_hei2_11_8_,
        salesinfou8_.user_size as user_siz3_11_8_,
        salesinfou8_.user_weight as user_wei4_11_8_ 
    from
        stores stores0_ 
    left outer join
        members members1_ 
            on stores0_.author_id=members1_.id 
    left outer join
        clothes_info clothesinf2_ 
            on stores0_.clothes_info_id=clothesinf2_.id 
    left outer join
        colors colors3_ 
            on stores0_.colors_name=colors3_.name 
    left outer join
        materials materials4_ 
            on stores0_.materials_name=materials4_.name 
    left outer join
        style style5_ 
            on stores0_.style_name=style5_.name 
    left outer join
        sales_info_clothes salesinfoc6_ 
            on stores0_.sales_info_clothes_id=salesinfoc6_.id 
    left outer join
        sales_info_status salesinfos7_ 
            on stores0_.sales_info_status_id=salesinfos7_.id 
    left outer join
        sales_info_user salesinfou8_ 
            on stores0_.sales_info_user_id=salesinfou8_.id 
    where
        stores0_.id=?
Hibernate: 
    select
        stores0_.id as id1_12_0_,
        stores0_.created_date as created_2_12_0_,
        stores0_.modified_date as modified3_12_0_,
        stores0_.author_id as author_i9_12_0_,
        stores0_.clothes_info_id as clothes10_12_0_,
        stores0_.colors_name as colors_11_12_0_,
        stores0_.materials_name as materia12_12_0_,
        stores0_.style_name as style_n13_12_0_,
        stores0_.clothes_length as clothes_4_12_0_,
        stores0_.content as content5_12_0_,
        stores0_.price as price6_12_0_,
        stores0_.sales_info_clothes_id as sales_i14_12_0_,
        stores0_.sales_info_status_id as sales_i15_12_0_,
        stores0_.sales_info_user_id as sales_i16_12_0_,
        stores0_.status as status7_12_0_,
        stores0_.title as title8_12_0_,
        members1_.id as id1_6_1_,
        members1_.email as email2_6_1_,
        members1_.image as image3_6_1_,
        members1_.name as name4_6_1_,
        members1_.nickname as nickname5_6_1_,
        members1_.password as password6_6_1_,
        members1_.phone as phone7_6_1_,
        members1_.refresh_token as refresh_8_6_1_,
        members1_.role as role9_6_1_,
        clothesinf2_.id as id1_2_2_,
        clothesinf2_.categoryl as category2_2_2_,
        clothesinf2_.categorys as category3_2_2_,
        clothesinf2_.fit as fit4_2_2_,
        clothesinf2_.length as length5_2_2_,
        colors3_.id as id1_4_3_,
        colors3_.name as name2_4_3_,
        materials4_.id as id1_5_4_,
        materials4_.name as name2_5_4_,
        style5_.id as id1_14_5_,
        style5_.name as name2_14_5_,
        salesinfoc6_.id as id1_9_6_,
        salesinfoc6_.clothes_brand as clothes_2_9_6_,
        salesinfoc6_.clothes_color as clothes_3_9_6_,
        salesinfoc6_.clothes_gender as clothes_4_9_6_,
        salesinfoc6_.clothes_size as clothes_5_9_6_,
        salesinfos7_.id as id1_10_7_,
        salesinfos7_.status_score as status_s2_10_7_,
        salesinfos7_.status_tag as status_t3_10_7_,
        salesinfos7_.status_times as status_t4_10_7_,
        salesinfos7_.status_when2buy as status_w5_10_7_,
        salesinfos7_.transport as transpor6_10_7_,
        salesinfou8_.id as id1_11_8_,
        salesinfou8_.user_height as user_hei2_11_8_,
        salesinfou8_.user_size as user_siz3_11_8_,
        salesinfou8_.user_weight as user_wei4_11_8_ 
    from
        stores stores0_ 
    left outer join
        members members1_ 
            on stores0_.author_id=members1_.id 
    left outer join
        clothes_info clothesinf2_ 
            on stores0_.clothes_info_id=clothesinf2_.id 
    left outer join
        colors colors3_ 
            on stores0_.colors_name=colors3_.name 
    left outer join
        materials materials4_ 
            on stores0_.materials_name=materials4_.name 
    left outer join
        style style5_ 
            on stores0_.style_name=style5_.name 
    left outer join
        sales_info_clothes salesinfoc6_ 
            on stores0_.sales_info_clothes_id=salesinfoc6_.id 
    left outer join
        sales_info_status salesinfos7_ 
            on stores0_.sales_info_status_id=salesinfos7_.id 
    left outer join
        sales_info_user salesinfou8_ 
            on stores0_.sales_info_user_id=salesinfou8_.id 
    where
        stores0_.id=?
Hibernate: 
    select
        stores0_.id as id1_12_0_,
        stores0_.created_date as created_2_12_0_,
        stores0_.modified_date as modified3_12_0_,
        stores0_.author_id as author_i9_12_0_,
        stores0_.clothes_info_id as clothes10_12_0_,
        stores0_.colors_name as colors_11_12_0_,
        stores0_.materials_name as materia12_12_0_,
        stores0_.style_name as style_n13_12_0_,
        stores0_.clothes_length as clothes_4_12_0_,
        stores0_.content as content5_12_0_,
        stores0_.price as price6_12_0_,
        stores0_.sales_info_clothes_id as sales_i14_12_0_,
        stores0_.sales_info_status_id as sales_i15_12_0_,
        stores0_.sales_info_user_id as sales_i16_12_0_,
        stores0_.status as status7_12_0_,
        stores0_.title as title8_12_0_,
        members1_.id as id1_6_1_,
        members1_.email as email2_6_1_,
        members1_.image as image3_6_1_,
        members1_.name as name4_6_1_,
        members1_.nickname as nickname5_6_1_,
        members1_.password as password6_6_1_,
        members1_.phone as phone7_6_1_,
        members1_.refresh_token as refresh_8_6_1_,
        members1_.role as role9_6_1_,
        clothesinf2_.id as id1_2_2_,
        clothesinf2_.categoryl as category2_2_2_,
        clothesinf2_.categorys as category3_2_2_,
        clothesinf2_.fit as fit4_2_2_,
        clothesinf2_.length as length5_2_2_,
        colors3_.id as id1_4_3_,
        colors3_.name as name2_4_3_,
        materials4_.id as id1_5_4_,
        materials4_.name as name2_5_4_,
        style5_.id as id1_14_5_,
        style5_.name as name2_14_5_,
        salesinfoc6_.id as id1_9_6_,
        salesinfoc6_.clothes_brand as clothes_2_9_6_,
        salesinfoc6_.clothes_color as clothes_3_9_6_,
        salesinfoc6_.clothes_gender as clothes_4_9_6_,
        salesinfoc6_.clothes_size as clothes_5_9_6_,
        salesinfos7_.id as id1_10_7_,
        salesinfos7_.status_score as status_s2_10_7_,
        salesinfos7_.status_tag as status_t3_10_7_,
        salesinfos7_.status_times as status_t4_10_7_,
        salesinfos7_.status_when2buy as status_w5_10_7_,
        salesinfos7_.transport as transpor6_10_7_,
        salesinfou8_.id as id1_11_8_,
        salesinfou8_.user_height as user_hei2_11_8_,
        salesinfou8_.user_size as user_siz3_11_8_,
        salesinfou8_.user_weight as user_wei4_11_8_ 
    from
        stores stores0_ 
    left outer join
        members members1_ 
            on stores0_.author_id=members1_.id 
    left outer join
        clothes_info clothesinf2_ 
            on stores0_.clothes_info_id=clothesinf2_.id 
    left outer join
        colors colors3_ 
            on stores0_.colors_name=colors3_.name 
    left outer join
        materials materials4_ 
            on stores0_.materials_name=materials4_.name 
    left outer join
        style style5_ 
            on stores0_.style_name=style5_.name 
    left outer join
        sales_info_clothes salesinfoc6_ 
            on stores0_.sales_info_clothes_id=salesinfoc6_.id 
    left outer join
        sales_info_status salesinfos7_ 
            on stores0_.sales_info_status_id=salesinfos7_.id 
    left outer join
        sales_info_user salesinfou8_ 
            on stores0_.sales_info_user_id=salesinfou8_.id 
    where
        stores0_.id=?
Hibernate: 
    select
        stores0_.id as id1_12_0_,
        stores0_.created_date as created_2_12_0_,
        stores0_.modified_date as modified3_12_0_,
        stores0_.author_id as author_i9_12_0_,
        stores0_.clothes_info_id as clothes10_12_0_,
        stores0_.colors_name as colors_11_12_0_,
        stores0_.materials_name as materia12_12_0_,
        stores0_.style_name as style_n13_12_0_,
        stores0_.clothes_length as clothes_4_12_0_,
        stores0_.content as content5_12_0_,
        stores0_.price as price6_12_0_,
        stores0_.sales_info_clothes_id as sales_i14_12_0_,
        stores0_.sales_info_status_id as sales_i15_12_0_,
        stores0_.sales_info_user_id as sales_i16_12_0_,
        stores0_.status as status7_12_0_,
        stores0_.title as title8_12_0_,
        members1_.id as id1_6_1_,
        members1_.email as email2_6_1_,
        members1_.image as image3_6_1_,
        members1_.name as name4_6_1_,
        members1_.nickname as nickname5_6_1_,
        members1_.password as password6_6_1_,
        members1_.phone as phone7_6_1_,
        members1_.refresh_token as refresh_8_6_1_,
        members1_.role as role9_6_1_,
        clothesinf2_.id as id1_2_2_,
        clothesinf2_.categoryl as category2_2_2_,
        clothesinf2_.categorys as category3_2_2_,
        clothesinf2_.fit as fit4_2_2_,
        clothesinf2_.length as length5_2_2_,
        colors3_.id as id1_4_3_,
        colors3_.name as name2_4_3_,
        materials4_.id as id1_5_4_,
        materials4_.name as name2_5_4_,
        style5_.id as id1_14_5_,
        style5_.name as name2_14_5_,
        salesinfoc6_.id as id1_9_6_,
        salesinfoc6_.clothes_brand as clothes_2_9_6_,
        salesinfoc6_.clothes_color as clothes_3_9_6_,
        salesinfoc6_.clothes_gender as clothes_4_9_6_,
        salesinfoc6_.clothes_size as clothes_5_9_6_,
        salesinfos7_.id as id1_10_7_,
        salesinfos7_.status_score as status_s2_10_7_,
        salesinfos7_.status_tag as status_t3_10_7_,
        salesinfos7_.status_times as status_t4_10_7_,
        salesinfos7_.status_when2buy as status_w5_10_7_,
        salesinfos7_.transport as transpor6_10_7_,
        salesinfou8_.id as id1_11_8_,
        salesinfou8_.user_height as user_hei2_11_8_,
        salesinfou8_.user_size as user_siz3_11_8_,
        salesinfou8_.user_weight as user_wei4_11_8_ 
    from
        stores stores0_ 
    left outer join
        members members1_ 
            on stores0_.author_id=members1_.id 
    left outer join
        clothes_info clothesinf2_ 
            on stores0_.clothes_info_id=clothesinf2_.id 
    left outer join
        colors colors3_ 
            on stores0_.colors_name=colors3_.name 
    left outer join
        materials materials4_ 
            on stores0_.materials_name=materials4_.name 
    left outer join
        style style5_ 
            on stores0_.style_name=style5_.name 
    left outer join
        sales_info_clothes salesinfoc6_ 
            on stores0_.sales_info_clothes_id=salesinfoc6_.id 
    left outer join
        sales_info_status salesinfos7_ 
            on stores0_.sales_info_status_id=salesinfos7_.id 
    left outer join
        sales_info_user salesinfou8_ 
            on stores0_.sales_info_user_id=salesinfou8_.id 
    where
        stores0_.id=?
Hibernate: 
    select
        stores0_.id as id1_12_0_,
        stores0_.created_date as created_2_12_0_,
        stores0_.modified_date as modified3_12_0_,
        stores0_.author_id as author_i9_12_0_,
        stores0_.clothes_info_id as clothes10_12_0_,
        stores0_.colors_name as colors_11_12_0_,
        stores0_.materials_name as materia12_12_0_,
        stores0_.style_name as style_n13_12_0_,
        stores0_.clothes_length as clothes_4_12_0_,
        stores0_.content as content5_12_0_,
        stores0_.price as price6_12_0_,
        stores0_.sales_info_clothes_id as sales_i14_12_0_,
        stores0_.sales_info_status_id as sales_i15_12_0_,
        stores0_.sales_info_user_id as sales_i16_12_0_,
        stores0_.status as status7_12_0_,
        stores0_.title as title8_12_0_,
        members1_.id as id1_6_1_,
        members1_.email as email2_6_1_,
        members1_.image as image3_6_1_,
        members1_.name as name4_6_1_,
        members1_.nickname as nickname5_6_1_,
        members1_.password as password6_6_1_,
        members1_.phone as phone7_6_1_,
        members1_.refresh_token as refresh_8_6_1_,
        members1_.role as role9_6_1_,
        clothesinf2_.id as id1_2_2_,
        clothesinf2_.categoryl as category2_2_2_,
        clothesinf2_.categorys as category3_2_2_,
        clothesinf2_.fit as fit4_2_2_,
        clothesinf2_.length as length5_2_2_,
        colors3_.id as id1_4_3_,
        colors3_.name as name2_4_3_,
        materials4_.id as id1_5_4_,
        materials4_.name as name2_5_4_,
        style5_.id as id1_14_5_,
        style5_.name as name2_14_5_,
        salesinfoc6_.id as id1_9_6_,
        salesinfoc6_.clothes_brand as clothes_2_9_6_,
        salesinfoc6_.clothes_color as clothes_3_9_6_,
        salesinfoc6_.clothes_gender as clothes_4_9_6_,
        salesinfoc6_.clothes_size as clothes_5_9_6_,
        salesinfos7_.id as id1_10_7_,
        salesinfos7_.status_score as status_s2_10_7_,
        salesinfos7_.status_tag as status_t3_10_7_,
        salesinfos7_.status_times as status_t4_10_7_,
        salesinfos7_.status_when2buy as status_w5_10_7_,
        salesinfos7_.transport as transpor6_10_7_,
        salesinfou8_.id as id1_11_8_,
        salesinfou8_.user_height as user_hei2_11_8_,
        salesinfou8_.user_size as user_siz3_11_8_,
        salesinfou8_.user_weight as user_wei4_11_8_ 
    from
        stores stores0_ 
    left outer join
        members members1_ 
            on stores0_.author_id=members1_.id 
    left outer join
        clothes_info clothesinf2_ 
            on stores0_.clothes_info_id=clothesinf2_.id 
    left outer join
        colors colors3_ 
            on stores0_.colors_name=colors3_.name 
    left outer join
        materials materials4_ 
            on stores0_.materials_name=materials4_.name 
    left outer join
        style style5_ 
            on stores0_.style_name=style5_.name 
    left outer join
        sales_info_clothes salesinfoc6_ 
            on stores0_.sales_info_clothes_id=salesinfoc6_.id 
    left outer join
        sales_info_status salesinfos7_ 
            on stores0_.sales_info_status_id=salesinfos7_.id 
    left outer join
        sales_info_user salesinfou8_ 
            on stores0_.sales_info_user_id=salesinfou8_.id 
    where
        stores0_.id=?
Hibernate: 
    select
        stores0_.id as id1_12_0_,
        stores0_.created_date as created_2_12_0_,
        stores0_.modified_date as modified3_12_0_,
        stores0_.author_id as author_i9_12_0_,
        stores0_.clothes_info_id as clothes10_12_0_,
        stores0_.colors_name as colors_11_12_0_,
        stores0_.materials_name as materia12_12_0_,
        stores0_.style_name as style_n13_12_0_,
        stores0_.clothes_length as clothes_4_12_0_,
        stores0_.content as content5_12_0_,
        stores0_.price as price6_12_0_,
        stores0_.sales_info_clothes_id as sales_i14_12_0_,
        stores0_.sales_info_status_id as sales_i15_12_0_,
        stores0_.sales_info_user_id as sales_i16_12_0_,
        stores0_.status as status7_12_0_,
        stores0_.title as title8_12_0_,
        members1_.id as id1_6_1_,
        members1_.email as email2_6_1_,
        members1_.image as image3_6_1_,
        members1_.name as name4_6_1_,
        members1_.nickname as nickname5_6_1_,
        members1_.password as password6_6_1_,
        members1_.phone as phone7_6_1_,
        members1_.refresh_token as refresh_8_6_1_,
        members1_.role as role9_6_1_,
        clothesinf2_.id as id1_2_2_,
        clothesinf2_.categoryl as category2_2_2_,
        clothesinf2_.categorys as category3_2_2_,
        clothesinf2_.fit as fit4_2_2_,
        clothesinf2_.length as length5_2_2_,
        colors3_.id as id1_4_3_,
        colors3_.name as name2_4_3_,
        materials4_.id as id1_5_4_,
        materials4_.name as name2_5_4_,
        style5_.id as id1_14_5_,
        style5_.name as name2_14_5_,
        salesinfoc6_.id as id1_9_6_,
        salesinfoc6_.clothes_brand as clothes_2_9_6_,
        salesinfoc6_.clothes_color as clothes_3_9_6_,
        salesinfoc6_.clothes_gender as clothes_4_9_6_,
        salesinfoc6_.clothes_size as clothes_5_9_6_,
        salesinfos7_.id as id1_10_7_,
        salesinfos7_.status_score as status_s2_10_7_,
        salesinfos7_.status_tag as status_t3_10_7_,
        salesinfos7_.status_times as status_t4_10_7_,
        salesinfos7_.status_when2buy as status_w5_10_7_,
        salesinfos7_.transport as transpor6_10_7_,
        salesinfou8_.id as id1_11_8_,
        salesinfou8_.user_height as user_hei2_11_8_,
        salesinfou8_.user_size as user_siz3_11_8_,
        salesinfou8_.user_weight as user_wei4_11_8_ 
    from
        stores stores0_ 
    left outer join
        members members1_ 
            on stores0_.author_id=members1_.id 
    left outer join
        clothes_info clothesinf2_ 
            on stores0_.clothes_info_id=clothesinf2_.id 
    left outer join
        colors colors3_ 
            on stores0_.colors_name=colors3_.name 
    left outer join
        materials materials4_ 
            on stores0_.materials_name=materials4_.name 
    left outer join
        style style5_ 
            on stores0_.style_name=style5_.name 
    left outer join
        sales_info_clothes salesinfoc6_ 
            on stores0_.sales_info_clothes_id=salesinfoc6_.id 
    left outer join
        sales_info_status salesinfos7_ 
            on stores0_.sales_info_status_id=salesinfos7_.id 
    left outer join
        sales_info_user salesinfou8_ 
            on stores0_.sales_info_user_id=salesinfou8_.id 
    where
        stores0_.id=?
Hibernate: 
    select
        stores0_.id as id1_12_0_,
        stores0_.created_date as created_2_12_0_,
        stores0_.modified_date as modified3_12_0_,
        stores0_.author_id as author_i9_12_0_,
        stores0_.clothes_info_id as clothes10_12_0_,
        stores0_.colors_name as colors_11_12_0_,
        stores0_.materials_name as materia12_12_0_,
        stores0_.style_name as style_n13_12_0_,
        stores0_.clothes_length as clothes_4_12_0_,
        stores0_.content as content5_12_0_,
        stores0_.price as price6_12_0_,
        stores0_.sales_info_clothes_id as sales_i14_12_0_,
        stores0_.sales_info_status_id as sales_i15_12_0_,
        stores0_.sales_info_user_id as sales_i16_12_0_,
        stores0_.status as status7_12_0_,
        stores0_.title as title8_12_0_,
        members1_.id as id1_6_1_,
        members1_.email as email2_6_1_,
        members1_.image as image3_6_1_,
        members1_.name as name4_6_1_,
        members1_.nickname as nickname5_6_1_,
        members1_.password as password6_6_1_,
        members1_.phone as phone7_6_1_,
        members1_.refresh_token as refresh_8_6_1_,
        members1_.role as role9_6_1_,
        clothesinf2_.id as id1_2_2_,
        clothesinf2_.categoryl as category2_2_2_,
        clothesinf2_.categorys as category3_2_2_,
        clothesinf2_.fit as fit4_2_2_,
        clothesinf2_.length as length5_2_2_,
        colors3_.id as id1_4_3_,
        colors3_.name as name2_4_3_,
        materials4_.id as id1_5_4_,
        materials4_.name as name2_5_4_,
        style5_.id as id1_14_5_,
        style5_.name as name2_14_5_,
        salesinfoc6_.id as id1_9_6_,
        salesinfoc6_.clothes_brand as clothes_2_9_6_,
        salesinfoc6_.clothes_color as clothes_3_9_6_,
        salesinfoc6_.clothes_gender as clothes_4_9_6_,
        salesinfoc6_.clothes_size as clothes_5_9_6_,
        salesinfos7_.id as id1_10_7_,
        salesinfos7_.status_score as status_s2_10_7_,
        salesinfos7_.status_tag as status_t3_10_7_,
        salesinfos7_.status_times as status_t4_10_7_,
        salesinfos7_.status_when2buy as status_w5_10_7_,
        salesinfos7_.transport as transpor6_10_7_,
        salesinfou8_.id as id1_11_8_,
        salesinfou8_.user_height as user_hei2_11_8_,
        salesinfou8_.user_size as user_siz3_11_8_,
        salesinfou8_.user_weight as user_wei4_11_8_ 
    from
        stores stores0_ 
    left outer join
        members members1_ 
            on stores0_.author_id=members1_.id 
    left outer join
        clothes_info clothesinf2_ 
            on stores0_.clothes_info_id=clothesinf2_.id 
    left outer join
        colors colors3_ 
            on stores0_.colors_name=colors3_.name 
    left outer join
        materials materials4_ 
            on stores0_.materials_name=materials4_.name 
    left outer join
        style style5_ 
            on stores0_.style_name=style5_.name 
    left outer join
        sales_info_clothes salesinfoc6_ 
            on stores0_.sales_info_clothes_id=salesinfoc6_.id 
    left outer join
        sales_info_status salesinfos7_ 
            on stores0_.sales_info_status_id=salesinfos7_.id 
    left outer join
        sales_info_user salesinfou8_ 
            on stores0_.sales_info_user_id=salesinfou8_.id 
    where
        stores0_.id=?
Hibernate: 
    select
        stores0_.id as id1_12_0_,
        stores0_.created_date as created_2_12_0_,
        stores0_.modified_date as modified3_12_0_,
        stores0_.author_id as author_i9_12_0_,
        stores0_.clothes_info_id as clothes10_12_0_,
        stores0_.colors_name as colors_11_12_0_,
        stores0_.materials_name as materia12_12_0_,
        stores0_.style_name as style_n13_12_0_,
        stores0_.clothes_length as clothes_4_12_0_,
        stores0_.content as content5_12_0_,
        stores0_.price as price6_12_0_,
        stores0_.sales_info_clothes_id as sales_i14_12_0_,
        stores0_.sales_info_status_id as sales_i15_12_0_,
        stores0_.sales_info_user_id as sales_i16_12_0_,
        stores0_.status as status7_12_0_,
        stores0_.title as title8_12_0_,
        members1_.id as id1_6_1_,
        members1_.email as email2_6_1_,
        members1_.image as image3_6_1_,
        members1_.name as name4_6_1_,
        members1_.nickname as nickname5_6_1_,
        members1_.password as password6_6_1_,
        members1_.phone as phone7_6_1_,
        members1_.refresh_token as refresh_8_6_1_,
        members1_.role as role9_6_1_,
        clothesinf2_.id as id1_2_2_,
        clothesinf2_.categoryl as category2_2_2_,
        clothesinf2_.categorys as category3_2_2_,
        clothesinf2_.fit as fit4_2_2_,
        clothesinf2_.length as length5_2_2_,
        colors3_.id as id1_4_3_,
        colors3_.name as name2_4_3_,
        materials4_.id as id1_5_4_,
        materials4_.name as name2_5_4_,
        style5_.id as id1_14_5_,
        style5_.name as name2_14_5_,
        salesinfoc6_.id as id1_9_6_,
        salesinfoc6_.clothes_brand as clothes_2_9_6_,
        salesinfoc6_.clothes_color as clothes_3_9_6_,
        salesinfoc6_.clothes_gender as clothes_4_9_6_,
        salesinfoc6_.clothes_size as clothes_5_9_6_,
        salesinfos7_.id as id1_10_7_,
        salesinfos7_.status_score as status_s2_10_7_,
        salesinfos7_.status_tag as status_t3_10_7_,
        salesinfos7_.status_times as status_t4_10_7_,
        salesinfos7_.status_when2buy as status_w5_10_7_,
        salesinfos7_.transport as transpor6_10_7_,
        salesinfou8_.id as id1_11_8_,
        salesinfou8_.user_height as user_hei2_11_8_,
        salesinfou8_.user_size as user_siz3_11_8_,
        salesinfou8_.user_weight as user_wei4_11_8_ 
    from
        stores stores0_ 
    left outer join
        members members1_ 
            on stores0_.author_id=members1_.id 
    left outer join
        clothes_info clothesinf2_ 
            on stores0_.clothes_info_id=clothesinf2_.id 
    left outer join
        colors colors3_ 
            on stores0_.colors_name=colors3_.name 
    left outer join
        materials materials4_ 
            on stores0_.materials_name=materials4_.name 
    left outer join
        style style5_ 
            on stores0_.style_name=style5_.name 
    left outer join
        sales_info_clothes salesinfoc6_ 
            on stores0_.sales_info_clothes_id=salesinfoc6_.id 
    left outer join
        sales_info_status salesinfos7_ 
            on stores0_.sales_info_status_id=salesinfos7_.id 
    left outer join
        sales_info_user salesinfou8_ 
            on stores0_.sales_info_user_id=salesinfou8_.id 
    where
        stores0_.id=?
Hibernate: 
    select
        stores0_.id as id1_12_0_,
        stores0_.created_date as created_2_12_0_,
        stores0_.modified_date as modified3_12_0_,
        stores0_.author_id as author_i9_12_0_,
        stores0_.clothes_info_id as clothes10_12_0_,
        stores0_.colors_name as colors_11_12_0_,
        stores0_.materials_name as materia12_12_0_,
        stores0_.style_name as style_n13_12_0_,
        stores0_.clothes_length as clothes_4_12_0_,
        stores0_.content as content5_12_0_,
        stores0_.price as price6_12_0_,
        stores0_.sales_info_clothes_id as sales_i14_12_0_,
        stores0_.sales_info_status_id as sales_i15_12_0_,
        stores0_.sales_info_user_id as sales_i16_12_0_,
        stores0_.status as status7_12_0_,
        stores0_.title as title8_12_0_,
        members1_.id as id1_6_1_,
        members1_.email as email2_6_1_,
        members1_.image as image3_6_1_,
        members1_.name as name4_6_1_,
        members1_.nickname as nickname5_6_1_,
        members1_.password as password6_6_1_,
        members1_.phone as phone7_6_1_,
        members1_.refresh_token as refresh_8_6_1_,
        members1_.role as role9_6_1_,
        clothesinf2_.id as id1_2_2_,
        clothesinf2_.categoryl as category2_2_2_,
        clothesinf2_.categorys as category3_2_2_,
        clothesinf2_.fit as fit4_2_2_,
        clothesinf2_.length as length5_2_2_,
        colors3_.id as id1_4_3_,
        colors3_.name as name2_4_3_,
        materials4_.id as id1_5_4_,
        materials4_.name as name2_5_4_,
        style5_.id as id1_14_5_,
        style5_.name as name2_14_5_,
        salesinfoc6_.id as id1_9_6_,
        salesinfoc6_.clothes_brand as clothes_2_9_6_,
        salesinfoc6_.clothes_color as clothes_3_9_6_,
        salesinfoc6_.clothes_gender as clothes_4_9_6_,
        salesinfoc6_.clothes_size as clothes_5_9_6_,
        salesinfos7_.id as id1_10_7_,
        salesinfos7_.status_score as status_s2_10_7_,
        salesinfos7_.status_tag as status_t3_10_7_,
        salesinfos7_.status_times as status_t4_10_7_,
        salesinfos7_.status_when2buy as status_w5_10_7_,
        salesinfos7_.transport as transpor6_10_7_,
        salesinfou8_.id as id1_11_8_,
        salesinfou8_.user_height as user_hei2_11_8_,
        salesinfou8_.user_size as user_siz3_11_8_,
        salesinfou8_.user_weight as user_wei4_11_8_ 
    from
        stores stores0_ 
    left outer join
        members members1_ 
            on stores0_.author_id=members1_.id 
    left outer join
        clothes_info clothesinf2_ 
            on stores0_.clothes_info_id=clothesinf2_.id 
    left outer join
        colors colors3_ 
            on stores0_.colors_name=colors3_.name 
    left outer join
        materials materials4_ 
            on stores0_.materials_name=materials4_.name 
    left outer join
        style style5_ 
            on stores0_.style_name=style5_.name 
    left outer join
        sales_info_clothes salesinfoc6_ 
            on stores0_.sales_info_clothes_id=salesinfoc6_.id 
    left outer join
        sales_info_status salesinfos7_ 
            on stores0_.sales_info_status_id=salesinfos7_.id 
    left outer join
        sales_info_user salesinfou8_ 
            on stores0_.sales_info_user_id=salesinfou8_.id 
    where
        stores0_.id=?
Hibernate: 
    select
        stores0_.id as id1_12_0_,
        stores0_.created_date as created_2_12_0_,
        stores0_.modified_date as modified3_12_0_,
        stores0_.author_id as author_i9_12_0_,
        stores0_.clothes_info_id as clothes10_12_0_,
        stores0_.colors_name as colors_11_12_0_,
        stores0_.materials_name as materia12_12_0_,
        stores0_.style_name as style_n13_12_0_,
        stores0_.clothes_length as clothes_4_12_0_,
        stores0_.content as content5_12_0_,
        stores0_.price as price6_12_0_,
        stores0_.sales_info_clothes_id as sales_i14_12_0_,
        stores0_.sales_info_status_id as sales_i15_12_0_,
        stores0_.sales_info_user_id as sales_i16_12_0_,
        stores0_.status as status7_12_0_,
        stores0_.title as title8_12_0_,
        members1_.id as id1_6_1_,
        members1_.email as email2_6_1_,
        members1_.image as image3_6_1_,
        members1_.name as name4_6_1_,
        members1_.nickname as nickname5_6_1_,
        members1_.password as password6_6_1_,
        members1_.phone as phone7_6_1_,
        members1_.refresh_token as refresh_8_6_1_,
        members1_.role as role9_6_1_,
        clothesinf2_.id as id1_2_2_,
        clothesinf2_.categoryl as category2_2_2_,
        clothesinf2_.categorys as category3_2_2_,
        clothesinf2_.fit as fit4_2_2_,
        clothesinf2_.length as length5_2_2_,
        colors3_.id as id1_4_3_,
        colors3_.name as name2_4_3_,
        materials4_.id as id1_5_4_,
        materials4_.name as name2_5_4_,
        style5_.id as id1_14_5_,
        style5_.name as name2_14_5_,
        salesinfoc6_.id as id1_9_6_,
        salesinfoc6_.clothes_brand as clothes_2_9_6_,
        salesinfoc6_.clothes_color as clothes_3_9_6_,
        salesinfoc6_.clothes_gender as clothes_4_9_6_,
        salesinfoc6_.clothes_size as clothes_5_9_6_,
        salesinfos7_.id as id1_10_7_,
        salesinfos7_.status_score as status_s2_10_7_,
        salesinfos7_.status_tag as status_t3_10_7_,
        salesinfos7_.status_times as status_t4_10_7_,
        salesinfos7_.status_when2buy as status_w5_10_7_,
        salesinfos7_.transport as transpor6_10_7_,
        salesinfou8_.id as id1_11_8_,
        salesinfou8_.user_height as user_hei2_11_8_,
        salesinfou8_.user_size as user_siz3_11_8_,
        salesinfou8_.user_weight as user_wei4_11_8_ 
    from
        stores stores0_ 
    left outer join
        members members1_ 
            on stores0_.author_id=members1_.id 
    left outer join
        clothes_info clothesinf2_ 
            on stores0_.clothes_info_id=clothesinf2_.id 
    left outer join
        colors colors3_ 
            on stores0_.colors_name=colors3_.name 
    left outer join
        materials materials4_ 
            on stores0_.materials_name=materials4_.name 
    left outer join
        style style5_ 
            on stores0_.style_name=style5_.name 
    left outer join
        sales_info_clothes salesinfoc6_ 
            on stores0_.sales_info_clothes_id=salesinfoc6_.id 
    left outer join
        sales_info_status salesinfos7_ 
            on stores0_.sales_info_status_id=salesinfos7_.id 
    left outer join
        sales_info_user salesinfou8_ 
            on stores0_.sales_info_user_id=salesinfou8_.id 
    where
        stores0_.id=?
Hibernate: 
    select
        stores0_.id as id1_12_0_,
        stores0_.created_date as created_2_12_0_,
        stores0_.modified_date as modified3_12_0_,
        stores0_.author_id as author_i9_12_0_,
        stores0_.clothes_info_id as clothes10_12_0_,
        stores0_.colors_name as colors_11_12_0_,
        stores0_.materials_name as materia12_12_0_,
        stores0_.style_name as style_n13_12_0_,
        stores0_.clothes_length as clothes_4_12_0_,
        stores0_.content as content5_12_0_,
        stores0_.price as price6_12_0_,
        stores0_.sales_info_clothes_id as sales_i14_12_0_,
        stores0_.sales_info_status_id as sales_i15_12_0_,
        stores0_.sales_info_user_id as sales_i16_12_0_,
        stores0_.status as status7_12_0_,
        stores0_.title as title8_12_0_,
        members1_.id as id1_6_1_,
        members1_.email as email2_6_1_,
        members1_.image as image3_6_1_,
        members1_.name as name4_6_1_,
        members1_.nickname as nickname5_6_1_,
        members1_.password as password6_6_1_,
        members1_.phone as phone7_6_1_,
        members1_.refresh_token as refresh_8_6_1_,
        members1_.role as role9_6_1_,
        clothesinf2_.id as id1_2_2_,
        clothesinf2_.categoryl as category2_2_2_,
        clothesinf2_.categorys as category3_2_2_,
        clothesinf2_.fit as fit4_2_2_,
        clothesinf2_.length as length5_2_2_,
        colors3_.id as id1_4_3_,
        colors3_.name as name2_4_3_,
        materials4_.id as id1_5_4_,
        materials4_.name as name2_5_4_,
        style5_.id as id1_14_5_,
        style5_.name as name2_14_5_,
        salesinfoc6_.id as id1_9_6_,
        salesinfoc6_.clothes_brand as clothes_2_9_6_,
        salesinfoc6_.clothes_color as clothes_3_9_6_,
        salesinfoc6_.clothes_gender as clothes_4_9_6_,
        salesinfoc6_.clothes_size as clothes_5_9_6_,
        salesinfos7_.id as id1_10_7_,
        salesinfos7_.status_score as status_s2_10_7_,
        salesinfos7_.status_tag as status_t3_10_7_,
        salesinfos7_.status_times as status_t4_10_7_,
        salesinfos7_.status_when2buy as status_w5_10_7_,
        salesinfos7_.transport as transpor6_10_7_,
        salesinfou8_.id as id1_11_8_,
        salesinfou8_.user_height as user_hei2_11_8_,
        salesinfou8_.user_size as user_siz3_11_8_,
        salesinfou8_.user_weight as user_wei4_11_8_ 
    from
        stores stores0_ 
    left outer join
        members members1_ 
            on stores0_.author_id=members1_.id 
    left outer join
        clothes_info clothesinf2_ 
            on stores0_.clothes_info_id=clothesinf2_.id 
    left outer join
        colors colors3_ 
            on stores0_.colors_name=colors3_.name 
    left outer join
        materials materials4_ 
            on stores0_.materials_name=materials4_.name 
    left outer join
        style style5_ 
            on stores0_.style_name=style5_.name 
    left outer join
        sales_info_clothes salesinfoc6_ 
            on stores0_.sales_info_clothes_id=salesinfoc6_.id 
    left outer join
        sales_info_status salesinfos7_ 
            on stores0_.sales_info_status_id=salesinfos7_.id 
    left outer join
        sales_info_user salesinfou8_ 
            on stores0_.sales_info_user_id=salesinfou8_.id 
    where
        stores0_.id=?
Hibernate: 
    select
        stores0_.id as id1_12_0_,
        stores0_.created_date as created_2_12_0_,
        stores0_.modified_date as modified3_12_0_,
        stores0_.author_id as author_i9_12_0_,
        stores0_.clothes_info_id as clothes10_12_0_,
        stores0_.colors_name as colors_11_12_0_,
        stores0_.materials_name as materia12_12_0_,
        stores0_.style_name as style_n13_12_0_,
        stores0_.clothes_length as clothes_4_12_0_,
        stores0_.content as content5_12_0_,
        stores0_.price as price6_12_0_,
        stores0_.sales_info_clothes_id as sales_i14_12_0_,
        stores0_.sales_info_status_id as sales_i15_12_0_,
        stores0_.sales_info_user_id as sales_i16_12_0_,
        stores0_.status as status7_12_0_,
        stores0_.title as title8_12_0_,
        members1_.id as id1_6_1_,
        members1_.email as email2_6_1_,
        members1_.image as image3_6_1_,
        members1_.name as name4_6_1_,
        members1_.nickname as nickname5_6_1_,
        members1_.password as password6_6_1_,
        members1_.phone as phone7_6_1_,
        members1_.refresh_token as refresh_8_6_1_,
        members1_.role as role9_6_1_,
        clothesinf2_.id as id1_2_2_,
        clothesinf2_.categoryl as category2_2_2_,
        clothesinf2_.categorys as category3_2_2_,
        clothesinf2_.fit as fit4_2_2_,
        clothesinf2_.length as length5_2_2_,
        colors3_.id as id1_4_3_,
        colors3_.name as name2_4_3_,
        materials4_.id as id1_5_4_,
        materials4_.name as name2_5_4_,
        style5_.id as id1_14_5_,
        style5_.name as name2_14_5_,
        salesinfoc6_.id as id1_9_6_,
        salesinfoc6_.clothes_brand as clothes_2_9_6_,
        salesinfoc6_.clothes_color as clothes_3_9_6_,
        salesinfoc6_.clothes_gender as clothes_4_9_6_,
        salesinfoc6_.clothes_size as clothes_5_9_6_,
        salesinfos7_.id as id1_10_7_,
        salesinfos7_.status_score as status_s2_10_7_,
        salesinfos7_.status_tag as status_t3_10_7_,
        salesinfos7_.status_times as status_t4_10_7_,
        salesinfos7_.status_when2buy as status_w5_10_7_,
        salesinfos7_.transport as transpor6_10_7_,
        salesinfou8_.id as id1_11_8_,
        salesinfou8_.user_height as user_hei2_11_8_,
        salesinfou8_.user_size as user_siz3_11_8_,
        salesinfou8_.user_weight as user_wei4_11_8_ 
    from
        stores stores0_ 
    left outer join
        members members1_ 
            on stores0_.author_id=members1_.id 
    left outer join
        clothes_info clothesinf2_ 
            on stores0_.clothes_info_id=clothesinf2_.id 
    left outer join
        colors colors3_ 
            on stores0_.colors_name=colors3_.name 
    left outer join
        materials materials4_ 
            on stores0_.materials_name=materials4_.name 
    left outer join
        style style5_ 
            on stores0_.style_name=style5_.name 
    left outer join
        sales_info_clothes salesinfoc6_ 
            on stores0_.sales_info_clothes_id=salesinfoc6_.id 
    left outer join
        sales_info_status salesinfos7_ 
            on stores0_.sales_info_status_id=salesinfos7_.id 
    left outer join
        sales_info_user salesinfou8_ 
            on stores0_.sales_info_user_id=salesinfou8_.id 
    where
        stores0_.id=?
Hibernate: 
    select
        stores0_.id as id1_12_0_,
        stores0_.created_date as created_2_12_0_,
        stores0_.modified_date as modified3_12_0_,
        stores0_.author_id as author_i9_12_0_,
        stores0_.clothes_info_id as clothes10_12_0_,
        stores0_.colors_name as colors_11_12_0_,
        stores0_.materials_name as materia12_12_0_,
        stores0_.style_name as style_n13_12_0_,
        stores0_.clothes_length as clothes_4_12_0_,
        stores0_.content as content5_12_0_,
        stores0_.price as price6_12_0_,
        stores0_.sales_info_clothes_id as sales_i14_12_0_,
        stores0_.sales_info_status_id as sales_i15_12_0_,
        stores0_.sales_info_user_id as sales_i16_12_0_,
        stores0_.status as status7_12_0_,
        stores0_.title as title8_12_0_,
        members1_.id as id1_6_1_,
        members1_.email as email2_6_1_,
        members1_.image as image3_6_1_,
        members1_.name as name4_6_1_,
        members1_.nickname as nickname5_6_1_,
        members1_.password as password6_6_1_,
        members1_.phone as phone7_6_1_,
        members1_.refresh_token as refresh_8_6_1_,
        members1_.role as role9_6_1_,
        clothesinf2_.id as id1_2_2_,
        clothesinf2_.categoryl as category2_2_2_,
        clothesinf2_.categorys as category3_2_2_,
        clothesinf2_.fit as fit4_2_2_,
        clothesinf2_.length as length5_2_2_,
        colors3_.id as id1_4_3_,
        colors3_.name as name2_4_3_,
        materials4_.id as id1_5_4_,
        materials4_.name as name2_5_4_,
        style5_.id as id1_14_5_,
        style5_.name as name2_14_5_,
        salesinfoc6_.id as id1_9_6_,
        salesinfoc6_.clothes_brand as clothes_2_9_6_,
        salesinfoc6_.clothes_color as clothes_3_9_6_,
        salesinfoc6_.clothes_gender as clothes_4_9_6_,
        salesinfoc6_.clothes_size as clothes_5_9_6_,
        salesinfos7_.id as id1_10_7_,
        salesinfos7_.status_score as status_s2_10_7_,
        salesinfos7_.status_tag as status_t3_10_7_,
        salesinfos7_.status_times as status_t4_10_7_,
        salesinfos7_.status_when2buy as status_w5_10_7_,
        salesinfos7_.transport as transpor6_10_7_,
        salesinfou8_.id as id1_11_8_,
        salesinfou8_.user_height as user_hei2_11_8_,
        salesinfou8_.user_size as user_siz3_11_8_,
        salesinfou8_.user_weight as user_wei4_11_8_ 
    from
        stores stores0_ 
    left outer join
        members members1_ 
            on stores0_.author_id=members1_.id 
    left outer join
        clothes_info clothesinf2_ 
            on stores0_.clothes_info_id=clothesinf2_.id 
    left outer join
        colors colors3_ 
            on stores0_.colors_name=colors3_.name 
    left outer join
        materials materials4_ 
            on stores0_.materials_name=materials4_.name 
    left outer join
        style style5_ 
            on stores0_.style_name=style5_.name 
    left outer join
        sales_info_clothes salesinfoc6_ 
            on stores0_.sales_info_clothes_id=salesinfoc6_.id 
    left outer join
        sales_info_status salesinfos7_ 
            on stores0_.sales_info_status_id=salesinfos7_.id 
    left outer join
        sales_info_user salesinfou8_ 
            on stores0_.sales_info_user_id=salesinfou8_.id 
    where
        stores0_.id=?
Hibernate: 
    select
        stores0_.id as id1_12_0_,
        stores0_.created_date as created_2_12_0_,
        stores0_.modified_date as modified3_12_0_,
        stores0_.author_id as author_i9_12_0_,
        stores0_.clothes_info_id as clothes10_12_0_,
        stores0_.colors_name as colors_11_12_0_,
        stores0_.materials_name as materia12_12_0_,
        stores0_.style_name as style_n13_12_0_,
        stores0_.clothes_length as clothes_4_12_0_,
        stores0_.content as content5_12_0_,
        stores0_.price as price6_12_0_,
        stores0_.sales_info_clothes_id as sales_i14_12_0_,
        stores0_.sales_info_status_id as sales_i15_12_0_,
        stores0_.sales_info_user_id as sales_i16_12_0_,
        stores0_.status as status7_12_0_,
        stores0_.title as title8_12_0_,
        members1_.id as id1_6_1_,
        members1_.email as email2_6_1_,
        members1_.image as image3_6_1_,
        members1_.name as name4_6_1_,
        members1_.nickname as nickname5_6_1_,
        members1_.password as password6_6_1_,
        members1_.phone as phone7_6_1_,
        members1_.refresh_token as refresh_8_6_1_,
        members1_.role as role9_6_1_,
        clothesinf2_.id as id1_2_2_,
        clothesinf2_.categoryl as category2_2_2_,
        clothesinf2_.categorys as category3_2_2_,
        clothesinf2_.fit as fit4_2_2_,
        clothesinf2_.length as length5_2_2_,
        colors3_.id as id1_4_3_,
        colors3_.name as name2_4_3_,
        materials4_.id as id1_5_4_,
        materials4_.name as name2_5_4_,
        style5_.id as id1_14_5_,
        style5_.name as name2_14_5_,
        salesinfoc6_.id as id1_9_6_,
        salesinfoc6_.clothes_brand as clothes_2_9_6_,
        salesinfoc6_.clothes_color as clothes_3_9_6_,
        salesinfoc6_.clothes_gender as clothes_4_9_6_,
        salesinfoc6_.clothes_size as clothes_5_9_6_,
        salesinfos7_.id as id1_10_7_,
        salesinfos7_.status_score as status_s2_10_7_,
        salesinfos7_.status_tag as status_t3_10_7_,
        salesinfos7_.status_times as status_t4_10_7_,
        salesinfos7_.status_when2buy as status_w5_10_7_,
        salesinfos7_.transport as transpor6_10_7_,
        salesinfou8_.id as id1_11_8_,
        salesinfou8_.user_height as user_hei2_11_8_,
        salesinfou8_.user_size as user_siz3_11_8_,
        salesinfou8_.user_weight as user_wei4_11_8_ 
    from
        stores stores0_ 
    left outer join
        members members1_ 
            on stores0_.author_id=members1_.id 
    left outer join
        clothes_info clothesinf2_ 
            on stores0_.clothes_info_id=clothesinf2_.id 
    left outer join
        colors colors3_ 
            on stores0_.colors_name=colors3_.name 
    left outer join
        materials materials4_ 
            on stores0_.materials_name=materials4_.name 
    left outer join
        style style5_ 
            on stores0_.style_name=style5_.name 
    left outer join
        sales_info_clothes salesinfoc6_ 
            on stores0_.sales_info_clothes_id=salesinfoc6_.id 
    left outer join
        sales_info_status salesinfos7_ 
            on stores0_.sales_info_status_id=salesinfos7_.id 
    left outer join
        sales_info_user salesinfou8_ 
            on stores0_.sales_info_user_id=salesinfou8_.id 
    where
        stores0_.id=?
Hibernate: 
    select
        stores0_.id as id1_12_0_,
        stores0_.created_date as created_2_12_0_,
        stores0_.modified_date as modified3_12_0_,
        stores0_.author_id as author_i9_12_0_,
        stores0_.clothes_info_id as clothes10_12_0_,
        stores0_.colors_name as colors_11_12_0_,
        stores0_.materials_name as materia12_12_0_,
        stores0_.style_name as style_n13_12_0_,
        stores0_.clothes_length as clothes_4_12_0_,
        stores0_.content as content5_12_0_,
        stores0_.price as price6_12_0_,
        stores0_.sales_info_clothes_id as sales_i14_12_0_,
        stores0_.sales_info_status_id as sales_i15_12_0_,
        stores0_.sales_info_user_id as sales_i16_12_0_,
        stores0_.status as status7_12_0_,
        stores0_.title as title8_12_0_,
        members1_.id as id1_6_1_,
        members1_.email as email2_6_1_,
        members1_.image as image3_6_1_,
        members1_.name as name4_6_1_,
        members1_.nickname as nickname5_6_1_,
        members1_.password as password6_6_1_,
        members1_.phone as phone7_6_1_,
        members1_.refresh_token as refresh_8_6_1_,
        members1_.role as role9_6_1_,
        clothesinf2_.id as id1_2_2_,
        clothesinf2_.categoryl as category2_2_2_,
        clothesinf2_.categorys as category3_2_2_,
        clothesinf2_.fit as fit4_2_2_,
        clothesinf2_.length as length5_2_2_,
        colors3_.id as id1_4_3_,
        colors3_.name as name2_4_3_,
        materials4_.id as id1_5_4_,
        materials4_.name as name2_5_4_,
        style5_.id as id1_14_5_,
        style5_.name as name2_14_5_,
        salesinfoc6_.id as id1_9_6_,
        salesinfoc6_.clothes_brand as clothes_2_9_6_,
        salesinfoc6_.clothes_color as clothes_3_9_6_,
        salesinfoc6_.clothes_gender as clothes_4_9_6_,
        salesinfoc6_.clothes_size as clothes_5_9_6_,
        salesinfos7_.id as id1_10_7_,
        salesinfos7_.status_score as status_s2_10_7_,
        salesinfos7_.status_tag as status_t3_10_7_,
        salesinfos7_.status_times as status_t4_10_7_,
        salesinfos7_.status_when2buy as status_w5_10_7_,
        salesinfos7_.transport as transpor6_10_7_,
        salesinfou8_.id as id1_11_8_,
        salesinfou8_.user_height as user_hei2_11_8_,
        salesinfou8_.user_size as user_siz3_11_8_,
        salesinfou8_.user_weight as user_wei4_11_8_ 
    from
        stores stores0_ 
    left outer join
        members members1_ 
            on stores0_.author_id=members1_.id 
    left outer join
        clothes_info clothesinf2_ 
            on stores0_.clothes_info_id=clothesinf2_.id 
    left outer join
        colors colors3_ 
            on stores0_.colors_name=colors3_.name 
    left outer join
        materials materials4_ 
            on stores0_.materials_name=materials4_.name 
    left outer join
        style style5_ 
            on stores0_.style_name=style5_.name 
    left outer join
        sales_info_clothes salesinfoc6_ 
            on stores0_.sales_info_clothes_id=salesinfoc6_.id 
    left outer join
        sales_info_status salesinfos7_ 
            on stores0_.sales_info_status_id=salesinfos7_.id 
    left outer join
        sales_info_user salesinfou8_ 
            on stores0_.sales_info_user_id=salesinfou8_.id 
    where
        stores0_.id=?
Hibernate: 
    select
        stores0_.id as id1_12_0_,
        stores0_.created_date as created_2_12_0_,
        stores0_.modified_date as modified3_12_0_,
        stores0_.author_id as author_i9_12_0_,
        stores0_.clothes_info_id as clothes10_12_0_,
        stores0_.colors_name as colors_11_12_0_,
        stores0_.materials_name as materia12_12_0_,
        stores0_.style_name as style_n13_12_0_,
        stores0_.clothes_length as clothes_4_12_0_,
        stores0_.content as content5_12_0_,
        stores0_.price as price6_12_0_,
        stores0_.sales_info_clothes_id as sales_i14_12_0_,
        stores0_.sales_info_status_id as sales_i15_12_0_,
        stores0_.sales_info_user_id as sales_i16_12_0_,
        stores0_.status as status7_12_0_,
        stores0_.title as title8_12_0_,
        members1_.id as id1_6_1_,
        members1_.email as email2_6_1_,
        members1_.image as image3_6_1_,
        members1_.name as name4_6_1_,
        members1_.nickname as nickname5_6_1_,
        members1_.password as password6_6_1_,
        members1_.phone as phone7_6_1_,
        members1_.refresh_token as refresh_8_6_1_,
        members1_.role as role9_6_1_,
        clothesinf2_.id as id1_2_2_,
        clothesinf2_.categoryl as category2_2_2_,
        clothesinf2_.categorys as category3_2_2_,
        clothesinf2_.fit as fit4_2_2_,
        clothesinf2_.length as length5_2_2_,
        colors3_.id as id1_4_3_,
        colors3_.name as name2_4_3_,
        materials4_.id as id1_5_4_,
        materials4_.name as name2_5_4_,
        style5_.id as id1_14_5_,
        style5_.name as name2_14_5_,
        salesinfoc6_.id as id1_9_6_,
        salesinfoc6_.clothes_brand as clothes_2_9_6_,
        salesinfoc6_.clothes_color as clothes_3_9_6_,
        salesinfoc6_.clothes_gender as clothes_4_9_6_,
        salesinfoc6_.clothes_size as clothes_5_9_6_,
        salesinfos7_.id as id1_10_7_,
        salesinfos7_.status_score as status_s2_10_7_,
        salesinfos7_.status_tag as status_t3_10_7_,
        salesinfos7_.status_times as status_t4_10_7_,
        salesinfos7_.status_when2buy as status_w5_10_7_,
        salesinfos7_.transport as transpor6_10_7_,
        salesinfou8_.id as id1_11_8_,
        salesinfou8_.user_height as user_hei2_11_8_,
        salesinfou8_.user_size as user_siz3_11_8_,
        salesinfou8_.user_weight as user_wei4_11_8_ 
    from
        stores stores0_ 
    left outer join
        members members1_ 
            on stores0_.author_id=members1_.id 
    left outer join
        clothes_info clothesinf2_ 
            on stores0_.clothes_info_id=clothesinf2_.id 
    left outer join
        colors colors3_ 
            on stores0_.colors_name=colors3_.name 
    left outer join
        materials materials4_ 
            on stores0_.materials_name=materials4_.name 
    left outer join
        style style5_ 
            on stores0_.style_name=style5_.name 
    left outer join
        sales_info_clothes salesinfoc6_ 
            on stores0_.sales_info_clothes_id=salesinfoc6_.id 
    left outer join
        sales_info_status salesinfos7_ 
            on stores0_.sales_info_status_id=salesinfos7_.id 
    left outer join
        sales_info_user salesinfou8_ 
            on stores0_.sales_info_user_id=salesinfou8_.id 
    where
        stores0_.id=?
Hibernate: 
    select
        stores0_.id as id1_12_0_,
        stores0_.created_date as created_2_12_0_,
        stores0_.modified_date as modified3_12_0_,
        stores0_.author_id as author_i9_12_0_,
        stores0_.clothes_info_id as clothes10_12_0_,
        stores0_.colors_name as colors_11_12_0_,
        stores0_.materials_name as materia12_12_0_,
        stores0_.style_name as style_n13_12_0_,
        stores0_.clothes_length as clothes_4_12_0_,
        stores0_.content as content5_12_0_,
        stores0_.price as price6_12_0_,
        stores0_.sales_info_clothes_id as sales_i14_12_0_,
        stores0_.sales_info_status_id as sales_i15_12_0_,
        stores0_.sales_info_user_id as sales_i16_12_0_,
        stores0_.status as status7_12_0_,
        stores0_.title as title8_12_0_,
        members1_.id as id1_6_1_,
        members1_.email as email2_6_1_,
        members1_.image as image3_6_1_,
        members1_.name as name4_6_1_,
        members1_.nickname as nickname5_6_1_,
        members1_.password as password6_6_1_,
        members1_.phone as phone7_6_1_,
        members1_.refresh_token as refresh_8_6_1_,
        members1_.role as role9_6_1_,
        clothesinf2_.id as id1_2_2_,
        clothesinf2_.categoryl as category2_2_2_,
        clothesinf2_.categorys as category3_2_2_,
        clothesinf2_.fit as fit4_2_2_,
        clothesinf2_.length as length5_2_2_,
        colors3_.id as id1_4_3_,
        colors3_.name as name2_4_3_,
        materials4_.id as id1_5_4_,
        materials4_.name as name2_5_4_,
        style5_.id as id1_14_5_,
        style5_.name as name2_14_5_,
        salesinfoc6_.id as id1_9_6_,
        salesinfoc6_.clothes_brand as clothes_2_9_6_,
        salesinfoc6_.clothes_color as clothes_3_9_6_,
        salesinfoc6_.clothes_gender as clothes_4_9_6_,
        salesinfoc6_.clothes_size as clothes_5_9_6_,
        salesinfos7_.id as id1_10_7_,
        salesinfos7_.status_score as status_s2_10_7_,
        salesinfos7_.status_tag as status_t3_10_7_,
        salesinfos7_.status_times as status_t4_10_7_,
        salesinfos7_.status_when2buy as status_w5_10_7_,
        salesinfos7_.transport as transpor6_10_7_,
        salesinfou8_.id as id1_11_8_,
        salesinfou8_.user_height as user_hei2_11_8_,
        salesinfou8_.user_size as user_siz3_11_8_,
        salesinfou8_.user_weight as user_wei4_11_8_ 
    from
        stores stores0_ 
    left outer join
        members members1_ 
            on stores0_.author_id=members1_.id 
    left outer join
        clothes_info clothesinf2_ 
            on stores0_.clothes_info_id=clothesinf2_.id 
    left outer join
        colors colors3_ 
            on stores0_.colors_name=colors3_.name 
    left outer join
        materials materials4_ 
            on stores0_.materials_name=materials4_.name 
    left outer join
        style style5_ 
            on stores0_.style_name=style5_.name 
    left outer join
        sales_info_clothes salesinfoc6_ 
            on stores0_.sales_info_clothes_id=salesinfoc6_.id 
    left outer join
        sales_info_status salesinfos7_ 
            on stores0_.sales_info_status_id=salesinfos7_.id 
    left outer join
        sales_info_user salesinfou8_ 
            on stores0_.sales_info_user_id=salesinfou8_.id 
    where
        stores0_.id=?
Hibernate: 
    select
        stores0_.id as id1_12_0_,
        stores0_.created_date as created_2_12_0_,
        stores0_.modified_date as modified3_12_0_,
        stores0_.author_id as author_i9_12_0_,
        stores0_.clothes_info_id as clothes10_12_0_,
        stores0_.colors_name as colors_11_12_0_,
        stores0_.materials_name as materia12_12_0_,
        stores0_.style_name as style_n13_12_0_,
        stores0_.clothes_length as clothes_4_12_0_,
        stores0_.content as content5_12_0_,
        stores0_.price as price6_12_0_,
        stores0_.sales_info_clothes_id as sales_i14_12_0_,
        stores0_.sales_info_status_id as sales_i15_12_0_,
        stores0_.sales_info_user_id as sales_i16_12_0_,
        stores0_.status as status7_12_0_,
        stores0_.title as title8_12_0_,
        members1_.id as id1_6_1_,
        members1_.email as email2_6_1_,
        members1_.image as image3_6_1_,
        members1_.name as name4_6_1_,
        members1_.nickname as nickname5_6_1_,
        members1_.password as password6_6_1_,
        members1_.phone as phone7_6_1_,
        members1_.refresh_token as refresh_8_6_1_,
        members1_.role as role9_6_1_,
        clothesinf2_.id as id1_2_2_,
        clothesinf2_.categoryl as category2_2_2_,
        clothesinf2_.categorys as category3_2_2_,
        clothesinf2_.fit as fit4_2_2_,
        clothesinf2_.length as length5_2_2_,
        colors3_.id as id1_4_3_,
        colors3_.name as name2_4_3_,
        materials4_.id as id1_5_4_,
        materials4_.name as name2_5_4_,
        style5_.id as id1_14_5_,
        style5_.name as name2_14_5_,
        salesinfoc6_.id as id1_9_6_,
        salesinfoc6_.clothes_brand as clothes_2_9_6_,
        salesinfoc6_.clothes_color as clothes_3_9_6_,
        salesinfoc6_.clothes_gender as clothes_4_9_6_,
        salesinfoc6_.clothes_size as clothes_5_9_6_,
        salesinfos7_.id as id1_10_7_,
        salesinfos7_.status_score as status_s2_10_7_,
        salesinfos7_.status_tag as status_t3_10_7_,
        salesinfos7_.status_times as status_t4_10_7_,
        salesinfos7_.status_when2buy as status_w5_10_7_,
        salesinfos7_.transport as transpor6_10_7_,
        salesinfou8_.id as id1_11_8_,
        salesinfou8_.user_height as user_hei2_11_8_,
        salesinfou8_.user_size as user_siz3_11_8_,
        salesinfou8_.user_weight as user_wei4_11_8_ 
    from
        stores stores0_ 
    left outer join
        members members1_ 
            on stores0_.author_id=members1_.id 
    left outer join
        clothes_info clothesinf2_ 
            on stores0_.clothes_info_id=clothesinf2_.id 
    left outer join
        colors colors3_ 
            on stores0_.colors_name=colors3_.name 
    left outer join
        materials materials4_ 
            on stores0_.materials_name=materials4_.name 
    left outer join
        style style5_ 
            on stores0_.style_name=style5_.name 
    left outer join
        sales_info_clothes salesinfoc6_ 
            on stores0_.sales_info_clothes_id=salesinfoc6_.id 
    left outer join
        sales_info_status salesinfos7_ 
            on stores0_.sales_info_status_id=salesinfos7_.id 
    left outer join
        sales_info_user salesinfou8_ 
            on stores0_.sales_info_user_id=salesinfou8_.id 
    where
        stores0_.id=?
Hibernate: 
    select
        stores0_.id as id1_12_0_,
        stores0_.created_date as created_2_12_0_,
        stores0_.modified_date as modified3_12_0_,
        stores0_.author_id as author_i9_12_0_,
        stores0_.clothes_info_id as clothes10_12_0_,
        stores0_.colors_name as colors_11_12_0_,
        stores0_.materials_name as materia12_12_0_,
        stores0_.style_name as style_n13_12_0_,
        stores0_.clothes_length as clothes_4_12_0_,
        stores0_.content as content5_12_0_,
        stores0_.price as price6_12_0_,
        stores0_.sales_info_clothes_id as sales_i14_12_0_,
        stores0_.sales_info_status_id as sales_i15_12_0_,
        stores0_.sales_info_user_id as sales_i16_12_0_,
        stores0_.status as status7_12_0_,
        stores0_.title as title8_12_0_,
        members1_.id as id1_6_1_,
        members1_.email as email2_6_1_,
        members1_.image as image3_6_1_,
        members1_.name as name4_6_1_,
        members1_.nickname as nickname5_6_1_,
        members1_.password as password6_6_1_,
        members1_.phone as phone7_6_1_,
        members1_.refresh_token as refresh_8_6_1_,
        members1_.role as role9_6_1_,
        clothesinf2_.id as id1_2_2_,
        clothesinf2_.categoryl as category2_2_2_,
        clothesinf2_.categorys as category3_2_2_,
        clothesinf2_.fit as fit4_2_2_,
        clothesinf2_.length as length5_2_2_,
        colors3_.id as id1_4_3_,
        colors3_.name as name2_4_3_,
        materials4_.id as id1_5_4_,
        materials4_.name as name2_5_4_,
        style5_.id as id1_14_5_,
        style5_.name as name2_14_5_,
        salesinfoc6_.id as id1_9_6_,
        salesinfoc6_.clothes_brand as clothes_2_9_6_,
        salesinfoc6_.clothes_color as clothes_3_9_6_,
        salesinfoc6_.clothes_gender as clothes_4_9_6_,
        salesinfoc6_.clothes_size as clothes_5_9_6_,
        salesinfos7_.id as id1_10_7_,
        salesinfos7_.status_score as status_s2_10_7_,
        salesinfos7_.status_tag as status_t3_10_7_,
        salesinfos7_.status_times as status_t4_10_7_,
        salesinfos7_.status_when2buy as status_w5_10_7_,
        salesinfos7_.transport as transpor6_10_7_,
        salesinfou8_.id as id1_11_8_,
        salesinfou8_.user_height as user_hei2_11_8_,
        salesinfou8_.user_size as user_siz3_11_8_,
        salesinfou8_.user_weight as user_wei4_11_8_ 
    from
        stores stores0_ 
    left outer join
        members members1_ 
            on stores0_.author_id=members1_.id 
    left outer join
        clothes_info clothesinf2_ 
            on stores0_.clothes_info_id=clothesinf2_.id 
    left outer join
        colors colors3_ 
            on stores0_.colors_name=colors3_.name 
    left outer join
        materials materials4_ 
            on stores0_.materials_name=materials4_.name 
    left outer join
        style style5_ 
            on stores0_.style_name=style5_.name 
    left outer join
        sales_info_clothes salesinfoc6_ 
            on stores0_.sales_info_clothes_id=salesinfoc6_.id 
    left outer join
        sales_info_status salesinfos7_ 
            on stores0_.sales_info_status_id=salesinfos7_.id 
    left outer join
        sales_info_user salesinfou8_ 
            on stores0_.sales_info_user_id=salesinfou8_.id 
    where
        stores0_.id=?
Hibernate: 
    select
        stores0_.id as id1_12_0_,
        stores0_.created_date as created_2_12_0_,
        stores0_.modified_date as modified3_12_0_,
        stores0_.author_id as author_i9_12_0_,
        stores0_.clothes_info_id as clothes10_12_0_,
        stores0_.colors_name as colors_11_12_0_,
        stores0_.materials_name as materia12_12_0_,
        stores0_.style_name as style_n13_12_0_,
        stores0_.clothes_length as clothes_4_12_0_,
        stores0_.content as content5_12_0_,
        stores0_.price as price6_12_0_,
        stores0_.sales_info_clothes_id as sales_i14_12_0_,
        stores0_.sales_info_status_id as sales_i15_12_0_,
        stores0_.sales_info_user_id as sales_i16_12_0_,
        stores0_.status as status7_12_0_,
        stores0_.title as title8_12_0_,
        members1_.id as id1_6_1_,
        members1_.email as email2_6_1_,
        members1_.image as image3_6_1_,
        members1_.name as name4_6_1_,
        members1_.nickname as nickname5_6_1_,
        members1_.password as password6_6_1_,
        members1_.phone as phone7_6_1_,
        members1_.refresh_token as refresh_8_6_1_,
        members1_.role as role9_6_1_,
        clothesinf2_.id as id1_2_2_,
        clothesinf2_.categoryl as category2_2_2_,
        clothesinf2_.categorys as category3_2_2_,
        clothesinf2_.fit as fit4_2_2_,
        clothesinf2_.length as length5_2_2_,
        colors3_.id as id1_4_3_,
        colors3_.name as name2_4_3_,
        materials4_.id as id1_5_4_,
        materials4_.name as name2_5_4_,
        style5_.id as id1_14_5_,
        style5_.name as name2_14_5_,
        salesinfoc6_.id as id1_9_6_,
        salesinfoc6_.clothes_brand as clothes_2_9_6_,
        salesinfoc6_.clothes_color as clothes_3_9_6_,
        salesinfoc6_.clothes_gender as clothes_4_9_6_,
        salesinfoc6_.clothes_size as clothes_5_9_6_,
        salesinfos7_.id as id1_10_7_,
        salesinfos7_.status_score as status_s2_10_7_,
        salesinfos7_.status_tag as status_t3_10_7_,
        salesinfos7_.status_times as status_t4_10_7_,
        salesinfos7_.status_when2buy as status_w5_10_7_,
        salesinfos7_.transport as transpor6_10_7_,
        salesinfou8_.id as id1_11_8_,
        salesinfou8_.user_height as user_hei2_11_8_,
        salesinfou8_.user_size as user_siz3_11_8_,
        salesinfou8_.user_weight as user_wei4_11_8_ 
    from
        stores stores0_ 
    left outer join
        members members1_ 
            on stores0_.author_id=members1_.id 
    left outer join
        clothes_info clothesinf2_ 
            on stores0_.clothes_info_id=clothesinf2_.id 
    left outer join
        colors colors3_ 
            on stores0_.colors_name=colors3_.name 
    left outer join
        materials materials4_ 
            on stores0_.materials_name=materials4_.name 
    left outer join
        style style5_ 
            on stores0_.style_name=style5_.name 
    left outer join
        sales_info_clothes salesinfoc6_ 
            on stores0_.sales_info_clothes_id=salesinfoc6_.id 
    left outer join
        sales_info_status salesinfos7_ 
            on stores0_.sales_info_status_id=salesinfos7_.id 
    left outer join
        sales_info_user salesinfou8_ 
            on stores0_.sales_info_user_id=salesinfou8_.id 
    where
        stores0_.id=?
Hibernate: 
    select
        stores0_.id as id1_12_0_,
        stores0_.created_date as created_2_12_0_,
        stores0_.modified_date as modified3_12_0_,
        stores0_.author_id as author_i9_12_0_,
        stores0_.clothes_info_id as clothes10_12_0_,
        stores0_.colors_name as colors_11_12_0_,
        stores0_.materials_name as materia12_12_0_,
        stores0_.style_name as style_n13_12_0_,
        stores0_.clothes_length as clothes_4_12_0_,
        stores0_.content as content5_12_0_,
        stores0_.price as price6_12_0_,
        stores0_.sales_info_clothes_id as sales_i14_12_0_,
        stores0_.sales_info_status_id as sales_i15_12_0_,
        stores0_.sales_info_user_id as sales_i16_12_0_,
        stores0_.status as status7_12_0_,
        stores0_.title as title8_12_0_,
        members1_.id as id1_6_1_,
        members1_.email as email2_6_1_,
        members1_.image as image3_6_1_,
        members1_.name as name4_6_1_,
        members1_.nickname as nickname5_6_1_,
        members1_.password as password6_6_1_,
        members1_.phone as phone7_6_1_,
        members1_.refresh_token as refresh_8_6_1_,
        members1_.role as role9_6_1_,
        clothesinf2_.id as id1_2_2_,
        clothesinf2_.categoryl as category2_2_2_,
        clothesinf2_.categorys as category3_2_2_,
        clothesinf2_.fit as fit4_2_2_,
        clothesinf2_.length as length5_2_2_,
        colors3_.id as id1_4_3_,
        colors3_.name as name2_4_3_,
        materials4_.id as id1_5_4_,
        materials4_.name as name2_5_4_,
        style5_.id as id1_14_5_,
        style5_.name as name2_14_5_,
        salesinfoc6_.id as id1_9_6_,
        salesinfoc6_.clothes_brand as clothes_2_9_6_,
        salesinfoc6_.clothes_color as clothes_3_9_6_,
        salesinfoc6_.clothes_gender as clothes_4_9_6_,
        salesinfoc6_.clothes_size as clothes_5_9_6_,
        salesinfos7_.id as id1_10_7_,
        salesinfos7_.status_score as status_s2_10_7_,
        salesinfos7_.status_tag as status_t3_10_7_,
        salesinfos7_.status_times as status_t4_10_7_,
        salesinfos7_.status_when2buy as status_w5_10_7_,
        salesinfos7_.transport as transpor6_10_7_,
        salesinfou8_.id as id1_11_8_,
        salesinfou8_.user_height as user_hei2_11_8_,
        salesinfou8_.user_size as user_siz3_11_8_,
        salesinfou8_.user_weight as user_wei4_11_8_ 
    from
        stores stores0_ 
    left outer join
        members members1_ 
            on stores0_.author_id=members1_.id 
    left outer join
        clothes_info clothesinf2_ 
            on stores0_.clothes_info_id=clothesinf2_.id 
    left outer join
        colors colors3_ 
            on stores0_.colors_name=colors3_.name 
    left outer join
        materials materials4_ 
            on stores0_.materials_name=materials4_.name 
    left outer join
        style style5_ 
            on stores0_.style_name=style5_.name 
    left outer join
        sales_info_clothes salesinfoc6_ 
            on stores0_.sales_info_clothes_id=salesinfoc6_.id 
    left outer join
        sales_info_status salesinfos7_ 
            on stores0_.sales_info_status_id=salesinfos7_.id 
    left outer join
        sales_info_user salesinfou8_ 
            on stores0_.sales_info_user_id=salesinfou8_.id 
    where
        stores0_.id=?
Hibernate: 
    select
        stores0_.id as id1_12_0_,
        stores0_.created_date as created_2_12_0_,
        stores0_.modified_date as modified3_12_0_,
        stores0_.author_id as author_i9_12_0_,
        stores0_.clothes_info_id as clothes10_12_0_,
        stores0_.colors_name as colors_11_12_0_,
        stores0_.materials_name as materia12_12_0_,
        stores0_.style_name as style_n13_12_0_,
        stores0_.clothes_length as clothes_4_12_0_,
        stores0_.content as content5_12_0_,
        stores0_.price as price6_12_0_,
        stores0_.sales_info_clothes_id as sales_i14_12_0_,
        stores0_.sales_info_status_id as sales_i15_12_0_,
        stores0_.sales_info_user_id as sales_i16_12_0_,
        stores0_.status as status7_12_0_,
        stores0_.title as title8_12_0_,
        members1_.id as id1_6_1_,
        members1_.email as email2_6_1_,
        members1_.image as image3_6_1_,
        members1_.name as name4_6_1_,
        members1_.nickname as nickname5_6_1_,
        members1_.password as password6_6_1_,
        members1_.phone as phone7_6_1_,
        members1_.refresh_token as refresh_8_6_1_,
        members1_.role as role9_6_1_,
        clothesinf2_.id as id1_2_2_,
        clothesinf2_.categoryl as category2_2_2_,
        clothesinf2_.categorys as category3_2_2_,
        clothesinf2_.fit as fit4_2_2_,
        clothesinf2_.length as length5_2_2_,
        colors3_.id as id1_4_3_,
        colors3_.name as name2_4_3_,
        materials4_.id as id1_5_4_,
        materials4_.name as name2_5_4_,
        style5_.id as id1_14_5_,
        style5_.name as name2_14_5_,
        salesinfoc6_.id as id1_9_6_,
        salesinfoc6_.clothes_brand as clothes_2_9_6_,
        salesinfoc6_.clothes_color as clothes_3_9_6_,
        salesinfoc6_.clothes_gender as clothes_4_9_6_,
        salesinfoc6_.clothes_size as clothes_5_9_6_,
        salesinfos7_.id as id1_10_7_,
        salesinfos7_.status_score as status_s2_10_7_,
        salesinfos7_.status_tag as status_t3_10_7_,
        salesinfos7_.status_times as status_t4_10_7_,
        salesinfos7_.status_when2buy as status_w5_10_7_,
        salesinfos7_.transport as transpor6_10_7_,
        salesinfou8_.id as id1_11_8_,
        salesinfou8_.user_height as user_hei2_11_8_,
        salesinfou8_.user_size as user_siz3_11_8_,
        salesinfou8_.user_weight as user_wei4_11_8_ 
    from
        stores stores0_ 
    left outer join
        members members1_ 
            on stores0_.author_id=members1_.id 
    left outer join
        clothes_info clothesinf2_ 
            on stores0_.clothes_info_id=clothesinf2_.id 
    left outer join
        colors colors3_ 
            on stores0_.colors_name=colors3_.name 
    left outer join
        materials materials4_ 
            on stores0_.materials_name=materials4_.name 
    left outer join
        style style5_ 
            on stores0_.style_name=style5_.name 
    left outer join
        sales_info_clothes salesinfoc6_ 
            on stores0_.sales_info_clothes_id=salesinfoc6_.id 
    left outer join
        sales_info_status salesinfos7_ 
            on stores0_.sales_info_status_id=salesinfos7_.id 
    left outer join
        sales_info_user salesinfou8_ 
            on stores0_.sales_info_user_id=salesinfou8_.id 
    where
        stores0_.id=?
Hibernate: 
    select
        stores0_.id as id1_12_0_,
        stores0_.created_date as created_2_12_0_,
        stores0_.modified_date as modified3_12_0_,
        stores0_.author_id as author_i9_12_0_,
        stores0_.clothes_info_id as clothes10_12_0_,
        stores0_.colors_name as colors_11_12_0_,
        stores0_.materials_name as materia12_12_0_,
        stores0_.style_name as style_n13_12_0_,
        stores0_.clothes_length as clothes_4_12_0_,
        stores0_.content as content5_12_0_,
        stores0_.price as price6_12_0_,
        stores0_.sales_info_clothes_id as sales_i14_12_0_,
        stores0_.sales_info_status_id as sales_i15_12_0_,
        stores0_.sales_info_user_id as sales_i16_12_0_,
        stores0_.status as status7_12_0_,
        stores0_.title as title8_12_0_,
        members1_.id as id1_6_1_,
        members1_.email as email2_6_1_,
        members1_.image as image3_6_1_,
        members1_.name as name4_6_1_,
        members1_.nickname as nickname5_6_1_,
        members1_.password as password6_6_1_,
        members1_.phone as phone7_6_1_,
        members1_.refresh_token as refresh_8_6_1_,
        members1_.role as role9_6_1_,
        clothesinf2_.id as id1_2_2_,
        clothesinf2_.categoryl as category2_2_2_,
        clothesinf2_.categorys as category3_2_2_,
        clothesinf2_.fit as fit4_2_2_,
        clothesinf2_.length as length5_2_2_,
        colors3_.id as id1_4_3_,
        colors3_.name as name2_4_3_,
        materials4_.id as id1_5_4_,
        materials4_.name as name2_5_4_,
        style5_.id as id1_14_5_,
        style5_.name as name2_14_5_,
        salesinfoc6_.id as id1_9_6_,
        salesinfoc6_.clothes_brand as clothes_2_9_6_,
        salesinfoc6_.clothes_color as clothes_3_9_6_,
        salesinfoc6_.clothes_gender as clothes_4_9_6_,
        salesinfoc6_.clothes_size as clothes_5_9_6_,
        salesinfos7_.id as id1_10_7_,
        salesinfos7_.status_score as status_s2_10_7_,
        salesinfos7_.status_tag as status_t3_10_7_,
        salesinfos7_.status_times as status_t4_10_7_,
        salesinfos7_.status_when2buy as status_w5_10_7_,
        salesinfos7_.transport as transpor6_10_7_,
        salesinfou8_.id as id1_11_8_,
        salesinfou8_.user_height as user_hei2_11_8_,
        salesinfou8_.user_size as user_siz3_11_8_,
        salesinfou8_.user_weight as user_wei4_11_8_ 
    from
        stores stores0_ 
    left outer join
        members members1_ 
            on stores0_.author_id=members1_.id 
    left outer join
        clothes_info clothesinf2_ 
            on stores0_.clothes_info_id=clothesinf2_.id 
    left outer join
        colors colors3_ 
            on stores0_.colors_name=colors3_.name 
    left outer join
        materials materials4_ 
            on stores0_.materials_name=materials4_.name 
    left outer join
        style style5_ 
            on stores0_.style_name=style5_.name 
    left outer join
        sales_info_clothes salesinfoc6_ 
            on stores0_.sales_info_clothes_id=salesinfoc6_.id 
    left outer join
        sales_info_status salesinfos7_ 
            on stores0_.sales_info_status_id=salesinfos7_.id 
    left outer join
        sales_info_user salesinfou8_ 
            on stores0_.sales_info_user_id=salesinfou8_.id 
    where
        stores0_.id=?
Hibernate: 
    select
        stores0_.id as id1_12_0_,
        stores0_.created_date as created_2_12_0_,
        stores0_.modified_date as modified3_12_0_,
        stores0_.author_id as author_i9_12_0_,
        stores0_.clothes_info_id as clothes10_12_0_,
        stores0_.colors_name as colors_11_12_0_,
        stores0_.materials_name as materia12_12_0_,
        stores0_.style_name as style_n13_12_0_,
        stores0_.clothes_length as clothes_4_12_0_,
        stores0_.content as content5_12_0_,
        stores0_.price as price6_12_0_,
        stores0_.sales_info_clothes_id as sales_i14_12_0_,
        stores0_.sales_info_status_id as sales_i15_12_0_,
        stores0_.sales_info_user_id as sales_i16_12_0_,
        stores0_.status as status7_12_0_,
        stores0_.title as title8_12_0_,
        members1_.id as id1_6_1_,
        members1_.email as email2_6_1_,
        members1_.image as image3_6_1_,
        members1_.name as name4_6_1_,
        members1_.nickname as nickname5_6_1_,
        members1_.password as password6_6_1_,
        members1_.phone as phone7_6_1_,
        members1_.refresh_token as refresh_8_6_1_,
        members1_.role as role9_6_1_,
        clothesinf2_.id as id1_2_2_,
        clothesinf2_.categoryl as category2_2_2_,
        clothesinf2_.categorys as category3_2_2_,
        clothesinf2_.fit as fit4_2_2_,
        clothesinf2_.length as length5_2_2_,
        colors3_.id as id1_4_3_,
        colors3_.name as name2_4_3_,
        materials4_.id as id1_5_4_,
        materials4_.name as name2_5_4_,
        style5_.id as id1_14_5_,
        style5_.name as name2_14_5_,
        salesinfoc6_.id as id1_9_6_,
        salesinfoc6_.clothes_brand as clothes_2_9_6_,
        salesinfoc6_.clothes_color as clothes_3_9_6_,
        salesinfoc6_.clothes_gender as clothes_4_9_6_,
        salesinfoc6_.clothes_size as clothes_5_9_6_,
        salesinfos7_.id as id1_10_7_,
        salesinfos7_.status_score as status_s2_10_7_,
        salesinfos7_.status_tag as status_t3_10_7_,
        salesinfos7_.status_times as status_t4_10_7_,
        salesinfos7_.status_when2buy as status_w5_10_7_,
        salesinfos7_.transport as transpor6_10_7_,
        salesinfou8_.id as id1_11_8_,
        salesinfou8_.user_height as user_hei2_11_8_,
        salesinfou8_.user_size as user_siz3_11_8_,
        salesinfou8_.user_weight as user_wei4_11_8_ 
    from
        stores stores0_ 
    left outer join
        members members1_ 
            on stores0_.author_id=members1_.id 
    left outer join
        clothes_info clothesinf2_ 
            on stores0_.clothes_info_id=clothesinf2_.id 
    left outer join
        colors colors3_ 
            on stores0_.colors_name=colors3_.name 
    left outer join
        materials materials4_ 
            on stores0_.materials_name=materials4_.name 
    left outer join
        style style5_ 
            on stores0_.style_name=style5_.name 
    left outer join
        sales_info_clothes salesinfoc6_ 
            on stores0_.sales_info_clothes_id=salesinfoc6_.id 
    left outer join
        sales_info_status salesinfos7_ 
            on stores0_.sales_info_status_id=salesinfos7_.id 
    left outer join
        sales_info_user salesinfou8_ 
            on stores0_.sales_info_user_id=salesinfou8_.id 
    where
        stores0_.id=?
Hibernate: 
    select
        stores0_.id as id1_12_0_,
        stores0_.created_date as created_2_12_0_,
        stores0_.modified_date as modified3_12_0_,
        stores0_.author_id as author_i9_12_0_,
        stores0_.clothes_info_id as clothes10_12_0_,
        stores0_.colors_name as colors_11_12_0_,
        stores0_.materials_name as materia12_12_0_,
        stores0_.style_name as style_n13_12_0_,
        stores0_.clothes_length as clothes_4_12_0_,
        stores0_.content as content5_12_0_,
        stores0_.price as price6_12_0_,
        stores0_.sales_info_clothes_id as sales_i14_12_0_,
        stores0_.sales_info_status_id as sales_i15_12_0_,
        stores0_.sales_info_user_id as sales_i16_12_0_,
        stores0_.status as status7_12_0_,
        stores0_.title as title8_12_0_,
        members1_.id as id1_6_1_,
        members1_.email as email2_6_1_,
        members1_.image as image3_6_1_,
        members1_.name as name4_6_1_,
        members1_.nickname as nickname5_6_1_,
        members1_.password as password6_6_1_,
        members1_.phone as phone7_6_1_,
        members1_.refresh_token as refresh_8_6_1_,
        members1_.role as role9_6_1_,
        clothesinf2_.id as id1_2_2_,
        clothesinf2_.categoryl as category2_2_2_,
        clothesinf2_.categorys as category3_2_2_,
        clothesinf2_.fit as fit4_2_2_,
        clothesinf2_.length as length5_2_2_,
        colors3_.id as id1_4_3_,
        colors3_.name as name2_4_3_,
        materials4_.id as id1_5_4_,
        materials4_.name as name2_5_4_,
        style5_.id as id1_14_5_,
        style5_.name as name2_14_5_,
        salesinfoc6_.id as id1_9_6_,
        salesinfoc6_.clothes_brand as clothes_2_9_6_,
        salesinfoc6_.clothes_color as clothes_3_9_6_,
        salesinfoc6_.clothes_gender as clothes_4_9_6_,
        salesinfoc6_.clothes_size as clothes_5_9_6_,
        salesinfos7_.id as id1_10_7_,
        salesinfos7_.status_score as status_s2_10_7_,
        salesinfos7_.status_tag as status_t3_10_7_,
        salesinfos7_.status_times as status_t4_10_7_,
        salesinfos7_.status_when2buy as status_w5_10_7_,
        salesinfos7_.transport as transpor6_10_7_,
        salesinfou8_.id as id1_11_8_,
        salesinfou8_.user_height as user_hei2_11_8_,
        salesinfou8_.user_size as user_siz3_11_8_,
        salesinfou8_.user_weight as user_wei4_11_8_ 
    from
        stores stores0_ 
    left outer join
        members members1_ 
            on stores0_.author_id=members1_.id 
    left outer join
        clothes_info clothesinf2_ 
            on stores0_.clothes_info_id=clothesinf2_.id 
    left outer join
        colors colors3_ 
            on stores0_.colors_name=colors3_.name 
    left outer join
        materials materials4_ 
            on stores0_.materials_name=materials4_.name 
    left outer join
        style style5_ 
            on stores0_.style_name=style5_.name 
    left outer join
        sales_info_clothes salesinfoc6_ 
            on stores0_.sales_info_clothes_id=salesinfoc6_.id 
    left outer join
        sales_info_status salesinfos7_ 
            on stores0_.sales_info_status_id=salesinfos7_.id 
    left outer join
        sales_info_user salesinfou8_ 
            on stores0_.sales_info_user_id=salesinfou8_.id 
    where
        stores0_.id=?
Hibernate: 
    select
        stores0_.id as id1_12_0_,
        stores0_.created_date as created_2_12_0_,
        stores0_.modified_date as modified3_12_0_,
        stores0_.author_id as author_i9_12_0_,
        stores0_.clothes_info_id as clothes10_12_0_,
        stores0_.colors_name as colors_11_12_0_,
        stores0_.materials_name as materia12_12_0_,
        stores0_.style_name as style_n13_12_0_,
        stores0_.clothes_length as clothes_4_12_0_,
        stores0_.content as content5_12_0_,
        stores0_.price as price6_12_0_,
        stores0_.sales_info_clothes_id as sales_i14_12_0_,
        stores0_.sales_info_status_id as sales_i15_12_0_,
        stores0_.sales_info_user_id as sales_i16_12_0_,
        stores0_.status as status7_12_0_,
        stores0_.title as title8_12_0_,
        members1_.id as id1_6_1_,
        members1_.email as email2_6_1_,
        members1_.image as image3_6_1_,
        members1_.name as name4_6_1_,
        members1_.nickname as nickname5_6_1_,
        members1_.password as password6_6_1_,
        members1_.phone as phone7_6_1_,
        members1_.refresh_token as refresh_8_6_1_,
        members1_.role as role9_6_1_,
        clothesinf2_.id as id1_2_2_,
        clothesinf2_.categoryl as category2_2_2_,
        clothesinf2_.categorys as category3_2_2_,
        clothesinf2_.fit as fit4_2_2_,
        clothesinf2_.length as length5_2_2_,
        colors3_.id as id1_4_3_,
        colors3_.name as name2_4_3_,
        materials4_.id as id1_5_4_,
        materials4_.name as name2_5_4_,
        style5_.id as id1_14_5_,
        style5_.name as name2_14_5_,
        salesinfoc6_.id as id1_9_6_,
        salesinfoc6_.clothes_brand as clothes_2_9_6_,
        salesinfoc6_.clothes_color as clothes_3_9_6_,
        salesinfoc6_.clothes_gender as clothes_4_9_6_,
        salesinfoc6_.clothes_size as clothes_5_9_6_,
        salesinfos7_.id as id1_10_7_,
        salesinfos7_.status_score as status_s2_10_7_,
        salesinfos7_.status_tag as status_t3_10_7_,
        salesinfos7_.status_times as status_t4_10_7_,
        salesinfos7_.status_when2buy as status_w5_10_7_,
        salesinfos7_.transport as transpor6_10_7_,
        salesinfou8_.id as id1_11_8_,
        salesinfou8_.user_height as user_hei2_11_8_,
        salesinfou8_.user_size as user_siz3_11_8_,
        salesinfou8_.user_weight as user_wei4_11_8_ 
    from
        stores stores0_ 
    left outer join
        members members1_ 
            on stores0_.author_id=members1_.id 
    left outer join
        clothes_info clothesinf2_ 
            on stores0_.clothes_info_id=clothesinf2_.id 
    left outer join
        colors colors3_ 
            on stores0_.colors_name=colors3_.name 
    left outer join
        materials materials4_ 
            on stores0_.materials_name=materials4_.name 
    left outer join
        style style5_ 
            on stores0_.style_name=style5_.name 
    left outer join
        sales_info_clothes salesinfoc6_ 
            on stores0_.sales_info_clothes_id=salesinfoc6_.id 
    left outer join
        sales_info_status salesinfos7_ 
            on stores0_.sales_info_status_id=salesinfos7_.id 
    left outer join
        sales_info_user salesinfou8_ 
            on stores0_.sales_info_user_id=salesinfou8_.id 
    where
        stores0_.id=?
Hibernate: 
    select
        stores0_.id as id1_12_0_,
        stores0_.created_date as created_2_12_0_,
        stores0_.modified_date as modified3_12_0_,
        stores0_.author_id as author_i9_12_0_,
        stores0_.clothes_info_id as clothes10_12_0_,
        stores0_.colors_name as colors_11_12_0_,
        stores0_.materials_name as materia12_12_0_,
        stores0_.style_name as style_n13_12_0_,
        stores0_.clothes_length as clothes_4_12_0_,
        stores0_.content as content5_12_0_,
        stores0_.price as price6_12_0_,
        stores0_.sales_info_clothes_id as sales_i14_12_0_,
        stores0_.sales_info_status_id as sales_i15_12_0_,
        stores0_.sales_info_user_id as sales_i16_12_0_,
        stores0_.status as status7_12_0_,
        stores0_.title as title8_12_0_,
        members1_.id as id1_6_1_,
        members1_.email as email2_6_1_,
        members1_.image as image3_6_1_,
        members1_.name as name4_6_1_,
        members1_.nickname as nickname5_6_1_,
        members1_.password as password6_6_1_,
        members1_.phone as phone7_6_1_,
        members1_.refresh_token as refresh_8_6_1_,
        members1_.role as role9_6_1_,
        clothesinf2_.id as id1_2_2_,
        clothesinf2_.categoryl as category2_2_2_,
        clothesinf2_.categorys as category3_2_2_,
        clothesinf2_.fit as fit4_2_2_,
        clothesinf2_.length as length5_2_2_,
        colors3_.id as id1_4_3_,
        colors3_.name as name2_4_3_,
        materials4_.id as id1_5_4_,
        materials4_.name as name2_5_4_,
        style5_.id as id1_14_5_,
        style5_.name as name2_14_5_,
        salesinfoc6_.id as id1_9_6_,
        salesinfoc6_.clothes_brand as clothes_2_9_6_,
        salesinfoc6_.clothes_color as clothes_3_9_6_,
        salesinfoc6_.clothes_gender as clothes_4_9_6_,
        salesinfoc6_.clothes_size as clothes_5_9_6_,
        salesinfos7_.id as id1_10_7_,
        salesinfos7_.status_score as status_s2_10_7_,
        salesinfos7_.status_tag as status_t3_10_7_,
        salesinfos7_.status_times as status_t4_10_7_,
        salesinfos7_.status_when2buy as status_w5_10_7_,
        salesinfos7_.transport as transpor6_10_7_,
        salesinfou8_.id as id1_11_8_,
        salesinfou8_.user_height as user_hei2_11_8_,
        salesinfou8_.user_size as user_siz3_11_8_,
        salesinfou8_.user_weight as user_wei4_11_8_ 
    from
        stores stores0_ 
    left outer join
        members members1_ 
            on stores0_.author_id=members1_.id 
    left outer join
        clothes_info clothesinf2_ 
            on stores0_.clothes_info_id=clothesinf2_.id 
    left outer join
        colors colors3_ 
            on stores0_.colors_name=colors3_.name 
    left outer join
        materials materials4_ 
            on stores0_.materials_name=materials4_.name 
    left outer join
        style style5_ 
            on stores0_.style_name=style5_.name 
    left outer join
        sales_info_clothes salesinfoc6_ 
            on stores0_.sales_info_clothes_id=salesinfoc6_.id 
    left outer join
        sales_info_status salesinfos7_ 
            on stores0_.sales_info_status_id=salesinfos7_.id 
    left outer join
        sales_info_user salesinfou8_ 
            on stores0_.sales_info_user_id=salesinfou8_.id 
    where
        stores0_.id=?
Hibernate: 
    select
        members0_.id as id1_6_,
        members0_.email as email2_6_,
        members0_.image as image3_6_,
        members0_.name as name4_6_,
        members0_.nickname as nickname5_6_,
        members0_.password as password6_6_,
        members0_.phone as phone7_6_,
        members0_.refresh_token as refresh_8_6_,
        members0_.role as role9_6_ 
    from
        members members0_ 
    where
        members0_.email=?
Hibernate: 
    select
        members0_.id as id1_6_,
        members0_.email as email2_6_,
        members0_.image as image3_6_,
        members0_.name as name4_6_,
        members0_.nickname as nickname5_6_,
        members0_.password as password6_6_,
        members0_.phone as phone7_6_,
        members0_.refresh_token as refresh_8_6_,
        members0_.role as role9_6_ 
    from
        members members0_ 
    where
        members0_.email=?
2022-11-10 12:34:06.520  INFO 9968 --- [    Test worker] o.a.c.c.C.[Tomcat].[localhost].[/]       : Initializing Spring TestDispatcherServlet ''
2022-11-10 12:34:06.520  INFO 9968 --- [    Test worker] o.s.t.web.servlet.TestDispatcherServlet  : Initializing Servlet ''
2022-11-10 12:34:06.522  INFO 9968 --- [    Test worker] o.s.t.web.servlet.TestDispatcherServlet  : Completed initialization in 2 ms
gunsong2@naver.com
Hibernate: 
    select
        members0_.id as id1_6_,
        members0_.email as email2_6_,
        members0_.image as image3_6_,
        members0_.name as name4_6_,
        members0_.nickname as nickname5_6_,
        members0_.password as password6_6_,
        members0_.phone as phone7_6_,
        members0_.refresh_token as refresh_8_6_,
        members0_.role as role9_6_ 
    from
        members members0_ 
    where
        members0_.email=?
Hibernate: 
    select
        style0_.id as id1_14_,
        style0_.name as name2_14_ 
    from
        style style0_ 
    where
        style0_.name=?
Hibernate: 
    select
        materials0_.id as id1_5_,
        materials0_.name as name2_5_ 
    from
        materials materials0_ 
    where
        materials0_.name=?
Hibernate: 
    select
        colors0_.id as id1_4_,
        colors0_.name as name2_4_ 
    from
        colors colors0_ 
    where
        colors0_.name=?
Hibernate: 
    select
        clothesinf0_.id as id1_2_,
        clothesinf0_.categoryl as category2_2_,
        clothesinf0_.categorys as category3_2_,
        clothesinf0_.fit as fit4_2_,
        clothesinf0_.length as length5_2_ 
    from
        clothes_info clothesinf0_ 
    where
        clothesinf0_.categoryl=? 
        and clothesinf0_.categorys=? 
        and clothesinf0_.length=? 
        and clothesinf0_.fit=?
Hibernate: 
    select
        salesinfoc0_.id as id1_9_,
        salesinfoc0_.clothes_brand as clothes_2_9_,
        salesinfoc0_.clothes_color as clothes_3_9_,
        salesinfoc0_.clothes_gender as clothes_4_9_,
        salesinfoc0_.clothes_size as clothes_5_9_ 
    from
        sales_info_clothes salesinfoc0_ 
    where
        salesinfoc0_.clothes_brand=? 
        and salesinfoc0_.clothes_gender=? 
        and salesinfoc0_.clothes_size=? 
        and salesinfoc0_.clothes_color=?
Hibernate: 
    select
        salesinfos0_.id as id1_10_,
        salesinfos0_.status_score as status_s2_10_,
        salesinfos0_.status_tag as status_t3_10_,
        salesinfos0_.status_times as status_t4_10_,
        salesinfos0_.status_when2buy as status_w5_10_,
        salesinfos0_.transport as transpor6_10_ 
    from
        sales_info_status salesinfos0_ 
    where
        salesinfos0_.status_tag=? 
        and salesinfos0_.status_score=? 
        and salesinfos0_.status_times=? 
        and salesinfos0_.status_when2buy=? 
        and salesinfos0_.transport=?
Hibernate: 
    select
        salesinfou0_.id as id1_11_,
        salesinfou0_.user_height as user_hei2_11_,
        salesinfou0_.user_size as user_siz3_11_,
        salesinfou0_.user_weight as user_wei4_11_ 
    from
        sales_info_user salesinfou0_ 
    where
        salesinfou0_.user_size=? 
        and salesinfou0_.user_weight=? 
        and salesinfou0_.user_height=?
Hibernate: 
    insert 
    into
        clothes_image
        (closets_post_id, path, stores_post_id, type) 
    values
        (?, ?, ?, ?)
Hibernate: 
    insert 
    into
        clothes_image
        (closets_post_id, path, stores_post_id, type) 
    values
        (?, ?, ?, ?)
Hibernate: 
    insert 
    into
        stores
        (created_date, modified_date, author_id, clothes_info_id, colors_name, materials_name, style_name, clothes_length, content, price, sales_info_clothes_id, sales_info_status_id, sales_info_user_id, status, title) 
    values
        (?, ?, ?, ?, ?, ?, ?, ?, ?, ?, ?, ?, ?, ?, ?)
Hibernate: 
    update
        clothes_image 
    set
        closets_post_id=?,
        path=?,
        stores_post_id=?,
        type=? 
    where
        id=?
Hibernate: 
    update
        clothes_image 
    set
        closets_post_id=?,
        path=?,
        stores_post_id=?,
        type=? 
    where
        id=?
gunsong2@naver.com
Hibernate: 
    select
        members0_.id as id1_6_,
        members0_.email as email2_6_,
        members0_.image as image3_6_,
        members0_.name as name4_6_,
        members0_.nickname as nickname5_6_,
        members0_.password as password6_6_,
        members0_.phone as phone7_6_,
        members0_.refresh_token as refresh_8_6_,
        members0_.role as role9_6_ 
    from
        members members0_ 
    where
        members0_.email=?
Hibernate: 
    select
        style0_.id as id1_14_,
        style0_.name as name2_14_ 
    from
        style style0_ 
    where
        style0_.name=?
Hibernate: 
    select
        materials0_.id as id1_5_,
        materials0_.name as name2_5_ 
    from
        materials materials0_ 
    where
        materials0_.name=?
Hibernate: 
    select
        colors0_.id as id1_4_,
        colors0_.name as name2_4_ 
    from
        colors colors0_ 
    where
        colors0_.name=?
Hibernate: 
    select
        clothesinf0_.id as id1_2_,
        clothesinf0_.categoryl as category2_2_,
        clothesinf0_.categorys as category3_2_,
        clothesinf0_.fit as fit4_2_,
        clothesinf0_.length as length5_2_ 
    from
        clothes_info clothesinf0_ 
    where
        clothesinf0_.categoryl=? 
        and clothesinf0_.categorys=? 
        and clothesinf0_.length=? 
        and clothesinf0_.fit=?
Hibernate: 
    select
        salesinfoc0_.id as id1_9_,
        salesinfoc0_.clothes_brand as clothes_2_9_,
        salesinfoc0_.clothes_color as clothes_3_9_,
        salesinfoc0_.clothes_gender as clothes_4_9_,
        salesinfoc0_.clothes_size as clothes_5_9_ 
    from
        sales_info_clothes salesinfoc0_ 
    where
        salesinfoc0_.clothes_brand=? 
        and salesinfoc0_.clothes_gender=? 
        and salesinfoc0_.clothes_size=? 
        and salesinfoc0_.clothes_color=?
Hibernate: 
    select
        salesinfos0_.id as id1_10_,
        salesinfos0_.status_score as status_s2_10_,
        salesinfos0_.status_tag as status_t3_10_,
        salesinfos0_.status_times as status_t4_10_,
        salesinfos0_.status_when2buy as status_w5_10_,
        salesinfos0_.transport as transpor6_10_ 
    from
        sales_info_status salesinfos0_ 
    where
        salesinfos0_.status_tag=? 
        and salesinfos0_.status_score=? 
        and salesinfos0_.status_times=? 
        and salesinfos0_.status_when2buy=? 
        and salesinfos0_.transport=?
Hibernate: 
    select
        salesinfou0_.id as id1_11_,
        salesinfou0_.user_height as user_hei2_11_,
        salesinfou0_.user_size as user_siz3_11_,
        salesinfou0_.user_weight as user_wei4_11_ 
    from
        sales_info_user salesinfou0_ 
    where
        salesinfou0_.user_size=? 
        and salesinfou0_.user_weight=? 
        and salesinfou0_.user_height=?
Hibernate: 
    insert 
    into
        clothes_image
        (closets_post_id, path, stores_post_id, type) 
    values
        (?, ?, ?, ?)
Hibernate: 
    insert 
    into
        clothes_image
        (closets_post_id, path, stores_post_id, type) 
    values
        (?, ?, ?, ?)
Hibernate: 
    insert 
    into
        stores
        (created_date, modified_date, author_id, clothes_info_id, colors_name, materials_name, style_name, clothes_length, content, price, sales_info_clothes_id, sales_info_status_id, sales_info_user_id, status, title) 
    values
        (?, ?, ?, ?, ?, ?, ?, ?, ?, ?, ?, ?, ?, ?, ?)
Hibernate: 
    update
        clothes_image 
    set
        closets_post_id=?,
        path=?,
        stores_post_id=?,
        type=? 
    where
        id=?
Hibernate: 
    update
        clothes_image 
    set
        closets_post_id=?,
        path=?,
        stores_post_id=?,
        type=? 
    where
        id=?
gunsong2@naver.com
Hibernate: 
    select
        members0_.id as id1_6_,
        members0_.email as email2_6_,
        members0_.image as image3_6_,
        members0_.name as name4_6_,
        members0_.nickname as nickname5_6_,
        members0_.password as password6_6_,
        members0_.phone as phone7_6_,
        members0_.refresh_token as refresh_8_6_,
        members0_.role as role9_6_ 
    from
        members members0_ 
    where
        members0_.email=?
Hibernate: 
    select
        style0_.id as id1_14_,
        style0_.name as name2_14_ 
    from
        style style0_ 
    where
        style0_.name=?
Hibernate: 
    select
        materials0_.id as id1_5_,
        materials0_.name as name2_5_ 
    from
        materials materials0_ 
    where
        materials0_.name=?
Hibernate: 
    select
        colors0_.id as id1_4_,
        colors0_.name as name2_4_ 
    from
        colors colors0_ 
    where
        colors0_.name=?
Hibernate: 
    select
        clothesinf0_.id as id1_2_,
        clothesinf0_.categoryl as category2_2_,
        clothesinf0_.categorys as category3_2_,
        clothesinf0_.fit as fit4_2_,
        clothesinf0_.length as length5_2_ 
    from
        clothes_info clothesinf0_ 
    where
        clothesinf0_.categoryl=? 
        and clothesinf0_.categorys=? 
        and clothesinf0_.length=? 
        and clothesinf0_.fit=?
Hibernate: 
    select
        salesinfoc0_.id as id1_9_,
        salesinfoc0_.clothes_brand as clothes_2_9_,
        salesinfoc0_.clothes_color as clothes_3_9_,
        salesinfoc0_.clothes_gender as clothes_4_9_,
        salesinfoc0_.clothes_size as clothes_5_9_ 
    from
        sales_info_clothes salesinfoc0_ 
    where
        salesinfoc0_.clothes_brand=? 
        and salesinfoc0_.clothes_gender=? 
        and salesinfoc0_.clothes_size=? 
        and salesinfoc0_.clothes_color=?
Hibernate: 
    select
        salesinfos0_.id as id1_10_,
        salesinfos0_.status_score as status_s2_10_,
        salesinfos0_.status_tag as status_t3_10_,
        salesinfos0_.status_times as status_t4_10_,
        salesinfos0_.status_when2buy as status_w5_10_,
        salesinfos0_.transport as transpor6_10_ 
    from
        sales_info_status salesinfos0_ 
    where
        salesinfos0_.status_tag=? 
        and salesinfos0_.status_score=? 
        and salesinfos0_.status_times=? 
        and salesinfos0_.status_when2buy=? 
        and salesinfos0_.transport=?
Hibernate: 
    select
        salesinfou0_.id as id1_11_,
        salesinfou0_.user_height as user_hei2_11_,
        salesinfou0_.user_size as user_siz3_11_,
        salesinfou0_.user_weight as user_wei4_11_ 
    from
        sales_info_user salesinfou0_ 
    where
        salesinfou0_.user_size=? 
        and salesinfou0_.user_weight=? 
        and salesinfou0_.user_height=?
Hibernate: 
    insert 
    into
        clothes_image
        (closets_post_id, path, stores_post_id, type) 
    values
        (?, ?, ?, ?)
Hibernate: 
    insert 
    into
        clothes_image
        (closets_post_id, path, stores_post_id, type) 
    values
        (?, ?, ?, ?)
Hibernate: 
    insert 
    into
        stores
        (created_date, modified_date, author_id, clothes_info_id, colors_name, materials_name, style_name, clothes_length, content, price, sales_info_clothes_id, sales_info_status_id, sales_info_user_id, status, title) 
    values
        (?, ?, ?, ?, ?, ?, ?, ?, ?, ?, ?, ?, ?, ?, ?)
Hibernate: 
    update
        clothes_image 
    set
        closets_post_id=?,
        path=?,
        stores_post_id=?,
        type=? 
    where
        id=?
Hibernate: 
    update
        clothes_image 
    set
        closets_post_id=?,
        path=?,
        stores_post_id=?,
        type=? 
    where
        id=?
gunsong2@naver.com
Hibernate: 
    select
        members0_.id as id1_6_,
        members0_.email as email2_6_,
        members0_.image as image3_6_,
        members0_.name as name4_6_,
        members0_.nickname as nickname5_6_,
        members0_.password as password6_6_,
        members0_.phone as phone7_6_,
        members0_.refresh_token as refresh_8_6_,
        members0_.role as role9_6_ 
    from
        members members0_ 
    where
        members0_.email=?
Hibernate: 
    select
        style0_.id as id1_14_,
        style0_.name as name2_14_ 
    from
        style style0_ 
    where
        style0_.name=?
Hibernate: 
    select
        materials0_.id as id1_5_,
        materials0_.name as name2_5_ 
    from
        materials materials0_ 
    where
        materials0_.name=?
Hibernate: 
    select
        colors0_.id as id1_4_,
        colors0_.name as name2_4_ 
    from
        colors colors0_ 
    where
        colors0_.name=?
Hibernate: 
    select
        clothesinf0_.id as id1_2_,
        clothesinf0_.categoryl as category2_2_,
        clothesinf0_.categorys as category3_2_,
        clothesinf0_.fit as fit4_2_,
        clothesinf0_.length as length5_2_ 
    from
        clothes_info clothesinf0_ 
    where
        clothesinf0_.categoryl=? 
        and clothesinf0_.categorys=? 
        and clothesinf0_.length=? 
        and clothesinf0_.fit=?
Hibernate: 
    select
        salesinfoc0_.id as id1_9_,
        salesinfoc0_.clothes_brand as clothes_2_9_,
        salesinfoc0_.clothes_color as clothes_3_9_,
        salesinfoc0_.clothes_gender as clothes_4_9_,
        salesinfoc0_.clothes_size as clothes_5_9_ 
    from
        sales_info_clothes salesinfoc0_ 
    where
        salesinfoc0_.clothes_brand=? 
        and salesinfoc0_.clothes_gender=? 
        and salesinfoc0_.clothes_size=? 
        and salesinfoc0_.clothes_color=?
Hibernate: 
    select
        salesinfos0_.id as id1_10_,
        salesinfos0_.status_score as status_s2_10_,
        salesinfos0_.status_tag as status_t3_10_,
        salesinfos0_.status_times as status_t4_10_,
        salesinfos0_.status_when2buy as status_w5_10_,
        salesinfos0_.transport as transpor6_10_ 
    from
        sales_info_status salesinfos0_ 
    where
        salesinfos0_.status_tag=? 
        and salesinfos0_.status_score=? 
        and salesinfos0_.status_times=? 
        and salesinfos0_.status_when2buy=? 
        and salesinfos0_.transport=?
Hibernate: 
    select
        salesinfou0_.id as id1_11_,
        salesinfou0_.user_height as user_hei2_11_,
        salesinfou0_.user_size as user_siz3_11_,
        salesinfou0_.user_weight as user_wei4_11_ 
    from
        sales_info_user salesinfou0_ 
    where
        salesinfou0_.user_size=? 
        and salesinfou0_.user_weight=? 
        and salesinfou0_.user_height=?
Hibernate: 
    insert 
    into
        clothes_image
        (closets_post_id, path, stores_post_id, type) 
    values
        (?, ?, ?, ?)
Hibernate: 
    insert 
    into
        clothes_image
        (closets_post_id, path, stores_post_id, type) 
    values
        (?, ?, ?, ?)
Hibernate: 
    insert 
    into
        stores
        (created_date, modified_date, author_id, clothes_info_id, colors_name, materials_name, style_name, clothes_length, content, price, sales_info_clothes_id, sales_info_status_id, sales_info_user_id, status, title) 
    values
        (?, ?, ?, ?, ?, ?, ?, ?, ?, ?, ?, ?, ?, ?, ?)
Hibernate: 
    update
        clothes_image 
    set
        closets_post_id=?,
        path=?,
        stores_post_id=?,
        type=? 
    where
        id=?
Hibernate: 
    update
        clothes_image 
    set
        closets_post_id=?,
        path=?,
        stores_post_id=?,
        type=? 
    where
        id=?
gunsong2@naver.com
Hibernate: 
    select
        members0_.id as id1_6_,
        members0_.email as email2_6_,
        members0_.image as image3_6_,
        members0_.name as name4_6_,
        members0_.nickname as nickname5_6_,
        members0_.password as password6_6_,
        members0_.phone as phone7_6_,
        members0_.refresh_token as refresh_8_6_,
        members0_.role as role9_6_ 
    from
        members members0_ 
    where
        members0_.email=?
Hibernate: 
    select
        style0_.id as id1_14_,
        style0_.name as name2_14_ 
    from
        style style0_ 
    where
        style0_.name=?
Hibernate: 
    select
        materials0_.id as id1_5_,
        materials0_.name as name2_5_ 
    from
        materials materials0_ 
    where
        materials0_.name=?
Hibernate: 
    select
        colors0_.id as id1_4_,
        colors0_.name as name2_4_ 
    from
        colors colors0_ 
    where
        colors0_.name=?
Hibernate: 
    select
        clothesinf0_.id as id1_2_,
        clothesinf0_.categoryl as category2_2_,
        clothesinf0_.categorys as category3_2_,
        clothesinf0_.fit as fit4_2_,
        clothesinf0_.length as length5_2_ 
    from
        clothes_info clothesinf0_ 
    where
        clothesinf0_.categoryl=? 
        and clothesinf0_.categorys=? 
        and clothesinf0_.length=? 
        and clothesinf0_.fit=?
Hibernate: 
    select
        salesinfoc0_.id as id1_9_,
        salesinfoc0_.clothes_brand as clothes_2_9_,
        salesinfoc0_.clothes_color as clothes_3_9_,
        salesinfoc0_.clothes_gender as clothes_4_9_,
        salesinfoc0_.clothes_size as clothes_5_9_ 
    from
        sales_info_clothes salesinfoc0_ 
    where
        salesinfoc0_.clothes_brand=? 
        and salesinfoc0_.clothes_gender=? 
        and salesinfoc0_.clothes_size=? 
        and salesinfoc0_.clothes_color=?
Hibernate: 
    select
        salesinfos0_.id as id1_10_,
        salesinfos0_.status_score as status_s2_10_,
        salesinfos0_.status_tag as status_t3_10_,
        salesinfos0_.status_times as status_t4_10_,
        salesinfos0_.status_when2buy as status_w5_10_,
        salesinfos0_.transport as transpor6_10_ 
    from
        sales_info_status salesinfos0_ 
    where
        salesinfos0_.status_tag=? 
        and salesinfos0_.status_score=? 
        and salesinfos0_.status_times=? 
        and salesinfos0_.status_when2buy=? 
        and salesinfos0_.transport=?
Hibernate: 
    select
        salesinfou0_.id as id1_11_,
        salesinfou0_.user_height as user_hei2_11_,
        salesinfou0_.user_size as user_siz3_11_,
        salesinfou0_.user_weight as user_wei4_11_ 
    from
        sales_info_user salesinfou0_ 
    where
        salesinfou0_.user_size=? 
        and salesinfou0_.user_weight=? 
        and salesinfou0_.user_height=?
Hibernate: 
    insert 
    into
        clothes_image
        (closets_post_id, path, stores_post_id, type) 
    values
        (?, ?, ?, ?)
Hibernate: 
    insert 
    into
        clothes_image
        (closets_post_id, path, stores_post_id, type) 
    values
        (?, ?, ?, ?)
Hibernate: 
    insert 
    into
        stores
        (created_date, modified_date, author_id, clothes_info_id, colors_name, materials_name, style_name, clothes_length, content, price, sales_info_clothes_id, sales_info_status_id, sales_info_user_id, status, title) 
    values
        (?, ?, ?, ?, ?, ?, ?, ?, ?, ?, ?, ?, ?, ?, ?)
Hibernate: 
    update
        clothes_image 
    set
        closets_post_id=?,
        path=?,
        stores_post_id=?,
        type=? 
    where
        id=?
Hibernate: 
    update
        clothes_image 
    set
        closets_post_id=?,
        path=?,
        stores_post_id=?,
        type=? 
    where
        id=?
Hibernate: 
    select
        stores0_.id as id1_12_,
        stores0_.created_date as created_2_12_,
        stores0_.modified_date as modified3_12_,
        stores0_.author_id as author_i9_12_,
        stores0_.clothes_info_id as clothes10_12_,
        stores0_.colors_name as colors_11_12_,
        stores0_.materials_name as materia12_12_,
        stores0_.style_name as style_n13_12_,
        stores0_.clothes_length as clothes_4_12_,
        stores0_.content as content5_12_,
        stores0_.price as price6_12_,
        stores0_.sales_info_clothes_id as sales_i14_12_,
        stores0_.sales_info_status_id as sales_i15_12_,
        stores0_.sales_info_user_id as sales_i16_12_,
        stores0_.status as status7_12_,
        stores0_.title as title8_12_ 
    from
        stores stores0_
Hibernate: 
    select
        members0_.id as id1_6_0_,
        members0_.email as email2_6_0_,
        members0_.image as image3_6_0_,
        members0_.name as name4_6_0_,
        members0_.nickname as nickname5_6_0_,
        members0_.password as password6_6_0_,
        members0_.phone as phone7_6_0_,
        members0_.refresh_token as refresh_8_6_0_,
        members0_.role as role9_6_0_ 
    from
        members members0_ 
    where
        members0_.id=?
Hibernate: 
    select
        clothesinf0_.id as id1_2_0_,
        clothesinf0_.categoryl as category2_2_0_,
        clothesinf0_.categorys as category3_2_0_,
        clothesinf0_.fit as fit4_2_0_,
        clothesinf0_.length as length5_2_0_ 
    from
        clothes_info clothesinf0_ 
    where
        clothesinf0_.id=?
Hibernate: 
    select
        colors0_.id as id1_4_0_,
        colors0_.name as name2_4_0_ 
    from
        colors colors0_ 
    where
        colors0_.name=?
Hibernate: 
    select
        materials0_.id as id1_5_0_,
        materials0_.name as name2_5_0_ 
    from
        materials materials0_ 
    where
        materials0_.name=?
Hibernate: 
    select
        style0_.id as id1_14_0_,
        style0_.name as name2_14_0_ 
    from
        style style0_ 
    where
        style0_.name=?
Hibernate: 
    select
        salesinfoc0_.id as id1_9_0_,
        salesinfoc0_.clothes_brand as clothes_2_9_0_,
        salesinfoc0_.clothes_color as clothes_3_9_0_,
        salesinfoc0_.clothes_gender as clothes_4_9_0_,
        salesinfoc0_.clothes_size as clothes_5_9_0_ 
    from
        sales_info_clothes salesinfoc0_ 
    where
        salesinfoc0_.id=?
Hibernate: 
    select
        salesinfos0_.id as id1_10_0_,
        salesinfos0_.status_score as status_s2_10_0_,
        salesinfos0_.status_tag as status_t3_10_0_,
        salesinfos0_.status_times as status_t4_10_0_,
        salesinfos0_.status_when2buy as status_w5_10_0_,
        salesinfos0_.transport as transpor6_10_0_ 
    from
        sales_info_status salesinfos0_ 
    where
        salesinfos0_.id=?
Hibernate: 
    select
        salesinfou0_.id as id1_11_0_,
        salesinfou0_.user_height as user_hei2_11_0_,
        salesinfou0_.user_size as user_siz3_11_0_,
        salesinfou0_.user_weight as user_wei4_11_0_ 
    from
        sales_info_user salesinfou0_ 
    where
        salesinfou0_.id=?
Hibernate: 
    select
        clothesinf0_.id as id1_2_0_,
        clothesinf0_.categoryl as category2_2_0_,
        clothesinf0_.categorys as category3_2_0_,
        clothesinf0_.fit as fit4_2_0_,
        clothesinf0_.length as length5_2_0_ 
    from
        clothes_info clothesinf0_ 
    where
        clothesinf0_.id=?
Hibernate: 
    select
        colors0_.id as id1_4_0_,
        colors0_.name as name2_4_0_ 
    from
        colors colors0_ 
    where
        colors0_.name=?
Hibernate: 
    select
        materials0_.id as id1_5_0_,
        materials0_.name as name2_5_0_ 
    from
        materials materials0_ 
    where
        materials0_.name=?
Hibernate: 
    select
        style0_.id as id1_14_0_,
        style0_.name as name2_14_0_ 
    from
        style style0_ 
    where
        style0_.name=?
Hibernate: 
    select
        salesinfoc0_.id as id1_9_0_,
        salesinfoc0_.clothes_brand as clothes_2_9_0_,
        salesinfoc0_.clothes_color as clothes_3_9_0_,
        salesinfoc0_.clothes_gender as clothes_4_9_0_,
        salesinfoc0_.clothes_size as clothes_5_9_0_ 
    from
        sales_info_clothes salesinfoc0_ 
    where
        salesinfoc0_.id=?
Hibernate: 
    select
        salesinfos0_.id as id1_10_0_,
        salesinfos0_.status_score as status_s2_10_0_,
        salesinfos0_.status_tag as status_t3_10_0_,
        salesinfos0_.status_times as status_t4_10_0_,
        salesinfos0_.status_when2buy as status_w5_10_0_,
        salesinfos0_.transport as transpor6_10_0_ 
    from
        sales_info_status salesinfos0_ 
    where
        salesinfos0_.id=?
Hibernate: 
    select
        salesinfou0_.id as id1_11_0_,
        salesinfou0_.user_height as user_hei2_11_0_,
        salesinfou0_.user_size as user_siz3_11_0_,
        salesinfou0_.user_weight as user_wei4_11_0_ 
    from
        sales_info_user salesinfou0_ 
    where
        salesinfou0_.id=?
Hibernate: 
    select
        clothesinf0_.id as id1_2_0_,
        clothesinf0_.categoryl as category2_2_0_,
        clothesinf0_.categorys as category3_2_0_,
        clothesinf0_.fit as fit4_2_0_,
        clothesinf0_.length as length5_2_0_ 
    from
        clothes_info clothesinf0_ 
    where
        clothesinf0_.id=?
Hibernate: 
    select
        colors0_.id as id1_4_0_,
        colors0_.name as name2_4_0_ 
    from
        colors colors0_ 
    where
        colors0_.name=?
Hibernate: 
    select
        materials0_.id as id1_5_0_,
        materials0_.name as name2_5_0_ 
    from
        materials materials0_ 
    where
        materials0_.name=?
Hibernate: 
    select
        style0_.id as id1_14_0_,
        style0_.name as name2_14_0_ 
    from
        style style0_ 
    where
        style0_.name=?
Hibernate: 
    select
        salesinfoc0_.id as id1_9_0_,
        salesinfoc0_.clothes_brand as clothes_2_9_0_,
        salesinfoc0_.clothes_color as clothes_3_9_0_,
        salesinfoc0_.clothes_gender as clothes_4_9_0_,
        salesinfoc0_.clothes_size as clothes_5_9_0_ 
    from
        sales_info_clothes salesinfoc0_ 
    where
        salesinfoc0_.id=?
Hibernate: 
    select
        salesinfos0_.id as id1_10_0_,
        salesinfos0_.status_score as status_s2_10_0_,
        salesinfos0_.status_tag as status_t3_10_0_,
        salesinfos0_.status_times as status_t4_10_0_,
        salesinfos0_.status_when2buy as status_w5_10_0_,
        salesinfos0_.transport as transpor6_10_0_ 
    from
        sales_info_status salesinfos0_ 
    where
        salesinfos0_.id=?
Hibernate: 
    select
        salesinfou0_.id as id1_11_0_,
        salesinfou0_.user_height as user_hei2_11_0_,
        salesinfou0_.user_size as user_siz3_11_0_,
        salesinfou0_.user_weight as user_wei4_11_0_ 
    from
        sales_info_user salesinfou0_ 
    where
        salesinfou0_.id=?
Hibernate: 
    select
        clothesinf0_.id as id1_2_0_,
        clothesinf0_.categoryl as category2_2_0_,
        clothesinf0_.categorys as category3_2_0_,
        clothesinf0_.fit as fit4_2_0_,
        clothesinf0_.length as length5_2_0_ 
    from
        clothes_info clothesinf0_ 
    where
        clothesinf0_.id=?
Hibernate: 
    select
        colors0_.id as id1_4_0_,
        colors0_.name as name2_4_0_ 
    from
        colors colors0_ 
    where
        colors0_.name=?
Hibernate: 
    select
        materials0_.id as id1_5_0_,
        materials0_.name as name2_5_0_ 
    from
        materials materials0_ 
    where
        materials0_.name=?
Hibernate: 
    select
        style0_.id as id1_14_0_,
        style0_.name as name2_14_0_ 
    from
        style style0_ 
    where
        style0_.name=?
Hibernate: 
    select
        salesinfoc0_.id as id1_9_0_,
        salesinfoc0_.clothes_brand as clothes_2_9_0_,
        salesinfoc0_.clothes_color as clothes_3_9_0_,
        salesinfoc0_.clothes_gender as clothes_4_9_0_,
        salesinfoc0_.clothes_size as clothes_5_9_0_ 
    from
        sales_info_clothes salesinfoc0_ 
    where
        salesinfoc0_.id=?
Hibernate: 
    select
        salesinfos0_.id as id1_10_0_,
        salesinfos0_.status_score as status_s2_10_0_,
        salesinfos0_.status_tag as status_t3_10_0_,
        salesinfos0_.status_times as status_t4_10_0_,
        salesinfos0_.status_when2buy as status_w5_10_0_,
        salesinfos0_.transport as transpor6_10_0_ 
    from
        sales_info_status salesinfos0_ 
    where
        salesinfos0_.id=?
Hibernate: 
    select
        salesinfou0_.id as id1_11_0_,
        salesinfou0_.user_height as user_hei2_11_0_,
        salesinfou0_.user_size as user_siz3_11_0_,
        salesinfou0_.user_weight as user_wei4_11_0_ 
    from
        sales_info_user salesinfou0_ 
    where
        salesinfou0_.id=?
Hibernate: 
    select
        clothesinf0_.id as id1_2_0_,
        clothesinf0_.categoryl as category2_2_0_,
        clothesinf0_.categorys as category3_2_0_,
        clothesinf0_.fit as fit4_2_0_,
        clothesinf0_.length as length5_2_0_ 
    from
        clothes_info clothesinf0_ 
    where
        clothesinf0_.id=?
Hibernate: 
    select
        materials0_.id as id1_5_0_,
        materials0_.name as name2_5_0_ 
    from
        materials materials0_ 
    where
        materials0_.name=?
Hibernate: 
    select
        style0_.id as id1_14_0_,
        style0_.name as name2_14_0_ 
    from
        style style0_ 
    where
        style0_.name=?
Hibernate: 
    select
        salesinfoc0_.id as id1_9_0_,
        salesinfoc0_.clothes_brand as clothes_2_9_0_,
        salesinfoc0_.clothes_color as clothes_3_9_0_,
        salesinfoc0_.clothes_gender as clothes_4_9_0_,
        salesinfoc0_.clothes_size as clothes_5_9_0_ 
    from
        sales_info_clothes salesinfoc0_ 
    where
        salesinfoc0_.id=?
Hibernate: 
    select
        salesinfos0_.id as id1_10_0_,
        salesinfos0_.status_score as status_s2_10_0_,
        salesinfos0_.status_tag as status_t3_10_0_,
        salesinfos0_.status_times as status_t4_10_0_,
        salesinfos0_.status_when2buy as status_w5_10_0_,
        salesinfos0_.transport as transpor6_10_0_ 
    from
        sales_info_status salesinfos0_ 
    where
        salesinfos0_.id=?
Hibernate: 
    select
        salesinfou0_.id as id1_11_0_,
        salesinfou0_.user_height as user_hei2_11_0_,
        salesinfou0_.user_size as user_siz3_11_0_,
        salesinfou0_.user_weight as user_wei4_11_0_ 
    from
        sales_info_user salesinfou0_ 
    where
        salesinfou0_.id=?
Hibernate: 
    select
        clothesinf0_.id as id1_2_0_,
        clothesinf0_.categoryl as category2_2_0_,
        clothesinf0_.categorys as category3_2_0_,
        clothesinf0_.fit as fit4_2_0_,
        clothesinf0_.length as length5_2_0_ 
    from
        clothes_info clothesinf0_ 
    where
        clothesinf0_.id=?
Hibernate: 
    select
        colors0_.id as id1_4_0_,
        colors0_.name as name2_4_0_ 
    from
        colors colors0_ 
    where
        colors0_.name=?
Hibernate: 
    select
        clothesima0_.id as id1_3_,
        clothesima0_.closets_post_id as closets_4_3_,
        clothesima0_.path as path2_3_,
        clothesima0_.stores_post_id as stores_p5_3_,
        clothesima0_.type as type3_3_ 
    from
        clothes_image clothesima0_
Hibernate: 
    select
        stores0_.id as id1_12_0_,
        stores0_.created_date as created_2_12_0_,
        stores0_.modified_date as modified3_12_0_,
        stores0_.author_id as author_i9_12_0_,
        stores0_.clothes_info_id as clothes10_12_0_,
        stores0_.colors_name as colors_11_12_0_,
        stores0_.materials_name as materia12_12_0_,
        stores0_.style_name as style_n13_12_0_,
        stores0_.clothes_length as clothes_4_12_0_,
        stores0_.content as content5_12_0_,
        stores0_.price as price6_12_0_,
        stores0_.sales_info_clothes_id as sales_i14_12_0_,
        stores0_.sales_info_status_id as sales_i15_12_0_,
        stores0_.sales_info_user_id as sales_i16_12_0_,
        stores0_.status as status7_12_0_,
        stores0_.title as title8_12_0_,
        members1_.id as id1_6_1_,
        members1_.email as email2_6_1_,
        members1_.image as image3_6_1_,
        members1_.name as name4_6_1_,
        members1_.nickname as nickname5_6_1_,
        members1_.password as password6_6_1_,
        members1_.phone as phone7_6_1_,
        members1_.refresh_token as refresh_8_6_1_,
        members1_.role as role9_6_1_,
        clothesinf2_.id as id1_2_2_,
        clothesinf2_.categoryl as category2_2_2_,
        clothesinf2_.categorys as category3_2_2_,
        clothesinf2_.fit as fit4_2_2_,
        clothesinf2_.length as length5_2_2_,
        colors3_.id as id1_4_3_,
        colors3_.name as name2_4_3_,
        materials4_.id as id1_5_4_,
        materials4_.name as name2_5_4_,
        style5_.id as id1_14_5_,
        style5_.name as name2_14_5_,
        salesinfoc6_.id as id1_9_6_,
        salesinfoc6_.clothes_brand as clothes_2_9_6_,
        salesinfoc6_.clothes_color as clothes_3_9_6_,
        salesinfoc6_.clothes_gender as clothes_4_9_6_,
        salesinfoc6_.clothes_size as clothes_5_9_6_,
        salesinfos7_.id as id1_10_7_,
        salesinfos7_.status_score as status_s2_10_7_,
        salesinfos7_.status_tag as status_t3_10_7_,
        salesinfos7_.status_times as status_t4_10_7_,
        salesinfos7_.status_when2buy as status_w5_10_7_,
        salesinfos7_.transport as transpor6_10_7_,
        salesinfou8_.id as id1_11_8_,
        salesinfou8_.user_height as user_hei2_11_8_,
        salesinfou8_.user_size as user_siz3_11_8_,
        salesinfou8_.user_weight as user_wei4_11_8_ 
    from
        stores stores0_ 
    left outer join
        members members1_ 
            on stores0_.author_id=members1_.id 
    left outer join
        clothes_info clothesinf2_ 
            on stores0_.clothes_info_id=clothesinf2_.id 
    left outer join
        colors colors3_ 
            on stores0_.colors_name=colors3_.name 
    left outer join
        materials materials4_ 
            on stores0_.materials_name=materials4_.name 
    left outer join
        style style5_ 
            on stores0_.style_name=style5_.name 
    left outer join
        sales_info_clothes salesinfoc6_ 
            on stores0_.sales_info_clothes_id=salesinfoc6_.id 
    left outer join
        sales_info_status salesinfos7_ 
            on stores0_.sales_info_status_id=salesinfos7_.id 
    left outer join
        sales_info_user salesinfou8_ 
            on stores0_.sales_info_user_id=salesinfou8_.id 
    where
        stores0_.id=?
Hibernate: 
    select
        stores0_.id as id1_12_0_,
        stores0_.created_date as created_2_12_0_,
        stores0_.modified_date as modified3_12_0_,
        stores0_.author_id as author_i9_12_0_,
        stores0_.clothes_info_id as clothes10_12_0_,
        stores0_.colors_name as colors_11_12_0_,
        stores0_.materials_name as materia12_12_0_,
        stores0_.style_name as style_n13_12_0_,
        stores0_.clothes_length as clothes_4_12_0_,
        stores0_.content as content5_12_0_,
        stores0_.price as price6_12_0_,
        stores0_.sales_info_clothes_id as sales_i14_12_0_,
        stores0_.sales_info_status_id as sales_i15_12_0_,
        stores0_.sales_info_user_id as sales_i16_12_0_,
        stores0_.status as status7_12_0_,
        stores0_.title as title8_12_0_,
        members1_.id as id1_6_1_,
        members1_.email as email2_6_1_,
        members1_.image as image3_6_1_,
        members1_.name as name4_6_1_,
        members1_.nickname as nickname5_6_1_,
        members1_.password as password6_6_1_,
        members1_.phone as phone7_6_1_,
        members1_.refresh_token as refresh_8_6_1_,
        members1_.role as role9_6_1_,
        clothesinf2_.id as id1_2_2_,
        clothesinf2_.categoryl as category2_2_2_,
        clothesinf2_.categorys as category3_2_2_,
        clothesinf2_.fit as fit4_2_2_,
        clothesinf2_.length as length5_2_2_,
        colors3_.id as id1_4_3_,
        colors3_.name as name2_4_3_,
        materials4_.id as id1_5_4_,
        materials4_.name as name2_5_4_,
        style5_.id as id1_14_5_,
        style5_.name as name2_14_5_,
        salesinfoc6_.id as id1_9_6_,
        salesinfoc6_.clothes_brand as clothes_2_9_6_,
        salesinfoc6_.clothes_color as clothes_3_9_6_,
        salesinfoc6_.clothes_gender as clothes_4_9_6_,
        salesinfoc6_.clothes_size as clothes_5_9_6_,
        salesinfos7_.id as id1_10_7_,
        salesinfos7_.status_score as status_s2_10_7_,
        salesinfos7_.status_tag as status_t3_10_7_,
        salesinfos7_.status_times as status_t4_10_7_,
        salesinfos7_.status_when2buy as status_w5_10_7_,
        salesinfos7_.transport as transpor6_10_7_,
        salesinfou8_.id as id1_11_8_,
        salesinfou8_.user_height as user_hei2_11_8_,
        salesinfou8_.user_size as user_siz3_11_8_,
        salesinfou8_.user_weight as user_wei4_11_8_ 
    from
        stores stores0_ 
    left outer join
        members members1_ 
            on stores0_.author_id=members1_.id 
    left outer join
        clothes_info clothesinf2_ 
            on stores0_.clothes_info_id=clothesinf2_.id 
    left outer join
        colors colors3_ 
            on stores0_.colors_name=colors3_.name 
    left outer join
        materials materials4_ 
            on stores0_.materials_name=materials4_.name 
    left outer join
        style style5_ 
            on stores0_.style_name=style5_.name 
    left outer join
        sales_info_clothes salesinfoc6_ 
            on stores0_.sales_info_clothes_id=salesinfoc6_.id 
    left outer join
        sales_info_status salesinfos7_ 
            on stores0_.sales_info_status_id=salesinfos7_.id 
    left outer join
        sales_info_user salesinfou8_ 
            on stores0_.sales_info_user_id=salesinfou8_.id 
    where
        stores0_.id=?
Hibernate: 
    select
        stores0_.id as id1_12_0_,
        stores0_.created_date as created_2_12_0_,
        stores0_.modified_date as modified3_12_0_,
        stores0_.author_id as author_i9_12_0_,
        stores0_.clothes_info_id as clothes10_12_0_,
        stores0_.colors_name as colors_11_12_0_,
        stores0_.materials_name as materia12_12_0_,
        stores0_.style_name as style_n13_12_0_,
        stores0_.clothes_length as clothes_4_12_0_,
        stores0_.content as content5_12_0_,
        stores0_.price as price6_12_0_,
        stores0_.sales_info_clothes_id as sales_i14_12_0_,
        stores0_.sales_info_status_id as sales_i15_12_0_,
        stores0_.sales_info_user_id as sales_i16_12_0_,
        stores0_.status as status7_12_0_,
        stores0_.title as title8_12_0_,
        members1_.id as id1_6_1_,
        members1_.email as email2_6_1_,
        members1_.image as image3_6_1_,
        members1_.name as name4_6_1_,
        members1_.nickname as nickname5_6_1_,
        members1_.password as password6_6_1_,
        members1_.phone as phone7_6_1_,
        members1_.refresh_token as refresh_8_6_1_,
        members1_.role as role9_6_1_,
        clothesinf2_.id as id1_2_2_,
        clothesinf2_.categoryl as category2_2_2_,
        clothesinf2_.categorys as category3_2_2_,
        clothesinf2_.fit as fit4_2_2_,
        clothesinf2_.length as length5_2_2_,
        colors3_.id as id1_4_3_,
        colors3_.name as name2_4_3_,
        materials4_.id as id1_5_4_,
        materials4_.name as name2_5_4_,
        style5_.id as id1_14_5_,
        style5_.name as name2_14_5_,
        salesinfoc6_.id as id1_9_6_,
        salesinfoc6_.clothes_brand as clothes_2_9_6_,
        salesinfoc6_.clothes_color as clothes_3_9_6_,
        salesinfoc6_.clothes_gender as clothes_4_9_6_,
        salesinfoc6_.clothes_size as clothes_5_9_6_,
        salesinfos7_.id as id1_10_7_,
        salesinfos7_.status_score as status_s2_10_7_,
        salesinfos7_.status_tag as status_t3_10_7_,
        salesinfos7_.status_times as status_t4_10_7_,
        salesinfos7_.status_when2buy as status_w5_10_7_,
        salesinfos7_.transport as transpor6_10_7_,
        salesinfou8_.id as id1_11_8_,
        salesinfou8_.user_height as user_hei2_11_8_,
        salesinfou8_.user_size as user_siz3_11_8_,
        salesinfou8_.user_weight as user_wei4_11_8_ 
    from
        stores stores0_ 
    left outer join
        members members1_ 
            on stores0_.author_id=members1_.id 
    left outer join
        clothes_info clothesinf2_ 
            on stores0_.clothes_info_id=clothesinf2_.id 
    left outer join
        colors colors3_ 
            on stores0_.colors_name=colors3_.name 
    left outer join
        materials materials4_ 
            on stores0_.materials_name=materials4_.name 
    left outer join
        style style5_ 
            on stores0_.style_name=style5_.name 
    left outer join
        sales_info_clothes salesinfoc6_ 
            on stores0_.sales_info_clothes_id=salesinfoc6_.id 
    left outer join
        sales_info_status salesinfos7_ 
            on stores0_.sales_info_status_id=salesinfos7_.id 
    left outer join
        sales_info_user salesinfou8_ 
            on stores0_.sales_info_user_id=salesinfou8_.id 
    where
        stores0_.id=?
Hibernate: 
    select
        stores0_.id as id1_12_0_,
        stores0_.created_date as created_2_12_0_,
        stores0_.modified_date as modified3_12_0_,
        stores0_.author_id as author_i9_12_0_,
        stores0_.clothes_info_id as clothes10_12_0_,
        stores0_.colors_name as colors_11_12_0_,
        stores0_.materials_name as materia12_12_0_,
        stores0_.style_name as style_n13_12_0_,
        stores0_.clothes_length as clothes_4_12_0_,
        stores0_.content as content5_12_0_,
        stores0_.price as price6_12_0_,
        stores0_.sales_info_clothes_id as sales_i14_12_0_,
        stores0_.sales_info_status_id as sales_i15_12_0_,
        stores0_.sales_info_user_id as sales_i16_12_0_,
        stores0_.status as status7_12_0_,
        stores0_.title as title8_12_0_,
        members1_.id as id1_6_1_,
        members1_.email as email2_6_1_,
        members1_.image as image3_6_1_,
        members1_.name as name4_6_1_,
        members1_.nickname as nickname5_6_1_,
        members1_.password as password6_6_1_,
        members1_.phone as phone7_6_1_,
        members1_.refresh_token as refresh_8_6_1_,
        members1_.role as role9_6_1_,
        clothesinf2_.id as id1_2_2_,
        clothesinf2_.categoryl as category2_2_2_,
        clothesinf2_.categorys as category3_2_2_,
        clothesinf2_.fit as fit4_2_2_,
        clothesinf2_.length as length5_2_2_,
        colors3_.id as id1_4_3_,
        colors3_.name as name2_4_3_,
        materials4_.id as id1_5_4_,
        materials4_.name as name2_5_4_,
        style5_.id as id1_14_5_,
        style5_.name as name2_14_5_,
        salesinfoc6_.id as id1_9_6_,
        salesinfoc6_.clothes_brand as clothes_2_9_6_,
        salesinfoc6_.clothes_color as clothes_3_9_6_,
        salesinfoc6_.clothes_gender as clothes_4_9_6_,
        salesinfoc6_.clothes_size as clothes_5_9_6_,
        salesinfos7_.id as id1_10_7_,
        salesinfos7_.status_score as status_s2_10_7_,
        salesinfos7_.status_tag as status_t3_10_7_,
        salesinfos7_.status_times as status_t4_10_7_,
        salesinfos7_.status_when2buy as status_w5_10_7_,
        salesinfos7_.transport as transpor6_10_7_,
        salesinfou8_.id as id1_11_8_,
        salesinfou8_.user_height as user_hei2_11_8_,
        salesinfou8_.user_size as user_siz3_11_8_,
        salesinfou8_.user_weight as user_wei4_11_8_ 
    from
        stores stores0_ 
    left outer join
        members members1_ 
            on stores0_.author_id=members1_.id 
    left outer join
        clothes_info clothesinf2_ 
            on stores0_.clothes_info_id=clothesinf2_.id 
    left outer join
        colors colors3_ 
            on stores0_.colors_name=colors3_.name 
    left outer join
        materials materials4_ 
            on stores0_.materials_name=materials4_.name 
    left outer join
        style style5_ 
            on stores0_.style_name=style5_.name 
    left outer join
        sales_info_clothes salesinfoc6_ 
            on stores0_.sales_info_clothes_id=salesinfoc6_.id 
    left outer join
        sales_info_status salesinfos7_ 
            on stores0_.sales_info_status_id=salesinfos7_.id 
    left outer join
        sales_info_user salesinfou8_ 
            on stores0_.sales_info_user_id=salesinfou8_.id 
    where
        stores0_.id=?
Hibernate: 
    select
        stores0_.id as id1_12_0_,
        stores0_.created_date as created_2_12_0_,
        stores0_.modified_date as modified3_12_0_,
        stores0_.author_id as author_i9_12_0_,
        stores0_.clothes_info_id as clothes10_12_0_,
        stores0_.colors_name as colors_11_12_0_,
        stores0_.materials_name as materia12_12_0_,
        stores0_.style_name as style_n13_12_0_,
        stores0_.clothes_length as clothes_4_12_0_,
        stores0_.content as content5_12_0_,
        stores0_.price as price6_12_0_,
        stores0_.sales_info_clothes_id as sales_i14_12_0_,
        stores0_.sales_info_status_id as sales_i15_12_0_,
        stores0_.sales_info_user_id as sales_i16_12_0_,
        stores0_.status as status7_12_0_,
        stores0_.title as title8_12_0_,
        members1_.id as id1_6_1_,
        members1_.email as email2_6_1_,
        members1_.image as image3_6_1_,
        members1_.name as name4_6_1_,
        members1_.nickname as nickname5_6_1_,
        members1_.password as password6_6_1_,
        members1_.phone as phone7_6_1_,
        members1_.refresh_token as refresh_8_6_1_,
        members1_.role as role9_6_1_,
        clothesinf2_.id as id1_2_2_,
        clothesinf2_.categoryl as category2_2_2_,
        clothesinf2_.categorys as category3_2_2_,
        clothesinf2_.fit as fit4_2_2_,
        clothesinf2_.length as length5_2_2_,
        colors3_.id as id1_4_3_,
        colors3_.name as name2_4_3_,
        materials4_.id as id1_5_4_,
        materials4_.name as name2_5_4_,
        style5_.id as id1_14_5_,
        style5_.name as name2_14_5_,
        salesinfoc6_.id as id1_9_6_,
        salesinfoc6_.clothes_brand as clothes_2_9_6_,
        salesinfoc6_.clothes_color as clothes_3_9_6_,
        salesinfoc6_.clothes_gender as clothes_4_9_6_,
        salesinfoc6_.clothes_size as clothes_5_9_6_,
        salesinfos7_.id as id1_10_7_,
        salesinfos7_.status_score as status_s2_10_7_,
        salesinfos7_.status_tag as status_t3_10_7_,
        salesinfos7_.status_times as status_t4_10_7_,
        salesinfos7_.status_when2buy as status_w5_10_7_,
        salesinfos7_.transport as transpor6_10_7_,
        salesinfou8_.id as id1_11_8_,
        salesinfou8_.user_height as user_hei2_11_8_,
        salesinfou8_.user_size as user_siz3_11_8_,
        salesinfou8_.user_weight as user_wei4_11_8_ 
    from
        stores stores0_ 
    left outer join
        members members1_ 
            on stores0_.author_id=members1_.id 
    left outer join
        clothes_info clothesinf2_ 
            on stores0_.clothes_info_id=clothesinf2_.id 
    left outer join
        colors colors3_ 
            on stores0_.colors_name=colors3_.name 
    left outer join
        materials materials4_ 
            on stores0_.materials_name=materials4_.name 
    left outer join
        style style5_ 
            on stores0_.style_name=style5_.name 
    left outer join
        sales_info_clothes salesinfoc6_ 
            on stores0_.sales_info_clothes_id=salesinfoc6_.id 
    left outer join
        sales_info_status salesinfos7_ 
            on stores0_.sales_info_status_id=salesinfos7_.id 
    left outer join
        sales_info_user salesinfou8_ 
            on stores0_.sales_info_user_id=salesinfou8_.id 
    where
        stores0_.id=?
Hibernate: 
    select
        stores0_.id as id1_12_0_,
        stores0_.created_date as created_2_12_0_,
        stores0_.modified_date as modified3_12_0_,
        stores0_.author_id as author_i9_12_0_,
        stores0_.clothes_info_id as clothes10_12_0_,
        stores0_.colors_name as colors_11_12_0_,
        stores0_.materials_name as materia12_12_0_,
        stores0_.style_name as style_n13_12_0_,
        stores0_.clothes_length as clothes_4_12_0_,
        stores0_.content as content5_12_0_,
        stores0_.price as price6_12_0_,
        stores0_.sales_info_clothes_id as sales_i14_12_0_,
        stores0_.sales_info_status_id as sales_i15_12_0_,
        stores0_.sales_info_user_id as sales_i16_12_0_,
        stores0_.status as status7_12_0_,
        stores0_.title as title8_12_0_,
        members1_.id as id1_6_1_,
        members1_.email as email2_6_1_,
        members1_.image as image3_6_1_,
        members1_.name as name4_6_1_,
        members1_.nickname as nickname5_6_1_,
        members1_.password as password6_6_1_,
        members1_.phone as phone7_6_1_,
        members1_.refresh_token as refresh_8_6_1_,
        members1_.role as role9_6_1_,
        clothesinf2_.id as id1_2_2_,
        clothesinf2_.categoryl as category2_2_2_,
        clothesinf2_.categorys as category3_2_2_,
        clothesinf2_.fit as fit4_2_2_,
        clothesinf2_.length as length5_2_2_,
        colors3_.id as id1_4_3_,
        colors3_.name as name2_4_3_,
        materials4_.id as id1_5_4_,
        materials4_.name as name2_5_4_,
        style5_.id as id1_14_5_,
        style5_.name as name2_14_5_,
        salesinfoc6_.id as id1_9_6_,
        salesinfoc6_.clothes_brand as clothes_2_9_6_,
        salesinfoc6_.clothes_color as clothes_3_9_6_,
        salesinfoc6_.clothes_gender as clothes_4_9_6_,
        salesinfoc6_.clothes_size as clothes_5_9_6_,
        salesinfos7_.id as id1_10_7_,
        salesinfos7_.status_score as status_s2_10_7_,
        salesinfos7_.status_tag as status_t3_10_7_,
        salesinfos7_.status_times as status_t4_10_7_,
        salesinfos7_.status_when2buy as status_w5_10_7_,
        salesinfos7_.transport as transpor6_10_7_,
        salesinfou8_.id as id1_11_8_,
        salesinfou8_.user_height as user_hei2_11_8_,
        salesinfou8_.user_size as user_siz3_11_8_,
        salesinfou8_.user_weight as user_wei4_11_8_ 
    from
        stores stores0_ 
    left outer join
        members members1_ 
            on stores0_.author_id=members1_.id 
    left outer join
        clothes_info clothesinf2_ 
            on stores0_.clothes_info_id=clothesinf2_.id 
    left outer join
        colors colors3_ 
            on stores0_.colors_name=colors3_.name 
    left outer join
        materials materials4_ 
            on stores0_.materials_name=materials4_.name 
    left outer join
        style style5_ 
            on stores0_.style_name=style5_.name 
    left outer join
        sales_info_clothes salesinfoc6_ 
            on stores0_.sales_info_clothes_id=salesinfoc6_.id 
    left outer join
        sales_info_status salesinfos7_ 
            on stores0_.sales_info_status_id=salesinfos7_.id 
    left outer join
        sales_info_user salesinfou8_ 
            on stores0_.sales_info_user_id=salesinfou8_.id 
    where
        stores0_.id=?
Hibernate: 
    select
        stores0_.id as id1_12_0_,
        stores0_.created_date as created_2_12_0_,
        stores0_.modified_date as modified3_12_0_,
        stores0_.author_id as author_i9_12_0_,
        stores0_.clothes_info_id as clothes10_12_0_,
        stores0_.colors_name as colors_11_12_0_,
        stores0_.materials_name as materia12_12_0_,
        stores0_.style_name as style_n13_12_0_,
        stores0_.clothes_length as clothes_4_12_0_,
        stores0_.content as content5_12_0_,
        stores0_.price as price6_12_0_,
        stores0_.sales_info_clothes_id as sales_i14_12_0_,
        stores0_.sales_info_status_id as sales_i15_12_0_,
        stores0_.sales_info_user_id as sales_i16_12_0_,
        stores0_.status as status7_12_0_,
        stores0_.title as title8_12_0_,
        members1_.id as id1_6_1_,
        members1_.email as email2_6_1_,
        members1_.image as image3_6_1_,
        members1_.name as name4_6_1_,
        members1_.nickname as nickname5_6_1_,
        members1_.password as password6_6_1_,
        members1_.phone as phone7_6_1_,
        members1_.refresh_token as refresh_8_6_1_,
        members1_.role as role9_6_1_,
        clothesinf2_.id as id1_2_2_,
        clothesinf2_.categoryl as category2_2_2_,
        clothesinf2_.categorys as category3_2_2_,
        clothesinf2_.fit as fit4_2_2_,
        clothesinf2_.length as length5_2_2_,
        colors3_.id as id1_4_3_,
        colors3_.name as name2_4_3_,
        materials4_.id as id1_5_4_,
        materials4_.name as name2_5_4_,
        style5_.id as id1_14_5_,
        style5_.name as name2_14_5_,
        salesinfoc6_.id as id1_9_6_,
        salesinfoc6_.clothes_brand as clothes_2_9_6_,
        salesinfoc6_.clothes_color as clothes_3_9_6_,
        salesinfoc6_.clothes_gender as clothes_4_9_6_,
        salesinfoc6_.clothes_size as clothes_5_9_6_,
        salesinfos7_.id as id1_10_7_,
        salesinfos7_.status_score as status_s2_10_7_,
        salesinfos7_.status_tag as status_t3_10_7_,
        salesinfos7_.status_times as status_t4_10_7_,
        salesinfos7_.status_when2buy as status_w5_10_7_,
        salesinfos7_.transport as transpor6_10_7_,
        salesinfou8_.id as id1_11_8_,
        salesinfou8_.user_height as user_hei2_11_8_,
        salesinfou8_.user_size as user_siz3_11_8_,
        salesinfou8_.user_weight as user_wei4_11_8_ 
    from
        stores stores0_ 
    left outer join
        members members1_ 
            on stores0_.author_id=members1_.id 
    left outer join
        clothes_info clothesinf2_ 
            on stores0_.clothes_info_id=clothesinf2_.id 
    left outer join
        colors colors3_ 
            on stores0_.colors_name=colors3_.name 
    left outer join
        materials materials4_ 
            on stores0_.materials_name=materials4_.name 
    left outer join
        style style5_ 
            on stores0_.style_name=style5_.name 
    left outer join
        sales_info_clothes salesinfoc6_ 
            on stores0_.sales_info_clothes_id=salesinfoc6_.id 
    left outer join
        sales_info_status salesinfos7_ 
            on stores0_.sales_info_status_id=salesinfos7_.id 
    left outer join
        sales_info_user salesinfou8_ 
            on stores0_.sales_info_user_id=salesinfou8_.id 
    where
        stores0_.id=?
Hibernate: 
    select
        stores0_.id as id1_12_0_,
        stores0_.created_date as created_2_12_0_,
        stores0_.modified_date as modified3_12_0_,
        stores0_.author_id as author_i9_12_0_,
        stores0_.clothes_info_id as clothes10_12_0_,
        stores0_.colors_name as colors_11_12_0_,
        stores0_.materials_name as materia12_12_0_,
        stores0_.style_name as style_n13_12_0_,
        stores0_.clothes_length as clothes_4_12_0_,
        stores0_.content as content5_12_0_,
        stores0_.price as price6_12_0_,
        stores0_.sales_info_clothes_id as sales_i14_12_0_,
        stores0_.sales_info_status_id as sales_i15_12_0_,
        stores0_.sales_info_user_id as sales_i16_12_0_,
        stores0_.status as status7_12_0_,
        stores0_.title as title8_12_0_,
        members1_.id as id1_6_1_,
        members1_.email as email2_6_1_,
        members1_.image as image3_6_1_,
        members1_.name as name4_6_1_,
        members1_.nickname as nickname5_6_1_,
        members1_.password as password6_6_1_,
        members1_.phone as phone7_6_1_,
        members1_.refresh_token as refresh_8_6_1_,
        members1_.role as role9_6_1_,
        clothesinf2_.id as id1_2_2_,
        clothesinf2_.categoryl as category2_2_2_,
        clothesinf2_.categorys as category3_2_2_,
        clothesinf2_.fit as fit4_2_2_,
        clothesinf2_.length as length5_2_2_,
        colors3_.id as id1_4_3_,
        colors3_.name as name2_4_3_,
        materials4_.id as id1_5_4_,
        materials4_.name as name2_5_4_,
        style5_.id as id1_14_5_,
        style5_.name as name2_14_5_,
        salesinfoc6_.id as id1_9_6_,
        salesinfoc6_.clothes_brand as clothes_2_9_6_,
        salesinfoc6_.clothes_color as clothes_3_9_6_,
        salesinfoc6_.clothes_gender as clothes_4_9_6_,
        salesinfoc6_.clothes_size as clothes_5_9_6_,
        salesinfos7_.id as id1_10_7_,
        salesinfos7_.status_score as status_s2_10_7_,
        salesinfos7_.status_tag as status_t3_10_7_,
        salesinfos7_.status_times as status_t4_10_7_,
        salesinfos7_.status_when2buy as status_w5_10_7_,
        salesinfos7_.transport as transpor6_10_7_,
        salesinfou8_.id as id1_11_8_,
        salesinfou8_.user_height as user_hei2_11_8_,
        salesinfou8_.user_size as user_siz3_11_8_,
        salesinfou8_.user_weight as user_wei4_11_8_ 
    from
        stores stores0_ 
    left outer join
        members members1_ 
            on stores0_.author_id=members1_.id 
    left outer join
        clothes_info clothesinf2_ 
            on stores0_.clothes_info_id=clothesinf2_.id 
    left outer join
        colors colors3_ 
            on stores0_.colors_name=colors3_.name 
    left outer join
        materials materials4_ 
            on stores0_.materials_name=materials4_.name 
    left outer join
        style style5_ 
            on stores0_.style_name=style5_.name 
    left outer join
        sales_info_clothes salesinfoc6_ 
            on stores0_.sales_info_clothes_id=salesinfoc6_.id 
    left outer join
        sales_info_status salesinfos7_ 
            on stores0_.sales_info_status_id=salesinfos7_.id 
    left outer join
        sales_info_user salesinfou8_ 
            on stores0_.sales_info_user_id=salesinfou8_.id 
    where
        stores0_.id=?
Hibernate: 
    select
        stores0_.id as id1_12_0_,
        stores0_.created_date as created_2_12_0_,
        stores0_.modified_date as modified3_12_0_,
        stores0_.author_id as author_i9_12_0_,
        stores0_.clothes_info_id as clothes10_12_0_,
        stores0_.colors_name as colors_11_12_0_,
        stores0_.materials_name as materia12_12_0_,
        stores0_.style_name as style_n13_12_0_,
        stores0_.clothes_length as clothes_4_12_0_,
        stores0_.content as content5_12_0_,
        stores0_.price as price6_12_0_,
        stores0_.sales_info_clothes_id as sales_i14_12_0_,
        stores0_.sales_info_status_id as sales_i15_12_0_,
        stores0_.sales_info_user_id as sales_i16_12_0_,
        stores0_.status as status7_12_0_,
        stores0_.title as title8_12_0_,
        members1_.id as id1_6_1_,
        members1_.email as email2_6_1_,
        members1_.image as image3_6_1_,
        members1_.name as name4_6_1_,
        members1_.nickname as nickname5_6_1_,
        members1_.password as password6_6_1_,
        members1_.phone as phone7_6_1_,
        members1_.refresh_token as refresh_8_6_1_,
        members1_.role as role9_6_1_,
        clothesinf2_.id as id1_2_2_,
        clothesinf2_.categoryl as category2_2_2_,
        clothesinf2_.categorys as category3_2_2_,
        clothesinf2_.fit as fit4_2_2_,
        clothesinf2_.length as length5_2_2_,
        colors3_.id as id1_4_3_,
        colors3_.name as name2_4_3_,
        materials4_.id as id1_5_4_,
        materials4_.name as name2_5_4_,
        style5_.id as id1_14_5_,
        style5_.name as name2_14_5_,
        salesinfoc6_.id as id1_9_6_,
        salesinfoc6_.clothes_brand as clothes_2_9_6_,
        salesinfoc6_.clothes_color as clothes_3_9_6_,
        salesinfoc6_.clothes_gender as clothes_4_9_6_,
        salesinfoc6_.clothes_size as clothes_5_9_6_,
        salesinfos7_.id as id1_10_7_,
        salesinfos7_.status_score as status_s2_10_7_,
        salesinfos7_.status_tag as status_t3_10_7_,
        salesinfos7_.status_times as status_t4_10_7_,
        salesinfos7_.status_when2buy as status_w5_10_7_,
        salesinfos7_.transport as transpor6_10_7_,
        salesinfou8_.id as id1_11_8_,
        salesinfou8_.user_height as user_hei2_11_8_,
        salesinfou8_.user_size as user_siz3_11_8_,
        salesinfou8_.user_weight as user_wei4_11_8_ 
    from
        stores stores0_ 
    left outer join
        members members1_ 
            on stores0_.author_id=members1_.id 
    left outer join
        clothes_info clothesinf2_ 
            on stores0_.clothes_info_id=clothesinf2_.id 
    left outer join
        colors colors3_ 
            on stores0_.colors_name=colors3_.name 
    left outer join
        materials materials4_ 
            on stores0_.materials_name=materials4_.name 
    left outer join
        style style5_ 
            on stores0_.style_name=style5_.name 
    left outer join
        sales_info_clothes salesinfoc6_ 
            on stores0_.sales_info_clothes_id=salesinfoc6_.id 
    left outer join
        sales_info_status salesinfos7_ 
            on stores0_.sales_info_status_id=salesinfos7_.id 
    left outer join
        sales_info_user salesinfou8_ 
            on stores0_.sales_info_user_id=salesinfou8_.id 
    where
        stores0_.id=?
Hibernate: 
    select
        stores0_.id as id1_12_0_,
        stores0_.created_date as created_2_12_0_,
        stores0_.modified_date as modified3_12_0_,
        stores0_.author_id as author_i9_12_0_,
        stores0_.clothes_info_id as clothes10_12_0_,
        stores0_.colors_name as colors_11_12_0_,
        stores0_.materials_name as materia12_12_0_,
        stores0_.style_name as style_n13_12_0_,
        stores0_.clothes_length as clothes_4_12_0_,
        stores0_.content as content5_12_0_,
        stores0_.price as price6_12_0_,
        stores0_.sales_info_clothes_id as sales_i14_12_0_,
        stores0_.sales_info_status_id as sales_i15_12_0_,
        stores0_.sales_info_user_id as sales_i16_12_0_,
        stores0_.status as status7_12_0_,
        stores0_.title as title8_12_0_,
        members1_.id as id1_6_1_,
        members1_.email as email2_6_1_,
        members1_.image as image3_6_1_,
        members1_.name as name4_6_1_,
        members1_.nickname as nickname5_6_1_,
        members1_.password as password6_6_1_,
        members1_.phone as phone7_6_1_,
        members1_.refresh_token as refresh_8_6_1_,
        members1_.role as role9_6_1_,
        clothesinf2_.id as id1_2_2_,
        clothesinf2_.categoryl as category2_2_2_,
        clothesinf2_.categorys as category3_2_2_,
        clothesinf2_.fit as fit4_2_2_,
        clothesinf2_.length as length5_2_2_,
        colors3_.id as id1_4_3_,
        colors3_.name as name2_4_3_,
        materials4_.id as id1_5_4_,
        materials4_.name as name2_5_4_,
        style5_.id as id1_14_5_,
        style5_.name as name2_14_5_,
        salesinfoc6_.id as id1_9_6_,
        salesinfoc6_.clothes_brand as clothes_2_9_6_,
        salesinfoc6_.clothes_color as clothes_3_9_6_,
        salesinfoc6_.clothes_gender as clothes_4_9_6_,
        salesinfoc6_.clothes_size as clothes_5_9_6_,
        salesinfos7_.id as id1_10_7_,
        salesinfos7_.status_score as status_s2_10_7_,
        salesinfos7_.status_tag as status_t3_10_7_,
        salesinfos7_.status_times as status_t4_10_7_,
        salesinfos7_.status_when2buy as status_w5_10_7_,
        salesinfos7_.transport as transpor6_10_7_,
        salesinfou8_.id as id1_11_8_,
        salesinfou8_.user_height as user_hei2_11_8_,
        salesinfou8_.user_size as user_siz3_11_8_,
        salesinfou8_.user_weight as user_wei4_11_8_ 
    from
        stores stores0_ 
    left outer join
        members members1_ 
            on stores0_.author_id=members1_.id 
    left outer join
        clothes_info clothesinf2_ 
            on stores0_.clothes_info_id=clothesinf2_.id 
    left outer join
        colors colors3_ 
            on stores0_.colors_name=colors3_.name 
    left outer join
        materials materials4_ 
            on stores0_.materials_name=materials4_.name 
    left outer join
        style style5_ 
            on stores0_.style_name=style5_.name 
    left outer join
        sales_info_clothes salesinfoc6_ 
            on stores0_.sales_info_clothes_id=salesinfoc6_.id 
    left outer join
        sales_info_status salesinfos7_ 
            on stores0_.sales_info_status_id=salesinfos7_.id 
    left outer join
        sales_info_user salesinfou8_ 
            on stores0_.sales_info_user_id=salesinfou8_.id 
    where
        stores0_.id=?
Hibernate: 
    select
        stores0_.id as id1_12_0_,
        stores0_.created_date as created_2_12_0_,
        stores0_.modified_date as modified3_12_0_,
        stores0_.author_id as author_i9_12_0_,
        stores0_.clothes_info_id as clothes10_12_0_,
        stores0_.colors_name as colors_11_12_0_,
        stores0_.materials_name as materia12_12_0_,
        stores0_.style_name as style_n13_12_0_,
        stores0_.clothes_length as clothes_4_12_0_,
        stores0_.content as content5_12_0_,
        stores0_.price as price6_12_0_,
        stores0_.sales_info_clothes_id as sales_i14_12_0_,
        stores0_.sales_info_status_id as sales_i15_12_0_,
        stores0_.sales_info_user_id as sales_i16_12_0_,
        stores0_.status as status7_12_0_,
        stores0_.title as title8_12_0_,
        members1_.id as id1_6_1_,
        members1_.email as email2_6_1_,
        members1_.image as image3_6_1_,
        members1_.name as name4_6_1_,
        members1_.nickname as nickname5_6_1_,
        members1_.password as password6_6_1_,
        members1_.phone as phone7_6_1_,
        members1_.refresh_token as refresh_8_6_1_,
        members1_.role as role9_6_1_,
        clothesinf2_.id as id1_2_2_,
        clothesinf2_.categoryl as category2_2_2_,
        clothesinf2_.categorys as category3_2_2_,
        clothesinf2_.fit as fit4_2_2_,
        clothesinf2_.length as length5_2_2_,
        colors3_.id as id1_4_3_,
        colors3_.name as name2_4_3_,
        materials4_.id as id1_5_4_,
        materials4_.name as name2_5_4_,
        style5_.id as id1_14_5_,
        style5_.name as name2_14_5_,
        salesinfoc6_.id as id1_9_6_,
        salesinfoc6_.clothes_brand as clothes_2_9_6_,
        salesinfoc6_.clothes_color as clothes_3_9_6_,
        salesinfoc6_.clothes_gender as clothes_4_9_6_,
        salesinfoc6_.clothes_size as clothes_5_9_6_,
        salesinfos7_.id as id1_10_7_,
        salesinfos7_.status_score as status_s2_10_7_,
        salesinfos7_.status_tag as status_t3_10_7_,
        salesinfos7_.status_times as status_t4_10_7_,
        salesinfos7_.status_when2buy as status_w5_10_7_,
        salesinfos7_.transport as transpor6_10_7_,
        salesinfou8_.id as id1_11_8_,
        salesinfou8_.user_height as user_hei2_11_8_,
        salesinfou8_.user_size as user_siz3_11_8_,
        salesinfou8_.user_weight as user_wei4_11_8_ 
    from
        stores stores0_ 
    left outer join
        members members1_ 
            on stores0_.author_id=members1_.id 
    left outer join
        clothes_info clothesinf2_ 
            on stores0_.clothes_info_id=clothesinf2_.id 
    left outer join
        colors colors3_ 
            on stores0_.colors_name=colors3_.name 
    left outer join
        materials materials4_ 
            on stores0_.materials_name=materials4_.name 
    left outer join
        style style5_ 
            on stores0_.style_name=style5_.name 
    left outer join
        sales_info_clothes salesinfoc6_ 
            on stores0_.sales_info_clothes_id=salesinfoc6_.id 
    left outer join
        sales_info_status salesinfos7_ 
            on stores0_.sales_info_status_id=salesinfos7_.id 
    left outer join
        sales_info_user salesinfou8_ 
            on stores0_.sales_info_user_id=salesinfou8_.id 
    where
        stores0_.id=?
Hibernate: 
    select
        stores0_.id as id1_12_0_,
        stores0_.created_date as created_2_12_0_,
        stores0_.modified_date as modified3_12_0_,
        stores0_.author_id as author_i9_12_0_,
        stores0_.clothes_info_id as clothes10_12_0_,
        stores0_.colors_name as colors_11_12_0_,
        stores0_.materials_name as materia12_12_0_,
        stores0_.style_name as style_n13_12_0_,
        stores0_.clothes_length as clothes_4_12_0_,
        stores0_.content as content5_12_0_,
        stores0_.price as price6_12_0_,
        stores0_.sales_info_clothes_id as sales_i14_12_0_,
        stores0_.sales_info_status_id as sales_i15_12_0_,
        stores0_.sales_info_user_id as sales_i16_12_0_,
        stores0_.status as status7_12_0_,
        stores0_.title as title8_12_0_,
        members1_.id as id1_6_1_,
        members1_.email as email2_6_1_,
        members1_.image as image3_6_1_,
        members1_.name as name4_6_1_,
        members1_.nickname as nickname5_6_1_,
        members1_.password as password6_6_1_,
        members1_.phone as phone7_6_1_,
        members1_.refresh_token as refresh_8_6_1_,
        members1_.role as role9_6_1_,
        clothesinf2_.id as id1_2_2_,
        clothesinf2_.categoryl as category2_2_2_,
        clothesinf2_.categorys as category3_2_2_,
        clothesinf2_.fit as fit4_2_2_,
        clothesinf2_.length as length5_2_2_,
        colors3_.id as id1_4_3_,
        colors3_.name as name2_4_3_,
        materials4_.id as id1_5_4_,
        materials4_.name as name2_5_4_,
        style5_.id as id1_14_5_,
        style5_.name as name2_14_5_,
        salesinfoc6_.id as id1_9_6_,
        salesinfoc6_.clothes_brand as clothes_2_9_6_,
        salesinfoc6_.clothes_color as clothes_3_9_6_,
        salesinfoc6_.clothes_gender as clothes_4_9_6_,
        salesinfoc6_.clothes_size as clothes_5_9_6_,
        salesinfos7_.id as id1_10_7_,
        salesinfos7_.status_score as status_s2_10_7_,
        salesinfos7_.status_tag as status_t3_10_7_,
        salesinfos7_.status_times as status_t4_10_7_,
        salesinfos7_.status_when2buy as status_w5_10_7_,
        salesinfos7_.transport as transpor6_10_7_,
        salesinfou8_.id as id1_11_8_,
        salesinfou8_.user_height as user_hei2_11_8_,
        salesinfou8_.user_size as user_siz3_11_8_,
        salesinfou8_.user_weight as user_wei4_11_8_ 
    from
        stores stores0_ 
    left outer join
        members members1_ 
            on stores0_.author_id=members1_.id 
    left outer join
        clothes_info clothesinf2_ 
            on stores0_.clothes_info_id=clothesinf2_.id 
    left outer join
        colors colors3_ 
            on stores0_.colors_name=colors3_.name 
    left outer join
        materials materials4_ 
            on stores0_.materials_name=materials4_.name 
    left outer join
        style style5_ 
            on stores0_.style_name=style5_.name 
    left outer join
        sales_info_clothes salesinfoc6_ 
            on stores0_.sales_info_clothes_id=salesinfoc6_.id 
    left outer join
        sales_info_status salesinfos7_ 
            on stores0_.sales_info_status_id=salesinfos7_.id 
    left outer join
        sales_info_user salesinfou8_ 
            on stores0_.sales_info_user_id=salesinfou8_.id 
    where
        stores0_.id=?
Hibernate: 
    select
        stores0_.id as id1_12_0_,
        stores0_.created_date as created_2_12_0_,
        stores0_.modified_date as modified3_12_0_,
        stores0_.author_id as author_i9_12_0_,
        stores0_.clothes_info_id as clothes10_12_0_,
        stores0_.colors_name as colors_11_12_0_,
        stores0_.materials_name as materia12_12_0_,
        stores0_.style_name as style_n13_12_0_,
        stores0_.clothes_length as clothes_4_12_0_,
        stores0_.content as content5_12_0_,
        stores0_.price as price6_12_0_,
        stores0_.sales_info_clothes_id as sales_i14_12_0_,
        stores0_.sales_info_status_id as sales_i15_12_0_,
        stores0_.sales_info_user_id as sales_i16_12_0_,
        stores0_.status as status7_12_0_,
        stores0_.title as title8_12_0_,
        members1_.id as id1_6_1_,
        members1_.email as email2_6_1_,
        members1_.image as image3_6_1_,
        members1_.name as name4_6_1_,
        members1_.nickname as nickname5_6_1_,
        members1_.password as password6_6_1_,
        members1_.phone as phone7_6_1_,
        members1_.refresh_token as refresh_8_6_1_,
        members1_.role as role9_6_1_,
        clothesinf2_.id as id1_2_2_,
        clothesinf2_.categoryl as category2_2_2_,
        clothesinf2_.categorys as category3_2_2_,
        clothesinf2_.fit as fit4_2_2_,
        clothesinf2_.length as length5_2_2_,
        colors3_.id as id1_4_3_,
        colors3_.name as name2_4_3_,
        materials4_.id as id1_5_4_,
        materials4_.name as name2_5_4_,
        style5_.id as id1_14_5_,
        style5_.name as name2_14_5_,
        salesinfoc6_.id as id1_9_6_,
        salesinfoc6_.clothes_brand as clothes_2_9_6_,
        salesinfoc6_.clothes_color as clothes_3_9_6_,
        salesinfoc6_.clothes_gender as clothes_4_9_6_,
        salesinfoc6_.clothes_size as clothes_5_9_6_,
        salesinfos7_.id as id1_10_7_,
        salesinfos7_.status_score as status_s2_10_7_,
        salesinfos7_.status_tag as status_t3_10_7_,
        salesinfos7_.status_times as status_t4_10_7_,
        salesinfos7_.status_when2buy as status_w5_10_7_,
        salesinfos7_.transport as transpor6_10_7_,
        salesinfou8_.id as id1_11_8_,
        salesinfou8_.user_height as user_hei2_11_8_,
        salesinfou8_.user_size as user_siz3_11_8_,
        salesinfou8_.user_weight as user_wei4_11_8_ 
    from
        stores stores0_ 
    left outer join
        members members1_ 
            on stores0_.author_id=members1_.id 
    left outer join
        clothes_info clothesinf2_ 
            on stores0_.clothes_info_id=clothesinf2_.id 
    left outer join
        colors colors3_ 
            on stores0_.colors_name=colors3_.name 
    left outer join
        materials materials4_ 
            on stores0_.materials_name=materials4_.name 
    left outer join
        style style5_ 
            on stores0_.style_name=style5_.name 
    left outer join
        sales_info_clothes salesinfoc6_ 
            on stores0_.sales_info_clothes_id=salesinfoc6_.id 
    left outer join
        sales_info_status salesinfos7_ 
            on stores0_.sales_info_status_id=salesinfos7_.id 
    left outer join
        sales_info_user salesinfou8_ 
            on stores0_.sales_info_user_id=salesinfou8_.id 
    where
        stores0_.id=?
Hibernate: 
    select
        stores0_.id as id1_12_0_,
        stores0_.created_date as created_2_12_0_,
        stores0_.modified_date as modified3_12_0_,
        stores0_.author_id as author_i9_12_0_,
        stores0_.clothes_info_id as clothes10_12_0_,
        stores0_.colors_name as colors_11_12_0_,
        stores0_.materials_name as materia12_12_0_,
        stores0_.style_name as style_n13_12_0_,
        stores0_.clothes_length as clothes_4_12_0_,
        stores0_.content as content5_12_0_,
        stores0_.price as price6_12_0_,
        stores0_.sales_info_clothes_id as sales_i14_12_0_,
        stores0_.sales_info_status_id as sales_i15_12_0_,
        stores0_.sales_info_user_id as sales_i16_12_0_,
        stores0_.status as status7_12_0_,
        stores0_.title as title8_12_0_,
        members1_.id as id1_6_1_,
        members1_.email as email2_6_1_,
        members1_.image as image3_6_1_,
        members1_.name as name4_6_1_,
        members1_.nickname as nickname5_6_1_,
        members1_.password as password6_6_1_,
        members1_.phone as phone7_6_1_,
        members1_.refresh_token as refresh_8_6_1_,
        members1_.role as role9_6_1_,
        clothesinf2_.id as id1_2_2_,
        clothesinf2_.categoryl as category2_2_2_,
        clothesinf2_.categorys as category3_2_2_,
        clothesinf2_.fit as fit4_2_2_,
        clothesinf2_.length as length5_2_2_,
        colors3_.id as id1_4_3_,
        colors3_.name as name2_4_3_,
        materials4_.id as id1_5_4_,
        materials4_.name as name2_5_4_,
        style5_.id as id1_14_5_,
        style5_.name as name2_14_5_,
        salesinfoc6_.id as id1_9_6_,
        salesinfoc6_.clothes_brand as clothes_2_9_6_,
        salesinfoc6_.clothes_color as clothes_3_9_6_,
        salesinfoc6_.clothes_gender as clothes_4_9_6_,
        salesinfoc6_.clothes_size as clothes_5_9_6_,
        salesinfos7_.id as id1_10_7_,
        salesinfos7_.status_score as status_s2_10_7_,
        salesinfos7_.status_tag as status_t3_10_7_,
        salesinfos7_.status_times as status_t4_10_7_,
        salesinfos7_.status_when2buy as status_w5_10_7_,
        salesinfos7_.transport as transpor6_10_7_,
        salesinfou8_.id as id1_11_8_,
        salesinfou8_.user_height as user_hei2_11_8_,
        salesinfou8_.user_size as user_siz3_11_8_,
        salesinfou8_.user_weight as user_wei4_11_8_ 
    from
        stores stores0_ 
    left outer join
        members members1_ 
            on stores0_.author_id=members1_.id 
    left outer join
        clothes_info clothesinf2_ 
            on stores0_.clothes_info_id=clothesinf2_.id 
    left outer join
        colors colors3_ 
            on stores0_.colors_name=colors3_.name 
    left outer join
        materials materials4_ 
            on stores0_.materials_name=materials4_.name 
    left outer join
        style style5_ 
            on stores0_.style_name=style5_.name 
    left outer join
        sales_info_clothes salesinfoc6_ 
            on stores0_.sales_info_clothes_id=salesinfoc6_.id 
    left outer join
        sales_info_status salesinfos7_ 
            on stores0_.sales_info_status_id=salesinfos7_.id 
    left outer join
        sales_info_user salesinfou8_ 
            on stores0_.sales_info_user_id=salesinfou8_.id 
    where
        stores0_.id=?
Hibernate: 
    select
        stores0_.id as id1_12_0_,
        stores0_.created_date as created_2_12_0_,
        stores0_.modified_date as modified3_12_0_,
        stores0_.author_id as author_i9_12_0_,
        stores0_.clothes_info_id as clothes10_12_0_,
        stores0_.colors_name as colors_11_12_0_,
        stores0_.materials_name as materia12_12_0_,
        stores0_.style_name as style_n13_12_0_,
        stores0_.clothes_length as clothes_4_12_0_,
        stores0_.content as content5_12_0_,
        stores0_.price as price6_12_0_,
        stores0_.sales_info_clothes_id as sales_i14_12_0_,
        stores0_.sales_info_status_id as sales_i15_12_0_,
        stores0_.sales_info_user_id as sales_i16_12_0_,
        stores0_.status as status7_12_0_,
        stores0_.title as title8_12_0_,
        members1_.id as id1_6_1_,
        members1_.email as email2_6_1_,
        members1_.image as image3_6_1_,
        members1_.name as name4_6_1_,
        members1_.nickname as nickname5_6_1_,
        members1_.password as password6_6_1_,
        members1_.phone as phone7_6_1_,
        members1_.refresh_token as refresh_8_6_1_,
        members1_.role as role9_6_1_,
        clothesinf2_.id as id1_2_2_,
        clothesinf2_.categoryl as category2_2_2_,
        clothesinf2_.categorys as category3_2_2_,
        clothesinf2_.fit as fit4_2_2_,
        clothesinf2_.length as length5_2_2_,
        colors3_.id as id1_4_3_,
        colors3_.name as name2_4_3_,
        materials4_.id as id1_5_4_,
        materials4_.name as name2_5_4_,
        style5_.id as id1_14_5_,
        style5_.name as name2_14_5_,
        salesinfoc6_.id as id1_9_6_,
        salesinfoc6_.clothes_brand as clothes_2_9_6_,
        salesinfoc6_.clothes_color as clothes_3_9_6_,
        salesinfoc6_.clothes_gender as clothes_4_9_6_,
        salesinfoc6_.clothes_size as clothes_5_9_6_,
        salesinfos7_.id as id1_10_7_,
        salesinfos7_.status_score as status_s2_10_7_,
        salesinfos7_.status_tag as status_t3_10_7_,
        salesinfos7_.status_times as status_t4_10_7_,
        salesinfos7_.status_when2buy as status_w5_10_7_,
        salesinfos7_.transport as transpor6_10_7_,
        salesinfou8_.id as id1_11_8_,
        salesinfou8_.user_height as user_hei2_11_8_,
        salesinfou8_.user_size as user_siz3_11_8_,
        salesinfou8_.user_weight as user_wei4_11_8_ 
    from
        stores stores0_ 
    left outer join
        members members1_ 
            on stores0_.author_id=members1_.id 
    left outer join
        clothes_info clothesinf2_ 
            on stores0_.clothes_info_id=clothesinf2_.id 
    left outer join
        colors colors3_ 
            on stores0_.colors_name=colors3_.name 
    left outer join
        materials materials4_ 
            on stores0_.materials_name=materials4_.name 
    left outer join
        style style5_ 
            on stores0_.style_name=style5_.name 
    left outer join
        sales_info_clothes salesinfoc6_ 
            on stores0_.sales_info_clothes_id=salesinfoc6_.id 
    left outer join
        sales_info_status salesinfos7_ 
            on stores0_.sales_info_status_id=salesinfos7_.id 
    left outer join
        sales_info_user salesinfou8_ 
            on stores0_.sales_info_user_id=salesinfou8_.id 
    where
        stores0_.id=?
Hibernate: 
    select
        stores0_.id as id1_12_0_,
        stores0_.created_date as created_2_12_0_,
        stores0_.modified_date as modified3_12_0_,
        stores0_.author_id as author_i9_12_0_,
        stores0_.clothes_info_id as clothes10_12_0_,
        stores0_.colors_name as colors_11_12_0_,
        stores0_.materials_name as materia12_12_0_,
        stores0_.style_name as style_n13_12_0_,
        stores0_.clothes_length as clothes_4_12_0_,
        stores0_.content as content5_12_0_,
        stores0_.price as price6_12_0_,
        stores0_.sales_info_clothes_id as sales_i14_12_0_,
        stores0_.sales_info_status_id as sales_i15_12_0_,
        stores0_.sales_info_user_id as sales_i16_12_0_,
        stores0_.status as status7_12_0_,
        stores0_.title as title8_12_0_,
        members1_.id as id1_6_1_,
        members1_.email as email2_6_1_,
        members1_.image as image3_6_1_,
        members1_.name as name4_6_1_,
        members1_.nickname as nickname5_6_1_,
        members1_.password as password6_6_1_,
        members1_.phone as phone7_6_1_,
        members1_.refresh_token as refresh_8_6_1_,
        members1_.role as role9_6_1_,
        clothesinf2_.id as id1_2_2_,
        clothesinf2_.categoryl as category2_2_2_,
        clothesinf2_.categorys as category3_2_2_,
        clothesinf2_.fit as fit4_2_2_,
        clothesinf2_.length as length5_2_2_,
        colors3_.id as id1_4_3_,
        colors3_.name as name2_4_3_,
        materials4_.id as id1_5_4_,
        materials4_.name as name2_5_4_,
        style5_.id as id1_14_5_,
        style5_.name as name2_14_5_,
        salesinfoc6_.id as id1_9_6_,
        salesinfoc6_.clothes_brand as clothes_2_9_6_,
        salesinfoc6_.clothes_color as clothes_3_9_6_,
        salesinfoc6_.clothes_gender as clothes_4_9_6_,
        salesinfoc6_.clothes_size as clothes_5_9_6_,
        salesinfos7_.id as id1_10_7_,
        salesinfos7_.status_score as status_s2_10_7_,
        salesinfos7_.status_tag as status_t3_10_7_,
        salesinfos7_.status_times as status_t4_10_7_,
        salesinfos7_.status_when2buy as status_w5_10_7_,
        salesinfos7_.transport as transpor6_10_7_,
        salesinfou8_.id as id1_11_8_,
        salesinfou8_.user_height as user_hei2_11_8_,
        salesinfou8_.user_size as user_siz3_11_8_,
        salesinfou8_.user_weight as user_wei4_11_8_ 
    from
        stores stores0_ 
    left outer join
        members members1_ 
            on stores0_.author_id=members1_.id 
    left outer join
        clothes_info clothesinf2_ 
            on stores0_.clothes_info_id=clothesinf2_.id 
    left outer join
        colors colors3_ 
            on stores0_.colors_name=colors3_.name 
    left outer join
        materials materials4_ 
            on stores0_.materials_name=materials4_.name 
    left outer join
        style style5_ 
            on stores0_.style_name=style5_.name 
    left outer join
        sales_info_clothes salesinfoc6_ 
            on stores0_.sales_info_clothes_id=salesinfoc6_.id 
    left outer join
        sales_info_status salesinfos7_ 
            on stores0_.sales_info_status_id=salesinfos7_.id 
    left outer join
        sales_info_user salesinfou8_ 
            on stores0_.sales_info_user_id=salesinfou8_.id 
    where
        stores0_.id=?
Hibernate: 
    select
        stores0_.id as id1_12_0_,
        stores0_.created_date as created_2_12_0_,
        stores0_.modified_date as modified3_12_0_,
        stores0_.author_id as author_i9_12_0_,
        stores0_.clothes_info_id as clothes10_12_0_,
        stores0_.colors_name as colors_11_12_0_,
        stores0_.materials_name as materia12_12_0_,
        stores0_.style_name as style_n13_12_0_,
        stores0_.clothes_length as clothes_4_12_0_,
        stores0_.content as content5_12_0_,
        stores0_.price as price6_12_0_,
        stores0_.sales_info_clothes_id as sales_i14_12_0_,
        stores0_.sales_info_status_id as sales_i15_12_0_,
        stores0_.sales_info_user_id as sales_i16_12_0_,
        stores0_.status as status7_12_0_,
        stores0_.title as title8_12_0_,
        members1_.id as id1_6_1_,
        members1_.email as email2_6_1_,
        members1_.image as image3_6_1_,
        members1_.name as name4_6_1_,
        members1_.nickname as nickname5_6_1_,
        members1_.password as password6_6_1_,
        members1_.phone as phone7_6_1_,
        members1_.refresh_token as refresh_8_6_1_,
        members1_.role as role9_6_1_,
        clothesinf2_.id as id1_2_2_,
        clothesinf2_.categoryl as category2_2_2_,
        clothesinf2_.categorys as category3_2_2_,
        clothesinf2_.fit as fit4_2_2_,
        clothesinf2_.length as length5_2_2_,
        colors3_.id as id1_4_3_,
        colors3_.name as name2_4_3_,
        materials4_.id as id1_5_4_,
        materials4_.name as name2_5_4_,
        style5_.id as id1_14_5_,
        style5_.name as name2_14_5_,
        salesinfoc6_.id as id1_9_6_,
        salesinfoc6_.clothes_brand as clothes_2_9_6_,
        salesinfoc6_.clothes_color as clothes_3_9_6_,
        salesinfoc6_.clothes_gender as clothes_4_9_6_,
        salesinfoc6_.clothes_size as clothes_5_9_6_,
        salesinfos7_.id as id1_10_7_,
        salesinfos7_.status_score as status_s2_10_7_,
        salesinfos7_.status_tag as status_t3_10_7_,
        salesinfos7_.status_times as status_t4_10_7_,
        salesinfos7_.status_when2buy as status_w5_10_7_,
        salesinfos7_.transport as transpor6_10_7_,
        salesinfou8_.id as id1_11_8_,
        salesinfou8_.user_height as user_hei2_11_8_,
        salesinfou8_.user_size as user_siz3_11_8_,
        salesinfou8_.user_weight as user_wei4_11_8_ 
    from
        stores stores0_ 
    left outer join
        members members1_ 
            on stores0_.author_id=members1_.id 
    left outer join
        clothes_info clothesinf2_ 
            on stores0_.clothes_info_id=clothesinf2_.id 
    left outer join
        colors colors3_ 
            on stores0_.colors_name=colors3_.name 
    left outer join
        materials materials4_ 
            on stores0_.materials_name=materials4_.name 
    left outer join
        style style5_ 
            on stores0_.style_name=style5_.name 
    left outer join
        sales_info_clothes salesinfoc6_ 
            on stores0_.sales_info_clothes_id=salesinfoc6_.id 
    left outer join
        sales_info_status salesinfos7_ 
            on stores0_.sales_info_status_id=salesinfos7_.id 
    left outer join
        sales_info_user salesinfou8_ 
            on stores0_.sales_info_user_id=salesinfou8_.id 
    where
        stores0_.id=?
Hibernate: 
    select
        stores0_.id as id1_12_0_,
        stores0_.created_date as created_2_12_0_,
        stores0_.modified_date as modified3_12_0_,
        stores0_.author_id as author_i9_12_0_,
        stores0_.clothes_info_id as clothes10_12_0_,
        stores0_.colors_name as colors_11_12_0_,
        stores0_.materials_name as materia12_12_0_,
        stores0_.style_name as style_n13_12_0_,
        stores0_.clothes_length as clothes_4_12_0_,
        stores0_.content as content5_12_0_,
        stores0_.price as price6_12_0_,
        stores0_.sales_info_clothes_id as sales_i14_12_0_,
        stores0_.sales_info_status_id as sales_i15_12_0_,
        stores0_.sales_info_user_id as sales_i16_12_0_,
        stores0_.status as status7_12_0_,
        stores0_.title as title8_12_0_,
        members1_.id as id1_6_1_,
        members1_.email as email2_6_1_,
        members1_.image as image3_6_1_,
        members1_.name as name4_6_1_,
        members1_.nickname as nickname5_6_1_,
        members1_.password as password6_6_1_,
        members1_.phone as phone7_6_1_,
        members1_.refresh_token as refresh_8_6_1_,
        members1_.role as role9_6_1_,
        clothesinf2_.id as id1_2_2_,
        clothesinf2_.categoryl as category2_2_2_,
        clothesinf2_.categorys as category3_2_2_,
        clothesinf2_.fit as fit4_2_2_,
        clothesinf2_.length as length5_2_2_,
        colors3_.id as id1_4_3_,
        colors3_.name as name2_4_3_,
        materials4_.id as id1_5_4_,
        materials4_.name as name2_5_4_,
        style5_.id as id1_14_5_,
        style5_.name as name2_14_5_,
        salesinfoc6_.id as id1_9_6_,
        salesinfoc6_.clothes_brand as clothes_2_9_6_,
        salesinfoc6_.clothes_color as clothes_3_9_6_,
        salesinfoc6_.clothes_gender as clothes_4_9_6_,
        salesinfoc6_.clothes_size as clothes_5_9_6_,
        salesinfos7_.id as id1_10_7_,
        salesinfos7_.status_score as status_s2_10_7_,
        salesinfos7_.status_tag as status_t3_10_7_,
        salesinfos7_.status_times as status_t4_10_7_,
        salesinfos7_.status_when2buy as status_w5_10_7_,
        salesinfos7_.transport as transpor6_10_7_,
        salesinfou8_.id as id1_11_8_,
        salesinfou8_.user_height as user_hei2_11_8_,
        salesinfou8_.user_size as user_siz3_11_8_,
        salesinfou8_.user_weight as user_wei4_11_8_ 
    from
        stores stores0_ 
    left outer join
        members members1_ 
            on stores0_.author_id=members1_.id 
    left outer join
        clothes_info clothesinf2_ 
            on stores0_.clothes_info_id=clothesinf2_.id 
    left outer join
        colors colors3_ 
            on stores0_.colors_name=colors3_.name 
    left outer join
        materials materials4_ 
            on stores0_.materials_name=materials4_.name 
    left outer join
        style style5_ 
            on stores0_.style_name=style5_.name 
    left outer join
        sales_info_clothes salesinfoc6_ 
            on stores0_.sales_info_clothes_id=salesinfoc6_.id 
    left outer join
        sales_info_status salesinfos7_ 
            on stores0_.sales_info_status_id=salesinfos7_.id 
    left outer join
        sales_info_user salesinfou8_ 
            on stores0_.sales_info_user_id=salesinfou8_.id 
    where
        stores0_.id=?
Hibernate: 
    select
        stores0_.id as id1_12_0_,
        stores0_.created_date as created_2_12_0_,
        stores0_.modified_date as modified3_12_0_,
        stores0_.author_id as author_i9_12_0_,
        stores0_.clothes_info_id as clothes10_12_0_,
        stores0_.colors_name as colors_11_12_0_,
        stores0_.materials_name as materia12_12_0_,
        stores0_.style_name as style_n13_12_0_,
        stores0_.clothes_length as clothes_4_12_0_,
        stores0_.content as content5_12_0_,
        stores0_.price as price6_12_0_,
        stores0_.sales_info_clothes_id as sales_i14_12_0_,
        stores0_.sales_info_status_id as sales_i15_12_0_,
        stores0_.sales_info_user_id as sales_i16_12_0_,
        stores0_.status as status7_12_0_,
        stores0_.title as title8_12_0_,
        members1_.id as id1_6_1_,
        members1_.email as email2_6_1_,
        members1_.image as image3_6_1_,
        members1_.name as name4_6_1_,
        members1_.nickname as nickname5_6_1_,
        members1_.password as password6_6_1_,
        members1_.phone as phone7_6_1_,
        members1_.refresh_token as refresh_8_6_1_,
        members1_.role as role9_6_1_,
        clothesinf2_.id as id1_2_2_,
        clothesinf2_.categoryl as category2_2_2_,
        clothesinf2_.categorys as category3_2_2_,
        clothesinf2_.fit as fit4_2_2_,
        clothesinf2_.length as length5_2_2_,
        colors3_.id as id1_4_3_,
        colors3_.name as name2_4_3_,
        materials4_.id as id1_5_4_,
        materials4_.name as name2_5_4_,
        style5_.id as id1_14_5_,
        style5_.name as name2_14_5_,
        salesinfoc6_.id as id1_9_6_,
        salesinfoc6_.clothes_brand as clothes_2_9_6_,
        salesinfoc6_.clothes_color as clothes_3_9_6_,
        salesinfoc6_.clothes_gender as clothes_4_9_6_,
        salesinfoc6_.clothes_size as clothes_5_9_6_,
        salesinfos7_.id as id1_10_7_,
        salesinfos7_.status_score as status_s2_10_7_,
        salesinfos7_.status_tag as status_t3_10_7_,
        salesinfos7_.status_times as status_t4_10_7_,
        salesinfos7_.status_when2buy as status_w5_10_7_,
        salesinfos7_.transport as transpor6_10_7_,
        salesinfou8_.id as id1_11_8_,
        salesinfou8_.user_height as user_hei2_11_8_,
        salesinfou8_.user_size as user_siz3_11_8_,
        salesinfou8_.user_weight as user_wei4_11_8_ 
    from
        stores stores0_ 
    left outer join
        members members1_ 
            on stores0_.author_id=members1_.id 
    left outer join
        clothes_info clothesinf2_ 
            on stores0_.clothes_info_id=clothesinf2_.id 
    left outer join
        colors colors3_ 
            on stores0_.colors_name=colors3_.name 
    left outer join
        materials materials4_ 
            on stores0_.materials_name=materials4_.name 
    left outer join
        style style5_ 
            on stores0_.style_name=style5_.name 
    left outer join
        sales_info_clothes salesinfoc6_ 
            on stores0_.sales_info_clothes_id=salesinfoc6_.id 
    left outer join
        sales_info_status salesinfos7_ 
            on stores0_.sales_info_status_id=salesinfos7_.id 
    left outer join
        sales_info_user salesinfou8_ 
            on stores0_.sales_info_user_id=salesinfou8_.id 
    where
        stores0_.id=?
Hibernate: 
    select
        stores0_.id as id1_12_0_,
        stores0_.created_date as created_2_12_0_,
        stores0_.modified_date as modified3_12_0_,
        stores0_.author_id as author_i9_12_0_,
        stores0_.clothes_info_id as clothes10_12_0_,
        stores0_.colors_name as colors_11_12_0_,
        stores0_.materials_name as materia12_12_0_,
        stores0_.style_name as style_n13_12_0_,
        stores0_.clothes_length as clothes_4_12_0_,
        stores0_.content as content5_12_0_,
        stores0_.price as price6_12_0_,
        stores0_.sales_info_clothes_id as sales_i14_12_0_,
        stores0_.sales_info_status_id as sales_i15_12_0_,
        stores0_.sales_info_user_id as sales_i16_12_0_,
        stores0_.status as status7_12_0_,
        stores0_.title as title8_12_0_,
        members1_.id as id1_6_1_,
        members1_.email as email2_6_1_,
        members1_.image as image3_6_1_,
        members1_.name as name4_6_1_,
        members1_.nickname as nickname5_6_1_,
        members1_.password as password6_6_1_,
        members1_.phone as phone7_6_1_,
        members1_.refresh_token as refresh_8_6_1_,
        members1_.role as role9_6_1_,
        clothesinf2_.id as id1_2_2_,
        clothesinf2_.categoryl as category2_2_2_,
        clothesinf2_.categorys as category3_2_2_,
        clothesinf2_.fit as fit4_2_2_,
        clothesinf2_.length as length5_2_2_,
        colors3_.id as id1_4_3_,
        colors3_.name as name2_4_3_,
        materials4_.id as id1_5_4_,
        materials4_.name as name2_5_4_,
        style5_.id as id1_14_5_,
        style5_.name as name2_14_5_,
        salesinfoc6_.id as id1_9_6_,
        salesinfoc6_.clothes_brand as clothes_2_9_6_,
        salesinfoc6_.clothes_color as clothes_3_9_6_,
        salesinfoc6_.clothes_gender as clothes_4_9_6_,
        salesinfoc6_.clothes_size as clothes_5_9_6_,
        salesinfos7_.id as id1_10_7_,
        salesinfos7_.status_score as status_s2_10_7_,
        salesinfos7_.status_tag as status_t3_10_7_,
        salesinfos7_.status_times as status_t4_10_7_,
        salesinfos7_.status_when2buy as status_w5_10_7_,
        salesinfos7_.transport as transpor6_10_7_,
        salesinfou8_.id as id1_11_8_,
        salesinfou8_.user_height as user_hei2_11_8_,
        salesinfou8_.user_size as user_siz3_11_8_,
        salesinfou8_.user_weight as user_wei4_11_8_ 
    from
        stores stores0_ 
    left outer join
        members members1_ 
            on stores0_.author_id=members1_.id 
    left outer join
        clothes_info clothesinf2_ 
            on stores0_.clothes_info_id=clothesinf2_.id 
    left outer join
        colors colors3_ 
            on stores0_.colors_name=colors3_.name 
    left outer join
        materials materials4_ 
            on stores0_.materials_name=materials4_.name 
    left outer join
        style style5_ 
            on stores0_.style_name=style5_.name 
    left outer join
        sales_info_clothes salesinfoc6_ 
            on stores0_.sales_info_clothes_id=salesinfoc6_.id 
    left outer join
        sales_info_status salesinfos7_ 
            on stores0_.sales_info_status_id=salesinfos7_.id 
    left outer join
        sales_info_user salesinfou8_ 
            on stores0_.sales_info_user_id=salesinfou8_.id 
    where
        stores0_.id=?
Hibernate: 
    select
        stores0_.id as id1_12_0_,
        stores0_.created_date as created_2_12_0_,
        stores0_.modified_date as modified3_12_0_,
        stores0_.author_id as author_i9_12_0_,
        stores0_.clothes_info_id as clothes10_12_0_,
        stores0_.colors_name as colors_11_12_0_,
        stores0_.materials_name as materia12_12_0_,
        stores0_.style_name as style_n13_12_0_,
        stores0_.clothes_length as clothes_4_12_0_,
        stores0_.content as content5_12_0_,
        stores0_.price as price6_12_0_,
        stores0_.sales_info_clothes_id as sales_i14_12_0_,
        stores0_.sales_info_status_id as sales_i15_12_0_,
        stores0_.sales_info_user_id as sales_i16_12_0_,
        stores0_.status as status7_12_0_,
        stores0_.title as title8_12_0_,
        members1_.id as id1_6_1_,
        members1_.email as email2_6_1_,
        members1_.image as image3_6_1_,
        members1_.name as name4_6_1_,
        members1_.nickname as nickname5_6_1_,
        members1_.password as password6_6_1_,
        members1_.phone as phone7_6_1_,
        members1_.refresh_token as refresh_8_6_1_,
        members1_.role as role9_6_1_,
        clothesinf2_.id as id1_2_2_,
        clothesinf2_.categoryl as category2_2_2_,
        clothesinf2_.categorys as category3_2_2_,
        clothesinf2_.fit as fit4_2_2_,
        clothesinf2_.length as length5_2_2_,
        colors3_.id as id1_4_3_,
        colors3_.name as name2_4_3_,
        materials4_.id as id1_5_4_,
        materials4_.name as name2_5_4_,
        style5_.id as id1_14_5_,
        style5_.name as name2_14_5_,
        salesinfoc6_.id as id1_9_6_,
        salesinfoc6_.clothes_brand as clothes_2_9_6_,
        salesinfoc6_.clothes_color as clothes_3_9_6_,
        salesinfoc6_.clothes_gender as clothes_4_9_6_,
        salesinfoc6_.clothes_size as clothes_5_9_6_,
        salesinfos7_.id as id1_10_7_,
        salesinfos7_.status_score as status_s2_10_7_,
        salesinfos7_.status_tag as status_t3_10_7_,
        salesinfos7_.status_times as status_t4_10_7_,
        salesinfos7_.status_when2buy as status_w5_10_7_,
        salesinfos7_.transport as transpor6_10_7_,
        salesinfou8_.id as id1_11_8_,
        salesinfou8_.user_height as user_hei2_11_8_,
        salesinfou8_.user_size as user_siz3_11_8_,
        salesinfou8_.user_weight as user_wei4_11_8_ 
    from
        stores stores0_ 
    left outer join
        members members1_ 
            on stores0_.author_id=members1_.id 
    left outer join
        clothes_info clothesinf2_ 
            on stores0_.clothes_info_id=clothesinf2_.id 
    left outer join
        colors colors3_ 
            on stores0_.colors_name=colors3_.name 
    left outer join
        materials materials4_ 
            on stores0_.materials_name=materials4_.name 
    left outer join
        style style5_ 
            on stores0_.style_name=style5_.name 
    left outer join
        sales_info_clothes salesinfoc6_ 
            on stores0_.sales_info_clothes_id=salesinfoc6_.id 
    left outer join
        sales_info_status salesinfos7_ 
            on stores0_.sales_info_status_id=salesinfos7_.id 
    left outer join
        sales_info_user salesinfou8_ 
            on stores0_.sales_info_user_id=salesinfou8_.id 
    where
        stores0_.id=?
Hibernate: 
    select
        stores0_.id as id1_12_0_,
        stores0_.created_date as created_2_12_0_,
        stores0_.modified_date as modified3_12_0_,
        stores0_.author_id as author_i9_12_0_,
        stores0_.clothes_info_id as clothes10_12_0_,
        stores0_.colors_name as colors_11_12_0_,
        stores0_.materials_name as materia12_12_0_,
        stores0_.style_name as style_n13_12_0_,
        stores0_.clothes_length as clothes_4_12_0_,
        stores0_.content as content5_12_0_,
        stores0_.price as price6_12_0_,
        stores0_.sales_info_clothes_id as sales_i14_12_0_,
        stores0_.sales_info_status_id as sales_i15_12_0_,
        stores0_.sales_info_user_id as sales_i16_12_0_,
        stores0_.status as status7_12_0_,
        stores0_.title as title8_12_0_,
        members1_.id as id1_6_1_,
        members1_.email as email2_6_1_,
        members1_.image as image3_6_1_,
        members1_.name as name4_6_1_,
        members1_.nickname as nickname5_6_1_,
        members1_.password as password6_6_1_,
        members1_.phone as phone7_6_1_,
        members1_.refresh_token as refresh_8_6_1_,
        members1_.role as role9_6_1_,
        clothesinf2_.id as id1_2_2_,
        clothesinf2_.categoryl as category2_2_2_,
        clothesinf2_.categorys as category3_2_2_,
        clothesinf2_.fit as fit4_2_2_,
        clothesinf2_.length as length5_2_2_,
        colors3_.id as id1_4_3_,
        colors3_.name as name2_4_3_,
        materials4_.id as id1_5_4_,
        materials4_.name as name2_5_4_,
        style5_.id as id1_14_5_,
        style5_.name as name2_14_5_,
        salesinfoc6_.id as id1_9_6_,
        salesinfoc6_.clothes_brand as clothes_2_9_6_,
        salesinfoc6_.clothes_color as clothes_3_9_6_,
        salesinfoc6_.clothes_gender as clothes_4_9_6_,
        salesinfoc6_.clothes_size as clothes_5_9_6_,
        salesinfos7_.id as id1_10_7_,
        salesinfos7_.status_score as status_s2_10_7_,
        salesinfos7_.status_tag as status_t3_10_7_,
        salesinfos7_.status_times as status_t4_10_7_,
        salesinfos7_.status_when2buy as status_w5_10_7_,
        salesinfos7_.transport as transpor6_10_7_,
        salesinfou8_.id as id1_11_8_,
        salesinfou8_.user_height as user_hei2_11_8_,
        salesinfou8_.user_size as user_siz3_11_8_,
        salesinfou8_.user_weight as user_wei4_11_8_ 
    from
        stores stores0_ 
    left outer join
        members members1_ 
            on stores0_.author_id=members1_.id 
    left outer join
        clothes_info clothesinf2_ 
            on stores0_.clothes_info_id=clothesinf2_.id 
    left outer join
        colors colors3_ 
            on stores0_.colors_name=colors3_.name 
    left outer join
        materials materials4_ 
            on stores0_.materials_name=materials4_.name 
    left outer join
        style style5_ 
            on stores0_.style_name=style5_.name 
    left outer join
        sales_info_clothes salesinfoc6_ 
            on stores0_.sales_info_clothes_id=salesinfoc6_.id 
    left outer join
        sales_info_status salesinfos7_ 
            on stores0_.sales_info_status_id=salesinfos7_.id 
    left outer join
        sales_info_user salesinfou8_ 
            on stores0_.sales_info_user_id=salesinfou8_.id 
    where
        stores0_.id=?
Hibernate: 
    select
        stores0_.id as id1_12_0_,
        stores0_.created_date as created_2_12_0_,
        stores0_.modified_date as modified3_12_0_,
        stores0_.author_id as author_i9_12_0_,
        stores0_.clothes_info_id as clothes10_12_0_,
        stores0_.colors_name as colors_11_12_0_,
        stores0_.materials_name as materia12_12_0_,
        stores0_.style_name as style_n13_12_0_,
        stores0_.clothes_length as clothes_4_12_0_,
        stores0_.content as content5_12_0_,
        stores0_.price as price6_12_0_,
        stores0_.sales_info_clothes_id as sales_i14_12_0_,
        stores0_.sales_info_status_id as sales_i15_12_0_,
        stores0_.sales_info_user_id as sales_i16_12_0_,
        stores0_.status as status7_12_0_,
        stores0_.title as title8_12_0_,
        members1_.id as id1_6_1_,
        members1_.email as email2_6_1_,
        members1_.image as image3_6_1_,
        members1_.name as name4_6_1_,
        members1_.nickname as nickname5_6_1_,
        members1_.password as password6_6_1_,
        members1_.phone as phone7_6_1_,
        members1_.refresh_token as refresh_8_6_1_,
        members1_.role as role9_6_1_,
        clothesinf2_.id as id1_2_2_,
        clothesinf2_.categoryl as category2_2_2_,
        clothesinf2_.categorys as category3_2_2_,
        clothesinf2_.fit as fit4_2_2_,
        clothesinf2_.length as length5_2_2_,
        colors3_.id as id1_4_3_,
        colors3_.name as name2_4_3_,
        materials4_.id as id1_5_4_,
        materials4_.name as name2_5_4_,
        style5_.id as id1_14_5_,
        style5_.name as name2_14_5_,
        salesinfoc6_.id as id1_9_6_,
        salesinfoc6_.clothes_brand as clothes_2_9_6_,
        salesinfoc6_.clothes_color as clothes_3_9_6_,
        salesinfoc6_.clothes_gender as clothes_4_9_6_,
        salesinfoc6_.clothes_size as clothes_5_9_6_,
        salesinfos7_.id as id1_10_7_,
        salesinfos7_.status_score as status_s2_10_7_,
        salesinfos7_.status_tag as status_t3_10_7_,
        salesinfos7_.status_times as status_t4_10_7_,
        salesinfos7_.status_when2buy as status_w5_10_7_,
        salesinfos7_.transport as transpor6_10_7_,
        salesinfou8_.id as id1_11_8_,
        salesinfou8_.user_height as user_hei2_11_8_,
        salesinfou8_.user_size as user_siz3_11_8_,
        salesinfou8_.user_weight as user_wei4_11_8_ 
    from
        stores stores0_ 
    left outer join
        members members1_ 
            on stores0_.author_id=members1_.id 
    left outer join
        clothes_info clothesinf2_ 
            on stores0_.clothes_info_id=clothesinf2_.id 
    left outer join
        colors colors3_ 
            on stores0_.colors_name=colors3_.name 
    left outer join
        materials materials4_ 
            on stores0_.materials_name=materials4_.name 
    left outer join
        style style5_ 
            on stores0_.style_name=style5_.name 
    left outer join
        sales_info_clothes salesinfoc6_ 
            on stores0_.sales_info_clothes_id=salesinfoc6_.id 
    left outer join
        sales_info_status salesinfos7_ 
            on stores0_.sales_info_status_id=salesinfos7_.id 
    left outer join
        sales_info_user salesinfou8_ 
            on stores0_.sales_info_user_id=salesinfou8_.id 
    where
        stores0_.id=?
Hibernate: 
    select
        stores0_.id as id1_12_0_,
        stores0_.created_date as created_2_12_0_,
        stores0_.modified_date as modified3_12_0_,
        stores0_.author_id as author_i9_12_0_,
        stores0_.clothes_info_id as clothes10_12_0_,
        stores0_.colors_name as colors_11_12_0_,
        stores0_.materials_name as materia12_12_0_,
        stores0_.style_name as style_n13_12_0_,
        stores0_.clothes_length as clothes_4_12_0_,
        stores0_.content as content5_12_0_,
        stores0_.price as price6_12_0_,
        stores0_.sales_info_clothes_id as sales_i14_12_0_,
        stores0_.sales_info_status_id as sales_i15_12_0_,
        stores0_.sales_info_user_id as sales_i16_12_0_,
        stores0_.status as status7_12_0_,
        stores0_.title as title8_12_0_,
        members1_.id as id1_6_1_,
        members1_.email as email2_6_1_,
        members1_.image as image3_6_1_,
        members1_.name as name4_6_1_,
        members1_.nickname as nickname5_6_1_,
        members1_.password as password6_6_1_,
        members1_.phone as phone7_6_1_,
        members1_.refresh_token as refresh_8_6_1_,
        members1_.role as role9_6_1_,
        clothesinf2_.id as id1_2_2_,
        clothesinf2_.categoryl as category2_2_2_,
        clothesinf2_.categorys as category3_2_2_,
        clothesinf2_.fit as fit4_2_2_,
        clothesinf2_.length as length5_2_2_,
        colors3_.id as id1_4_3_,
        colors3_.name as name2_4_3_,
        materials4_.id as id1_5_4_,
        materials4_.name as name2_5_4_,
        style5_.id as id1_14_5_,
        style5_.name as name2_14_5_,
        salesinfoc6_.id as id1_9_6_,
        salesinfoc6_.clothes_brand as clothes_2_9_6_,
        salesinfoc6_.clothes_color as clothes_3_9_6_,
        salesinfoc6_.clothes_gender as clothes_4_9_6_,
        salesinfoc6_.clothes_size as clothes_5_9_6_,
        salesinfos7_.id as id1_10_7_,
        salesinfos7_.status_score as status_s2_10_7_,
        salesinfos7_.status_tag as status_t3_10_7_,
        salesinfos7_.status_times as status_t4_10_7_,
        salesinfos7_.status_when2buy as status_w5_10_7_,
        salesinfos7_.transport as transpor6_10_7_,
        salesinfou8_.id as id1_11_8_,
        salesinfou8_.user_height as user_hei2_11_8_,
        salesinfou8_.user_size as user_siz3_11_8_,
        salesinfou8_.user_weight as user_wei4_11_8_ 
    from
        stores stores0_ 
    left outer join
        members members1_ 
            on stores0_.author_id=members1_.id 
    left outer join
        clothes_info clothesinf2_ 
            on stores0_.clothes_info_id=clothesinf2_.id 
    left outer join
        colors colors3_ 
            on stores0_.colors_name=colors3_.name 
    left outer join
        materials materials4_ 
            on stores0_.materials_name=materials4_.name 
    left outer join
        style style5_ 
            on stores0_.style_name=style5_.name 
    left outer join
        sales_info_clothes salesinfoc6_ 
            on stores0_.sales_info_clothes_id=salesinfoc6_.id 
    left outer join
        sales_info_status salesinfos7_ 
            on stores0_.sales_info_status_id=salesinfos7_.id 
    left outer join
        sales_info_user salesinfou8_ 
            on stores0_.sales_info_user_id=salesinfou8_.id 
    where
        stores0_.id=?
Hibernate: 
    select
        stores0_.id as id1_12_0_,
        stores0_.created_date as created_2_12_0_,
        stores0_.modified_date as modified3_12_0_,
        stores0_.author_id as author_i9_12_0_,
        stores0_.clothes_info_id as clothes10_12_0_,
        stores0_.colors_name as colors_11_12_0_,
        stores0_.materials_name as materia12_12_0_,
        stores0_.style_name as style_n13_12_0_,
        stores0_.clothes_length as clothes_4_12_0_,
        stores0_.content as content5_12_0_,
        stores0_.price as price6_12_0_,
        stores0_.sales_info_clothes_id as sales_i14_12_0_,
        stores0_.sales_info_status_id as sales_i15_12_0_,
        stores0_.sales_info_user_id as sales_i16_12_0_,
        stores0_.status as status7_12_0_,
        stores0_.title as title8_12_0_,
        members1_.id as id1_6_1_,
        members1_.email as email2_6_1_,
        members1_.image as image3_6_1_,
        members1_.name as name4_6_1_,
        members1_.nickname as nickname5_6_1_,
        members1_.password as password6_6_1_,
        members1_.phone as phone7_6_1_,
        members1_.refresh_token as refresh_8_6_1_,
        members1_.role as role9_6_1_,
        clothesinf2_.id as id1_2_2_,
        clothesinf2_.categoryl as category2_2_2_,
        clothesinf2_.categorys as category3_2_2_,
        clothesinf2_.fit as fit4_2_2_,
        clothesinf2_.length as length5_2_2_,
        colors3_.id as id1_4_3_,
        colors3_.name as name2_4_3_,
        materials4_.id as id1_5_4_,
        materials4_.name as name2_5_4_,
        style5_.id as id1_14_5_,
        style5_.name as name2_14_5_,
        salesinfoc6_.id as id1_9_6_,
        salesinfoc6_.clothes_brand as clothes_2_9_6_,
        salesinfoc6_.clothes_color as clothes_3_9_6_,
        salesinfoc6_.clothes_gender as clothes_4_9_6_,
        salesinfoc6_.clothes_size as clothes_5_9_6_,
        salesinfos7_.id as id1_10_7_,
        salesinfos7_.status_score as status_s2_10_7_,
        salesinfos7_.status_tag as status_t3_10_7_,
        salesinfos7_.status_times as status_t4_10_7_,
        salesinfos7_.status_when2buy as status_w5_10_7_,
        salesinfos7_.transport as transpor6_10_7_,
        salesinfou8_.id as id1_11_8_,
        salesinfou8_.user_height as user_hei2_11_8_,
        salesinfou8_.user_size as user_siz3_11_8_,
        salesinfou8_.user_weight as user_wei4_11_8_ 
    from
        stores stores0_ 
    left outer join
        members members1_ 
            on stores0_.author_id=members1_.id 
    left outer join
        clothes_info clothesinf2_ 
            on stores0_.clothes_info_id=clothesinf2_.id 
    left outer join
        colors colors3_ 
            on stores0_.colors_name=colors3_.name 
    left outer join
        materials materials4_ 
            on stores0_.materials_name=materials4_.name 
    left outer join
        style style5_ 
            on stores0_.style_name=style5_.name 
    left outer join
        sales_info_clothes salesinfoc6_ 
            on stores0_.sales_info_clothes_id=salesinfoc6_.id 
    left outer join
        sales_info_status salesinfos7_ 
            on stores0_.sales_info_status_id=salesinfos7_.id 
    left outer join
        sales_info_user salesinfou8_ 
            on stores0_.sales_info_user_id=salesinfou8_.id 
    where
        stores0_.id=?
Hibernate: 
    select
        stores0_.id as id1_12_0_,
        stores0_.created_date as created_2_12_0_,
        stores0_.modified_date as modified3_12_0_,
        stores0_.author_id as author_i9_12_0_,
        stores0_.clothes_info_id as clothes10_12_0_,
        stores0_.colors_name as colors_11_12_0_,
        stores0_.materials_name as materia12_12_0_,
        stores0_.style_name as style_n13_12_0_,
        stores0_.clothes_length as clothes_4_12_0_,
        stores0_.content as content5_12_0_,
        stores0_.price as price6_12_0_,
        stores0_.sales_info_clothes_id as sales_i14_12_0_,
        stores0_.sales_info_status_id as sales_i15_12_0_,
        stores0_.sales_info_user_id as sales_i16_12_0_,
        stores0_.status as status7_12_0_,
        stores0_.title as title8_12_0_,
        members1_.id as id1_6_1_,
        members1_.email as email2_6_1_,
        members1_.image as image3_6_1_,
        members1_.name as name4_6_1_,
        members1_.nickname as nickname5_6_1_,
        members1_.password as password6_6_1_,
        members1_.phone as phone7_6_1_,
        members1_.refresh_token as refresh_8_6_1_,
        members1_.role as role9_6_1_,
        clothesinf2_.id as id1_2_2_,
        clothesinf2_.categoryl as category2_2_2_,
        clothesinf2_.categorys as category3_2_2_,
        clothesinf2_.fit as fit4_2_2_,
        clothesinf2_.length as length5_2_2_,
        colors3_.id as id1_4_3_,
        colors3_.name as name2_4_3_,
        materials4_.id as id1_5_4_,
        materials4_.name as name2_5_4_,
        style5_.id as id1_14_5_,
        style5_.name as name2_14_5_,
        salesinfoc6_.id as id1_9_6_,
        salesinfoc6_.clothes_brand as clothes_2_9_6_,
        salesinfoc6_.clothes_color as clothes_3_9_6_,
        salesinfoc6_.clothes_gender as clothes_4_9_6_,
        salesinfoc6_.clothes_size as clothes_5_9_6_,
        salesinfos7_.id as id1_10_7_,
        salesinfos7_.status_score as status_s2_10_7_,
        salesinfos7_.status_tag as status_t3_10_7_,
        salesinfos7_.status_times as status_t4_10_7_,
        salesinfos7_.status_when2buy as status_w5_10_7_,
        salesinfos7_.transport as transpor6_10_7_,
        salesinfou8_.id as id1_11_8_,
        salesinfou8_.user_height as user_hei2_11_8_,
        salesinfou8_.user_size as user_siz3_11_8_,
        salesinfou8_.user_weight as user_wei4_11_8_ 
    from
        stores stores0_ 
    left outer join
        members members1_ 
            on stores0_.author_id=members1_.id 
    left outer join
        clothes_info clothesinf2_ 
            on stores0_.clothes_info_id=clothesinf2_.id 
    left outer join
        colors colors3_ 
            on stores0_.colors_name=colors3_.name 
    left outer join
        materials materials4_ 
            on stores0_.materials_name=materials4_.name 
    left outer join
        style style5_ 
            on stores0_.style_name=style5_.name 
    left outer join
        sales_info_clothes salesinfoc6_ 
            on stores0_.sales_info_clothes_id=salesinfoc6_.id 
    left outer join
        sales_info_status salesinfos7_ 
            on stores0_.sales_info_status_id=salesinfos7_.id 
    left outer join
        sales_info_user salesinfou8_ 
            on stores0_.sales_info_user_id=salesinfou8_.id 
    where
        stores0_.id=?
Hibernate: 
    select
        stores0_.id as id1_12_0_,
        stores0_.created_date as created_2_12_0_,
        stores0_.modified_date as modified3_12_0_,
        stores0_.author_id as author_i9_12_0_,
        stores0_.clothes_info_id as clothes10_12_0_,
        stores0_.colors_name as colors_11_12_0_,
        stores0_.materials_name as materia12_12_0_,
        stores0_.style_name as style_n13_12_0_,
        stores0_.clothes_length as clothes_4_12_0_,
        stores0_.content as content5_12_0_,
        stores0_.price as price6_12_0_,
        stores0_.sales_info_clothes_id as sales_i14_12_0_,
        stores0_.sales_info_status_id as sales_i15_12_0_,
        stores0_.sales_info_user_id as sales_i16_12_0_,
        stores0_.status as status7_12_0_,
        stores0_.title as title8_12_0_,
        members1_.id as id1_6_1_,
        members1_.email as email2_6_1_,
        members1_.image as image3_6_1_,
        members1_.name as name4_6_1_,
        members1_.nickname as nickname5_6_1_,
        members1_.password as password6_6_1_,
        members1_.phone as phone7_6_1_,
        members1_.refresh_token as refresh_8_6_1_,
        members1_.role as role9_6_1_,
        clothesinf2_.id as id1_2_2_,
        clothesinf2_.categoryl as category2_2_2_,
        clothesinf2_.categorys as category3_2_2_,
        clothesinf2_.fit as fit4_2_2_,
        clothesinf2_.length as length5_2_2_,
        colors3_.id as id1_4_3_,
        colors3_.name as name2_4_3_,
        materials4_.id as id1_5_4_,
        materials4_.name as name2_5_4_,
        style5_.id as id1_14_5_,
        style5_.name as name2_14_5_,
        salesinfoc6_.id as id1_9_6_,
        salesinfoc6_.clothes_brand as clothes_2_9_6_,
        salesinfoc6_.clothes_color as clothes_3_9_6_,
        salesinfoc6_.clothes_gender as clothes_4_9_6_,
        salesinfoc6_.clothes_size as clothes_5_9_6_,
        salesinfos7_.id as id1_10_7_,
        salesinfos7_.status_score as status_s2_10_7_,
        salesinfos7_.status_tag as status_t3_10_7_,
        salesinfos7_.status_times as status_t4_10_7_,
        salesinfos7_.status_when2buy as status_w5_10_7_,
        salesinfos7_.transport as transpor6_10_7_,
        salesinfou8_.id as id1_11_8_,
        salesinfou8_.user_height as user_hei2_11_8_,
        salesinfou8_.user_size as user_siz3_11_8_,
        salesinfou8_.user_weight as user_wei4_11_8_ 
    from
        stores stores0_ 
    left outer join
        members members1_ 
            on stores0_.author_id=members1_.id 
    left outer join
        clothes_info clothesinf2_ 
            on stores0_.clothes_info_id=clothesinf2_.id 
    left outer join
        colors colors3_ 
            on stores0_.colors_name=colors3_.name 
    left outer join
        materials materials4_ 
            on stores0_.materials_name=materials4_.name 
    left outer join
        style style5_ 
            on stores0_.style_name=style5_.name 
    left outer join
        sales_info_clothes salesinfoc6_ 
            on stores0_.sales_info_clothes_id=salesinfoc6_.id 
    left outer join
        sales_info_status salesinfos7_ 
            on stores0_.sales_info_status_id=salesinfos7_.id 
    left outer join
        sales_info_user salesinfou8_ 
            on stores0_.sales_info_user_id=salesinfou8_.id 
    where
        stores0_.id=?
Hibernate: 
    select
        stores0_.id as id1_12_0_,
        stores0_.created_date as created_2_12_0_,
        stores0_.modified_date as modified3_12_0_,
        stores0_.author_id as author_i9_12_0_,
        stores0_.clothes_info_id as clothes10_12_0_,
        stores0_.colors_name as colors_11_12_0_,
        stores0_.materials_name as materia12_12_0_,
        stores0_.style_name as style_n13_12_0_,
        stores0_.clothes_length as clothes_4_12_0_,
        stores0_.content as content5_12_0_,
        stores0_.price as price6_12_0_,
        stores0_.sales_info_clothes_id as sales_i14_12_0_,
        stores0_.sales_info_status_id as sales_i15_12_0_,
        stores0_.sales_info_user_id as sales_i16_12_0_,
        stores0_.status as status7_12_0_,
        stores0_.title as title8_12_0_,
        members1_.id as id1_6_1_,
        members1_.email as email2_6_1_,
        members1_.image as image3_6_1_,
        members1_.name as name4_6_1_,
        members1_.nickname as nickname5_6_1_,
        members1_.password as password6_6_1_,
        members1_.phone as phone7_6_1_,
        members1_.refresh_token as refresh_8_6_1_,
        members1_.role as role9_6_1_,
        clothesinf2_.id as id1_2_2_,
        clothesinf2_.categoryl as category2_2_2_,
        clothesinf2_.categorys as category3_2_2_,
        clothesinf2_.fit as fit4_2_2_,
        clothesinf2_.length as length5_2_2_,
        colors3_.id as id1_4_3_,
        colors3_.name as name2_4_3_,
        materials4_.id as id1_5_4_,
        materials4_.name as name2_5_4_,
        style5_.id as id1_14_5_,
        style5_.name as name2_14_5_,
        salesinfoc6_.id as id1_9_6_,
        salesinfoc6_.clothes_brand as clothes_2_9_6_,
        salesinfoc6_.clothes_color as clothes_3_9_6_,
        salesinfoc6_.clothes_gender as clothes_4_9_6_,
        salesinfoc6_.clothes_size as clothes_5_9_6_,
        salesinfos7_.id as id1_10_7_,
        salesinfos7_.status_score as status_s2_10_7_,
        salesinfos7_.status_tag as status_t3_10_7_,
        salesinfos7_.status_times as status_t4_10_7_,
        salesinfos7_.status_when2buy as status_w5_10_7_,
        salesinfos7_.transport as transpor6_10_7_,
        salesinfou8_.id as id1_11_8_,
        salesinfou8_.user_height as user_hei2_11_8_,
        salesinfou8_.user_size as user_siz3_11_8_,
        salesinfou8_.user_weight as user_wei4_11_8_ 
    from
        stores stores0_ 
    left outer join
        members members1_ 
            on stores0_.author_id=members1_.id 
    left outer join
        clothes_info clothesinf2_ 
            on stores0_.clothes_info_id=clothesinf2_.id 
    left outer join
        colors colors3_ 
            on stores0_.colors_name=colors3_.name 
    left outer join
        materials materials4_ 
            on stores0_.materials_name=materials4_.name 
    left outer join
        style style5_ 
            on stores0_.style_name=style5_.name 
    left outer join
        sales_info_clothes salesinfoc6_ 
            on stores0_.sales_info_clothes_id=salesinfoc6_.id 
    left outer join
        sales_info_status salesinfos7_ 
            on stores0_.sales_info_status_id=salesinfos7_.id 
    left outer join
        sales_info_user salesinfou8_ 
            on stores0_.sales_info_user_id=salesinfou8_.id 
    where
        stores0_.id=?
Hibernate: 
    select
        stores0_.id as id1_12_0_,
        stores0_.created_date as created_2_12_0_,
        stores0_.modified_date as modified3_12_0_,
        stores0_.author_id as author_i9_12_0_,
        stores0_.clothes_info_id as clothes10_12_0_,
        stores0_.colors_name as colors_11_12_0_,
        stores0_.materials_name as materia12_12_0_,
        stores0_.style_name as style_n13_12_0_,
        stores0_.clothes_length as clothes_4_12_0_,
        stores0_.content as content5_12_0_,
        stores0_.price as price6_12_0_,
        stores0_.sales_info_clothes_id as sales_i14_12_0_,
        stores0_.sales_info_status_id as sales_i15_12_0_,
        stores0_.sales_info_user_id as sales_i16_12_0_,
        stores0_.status as status7_12_0_,
        stores0_.title as title8_12_0_,
        members1_.id as id1_6_1_,
        members1_.email as email2_6_1_,
        members1_.image as image3_6_1_,
        members1_.name as name4_6_1_,
        members1_.nickname as nickname5_6_1_,
        members1_.password as password6_6_1_,
        members1_.phone as phone7_6_1_,
        members1_.refresh_token as refresh_8_6_1_,
        members1_.role as role9_6_1_,
        clothesinf2_.id as id1_2_2_,
        clothesinf2_.categoryl as category2_2_2_,
        clothesinf2_.categorys as category3_2_2_,
        clothesinf2_.fit as fit4_2_2_,
        clothesinf2_.length as length5_2_2_,
        colors3_.id as id1_4_3_,
        colors3_.name as name2_4_3_,
        materials4_.id as id1_5_4_,
        materials4_.name as name2_5_4_,
        style5_.id as id1_14_5_,
        style5_.name as name2_14_5_,
        salesinfoc6_.id as id1_9_6_,
        salesinfoc6_.clothes_brand as clothes_2_9_6_,
        salesinfoc6_.clothes_color as clothes_3_9_6_,
        salesinfoc6_.clothes_gender as clothes_4_9_6_,
        salesinfoc6_.clothes_size as clothes_5_9_6_,
        salesinfos7_.id as id1_10_7_,
        salesinfos7_.status_score as status_s2_10_7_,
        salesinfos7_.status_tag as status_t3_10_7_,
        salesinfos7_.status_times as status_t4_10_7_,
        salesinfos7_.status_when2buy as status_w5_10_7_,
        salesinfos7_.transport as transpor6_10_7_,
        salesinfou8_.id as id1_11_8_,
        salesinfou8_.user_height as user_hei2_11_8_,
        salesinfou8_.user_size as user_siz3_11_8_,
        salesinfou8_.user_weight as user_wei4_11_8_ 
    from
        stores stores0_ 
    left outer join
        members members1_ 
            on stores0_.author_id=members1_.id 
    left outer join
        clothes_info clothesinf2_ 
            on stores0_.clothes_info_id=clothesinf2_.id 
    left outer join
        colors colors3_ 
            on stores0_.colors_name=colors3_.name 
    left outer join
        materials materials4_ 
            on stores0_.materials_name=materials4_.name 
    left outer join
        style style5_ 
            on stores0_.style_name=style5_.name 
    left outer join
        sales_info_clothes salesinfoc6_ 
            on stores0_.sales_info_clothes_id=salesinfoc6_.id 
    left outer join
        sales_info_status salesinfos7_ 
            on stores0_.sales_info_status_id=salesinfos7_.id 
    left outer join
        sales_info_user salesinfou8_ 
            on stores0_.sales_info_user_id=salesinfou8_.id 
    where
        stores0_.id=?
Hibernate: 
    select
        stores0_.id as id1_12_0_,
        stores0_.created_date as created_2_12_0_,
        stores0_.modified_date as modified3_12_0_,
        stores0_.author_id as author_i9_12_0_,
        stores0_.clothes_info_id as clothes10_12_0_,
        stores0_.colors_name as colors_11_12_0_,
        stores0_.materials_name as materia12_12_0_,
        stores0_.style_name as style_n13_12_0_,
        stores0_.clothes_length as clothes_4_12_0_,
        stores0_.content as content5_12_0_,
        stores0_.price as price6_12_0_,
        stores0_.sales_info_clothes_id as sales_i14_12_0_,
        stores0_.sales_info_status_id as sales_i15_12_0_,
        stores0_.sales_info_user_id as sales_i16_12_0_,
        stores0_.status as status7_12_0_,
        stores0_.title as title8_12_0_,
        members1_.id as id1_6_1_,
        members1_.email as email2_6_1_,
        members1_.image as image3_6_1_,
        members1_.name as name4_6_1_,
        members1_.nickname as nickname5_6_1_,
        members1_.password as password6_6_1_,
        members1_.phone as phone7_6_1_,
        members1_.refresh_token as refresh_8_6_1_,
        members1_.role as role9_6_1_,
        clothesinf2_.id as id1_2_2_,
        clothesinf2_.categoryl as category2_2_2_,
        clothesinf2_.categorys as category3_2_2_,
        clothesinf2_.fit as fit4_2_2_,
        clothesinf2_.length as length5_2_2_,
        colors3_.id as id1_4_3_,
        colors3_.name as name2_4_3_,
        materials4_.id as id1_5_4_,
        materials4_.name as name2_5_4_,
        style5_.id as id1_14_5_,
        style5_.name as name2_14_5_,
        salesinfoc6_.id as id1_9_6_,
        salesinfoc6_.clothes_brand as clothes_2_9_6_,
        salesinfoc6_.clothes_color as clothes_3_9_6_,
        salesinfoc6_.clothes_gender as clothes_4_9_6_,
        salesinfoc6_.clothes_size as clothes_5_9_6_,
        salesinfos7_.id as id1_10_7_,
        salesinfos7_.status_score as status_s2_10_7_,
        salesinfos7_.status_tag as status_t3_10_7_,
        salesinfos7_.status_times as status_t4_10_7_,
        salesinfos7_.status_when2buy as status_w5_10_7_,
        salesinfos7_.transport as transpor6_10_7_,
        salesinfou8_.id as id1_11_8_,
        salesinfou8_.user_height as user_hei2_11_8_,
        salesinfou8_.user_size as user_siz3_11_8_,
        salesinfou8_.user_weight as user_wei4_11_8_ 
    from
        stores stores0_ 
    left outer join
        members members1_ 
            on stores0_.author_id=members1_.id 
    left outer join
        clothes_info clothesinf2_ 
            on stores0_.clothes_info_id=clothesinf2_.id 
    left outer join
        colors colors3_ 
            on stores0_.colors_name=colors3_.name 
    left outer join
        materials materials4_ 
            on stores0_.materials_name=materials4_.name 
    left outer join
        style style5_ 
            on stores0_.style_name=style5_.name 
    left outer join
        sales_info_clothes salesinfoc6_ 
            on stores0_.sales_info_clothes_id=salesinfoc6_.id 
    left outer join
        sales_info_status salesinfos7_ 
            on stores0_.sales_info_status_id=salesinfos7_.id 
    left outer join
        sales_info_user salesinfou8_ 
            on stores0_.sales_info_user_id=salesinfou8_.id 
    where
        stores0_.id=?
Hibernate: 
    select
        stores0_.id as id1_12_0_,
        stores0_.created_date as created_2_12_0_,
        stores0_.modified_date as modified3_12_0_,
        stores0_.author_id as author_i9_12_0_,
        stores0_.clothes_info_id as clothes10_12_0_,
        stores0_.colors_name as colors_11_12_0_,
        stores0_.materials_name as materia12_12_0_,
        stores0_.style_name as style_n13_12_0_,
        stores0_.clothes_length as clothes_4_12_0_,
        stores0_.content as content5_12_0_,
        stores0_.price as price6_12_0_,
        stores0_.sales_info_clothes_id as sales_i14_12_0_,
        stores0_.sales_info_status_id as sales_i15_12_0_,
        stores0_.sales_info_user_id as sales_i16_12_0_,
        stores0_.status as status7_12_0_,
        stores0_.title as title8_12_0_,
        members1_.id as id1_6_1_,
        members1_.email as email2_6_1_,
        members1_.image as image3_6_1_,
        members1_.name as name4_6_1_,
        members1_.nickname as nickname5_6_1_,
        members1_.password as password6_6_1_,
        members1_.phone as phone7_6_1_,
        members1_.refresh_token as refresh_8_6_1_,
        members1_.role as role9_6_1_,
        clothesinf2_.id as id1_2_2_,
        clothesinf2_.categoryl as category2_2_2_,
        clothesinf2_.categorys as category3_2_2_,
        clothesinf2_.fit as fit4_2_2_,
        clothesinf2_.length as length5_2_2_,
        colors3_.id as id1_4_3_,
        colors3_.name as name2_4_3_,
        materials4_.id as id1_5_4_,
        materials4_.name as name2_5_4_,
        style5_.id as id1_14_5_,
        style5_.name as name2_14_5_,
        salesinfoc6_.id as id1_9_6_,
        salesinfoc6_.clothes_brand as clothes_2_9_6_,
        salesinfoc6_.clothes_color as clothes_3_9_6_,
        salesinfoc6_.clothes_gender as clothes_4_9_6_,
        salesinfoc6_.clothes_size as clothes_5_9_6_,
        salesinfos7_.id as id1_10_7_,
        salesinfos7_.status_score as status_s2_10_7_,
        salesinfos7_.status_tag as status_t3_10_7_,
        salesinfos7_.status_times as status_t4_10_7_,
        salesinfos7_.status_when2buy as status_w5_10_7_,
        salesinfos7_.transport as transpor6_10_7_,
        salesinfou8_.id as id1_11_8_,
        salesinfou8_.user_height as user_hei2_11_8_,
        salesinfou8_.user_size as user_siz3_11_8_,
        salesinfou8_.user_weight as user_wei4_11_8_ 
    from
        stores stores0_ 
    left outer join
        members members1_ 
            on stores0_.author_id=members1_.id 
    left outer join
        clothes_info clothesinf2_ 
            on stores0_.clothes_info_id=clothesinf2_.id 
    left outer join
        colors colors3_ 
            on stores0_.colors_name=colors3_.name 
    left outer join
        materials materials4_ 
            on stores0_.materials_name=materials4_.name 
    left outer join
        style style5_ 
            on stores0_.style_name=style5_.name 
    left outer join
        sales_info_clothes salesinfoc6_ 
            on stores0_.sales_info_clothes_id=salesinfoc6_.id 
    left outer join
        sales_info_status salesinfos7_ 
            on stores0_.sales_info_status_id=salesinfos7_.id 
    left outer join
        sales_info_user salesinfou8_ 
            on stores0_.sales_info_user_id=salesinfou8_.id 
    where
        stores0_.id=?
Hibernate: 
    select
        stores0_.id as id1_12_0_,
        stores0_.created_date as created_2_12_0_,
        stores0_.modified_date as modified3_12_0_,
        stores0_.author_id as author_i9_12_0_,
        stores0_.clothes_info_id as clothes10_12_0_,
        stores0_.colors_name as colors_11_12_0_,
        stores0_.materials_name as materia12_12_0_,
        stores0_.style_name as style_n13_12_0_,
        stores0_.clothes_length as clothes_4_12_0_,
        stores0_.content as content5_12_0_,
        stores0_.price as price6_12_0_,
        stores0_.sales_info_clothes_id as sales_i14_12_0_,
        stores0_.sales_info_status_id as sales_i15_12_0_,
        stores0_.sales_info_user_id as sales_i16_12_0_,
        stores0_.status as status7_12_0_,
        stores0_.title as title8_12_0_,
        members1_.id as id1_6_1_,
        members1_.email as email2_6_1_,
        members1_.image as image3_6_1_,
        members1_.name as name4_6_1_,
        members1_.nickname as nickname5_6_1_,
        members1_.password as password6_6_1_,
        members1_.phone as phone7_6_1_,
        members1_.refresh_token as refresh_8_6_1_,
        members1_.role as role9_6_1_,
        clothesinf2_.id as id1_2_2_,
        clothesinf2_.categoryl as category2_2_2_,
        clothesinf2_.categorys as category3_2_2_,
        clothesinf2_.fit as fit4_2_2_,
        clothesinf2_.length as length5_2_2_,
        colors3_.id as id1_4_3_,
        colors3_.name as name2_4_3_,
        materials4_.id as id1_5_4_,
        materials4_.name as name2_5_4_,
        style5_.id as id1_14_5_,
        style5_.name as name2_14_5_,
        salesinfoc6_.id as id1_9_6_,
        salesinfoc6_.clothes_brand as clothes_2_9_6_,
        salesinfoc6_.clothes_color as clothes_3_9_6_,
        salesinfoc6_.clothes_gender as clothes_4_9_6_,
        salesinfoc6_.clothes_size as clothes_5_9_6_,
        salesinfos7_.id as id1_10_7_,
        salesinfos7_.status_score as status_s2_10_7_,
        salesinfos7_.status_tag as status_t3_10_7_,
        salesinfos7_.status_times as status_t4_10_7_,
        salesinfos7_.status_when2buy as status_w5_10_7_,
        salesinfos7_.transport as transpor6_10_7_,
        salesinfou8_.id as id1_11_8_,
        salesinfou8_.user_height as user_hei2_11_8_,
        salesinfou8_.user_size as user_siz3_11_8_,
        salesinfou8_.user_weight as user_wei4_11_8_ 
    from
        stores stores0_ 
    left outer join
        members members1_ 
            on stores0_.author_id=members1_.id 
    left outer join
        clothes_info clothesinf2_ 
            on stores0_.clothes_info_id=clothesinf2_.id 
    left outer join
        colors colors3_ 
            on stores0_.colors_name=colors3_.name 
    left outer join
        materials materials4_ 
            on stores0_.materials_name=materials4_.name 
    left outer join
        style style5_ 
            on stores0_.style_name=style5_.name 
    left outer join
        sales_info_clothes salesinfoc6_ 
            on stores0_.sales_info_clothes_id=salesinfoc6_.id 
    left outer join
        sales_info_status salesinfos7_ 
            on stores0_.sales_info_status_id=salesinfos7_.id 
    left outer join
        sales_info_user salesinfou8_ 
            on stores0_.sales_info_user_id=salesinfou8_.id 
    where
        stores0_.id=?
Hibernate: 
    select
        stores0_.id as id1_12_0_,
        stores0_.created_date as created_2_12_0_,
        stores0_.modified_date as modified3_12_0_,
        stores0_.author_id as author_i9_12_0_,
        stores0_.clothes_info_id as clothes10_12_0_,
        stores0_.colors_name as colors_11_12_0_,
        stores0_.materials_name as materia12_12_0_,
        stores0_.style_name as style_n13_12_0_,
        stores0_.clothes_length as clothes_4_12_0_,
        stores0_.content as content5_12_0_,
        stores0_.price as price6_12_0_,
        stores0_.sales_info_clothes_id as sales_i14_12_0_,
        stores0_.sales_info_status_id as sales_i15_12_0_,
        stores0_.sales_info_user_id as sales_i16_12_0_,
        stores0_.status as status7_12_0_,
        stores0_.title as title8_12_0_,
        members1_.id as id1_6_1_,
        members1_.email as email2_6_1_,
        members1_.image as image3_6_1_,
        members1_.name as name4_6_1_,
        members1_.nickname as nickname5_6_1_,
        members1_.password as password6_6_1_,
        members1_.phone as phone7_6_1_,
        members1_.refresh_token as refresh_8_6_1_,
        members1_.role as role9_6_1_,
        clothesinf2_.id as id1_2_2_,
        clothesinf2_.categoryl as category2_2_2_,
        clothesinf2_.categorys as category3_2_2_,
        clothesinf2_.fit as fit4_2_2_,
        clothesinf2_.length as length5_2_2_,
        colors3_.id as id1_4_3_,
        colors3_.name as name2_4_3_,
        materials4_.id as id1_5_4_,
        materials4_.name as name2_5_4_,
        style5_.id as id1_14_5_,
        style5_.name as name2_14_5_,
        salesinfoc6_.id as id1_9_6_,
        salesinfoc6_.clothes_brand as clothes_2_9_6_,
        salesinfoc6_.clothes_color as clothes_3_9_6_,
        salesinfoc6_.clothes_gender as clothes_4_9_6_,
        salesinfoc6_.clothes_size as clothes_5_9_6_,
        salesinfos7_.id as id1_10_7_,
        salesinfos7_.status_score as status_s2_10_7_,
        salesinfos7_.status_tag as status_t3_10_7_,
        salesinfos7_.status_times as status_t4_10_7_,
        salesinfos7_.status_when2buy as status_w5_10_7_,
        salesinfos7_.transport as transpor6_10_7_,
        salesinfou8_.id as id1_11_8_,
        salesinfou8_.user_height as user_hei2_11_8_,
        salesinfou8_.user_size as user_siz3_11_8_,
        salesinfou8_.user_weight as user_wei4_11_8_ 
    from
        stores stores0_ 
    left outer join
        members members1_ 
            on stores0_.author_id=members1_.id 
    left outer join
        clothes_info clothesinf2_ 
            on stores0_.clothes_info_id=clothesinf2_.id 
    left outer join
        colors colors3_ 
            on stores0_.colors_name=colors3_.name 
    left outer join
        materials materials4_ 
            on stores0_.materials_name=materials4_.name 
    left outer join
        style style5_ 
            on stores0_.style_name=style5_.name 
    left outer join
        sales_info_clothes salesinfoc6_ 
            on stores0_.sales_info_clothes_id=salesinfoc6_.id 
    left outer join
        sales_info_status salesinfos7_ 
            on stores0_.sales_info_status_id=salesinfos7_.id 
    left outer join
        sales_info_user salesinfou8_ 
            on stores0_.sales_info_user_id=salesinfou8_.id 
    where
        stores0_.id=?
Hibernate: 
    select
        stores0_.id as id1_12_0_,
        stores0_.created_date as created_2_12_0_,
        stores0_.modified_date as modified3_12_0_,
        stores0_.author_id as author_i9_12_0_,
        stores0_.clothes_info_id as clothes10_12_0_,
        stores0_.colors_name as colors_11_12_0_,
        stores0_.materials_name as materia12_12_0_,
        stores0_.style_name as style_n13_12_0_,
        stores0_.clothes_length as clothes_4_12_0_,
        stores0_.content as content5_12_0_,
        stores0_.price as price6_12_0_,
        stores0_.sales_info_clothes_id as sales_i14_12_0_,
        stores0_.sales_info_status_id as sales_i15_12_0_,
        stores0_.sales_info_user_id as sales_i16_12_0_,
        stores0_.status as status7_12_0_,
        stores0_.title as title8_12_0_,
        members1_.id as id1_6_1_,
        members1_.email as email2_6_1_,
        members1_.image as image3_6_1_,
        members1_.name as name4_6_1_,
        members1_.nickname as nickname5_6_1_,
        members1_.password as password6_6_1_,
        members1_.phone as phone7_6_1_,
        members1_.refresh_token as refresh_8_6_1_,
        members1_.role as role9_6_1_,
        clothesinf2_.id as id1_2_2_,
        clothesinf2_.categoryl as category2_2_2_,
        clothesinf2_.categorys as category3_2_2_,
        clothesinf2_.fit as fit4_2_2_,
        clothesinf2_.length as length5_2_2_,
        colors3_.id as id1_4_3_,
        colors3_.name as name2_4_3_,
        materials4_.id as id1_5_4_,
        materials4_.name as name2_5_4_,
        style5_.id as id1_14_5_,
        style5_.name as name2_14_5_,
        salesinfoc6_.id as id1_9_6_,
        salesinfoc6_.clothes_brand as clothes_2_9_6_,
        salesinfoc6_.clothes_color as clothes_3_9_6_,
        salesinfoc6_.clothes_gender as clothes_4_9_6_,
        salesinfoc6_.clothes_size as clothes_5_9_6_,
        salesinfos7_.id as id1_10_7_,
        salesinfos7_.status_score as status_s2_10_7_,
        salesinfos7_.status_tag as status_t3_10_7_,
        salesinfos7_.status_times as status_t4_10_7_,
        salesinfos7_.status_when2buy as status_w5_10_7_,
        salesinfos7_.transport as transpor6_10_7_,
        salesinfou8_.id as id1_11_8_,
        salesinfou8_.user_height as user_hei2_11_8_,
        salesinfou8_.user_size as user_siz3_11_8_,
        salesinfou8_.user_weight as user_wei4_11_8_ 
    from
        stores stores0_ 
    left outer join
        members members1_ 
            on stores0_.author_id=members1_.id 
    left outer join
        clothes_info clothesinf2_ 
            on stores0_.clothes_info_id=clothesinf2_.id 
    left outer join
        colors colors3_ 
            on stores0_.colors_name=colors3_.name 
    left outer join
        materials materials4_ 
            on stores0_.materials_name=materials4_.name 
    left outer join
        style style5_ 
            on stores0_.style_name=style5_.name 
    left outer join
        sales_info_clothes salesinfoc6_ 
            on stores0_.sales_info_clothes_id=salesinfoc6_.id 
    left outer join
        sales_info_status salesinfos7_ 
            on stores0_.sales_info_status_id=salesinfos7_.id 
    left outer join
        sales_info_user salesinfou8_ 
            on stores0_.sales_info_user_id=salesinfou8_.id 
    where
        stores0_.id=?
Hibernate: 
    select
        stores0_.id as id1_12_0_,
        stores0_.created_date as created_2_12_0_,
        stores0_.modified_date as modified3_12_0_,
        stores0_.author_id as author_i9_12_0_,
        stores0_.clothes_info_id as clothes10_12_0_,
        stores0_.colors_name as colors_11_12_0_,
        stores0_.materials_name as materia12_12_0_,
        stores0_.style_name as style_n13_12_0_,
        stores0_.clothes_length as clothes_4_12_0_,
        stores0_.content as content5_12_0_,
        stores0_.price as price6_12_0_,
        stores0_.sales_info_clothes_id as sales_i14_12_0_,
        stores0_.sales_info_status_id as sales_i15_12_0_,
        stores0_.sales_info_user_id as sales_i16_12_0_,
        stores0_.status as status7_12_0_,
        stores0_.title as title8_12_0_,
        members1_.id as id1_6_1_,
        members1_.email as email2_6_1_,
        members1_.image as image3_6_1_,
        members1_.name as name4_6_1_,
        members1_.nickname as nickname5_6_1_,
        members1_.password as password6_6_1_,
        members1_.phone as phone7_6_1_,
        members1_.refresh_token as refresh_8_6_1_,
        members1_.role as role9_6_1_,
        clothesinf2_.id as id1_2_2_,
        clothesinf2_.categoryl as category2_2_2_,
        clothesinf2_.categorys as category3_2_2_,
        clothesinf2_.fit as fit4_2_2_,
        clothesinf2_.length as length5_2_2_,
        colors3_.id as id1_4_3_,
        colors3_.name as name2_4_3_,
        materials4_.id as id1_5_4_,
        materials4_.name as name2_5_4_,
        style5_.id as id1_14_5_,
        style5_.name as name2_14_5_,
        salesinfoc6_.id as id1_9_6_,
        salesinfoc6_.clothes_brand as clothes_2_9_6_,
        salesinfoc6_.clothes_color as clothes_3_9_6_,
        salesinfoc6_.clothes_gender as clothes_4_9_6_,
        salesinfoc6_.clothes_size as clothes_5_9_6_,
        salesinfos7_.id as id1_10_7_,
        salesinfos7_.status_score as status_s2_10_7_,
        salesinfos7_.status_tag as status_t3_10_7_,
        salesinfos7_.status_times as status_t4_10_7_,
        salesinfos7_.status_when2buy as status_w5_10_7_,
        salesinfos7_.transport as transpor6_10_7_,
        salesinfou8_.id as id1_11_8_,
        salesinfou8_.user_height as user_hei2_11_8_,
        salesinfou8_.user_size as user_siz3_11_8_,
        salesinfou8_.user_weight as user_wei4_11_8_ 
    from
        stores stores0_ 
    left outer join
        members members1_ 
            on stores0_.author_id=members1_.id 
    left outer join
        clothes_info clothesinf2_ 
            on stores0_.clothes_info_id=clothesinf2_.id 
    left outer join
        colors colors3_ 
            on stores0_.colors_name=colors3_.name 
    left outer join
        materials materials4_ 
            on stores0_.materials_name=materials4_.name 
    left outer join
        style style5_ 
            on stores0_.style_name=style5_.name 
    left outer join
        sales_info_clothes salesinfoc6_ 
            on stores0_.sales_info_clothes_id=salesinfoc6_.id 
    left outer join
        sales_info_status salesinfos7_ 
            on stores0_.sales_info_status_id=salesinfos7_.id 
    left outer join
        sales_info_user salesinfou8_ 
            on stores0_.sales_info_user_id=salesinfou8_.id 
    where
        stores0_.id=?
Hibernate: 
    select
        stores0_.id as id1_12_0_,
        stores0_.created_date as created_2_12_0_,
        stores0_.modified_date as modified3_12_0_,
        stores0_.author_id as author_i9_12_0_,
        stores0_.clothes_info_id as clothes10_12_0_,
        stores0_.colors_name as colors_11_12_0_,
        stores0_.materials_name as materia12_12_0_,
        stores0_.style_name as style_n13_12_0_,
        stores0_.clothes_length as clothes_4_12_0_,
        stores0_.content as content5_12_0_,
        stores0_.price as price6_12_0_,
        stores0_.sales_info_clothes_id as sales_i14_12_0_,
        stores0_.sales_info_status_id as sales_i15_12_0_,
        stores0_.sales_info_user_id as sales_i16_12_0_,
        stores0_.status as status7_12_0_,
        stores0_.title as title8_12_0_,
        members1_.id as id1_6_1_,
        members1_.email as email2_6_1_,
        members1_.image as image3_6_1_,
        members1_.name as name4_6_1_,
        members1_.nickname as nickname5_6_1_,
        members1_.password as password6_6_1_,
        members1_.phone as phone7_6_1_,
        members1_.refresh_token as refresh_8_6_1_,
        members1_.role as role9_6_1_,
        clothesinf2_.id as id1_2_2_,
        clothesinf2_.categoryl as category2_2_2_,
        clothesinf2_.categorys as category3_2_2_,
        clothesinf2_.fit as fit4_2_2_,
        clothesinf2_.length as length5_2_2_,
        colors3_.id as id1_4_3_,
        colors3_.name as name2_4_3_,
        materials4_.id as id1_5_4_,
        materials4_.name as name2_5_4_,
        style5_.id as id1_14_5_,
        style5_.name as name2_14_5_,
        salesinfoc6_.id as id1_9_6_,
        salesinfoc6_.clothes_brand as clothes_2_9_6_,
        salesinfoc6_.clothes_color as clothes_3_9_6_,
        salesinfoc6_.clothes_gender as clothes_4_9_6_,
        salesinfoc6_.clothes_size as clothes_5_9_6_,
        salesinfos7_.id as id1_10_7_,
        salesinfos7_.status_score as status_s2_10_7_,
        salesinfos7_.status_tag as status_t3_10_7_,
        salesinfos7_.status_times as status_t4_10_7_,
        salesinfos7_.status_when2buy as status_w5_10_7_,
        salesinfos7_.transport as transpor6_10_7_,
        salesinfou8_.id as id1_11_8_,
        salesinfou8_.user_height as user_hei2_11_8_,
        salesinfou8_.user_size as user_siz3_11_8_,
        salesinfou8_.user_weight as user_wei4_11_8_ 
    from
        stores stores0_ 
    left outer join
        members members1_ 
            on stores0_.author_id=members1_.id 
    left outer join
        clothes_info clothesinf2_ 
            on stores0_.clothes_info_id=clothesinf2_.id 
    left outer join
        colors colors3_ 
            on stores0_.colors_name=colors3_.name 
    left outer join
        materials materials4_ 
            on stores0_.materials_name=materials4_.name 
    left outer join
        style style5_ 
            on stores0_.style_name=style5_.name 
    left outer join
        sales_info_clothes salesinfoc6_ 
            on stores0_.sales_info_clothes_id=salesinfoc6_.id 
    left outer join
        sales_info_status salesinfos7_ 
            on stores0_.sales_info_status_id=salesinfos7_.id 
    left outer join
        sales_info_user salesinfou8_ 
            on stores0_.sales_info_user_id=salesinfou8_.id 
    where
        stores0_.id=?
Hibernate: 
    select
        stores0_.id as id1_12_0_,
        stores0_.created_date as created_2_12_0_,
        stores0_.modified_date as modified3_12_0_,
        stores0_.author_id as author_i9_12_0_,
        stores0_.clothes_info_id as clothes10_12_0_,
        stores0_.colors_name as colors_11_12_0_,
        stores0_.materials_name as materia12_12_0_,
        stores0_.style_name as style_n13_12_0_,
        stores0_.clothes_length as clothes_4_12_0_,
        stores0_.content as content5_12_0_,
        stores0_.price as price6_12_0_,
        stores0_.sales_info_clothes_id as sales_i14_12_0_,
        stores0_.sales_info_status_id as sales_i15_12_0_,
        stores0_.sales_info_user_id as sales_i16_12_0_,
        stores0_.status as status7_12_0_,
        stores0_.title as title8_12_0_,
        members1_.id as id1_6_1_,
        members1_.email as email2_6_1_,
        members1_.image as image3_6_1_,
        members1_.name as name4_6_1_,
        members1_.nickname as nickname5_6_1_,
        members1_.password as password6_6_1_,
        members1_.phone as phone7_6_1_,
        members1_.refresh_token as refresh_8_6_1_,
        members1_.role as role9_6_1_,
        clothesinf2_.id as id1_2_2_,
        clothesinf2_.categoryl as category2_2_2_,
        clothesinf2_.categorys as category3_2_2_,
        clothesinf2_.fit as fit4_2_2_,
        clothesinf2_.length as length5_2_2_,
        colors3_.id as id1_4_3_,
        colors3_.name as name2_4_3_,
        materials4_.id as id1_5_4_,
        materials4_.name as name2_5_4_,
        style5_.id as id1_14_5_,
        style5_.name as name2_14_5_,
        salesinfoc6_.id as id1_9_6_,
        salesinfoc6_.clothes_brand as clothes_2_9_6_,
        salesinfoc6_.clothes_color as clothes_3_9_6_,
        salesinfoc6_.clothes_gender as clothes_4_9_6_,
        salesinfoc6_.clothes_size as clothes_5_9_6_,
        salesinfos7_.id as id1_10_7_,
        salesinfos7_.status_score as status_s2_10_7_,
        salesinfos7_.status_tag as status_t3_10_7_,
        salesinfos7_.status_times as status_t4_10_7_,
        salesinfos7_.status_when2buy as status_w5_10_7_,
        salesinfos7_.transport as transpor6_10_7_,
        salesinfou8_.id as id1_11_8_,
        salesinfou8_.user_height as user_hei2_11_8_,
        salesinfou8_.user_size as user_siz3_11_8_,
        salesinfou8_.user_weight as user_wei4_11_8_ 
    from
        stores stores0_ 
    left outer join
        members members1_ 
            on stores0_.author_id=members1_.id 
    left outer join
        clothes_info clothesinf2_ 
            on stores0_.clothes_info_id=clothesinf2_.id 
    left outer join
        colors colors3_ 
            on stores0_.colors_name=colors3_.name 
    left outer join
        materials materials4_ 
            on stores0_.materials_name=materials4_.name 
    left outer join
        style style5_ 
            on stores0_.style_name=style5_.name 
    left outer join
        sales_info_clothes salesinfoc6_ 
            on stores0_.sales_info_clothes_id=salesinfoc6_.id 
    left outer join
        sales_info_status salesinfos7_ 
            on stores0_.sales_info_status_id=salesinfos7_.id 
    left outer join
        sales_info_user salesinfou8_ 
            on stores0_.sales_info_user_id=salesinfou8_.id 
    where
        stores0_.id=?
Hibernate: 
    select
        stores0_.id as id1_12_0_,
        stores0_.created_date as created_2_12_0_,
        stores0_.modified_date as modified3_12_0_,
        stores0_.author_id as author_i9_12_0_,
        stores0_.clothes_info_id as clothes10_12_0_,
        stores0_.colors_name as colors_11_12_0_,
        stores0_.materials_name as materia12_12_0_,
        stores0_.style_name as style_n13_12_0_,
        stores0_.clothes_length as clothes_4_12_0_,
        stores0_.content as content5_12_0_,
        stores0_.price as price6_12_0_,
        stores0_.sales_info_clothes_id as sales_i14_12_0_,
        stores0_.sales_info_status_id as sales_i15_12_0_,
        stores0_.sales_info_user_id as sales_i16_12_0_,
        stores0_.status as status7_12_0_,
        stores0_.title as title8_12_0_,
        members1_.id as id1_6_1_,
        members1_.email as email2_6_1_,
        members1_.image as image3_6_1_,
        members1_.name as name4_6_1_,
        members1_.nickname as nickname5_6_1_,
        members1_.password as password6_6_1_,
        members1_.phone as phone7_6_1_,
        members1_.refresh_token as refresh_8_6_1_,
        members1_.role as role9_6_1_,
        clothesinf2_.id as id1_2_2_,
        clothesinf2_.categoryl as category2_2_2_,
        clothesinf2_.categorys as category3_2_2_,
        clothesinf2_.fit as fit4_2_2_,
        clothesinf2_.length as length5_2_2_,
        colors3_.id as id1_4_3_,
        colors3_.name as name2_4_3_,
        materials4_.id as id1_5_4_,
        materials4_.name as name2_5_4_,
        style5_.id as id1_14_5_,
        style5_.name as name2_14_5_,
        salesinfoc6_.id as id1_9_6_,
        salesinfoc6_.clothes_brand as clothes_2_9_6_,
        salesinfoc6_.clothes_color as clothes_3_9_6_,
        salesinfoc6_.clothes_gender as clothes_4_9_6_,
        salesinfoc6_.clothes_size as clothes_5_9_6_,
        salesinfos7_.id as id1_10_7_,
        salesinfos7_.status_score as status_s2_10_7_,
        salesinfos7_.status_tag as status_t3_10_7_,
        salesinfos7_.status_times as status_t4_10_7_,
        salesinfos7_.status_when2buy as status_w5_10_7_,
        salesinfos7_.transport as transpor6_10_7_,
        salesinfou8_.id as id1_11_8_,
        salesinfou8_.user_height as user_hei2_11_8_,
        salesinfou8_.user_size as user_siz3_11_8_,
        salesinfou8_.user_weight as user_wei4_11_8_ 
    from
        stores stores0_ 
    left outer join
        members members1_ 
            on stores0_.author_id=members1_.id 
    left outer join
        clothes_info clothesinf2_ 
            on stores0_.clothes_info_id=clothesinf2_.id 
    left outer join
        colors colors3_ 
            on stores0_.colors_name=colors3_.name 
    left outer join
        materials materials4_ 
            on stores0_.materials_name=materials4_.name 
    left outer join
        style style5_ 
            on stores0_.style_name=style5_.name 
    left outer join
        sales_info_clothes salesinfoc6_ 
            on stores0_.sales_info_clothes_id=salesinfoc6_.id 
    left outer join
        sales_info_status salesinfos7_ 
            on stores0_.sales_info_status_id=salesinfos7_.id 
    left outer join
        sales_info_user salesinfou8_ 
            on stores0_.sales_info_user_id=salesinfou8_.id 
    where
        stores0_.id=?
Hibernate: 
    select
        stores0_.id as id1_12_0_,
        stores0_.created_date as created_2_12_0_,
        stores0_.modified_date as modified3_12_0_,
        stores0_.author_id as author_i9_12_0_,
        stores0_.clothes_info_id as clothes10_12_0_,
        stores0_.colors_name as colors_11_12_0_,
        stores0_.materials_name as materia12_12_0_,
        stores0_.style_name as style_n13_12_0_,
        stores0_.clothes_length as clothes_4_12_0_,
        stores0_.content as content5_12_0_,
        stores0_.price as price6_12_0_,
        stores0_.sales_info_clothes_id as sales_i14_12_0_,
        stores0_.sales_info_status_id as sales_i15_12_0_,
        stores0_.sales_info_user_id as sales_i16_12_0_,
        stores0_.status as status7_12_0_,
        stores0_.title as title8_12_0_,
        members1_.id as id1_6_1_,
        members1_.email as email2_6_1_,
        members1_.image as image3_6_1_,
        members1_.name as name4_6_1_,
        members1_.nickname as nickname5_6_1_,
        members1_.password as password6_6_1_,
        members1_.phone as phone7_6_1_,
        members1_.refresh_token as refresh_8_6_1_,
        members1_.role as role9_6_1_,
        clothesinf2_.id as id1_2_2_,
        clothesinf2_.categoryl as category2_2_2_,
        clothesinf2_.categorys as category3_2_2_,
        clothesinf2_.fit as fit4_2_2_,
        clothesinf2_.length as length5_2_2_,
        colors3_.id as id1_4_3_,
        colors3_.name as name2_4_3_,
        materials4_.id as id1_5_4_,
        materials4_.name as name2_5_4_,
        style5_.id as id1_14_5_,
        style5_.name as name2_14_5_,
        salesinfoc6_.id as id1_9_6_,
        salesinfoc6_.clothes_brand as clothes_2_9_6_,
        salesinfoc6_.clothes_color as clothes_3_9_6_,
        salesinfoc6_.clothes_gender as clothes_4_9_6_,
        salesinfoc6_.clothes_size as clothes_5_9_6_,
        salesinfos7_.id as id1_10_7_,
        salesinfos7_.status_score as status_s2_10_7_,
        salesinfos7_.status_tag as status_t3_10_7_,
        salesinfos7_.status_times as status_t4_10_7_,
        salesinfos7_.status_when2buy as status_w5_10_7_,
        salesinfos7_.transport as transpor6_10_7_,
        salesinfou8_.id as id1_11_8_,
        salesinfou8_.user_height as user_hei2_11_8_,
        salesinfou8_.user_size as user_siz3_11_8_,
        salesinfou8_.user_weight as user_wei4_11_8_ 
    from
        stores stores0_ 
    left outer join
        members members1_ 
            on stores0_.author_id=members1_.id 
    left outer join
        clothes_info clothesinf2_ 
            on stores0_.clothes_info_id=clothesinf2_.id 
    left outer join
        colors colors3_ 
            on stores0_.colors_name=colors3_.name 
    left outer join
        materials materials4_ 
            on stores0_.materials_name=materials4_.name 
    left outer join
        style style5_ 
            on stores0_.style_name=style5_.name 
    left outer join
        sales_info_clothes salesinfoc6_ 
            on stores0_.sales_info_clothes_id=salesinfoc6_.id 
    left outer join
        sales_info_status salesinfos7_ 
            on stores0_.sales_info_status_id=salesinfos7_.id 
    left outer join
        sales_info_user salesinfou8_ 
            on stores0_.sales_info_user_id=salesinfou8_.id 
    where
        stores0_.id=?
Hibernate: 
    select
        stores0_.id as id1_12_0_,
        stores0_.created_date as created_2_12_0_,
        stores0_.modified_date as modified3_12_0_,
        stores0_.author_id as author_i9_12_0_,
        stores0_.clothes_info_id as clothes10_12_0_,
        stores0_.colors_name as colors_11_12_0_,
        stores0_.materials_name as materia12_12_0_,
        stores0_.style_name as style_n13_12_0_,
        stores0_.clothes_length as clothes_4_12_0_,
        stores0_.content as content5_12_0_,
        stores0_.price as price6_12_0_,
        stores0_.sales_info_clothes_id as sales_i14_12_0_,
        stores0_.sales_info_status_id as sales_i15_12_0_,
        stores0_.sales_info_user_id as sales_i16_12_0_,
        stores0_.status as status7_12_0_,
        stores0_.title as title8_12_0_,
        members1_.id as id1_6_1_,
        members1_.email as email2_6_1_,
        members1_.image as image3_6_1_,
        members1_.name as name4_6_1_,
        members1_.nickname as nickname5_6_1_,
        members1_.password as password6_6_1_,
        members1_.phone as phone7_6_1_,
        members1_.refresh_token as refresh_8_6_1_,
        members1_.role as role9_6_1_,
        clothesinf2_.id as id1_2_2_,
        clothesinf2_.categoryl as category2_2_2_,
        clothesinf2_.categorys as category3_2_2_,
        clothesinf2_.fit as fit4_2_2_,
        clothesinf2_.length as length5_2_2_,
        colors3_.id as id1_4_3_,
        colors3_.name as name2_4_3_,
        materials4_.id as id1_5_4_,
        materials4_.name as name2_5_4_,
        style5_.id as id1_14_5_,
        style5_.name as name2_14_5_,
        salesinfoc6_.id as id1_9_6_,
        salesinfoc6_.clothes_brand as clothes_2_9_6_,
        salesinfoc6_.clothes_color as clothes_3_9_6_,
        salesinfoc6_.clothes_gender as clothes_4_9_6_,
        salesinfoc6_.clothes_size as clothes_5_9_6_,
        salesinfos7_.id as id1_10_7_,
        salesinfos7_.status_score as status_s2_10_7_,
        salesinfos7_.status_tag as status_t3_10_7_,
        salesinfos7_.status_times as status_t4_10_7_,
        salesinfos7_.status_when2buy as status_w5_10_7_,
        salesinfos7_.transport as transpor6_10_7_,
        salesinfou8_.id as id1_11_8_,
        salesinfou8_.user_height as user_hei2_11_8_,
        salesinfou8_.user_size as user_siz3_11_8_,
        salesinfou8_.user_weight as user_wei4_11_8_ 
    from
        stores stores0_ 
    left outer join
        members members1_ 
            on stores0_.author_id=members1_.id 
    left outer join
        clothes_info clothesinf2_ 
            on stores0_.clothes_info_id=clothesinf2_.id 
    left outer join
        colors colors3_ 
            on stores0_.colors_name=colors3_.name 
    left outer join
        materials materials4_ 
            on stores0_.materials_name=materials4_.name 
    left outer join
        style style5_ 
            on stores0_.style_name=style5_.name 
    left outer join
        sales_info_clothes salesinfoc6_ 
            on stores0_.sales_info_clothes_id=salesinfoc6_.id 
    left outer join
        sales_info_status salesinfos7_ 
            on stores0_.sales_info_status_id=salesinfos7_.id 
    left outer join
        sales_info_user salesinfou8_ 
            on stores0_.sales_info_user_id=salesinfou8_.id 
    where
        stores0_.id=?
Hibernate: 
    select
        stores0_.id as id1_12_0_,
        stores0_.created_date as created_2_12_0_,
        stores0_.modified_date as modified3_12_0_,
        stores0_.author_id as author_i9_12_0_,
        stores0_.clothes_info_id as clothes10_12_0_,
        stores0_.colors_name as colors_11_12_0_,
        stores0_.materials_name as materia12_12_0_,
        stores0_.style_name as style_n13_12_0_,
        stores0_.clothes_length as clothes_4_12_0_,
        stores0_.content as content5_12_0_,
        stores0_.price as price6_12_0_,
        stores0_.sales_info_clothes_id as sales_i14_12_0_,
        stores0_.sales_info_status_id as sales_i15_12_0_,
        stores0_.sales_info_user_id as sales_i16_12_0_,
        stores0_.status as status7_12_0_,
        stores0_.title as title8_12_0_,
        members1_.id as id1_6_1_,
        members1_.email as email2_6_1_,
        members1_.image as image3_6_1_,
        members1_.name as name4_6_1_,
        members1_.nickname as nickname5_6_1_,
        members1_.password as password6_6_1_,
        members1_.phone as phone7_6_1_,
        members1_.refresh_token as refresh_8_6_1_,
        members1_.role as role9_6_1_,
        clothesinf2_.id as id1_2_2_,
        clothesinf2_.categoryl as category2_2_2_,
        clothesinf2_.categorys as category3_2_2_,
        clothesinf2_.fit as fit4_2_2_,
        clothesinf2_.length as length5_2_2_,
        colors3_.id as id1_4_3_,
        colors3_.name as name2_4_3_,
        materials4_.id as id1_5_4_,
        materials4_.name as name2_5_4_,
        style5_.id as id1_14_5_,
        style5_.name as name2_14_5_,
        salesinfoc6_.id as id1_9_6_,
        salesinfoc6_.clothes_brand as clothes_2_9_6_,
        salesinfoc6_.clothes_color as clothes_3_9_6_,
        salesinfoc6_.clothes_gender as clothes_4_9_6_,
        salesinfoc6_.clothes_size as clothes_5_9_6_,
        salesinfos7_.id as id1_10_7_,
        salesinfos7_.status_score as status_s2_10_7_,
        salesinfos7_.status_tag as status_t3_10_7_,
        salesinfos7_.status_times as status_t4_10_7_,
        salesinfos7_.status_when2buy as status_w5_10_7_,
        salesinfos7_.transport as transpor6_10_7_,
        salesinfou8_.id as id1_11_8_,
        salesinfou8_.user_height as user_hei2_11_8_,
        salesinfou8_.user_size as user_siz3_11_8_,
        salesinfou8_.user_weight as user_wei4_11_8_ 
    from
        stores stores0_ 
    left outer join
        members members1_ 
            on stores0_.author_id=members1_.id 
    left outer join
        clothes_info clothesinf2_ 
            on stores0_.clothes_info_id=clothesinf2_.id 
    left outer join
        colors colors3_ 
            on stores0_.colors_name=colors3_.name 
    left outer join
        materials materials4_ 
            on stores0_.materials_name=materials4_.name 
    left outer join
        style style5_ 
            on stores0_.style_name=style5_.name 
    left outer join
        sales_info_clothes salesinfoc6_ 
            on stores0_.sales_info_clothes_id=salesinfoc6_.id 
    left outer join
        sales_info_status salesinfos7_ 
            on stores0_.sales_info_status_id=salesinfos7_.id 
    left outer join
        sales_info_user salesinfou8_ 
            on stores0_.sales_info_user_id=salesinfou8_.id 
    where
        stores0_.id=?
Hibernate: 
    select
        stores0_.id as id1_12_0_,
        stores0_.created_date as created_2_12_0_,
        stores0_.modified_date as modified3_12_0_,
        stores0_.author_id as author_i9_12_0_,
        stores0_.clothes_info_id as clothes10_12_0_,
        stores0_.colors_name as colors_11_12_0_,
        stores0_.materials_name as materia12_12_0_,
        stores0_.style_name as style_n13_12_0_,
        stores0_.clothes_length as clothes_4_12_0_,
        stores0_.content as content5_12_0_,
        stores0_.price as price6_12_0_,
        stores0_.sales_info_clothes_id as sales_i14_12_0_,
        stores0_.sales_info_status_id as sales_i15_12_0_,
        stores0_.sales_info_user_id as sales_i16_12_0_,
        stores0_.status as status7_12_0_,
        stores0_.title as title8_12_0_,
        members1_.id as id1_6_1_,
        members1_.email as email2_6_1_,
        members1_.image as image3_6_1_,
        members1_.name as name4_6_1_,
        members1_.nickname as nickname5_6_1_,
        members1_.password as password6_6_1_,
        members1_.phone as phone7_6_1_,
        members1_.refresh_token as refresh_8_6_1_,
        members1_.role as role9_6_1_,
        clothesinf2_.id as id1_2_2_,
        clothesinf2_.categoryl as category2_2_2_,
        clothesinf2_.categorys as category3_2_2_,
        clothesinf2_.fit as fit4_2_2_,
        clothesinf2_.length as length5_2_2_,
        colors3_.id as id1_4_3_,
        colors3_.name as name2_4_3_,
        materials4_.id as id1_5_4_,
        materials4_.name as name2_5_4_,
        style5_.id as id1_14_5_,
        style5_.name as name2_14_5_,
        salesinfoc6_.id as id1_9_6_,
        salesinfoc6_.clothes_brand as clothes_2_9_6_,
        salesinfoc6_.clothes_color as clothes_3_9_6_,
        salesinfoc6_.clothes_gender as clothes_4_9_6_,
        salesinfoc6_.clothes_size as clothes_5_9_6_,
        salesinfos7_.id as id1_10_7_,
        salesinfos7_.status_score as status_s2_10_7_,
        salesinfos7_.status_tag as status_t3_10_7_,
        salesinfos7_.status_times as status_t4_10_7_,
        salesinfos7_.status_when2buy as status_w5_10_7_,
        salesinfos7_.transport as transpor6_10_7_,
        salesinfou8_.id as id1_11_8_,
        salesinfou8_.user_height as user_hei2_11_8_,
        salesinfou8_.user_size as user_siz3_11_8_,
        salesinfou8_.user_weight as user_wei4_11_8_ 
    from
        stores stores0_ 
    left outer join
        members members1_ 
            on stores0_.author_id=members1_.id 
    left outer join
        clothes_info clothesinf2_ 
            on stores0_.clothes_info_id=clothesinf2_.id 
    left outer join
        colors colors3_ 
            on stores0_.colors_name=colors3_.name 
    left outer join
        materials materials4_ 
            on stores0_.materials_name=materials4_.name 
    left outer join
        style style5_ 
            on stores0_.style_name=style5_.name 
    left outer join
        sales_info_clothes salesinfoc6_ 
            on stores0_.sales_info_clothes_id=salesinfoc6_.id 
    left outer join
        sales_info_status salesinfos7_ 
            on stores0_.sales_info_status_id=salesinfos7_.id 
    left outer join
        sales_info_user salesinfou8_ 
            on stores0_.sales_info_user_id=salesinfou8_.id 
    where
        stores0_.id=?
Hibernate: 
    select
        stores0_.id as id1_12_0_,
        stores0_.created_date as created_2_12_0_,
        stores0_.modified_date as modified3_12_0_,
        stores0_.author_id as author_i9_12_0_,
        stores0_.clothes_info_id as clothes10_12_0_,
        stores0_.colors_name as colors_11_12_0_,
        stores0_.materials_name as materia12_12_0_,
        stores0_.style_name as style_n13_12_0_,
        stores0_.clothes_length as clothes_4_12_0_,
        stores0_.content as content5_12_0_,
        stores0_.price as price6_12_0_,
        stores0_.sales_info_clothes_id as sales_i14_12_0_,
        stores0_.sales_info_status_id as sales_i15_12_0_,
        stores0_.sales_info_user_id as sales_i16_12_0_,
        stores0_.status as status7_12_0_,
        stores0_.title as title8_12_0_,
        members1_.id as id1_6_1_,
        members1_.email as email2_6_1_,
        members1_.image as image3_6_1_,
        members1_.name as name4_6_1_,
        members1_.nickname as nickname5_6_1_,
        members1_.password as password6_6_1_,
        members1_.phone as phone7_6_1_,
        members1_.refresh_token as refresh_8_6_1_,
        members1_.role as role9_6_1_,
        clothesinf2_.id as id1_2_2_,
        clothesinf2_.categoryl as category2_2_2_,
        clothesinf2_.categorys as category3_2_2_,
        clothesinf2_.fit as fit4_2_2_,
        clothesinf2_.length as length5_2_2_,
        colors3_.id as id1_4_3_,
        colors3_.name as name2_4_3_,
        materials4_.id as id1_5_4_,
        materials4_.name as name2_5_4_,
        style5_.id as id1_14_5_,
        style5_.name as name2_14_5_,
        salesinfoc6_.id as id1_9_6_,
        salesinfoc6_.clothes_brand as clothes_2_9_6_,
        salesinfoc6_.clothes_color as clothes_3_9_6_,
        salesinfoc6_.clothes_gender as clothes_4_9_6_,
        salesinfoc6_.clothes_size as clothes_5_9_6_,
        salesinfos7_.id as id1_10_7_,
        salesinfos7_.status_score as status_s2_10_7_,
        salesinfos7_.status_tag as status_t3_10_7_,
        salesinfos7_.status_times as status_t4_10_7_,
        salesinfos7_.status_when2buy as status_w5_10_7_,
        salesinfos7_.transport as transpor6_10_7_,
        salesinfou8_.id as id1_11_8_,
        salesinfou8_.user_height as user_hei2_11_8_,
        salesinfou8_.user_size as user_siz3_11_8_,
        salesinfou8_.user_weight as user_wei4_11_8_ 
    from
        stores stores0_ 
    left outer join
        members members1_ 
            on stores0_.author_id=members1_.id 
    left outer join
        clothes_info clothesinf2_ 
            on stores0_.clothes_info_id=clothesinf2_.id 
    left outer join
        colors colors3_ 
            on stores0_.colors_name=colors3_.name 
    left outer join
        materials materials4_ 
            on stores0_.materials_name=materials4_.name 
    left outer join
        style style5_ 
            on stores0_.style_name=style5_.name 
    left outer join
        sales_info_clothes salesinfoc6_ 
            on stores0_.sales_info_clothes_id=salesinfoc6_.id 
    left outer join
        sales_info_status salesinfos7_ 
            on stores0_.sales_info_status_id=salesinfos7_.id 
    left outer join
        sales_info_user salesinfou8_ 
            on stores0_.sales_info_user_id=salesinfou8_.id 
    where
        stores0_.id=?
Hibernate: 
    select
        stores0_.id as id1_12_0_,
        stores0_.created_date as created_2_12_0_,
        stores0_.modified_date as modified3_12_0_,
        stores0_.author_id as author_i9_12_0_,
        stores0_.clothes_info_id as clothes10_12_0_,
        stores0_.colors_name as colors_11_12_0_,
        stores0_.materials_name as materia12_12_0_,
        stores0_.style_name as style_n13_12_0_,
        stores0_.clothes_length as clothes_4_12_0_,
        stores0_.content as content5_12_0_,
        stores0_.price as price6_12_0_,
        stores0_.sales_info_clothes_id as sales_i14_12_0_,
        stores0_.sales_info_status_id as sales_i15_12_0_,
        stores0_.sales_info_user_id as sales_i16_12_0_,
        stores0_.status as status7_12_0_,
        stores0_.title as title8_12_0_,
        members1_.id as id1_6_1_,
        members1_.email as email2_6_1_,
        members1_.image as image3_6_1_,
        members1_.name as name4_6_1_,
        members1_.nickname as nickname5_6_1_,
        members1_.password as password6_6_1_,
        members1_.phone as phone7_6_1_,
        members1_.refresh_token as refresh_8_6_1_,
        members1_.role as role9_6_1_,
        clothesinf2_.id as id1_2_2_,
        clothesinf2_.categoryl as category2_2_2_,
        clothesinf2_.categorys as category3_2_2_,
        clothesinf2_.fit as fit4_2_2_,
        clothesinf2_.length as length5_2_2_,
        colors3_.id as id1_4_3_,
        colors3_.name as name2_4_3_,
        materials4_.id as id1_5_4_,
        materials4_.name as name2_5_4_,
        style5_.id as id1_14_5_,
        style5_.name as name2_14_5_,
        salesinfoc6_.id as id1_9_6_,
        salesinfoc6_.clothes_brand as clothes_2_9_6_,
        salesinfoc6_.clothes_color as clothes_3_9_6_,
        salesinfoc6_.clothes_gender as clothes_4_9_6_,
        salesinfoc6_.clothes_size as clothes_5_9_6_,
        salesinfos7_.id as id1_10_7_,
        salesinfos7_.status_score as status_s2_10_7_,
        salesinfos7_.status_tag as status_t3_10_7_,
        salesinfos7_.status_times as status_t4_10_7_,
        salesinfos7_.status_when2buy as status_w5_10_7_,
        salesinfos7_.transport as transpor6_10_7_,
        salesinfou8_.id as id1_11_8_,
        salesinfou8_.user_height as user_hei2_11_8_,
        salesinfou8_.user_size as user_siz3_11_8_,
        salesinfou8_.user_weight as user_wei4_11_8_ 
    from
        stores stores0_ 
    left outer join
        members members1_ 
            on stores0_.author_id=members1_.id 
    left outer join
        clothes_info clothesinf2_ 
            on stores0_.clothes_info_id=clothesinf2_.id 
    left outer join
        colors colors3_ 
            on stores0_.colors_name=colors3_.name 
    left outer join
        materials materials4_ 
            on stores0_.materials_name=materials4_.name 
    left outer join
        style style5_ 
            on stores0_.style_name=style5_.name 
    left outer join
        sales_info_clothes salesinfoc6_ 
            on stores0_.sales_info_clothes_id=salesinfoc6_.id 
    left outer join
        sales_info_status salesinfos7_ 
            on stores0_.sales_info_status_id=salesinfos7_.id 
    left outer join
        sales_info_user salesinfou8_ 
            on stores0_.sales_info_user_id=salesinfou8_.id 
    where
        stores0_.id=?
Hibernate: 
    select
        members0_.id as id1_6_,
        members0_.email as email2_6_,
        members0_.image as image3_6_,
        members0_.name as name4_6_,
        members0_.nickname as nickname5_6_,
        members0_.password as password6_6_,
        members0_.phone as phone7_6_,
        members0_.refresh_token as refresh_8_6_,
        members0_.role as role9_6_ 
    from
        members members0_ 
    where
        members0_.email=?
Hibernate: 
    select
        members0_.id as id1_6_,
        members0_.email as email2_6_,
        members0_.image as image3_6_,
        members0_.name as name4_6_,
        members0_.nickname as nickname5_6_,
        members0_.password as password6_6_,
        members0_.phone as phone7_6_,
        members0_.refresh_token as refresh_8_6_,
        members0_.role as role9_6_ 
    from
        members members0_ 
    where
        members0_.email=?
2022-11-10 12:34:06.721  INFO 9968 --- [    Test worker] o.a.c.c.C.[Tomcat].[localhost].[/]       : Initializing Spring TestDispatcherServlet ''
2022-11-10 12:34:06.722  INFO 9968 --- [    Test worker] o.s.t.web.servlet.TestDispatcherServlet  : Initializing Servlet ''
2022-11-10 12:34:06.724  INFO 9968 --- [    Test worker] o.s.t.web.servlet.TestDispatcherServlet  : Completed initialization in 2 ms
gunsong2@naver.com
Hibernate: 
    select
        members0_.id as id1_6_,
        members0_.email as email2_6_,
        members0_.image as image3_6_,
        members0_.name as name4_6_,
        members0_.nickname as nickname5_6_,
        members0_.password as password6_6_,
        members0_.phone as phone7_6_,
        members0_.refresh_token as refresh_8_6_,
        members0_.role as role9_6_ 
    from
        members members0_ 
    where
        members0_.email=?
Hibernate: 
    select
        style0_.id as id1_14_,
        style0_.name as name2_14_ 
    from
        style style0_ 
    where
        style0_.name=?
Hibernate: 
    select
        materials0_.id as id1_5_,
        materials0_.name as name2_5_ 
    from
        materials materials0_ 
    where
        materials0_.name=?
Hibernate: 
    select
        colors0_.id as id1_4_,
        colors0_.name as name2_4_ 
    from
        colors colors0_ 
    where
        colors0_.name=?
Hibernate: 
    select
        clothesinf0_.id as id1_2_,
        clothesinf0_.categoryl as category2_2_,
        clothesinf0_.categorys as category3_2_,
        clothesinf0_.fit as fit4_2_,
        clothesinf0_.length as length5_2_ 
    from
        clothes_info clothesinf0_ 
    where
        clothesinf0_.categoryl=? 
        and clothesinf0_.categorys=? 
        and clothesinf0_.length=? 
        and clothesinf0_.fit=?
Hibernate: 
    select
        salesinfoc0_.id as id1_9_,
        salesinfoc0_.clothes_brand as clothes_2_9_,
        salesinfoc0_.clothes_color as clothes_3_9_,
        salesinfoc0_.clothes_gender as clothes_4_9_,
        salesinfoc0_.clothes_size as clothes_5_9_ 
    from
        sales_info_clothes salesinfoc0_ 
    where
        salesinfoc0_.clothes_brand=? 
        and salesinfoc0_.clothes_gender=? 
        and salesinfoc0_.clothes_size=? 
        and salesinfoc0_.clothes_color=?
Hibernate: 
    select
        salesinfos0_.id as id1_10_,
        salesinfos0_.status_score as status_s2_10_,
        salesinfos0_.status_tag as status_t3_10_,
        salesinfos0_.status_times as status_t4_10_,
        salesinfos0_.status_when2buy as status_w5_10_,
        salesinfos0_.transport as transpor6_10_ 
    from
        sales_info_status salesinfos0_ 
    where
        salesinfos0_.status_tag=? 
        and salesinfos0_.status_score=? 
        and salesinfos0_.status_times=? 
        and salesinfos0_.status_when2buy=? 
        and salesinfos0_.transport=?
Hibernate: 
    select
        salesinfou0_.id as id1_11_,
        salesinfou0_.user_height as user_hei2_11_,
        salesinfou0_.user_size as user_siz3_11_,
        salesinfou0_.user_weight as user_wei4_11_ 
    from
        sales_info_user salesinfou0_ 
    where
        salesinfou0_.user_size=? 
        and salesinfou0_.user_weight=? 
        and salesinfou0_.user_height=?
Hibernate: 
    insert 
    into
        clothes_image
        (closets_post_id, path, stores_post_id, type) 
    values
        (?, ?, ?, ?)
Hibernate: 
    insert 
    into
        clothes_image
        (closets_post_id, path, stores_post_id, type) 
    values
        (?, ?, ?, ?)
Hibernate: 
    insert 
    into
        stores
        (created_date, modified_date, author_id, clothes_info_id, colors_name, materials_name, style_name, clothes_length, content, price, sales_info_clothes_id, sales_info_status_id, sales_info_user_id, status, title) 
    values
        (?, ?, ?, ?, ?, ?, ?, ?, ?, ?, ?, ?, ?, ?, ?)
Hibernate: 
    update
        clothes_image 
    set
        closets_post_id=?,
        path=?,
        stores_post_id=?,
        type=? 
    where
        id=?
Hibernate: 
    update
        clothes_image 
    set
        closets_post_id=?,
        path=?,
        stores_post_id=?,
        type=? 
    where
        id=?
gunsong2@naver.com
Hibernate: 
    select
        members0_.id as id1_6_,
        members0_.email as email2_6_,
        members0_.image as image3_6_,
        members0_.name as name4_6_,
        members0_.nickname as nickname5_6_,
        members0_.password as password6_6_,
        members0_.phone as phone7_6_,
        members0_.refresh_token as refresh_8_6_,
        members0_.role as role9_6_ 
    from
        members members0_ 
    where
        members0_.email=?
Hibernate: 
    select
        style0_.id as id1_14_,
        style0_.name as name2_14_ 
    from
        style style0_ 
    where
        style0_.name=?
Hibernate: 
    select
        materials0_.id as id1_5_,
        materials0_.name as name2_5_ 
    from
        materials materials0_ 
    where
        materials0_.name=?
Hibernate: 
    select
        colors0_.id as id1_4_,
        colors0_.name as name2_4_ 
    from
        colors colors0_ 
    where
        colors0_.name=?
Hibernate: 
    select
        clothesinf0_.id as id1_2_,
        clothesinf0_.categoryl as category2_2_,
        clothesinf0_.categorys as category3_2_,
        clothesinf0_.fit as fit4_2_,
        clothesinf0_.length as length5_2_ 
    from
        clothes_info clothesinf0_ 
    where
        clothesinf0_.categoryl=? 
        and clothesinf0_.categorys=? 
        and clothesinf0_.length=? 
        and clothesinf0_.fit=?
Hibernate: 
    select
        salesinfoc0_.id as id1_9_,
        salesinfoc0_.clothes_brand as clothes_2_9_,
        salesinfoc0_.clothes_color as clothes_3_9_,
        salesinfoc0_.clothes_gender as clothes_4_9_,
        salesinfoc0_.clothes_size as clothes_5_9_ 
    from
        sales_info_clothes salesinfoc0_ 
    where
        salesinfoc0_.clothes_brand=? 
        and salesinfoc0_.clothes_gender=? 
        and salesinfoc0_.clothes_size=? 
        and salesinfoc0_.clothes_color=?
Hibernate: 
    select
        salesinfos0_.id as id1_10_,
        salesinfos0_.status_score as status_s2_10_,
        salesinfos0_.status_tag as status_t3_10_,
        salesinfos0_.status_times as status_t4_10_,
        salesinfos0_.status_when2buy as status_w5_10_,
        salesinfos0_.transport as transpor6_10_ 
    from
        sales_info_status salesinfos0_ 
    where
        salesinfos0_.status_tag=? 
        and salesinfos0_.status_score=? 
        and salesinfos0_.status_times=? 
        and salesinfos0_.status_when2buy=? 
        and salesinfos0_.transport=?
Hibernate: 
    select
        salesinfou0_.id as id1_11_,
        salesinfou0_.user_height as user_hei2_11_,
        salesinfou0_.user_size as user_siz3_11_,
        salesinfou0_.user_weight as user_wei4_11_ 
    from
        sales_info_user salesinfou0_ 
    where
        salesinfou0_.user_size=? 
        and salesinfou0_.user_weight=? 
        and salesinfou0_.user_height=?
Hibernate: 
    insert 
    into
        clothes_image
        (closets_post_id, path, stores_post_id, type) 
    values
        (?, ?, ?, ?)
Hibernate: 
    insert 
    into
        clothes_image
        (closets_post_id, path, stores_post_id, type) 
    values
        (?, ?, ?, ?)
Hibernate: 
    insert 
    into
        stores
        (created_date, modified_date, author_id, clothes_info_id, colors_name, materials_name, style_name, clothes_length, content, price, sales_info_clothes_id, sales_info_status_id, sales_info_user_id, status, title) 
    values
        (?, ?, ?, ?, ?, ?, ?, ?, ?, ?, ?, ?, ?, ?, ?)
Hibernate: 
    update
        clothes_image 
    set
        closets_post_id=?,
        path=?,
        stores_post_id=?,
        type=? 
    where
        id=?
Hibernate: 
    update
        clothes_image 
    set
        closets_post_id=?,
        path=?,
        stores_post_id=?,
        type=? 
    where
        id=?
gunsong2@naver.com
Hibernate: 
    select
        members0_.id as id1_6_,
        members0_.email as email2_6_,
        members0_.image as image3_6_,
        members0_.name as name4_6_,
        members0_.nickname as nickname5_6_,
        members0_.password as password6_6_,
        members0_.phone as phone7_6_,
        members0_.refresh_token as refresh_8_6_,
        members0_.role as role9_6_ 
    from
        members members0_ 
    where
        members0_.email=?
Hibernate: 
    select
        style0_.id as id1_14_,
        style0_.name as name2_14_ 
    from
        style style0_ 
    where
        style0_.name=?
Hibernate: 
    select
        materials0_.id as id1_5_,
        materials0_.name as name2_5_ 
    from
        materials materials0_ 
    where
        materials0_.name=?
Hibernate: 
    select
        colors0_.id as id1_4_,
        colors0_.name as name2_4_ 
    from
        colors colors0_ 
    where
        colors0_.name=?
Hibernate: 
    select
        clothesinf0_.id as id1_2_,
        clothesinf0_.categoryl as category2_2_,
        clothesinf0_.categorys as category3_2_,
        clothesinf0_.fit as fit4_2_,
        clothesinf0_.length as length5_2_ 
    from
        clothes_info clothesinf0_ 
    where
        clothesinf0_.categoryl=? 
        and clothesinf0_.categorys=? 
        and clothesinf0_.length=? 
        and clothesinf0_.fit=?
Hibernate: 
    select
        salesinfoc0_.id as id1_9_,
        salesinfoc0_.clothes_brand as clothes_2_9_,
        salesinfoc0_.clothes_color as clothes_3_9_,
        salesinfoc0_.clothes_gender as clothes_4_9_,
        salesinfoc0_.clothes_size as clothes_5_9_ 
    from
        sales_info_clothes salesinfoc0_ 
    where
        salesinfoc0_.clothes_brand=? 
        and salesinfoc0_.clothes_gender=? 
        and salesinfoc0_.clothes_size=? 
        and salesinfoc0_.clothes_color=?
Hibernate: 
    select
        salesinfos0_.id as id1_10_,
        salesinfos0_.status_score as status_s2_10_,
        salesinfos0_.status_tag as status_t3_10_,
        salesinfos0_.status_times as status_t4_10_,
        salesinfos0_.status_when2buy as status_w5_10_,
        salesinfos0_.transport as transpor6_10_ 
    from
        sales_info_status salesinfos0_ 
    where
        salesinfos0_.status_tag=? 
        and salesinfos0_.status_score=? 
        and salesinfos0_.status_times=? 
        and salesinfos0_.status_when2buy=? 
        and salesinfos0_.transport=?
Hibernate: 
    select
        salesinfou0_.id as id1_11_,
        salesinfou0_.user_height as user_hei2_11_,
        salesinfou0_.user_size as user_siz3_11_,
        salesinfou0_.user_weight as user_wei4_11_ 
    from
        sales_info_user salesinfou0_ 
    where
        salesinfou0_.user_size=? 
        and salesinfou0_.user_weight=? 
        and salesinfou0_.user_height=?
Hibernate: 
    insert 
    into
        clothes_image
        (closets_post_id, path, stores_post_id, type) 
    values
        (?, ?, ?, ?)
Hibernate: 
    insert 
    into
        clothes_image
        (closets_post_id, path, stores_post_id, type) 
    values
        (?, ?, ?, ?)
Hibernate: 
    insert 
    into
        stores
        (created_date, modified_date, author_id, clothes_info_id, colors_name, materials_name, style_name, clothes_length, content, price, sales_info_clothes_id, sales_info_status_id, sales_info_user_id, status, title) 
    values
        (?, ?, ?, ?, ?, ?, ?, ?, ?, ?, ?, ?, ?, ?, ?)
Hibernate: 
    update
        clothes_image 
    set
        closets_post_id=?,
        path=?,
        stores_post_id=?,
        type=? 
    where
        id=?
Hibernate: 
    update
        clothes_image 
    set
        closets_post_id=?,
        path=?,
        stores_post_id=?,
        type=? 
    where
        id=?
gunsong2@naver.com
Hibernate: 
    select
        members0_.id as id1_6_,
        members0_.email as email2_6_,
        members0_.image as image3_6_,
        members0_.name as name4_6_,
        members0_.nickname as nickname5_6_,
        members0_.password as password6_6_,
        members0_.phone as phone7_6_,
        members0_.refresh_token as refresh_8_6_,
        members0_.role as role9_6_ 
    from
        members members0_ 
    where
        members0_.email=?
Hibernate: 
    select
        style0_.id as id1_14_,
        style0_.name as name2_14_ 
    from
        style style0_ 
    where
        style0_.name=?
Hibernate: 
    select
        materials0_.id as id1_5_,
        materials0_.name as name2_5_ 
    from
        materials materials0_ 
    where
        materials0_.name=?
Hibernate: 
    select
        colors0_.id as id1_4_,
        colors0_.name as name2_4_ 
    from
        colors colors0_ 
    where
        colors0_.name=?
Hibernate: 
    select
        clothesinf0_.id as id1_2_,
        clothesinf0_.categoryl as category2_2_,
        clothesinf0_.categorys as category3_2_,
        clothesinf0_.fit as fit4_2_,
        clothesinf0_.length as length5_2_ 
    from
        clothes_info clothesinf0_ 
    where
        clothesinf0_.categoryl=? 
        and clothesinf0_.categorys=? 
        and clothesinf0_.length=? 
        and clothesinf0_.fit=?
Hibernate: 
    select
        salesinfoc0_.id as id1_9_,
        salesinfoc0_.clothes_brand as clothes_2_9_,
        salesinfoc0_.clothes_color as clothes_3_9_,
        salesinfoc0_.clothes_gender as clothes_4_9_,
        salesinfoc0_.clothes_size as clothes_5_9_ 
    from
        sales_info_clothes salesinfoc0_ 
    where
        salesinfoc0_.clothes_brand=? 
        and salesinfoc0_.clothes_gender=? 
        and salesinfoc0_.clothes_size=? 
        and salesinfoc0_.clothes_color=?
Hibernate: 
    select
        salesinfos0_.id as id1_10_,
        salesinfos0_.status_score as status_s2_10_,
        salesinfos0_.status_tag as status_t3_10_,
        salesinfos0_.status_times as status_t4_10_,
        salesinfos0_.status_when2buy as status_w5_10_,
        salesinfos0_.transport as transpor6_10_ 
    from
        sales_info_status salesinfos0_ 
    where
        salesinfos0_.status_tag=? 
        and salesinfos0_.status_score=? 
        and salesinfos0_.status_times=? 
        and salesinfos0_.status_when2buy=? 
        and salesinfos0_.transport=?
Hibernate: 
    select
        salesinfou0_.id as id1_11_,
        salesinfou0_.user_height as user_hei2_11_,
        salesinfou0_.user_size as user_siz3_11_,
        salesinfou0_.user_weight as user_wei4_11_ 
    from
        sales_info_user salesinfou0_ 
    where
        salesinfou0_.user_size=? 
        and salesinfou0_.user_weight=? 
        and salesinfou0_.user_height=?
Hibernate: 
    insert 
    into
        clothes_image
        (closets_post_id, path, stores_post_id, type) 
    values
        (?, ?, ?, ?)
Hibernate: 
    insert 
    into
        clothes_image
        (closets_post_id, path, stores_post_id, type) 
    values
        (?, ?, ?, ?)
Hibernate: 
    insert 
    into
        stores
        (created_date, modified_date, author_id, clothes_info_id, colors_name, materials_name, style_name, clothes_length, content, price, sales_info_clothes_id, sales_info_status_id, sales_info_user_id, status, title) 
    values
        (?, ?, ?, ?, ?, ?, ?, ?, ?, ?, ?, ?, ?, ?, ?)
Hibernate: 
    update
        clothes_image 
    set
        closets_post_id=?,
        path=?,
        stores_post_id=?,
        type=? 
    where
        id=?
Hibernate: 
    update
        clothes_image 
    set
        closets_post_id=?,
        path=?,
        stores_post_id=?,
        type=? 
    where
        id=?
gunsong2@naver.com
Hibernate: 
    select
        members0_.id as id1_6_,
        members0_.email as email2_6_,
        members0_.image as image3_6_,
        members0_.name as name4_6_,
        members0_.nickname as nickname5_6_,
        members0_.password as password6_6_,
        members0_.phone as phone7_6_,
        members0_.refresh_token as refresh_8_6_,
        members0_.role as role9_6_ 
    from
        members members0_ 
    where
        members0_.email=?
Hibernate: 
    select
        style0_.id as id1_14_,
        style0_.name as name2_14_ 
    from
        style style0_ 
    where
        style0_.name=?
Hibernate: 
    select
        materials0_.id as id1_5_,
        materials0_.name as name2_5_ 
    from
        materials materials0_ 
    where
        materials0_.name=?
Hibernate: 
    select
        colors0_.id as id1_4_,
        colors0_.name as name2_4_ 
    from
        colors colors0_ 
    where
        colors0_.name=?
Hibernate: 
    select
        clothesinf0_.id as id1_2_,
        clothesinf0_.categoryl as category2_2_,
        clothesinf0_.categorys as category3_2_,
        clothesinf0_.fit as fit4_2_,
        clothesinf0_.length as length5_2_ 
    from
        clothes_info clothesinf0_ 
    where
        clothesinf0_.categoryl=? 
        and clothesinf0_.categorys=? 
        and clothesinf0_.length=? 
        and clothesinf0_.fit=?
Hibernate: 
    select
        salesinfoc0_.id as id1_9_,
        salesinfoc0_.clothes_brand as clothes_2_9_,
        salesinfoc0_.clothes_color as clothes_3_9_,
        salesinfoc0_.clothes_gender as clothes_4_9_,
        salesinfoc0_.clothes_size as clothes_5_9_ 
    from
        sales_info_clothes salesinfoc0_ 
    where
        salesinfoc0_.clothes_brand=? 
        and salesinfoc0_.clothes_gender=? 
        and salesinfoc0_.clothes_size=? 
        and salesinfoc0_.clothes_color=?
Hibernate: 
    select
        salesinfos0_.id as id1_10_,
        salesinfos0_.status_score as status_s2_10_,
        salesinfos0_.status_tag as status_t3_10_,
        salesinfos0_.status_times as status_t4_10_,
        salesinfos0_.status_when2buy as status_w5_10_,
        salesinfos0_.transport as transpor6_10_ 
    from
        sales_info_status salesinfos0_ 
    where
        salesinfos0_.status_tag=? 
        and salesinfos0_.status_score=? 
        and salesinfos0_.status_times=? 
        and salesinfos0_.status_when2buy=? 
        and salesinfos0_.transport=?
Hibernate: 
    select
        salesinfou0_.id as id1_11_,
        salesinfou0_.user_height as user_hei2_11_,
        salesinfou0_.user_size as user_siz3_11_,
        salesinfou0_.user_weight as user_wei4_11_ 
    from
        sales_info_user salesinfou0_ 
    where
        salesinfou0_.user_size=? 
        and salesinfou0_.user_weight=? 
        and salesinfou0_.user_height=?
Hibernate: 
    insert 
    into
        clothes_image
        (closets_post_id, path, stores_post_id, type) 
    values
        (?, ?, ?, ?)
Hibernate: 
    insert 
    into
        clothes_image
        (closets_post_id, path, stores_post_id, type) 
    values
        (?, ?, ?, ?)
Hibernate: 
    insert 
    into
        stores
        (created_date, modified_date, author_id, clothes_info_id, colors_name, materials_name, style_name, clothes_length, content, price, sales_info_clothes_id, sales_info_status_id, sales_info_user_id, status, title) 
    values
        (?, ?, ?, ?, ?, ?, ?, ?, ?, ?, ?, ?, ?, ?, ?)
Hibernate: 
    update
        clothes_image 
    set
        closets_post_id=?,
        path=?,
        stores_post_id=?,
        type=? 
    where
        id=?
Hibernate: 
    update
        clothes_image 
    set
        closets_post_id=?,
        path=?,
        stores_post_id=?,
        type=? 
    where
        id=?
Hibernate: 
    select
        stores0_.id as id1_12_,
        stores0_.created_date as created_2_12_,
        stores0_.modified_date as modified3_12_,
        stores0_.author_id as author_i9_12_,
        stores0_.clothes_info_id as clothes10_12_,
        stores0_.colors_name as colors_11_12_,
        stores0_.materials_name as materia12_12_,
        stores0_.style_name as style_n13_12_,
        stores0_.clothes_length as clothes_4_12_,
        stores0_.content as content5_12_,
        stores0_.price as price6_12_,
        stores0_.sales_info_clothes_id as sales_i14_12_,
        stores0_.sales_info_status_id as sales_i15_12_,
        stores0_.sales_info_user_id as sales_i16_12_,
        stores0_.status as status7_12_,
        stores0_.title as title8_12_ 
    from
        stores stores0_
Hibernate: 
    select
        members0_.id as id1_6_0_,
        members0_.email as email2_6_0_,
        members0_.image as image3_6_0_,
        members0_.name as name4_6_0_,
        members0_.nickname as nickname5_6_0_,
        members0_.password as password6_6_0_,
        members0_.phone as phone7_6_0_,
        members0_.refresh_token as refresh_8_6_0_,
        members0_.role as role9_6_0_ 
    from
        members members0_ 
    where
        members0_.id=?
Hibernate: 
    select
        clothesinf0_.id as id1_2_0_,
        clothesinf0_.categoryl as category2_2_0_,
        clothesinf0_.categorys as category3_2_0_,
        clothesinf0_.fit as fit4_2_0_,
        clothesinf0_.length as length5_2_0_ 
    from
        clothes_info clothesinf0_ 
    where
        clothesinf0_.id=?
Hibernate: 
    select
        colors0_.id as id1_4_0_,
        colors0_.name as name2_4_0_ 
    from
        colors colors0_ 
    where
        colors0_.name=?
Hibernate: 
    select
        materials0_.id as id1_5_0_,
        materials0_.name as name2_5_0_ 
    from
        materials materials0_ 
    where
        materials0_.name=?
Hibernate: 
    select
        style0_.id as id1_14_0_,
        style0_.name as name2_14_0_ 
    from
        style style0_ 
    where
        style0_.name=?
Hibernate: 
    select
        salesinfoc0_.id as id1_9_0_,
        salesinfoc0_.clothes_brand as clothes_2_9_0_,
        salesinfoc0_.clothes_color as clothes_3_9_0_,
        salesinfoc0_.clothes_gender as clothes_4_9_0_,
        salesinfoc0_.clothes_size as clothes_5_9_0_ 
    from
        sales_info_clothes salesinfoc0_ 
    where
        salesinfoc0_.id=?
Hibernate: 
    select
        salesinfos0_.id as id1_10_0_,
        salesinfos0_.status_score as status_s2_10_0_,
        salesinfos0_.status_tag as status_t3_10_0_,
        salesinfos0_.status_times as status_t4_10_0_,
        salesinfos0_.status_when2buy as status_w5_10_0_,
        salesinfos0_.transport as transpor6_10_0_ 
    from
        sales_info_status salesinfos0_ 
    where
        salesinfos0_.id=?
Hibernate: 
    select
        salesinfou0_.id as id1_11_0_,
        salesinfou0_.user_height as user_hei2_11_0_,
        salesinfou0_.user_size as user_siz3_11_0_,
        salesinfou0_.user_weight as user_wei4_11_0_ 
    from
        sales_info_user salesinfou0_ 
    where
        salesinfou0_.id=?
Hibernate: 
    select
        clothesinf0_.id as id1_2_0_,
        clothesinf0_.categoryl as category2_2_0_,
        clothesinf0_.categorys as category3_2_0_,
        clothesinf0_.fit as fit4_2_0_,
        clothesinf0_.length as length5_2_0_ 
    from
        clothes_info clothesinf0_ 
    where
        clothesinf0_.id=?
Hibernate: 
    select
        colors0_.id as id1_4_0_,
        colors0_.name as name2_4_0_ 
    from
        colors colors0_ 
    where
        colors0_.name=?
Hibernate: 
    select
        materials0_.id as id1_5_0_,
        materials0_.name as name2_5_0_ 
    from
        materials materials0_ 
    where
        materials0_.name=?
Hibernate: 
    select
        style0_.id as id1_14_0_,
        style0_.name as name2_14_0_ 
    from
        style style0_ 
    where
        style0_.name=?
Hibernate: 
    select
        salesinfoc0_.id as id1_9_0_,
        salesinfoc0_.clothes_brand as clothes_2_9_0_,
        salesinfoc0_.clothes_color as clothes_3_9_0_,
        salesinfoc0_.clothes_gender as clothes_4_9_0_,
        salesinfoc0_.clothes_size as clothes_5_9_0_ 
    from
        sales_info_clothes salesinfoc0_ 
    where
        salesinfoc0_.id=?
Hibernate: 
    select
        salesinfos0_.id as id1_10_0_,
        salesinfos0_.status_score as status_s2_10_0_,
        salesinfos0_.status_tag as status_t3_10_0_,
        salesinfos0_.status_times as status_t4_10_0_,
        salesinfos0_.status_when2buy as status_w5_10_0_,
        salesinfos0_.transport as transpor6_10_0_ 
    from
        sales_info_status salesinfos0_ 
    where
        salesinfos0_.id=?
Hibernate: 
    select
        salesinfou0_.id as id1_11_0_,
        salesinfou0_.user_height as user_hei2_11_0_,
        salesinfou0_.user_size as user_siz3_11_0_,
        salesinfou0_.user_weight as user_wei4_11_0_ 
    from
        sales_info_user salesinfou0_ 
    where
        salesinfou0_.id=?
Hibernate: 
    select
        clothesinf0_.id as id1_2_0_,
        clothesinf0_.categoryl as category2_2_0_,
        clothesinf0_.categorys as category3_2_0_,
        clothesinf0_.fit as fit4_2_0_,
        clothesinf0_.length as length5_2_0_ 
    from
        clothes_info clothesinf0_ 
    where
        clothesinf0_.id=?
Hibernate: 
    select
        colors0_.id as id1_4_0_,
        colors0_.name as name2_4_0_ 
    from
        colors colors0_ 
    where
        colors0_.name=?
Hibernate: 
    select
        materials0_.id as id1_5_0_,
        materials0_.name as name2_5_0_ 
    from
        materials materials0_ 
    where
        materials0_.name=?
Hibernate: 
    select
        style0_.id as id1_14_0_,
        style0_.name as name2_14_0_ 
    from
        style style0_ 
    where
        style0_.name=?
Hibernate: 
    select
        salesinfoc0_.id as id1_9_0_,
        salesinfoc0_.clothes_brand as clothes_2_9_0_,
        salesinfoc0_.clothes_color as clothes_3_9_0_,
        salesinfoc0_.clothes_gender as clothes_4_9_0_,
        salesinfoc0_.clothes_size as clothes_5_9_0_ 
    from
        sales_info_clothes salesinfoc0_ 
    where
        salesinfoc0_.id=?
Hibernate: 
    select
        salesinfos0_.id as id1_10_0_,
        salesinfos0_.status_score as status_s2_10_0_,
        salesinfos0_.status_tag as status_t3_10_0_,
        salesinfos0_.status_times as status_t4_10_0_,
        salesinfos0_.status_when2buy as status_w5_10_0_,
        salesinfos0_.transport as transpor6_10_0_ 
    from
        sales_info_status salesinfos0_ 
    where
        salesinfos0_.id=?
Hibernate: 
    select
        salesinfou0_.id as id1_11_0_,
        salesinfou0_.user_height as user_hei2_11_0_,
        salesinfou0_.user_size as user_siz3_11_0_,
        salesinfou0_.user_weight as user_wei4_11_0_ 
    from
        sales_info_user salesinfou0_ 
    where
        salesinfou0_.id=?
Hibernate: 
    select
        clothesinf0_.id as id1_2_0_,
        clothesinf0_.categoryl as category2_2_0_,
        clothesinf0_.categorys as category3_2_0_,
        clothesinf0_.fit as fit4_2_0_,
        clothesinf0_.length as length5_2_0_ 
    from
        clothes_info clothesinf0_ 
    where
        clothesinf0_.id=?
Hibernate: 
    select
        colors0_.id as id1_4_0_,
        colors0_.name as name2_4_0_ 
    from
        colors colors0_ 
    where
        colors0_.name=?
Hibernate: 
    select
        materials0_.id as id1_5_0_,
        materials0_.name as name2_5_0_ 
    from
        materials materials0_ 
    where
        materials0_.name=?
Hibernate: 
    select
        style0_.id as id1_14_0_,
        style0_.name as name2_14_0_ 
    from
        style style0_ 
    where
        style0_.name=?
Hibernate: 
    select
        salesinfoc0_.id as id1_9_0_,
        salesinfoc0_.clothes_brand as clothes_2_9_0_,
        salesinfoc0_.clothes_color as clothes_3_9_0_,
        salesinfoc0_.clothes_gender as clothes_4_9_0_,
        salesinfoc0_.clothes_size as clothes_5_9_0_ 
    from
        sales_info_clothes salesinfoc0_ 
    where
        salesinfoc0_.id=?
Hibernate: 
    select
        salesinfos0_.id as id1_10_0_,
        salesinfos0_.status_score as status_s2_10_0_,
        salesinfos0_.status_tag as status_t3_10_0_,
        salesinfos0_.status_times as status_t4_10_0_,
        salesinfos0_.status_when2buy as status_w5_10_0_,
        salesinfos0_.transport as transpor6_10_0_ 
    from
        sales_info_status salesinfos0_ 
    where
        salesinfos0_.id=?
Hibernate: 
    select
        salesinfou0_.id as id1_11_0_,
        salesinfou0_.user_height as user_hei2_11_0_,
        salesinfou0_.user_size as user_siz3_11_0_,
        salesinfou0_.user_weight as user_wei4_11_0_ 
    from
        sales_info_user salesinfou0_ 
    where
        salesinfou0_.id=?
Hibernate: 
    select
        clothesinf0_.id as id1_2_0_,
        clothesinf0_.categoryl as category2_2_0_,
        clothesinf0_.categorys as category3_2_0_,
        clothesinf0_.fit as fit4_2_0_,
        clothesinf0_.length as length5_2_0_ 
    from
        clothes_info clothesinf0_ 
    where
        clothesinf0_.id=?
Hibernate: 
    select
        materials0_.id as id1_5_0_,
        materials0_.name as name2_5_0_ 
    from
        materials materials0_ 
    where
        materials0_.name=?
Hibernate: 
    select
        style0_.id as id1_14_0_,
        style0_.name as name2_14_0_ 
    from
        style style0_ 
    where
        style0_.name=?
Hibernate: 
    select
        salesinfoc0_.id as id1_9_0_,
        salesinfoc0_.clothes_brand as clothes_2_9_0_,
        salesinfoc0_.clothes_color as clothes_3_9_0_,
        salesinfoc0_.clothes_gender as clothes_4_9_0_,
        salesinfoc0_.clothes_size as clothes_5_9_0_ 
    from
        sales_info_clothes salesinfoc0_ 
    where
        salesinfoc0_.id=?
Hibernate: 
    select
        salesinfos0_.id as id1_10_0_,
        salesinfos0_.status_score as status_s2_10_0_,
        salesinfos0_.status_tag as status_t3_10_0_,
        salesinfos0_.status_times as status_t4_10_0_,
        salesinfos0_.status_when2buy as status_w5_10_0_,
        salesinfos0_.transport as transpor6_10_0_ 
    from
        sales_info_status salesinfos0_ 
    where
        salesinfos0_.id=?
Hibernate: 
    select
        salesinfou0_.id as id1_11_0_,
        salesinfou0_.user_height as user_hei2_11_0_,
        salesinfou0_.user_size as user_siz3_11_0_,
        salesinfou0_.user_weight as user_wei4_11_0_ 
    from
        sales_info_user salesinfou0_ 
    where
        salesinfou0_.id=?
Hibernate: 
    select
        clothesinf0_.id as id1_2_0_,
        clothesinf0_.categoryl as category2_2_0_,
        clothesinf0_.categorys as category3_2_0_,
        clothesinf0_.fit as fit4_2_0_,
        clothesinf0_.length as length5_2_0_ 
    from
        clothes_info clothesinf0_ 
    where
        clothesinf0_.id=?
Hibernate: 
    select
        colors0_.id as id1_4_0_,
        colors0_.name as name2_4_0_ 
    from
        colors colors0_ 
    where
        colors0_.name=?
Hibernate: 
    select
        clothesima0_.id as id1_3_,
        clothesima0_.closets_post_id as closets_4_3_,
        clothesima0_.path as path2_3_,
        clothesima0_.stores_post_id as stores_p5_3_,
        clothesima0_.type as type3_3_ 
    from
        clothes_image clothesima0_
Hibernate: 
    select
        stores0_.id as id1_12_0_,
        stores0_.created_date as created_2_12_0_,
        stores0_.modified_date as modified3_12_0_,
        stores0_.author_id as author_i9_12_0_,
        stores0_.clothes_info_id as clothes10_12_0_,
        stores0_.colors_name as colors_11_12_0_,
        stores0_.materials_name as materia12_12_0_,
        stores0_.style_name as style_n13_12_0_,
        stores0_.clothes_length as clothes_4_12_0_,
        stores0_.content as content5_12_0_,
        stores0_.price as price6_12_0_,
        stores0_.sales_info_clothes_id as sales_i14_12_0_,
        stores0_.sales_info_status_id as sales_i15_12_0_,
        stores0_.sales_info_user_id as sales_i16_12_0_,
        stores0_.status as status7_12_0_,
        stores0_.title as title8_12_0_,
        members1_.id as id1_6_1_,
        members1_.email as email2_6_1_,
        members1_.image as image3_6_1_,
        members1_.name as name4_6_1_,
        members1_.nickname as nickname5_6_1_,
        members1_.password as password6_6_1_,
        members1_.phone as phone7_6_1_,
        members1_.refresh_token as refresh_8_6_1_,
        members1_.role as role9_6_1_,
        clothesinf2_.id as id1_2_2_,
        clothesinf2_.categoryl as category2_2_2_,
        clothesinf2_.categorys as category3_2_2_,
        clothesinf2_.fit as fit4_2_2_,
        clothesinf2_.length as length5_2_2_,
        colors3_.id as id1_4_3_,
        colors3_.name as name2_4_3_,
        materials4_.id as id1_5_4_,
        materials4_.name as name2_5_4_,
        style5_.id as id1_14_5_,
        style5_.name as name2_14_5_,
        salesinfoc6_.id as id1_9_6_,
        salesinfoc6_.clothes_brand as clothes_2_9_6_,
        salesinfoc6_.clothes_color as clothes_3_9_6_,
        salesinfoc6_.clothes_gender as clothes_4_9_6_,
        salesinfoc6_.clothes_size as clothes_5_9_6_,
        salesinfos7_.id as id1_10_7_,
        salesinfos7_.status_score as status_s2_10_7_,
        salesinfos7_.status_tag as status_t3_10_7_,
        salesinfos7_.status_times as status_t4_10_7_,
        salesinfos7_.status_when2buy as status_w5_10_7_,
        salesinfos7_.transport as transpor6_10_7_,
        salesinfou8_.id as id1_11_8_,
        salesinfou8_.user_height as user_hei2_11_8_,
        salesinfou8_.user_size as user_siz3_11_8_,
        salesinfou8_.user_weight as user_wei4_11_8_ 
    from
        stores stores0_ 
    left outer join
        members members1_ 
            on stores0_.author_id=members1_.id 
    left outer join
        clothes_info clothesinf2_ 
            on stores0_.clothes_info_id=clothesinf2_.id 
    left outer join
        colors colors3_ 
            on stores0_.colors_name=colors3_.name 
    left outer join
        materials materials4_ 
            on stores0_.materials_name=materials4_.name 
    left outer join
        style style5_ 
            on stores0_.style_name=style5_.name 
    left outer join
        sales_info_clothes salesinfoc6_ 
            on stores0_.sales_info_clothes_id=salesinfoc6_.id 
    left outer join
        sales_info_status salesinfos7_ 
            on stores0_.sales_info_status_id=salesinfos7_.id 
    left outer join
        sales_info_user salesinfou8_ 
            on stores0_.sales_info_user_id=salesinfou8_.id 
    where
        stores0_.id=?
Hibernate: 
    select
        stores0_.id as id1_12_0_,
        stores0_.created_date as created_2_12_0_,
        stores0_.modified_date as modified3_12_0_,
        stores0_.author_id as author_i9_12_0_,
        stores0_.clothes_info_id as clothes10_12_0_,
        stores0_.colors_name as colors_11_12_0_,
        stores0_.materials_name as materia12_12_0_,
        stores0_.style_name as style_n13_12_0_,
        stores0_.clothes_length as clothes_4_12_0_,
        stores0_.content as content5_12_0_,
        stores0_.price as price6_12_0_,
        stores0_.sales_info_clothes_id as sales_i14_12_0_,
        stores0_.sales_info_status_id as sales_i15_12_0_,
        stores0_.sales_info_user_id as sales_i16_12_0_,
        stores0_.status as status7_12_0_,
        stores0_.title as title8_12_0_,
        members1_.id as id1_6_1_,
        members1_.email as email2_6_1_,
        members1_.image as image3_6_1_,
        members1_.name as name4_6_1_,
        members1_.nickname as nickname5_6_1_,
        members1_.password as password6_6_1_,
        members1_.phone as phone7_6_1_,
        members1_.refresh_token as refresh_8_6_1_,
        members1_.role as role9_6_1_,
        clothesinf2_.id as id1_2_2_,
        clothesinf2_.categoryl as category2_2_2_,
        clothesinf2_.categorys as category3_2_2_,
        clothesinf2_.fit as fit4_2_2_,
        clothesinf2_.length as length5_2_2_,
        colors3_.id as id1_4_3_,
        colors3_.name as name2_4_3_,
        materials4_.id as id1_5_4_,
        materials4_.name as name2_5_4_,
        style5_.id as id1_14_5_,
        style5_.name as name2_14_5_,
        salesinfoc6_.id as id1_9_6_,
        salesinfoc6_.clothes_brand as clothes_2_9_6_,
        salesinfoc6_.clothes_color as clothes_3_9_6_,
        salesinfoc6_.clothes_gender as clothes_4_9_6_,
        salesinfoc6_.clothes_size as clothes_5_9_6_,
        salesinfos7_.id as id1_10_7_,
        salesinfos7_.status_score as status_s2_10_7_,
        salesinfos7_.status_tag as status_t3_10_7_,
        salesinfos7_.status_times as status_t4_10_7_,
        salesinfos7_.status_when2buy as status_w5_10_7_,
        salesinfos7_.transport as transpor6_10_7_,
        salesinfou8_.id as id1_11_8_,
        salesinfou8_.user_height as user_hei2_11_8_,
        salesinfou8_.user_size as user_siz3_11_8_,
        salesinfou8_.user_weight as user_wei4_11_8_ 
    from
        stores stores0_ 
    left outer join
        members members1_ 
            on stores0_.author_id=members1_.id 
    left outer join
        clothes_info clothesinf2_ 
            on stores0_.clothes_info_id=clothesinf2_.id 
    left outer join
        colors colors3_ 
            on stores0_.colors_name=colors3_.name 
    left outer join
        materials materials4_ 
            on stores0_.materials_name=materials4_.name 
    left outer join
        style style5_ 
            on stores0_.style_name=style5_.name 
    left outer join
        sales_info_clothes salesinfoc6_ 
            on stores0_.sales_info_clothes_id=salesinfoc6_.id 
    left outer join
        sales_info_status salesinfos7_ 
            on stores0_.sales_info_status_id=salesinfos7_.id 
    left outer join
        sales_info_user salesinfou8_ 
            on stores0_.sales_info_user_id=salesinfou8_.id 
    where
        stores0_.id=?
Hibernate: 
    select
        stores0_.id as id1_12_0_,
        stores0_.created_date as created_2_12_0_,
        stores0_.modified_date as modified3_12_0_,
        stores0_.author_id as author_i9_12_0_,
        stores0_.clothes_info_id as clothes10_12_0_,
        stores0_.colors_name as colors_11_12_0_,
        stores0_.materials_name as materia12_12_0_,
        stores0_.style_name as style_n13_12_0_,
        stores0_.clothes_length as clothes_4_12_0_,
        stores0_.content as content5_12_0_,
        stores0_.price as price6_12_0_,
        stores0_.sales_info_clothes_id as sales_i14_12_0_,
        stores0_.sales_info_status_id as sales_i15_12_0_,
        stores0_.sales_info_user_id as sales_i16_12_0_,
        stores0_.status as status7_12_0_,
        stores0_.title as title8_12_0_,
        members1_.id as id1_6_1_,
        members1_.email as email2_6_1_,
        members1_.image as image3_6_1_,
        members1_.name as name4_6_1_,
        members1_.nickname as nickname5_6_1_,
        members1_.password as password6_6_1_,
        members1_.phone as phone7_6_1_,
        members1_.refresh_token as refresh_8_6_1_,
        members1_.role as role9_6_1_,
        clothesinf2_.id as id1_2_2_,
        clothesinf2_.categoryl as category2_2_2_,
        clothesinf2_.categorys as category3_2_2_,
        clothesinf2_.fit as fit4_2_2_,
        clothesinf2_.length as length5_2_2_,
        colors3_.id as id1_4_3_,
        colors3_.name as name2_4_3_,
        materials4_.id as id1_5_4_,
        materials4_.name as name2_5_4_,
        style5_.id as id1_14_5_,
        style5_.name as name2_14_5_,
        salesinfoc6_.id as id1_9_6_,
        salesinfoc6_.clothes_brand as clothes_2_9_6_,
        salesinfoc6_.clothes_color as clothes_3_9_6_,
        salesinfoc6_.clothes_gender as clothes_4_9_6_,
        salesinfoc6_.clothes_size as clothes_5_9_6_,
        salesinfos7_.id as id1_10_7_,
        salesinfos7_.status_score as status_s2_10_7_,
        salesinfos7_.status_tag as status_t3_10_7_,
        salesinfos7_.status_times as status_t4_10_7_,
        salesinfos7_.status_when2buy as status_w5_10_7_,
        salesinfos7_.transport as transpor6_10_7_,
        salesinfou8_.id as id1_11_8_,
        salesinfou8_.user_height as user_hei2_11_8_,
        salesinfou8_.user_size as user_siz3_11_8_,
        salesinfou8_.user_weight as user_wei4_11_8_ 
    from
        stores stores0_ 
    left outer join
        members members1_ 
            on stores0_.author_id=members1_.id 
    left outer join
        clothes_info clothesinf2_ 
            on stores0_.clothes_info_id=clothesinf2_.id 
    left outer join
        colors colors3_ 
            on stores0_.colors_name=colors3_.name 
    left outer join
        materials materials4_ 
            on stores0_.materials_name=materials4_.name 
    left outer join
        style style5_ 
            on stores0_.style_name=style5_.name 
    left outer join
        sales_info_clothes salesinfoc6_ 
            on stores0_.sales_info_clothes_id=salesinfoc6_.id 
    left outer join
        sales_info_status salesinfos7_ 
            on stores0_.sales_info_status_id=salesinfos7_.id 
    left outer join
        sales_info_user salesinfou8_ 
            on stores0_.sales_info_user_id=salesinfou8_.id 
    where
        stores0_.id=?
Hibernate: 
    select
        stores0_.id as id1_12_0_,
        stores0_.created_date as created_2_12_0_,
        stores0_.modified_date as modified3_12_0_,
        stores0_.author_id as author_i9_12_0_,
        stores0_.clothes_info_id as clothes10_12_0_,
        stores0_.colors_name as colors_11_12_0_,
        stores0_.materials_name as materia12_12_0_,
        stores0_.style_name as style_n13_12_0_,
        stores0_.clothes_length as clothes_4_12_0_,
        stores0_.content as content5_12_0_,
        stores0_.price as price6_12_0_,
        stores0_.sales_info_clothes_id as sales_i14_12_0_,
        stores0_.sales_info_status_id as sales_i15_12_0_,
        stores0_.sales_info_user_id as sales_i16_12_0_,
        stores0_.status as status7_12_0_,
        stores0_.title as title8_12_0_,
        members1_.id as id1_6_1_,
        members1_.email as email2_6_1_,
        members1_.image as image3_6_1_,
        members1_.name as name4_6_1_,
        members1_.nickname as nickname5_6_1_,
        members1_.password as password6_6_1_,
        members1_.phone as phone7_6_1_,
        members1_.refresh_token as refresh_8_6_1_,
        members1_.role as role9_6_1_,
        clothesinf2_.id as id1_2_2_,
        clothesinf2_.categoryl as category2_2_2_,
        clothesinf2_.categorys as category3_2_2_,
        clothesinf2_.fit as fit4_2_2_,
        clothesinf2_.length as length5_2_2_,
        colors3_.id as id1_4_3_,
        colors3_.name as name2_4_3_,
        materials4_.id as id1_5_4_,
        materials4_.name as name2_5_4_,
        style5_.id as id1_14_5_,
        style5_.name as name2_14_5_,
        salesinfoc6_.id as id1_9_6_,
        salesinfoc6_.clothes_brand as clothes_2_9_6_,
        salesinfoc6_.clothes_color as clothes_3_9_6_,
        salesinfoc6_.clothes_gender as clothes_4_9_6_,
        salesinfoc6_.clothes_size as clothes_5_9_6_,
        salesinfos7_.id as id1_10_7_,
        salesinfos7_.status_score as status_s2_10_7_,
        salesinfos7_.status_tag as status_t3_10_7_,
        salesinfos7_.status_times as status_t4_10_7_,
        salesinfos7_.status_when2buy as status_w5_10_7_,
        salesinfos7_.transport as transpor6_10_7_,
        salesinfou8_.id as id1_11_8_,
        salesinfou8_.user_height as user_hei2_11_8_,
        salesinfou8_.user_size as user_siz3_11_8_,
        salesinfou8_.user_weight as user_wei4_11_8_ 
    from
        stores stores0_ 
    left outer join
        members members1_ 
            on stores0_.author_id=members1_.id 
    left outer join
        clothes_info clothesinf2_ 
            on stores0_.clothes_info_id=clothesinf2_.id 
    left outer join
        colors colors3_ 
            on stores0_.colors_name=colors3_.name 
    left outer join
        materials materials4_ 
            on stores0_.materials_name=materials4_.name 
    left outer join
        style style5_ 
            on stores0_.style_name=style5_.name 
    left outer join
        sales_info_clothes salesinfoc6_ 
            on stores0_.sales_info_clothes_id=salesinfoc6_.id 
    left outer join
        sales_info_status salesinfos7_ 
            on stores0_.sales_info_status_id=salesinfos7_.id 
    left outer join
        sales_info_user salesinfou8_ 
            on stores0_.sales_info_user_id=salesinfou8_.id 
    where
        stores0_.id=?
Hibernate: 
    select
        stores0_.id as id1_12_0_,
        stores0_.created_date as created_2_12_0_,
        stores0_.modified_date as modified3_12_0_,
        stores0_.author_id as author_i9_12_0_,
        stores0_.clothes_info_id as clothes10_12_0_,
        stores0_.colors_name as colors_11_12_0_,
        stores0_.materials_name as materia12_12_0_,
        stores0_.style_name as style_n13_12_0_,
        stores0_.clothes_length as clothes_4_12_0_,
        stores0_.content as content5_12_0_,
        stores0_.price as price6_12_0_,
        stores0_.sales_info_clothes_id as sales_i14_12_0_,
        stores0_.sales_info_status_id as sales_i15_12_0_,
        stores0_.sales_info_user_id as sales_i16_12_0_,
        stores0_.status as status7_12_0_,
        stores0_.title as title8_12_0_,
        members1_.id as id1_6_1_,
        members1_.email as email2_6_1_,
        members1_.image as image3_6_1_,
        members1_.name as name4_6_1_,
        members1_.nickname as nickname5_6_1_,
        members1_.password as password6_6_1_,
        members1_.phone as phone7_6_1_,
        members1_.refresh_token as refresh_8_6_1_,
        members1_.role as role9_6_1_,
        clothesinf2_.id as id1_2_2_,
        clothesinf2_.categoryl as category2_2_2_,
        clothesinf2_.categorys as category3_2_2_,
        clothesinf2_.fit as fit4_2_2_,
        clothesinf2_.length as length5_2_2_,
        colors3_.id as id1_4_3_,
        colors3_.name as name2_4_3_,
        materials4_.id as id1_5_4_,
        materials4_.name as name2_5_4_,
        style5_.id as id1_14_5_,
        style5_.name as name2_14_5_,
        salesinfoc6_.id as id1_9_6_,
        salesinfoc6_.clothes_brand as clothes_2_9_6_,
        salesinfoc6_.clothes_color as clothes_3_9_6_,
        salesinfoc6_.clothes_gender as clothes_4_9_6_,
        salesinfoc6_.clothes_size as clothes_5_9_6_,
        salesinfos7_.id as id1_10_7_,
        salesinfos7_.status_score as status_s2_10_7_,
        salesinfos7_.status_tag as status_t3_10_7_,
        salesinfos7_.status_times as status_t4_10_7_,
        salesinfos7_.status_when2buy as status_w5_10_7_,
        salesinfos7_.transport as transpor6_10_7_,
        salesinfou8_.id as id1_11_8_,
        salesinfou8_.user_height as user_hei2_11_8_,
        salesinfou8_.user_size as user_siz3_11_8_,
        salesinfou8_.user_weight as user_wei4_11_8_ 
    from
        stores stores0_ 
    left outer join
        members members1_ 
            on stores0_.author_id=members1_.id 
    left outer join
        clothes_info clothesinf2_ 
            on stores0_.clothes_info_id=clothesinf2_.id 
    left outer join
        colors colors3_ 
            on stores0_.colors_name=colors3_.name 
    left outer join
        materials materials4_ 
            on stores0_.materials_name=materials4_.name 
    left outer join
        style style5_ 
            on stores0_.style_name=style5_.name 
    left outer join
        sales_info_clothes salesinfoc6_ 
            on stores0_.sales_info_clothes_id=salesinfoc6_.id 
    left outer join
        sales_info_status salesinfos7_ 
            on stores0_.sales_info_status_id=salesinfos7_.id 
    left outer join
        sales_info_user salesinfou8_ 
            on stores0_.sales_info_user_id=salesinfou8_.id 
    where
        stores0_.id=?
Hibernate: 
    select
        stores0_.id as id1_12_0_,
        stores0_.created_date as created_2_12_0_,
        stores0_.modified_date as modified3_12_0_,
        stores0_.author_id as author_i9_12_0_,
        stores0_.clothes_info_id as clothes10_12_0_,
        stores0_.colors_name as colors_11_12_0_,
        stores0_.materials_name as materia12_12_0_,
        stores0_.style_name as style_n13_12_0_,
        stores0_.clothes_length as clothes_4_12_0_,
        stores0_.content as content5_12_0_,
        stores0_.price as price6_12_0_,
        stores0_.sales_info_clothes_id as sales_i14_12_0_,
        stores0_.sales_info_status_id as sales_i15_12_0_,
        stores0_.sales_info_user_id as sales_i16_12_0_,
        stores0_.status as status7_12_0_,
        stores0_.title as title8_12_0_,
        members1_.id as id1_6_1_,
        members1_.email as email2_6_1_,
        members1_.image as image3_6_1_,
        members1_.name as name4_6_1_,
        members1_.nickname as nickname5_6_1_,
        members1_.password as password6_6_1_,
        members1_.phone as phone7_6_1_,
        members1_.refresh_token as refresh_8_6_1_,
        members1_.role as role9_6_1_,
        clothesinf2_.id as id1_2_2_,
        clothesinf2_.categoryl as category2_2_2_,
        clothesinf2_.categorys as category3_2_2_,
        clothesinf2_.fit as fit4_2_2_,
        clothesinf2_.length as length5_2_2_,
        colors3_.id as id1_4_3_,
        colors3_.name as name2_4_3_,
        materials4_.id as id1_5_4_,
        materials4_.name as name2_5_4_,
        style5_.id as id1_14_5_,
        style5_.name as name2_14_5_,
        salesinfoc6_.id as id1_9_6_,
        salesinfoc6_.clothes_brand as clothes_2_9_6_,
        salesinfoc6_.clothes_color as clothes_3_9_6_,
        salesinfoc6_.clothes_gender as clothes_4_9_6_,
        salesinfoc6_.clothes_size as clothes_5_9_6_,
        salesinfos7_.id as id1_10_7_,
        salesinfos7_.status_score as status_s2_10_7_,
        salesinfos7_.status_tag as status_t3_10_7_,
        salesinfos7_.status_times as status_t4_10_7_,
        salesinfos7_.status_when2buy as status_w5_10_7_,
        salesinfos7_.transport as transpor6_10_7_,
        salesinfou8_.id as id1_11_8_,
        salesinfou8_.user_height as user_hei2_11_8_,
        salesinfou8_.user_size as user_siz3_11_8_,
        salesinfou8_.user_weight as user_wei4_11_8_ 
    from
        stores stores0_ 
    left outer join
        members members1_ 
            on stores0_.author_id=members1_.id 
    left outer join
        clothes_info clothesinf2_ 
            on stores0_.clothes_info_id=clothesinf2_.id 
    left outer join
        colors colors3_ 
            on stores0_.colors_name=colors3_.name 
    left outer join
        materials materials4_ 
            on stores0_.materials_name=materials4_.name 
    left outer join
        style style5_ 
            on stores0_.style_name=style5_.name 
    left outer join
        sales_info_clothes salesinfoc6_ 
            on stores0_.sales_info_clothes_id=salesinfoc6_.id 
    left outer join
        sales_info_status salesinfos7_ 
            on stores0_.sales_info_status_id=salesinfos7_.id 
    left outer join
        sales_info_user salesinfou8_ 
            on stores0_.sales_info_user_id=salesinfou8_.id 
    where
        stores0_.id=?
Hibernate: 
    select
        stores0_.id as id1_12_0_,
        stores0_.created_date as created_2_12_0_,
        stores0_.modified_date as modified3_12_0_,
        stores0_.author_id as author_i9_12_0_,
        stores0_.clothes_info_id as clothes10_12_0_,
        stores0_.colors_name as colors_11_12_0_,
        stores0_.materials_name as materia12_12_0_,
        stores0_.style_name as style_n13_12_0_,
        stores0_.clothes_length as clothes_4_12_0_,
        stores0_.content as content5_12_0_,
        stores0_.price as price6_12_0_,
        stores0_.sales_info_clothes_id as sales_i14_12_0_,
        stores0_.sales_info_status_id as sales_i15_12_0_,
        stores0_.sales_info_user_id as sales_i16_12_0_,
        stores0_.status as status7_12_0_,
        stores0_.title as title8_12_0_,
        members1_.id as id1_6_1_,
        members1_.email as email2_6_1_,
        members1_.image as image3_6_1_,
        members1_.name as name4_6_1_,
        members1_.nickname as nickname5_6_1_,
        members1_.password as password6_6_1_,
        members1_.phone as phone7_6_1_,
        members1_.refresh_token as refresh_8_6_1_,
        members1_.role as role9_6_1_,
        clothesinf2_.id as id1_2_2_,
        clothesinf2_.categoryl as category2_2_2_,
        clothesinf2_.categorys as category3_2_2_,
        clothesinf2_.fit as fit4_2_2_,
        clothesinf2_.length as length5_2_2_,
        colors3_.id as id1_4_3_,
        colors3_.name as name2_4_3_,
        materials4_.id as id1_5_4_,
        materials4_.name as name2_5_4_,
        style5_.id as id1_14_5_,
        style5_.name as name2_14_5_,
        salesinfoc6_.id as id1_9_6_,
        salesinfoc6_.clothes_brand as clothes_2_9_6_,
        salesinfoc6_.clothes_color as clothes_3_9_6_,
        salesinfoc6_.clothes_gender as clothes_4_9_6_,
        salesinfoc6_.clothes_size as clothes_5_9_6_,
        salesinfos7_.id as id1_10_7_,
        salesinfos7_.status_score as status_s2_10_7_,
        salesinfos7_.status_tag as status_t3_10_7_,
        salesinfos7_.status_times as status_t4_10_7_,
        salesinfos7_.status_when2buy as status_w5_10_7_,
        salesinfos7_.transport as transpor6_10_7_,
        salesinfou8_.id as id1_11_8_,
        salesinfou8_.user_height as user_hei2_11_8_,
        salesinfou8_.user_size as user_siz3_11_8_,
        salesinfou8_.user_weight as user_wei4_11_8_ 
    from
        stores stores0_ 
    left outer join
        members members1_ 
            on stores0_.author_id=members1_.id 
    left outer join
        clothes_info clothesinf2_ 
            on stores0_.clothes_info_id=clothesinf2_.id 
    left outer join
        colors colors3_ 
            on stores0_.colors_name=colors3_.name 
    left outer join
        materials materials4_ 
            on stores0_.materials_name=materials4_.name 
    left outer join
        style style5_ 
            on stores0_.style_name=style5_.name 
    left outer join
        sales_info_clothes salesinfoc6_ 
            on stores0_.sales_info_clothes_id=salesinfoc6_.id 
    left outer join
        sales_info_status salesinfos7_ 
            on stores0_.sales_info_status_id=salesinfos7_.id 
    left outer join
        sales_info_user salesinfou8_ 
            on stores0_.sales_info_user_id=salesinfou8_.id 
    where
        stores0_.id=?
Hibernate: 
    select
        stores0_.id as id1_12_0_,
        stores0_.created_date as created_2_12_0_,
        stores0_.modified_date as modified3_12_0_,
        stores0_.author_id as author_i9_12_0_,
        stores0_.clothes_info_id as clothes10_12_0_,
        stores0_.colors_name as colors_11_12_0_,
        stores0_.materials_name as materia12_12_0_,
        stores0_.style_name as style_n13_12_0_,
        stores0_.clothes_length as clothes_4_12_0_,
        stores0_.content as content5_12_0_,
        stores0_.price as price6_12_0_,
        stores0_.sales_info_clothes_id as sales_i14_12_0_,
        stores0_.sales_info_status_id as sales_i15_12_0_,
        stores0_.sales_info_user_id as sales_i16_12_0_,
        stores0_.status as status7_12_0_,
        stores0_.title as title8_12_0_,
        members1_.id as id1_6_1_,
        members1_.email as email2_6_1_,
        members1_.image as image3_6_1_,
        members1_.name as name4_6_1_,
        members1_.nickname as nickname5_6_1_,
        members1_.password as password6_6_1_,
        members1_.phone as phone7_6_1_,
        members1_.refresh_token as refresh_8_6_1_,
        members1_.role as role9_6_1_,
        clothesinf2_.id as id1_2_2_,
        clothesinf2_.categoryl as category2_2_2_,
        clothesinf2_.categorys as category3_2_2_,
        clothesinf2_.fit as fit4_2_2_,
        clothesinf2_.length as length5_2_2_,
        colors3_.id as id1_4_3_,
        colors3_.name as name2_4_3_,
        materials4_.id as id1_5_4_,
        materials4_.name as name2_5_4_,
        style5_.id as id1_14_5_,
        style5_.name as name2_14_5_,
        salesinfoc6_.id as id1_9_6_,
        salesinfoc6_.clothes_brand as clothes_2_9_6_,
        salesinfoc6_.clothes_color as clothes_3_9_6_,
        salesinfoc6_.clothes_gender as clothes_4_9_6_,
        salesinfoc6_.clothes_size as clothes_5_9_6_,
        salesinfos7_.id as id1_10_7_,
        salesinfos7_.status_score as status_s2_10_7_,
        salesinfos7_.status_tag as status_t3_10_7_,
        salesinfos7_.status_times as status_t4_10_7_,
        salesinfos7_.status_when2buy as status_w5_10_7_,
        salesinfos7_.transport as transpor6_10_7_,
        salesinfou8_.id as id1_11_8_,
        salesinfou8_.user_height as user_hei2_11_8_,
        salesinfou8_.user_size as user_siz3_11_8_,
        salesinfou8_.user_weight as user_wei4_11_8_ 
    from
        stores stores0_ 
    left outer join
        members members1_ 
            on stores0_.author_id=members1_.id 
    left outer join
        clothes_info clothesinf2_ 
            on stores0_.clothes_info_id=clothesinf2_.id 
    left outer join
        colors colors3_ 
            on stores0_.colors_name=colors3_.name 
    left outer join
        materials materials4_ 
            on stores0_.materials_name=materials4_.name 
    left outer join
        style style5_ 
            on stores0_.style_name=style5_.name 
    left outer join
        sales_info_clothes salesinfoc6_ 
            on stores0_.sales_info_clothes_id=salesinfoc6_.id 
    left outer join
        sales_info_status salesinfos7_ 
            on stores0_.sales_info_status_id=salesinfos7_.id 
    left outer join
        sales_info_user salesinfou8_ 
            on stores0_.sales_info_user_id=salesinfou8_.id 
    where
        stores0_.id=?
Hibernate: 
    select
        stores0_.id as id1_12_0_,
        stores0_.created_date as created_2_12_0_,
        stores0_.modified_date as modified3_12_0_,
        stores0_.author_id as author_i9_12_0_,
        stores0_.clothes_info_id as clothes10_12_0_,
        stores0_.colors_name as colors_11_12_0_,
        stores0_.materials_name as materia12_12_0_,
        stores0_.style_name as style_n13_12_0_,
        stores0_.clothes_length as clothes_4_12_0_,
        stores0_.content as content5_12_0_,
        stores0_.price as price6_12_0_,
        stores0_.sales_info_clothes_id as sales_i14_12_0_,
        stores0_.sales_info_status_id as sales_i15_12_0_,
        stores0_.sales_info_user_id as sales_i16_12_0_,
        stores0_.status as status7_12_0_,
        stores0_.title as title8_12_0_,
        members1_.id as id1_6_1_,
        members1_.email as email2_6_1_,
        members1_.image as image3_6_1_,
        members1_.name as name4_6_1_,
        members1_.nickname as nickname5_6_1_,
        members1_.password as password6_6_1_,
        members1_.phone as phone7_6_1_,
        members1_.refresh_token as refresh_8_6_1_,
        members1_.role as role9_6_1_,
        clothesinf2_.id as id1_2_2_,
        clothesinf2_.categoryl as category2_2_2_,
        clothesinf2_.categorys as category3_2_2_,
        clothesinf2_.fit as fit4_2_2_,
        clothesinf2_.length as length5_2_2_,
        colors3_.id as id1_4_3_,
        colors3_.name as name2_4_3_,
        materials4_.id as id1_5_4_,
        materials4_.name as name2_5_4_,
        style5_.id as id1_14_5_,
        style5_.name as name2_14_5_,
        salesinfoc6_.id as id1_9_6_,
        salesinfoc6_.clothes_brand as clothes_2_9_6_,
        salesinfoc6_.clothes_color as clothes_3_9_6_,
        salesinfoc6_.clothes_gender as clothes_4_9_6_,
        salesinfoc6_.clothes_size as clothes_5_9_6_,
        salesinfos7_.id as id1_10_7_,
        salesinfos7_.status_score as status_s2_10_7_,
        salesinfos7_.status_tag as status_t3_10_7_,
        salesinfos7_.status_times as status_t4_10_7_,
        salesinfos7_.status_when2buy as status_w5_10_7_,
        salesinfos7_.transport as transpor6_10_7_,
        salesinfou8_.id as id1_11_8_,
        salesinfou8_.user_height as user_hei2_11_8_,
        salesinfou8_.user_size as user_siz3_11_8_,
        salesinfou8_.user_weight as user_wei4_11_8_ 
    from
        stores stores0_ 
    left outer join
        members members1_ 
            on stores0_.author_id=members1_.id 
    left outer join
        clothes_info clothesinf2_ 
            on stores0_.clothes_info_id=clothesinf2_.id 
    left outer join
        colors colors3_ 
            on stores0_.colors_name=colors3_.name 
    left outer join
        materials materials4_ 
            on stores0_.materials_name=materials4_.name 
    left outer join
        style style5_ 
            on stores0_.style_name=style5_.name 
    left outer join
        sales_info_clothes salesinfoc6_ 
            on stores0_.sales_info_clothes_id=salesinfoc6_.id 
    left outer join
        sales_info_status salesinfos7_ 
            on stores0_.sales_info_status_id=salesinfos7_.id 
    left outer join
        sales_info_user salesinfou8_ 
            on stores0_.sales_info_user_id=salesinfou8_.id 
    where
        stores0_.id=?
Hibernate: 
    select
        stores0_.id as id1_12_0_,
        stores0_.created_date as created_2_12_0_,
        stores0_.modified_date as modified3_12_0_,
        stores0_.author_id as author_i9_12_0_,
        stores0_.clothes_info_id as clothes10_12_0_,
        stores0_.colors_name as colors_11_12_0_,
        stores0_.materials_name as materia12_12_0_,
        stores0_.style_name as style_n13_12_0_,
        stores0_.clothes_length as clothes_4_12_0_,
        stores0_.content as content5_12_0_,
        stores0_.price as price6_12_0_,
        stores0_.sales_info_clothes_id as sales_i14_12_0_,
        stores0_.sales_info_status_id as sales_i15_12_0_,
        stores0_.sales_info_user_id as sales_i16_12_0_,
        stores0_.status as status7_12_0_,
        stores0_.title as title8_12_0_,
        members1_.id as id1_6_1_,
        members1_.email as email2_6_1_,
        members1_.image as image3_6_1_,
        members1_.name as name4_6_1_,
        members1_.nickname as nickname5_6_1_,
        members1_.password as password6_6_1_,
        members1_.phone as phone7_6_1_,
        members1_.refresh_token as refresh_8_6_1_,
        members1_.role as role9_6_1_,
        clothesinf2_.id as id1_2_2_,
        clothesinf2_.categoryl as category2_2_2_,
        clothesinf2_.categorys as category3_2_2_,
        clothesinf2_.fit as fit4_2_2_,
        clothesinf2_.length as length5_2_2_,
        colors3_.id as id1_4_3_,
        colors3_.name as name2_4_3_,
        materials4_.id as id1_5_4_,
        materials4_.name as name2_5_4_,
        style5_.id as id1_14_5_,
        style5_.name as name2_14_5_,
        salesinfoc6_.id as id1_9_6_,
        salesinfoc6_.clothes_brand as clothes_2_9_6_,
        salesinfoc6_.clothes_color as clothes_3_9_6_,
        salesinfoc6_.clothes_gender as clothes_4_9_6_,
        salesinfoc6_.clothes_size as clothes_5_9_6_,
        salesinfos7_.id as id1_10_7_,
        salesinfos7_.status_score as status_s2_10_7_,
        salesinfos7_.status_tag as status_t3_10_7_,
        salesinfos7_.status_times as status_t4_10_7_,
        salesinfos7_.status_when2buy as status_w5_10_7_,
        salesinfos7_.transport as transpor6_10_7_,
        salesinfou8_.id as id1_11_8_,
        salesinfou8_.user_height as user_hei2_11_8_,
        salesinfou8_.user_size as user_siz3_11_8_,
        salesinfou8_.user_weight as user_wei4_11_8_ 
    from
        stores stores0_ 
    left outer join
        members members1_ 
            on stores0_.author_id=members1_.id 
    left outer join
        clothes_info clothesinf2_ 
            on stores0_.clothes_info_id=clothesinf2_.id 
    left outer join
        colors colors3_ 
            on stores0_.colors_name=colors3_.name 
    left outer join
        materials materials4_ 
            on stores0_.materials_name=materials4_.name 
    left outer join
        style style5_ 
            on stores0_.style_name=style5_.name 
    left outer join
        sales_info_clothes salesinfoc6_ 
            on stores0_.sales_info_clothes_id=salesinfoc6_.id 
    left outer join
        sales_info_status salesinfos7_ 
            on stores0_.sales_info_status_id=salesinfos7_.id 
    left outer join
        sales_info_user salesinfou8_ 
            on stores0_.sales_info_user_id=salesinfou8_.id 
    where
        stores0_.id=?
Hibernate: 
    select
        stores0_.id as id1_12_0_,
        stores0_.created_date as created_2_12_0_,
        stores0_.modified_date as modified3_12_0_,
        stores0_.author_id as author_i9_12_0_,
        stores0_.clothes_info_id as clothes10_12_0_,
        stores0_.colors_name as colors_11_12_0_,
        stores0_.materials_name as materia12_12_0_,
        stores0_.style_name as style_n13_12_0_,
        stores0_.clothes_length as clothes_4_12_0_,
        stores0_.content as content5_12_0_,
        stores0_.price as price6_12_0_,
        stores0_.sales_info_clothes_id as sales_i14_12_0_,
        stores0_.sales_info_status_id as sales_i15_12_0_,
        stores0_.sales_info_user_id as sales_i16_12_0_,
        stores0_.status as status7_12_0_,
        stores0_.title as title8_12_0_,
        members1_.id as id1_6_1_,
        members1_.email as email2_6_1_,
        members1_.image as image3_6_1_,
        members1_.name as name4_6_1_,
        members1_.nickname as nickname5_6_1_,
        members1_.password as password6_6_1_,
        members1_.phone as phone7_6_1_,
        members1_.refresh_token as refresh_8_6_1_,
        members1_.role as role9_6_1_,
        clothesinf2_.id as id1_2_2_,
        clothesinf2_.categoryl as category2_2_2_,
        clothesinf2_.categorys as category3_2_2_,
        clothesinf2_.fit as fit4_2_2_,
        clothesinf2_.length as length5_2_2_,
        colors3_.id as id1_4_3_,
        colors3_.name as name2_4_3_,
        materials4_.id as id1_5_4_,
        materials4_.name as name2_5_4_,
        style5_.id as id1_14_5_,
        style5_.name as name2_14_5_,
        salesinfoc6_.id as id1_9_6_,
        salesinfoc6_.clothes_brand as clothes_2_9_6_,
        salesinfoc6_.clothes_color as clothes_3_9_6_,
        salesinfoc6_.clothes_gender as clothes_4_9_6_,
        salesinfoc6_.clothes_size as clothes_5_9_6_,
        salesinfos7_.id as id1_10_7_,
        salesinfos7_.status_score as status_s2_10_7_,
        salesinfos7_.status_tag as status_t3_10_7_,
        salesinfos7_.status_times as status_t4_10_7_,
        salesinfos7_.status_when2buy as status_w5_10_7_,
        salesinfos7_.transport as transpor6_10_7_,
        salesinfou8_.id as id1_11_8_,
        salesinfou8_.user_height as user_hei2_11_8_,
        salesinfou8_.user_size as user_siz3_11_8_,
        salesinfou8_.user_weight as user_wei4_11_8_ 
    from
        stores stores0_ 
    left outer join
        members members1_ 
            on stores0_.author_id=members1_.id 
    left outer join
        clothes_info clothesinf2_ 
            on stores0_.clothes_info_id=clothesinf2_.id 
    left outer join
        colors colors3_ 
            on stores0_.colors_name=colors3_.name 
    left outer join
        materials materials4_ 
            on stores0_.materials_name=materials4_.name 
    left outer join
        style style5_ 
            on stores0_.style_name=style5_.name 
    left outer join
        sales_info_clothes salesinfoc6_ 
            on stores0_.sales_info_clothes_id=salesinfoc6_.id 
    left outer join
        sales_info_status salesinfos7_ 
            on stores0_.sales_info_status_id=salesinfos7_.id 
    left outer join
        sales_info_user salesinfou8_ 
            on stores0_.sales_info_user_id=salesinfou8_.id 
    where
        stores0_.id=?
Hibernate: 
    select
        stores0_.id as id1_12_0_,
        stores0_.created_date as created_2_12_0_,
        stores0_.modified_date as modified3_12_0_,
        stores0_.author_id as author_i9_12_0_,
        stores0_.clothes_info_id as clothes10_12_0_,
        stores0_.colors_name as colors_11_12_0_,
        stores0_.materials_name as materia12_12_0_,
        stores0_.style_name as style_n13_12_0_,
        stores0_.clothes_length as clothes_4_12_0_,
        stores0_.content as content5_12_0_,
        stores0_.price as price6_12_0_,
        stores0_.sales_info_clothes_id as sales_i14_12_0_,
        stores0_.sales_info_status_id as sales_i15_12_0_,
        stores0_.sales_info_user_id as sales_i16_12_0_,
        stores0_.status as status7_12_0_,
        stores0_.title as title8_12_0_,
        members1_.id as id1_6_1_,
        members1_.email as email2_6_1_,
        members1_.image as image3_6_1_,
        members1_.name as name4_6_1_,
        members1_.nickname as nickname5_6_1_,
        members1_.password as password6_6_1_,
        members1_.phone as phone7_6_1_,
        members1_.refresh_token as refresh_8_6_1_,
        members1_.role as role9_6_1_,
        clothesinf2_.id as id1_2_2_,
        clothesinf2_.categoryl as category2_2_2_,
        clothesinf2_.categorys as category3_2_2_,
        clothesinf2_.fit as fit4_2_2_,
        clothesinf2_.length as length5_2_2_,
        colors3_.id as id1_4_3_,
        colors3_.name as name2_4_3_,
        materials4_.id as id1_5_4_,
        materials4_.name as name2_5_4_,
        style5_.id as id1_14_5_,
        style5_.name as name2_14_5_,
        salesinfoc6_.id as id1_9_6_,
        salesinfoc6_.clothes_brand as clothes_2_9_6_,
        salesinfoc6_.clothes_color as clothes_3_9_6_,
        salesinfoc6_.clothes_gender as clothes_4_9_6_,
        salesinfoc6_.clothes_size as clothes_5_9_6_,
        salesinfos7_.id as id1_10_7_,
        salesinfos7_.status_score as status_s2_10_7_,
        salesinfos7_.status_tag as status_t3_10_7_,
        salesinfos7_.status_times as status_t4_10_7_,
        salesinfos7_.status_when2buy as status_w5_10_7_,
        salesinfos7_.transport as transpor6_10_7_,
        salesinfou8_.id as id1_11_8_,
        salesinfou8_.user_height as user_hei2_11_8_,
        salesinfou8_.user_size as user_siz3_11_8_,
        salesinfou8_.user_weight as user_wei4_11_8_ 
    from
        stores stores0_ 
    left outer join
        members members1_ 
            on stores0_.author_id=members1_.id 
    left outer join
        clothes_info clothesinf2_ 
            on stores0_.clothes_info_id=clothesinf2_.id 
    left outer join
        colors colors3_ 
            on stores0_.colors_name=colors3_.name 
    left outer join
        materials materials4_ 
            on stores0_.materials_name=materials4_.name 
    left outer join
        style style5_ 
            on stores0_.style_name=style5_.name 
    left outer join
        sales_info_clothes salesinfoc6_ 
            on stores0_.sales_info_clothes_id=salesinfoc6_.id 
    left outer join
        sales_info_status salesinfos7_ 
            on stores0_.sales_info_status_id=salesinfos7_.id 
    left outer join
        sales_info_user salesinfou8_ 
            on stores0_.sales_info_user_id=salesinfou8_.id 
    where
        stores0_.id=?
Hibernate: 
    select
        stores0_.id as id1_12_0_,
        stores0_.created_date as created_2_12_0_,
        stores0_.modified_date as modified3_12_0_,
        stores0_.author_id as author_i9_12_0_,
        stores0_.clothes_info_id as clothes10_12_0_,
        stores0_.colors_name as colors_11_12_0_,
        stores0_.materials_name as materia12_12_0_,
        stores0_.style_name as style_n13_12_0_,
        stores0_.clothes_length as clothes_4_12_0_,
        stores0_.content as content5_12_0_,
        stores0_.price as price6_12_0_,
        stores0_.sales_info_clothes_id as sales_i14_12_0_,
        stores0_.sales_info_status_id as sales_i15_12_0_,
        stores0_.sales_info_user_id as sales_i16_12_0_,
        stores0_.status as status7_12_0_,
        stores0_.title as title8_12_0_,
        members1_.id as id1_6_1_,
        members1_.email as email2_6_1_,
        members1_.image as image3_6_1_,
        members1_.name as name4_6_1_,
        members1_.nickname as nickname5_6_1_,
        members1_.password as password6_6_1_,
        members1_.phone as phone7_6_1_,
        members1_.refresh_token as refresh_8_6_1_,
        members1_.role as role9_6_1_,
        clothesinf2_.id as id1_2_2_,
        clothesinf2_.categoryl as category2_2_2_,
        clothesinf2_.categorys as category3_2_2_,
        clothesinf2_.fit as fit4_2_2_,
        clothesinf2_.length as length5_2_2_,
        colors3_.id as id1_4_3_,
        colors3_.name as name2_4_3_,
        materials4_.id as id1_5_4_,
        materials4_.name as name2_5_4_,
        style5_.id as id1_14_5_,
        style5_.name as name2_14_5_,
        salesinfoc6_.id as id1_9_6_,
        salesinfoc6_.clothes_brand as clothes_2_9_6_,
        salesinfoc6_.clothes_color as clothes_3_9_6_,
        salesinfoc6_.clothes_gender as clothes_4_9_6_,
        salesinfoc6_.clothes_size as clothes_5_9_6_,
        salesinfos7_.id as id1_10_7_,
        salesinfos7_.status_score as status_s2_10_7_,
        salesinfos7_.status_tag as status_t3_10_7_,
        salesinfos7_.status_times as status_t4_10_7_,
        salesinfos7_.status_when2buy as status_w5_10_7_,
        salesinfos7_.transport as transpor6_10_7_,
        salesinfou8_.id as id1_11_8_,
        salesinfou8_.user_height as user_hei2_11_8_,
        salesinfou8_.user_size as user_siz3_11_8_,
        salesinfou8_.user_weight as user_wei4_11_8_ 
    from
        stores stores0_ 
    left outer join
        members members1_ 
            on stores0_.author_id=members1_.id 
    left outer join
        clothes_info clothesinf2_ 
            on stores0_.clothes_info_id=clothesinf2_.id 
    left outer join
        colors colors3_ 
            on stores0_.colors_name=colors3_.name 
    left outer join
        materials materials4_ 
            on stores0_.materials_name=materials4_.name 
    left outer join
        style style5_ 
            on stores0_.style_name=style5_.name 
    left outer join
        sales_info_clothes salesinfoc6_ 
            on stores0_.sales_info_clothes_id=salesinfoc6_.id 
    left outer join
        sales_info_status salesinfos7_ 
            on stores0_.sales_info_status_id=salesinfos7_.id 
    left outer join
        sales_info_user salesinfou8_ 
            on stores0_.sales_info_user_id=salesinfou8_.id 
    where
        stores0_.id=?
Hibernate: 
    select
        stores0_.id as id1_12_0_,
        stores0_.created_date as created_2_12_0_,
        stores0_.modified_date as modified3_12_0_,
        stores0_.author_id as author_i9_12_0_,
        stores0_.clothes_info_id as clothes10_12_0_,
        stores0_.colors_name as colors_11_12_0_,
        stores0_.materials_name as materia12_12_0_,
        stores0_.style_name as style_n13_12_0_,
        stores0_.clothes_length as clothes_4_12_0_,
        stores0_.content as content5_12_0_,
        stores0_.price as price6_12_0_,
        stores0_.sales_info_clothes_id as sales_i14_12_0_,
        stores0_.sales_info_status_id as sales_i15_12_0_,
        stores0_.sales_info_user_id as sales_i16_12_0_,
        stores0_.status as status7_12_0_,
        stores0_.title as title8_12_0_,
        members1_.id as id1_6_1_,
        members1_.email as email2_6_1_,
        members1_.image as image3_6_1_,
        members1_.name as name4_6_1_,
        members1_.nickname as nickname5_6_1_,
        members1_.password as password6_6_1_,
        members1_.phone as phone7_6_1_,
        members1_.refresh_token as refresh_8_6_1_,
        members1_.role as role9_6_1_,
        clothesinf2_.id as id1_2_2_,
        clothesinf2_.categoryl as category2_2_2_,
        clothesinf2_.categorys as category3_2_2_,
        clothesinf2_.fit as fit4_2_2_,
        clothesinf2_.length as length5_2_2_,
        colors3_.id as id1_4_3_,
        colors3_.name as name2_4_3_,
        materials4_.id as id1_5_4_,
        materials4_.name as name2_5_4_,
        style5_.id as id1_14_5_,
        style5_.name as name2_14_5_,
        salesinfoc6_.id as id1_9_6_,
        salesinfoc6_.clothes_brand as clothes_2_9_6_,
        salesinfoc6_.clothes_color as clothes_3_9_6_,
        salesinfoc6_.clothes_gender as clothes_4_9_6_,
        salesinfoc6_.clothes_size as clothes_5_9_6_,
        salesinfos7_.id as id1_10_7_,
        salesinfos7_.status_score as status_s2_10_7_,
        salesinfos7_.status_tag as status_t3_10_7_,
        salesinfos7_.status_times as status_t4_10_7_,
        salesinfos7_.status_when2buy as status_w5_10_7_,
        salesinfos7_.transport as transpor6_10_7_,
        salesinfou8_.id as id1_11_8_,
        salesinfou8_.user_height as user_hei2_11_8_,
        salesinfou8_.user_size as user_siz3_11_8_,
        salesinfou8_.user_weight as user_wei4_11_8_ 
    from
        stores stores0_ 
    left outer join
        members members1_ 
            on stores0_.author_id=members1_.id 
    left outer join
        clothes_info clothesinf2_ 
            on stores0_.clothes_info_id=clothesinf2_.id 
    left outer join
        colors colors3_ 
            on stores0_.colors_name=colors3_.name 
    left outer join
        materials materials4_ 
            on stores0_.materials_name=materials4_.name 
    left outer join
        style style5_ 
            on stores0_.style_name=style5_.name 
    left outer join
        sales_info_clothes salesinfoc6_ 
            on stores0_.sales_info_clothes_id=salesinfoc6_.id 
    left outer join
        sales_info_status salesinfos7_ 
            on stores0_.sales_info_status_id=salesinfos7_.id 
    left outer join
        sales_info_user salesinfou8_ 
            on stores0_.sales_info_user_id=salesinfou8_.id 
    where
        stores0_.id=?
Hibernate: 
    select
        stores0_.id as id1_12_0_,
        stores0_.created_date as created_2_12_0_,
        stores0_.modified_date as modified3_12_0_,
        stores0_.author_id as author_i9_12_0_,
        stores0_.clothes_info_id as clothes10_12_0_,
        stores0_.colors_name as colors_11_12_0_,
        stores0_.materials_name as materia12_12_0_,
        stores0_.style_name as style_n13_12_0_,
        stores0_.clothes_length as clothes_4_12_0_,
        stores0_.content as content5_12_0_,
        stores0_.price as price6_12_0_,
        stores0_.sales_info_clothes_id as sales_i14_12_0_,
        stores0_.sales_info_status_id as sales_i15_12_0_,
        stores0_.sales_info_user_id as sales_i16_12_0_,
        stores0_.status as status7_12_0_,
        stores0_.title as title8_12_0_,
        members1_.id as id1_6_1_,
        members1_.email as email2_6_1_,
        members1_.image as image3_6_1_,
        members1_.name as name4_6_1_,
        members1_.nickname as nickname5_6_1_,
        members1_.password as password6_6_1_,
        members1_.phone as phone7_6_1_,
        members1_.refresh_token as refresh_8_6_1_,
        members1_.role as role9_6_1_,
        clothesinf2_.id as id1_2_2_,
        clothesinf2_.categoryl as category2_2_2_,
        clothesinf2_.categorys as category3_2_2_,
        clothesinf2_.fit as fit4_2_2_,
        clothesinf2_.length as length5_2_2_,
        colors3_.id as id1_4_3_,
        colors3_.name as name2_4_3_,
        materials4_.id as id1_5_4_,
        materials4_.name as name2_5_4_,
        style5_.id as id1_14_5_,
        style5_.name as name2_14_5_,
        salesinfoc6_.id as id1_9_6_,
        salesinfoc6_.clothes_brand as clothes_2_9_6_,
        salesinfoc6_.clothes_color as clothes_3_9_6_,
        salesinfoc6_.clothes_gender as clothes_4_9_6_,
        salesinfoc6_.clothes_size as clothes_5_9_6_,
        salesinfos7_.id as id1_10_7_,
        salesinfos7_.status_score as status_s2_10_7_,
        salesinfos7_.status_tag as status_t3_10_7_,
        salesinfos7_.status_times as status_t4_10_7_,
        salesinfos7_.status_when2buy as status_w5_10_7_,
        salesinfos7_.transport as transpor6_10_7_,
        salesinfou8_.id as id1_11_8_,
        salesinfou8_.user_height as user_hei2_11_8_,
        salesinfou8_.user_size as user_siz3_11_8_,
        salesinfou8_.user_weight as user_wei4_11_8_ 
    from
        stores stores0_ 
    left outer join
        members members1_ 
            on stores0_.author_id=members1_.id 
    left outer join
        clothes_info clothesinf2_ 
            on stores0_.clothes_info_id=clothesinf2_.id 
    left outer join
        colors colors3_ 
            on stores0_.colors_name=colors3_.name 
    left outer join
        materials materials4_ 
            on stores0_.materials_name=materials4_.name 
    left outer join
        style style5_ 
            on stores0_.style_name=style5_.name 
    left outer join
        sales_info_clothes salesinfoc6_ 
            on stores0_.sales_info_clothes_id=salesinfoc6_.id 
    left outer join
        sales_info_status salesinfos7_ 
            on stores0_.sales_info_status_id=salesinfos7_.id 
    left outer join
        sales_info_user salesinfou8_ 
            on stores0_.sales_info_user_id=salesinfou8_.id 
    where
        stores0_.id=?
Hibernate: 
    select
        stores0_.id as id1_12_0_,
        stores0_.created_date as created_2_12_0_,
        stores0_.modified_date as modified3_12_0_,
        stores0_.author_id as author_i9_12_0_,
        stores0_.clothes_info_id as clothes10_12_0_,
        stores0_.colors_name as colors_11_12_0_,
        stores0_.materials_name as materia12_12_0_,
        stores0_.style_name as style_n13_12_0_,
        stores0_.clothes_length as clothes_4_12_0_,
        stores0_.content as content5_12_0_,
        stores0_.price as price6_12_0_,
        stores0_.sales_info_clothes_id as sales_i14_12_0_,
        stores0_.sales_info_status_id as sales_i15_12_0_,
        stores0_.sales_info_user_id as sales_i16_12_0_,
        stores0_.status as status7_12_0_,
        stores0_.title as title8_12_0_,
        members1_.id as id1_6_1_,
        members1_.email as email2_6_1_,
        members1_.image as image3_6_1_,
        members1_.name as name4_6_1_,
        members1_.nickname as nickname5_6_1_,
        members1_.password as password6_6_1_,
        members1_.phone as phone7_6_1_,
        members1_.refresh_token as refresh_8_6_1_,
        members1_.role as role9_6_1_,
        clothesinf2_.id as id1_2_2_,
        clothesinf2_.categoryl as category2_2_2_,
        clothesinf2_.categorys as category3_2_2_,
        clothesinf2_.fit as fit4_2_2_,
        clothesinf2_.length as length5_2_2_,
        colors3_.id as id1_4_3_,
        colors3_.name as name2_4_3_,
        materials4_.id as id1_5_4_,
        materials4_.name as name2_5_4_,
        style5_.id as id1_14_5_,
        style5_.name as name2_14_5_,
        salesinfoc6_.id as id1_9_6_,
        salesinfoc6_.clothes_brand as clothes_2_9_6_,
        salesinfoc6_.clothes_color as clothes_3_9_6_,
        salesinfoc6_.clothes_gender as clothes_4_9_6_,
        salesinfoc6_.clothes_size as clothes_5_9_6_,
        salesinfos7_.id as id1_10_7_,
        salesinfos7_.status_score as status_s2_10_7_,
        salesinfos7_.status_tag as status_t3_10_7_,
        salesinfos7_.status_times as status_t4_10_7_,
        salesinfos7_.status_when2buy as status_w5_10_7_,
        salesinfos7_.transport as transpor6_10_7_,
        salesinfou8_.id as id1_11_8_,
        salesinfou8_.user_height as user_hei2_11_8_,
        salesinfou8_.user_size as user_siz3_11_8_,
        salesinfou8_.user_weight as user_wei4_11_8_ 
    from
        stores stores0_ 
    left outer join
        members members1_ 
            on stores0_.author_id=members1_.id 
    left outer join
        clothes_info clothesinf2_ 
            on stores0_.clothes_info_id=clothesinf2_.id 
    left outer join
        colors colors3_ 
            on stores0_.colors_name=colors3_.name 
    left outer join
        materials materials4_ 
            on stores0_.materials_name=materials4_.name 
    left outer join
        style style5_ 
            on stores0_.style_name=style5_.name 
    left outer join
        sales_info_clothes salesinfoc6_ 
            on stores0_.sales_info_clothes_id=salesinfoc6_.id 
    left outer join
        sales_info_status salesinfos7_ 
            on stores0_.sales_info_status_id=salesinfos7_.id 
    left outer join
        sales_info_user salesinfou8_ 
            on stores0_.sales_info_user_id=salesinfou8_.id 
    where
        stores0_.id=?
Hibernate: 
    select
        stores0_.id as id1_12_0_,
        stores0_.created_date as created_2_12_0_,
        stores0_.modified_date as modified3_12_0_,
        stores0_.author_id as author_i9_12_0_,
        stores0_.clothes_info_id as clothes10_12_0_,
        stores0_.colors_name as colors_11_12_0_,
        stores0_.materials_name as materia12_12_0_,
        stores0_.style_name as style_n13_12_0_,
        stores0_.clothes_length as clothes_4_12_0_,
        stores0_.content as content5_12_0_,
        stores0_.price as price6_12_0_,
        stores0_.sales_info_clothes_id as sales_i14_12_0_,
        stores0_.sales_info_status_id as sales_i15_12_0_,
        stores0_.sales_info_user_id as sales_i16_12_0_,
        stores0_.status as status7_12_0_,
        stores0_.title as title8_12_0_,
        members1_.id as id1_6_1_,
        members1_.email as email2_6_1_,
        members1_.image as image3_6_1_,
        members1_.name as name4_6_1_,
        members1_.nickname as nickname5_6_1_,
        members1_.password as password6_6_1_,
        members1_.phone as phone7_6_1_,
        members1_.refresh_token as refresh_8_6_1_,
        members1_.role as role9_6_1_,
        clothesinf2_.id as id1_2_2_,
        clothesinf2_.categoryl as category2_2_2_,
        clothesinf2_.categorys as category3_2_2_,
        clothesinf2_.fit as fit4_2_2_,
        clothesinf2_.length as length5_2_2_,
        colors3_.id as id1_4_3_,
        colors3_.name as name2_4_3_,
        materials4_.id as id1_5_4_,
        materials4_.name as name2_5_4_,
        style5_.id as id1_14_5_,
        style5_.name as name2_14_5_,
        salesinfoc6_.id as id1_9_6_,
        salesinfoc6_.clothes_brand as clothes_2_9_6_,
        salesinfoc6_.clothes_color as clothes_3_9_6_,
        salesinfoc6_.clothes_gender as clothes_4_9_6_,
        salesinfoc6_.clothes_size as clothes_5_9_6_,
        salesinfos7_.id as id1_10_7_,
        salesinfos7_.status_score as status_s2_10_7_,
        salesinfos7_.status_tag as status_t3_10_7_,
        salesinfos7_.status_times as status_t4_10_7_,
        salesinfos7_.status_when2buy as status_w5_10_7_,
        salesinfos7_.transport as transpor6_10_7_,
        salesinfou8_.id as id1_11_8_,
        salesinfou8_.user_height as user_hei2_11_8_,
        salesinfou8_.user_size as user_siz3_11_8_,
        salesinfou8_.user_weight as user_wei4_11_8_ 
    from
        stores stores0_ 
    left outer join
        members members1_ 
            on stores0_.author_id=members1_.id 
    left outer join
        clothes_info clothesinf2_ 
            on stores0_.clothes_info_id=clothesinf2_.id 
    left outer join
        colors colors3_ 
            on stores0_.colors_name=colors3_.name 
    left outer join
        materials materials4_ 
            on stores0_.materials_name=materials4_.name 
    left outer join
        style style5_ 
            on stores0_.style_name=style5_.name 
    left outer join
        sales_info_clothes salesinfoc6_ 
            on stores0_.sales_info_clothes_id=salesinfoc6_.id 
    left outer join
        sales_info_status salesinfos7_ 
            on stores0_.sales_info_status_id=salesinfos7_.id 
    left outer join
        sales_info_user salesinfou8_ 
            on stores0_.sales_info_user_id=salesinfou8_.id 
    where
        stores0_.id=?
Hibernate: 
    select
        stores0_.id as id1_12_0_,
        stores0_.created_date as created_2_12_0_,
        stores0_.modified_date as modified3_12_0_,
        stores0_.author_id as author_i9_12_0_,
        stores0_.clothes_info_id as clothes10_12_0_,
        stores0_.colors_name as colors_11_12_0_,
        stores0_.materials_name as materia12_12_0_,
        stores0_.style_name as style_n13_12_0_,
        stores0_.clothes_length as clothes_4_12_0_,
        stores0_.content as content5_12_0_,
        stores0_.price as price6_12_0_,
        stores0_.sales_info_clothes_id as sales_i14_12_0_,
        stores0_.sales_info_status_id as sales_i15_12_0_,
        stores0_.sales_info_user_id as sales_i16_12_0_,
        stores0_.status as status7_12_0_,
        stores0_.title as title8_12_0_,
        members1_.id as id1_6_1_,
        members1_.email as email2_6_1_,
        members1_.image as image3_6_1_,
        members1_.name as name4_6_1_,
        members1_.nickname as nickname5_6_1_,
        members1_.password as password6_6_1_,
        members1_.phone as phone7_6_1_,
        members1_.refresh_token as refresh_8_6_1_,
        members1_.role as role9_6_1_,
        clothesinf2_.id as id1_2_2_,
        clothesinf2_.categoryl as category2_2_2_,
        clothesinf2_.categorys as category3_2_2_,
        clothesinf2_.fit as fit4_2_2_,
        clothesinf2_.length as length5_2_2_,
        colors3_.id as id1_4_3_,
        colors3_.name as name2_4_3_,
        materials4_.id as id1_5_4_,
        materials4_.name as name2_5_4_,
        style5_.id as id1_14_5_,
        style5_.name as name2_14_5_,
        salesinfoc6_.id as id1_9_6_,
        salesinfoc6_.clothes_brand as clothes_2_9_6_,
        salesinfoc6_.clothes_color as clothes_3_9_6_,
        salesinfoc6_.clothes_gender as clothes_4_9_6_,
        salesinfoc6_.clothes_size as clothes_5_9_6_,
        salesinfos7_.id as id1_10_7_,
        salesinfos7_.status_score as status_s2_10_7_,
        salesinfos7_.status_tag as status_t3_10_7_,
        salesinfos7_.status_times as status_t4_10_7_,
        salesinfos7_.status_when2buy as status_w5_10_7_,
        salesinfos7_.transport as transpor6_10_7_,
        salesinfou8_.id as id1_11_8_,
        salesinfou8_.user_height as user_hei2_11_8_,
        salesinfou8_.user_size as user_siz3_11_8_,
        salesinfou8_.user_weight as user_wei4_11_8_ 
    from
        stores stores0_ 
    left outer join
        members members1_ 
            on stores0_.author_id=members1_.id 
    left outer join
        clothes_info clothesinf2_ 
            on stores0_.clothes_info_id=clothesinf2_.id 
    left outer join
        colors colors3_ 
            on stores0_.colors_name=colors3_.name 
    left outer join
        materials materials4_ 
            on stores0_.materials_name=materials4_.name 
    left outer join
        style style5_ 
            on stores0_.style_name=style5_.name 
    left outer join
        sales_info_clothes salesinfoc6_ 
            on stores0_.sales_info_clothes_id=salesinfoc6_.id 
    left outer join
        sales_info_status salesinfos7_ 
            on stores0_.sales_info_status_id=salesinfos7_.id 
    left outer join
        sales_info_user salesinfou8_ 
            on stores0_.sales_info_user_id=salesinfou8_.id 
    where
        stores0_.id=?
Hibernate: 
    select
        stores0_.id as id1_12_0_,
        stores0_.created_date as created_2_12_0_,
        stores0_.modified_date as modified3_12_0_,
        stores0_.author_id as author_i9_12_0_,
        stores0_.clothes_info_id as clothes10_12_0_,
        stores0_.colors_name as colors_11_12_0_,
        stores0_.materials_name as materia12_12_0_,
        stores0_.style_name as style_n13_12_0_,
        stores0_.clothes_length as clothes_4_12_0_,
        stores0_.content as content5_12_0_,
        stores0_.price as price6_12_0_,
        stores0_.sales_info_clothes_id as sales_i14_12_0_,
        stores0_.sales_info_status_id as sales_i15_12_0_,
        stores0_.sales_info_user_id as sales_i16_12_0_,
        stores0_.status as status7_12_0_,
        stores0_.title as title8_12_0_,
        members1_.id as id1_6_1_,
        members1_.email as email2_6_1_,
        members1_.image as image3_6_1_,
        members1_.name as name4_6_1_,
        members1_.nickname as nickname5_6_1_,
        members1_.password as password6_6_1_,
        members1_.phone as phone7_6_1_,
        members1_.refresh_token as refresh_8_6_1_,
        members1_.role as role9_6_1_,
        clothesinf2_.id as id1_2_2_,
        clothesinf2_.categoryl as category2_2_2_,
        clothesinf2_.categorys as category3_2_2_,
        clothesinf2_.fit as fit4_2_2_,
        clothesinf2_.length as length5_2_2_,
        colors3_.id as id1_4_3_,
        colors3_.name as name2_4_3_,
        materials4_.id as id1_5_4_,
        materials4_.name as name2_5_4_,
        style5_.id as id1_14_5_,
        style5_.name as name2_14_5_,
        salesinfoc6_.id as id1_9_6_,
        salesinfoc6_.clothes_brand as clothes_2_9_6_,
        salesinfoc6_.clothes_color as clothes_3_9_6_,
        salesinfoc6_.clothes_gender as clothes_4_9_6_,
        salesinfoc6_.clothes_size as clothes_5_9_6_,
        salesinfos7_.id as id1_10_7_,
        salesinfos7_.status_score as status_s2_10_7_,
        salesinfos7_.status_tag as status_t3_10_7_,
        salesinfos7_.status_times as status_t4_10_7_,
        salesinfos7_.status_when2buy as status_w5_10_7_,
        salesinfos7_.transport as transpor6_10_7_,
        salesinfou8_.id as id1_11_8_,
        salesinfou8_.user_height as user_hei2_11_8_,
        salesinfou8_.user_size as user_siz3_11_8_,
        salesinfou8_.user_weight as user_wei4_11_8_ 
    from
        stores stores0_ 
    left outer join
        members members1_ 
            on stores0_.author_id=members1_.id 
    left outer join
        clothes_info clothesinf2_ 
            on stores0_.clothes_info_id=clothesinf2_.id 
    left outer join
        colors colors3_ 
            on stores0_.colors_name=colors3_.name 
    left outer join
        materials materials4_ 
            on stores0_.materials_name=materials4_.name 
    left outer join
        style style5_ 
            on stores0_.style_name=style5_.name 
    left outer join
        sales_info_clothes salesinfoc6_ 
            on stores0_.sales_info_clothes_id=salesinfoc6_.id 
    left outer join
        sales_info_status salesinfos7_ 
            on stores0_.sales_info_status_id=salesinfos7_.id 
    left outer join
        sales_info_user salesinfou8_ 
            on stores0_.sales_info_user_id=salesinfou8_.id 
    where
        stores0_.id=?
Hibernate: 
    select
        stores0_.id as id1_12_0_,
        stores0_.created_date as created_2_12_0_,
        stores0_.modified_date as modified3_12_0_,
        stores0_.author_id as author_i9_12_0_,
        stores0_.clothes_info_id as clothes10_12_0_,
        stores0_.colors_name as colors_11_12_0_,
        stores0_.materials_name as materia12_12_0_,
        stores0_.style_name as style_n13_12_0_,
        stores0_.clothes_length as clothes_4_12_0_,
        stores0_.content as content5_12_0_,
        stores0_.price as price6_12_0_,
        stores0_.sales_info_clothes_id as sales_i14_12_0_,
        stores0_.sales_info_status_id as sales_i15_12_0_,
        stores0_.sales_info_user_id as sales_i16_12_0_,
        stores0_.status as status7_12_0_,
        stores0_.title as title8_12_0_,
        members1_.id as id1_6_1_,
        members1_.email as email2_6_1_,
        members1_.image as image3_6_1_,
        members1_.name as name4_6_1_,
        members1_.nickname as nickname5_6_1_,
        members1_.password as password6_6_1_,
        members1_.phone as phone7_6_1_,
        members1_.refresh_token as refresh_8_6_1_,
        members1_.role as role9_6_1_,
        clothesinf2_.id as id1_2_2_,
        clothesinf2_.categoryl as category2_2_2_,
        clothesinf2_.categorys as category3_2_2_,
        clothesinf2_.fit as fit4_2_2_,
        clothesinf2_.length as length5_2_2_,
        colors3_.id as id1_4_3_,
        colors3_.name as name2_4_3_,
        materials4_.id as id1_5_4_,
        materials4_.name as name2_5_4_,
        style5_.id as id1_14_5_,
        style5_.name as name2_14_5_,
        salesinfoc6_.id as id1_9_6_,
        salesinfoc6_.clothes_brand as clothes_2_9_6_,
        salesinfoc6_.clothes_color as clothes_3_9_6_,
        salesinfoc6_.clothes_gender as clothes_4_9_6_,
        salesinfoc6_.clothes_size as clothes_5_9_6_,
        salesinfos7_.id as id1_10_7_,
        salesinfos7_.status_score as status_s2_10_7_,
        salesinfos7_.status_tag as status_t3_10_7_,
        salesinfos7_.status_times as status_t4_10_7_,
        salesinfos7_.status_when2buy as status_w5_10_7_,
        salesinfos7_.transport as transpor6_10_7_,
        salesinfou8_.id as id1_11_8_,
        salesinfou8_.user_height as user_hei2_11_8_,
        salesinfou8_.user_size as user_siz3_11_8_,
        salesinfou8_.user_weight as user_wei4_11_8_ 
    from
        stores stores0_ 
    left outer join
        members members1_ 
            on stores0_.author_id=members1_.id 
    left outer join
        clothes_info clothesinf2_ 
            on stores0_.clothes_info_id=clothesinf2_.id 
    left outer join
        colors colors3_ 
            on stores0_.colors_name=colors3_.name 
    left outer join
        materials materials4_ 
            on stores0_.materials_name=materials4_.name 
    left outer join
        style style5_ 
            on stores0_.style_name=style5_.name 
    left outer join
        sales_info_clothes salesinfoc6_ 
            on stores0_.sales_info_clothes_id=salesinfoc6_.id 
    left outer join
        sales_info_status salesinfos7_ 
            on stores0_.sales_info_status_id=salesinfos7_.id 
    left outer join
        sales_info_user salesinfou8_ 
            on stores0_.sales_info_user_id=salesinfou8_.id 
    where
        stores0_.id=?
Hibernate: 
    select
        stores0_.id as id1_12_0_,
        stores0_.created_date as created_2_12_0_,
        stores0_.modified_date as modified3_12_0_,
        stores0_.author_id as author_i9_12_0_,
        stores0_.clothes_info_id as clothes10_12_0_,
        stores0_.colors_name as colors_11_12_0_,
        stores0_.materials_name as materia12_12_0_,
        stores0_.style_name as style_n13_12_0_,
        stores0_.clothes_length as clothes_4_12_0_,
        stores0_.content as content5_12_0_,
        stores0_.price as price6_12_0_,
        stores0_.sales_info_clothes_id as sales_i14_12_0_,
        stores0_.sales_info_status_id as sales_i15_12_0_,
        stores0_.sales_info_user_id as sales_i16_12_0_,
        stores0_.status as status7_12_0_,
        stores0_.title as title8_12_0_,
        members1_.id as id1_6_1_,
        members1_.email as email2_6_1_,
        members1_.image as image3_6_1_,
        members1_.name as name4_6_1_,
        members1_.nickname as nickname5_6_1_,
        members1_.password as password6_6_1_,
        members1_.phone as phone7_6_1_,
        members1_.refresh_token as refresh_8_6_1_,
        members1_.role as role9_6_1_,
        clothesinf2_.id as id1_2_2_,
        clothesinf2_.categoryl as category2_2_2_,
        clothesinf2_.categorys as category3_2_2_,
        clothesinf2_.fit as fit4_2_2_,
        clothesinf2_.length as length5_2_2_,
        colors3_.id as id1_4_3_,
        colors3_.name as name2_4_3_,
        materials4_.id as id1_5_4_,
        materials4_.name as name2_5_4_,
        style5_.id as id1_14_5_,
        style5_.name as name2_14_5_,
        salesinfoc6_.id as id1_9_6_,
        salesinfoc6_.clothes_brand as clothes_2_9_6_,
        salesinfoc6_.clothes_color as clothes_3_9_6_,
        salesinfoc6_.clothes_gender as clothes_4_9_6_,
        salesinfoc6_.clothes_size as clothes_5_9_6_,
        salesinfos7_.id as id1_10_7_,
        salesinfos7_.status_score as status_s2_10_7_,
        salesinfos7_.status_tag as status_t3_10_7_,
        salesinfos7_.status_times as status_t4_10_7_,
        salesinfos7_.status_when2buy as status_w5_10_7_,
        salesinfos7_.transport as transpor6_10_7_,
        salesinfou8_.id as id1_11_8_,
        salesinfou8_.user_height as user_hei2_11_8_,
        salesinfou8_.user_size as user_siz3_11_8_,
        salesinfou8_.user_weight as user_wei4_11_8_ 
    from
        stores stores0_ 
    left outer join
        members members1_ 
            on stores0_.author_id=members1_.id 
    left outer join
        clothes_info clothesinf2_ 
            on stores0_.clothes_info_id=clothesinf2_.id 
    left outer join
        colors colors3_ 
            on stores0_.colors_name=colors3_.name 
    left outer join
        materials materials4_ 
            on stores0_.materials_name=materials4_.name 
    left outer join
        style style5_ 
            on stores0_.style_name=style5_.name 
    left outer join
        sales_info_clothes salesinfoc6_ 
            on stores0_.sales_info_clothes_id=salesinfoc6_.id 
    left outer join
        sales_info_status salesinfos7_ 
            on stores0_.sales_info_status_id=salesinfos7_.id 
    left outer join
        sales_info_user salesinfou8_ 
            on stores0_.sales_info_user_id=salesinfou8_.id 
    where
        stores0_.id=?
Hibernate: 
    select
        stores0_.id as id1_12_0_,
        stores0_.created_date as created_2_12_0_,
        stores0_.modified_date as modified3_12_0_,
        stores0_.author_id as author_i9_12_0_,
        stores0_.clothes_info_id as clothes10_12_0_,
        stores0_.colors_name as colors_11_12_0_,
        stores0_.materials_name as materia12_12_0_,
        stores0_.style_name as style_n13_12_0_,
        stores0_.clothes_length as clothes_4_12_0_,
        stores0_.content as content5_12_0_,
        stores0_.price as price6_12_0_,
        stores0_.sales_info_clothes_id as sales_i14_12_0_,
        stores0_.sales_info_status_id as sales_i15_12_0_,
        stores0_.sales_info_user_id as sales_i16_12_0_,
        stores0_.status as status7_12_0_,
        stores0_.title as title8_12_0_,
        members1_.id as id1_6_1_,
        members1_.email as email2_6_1_,
        members1_.image as image3_6_1_,
        members1_.name as name4_6_1_,
        members1_.nickname as nickname5_6_1_,
        members1_.password as password6_6_1_,
        members1_.phone as phone7_6_1_,
        members1_.refresh_token as refresh_8_6_1_,
        members1_.role as role9_6_1_,
        clothesinf2_.id as id1_2_2_,
        clothesinf2_.categoryl as category2_2_2_,
        clothesinf2_.categorys as category3_2_2_,
        clothesinf2_.fit as fit4_2_2_,
        clothesinf2_.length as length5_2_2_,
        colors3_.id as id1_4_3_,
        colors3_.name as name2_4_3_,
        materials4_.id as id1_5_4_,
        materials4_.name as name2_5_4_,
        style5_.id as id1_14_5_,
        style5_.name as name2_14_5_,
        salesinfoc6_.id as id1_9_6_,
        salesinfoc6_.clothes_brand as clothes_2_9_6_,
        salesinfoc6_.clothes_color as clothes_3_9_6_,
        salesinfoc6_.clothes_gender as clothes_4_9_6_,
        salesinfoc6_.clothes_size as clothes_5_9_6_,
        salesinfos7_.id as id1_10_7_,
        salesinfos7_.status_score as status_s2_10_7_,
        salesinfos7_.status_tag as status_t3_10_7_,
        salesinfos7_.status_times as status_t4_10_7_,
        salesinfos7_.status_when2buy as status_w5_10_7_,
        salesinfos7_.transport as transpor6_10_7_,
        salesinfou8_.id as id1_11_8_,
        salesinfou8_.user_height as user_hei2_11_8_,
        salesinfou8_.user_size as user_siz3_11_8_,
        salesinfou8_.user_weight as user_wei4_11_8_ 
    from
        stores stores0_ 
    left outer join
        members members1_ 
            on stores0_.author_id=members1_.id 
    left outer join
        clothes_info clothesinf2_ 
            on stores0_.clothes_info_id=clothesinf2_.id 
    left outer join
        colors colors3_ 
            on stores0_.colors_name=colors3_.name 
    left outer join
        materials materials4_ 
            on stores0_.materials_name=materials4_.name 
    left outer join
        style style5_ 
            on stores0_.style_name=style5_.name 
    left outer join
        sales_info_clothes salesinfoc6_ 
            on stores0_.sales_info_clothes_id=salesinfoc6_.id 
    left outer join
        sales_info_status salesinfos7_ 
            on stores0_.sales_info_status_id=salesinfos7_.id 
    left outer join
        sales_info_user salesinfou8_ 
            on stores0_.sales_info_user_id=salesinfou8_.id 
    where
        stores0_.id=?
Hibernate: 
    select
        stores0_.id as id1_12_0_,
        stores0_.created_date as created_2_12_0_,
        stores0_.modified_date as modified3_12_0_,
        stores0_.author_id as author_i9_12_0_,
        stores0_.clothes_info_id as clothes10_12_0_,
        stores0_.colors_name as colors_11_12_0_,
        stores0_.materials_name as materia12_12_0_,
        stores0_.style_name as style_n13_12_0_,
        stores0_.clothes_length as clothes_4_12_0_,
        stores0_.content as content5_12_0_,
        stores0_.price as price6_12_0_,
        stores0_.sales_info_clothes_id as sales_i14_12_0_,
        stores0_.sales_info_status_id as sales_i15_12_0_,
        stores0_.sales_info_user_id as sales_i16_12_0_,
        stores0_.status as status7_12_0_,
        stores0_.title as title8_12_0_,
        members1_.id as id1_6_1_,
        members1_.email as email2_6_1_,
        members1_.image as image3_6_1_,
        members1_.name as name4_6_1_,
        members1_.nickname as nickname5_6_1_,
        members1_.password as password6_6_1_,
        members1_.phone as phone7_6_1_,
        members1_.refresh_token as refresh_8_6_1_,
        members1_.role as role9_6_1_,
        clothesinf2_.id as id1_2_2_,
        clothesinf2_.categoryl as category2_2_2_,
        clothesinf2_.categorys as category3_2_2_,
        clothesinf2_.fit as fit4_2_2_,
        clothesinf2_.length as length5_2_2_,
        colors3_.id as id1_4_3_,
        colors3_.name as name2_4_3_,
        materials4_.id as id1_5_4_,
        materials4_.name as name2_5_4_,
        style5_.id as id1_14_5_,
        style5_.name as name2_14_5_,
        salesinfoc6_.id as id1_9_6_,
        salesinfoc6_.clothes_brand as clothes_2_9_6_,
        salesinfoc6_.clothes_color as clothes_3_9_6_,
        salesinfoc6_.clothes_gender as clothes_4_9_6_,
        salesinfoc6_.clothes_size as clothes_5_9_6_,
        salesinfos7_.id as id1_10_7_,
        salesinfos7_.status_score as status_s2_10_7_,
        salesinfos7_.status_tag as status_t3_10_7_,
        salesinfos7_.status_times as status_t4_10_7_,
        salesinfos7_.status_when2buy as status_w5_10_7_,
        salesinfos7_.transport as transpor6_10_7_,
        salesinfou8_.id as id1_11_8_,
        salesinfou8_.user_height as user_hei2_11_8_,
        salesinfou8_.user_size as user_siz3_11_8_,
        salesinfou8_.user_weight as user_wei4_11_8_ 
    from
        stores stores0_ 
    left outer join
        members members1_ 
            on stores0_.author_id=members1_.id 
    left outer join
        clothes_info clothesinf2_ 
            on stores0_.clothes_info_id=clothesinf2_.id 
    left outer join
        colors colors3_ 
            on stores0_.colors_name=colors3_.name 
    left outer join
        materials materials4_ 
            on stores0_.materials_name=materials4_.name 
    left outer join
        style style5_ 
            on stores0_.style_name=style5_.name 
    left outer join
        sales_info_clothes salesinfoc6_ 
            on stores0_.sales_info_clothes_id=salesinfoc6_.id 
    left outer join
        sales_info_status salesinfos7_ 
            on stores0_.sales_info_status_id=salesinfos7_.id 
    left outer join
        sales_info_user salesinfou8_ 
            on stores0_.sales_info_user_id=salesinfou8_.id 
    where
        stores0_.id=?
Hibernate: 
    select
        stores0_.id as id1_12_0_,
        stores0_.created_date as created_2_12_0_,
        stores0_.modified_date as modified3_12_0_,
        stores0_.author_id as author_i9_12_0_,
        stores0_.clothes_info_id as clothes10_12_0_,
        stores0_.colors_name as colors_11_12_0_,
        stores0_.materials_name as materia12_12_0_,
        stores0_.style_name as style_n13_12_0_,
        stores0_.clothes_length as clothes_4_12_0_,
        stores0_.content as content5_12_0_,
        stores0_.price as price6_12_0_,
        stores0_.sales_info_clothes_id as sales_i14_12_0_,
        stores0_.sales_info_status_id as sales_i15_12_0_,
        stores0_.sales_info_user_id as sales_i16_12_0_,
        stores0_.status as status7_12_0_,
        stores0_.title as title8_12_0_,
        members1_.id as id1_6_1_,
        members1_.email as email2_6_1_,
        members1_.image as image3_6_1_,
        members1_.name as name4_6_1_,
        members1_.nickname as nickname5_6_1_,
        members1_.password as password6_6_1_,
        members1_.phone as phone7_6_1_,
        members1_.refresh_token as refresh_8_6_1_,
        members1_.role as role9_6_1_,
        clothesinf2_.id as id1_2_2_,
        clothesinf2_.categoryl as category2_2_2_,
        clothesinf2_.categorys as category3_2_2_,
        clothesinf2_.fit as fit4_2_2_,
        clothesinf2_.length as length5_2_2_,
        colors3_.id as id1_4_3_,
        colors3_.name as name2_4_3_,
        materials4_.id as id1_5_4_,
        materials4_.name as name2_5_4_,
        style5_.id as id1_14_5_,
        style5_.name as name2_14_5_,
        salesinfoc6_.id as id1_9_6_,
        salesinfoc6_.clothes_brand as clothes_2_9_6_,
        salesinfoc6_.clothes_color as clothes_3_9_6_,
        salesinfoc6_.clothes_gender as clothes_4_9_6_,
        salesinfoc6_.clothes_size as clothes_5_9_6_,
        salesinfos7_.id as id1_10_7_,
        salesinfos7_.status_score as status_s2_10_7_,
        salesinfos7_.status_tag as status_t3_10_7_,
        salesinfos7_.status_times as status_t4_10_7_,
        salesinfos7_.status_when2buy as status_w5_10_7_,
        salesinfos7_.transport as transpor6_10_7_,
        salesinfou8_.id as id1_11_8_,
        salesinfou8_.user_height as user_hei2_11_8_,
        salesinfou8_.user_size as user_siz3_11_8_,
        salesinfou8_.user_weight as user_wei4_11_8_ 
    from
        stores stores0_ 
    left outer join
        members members1_ 
            on stores0_.author_id=members1_.id 
    left outer join
        clothes_info clothesinf2_ 
            on stores0_.clothes_info_id=clothesinf2_.id 
    left outer join
        colors colors3_ 
            on stores0_.colors_name=colors3_.name 
    left outer join
        materials materials4_ 
            on stores0_.materials_name=materials4_.name 
    left outer join
        style style5_ 
            on stores0_.style_name=style5_.name 
    left outer join
        sales_info_clothes salesinfoc6_ 
            on stores0_.sales_info_clothes_id=salesinfoc6_.id 
    left outer join
        sales_info_status salesinfos7_ 
            on stores0_.sales_info_status_id=salesinfos7_.id 
    left outer join
        sales_info_user salesinfou8_ 
            on stores0_.sales_info_user_id=salesinfou8_.id 
    where
        stores0_.id=?
Hibernate: 
    select
        stores0_.id as id1_12_0_,
        stores0_.created_date as created_2_12_0_,
        stores0_.modified_date as modified3_12_0_,
        stores0_.author_id as author_i9_12_0_,
        stores0_.clothes_info_id as clothes10_12_0_,
        stores0_.colors_name as colors_11_12_0_,
        stores0_.materials_name as materia12_12_0_,
        stores0_.style_name as style_n13_12_0_,
        stores0_.clothes_length as clothes_4_12_0_,
        stores0_.content as content5_12_0_,
        stores0_.price as price6_12_0_,
        stores0_.sales_info_clothes_id as sales_i14_12_0_,
        stores0_.sales_info_status_id as sales_i15_12_0_,
        stores0_.sales_info_user_id as sales_i16_12_0_,
        stores0_.status as status7_12_0_,
        stores0_.title as title8_12_0_,
        members1_.id as id1_6_1_,
        members1_.email as email2_6_1_,
        members1_.image as image3_6_1_,
        members1_.name as name4_6_1_,
        members1_.nickname as nickname5_6_1_,
        members1_.password as password6_6_1_,
        members1_.phone as phone7_6_1_,
        members1_.refresh_token as refresh_8_6_1_,
        members1_.role as role9_6_1_,
        clothesinf2_.id as id1_2_2_,
        clothesinf2_.categoryl as category2_2_2_,
        clothesinf2_.categorys as category3_2_2_,
        clothesinf2_.fit as fit4_2_2_,
        clothesinf2_.length as length5_2_2_,
        colors3_.id as id1_4_3_,
        colors3_.name as name2_4_3_,
        materials4_.id as id1_5_4_,
        materials4_.name as name2_5_4_,
        style5_.id as id1_14_5_,
        style5_.name as name2_14_5_,
        salesinfoc6_.id as id1_9_6_,
        salesinfoc6_.clothes_brand as clothes_2_9_6_,
        salesinfoc6_.clothes_color as clothes_3_9_6_,
        salesinfoc6_.clothes_gender as clothes_4_9_6_,
        salesinfoc6_.clothes_size as clothes_5_9_6_,
        salesinfos7_.id as id1_10_7_,
        salesinfos7_.status_score as status_s2_10_7_,
        salesinfos7_.status_tag as status_t3_10_7_,
        salesinfos7_.status_times as status_t4_10_7_,
        salesinfos7_.status_when2buy as status_w5_10_7_,
        salesinfos7_.transport as transpor6_10_7_,
        salesinfou8_.id as id1_11_8_,
        salesinfou8_.user_height as user_hei2_11_8_,
        salesinfou8_.user_size as user_siz3_11_8_,
        salesinfou8_.user_weight as user_wei4_11_8_ 
    from
        stores stores0_ 
    left outer join
        members members1_ 
            on stores0_.author_id=members1_.id 
    left outer join
        clothes_info clothesinf2_ 
            on stores0_.clothes_info_id=clothesinf2_.id 
    left outer join
        colors colors3_ 
            on stores0_.colors_name=colors3_.name 
    left outer join
        materials materials4_ 
            on stores0_.materials_name=materials4_.name 
    left outer join
        style style5_ 
            on stores0_.style_name=style5_.name 
    left outer join
        sales_info_clothes salesinfoc6_ 
            on stores0_.sales_info_clothes_id=salesinfoc6_.id 
    left outer join
        sales_info_status salesinfos7_ 
            on stores0_.sales_info_status_id=salesinfos7_.id 
    left outer join
        sales_info_user salesinfou8_ 
            on stores0_.sales_info_user_id=salesinfou8_.id 
    where
        stores0_.id=?
Hibernate: 
    select
        stores0_.id as id1_12_0_,
        stores0_.created_date as created_2_12_0_,
        stores0_.modified_date as modified3_12_0_,
        stores0_.author_id as author_i9_12_0_,
        stores0_.clothes_info_id as clothes10_12_0_,
        stores0_.colors_name as colors_11_12_0_,
        stores0_.materials_name as materia12_12_0_,
        stores0_.style_name as style_n13_12_0_,
        stores0_.clothes_length as clothes_4_12_0_,
        stores0_.content as content5_12_0_,
        stores0_.price as price6_12_0_,
        stores0_.sales_info_clothes_id as sales_i14_12_0_,
        stores0_.sales_info_status_id as sales_i15_12_0_,
        stores0_.sales_info_user_id as sales_i16_12_0_,
        stores0_.status as status7_12_0_,
        stores0_.title as title8_12_0_,
        members1_.id as id1_6_1_,
        members1_.email as email2_6_1_,
        members1_.image as image3_6_1_,
        members1_.name as name4_6_1_,
        members1_.nickname as nickname5_6_1_,
        members1_.password as password6_6_1_,
        members1_.phone as phone7_6_1_,
        members1_.refresh_token as refresh_8_6_1_,
        members1_.role as role9_6_1_,
        clothesinf2_.id as id1_2_2_,
        clothesinf2_.categoryl as category2_2_2_,
        clothesinf2_.categorys as category3_2_2_,
        clothesinf2_.fit as fit4_2_2_,
        clothesinf2_.length as length5_2_2_,
        colors3_.id as id1_4_3_,
        colors3_.name as name2_4_3_,
        materials4_.id as id1_5_4_,
        materials4_.name as name2_5_4_,
        style5_.id as id1_14_5_,
        style5_.name as name2_14_5_,
        salesinfoc6_.id as id1_9_6_,
        salesinfoc6_.clothes_brand as clothes_2_9_6_,
        salesinfoc6_.clothes_color as clothes_3_9_6_,
        salesinfoc6_.clothes_gender as clothes_4_9_6_,
        salesinfoc6_.clothes_size as clothes_5_9_6_,
        salesinfos7_.id as id1_10_7_,
        salesinfos7_.status_score as status_s2_10_7_,
        salesinfos7_.status_tag as status_t3_10_7_,
        salesinfos7_.status_times as status_t4_10_7_,
        salesinfos7_.status_when2buy as status_w5_10_7_,
        salesinfos7_.transport as transpor6_10_7_,
        salesinfou8_.id as id1_11_8_,
        salesinfou8_.user_height as user_hei2_11_8_,
        salesinfou8_.user_size as user_siz3_11_8_,
        salesinfou8_.user_weight as user_wei4_11_8_ 
    from
        stores stores0_ 
    left outer join
        members members1_ 
            on stores0_.author_id=members1_.id 
    left outer join
        clothes_info clothesinf2_ 
            on stores0_.clothes_info_id=clothesinf2_.id 
    left outer join
        colors colors3_ 
            on stores0_.colors_name=colors3_.name 
    left outer join
        materials materials4_ 
            on stores0_.materials_name=materials4_.name 
    left outer join
        style style5_ 
            on stores0_.style_name=style5_.name 
    left outer join
        sales_info_clothes salesinfoc6_ 
            on stores0_.sales_info_clothes_id=salesinfoc6_.id 
    left outer join
        sales_info_status salesinfos7_ 
            on stores0_.sales_info_status_id=salesinfos7_.id 
    left outer join
        sales_info_user salesinfou8_ 
            on stores0_.sales_info_user_id=salesinfou8_.id 
    where
        stores0_.id=?
Hibernate: 
    select
        stores0_.id as id1_12_0_,
        stores0_.created_date as created_2_12_0_,
        stores0_.modified_date as modified3_12_0_,
        stores0_.author_id as author_i9_12_0_,
        stores0_.clothes_info_id as clothes10_12_0_,
        stores0_.colors_name as colors_11_12_0_,
        stores0_.materials_name as materia12_12_0_,
        stores0_.style_name as style_n13_12_0_,
        stores0_.clothes_length as clothes_4_12_0_,
        stores0_.content as content5_12_0_,
        stores0_.price as price6_12_0_,
        stores0_.sales_info_clothes_id as sales_i14_12_0_,
        stores0_.sales_info_status_id as sales_i15_12_0_,
        stores0_.sales_info_user_id as sales_i16_12_0_,
        stores0_.status as status7_12_0_,
        stores0_.title as title8_12_0_,
        members1_.id as id1_6_1_,
        members1_.email as email2_6_1_,
        members1_.image as image3_6_1_,
        members1_.name as name4_6_1_,
        members1_.nickname as nickname5_6_1_,
        members1_.password as password6_6_1_,
        members1_.phone as phone7_6_1_,
        members1_.refresh_token as refresh_8_6_1_,
        members1_.role as role9_6_1_,
        clothesinf2_.id as id1_2_2_,
        clothesinf2_.categoryl as category2_2_2_,
        clothesinf2_.categorys as category3_2_2_,
        clothesinf2_.fit as fit4_2_2_,
        clothesinf2_.length as length5_2_2_,
        colors3_.id as id1_4_3_,
        colors3_.name as name2_4_3_,
        materials4_.id as id1_5_4_,
        materials4_.name as name2_5_4_,
        style5_.id as id1_14_5_,
        style5_.name as name2_14_5_,
        salesinfoc6_.id as id1_9_6_,
        salesinfoc6_.clothes_brand as clothes_2_9_6_,
        salesinfoc6_.clothes_color as clothes_3_9_6_,
        salesinfoc6_.clothes_gender as clothes_4_9_6_,
        salesinfoc6_.clothes_size as clothes_5_9_6_,
        salesinfos7_.id as id1_10_7_,
        salesinfos7_.status_score as status_s2_10_7_,
        salesinfos7_.status_tag as status_t3_10_7_,
        salesinfos7_.status_times as status_t4_10_7_,
        salesinfos7_.status_when2buy as status_w5_10_7_,
        salesinfos7_.transport as transpor6_10_7_,
        salesinfou8_.id as id1_11_8_,
        salesinfou8_.user_height as user_hei2_11_8_,
        salesinfou8_.user_size as user_siz3_11_8_,
        salesinfou8_.user_weight as user_wei4_11_8_ 
    from
        stores stores0_ 
    left outer join
        members members1_ 
            on stores0_.author_id=members1_.id 
    left outer join
        clothes_info clothesinf2_ 
            on stores0_.clothes_info_id=clothesinf2_.id 
    left outer join
        colors colors3_ 
            on stores0_.colors_name=colors3_.name 
    left outer join
        materials materials4_ 
            on stores0_.materials_name=materials4_.name 
    left outer join
        style style5_ 
            on stores0_.style_name=style5_.name 
    left outer join
        sales_info_clothes salesinfoc6_ 
            on stores0_.sales_info_clothes_id=salesinfoc6_.id 
    left outer join
        sales_info_status salesinfos7_ 
            on stores0_.sales_info_status_id=salesinfos7_.id 
    left outer join
        sales_info_user salesinfou8_ 
            on stores0_.sales_info_user_id=salesinfou8_.id 
    where
        stores0_.id=?
Hibernate: 
    select
        stores0_.id as id1_12_0_,
        stores0_.created_date as created_2_12_0_,
        stores0_.modified_date as modified3_12_0_,
        stores0_.author_id as author_i9_12_0_,
        stores0_.clothes_info_id as clothes10_12_0_,
        stores0_.colors_name as colors_11_12_0_,
        stores0_.materials_name as materia12_12_0_,
        stores0_.style_name as style_n13_12_0_,
        stores0_.clothes_length as clothes_4_12_0_,
        stores0_.content as content5_12_0_,
        stores0_.price as price6_12_0_,
        stores0_.sales_info_clothes_id as sales_i14_12_0_,
        stores0_.sales_info_status_id as sales_i15_12_0_,
        stores0_.sales_info_user_id as sales_i16_12_0_,
        stores0_.status as status7_12_0_,
        stores0_.title as title8_12_0_,
        members1_.id as id1_6_1_,
        members1_.email as email2_6_1_,
        members1_.image as image3_6_1_,
        members1_.name as name4_6_1_,
        members1_.nickname as nickname5_6_1_,
        members1_.password as password6_6_1_,
        members1_.phone as phone7_6_1_,
        members1_.refresh_token as refresh_8_6_1_,
        members1_.role as role9_6_1_,
        clothesinf2_.id as id1_2_2_,
        clothesinf2_.categoryl as category2_2_2_,
        clothesinf2_.categorys as category3_2_2_,
        clothesinf2_.fit as fit4_2_2_,
        clothesinf2_.length as length5_2_2_,
        colors3_.id as id1_4_3_,
        colors3_.name as name2_4_3_,
        materials4_.id as id1_5_4_,
        materials4_.name as name2_5_4_,
        style5_.id as id1_14_5_,
        style5_.name as name2_14_5_,
        salesinfoc6_.id as id1_9_6_,
        salesinfoc6_.clothes_brand as clothes_2_9_6_,
        salesinfoc6_.clothes_color as clothes_3_9_6_,
        salesinfoc6_.clothes_gender as clothes_4_9_6_,
        salesinfoc6_.clothes_size as clothes_5_9_6_,
        salesinfos7_.id as id1_10_7_,
        salesinfos7_.status_score as status_s2_10_7_,
        salesinfos7_.status_tag as status_t3_10_7_,
        salesinfos7_.status_times as status_t4_10_7_,
        salesinfos7_.status_when2buy as status_w5_10_7_,
        salesinfos7_.transport as transpor6_10_7_,
        salesinfou8_.id as id1_11_8_,
        salesinfou8_.user_height as user_hei2_11_8_,
        salesinfou8_.user_size as user_siz3_11_8_,
        salesinfou8_.user_weight as user_wei4_11_8_ 
    from
        stores stores0_ 
    left outer join
        members members1_ 
            on stores0_.author_id=members1_.id 
    left outer join
        clothes_info clothesinf2_ 
            on stores0_.clothes_info_id=clothesinf2_.id 
    left outer join
        colors colors3_ 
            on stores0_.colors_name=colors3_.name 
    left outer join
        materials materials4_ 
            on stores0_.materials_name=materials4_.name 
    left outer join
        style style5_ 
            on stores0_.style_name=style5_.name 
    left outer join
        sales_info_clothes salesinfoc6_ 
            on stores0_.sales_info_clothes_id=salesinfoc6_.id 
    left outer join
        sales_info_status salesinfos7_ 
            on stores0_.sales_info_status_id=salesinfos7_.id 
    left outer join
        sales_info_user salesinfou8_ 
            on stores0_.sales_info_user_id=salesinfou8_.id 
    where
        stores0_.id=?
Hibernate: 
    select
        stores0_.id as id1_12_0_,
        stores0_.created_date as created_2_12_0_,
        stores0_.modified_date as modified3_12_0_,
        stores0_.author_id as author_i9_12_0_,
        stores0_.clothes_info_id as clothes10_12_0_,
        stores0_.colors_name as colors_11_12_0_,
        stores0_.materials_name as materia12_12_0_,
        stores0_.style_name as style_n13_12_0_,
        stores0_.clothes_length as clothes_4_12_0_,
        stores0_.content as content5_12_0_,
        stores0_.price as price6_12_0_,
        stores0_.sales_info_clothes_id as sales_i14_12_0_,
        stores0_.sales_info_status_id as sales_i15_12_0_,
        stores0_.sales_info_user_id as sales_i16_12_0_,
        stores0_.status as status7_12_0_,
        stores0_.title as title8_12_0_,
        members1_.id as id1_6_1_,
        members1_.email as email2_6_1_,
        members1_.image as image3_6_1_,
        members1_.name as name4_6_1_,
        members1_.nickname as nickname5_6_1_,
        members1_.password as password6_6_1_,
        members1_.phone as phone7_6_1_,
        members1_.refresh_token as refresh_8_6_1_,
        members1_.role as role9_6_1_,
        clothesinf2_.id as id1_2_2_,
        clothesinf2_.categoryl as category2_2_2_,
        clothesinf2_.categorys as category3_2_2_,
        clothesinf2_.fit as fit4_2_2_,
        clothesinf2_.length as length5_2_2_,
        colors3_.id as id1_4_3_,
        colors3_.name as name2_4_3_,
        materials4_.id as id1_5_4_,
        materials4_.name as name2_5_4_,
        style5_.id as id1_14_5_,
        style5_.name as name2_14_5_,
        salesinfoc6_.id as id1_9_6_,
        salesinfoc6_.clothes_brand as clothes_2_9_6_,
        salesinfoc6_.clothes_color as clothes_3_9_6_,
        salesinfoc6_.clothes_gender as clothes_4_9_6_,
        salesinfoc6_.clothes_size as clothes_5_9_6_,
        salesinfos7_.id as id1_10_7_,
        salesinfos7_.status_score as status_s2_10_7_,
        salesinfos7_.status_tag as status_t3_10_7_,
        salesinfos7_.status_times as status_t4_10_7_,
        salesinfos7_.status_when2buy as status_w5_10_7_,
        salesinfos7_.transport as transpor6_10_7_,
        salesinfou8_.id as id1_11_8_,
        salesinfou8_.user_height as user_hei2_11_8_,
        salesinfou8_.user_size as user_siz3_11_8_,
        salesinfou8_.user_weight as user_wei4_11_8_ 
    from
        stores stores0_ 
    left outer join
        members members1_ 
            on stores0_.author_id=members1_.id 
    left outer join
        clothes_info clothesinf2_ 
            on stores0_.clothes_info_id=clothesinf2_.id 
    left outer join
        colors colors3_ 
            on stores0_.colors_name=colors3_.name 
    left outer join
        materials materials4_ 
            on stores0_.materials_name=materials4_.name 
    left outer join
        style style5_ 
            on stores0_.style_name=style5_.name 
    left outer join
        sales_info_clothes salesinfoc6_ 
            on stores0_.sales_info_clothes_id=salesinfoc6_.id 
    left outer join
        sales_info_status salesinfos7_ 
            on stores0_.sales_info_status_id=salesinfos7_.id 
    left outer join
        sales_info_user salesinfou8_ 
            on stores0_.sales_info_user_id=salesinfou8_.id 
    where
        stores0_.id=?
Hibernate: 
    select
        stores0_.id as id1_12_0_,
        stores0_.created_date as created_2_12_0_,
        stores0_.modified_date as modified3_12_0_,
        stores0_.author_id as author_i9_12_0_,
        stores0_.clothes_info_id as clothes10_12_0_,
        stores0_.colors_name as colors_11_12_0_,
        stores0_.materials_name as materia12_12_0_,
        stores0_.style_name as style_n13_12_0_,
        stores0_.clothes_length as clothes_4_12_0_,
        stores0_.content as content5_12_0_,
        stores0_.price as price6_12_0_,
        stores0_.sales_info_clothes_id as sales_i14_12_0_,
        stores0_.sales_info_status_id as sales_i15_12_0_,
        stores0_.sales_info_user_id as sales_i16_12_0_,
        stores0_.status as status7_12_0_,
        stores0_.title as title8_12_0_,
        members1_.id as id1_6_1_,
        members1_.email as email2_6_1_,
        members1_.image as image3_6_1_,
        members1_.name as name4_6_1_,
        members1_.nickname as nickname5_6_1_,
        members1_.password as password6_6_1_,
        members1_.phone as phone7_6_1_,
        members1_.refresh_token as refresh_8_6_1_,
        members1_.role as role9_6_1_,
        clothesinf2_.id as id1_2_2_,
        clothesinf2_.categoryl as category2_2_2_,
        clothesinf2_.categorys as category3_2_2_,
        clothesinf2_.fit as fit4_2_2_,
        clothesinf2_.length as length5_2_2_,
        colors3_.id as id1_4_3_,
        colors3_.name as name2_4_3_,
        materials4_.id as id1_5_4_,
        materials4_.name as name2_5_4_,
        style5_.id as id1_14_5_,
        style5_.name as name2_14_5_,
        salesinfoc6_.id as id1_9_6_,
        salesinfoc6_.clothes_brand as clothes_2_9_6_,
        salesinfoc6_.clothes_color as clothes_3_9_6_,
        salesinfoc6_.clothes_gender as clothes_4_9_6_,
        salesinfoc6_.clothes_size as clothes_5_9_6_,
        salesinfos7_.id as id1_10_7_,
        salesinfos7_.status_score as status_s2_10_7_,
        salesinfos7_.status_tag as status_t3_10_7_,
        salesinfos7_.status_times as status_t4_10_7_,
        salesinfos7_.status_when2buy as status_w5_10_7_,
        salesinfos7_.transport as transpor6_10_7_,
        salesinfou8_.id as id1_11_8_,
        salesinfou8_.user_height as user_hei2_11_8_,
        salesinfou8_.user_size as user_siz3_11_8_,
        salesinfou8_.user_weight as user_wei4_11_8_ 
    from
        stores stores0_ 
    left outer join
        members members1_ 
            on stores0_.author_id=members1_.id 
    left outer join
        clothes_info clothesinf2_ 
            on stores0_.clothes_info_id=clothesinf2_.id 
    left outer join
        colors colors3_ 
            on stores0_.colors_name=colors3_.name 
    left outer join
        materials materials4_ 
            on stores0_.materials_name=materials4_.name 
    left outer join
        style style5_ 
            on stores0_.style_name=style5_.name 
    left outer join
        sales_info_clothes salesinfoc6_ 
            on stores0_.sales_info_clothes_id=salesinfoc6_.id 
    left outer join
        sales_info_status salesinfos7_ 
            on stores0_.sales_info_status_id=salesinfos7_.id 
    left outer join
        sales_info_user salesinfou8_ 
            on stores0_.sales_info_user_id=salesinfou8_.id 
    where
        stores0_.id=?
Hibernate: 
    select
        stores0_.id as id1_12_0_,
        stores0_.created_date as created_2_12_0_,
        stores0_.modified_date as modified3_12_0_,
        stores0_.author_id as author_i9_12_0_,
        stores0_.clothes_info_id as clothes10_12_0_,
        stores0_.colors_name as colors_11_12_0_,
        stores0_.materials_name as materia12_12_0_,
        stores0_.style_name as style_n13_12_0_,
        stores0_.clothes_length as clothes_4_12_0_,
        stores0_.content as content5_12_0_,
        stores0_.price as price6_12_0_,
        stores0_.sales_info_clothes_id as sales_i14_12_0_,
        stores0_.sales_info_status_id as sales_i15_12_0_,
        stores0_.sales_info_user_id as sales_i16_12_0_,
        stores0_.status as status7_12_0_,
        stores0_.title as title8_12_0_,
        members1_.id as id1_6_1_,
        members1_.email as email2_6_1_,
        members1_.image as image3_6_1_,
        members1_.name as name4_6_1_,
        members1_.nickname as nickname5_6_1_,
        members1_.password as password6_6_1_,
        members1_.phone as phone7_6_1_,
        members1_.refresh_token as refresh_8_6_1_,
        members1_.role as role9_6_1_,
        clothesinf2_.id as id1_2_2_,
        clothesinf2_.categoryl as category2_2_2_,
        clothesinf2_.categorys as category3_2_2_,
        clothesinf2_.fit as fit4_2_2_,
        clothesinf2_.length as length5_2_2_,
        colors3_.id as id1_4_3_,
        colors3_.name as name2_4_3_,
        materials4_.id as id1_5_4_,
        materials4_.name as name2_5_4_,
        style5_.id as id1_14_5_,
        style5_.name as name2_14_5_,
        salesinfoc6_.id as id1_9_6_,
        salesinfoc6_.clothes_brand as clothes_2_9_6_,
        salesinfoc6_.clothes_color as clothes_3_9_6_,
        salesinfoc6_.clothes_gender as clothes_4_9_6_,
        salesinfoc6_.clothes_size as clothes_5_9_6_,
        salesinfos7_.id as id1_10_7_,
        salesinfos7_.status_score as status_s2_10_7_,
        salesinfos7_.status_tag as status_t3_10_7_,
        salesinfos7_.status_times as status_t4_10_7_,
        salesinfos7_.status_when2buy as status_w5_10_7_,
        salesinfos7_.transport as transpor6_10_7_,
        salesinfou8_.id as id1_11_8_,
        salesinfou8_.user_height as user_hei2_11_8_,
        salesinfou8_.user_size as user_siz3_11_8_,
        salesinfou8_.user_weight as user_wei4_11_8_ 
    from
        stores stores0_ 
    left outer join
        members members1_ 
            on stores0_.author_id=members1_.id 
    left outer join
        clothes_info clothesinf2_ 
            on stores0_.clothes_info_id=clothesinf2_.id 
    left outer join
        colors colors3_ 
            on stores0_.colors_name=colors3_.name 
    left outer join
        materials materials4_ 
            on stores0_.materials_name=materials4_.name 
    left outer join
        style style5_ 
            on stores0_.style_name=style5_.name 
    left outer join
        sales_info_clothes salesinfoc6_ 
            on stores0_.sales_info_clothes_id=salesinfoc6_.id 
    left outer join
        sales_info_status salesinfos7_ 
            on stores0_.sales_info_status_id=salesinfos7_.id 
    left outer join
        sales_info_user salesinfou8_ 
            on stores0_.sales_info_user_id=salesinfou8_.id 
    where
        stores0_.id=?
Hibernate: 
    select
        stores0_.id as id1_12_0_,
        stores0_.created_date as created_2_12_0_,
        stores0_.modified_date as modified3_12_0_,
        stores0_.author_id as author_i9_12_0_,
        stores0_.clothes_info_id as clothes10_12_0_,
        stores0_.colors_name as colors_11_12_0_,
        stores0_.materials_name as materia12_12_0_,
        stores0_.style_name as style_n13_12_0_,
        stores0_.clothes_length as clothes_4_12_0_,
        stores0_.content as content5_12_0_,
        stores0_.price as price6_12_0_,
        stores0_.sales_info_clothes_id as sales_i14_12_0_,
        stores0_.sales_info_status_id as sales_i15_12_0_,
        stores0_.sales_info_user_id as sales_i16_12_0_,
        stores0_.status as status7_12_0_,
        stores0_.title as title8_12_0_,
        members1_.id as id1_6_1_,
        members1_.email as email2_6_1_,
        members1_.image as image3_6_1_,
        members1_.name as name4_6_1_,
        members1_.nickname as nickname5_6_1_,
        members1_.password as password6_6_1_,
        members1_.phone as phone7_6_1_,
        members1_.refresh_token as refresh_8_6_1_,
        members1_.role as role9_6_1_,
        clothesinf2_.id as id1_2_2_,
        clothesinf2_.categoryl as category2_2_2_,
        clothesinf2_.categorys as category3_2_2_,
        clothesinf2_.fit as fit4_2_2_,
        clothesinf2_.length as length5_2_2_,
        colors3_.id as id1_4_3_,
        colors3_.name as name2_4_3_,
        materials4_.id as id1_5_4_,
        materials4_.name as name2_5_4_,
        style5_.id as id1_14_5_,
        style5_.name as name2_14_5_,
        salesinfoc6_.id as id1_9_6_,
        salesinfoc6_.clothes_brand as clothes_2_9_6_,
        salesinfoc6_.clothes_color as clothes_3_9_6_,
        salesinfoc6_.clothes_gender as clothes_4_9_6_,
        salesinfoc6_.clothes_size as clothes_5_9_6_,
        salesinfos7_.id as id1_10_7_,
        salesinfos7_.status_score as status_s2_10_7_,
        salesinfos7_.status_tag as status_t3_10_7_,
        salesinfos7_.status_times as status_t4_10_7_,
        salesinfos7_.status_when2buy as status_w5_10_7_,
        salesinfos7_.transport as transpor6_10_7_,
        salesinfou8_.id as id1_11_8_,
        salesinfou8_.user_height as user_hei2_11_8_,
        salesinfou8_.user_size as user_siz3_11_8_,
        salesinfou8_.user_weight as user_wei4_11_8_ 
    from
        stores stores0_ 
    left outer join
        members members1_ 
            on stores0_.author_id=members1_.id 
    left outer join
        clothes_info clothesinf2_ 
            on stores0_.clothes_info_id=clothesinf2_.id 
    left outer join
        colors colors3_ 
            on stores0_.colors_name=colors3_.name 
    left outer join
        materials materials4_ 
            on stores0_.materials_name=materials4_.name 
    left outer join
        style style5_ 
            on stores0_.style_name=style5_.name 
    left outer join
        sales_info_clothes salesinfoc6_ 
            on stores0_.sales_info_clothes_id=salesinfoc6_.id 
    left outer join
        sales_info_status salesinfos7_ 
            on stores0_.sales_info_status_id=salesinfos7_.id 
    left outer join
        sales_info_user salesinfou8_ 
            on stores0_.sales_info_user_id=salesinfou8_.id 
    where
        stores0_.id=?
Hibernate: 
    select
        stores0_.id as id1_12_0_,
        stores0_.created_date as created_2_12_0_,
        stores0_.modified_date as modified3_12_0_,
        stores0_.author_id as author_i9_12_0_,
        stores0_.clothes_info_id as clothes10_12_0_,
        stores0_.colors_name as colors_11_12_0_,
        stores0_.materials_name as materia12_12_0_,
        stores0_.style_name as style_n13_12_0_,
        stores0_.clothes_length as clothes_4_12_0_,
        stores0_.content as content5_12_0_,
        stores0_.price as price6_12_0_,
        stores0_.sales_info_clothes_id as sales_i14_12_0_,
        stores0_.sales_info_status_id as sales_i15_12_0_,
        stores0_.sales_info_user_id as sales_i16_12_0_,
        stores0_.status as status7_12_0_,
        stores0_.title as title8_12_0_,
        members1_.id as id1_6_1_,
        members1_.email as email2_6_1_,
        members1_.image as image3_6_1_,
        members1_.name as name4_6_1_,
        members1_.nickname as nickname5_6_1_,
        members1_.password as password6_6_1_,
        members1_.phone as phone7_6_1_,
        members1_.refresh_token as refresh_8_6_1_,
        members1_.role as role9_6_1_,
        clothesinf2_.id as id1_2_2_,
        clothesinf2_.categoryl as category2_2_2_,
        clothesinf2_.categorys as category3_2_2_,
        clothesinf2_.fit as fit4_2_2_,
        clothesinf2_.length as length5_2_2_,
        colors3_.id as id1_4_3_,
        colors3_.name as name2_4_3_,
        materials4_.id as id1_5_4_,
        materials4_.name as name2_5_4_,
        style5_.id as id1_14_5_,
        style5_.name as name2_14_5_,
        salesinfoc6_.id as id1_9_6_,
        salesinfoc6_.clothes_brand as clothes_2_9_6_,
        salesinfoc6_.clothes_color as clothes_3_9_6_,
        salesinfoc6_.clothes_gender as clothes_4_9_6_,
        salesinfoc6_.clothes_size as clothes_5_9_6_,
        salesinfos7_.id as id1_10_7_,
        salesinfos7_.status_score as status_s2_10_7_,
        salesinfos7_.status_tag as status_t3_10_7_,
        salesinfos7_.status_times as status_t4_10_7_,
        salesinfos7_.status_when2buy as status_w5_10_7_,
        salesinfos7_.transport as transpor6_10_7_,
        salesinfou8_.id as id1_11_8_,
        salesinfou8_.user_height as user_hei2_11_8_,
        salesinfou8_.user_size as user_siz3_11_8_,
        salesinfou8_.user_weight as user_wei4_11_8_ 
    from
        stores stores0_ 
    left outer join
        members members1_ 
            on stores0_.author_id=members1_.id 
    left outer join
        clothes_info clothesinf2_ 
            on stores0_.clothes_info_id=clothesinf2_.id 
    left outer join
        colors colors3_ 
            on stores0_.colors_name=colors3_.name 
    left outer join
        materials materials4_ 
            on stores0_.materials_name=materials4_.name 
    left outer join
        style style5_ 
            on stores0_.style_name=style5_.name 
    left outer join
        sales_info_clothes salesinfoc6_ 
            on stores0_.sales_info_clothes_id=salesinfoc6_.id 
    left outer join
        sales_info_status salesinfos7_ 
            on stores0_.sales_info_status_id=salesinfos7_.id 
    left outer join
        sales_info_user salesinfou8_ 
            on stores0_.sales_info_user_id=salesinfou8_.id 
    where
        stores0_.id=?
Hibernate: 
    select
        stores0_.id as id1_12_0_,
        stores0_.created_date as created_2_12_0_,
        stores0_.modified_date as modified3_12_0_,
        stores0_.author_id as author_i9_12_0_,
        stores0_.clothes_info_id as clothes10_12_0_,
        stores0_.colors_name as colors_11_12_0_,
        stores0_.materials_name as materia12_12_0_,
        stores0_.style_name as style_n13_12_0_,
        stores0_.clothes_length as clothes_4_12_0_,
        stores0_.content as content5_12_0_,
        stores0_.price as price6_12_0_,
        stores0_.sales_info_clothes_id as sales_i14_12_0_,
        stores0_.sales_info_status_id as sales_i15_12_0_,
        stores0_.sales_info_user_id as sales_i16_12_0_,
        stores0_.status as status7_12_0_,
        stores0_.title as title8_12_0_,
        members1_.id as id1_6_1_,
        members1_.email as email2_6_1_,
        members1_.image as image3_6_1_,
        members1_.name as name4_6_1_,
        members1_.nickname as nickname5_6_1_,
        members1_.password as password6_6_1_,
        members1_.phone as phone7_6_1_,
        members1_.refresh_token as refresh_8_6_1_,
        members1_.role as role9_6_1_,
        clothesinf2_.id as id1_2_2_,
        clothesinf2_.categoryl as category2_2_2_,
        clothesinf2_.categorys as category3_2_2_,
        clothesinf2_.fit as fit4_2_2_,
        clothesinf2_.length as length5_2_2_,
        colors3_.id as id1_4_3_,
        colors3_.name as name2_4_3_,
        materials4_.id as id1_5_4_,
        materials4_.name as name2_5_4_,
        style5_.id as id1_14_5_,
        style5_.name as name2_14_5_,
        salesinfoc6_.id as id1_9_6_,
        salesinfoc6_.clothes_brand as clothes_2_9_6_,
        salesinfoc6_.clothes_color as clothes_3_9_6_,
        salesinfoc6_.clothes_gender as clothes_4_9_6_,
        salesinfoc6_.clothes_size as clothes_5_9_6_,
        salesinfos7_.id as id1_10_7_,
        salesinfos7_.status_score as status_s2_10_7_,
        salesinfos7_.status_tag as status_t3_10_7_,
        salesinfos7_.status_times as status_t4_10_7_,
        salesinfos7_.status_when2buy as status_w5_10_7_,
        salesinfos7_.transport as transpor6_10_7_,
        salesinfou8_.id as id1_11_8_,
        salesinfou8_.user_height as user_hei2_11_8_,
        salesinfou8_.user_size as user_siz3_11_8_,
        salesinfou8_.user_weight as user_wei4_11_8_ 
    from
        stores stores0_ 
    left outer join
        members members1_ 
            on stores0_.author_id=members1_.id 
    left outer join
        clothes_info clothesinf2_ 
            on stores0_.clothes_info_id=clothesinf2_.id 
    left outer join
        colors colors3_ 
            on stores0_.colors_name=colors3_.name 
    left outer join
        materials materials4_ 
            on stores0_.materials_name=materials4_.name 
    left outer join
        style style5_ 
            on stores0_.style_name=style5_.name 
    left outer join
        sales_info_clothes salesinfoc6_ 
            on stores0_.sales_info_clothes_id=salesinfoc6_.id 
    left outer join
        sales_info_status salesinfos7_ 
            on stores0_.sales_info_status_id=salesinfos7_.id 
    left outer join
        sales_info_user salesinfou8_ 
            on stores0_.sales_info_user_id=salesinfou8_.id 
    where
        stores0_.id=?
Hibernate: 
    select
        stores0_.id as id1_12_0_,
        stores0_.created_date as created_2_12_0_,
        stores0_.modified_date as modified3_12_0_,
        stores0_.author_id as author_i9_12_0_,
        stores0_.clothes_info_id as clothes10_12_0_,
        stores0_.colors_name as colors_11_12_0_,
        stores0_.materials_name as materia12_12_0_,
        stores0_.style_name as style_n13_12_0_,
        stores0_.clothes_length as clothes_4_12_0_,
        stores0_.content as content5_12_0_,
        stores0_.price as price6_12_0_,
        stores0_.sales_info_clothes_id as sales_i14_12_0_,
        stores0_.sales_info_status_id as sales_i15_12_0_,
        stores0_.sales_info_user_id as sales_i16_12_0_,
        stores0_.status as status7_12_0_,
        stores0_.title as title8_12_0_,
        members1_.id as id1_6_1_,
        members1_.email as email2_6_1_,
        members1_.image as image3_6_1_,
        members1_.name as name4_6_1_,
        members1_.nickname as nickname5_6_1_,
        members1_.password as password6_6_1_,
        members1_.phone as phone7_6_1_,
        members1_.refresh_token as refresh_8_6_1_,
        members1_.role as role9_6_1_,
        clothesinf2_.id as id1_2_2_,
        clothesinf2_.categoryl as category2_2_2_,
        clothesinf2_.categorys as category3_2_2_,
        clothesinf2_.fit as fit4_2_2_,
        clothesinf2_.length as length5_2_2_,
        colors3_.id as id1_4_3_,
        colors3_.name as name2_4_3_,
        materials4_.id as id1_5_4_,
        materials4_.name as name2_5_4_,
        style5_.id as id1_14_5_,
        style5_.name as name2_14_5_,
        salesinfoc6_.id as id1_9_6_,
        salesinfoc6_.clothes_brand as clothes_2_9_6_,
        salesinfoc6_.clothes_color as clothes_3_9_6_,
        salesinfoc6_.clothes_gender as clothes_4_9_6_,
        salesinfoc6_.clothes_size as clothes_5_9_6_,
        salesinfos7_.id as id1_10_7_,
        salesinfos7_.status_score as status_s2_10_7_,
        salesinfos7_.status_tag as status_t3_10_7_,
        salesinfos7_.status_times as status_t4_10_7_,
        salesinfos7_.status_when2buy as status_w5_10_7_,
        salesinfos7_.transport as transpor6_10_7_,
        salesinfou8_.id as id1_11_8_,
        salesinfou8_.user_height as user_hei2_11_8_,
        salesinfou8_.user_size as user_siz3_11_8_,
        salesinfou8_.user_weight as user_wei4_11_8_ 
    from
        stores stores0_ 
    left outer join
        members members1_ 
            on stores0_.author_id=members1_.id 
    left outer join
        clothes_info clothesinf2_ 
            on stores0_.clothes_info_id=clothesinf2_.id 
    left outer join
        colors colors3_ 
            on stores0_.colors_name=colors3_.name 
    left outer join
        materials materials4_ 
            on stores0_.materials_name=materials4_.name 
    left outer join
        style style5_ 
            on stores0_.style_name=style5_.name 
    left outer join
        sales_info_clothes salesinfoc6_ 
            on stores0_.sales_info_clothes_id=salesinfoc6_.id 
    left outer join
        sales_info_status salesinfos7_ 
            on stores0_.sales_info_status_id=salesinfos7_.id 
    left outer join
        sales_info_user salesinfou8_ 
            on stores0_.sales_info_user_id=salesinfou8_.id 
    where
        stores0_.id=?
Hibernate: 
    select
        stores0_.id as id1_12_0_,
        stores0_.created_date as created_2_12_0_,
        stores0_.modified_date as modified3_12_0_,
        stores0_.author_id as author_i9_12_0_,
        stores0_.clothes_info_id as clothes10_12_0_,
        stores0_.colors_name as colors_11_12_0_,
        stores0_.materials_name as materia12_12_0_,
        stores0_.style_name as style_n13_12_0_,
        stores0_.clothes_length as clothes_4_12_0_,
        stores0_.content as content5_12_0_,
        stores0_.price as price6_12_0_,
        stores0_.sales_info_clothes_id as sales_i14_12_0_,
        stores0_.sales_info_status_id as sales_i15_12_0_,
        stores0_.sales_info_user_id as sales_i16_12_0_,
        stores0_.status as status7_12_0_,
        stores0_.title as title8_12_0_,
        members1_.id as id1_6_1_,
        members1_.email as email2_6_1_,
        members1_.image as image3_6_1_,
        members1_.name as name4_6_1_,
        members1_.nickname as nickname5_6_1_,
        members1_.password as password6_6_1_,
        members1_.phone as phone7_6_1_,
        members1_.refresh_token as refresh_8_6_1_,
        members1_.role as role9_6_1_,
        clothesinf2_.id as id1_2_2_,
        clothesinf2_.categoryl as category2_2_2_,
        clothesinf2_.categorys as category3_2_2_,
        clothesinf2_.fit as fit4_2_2_,
        clothesinf2_.length as length5_2_2_,
        colors3_.id as id1_4_3_,
        colors3_.name as name2_4_3_,
        materials4_.id as id1_5_4_,
        materials4_.name as name2_5_4_,
        style5_.id as id1_14_5_,
        style5_.name as name2_14_5_,
        salesinfoc6_.id as id1_9_6_,
        salesinfoc6_.clothes_brand as clothes_2_9_6_,
        salesinfoc6_.clothes_color as clothes_3_9_6_,
        salesinfoc6_.clothes_gender as clothes_4_9_6_,
        salesinfoc6_.clothes_size as clothes_5_9_6_,
        salesinfos7_.id as id1_10_7_,
        salesinfos7_.status_score as status_s2_10_7_,
        salesinfos7_.status_tag as status_t3_10_7_,
        salesinfos7_.status_times as status_t4_10_7_,
        salesinfos7_.status_when2buy as status_w5_10_7_,
        salesinfos7_.transport as transpor6_10_7_,
        salesinfou8_.id as id1_11_8_,
        salesinfou8_.user_height as user_hei2_11_8_,
        salesinfou8_.user_size as user_siz3_11_8_,
        salesinfou8_.user_weight as user_wei4_11_8_ 
    from
        stores stores0_ 
    left outer join
        members members1_ 
            on stores0_.author_id=members1_.id 
    left outer join
        clothes_info clothesinf2_ 
            on stores0_.clothes_info_id=clothesinf2_.id 
    left outer join
        colors colors3_ 
            on stores0_.colors_name=colors3_.name 
    left outer join
        materials materials4_ 
            on stores0_.materials_name=materials4_.name 
    left outer join
        style style5_ 
            on stores0_.style_name=style5_.name 
    left outer join
        sales_info_clothes salesinfoc6_ 
            on stores0_.sales_info_clothes_id=salesinfoc6_.id 
    left outer join
        sales_info_status salesinfos7_ 
            on stores0_.sales_info_status_id=salesinfos7_.id 
    left outer join
        sales_info_user salesinfou8_ 
            on stores0_.sales_info_user_id=salesinfou8_.id 
    where
        stores0_.id=?
Hibernate: 
    select
        stores0_.id as id1_12_0_,
        stores0_.created_date as created_2_12_0_,
        stores0_.modified_date as modified3_12_0_,
        stores0_.author_id as author_i9_12_0_,
        stores0_.clothes_info_id as clothes10_12_0_,
        stores0_.colors_name as colors_11_12_0_,
        stores0_.materials_name as materia12_12_0_,
        stores0_.style_name as style_n13_12_0_,
        stores0_.clothes_length as clothes_4_12_0_,
        stores0_.content as content5_12_0_,
        stores0_.price as price6_12_0_,
        stores0_.sales_info_clothes_id as sales_i14_12_0_,
        stores0_.sales_info_status_id as sales_i15_12_0_,
        stores0_.sales_info_user_id as sales_i16_12_0_,
        stores0_.status as status7_12_0_,
        stores0_.title as title8_12_0_,
        members1_.id as id1_6_1_,
        members1_.email as email2_6_1_,
        members1_.image as image3_6_1_,
        members1_.name as name4_6_1_,
        members1_.nickname as nickname5_6_1_,
        members1_.password as password6_6_1_,
        members1_.phone as phone7_6_1_,
        members1_.refresh_token as refresh_8_6_1_,
        members1_.role as role9_6_1_,
        clothesinf2_.id as id1_2_2_,
        clothesinf2_.categoryl as category2_2_2_,
        clothesinf2_.categorys as category3_2_2_,
        clothesinf2_.fit as fit4_2_2_,
        clothesinf2_.length as length5_2_2_,
        colors3_.id as id1_4_3_,
        colors3_.name as name2_4_3_,
        materials4_.id as id1_5_4_,
        materials4_.name as name2_5_4_,
        style5_.id as id1_14_5_,
        style5_.name as name2_14_5_,
        salesinfoc6_.id as id1_9_6_,
        salesinfoc6_.clothes_brand as clothes_2_9_6_,
        salesinfoc6_.clothes_color as clothes_3_9_6_,
        salesinfoc6_.clothes_gender as clothes_4_9_6_,
        salesinfoc6_.clothes_size as clothes_5_9_6_,
        salesinfos7_.id as id1_10_7_,
        salesinfos7_.status_score as status_s2_10_7_,
        salesinfos7_.status_tag as status_t3_10_7_,
        salesinfos7_.status_times as status_t4_10_7_,
        salesinfos7_.status_when2buy as status_w5_10_7_,
        salesinfos7_.transport as transpor6_10_7_,
        salesinfou8_.id as id1_11_8_,
        salesinfou8_.user_height as user_hei2_11_8_,
        salesinfou8_.user_size as user_siz3_11_8_,
        salesinfou8_.user_weight as user_wei4_11_8_ 
    from
        stores stores0_ 
    left outer join
        members members1_ 
            on stores0_.author_id=members1_.id 
    left outer join
        clothes_info clothesinf2_ 
            on stores0_.clothes_info_id=clothesinf2_.id 
    left outer join
        colors colors3_ 
            on stores0_.colors_name=colors3_.name 
    left outer join
        materials materials4_ 
            on stores0_.materials_name=materials4_.name 
    left outer join
        style style5_ 
            on stores0_.style_name=style5_.name 
    left outer join
        sales_info_clothes salesinfoc6_ 
            on stores0_.sales_info_clothes_id=salesinfoc6_.id 
    left outer join
        sales_info_status salesinfos7_ 
            on stores0_.sales_info_status_id=salesinfos7_.id 
    left outer join
        sales_info_user salesinfou8_ 
            on stores0_.sales_info_user_id=salesinfou8_.id 
    where
        stores0_.id=?
Hibernate: 
    select
        stores0_.id as id1_12_0_,
        stores0_.created_date as created_2_12_0_,
        stores0_.modified_date as modified3_12_0_,
        stores0_.author_id as author_i9_12_0_,
        stores0_.clothes_info_id as clothes10_12_0_,
        stores0_.colors_name as colors_11_12_0_,
        stores0_.materials_name as materia12_12_0_,
        stores0_.style_name as style_n13_12_0_,
        stores0_.clothes_length as clothes_4_12_0_,
        stores0_.content as content5_12_0_,
        stores0_.price as price6_12_0_,
        stores0_.sales_info_clothes_id as sales_i14_12_0_,
        stores0_.sales_info_status_id as sales_i15_12_0_,
        stores0_.sales_info_user_id as sales_i16_12_0_,
        stores0_.status as status7_12_0_,
        stores0_.title as title8_12_0_,
        members1_.id as id1_6_1_,
        members1_.email as email2_6_1_,
        members1_.image as image3_6_1_,
        members1_.name as name4_6_1_,
        members1_.nickname as nickname5_6_1_,
        members1_.password as password6_6_1_,
        members1_.phone as phone7_6_1_,
        members1_.refresh_token as refresh_8_6_1_,
        members1_.role as role9_6_1_,
        clothesinf2_.id as id1_2_2_,
        clothesinf2_.categoryl as category2_2_2_,
        clothesinf2_.categorys as category3_2_2_,
        clothesinf2_.fit as fit4_2_2_,
        clothesinf2_.length as length5_2_2_,
        colors3_.id as id1_4_3_,
        colors3_.name as name2_4_3_,
        materials4_.id as id1_5_4_,
        materials4_.name as name2_5_4_,
        style5_.id as id1_14_5_,
        style5_.name as name2_14_5_,
        salesinfoc6_.id as id1_9_6_,
        salesinfoc6_.clothes_brand as clothes_2_9_6_,
        salesinfoc6_.clothes_color as clothes_3_9_6_,
        salesinfoc6_.clothes_gender as clothes_4_9_6_,
        salesinfoc6_.clothes_size as clothes_5_9_6_,
        salesinfos7_.id as id1_10_7_,
        salesinfos7_.status_score as status_s2_10_7_,
        salesinfos7_.status_tag as status_t3_10_7_,
        salesinfos7_.status_times as status_t4_10_7_,
        salesinfos7_.status_when2buy as status_w5_10_7_,
        salesinfos7_.transport as transpor6_10_7_,
        salesinfou8_.id as id1_11_8_,
        salesinfou8_.user_height as user_hei2_11_8_,
        salesinfou8_.user_size as user_siz3_11_8_,
        salesinfou8_.user_weight as user_wei4_11_8_ 
    from
        stores stores0_ 
    left outer join
        members members1_ 
            on stores0_.author_id=members1_.id 
    left outer join
        clothes_info clothesinf2_ 
            on stores0_.clothes_info_id=clothesinf2_.id 
    left outer join
        colors colors3_ 
            on stores0_.colors_name=colors3_.name 
    left outer join
        materials materials4_ 
            on stores0_.materials_name=materials4_.name 
    left outer join
        style style5_ 
            on stores0_.style_name=style5_.name 
    left outer join
        sales_info_clothes salesinfoc6_ 
            on stores0_.sales_info_clothes_id=salesinfoc6_.id 
    left outer join
        sales_info_status salesinfos7_ 
            on stores0_.sales_info_status_id=salesinfos7_.id 
    left outer join
        sales_info_user salesinfou8_ 
            on stores0_.sales_info_user_id=salesinfou8_.id 
    where
        stores0_.id=?
Hibernate: 
    select
        stores0_.id as id1_12_0_,
        stores0_.created_date as created_2_12_0_,
        stores0_.modified_date as modified3_12_0_,
        stores0_.author_id as author_i9_12_0_,
        stores0_.clothes_info_id as clothes10_12_0_,
        stores0_.colors_name as colors_11_12_0_,
        stores0_.materials_name as materia12_12_0_,
        stores0_.style_name as style_n13_12_0_,
        stores0_.clothes_length as clothes_4_12_0_,
        stores0_.content as content5_12_0_,
        stores0_.price as price6_12_0_,
        stores0_.sales_info_clothes_id as sales_i14_12_0_,
        stores0_.sales_info_status_id as sales_i15_12_0_,
        stores0_.sales_info_user_id as sales_i16_12_0_,
        stores0_.status as status7_12_0_,
        stores0_.title as title8_12_0_,
        members1_.id as id1_6_1_,
        members1_.email as email2_6_1_,
        members1_.image as image3_6_1_,
        members1_.name as name4_6_1_,
        members1_.nickname as nickname5_6_1_,
        members1_.password as password6_6_1_,
        members1_.phone as phone7_6_1_,
        members1_.refresh_token as refresh_8_6_1_,
        members1_.role as role9_6_1_,
        clothesinf2_.id as id1_2_2_,
        clothesinf2_.categoryl as category2_2_2_,
        clothesinf2_.categorys as category3_2_2_,
        clothesinf2_.fit as fit4_2_2_,
        clothesinf2_.length as length5_2_2_,
        colors3_.id as id1_4_3_,
        colors3_.name as name2_4_3_,
        materials4_.id as id1_5_4_,
        materials4_.name as name2_5_4_,
        style5_.id as id1_14_5_,
        style5_.name as name2_14_5_,
        salesinfoc6_.id as id1_9_6_,
        salesinfoc6_.clothes_brand as clothes_2_9_6_,
        salesinfoc6_.clothes_color as clothes_3_9_6_,
        salesinfoc6_.clothes_gender as clothes_4_9_6_,
        salesinfoc6_.clothes_size as clothes_5_9_6_,
        salesinfos7_.id as id1_10_7_,
        salesinfos7_.status_score as status_s2_10_7_,
        salesinfos7_.status_tag as status_t3_10_7_,
        salesinfos7_.status_times as status_t4_10_7_,
        salesinfos7_.status_when2buy as status_w5_10_7_,
        salesinfos7_.transport as transpor6_10_7_,
        salesinfou8_.id as id1_11_8_,
        salesinfou8_.user_height as user_hei2_11_8_,
        salesinfou8_.user_size as user_siz3_11_8_,
        salesinfou8_.user_weight as user_wei4_11_8_ 
    from
        stores stores0_ 
    left outer join
        members members1_ 
            on stores0_.author_id=members1_.id 
    left outer join
        clothes_info clothesinf2_ 
            on stores0_.clothes_info_id=clothesinf2_.id 
    left outer join
        colors colors3_ 
            on stores0_.colors_name=colors3_.name 
    left outer join
        materials materials4_ 
            on stores0_.materials_name=materials4_.name 
    left outer join
        style style5_ 
            on stores0_.style_name=style5_.name 
    left outer join
        sales_info_clothes salesinfoc6_ 
            on stores0_.sales_info_clothes_id=salesinfoc6_.id 
    left outer join
        sales_info_status salesinfos7_ 
            on stores0_.sales_info_status_id=salesinfos7_.id 
    left outer join
        sales_info_user salesinfou8_ 
            on stores0_.sales_info_user_id=salesinfou8_.id 
    where
        stores0_.id=?
Hibernate: 
    select
        stores0_.id as id1_12_0_,
        stores0_.created_date as created_2_12_0_,
        stores0_.modified_date as modified3_12_0_,
        stores0_.author_id as author_i9_12_0_,
        stores0_.clothes_info_id as clothes10_12_0_,
        stores0_.colors_name as colors_11_12_0_,
        stores0_.materials_name as materia12_12_0_,
        stores0_.style_name as style_n13_12_0_,
        stores0_.clothes_length as clothes_4_12_0_,
        stores0_.content as content5_12_0_,
        stores0_.price as price6_12_0_,
        stores0_.sales_info_clothes_id as sales_i14_12_0_,
        stores0_.sales_info_status_id as sales_i15_12_0_,
        stores0_.sales_info_user_id as sales_i16_12_0_,
        stores0_.status as status7_12_0_,
        stores0_.title as title8_12_0_,
        members1_.id as id1_6_1_,
        members1_.email as email2_6_1_,
        members1_.image as image3_6_1_,
        members1_.name as name4_6_1_,
        members1_.nickname as nickname5_6_1_,
        members1_.password as password6_6_1_,
        members1_.phone as phone7_6_1_,
        members1_.refresh_token as refresh_8_6_1_,
        members1_.role as role9_6_1_,
        clothesinf2_.id as id1_2_2_,
        clothesinf2_.categoryl as category2_2_2_,
        clothesinf2_.categorys as category3_2_2_,
        clothesinf2_.fit as fit4_2_2_,
        clothesinf2_.length as length5_2_2_,
        colors3_.id as id1_4_3_,
        colors3_.name as name2_4_3_,
        materials4_.id as id1_5_4_,
        materials4_.name as name2_5_4_,
        style5_.id as id1_14_5_,
        style5_.name as name2_14_5_,
        salesinfoc6_.id as id1_9_6_,
        salesinfoc6_.clothes_brand as clothes_2_9_6_,
        salesinfoc6_.clothes_color as clothes_3_9_6_,
        salesinfoc6_.clothes_gender as clothes_4_9_6_,
        salesinfoc6_.clothes_size as clothes_5_9_6_,
        salesinfos7_.id as id1_10_7_,
        salesinfos7_.status_score as status_s2_10_7_,
        salesinfos7_.status_tag as status_t3_10_7_,
        salesinfos7_.status_times as status_t4_10_7_,
        salesinfos7_.status_when2buy as status_w5_10_7_,
        salesinfos7_.transport as transpor6_10_7_,
        salesinfou8_.id as id1_11_8_,
        salesinfou8_.user_height as user_hei2_11_8_,
        salesinfou8_.user_size as user_siz3_11_8_,
        salesinfou8_.user_weight as user_wei4_11_8_ 
    from
        stores stores0_ 
    left outer join
        members members1_ 
            on stores0_.author_id=members1_.id 
    left outer join
        clothes_info clothesinf2_ 
            on stores0_.clothes_info_id=clothesinf2_.id 
    left outer join
        colors colors3_ 
            on stores0_.colors_name=colors3_.name 
    left outer join
        materials materials4_ 
            on stores0_.materials_name=materials4_.name 
    left outer join
        style style5_ 
            on stores0_.style_name=style5_.name 
    left outer join
        sales_info_clothes salesinfoc6_ 
            on stores0_.sales_info_clothes_id=salesinfoc6_.id 
    left outer join
        sales_info_status salesinfos7_ 
            on stores0_.sales_info_status_id=salesinfos7_.id 
    left outer join
        sales_info_user salesinfou8_ 
            on stores0_.sales_info_user_id=salesinfou8_.id 
    where
        stores0_.id=?
Hibernate: 
    select
        stores0_.id as id1_12_0_,
        stores0_.created_date as created_2_12_0_,
        stores0_.modified_date as modified3_12_0_,
        stores0_.author_id as author_i9_12_0_,
        stores0_.clothes_info_id as clothes10_12_0_,
        stores0_.colors_name as colors_11_12_0_,
        stores0_.materials_name as materia12_12_0_,
        stores0_.style_name as style_n13_12_0_,
        stores0_.clothes_length as clothes_4_12_0_,
        stores0_.content as content5_12_0_,
        stores0_.price as price6_12_0_,
        stores0_.sales_info_clothes_id as sales_i14_12_0_,
        stores0_.sales_info_status_id as sales_i15_12_0_,
        stores0_.sales_info_user_id as sales_i16_12_0_,
        stores0_.status as status7_12_0_,
        stores0_.title as title8_12_0_,
        members1_.id as id1_6_1_,
        members1_.email as email2_6_1_,
        members1_.image as image3_6_1_,
        members1_.name as name4_6_1_,
        members1_.nickname as nickname5_6_1_,
        members1_.password as password6_6_1_,
        members1_.phone as phone7_6_1_,
        members1_.refresh_token as refresh_8_6_1_,
        members1_.role as role9_6_1_,
        clothesinf2_.id as id1_2_2_,
        clothesinf2_.categoryl as category2_2_2_,
        clothesinf2_.categorys as category3_2_2_,
        clothesinf2_.fit as fit4_2_2_,
        clothesinf2_.length as length5_2_2_,
        colors3_.id as id1_4_3_,
        colors3_.name as name2_4_3_,
        materials4_.id as id1_5_4_,
        materials4_.name as name2_5_4_,
        style5_.id as id1_14_5_,
        style5_.name as name2_14_5_,
        salesinfoc6_.id as id1_9_6_,
        salesinfoc6_.clothes_brand as clothes_2_9_6_,
        salesinfoc6_.clothes_color as clothes_3_9_6_,
        salesinfoc6_.clothes_gender as clothes_4_9_6_,
        salesinfoc6_.clothes_size as clothes_5_9_6_,
        salesinfos7_.id as id1_10_7_,
        salesinfos7_.status_score as status_s2_10_7_,
        salesinfos7_.status_tag as status_t3_10_7_,
        salesinfos7_.status_times as status_t4_10_7_,
        salesinfos7_.status_when2buy as status_w5_10_7_,
        salesinfos7_.transport as transpor6_10_7_,
        salesinfou8_.id as id1_11_8_,
        salesinfou8_.user_height as user_hei2_11_8_,
        salesinfou8_.user_size as user_siz3_11_8_,
        salesinfou8_.user_weight as user_wei4_11_8_ 
    from
        stores stores0_ 
    left outer join
        members members1_ 
            on stores0_.author_id=members1_.id 
    left outer join
        clothes_info clothesinf2_ 
            on stores0_.clothes_info_id=clothesinf2_.id 
    left outer join
        colors colors3_ 
            on stores0_.colors_name=colors3_.name 
    left outer join
        materials materials4_ 
            on stores0_.materials_name=materials4_.name 
    left outer join
        style style5_ 
            on stores0_.style_name=style5_.name 
    left outer join
        sales_info_clothes salesinfoc6_ 
            on stores0_.sales_info_clothes_id=salesinfoc6_.id 
    left outer join
        sales_info_status salesinfos7_ 
            on stores0_.sales_info_status_id=salesinfos7_.id 
    left outer join
        sales_info_user salesinfou8_ 
            on stores0_.sales_info_user_id=salesinfou8_.id 
    where
        stores0_.id=?
Hibernate: 
    select
        stores0_.id as id1_12_0_,
        stores0_.created_date as created_2_12_0_,
        stores0_.modified_date as modified3_12_0_,
        stores0_.author_id as author_i9_12_0_,
        stores0_.clothes_info_id as clothes10_12_0_,
        stores0_.colors_name as colors_11_12_0_,
        stores0_.materials_name as materia12_12_0_,
        stores0_.style_name as style_n13_12_0_,
        stores0_.clothes_length as clothes_4_12_0_,
        stores0_.content as content5_12_0_,
        stores0_.price as price6_12_0_,
        stores0_.sales_info_clothes_id as sales_i14_12_0_,
        stores0_.sales_info_status_id as sales_i15_12_0_,
        stores0_.sales_info_user_id as sales_i16_12_0_,
        stores0_.status as status7_12_0_,
        stores0_.title as title8_12_0_,
        members1_.id as id1_6_1_,
        members1_.email as email2_6_1_,
        members1_.image as image3_6_1_,
        members1_.name as name4_6_1_,
        members1_.nickname as nickname5_6_1_,
        members1_.password as password6_6_1_,
        members1_.phone as phone7_6_1_,
        members1_.refresh_token as refresh_8_6_1_,
        members1_.role as role9_6_1_,
        clothesinf2_.id as id1_2_2_,
        clothesinf2_.categoryl as category2_2_2_,
        clothesinf2_.categorys as category3_2_2_,
        clothesinf2_.fit as fit4_2_2_,
        clothesinf2_.length as length5_2_2_,
        colors3_.id as id1_4_3_,
        colors3_.name as name2_4_3_,
        materials4_.id as id1_5_4_,
        materials4_.name as name2_5_4_,
        style5_.id as id1_14_5_,
        style5_.name as name2_14_5_,
        salesinfoc6_.id as id1_9_6_,
        salesinfoc6_.clothes_brand as clothes_2_9_6_,
        salesinfoc6_.clothes_color as clothes_3_9_6_,
        salesinfoc6_.clothes_gender as clothes_4_9_6_,
        salesinfoc6_.clothes_size as clothes_5_9_6_,
        salesinfos7_.id as id1_10_7_,
        salesinfos7_.status_score as status_s2_10_7_,
        salesinfos7_.status_tag as status_t3_10_7_,
        salesinfos7_.status_times as status_t4_10_7_,
        salesinfos7_.status_when2buy as status_w5_10_7_,
        salesinfos7_.transport as transpor6_10_7_,
        salesinfou8_.id as id1_11_8_,
        salesinfou8_.user_height as user_hei2_11_8_,
        salesinfou8_.user_size as user_siz3_11_8_,
        salesinfou8_.user_weight as user_wei4_11_8_ 
    from
        stores stores0_ 
    left outer join
        members members1_ 
            on stores0_.author_id=members1_.id 
    left outer join
        clothes_info clothesinf2_ 
            on stores0_.clothes_info_id=clothesinf2_.id 
    left outer join
        colors colors3_ 
            on stores0_.colors_name=colors3_.name 
    left outer join
        materials materials4_ 
            on stores0_.materials_name=materials4_.name 
    left outer join
        style style5_ 
            on stores0_.style_name=style5_.name 
    left outer join
        sales_info_clothes salesinfoc6_ 
            on stores0_.sales_info_clothes_id=salesinfoc6_.id 
    left outer join
        sales_info_status salesinfos7_ 
            on stores0_.sales_info_status_id=salesinfos7_.id 
    left outer join
        sales_info_user salesinfou8_ 
            on stores0_.sales_info_user_id=salesinfou8_.id 
    where
        stores0_.id=?
Hibernate: 
    select
        stores0_.id as id1_12_0_,
        stores0_.created_date as created_2_12_0_,
        stores0_.modified_date as modified3_12_0_,
        stores0_.author_id as author_i9_12_0_,
        stores0_.clothes_info_id as clothes10_12_0_,
        stores0_.colors_name as colors_11_12_0_,
        stores0_.materials_name as materia12_12_0_,
        stores0_.style_name as style_n13_12_0_,
        stores0_.clothes_length as clothes_4_12_0_,
        stores0_.content as content5_12_0_,
        stores0_.price as price6_12_0_,
        stores0_.sales_info_clothes_id as sales_i14_12_0_,
        stores0_.sales_info_status_id as sales_i15_12_0_,
        stores0_.sales_info_user_id as sales_i16_12_0_,
        stores0_.status as status7_12_0_,
        stores0_.title as title8_12_0_,
        members1_.id as id1_6_1_,
        members1_.email as email2_6_1_,
        members1_.image as image3_6_1_,
        members1_.name as name4_6_1_,
        members1_.nickname as nickname5_6_1_,
        members1_.password as password6_6_1_,
        members1_.phone as phone7_6_1_,
        members1_.refresh_token as refresh_8_6_1_,
        members1_.role as role9_6_1_,
        clothesinf2_.id as id1_2_2_,
        clothesinf2_.categoryl as category2_2_2_,
        clothesinf2_.categorys as category3_2_2_,
        clothesinf2_.fit as fit4_2_2_,
        clothesinf2_.length as length5_2_2_,
        colors3_.id as id1_4_3_,
        colors3_.name as name2_4_3_,
        materials4_.id as id1_5_4_,
        materials4_.name as name2_5_4_,
        style5_.id as id1_14_5_,
        style5_.name as name2_14_5_,
        salesinfoc6_.id as id1_9_6_,
        salesinfoc6_.clothes_brand as clothes_2_9_6_,
        salesinfoc6_.clothes_color as clothes_3_9_6_,
        salesinfoc6_.clothes_gender as clothes_4_9_6_,
        salesinfoc6_.clothes_size as clothes_5_9_6_,
        salesinfos7_.id as id1_10_7_,
        salesinfos7_.status_score as status_s2_10_7_,
        salesinfos7_.status_tag as status_t3_10_7_,
        salesinfos7_.status_times as status_t4_10_7_,
        salesinfos7_.status_when2buy as status_w5_10_7_,
        salesinfos7_.transport as transpor6_10_7_,
        salesinfou8_.id as id1_11_8_,
        salesinfou8_.user_height as user_hei2_11_8_,
        salesinfou8_.user_size as user_siz3_11_8_,
        salesinfou8_.user_weight as user_wei4_11_8_ 
    from
        stores stores0_ 
    left outer join
        members members1_ 
            on stores0_.author_id=members1_.id 
    left outer join
        clothes_info clothesinf2_ 
            on stores0_.clothes_info_id=clothesinf2_.id 
    left outer join
        colors colors3_ 
            on stores0_.colors_name=colors3_.name 
    left outer join
        materials materials4_ 
            on stores0_.materials_name=materials4_.name 
    left outer join
        style style5_ 
            on stores0_.style_name=style5_.name 
    left outer join
        sales_info_clothes salesinfoc6_ 
            on stores0_.sales_info_clothes_id=salesinfoc6_.id 
    left outer join
        sales_info_status salesinfos7_ 
            on stores0_.sales_info_status_id=salesinfos7_.id 
    left outer join
        sales_info_user salesinfou8_ 
            on stores0_.sales_info_user_id=salesinfou8_.id 
    where
        stores0_.id=?
Hibernate: 
    select
        stores0_.id as id1_12_0_,
        stores0_.created_date as created_2_12_0_,
        stores0_.modified_date as modified3_12_0_,
        stores0_.author_id as author_i9_12_0_,
        stores0_.clothes_info_id as clothes10_12_0_,
        stores0_.colors_name as colors_11_12_0_,
        stores0_.materials_name as materia12_12_0_,
        stores0_.style_name as style_n13_12_0_,
        stores0_.clothes_length as clothes_4_12_0_,
        stores0_.content as content5_12_0_,
        stores0_.price as price6_12_0_,
        stores0_.sales_info_clothes_id as sales_i14_12_0_,
        stores0_.sales_info_status_id as sales_i15_12_0_,
        stores0_.sales_info_user_id as sales_i16_12_0_,
        stores0_.status as status7_12_0_,
        stores0_.title as title8_12_0_,
        members1_.id as id1_6_1_,
        members1_.email as email2_6_1_,
        members1_.image as image3_6_1_,
        members1_.name as name4_6_1_,
        members1_.nickname as nickname5_6_1_,
        members1_.password as password6_6_1_,
        members1_.phone as phone7_6_1_,
        members1_.refresh_token as refresh_8_6_1_,
        members1_.role as role9_6_1_,
        clothesinf2_.id as id1_2_2_,
        clothesinf2_.categoryl as category2_2_2_,
        clothesinf2_.categorys as category3_2_2_,
        clothesinf2_.fit as fit4_2_2_,
        clothesinf2_.length as length5_2_2_,
        colors3_.id as id1_4_3_,
        colors3_.name as name2_4_3_,
        materials4_.id as id1_5_4_,
        materials4_.name as name2_5_4_,
        style5_.id as id1_14_5_,
        style5_.name as name2_14_5_,
        salesinfoc6_.id as id1_9_6_,
        salesinfoc6_.clothes_brand as clothes_2_9_6_,
        salesinfoc6_.clothes_color as clothes_3_9_6_,
        salesinfoc6_.clothes_gender as clothes_4_9_6_,
        salesinfoc6_.clothes_size as clothes_5_9_6_,
        salesinfos7_.id as id1_10_7_,
        salesinfos7_.status_score as status_s2_10_7_,
        salesinfos7_.status_tag as status_t3_10_7_,
        salesinfos7_.status_times as status_t4_10_7_,
        salesinfos7_.status_when2buy as status_w5_10_7_,
        salesinfos7_.transport as transpor6_10_7_,
        salesinfou8_.id as id1_11_8_,
        salesinfou8_.user_height as user_hei2_11_8_,
        salesinfou8_.user_size as user_siz3_11_8_,
        salesinfou8_.user_weight as user_wei4_11_8_ 
    from
        stores stores0_ 
    left outer join
        members members1_ 
            on stores0_.author_id=members1_.id 
    left outer join
        clothes_info clothesinf2_ 
            on stores0_.clothes_info_id=clothesinf2_.id 
    left outer join
        colors colors3_ 
            on stores0_.colors_name=colors3_.name 
    left outer join
        materials materials4_ 
            on stores0_.materials_name=materials4_.name 
    left outer join
        style style5_ 
            on stores0_.style_name=style5_.name 
    left outer join
        sales_info_clothes salesinfoc6_ 
            on stores0_.sales_info_clothes_id=salesinfoc6_.id 
    left outer join
        sales_info_status salesinfos7_ 
            on stores0_.sales_info_status_id=salesinfos7_.id 
    left outer join
        sales_info_user salesinfou8_ 
            on stores0_.sales_info_user_id=salesinfou8_.id 
    where
        stores0_.id=?
Hibernate: 
    select
        stores0_.id as id1_12_0_,
        stores0_.created_date as created_2_12_0_,
        stores0_.modified_date as modified3_12_0_,
        stores0_.author_id as author_i9_12_0_,
        stores0_.clothes_info_id as clothes10_12_0_,
        stores0_.colors_name as colors_11_12_0_,
        stores0_.materials_name as materia12_12_0_,
        stores0_.style_name as style_n13_12_0_,
        stores0_.clothes_length as clothes_4_12_0_,
        stores0_.content as content5_12_0_,
        stores0_.price as price6_12_0_,
        stores0_.sales_info_clothes_id as sales_i14_12_0_,
        stores0_.sales_info_status_id as sales_i15_12_0_,
        stores0_.sales_info_user_id as sales_i16_12_0_,
        stores0_.status as status7_12_0_,
        stores0_.title as title8_12_0_,
        members1_.id as id1_6_1_,
        members1_.email as email2_6_1_,
        members1_.image as image3_6_1_,
        members1_.name as name4_6_1_,
        members1_.nickname as nickname5_6_1_,
        members1_.password as password6_6_1_,
        members1_.phone as phone7_6_1_,
        members1_.refresh_token as refresh_8_6_1_,
        members1_.role as role9_6_1_,
        clothesinf2_.id as id1_2_2_,
        clothesinf2_.categoryl as category2_2_2_,
        clothesinf2_.categorys as category3_2_2_,
        clothesinf2_.fit as fit4_2_2_,
        clothesinf2_.length as length5_2_2_,
        colors3_.id as id1_4_3_,
        colors3_.name as name2_4_3_,
        materials4_.id as id1_5_4_,
        materials4_.name as name2_5_4_,
        style5_.id as id1_14_5_,
        style5_.name as name2_14_5_,
        salesinfoc6_.id as id1_9_6_,
        salesinfoc6_.clothes_brand as clothes_2_9_6_,
        salesinfoc6_.clothes_color as clothes_3_9_6_,
        salesinfoc6_.clothes_gender as clothes_4_9_6_,
        salesinfoc6_.clothes_size as clothes_5_9_6_,
        salesinfos7_.id as id1_10_7_,
        salesinfos7_.status_score as status_s2_10_7_,
        salesinfos7_.status_tag as status_t3_10_7_,
        salesinfos7_.status_times as status_t4_10_7_,
        salesinfos7_.status_when2buy as status_w5_10_7_,
        salesinfos7_.transport as transpor6_10_7_,
        salesinfou8_.id as id1_11_8_,
        salesinfou8_.user_height as user_hei2_11_8_,
        salesinfou8_.user_size as user_siz3_11_8_,
        salesinfou8_.user_weight as user_wei4_11_8_ 
    from
        stores stores0_ 
    left outer join
        members members1_ 
            on stores0_.author_id=members1_.id 
    left outer join
        clothes_info clothesinf2_ 
            on stores0_.clothes_info_id=clothesinf2_.id 
    left outer join
        colors colors3_ 
            on stores0_.colors_name=colors3_.name 
    left outer join
        materials materials4_ 
            on stores0_.materials_name=materials4_.name 
    left outer join
        style style5_ 
            on stores0_.style_name=style5_.name 
    left outer join
        sales_info_clothes salesinfoc6_ 
            on stores0_.sales_info_clothes_id=salesinfoc6_.id 
    left outer join
        sales_info_status salesinfos7_ 
            on stores0_.sales_info_status_id=salesinfos7_.id 
    left outer join
        sales_info_user salesinfou8_ 
            on stores0_.sales_info_user_id=salesinfou8_.id 
    where
        stores0_.id=?
Hibernate: 
    select
        stores0_.id as id1_12_0_,
        stores0_.created_date as created_2_12_0_,
        stores0_.modified_date as modified3_12_0_,
        stores0_.author_id as author_i9_12_0_,
        stores0_.clothes_info_id as clothes10_12_0_,
        stores0_.colors_name as colors_11_12_0_,
        stores0_.materials_name as materia12_12_0_,
        stores0_.style_name as style_n13_12_0_,
        stores0_.clothes_length as clothes_4_12_0_,
        stores0_.content as content5_12_0_,
        stores0_.price as price6_12_0_,
        stores0_.sales_info_clothes_id as sales_i14_12_0_,
        stores0_.sales_info_status_id as sales_i15_12_0_,
        stores0_.sales_info_user_id as sales_i16_12_0_,
        stores0_.status as status7_12_0_,
        stores0_.title as title8_12_0_,
        members1_.id as id1_6_1_,
        members1_.email as email2_6_1_,
        members1_.image as image3_6_1_,
        members1_.name as name4_6_1_,
        members1_.nickname as nickname5_6_1_,
        members1_.password as password6_6_1_,
        members1_.phone as phone7_6_1_,
        members1_.refresh_token as refresh_8_6_1_,
        members1_.role as role9_6_1_,
        clothesinf2_.id as id1_2_2_,
        clothesinf2_.categoryl as category2_2_2_,
        clothesinf2_.categorys as category3_2_2_,
        clothesinf2_.fit as fit4_2_2_,
        clothesinf2_.length as length5_2_2_,
        colors3_.id as id1_4_3_,
        colors3_.name as name2_4_3_,
        materials4_.id as id1_5_4_,
        materials4_.name as name2_5_4_,
        style5_.id as id1_14_5_,
        style5_.name as name2_14_5_,
        salesinfoc6_.id as id1_9_6_,
        salesinfoc6_.clothes_brand as clothes_2_9_6_,
        salesinfoc6_.clothes_color as clothes_3_9_6_,
        salesinfoc6_.clothes_gender as clothes_4_9_6_,
        salesinfoc6_.clothes_size as clothes_5_9_6_,
        salesinfos7_.id as id1_10_7_,
        salesinfos7_.status_score as status_s2_10_7_,
        salesinfos7_.status_tag as status_t3_10_7_,
        salesinfos7_.status_times as status_t4_10_7_,
        salesinfos7_.status_when2buy as status_w5_10_7_,
        salesinfos7_.transport as transpor6_10_7_,
        salesinfou8_.id as id1_11_8_,
        salesinfou8_.user_height as user_hei2_11_8_,
        salesinfou8_.user_size as user_siz3_11_8_,
        salesinfou8_.user_weight as user_wei4_11_8_ 
    from
        stores stores0_ 
    left outer join
        members members1_ 
            on stores0_.author_id=members1_.id 
    left outer join
        clothes_info clothesinf2_ 
            on stores0_.clothes_info_id=clothesinf2_.id 
    left outer join
        colors colors3_ 
            on stores0_.colors_name=colors3_.name 
    left outer join
        materials materials4_ 
            on stores0_.materials_name=materials4_.name 
    left outer join
        style style5_ 
            on stores0_.style_name=style5_.name 
    left outer join
        sales_info_clothes salesinfoc6_ 
            on stores0_.sales_info_clothes_id=salesinfoc6_.id 
    left outer join
        sales_info_status salesinfos7_ 
            on stores0_.sales_info_status_id=salesinfos7_.id 
    left outer join
        sales_info_user salesinfou8_ 
            on stores0_.sales_info_user_id=salesinfou8_.id 
    where
        stores0_.id=?
Hibernate: 
    select
        stores0_.id as id1_12_0_,
        stores0_.created_date as created_2_12_0_,
        stores0_.modified_date as modified3_12_0_,
        stores0_.author_id as author_i9_12_0_,
        stores0_.clothes_info_id as clothes10_12_0_,
        stores0_.colors_name as colors_11_12_0_,
        stores0_.materials_name as materia12_12_0_,
        stores0_.style_name as style_n13_12_0_,
        stores0_.clothes_length as clothes_4_12_0_,
        stores0_.content as content5_12_0_,
        stores0_.price as price6_12_0_,
        stores0_.sales_info_clothes_id as sales_i14_12_0_,
        stores0_.sales_info_status_id as sales_i15_12_0_,
        stores0_.sales_info_user_id as sales_i16_12_0_,
        stores0_.status as status7_12_0_,
        stores0_.title as title8_12_0_,
        members1_.id as id1_6_1_,
        members1_.email as email2_6_1_,
        members1_.image as image3_6_1_,
        members1_.name as name4_6_1_,
        members1_.nickname as nickname5_6_1_,
        members1_.password as password6_6_1_,
        members1_.phone as phone7_6_1_,
        members1_.refresh_token as refresh_8_6_1_,
        members1_.role as role9_6_1_,
        clothesinf2_.id as id1_2_2_,
        clothesinf2_.categoryl as category2_2_2_,
        clothesinf2_.categorys as category3_2_2_,
        clothesinf2_.fit as fit4_2_2_,
        clothesinf2_.length as length5_2_2_,
        colors3_.id as id1_4_3_,
        colors3_.name as name2_4_3_,
        materials4_.id as id1_5_4_,
        materials4_.name as name2_5_4_,
        style5_.id as id1_14_5_,
        style5_.name as name2_14_5_,
        salesinfoc6_.id as id1_9_6_,
        salesinfoc6_.clothes_brand as clothes_2_9_6_,
        salesinfoc6_.clothes_color as clothes_3_9_6_,
        salesinfoc6_.clothes_gender as clothes_4_9_6_,
        salesinfoc6_.clothes_size as clothes_5_9_6_,
        salesinfos7_.id as id1_10_7_,
        salesinfos7_.status_score as status_s2_10_7_,
        salesinfos7_.status_tag as status_t3_10_7_,
        salesinfos7_.status_times as status_t4_10_7_,
        salesinfos7_.status_when2buy as status_w5_10_7_,
        salesinfos7_.transport as transpor6_10_7_,
        salesinfou8_.id as id1_11_8_,
        salesinfou8_.user_height as user_hei2_11_8_,
        salesinfou8_.user_size as user_siz3_11_8_,
        salesinfou8_.user_weight as user_wei4_11_8_ 
    from
        stores stores0_ 
    left outer join
        members members1_ 
            on stores0_.author_id=members1_.id 
    left outer join
        clothes_info clothesinf2_ 
            on stores0_.clothes_info_id=clothesinf2_.id 
    left outer join
        colors colors3_ 
            on stores0_.colors_name=colors3_.name 
    left outer join
        materials materials4_ 
            on stores0_.materials_name=materials4_.name 
    left outer join
        style style5_ 
            on stores0_.style_name=style5_.name 
    left outer join
        sales_info_clothes salesinfoc6_ 
            on stores0_.sales_info_clothes_id=salesinfoc6_.id 
    left outer join
        sales_info_status salesinfos7_ 
            on stores0_.sales_info_status_id=salesinfos7_.id 
    left outer join
        sales_info_user salesinfou8_ 
            on stores0_.sales_info_user_id=salesinfou8_.id 
    where
        stores0_.id=?
Hibernate: 
    select
        stores0_.id as id1_12_0_,
        stores0_.created_date as created_2_12_0_,
        stores0_.modified_date as modified3_12_0_,
        stores0_.author_id as author_i9_12_0_,
        stores0_.clothes_info_id as clothes10_12_0_,
        stores0_.colors_name as colors_11_12_0_,
        stores0_.materials_name as materia12_12_0_,
        stores0_.style_name as style_n13_12_0_,
        stores0_.clothes_length as clothes_4_12_0_,
        stores0_.content as content5_12_0_,
        stores0_.price as price6_12_0_,
        stores0_.sales_info_clothes_id as sales_i14_12_0_,
        stores0_.sales_info_status_id as sales_i15_12_0_,
        stores0_.sales_info_user_id as sales_i16_12_0_,
        stores0_.status as status7_12_0_,
        stores0_.title as title8_12_0_,
        members1_.id as id1_6_1_,
        members1_.email as email2_6_1_,
        members1_.image as image3_6_1_,
        members1_.name as name4_6_1_,
        members1_.nickname as nickname5_6_1_,
        members1_.password as password6_6_1_,
        members1_.phone as phone7_6_1_,
        members1_.refresh_token as refresh_8_6_1_,
        members1_.role as role9_6_1_,
        clothesinf2_.id as id1_2_2_,
        clothesinf2_.categoryl as category2_2_2_,
        clothesinf2_.categorys as category3_2_2_,
        clothesinf2_.fit as fit4_2_2_,
        clothesinf2_.length as length5_2_2_,
        colors3_.id as id1_4_3_,
        colors3_.name as name2_4_3_,
        materials4_.id as id1_5_4_,
        materials4_.name as name2_5_4_,
        style5_.id as id1_14_5_,
        style5_.name as name2_14_5_,
        salesinfoc6_.id as id1_9_6_,
        salesinfoc6_.clothes_brand as clothes_2_9_6_,
        salesinfoc6_.clothes_color as clothes_3_9_6_,
        salesinfoc6_.clothes_gender as clothes_4_9_6_,
        salesinfoc6_.clothes_size as clothes_5_9_6_,
        salesinfos7_.id as id1_10_7_,
        salesinfos7_.status_score as status_s2_10_7_,
        salesinfos7_.status_tag as status_t3_10_7_,
        salesinfos7_.status_times as status_t4_10_7_,
        salesinfos7_.status_when2buy as status_w5_10_7_,
        salesinfos7_.transport as transpor6_10_7_,
        salesinfou8_.id as id1_11_8_,
        salesinfou8_.user_height as user_hei2_11_8_,
        salesinfou8_.user_size as user_siz3_11_8_,
        salesinfou8_.user_weight as user_wei4_11_8_ 
    from
        stores stores0_ 
    left outer join
        members members1_ 
            on stores0_.author_id=members1_.id 
    left outer join
        clothes_info clothesinf2_ 
            on stores0_.clothes_info_id=clothesinf2_.id 
    left outer join
        colors colors3_ 
            on stores0_.colors_name=colors3_.name 
    left outer join
        materials materials4_ 
            on stores0_.materials_name=materials4_.name 
    left outer join
        style style5_ 
            on stores0_.style_name=style5_.name 
    left outer join
        sales_info_clothes salesinfoc6_ 
            on stores0_.sales_info_clothes_id=salesinfoc6_.id 
    left outer join
        sales_info_status salesinfos7_ 
            on stores0_.sales_info_status_id=salesinfos7_.id 
    left outer join
        sales_info_user salesinfou8_ 
            on stores0_.sales_info_user_id=salesinfou8_.id 
    where
        stores0_.id=?
Hibernate: 
    select
        stores0_.id as id1_12_0_,
        stores0_.created_date as created_2_12_0_,
        stores0_.modified_date as modified3_12_0_,
        stores0_.author_id as author_i9_12_0_,
        stores0_.clothes_info_id as clothes10_12_0_,
        stores0_.colors_name as colors_11_12_0_,
        stores0_.materials_name as materia12_12_0_,
        stores0_.style_name as style_n13_12_0_,
        stores0_.clothes_length as clothes_4_12_0_,
        stores0_.content as content5_12_0_,
        stores0_.price as price6_12_0_,
        stores0_.sales_info_clothes_id as sales_i14_12_0_,
        stores0_.sales_info_status_id as sales_i15_12_0_,
        stores0_.sales_info_user_id as sales_i16_12_0_,
        stores0_.status as status7_12_0_,
        stores0_.title as title8_12_0_,
        members1_.id as id1_6_1_,
        members1_.email as email2_6_1_,
        members1_.image as image3_6_1_,
        members1_.name as name4_6_1_,
        members1_.nickname as nickname5_6_1_,
        members1_.password as password6_6_1_,
        members1_.phone as phone7_6_1_,
        members1_.refresh_token as refresh_8_6_1_,
        members1_.role as role9_6_1_,
        clothesinf2_.id as id1_2_2_,
        clothesinf2_.categoryl as category2_2_2_,
        clothesinf2_.categorys as category3_2_2_,
        clothesinf2_.fit as fit4_2_2_,
        clothesinf2_.length as length5_2_2_,
        colors3_.id as id1_4_3_,
        colors3_.name as name2_4_3_,
        materials4_.id as id1_5_4_,
        materials4_.name as name2_5_4_,
        style5_.id as id1_14_5_,
        style5_.name as name2_14_5_,
        salesinfoc6_.id as id1_9_6_,
        salesinfoc6_.clothes_brand as clothes_2_9_6_,
        salesinfoc6_.clothes_color as clothes_3_9_6_,
        salesinfoc6_.clothes_gender as clothes_4_9_6_,
        salesinfoc6_.clothes_size as clothes_5_9_6_,
        salesinfos7_.id as id1_10_7_,
        salesinfos7_.status_score as status_s2_10_7_,
        salesinfos7_.status_tag as status_t3_10_7_,
        salesinfos7_.status_times as status_t4_10_7_,
        salesinfos7_.status_when2buy as status_w5_10_7_,
        salesinfos7_.transport as transpor6_10_7_,
        salesinfou8_.id as id1_11_8_,
        salesinfou8_.user_height as user_hei2_11_8_,
        salesinfou8_.user_size as user_siz3_11_8_,
        salesinfou8_.user_weight as user_wei4_11_8_ 
    from
        stores stores0_ 
    left outer join
        members members1_ 
            on stores0_.author_id=members1_.id 
    left outer join
        clothes_info clothesinf2_ 
            on stores0_.clothes_info_id=clothesinf2_.id 
    left outer join
        colors colors3_ 
            on stores0_.colors_name=colors3_.name 
    left outer join
        materials materials4_ 
            on stores0_.materials_name=materials4_.name 
    left outer join
        style style5_ 
            on stores0_.style_name=style5_.name 
    left outer join
        sales_info_clothes salesinfoc6_ 
            on stores0_.sales_info_clothes_id=salesinfoc6_.id 
    left outer join
        sales_info_status salesinfos7_ 
            on stores0_.sales_info_status_id=salesinfos7_.id 
    left outer join
        sales_info_user salesinfou8_ 
            on stores0_.sales_info_user_id=salesinfou8_.id 
    where
        stores0_.id=?
2022-11-10 12:34:06.859  INFO 9968 --- [    Test worker] o.a.c.c.C.[Tomcat].[localhost].[/]       : Initializing Spring TestDispatcherServlet ''
2022-11-10 12:34:06.859  INFO 9968 --- [    Test worker] o.s.t.web.servlet.TestDispatcherServlet  : Initializing Servlet ''
2022-11-10 12:34:06.861  INFO 9968 --- [    Test worker] o.s.t.web.servlet.TestDispatcherServlet  : Completed initialization in 2 ms
gunsong2@naver.com
Hibernate: 
    select
        members0_.id as id1_6_,
        members0_.email as email2_6_,
        members0_.image as image3_6_,
        members0_.name as name4_6_,
        members0_.nickname as nickname5_6_,
        members0_.password as password6_6_,
        members0_.phone as phone7_6_,
        members0_.refresh_token as refresh_8_6_,
        members0_.role as role9_6_ 
    from
        members members0_ 
    where
        members0_.email=?
Hibernate: 
    select
        images1_.id as col_0_0_,
        stores0_.title as col_1_0_,
        stores0_.id as col_2_0_,
        stores0_.modified_date as col_3_0_,
        stores0_.price as col_4_0_,
        stores0_.content as col_5_0_,
        salesinfos2_.transport as col_6_0_,
        images1_.id as id1_3_,
        images1_.closets_post_id as closets_4_3_,
        images1_.path as path2_3_,
        images1_.stores_post_id as stores_p5_3_,
        images1_.type as type3_3_ 
    from
        stores stores0_ 
    inner join
        clothes_image images1_ 
            on stores0_.id=images1_.stores_post_id cross 
    join
        sales_info_status salesinfos2_ 
    where
        stores0_.sales_info_status_id=salesinfos2_.id 
        and (
            images1_.id in (
                select
                    clothesima3_.id 
                from
                    clothes_image clothesima3_ cross 
                join
                    stores stores4_ 
                where
                    clothesima3_.stores_post_id=stores4_.id 
                    and (
                        clothesima3_.closets_post_id is null
                    ) 
                group by
                    clothesima3_.stores_post_id 
                order by
                    stores4_.created_date asc
            )
        ) 
        and (
            stores0_.title like ? escape '!' 
            or stores0_.content like ? escape '!'
        ) 
    order by
        stores0_.created_date desc limit ?
Hibernate: 
    select
        stores0_.id as id1_12_0_,
        stores0_.created_date as created_2_12_0_,
        stores0_.modified_date as modified3_12_0_,
        stores0_.author_id as author_i9_12_0_,
        stores0_.clothes_info_id as clothes10_12_0_,
        stores0_.colors_name as colors_11_12_0_,
        stores0_.materials_name as materia12_12_0_,
        stores0_.style_name as style_n13_12_0_,
        stores0_.clothes_length as clothes_4_12_0_,
        stores0_.content as content5_12_0_,
        stores0_.price as price6_12_0_,
        stores0_.sales_info_clothes_id as sales_i14_12_0_,
        stores0_.sales_info_status_id as sales_i15_12_0_,
        stores0_.sales_info_user_id as sales_i16_12_0_,
        stores0_.status as status7_12_0_,
        stores0_.title as title8_12_0_,
        members1_.id as id1_6_1_,
        members1_.email as email2_6_1_,
        members1_.image as image3_6_1_,
        members1_.name as name4_6_1_,
        members1_.nickname as nickname5_6_1_,
        members1_.password as password6_6_1_,
        members1_.phone as phone7_6_1_,
        members1_.refresh_token as refresh_8_6_1_,
        members1_.role as role9_6_1_,
        clothesinf2_.id as id1_2_2_,
        clothesinf2_.categoryl as category2_2_2_,
        clothesinf2_.categorys as category3_2_2_,
        clothesinf2_.fit as fit4_2_2_,
        clothesinf2_.length as length5_2_2_,
        colors3_.id as id1_4_3_,
        colors3_.name as name2_4_3_,
        materials4_.id as id1_5_4_,
        materials4_.name as name2_5_4_,
        style5_.id as id1_14_5_,
        style5_.name as name2_14_5_,
        salesinfoc6_.id as id1_9_6_,
        salesinfoc6_.clothes_brand as clothes_2_9_6_,
        salesinfoc6_.clothes_color as clothes_3_9_6_,
        salesinfoc6_.clothes_gender as clothes_4_9_6_,
        salesinfoc6_.clothes_size as clothes_5_9_6_,
        salesinfos7_.id as id1_10_7_,
        salesinfos7_.status_score as status_s2_10_7_,
        salesinfos7_.status_tag as status_t3_10_7_,
        salesinfos7_.status_times as status_t4_10_7_,
        salesinfos7_.status_when2buy as status_w5_10_7_,
        salesinfos7_.transport as transpor6_10_7_,
        salesinfou8_.id as id1_11_8_,
        salesinfou8_.user_height as user_hei2_11_8_,
        salesinfou8_.user_size as user_siz3_11_8_,
        salesinfou8_.user_weight as user_wei4_11_8_ 
    from
        stores stores0_ 
    left outer join
        members members1_ 
            on stores0_.author_id=members1_.id 
    left outer join
        clothes_info clothesinf2_ 
            on stores0_.clothes_info_id=clothesinf2_.id 
    left outer join
        colors colors3_ 
            on stores0_.colors_name=colors3_.name 
    left outer join
        materials materials4_ 
            on stores0_.materials_name=materials4_.name 
    left outer join
        style style5_ 
            on stores0_.style_name=style5_.name 
    left outer join
        sales_info_clothes salesinfoc6_ 
            on stores0_.sales_info_clothes_id=salesinfoc6_.id 
    left outer join
        sales_info_status salesinfos7_ 
            on stores0_.sales_info_status_id=salesinfos7_.id 
    left outer join
        sales_info_user salesinfou8_ 
            on stores0_.sales_info_user_id=salesinfou8_.id 
    where
        stores0_.id=?
Hibernate: 
    select
        stores0_.id as id1_12_0_,
        stores0_.created_date as created_2_12_0_,
        stores0_.modified_date as modified3_12_0_,
        stores0_.author_id as author_i9_12_0_,
        stores0_.clothes_info_id as clothes10_12_0_,
        stores0_.colors_name as colors_11_12_0_,
        stores0_.materials_name as materia12_12_0_,
        stores0_.style_name as style_n13_12_0_,
        stores0_.clothes_length as clothes_4_12_0_,
        stores0_.content as content5_12_0_,
        stores0_.price as price6_12_0_,
        stores0_.sales_info_clothes_id as sales_i14_12_0_,
        stores0_.sales_info_status_id as sales_i15_12_0_,
        stores0_.sales_info_user_id as sales_i16_12_0_,
        stores0_.status as status7_12_0_,
        stores0_.title as title8_12_0_,
        members1_.id as id1_6_1_,
        members1_.email as email2_6_1_,
        members1_.image as image3_6_1_,
        members1_.name as name4_6_1_,
        members1_.nickname as nickname5_6_1_,
        members1_.password as password6_6_1_,
        members1_.phone as phone7_6_1_,
        members1_.refresh_token as refresh_8_6_1_,
        members1_.role as role9_6_1_,
        clothesinf2_.id as id1_2_2_,
        clothesinf2_.categoryl as category2_2_2_,
        clothesinf2_.categorys as category3_2_2_,
        clothesinf2_.fit as fit4_2_2_,
        clothesinf2_.length as length5_2_2_,
        colors3_.id as id1_4_3_,
        colors3_.name as name2_4_3_,
        materials4_.id as id1_5_4_,
        materials4_.name as name2_5_4_,
        style5_.id as id1_14_5_,
        style5_.name as name2_14_5_,
        salesinfoc6_.id as id1_9_6_,
        salesinfoc6_.clothes_brand as clothes_2_9_6_,
        salesinfoc6_.clothes_color as clothes_3_9_6_,
        salesinfoc6_.clothes_gender as clothes_4_9_6_,
        salesinfoc6_.clothes_size as clothes_5_9_6_,
        salesinfos7_.id as id1_10_7_,
        salesinfos7_.status_score as status_s2_10_7_,
        salesinfos7_.status_tag as status_t3_10_7_,
        salesinfos7_.status_times as status_t4_10_7_,
        salesinfos7_.status_when2buy as status_w5_10_7_,
        salesinfos7_.transport as transpor6_10_7_,
        salesinfou8_.id as id1_11_8_,
        salesinfou8_.user_height as user_hei2_11_8_,
        salesinfou8_.user_size as user_siz3_11_8_,
        salesinfou8_.user_weight as user_wei4_11_8_ 
    from
        stores stores0_ 
    left outer join
        members members1_ 
            on stores0_.author_id=members1_.id 
    left outer join
        clothes_info clothesinf2_ 
            on stores0_.clothes_info_id=clothesinf2_.id 
    left outer join
        colors colors3_ 
            on stores0_.colors_name=colors3_.name 
    left outer join
        materials materials4_ 
            on stores0_.materials_name=materials4_.name 
    left outer join
        style style5_ 
            on stores0_.style_name=style5_.name 
    left outer join
        sales_info_clothes salesinfoc6_ 
            on stores0_.sales_info_clothes_id=salesinfoc6_.id 
    left outer join
        sales_info_status salesinfos7_ 
            on stores0_.sales_info_status_id=salesinfos7_.id 
    left outer join
        sales_info_user salesinfou8_ 
            on stores0_.sales_info_user_id=salesinfou8_.id 
    where
        stores0_.id=?
Hibernate: 
    select
        stores0_.id as id1_12_0_,
        stores0_.created_date as created_2_12_0_,
        stores0_.modified_date as modified3_12_0_,
        stores0_.author_id as author_i9_12_0_,
        stores0_.clothes_info_id as clothes10_12_0_,
        stores0_.colors_name as colors_11_12_0_,
        stores0_.materials_name as materia12_12_0_,
        stores0_.style_name as style_n13_12_0_,
        stores0_.clothes_length as clothes_4_12_0_,
        stores0_.content as content5_12_0_,
        stores0_.price as price6_12_0_,
        stores0_.sales_info_clothes_id as sales_i14_12_0_,
        stores0_.sales_info_status_id as sales_i15_12_0_,
        stores0_.sales_info_user_id as sales_i16_12_0_,
        stores0_.status as status7_12_0_,
        stores0_.title as title8_12_0_,
        members1_.id as id1_6_1_,
        members1_.email as email2_6_1_,
        members1_.image as image3_6_1_,
        members1_.name as name4_6_1_,
        members1_.nickname as nickname5_6_1_,
        members1_.password as password6_6_1_,
        members1_.phone as phone7_6_1_,
        members1_.refresh_token as refresh_8_6_1_,
        members1_.role as role9_6_1_,
        clothesinf2_.id as id1_2_2_,
        clothesinf2_.categoryl as category2_2_2_,
        clothesinf2_.categorys as category3_2_2_,
        clothesinf2_.fit as fit4_2_2_,
        clothesinf2_.length as length5_2_2_,
        colors3_.id as id1_4_3_,
        colors3_.name as name2_4_3_,
        materials4_.id as id1_5_4_,
        materials4_.name as name2_5_4_,
        style5_.id as id1_14_5_,
        style5_.name as name2_14_5_,
        salesinfoc6_.id as id1_9_6_,
        salesinfoc6_.clothes_brand as clothes_2_9_6_,
        salesinfoc6_.clothes_color as clothes_3_9_6_,
        salesinfoc6_.clothes_gender as clothes_4_9_6_,
        salesinfoc6_.clothes_size as clothes_5_9_6_,
        salesinfos7_.id as id1_10_7_,
        salesinfos7_.status_score as status_s2_10_7_,
        salesinfos7_.status_tag as status_t3_10_7_,
        salesinfos7_.status_times as status_t4_10_7_,
        salesinfos7_.status_when2buy as status_w5_10_7_,
        salesinfos7_.transport as transpor6_10_7_,
        salesinfou8_.id as id1_11_8_,
        salesinfou8_.user_height as user_hei2_11_8_,
        salesinfou8_.user_size as user_siz3_11_8_,
        salesinfou8_.user_weight as user_wei4_11_8_ 
    from
        stores stores0_ 
    left outer join
        members members1_ 
            on stores0_.author_id=members1_.id 
    left outer join
        clothes_info clothesinf2_ 
            on stores0_.clothes_info_id=clothesinf2_.id 
    left outer join
        colors colors3_ 
            on stores0_.colors_name=colors3_.name 
    left outer join
        materials materials4_ 
            on stores0_.materials_name=materials4_.name 
    left outer join
        style style5_ 
            on stores0_.style_name=style5_.name 
    left outer join
        sales_info_clothes salesinfoc6_ 
            on stores0_.sales_info_clothes_id=salesinfoc6_.id 
    left outer join
        sales_info_status salesinfos7_ 
            on stores0_.sales_info_status_id=salesinfos7_.id 
    left outer join
        sales_info_user salesinfou8_ 
            on stores0_.sales_info_user_id=salesinfou8_.id 
    where
        stores0_.id=?
Hibernate: 
    select
        stores0_.id as id1_12_0_,
        stores0_.created_date as created_2_12_0_,
        stores0_.modified_date as modified3_12_0_,
        stores0_.author_id as author_i9_12_0_,
        stores0_.clothes_info_id as clothes10_12_0_,
        stores0_.colors_name as colors_11_12_0_,
        stores0_.materials_name as materia12_12_0_,
        stores0_.style_name as style_n13_12_0_,
        stores0_.clothes_length as clothes_4_12_0_,
        stores0_.content as content5_12_0_,
        stores0_.price as price6_12_0_,
        stores0_.sales_info_clothes_id as sales_i14_12_0_,
        stores0_.sales_info_status_id as sales_i15_12_0_,
        stores0_.sales_info_user_id as sales_i16_12_0_,
        stores0_.status as status7_12_0_,
        stores0_.title as title8_12_0_,
        members1_.id as id1_6_1_,
        members1_.email as email2_6_1_,
        members1_.image as image3_6_1_,
        members1_.name as name4_6_1_,
        members1_.nickname as nickname5_6_1_,
        members1_.password as password6_6_1_,
        members1_.phone as phone7_6_1_,
        members1_.refresh_token as refresh_8_6_1_,
        members1_.role as role9_6_1_,
        clothesinf2_.id as id1_2_2_,
        clothesinf2_.categoryl as category2_2_2_,
        clothesinf2_.categorys as category3_2_2_,
        clothesinf2_.fit as fit4_2_2_,
        clothesinf2_.length as length5_2_2_,
        colors3_.id as id1_4_3_,
        colors3_.name as name2_4_3_,
        materials4_.id as id1_5_4_,
        materials4_.name as name2_5_4_,
        style5_.id as id1_14_5_,
        style5_.name as name2_14_5_,
        salesinfoc6_.id as id1_9_6_,
        salesinfoc6_.clothes_brand as clothes_2_9_6_,
        salesinfoc6_.clothes_color as clothes_3_9_6_,
        salesinfoc6_.clothes_gender as clothes_4_9_6_,
        salesinfoc6_.clothes_size as clothes_5_9_6_,
        salesinfos7_.id as id1_10_7_,
        salesinfos7_.status_score as status_s2_10_7_,
        salesinfos7_.status_tag as status_t3_10_7_,
        salesinfos7_.status_times as status_t4_10_7_,
        salesinfos7_.status_when2buy as status_w5_10_7_,
        salesinfos7_.transport as transpor6_10_7_,
        salesinfou8_.id as id1_11_8_,
        salesinfou8_.user_height as user_hei2_11_8_,
        salesinfou8_.user_size as user_siz3_11_8_,
        salesinfou8_.user_weight as user_wei4_11_8_ 
    from
        stores stores0_ 
    left outer join
        members members1_ 
            on stores0_.author_id=members1_.id 
    left outer join
        clothes_info clothesinf2_ 
            on stores0_.clothes_info_id=clothesinf2_.id 
    left outer join
        colors colors3_ 
            on stores0_.colors_name=colors3_.name 
    left outer join
        materials materials4_ 
            on stores0_.materials_name=materials4_.name 
    left outer join
        style style5_ 
            on stores0_.style_name=style5_.name 
    left outer join
        sales_info_clothes salesinfoc6_ 
            on stores0_.sales_info_clothes_id=salesinfoc6_.id 
    left outer join
        sales_info_status salesinfos7_ 
            on stores0_.sales_info_status_id=salesinfos7_.id 
    left outer join
        sales_info_user salesinfou8_ 
            on stores0_.sales_info_user_id=salesinfou8_.id 
    where
        stores0_.id=?
Hibernate: 
    select
        stores0_.id as id1_12_0_,
        stores0_.created_date as created_2_12_0_,
        stores0_.modified_date as modified3_12_0_,
        stores0_.author_id as author_i9_12_0_,
        stores0_.clothes_info_id as clothes10_12_0_,
        stores0_.colors_name as colors_11_12_0_,
        stores0_.materials_name as materia12_12_0_,
        stores0_.style_name as style_n13_12_0_,
        stores0_.clothes_length as clothes_4_12_0_,
        stores0_.content as content5_12_0_,
        stores0_.price as price6_12_0_,
        stores0_.sales_info_clothes_id as sales_i14_12_0_,
        stores0_.sales_info_status_id as sales_i15_12_0_,
        stores0_.sales_info_user_id as sales_i16_12_0_,
        stores0_.status as status7_12_0_,
        stores0_.title as title8_12_0_,
        members1_.id as id1_6_1_,
        members1_.email as email2_6_1_,
        members1_.image as image3_6_1_,
        members1_.name as name4_6_1_,
        members1_.nickname as nickname5_6_1_,
        members1_.password as password6_6_1_,
        members1_.phone as phone7_6_1_,
        members1_.refresh_token as refresh_8_6_1_,
        members1_.role as role9_6_1_,
        clothesinf2_.id as id1_2_2_,
        clothesinf2_.categoryl as category2_2_2_,
        clothesinf2_.categorys as category3_2_2_,
        clothesinf2_.fit as fit4_2_2_,
        clothesinf2_.length as length5_2_2_,
        colors3_.id as id1_4_3_,
        colors3_.name as name2_4_3_,
        materials4_.id as id1_5_4_,
        materials4_.name as name2_5_4_,
        style5_.id as id1_14_5_,
        style5_.name as name2_14_5_,
        salesinfoc6_.id as id1_9_6_,
        salesinfoc6_.clothes_brand as clothes_2_9_6_,
        salesinfoc6_.clothes_color as clothes_3_9_6_,
        salesinfoc6_.clothes_gender as clothes_4_9_6_,
        salesinfoc6_.clothes_size as clothes_5_9_6_,
        salesinfos7_.id as id1_10_7_,
        salesinfos7_.status_score as status_s2_10_7_,
        salesinfos7_.status_tag as status_t3_10_7_,
        salesinfos7_.status_times as status_t4_10_7_,
        salesinfos7_.status_when2buy as status_w5_10_7_,
        salesinfos7_.transport as transpor6_10_7_,
        salesinfou8_.id as id1_11_8_,
        salesinfou8_.user_height as user_hei2_11_8_,
        salesinfou8_.user_size as user_siz3_11_8_,
        salesinfou8_.user_weight as user_wei4_11_8_ 
    from
        stores stores0_ 
    left outer join
        members members1_ 
            on stores0_.author_id=members1_.id 
    left outer join
        clothes_info clothesinf2_ 
            on stores0_.clothes_info_id=clothesinf2_.id 
    left outer join
        colors colors3_ 
            on stores0_.colors_name=colors3_.name 
    left outer join
        materials materials4_ 
            on stores0_.materials_name=materials4_.name 
    left outer join
        style style5_ 
            on stores0_.style_name=style5_.name 
    left outer join
        sales_info_clothes salesinfoc6_ 
            on stores0_.sales_info_clothes_id=salesinfoc6_.id 
    left outer join
        sales_info_status salesinfos7_ 
            on stores0_.sales_info_status_id=salesinfos7_.id 
    left outer join
        sales_info_user salesinfou8_ 
            on stores0_.sales_info_user_id=salesinfou8_.id 
    where
        stores0_.id=?
Hibernate: 
    select
        stores0_.id as id1_12_0_,
        stores0_.created_date as created_2_12_0_,
        stores0_.modified_date as modified3_12_0_,
        stores0_.author_id as author_i9_12_0_,
        stores0_.clothes_info_id as clothes10_12_0_,
        stores0_.colors_name as colors_11_12_0_,
        stores0_.materials_name as materia12_12_0_,
        stores0_.style_name as style_n13_12_0_,
        stores0_.clothes_length as clothes_4_12_0_,
        stores0_.content as content5_12_0_,
        stores0_.price as price6_12_0_,
        stores0_.sales_info_clothes_id as sales_i14_12_0_,
        stores0_.sales_info_status_id as sales_i15_12_0_,
        stores0_.sales_info_user_id as sales_i16_12_0_,
        stores0_.status as status7_12_0_,
        stores0_.title as title8_12_0_,
        members1_.id as id1_6_1_,
        members1_.email as email2_6_1_,
        members1_.image as image3_6_1_,
        members1_.name as name4_6_1_,
        members1_.nickname as nickname5_6_1_,
        members1_.password as password6_6_1_,
        members1_.phone as phone7_6_1_,
        members1_.refresh_token as refresh_8_6_1_,
        members1_.role as role9_6_1_,
        clothesinf2_.id as id1_2_2_,
        clothesinf2_.categoryl as category2_2_2_,
        clothesinf2_.categorys as category3_2_2_,
        clothesinf2_.fit as fit4_2_2_,
        clothesinf2_.length as length5_2_2_,
        colors3_.id as id1_4_3_,
        colors3_.name as name2_4_3_,
        materials4_.id as id1_5_4_,
        materials4_.name as name2_5_4_,
        style5_.id as id1_14_5_,
        style5_.name as name2_14_5_,
        salesinfoc6_.id as id1_9_6_,
        salesinfoc6_.clothes_brand as clothes_2_9_6_,
        salesinfoc6_.clothes_color as clothes_3_9_6_,
        salesinfoc6_.clothes_gender as clothes_4_9_6_,
        salesinfoc6_.clothes_size as clothes_5_9_6_,
        salesinfos7_.id as id1_10_7_,
        salesinfos7_.status_score as status_s2_10_7_,
        salesinfos7_.status_tag as status_t3_10_7_,
        salesinfos7_.status_times as status_t4_10_7_,
        salesinfos7_.status_when2buy as status_w5_10_7_,
        salesinfos7_.transport as transpor6_10_7_,
        salesinfou8_.id as id1_11_8_,
        salesinfou8_.user_height as user_hei2_11_8_,
        salesinfou8_.user_size as user_siz3_11_8_,
        salesinfou8_.user_weight as user_wei4_11_8_ 
    from
        stores stores0_ 
    left outer join
        members members1_ 
            on stores0_.author_id=members1_.id 
    left outer join
        clothes_info clothesinf2_ 
            on stores0_.clothes_info_id=clothesinf2_.id 
    left outer join
        colors colors3_ 
            on stores0_.colors_name=colors3_.name 
    left outer join
        materials materials4_ 
            on stores0_.materials_name=materials4_.name 
    left outer join
        style style5_ 
            on stores0_.style_name=style5_.name 
    left outer join
        sales_info_clothes salesinfoc6_ 
            on stores0_.sales_info_clothes_id=salesinfoc6_.id 
    left outer join
        sales_info_status salesinfos7_ 
            on stores0_.sales_info_status_id=salesinfos7_.id 
    left outer join
        sales_info_user salesinfou8_ 
            on stores0_.sales_info_user_id=salesinfou8_.id 
    where
        stores0_.id=?
Hibernate: 
    select
        stores0_.id as id1_12_0_,
        stores0_.created_date as created_2_12_0_,
        stores0_.modified_date as modified3_12_0_,
        stores0_.author_id as author_i9_12_0_,
        stores0_.clothes_info_id as clothes10_12_0_,
        stores0_.colors_name as colors_11_12_0_,
        stores0_.materials_name as materia12_12_0_,
        stores0_.style_name as style_n13_12_0_,
        stores0_.clothes_length as clothes_4_12_0_,
        stores0_.content as content5_12_0_,
        stores0_.price as price6_12_0_,
        stores0_.sales_info_clothes_id as sales_i14_12_0_,
        stores0_.sales_info_status_id as sales_i15_12_0_,
        stores0_.sales_info_user_id as sales_i16_12_0_,
        stores0_.status as status7_12_0_,
        stores0_.title as title8_12_0_,
        members1_.id as id1_6_1_,
        members1_.email as email2_6_1_,
        members1_.image as image3_6_1_,
        members1_.name as name4_6_1_,
        members1_.nickname as nickname5_6_1_,
        members1_.password as password6_6_1_,
        members1_.phone as phone7_6_1_,
        members1_.refresh_token as refresh_8_6_1_,
        members1_.role as role9_6_1_,
        clothesinf2_.id as id1_2_2_,
        clothesinf2_.categoryl as category2_2_2_,
        clothesinf2_.categorys as category3_2_2_,
        clothesinf2_.fit as fit4_2_2_,
        clothesinf2_.length as length5_2_2_,
        colors3_.id as id1_4_3_,
        colors3_.name as name2_4_3_,
        materials4_.id as id1_5_4_,
        materials4_.name as name2_5_4_,
        style5_.id as id1_14_5_,
        style5_.name as name2_14_5_,
        salesinfoc6_.id as id1_9_6_,
        salesinfoc6_.clothes_brand as clothes_2_9_6_,
        salesinfoc6_.clothes_color as clothes_3_9_6_,
        salesinfoc6_.clothes_gender as clothes_4_9_6_,
        salesinfoc6_.clothes_size as clothes_5_9_6_,
        salesinfos7_.id as id1_10_7_,
        salesinfos7_.status_score as status_s2_10_7_,
        salesinfos7_.status_tag as status_t3_10_7_,
        salesinfos7_.status_times as status_t4_10_7_,
        salesinfos7_.status_when2buy as status_w5_10_7_,
        salesinfos7_.transport as transpor6_10_7_,
        salesinfou8_.id as id1_11_8_,
        salesinfou8_.user_height as user_hei2_11_8_,
        salesinfou8_.user_size as user_siz3_11_8_,
        salesinfou8_.user_weight as user_wei4_11_8_ 
    from
        stores stores0_ 
    left outer join
        members members1_ 
            on stores0_.author_id=members1_.id 
    left outer join
        clothes_info clothesinf2_ 
            on stores0_.clothes_info_id=clothesinf2_.id 
    left outer join
        colors colors3_ 
            on stores0_.colors_name=colors3_.name 
    left outer join
        materials materials4_ 
            on stores0_.materials_name=materials4_.name 
    left outer join
        style style5_ 
            on stores0_.style_name=style5_.name 
    left outer join
        sales_info_clothes salesinfoc6_ 
            on stores0_.sales_info_clothes_id=salesinfoc6_.id 
    left outer join
        sales_info_status salesinfos7_ 
            on stores0_.sales_info_status_id=salesinfos7_.id 
    left outer join
        sales_info_user salesinfou8_ 
            on stores0_.sales_info_user_id=salesinfou8_.id 
    where
        stores0_.id=?
Hibernate: 
    select
        stores0_.id as id1_12_0_,
        stores0_.created_date as created_2_12_0_,
        stores0_.modified_date as modified3_12_0_,
        stores0_.author_id as author_i9_12_0_,
        stores0_.clothes_info_id as clothes10_12_0_,
        stores0_.colors_name as colors_11_12_0_,
        stores0_.materials_name as materia12_12_0_,
        stores0_.style_name as style_n13_12_0_,
        stores0_.clothes_length as clothes_4_12_0_,
        stores0_.content as content5_12_0_,
        stores0_.price as price6_12_0_,
        stores0_.sales_info_clothes_id as sales_i14_12_0_,
        stores0_.sales_info_status_id as sales_i15_12_0_,
        stores0_.sales_info_user_id as sales_i16_12_0_,
        stores0_.status as status7_12_0_,
        stores0_.title as title8_12_0_,
        members1_.id as id1_6_1_,
        members1_.email as email2_6_1_,
        members1_.image as image3_6_1_,
        members1_.name as name4_6_1_,
        members1_.nickname as nickname5_6_1_,
        members1_.password as password6_6_1_,
        members1_.phone as phone7_6_1_,
        members1_.refresh_token as refresh_8_6_1_,
        members1_.role as role9_6_1_,
        clothesinf2_.id as id1_2_2_,
        clothesinf2_.categoryl as category2_2_2_,
        clothesinf2_.categorys as category3_2_2_,
        clothesinf2_.fit as fit4_2_2_,
        clothesinf2_.length as length5_2_2_,
        colors3_.id as id1_4_3_,
        colors3_.name as name2_4_3_,
        materials4_.id as id1_5_4_,
        materials4_.name as name2_5_4_,
        style5_.id as id1_14_5_,
        style5_.name as name2_14_5_,
        salesinfoc6_.id as id1_9_6_,
        salesinfoc6_.clothes_brand as clothes_2_9_6_,
        salesinfoc6_.clothes_color as clothes_3_9_6_,
        salesinfoc6_.clothes_gender as clothes_4_9_6_,
        salesinfoc6_.clothes_size as clothes_5_9_6_,
        salesinfos7_.id as id1_10_7_,
        salesinfos7_.status_score as status_s2_10_7_,
        salesinfos7_.status_tag as status_t3_10_7_,
        salesinfos7_.status_times as status_t4_10_7_,
        salesinfos7_.status_when2buy as status_w5_10_7_,
        salesinfos7_.transport as transpor6_10_7_,
        salesinfou8_.id as id1_11_8_,
        salesinfou8_.user_height as user_hei2_11_8_,
        salesinfou8_.user_size as user_siz3_11_8_,
        salesinfou8_.user_weight as user_wei4_11_8_ 
    from
        stores stores0_ 
    left outer join
        members members1_ 
            on stores0_.author_id=members1_.id 
    left outer join
        clothes_info clothesinf2_ 
            on stores0_.clothes_info_id=clothesinf2_.id 
    left outer join
        colors colors3_ 
            on stores0_.colors_name=colors3_.name 
    left outer join
        materials materials4_ 
            on stores0_.materials_name=materials4_.name 
    left outer join
        style style5_ 
            on stores0_.style_name=style5_.name 
    left outer join
        sales_info_clothes salesinfoc6_ 
            on stores0_.sales_info_clothes_id=salesinfoc6_.id 
    left outer join
        sales_info_status salesinfos7_ 
            on stores0_.sales_info_status_id=salesinfos7_.id 
    left outer join
        sales_info_user salesinfou8_ 
            on stores0_.sales_info_user_id=salesinfou8_.id 
    where
        stores0_.id=?

MockHttpServletRequest:
      HTTP Method = GET
      Request URI = /api/v1/stores/post/search
       Parameters = {page=[0]}
          Headers = [Content-Type:"application/json", Authorization:"BearereyJhbGciOiJIUzI1NiJ9.eyJzdWIiOiJndW5zb25nMkBuYXZlci5jb20iLCJhdXRoIjoiUk9MRV9VU0VSIiwiZXhwIjoxNjY4MDYyMDQ2fQ.leRQs2udmaPHfG6QTURWZqYdcZZqnSp4giPibbFoagI"]
             Body = <no character encoding set>
    Session Attrs = {}

Handler:
             Type = com.betweenourclothes.web.StoresApiController
           Method = public org.springframework.http.ResponseEntity<org.springframework.data.domain.Page<com.betweenourclothes.web.dto.response.stores.StoresThumbnailsResponseDto>> com.betweenourclothes.web.StoresApiController.findByKeyword(org.springframework.data.domain.Pageable,com.betweenourclothes.web.dto.request.stores.StoresPostSearchRequestDto)

Async:
    Async started = false
     Async result = null

Resolved Exception:
             Type = null

ModelAndView:
        View name = null
             View = null
            Model = null

FlashMap:
       Attributes = null

MockHttpServletResponse:
           Status = 200
    Error message = null
          Headers = [Content-Type:"application/json;charset=UTF-8", X-Content-Type-Options:"nosniff", X-XSS-Protection:"1; mode=block", Cache-Control:"no-cache, no-store, max-age=0, must-revalidate", Pragma:"no-cache", Expires:"0", X-Frame-Options:"DENY"]
     Content type = application/json;charset=UTF-8
             Body = {"content":[{"image":"/9j/4AAQSkZJRgABAgAAAQABAAD/2wBDAAgGBgcGBQgHBwcJCQgKDBQNDAsLDBkSEw8UHRofHh0aHBwgJC4nICIsIxwcKDcpLDAxNDQ0Hyc5PTgyPC4zNDL/2wBDAQkJCQwLDBgNDRgyIRwhMjIyMjIyMjIyMjIyMjIyMjIyMjIyMjIyMjIyMjIyMjIyMjIyMjIyMjIyMjIyMjIyMjL/wAARCAEsASwDASIAAhEBAxEB/8QAHwAAAQUBAQEBAQEAAAAAAAAAAAECAwQFBgcICQoL/8QAtRAAAgEDAwIEAwUFBAQAAAF9AQIDAAQRBRIhMUEGE1FhByJxFDKBkaEII0KxwRVS0fAkM2JyggkKFhcYGRolJicoKSo0NTY3ODk6Q0RFRkdISUpTVFVWV1hZWmNkZWZnaGlqc3R1dnd4eXqDhIWGh4iJipKTlJWWl5iZmqKjpKWmp6ipqrKztLW2t7i5usLDxMXGx8jJytLT1NXW19jZ2uHi4+Tl5ufo6erx8vP09fb3+Pn6/8QAHwEAAwEBAQEBAQEBAQAAAAAAAAECAwQFBgcICQoL/8QAtREAAgECBAQDBAcFBAQAAQJ3AAECAxEEBSExBhJBUQdhcRMiMoEIFEKRobHBCSMzUvAVYnLRChYkNOEl8RcYGRomJygpKjU2Nzg5OkNERUZHSElKU1RVVldYWVpjZGVmZ2hpanN0dXZ3eHl6goOEhYaHiImKkpOUlZaXmJmaoqOkpaanqKmqsrO0tba3uLm6wsPExcbHyMnK0tPU1dbX2Nna4uPk5ebn6Onq8vP09fb3+Pn6/9oADAMBAAIRAxEAPwCtKtvaSR2904e30/76A8zTHqPpxVuxsrvxdqDXF5KRBGQGx0Uf3FrAuLN7/WRaacDM0pAjZj19Sa3EmfwiyWtvqv2m53FpYEGYx68//WrkT6y2OY71Io4IkhhXbGg2qo6ACnxn5h6VxFx4n1iOGK7uBaQQzE+Wi/M2MZyams/E0skkXn3sMRYZaRoyFQdgB/E36e9dSqJ7F3O2ceuPpTk5Q1mWl4ZrcfZIbmdScmaYbQT6jvWlETg5xnvirKuL3qSo8808GmAooHDUqnmj+OgBWHFNXrUjDimL1HrQA/vUb8bv1FWIonlfbGpY+1aEGi7mUztx1KikP0MfYYolmfCRk4BPf6VW3s1zL5KAFRgk9TWl4ri+zixuAB5ETFGGOBnGDWXauPtE4PB4Ye4rmqzbZ00o8quU1ZGlk8xTv6EelVruwtbhGMkYIFRayJ2vla2Ryy8sR3zVKbUWjiAukeFh329ahw05kXGpd8rRj3umyWjh7R9yHqlZTa6tjciC+t2hz0cDiugDeYzzRncvt/8AXp7wWt9F5VzEr57MKz5m/iNXFJ6EEMiSxCSIhlYcH2q1CInPGN1Frp0VuQqf6rsB2qaaBIiHH51DKHJCrD50FPEYQDb/AAnNV1uR5nl7hg9KnVjnBpxFLTQ6a2k863STuQM0+Hm5qho8gaF4+6nP4GtC3H+kZr0ISvE8+SszzfxC/wDpWrP/ALRH6Vz2i/Jpzn2NbfiFvk1Rx3kYf0rG0/5NJkP+zQwRV0Mf6bK3rW+/MyCsTRRid62+tyvtSAhk/wCPo+1QS8zqKsNzcOarn5rj6UDCT74q4B+7FVG5kxVwD5FoAjlOEqjHzIauTnC1TiHJNAEh4FMAyKe/AxSouVpCLrXEeg2BktWb+0rndExP/LJRjOPQn+lYkN5JbK0lqha5XIkmLZyD2wf/ANdaWvW08Mpe/dWu7nEm9CCNntjvWLBGLpxGX+zW46SYzk/zPvXG5a2OZst2qx3EyqqNM4I344RfUH1FdZChh8u4k+ywleI57ldwVe3lRYP5kAnrWHBcWUNqlupjt5vMzKincqkA/Mp7huuD0zWhZasgbfGsazd5po2mkP0GCB9BW0LJgjpINS81stNql523LEI1H05FbFpexO3lqkyHsHWsGHWbuQBxrDOvffZsAPbIWt6zuzcjIkikXHLRPnH4da6U7miLoPPNO3DHWogcH3qtqGpW+mWpnnYgdEVern0FNuyux3L6sAeakyGbKnIrn7CK+1KUXN7ut4X+5COGce/oK7Ox0ZpFVph5cfZe+KUZXGtSkkbzYWNSxPYCtG10Q53XLY/2FNbEUEcCBY1AH61JRcqxFHCkKbY1Cj2FI5xyPvDtUp5qtI2GB7CmkILmCDULSS3mXdG4wVPauF1CzuNEnVZTvj6Rydcj3rt2fJDodrj9ao3zJIsZlQMobBVhkYqJ07mkJ8rOSSYSHO7Oe4PWorh1Dr5qhlHqM10Nx4dtd3mWrmAn+HqPw9Kyr3RL1/uqkg9jj+dc0qckdMakWVG06DUB5UXkxlwQrHhQexJ+tYOl6DqqyS/bbqOVFcooQcMAfvA1upot+MoYDsbhhuGCK0bWzk0+yjimH3chTntnNTy6aofNroc9NbvYvh1LL/Kq9yySLhDg46Grmu3h3bUGSO9c1JLK75LYPtWRoOK7ZMnIYGtWJhKiyfgaykJlbB64q7YSBWMT96YGzp0hhvYwDgMdproUjeKZhIpUgVywYo6nuCDXbwSLdWsb/e3rz/WuqhLSxyVo63PGtebNleEfxTt/6FWXF8mjv9MV6X4j8BC/tZBpcojkJ3eVIchjnPBrgtT0q+0ix8m9tnibdjJ5B/HpWxkZ+kriRvpWxGMz5rL01cSt9K1YR87H0FICv/y1c1DHzOxqcfxGoYvvMaBh1lq4fuiqacuPrV1+MUAVbjoarwjg1Ncng1DF9ygBX61PGPkHFQHqKtoBsFAihuWOHdcxyOjr+74PzD/Z9qp3EZjgE8hG4qPKSM5VVP07/WtCCS9to1bzlimgPmrBMmCD/s56j2rOuzbzFFgLRybN9y0vy5bjKgfWuKUU9TmZXstOk1C4VVHy8/eOM46812VkNJitotpvLiZcqFt04Q9+QMn8a4+GVYblH8t88bIc/wA62o73U7ib5Fl+yryfsyYXPcbscfjRCWthJnS2E+nwgReRf2cz5y7sQD6EhuK2kRrOaOWdFljYYF1Cu1h/vqOCPcCuOe90hQBJa3DSFf3hju1Z/wAjnP4VetNZ/s2xefT78z2o277a9XbJCCcZHTIrrg9NTRM7wHIGDnjgjvXHapJNrOvpFZspS34Ut/e7kCrniHWXto47Kyx5sqgswP3Qew962fh/oVwt3LcXaoiJgiLq3tuP51FSTqPlQfE7I6Pw14bFjEl1etJLdnn942dv4dK6jik4xmqskx3HB6VtGOlkarQsPKqDJNVTcmRuOlVJ5y5qa1jLc1aVgZbTJFMuVAWpYx830qG9OFFHURULcY6VDN+8hdG7jg04HmkbmhlCQSh7dCeuOfrSNyc1XQGOZ07N8wqQ5pAPKn1pksSSRFHxg00k4phJx3pNX3Gcdr+ntC+VJK9jXMlWBIIr066hjmgdJR8uM59K5C90K6CefCoeMjPHWuSdOzujphUurMwkXByasgjhh1HeoxFKH27D+VWo7YsMEYrFmqaLisJIww6jrXR+Hrs7TbOfdK5yGLyxtq5byNbzJKh5Q5FXTbTuRNXR22O9NuLWG9gMNzDHNGwwVcZ//VS28q3NukqdHGfxqQccZ6V3LVXOM8z1/wAEPpdw97pitJaNy0XVo/p6isCIYWQjPA9K9vCbwRjr615947to4bxJIYFjVkwzKMZNJoDhuiMajiHyMakfiM0xBiI0hhGPmX61ck7VWiXLL9asy0CKFyaagwlLc8kUDhRQMRRlhVwcAVWiGXFWT1oEZpM08aCJ5LxEHyK4+ZfoazfJ2O74wUIPlu3P4etdCfDmpR20Wo2bK6Ou4ND1H1Ws+7yu5tSjZZCvySR9GJ9/WuLldjmsZQ4kYKuZGPc889q6CxtoL2JZ9X1QQ2sXyCEHaCR2HtWTbaZcXCyvEozCu9xnt3x6mlhsrEahHJMpvM4I8w4X8uwqINRd2JHZ2firw1bokFhaSTSKCP3EG449c1hajrsWs6hORatDE0fkSBuCCMlTj1yaWfVY7ZmtrdFht5GC3M0YxnPAA9h/SqOn25tppDbkSyschifvelayre7oDehfs7eOS5huprySNEcZfGW47CvcfCmnxWOgrLHG6PcZlfe25sn1NeT6JpUuo6rb6ZCViMkge6C8kp35/pXuoRY41QcKBgCtMOtNTSlqrkEEhKSEnpVKGQzTyj2zU7t5UEnuap6acyzt6LXWajI8vNj3rYiUIuO9Ztim65JIrX245pCYkY5NVL9ucVdToTWZqDfvMUDK6HNPIqOMZqQ0xlW6+TZKOxwfpUvUZpZVDRlT0IxVe1k3RlG+8h2n8KQE2KYRUlIRQBRvM+WI16yNt/DvUqIFQKOgGMU0L5t2z/wxjaPrU+2kMyb3To9+9UAzz0rOlgSNCdvNdHOm6M+1Y9zEea5KsUmdFN3MZyAMilUjinSIQx9KjOI8sxwBWSNTd0nVYbJGhuZNqMf3Zx0PpXQJKjjKcjqK89jk864DuuUT7qevua9Cs4ke2iaM5UqDXZSbasclRWZOHxGT2rC1vSf7W0yaE/6xhuQnse1bV24jUIOvpUBBPUk85rZmaPELmN4S8cilXRtrA9qYBiGuk8eW6QeIGKLjzYwxA7mudI/dioGOhGXWpZutJAP3g+lLcHFIDOmOWFP9KYwzLUh+8KAHwDL1JI2HNEC1DK37w0Ab3h+/t7O41a9ExXSoMRxejtzyBWjBeWGuG8mS03y+SG2yqAw+h96zlsrW62JelrXTNPBlEL4Bk9MkcHH9ayL/AFueRDKsP2e3mc+W2P3kg6jC9gK5udxVmc97DGvYD5YjlWL52MakYa3buh9UPP6Vk3qGBy6qFDN8yj+E55/D0qS4MF7C8jOUvRyxbgSj/Gmm6eS1gSXDw/wsow30Nc8nfVEETD7RCrJIyYf5hjOF9SfrV20lSGyZo0Z1T5psj5CAcjmoFjaHbJb3KSxnqDwUHvU1xsvYpPIcP5almhQ4A4+8BSjZ6MW56l8LFi1JLnVlaQ7MW6Fj6cke/WvR5WCAfWuU+GOm/wBmeBLBCWLTAzMW65P/AOqumuyAB616NOKSSOqKtGxUvuFZfU5qtpZyZx3KmrF6SyI3qKp2LeXdEHo2RWozR01OXY/Sr7dKjt41ijwO9PkPyn6VPUAjPyVi3z5nI962IyPLJ9KwZ233J+tPqBPEMCnDvSDpRnmmMRuwqk/7q6DjhX+Vvr61cbqaqzjerD24pATrzTZ38uIkfe6D61HbSmRBnqODSn99cgfwJz+NADoYvLiUd+596eV4p/ajtQMiOAjE8DHUVlymOWISRsCrDIYdK1yMg/SsC9sLuIbbSZFTGApXGKyqrqXB2KFxhVLZwPU8CsqR/OfajH2I/h/xqxNps7yb7m5ZyGyFHAFCQrD8qjGK5XZbG6VxLdBEmMYz1rrvDd4HiktXPzR/Mn0rlsZHSp7W5e0uEmQ4K8H6VVOfLK4pwvGx17t5kxPYcCnoMmordVeJZc5DDIqcny4i56noK7d9TltbQ80+ISP/AG7FIR8jRgKfpXLkcCu/8d2nn6PBdYyYZMH6H/8AVXAkYwKlgTW4+bPtUdz1NT245aq1yfmNAFIcy1KPv1FH/rD9amTljSAsRDCE1SlP7w1fAxDWbIfnNAGtFPCI4rh7PzIY2zsjmM0Lk+qk5X8gKp60rWTSi4cT61MNzuh+S0j7Ivb/APVVm80i/wBJlM7plCMG6tF4x/tx9CPwrIkt2liNzdvH9nOceU+Xlf155x7VxSbtqczMx45fs0flgPJ95tzfw+1RxzuDuRuH/DBqS7triAwvIrLuXAbpikgl8oGKWNZkbqo6j3FZxfQhbj4EE8yKSkYbjew4H+NSGFkvkSwnPmNJ5Yk2Y3E9uRVW4vLO3gkhjf5hgrLJklcHICgd81reEM67410kyrcvvuFklJAVd647dOgFdEYJmiWp9MafAttp1vCoACRqMDjtVe+OG61oAADis2+YFz6V1xN2QOxks1zyV4NUCdsgYVYif5mjPRhx9aikXBxVoTNizmMq4zyKtP8AdNYthMY5QD34rZf7n4UuoiONsQS+1YKfNcE+9bJbbZzGse2GXJpPcstn2pF60hPNIp+amAr8Zqox+brVt/umqLH56TAjkk+zuJBgBjtOfWrkCbYx6nk1l6tzZw/9dhWtEPkX6UgJD2o7UUZpgIR+dQXEe+I9yKn6004wR6jFTJXRSMC6TqazZFAOe9bVzH1HpWNMpDE1xyVmdMXoQbsGnkZXOeD1prDIpUbAx/OpKOh8PXiurWszfc5T3HpWrKxkbPRQcAVxiSNDKssZwynNdZazreW6zJ3HI9D6V1Up8ysc1SNtSlrtv9q0O8hxk+WWH1FeTZzg17RIm+KUHoVIrxll2ysv91iK1ZkWLcfIxqlcHljV+EYiJrNuT96kMgi5JNTQjOfrUMXCmrMA6e9AE8vyw1kOx3mtS7OI8VlHk5pMD1RT8vTjuK87uWtpNauHt7Jvs6OVAT72f4iB0UZruLe+hu9OF3byb4XQsrDr0/nXmOn6rY2CTx6jDNO0twW2o2AV57+vSs6qTWhhKxDdSbpUt4XkRt7KVmPHJ45/nTY7R7e4dZpPLZOHK8nB44Heq+oT2LXLNZmcQbwVimHzYxzzQtwRJvjLAj7mOTj3NcyjYmxeeOCwtTcWlrbAg/ILh90jHPXGePxFdn8LIEu/Gv2mGRnRLYvOjKMI5yBt9uK83cZ3FzlmPDZ4r174HWDrBquoPGoLOsKlTkEDn+tbU3dlQ1Z6+PSse6b52FbB6GsO7yHbNdUTZlN2KNuHUc1NLhgHXvzUL85otn3xvEfvKePpVAOVsMCOorfgfzLYHviuf9619NfdCRSYmOuvk0+T3NZFsQCa1tQ4sse9Y0fBNIaLDPSK37ymHtSp9+mBOw+U1nsfnIrUZP3BNZUnDmhjGXNo15bogcKVcN9a0EyAB6VBEeKmBqQHk4pu6kY4FRl6YE26mM1R76az0DILnDOcVjXSYNajMWnPpiqV2vGa5KqszeD0Mtjg4ppOKWTh6YTWJqSqQ61f0i/+x3Hlv/qZD8xPY+tZRYo2R0qQ/MPY1UZcruhON1Y7aZwIXx/cJH5V4sTumkJ/vE16jo+oCVRazH94v3Sf4h6VwviHTTp2t3CqhEMh3xnsc9h9K7YtSV0cklZ2KSnbbZ9qy7g/rWo/y2orInPP40CETiOrcC/dqoPugVoQrz+FCAr3zdqzx0q3fn5sVUHApAWvDV9qqpJpujxwMfL83bO3Qd8Vl24nitb17nTPtERDK7D/AJZNnqPpWTFPLFKFikdGjAAZDgn2rT88/YJI9hN7I2I5BJgAnqGGOa5FUaVmctznmbnIAKY+Ug81ZRvmjHqQB7fWo7koZjZKfKljYllxwG7jP51PbwK8rBz0GFGeSafQroPvxb+d5SzF2x80gHQ+g9q+ivhXpI0vwLZjaQ9wTM2euTx/SvnaGGaSUmVFBdxGBnqTwAK+sdJthaaRZ26jHlwoP0rSlqXTWpcc4U/SsK6OWrckOEOfSueuWBkPNdKNHuQmqYm+z36sfusdpqyTWfqQIUNVAa7DBI9KvaU3zMPasq1l860ic91wa0NNbbcY9aGJlvVD/o6rWOvWtXVjworKUfNUlIl/gp8C5am9RVi3XkU0JliUf6Oaw5uJDXQTj9xXP3PEhokCHxGrCmqcRqyhpDHSt8tVy1Pmbiq5PNIZJu96Qt3pm7igcigB9tF5jN71RukIUqeoODW3ZJjBIrP1aLZO4HQ81lWjpcum9TnLhTuqrv5xWhOoIzWTI3zGuRnUiyMOMUsbdVPUdKhjlPSpG/vikBMHZHDqcMvINdLGlrr2mGK4jVgww3qp9RXLhgRmtHStSisZyJgdjnCn0NbUpcrsZVI6HI6vaPp88lq5JMbYBPcdjXOTn569A8exRslrfREESfIxHevPJT+8rqZzIlX7yitKHGCfas6PmZRWkuBETQgZl3jZkqGlnO64pQMikBzK7UcOrbo85y33hUqXptY0Y+XK0rfIuMlRjk1Y3rNmK4jVSRggcVRktzC5CMoYDCdsCuKyZy2ImJ2kN86kc88/nU9qgfYASWX7jZxge9JBCrQyIApULkuf4jTLR1ErBH3p0HY/jVJvYpHS+FbJNR8baTblN6icME7fKclq+oQMDArwP4P2Elz4wa7Kfu7aFizDpk5Fe+V0U1ZG1NaDJQSjc9q5uY/vDk1q6jfrEpjQ5asIyZPJ962QxxqnqIzaFv7tWwwPSo5gGjZD3FMZBosvmacP9liP1rZsji5X61zuhfuYZoiePNOK6C0/16fUUCLeqH95j0FZyCrupHMx9uKqRjNAEyjirUA+YVCi1YhHzimJli5X/R65y6++a6a6H7g1zN2PnqWOJHE3NWVNUkPNWVPFIoSU8VBnNSTNVfdzTYh/NTQqWYVCvNW4B0oA0rZcAVn6wAx98VpwDCVi63Lt+YdiKJq8Qi7MxZR8hzWVJHgmtmYBkJxwwyKzZgCDjrXnyR2xZQJIPNWY3DKB2qB1HeliYqRiouVYsJwSKjuOUAHXOaeexFMlzwF5J4FaR3IlsV9bmL+HRGzZ2TjH5GuKJzMee9dHrl2BAlmhztO92965hW/eE12HIW4BmWtCU7Lc1n2nL5q3euFiPPPtTEZOd0xNWUHy0afp15flmtrZ5FzgsOlaq+HtVAx9lP8A30KLBcwp9PnmgaVUtyY2I8osFkI9cGsefy7y0JjfDr0LDBFdTfaO8l2v9mbZjGh8yUtuTPueua5G9ktkJtTG63iH5irhlf8AAc1yOFjnaIsT3csiSsFDKqRqoCjtSRQhboqjAMjbJM9sdc4qvPvIVAGZ2OQEzwKs2Kk3SKcbmYL83HthqLBY9x+C0EP9lancxSF99wEBIxkADmvT5ciJsdcV82eHPEN/4U1aRra4jkgB2vt+6O549O2a9O0z4v6Ffhbe7WW3uGGDtUuufqK6INbGsZaHRSW5ZySTkmojb4FJDq+n3km23uQz4zjaQcfjRJdwJ96dR9TWt0ikrkbRsvSorkkQkjggVHNq9ggO65Un0XmsbUPFFtGmyKGWTJA3HgCk5xKUZGlpcZ2PnqXJrfsIz9ojyeM5rB0qUFz05w3HvXT2ABlBHYE09yWRXx3St9aghFS3PLk02EcGmBYU8Gprbl6gQZzV60TqcVWyES3X+oNcxd/frp7v/UmuYvPvGo6DRTBw1WA3FVu9S7uKQxJiCOtQZ5p8h4qHcM0AWIzzV+35IrPi61pW45FMDST5Y653WmySK6FjiKuY1Nt8+KqQkULeTcpibqOmfSoJUwxpNRjkis3nh4kjG9ffHJpYbiO/tI7mI5Dr27HuK46sDppTKM64PSolq3cIdp9qzTJtPX8K5TpSNKPBAqtfzNbxgp1Y4z6U2ObgVHqTg26/WtaerMqmiOZvnyWJrIjYZbmtDUXwHrJibrXachr2XTNN1Gb5SB1p9r8sOfQUmm251PxDaWuMqXDN9AaCT03w1pS2egW0Lja5XexHqa0zp4zxL+lWIV2oAOgFSGrSJPJNQtLee1afQnnhvU+/BEfmJ/2kNczca3Lep9j1WzjMgPzzLHskU+hPSuy1yBJrreImnZFO5YTtlj/2h6iuckae60cwqkF1aj/WyRpmeL3YZrlmZs5102q5XlF6Y+99akEJQwbkPzgfvB/FnualurOxintlhvDJbY4nVfuf7wqV49sVuQEcMWAYP8zYJ5x6f0rOwD4ILS3upRcy/aBEvCRcKzHsT6Va0PUJUvSbXSo552PDMM4HsP61X1GC0gVDG8c5ZMsqfKqNV/QYde1JNliVsbP+KZE5b8T1qorUDuNBn8RSazFJeWsUFntIYDAJz+tdPe20cgJ2iuf0jRoLZkkM9xPMoyZJJM5P0rp3y8QJ7jtVVE0ddDY5uS1VJDgD8qq3doJYWXHJrZuE5NU254rnV7nV0HeHbzfJ5LH5o1CnPtXd6a2Vlb0Fea2gNprRcfdcc16NoxEljJIO7AV3Unc46qsx0qkmkj7ipJeCfemxjmtramZNEhzWjAu1Kqwr81XlGFFKbBEF4f3Jrmbv79dJen93XNXR+Y1PQa3KXenZpp60oHNIY2T7tQgEtUz/AHRTY1yaAJ4hjFaVt1FUVXgVfthimhFqZsRVzlwN85Nb1y2Ij9KxHGXJpsCF4RKjIw4ZStef6Lqv9malcWc5It2kIx/cOa9IUDIryzWIPs/iW7j6fPu/MVEo3Q4vlZ28xVodykFTyCOlc5czBJSOtMiv5rW2C5JQj7prEudRV5zkkn0rjnSd9Dtp1Y21NtLsYHOAO9Ry3Rnyf4V6CshJWkYAnAq8h2w1vTp2VzCrU5nZGLqr7VYZrOgbIqbV5cvjPeq9sDlRWhkboPl2mfat/wCHVvDPqV3clwZ0Xaid8dzXNXsgitVGecdKxrW8ubS7W5t5JIpAeHU4xRzJMXLofRUf3aUkZ615rpPxD1AIqXsMVyOm/o1dqmuoUBMEgJGcZrVa7EbHOX1gt/ANsjQzx8xzJwVP+FchfxhdQRdQP9maqD+6vov9VN/vD1rukJBpt1ZW19bNb3MKyxN1VhWUo3E0ee3i3a39vHcwQ2N+XGb1RmGdfce/FVNbMkQkgaGBXSUM/kL97twey1ua1oE+k6ewhuWuNIWRWa0l5Zeein0qjrFlvhmEYa1ieAyrCvQ4PQ/SspR6E2M2RrGCW3aQvqc7Aj7JGMJHxx+Peux0u01PUrOF7+5Fvabfkt7bgsP9o1Q09IZPCljcpGiyCQB2A5OeOTXSaGc6PBjtuH/jxq4IZqWUSIqxIoRQMACteDiIr121k2x2yY961Yztl9jVVVeJrSdpFS5XgnGKoMOa17hNwPFZzJyRiuHqdy2KJUfaU9a7/Ql2aDG3d2J/WuBlPlTxOegb/wCtXpGnqP7IgCjjB/nXZQOWuMZc9qdGnzZqQKRwamgi7kV0uxgPiQdasimheaf0rJu5USjfn5MVzlz1rob88Gudn+9VPYFuVTSjgUuMnpTtvFSMiYZIFSxx4PSnInNTAc0xCBatQHFRAVIhxTQC3TfuzWV/FWjdt8lZ3egBc4Fee+K1j/4SgspBLRgtjsa7HWtTj0nT3uG5f7sa+rV5hHcSXmoSzysWkdskmkwNO6Oy169q5t33XJrd1STbbAe1c1G+ZCfWkxo2IPvAVemfZak+1ULTLt8ozV2VEdCjhivQgVLkkNRbOOurhri82oC3PQVqxW7wgNuiZwARGf8AGrv2W3hKRxQhC5x61ejs/NsZGjZI1Qn5WbDEjriueVTU1UNDBurucoryLCuc4HUVXN3IMMiJkYJ+XOfaq94Jct97bn5QTyfpWl4fvbWPUI3voy/ZZCeh9x61tBKRzzk4s1vDtvd6xexlrZI7VTlmK4/AV6GYGBxhePfrVKx1DT5htguIyR1Q8HNXHlLNkMij04rqhFJGbk2Qjg1KtRAU8GsiynrsRuNCvU7+XkfhXFzzM/hnTLtzliskLn16iu/mXzbaWMjO5CP0rgLVPP8ACFzbn71peEfTJ/8Ar1lPcRP4afzfB9xF/wA8ZAw/A103hxt2kD2kYf1/rXJeCyWh1SyPXa2BXUeF33WFwp42T4x+ApwA204kFaRO6MEVm9GBpzXzgeRbQGeUHnnCqP8AaP8AhWjGjWyJEDelU5kw+aLC5kdpIpkVJEOCFORVmZMjOK4pxsztpvQxNQiLWrsOq/N+VeieHJRc+H7OXOcpz9a4u4iGwA9GGK3/AAHK39lT2jNk28xCj0B5/rV0WTVV0dT5YPUUoUDpTqK6Ls57BTWbApaikYY5poUnYoXbbt1YU/362bhi2cdKypk+c5OatiRXUU7HNPx6UoQk81IwVcU8DFOAxQaYCrjPSpVHHPAqMZpkswjTJNADL51VQoPNUV4BJOAOSfSms5llJJ4rgvG/j6008/2NYSiS4kO2eRTkRqe2fWgVyj4n1s6rqLJEf9GgJVPc9z/Osiw/12aqxkbOOnarWm8y1K3KJ9dk2QKBXO28nz5rZ8QNhBWDackVI0dHYEnK8YxnBro7Cys5LZJGlKSMeA44Nc5YcBj6CtdDqBazW3hikssHz8n5lPYiuepubU1oX7jQyIJEjARW5yvzLk1zl94e1GOKK3juBLBnLMyA7TW3aawqzPFHNJA6dY5vu4/lWqt/DLj7RH5TdpEOVNZWNNjhm0L7Snl3E+51IAaP+D04OKx7m0FpO8TOPMUZYYwHHqK9Qk0qC6UvCUYkY3IfmrE1Hw/LJbmMoJmX7pkHzfn1rSE3FmNSCkijZeF9ZuLeOdLaPY6grukxxVn/AIRjxEvAVAPTzzW1Hrl1a28EDmBG2hQrKe3bOKtw6vqDxK0ixo56qFzXR7ZGPsWK2pwQ3Pk3Akhx0Zh8p/GrkbpIu6N1ceqHNRXUH2mLYQoYH5WYZ2ms5rCG6Z7d99peAbt0TYDgdwOhpttbhY2cgAsxAHcnpXnsN9aWN34gtJ5kVJCJIh13MCD2rnPEfifVb24ezkuSsULFCE+XcRxk1jmXekDbstjk/jWU53HyHWaHrFvpWt3V2wZ7d0zheOox/OrWjeNLbS2ule1kdZZdwO4cCuPglDROuexX6c5qn5g3up5GM/WpUmEYo9jtvFdtqzxWtjlZ5X2kv/APUeprfRhYp5Ua7nfhV7sfU15R4KuBDqwmCB2VMgHpXrEVq67biaTdOV7dEHoK1hJyY5xSLdtF9njCkhnJ3O/94+taLDfGGFZsb5HPHr7Vftm3Axnr6UVIXQ6U7MhveIEOOhrDh8Wp4T8RQzXeRp11iKdh/wAs2/hf6dM10V5GWhCiuG8W6ULzT5YJRklTtPvXNF2kdTV4nt1pfWt9EJbS5injIyGjcMP0qxmvizSte1Tw5etHb3lxCY2xtVzx+HSvSNF+OWt2pCX8EV/EOpA2yf4V2pXVzjemh9F9qqXBY8DpXD6H8YPDWr7UmnaynP8ABcDaPz6V1ceuaXc8xX1u4/2ZAaqKsTLUS4+VQKzZeDxWjLLDLysi49Qc1VYRk9R+dNgiqoZmwBUwQjgUkl3Z2qkyXESD1ZwKyb3xl4esELT6rbAD0cGpGbBUimng56+1cDffGPw1bZELz3J/6Zocfyrmr745R8iy0lyezSvQB67JPsHSua17xRpmixGTULyOMjogOXb2C9a8lu/iP4u8QiaKwRYEjUtJ5CZKr+Oa4C4vJruYyyyvLK3JdzuP/wBagLHfeJvihfakr22mhrG0bgt1lf8Awrgg7vIGUFmJ4xySf6moEDO2ACzHsOTWlp7HTLqK9Yp5kbZRTyM+h9aBnXabN9osY3PDEYI9COK1dLH75vWua0S9My3jSYD+aXwP9rn+tdRo/O9jSAo+In5ArKtB8yir2vPmUfWqlovINT1H0Oh08fuZCfSrFrJb/wDCRApczxXsMPEfPluvv24qOyGLUnpkgdelXbOW4Jujc2kM9kAdkkPMq+oIHNc0/iN4fCLc3mLSc6xYrPBgBZ7UfMwPsKsT2VwNK06LRbqKOPhws5+eSM8kYPOaz4beUWROgXiSZfmG4PTnkVZ1FbF9a022u45xdIvmQyRghA2OVyPxqFsUxjahJb60LH7NcQsy7lmAOzpyDWpa+IC+5JDHcoh2tg/MtVYLjUxqVy9zLBe6aRlFXG+NvTiqmlw6Ze2Go3OlhrKWVjHL9p+Uo/8AeGeDRYL9zovNsb4YUjd/ckHf2qOTTmL8PIo9Aa5iQX+j6Z5uoxtdzRty0C8lfWtiCW+ltopYHkEcihlD8EfnSY7djpCc4IPHrVXVLZZrItvKSRDcrJ1+lPEiKgTJJHZaZdSt9klPCjbjHrXZNq1zjjueFatHLBqFwJgVdnL8jGcnrVZZd0ACn5g2K9hudLtNRhEN3bpKnQZXn86yn8G6LkItptxyNrcVyqoup0ODZwN2wivQAnlo0QOPfFVLW0mvrwW8QZ3P9wZxXqg8OaZ8hktkYqMAsM4qUWlrbrsghSJccFFwaPaoSpmLoOgHTLeR5Zy8shAO3+EelegaXetNbgORlBjAPWubCMqAFvlHbvVjTJWj1CMjjccN9KdKpaQ6kbo6UTTCZi4Xb/CB2+tXoJ1SRH3d8GqayqTxg1OrZAHpXW9jmW5sSgFT06VganaLdw4Y/dFbS3O+3LkfcQ5rLnlzbqcferjmjtgzw/xtobwXhuYhk4ycdxXGq5B4JyPSvb9bsROyh1ztPH9a4fWPA8UZ8+3ZkVsnaOg+tbU6qWjIqU3ujD8PWs2u6rFpxmjjDAsZJeigdce9UbiWSOeRknkQLIV+VyM/rTrWL7C5kmAZkPIB4IH+NV9QuYLmdZYYBDuGWjXoD7V0nOXYNWvVZNuoXK/MBgSH1rY8U6heW+poLfV5JY5IFcGObgHjiuRjdvNXb1BpZVbeuc8gHFIRba7urlwsl1M4PHzSmidpIYjC86t7Bg2KqAHccHp3qIAE549aBjw4I5z+HSms5K7RwMdqSjtQBq2t+dPZmsLqQSyph8jAPqKh0wWSavENRRntM5ZVOCRVBSVII4IOasONypIgzt5A9u/5UAW726tEu5jYxFYGbManjA9/WqLyvK2WP0A6CklI4wen8u1Rg85oA6Dw0BPfzJ0AUH616BZRiCM+hFch8NlA8WxeYBiZHUA98A165L4dt7nLLEU5+8tJibPLdbZpLtQnODkiltpUG0ORG56KeM/SvRG8G6Z5pklEjt7t/SpT4b0lV+WzTJ9eakdx/g7Q4NR077XMTlJsBOzfWrV34Iht5p7nSpHs7iVtxBO6Mt9O1WtDvdN0u2fTCGgUsWDMeMn37V0e9vLBjZZU7HPUU+WLQczR5dqVk6T2kOvaZMJPNBju7Lhdw9SOOa0mkvX1OR4/IutOCfcx++jcdRiu/wBkbjAwnbawxmuN8SaJpumpc6nArW19IvHlt8rt2JFZTpWWhpGpfc5nRrfS7v8AtG60OeaC6YlZIbjpG/0NF/cNaeGG/wCEnhC+ZJsm+zDtnhuKry6m7aC//CT2oi8zCNPb/K+DwGz3rTaS5h0yzg0pE1WBQBNHcHEpQ9wO9ZGhXaPULbSrSPQp45o4wDsuTkslad7qkNhMISZG+UN8i5Az2rNu7PTNQ12yjivpLW/tyHW2zjevcVFrk/iSDU3TStKjmtMDaz9aVmwOwRcCs7U5GM6Qg4UDcfetcLjrVHULfcVlUdOtbVU3HQwhozO3gAA8AdBSZLnA4FPe3aTlSPcUzyZD0Bx71wnWI7Acc/Woc5PGDU/lSAdMrmjy0GSxwfegLlVuW6Y+lWdOH+nLn3xULyRocKxJPepLFv8ATo8HJPWtKfxET2OjjFXEHFV4UzirajArvOQcbqK2gczttib5SxHAz3NNaJWhCqwbHQg5BHrVTWcroN+3TEDEV4nbeLrm2iCQX1xbADG0HI/Cs50ubY2p1Lbnr+owRpGzyMqhe5NeeeKPFMMkK2OnAyS/deQcD8P8a5S/8RT3uRcXtxP7Z4NY0928oKqNi9CO5HoTShQSd2VKs3ohLmYMxRGzj7zdifQVVyKX/OKK6DEkgA89OO5NSzbRKAOyj+VRW5HnDntTpm/fZ/2RQAgALNk9jVcdKlByTn0NQg0gHDikNJmlFABUsUxjJBAZT17VFSigCy32aQ8sQfQjGKRTbRnIBc+hqvQDQB1fgeYyeN9NZzgbyAB9K+i1TEJHua+Y/C0/2bxPpk2doFwoz9TivqBMGEqOec5pMlmZPHzyOKrlcZwPpWnLFkAgVA8GcHHSoGcHqd2qXc5JAAbnnGK3vCms2ckD/Z2laRP9bEGyoH94CuB1Wd7iecR5I3ljjqat+G9UhsLK5u2jDSHC+hA9Qe1aQgrXFOR7FBc214qPGytjkDuDXHfElZG0ZmCS+RgBpIxkrz1rnIPH9o1yPPhmj/6eouCPqO4rtLLXzLbLPuW7tXH+ui6/8CFOSbViYyscHBPe2mhW8YgXWLXgMG+8EPc/Spb2ztdS1W0Nnqf2a5t1BNr03p6V0HiNfDtrYDUorw2E6tlEth/rm/ulOPzrjrbVtL1bVh9rtDBdxr+7u16EH1rklFpnXF32Na3ub1vEX2e60sSNAhkguZepXuA1Z9z/AGrc3c09h4jlhgdyRGQDsPpnNbOmPqVnFeSXd7HqFgBvgMfLD1BrCtNC8Ma3G19bPdW6u5DRNkFW7ioGellePeoWUvlT0IxVsJxzTXiz0611PU5b2OWlMtvM6A4CnAzR9unwB8pA9qv6tbOXEyLu45rHLfn6dK4pxszqjK6JmuZ5OrcewxUJJJ5NNMm0ZqPzsnAUu3ZVGf5VCTKuPOB9au6PA1xdCRT8i8bh60Weh3d6wa4BhiP8I+8a6q009LaJY40CqvTFdFKm07synMVIiMDJqxHCx7mrCQDAzU6oB0WukwMjXrfd4b1IFsf6O3J+lfMb9B16etfTHjWdrbwZqkg4Ji2j8SBXzNJ8px6DFWgRGaYenpTyeKjNBQmaKSigCSE4lXI65pZfvjn+EfypsZw6n3pZc+YOO1IBB94/Soh0qQH5j9DUdABRRRQAtFJiloAWgCkpRQBo6OnmavYoOpuI8f8AfQr6phBVdp7KB+lfMXhCET+LNLiI4Nwh/I5r6fJ2ufY0MlhtJXGORUTDIYDuKsghupxSND3U1FhniHibSNR0O++1gMFVyQR0Ge30qgbm0fQ28jCNJIWaP+77fSvcr/T4NRtWt7mJZI2GCG9K8K8S6faaT4gurGzJ8mI8Bjkj2qo3QnqS6dbWssJZtjNtydwJ59Paur8IJ9muru2iWRYCiybHP3WOOhHX8a47w4+3WraMziJJG2uW+6R6GvW4bWG1TyoIwi9umT+PQ/jWqMzgfGZj/wCEktlKcwWzOSvBySR/nFc3aRMZJJ43+0Rcny1HzD1HvW54wlhXVbuVh+9YKkY+bOBgnHYDrWBpKFkeSwbyrgnKrIcfNXJV3OuktDpdBk+y6LcyaKrrLKSVSbOFf0wa6PSZVu9PSe+s47e5Y/vETgZ9a524lSXQoYdVmNjLM4AePjDjocit2xt7dbKJZrhnkUYLnjd71gaWO3CjpjNIw/hA5PepFXbyPyNATe31rsOQjEKueVG1ePrUcuk2c+fMgUk9+lXgoUAenFAZc8HP0pNJgmzJHhvTd24wE+244q9Bp1nar+6gRPoOfzq2MnoPzp4TPU0KKQ7siWPcOAAv61KsYXgfrTguOhp6kHoaoQoXinYoFLQI5b4iRGXwJqQGRhVPH+8K+bJOoPqK+q/ENqL3w5qNsRnfbtj6gZ/pXytIpVtpGCpxVIaISKYRipwtROMUDI6KTNLSGLnGDU88YeFZFLE9WGOgPQ1XqaG5aIbSAy/qKAIwC54GfpUQ/Wr5uoyrfuzkg8/hVCgApRSUtAC0UlLQAUopKcKAOt+G9v8AafHenLjOxmc/gDX0a3JJ968J+DluJvGLzH/ljbM355Fe6kgDk4oJYmSO9OM2wEkce1M3gn5cmjaT9KQE0cgcfMR6cda5LxT8P7DX3ku4Wa2vm6yLyG/3hXTbdvTrUscuB82TQI+ftb8Nav4ck/063Pl5+WdOUP49q7DwX4ofUQdPuwPNiTckgPDqOx7Z+lepSwRXMJSRVlQ9UZdw/KuOfwBaW2tDVNMIgZVcNbk5ViQenp1ppg0cBrVjc32qySwIXEYLEEnux6A1Vg0qK8jMbhonz6lSDXpOgeErqyWWbUp99xMclV5CDPABrTufDdnMcugV+zrXPOLbN4TSR51debHHbWlxYC7tj8sjMeU9xV++kWOZI/tsNvtQAI2M/Wt+90We1BwvmxevesC70KwvZzNPGWcjHJrnaa0Nk7np2wKMnkUqJ3PU+lKwywHbNSdzXecSI/LB65pwUDoAKeBSigYgFOApRS0AIeKEXFLTqBC0oopRTANocFW6MNp/Hivl3xVpp07xLqNoVxsnYj6E5H6GvqI9DXhnxetoovFyyouGlgVnPqcYpoDzcDB5qGQdasgDdUEoHNDKKxpaXAoAFIYhpKdtFG0UAafh7QL/AMS6ounaaitOyl/mbaAB1Oazrm3e1up7eTG+KRkYjpkGu4+ES4+IdkAzANG4OD7EVzniy1js/Fep28WdiTtjJyeTn+tAdTFxRinADFGBQAlHSlwKMUAJThSYFKKAPUvgpFu13UZccLbgfrXtJUdSMmvKfgnGv2PVpcfP5iDPtgV6uaCRuAO1KBQetLQIaVphqXtUZ60AER2kjtU+Q2ccVXH3jTwTSsMeQccjj175qMn8RSoxzjPFOwCKkaGFVxggEe9UZtHs5pC5j5PpWg3WlIFKyGf/2Q==","title":"상의 블라우스","id":2135,"modified_date":"2022-11-10T12:34:07","price":"10000","content":"단돈 10000원에 팔아요~","transport":"직거래"},{"image":"/9j/4AAQSkZJRgABAgAAAQABAAD/2wBDAAgGBgcGBQgHBwcJCQgKDBQNDAsLDBkSEw8UHRofHh0aHBwgJC4nICIsIxwcKDcpLDAxNDQ0Hyc5PTgyPC4zNDL/2wBDAQkJCQwLDBgNDRgyIRwhMjIyMjIyMjIyMjIyMjIyMjIyMjIyMjIyMjIyMjIyMjIyMjIyMjIyMjIyMjIyMjIyMjL/wAARCAEsASwDASIAAhEBAxEB/8QAHwAAAQUBAQEBAQEAAAAAAAAAAAECAwQFBgcICQoL/8QAtRAAAgEDAwIEAwUFBAQAAAF9AQIDAAQRBRIhMUEGE1FhByJxFDKBkaEII0KxwRVS0fAkM2JyggkKFhcYGRolJicoKSo0NTY3ODk6Q0RFRkdISUpTVFVWV1hZWmNkZWZnaGlqc3R1dnd4eXqDhIWGh4iJipKTlJWWl5iZmqKjpKWmp6ipqrKztLW2t7i5usLDxMXGx8jJytLT1NXW19jZ2uHi4+Tl5ufo6erx8vP09fb3+Pn6/8QAHwEAAwEBAQEBAQEBAQAAAAAAAAECAwQFBgcICQoL/8QAtREAAgECBAQDBAcFBAQAAQJ3AAECAxEEBSExBhJBUQdhcRMiMoEIFEKRobHBCSMzUvAVYnLRChYkNOEl8RcYGRomJygpKjU2Nzg5OkNERUZHSElKU1RVVldYWVpjZGVmZ2hpanN0dXZ3eHl6goOEhYaHiImKkpOUlZaXmJmaoqOkpaanqKmqsrO0tba3uLm6wsPExcbHyMnK0tPU1dbX2Nna4uPk5ebn6Onq8vP09fb3+Pn6/9oADAMBAAIRAxEAPwCtKtvaSR2904e30/76A8zTHqPpxVuxsrvxdqDXF5KRBGQGx0Uf3FrAuLN7/WRaacDM0pAjZj19Sa3EmfwiyWtvqv2m53FpYEGYx68//WrkT6y2OY71Io4IkhhXbGg2qo6ACnxn5h6VxFx4n1iOGK7uBaQQzE+Wi/M2MZyams/E0skkXn3sMRYZaRoyFQdgB/E36e9dSqJ7F3O2ceuPpTk5Q1mWl4ZrcfZIbmdScmaYbQT6jvWlETg5xnvirKuL3qSo8808GmAooHDUqnmj+OgBWHFNXrUjDimL1HrQA/vUb8bv1FWIonlfbGpY+1aEGi7mUztx1KikP0MfYYolmfCRk4BPf6VW3s1zL5KAFRgk9TWl4ri+zixuAB5ETFGGOBnGDWXauPtE4PB4Ye4rmqzbZ00o8quU1ZGlk8xTv6EelVruwtbhGMkYIFRayJ2vla2Ryy8sR3zVKbUWjiAukeFh329ahw05kXGpd8rRj3umyWjh7R9yHqlZTa6tjciC+t2hz0cDiugDeYzzRncvt/8AXp7wWt9F5VzEr57MKz5m/iNXFJ6EEMiSxCSIhlYcH2q1CInPGN1Frp0VuQqf6rsB2qaaBIiHH51DKHJCrD50FPEYQDb/AAnNV1uR5nl7hg9KnVjnBpxFLTQ6a2k863STuQM0+Hm5qho8gaF4+6nP4GtC3H+kZr0ISvE8+SszzfxC/wDpWrP/ALRH6Vz2i/Jpzn2NbfiFvk1Rx3kYf0rG0/5NJkP+zQwRV0Mf6bK3rW+/MyCsTRRid62+tyvtSAhk/wCPo+1QS8zqKsNzcOarn5rj6UDCT74q4B+7FVG5kxVwD5FoAjlOEqjHzIauTnC1TiHJNAEh4FMAyKe/AxSouVpCLrXEeg2BktWb+0rndExP/LJRjOPQn+lYkN5JbK0lqha5XIkmLZyD2wf/ANdaWvW08Mpe/dWu7nEm9CCNntjvWLBGLpxGX+zW46SYzk/zPvXG5a2OZst2qx3EyqqNM4I344RfUH1FdZChh8u4k+ywleI57ldwVe3lRYP5kAnrWHBcWUNqlupjt5vMzKincqkA/Mp7huuD0zWhZasgbfGsazd5po2mkP0GCB9BW0LJgjpINS81stNql523LEI1H05FbFpexO3lqkyHsHWsGHWbuQBxrDOvffZsAPbIWt6zuzcjIkikXHLRPnH4da6U7miLoPPNO3DHWogcH3qtqGpW+mWpnnYgdEVern0FNuyux3L6sAeakyGbKnIrn7CK+1KUXN7ut4X+5COGce/oK7Ox0ZpFVph5cfZe+KUZXGtSkkbzYWNSxPYCtG10Q53XLY/2FNbEUEcCBY1AH61JRcqxFHCkKbY1Cj2FI5xyPvDtUp5qtI2GB7CmkILmCDULSS3mXdG4wVPauF1CzuNEnVZTvj6Rydcj3rt2fJDodrj9ao3zJIsZlQMobBVhkYqJ07mkJ8rOSSYSHO7Oe4PWorh1Dr5qhlHqM10Nx4dtd3mWrmAn+HqPw9Kyr3RL1/uqkg9jj+dc0qckdMakWVG06DUB5UXkxlwQrHhQexJ+tYOl6DqqyS/bbqOVFcooQcMAfvA1upot+MoYDsbhhuGCK0bWzk0+yjimH3chTntnNTy6aofNroc9NbvYvh1LL/Kq9yySLhDg46Grmu3h3bUGSO9c1JLK75LYPtWRoOK7ZMnIYGtWJhKiyfgaykJlbB64q7YSBWMT96YGzp0hhvYwDgMdproUjeKZhIpUgVywYo6nuCDXbwSLdWsb/e3rz/WuqhLSxyVo63PGtebNleEfxTt/6FWXF8mjv9MV6X4j8BC/tZBpcojkJ3eVIchjnPBrgtT0q+0ix8m9tnibdjJ5B/HpWxkZ+kriRvpWxGMz5rL01cSt9K1YR87H0FICv/y1c1DHzOxqcfxGoYvvMaBh1lq4fuiqacuPrV1+MUAVbjoarwjg1Ncng1DF9ygBX61PGPkHFQHqKtoBsFAihuWOHdcxyOjr+74PzD/Z9qp3EZjgE8hG4qPKSM5VVP07/WtCCS9to1bzlimgPmrBMmCD/s56j2rOuzbzFFgLRybN9y0vy5bjKgfWuKUU9TmZXstOk1C4VVHy8/eOM46812VkNJitotpvLiZcqFt04Q9+QMn8a4+GVYblH8t88bIc/wA62o73U7ib5Fl+yryfsyYXPcbscfjRCWthJnS2E+nwgReRf2cz5y7sQD6EhuK2kRrOaOWdFljYYF1Cu1h/vqOCPcCuOe90hQBJa3DSFf3hju1Z/wAjnP4VetNZ/s2xefT78z2o277a9XbJCCcZHTIrrg9NTRM7wHIGDnjgjvXHapJNrOvpFZspS34Ut/e7kCrniHWXto47Kyx5sqgswP3Qew962fh/oVwt3LcXaoiJgiLq3tuP51FSTqPlQfE7I6Pw14bFjEl1etJLdnn942dv4dK6jik4xmqskx3HB6VtGOlkarQsPKqDJNVTcmRuOlVJ5y5qa1jLc1aVgZbTJFMuVAWpYx830qG9OFFHURULcY6VDN+8hdG7jg04HmkbmhlCQSh7dCeuOfrSNyc1XQGOZ07N8wqQ5pAPKn1pksSSRFHxg00k4phJx3pNX3Gcdr+ntC+VJK9jXMlWBIIr066hjmgdJR8uM59K5C90K6CefCoeMjPHWuSdOzujphUurMwkXByasgjhh1HeoxFKH27D+VWo7YsMEYrFmqaLisJIww6jrXR+Hrs7TbOfdK5yGLyxtq5byNbzJKh5Q5FXTbTuRNXR22O9NuLWG9gMNzDHNGwwVcZ//VS28q3NukqdHGfxqQccZ6V3LVXOM8z1/wAEPpdw97pitJaNy0XVo/p6isCIYWQjPA9K9vCbwRjr615947to4bxJIYFjVkwzKMZNJoDhuiMajiHyMakfiM0xBiI0hhGPmX61ck7VWiXLL9asy0CKFyaagwlLc8kUDhRQMRRlhVwcAVWiGXFWT1oEZpM08aCJ5LxEHyK4+ZfoazfJ2O74wUIPlu3P4etdCfDmpR20Wo2bK6Ou4ND1H1Ws+7yu5tSjZZCvySR9GJ9/WuLldjmsZQ4kYKuZGPc889q6CxtoL2JZ9X1QQ2sXyCEHaCR2HtWTbaZcXCyvEozCu9xnt3x6mlhsrEahHJMpvM4I8w4X8uwqINRd2JHZ2firw1bokFhaSTSKCP3EG449c1hajrsWs6hORatDE0fkSBuCCMlTj1yaWfVY7ZmtrdFht5GC3M0YxnPAA9h/SqOn25tppDbkSyschifvelayre7oDehfs7eOS5huprySNEcZfGW47CvcfCmnxWOgrLHG6PcZlfe25sn1NeT6JpUuo6rb6ZCViMkge6C8kp35/pXuoRY41QcKBgCtMOtNTSlqrkEEhKSEnpVKGQzTyj2zU7t5UEnuap6acyzt6LXWajI8vNj3rYiUIuO9Ztim65JIrX245pCYkY5NVL9ucVdToTWZqDfvMUDK6HNPIqOMZqQ0xlW6+TZKOxwfpUvUZpZVDRlT0IxVe1k3RlG+8h2n8KQE2KYRUlIRQBRvM+WI16yNt/DvUqIFQKOgGMU0L5t2z/wxjaPrU+2kMyb3To9+9UAzz0rOlgSNCdvNdHOm6M+1Y9zEea5KsUmdFN3MZyAMilUjinSIQx9KjOI8sxwBWSNTd0nVYbJGhuZNqMf3Zx0PpXQJKjjKcjqK89jk864DuuUT7qevua9Cs4ke2iaM5UqDXZSbasclRWZOHxGT2rC1vSf7W0yaE/6xhuQnse1bV24jUIOvpUBBPUk85rZmaPELmN4S8cilXRtrA9qYBiGuk8eW6QeIGKLjzYwxA7mudI/dioGOhGXWpZutJAP3g+lLcHFIDOmOWFP9KYwzLUh+8KAHwDL1JI2HNEC1DK37w0Ab3h+/t7O41a9ExXSoMRxejtzyBWjBeWGuG8mS03y+SG2yqAw+h96zlsrW62JelrXTNPBlEL4Bk9MkcHH9ayL/AFueRDKsP2e3mc+W2P3kg6jC9gK5udxVmc97DGvYD5YjlWL52MakYa3buh9UPP6Vk3qGBy6qFDN8yj+E55/D0qS4MF7C8jOUvRyxbgSj/Gmm6eS1gSXDw/wsow30Nc8nfVEETD7RCrJIyYf5hjOF9SfrV20lSGyZo0Z1T5psj5CAcjmoFjaHbJb3KSxnqDwUHvU1xsvYpPIcP5almhQ4A4+8BSjZ6MW56l8LFi1JLnVlaQ7MW6Fj6cke/WvR5WCAfWuU+GOm/wBmeBLBCWLTAzMW65P/AOqumuyAB616NOKSSOqKtGxUvuFZfU5qtpZyZx3KmrF6SyI3qKp2LeXdEHo2RWozR01OXY/Sr7dKjt41ijwO9PkPyn6VPUAjPyVi3z5nI962IyPLJ9KwZ233J+tPqBPEMCnDvSDpRnmmMRuwqk/7q6DjhX+Vvr61cbqaqzjerD24pATrzTZ38uIkfe6D61HbSmRBnqODSn99cgfwJz+NADoYvLiUd+596eV4p/ajtQMiOAjE8DHUVlymOWISRsCrDIYdK1yMg/SsC9sLuIbbSZFTGApXGKyqrqXB2KFxhVLZwPU8CsqR/OfajH2I/h/xqxNps7yb7m5ZyGyFHAFCQrD8qjGK5XZbG6VxLdBEmMYz1rrvDd4HiktXPzR/Mn0rlsZHSp7W5e0uEmQ4K8H6VVOfLK4pwvGx17t5kxPYcCnoMmordVeJZc5DDIqcny4i56noK7d9TltbQ80+ISP/AG7FIR8jRgKfpXLkcCu/8d2nn6PBdYyYZMH6H/8AVXAkYwKlgTW4+bPtUdz1NT245aq1yfmNAFIcy1KPv1FH/rD9amTljSAsRDCE1SlP7w1fAxDWbIfnNAGtFPCI4rh7PzIY2zsjmM0Lk+qk5X8gKp60rWTSi4cT61MNzuh+S0j7Ivb/APVVm80i/wBJlM7plCMG6tF4x/tx9CPwrIkt2liNzdvH9nOceU+Xlf155x7VxSbtqczMx45fs0flgPJ95tzfw+1RxzuDuRuH/DBqS7triAwvIrLuXAbpikgl8oGKWNZkbqo6j3FZxfQhbj4EE8yKSkYbjew4H+NSGFkvkSwnPmNJ5Yk2Y3E9uRVW4vLO3gkhjf5hgrLJklcHICgd81reEM67410kyrcvvuFklJAVd647dOgFdEYJmiWp9MafAttp1vCoACRqMDjtVe+OG61oAADis2+YFz6V1xN2QOxks1zyV4NUCdsgYVYif5mjPRhx9aikXBxVoTNizmMq4zyKtP8AdNYthMY5QD34rZf7n4UuoiONsQS+1YKfNcE+9bJbbZzGse2GXJpPcstn2pF60hPNIp+amAr8Zqox+brVt/umqLH56TAjkk+zuJBgBjtOfWrkCbYx6nk1l6tzZw/9dhWtEPkX6UgJD2o7UUZpgIR+dQXEe+I9yKn6004wR6jFTJXRSMC6TqazZFAOe9bVzH1HpWNMpDE1xyVmdMXoQbsGnkZXOeD1prDIpUbAx/OpKOh8PXiurWszfc5T3HpWrKxkbPRQcAVxiSNDKssZwynNdZazreW6zJ3HI9D6V1Up8ysc1SNtSlrtv9q0O8hxk+WWH1FeTZzg17RIm+KUHoVIrxll2ysv91iK1ZkWLcfIxqlcHljV+EYiJrNuT96kMgi5JNTQjOfrUMXCmrMA6e9AE8vyw1kOx3mtS7OI8VlHk5pMD1RT8vTjuK87uWtpNauHt7Jvs6OVAT72f4iB0UZruLe+hu9OF3byb4XQsrDr0/nXmOn6rY2CTx6jDNO0twW2o2AV57+vSs6qTWhhKxDdSbpUt4XkRt7KVmPHJ45/nTY7R7e4dZpPLZOHK8nB44Heq+oT2LXLNZmcQbwVimHzYxzzQtwRJvjLAj7mOTj3NcyjYmxeeOCwtTcWlrbAg/ILh90jHPXGePxFdn8LIEu/Gv2mGRnRLYvOjKMI5yBt9uK83cZ3FzlmPDZ4r174HWDrBquoPGoLOsKlTkEDn+tbU3dlQ1Z6+PSse6b52FbB6GsO7yHbNdUTZlN2KNuHUc1NLhgHXvzUL85otn3xvEfvKePpVAOVsMCOorfgfzLYHviuf9619NfdCRSYmOuvk0+T3NZFsQCa1tQ4sse9Y0fBNIaLDPSK37ymHtSp9+mBOw+U1nsfnIrUZP3BNZUnDmhjGXNo15bogcKVcN9a0EyAB6VBEeKmBqQHk4pu6kY4FRl6YE26mM1R76az0DILnDOcVjXSYNajMWnPpiqV2vGa5KqszeD0Mtjg4ppOKWTh6YTWJqSqQ61f0i/+x3Hlv/qZD8xPY+tZRYo2R0qQ/MPY1UZcruhON1Y7aZwIXx/cJH5V4sTumkJ/vE16jo+oCVRazH94v3Sf4h6VwviHTTp2t3CqhEMh3xnsc9h9K7YtSV0cklZ2KSnbbZ9qy7g/rWo/y2orInPP40CETiOrcC/dqoPugVoQrz+FCAr3zdqzx0q3fn5sVUHApAWvDV9qqpJpujxwMfL83bO3Qd8Vl24nitb17nTPtERDK7D/AJZNnqPpWTFPLFKFikdGjAAZDgn2rT88/YJI9hN7I2I5BJgAnqGGOa5FUaVmctznmbnIAKY+Ug81ZRvmjHqQB7fWo7koZjZKfKljYllxwG7jP51PbwK8rBz0GFGeSafQroPvxb+d5SzF2x80gHQ+g9q+ivhXpI0vwLZjaQ9wTM2euTx/SvnaGGaSUmVFBdxGBnqTwAK+sdJthaaRZ26jHlwoP0rSlqXTWpcc4U/SsK6OWrckOEOfSueuWBkPNdKNHuQmqYm+z36sfusdpqyTWfqQIUNVAa7DBI9KvaU3zMPasq1l860ic91wa0NNbbcY9aGJlvVD/o6rWOvWtXVjworKUfNUlIl/gp8C5am9RVi3XkU0JliUf6Oaw5uJDXQTj9xXP3PEhokCHxGrCmqcRqyhpDHSt8tVy1Pmbiq5PNIZJu96Qt3pm7igcigB9tF5jN71RukIUqeoODW3ZJjBIrP1aLZO4HQ81lWjpcum9TnLhTuqrv5xWhOoIzWTI3zGuRnUiyMOMUsbdVPUdKhjlPSpG/vikBMHZHDqcMvINdLGlrr2mGK4jVgww3qp9RXLhgRmtHStSisZyJgdjnCn0NbUpcrsZVI6HI6vaPp88lq5JMbYBPcdjXOTn569A8exRslrfREESfIxHevPJT+8rqZzIlX7yitKHGCfas6PmZRWkuBETQgZl3jZkqGlnO64pQMikBzK7UcOrbo85y33hUqXptY0Y+XK0rfIuMlRjk1Y3rNmK4jVSRggcVRktzC5CMoYDCdsCuKyZy2ImJ2kN86kc88/nU9qgfYASWX7jZxge9JBCrQyIApULkuf4jTLR1ErBH3p0HY/jVJvYpHS+FbJNR8baTblN6icME7fKclq+oQMDArwP4P2Elz4wa7Kfu7aFizDpk5Fe+V0U1ZG1NaDJQSjc9q5uY/vDk1q6jfrEpjQ5asIyZPJ962QxxqnqIzaFv7tWwwPSo5gGjZD3FMZBosvmacP9liP1rZsji5X61zuhfuYZoiePNOK6C0/16fUUCLeqH95j0FZyCrupHMx9uKqRjNAEyjirUA+YVCi1YhHzimJli5X/R65y6++a6a6H7g1zN2PnqWOJHE3NWVNUkPNWVPFIoSU8VBnNSTNVfdzTYh/NTQqWYVCvNW4B0oA0rZcAVn6wAx98VpwDCVi63Lt+YdiKJq8Qi7MxZR8hzWVJHgmtmYBkJxwwyKzZgCDjrXnyR2xZQJIPNWY3DKB2qB1HeliYqRiouVYsJwSKjuOUAHXOaeexFMlzwF5J4FaR3IlsV9bmL+HRGzZ2TjH5GuKJzMee9dHrl2BAlmhztO92965hW/eE12HIW4BmWtCU7Lc1n2nL5q3euFiPPPtTEZOd0xNWUHy0afp15flmtrZ5FzgsOlaq+HtVAx9lP8A30KLBcwp9PnmgaVUtyY2I8osFkI9cGsefy7y0JjfDr0LDBFdTfaO8l2v9mbZjGh8yUtuTPueua5G9ktkJtTG63iH5irhlf8AAc1yOFjnaIsT3csiSsFDKqRqoCjtSRQhboqjAMjbJM9sdc4qvPvIVAGZ2OQEzwKs2Kk3SKcbmYL83HthqLBY9x+C0EP9lancxSF99wEBIxkADmvT5ciJsdcV82eHPEN/4U1aRra4jkgB2vt+6O549O2a9O0z4v6Ffhbe7WW3uGGDtUuufqK6INbGsZaHRSW5ZySTkmojb4FJDq+n3km23uQz4zjaQcfjRJdwJ96dR9TWt0ikrkbRsvSorkkQkjggVHNq9ggO65Un0XmsbUPFFtGmyKGWTJA3HgCk5xKUZGlpcZ2PnqXJrfsIz9ojyeM5rB0qUFz05w3HvXT2ABlBHYE09yWRXx3St9aghFS3PLk02EcGmBYU8Gprbl6gQZzV60TqcVWyES3X+oNcxd/frp7v/UmuYvPvGo6DRTBw1WA3FVu9S7uKQxJiCOtQZ5p8h4qHcM0AWIzzV+35IrPi61pW45FMDST5Y653WmySK6FjiKuY1Nt8+KqQkULeTcpibqOmfSoJUwxpNRjkis3nh4kjG9ffHJpYbiO/tI7mI5Dr27HuK46sDppTKM64PSolq3cIdp9qzTJtPX8K5TpSNKPBAqtfzNbxgp1Y4z6U2ObgVHqTg26/WtaerMqmiOZvnyWJrIjYZbmtDUXwHrJibrXachr2XTNN1Gb5SB1p9r8sOfQUmm251PxDaWuMqXDN9AaCT03w1pS2egW0Lja5XexHqa0zp4zxL+lWIV2oAOgFSGrSJPJNQtLee1afQnnhvU+/BEfmJ/2kNczca3Lep9j1WzjMgPzzLHskU+hPSuy1yBJrreImnZFO5YTtlj/2h6iuckae60cwqkF1aj/WyRpmeL3YZrlmZs5102q5XlF6Y+99akEJQwbkPzgfvB/FnualurOxintlhvDJbY4nVfuf7wqV49sVuQEcMWAYP8zYJ5x6f0rOwD4ILS3upRcy/aBEvCRcKzHsT6Va0PUJUvSbXSo552PDMM4HsP61X1GC0gVDG8c5ZMsqfKqNV/QYde1JNliVsbP+KZE5b8T1qorUDuNBn8RSazFJeWsUFntIYDAJz+tdPe20cgJ2iuf0jRoLZkkM9xPMoyZJJM5P0rp3y8QJ7jtVVE0ddDY5uS1VJDgD8qq3doJYWXHJrZuE5NU254rnV7nV0HeHbzfJ5LH5o1CnPtXd6a2Vlb0Fea2gNprRcfdcc16NoxEljJIO7AV3Unc46qsx0qkmkj7ipJeCfemxjmtramZNEhzWjAu1Kqwr81XlGFFKbBEF4f3Jrmbv79dJen93XNXR+Y1PQa3KXenZpp60oHNIY2T7tQgEtUz/AHRTY1yaAJ4hjFaVt1FUVXgVfthimhFqZsRVzlwN85Nb1y2Ij9KxHGXJpsCF4RKjIw4ZStef6Lqv9malcWc5It2kIx/cOa9IUDIryzWIPs/iW7j6fPu/MVEo3Q4vlZ28xVodykFTyCOlc5czBJSOtMiv5rW2C5JQj7prEudRV5zkkn0rjnSd9Dtp1Y21NtLsYHOAO9Ry3Rnyf4V6CshJWkYAnAq8h2w1vTp2VzCrU5nZGLqr7VYZrOgbIqbV5cvjPeq9sDlRWhkboPl2mfat/wCHVvDPqV3clwZ0Xaid8dzXNXsgitVGecdKxrW8ubS7W5t5JIpAeHU4xRzJMXLofRUf3aUkZ615rpPxD1AIqXsMVyOm/o1dqmuoUBMEgJGcZrVa7EbHOX1gt/ANsjQzx8xzJwVP+FchfxhdQRdQP9maqD+6vov9VN/vD1rukJBpt1ZW19bNb3MKyxN1VhWUo3E0ee3i3a39vHcwQ2N+XGb1RmGdfce/FVNbMkQkgaGBXSUM/kL97twey1ua1oE+k6ewhuWuNIWRWa0l5Zeein0qjrFlvhmEYa1ieAyrCvQ4PQ/SspR6E2M2RrGCW3aQvqc7Aj7JGMJHxx+Peux0u01PUrOF7+5Fvabfkt7bgsP9o1Q09IZPCljcpGiyCQB2A5OeOTXSaGc6PBjtuH/jxq4IZqWUSIqxIoRQMACteDiIr121k2x2yY961Yztl9jVVVeJrSdpFS5XgnGKoMOa17hNwPFZzJyRiuHqdy2KJUfaU9a7/Ql2aDG3d2J/WuBlPlTxOegb/wCtXpGnqP7IgCjjB/nXZQOWuMZc9qdGnzZqQKRwamgi7kV0uxgPiQdasimheaf0rJu5USjfn5MVzlz1rob88Gudn+9VPYFuVTSjgUuMnpTtvFSMiYZIFSxx4PSnInNTAc0xCBatQHFRAVIhxTQC3TfuzWV/FWjdt8lZ3egBc4Fee+K1j/4SgspBLRgtjsa7HWtTj0nT3uG5f7sa+rV5hHcSXmoSzysWkdskmkwNO6Oy169q5t33XJrd1STbbAe1c1G+ZCfWkxo2IPvAVemfZak+1ULTLt8ozV2VEdCjhivQgVLkkNRbOOurhri82oC3PQVqxW7wgNuiZwARGf8AGrv2W3hKRxQhC5x61ejs/NsZGjZI1Qn5WbDEjriueVTU1UNDBurucoryLCuc4HUVXN3IMMiJkYJ+XOfaq94Jct97bn5QTyfpWl4fvbWPUI3voy/ZZCeh9x61tBKRzzk4s1vDtvd6xexlrZI7VTlmK4/AV6GYGBxhePfrVKx1DT5htguIyR1Q8HNXHlLNkMij04rqhFJGbk2Qjg1KtRAU8GsiynrsRuNCvU7+XkfhXFzzM/hnTLtzliskLn16iu/mXzbaWMjO5CP0rgLVPP8ACFzbn71peEfTJ/8Ar1lPcRP4afzfB9xF/wA8ZAw/A103hxt2kD2kYf1/rXJeCyWh1SyPXa2BXUeF33WFwp42T4x+ApwA204kFaRO6MEVm9GBpzXzgeRbQGeUHnnCqP8AaP8AhWjGjWyJEDelU5kw+aLC5kdpIpkVJEOCFORVmZMjOK4pxsztpvQxNQiLWrsOq/N+VeieHJRc+H7OXOcpz9a4u4iGwA9GGK3/AAHK39lT2jNk28xCj0B5/rV0WTVV0dT5YPUUoUDpTqK6Ls57BTWbApaikYY5poUnYoXbbt1YU/362bhi2cdKypk+c5OatiRXUU7HNPx6UoQk81IwVcU8DFOAxQaYCrjPSpVHHPAqMZpkswjTJNADL51VQoPNUV4BJOAOSfSms5llJJ4rgvG/j6008/2NYSiS4kO2eRTkRqe2fWgVyj4n1s6rqLJEf9GgJVPc9z/Osiw/12aqxkbOOnarWm8y1K3KJ9dk2QKBXO28nz5rZ8QNhBWDackVI0dHYEnK8YxnBro7Cys5LZJGlKSMeA44Nc5YcBj6CtdDqBazW3hikssHz8n5lPYiuepubU1oX7jQyIJEjARW5yvzLk1zl94e1GOKK3juBLBnLMyA7TW3aawqzPFHNJA6dY5vu4/lWqt/DLj7RH5TdpEOVNZWNNjhm0L7Snl3E+51IAaP+D04OKx7m0FpO8TOPMUZYYwHHqK9Qk0qC6UvCUYkY3IfmrE1Hw/LJbmMoJmX7pkHzfn1rSE3FmNSCkijZeF9ZuLeOdLaPY6grukxxVn/AIRjxEvAVAPTzzW1Hrl1a28EDmBG2hQrKe3bOKtw6vqDxK0ixo56qFzXR7ZGPsWK2pwQ3Pk3Akhx0Zh8p/GrkbpIu6N1ceqHNRXUH2mLYQoYH5WYZ2ms5rCG6Z7d99peAbt0TYDgdwOhpttbhY2cgAsxAHcnpXnsN9aWN34gtJ5kVJCJIh13MCD2rnPEfifVb24ezkuSsULFCE+XcRxk1jmXekDbstjk/jWU53HyHWaHrFvpWt3V2wZ7d0zheOox/OrWjeNLbS2ule1kdZZdwO4cCuPglDROuexX6c5qn5g3up5GM/WpUmEYo9jtvFdtqzxWtjlZ5X2kv/APUeprfRhYp5Ua7nfhV7sfU15R4KuBDqwmCB2VMgHpXrEVq67biaTdOV7dEHoK1hJyY5xSLdtF9njCkhnJ3O/94+taLDfGGFZsb5HPHr7Vftm3Axnr6UVIXQ6U7MhveIEOOhrDh8Wp4T8RQzXeRp11iKdh/wAs2/hf6dM10V5GWhCiuG8W6ULzT5YJRklTtPvXNF2kdTV4nt1pfWt9EJbS5injIyGjcMP0qxmvizSte1Tw5etHb3lxCY2xtVzx+HSvSNF+OWt2pCX8EV/EOpA2yf4V2pXVzjemh9F9qqXBY8DpXD6H8YPDWr7UmnaynP8ABcDaPz6V1ceuaXc8xX1u4/2ZAaqKsTLUS4+VQKzZeDxWjLLDLysi49Qc1VYRk9R+dNgiqoZmwBUwQjgUkl3Z2qkyXESD1ZwKyb3xl4esELT6rbAD0cGpGbBUimng56+1cDffGPw1bZELz3J/6Zocfyrmr745R8iy0lyezSvQB67JPsHSua17xRpmixGTULyOMjogOXb2C9a8lu/iP4u8QiaKwRYEjUtJ5CZKr+Oa4C4vJruYyyyvLK3JdzuP/wBagLHfeJvihfakr22mhrG0bgt1lf8Awrgg7vIGUFmJ4xySf6moEDO2ACzHsOTWlp7HTLqK9Yp5kbZRTyM+h9aBnXabN9osY3PDEYI9COK1dLH75vWua0S9My3jSYD+aXwP9rn+tdRo/O9jSAo+In5ArKtB8yir2vPmUfWqlovINT1H0Oh08fuZCfSrFrJb/wDCRApczxXsMPEfPluvv24qOyGLUnpkgdelXbOW4Jujc2kM9kAdkkPMq+oIHNc0/iN4fCLc3mLSc6xYrPBgBZ7UfMwPsKsT2VwNK06LRbqKOPhws5+eSM8kYPOaz4beUWROgXiSZfmG4PTnkVZ1FbF9a022u45xdIvmQyRghA2OVyPxqFsUxjahJb60LH7NcQsy7lmAOzpyDWpa+IC+5JDHcoh2tg/MtVYLjUxqVy9zLBe6aRlFXG+NvTiqmlw6Ze2Go3OlhrKWVjHL9p+Uo/8AeGeDRYL9zovNsb4YUjd/ckHf2qOTTmL8PIo9Aa5iQX+j6Z5uoxtdzRty0C8lfWtiCW+ltopYHkEcihlD8EfnSY7djpCc4IPHrVXVLZZrItvKSRDcrJ1+lPEiKgTJJHZaZdSt9klPCjbjHrXZNq1zjjueFatHLBqFwJgVdnL8jGcnrVZZd0ACn5g2K9hudLtNRhEN3bpKnQZXn86yn8G6LkItptxyNrcVyqoup0ODZwN2wivQAnlo0QOPfFVLW0mvrwW8QZ3P9wZxXqg8OaZ8hktkYqMAsM4qUWlrbrsghSJccFFwaPaoSpmLoOgHTLeR5Zy8shAO3+EelegaXetNbgORlBjAPWubCMqAFvlHbvVjTJWj1CMjjccN9KdKpaQ6kbo6UTTCZi4Xb/CB2+tXoJ1SRH3d8GqayqTxg1OrZAHpXW9jmW5sSgFT06VganaLdw4Y/dFbS3O+3LkfcQ5rLnlzbqcferjmjtgzw/xtobwXhuYhk4ycdxXGq5B4JyPSvb9bsROyh1ztPH9a4fWPA8UZ8+3ZkVsnaOg+tbU6qWjIqU3ujD8PWs2u6rFpxmjjDAsZJeigdce9UbiWSOeRknkQLIV+VyM/rTrWL7C5kmAZkPIB4IH+NV9QuYLmdZYYBDuGWjXoD7V0nOXYNWvVZNuoXK/MBgSH1rY8U6heW+poLfV5JY5IFcGObgHjiuRjdvNXb1BpZVbeuc8gHFIRba7urlwsl1M4PHzSmidpIYjC86t7Bg2KqAHccHp3qIAE549aBjw4I5z+HSms5K7RwMdqSjtQBq2t+dPZmsLqQSyph8jAPqKh0wWSavENRRntM5ZVOCRVBSVII4IOasONypIgzt5A9u/5UAW726tEu5jYxFYGbManjA9/WqLyvK2WP0A6CklI4wen8u1Rg85oA6Dw0BPfzJ0AUH616BZRiCM+hFch8NlA8WxeYBiZHUA98A165L4dt7nLLEU5+8tJibPLdbZpLtQnODkiltpUG0ORG56KeM/SvRG8G6Z5pklEjt7t/SpT4b0lV+WzTJ9eakdx/g7Q4NR077XMTlJsBOzfWrV34Iht5p7nSpHs7iVtxBO6Mt9O1WtDvdN0u2fTCGgUsWDMeMn37V0e9vLBjZZU7HPUU+WLQczR5dqVk6T2kOvaZMJPNBju7Lhdw9SOOa0mkvX1OR4/IutOCfcx++jcdRiu/wBkbjAwnbawxmuN8SaJpumpc6nArW19IvHlt8rt2JFZTpWWhpGpfc5nRrfS7v8AtG60OeaC6YlZIbjpG/0NF/cNaeGG/wCEnhC+ZJsm+zDtnhuKry6m7aC//CT2oi8zCNPb/K+DwGz3rTaS5h0yzg0pE1WBQBNHcHEpQ9wO9ZGhXaPULbSrSPQp45o4wDsuTkslad7qkNhMISZG+UN8i5Az2rNu7PTNQ12yjivpLW/tyHW2zjevcVFrk/iSDU3TStKjmtMDaz9aVmwOwRcCs7U5GM6Qg4UDcfetcLjrVHULfcVlUdOtbVU3HQwhozO3gAA8AdBSZLnA4FPe3aTlSPcUzyZD0Bx71wnWI7Acc/Woc5PGDU/lSAdMrmjy0GSxwfegLlVuW6Y+lWdOH+nLn3xULyRocKxJPepLFv8ATo8HJPWtKfxET2OjjFXEHFV4UzirajArvOQcbqK2gczttib5SxHAz3NNaJWhCqwbHQg5BHrVTWcroN+3TEDEV4nbeLrm2iCQX1xbADG0HI/Cs50ubY2p1Lbnr+owRpGzyMqhe5NeeeKPFMMkK2OnAyS/deQcD8P8a5S/8RT3uRcXtxP7Z4NY0928oKqNi9CO5HoTShQSd2VKs3ohLmYMxRGzj7zdifQVVyKX/OKK6DEkgA89OO5NSzbRKAOyj+VRW5HnDntTpm/fZ/2RQAgALNk9jVcdKlByTn0NQg0gHDikNJmlFABUsUxjJBAZT17VFSigCy32aQ8sQfQjGKRTbRnIBc+hqvQDQB1fgeYyeN9NZzgbyAB9K+i1TEJHua+Y/C0/2bxPpk2doFwoz9TivqBMGEqOec5pMlmZPHzyOKrlcZwPpWnLFkAgVA8GcHHSoGcHqd2qXc5JAAbnnGK3vCms2ckD/Z2laRP9bEGyoH94CuB1Wd7iecR5I3ljjqat+G9UhsLK5u2jDSHC+hA9Qe1aQgrXFOR7FBc214qPGytjkDuDXHfElZG0ZmCS+RgBpIxkrz1rnIPH9o1yPPhmj/6eouCPqO4rtLLXzLbLPuW7tXH+ui6/8CFOSbViYyscHBPe2mhW8YgXWLXgMG+8EPc/Spb2ztdS1W0Nnqf2a5t1BNr03p6V0HiNfDtrYDUorw2E6tlEth/rm/ulOPzrjrbVtL1bVh9rtDBdxr+7u16EH1rklFpnXF32Na3ub1vEX2e60sSNAhkguZepXuA1Z9z/AGrc3c09h4jlhgdyRGQDsPpnNbOmPqVnFeSXd7HqFgBvgMfLD1BrCtNC8Ma3G19bPdW6u5DRNkFW7ioGellePeoWUvlT0IxVsJxzTXiz0611PU5b2OWlMtvM6A4CnAzR9unwB8pA9qv6tbOXEyLu45rHLfn6dK4pxszqjK6JmuZ5OrcewxUJJJ5NNMm0ZqPzsnAUu3ZVGf5VCTKuPOB9au6PA1xdCRT8i8bh60Weh3d6wa4BhiP8I+8a6q009LaJY40CqvTFdFKm07synMVIiMDJqxHCx7mrCQDAzU6oB0WukwMjXrfd4b1IFsf6O3J+lfMb9B16etfTHjWdrbwZqkg4Ji2j8SBXzNJ8px6DFWgRGaYenpTyeKjNBQmaKSigCSE4lXI65pZfvjn+EfypsZw6n3pZc+YOO1IBB94/Soh0qQH5j9DUdABRRRQAtFJiloAWgCkpRQBo6OnmavYoOpuI8f8AfQr6phBVdp7KB+lfMXhCET+LNLiI4Nwh/I5r6fJ2ufY0MlhtJXGORUTDIYDuKsghupxSND3U1FhniHibSNR0O++1gMFVyQR0Ge30qgbm0fQ28jCNJIWaP+77fSvcr/T4NRtWt7mJZI2GCG9K8K8S6faaT4gurGzJ8mI8Bjkj2qo3QnqS6dbWssJZtjNtydwJ59Paur8IJ9muru2iWRYCiybHP3WOOhHX8a47w4+3WraMziJJG2uW+6R6GvW4bWG1TyoIwi9umT+PQ/jWqMzgfGZj/wCEktlKcwWzOSvBySR/nFc3aRMZJJ43+0Rcny1HzD1HvW54wlhXVbuVh+9YKkY+bOBgnHYDrWBpKFkeSwbyrgnKrIcfNXJV3OuktDpdBk+y6LcyaKrrLKSVSbOFf0wa6PSZVu9PSe+s47e5Y/vETgZ9a524lSXQoYdVmNjLM4AePjDjocit2xt7dbKJZrhnkUYLnjd71gaWO3CjpjNIw/hA5PepFXbyPyNATe31rsOQjEKueVG1ePrUcuk2c+fMgUk9+lXgoUAenFAZc8HP0pNJgmzJHhvTd24wE+244q9Bp1nar+6gRPoOfzq2MnoPzp4TPU0KKQ7siWPcOAAv61KsYXgfrTguOhp6kHoaoQoXinYoFLQI5b4iRGXwJqQGRhVPH+8K+bJOoPqK+q/ENqL3w5qNsRnfbtj6gZ/pXytIpVtpGCpxVIaISKYRipwtROMUDI6KTNLSGLnGDU88YeFZFLE9WGOgPQ1XqaG5aIbSAy/qKAIwC54GfpUQ/Wr5uoyrfuzkg8/hVCgApRSUtAC0UlLQAUopKcKAOt+G9v8AafHenLjOxmc/gDX0a3JJ968J+DluJvGLzH/ljbM355Fe6kgDk4oJYmSO9OM2wEkce1M3gn5cmjaT9KQE0cgcfMR6cda5LxT8P7DX3ku4Wa2vm6yLyG/3hXTbdvTrUscuB82TQI+ftb8Nav4ck/063Pl5+WdOUP49q7DwX4ofUQdPuwPNiTckgPDqOx7Z+lepSwRXMJSRVlQ9UZdw/KuOfwBaW2tDVNMIgZVcNbk5ViQenp1ppg0cBrVjc32qySwIXEYLEEnux6A1Vg0qK8jMbhonz6lSDXpOgeErqyWWbUp99xMclV5CDPABrTufDdnMcugV+zrXPOLbN4TSR51debHHbWlxYC7tj8sjMeU9xV++kWOZI/tsNvtQAI2M/Wt+90We1BwvmxevesC70KwvZzNPGWcjHJrnaa0Nk7np2wKMnkUqJ3PU+lKwywHbNSdzXecSI/LB65pwUDoAKeBSigYgFOApRS0AIeKEXFLTqBC0oopRTANocFW6MNp/Hivl3xVpp07xLqNoVxsnYj6E5H6GvqI9DXhnxetoovFyyouGlgVnPqcYpoDzcDB5qGQdasgDdUEoHNDKKxpaXAoAFIYhpKdtFG0UAafh7QL/AMS6ounaaitOyl/mbaAB1Oazrm3e1up7eTG+KRkYjpkGu4+ES4+IdkAzANG4OD7EVzniy1js/Fep28WdiTtjJyeTn+tAdTFxRinADFGBQAlHSlwKMUAJThSYFKKAPUvgpFu13UZccLbgfrXtJUdSMmvKfgnGv2PVpcfP5iDPtgV6uaCRuAO1KBQetLQIaVphqXtUZ60AER2kjtU+Q2ccVXH3jTwTSsMeQccjj175qMn8RSoxzjPFOwCKkaGFVxggEe9UZtHs5pC5j5PpWg3WlIFKyGf/2Q==","title":"상의 블라우스","id":2140,"modified_date":"2022-11-10T12:34:07","price":"10000","content":"단돈 10000원에 팔아요~","transport":"직거래"},{"image":"/9j/4AAQSkZJRgABAgAAAQABAAD/2wBDAAgGBgcGBQgHBwcJCQgKDBQNDAsLDBkSEw8UHRofHh0aHBwgJC4nICIsIxwcKDcpLDAxNDQ0Hyc5PTgyPC4zNDL/2wBDAQkJCQwLDBgNDRgyIRwhMjIyMjIyMjIyMjIyMjIyMjIyMjIyMjIyMjIyMjIyMjIyMjIyMjIyMjIyMjIyMjIyMjL/wAARCAEsASwDASIAAhEBAxEB/8QAHwAAAQUBAQEBAQEAAAAAAAAAAAECAwQFBgcICQoL/8QAtRAAAgEDAwIEAwUFBAQAAAF9AQIDAAQRBRIhMUEGE1FhByJxFDKBkaEII0KxwRVS0fAkM2JyggkKFhcYGRolJicoKSo0NTY3ODk6Q0RFRkdISUpTVFVWV1hZWmNkZWZnaGlqc3R1dnd4eXqDhIWGh4iJipKTlJWWl5iZmqKjpKWmp6ipqrKztLW2t7i5usLDxMXGx8jJytLT1NXW19jZ2uHi4+Tl5ufo6erx8vP09fb3+Pn6/8QAHwEAAwEBAQEBAQEBAQAAAAAAAAECAwQFBgcICQoL/8QAtREAAgECBAQDBAcFBAQAAQJ3AAECAxEEBSExBhJBUQdhcRMiMoEIFEKRobHBCSMzUvAVYnLRChYkNOEl8RcYGRomJygpKjU2Nzg5OkNERUZHSElKU1RVVldYWVpjZGVmZ2hpanN0dXZ3eHl6goOEhYaHiImKkpOUlZaXmJmaoqOkpaanqKmqsrO0tba3uLm6wsPExcbHyMnK0tPU1dbX2Nna4uPk5ebn6Onq8vP09fb3+Pn6/9oADAMBAAIRAxEAPwCtKtvaSR2904e30/76A8zTHqPpxVuxsrvxdqDXF5KRBGQGx0Uf3FrAuLN7/WRaacDM0pAjZj19Sa3EmfwiyWtvqv2m53FpYEGYx68//WrkT6y2OY71Io4IkhhXbGg2qo6ACnxn5h6VxFx4n1iOGK7uBaQQzE+Wi/M2MZyams/E0skkXn3sMRYZaRoyFQdgB/E36e9dSqJ7F3O2ceuPpTk5Q1mWl4ZrcfZIbmdScmaYbQT6jvWlETg5xnvirKuL3qSo8808GmAooHDUqnmj+OgBWHFNXrUjDimL1HrQA/vUb8bv1FWIonlfbGpY+1aEGi7mUztx1KikP0MfYYolmfCRk4BPf6VW3s1zL5KAFRgk9TWl4ri+zixuAB5ETFGGOBnGDWXauPtE4PB4Ye4rmqzbZ00o8quU1ZGlk8xTv6EelVruwtbhGMkYIFRayJ2vla2Ryy8sR3zVKbUWjiAukeFh329ahw05kXGpd8rRj3umyWjh7R9yHqlZTa6tjciC+t2hz0cDiugDeYzzRncvt/8AXp7wWt9F5VzEr57MKz5m/iNXFJ6EEMiSxCSIhlYcH2q1CInPGN1Frp0VuQqf6rsB2qaaBIiHH51DKHJCrD50FPEYQDb/AAnNV1uR5nl7hg9KnVjnBpxFLTQ6a2k863STuQM0+Hm5qho8gaF4+6nP4GtC3H+kZr0ISvE8+SszzfxC/wDpWrP/ALRH6Vz2i/Jpzn2NbfiFvk1Rx3kYf0rG0/5NJkP+zQwRV0Mf6bK3rW+/MyCsTRRid62+tyvtSAhk/wCPo+1QS8zqKsNzcOarn5rj6UDCT74q4B+7FVG5kxVwD5FoAjlOEqjHzIauTnC1TiHJNAEh4FMAyKe/AxSouVpCLrXEeg2BktWb+0rndExP/LJRjOPQn+lYkN5JbK0lqha5XIkmLZyD2wf/ANdaWvW08Mpe/dWu7nEm9CCNntjvWLBGLpxGX+zW46SYzk/zPvXG5a2OZst2qx3EyqqNM4I344RfUH1FdZChh8u4k+ywleI57ldwVe3lRYP5kAnrWHBcWUNqlupjt5vMzKincqkA/Mp7huuD0zWhZasgbfGsazd5po2mkP0GCB9BW0LJgjpINS81stNql523LEI1H05FbFpexO3lqkyHsHWsGHWbuQBxrDOvffZsAPbIWt6zuzcjIkikXHLRPnH4da6U7miLoPPNO3DHWogcH3qtqGpW+mWpnnYgdEVern0FNuyux3L6sAeakyGbKnIrn7CK+1KUXN7ut4X+5COGce/oK7Ox0ZpFVph5cfZe+KUZXGtSkkbzYWNSxPYCtG10Q53XLY/2FNbEUEcCBY1AH61JRcqxFHCkKbY1Cj2FI5xyPvDtUp5qtI2GB7CmkILmCDULSS3mXdG4wVPauF1CzuNEnVZTvj6Rydcj3rt2fJDodrj9ao3zJIsZlQMobBVhkYqJ07mkJ8rOSSYSHO7Oe4PWorh1Dr5qhlHqM10Nx4dtd3mWrmAn+HqPw9Kyr3RL1/uqkg9jj+dc0qckdMakWVG06DUB5UXkxlwQrHhQexJ+tYOl6DqqyS/bbqOVFcooQcMAfvA1upot+MoYDsbhhuGCK0bWzk0+yjimH3chTntnNTy6aofNroc9NbvYvh1LL/Kq9yySLhDg46Grmu3h3bUGSO9c1JLK75LYPtWRoOK7ZMnIYGtWJhKiyfgaykJlbB64q7YSBWMT96YGzp0hhvYwDgMdproUjeKZhIpUgVywYo6nuCDXbwSLdWsb/e3rz/WuqhLSxyVo63PGtebNleEfxTt/6FWXF8mjv9MV6X4j8BC/tZBpcojkJ3eVIchjnPBrgtT0q+0ix8m9tnibdjJ5B/HpWxkZ+kriRvpWxGMz5rL01cSt9K1YR87H0FICv/y1c1DHzOxqcfxGoYvvMaBh1lq4fuiqacuPrV1+MUAVbjoarwjg1Ncng1DF9ygBX61PGPkHFQHqKtoBsFAihuWOHdcxyOjr+74PzD/Z9qp3EZjgE8hG4qPKSM5VVP07/WtCCS9to1bzlimgPmrBMmCD/s56j2rOuzbzFFgLRybN9y0vy5bjKgfWuKUU9TmZXstOk1C4VVHy8/eOM46812VkNJitotpvLiZcqFt04Q9+QMn8a4+GVYblH8t88bIc/wA62o73U7ib5Fl+yryfsyYXPcbscfjRCWthJnS2E+nwgReRf2cz5y7sQD6EhuK2kRrOaOWdFljYYF1Cu1h/vqOCPcCuOe90hQBJa3DSFf3hju1Z/wAjnP4VetNZ/s2xefT78z2o277a9XbJCCcZHTIrrg9NTRM7wHIGDnjgjvXHapJNrOvpFZspS34Ut/e7kCrniHWXto47Kyx5sqgswP3Qew962fh/oVwt3LcXaoiJgiLq3tuP51FSTqPlQfE7I6Pw14bFjEl1etJLdnn942dv4dK6jik4xmqskx3HB6VtGOlkarQsPKqDJNVTcmRuOlVJ5y5qa1jLc1aVgZbTJFMuVAWpYx830qG9OFFHURULcY6VDN+8hdG7jg04HmkbmhlCQSh7dCeuOfrSNyc1XQGOZ07N8wqQ5pAPKn1pksSSRFHxg00k4phJx3pNX3Gcdr+ntC+VJK9jXMlWBIIr066hjmgdJR8uM59K5C90K6CefCoeMjPHWuSdOzujphUurMwkXByasgjhh1HeoxFKH27D+VWo7YsMEYrFmqaLisJIww6jrXR+Hrs7TbOfdK5yGLyxtq5byNbzJKh5Q5FXTbTuRNXR22O9NuLWG9gMNzDHNGwwVcZ//VS28q3NukqdHGfxqQccZ6V3LVXOM8z1/wAEPpdw97pitJaNy0XVo/p6isCIYWQjPA9K9vCbwRjr615947to4bxJIYFjVkwzKMZNJoDhuiMajiHyMakfiM0xBiI0hhGPmX61ck7VWiXLL9asy0CKFyaagwlLc8kUDhRQMRRlhVwcAVWiGXFWT1oEZpM08aCJ5LxEHyK4+ZfoazfJ2O74wUIPlu3P4etdCfDmpR20Wo2bK6Ou4ND1H1Ws+7yu5tSjZZCvySR9GJ9/WuLldjmsZQ4kYKuZGPc889q6CxtoL2JZ9X1QQ2sXyCEHaCR2HtWTbaZcXCyvEozCu9xnt3x6mlhsrEahHJMpvM4I8w4X8uwqINRd2JHZ2firw1bokFhaSTSKCP3EG449c1hajrsWs6hORatDE0fkSBuCCMlTj1yaWfVY7ZmtrdFht5GC3M0YxnPAA9h/SqOn25tppDbkSyschifvelayre7oDehfs7eOS5huprySNEcZfGW47CvcfCmnxWOgrLHG6PcZlfe25sn1NeT6JpUuo6rb6ZCViMkge6C8kp35/pXuoRY41QcKBgCtMOtNTSlqrkEEhKSEnpVKGQzTyj2zU7t5UEnuap6acyzt6LXWajI8vNj3rYiUIuO9Ztim65JIrX245pCYkY5NVL9ucVdToTWZqDfvMUDK6HNPIqOMZqQ0xlW6+TZKOxwfpUvUZpZVDRlT0IxVe1k3RlG+8h2n8KQE2KYRUlIRQBRvM+WI16yNt/DvUqIFQKOgGMU0L5t2z/wxjaPrU+2kMyb3To9+9UAzz0rOlgSNCdvNdHOm6M+1Y9zEea5KsUmdFN3MZyAMilUjinSIQx9KjOI8sxwBWSNTd0nVYbJGhuZNqMf3Zx0PpXQJKjjKcjqK89jk864DuuUT7qevua9Cs4ke2iaM5UqDXZSbasclRWZOHxGT2rC1vSf7W0yaE/6xhuQnse1bV24jUIOvpUBBPUk85rZmaPELmN4S8cilXRtrA9qYBiGuk8eW6QeIGKLjzYwxA7mudI/dioGOhGXWpZutJAP3g+lLcHFIDOmOWFP9KYwzLUh+8KAHwDL1JI2HNEC1DK37w0Ab3h+/t7O41a9ExXSoMRxejtzyBWjBeWGuG8mS03y+SG2yqAw+h96zlsrW62JelrXTNPBlEL4Bk9MkcHH9ayL/AFueRDKsP2e3mc+W2P3kg6jC9gK5udxVmc97DGvYD5YjlWL52MakYa3buh9UPP6Vk3qGBy6qFDN8yj+E55/D0qS4MF7C8jOUvRyxbgSj/Gmm6eS1gSXDw/wsow30Nc8nfVEETD7RCrJIyYf5hjOF9SfrV20lSGyZo0Z1T5psj5CAcjmoFjaHbJb3KSxnqDwUHvU1xsvYpPIcP5almhQ4A4+8BSjZ6MW56l8LFi1JLnVlaQ7MW6Fj6cke/WvR5WCAfWuU+GOm/wBmeBLBCWLTAzMW65P/AOqumuyAB616NOKSSOqKtGxUvuFZfU5qtpZyZx3KmrF6SyI3qKp2LeXdEHo2RWozR01OXY/Sr7dKjt41ijwO9PkPyn6VPUAjPyVi3z5nI962IyPLJ9KwZ233J+tPqBPEMCnDvSDpRnmmMRuwqk/7q6DjhX+Vvr61cbqaqzjerD24pATrzTZ38uIkfe6D61HbSmRBnqODSn99cgfwJz+NADoYvLiUd+596eV4p/ajtQMiOAjE8DHUVlymOWISRsCrDIYdK1yMg/SsC9sLuIbbSZFTGApXGKyqrqXB2KFxhVLZwPU8CsqR/OfajH2I/h/xqxNps7yb7m5ZyGyFHAFCQrD8qjGK5XZbG6VxLdBEmMYz1rrvDd4HiktXPzR/Mn0rlsZHSp7W5e0uEmQ4K8H6VVOfLK4pwvGx17t5kxPYcCnoMmordVeJZc5DDIqcny4i56noK7d9TltbQ80+ISP/AG7FIR8jRgKfpXLkcCu/8d2nn6PBdYyYZMH6H/8AVXAkYwKlgTW4+bPtUdz1NT245aq1yfmNAFIcy1KPv1FH/rD9amTljSAsRDCE1SlP7w1fAxDWbIfnNAGtFPCI4rh7PzIY2zsjmM0Lk+qk5X8gKp60rWTSi4cT61MNzuh+S0j7Ivb/APVVm80i/wBJlM7plCMG6tF4x/tx9CPwrIkt2liNzdvH9nOceU+Xlf155x7VxSbtqczMx45fs0flgPJ95tzfw+1RxzuDuRuH/DBqS7triAwvIrLuXAbpikgl8oGKWNZkbqo6j3FZxfQhbj4EE8yKSkYbjew4H+NSGFkvkSwnPmNJ5Yk2Y3E9uRVW4vLO3gkhjf5hgrLJklcHICgd81reEM67410kyrcvvuFklJAVd647dOgFdEYJmiWp9MafAttp1vCoACRqMDjtVe+OG61oAADis2+YFz6V1xN2QOxks1zyV4NUCdsgYVYif5mjPRhx9aikXBxVoTNizmMq4zyKtP8AdNYthMY5QD34rZf7n4UuoiONsQS+1YKfNcE+9bJbbZzGse2GXJpPcstn2pF60hPNIp+amAr8Zqox+brVt/umqLH56TAjkk+zuJBgBjtOfWrkCbYx6nk1l6tzZw/9dhWtEPkX6UgJD2o7UUZpgIR+dQXEe+I9yKn6004wR6jFTJXRSMC6TqazZFAOe9bVzH1HpWNMpDE1xyVmdMXoQbsGnkZXOeD1prDIpUbAx/OpKOh8PXiurWszfc5T3HpWrKxkbPRQcAVxiSNDKssZwynNdZazreW6zJ3HI9D6V1Up8ysc1SNtSlrtv9q0O8hxk+WWH1FeTZzg17RIm+KUHoVIrxll2ysv91iK1ZkWLcfIxqlcHljV+EYiJrNuT96kMgi5JNTQjOfrUMXCmrMA6e9AE8vyw1kOx3mtS7OI8VlHk5pMD1RT8vTjuK87uWtpNauHt7Jvs6OVAT72f4iB0UZruLe+hu9OF3byb4XQsrDr0/nXmOn6rY2CTx6jDNO0twW2o2AV57+vSs6qTWhhKxDdSbpUt4XkRt7KVmPHJ45/nTY7R7e4dZpPLZOHK8nB44Heq+oT2LXLNZmcQbwVimHzYxzzQtwRJvjLAj7mOTj3NcyjYmxeeOCwtTcWlrbAg/ILh90jHPXGePxFdn8LIEu/Gv2mGRnRLYvOjKMI5yBt9uK83cZ3FzlmPDZ4r174HWDrBquoPGoLOsKlTkEDn+tbU3dlQ1Z6+PSse6b52FbB6GsO7yHbNdUTZlN2KNuHUc1NLhgHXvzUL85otn3xvEfvKePpVAOVsMCOorfgfzLYHviuf9619NfdCRSYmOuvk0+T3NZFsQCa1tQ4sse9Y0fBNIaLDPSK37ymHtSp9+mBOw+U1nsfnIrUZP3BNZUnDmhjGXNo15bogcKVcN9a0EyAB6VBEeKmBqQHk4pu6kY4FRl6YE26mM1R76az0DILnDOcVjXSYNajMWnPpiqV2vGa5KqszeD0Mtjg4ppOKWTh6YTWJqSqQ61f0i/+x3Hlv/qZD8xPY+tZRYo2R0qQ/MPY1UZcruhON1Y7aZwIXx/cJH5V4sTumkJ/vE16jo+oCVRazH94v3Sf4h6VwviHTTp2t3CqhEMh3xnsc9h9K7YtSV0cklZ2KSnbbZ9qy7g/rWo/y2orInPP40CETiOrcC/dqoPugVoQrz+FCAr3zdqzx0q3fn5sVUHApAWvDV9qqpJpujxwMfL83bO3Qd8Vl24nitb17nTPtERDK7D/AJZNnqPpWTFPLFKFikdGjAAZDgn2rT88/YJI9hN7I2I5BJgAnqGGOa5FUaVmctznmbnIAKY+Ug81ZRvmjHqQB7fWo7koZjZKfKljYllxwG7jP51PbwK8rBz0GFGeSafQroPvxb+d5SzF2x80gHQ+g9q+ivhXpI0vwLZjaQ9wTM2euTx/SvnaGGaSUmVFBdxGBnqTwAK+sdJthaaRZ26jHlwoP0rSlqXTWpcc4U/SsK6OWrckOEOfSueuWBkPNdKNHuQmqYm+z36sfusdpqyTWfqQIUNVAa7DBI9KvaU3zMPasq1l860ic91wa0NNbbcY9aGJlvVD/o6rWOvWtXVjworKUfNUlIl/gp8C5am9RVi3XkU0JliUf6Oaw5uJDXQTj9xXP3PEhokCHxGrCmqcRqyhpDHSt8tVy1Pmbiq5PNIZJu96Qt3pm7igcigB9tF5jN71RukIUqeoODW3ZJjBIrP1aLZO4HQ81lWjpcum9TnLhTuqrv5xWhOoIzWTI3zGuRnUiyMOMUsbdVPUdKhjlPSpG/vikBMHZHDqcMvINdLGlrr2mGK4jVgww3qp9RXLhgRmtHStSisZyJgdjnCn0NbUpcrsZVI6HI6vaPp88lq5JMbYBPcdjXOTn569A8exRslrfREESfIxHevPJT+8rqZzIlX7yitKHGCfas6PmZRWkuBETQgZl3jZkqGlnO64pQMikBzK7UcOrbo85y33hUqXptY0Y+XK0rfIuMlRjk1Y3rNmK4jVSRggcVRktzC5CMoYDCdsCuKyZy2ImJ2kN86kc88/nU9qgfYASWX7jZxge9JBCrQyIApULkuf4jTLR1ErBH3p0HY/jVJvYpHS+FbJNR8baTblN6icME7fKclq+oQMDArwP4P2Elz4wa7Kfu7aFizDpk5Fe+V0U1ZG1NaDJQSjc9q5uY/vDk1q6jfrEpjQ5asIyZPJ962QxxqnqIzaFv7tWwwPSo5gGjZD3FMZBosvmacP9liP1rZsji5X61zuhfuYZoiePNOK6C0/16fUUCLeqH95j0FZyCrupHMx9uKqRjNAEyjirUA+YVCi1YhHzimJli5X/R65y6++a6a6H7g1zN2PnqWOJHE3NWVNUkPNWVPFIoSU8VBnNSTNVfdzTYh/NTQqWYVCvNW4B0oA0rZcAVn6wAx98VpwDCVi63Lt+YdiKJq8Qi7MxZR8hzWVJHgmtmYBkJxwwyKzZgCDjrXnyR2xZQJIPNWY3DKB2qB1HeliYqRiouVYsJwSKjuOUAHXOaeexFMlzwF5J4FaR3IlsV9bmL+HRGzZ2TjH5GuKJzMee9dHrl2BAlmhztO92965hW/eE12HIW4BmWtCU7Lc1n2nL5q3euFiPPPtTEZOd0xNWUHy0afp15flmtrZ5FzgsOlaq+HtVAx9lP8A30KLBcwp9PnmgaVUtyY2I8osFkI9cGsefy7y0JjfDr0LDBFdTfaO8l2v9mbZjGh8yUtuTPueua5G9ktkJtTG63iH5irhlf8AAc1yOFjnaIsT3csiSsFDKqRqoCjtSRQhboqjAMjbJM9sdc4qvPvIVAGZ2OQEzwKs2Kk3SKcbmYL83HthqLBY9x+C0EP9lancxSF99wEBIxkADmvT5ciJsdcV82eHPEN/4U1aRra4jkgB2vt+6O549O2a9O0z4v6Ffhbe7WW3uGGDtUuufqK6INbGsZaHRSW5ZySTkmojb4FJDq+n3km23uQz4zjaQcfjRJdwJ96dR9TWt0ikrkbRsvSorkkQkjggVHNq9ggO65Un0XmsbUPFFtGmyKGWTJA3HgCk5xKUZGlpcZ2PnqXJrfsIz9ojyeM5rB0qUFz05w3HvXT2ABlBHYE09yWRXx3St9aghFS3PLk02EcGmBYU8Gprbl6gQZzV60TqcVWyES3X+oNcxd/frp7v/UmuYvPvGo6DRTBw1WA3FVu9S7uKQxJiCOtQZ5p8h4qHcM0AWIzzV+35IrPi61pW45FMDST5Y653WmySK6FjiKuY1Nt8+KqQkULeTcpibqOmfSoJUwxpNRjkis3nh4kjG9ffHJpYbiO/tI7mI5Dr27HuK46sDppTKM64PSolq3cIdp9qzTJtPX8K5TpSNKPBAqtfzNbxgp1Y4z6U2ObgVHqTg26/WtaerMqmiOZvnyWJrIjYZbmtDUXwHrJibrXachr2XTNN1Gb5SB1p9r8sOfQUmm251PxDaWuMqXDN9AaCT03w1pS2egW0Lja5XexHqa0zp4zxL+lWIV2oAOgFSGrSJPJNQtLee1afQnnhvU+/BEfmJ/2kNczca3Lep9j1WzjMgPzzLHskU+hPSuy1yBJrreImnZFO5YTtlj/2h6iuckae60cwqkF1aj/WyRpmeL3YZrlmZs5102q5XlF6Y+99akEJQwbkPzgfvB/FnualurOxintlhvDJbY4nVfuf7wqV49sVuQEcMWAYP8zYJ5x6f0rOwD4ILS3upRcy/aBEvCRcKzHsT6Va0PUJUvSbXSo552PDMM4HsP61X1GC0gVDG8c5ZMsqfKqNV/QYde1JNliVsbP+KZE5b8T1qorUDuNBn8RSazFJeWsUFntIYDAJz+tdPe20cgJ2iuf0jRoLZkkM9xPMoyZJJM5P0rp3y8QJ7jtVVE0ddDY5uS1VJDgD8qq3doJYWXHJrZuE5NU254rnV7nV0HeHbzfJ5LH5o1CnPtXd6a2Vlb0Fea2gNprRcfdcc16NoxEljJIO7AV3Unc46qsx0qkmkj7ipJeCfemxjmtramZNEhzWjAu1Kqwr81XlGFFKbBEF4f3Jrmbv79dJen93XNXR+Y1PQa3KXenZpp60oHNIY2T7tQgEtUz/AHRTY1yaAJ4hjFaVt1FUVXgVfthimhFqZsRVzlwN85Nb1y2Ij9KxHGXJpsCF4RKjIw4ZStef6Lqv9malcWc5It2kIx/cOa9IUDIryzWIPs/iW7j6fPu/MVEo3Q4vlZ28xVodykFTyCOlc5czBJSOtMiv5rW2C5JQj7prEudRV5zkkn0rjnSd9Dtp1Y21NtLsYHOAO9Ry3Rnyf4V6CshJWkYAnAq8h2w1vTp2VzCrU5nZGLqr7VYZrOgbIqbV5cvjPeq9sDlRWhkboPl2mfat/wCHVvDPqV3clwZ0Xaid8dzXNXsgitVGecdKxrW8ubS7W5t5JIpAeHU4xRzJMXLofRUf3aUkZ615rpPxD1AIqXsMVyOm/o1dqmuoUBMEgJGcZrVa7EbHOX1gt/ANsjQzx8xzJwVP+FchfxhdQRdQP9maqD+6vov9VN/vD1rukJBpt1ZW19bNb3MKyxN1VhWUo3E0ee3i3a39vHcwQ2N+XGb1RmGdfce/FVNbMkQkgaGBXSUM/kL97twey1ua1oE+k6ewhuWuNIWRWa0l5Zeein0qjrFlvhmEYa1ieAyrCvQ4PQ/SspR6E2M2RrGCW3aQvqc7Aj7JGMJHxx+Peux0u01PUrOF7+5Fvabfkt7bgsP9o1Q09IZPCljcpGiyCQB2A5OeOTXSaGc6PBjtuH/jxq4IZqWUSIqxIoRQMACteDiIr121k2x2yY961Yztl9jVVVeJrSdpFS5XgnGKoMOa17hNwPFZzJyRiuHqdy2KJUfaU9a7/Ql2aDG3d2J/WuBlPlTxOegb/wCtXpGnqP7IgCjjB/nXZQOWuMZc9qdGnzZqQKRwamgi7kV0uxgPiQdasimheaf0rJu5USjfn5MVzlz1rob88Gudn+9VPYFuVTSjgUuMnpTtvFSMiYZIFSxx4PSnInNTAc0xCBatQHFRAVIhxTQC3TfuzWV/FWjdt8lZ3egBc4Fee+K1j/4SgspBLRgtjsa7HWtTj0nT3uG5f7sa+rV5hHcSXmoSzysWkdskmkwNO6Oy169q5t33XJrd1STbbAe1c1G+ZCfWkxo2IPvAVemfZak+1ULTLt8ozV2VEdCjhivQgVLkkNRbOOurhri82oC3PQVqxW7wgNuiZwARGf8AGrv2W3hKRxQhC5x61ejs/NsZGjZI1Qn5WbDEjriueVTU1UNDBurucoryLCuc4HUVXN3IMMiJkYJ+XOfaq94Jct97bn5QTyfpWl4fvbWPUI3voy/ZZCeh9x61tBKRzzk4s1vDtvd6xexlrZI7VTlmK4/AV6GYGBxhePfrVKx1DT5htguIyR1Q8HNXHlLNkMij04rqhFJGbk2Qjg1KtRAU8GsiynrsRuNCvU7+XkfhXFzzM/hnTLtzliskLn16iu/mXzbaWMjO5CP0rgLVPP8ACFzbn71peEfTJ/8Ar1lPcRP4afzfB9xF/wA8ZAw/A103hxt2kD2kYf1/rXJeCyWh1SyPXa2BXUeF33WFwp42T4x+ApwA204kFaRO6MEVm9GBpzXzgeRbQGeUHnnCqP8AaP8AhWjGjWyJEDelU5kw+aLC5kdpIpkVJEOCFORVmZMjOK4pxsztpvQxNQiLWrsOq/N+VeieHJRc+H7OXOcpz9a4u4iGwA9GGK3/AAHK39lT2jNk28xCj0B5/rV0WTVV0dT5YPUUoUDpTqK6Ls57BTWbApaikYY5poUnYoXbbt1YU/362bhi2cdKypk+c5OatiRXUU7HNPx6UoQk81IwVcU8DFOAxQaYCrjPSpVHHPAqMZpkswjTJNADL51VQoPNUV4BJOAOSfSms5llJJ4rgvG/j6008/2NYSiS4kO2eRTkRqe2fWgVyj4n1s6rqLJEf9GgJVPc9z/Osiw/12aqxkbOOnarWm8y1K3KJ9dk2QKBXO28nz5rZ8QNhBWDackVI0dHYEnK8YxnBro7Cys5LZJGlKSMeA44Nc5YcBj6CtdDqBazW3hikssHz8n5lPYiuepubU1oX7jQyIJEjARW5yvzLk1zl94e1GOKK3juBLBnLMyA7TW3aawqzPFHNJA6dY5vu4/lWqt/DLj7RH5TdpEOVNZWNNjhm0L7Snl3E+51IAaP+D04OKx7m0FpO8TOPMUZYYwHHqK9Qk0qC6UvCUYkY3IfmrE1Hw/LJbmMoJmX7pkHzfn1rSE3FmNSCkijZeF9ZuLeOdLaPY6grukxxVn/AIRjxEvAVAPTzzW1Hrl1a28EDmBG2hQrKe3bOKtw6vqDxK0ixo56qFzXR7ZGPsWK2pwQ3Pk3Akhx0Zh8p/GrkbpIu6N1ceqHNRXUH2mLYQoYH5WYZ2ms5rCG6Z7d99peAbt0TYDgdwOhpttbhY2cgAsxAHcnpXnsN9aWN34gtJ5kVJCJIh13MCD2rnPEfifVb24ezkuSsULFCE+XcRxk1jmXekDbstjk/jWU53HyHWaHrFvpWt3V2wZ7d0zheOox/OrWjeNLbS2ule1kdZZdwO4cCuPglDROuexX6c5qn5g3up5GM/WpUmEYo9jtvFdtqzxWtjlZ5X2kv/APUeprfRhYp5Ua7nfhV7sfU15R4KuBDqwmCB2VMgHpXrEVq67biaTdOV7dEHoK1hJyY5xSLdtF9njCkhnJ3O/94+taLDfGGFZsb5HPHr7Vftm3Axnr6UVIXQ6U7MhveIEOOhrDh8Wp4T8RQzXeRp11iKdh/wAs2/hf6dM10V5GWhCiuG8W6ULzT5YJRklTtPvXNF2kdTV4nt1pfWt9EJbS5injIyGjcMP0qxmvizSte1Tw5etHb3lxCY2xtVzx+HSvSNF+OWt2pCX8EV/EOpA2yf4V2pXVzjemh9F9qqXBY8DpXD6H8YPDWr7UmnaynP8ABcDaPz6V1ceuaXc8xX1u4/2ZAaqKsTLUS4+VQKzZeDxWjLLDLysi49Qc1VYRk9R+dNgiqoZmwBUwQjgUkl3Z2qkyXESD1ZwKyb3xl4esELT6rbAD0cGpGbBUimng56+1cDffGPw1bZELz3J/6Zocfyrmr745R8iy0lyezSvQB67JPsHSua17xRpmixGTULyOMjogOXb2C9a8lu/iP4u8QiaKwRYEjUtJ5CZKr+Oa4C4vJruYyyyvLK3JdzuP/wBagLHfeJvihfakr22mhrG0bgt1lf8Awrgg7vIGUFmJ4xySf6moEDO2ACzHsOTWlp7HTLqK9Yp5kbZRTyM+h9aBnXabN9osY3PDEYI9COK1dLH75vWua0S9My3jSYD+aXwP9rn+tdRo/O9jSAo+In5ArKtB8yir2vPmUfWqlovINT1H0Oh08fuZCfSrFrJb/wDCRApczxXsMPEfPluvv24qOyGLUnpkgdelXbOW4Jujc2kM9kAdkkPMq+oIHNc0/iN4fCLc3mLSc6xYrPBgBZ7UfMwPsKsT2VwNK06LRbqKOPhws5+eSM8kYPOaz4beUWROgXiSZfmG4PTnkVZ1FbF9a022u45xdIvmQyRghA2OVyPxqFsUxjahJb60LH7NcQsy7lmAOzpyDWpa+IC+5JDHcoh2tg/MtVYLjUxqVy9zLBe6aRlFXG+NvTiqmlw6Ze2Go3OlhrKWVjHL9p+Uo/8AeGeDRYL9zovNsb4YUjd/ckHf2qOTTmL8PIo9Aa5iQX+j6Z5uoxtdzRty0C8lfWtiCW+ltopYHkEcihlD8EfnSY7djpCc4IPHrVXVLZZrItvKSRDcrJ1+lPEiKgTJJHZaZdSt9klPCjbjHrXZNq1zjjueFatHLBqFwJgVdnL8jGcnrVZZd0ACn5g2K9hudLtNRhEN3bpKnQZXn86yn8G6LkItptxyNrcVyqoup0ODZwN2wivQAnlo0QOPfFVLW0mvrwW8QZ3P9wZxXqg8OaZ8hktkYqMAsM4qUWlrbrsghSJccFFwaPaoSpmLoOgHTLeR5Zy8shAO3+EelegaXetNbgORlBjAPWubCMqAFvlHbvVjTJWj1CMjjccN9KdKpaQ6kbo6UTTCZi4Xb/CB2+tXoJ1SRH3d8GqayqTxg1OrZAHpXW9jmW5sSgFT06VganaLdw4Y/dFbS3O+3LkfcQ5rLnlzbqcferjmjtgzw/xtobwXhuYhk4ycdxXGq5B4JyPSvb9bsROyh1ztPH9a4fWPA8UZ8+3ZkVsnaOg+tbU6qWjIqU3ujD8PWs2u6rFpxmjjDAsZJeigdce9UbiWSOeRknkQLIV+VyM/rTrWL7C5kmAZkPIB4IH+NV9QuYLmdZYYBDuGWjXoD7V0nOXYNWvVZNuoXK/MBgSH1rY8U6heW+poLfV5JY5IFcGObgHjiuRjdvNXb1BpZVbeuc8gHFIRba7urlwsl1M4PHzSmidpIYjC86t7Bg2KqAHccHp3qIAE549aBjw4I5z+HSms5K7RwMdqSjtQBq2t+dPZmsLqQSyph8jAPqKh0wWSavENRRntM5ZVOCRVBSVII4IOasONypIgzt5A9u/5UAW726tEu5jYxFYGbManjA9/WqLyvK2WP0A6CklI4wen8u1Rg85oA6Dw0BPfzJ0AUH616BZRiCM+hFch8NlA8WxeYBiZHUA98A165L4dt7nLLEU5+8tJibPLdbZpLtQnODkiltpUG0ORG56KeM/SvRG8G6Z5pklEjt7t/SpT4b0lV+WzTJ9eakdx/g7Q4NR077XMTlJsBOzfWrV34Iht5p7nSpHs7iVtxBO6Mt9O1WtDvdN0u2fTCGgUsWDMeMn37V0e9vLBjZZU7HPUU+WLQczR5dqVk6T2kOvaZMJPNBju7Lhdw9SOOa0mkvX1OR4/IutOCfcx++jcdRiu/wBkbjAwnbawxmuN8SaJpumpc6nArW19IvHlt8rt2JFZTpWWhpGpfc5nRrfS7v8AtG60OeaC6YlZIbjpG/0NF/cNaeGG/wCEnhC+ZJsm+zDtnhuKry6m7aC//CT2oi8zCNPb/K+DwGz3rTaS5h0yzg0pE1WBQBNHcHEpQ9wO9ZGhXaPULbSrSPQp45o4wDsuTkslad7qkNhMISZG+UN8i5Az2rNu7PTNQ12yjivpLW/tyHW2zjevcVFrk/iSDU3TStKjmtMDaz9aVmwOwRcCs7U5GM6Qg4UDcfetcLjrVHULfcVlUdOtbVU3HQwhozO3gAA8AdBSZLnA4FPe3aTlSPcUzyZD0Bx71wnWI7Acc/Woc5PGDU/lSAdMrmjy0GSxwfegLlVuW6Y+lWdOH+nLn3xULyRocKxJPepLFv8ATo8HJPWtKfxET2OjjFXEHFV4UzirajArvOQcbqK2gczttib5SxHAz3NNaJWhCqwbHQg5BHrVTWcroN+3TEDEV4nbeLrm2iCQX1xbADG0HI/Cs50ubY2p1Lbnr+owRpGzyMqhe5NeeeKPFMMkK2OnAyS/deQcD8P8a5S/8RT3uRcXtxP7Z4NY0928oKqNi9CO5HoTShQSd2VKs3ohLmYMxRGzj7zdifQVVyKX/OKK6DEkgA89OO5NSzbRKAOyj+VRW5HnDntTpm/fZ/2RQAgALNk9jVcdKlByTn0NQg0gHDikNJmlFABUsUxjJBAZT17VFSigCy32aQ8sQfQjGKRTbRnIBc+hqvQDQB1fgeYyeN9NZzgbyAB9K+i1TEJHua+Y/C0/2bxPpk2doFwoz9TivqBMGEqOec5pMlmZPHzyOKrlcZwPpWnLFkAgVA8GcHHSoGcHqd2qXc5JAAbnnGK3vCms2ckD/Z2laRP9bEGyoH94CuB1Wd7iecR5I3ljjqat+G9UhsLK5u2jDSHC+hA9Qe1aQgrXFOR7FBc214qPGytjkDuDXHfElZG0ZmCS+RgBpIxkrz1rnIPH9o1yPPhmj/6eouCPqO4rtLLXzLbLPuW7tXH+ui6/8CFOSbViYyscHBPe2mhW8YgXWLXgMG+8EPc/Spb2ztdS1W0Nnqf2a5t1BNr03p6V0HiNfDtrYDUorw2E6tlEth/rm/ulOPzrjrbVtL1bVh9rtDBdxr+7u16EH1rklFpnXF32Na3ub1vEX2e60sSNAhkguZepXuA1Z9z/AGrc3c09h4jlhgdyRGQDsPpnNbOmPqVnFeSXd7HqFgBvgMfLD1BrCtNC8Ma3G19bPdW6u5DRNkFW7ioGellePeoWUvlT0IxVsJxzTXiz0611PU5b2OWlMtvM6A4CnAzR9unwB8pA9qv6tbOXEyLu45rHLfn6dK4pxszqjK6JmuZ5OrcewxUJJJ5NNMm0ZqPzsnAUu3ZVGf5VCTKuPOB9au6PA1xdCRT8i8bh60Weh3d6wa4BhiP8I+8a6q009LaJY40CqvTFdFKm07synMVIiMDJqxHCx7mrCQDAzU6oB0WukwMjXrfd4b1IFsf6O3J+lfMb9B16etfTHjWdrbwZqkg4Ji2j8SBXzNJ8px6DFWgRGaYenpTyeKjNBQmaKSigCSE4lXI65pZfvjn+EfypsZw6n3pZc+YOO1IBB94/Soh0qQH5j9DUdABRRRQAtFJiloAWgCkpRQBo6OnmavYoOpuI8f8AfQr6phBVdp7KB+lfMXhCET+LNLiI4Nwh/I5r6fJ2ufY0MlhtJXGORUTDIYDuKsghupxSND3U1FhniHibSNR0O++1gMFVyQR0Ge30qgbm0fQ28jCNJIWaP+77fSvcr/T4NRtWt7mJZI2GCG9K8K8S6faaT4gurGzJ8mI8Bjkj2qo3QnqS6dbWssJZtjNtydwJ59Paur8IJ9muru2iWRYCiybHP3WOOhHX8a47w4+3WraMziJJG2uW+6R6GvW4bWG1TyoIwi9umT+PQ/jWqMzgfGZj/wCEktlKcwWzOSvBySR/nFc3aRMZJJ43+0Rcny1HzD1HvW54wlhXVbuVh+9YKkY+bOBgnHYDrWBpKFkeSwbyrgnKrIcfNXJV3OuktDpdBk+y6LcyaKrrLKSVSbOFf0wa6PSZVu9PSe+s47e5Y/vETgZ9a524lSXQoYdVmNjLM4AePjDjocit2xt7dbKJZrhnkUYLnjd71gaWO3CjpjNIw/hA5PepFXbyPyNATe31rsOQjEKueVG1ePrUcuk2c+fMgUk9+lXgoUAenFAZc8HP0pNJgmzJHhvTd24wE+244q9Bp1nar+6gRPoOfzq2MnoPzp4TPU0KKQ7siWPcOAAv61KsYXgfrTguOhp6kHoaoQoXinYoFLQI5b4iRGXwJqQGRhVPH+8K+bJOoPqK+q/ENqL3w5qNsRnfbtj6gZ/pXytIpVtpGCpxVIaISKYRipwtROMUDI6KTNLSGLnGDU88YeFZFLE9WGOgPQ1XqaG5aIbSAy/qKAIwC54GfpUQ/Wr5uoyrfuzkg8/hVCgApRSUtAC0UlLQAUopKcKAOt+G9v8AafHenLjOxmc/gDX0a3JJ968J+DluJvGLzH/ljbM355Fe6kgDk4oJYmSO9OM2wEkce1M3gn5cmjaT9KQE0cgcfMR6cda5LxT8P7DX3ku4Wa2vm6yLyG/3hXTbdvTrUscuB82TQI+ftb8Nav4ck/063Pl5+WdOUP49q7DwX4ofUQdPuwPNiTckgPDqOx7Z+lepSwRXMJSRVlQ9UZdw/KuOfwBaW2tDVNMIgZVcNbk5ViQenp1ppg0cBrVjc32qySwIXEYLEEnux6A1Vg0qK8jMbhonz6lSDXpOgeErqyWWbUp99xMclV5CDPABrTufDdnMcugV+zrXPOLbN4TSR51debHHbWlxYC7tj8sjMeU9xV++kWOZI/tsNvtQAI2M/Wt+90We1BwvmxevesC70KwvZzNPGWcjHJrnaa0Nk7np2wKMnkUqJ3PU+lKwywHbNSdzXecSI/LB65pwUDoAKeBSigYgFOApRS0AIeKEXFLTqBC0oopRTANocFW6MNp/Hivl3xVpp07xLqNoVxsnYj6E5H6GvqI9DXhnxetoovFyyouGlgVnPqcYpoDzcDB5qGQdasgDdUEoHNDKKxpaXAoAFIYhpKdtFG0UAafh7QL/AMS6ounaaitOyl/mbaAB1Oazrm3e1up7eTG+KRkYjpkGu4+ES4+IdkAzANG4OD7EVzniy1js/Fep28WdiTtjJyeTn+tAdTFxRinADFGBQAlHSlwKMUAJThSYFKKAPUvgpFu13UZccLbgfrXtJUdSMmvKfgnGv2PVpcfP5iDPtgV6uaCRuAO1KBQetLQIaVphqXtUZ60AER2kjtU+Q2ccVXH3jTwTSsMeQccjj175qMn8RSoxzjPFOwCKkaGFVxggEe9UZtHs5pC5j5PpWg3WlIFKyGf/2Q==","title":"상의 블라우스","id":2115,"modified_date":"2022-11-10T12:34:06","price":"10000","content":"단돈 10000원에 팔아요~","transport":"직거래"},{"image":"/9j/4AAQSkZJRgABAgAAAQABAAD/2wBDAAgGBgcGBQgHBwcJCQgKDBQNDAsLDBkSEw8UHRofHh0aHBwgJC4nICIsIxwcKDcpLDAxNDQ0Hyc5PTgyPC4zNDL/2wBDAQkJCQwLDBgNDRgyIRwhMjIyMjIyMjIyMjIyMjIyMjIyMjIyMjIyMjIyMjIyMjIyMjIyMjIyMjIyMjIyMjIyMjL/wAARCAEsASwDASIAAhEBAxEB/8QAHwAAAQUBAQEBAQEAAAAAAAAAAAECAwQFBgcICQoL/8QAtRAAAgEDAwIEAwUFBAQAAAF9AQIDAAQRBRIhMUEGE1FhByJxFDKBkaEII0KxwRVS0fAkM2JyggkKFhcYGRolJicoKSo0NTY3ODk6Q0RFRkdISUpTVFVWV1hZWmNkZWZnaGlqc3R1dnd4eXqDhIWGh4iJipKTlJWWl5iZmqKjpKWmp6ipqrKztLW2t7i5usLDxMXGx8jJytLT1NXW19jZ2uHi4+Tl5ufo6erx8vP09fb3+Pn6/8QAHwEAAwEBAQEBAQEBAQAAAAAAAAECAwQFBgcICQoL/8QAtREAAgECBAQDBAcFBAQAAQJ3AAECAxEEBSExBhJBUQdhcRMiMoEIFEKRobHBCSMzUvAVYnLRChYkNOEl8RcYGRomJygpKjU2Nzg5OkNERUZHSElKU1RVVldYWVpjZGVmZ2hpanN0dXZ3eHl6goOEhYaHiImKkpOUlZaXmJmaoqOkpaanqKmqsrO0tba3uLm6wsPExcbHyMnK0tPU1dbX2Nna4uPk5ebn6Onq8vP09fb3+Pn6/9oADAMBAAIRAxEAPwCtKtvaSR2904e30/76A8zTHqPpxVuxsrvxdqDXF5KRBGQGx0Uf3FrAuLN7/WRaacDM0pAjZj19Sa3EmfwiyWtvqv2m53FpYEGYx68//WrkT6y2OY71Io4IkhhXbGg2qo6ACnxn5h6VxFx4n1iOGK7uBaQQzE+Wi/M2MZyams/E0skkXn3sMRYZaRoyFQdgB/E36e9dSqJ7F3O2ceuPpTk5Q1mWl4ZrcfZIbmdScmaYbQT6jvWlETg5xnvirKuL3qSo8808GmAooHDUqnmj+OgBWHFNXrUjDimL1HrQA/vUb8bv1FWIonlfbGpY+1aEGi7mUztx1KikP0MfYYolmfCRk4BPf6VW3s1zL5KAFRgk9TWl4ri+zixuAB5ETFGGOBnGDWXauPtE4PB4Ye4rmqzbZ00o8quU1ZGlk8xTv6EelVruwtbhGMkYIFRayJ2vla2Ryy8sR3zVKbUWjiAukeFh329ahw05kXGpd8rRj3umyWjh7R9yHqlZTa6tjciC+t2hz0cDiugDeYzzRncvt/8AXp7wWt9F5VzEr57MKz5m/iNXFJ6EEMiSxCSIhlYcH2q1CInPGN1Frp0VuQqf6rsB2qaaBIiHH51DKHJCrD50FPEYQDb/AAnNV1uR5nl7hg9KnVjnBpxFLTQ6a2k863STuQM0+Hm5qho8gaF4+6nP4GtC3H+kZr0ISvE8+SszzfxC/wDpWrP/ALRH6Vz2i/Jpzn2NbfiFvk1Rx3kYf0rG0/5NJkP+zQwRV0Mf6bK3rW+/MyCsTRRid62+tyvtSAhk/wCPo+1QS8zqKsNzcOarn5rj6UDCT74q4B+7FVG5kxVwD5FoAjlOEqjHzIauTnC1TiHJNAEh4FMAyKe/AxSouVpCLrXEeg2BktWb+0rndExP/LJRjOPQn+lYkN5JbK0lqha5XIkmLZyD2wf/ANdaWvW08Mpe/dWu7nEm9CCNntjvWLBGLpxGX+zW46SYzk/zPvXG5a2OZst2qx3EyqqNM4I344RfUH1FdZChh8u4k+ywleI57ldwVe3lRYP5kAnrWHBcWUNqlupjt5vMzKincqkA/Mp7huuD0zWhZasgbfGsazd5po2mkP0GCB9BW0LJgjpINS81stNql523LEI1H05FbFpexO3lqkyHsHWsGHWbuQBxrDOvffZsAPbIWt6zuzcjIkikXHLRPnH4da6U7miLoPPNO3DHWogcH3qtqGpW+mWpnnYgdEVern0FNuyux3L6sAeakyGbKnIrn7CK+1KUXN7ut4X+5COGce/oK7Ox0ZpFVph5cfZe+KUZXGtSkkbzYWNSxPYCtG10Q53XLY/2FNbEUEcCBY1AH61JRcqxFHCkKbY1Cj2FI5xyPvDtUp5qtI2GB7CmkILmCDULSS3mXdG4wVPauF1CzuNEnVZTvj6Rydcj3rt2fJDodrj9ao3zJIsZlQMobBVhkYqJ07mkJ8rOSSYSHO7Oe4PWorh1Dr5qhlHqM10Nx4dtd3mWrmAn+HqPw9Kyr3RL1/uqkg9jj+dc0qckdMakWVG06DUB5UXkxlwQrHhQexJ+tYOl6DqqyS/bbqOVFcooQcMAfvA1upot+MoYDsbhhuGCK0bWzk0+yjimH3chTntnNTy6aofNroc9NbvYvh1LL/Kq9yySLhDg46Grmu3h3bUGSO9c1JLK75LYPtWRoOK7ZMnIYGtWJhKiyfgaykJlbB64q7YSBWMT96YGzp0hhvYwDgMdproUjeKZhIpUgVywYo6nuCDXbwSLdWsb/e3rz/WuqhLSxyVo63PGtebNleEfxTt/6FWXF8mjv9MV6X4j8BC/tZBpcojkJ3eVIchjnPBrgtT0q+0ix8m9tnibdjJ5B/HpWxkZ+kriRvpWxGMz5rL01cSt9K1YR87H0FICv/y1c1DHzOxqcfxGoYvvMaBh1lq4fuiqacuPrV1+MUAVbjoarwjg1Ncng1DF9ygBX61PGPkHFQHqKtoBsFAihuWOHdcxyOjr+74PzD/Z9qp3EZjgE8hG4qPKSM5VVP07/WtCCS9to1bzlimgPmrBMmCD/s56j2rOuzbzFFgLRybN9y0vy5bjKgfWuKUU9TmZXstOk1C4VVHy8/eOM46812VkNJitotpvLiZcqFt04Q9+QMn8a4+GVYblH8t88bIc/wA62o73U7ib5Fl+yryfsyYXPcbscfjRCWthJnS2E+nwgReRf2cz5y7sQD6EhuK2kRrOaOWdFljYYF1Cu1h/vqOCPcCuOe90hQBJa3DSFf3hju1Z/wAjnP4VetNZ/s2xefT78z2o277a9XbJCCcZHTIrrg9NTRM7wHIGDnjgjvXHapJNrOvpFZspS34Ut/e7kCrniHWXto47Kyx5sqgswP3Qew962fh/oVwt3LcXaoiJgiLq3tuP51FSTqPlQfE7I6Pw14bFjEl1etJLdnn942dv4dK6jik4xmqskx3HB6VtGOlkarQsPKqDJNVTcmRuOlVJ5y5qa1jLc1aVgZbTJFMuVAWpYx830qG9OFFHURULcY6VDN+8hdG7jg04HmkbmhlCQSh7dCeuOfrSNyc1XQGOZ07N8wqQ5pAPKn1pksSSRFHxg00k4phJx3pNX3Gcdr+ntC+VJK9jXMlWBIIr066hjmgdJR8uM59K5C90K6CefCoeMjPHWuSdOzujphUurMwkXByasgjhh1HeoxFKH27D+VWo7YsMEYrFmqaLisJIww6jrXR+Hrs7TbOfdK5yGLyxtq5byNbzJKh5Q5FXTbTuRNXR22O9NuLWG9gMNzDHNGwwVcZ//VS28q3NukqdHGfxqQccZ6V3LVXOM8z1/wAEPpdw97pitJaNy0XVo/p6isCIYWQjPA9K9vCbwRjr615947to4bxJIYFjVkwzKMZNJoDhuiMajiHyMakfiM0xBiI0hhGPmX61ck7VWiXLL9asy0CKFyaagwlLc8kUDhRQMRRlhVwcAVWiGXFWT1oEZpM08aCJ5LxEHyK4+ZfoazfJ2O74wUIPlu3P4etdCfDmpR20Wo2bK6Ou4ND1H1Ws+7yu5tSjZZCvySR9GJ9/WuLldjmsZQ4kYKuZGPc889q6CxtoL2JZ9X1QQ2sXyCEHaCR2HtWTbaZcXCyvEozCu9xnt3x6mlhsrEahHJMpvM4I8w4X8uwqINRd2JHZ2firw1bokFhaSTSKCP3EG449c1hajrsWs6hORatDE0fkSBuCCMlTj1yaWfVY7ZmtrdFht5GC3M0YxnPAA9h/SqOn25tppDbkSyschifvelayre7oDehfs7eOS5huprySNEcZfGW47CvcfCmnxWOgrLHG6PcZlfe25sn1NeT6JpUuo6rb6ZCViMkge6C8kp35/pXuoRY41QcKBgCtMOtNTSlqrkEEhKSEnpVKGQzTyj2zU7t5UEnuap6acyzt6LXWajI8vNj3rYiUIuO9Ztim65JIrX245pCYkY5NVL9ucVdToTWZqDfvMUDK6HNPIqOMZqQ0xlW6+TZKOxwfpUvUZpZVDRlT0IxVe1k3RlG+8h2n8KQE2KYRUlIRQBRvM+WI16yNt/DvUqIFQKOgGMU0L5t2z/wxjaPrU+2kMyb3To9+9UAzz0rOlgSNCdvNdHOm6M+1Y9zEea5KsUmdFN3MZyAMilUjinSIQx9KjOI8sxwBWSNTd0nVYbJGhuZNqMf3Zx0PpXQJKjjKcjqK89jk864DuuUT7qevua9Cs4ke2iaM5UqDXZSbasclRWZOHxGT2rC1vSf7W0yaE/6xhuQnse1bV24jUIOvpUBBPUk85rZmaPELmN4S8cilXRtrA9qYBiGuk8eW6QeIGKLjzYwxA7mudI/dioGOhGXWpZutJAP3g+lLcHFIDOmOWFP9KYwzLUh+8KAHwDL1JI2HNEC1DK37w0Ab3h+/t7O41a9ExXSoMRxejtzyBWjBeWGuG8mS03y+SG2yqAw+h96zlsrW62JelrXTNPBlEL4Bk9MkcHH9ayL/AFueRDKsP2e3mc+W2P3kg6jC9gK5udxVmc97DGvYD5YjlWL52MakYa3buh9UPP6Vk3qGBy6qFDN8yj+E55/D0qS4MF7C8jOUvRyxbgSj/Gmm6eS1gSXDw/wsow30Nc8nfVEETD7RCrJIyYf5hjOF9SfrV20lSGyZo0Z1T5psj5CAcjmoFjaHbJb3KSxnqDwUHvU1xsvYpPIcP5almhQ4A4+8BSjZ6MW56l8LFi1JLnVlaQ7MW6Fj6cke/WvR5WCAfWuU+GOm/wBmeBLBCWLTAzMW65P/AOqumuyAB616NOKSSOqKtGxUvuFZfU5qtpZyZx3KmrF6SyI3qKp2LeXdEHo2RWozR01OXY/Sr7dKjt41ijwO9PkPyn6VPUAjPyVi3z5nI962IyPLJ9KwZ233J+tPqBPEMCnDvSDpRnmmMRuwqk/7q6DjhX+Vvr61cbqaqzjerD24pATrzTZ38uIkfe6D61HbSmRBnqODSn99cgfwJz+NADoYvLiUd+596eV4p/ajtQMiOAjE8DHUVlymOWISRsCrDIYdK1yMg/SsC9sLuIbbSZFTGApXGKyqrqXB2KFxhVLZwPU8CsqR/OfajH2I/h/xqxNps7yb7m5ZyGyFHAFCQrD8qjGK5XZbG6VxLdBEmMYz1rrvDd4HiktXPzR/Mn0rlsZHSp7W5e0uEmQ4K8H6VVOfLK4pwvGx17t5kxPYcCnoMmordVeJZc5DDIqcny4i56noK7d9TltbQ80+ISP/AG7FIR8jRgKfpXLkcCu/8d2nn6PBdYyYZMH6H/8AVXAkYwKlgTW4+bPtUdz1NT245aq1yfmNAFIcy1KPv1FH/rD9amTljSAsRDCE1SlP7w1fAxDWbIfnNAGtFPCI4rh7PzIY2zsjmM0Lk+qk5X8gKp60rWTSi4cT61MNzuh+S0j7Ivb/APVVm80i/wBJlM7plCMG6tF4x/tx9CPwrIkt2liNzdvH9nOceU+Xlf155x7VxSbtqczMx45fs0flgPJ95tzfw+1RxzuDuRuH/DBqS7triAwvIrLuXAbpikgl8oGKWNZkbqo6j3FZxfQhbj4EE8yKSkYbjew4H+NSGFkvkSwnPmNJ5Yk2Y3E9uRVW4vLO3gkhjf5hgrLJklcHICgd81reEM67410kyrcvvuFklJAVd647dOgFdEYJmiWp9MafAttp1vCoACRqMDjtVe+OG61oAADis2+YFz6V1xN2QOxks1zyV4NUCdsgYVYif5mjPRhx9aikXBxVoTNizmMq4zyKtP8AdNYthMY5QD34rZf7n4UuoiONsQS+1YKfNcE+9bJbbZzGse2GXJpPcstn2pF60hPNIp+amAr8Zqox+brVt/umqLH56TAjkk+zuJBgBjtOfWrkCbYx6nk1l6tzZw/9dhWtEPkX6UgJD2o7UUZpgIR+dQXEe+I9yKn6004wR6jFTJXRSMC6TqazZFAOe9bVzH1HpWNMpDE1xyVmdMXoQbsGnkZXOeD1prDIpUbAx/OpKOh8PXiurWszfc5T3HpWrKxkbPRQcAVxiSNDKssZwynNdZazreW6zJ3HI9D6V1Up8ysc1SNtSlrtv9q0O8hxk+WWH1FeTZzg17RIm+KUHoVIrxll2ysv91iK1ZkWLcfIxqlcHljV+EYiJrNuT96kMgi5JNTQjOfrUMXCmrMA6e9AE8vyw1kOx3mtS7OI8VlHk5pMD1RT8vTjuK87uWtpNauHt7Jvs6OVAT72f4iB0UZruLe+hu9OF3byb4XQsrDr0/nXmOn6rY2CTx6jDNO0twW2o2AV57+vSs6qTWhhKxDdSbpUt4XkRt7KVmPHJ45/nTY7R7e4dZpPLZOHK8nB44Heq+oT2LXLNZmcQbwVimHzYxzzQtwRJvjLAj7mOTj3NcyjYmxeeOCwtTcWlrbAg/ILh90jHPXGePxFdn8LIEu/Gv2mGRnRLYvOjKMI5yBt9uK83cZ3FzlmPDZ4r174HWDrBquoPGoLOsKlTkEDn+tbU3dlQ1Z6+PSse6b52FbB6GsO7yHbNdUTZlN2KNuHUc1NLhgHXvzUL85otn3xvEfvKePpVAOVsMCOorfgfzLYHviuf9619NfdCRSYmOuvk0+T3NZFsQCa1tQ4sse9Y0fBNIaLDPSK37ymHtSp9+mBOw+U1nsfnIrUZP3BNZUnDmhjGXNo15bogcKVcN9a0EyAB6VBEeKmBqQHk4pu6kY4FRl6YE26mM1R76az0DILnDOcVjXSYNajMWnPpiqV2vGa5KqszeD0Mtjg4ppOKWTh6YTWJqSqQ61f0i/+x3Hlv/qZD8xPY+tZRYo2R0qQ/MPY1UZcruhON1Y7aZwIXx/cJH5V4sTumkJ/vE16jo+oCVRazH94v3Sf4h6VwviHTTp2t3CqhEMh3xnsc9h9K7YtSV0cklZ2KSnbbZ9qy7g/rWo/y2orInPP40CETiOrcC/dqoPugVoQrz+FCAr3zdqzx0q3fn5sVUHApAWvDV9qqpJpujxwMfL83bO3Qd8Vl24nitb17nTPtERDK7D/AJZNnqPpWTFPLFKFikdGjAAZDgn2rT88/YJI9hN7I2I5BJgAnqGGOa5FUaVmctznmbnIAKY+Ug81ZRvmjHqQB7fWo7koZjZKfKljYllxwG7jP51PbwK8rBz0GFGeSafQroPvxb+d5SzF2x80gHQ+g9q+ivhXpI0vwLZjaQ9wTM2euTx/SvnaGGaSUmVFBdxGBnqTwAK+sdJthaaRZ26jHlwoP0rSlqXTWpcc4U/SsK6OWrckOEOfSueuWBkPNdKNHuQmqYm+z36sfusdpqyTWfqQIUNVAa7DBI9KvaU3zMPasq1l860ic91wa0NNbbcY9aGJlvVD/o6rWOvWtXVjworKUfNUlIl/gp8C5am9RVi3XkU0JliUf6Oaw5uJDXQTj9xXP3PEhokCHxGrCmqcRqyhpDHSt8tVy1Pmbiq5PNIZJu96Qt3pm7igcigB9tF5jN71RukIUqeoODW3ZJjBIrP1aLZO4HQ81lWjpcum9TnLhTuqrv5xWhOoIzWTI3zGuRnUiyMOMUsbdVPUdKhjlPSpG/vikBMHZHDqcMvINdLGlrr2mGK4jVgww3qp9RXLhgRmtHStSisZyJgdjnCn0NbUpcrsZVI6HI6vaPp88lq5JMbYBPcdjXOTn569A8exRslrfREESfIxHevPJT+8rqZzIlX7yitKHGCfas6PmZRWkuBETQgZl3jZkqGlnO64pQMikBzK7UcOrbo85y33hUqXptY0Y+XK0rfIuMlRjk1Y3rNmK4jVSRggcVRktzC5CMoYDCdsCuKyZy2ImJ2kN86kc88/nU9qgfYASWX7jZxge9JBCrQyIApULkuf4jTLR1ErBH3p0HY/jVJvYpHS+FbJNR8baTblN6icME7fKclq+oQMDArwP4P2Elz4wa7Kfu7aFizDpk5Fe+V0U1ZG1NaDJQSjc9q5uY/vDk1q6jfrEpjQ5asIyZPJ962QxxqnqIzaFv7tWwwPSo5gGjZD3FMZBosvmacP9liP1rZsji5X61zuhfuYZoiePNOK6C0/16fUUCLeqH95j0FZyCrupHMx9uKqRjNAEyjirUA+YVCi1YhHzimJli5X/R65y6++a6a6H7g1zN2PnqWOJHE3NWVNUkPNWVPFIoSU8VBnNSTNVfdzTYh/NTQqWYVCvNW4B0oA0rZcAVn6wAx98VpwDCVi63Lt+YdiKJq8Qi7MxZR8hzWVJHgmtmYBkJxwwyKzZgCDjrXnyR2xZQJIPNWY3DKB2qB1HeliYqRiouVYsJwSKjuOUAHXOaeexFMlzwF5J4FaR3IlsV9bmL+HRGzZ2TjH5GuKJzMee9dHrl2BAlmhztO92965hW/eE12HIW4BmWtCU7Lc1n2nL5q3euFiPPPtTEZOd0xNWUHy0afp15flmtrZ5FzgsOlaq+HtVAx9lP8A30KLBcwp9PnmgaVUtyY2I8osFkI9cGsefy7y0JjfDr0LDBFdTfaO8l2v9mbZjGh8yUtuTPueua5G9ktkJtTG63iH5irhlf8AAc1yOFjnaIsT3csiSsFDKqRqoCjtSRQhboqjAMjbJM9sdc4qvPvIVAGZ2OQEzwKs2Kk3SKcbmYL83HthqLBY9x+C0EP9lancxSF99wEBIxkADmvT5ciJsdcV82eHPEN/4U1aRra4jkgB2vt+6O549O2a9O0z4v6Ffhbe7WW3uGGDtUuufqK6INbGsZaHRSW5ZySTkmojb4FJDq+n3km23uQz4zjaQcfjRJdwJ96dR9TWt0ikrkbRsvSorkkQkjggVHNq9ggO65Un0XmsbUPFFtGmyKGWTJA3HgCk5xKUZGlpcZ2PnqXJrfsIz9ojyeM5rB0qUFz05w3HvXT2ABlBHYE09yWRXx3St9aghFS3PLk02EcGmBYU8Gprbl6gQZzV60TqcVWyES3X+oNcxd/frp7v/UmuYvPvGo6DRTBw1WA3FVu9S7uKQxJiCOtQZ5p8h4qHcM0AWIzzV+35IrPi61pW45FMDST5Y653WmySK6FjiKuY1Nt8+KqQkULeTcpibqOmfSoJUwxpNRjkis3nh4kjG9ffHJpYbiO/tI7mI5Dr27HuK46sDppTKM64PSolq3cIdp9qzTJtPX8K5TpSNKPBAqtfzNbxgp1Y4z6U2ObgVHqTg26/WtaerMqmiOZvnyWJrIjYZbmtDUXwHrJibrXachr2XTNN1Gb5SB1p9r8sOfQUmm251PxDaWuMqXDN9AaCT03w1pS2egW0Lja5XexHqa0zp4zxL+lWIV2oAOgFSGrSJPJNQtLee1afQnnhvU+/BEfmJ/2kNczca3Lep9j1WzjMgPzzLHskU+hPSuy1yBJrreImnZFO5YTtlj/2h6iuckae60cwqkF1aj/WyRpmeL3YZrlmZs5102q5XlF6Y+99akEJQwbkPzgfvB/FnualurOxintlhvDJbY4nVfuf7wqV49sVuQEcMWAYP8zYJ5x6f0rOwD4ILS3upRcy/aBEvCRcKzHsT6Va0PUJUvSbXSo552PDMM4HsP61X1GC0gVDG8c5ZMsqfKqNV/QYde1JNliVsbP+KZE5b8T1qorUDuNBn8RSazFJeWsUFntIYDAJz+tdPe20cgJ2iuf0jRoLZkkM9xPMoyZJJM5P0rp3y8QJ7jtVVE0ddDY5uS1VJDgD8qq3doJYWXHJrZuE5NU254rnV7nV0HeHbzfJ5LH5o1CnPtXd6a2Vlb0Fea2gNprRcfdcc16NoxEljJIO7AV3Unc46qsx0qkmkj7ipJeCfemxjmtramZNEhzWjAu1Kqwr81XlGFFKbBEF4f3Jrmbv79dJen93XNXR+Y1PQa3KXenZpp60oHNIY2T7tQgEtUz/AHRTY1yaAJ4hjFaVt1FUVXgVfthimhFqZsRVzlwN85Nb1y2Ij9KxHGXJpsCF4RKjIw4ZStef6Lqv9malcWc5It2kIx/cOa9IUDIryzWIPs/iW7j6fPu/MVEo3Q4vlZ28xVodykFTyCOlc5czBJSOtMiv5rW2C5JQj7prEudRV5zkkn0rjnSd9Dtp1Y21NtLsYHOAO9Ry3Rnyf4V6CshJWkYAnAq8h2w1vTp2VzCrU5nZGLqr7VYZrOgbIqbV5cvjPeq9sDlRWhkboPl2mfat/wCHVvDPqV3clwZ0Xaid8dzXNXsgitVGecdKxrW8ubS7W5t5JIpAeHU4xRzJMXLofRUf3aUkZ615rpPxD1AIqXsMVyOm/o1dqmuoUBMEgJGcZrVa7EbHOX1gt/ANsjQzx8xzJwVP+FchfxhdQRdQP9maqD+6vov9VN/vD1rukJBpt1ZW19bNb3MKyxN1VhWUo3E0ee3i3a39vHcwQ2N+XGb1RmGdfce/FVNbMkQkgaGBXSUM/kL97twey1ua1oE+k6ewhuWuNIWRWa0l5Zeein0qjrFlvhmEYa1ieAyrCvQ4PQ/SspR6E2M2RrGCW3aQvqc7Aj7JGMJHxx+Peux0u01PUrOF7+5Fvabfkt7bgsP9o1Q09IZPCljcpGiyCQB2A5OeOTXSaGc6PBjtuH/jxq4IZqWUSIqxIoRQMACteDiIr121k2x2yY961Yztl9jVVVeJrSdpFS5XgnGKoMOa17hNwPFZzJyRiuHqdy2KJUfaU9a7/Ql2aDG3d2J/WuBlPlTxOegb/wCtXpGnqP7IgCjjB/nXZQOWuMZc9qdGnzZqQKRwamgi7kV0uxgPiQdasimheaf0rJu5USjfn5MVzlz1rob88Gudn+9VPYFuVTSjgUuMnpTtvFSMiYZIFSxx4PSnInNTAc0xCBatQHFRAVIhxTQC3TfuzWV/FWjdt8lZ3egBc4Fee+K1j/4SgspBLRgtjsa7HWtTj0nT3uG5f7sa+rV5hHcSXmoSzysWkdskmkwNO6Oy169q5t33XJrd1STbbAe1c1G+ZCfWkxo2IPvAVemfZak+1ULTLt8ozV2VEdCjhivQgVLkkNRbOOurhri82oC3PQVqxW7wgNuiZwARGf8AGrv2W3hKRxQhC5x61ejs/NsZGjZI1Qn5WbDEjriueVTU1UNDBurucoryLCuc4HUVXN3IMMiJkYJ+XOfaq94Jct97bn5QTyfpWl4fvbWPUI3voy/ZZCeh9x61tBKRzzk4s1vDtvd6xexlrZI7VTlmK4/AV6GYGBxhePfrVKx1DT5htguIyR1Q8HNXHlLNkMij04rqhFJGbk2Qjg1KtRAU8GsiynrsRuNCvU7+XkfhXFzzM/hnTLtzliskLn16iu/mXzbaWMjO5CP0rgLVPP8ACFzbn71peEfTJ/8Ar1lPcRP4afzfB9xF/wA8ZAw/A103hxt2kD2kYf1/rXJeCyWh1SyPXa2BXUeF33WFwp42T4x+ApwA204kFaRO6MEVm9GBpzXzgeRbQGeUHnnCqP8AaP8AhWjGjWyJEDelU5kw+aLC5kdpIpkVJEOCFORVmZMjOK4pxsztpvQxNQiLWrsOq/N+VeieHJRc+H7OXOcpz9a4u4iGwA9GGK3/AAHK39lT2jNk28xCj0B5/rV0WTVV0dT5YPUUoUDpTqK6Ls57BTWbApaikYY5poUnYoXbbt1YU/362bhi2cdKypk+c5OatiRXUU7HNPx6UoQk81IwVcU8DFOAxQaYCrjPSpVHHPAqMZpkswjTJNADL51VQoPNUV4BJOAOSfSms5llJJ4rgvG/j6008/2NYSiS4kO2eRTkRqe2fWgVyj4n1s6rqLJEf9GgJVPc9z/Osiw/12aqxkbOOnarWm8y1K3KJ9dk2QKBXO28nz5rZ8QNhBWDackVI0dHYEnK8YxnBro7Cys5LZJGlKSMeA44Nc5YcBj6CtdDqBazW3hikssHz8n5lPYiuepubU1oX7jQyIJEjARW5yvzLk1zl94e1GOKK3juBLBnLMyA7TW3aawqzPFHNJA6dY5vu4/lWqt/DLj7RH5TdpEOVNZWNNjhm0L7Snl3E+51IAaP+D04OKx7m0FpO8TOPMUZYYwHHqK9Qk0qC6UvCUYkY3IfmrE1Hw/LJbmMoJmX7pkHzfn1rSE3FmNSCkijZeF9ZuLeOdLaPY6grukxxVn/AIRjxEvAVAPTzzW1Hrl1a28EDmBG2hQrKe3bOKtw6vqDxK0ixo56qFzXR7ZGPsWK2pwQ3Pk3Akhx0Zh8p/GrkbpIu6N1ceqHNRXUH2mLYQoYH5WYZ2ms5rCG6Z7d99peAbt0TYDgdwOhpttbhY2cgAsxAHcnpXnsN9aWN34gtJ5kVJCJIh13MCD2rnPEfifVb24ezkuSsULFCE+XcRxk1jmXekDbstjk/jWU53HyHWaHrFvpWt3V2wZ7d0zheOox/OrWjeNLbS2ule1kdZZdwO4cCuPglDROuexX6c5qn5g3up5GM/WpUmEYo9jtvFdtqzxWtjlZ5X2kv/APUeprfRhYp5Ua7nfhV7sfU15R4KuBDqwmCB2VMgHpXrEVq67biaTdOV7dEHoK1hJyY5xSLdtF9njCkhnJ3O/94+taLDfGGFZsb5HPHr7Vftm3Axnr6UVIXQ6U7MhveIEOOhrDh8Wp4T8RQzXeRp11iKdh/wAs2/hf6dM10V5GWhCiuG8W6ULzT5YJRklTtPvXNF2kdTV4nt1pfWt9EJbS5injIyGjcMP0qxmvizSte1Tw5etHb3lxCY2xtVzx+HSvSNF+OWt2pCX8EV/EOpA2yf4V2pXVzjemh9F9qqXBY8DpXD6H8YPDWr7UmnaynP8ABcDaPz6V1ceuaXc8xX1u4/2ZAaqKsTLUS4+VQKzZeDxWjLLDLysi49Qc1VYRk9R+dNgiqoZmwBUwQjgUkl3Z2qkyXESD1ZwKyb3xl4esELT6rbAD0cGpGbBUimng56+1cDffGPw1bZELz3J/6Zocfyrmr745R8iy0lyezSvQB67JPsHSua17xRpmixGTULyOMjogOXb2C9a8lu/iP4u8QiaKwRYEjUtJ5CZKr+Oa4C4vJruYyyyvLK3JdzuP/wBagLHfeJvihfakr22mhrG0bgt1lf8Awrgg7vIGUFmJ4xySf6moEDO2ACzHsOTWlp7HTLqK9Yp5kbZRTyM+h9aBnXabN9osY3PDEYI9COK1dLH75vWua0S9My3jSYD+aXwP9rn+tdRo/O9jSAo+In5ArKtB8yir2vPmUfWqlovINT1H0Oh08fuZCfSrFrJb/wDCRApczxXsMPEfPluvv24qOyGLUnpkgdelXbOW4Jujc2kM9kAdkkPMq+oIHNc0/iN4fCLc3mLSc6xYrPBgBZ7UfMwPsKsT2VwNK06LRbqKOPhws5+eSM8kYPOaz4beUWROgXiSZfmG4PTnkVZ1FbF9a022u45xdIvmQyRghA2OVyPxqFsUxjahJb60LH7NcQsy7lmAOzpyDWpa+IC+5JDHcoh2tg/MtVYLjUxqVy9zLBe6aRlFXG+NvTiqmlw6Ze2Go3OlhrKWVjHL9p+Uo/8AeGeDRYL9zovNsb4YUjd/ckHf2qOTTmL8PIo9Aa5iQX+j6Z5uoxtdzRty0C8lfWtiCW+ltopYHkEcihlD8EfnSY7djpCc4IPHrVXVLZZrItvKSRDcrJ1+lPEiKgTJJHZaZdSt9klPCjbjHrXZNq1zjjueFatHLBqFwJgVdnL8jGcnrVZZd0ACn5g2K9hudLtNRhEN3bpKnQZXn86yn8G6LkItptxyNrcVyqoup0ODZwN2wivQAnlo0QOPfFVLW0mvrwW8QZ3P9wZxXqg8OaZ8hktkYqMAsM4qUWlrbrsghSJccFFwaPaoSpmLoOgHTLeR5Zy8shAO3+EelegaXetNbgORlBjAPWubCMqAFvlHbvVjTJWj1CMjjccN9KdKpaQ6kbo6UTTCZi4Xb/CB2+tXoJ1SRH3d8GqayqTxg1OrZAHpXW9jmW5sSgFT06VganaLdw4Y/dFbS3O+3LkfcQ5rLnlzbqcferjmjtgzw/xtobwXhuYhk4ycdxXGq5B4JyPSvb9bsROyh1ztPH9a4fWPA8UZ8+3ZkVsnaOg+tbU6qWjIqU3ujD8PWs2u6rFpxmjjDAsZJeigdce9UbiWSOeRknkQLIV+VyM/rTrWL7C5kmAZkPIB4IH+NV9QuYLmdZYYBDuGWjXoD7V0nOXYNWvVZNuoXK/MBgSH1rY8U6heW+poLfV5JY5IFcGObgHjiuRjdvNXb1BpZVbeuc8gHFIRba7urlwsl1M4PHzSmidpIYjC86t7Bg2KqAHccHp3qIAE549aBjw4I5z+HSms5K7RwMdqSjtQBq2t+dPZmsLqQSyph8jAPqKh0wWSavENRRntM5ZVOCRVBSVII4IOasONypIgzt5A9u/5UAW726tEu5jYxFYGbManjA9/WqLyvK2WP0A6CklI4wen8u1Rg85oA6Dw0BPfzJ0AUH616BZRiCM+hFch8NlA8WxeYBiZHUA98A165L4dt7nLLEU5+8tJibPLdbZpLtQnODkiltpUG0ORG56KeM/SvRG8G6Z5pklEjt7t/SpT4b0lV+WzTJ9eakdx/g7Q4NR077XMTlJsBOzfWrV34Iht5p7nSpHs7iVtxBO6Mt9O1WtDvdN0u2fTCGgUsWDMeMn37V0e9vLBjZZU7HPUU+WLQczR5dqVk6T2kOvaZMJPNBju7Lhdw9SOOa0mkvX1OR4/IutOCfcx++jcdRiu/wBkbjAwnbawxmuN8SaJpumpc6nArW19IvHlt8rt2JFZTpWWhpGpfc5nRrfS7v8AtG60OeaC6YlZIbjpG/0NF/cNaeGG/wCEnhC+ZJsm+zDtnhuKry6m7aC//CT2oi8zCNPb/K+DwGz3rTaS5h0yzg0pE1WBQBNHcHEpQ9wO9ZGhXaPULbSrSPQp45o4wDsuTkslad7qkNhMISZG+UN8i5Az2rNu7PTNQ12yjivpLW/tyHW2zjevcVFrk/iSDU3TStKjmtMDaz9aVmwOwRcCs7U5GM6Qg4UDcfetcLjrVHULfcVlUdOtbVU3HQwhozO3gAA8AdBSZLnA4FPe3aTlSPcUzyZD0Bx71wnWI7Acc/Woc5PGDU/lSAdMrmjy0GSxwfegLlVuW6Y+lWdOH+nLn3xULyRocKxJPepLFv8ATo8HJPWtKfxET2OjjFXEHFV4UzirajArvOQcbqK2gczttib5SxHAz3NNaJWhCqwbHQg5BHrVTWcroN+3TEDEV4nbeLrm2iCQX1xbADG0HI/Cs50ubY2p1Lbnr+owRpGzyMqhe5NeeeKPFMMkK2OnAyS/deQcD8P8a5S/8RT3uRcXtxP7Z4NY0928oKqNi9CO5HoTShQSd2VKs3ohLmYMxRGzj7zdifQVVyKX/OKK6DEkgA89OO5NSzbRKAOyj+VRW5HnDntTpm/fZ/2RQAgALNk9jVcdKlByTn0NQg0gHDikNJmlFABUsUxjJBAZT17VFSigCy32aQ8sQfQjGKRTbRnIBc+hqvQDQB1fgeYyeN9NZzgbyAB9K+i1TEJHua+Y/C0/2bxPpk2doFwoz9TivqBMGEqOec5pMlmZPHzyOKrlcZwPpWnLFkAgVA8GcHHSoGcHqd2qXc5JAAbnnGK3vCms2ckD/Z2laRP9bEGyoH94CuB1Wd7iecR5I3ljjqat+G9UhsLK5u2jDSHC+hA9Qe1aQgrXFOR7FBc214qPGytjkDuDXHfElZG0ZmCS+RgBpIxkrz1rnIPH9o1yPPhmj/6eouCPqO4rtLLXzLbLPuW7tXH+ui6/8CFOSbViYyscHBPe2mhW8YgXWLXgMG+8EPc/Spb2ztdS1W0Nnqf2a5t1BNr03p6V0HiNfDtrYDUorw2E6tlEth/rm/ulOPzrjrbVtL1bVh9rtDBdxr+7u16EH1rklFpnXF32Na3ub1vEX2e60sSNAhkguZepXuA1Z9z/AGrc3c09h4jlhgdyRGQDsPpnNbOmPqVnFeSXd7HqFgBvgMfLD1BrCtNC8Ma3G19bPdW6u5DRNkFW7ioGellePeoWUvlT0IxVsJxzTXiz0611PU5b2OWlMtvM6A4CnAzR9unwB8pA9qv6tbOXEyLu45rHLfn6dK4pxszqjK6JmuZ5OrcewxUJJJ5NNMm0ZqPzsnAUu3ZVGf5VCTKuPOB9au6PA1xdCRT8i8bh60Weh3d6wa4BhiP8I+8a6q009LaJY40CqvTFdFKm07synMVIiMDJqxHCx7mrCQDAzU6oB0WukwMjXrfd4b1IFsf6O3J+lfMb9B16etfTHjWdrbwZqkg4Ji2j8SBXzNJ8px6DFWgRGaYenpTyeKjNBQmaKSigCSE4lXI65pZfvjn+EfypsZw6n3pZc+YOO1IBB94/Soh0qQH5j9DUdABRRRQAtFJiloAWgCkpRQBo6OnmavYoOpuI8f8AfQr6phBVdp7KB+lfMXhCET+LNLiI4Nwh/I5r6fJ2ufY0MlhtJXGORUTDIYDuKsghupxSND3U1FhniHibSNR0O++1gMFVyQR0Ge30qgbm0fQ28jCNJIWaP+77fSvcr/T4NRtWt7mJZI2GCG9K8K8S6faaT4gurGzJ8mI8Bjkj2qo3QnqS6dbWssJZtjNtydwJ59Paur8IJ9muru2iWRYCiybHP3WOOhHX8a47w4+3WraMziJJG2uW+6R6GvW4bWG1TyoIwi9umT+PQ/jWqMzgfGZj/wCEktlKcwWzOSvBySR/nFc3aRMZJJ43+0Rcny1HzD1HvW54wlhXVbuVh+9YKkY+bOBgnHYDrWBpKFkeSwbyrgnKrIcfNXJV3OuktDpdBk+y6LcyaKrrLKSVSbOFf0wa6PSZVu9PSe+s47e5Y/vETgZ9a524lSXQoYdVmNjLM4AePjDjocit2xt7dbKJZrhnkUYLnjd71gaWO3CjpjNIw/hA5PepFXbyPyNATe31rsOQjEKueVG1ePrUcuk2c+fMgUk9+lXgoUAenFAZc8HP0pNJgmzJHhvTd24wE+244q9Bp1nar+6gRPoOfzq2MnoPzp4TPU0KKQ7siWPcOAAv61KsYXgfrTguOhp6kHoaoQoXinYoFLQI5b4iRGXwJqQGRhVPH+8K+bJOoPqK+q/ENqL3w5qNsRnfbtj6gZ/pXytIpVtpGCpxVIaISKYRipwtROMUDI6KTNLSGLnGDU88YeFZFLE9WGOgPQ1XqaG5aIbSAy/qKAIwC54GfpUQ/Wr5uoyrfuzkg8/hVCgApRSUtAC0UlLQAUopKcKAOt+G9v8AafHenLjOxmc/gDX0a3JJ968J+DluJvGLzH/ljbM355Fe6kgDk4oJYmSO9OM2wEkce1M3gn5cmjaT9KQE0cgcfMR6cda5LxT8P7DX3ku4Wa2vm6yLyG/3hXTbdvTrUscuB82TQI+ftb8Nav4ck/063Pl5+WdOUP49q7DwX4ofUQdPuwPNiTckgPDqOx7Z+lepSwRXMJSRVlQ9UZdw/KuOfwBaW2tDVNMIgZVcNbk5ViQenp1ppg0cBrVjc32qySwIXEYLEEnux6A1Vg0qK8jMbhonz6lSDXpOgeErqyWWbUp99xMclV5CDPABrTufDdnMcugV+zrXPOLbN4TSR51debHHbWlxYC7tj8sjMeU9xV++kWOZI/tsNvtQAI2M/Wt+90We1BwvmxevesC70KwvZzNPGWcjHJrnaa0Nk7np2wKMnkUqJ3PU+lKwywHbNSdzXecSI/LB65pwUDoAKeBSigYgFOApRS0AIeKEXFLTqBC0oopRTANocFW6MNp/Hivl3xVpp07xLqNoVxsnYj6E5H6GvqI9DXhnxetoovFyyouGlgVnPqcYpoDzcDB5qGQdasgDdUEoHNDKKxpaXAoAFIYhpKdtFG0UAafh7QL/AMS6ounaaitOyl/mbaAB1Oazrm3e1up7eTG+KRkYjpkGu4+ES4+IdkAzANG4OD7EVzniy1js/Fep28WdiTtjJyeTn+tAdTFxRinADFGBQAlHSlwKMUAJThSYFKKAPUvgpFu13UZccLbgfrXtJUdSMmvKfgnGv2PVpcfP5iDPtgV6uaCRuAO1KBQetLQIaVphqXtUZ60AER2kjtU+Q2ccVXH3jTwTSsMeQccjj175qMn8RSoxzjPFOwCKkaGFVxggEe9UZtHs5pC5j5PpWg3WlIFKyGf/2Q==","title":"상의 블라우스","id":2120,"modified_date":"2022-11-10T12:34:06","price":"10000","content":"단돈 10000원에 팔아요~","transport":"직거래"},{"image":"/9j/4AAQSkZJRgABAgAAAQABAAD/2wBDAAgGBgcGBQgHBwcJCQgKDBQNDAsLDBkSEw8UHRofHh0aHBwgJC4nICIsIxwcKDcpLDAxNDQ0Hyc5PTgyPC4zNDL/2wBDAQkJCQwLDBgNDRgyIRwhMjIyMjIyMjIyMjIyMjIyMjIyMjIyMjIyMjIyMjIyMjIyMjIyMjIyMjIyMjIyMjIyMjL/wAARCAEsASwDASIAAhEBAxEB/8QAHwAAAQUBAQEBAQEAAAAAAAAAAAECAwQFBgcICQoL/8QAtRAAAgEDAwIEAwUFBAQAAAF9AQIDAAQRBRIhMUEGE1FhByJxFDKBkaEII0KxwRVS0fAkM2JyggkKFhcYGRolJicoKSo0NTY3ODk6Q0RFRkdISUpTVFVWV1hZWmNkZWZnaGlqc3R1dnd4eXqDhIWGh4iJipKTlJWWl5iZmqKjpKWmp6ipqrKztLW2t7i5usLDxMXGx8jJytLT1NXW19jZ2uHi4+Tl5ufo6erx8vP09fb3+Pn6/8QAHwEAAwEBAQEBAQEBAQAAAAAAAAECAwQFBgcICQoL/8QAtREAAgECBAQDBAcFBAQAAQJ3AAECAxEEBSExBhJBUQdhcRMiMoEIFEKRobHBCSMzUvAVYnLRChYkNOEl8RcYGRomJygpKjU2Nzg5OkNERUZHSElKU1RVVldYWVpjZGVmZ2hpanN0dXZ3eHl6goOEhYaHiImKkpOUlZaXmJmaoqOkpaanqKmqsrO0tba3uLm6wsPExcbHyMnK0tPU1dbX2Nna4uPk5ebn6Onq8vP09fb3+Pn6/9oADAMBAAIRAxEAPwCtKtvaSR2904e30/76A8zTHqPpxVuxsrvxdqDXF5KRBGQGx0Uf3FrAuLN7/WRaacDM0pAjZj19Sa3EmfwiyWtvqv2m53FpYEGYx68//WrkT6y2OY71Io4IkhhXbGg2qo6ACnxn5h6VxFx4n1iOGK7uBaQQzE+Wi/M2MZyams/E0skkXn3sMRYZaRoyFQdgB/E36e9dSqJ7F3O2ceuPpTk5Q1mWl4ZrcfZIbmdScmaYbQT6jvWlETg5xnvirKuL3qSo8808GmAooHDUqnmj+OgBWHFNXrUjDimL1HrQA/vUb8bv1FWIonlfbGpY+1aEGi7mUztx1KikP0MfYYolmfCRk4BPf6VW3s1zL5KAFRgk9TWl4ri+zixuAB5ETFGGOBnGDWXauPtE4PB4Ye4rmqzbZ00o8quU1ZGlk8xTv6EelVruwtbhGMkYIFRayJ2vla2Ryy8sR3zVKbUWjiAukeFh329ahw05kXGpd8rRj3umyWjh7R9yHqlZTa6tjciC+t2hz0cDiugDeYzzRncvt/8AXp7wWt9F5VzEr57MKz5m/iNXFJ6EEMiSxCSIhlYcH2q1CInPGN1Frp0VuQqf6rsB2qaaBIiHH51DKHJCrD50FPEYQDb/AAnNV1uR5nl7hg9KnVjnBpxFLTQ6a2k863STuQM0+Hm5qho8gaF4+6nP4GtC3H+kZr0ISvE8+SszzfxC/wDpWrP/ALRH6Vz2i/Jpzn2NbfiFvk1Rx3kYf0rG0/5NJkP+zQwRV0Mf6bK3rW+/MyCsTRRid62+tyvtSAhk/wCPo+1QS8zqKsNzcOarn5rj6UDCT74q4B+7FVG5kxVwD5FoAjlOEqjHzIauTnC1TiHJNAEh4FMAyKe/AxSouVpCLrXEeg2BktWb+0rndExP/LJRjOPQn+lYkN5JbK0lqha5XIkmLZyD2wf/ANdaWvW08Mpe/dWu7nEm9CCNntjvWLBGLpxGX+zW46SYzk/zPvXG5a2OZst2qx3EyqqNM4I344RfUH1FdZChh8u4k+ywleI57ldwVe3lRYP5kAnrWHBcWUNqlupjt5vMzKincqkA/Mp7huuD0zWhZasgbfGsazd5po2mkP0GCB9BW0LJgjpINS81stNql523LEI1H05FbFpexO3lqkyHsHWsGHWbuQBxrDOvffZsAPbIWt6zuzcjIkikXHLRPnH4da6U7miLoPPNO3DHWogcH3qtqGpW+mWpnnYgdEVern0FNuyux3L6sAeakyGbKnIrn7CK+1KUXN7ut4X+5COGce/oK7Ox0ZpFVph5cfZe+KUZXGtSkkbzYWNSxPYCtG10Q53XLY/2FNbEUEcCBY1AH61JRcqxFHCkKbY1Cj2FI5xyPvDtUp5qtI2GB7CmkILmCDULSS3mXdG4wVPauF1CzuNEnVZTvj6Rydcj3rt2fJDodrj9ao3zJIsZlQMobBVhkYqJ07mkJ8rOSSYSHO7Oe4PWorh1Dr5qhlHqM10Nx4dtd3mWrmAn+HqPw9Kyr3RL1/uqkg9jj+dc0qckdMakWVG06DUB5UXkxlwQrHhQexJ+tYOl6DqqyS/bbqOVFcooQcMAfvA1upot+MoYDsbhhuGCK0bWzk0+yjimH3chTntnNTy6aofNroc9NbvYvh1LL/Kq9yySLhDg46Grmu3h3bUGSO9c1JLK75LYPtWRoOK7ZMnIYGtWJhKiyfgaykJlbB64q7YSBWMT96YGzp0hhvYwDgMdproUjeKZhIpUgVywYo6nuCDXbwSLdWsb/e3rz/WuqhLSxyVo63PGtebNleEfxTt/6FWXF8mjv9MV6X4j8BC/tZBpcojkJ3eVIchjnPBrgtT0q+0ix8m9tnibdjJ5B/HpWxkZ+kriRvpWxGMz5rL01cSt9K1YR87H0FICv/y1c1DHzOxqcfxGoYvvMaBh1lq4fuiqacuPrV1+MUAVbjoarwjg1Ncng1DF9ygBX61PGPkHFQHqKtoBsFAihuWOHdcxyOjr+74PzD/Z9qp3EZjgE8hG4qPKSM5VVP07/WtCCS9to1bzlimgPmrBMmCD/s56j2rOuzbzFFgLRybN9y0vy5bjKgfWuKUU9TmZXstOk1C4VVHy8/eOM46812VkNJitotpvLiZcqFt04Q9+QMn8a4+GVYblH8t88bIc/wA62o73U7ib5Fl+yryfsyYXPcbscfjRCWthJnS2E+nwgReRf2cz5y7sQD6EhuK2kRrOaOWdFljYYF1Cu1h/vqOCPcCuOe90hQBJa3DSFf3hju1Z/wAjnP4VetNZ/s2xefT78z2o277a9XbJCCcZHTIrrg9NTRM7wHIGDnjgjvXHapJNrOvpFZspS34Ut/e7kCrniHWXto47Kyx5sqgswP3Qew962fh/oVwt3LcXaoiJgiLq3tuP51FSTqPlQfE7I6Pw14bFjEl1etJLdnn942dv4dK6jik4xmqskx3HB6VtGOlkarQsPKqDJNVTcmRuOlVJ5y5qa1jLc1aVgZbTJFMuVAWpYx830qG9OFFHURULcY6VDN+8hdG7jg04HmkbmhlCQSh7dCeuOfrSNyc1XQGOZ07N8wqQ5pAPKn1pksSSRFHxg00k4phJx3pNX3Gcdr+ntC+VJK9jXMlWBIIr066hjmgdJR8uM59K5C90K6CefCoeMjPHWuSdOzujphUurMwkXByasgjhh1HeoxFKH27D+VWo7YsMEYrFmqaLisJIww6jrXR+Hrs7TbOfdK5yGLyxtq5byNbzJKh5Q5FXTbTuRNXR22O9NuLWG9gMNzDHNGwwVcZ//VS28q3NukqdHGfxqQccZ6V3LVXOM8z1/wAEPpdw97pitJaNy0XVo/p6isCIYWQjPA9K9vCbwRjr615947to4bxJIYFjVkwzKMZNJoDhuiMajiHyMakfiM0xBiI0hhGPmX61ck7VWiXLL9asy0CKFyaagwlLc8kUDhRQMRRlhVwcAVWiGXFWT1oEZpM08aCJ5LxEHyK4+ZfoazfJ2O74wUIPlu3P4etdCfDmpR20Wo2bK6Ou4ND1H1Ws+7yu5tSjZZCvySR9GJ9/WuLldjmsZQ4kYKuZGPc889q6CxtoL2JZ9X1QQ2sXyCEHaCR2HtWTbaZcXCyvEozCu9xnt3x6mlhsrEahHJMpvM4I8w4X8uwqINRd2JHZ2firw1bokFhaSTSKCP3EG449c1hajrsWs6hORatDE0fkSBuCCMlTj1yaWfVY7ZmtrdFht5GC3M0YxnPAA9h/SqOn25tppDbkSyschifvelayre7oDehfs7eOS5huprySNEcZfGW47CvcfCmnxWOgrLHG6PcZlfe25sn1NeT6JpUuo6rb6ZCViMkge6C8kp35/pXuoRY41QcKBgCtMOtNTSlqrkEEhKSEnpVKGQzTyj2zU7t5UEnuap6acyzt6LXWajI8vNj3rYiUIuO9Ztim65JIrX245pCYkY5NVL9ucVdToTWZqDfvMUDK6HNPIqOMZqQ0xlW6+TZKOxwfpUvUZpZVDRlT0IxVe1k3RlG+8h2n8KQE2KYRUlIRQBRvM+WI16yNt/DvUqIFQKOgGMU0L5t2z/wxjaPrU+2kMyb3To9+9UAzz0rOlgSNCdvNdHOm6M+1Y9zEea5KsUmdFN3MZyAMilUjinSIQx9KjOI8sxwBWSNTd0nVYbJGhuZNqMf3Zx0PpXQJKjjKcjqK89jk864DuuUT7qevua9Cs4ke2iaM5UqDXZSbasclRWZOHxGT2rC1vSf7W0yaE/6xhuQnse1bV24jUIOvpUBBPUk85rZmaPELmN4S8cilXRtrA9qYBiGuk8eW6QeIGKLjzYwxA7mudI/dioGOhGXWpZutJAP3g+lLcHFIDOmOWFP9KYwzLUh+8KAHwDL1JI2HNEC1DK37w0Ab3h+/t7O41a9ExXSoMRxejtzyBWjBeWGuG8mS03y+SG2yqAw+h96zlsrW62JelrXTNPBlEL4Bk9MkcHH9ayL/AFueRDKsP2e3mc+W2P3kg6jC9gK5udxVmc97DGvYD5YjlWL52MakYa3buh9UPP6Vk3qGBy6qFDN8yj+E55/D0qS4MF7C8jOUvRyxbgSj/Gmm6eS1gSXDw/wsow30Nc8nfVEETD7RCrJIyYf5hjOF9SfrV20lSGyZo0Z1T5psj5CAcjmoFjaHbJb3KSxnqDwUHvU1xsvYpPIcP5almhQ4A4+8BSjZ6MW56l8LFi1JLnVlaQ7MW6Fj6cke/WvR5WCAfWuU+GOm/wBmeBLBCWLTAzMW65P/AOqumuyAB616NOKSSOqKtGxUvuFZfU5qtpZyZx3KmrF6SyI3qKp2LeXdEHo2RWozR01OXY/Sr7dKjt41ijwO9PkPyn6VPUAjPyVi3z5nI962IyPLJ9KwZ233J+tPqBPEMCnDvSDpRnmmMRuwqk/7q6DjhX+Vvr61cbqaqzjerD24pATrzTZ38uIkfe6D61HbSmRBnqODSn99cgfwJz+NADoYvLiUd+596eV4p/ajtQMiOAjE8DHUVlymOWISRsCrDIYdK1yMg/SsC9sLuIbbSZFTGApXGKyqrqXB2KFxhVLZwPU8CsqR/OfajH2I/h/xqxNps7yb7m5ZyGyFHAFCQrD8qjGK5XZbG6VxLdBEmMYz1rrvDd4HiktXPzR/Mn0rlsZHSp7W5e0uEmQ4K8H6VVOfLK4pwvGx17t5kxPYcCnoMmordVeJZc5DDIqcny4i56noK7d9TltbQ80+ISP/AG7FIR8jRgKfpXLkcCu/8d2nn6PBdYyYZMH6H/8AVXAkYwKlgTW4+bPtUdz1NT245aq1yfmNAFIcy1KPv1FH/rD9amTljSAsRDCE1SlP7w1fAxDWbIfnNAGtFPCI4rh7PzIY2zsjmM0Lk+qk5X8gKp60rWTSi4cT61MNzuh+S0j7Ivb/APVVm80i/wBJlM7plCMG6tF4x/tx9CPwrIkt2liNzdvH9nOceU+Xlf155x7VxSbtqczMx45fs0flgPJ95tzfw+1RxzuDuRuH/DBqS7triAwvIrLuXAbpikgl8oGKWNZkbqo6j3FZxfQhbj4EE8yKSkYbjew4H+NSGFkvkSwnPmNJ5Yk2Y3E9uRVW4vLO3gkhjf5hgrLJklcHICgd81reEM67410kyrcvvuFklJAVd647dOgFdEYJmiWp9MafAttp1vCoACRqMDjtVe+OG61oAADis2+YFz6V1xN2QOxks1zyV4NUCdsgYVYif5mjPRhx9aikXBxVoTNizmMq4zyKtP8AdNYthMY5QD34rZf7n4UuoiONsQS+1YKfNcE+9bJbbZzGse2GXJpPcstn2pF60hPNIp+amAr8Zqox+brVt/umqLH56TAjkk+zuJBgBjtOfWrkCbYx6nk1l6tzZw/9dhWtEPkX6UgJD2o7UUZpgIR+dQXEe+I9yKn6004wR6jFTJXRSMC6TqazZFAOe9bVzH1HpWNMpDE1xyVmdMXoQbsGnkZXOeD1prDIpUbAx/OpKOh8PXiurWszfc5T3HpWrKxkbPRQcAVxiSNDKssZwynNdZazreW6zJ3HI9D6V1Up8ysc1SNtSlrtv9q0O8hxk+WWH1FeTZzg17RIm+KUHoVIrxll2ysv91iK1ZkWLcfIxqlcHljV+EYiJrNuT96kMgi5JNTQjOfrUMXCmrMA6e9AE8vyw1kOx3mtS7OI8VlHk5pMD1RT8vTjuK87uWtpNauHt7Jvs6OVAT72f4iB0UZruLe+hu9OF3byb4XQsrDr0/nXmOn6rY2CTx6jDNO0twW2o2AV57+vSs6qTWhhKxDdSbpUt4XkRt7KVmPHJ45/nTY7R7e4dZpPLZOHK8nB44Heq+oT2LXLNZmcQbwVimHzYxzzQtwRJvjLAj7mOTj3NcyjYmxeeOCwtTcWlrbAg/ILh90jHPXGePxFdn8LIEu/Gv2mGRnRLYvOjKMI5yBt9uK83cZ3FzlmPDZ4r174HWDrBquoPGoLOsKlTkEDn+tbU3dlQ1Z6+PSse6b52FbB6GsO7yHbNdUTZlN2KNuHUc1NLhgHXvzUL85otn3xvEfvKePpVAOVsMCOorfgfzLYHviuf9619NfdCRSYmOuvk0+T3NZFsQCa1tQ4sse9Y0fBNIaLDPSK37ymHtSp9+mBOw+U1nsfnIrUZP3BNZUnDmhjGXNo15bogcKVcN9a0EyAB6VBEeKmBqQHk4pu6kY4FRl6YE26mM1R76az0DILnDOcVjXSYNajMWnPpiqV2vGa5KqszeD0Mtjg4ppOKWTh6YTWJqSqQ61f0i/+x3Hlv/qZD8xPY+tZRYo2R0qQ/MPY1UZcruhON1Y7aZwIXx/cJH5V4sTumkJ/vE16jo+oCVRazH94v3Sf4h6VwviHTTp2t3CqhEMh3xnsc9h9K7YtSV0cklZ2KSnbbZ9qy7g/rWo/y2orInPP40CETiOrcC/dqoPugVoQrz+FCAr3zdqzx0q3fn5sVUHApAWvDV9qqpJpujxwMfL83bO3Qd8Vl24nitb17nTPtERDK7D/AJZNnqPpWTFPLFKFikdGjAAZDgn2rT88/YJI9hN7I2I5BJgAnqGGOa5FUaVmctznmbnIAKY+Ug81ZRvmjHqQB7fWo7koZjZKfKljYllxwG7jP51PbwK8rBz0GFGeSafQroPvxb+d5SzF2x80gHQ+g9q+ivhXpI0vwLZjaQ9wTM2euTx/SvnaGGaSUmVFBdxGBnqTwAK+sdJthaaRZ26jHlwoP0rSlqXTWpcc4U/SsK6OWrckOEOfSueuWBkPNdKNHuQmqYm+z36sfusdpqyTWfqQIUNVAa7DBI9KvaU3zMPasq1l860ic91wa0NNbbcY9aGJlvVD/o6rWOvWtXVjworKUfNUlIl/gp8C5am9RVi3XkU0JliUf6Oaw5uJDXQTj9xXP3PEhokCHxGrCmqcRqyhpDHSt8tVy1Pmbiq5PNIZJu96Qt3pm7igcigB9tF5jN71RukIUqeoODW3ZJjBIrP1aLZO4HQ81lWjpcum9TnLhTuqrv5xWhOoIzWTI3zGuRnUiyMOMUsbdVPUdKhjlPSpG/vikBMHZHDqcMvINdLGlrr2mGK4jVgww3qp9RXLhgRmtHStSisZyJgdjnCn0NbUpcrsZVI6HI6vaPp88lq5JMbYBPcdjXOTn569A8exRslrfREESfIxHevPJT+8rqZzIlX7yitKHGCfas6PmZRWkuBETQgZl3jZkqGlnO64pQMikBzK7UcOrbo85y33hUqXptY0Y+XK0rfIuMlRjk1Y3rNmK4jVSRggcVRktzC5CMoYDCdsCuKyZy2ImJ2kN86kc88/nU9qgfYASWX7jZxge9JBCrQyIApULkuf4jTLR1ErBH3p0HY/jVJvYpHS+FbJNR8baTblN6icME7fKclq+oQMDArwP4P2Elz4wa7Kfu7aFizDpk5Fe+V0U1ZG1NaDJQSjc9q5uY/vDk1q6jfrEpjQ5asIyZPJ962QxxqnqIzaFv7tWwwPSo5gGjZD3FMZBosvmacP9liP1rZsji5X61zuhfuYZoiePNOK6C0/16fUUCLeqH95j0FZyCrupHMx9uKqRjNAEyjirUA+YVCi1YhHzimJli5X/R65y6++a6a6H7g1zN2PnqWOJHE3NWVNUkPNWVPFIoSU8VBnNSTNVfdzTYh/NTQqWYVCvNW4B0oA0rZcAVn6wAx98VpwDCVi63Lt+YdiKJq8Qi7MxZR8hzWVJHgmtmYBkJxwwyKzZgCDjrXnyR2xZQJIPNWY3DKB2qB1HeliYqRiouVYsJwSKjuOUAHXOaeexFMlzwF5J4FaR3IlsV9bmL+HRGzZ2TjH5GuKJzMee9dHrl2BAlmhztO92965hW/eE12HIW4BmWtCU7Lc1n2nL5q3euFiPPPtTEZOd0xNWUHy0afp15flmtrZ5FzgsOlaq+HtVAx9lP8A30KLBcwp9PnmgaVUtyY2I8osFkI9cGsefy7y0JjfDr0LDBFdTfaO8l2v9mbZjGh8yUtuTPueua5G9ktkJtTG63iH5irhlf8AAc1yOFjnaIsT3csiSsFDKqRqoCjtSRQhboqjAMjbJM9sdc4qvPvIVAGZ2OQEzwKs2Kk3SKcbmYL83HthqLBY9x+C0EP9lancxSF99wEBIxkADmvT5ciJsdcV82eHPEN/4U1aRra4jkgB2vt+6O549O2a9O0z4v6Ffhbe7WW3uGGDtUuufqK6INbGsZaHRSW5ZySTkmojb4FJDq+n3km23uQz4zjaQcfjRJdwJ96dR9TWt0ikrkbRsvSorkkQkjggVHNq9ggO65Un0XmsbUPFFtGmyKGWTJA3HgCk5xKUZGlpcZ2PnqXJrfsIz9ojyeM5rB0qUFz05w3HvXT2ABlBHYE09yWRXx3St9aghFS3PLk02EcGmBYU8Gprbl6gQZzV60TqcVWyES3X+oNcxd/frp7v/UmuYvPvGo6DRTBw1WA3FVu9S7uKQxJiCOtQZ5p8h4qHcM0AWIzzV+35IrPi61pW45FMDST5Y653WmySK6FjiKuY1Nt8+KqQkULeTcpibqOmfSoJUwxpNRjkis3nh4kjG9ffHJpYbiO/tI7mI5Dr27HuK46sDppTKM64PSolq3cIdp9qzTJtPX8K5TpSNKPBAqtfzNbxgp1Y4z6U2ObgVHqTg26/WtaerMqmiOZvnyWJrIjYZbmtDUXwHrJibrXachr2XTNN1Gb5SB1p9r8sOfQUmm251PxDaWuMqXDN9AaCT03w1pS2egW0Lja5XexHqa0zp4zxL+lWIV2oAOgFSGrSJPJNQtLee1afQnnhvU+/BEfmJ/2kNczca3Lep9j1WzjMgPzzLHskU+hPSuy1yBJrreImnZFO5YTtlj/2h6iuckae60cwqkF1aj/WyRpmeL3YZrlmZs5102q5XlF6Y+99akEJQwbkPzgfvB/FnualurOxintlhvDJbY4nVfuf7wqV49sVuQEcMWAYP8zYJ5x6f0rOwD4ILS3upRcy/aBEvCRcKzHsT6Va0PUJUvSbXSo552PDMM4HsP61X1GC0gVDG8c5ZMsqfKqNV/QYde1JNliVsbP+KZE5b8T1qorUDuNBn8RSazFJeWsUFntIYDAJz+tdPe20cgJ2iuf0jRoLZkkM9xPMoyZJJM5P0rp3y8QJ7jtVVE0ddDY5uS1VJDgD8qq3doJYWXHJrZuE5NU254rnV7nV0HeHbzfJ5LH5o1CnPtXd6a2Vlb0Fea2gNprRcfdcc16NoxEljJIO7AV3Unc46qsx0qkmkj7ipJeCfemxjmtramZNEhzWjAu1Kqwr81XlGFFKbBEF4f3Jrmbv79dJen93XNXR+Y1PQa3KXenZpp60oHNIY2T7tQgEtUz/AHRTY1yaAJ4hjFaVt1FUVXgVfthimhFqZsRVzlwN85Nb1y2Ij9KxHGXJpsCF4RKjIw4ZStef6Lqv9malcWc5It2kIx/cOa9IUDIryzWIPs/iW7j6fPu/MVEo3Q4vlZ28xVodykFTyCOlc5czBJSOtMiv5rW2C5JQj7prEudRV5zkkn0rjnSd9Dtp1Y21NtLsYHOAO9Ry3Rnyf4V6CshJWkYAnAq8h2w1vTp2VzCrU5nZGLqr7VYZrOgbIqbV5cvjPeq9sDlRWhkboPl2mfat/wCHVvDPqV3clwZ0Xaid8dzXNXsgitVGecdKxrW8ubS7W5t5JIpAeHU4xRzJMXLofRUf3aUkZ615rpPxD1AIqXsMVyOm/o1dqmuoUBMEgJGcZrVa7EbHOX1gt/ANsjQzx8xzJwVP+FchfxhdQRdQP9maqD+6vov9VN/vD1rukJBpt1ZW19bNb3MKyxN1VhWUo3E0ee3i3a39vHcwQ2N+XGb1RmGdfce/FVNbMkQkgaGBXSUM/kL97twey1ua1oE+k6ewhuWuNIWRWa0l5Zeein0qjrFlvhmEYa1ieAyrCvQ4PQ/SspR6E2M2RrGCW3aQvqc7Aj7JGMJHxx+Peux0u01PUrOF7+5Fvabfkt7bgsP9o1Q09IZPCljcpGiyCQB2A5OeOTXSaGc6PBjtuH/jxq4IZqWUSIqxIoRQMACteDiIr121k2x2yY961Yztl9jVVVeJrSdpFS5XgnGKoMOa17hNwPFZzJyRiuHqdy2KJUfaU9a7/Ql2aDG3d2J/WuBlPlTxOegb/wCtXpGnqP7IgCjjB/nXZQOWuMZc9qdGnzZqQKRwamgi7kV0uxgPiQdasimheaf0rJu5USjfn5MVzlz1rob88Gudn+9VPYFuVTSjgUuMnpTtvFSMiYZIFSxx4PSnInNTAc0xCBatQHFRAVIhxTQC3TfuzWV/FWjdt8lZ3egBc4Fee+K1j/4SgspBLRgtjsa7HWtTj0nT3uG5f7sa+rV5hHcSXmoSzysWkdskmkwNO6Oy169q5t33XJrd1STbbAe1c1G+ZCfWkxo2IPvAVemfZak+1ULTLt8ozV2VEdCjhivQgVLkkNRbOOurhri82oC3PQVqxW7wgNuiZwARGf8AGrv2W3hKRxQhC5x61ejs/NsZGjZI1Qn5WbDEjriueVTU1UNDBurucoryLCuc4HUVXN3IMMiJkYJ+XOfaq94Jct97bn5QTyfpWl4fvbWPUI3voy/ZZCeh9x61tBKRzzk4s1vDtvd6xexlrZI7VTlmK4/AV6GYGBxhePfrVKx1DT5htguIyR1Q8HNXHlLNkMij04rqhFJGbk2Qjg1KtRAU8GsiynrsRuNCvU7+XkfhXFzzM/hnTLtzliskLn16iu/mXzbaWMjO5CP0rgLVPP8ACFzbn71peEfTJ/8Ar1lPcRP4afzfB9xF/wA8ZAw/A103hxt2kD2kYf1/rXJeCyWh1SyPXa2BXUeF33WFwp42T4x+ApwA204kFaRO6MEVm9GBpzXzgeRbQGeUHnnCqP8AaP8AhWjGjWyJEDelU5kw+aLC5kdpIpkVJEOCFORVmZMjOK4pxsztpvQxNQiLWrsOq/N+VeieHJRc+H7OXOcpz9a4u4iGwA9GGK3/AAHK39lT2jNk28xCj0B5/rV0WTVV0dT5YPUUoUDpTqK6Ls57BTWbApaikYY5poUnYoXbbt1YU/362bhi2cdKypk+c5OatiRXUU7HNPx6UoQk81IwVcU8DFOAxQaYCrjPSpVHHPAqMZpkswjTJNADL51VQoPNUV4BJOAOSfSms5llJJ4rgvG/j6008/2NYSiS4kO2eRTkRqe2fWgVyj4n1s6rqLJEf9GgJVPc9z/Osiw/12aqxkbOOnarWm8y1K3KJ9dk2QKBXO28nz5rZ8QNhBWDackVI0dHYEnK8YxnBro7Cys5LZJGlKSMeA44Nc5YcBj6CtdDqBazW3hikssHz8n5lPYiuepubU1oX7jQyIJEjARW5yvzLk1zl94e1GOKK3juBLBnLMyA7TW3aawqzPFHNJA6dY5vu4/lWqt/DLj7RH5TdpEOVNZWNNjhm0L7Snl3E+51IAaP+D04OKx7m0FpO8TOPMUZYYwHHqK9Qk0qC6UvCUYkY3IfmrE1Hw/LJbmMoJmX7pkHzfn1rSE3FmNSCkijZeF9ZuLeOdLaPY6grukxxVn/AIRjxEvAVAPTzzW1Hrl1a28EDmBG2hQrKe3bOKtw6vqDxK0ixo56qFzXR7ZGPsWK2pwQ3Pk3Akhx0Zh8p/GrkbpIu6N1ceqHNRXUH2mLYQoYH5WYZ2ms5rCG6Z7d99peAbt0TYDgdwOhpttbhY2cgAsxAHcnpXnsN9aWN34gtJ5kVJCJIh13MCD2rnPEfifVb24ezkuSsULFCE+XcRxk1jmXekDbstjk/jWU53HyHWaHrFvpWt3V2wZ7d0zheOox/OrWjeNLbS2ule1kdZZdwO4cCuPglDROuexX6c5qn5g3up5GM/WpUmEYo9jtvFdtqzxWtjlZ5X2kv/APUeprfRhYp5Ua7nfhV7sfU15R4KuBDqwmCB2VMgHpXrEVq67biaTdOV7dEHoK1hJyY5xSLdtF9njCkhnJ3O/94+taLDfGGFZsb5HPHr7Vftm3Axnr6UVIXQ6U7MhveIEOOhrDh8Wp4T8RQzXeRp11iKdh/wAs2/hf6dM10V5GWhCiuG8W6ULzT5YJRklTtPvXNF2kdTV4nt1pfWt9EJbS5injIyGjcMP0qxmvizSte1Tw5etHb3lxCY2xtVzx+HSvSNF+OWt2pCX8EV/EOpA2yf4V2pXVzjemh9F9qqXBY8DpXD6H8YPDWr7UmnaynP8ABcDaPz6V1ceuaXc8xX1u4/2ZAaqKsTLUS4+VQKzZeDxWjLLDLysi49Qc1VYRk9R+dNgiqoZmwBUwQjgUkl3Z2qkyXESD1ZwKyb3xl4esELT6rbAD0cGpGbBUimng56+1cDffGPw1bZELz3J/6Zocfyrmr745R8iy0lyezSvQB67JPsHSua17xRpmixGTULyOMjogOXb2C9a8lu/iP4u8QiaKwRYEjUtJ5CZKr+Oa4C4vJruYyyyvLK3JdzuP/wBagLHfeJvihfakr22mhrG0bgt1lf8Awrgg7vIGUFmJ4xySf6moEDO2ACzHsOTWlp7HTLqK9Yp5kbZRTyM+h9aBnXabN9osY3PDEYI9COK1dLH75vWua0S9My3jSYD+aXwP9rn+tdRo/O9jSAo+In5ArKtB8yir2vPmUfWqlovINT1H0Oh08fuZCfSrFrJb/wDCRApczxXsMPEfPluvv24qOyGLUnpkgdelXbOW4Jujc2kM9kAdkkPMq+oIHNc0/iN4fCLc3mLSc6xYrPBgBZ7UfMwPsKsT2VwNK06LRbqKOPhws5+eSM8kYPOaz4beUWROgXiSZfmG4PTnkVZ1FbF9a022u45xdIvmQyRghA2OVyPxqFsUxjahJb60LH7NcQsy7lmAOzpyDWpa+IC+5JDHcoh2tg/MtVYLjUxqVy9zLBe6aRlFXG+NvTiqmlw6Ze2Go3OlhrKWVjHL9p+Uo/8AeGeDRYL9zovNsb4YUjd/ckHf2qOTTmL8PIo9Aa5iQX+j6Z5uoxtdzRty0C8lfWtiCW+ltopYHkEcihlD8EfnSY7djpCc4IPHrVXVLZZrItvKSRDcrJ1+lPEiKgTJJHZaZdSt9klPCjbjHrXZNq1zjjueFatHLBqFwJgVdnL8jGcnrVZZd0ACn5g2K9hudLtNRhEN3bpKnQZXn86yn8G6LkItptxyNrcVyqoup0ODZwN2wivQAnlo0QOPfFVLW0mvrwW8QZ3P9wZxXqg8OaZ8hktkYqMAsM4qUWlrbrsghSJccFFwaPaoSpmLoOgHTLeR5Zy8shAO3+EelegaXetNbgORlBjAPWubCMqAFvlHbvVjTJWj1CMjjccN9KdKpaQ6kbo6UTTCZi4Xb/CB2+tXoJ1SRH3d8GqayqTxg1OrZAHpXW9jmW5sSgFT06VganaLdw4Y/dFbS3O+3LkfcQ5rLnlzbqcferjmjtgzw/xtobwXhuYhk4ycdxXGq5B4JyPSvb9bsROyh1ztPH9a4fWPA8UZ8+3ZkVsnaOg+tbU6qWjIqU3ujD8PWs2u6rFpxmjjDAsZJeigdce9UbiWSOeRknkQLIV+VyM/rTrWL7C5kmAZkPIB4IH+NV9QuYLmdZYYBDuGWjXoD7V0nOXYNWvVZNuoXK/MBgSH1rY8U6heW+poLfV5JY5IFcGObgHjiuRjdvNXb1BpZVbeuc8gHFIRba7urlwsl1M4PHzSmidpIYjC86t7Bg2KqAHccHp3qIAE549aBjw4I5z+HSms5K7RwMdqSjtQBq2t+dPZmsLqQSyph8jAPqKh0wWSavENRRntM5ZVOCRVBSVII4IOasONypIgzt5A9u/5UAW726tEu5jYxFYGbManjA9/WqLyvK2WP0A6CklI4wen8u1Rg85oA6Dw0BPfzJ0AUH616BZRiCM+hFch8NlA8WxeYBiZHUA98A165L4dt7nLLEU5+8tJibPLdbZpLtQnODkiltpUG0ORG56KeM/SvRG8G6Z5pklEjt7t/SpT4b0lV+WzTJ9eakdx/g7Q4NR077XMTlJsBOzfWrV34Iht5p7nSpHs7iVtxBO6Mt9O1WtDvdN0u2fTCGgUsWDMeMn37V0e9vLBjZZU7HPUU+WLQczR5dqVk6T2kOvaZMJPNBju7Lhdw9SOOa0mkvX1OR4/IutOCfcx++jcdRiu/wBkbjAwnbawxmuN8SaJpumpc6nArW19IvHlt8rt2JFZTpWWhpGpfc5nRrfS7v8AtG60OeaC6YlZIbjpG/0NF/cNaeGG/wCEnhC+ZJsm+zDtnhuKry6m7aC//CT2oi8zCNPb/K+DwGz3rTaS5h0yzg0pE1WBQBNHcHEpQ9wO9ZGhXaPULbSrSPQp45o4wDsuTkslad7qkNhMISZG+UN8i5Az2rNu7PTNQ12yjivpLW/tyHW2zjevcVFrk/iSDU3TStKjmtMDaz9aVmwOwRcCs7U5GM6Qg4UDcfetcLjrVHULfcVlUdOtbVU3HQwhozO3gAA8AdBSZLnA4FPe3aTlSPcUzyZD0Bx71wnWI7Acc/Woc5PGDU/lSAdMrmjy0GSxwfegLlVuW6Y+lWdOH+nLn3xULyRocKxJPepLFv8ATo8HJPWtKfxET2OjjFXEHFV4UzirajArvOQcbqK2gczttib5SxHAz3NNaJWhCqwbHQg5BHrVTWcroN+3TEDEV4nbeLrm2iCQX1xbADG0HI/Cs50ubY2p1Lbnr+owRpGzyMqhe5NeeeKPFMMkK2OnAyS/deQcD8P8a5S/8RT3uRcXtxP7Z4NY0928oKqNi9CO5HoTShQSd2VKs3ohLmYMxRGzj7zdifQVVyKX/OKK6DEkgA89OO5NSzbRKAOyj+VRW5HnDntTpm/fZ/2RQAgALNk9jVcdKlByTn0NQg0gHDikNJmlFABUsUxjJBAZT17VFSigCy32aQ8sQfQjGKRTbRnIBc+hqvQDQB1fgeYyeN9NZzgbyAB9K+i1TEJHua+Y/C0/2bxPpk2doFwoz9TivqBMGEqOec5pMlmZPHzyOKrlcZwPpWnLFkAgVA8GcHHSoGcHqd2qXc5JAAbnnGK3vCms2ckD/Z2laRP9bEGyoH94CuB1Wd7iecR5I3ljjqat+G9UhsLK5u2jDSHC+hA9Qe1aQgrXFOR7FBc214qPGytjkDuDXHfElZG0ZmCS+RgBpIxkrz1rnIPH9o1yPPhmj/6eouCPqO4rtLLXzLbLPuW7tXH+ui6/8CFOSbViYyscHBPe2mhW8YgXWLXgMG+8EPc/Spb2ztdS1W0Nnqf2a5t1BNr03p6V0HiNfDtrYDUorw2E6tlEth/rm/ulOPzrjrbVtL1bVh9rtDBdxr+7u16EH1rklFpnXF32Na3ub1vEX2e60sSNAhkguZepXuA1Z9z/AGrc3c09h4jlhgdyRGQDsPpnNbOmPqVnFeSXd7HqFgBvgMfLD1BrCtNC8Ma3G19bPdW6u5DRNkFW7ioGellePeoWUvlT0IxVsJxzTXiz0611PU5b2OWlMtvM6A4CnAzR9unwB8pA9qv6tbOXEyLu45rHLfn6dK4pxszqjK6JmuZ5OrcewxUJJJ5NNMm0ZqPzsnAUu3ZVGf5VCTKuPOB9au6PA1xdCRT8i8bh60Weh3d6wa4BhiP8I+8a6q009LaJY40CqvTFdFKm07synMVIiMDJqxHCx7mrCQDAzU6oB0WukwMjXrfd4b1IFsf6O3J+lfMb9B16etfTHjWdrbwZqkg4Ji2j8SBXzNJ8px6DFWgRGaYenpTyeKjNBQmaKSigCSE4lXI65pZfvjn+EfypsZw6n3pZc+YOO1IBB94/Soh0qQH5j9DUdABRRRQAtFJiloAWgCkpRQBo6OnmavYoOpuI8f8AfQr6phBVdp7KB+lfMXhCET+LNLiI4Nwh/I5r6fJ2ufY0MlhtJXGORUTDIYDuKsghupxSND3U1FhniHibSNR0O++1gMFVyQR0Ge30qgbm0fQ28jCNJIWaP+77fSvcr/T4NRtWt7mJZI2GCG9K8K8S6faaT4gurGzJ8mI8Bjkj2qo3QnqS6dbWssJZtjNtydwJ59Paur8IJ9muru2iWRYCiybHP3WOOhHX8a47w4+3WraMziJJG2uW+6R6GvW4bWG1TyoIwi9umT+PQ/jWqMzgfGZj/wCEktlKcwWzOSvBySR/nFc3aRMZJJ43+0Rcny1HzD1HvW54wlhXVbuVh+9YKkY+bOBgnHYDrWBpKFkeSwbyrgnKrIcfNXJV3OuktDpdBk+y6LcyaKrrLKSVSbOFf0wa6PSZVu9PSe+s47e5Y/vETgZ9a524lSXQoYdVmNjLM4AePjDjocit2xt7dbKJZrhnkUYLnjd71gaWO3CjpjNIw/hA5PepFXbyPyNATe31rsOQjEKueVG1ePrUcuk2c+fMgUk9+lXgoUAenFAZc8HP0pNJgmzJHhvTd24wE+244q9Bp1nar+6gRPoOfzq2MnoPzp4TPU0KKQ7siWPcOAAv61KsYXgfrTguOhp6kHoaoQoXinYoFLQI5b4iRGXwJqQGRhVPH+8K+bJOoPqK+q/ENqL3w5qNsRnfbtj6gZ/pXytIpVtpGCpxVIaISKYRipwtROMUDI6KTNLSGLnGDU88YeFZFLE9WGOgPQ1XqaG5aIbSAy/qKAIwC54GfpUQ/Wr5uoyrfuzkg8/hVCgApRSUtAC0UlLQAUopKcKAOt+G9v8AafHenLjOxmc/gDX0a3JJ968J+DluJvGLzH/ljbM355Fe6kgDk4oJYmSO9OM2wEkce1M3gn5cmjaT9KQE0cgcfMR6cda5LxT8P7DX3ku4Wa2vm6yLyG/3hXTbdvTrUscuB82TQI+ftb8Nav4ck/063Pl5+WdOUP49q7DwX4ofUQdPuwPNiTckgPDqOx7Z+lepSwRXMJSRVlQ9UZdw/KuOfwBaW2tDVNMIgZVcNbk5ViQenp1ppg0cBrVjc32qySwIXEYLEEnux6A1Vg0qK8jMbhonz6lSDXpOgeErqyWWbUp99xMclV5CDPABrTufDdnMcugV+zrXPOLbN4TSR51debHHbWlxYC7tj8sjMeU9xV++kWOZI/tsNvtQAI2M/Wt+90We1BwvmxevesC70KwvZzNPGWcjHJrnaa0Nk7np2wKMnkUqJ3PU+lKwywHbNSdzXecSI/LB65pwUDoAKeBSigYgFOApRS0AIeKEXFLTqBC0oopRTANocFW6MNp/Hivl3xVpp07xLqNoVxsnYj6E5H6GvqI9DXhnxetoovFyyouGlgVnPqcYpoDzcDB5qGQdasgDdUEoHNDKKxpaXAoAFIYhpKdtFG0UAafh7QL/AMS6ounaaitOyl/mbaAB1Oazrm3e1up7eTG+KRkYjpkGu4+ES4+IdkAzANG4OD7EVzniy1js/Fep28WdiTtjJyeTn+tAdTFxRinADFGBQAlHSlwKMUAJThSYFKKAPUvgpFu13UZccLbgfrXtJUdSMmvKfgnGv2PVpcfP5iDPtgV6uaCRuAO1KBQetLQIaVphqXtUZ60AER2kjtU+Q2ccVXH3jTwTSsMeQccjj175qMn8RSoxzjPFOwCKkaGFVxggEe9UZtHs5pC5j5PpWg3WlIFKyGf/2Q==","title":"상의 블라우스","id":2125,"modified_date":"2022-11-10T12:34:06","price":"10000","content":"단돈 10000원에 팔아요~","transport":"직거래"},{"image":"/9j/4AAQSkZJRgABAgAAAQABAAD/2wBDAAgGBgcGBQgHBwcJCQgKDBQNDAsLDBkSEw8UHRofHh0aHBwgJC4nICIsIxwcKDcpLDAxNDQ0Hyc5PTgyPC4zNDL/2wBDAQkJCQwLDBgNDRgyIRwhMjIyMjIyMjIyMjIyMjIyMjIyMjIyMjIyMjIyMjIyMjIyMjIyMjIyMjIyMjIyMjIyMjL/wAARCAEsASwDASIAAhEBAxEB/8QAHwAAAQUBAQEBAQEAAAAAAAAAAAECAwQFBgcICQoL/8QAtRAAAgEDAwIEAwUFBAQAAAF9AQIDAAQRBRIhMUEGE1FhByJxFDKBkaEII0KxwRVS0fAkM2JyggkKFhcYGRolJicoKSo0NTY3ODk6Q0RFRkdISUpTVFVWV1hZWmNkZWZnaGlqc3R1dnd4eXqDhIWGh4iJipKTlJWWl5iZmqKjpKWmp6ipqrKztLW2t7i5usLDxMXGx8jJytLT1NXW19jZ2uHi4+Tl5ufo6erx8vP09fb3+Pn6/8QAHwEAAwEBAQEBAQEBAQAAAAAAAAECAwQFBgcICQoL/8QAtREAAgECBAQDBAcFBAQAAQJ3AAECAxEEBSExBhJBUQdhcRMiMoEIFEKRobHBCSMzUvAVYnLRChYkNOEl8RcYGRomJygpKjU2Nzg5OkNERUZHSElKU1RVVldYWVpjZGVmZ2hpanN0dXZ3eHl6goOEhYaHiImKkpOUlZaXmJmaoqOkpaanqKmqsrO0tba3uLm6wsPExcbHyMnK0tPU1dbX2Nna4uPk5ebn6Onq8vP09fb3+Pn6/9oADAMBAAIRAxEAPwCtKtvaSR2904e30/76A8zTHqPpxVuxsrvxdqDXF5KRBGQGx0Uf3FrAuLN7/WRaacDM0pAjZj19Sa3EmfwiyWtvqv2m53FpYEGYx68//WrkT6y2OY71Io4IkhhXbGg2qo6ACnxn5h6VxFx4n1iOGK7uBaQQzE+Wi/M2MZyams/E0skkXn3sMRYZaRoyFQdgB/E36e9dSqJ7F3O2ceuPpTk5Q1mWl4ZrcfZIbmdScmaYbQT6jvWlETg5xnvirKuL3qSo8808GmAooHDUqnmj+OgBWHFNXrUjDimL1HrQA/vUb8bv1FWIonlfbGpY+1aEGi7mUztx1KikP0MfYYolmfCRk4BPf6VW3s1zL5KAFRgk9TWl4ri+zixuAB5ETFGGOBnGDWXauPtE4PB4Ye4rmqzbZ00o8quU1ZGlk8xTv6EelVruwtbhGMkYIFRayJ2vla2Ryy8sR3zVKbUWjiAukeFh329ahw05kXGpd8rRj3umyWjh7R9yHqlZTa6tjciC+t2hz0cDiugDeYzzRncvt/8AXp7wWt9F5VzEr57MKz5m/iNXFJ6EEMiSxCSIhlYcH2q1CInPGN1Frp0VuQqf6rsB2qaaBIiHH51DKHJCrD50FPEYQDb/AAnNV1uR5nl7hg9KnVjnBpxFLTQ6a2k863STuQM0+Hm5qho8gaF4+6nP4GtC3H+kZr0ISvE8+SszzfxC/wDpWrP/ALRH6Vz2i/Jpzn2NbfiFvk1Rx3kYf0rG0/5NJkP+zQwRV0Mf6bK3rW+/MyCsTRRid62+tyvtSAhk/wCPo+1QS8zqKsNzcOarn5rj6UDCT74q4B+7FVG5kxVwD5FoAjlOEqjHzIauTnC1TiHJNAEh4FMAyKe/AxSouVpCLrXEeg2BktWb+0rndExP/LJRjOPQn+lYkN5JbK0lqha5XIkmLZyD2wf/ANdaWvW08Mpe/dWu7nEm9CCNntjvWLBGLpxGX+zW46SYzk/zPvXG5a2OZst2qx3EyqqNM4I344RfUH1FdZChh8u4k+ywleI57ldwVe3lRYP5kAnrWHBcWUNqlupjt5vMzKincqkA/Mp7huuD0zWhZasgbfGsazd5po2mkP0GCB9BW0LJgjpINS81stNql523LEI1H05FbFpexO3lqkyHsHWsGHWbuQBxrDOvffZsAPbIWt6zuzcjIkikXHLRPnH4da6U7miLoPPNO3DHWogcH3qtqGpW+mWpnnYgdEVern0FNuyux3L6sAeakyGbKnIrn7CK+1KUXN7ut4X+5COGce/oK7Ox0ZpFVph5cfZe+KUZXGtSkkbzYWNSxPYCtG10Q53XLY/2FNbEUEcCBY1AH61JRcqxFHCkKbY1Cj2FI5xyPvDtUp5qtI2GB7CmkILmCDULSS3mXdG4wVPauF1CzuNEnVZTvj6Rydcj3rt2fJDodrj9ao3zJIsZlQMobBVhkYqJ07mkJ8rOSSYSHO7Oe4PWorh1Dr5qhlHqM10Nx4dtd3mWrmAn+HqPw9Kyr3RL1/uqkg9jj+dc0qckdMakWVG06DUB5UXkxlwQrHhQexJ+tYOl6DqqyS/bbqOVFcooQcMAfvA1upot+MoYDsbhhuGCK0bWzk0+yjimH3chTntnNTy6aofNroc9NbvYvh1LL/Kq9yySLhDg46Grmu3h3bUGSO9c1JLK75LYPtWRoOK7ZMnIYGtWJhKiyfgaykJlbB64q7YSBWMT96YGzp0hhvYwDgMdproUjeKZhIpUgVywYo6nuCDXbwSLdWsb/e3rz/WuqhLSxyVo63PGtebNleEfxTt/6FWXF8mjv9MV6X4j8BC/tZBpcojkJ3eVIchjnPBrgtT0q+0ix8m9tnibdjJ5B/HpWxkZ+kriRvpWxGMz5rL01cSt9K1YR87H0FICv/y1c1DHzOxqcfxGoYvvMaBh1lq4fuiqacuPrV1+MUAVbjoarwjg1Ncng1DF9ygBX61PGPkHFQHqKtoBsFAihuWOHdcxyOjr+74PzD/Z9qp3EZjgE8hG4qPKSM5VVP07/WtCCS9to1bzlimgPmrBMmCD/s56j2rOuzbzFFgLRybN9y0vy5bjKgfWuKUU9TmZXstOk1C4VVHy8/eOM46812VkNJitotpvLiZcqFt04Q9+QMn8a4+GVYblH8t88bIc/wA62o73U7ib5Fl+yryfsyYXPcbscfjRCWthJnS2E+nwgReRf2cz5y7sQD6EhuK2kRrOaOWdFljYYF1Cu1h/vqOCPcCuOe90hQBJa3DSFf3hju1Z/wAjnP4VetNZ/s2xefT78z2o277a9XbJCCcZHTIrrg9NTRM7wHIGDnjgjvXHapJNrOvpFZspS34Ut/e7kCrniHWXto47Kyx5sqgswP3Qew962fh/oVwt3LcXaoiJgiLq3tuP51FSTqPlQfE7I6Pw14bFjEl1etJLdnn942dv4dK6jik4xmqskx3HB6VtGOlkarQsPKqDJNVTcmRuOlVJ5y5qa1jLc1aVgZbTJFMuVAWpYx830qG9OFFHURULcY6VDN+8hdG7jg04HmkbmhlCQSh7dCeuOfrSNyc1XQGOZ07N8wqQ5pAPKn1pksSSRFHxg00k4phJx3pNX3Gcdr+ntC+VJK9jXMlWBIIr066hjmgdJR8uM59K5C90K6CefCoeMjPHWuSdOzujphUurMwkXByasgjhh1HeoxFKH27D+VWo7YsMEYrFmqaLisJIww6jrXR+Hrs7TbOfdK5yGLyxtq5byNbzJKh5Q5FXTbTuRNXR22O9NuLWG9gMNzDHNGwwVcZ//VS28q3NukqdHGfxqQccZ6V3LVXOM8z1/wAEPpdw97pitJaNy0XVo/p6isCIYWQjPA9K9vCbwRjr615947to4bxJIYFjVkwzKMZNJoDhuiMajiHyMakfiM0xBiI0hhGPmX61ck7VWiXLL9asy0CKFyaagwlLc8kUDhRQMRRlhVwcAVWiGXFWT1oEZpM08aCJ5LxEHyK4+ZfoazfJ2O74wUIPlu3P4etdCfDmpR20Wo2bK6Ou4ND1H1Ws+7yu5tSjZZCvySR9GJ9/WuLldjmsZQ4kYKuZGPc889q6CxtoL2JZ9X1QQ2sXyCEHaCR2HtWTbaZcXCyvEozCu9xnt3x6mlhsrEahHJMpvM4I8w4X8uwqINRd2JHZ2firw1bokFhaSTSKCP3EG449c1hajrsWs6hORatDE0fkSBuCCMlTj1yaWfVY7ZmtrdFht5GC3M0YxnPAA9h/SqOn25tppDbkSyschifvelayre7oDehfs7eOS5huprySNEcZfGW47CvcfCmnxWOgrLHG6PcZlfe25sn1NeT6JpUuo6rb6ZCViMkge6C8kp35/pXuoRY41QcKBgCtMOtNTSlqrkEEhKSEnpVKGQzTyj2zU7t5UEnuap6acyzt6LXWajI8vNj3rYiUIuO9Ztim65JIrX245pCYkY5NVL9ucVdToTWZqDfvMUDK6HNPIqOMZqQ0xlW6+TZKOxwfpUvUZpZVDRlT0IxVe1k3RlG+8h2n8KQE2KYRUlIRQBRvM+WI16yNt/DvUqIFQKOgGMU0L5t2z/wxjaPrU+2kMyb3To9+9UAzz0rOlgSNCdvNdHOm6M+1Y9zEea5KsUmdFN3MZyAMilUjinSIQx9KjOI8sxwBWSNTd0nVYbJGhuZNqMf3Zx0PpXQJKjjKcjqK89jk864DuuUT7qevua9Cs4ke2iaM5UqDXZSbasclRWZOHxGT2rC1vSf7W0yaE/6xhuQnse1bV24jUIOvpUBBPUk85rZmaPELmN4S8cilXRtrA9qYBiGuk8eW6QeIGKLjzYwxA7mudI/dioGOhGXWpZutJAP3g+lLcHFIDOmOWFP9KYwzLUh+8KAHwDL1JI2HNEC1DK37w0Ab3h+/t7O41a9ExXSoMRxejtzyBWjBeWGuG8mS03y+SG2yqAw+h96zlsrW62JelrXTNPBlEL4Bk9MkcHH9ayL/AFueRDKsP2e3mc+W2P3kg6jC9gK5udxVmc97DGvYD5YjlWL52MakYa3buh9UPP6Vk3qGBy6qFDN8yj+E55/D0qS4MF7C8jOUvRyxbgSj/Gmm6eS1gSXDw/wsow30Nc8nfVEETD7RCrJIyYf5hjOF9SfrV20lSGyZo0Z1T5psj5CAcjmoFjaHbJb3KSxnqDwUHvU1xsvYpPIcP5almhQ4A4+8BSjZ6MW56l8LFi1JLnVlaQ7MW6Fj6cke/WvR5WCAfWuU+GOm/wBmeBLBCWLTAzMW65P/AOqumuyAB616NOKSSOqKtGxUvuFZfU5qtpZyZx3KmrF6SyI3qKp2LeXdEHo2RWozR01OXY/Sr7dKjt41ijwO9PkPyn6VPUAjPyVi3z5nI962IyPLJ9KwZ233J+tPqBPEMCnDvSDpRnmmMRuwqk/7q6DjhX+Vvr61cbqaqzjerD24pATrzTZ38uIkfe6D61HbSmRBnqODSn99cgfwJz+NADoYvLiUd+596eV4p/ajtQMiOAjE8DHUVlymOWISRsCrDIYdK1yMg/SsC9sLuIbbSZFTGApXGKyqrqXB2KFxhVLZwPU8CsqR/OfajH2I/h/xqxNps7yb7m5ZyGyFHAFCQrD8qjGK5XZbG6VxLdBEmMYz1rrvDd4HiktXPzR/Mn0rlsZHSp7W5e0uEmQ4K8H6VVOfLK4pwvGx17t5kxPYcCnoMmordVeJZc5DDIqcny4i56noK7d9TltbQ80+ISP/AG7FIR8jRgKfpXLkcCu/8d2nn6PBdYyYZMH6H/8AVXAkYwKlgTW4+bPtUdz1NT245aq1yfmNAFIcy1KPv1FH/rD9amTljSAsRDCE1SlP7w1fAxDWbIfnNAGtFPCI4rh7PzIY2zsjmM0Lk+qk5X8gKp60rWTSi4cT61MNzuh+S0j7Ivb/APVVm80i/wBJlM7plCMG6tF4x/tx9CPwrIkt2liNzdvH9nOceU+Xlf155x7VxSbtqczMx45fs0flgPJ95tzfw+1RxzuDuRuH/DBqS7triAwvIrLuXAbpikgl8oGKWNZkbqo6j3FZxfQhbj4EE8yKSkYbjew4H+NSGFkvkSwnPmNJ5Yk2Y3E9uRVW4vLO3gkhjf5hgrLJklcHICgd81reEM67410kyrcvvuFklJAVd647dOgFdEYJmiWp9MafAttp1vCoACRqMDjtVe+OG61oAADis2+YFz6V1xN2QOxks1zyV4NUCdsgYVYif5mjPRhx9aikXBxVoTNizmMq4zyKtP8AdNYthMY5QD34rZf7n4UuoiONsQS+1YKfNcE+9bJbbZzGse2GXJpPcstn2pF60hPNIp+amAr8Zqox+brVt/umqLH56TAjkk+zuJBgBjtOfWrkCbYx6nk1l6tzZw/9dhWtEPkX6UgJD2o7UUZpgIR+dQXEe+I9yKn6004wR6jFTJXRSMC6TqazZFAOe9bVzH1HpWNMpDE1xyVmdMXoQbsGnkZXOeD1prDIpUbAx/OpKOh8PXiurWszfc5T3HpWrKxkbPRQcAVxiSNDKssZwynNdZazreW6zJ3HI9D6V1Up8ysc1SNtSlrtv9q0O8hxk+WWH1FeTZzg17RIm+KUHoVIrxll2ysv91iK1ZkWLcfIxqlcHljV+EYiJrNuT96kMgi5JNTQjOfrUMXCmrMA6e9AE8vyw1kOx3mtS7OI8VlHk5pMD1RT8vTjuK87uWtpNauHt7Jvs6OVAT72f4iB0UZruLe+hu9OF3byb4XQsrDr0/nXmOn6rY2CTx6jDNO0twW2o2AV57+vSs6qTWhhKxDdSbpUt4XkRt7KVmPHJ45/nTY7R7e4dZpPLZOHK8nB44Heq+oT2LXLNZmcQbwVimHzYxzzQtwRJvjLAj7mOTj3NcyjYmxeeOCwtTcWlrbAg/ILh90jHPXGePxFdn8LIEu/Gv2mGRnRLYvOjKMI5yBt9uK83cZ3FzlmPDZ4r174HWDrBquoPGoLOsKlTkEDn+tbU3dlQ1Z6+PSse6b52FbB6GsO7yHbNdUTZlN2KNuHUc1NLhgHXvzUL85otn3xvEfvKePpVAOVsMCOorfgfzLYHviuf9619NfdCRSYmOuvk0+T3NZFsQCa1tQ4sse9Y0fBNIaLDPSK37ymHtSp9+mBOw+U1nsfnIrUZP3BNZUnDmhjGXNo15bogcKVcN9a0EyAB6VBEeKmBqQHk4pu6kY4FRl6YE26mM1R76az0DILnDOcVjXSYNajMWnPpiqV2vGa5KqszeD0Mtjg4ppOKWTh6YTWJqSqQ61f0i/+x3Hlv/qZD8xPY+tZRYo2R0qQ/MPY1UZcruhON1Y7aZwIXx/cJH5V4sTumkJ/vE16jo+oCVRazH94v3Sf4h6VwviHTTp2t3CqhEMh3xnsc9h9K7YtSV0cklZ2KSnbbZ9qy7g/rWo/y2orInPP40CETiOrcC/dqoPugVoQrz+FCAr3zdqzx0q3fn5sVUHApAWvDV9qqpJpujxwMfL83bO3Qd8Vl24nitb17nTPtERDK7D/AJZNnqPpWTFPLFKFikdGjAAZDgn2rT88/YJI9hN7I2I5BJgAnqGGOa5FUaVmctznmbnIAKY+Ug81ZRvmjHqQB7fWo7koZjZKfKljYllxwG7jP51PbwK8rBz0GFGeSafQroPvxb+d5SzF2x80gHQ+g9q+ivhXpI0vwLZjaQ9wTM2euTx/SvnaGGaSUmVFBdxGBnqTwAK+sdJthaaRZ26jHlwoP0rSlqXTWpcc4U/SsK6OWrckOEOfSueuWBkPNdKNHuQmqYm+z36sfusdpqyTWfqQIUNVAa7DBI9KvaU3zMPasq1l860ic91wa0NNbbcY9aGJlvVD/o6rWOvWtXVjworKUfNUlIl/gp8C5am9RVi3XkU0JliUf6Oaw5uJDXQTj9xXP3PEhokCHxGrCmqcRqyhpDHSt8tVy1Pmbiq5PNIZJu96Qt3pm7igcigB9tF5jN71RukIUqeoODW3ZJjBIrP1aLZO4HQ81lWjpcum9TnLhTuqrv5xWhOoIzWTI3zGuRnUiyMOMUsbdVPUdKhjlPSpG/vikBMHZHDqcMvINdLGlrr2mGK4jVgww3qp9RXLhgRmtHStSisZyJgdjnCn0NbUpcrsZVI6HI6vaPp88lq5JMbYBPcdjXOTn569A8exRslrfREESfIxHevPJT+8rqZzIlX7yitKHGCfas6PmZRWkuBETQgZl3jZkqGlnO64pQMikBzK7UcOrbo85y33hUqXptY0Y+XK0rfIuMlRjk1Y3rNmK4jVSRggcVRktzC5CMoYDCdsCuKyZy2ImJ2kN86kc88/nU9qgfYASWX7jZxge9JBCrQyIApULkuf4jTLR1ErBH3p0HY/jVJvYpHS+FbJNR8baTblN6icME7fKclq+oQMDArwP4P2Elz4wa7Kfu7aFizDpk5Fe+V0U1ZG1NaDJQSjc9q5uY/vDk1q6jfrEpjQ5asIyZPJ962QxxqnqIzaFv7tWwwPSo5gGjZD3FMZBosvmacP9liP1rZsji5X61zuhfuYZoiePNOK6C0/16fUUCLeqH95j0FZyCrupHMx9uKqRjNAEyjirUA+YVCi1YhHzimJli5X/R65y6++a6a6H7g1zN2PnqWOJHE3NWVNUkPNWVPFIoSU8VBnNSTNVfdzTYh/NTQqWYVCvNW4B0oA0rZcAVn6wAx98VpwDCVi63Lt+YdiKJq8Qi7MxZR8hzWVJHgmtmYBkJxwwyKzZgCDjrXnyR2xZQJIPNWY3DKB2qB1HeliYqRiouVYsJwSKjuOUAHXOaeexFMlzwF5J4FaR3IlsV9bmL+HRGzZ2TjH5GuKJzMee9dHrl2BAlmhztO92965hW/eE12HIW4BmWtCU7Lc1n2nL5q3euFiPPPtTEZOd0xNWUHy0afp15flmtrZ5FzgsOlaq+HtVAx9lP8A30KLBcwp9PnmgaVUtyY2I8osFkI9cGsefy7y0JjfDr0LDBFdTfaO8l2v9mbZjGh8yUtuTPueua5G9ktkJtTG63iH5irhlf8AAc1yOFjnaIsT3csiSsFDKqRqoCjtSRQhboqjAMjbJM9sdc4qvPvIVAGZ2OQEzwKs2Kk3SKcbmYL83HthqLBY9x+C0EP9lancxSF99wEBIxkADmvT5ciJsdcV82eHPEN/4U1aRra4jkgB2vt+6O549O2a9O0z4v6Ffhbe7WW3uGGDtUuufqK6INbGsZaHRSW5ZySTkmojb4FJDq+n3km23uQz4zjaQcfjRJdwJ96dR9TWt0ikrkbRsvSorkkQkjggVHNq9ggO65Un0XmsbUPFFtGmyKGWTJA3HgCk5xKUZGlpcZ2PnqXJrfsIz9ojyeM5rB0qUFz05w3HvXT2ABlBHYE09yWRXx3St9aghFS3PLk02EcGmBYU8Gprbl6gQZzV60TqcVWyES3X+oNcxd/frp7v/UmuYvPvGo6DRTBw1WA3FVu9S7uKQxJiCOtQZ5p8h4qHcM0AWIzzV+35IrPi61pW45FMDST5Y653WmySK6FjiKuY1Nt8+KqQkULeTcpibqOmfSoJUwxpNRjkis3nh4kjG9ffHJpYbiO/tI7mI5Dr27HuK46sDppTKM64PSolq3cIdp9qzTJtPX8K5TpSNKPBAqtfzNbxgp1Y4z6U2ObgVHqTg26/WtaerMqmiOZvnyWJrIjYZbmtDUXwHrJibrXachr2XTNN1Gb5SB1p9r8sOfQUmm251PxDaWuMqXDN9AaCT03w1pS2egW0Lja5XexHqa0zp4zxL+lWIV2oAOgFSGrSJPJNQtLee1afQnnhvU+/BEfmJ/2kNczca3Lep9j1WzjMgPzzLHskU+hPSuy1yBJrreImnZFO5YTtlj/2h6iuckae60cwqkF1aj/WyRpmeL3YZrlmZs5102q5XlF6Y+99akEJQwbkPzgfvB/FnualurOxintlhvDJbY4nVfuf7wqV49sVuQEcMWAYP8zYJ5x6f0rOwD4ILS3upRcy/aBEvCRcKzHsT6Va0PUJUvSbXSo552PDMM4HsP61X1GC0gVDG8c5ZMsqfKqNV/QYde1JNliVsbP+KZE5b8T1qorUDuNBn8RSazFJeWsUFntIYDAJz+tdPe20cgJ2iuf0jRoLZkkM9xPMoyZJJM5P0rp3y8QJ7jtVVE0ddDY5uS1VJDgD8qq3doJYWXHJrZuE5NU254rnV7nV0HeHbzfJ5LH5o1CnPtXd6a2Vlb0Fea2gNprRcfdcc16NoxEljJIO7AV3Unc46qsx0qkmkj7ipJeCfemxjmtramZNEhzWjAu1Kqwr81XlGFFKbBEF4f3Jrmbv79dJen93XNXR+Y1PQa3KXenZpp60oHNIY2T7tQgEtUz/AHRTY1yaAJ4hjFaVt1FUVXgVfthimhFqZsRVzlwN85Nb1y2Ij9KxHGXJpsCF4RKjIw4ZStef6Lqv9malcWc5It2kIx/cOa9IUDIryzWIPs/iW7j6fPu/MVEo3Q4vlZ28xVodykFTyCOlc5czBJSOtMiv5rW2C5JQj7prEudRV5zkkn0rjnSd9Dtp1Y21NtLsYHOAO9Ry3Rnyf4V6CshJWkYAnAq8h2w1vTp2VzCrU5nZGLqr7VYZrOgbIqbV5cvjPeq9sDlRWhkboPl2mfat/wCHVvDPqV3clwZ0Xaid8dzXNXsgitVGecdKxrW8ubS7W5t5JIpAeHU4xRzJMXLofRUf3aUkZ615rpPxD1AIqXsMVyOm/o1dqmuoUBMEgJGcZrVa7EbHOX1gt/ANsjQzx8xzJwVP+FchfxhdQRdQP9maqD+6vov9VN/vD1rukJBpt1ZW19bNb3MKyxN1VhWUo3E0ee3i3a39vHcwQ2N+XGb1RmGdfce/FVNbMkQkgaGBXSUM/kL97twey1ua1oE+k6ewhuWuNIWRWa0l5Zeein0qjrFlvhmEYa1ieAyrCvQ4PQ/SspR6E2M2RrGCW3aQvqc7Aj7JGMJHxx+Peux0u01PUrOF7+5Fvabfkt7bgsP9o1Q09IZPCljcpGiyCQB2A5OeOTXSaGc6PBjtuH/jxq4IZqWUSIqxIoRQMACteDiIr121k2x2yY961Yztl9jVVVeJrSdpFS5XgnGKoMOa17hNwPFZzJyRiuHqdy2KJUfaU9a7/Ql2aDG3d2J/WuBlPlTxOegb/wCtXpGnqP7IgCjjB/nXZQOWuMZc9qdGnzZqQKRwamgi7kV0uxgPiQdasimheaf0rJu5USjfn5MVzlz1rob88Gudn+9VPYFuVTSjgUuMnpTtvFSMiYZIFSxx4PSnInNTAc0xCBatQHFRAVIhxTQC3TfuzWV/FWjdt8lZ3egBc4Fee+K1j/4SgspBLRgtjsa7HWtTj0nT3uG5f7sa+rV5hHcSXmoSzysWkdskmkwNO6Oy169q5t33XJrd1STbbAe1c1G+ZCfWkxo2IPvAVemfZak+1ULTLt8ozV2VEdCjhivQgVLkkNRbOOurhri82oC3PQVqxW7wgNuiZwARGf8AGrv2W3hKRxQhC5x61ejs/NsZGjZI1Qn5WbDEjriueVTU1UNDBurucoryLCuc4HUVXN3IMMiJkYJ+XOfaq94Jct97bn5QTyfpWl4fvbWPUI3voy/ZZCeh9x61tBKRzzk4s1vDtvd6xexlrZI7VTlmK4/AV6GYGBxhePfrVKx1DT5htguIyR1Q8HNXHlLNkMij04rqhFJGbk2Qjg1KtRAU8GsiynrsRuNCvU7+XkfhXFzzM/hnTLtzliskLn16iu/mXzbaWMjO5CP0rgLVPP8ACFzbn71peEfTJ/8Ar1lPcRP4afzfB9xF/wA8ZAw/A103hxt2kD2kYf1/rXJeCyWh1SyPXa2BXUeF33WFwp42T4x+ApwA204kFaRO6MEVm9GBpzXzgeRbQGeUHnnCqP8AaP8AhWjGjWyJEDelU5kw+aLC5kdpIpkVJEOCFORVmZMjOK4pxsztpvQxNQiLWrsOq/N+VeieHJRc+H7OXOcpz9a4u4iGwA9GGK3/AAHK39lT2jNk28xCj0B5/rV0WTVV0dT5YPUUoUDpTqK6Ls57BTWbApaikYY5poUnYoXbbt1YU/362bhi2cdKypk+c5OatiRXUU7HNPx6UoQk81IwVcU8DFOAxQaYCrjPSpVHHPAqMZpkswjTJNADL51VQoPNUV4BJOAOSfSms5llJJ4rgvG/j6008/2NYSiS4kO2eRTkRqe2fWgVyj4n1s6rqLJEf9GgJVPc9z/Osiw/12aqxkbOOnarWm8y1K3KJ9dk2QKBXO28nz5rZ8QNhBWDackVI0dHYEnK8YxnBro7Cys5LZJGlKSMeA44Nc5YcBj6CtdDqBazW3hikssHz8n5lPYiuepubU1oX7jQyIJEjARW5yvzLk1zl94e1GOKK3juBLBnLMyA7TW3aawqzPFHNJA6dY5vu4/lWqt/DLj7RH5TdpEOVNZWNNjhm0L7Snl3E+51IAaP+D04OKx7m0FpO8TOPMUZYYwHHqK9Qk0qC6UvCUYkY3IfmrE1Hw/LJbmMoJmX7pkHzfn1rSE3FmNSCkijZeF9ZuLeOdLaPY6grukxxVn/AIRjxEvAVAPTzzW1Hrl1a28EDmBG2hQrKe3bOKtw6vqDxK0ixo56qFzXR7ZGPsWK2pwQ3Pk3Akhx0Zh8p/GrkbpIu6N1ceqHNRXUH2mLYQoYH5WYZ2ms5rCG6Z7d99peAbt0TYDgdwOhpttbhY2cgAsxAHcnpXnsN9aWN34gtJ5kVJCJIh13MCD2rnPEfifVb24ezkuSsULFCE+XcRxk1jmXekDbstjk/jWU53HyHWaHrFvpWt3V2wZ7d0zheOox/OrWjeNLbS2ule1kdZZdwO4cCuPglDROuexX6c5qn5g3up5GM/WpUmEYo9jtvFdtqzxWtjlZ5X2kv/APUeprfRhYp5Ua7nfhV7sfU15R4KuBDqwmCB2VMgHpXrEVq67biaTdOV7dEHoK1hJyY5xSLdtF9njCkhnJ3O/94+taLDfGGFZsb5HPHr7Vftm3Axnr6UVIXQ6U7MhveIEOOhrDh8Wp4T8RQzXeRp11iKdh/wAs2/hf6dM10V5GWhCiuG8W6ULzT5YJRklTtPvXNF2kdTV4nt1pfWt9EJbS5injIyGjcMP0qxmvizSte1Tw5etHb3lxCY2xtVzx+HSvSNF+OWt2pCX8EV/EOpA2yf4V2pXVzjemh9F9qqXBY8DpXD6H8YPDWr7UmnaynP8ABcDaPz6V1ceuaXc8xX1u4/2ZAaqKsTLUS4+VQKzZeDxWjLLDLysi49Qc1VYRk9R+dNgiqoZmwBUwQjgUkl3Z2qkyXESD1ZwKyb3xl4esELT6rbAD0cGpGbBUimng56+1cDffGPw1bZELz3J/6Zocfyrmr745R8iy0lyezSvQB67JPsHSua17xRpmixGTULyOMjogOXb2C9a8lu/iP4u8QiaKwRYEjUtJ5CZKr+Oa4C4vJruYyyyvLK3JdzuP/wBagLHfeJvihfakr22mhrG0bgt1lf8Awrgg7vIGUFmJ4xySf6moEDO2ACzHsOTWlp7HTLqK9Yp5kbZRTyM+h9aBnXabN9osY3PDEYI9COK1dLH75vWua0S9My3jSYD+aXwP9rn+tdRo/O9jSAo+In5ArKtB8yir2vPmUfWqlovINT1H0Oh08fuZCfSrFrJb/wDCRApczxXsMPEfPluvv24qOyGLUnpkgdelXbOW4Jujc2kM9kAdkkPMq+oIHNc0/iN4fCLc3mLSc6xYrPBgBZ7UfMwPsKsT2VwNK06LRbqKOPhws5+eSM8kYPOaz4beUWROgXiSZfmG4PTnkVZ1FbF9a022u45xdIvmQyRghA2OVyPxqFsUxjahJb60LH7NcQsy7lmAOzpyDWpa+IC+5JDHcoh2tg/MtVYLjUxqVy9zLBe6aRlFXG+NvTiqmlw6Ze2Go3OlhrKWVjHL9p+Uo/8AeGeDRYL9zovNsb4YUjd/ckHf2qOTTmL8PIo9Aa5iQX+j6Z5uoxtdzRty0C8lfWtiCW+ltopYHkEcihlD8EfnSY7djpCc4IPHrVXVLZZrItvKSRDcrJ1+lPEiKgTJJHZaZdSt9klPCjbjHrXZNq1zjjueFatHLBqFwJgVdnL8jGcnrVZZd0ACn5g2K9hudLtNRhEN3bpKnQZXn86yn8G6LkItptxyNrcVyqoup0ODZwN2wivQAnlo0QOPfFVLW0mvrwW8QZ3P9wZxXqg8OaZ8hktkYqMAsM4qUWlrbrsghSJccFFwaPaoSpmLoOgHTLeR5Zy8shAO3+EelegaXetNbgORlBjAPWubCMqAFvlHbvVjTJWj1CMjjccN9KdKpaQ6kbo6UTTCZi4Xb/CB2+tXoJ1SRH3d8GqayqTxg1OrZAHpXW9jmW5sSgFT06VganaLdw4Y/dFbS3O+3LkfcQ5rLnlzbqcferjmjtgzw/xtobwXhuYhk4ycdxXGq5B4JyPSvb9bsROyh1ztPH9a4fWPA8UZ8+3ZkVsnaOg+tbU6qWjIqU3ujD8PWs2u6rFpxmjjDAsZJeigdce9UbiWSOeRknkQLIV+VyM/rTrWL7C5kmAZkPIB4IH+NV9QuYLmdZYYBDuGWjXoD7V0nOXYNWvVZNuoXK/MBgSH1rY8U6heW+poLfV5JY5IFcGObgHjiuRjdvNXb1BpZVbeuc8gHFIRba7urlwsl1M4PHzSmidpIYjC86t7Bg2KqAHccHp3qIAE549aBjw4I5z+HSms5K7RwMdqSjtQBq2t+dPZmsLqQSyph8jAPqKh0wWSavENRRntM5ZVOCRVBSVII4IOasONypIgzt5A9u/5UAW726tEu5jYxFYGbManjA9/WqLyvK2WP0A6CklI4wen8u1Rg85oA6Dw0BPfzJ0AUH616BZRiCM+hFch8NlA8WxeYBiZHUA98A165L4dt7nLLEU5+8tJibPLdbZpLtQnODkiltpUG0ORG56KeM/SvRG8G6Z5pklEjt7t/SpT4b0lV+WzTJ9eakdx/g7Q4NR077XMTlJsBOzfWrV34Iht5p7nSpHs7iVtxBO6Mt9O1WtDvdN0u2fTCGgUsWDMeMn37V0e9vLBjZZU7HPUU+WLQczR5dqVk6T2kOvaZMJPNBju7Lhdw9SOOa0mkvX1OR4/IutOCfcx++jcdRiu/wBkbjAwnbawxmuN8SaJpumpc6nArW19IvHlt8rt2JFZTpWWhpGpfc5nRrfS7v8AtG60OeaC6YlZIbjpG/0NF/cNaeGG/wCEnhC+ZJsm+zDtnhuKry6m7aC//CT2oi8zCNPb/K+DwGz3rTaS5h0yzg0pE1WBQBNHcHEpQ9wO9ZGhXaPULbSrSPQp45o4wDsuTkslad7qkNhMISZG+UN8i5Az2rNu7PTNQ12yjivpLW/tyHW2zjevcVFrk/iSDU3TStKjmtMDaz9aVmwOwRcCs7U5GM6Qg4UDcfetcLjrVHULfcVlUdOtbVU3HQwhozO3gAA8AdBSZLnA4FPe3aTlSPcUzyZD0Bx71wnWI7Acc/Woc5PGDU/lSAdMrmjy0GSxwfegLlVuW6Y+lWdOH+nLn3xULyRocKxJPepLFv8ATo8HJPWtKfxET2OjjFXEHFV4UzirajArvOQcbqK2gczttib5SxHAz3NNaJWhCqwbHQg5BHrVTWcroN+3TEDEV4nbeLrm2iCQX1xbADG0HI/Cs50ubY2p1Lbnr+owRpGzyMqhe5NeeeKPFMMkK2OnAyS/deQcD8P8a5S/8RT3uRcXtxP7Z4NY0928oKqNi9CO5HoTShQSd2VKs3ohLmYMxRGzj7zdifQVVyKX/OKK6DEkgA89OO5NSzbRKAOyj+VRW5HnDntTpm/fZ/2RQAgALNk9jVcdKlByTn0NQg0gHDikNJmlFABUsUxjJBAZT17VFSigCy32aQ8sQfQjGKRTbRnIBc+hqvQDQB1fgeYyeN9NZzgbyAB9K+i1TEJHua+Y/C0/2bxPpk2doFwoz9TivqBMGEqOec5pMlmZPHzyOKrlcZwPpWnLFkAgVA8GcHHSoGcHqd2qXc5JAAbnnGK3vCms2ckD/Z2laRP9bEGyoH94CuB1Wd7iecR5I3ljjqat+G9UhsLK5u2jDSHC+hA9Qe1aQgrXFOR7FBc214qPGytjkDuDXHfElZG0ZmCS+RgBpIxkrz1rnIPH9o1yPPhmj/6eouCPqO4rtLLXzLbLPuW7tXH+ui6/8CFOSbViYyscHBPe2mhW8YgXWLXgMG+8EPc/Spb2ztdS1W0Nnqf2a5t1BNr03p6V0HiNfDtrYDUorw2E6tlEth/rm/ulOPzrjrbVtL1bVh9rtDBdxr+7u16EH1rklFpnXF32Na3ub1vEX2e60sSNAhkguZepXuA1Z9z/AGrc3c09h4jlhgdyRGQDsPpnNbOmPqVnFeSXd7HqFgBvgMfLD1BrCtNC8Ma3G19bPdW6u5DRNkFW7ioGellePeoWUvlT0IxVsJxzTXiz0611PU5b2OWlMtvM6A4CnAzR9unwB8pA9qv6tbOXEyLu45rHLfn6dK4pxszqjK6JmuZ5OrcewxUJJJ5NNMm0ZqPzsnAUu3ZVGf5VCTKuPOB9au6PA1xdCRT8i8bh60Weh3d6wa4BhiP8I+8a6q009LaJY40CqvTFdFKm07synMVIiMDJqxHCx7mrCQDAzU6oB0WukwMjXrfd4b1IFsf6O3J+lfMb9B16etfTHjWdrbwZqkg4Ji2j8SBXzNJ8px6DFWgRGaYenpTyeKjNBQmaKSigCSE4lXI65pZfvjn+EfypsZw6n3pZc+YOO1IBB94/Soh0qQH5j9DUdABRRRQAtFJiloAWgCkpRQBo6OnmavYoOpuI8f8AfQr6phBVdp7KB+lfMXhCET+LNLiI4Nwh/I5r6fJ2ufY0MlhtJXGORUTDIYDuKsghupxSND3U1FhniHibSNR0O++1gMFVyQR0Ge30qgbm0fQ28jCNJIWaP+77fSvcr/T4NRtWt7mJZI2GCG9K8K8S6faaT4gurGzJ8mI8Bjkj2qo3QnqS6dbWssJZtjNtydwJ59Paur8IJ9muru2iWRYCiybHP3WOOhHX8a47w4+3WraMziJJG2uW+6R6GvW4bWG1TyoIwi9umT+PQ/jWqMzgfGZj/wCEktlKcwWzOSvBySR/nFc3aRMZJJ43+0Rcny1HzD1HvW54wlhXVbuVh+9YKkY+bOBgnHYDrWBpKFkeSwbyrgnKrIcfNXJV3OuktDpdBk+y6LcyaKrrLKSVSbOFf0wa6PSZVu9PSe+s47e5Y/vETgZ9a524lSXQoYdVmNjLM4AePjDjocit2xt7dbKJZrhnkUYLnjd71gaWO3CjpjNIw/hA5PepFXbyPyNATe31rsOQjEKueVG1ePrUcuk2c+fMgUk9+lXgoUAenFAZc8HP0pNJgmzJHhvTd24wE+244q9Bp1nar+6gRPoOfzq2MnoPzp4TPU0KKQ7siWPcOAAv61KsYXgfrTguOhp6kHoaoQoXinYoFLQI5b4iRGXwJqQGRhVPH+8K+bJOoPqK+q/ENqL3w5qNsRnfbtj6gZ/pXytIpVtpGCpxVIaISKYRipwtROMUDI6KTNLSGLnGDU88YeFZFLE9WGOgPQ1XqaG5aIbSAy/qKAIwC54GfpUQ/Wr5uoyrfuzkg8/hVCgApRSUtAC0UlLQAUopKcKAOt+G9v8AafHenLjOxmc/gDX0a3JJ968J+DluJvGLzH/ljbM355Fe6kgDk4oJYmSO9OM2wEkce1M3gn5cmjaT9KQE0cgcfMR6cda5LxT8P7DX3ku4Wa2vm6yLyG/3hXTbdvTrUscuB82TQI+ftb8Nav4ck/063Pl5+WdOUP49q7DwX4ofUQdPuwPNiTckgPDqOx7Z+lepSwRXMJSRVlQ9UZdw/KuOfwBaW2tDVNMIgZVcNbk5ViQenp1ppg0cBrVjc32qySwIXEYLEEnux6A1Vg0qK8jMbhonz6lSDXpOgeErqyWWbUp99xMclV5CDPABrTufDdnMcugV+zrXPOLbN4TSR51debHHbWlxYC7tj8sjMeU9xV++kWOZI/tsNvtQAI2M/Wt+90We1BwvmxevesC70KwvZzNPGWcjHJrnaa0Nk7np2wKMnkUqJ3PU+lKwywHbNSdzXecSI/LB65pwUDoAKeBSigYgFOApRS0AIeKEXFLTqBC0oopRTANocFW6MNp/Hivl3xVpp07xLqNoVxsnYj6E5H6GvqI9DXhnxetoovFyyouGlgVnPqcYpoDzcDB5qGQdasgDdUEoHNDKKxpaXAoAFIYhpKdtFG0UAafh7QL/AMS6ounaaitOyl/mbaAB1Oazrm3e1up7eTG+KRkYjpkGu4+ES4+IdkAzANG4OD7EVzniy1js/Fep28WdiTtjJyeTn+tAdTFxRinADFGBQAlHSlwKMUAJThSYFKKAPUvgpFu13UZccLbgfrXtJUdSMmvKfgnGv2PVpcfP5iDPtgV6uaCRuAO1KBQetLQIaVphqXtUZ60AER2kjtU+Q2ccVXH3jTwTSsMeQccjj175qMn8RSoxzjPFOwCKkaGFVxggEe9UZtHs5pC5j5PpWg3WlIFKyGf/2Q==","title":"상의 블라우스","id":2130,"modified_date":"2022-11-10T12:34:06","price":"10000","content":"단돈 10000원에 팔아요~","transport":"직거래"},{"image":"/9j/4AAQSkZJRgABAgAAAQABAAD/2wBDAAgGBgcGBQgHBwcJCQgKDBQNDAsLDBkSEw8UHRofHh0aHBwgJC4nICIsIxwcKDcpLDAxNDQ0Hyc5PTgyPC4zNDL/2wBDAQkJCQwLDBgNDRgyIRwhMjIyMjIyMjIyMjIyMjIyMjIyMjIyMjIyMjIyMjIyMjIyMjIyMjIyMjIyMjIyMjIyMjL/wAARCAEsASwDASIAAhEBAxEB/8QAHwAAAQUBAQEBAQEAAAAAAAAAAAECAwQFBgcICQoL/8QAtRAAAgEDAwIEAwUFBAQAAAF9AQIDAAQRBRIhMUEGE1FhByJxFDKBkaEII0KxwRVS0fAkM2JyggkKFhcYGRolJicoKSo0NTY3ODk6Q0RFRkdISUpTVFVWV1hZWmNkZWZnaGlqc3R1dnd4eXqDhIWGh4iJipKTlJWWl5iZmqKjpKWmp6ipqrKztLW2t7i5usLDxMXGx8jJytLT1NXW19jZ2uHi4+Tl5ufo6erx8vP09fb3+Pn6/8QAHwEAAwEBAQEBAQEBAQAAAAAAAAECAwQFBgcICQoL/8QAtREAAgECBAQDBAcFBAQAAQJ3AAECAxEEBSExBhJBUQdhcRMiMoEIFEKRobHBCSMzUvAVYnLRChYkNOEl8RcYGRomJygpKjU2Nzg5OkNERUZHSElKU1RVVldYWVpjZGVmZ2hpanN0dXZ3eHl6goOEhYaHiImKkpOUlZaXmJmaoqOkpaanqKmqsrO0tba3uLm6wsPExcbHyMnK0tPU1dbX2Nna4uPk5ebn6Onq8vP09fb3+Pn6/9oADAMBAAIRAxEAPwCtKtvaSR2904e30/76A8zTHqPpxVuxsrvxdqDXF5KRBGQGx0Uf3FrAuLN7/WRaacDM0pAjZj19Sa3EmfwiyWtvqv2m53FpYEGYx68//WrkT6y2OY71Io4IkhhXbGg2qo6ACnxn5h6VxFx4n1iOGK7uBaQQzE+Wi/M2MZyams/E0skkXn3sMRYZaRoyFQdgB/E36e9dSqJ7F3O2ceuPpTk5Q1mWl4ZrcfZIbmdScmaYbQT6jvWlETg5xnvirKuL3qSo8808GmAooHDUqnmj+OgBWHFNXrUjDimL1HrQA/vUb8bv1FWIonlfbGpY+1aEGi7mUztx1KikP0MfYYolmfCRk4BPf6VW3s1zL5KAFRgk9TWl4ri+zixuAB5ETFGGOBnGDWXauPtE4PB4Ye4rmqzbZ00o8quU1ZGlk8xTv6EelVruwtbhGMkYIFRayJ2vla2Ryy8sR3zVKbUWjiAukeFh329ahw05kXGpd8rRj3umyWjh7R9yHqlZTa6tjciC+t2hz0cDiugDeYzzRncvt/8AXp7wWt9F5VzEr57MKz5m/iNXFJ6EEMiSxCSIhlYcH2q1CInPGN1Frp0VuQqf6rsB2qaaBIiHH51DKHJCrD50FPEYQDb/AAnNV1uR5nl7hg9KnVjnBpxFLTQ6a2k863STuQM0+Hm5qho8gaF4+6nP4GtC3H+kZr0ISvE8+SszzfxC/wDpWrP/ALRH6Vz2i/Jpzn2NbfiFvk1Rx3kYf0rG0/5NJkP+zQwRV0Mf6bK3rW+/MyCsTRRid62+tyvtSAhk/wCPo+1QS8zqKsNzcOarn5rj6UDCT74q4B+7FVG5kxVwD5FoAjlOEqjHzIauTnC1TiHJNAEh4FMAyKe/AxSouVpCLrXEeg2BktWb+0rndExP/LJRjOPQn+lYkN5JbK0lqha5XIkmLZyD2wf/ANdaWvW08Mpe/dWu7nEm9CCNntjvWLBGLpxGX+zW46SYzk/zPvXG5a2OZst2qx3EyqqNM4I344RfUH1FdZChh8u4k+ywleI57ldwVe3lRYP5kAnrWHBcWUNqlupjt5vMzKincqkA/Mp7huuD0zWhZasgbfGsazd5po2mkP0GCB9BW0LJgjpINS81stNql523LEI1H05FbFpexO3lqkyHsHWsGHWbuQBxrDOvffZsAPbIWt6zuzcjIkikXHLRPnH4da6U7miLoPPNO3DHWogcH3qtqGpW+mWpnnYgdEVern0FNuyux3L6sAeakyGbKnIrn7CK+1KUXN7ut4X+5COGce/oK7Ox0ZpFVph5cfZe+KUZXGtSkkbzYWNSxPYCtG10Q53XLY/2FNbEUEcCBY1AH61JRcqxFHCkKbY1Cj2FI5xyPvDtUp5qtI2GB7CmkILmCDULSS3mXdG4wVPauF1CzuNEnVZTvj6Rydcj3rt2fJDodrj9ao3zJIsZlQMobBVhkYqJ07mkJ8rOSSYSHO7Oe4PWorh1Dr5qhlHqM10Nx4dtd3mWrmAn+HqPw9Kyr3RL1/uqkg9jj+dc0qckdMakWVG06DUB5UXkxlwQrHhQexJ+tYOl6DqqyS/bbqOVFcooQcMAfvA1upot+MoYDsbhhuGCK0bWzk0+yjimH3chTntnNTy6aofNroc9NbvYvh1LL/Kq9yySLhDg46Grmu3h3bUGSO9c1JLK75LYPtWRoOK7ZMnIYGtWJhKiyfgaykJlbB64q7YSBWMT96YGzp0hhvYwDgMdproUjeKZhIpUgVywYo6nuCDXbwSLdWsb/e3rz/WuqhLSxyVo63PGtebNleEfxTt/6FWXF8mjv9MV6X4j8BC/tZBpcojkJ3eVIchjnPBrgtT0q+0ix8m9tnibdjJ5B/HpWxkZ+kriRvpWxGMz5rL01cSt9K1YR87H0FICv/y1c1DHzOxqcfxGoYvvMaBh1lq4fuiqacuPrV1+MUAVbjoarwjg1Ncng1DF9ygBX61PGPkHFQHqKtoBsFAihuWOHdcxyOjr+74PzD/Z9qp3EZjgE8hG4qPKSM5VVP07/WtCCS9to1bzlimgPmrBMmCD/s56j2rOuzbzFFgLRybN9y0vy5bjKgfWuKUU9TmZXstOk1C4VVHy8/eOM46812VkNJitotpvLiZcqFt04Q9+QMn8a4+GVYblH8t88bIc/wA62o73U7ib5Fl+yryfsyYXPcbscfjRCWthJnS2E+nwgReRf2cz5y7sQD6EhuK2kRrOaOWdFljYYF1Cu1h/vqOCPcCuOe90hQBJa3DSFf3hju1Z/wAjnP4VetNZ/s2xefT78z2o277a9XbJCCcZHTIrrg9NTRM7wHIGDnjgjvXHapJNrOvpFZspS34Ut/e7kCrniHWXto47Kyx5sqgswP3Qew962fh/oVwt3LcXaoiJgiLq3tuP51FSTqPlQfE7I6Pw14bFjEl1etJLdnn942dv4dK6jik4xmqskx3HB6VtGOlkarQsPKqDJNVTcmRuOlVJ5y5qa1jLc1aVgZbTJFMuVAWpYx830qG9OFFHURULcY6VDN+8hdG7jg04HmkbmhlCQSh7dCeuOfrSNyc1XQGOZ07N8wqQ5pAPKn1pksSSRFHxg00k4phJx3pNX3Gcdr+ntC+VJK9jXMlWBIIr066hjmgdJR8uM59K5C90K6CefCoeMjPHWuSdOzujphUurMwkXByasgjhh1HeoxFKH27D+VWo7YsMEYrFmqaLisJIww6jrXR+Hrs7TbOfdK5yGLyxtq5byNbzJKh5Q5FXTbTuRNXR22O9NuLWG9gMNzDHNGwwVcZ//VS28q3NukqdHGfxqQccZ6V3LVXOM8z1/wAEPpdw97pitJaNy0XVo/p6isCIYWQjPA9K9vCbwRjr615947to4bxJIYFjVkwzKMZNJoDhuiMajiHyMakfiM0xBiI0hhGPmX61ck7VWiXLL9asy0CKFyaagwlLc8kUDhRQMRRlhVwcAVWiGXFWT1oEZpM08aCJ5LxEHyK4+ZfoazfJ2O74wUIPlu3P4etdCfDmpR20Wo2bK6Ou4ND1H1Ws+7yu5tSjZZCvySR9GJ9/WuLldjmsZQ4kYKuZGPc889q6CxtoL2JZ9X1QQ2sXyCEHaCR2HtWTbaZcXCyvEozCu9xnt3x6mlhsrEahHJMpvM4I8w4X8uwqINRd2JHZ2firw1bokFhaSTSKCP3EG449c1hajrsWs6hORatDE0fkSBuCCMlTj1yaWfVY7ZmtrdFht5GC3M0YxnPAA9h/SqOn25tppDbkSyschifvelayre7oDehfs7eOS5huprySNEcZfGW47CvcfCmnxWOgrLHG6PcZlfe25sn1NeT6JpUuo6rb6ZCViMkge6C8kp35/pXuoRY41QcKBgCtMOtNTSlqrkEEhKSEnpVKGQzTyj2zU7t5UEnuap6acyzt6LXWajI8vNj3rYiUIuO9Ztim65JIrX245pCYkY5NVL9ucVdToTWZqDfvMUDK6HNPIqOMZqQ0xlW6+TZKOxwfpUvUZpZVDRlT0IxVe1k3RlG+8h2n8KQE2KYRUlIRQBRvM+WI16yNt/DvUqIFQKOgGMU0L5t2z/wxjaPrU+2kMyb3To9+9UAzz0rOlgSNCdvNdHOm6M+1Y9zEea5KsUmdFN3MZyAMilUjinSIQx9KjOI8sxwBWSNTd0nVYbJGhuZNqMf3Zx0PpXQJKjjKcjqK89jk864DuuUT7qevua9Cs4ke2iaM5UqDXZSbasclRWZOHxGT2rC1vSf7W0yaE/6xhuQnse1bV24jUIOvpUBBPUk85rZmaPELmN4S8cilXRtrA9qYBiGuk8eW6QeIGKLjzYwxA7mudI/dioGOhGXWpZutJAP3g+lLcHFIDOmOWFP9KYwzLUh+8KAHwDL1JI2HNEC1DK37w0Ab3h+/t7O41a9ExXSoMRxejtzyBWjBeWGuG8mS03y+SG2yqAw+h96zlsrW62JelrXTNPBlEL4Bk9MkcHH9ayL/AFueRDKsP2e3mc+W2P3kg6jC9gK5udxVmc97DGvYD5YjlWL52MakYa3buh9UPP6Vk3qGBy6qFDN8yj+E55/D0qS4MF7C8jOUvRyxbgSj/Gmm6eS1gSXDw/wsow30Nc8nfVEETD7RCrJIyYf5hjOF9SfrV20lSGyZo0Z1T5psj5CAcjmoFjaHbJb3KSxnqDwUHvU1xsvYpPIcP5almhQ4A4+8BSjZ6MW56l8LFi1JLnVlaQ7MW6Fj6cke/WvR5WCAfWuU+GOm/wBmeBLBCWLTAzMW65P/AOqumuyAB616NOKSSOqKtGxUvuFZfU5qtpZyZx3KmrF6SyI3qKp2LeXdEHo2RWozR01OXY/Sr7dKjt41ijwO9PkPyn6VPUAjPyVi3z5nI962IyPLJ9KwZ233J+tPqBPEMCnDvSDpRnmmMRuwqk/7q6DjhX+Vvr61cbqaqzjerD24pATrzTZ38uIkfe6D61HbSmRBnqODSn99cgfwJz+NADoYvLiUd+596eV4p/ajtQMiOAjE8DHUVlymOWISRsCrDIYdK1yMg/SsC9sLuIbbSZFTGApXGKyqrqXB2KFxhVLZwPU8CsqR/OfajH2I/h/xqxNps7yb7m5ZyGyFHAFCQrD8qjGK5XZbG6VxLdBEmMYz1rrvDd4HiktXPzR/Mn0rlsZHSp7W5e0uEmQ4K8H6VVOfLK4pwvGx17t5kxPYcCnoMmordVeJZc5DDIqcny4i56noK7d9TltbQ80+ISP/AG7FIR8jRgKfpXLkcCu/8d2nn6PBdYyYZMH6H/8AVXAkYwKlgTW4+bPtUdz1NT245aq1yfmNAFIcy1KPv1FH/rD9amTljSAsRDCE1SlP7w1fAxDWbIfnNAGtFPCI4rh7PzIY2zsjmM0Lk+qk5X8gKp60rWTSi4cT61MNzuh+S0j7Ivb/APVVm80i/wBJlM7plCMG6tF4x/tx9CPwrIkt2liNzdvH9nOceU+Xlf155x7VxSbtqczMx45fs0flgPJ95tzfw+1RxzuDuRuH/DBqS7triAwvIrLuXAbpikgl8oGKWNZkbqo6j3FZxfQhbj4EE8yKSkYbjew4H+NSGFkvkSwnPmNJ5Yk2Y3E9uRVW4vLO3gkhjf5hgrLJklcHICgd81reEM67410kyrcvvuFklJAVd647dOgFdEYJmiWp9MafAttp1vCoACRqMDjtVe+OG61oAADis2+YFz6V1xN2QOxks1zyV4NUCdsgYVYif5mjPRhx9aikXBxVoTNizmMq4zyKtP8AdNYthMY5QD34rZf7n4UuoiONsQS+1YKfNcE+9bJbbZzGse2GXJpPcstn2pF60hPNIp+amAr8Zqox+brVt/umqLH56TAjkk+zuJBgBjtOfWrkCbYx6nk1l6tzZw/9dhWtEPkX6UgJD2o7UUZpgIR+dQXEe+I9yKn6004wR6jFTJXRSMC6TqazZFAOe9bVzH1HpWNMpDE1xyVmdMXoQbsGnkZXOeD1prDIpUbAx/OpKOh8PXiurWszfc5T3HpWrKxkbPRQcAVxiSNDKssZwynNdZazreW6zJ3HI9D6V1Up8ysc1SNtSlrtv9q0O8hxk+WWH1FeTZzg17RIm+KUHoVIrxll2ysv91iK1ZkWLcfIxqlcHljV+EYiJrNuT96kMgi5JNTQjOfrUMXCmrMA6e9AE8vyw1kOx3mtS7OI8VlHk5pMD1RT8vTjuK87uWtpNauHt7Jvs6OVAT72f4iB0UZruLe+hu9OF3byb4XQsrDr0/nXmOn6rY2CTx6jDNO0twW2o2AV57+vSs6qTWhhKxDdSbpUt4XkRt7KVmPHJ45/nTY7R7e4dZpPLZOHK8nB44Heq+oT2LXLNZmcQbwVimHzYxzzQtwRJvjLAj7mOTj3NcyjYmxeeOCwtTcWlrbAg/ILh90jHPXGePxFdn8LIEu/Gv2mGRnRLYvOjKMI5yBt9uK83cZ3FzlmPDZ4r174HWDrBquoPGoLOsKlTkEDn+tbU3dlQ1Z6+PSse6b52FbB6GsO7yHbNdUTZlN2KNuHUc1NLhgHXvzUL85otn3xvEfvKePpVAOVsMCOorfgfzLYHviuf9619NfdCRSYmOuvk0+T3NZFsQCa1tQ4sse9Y0fBNIaLDPSK37ymHtSp9+mBOw+U1nsfnIrUZP3BNZUnDmhjGXNo15bogcKVcN9a0EyAB6VBEeKmBqQHk4pu6kY4FRl6YE26mM1R76az0DILnDOcVjXSYNajMWnPpiqV2vGa5KqszeD0Mtjg4ppOKWTh6YTWJqSqQ61f0i/+x3Hlv/qZD8xPY+tZRYo2R0qQ/MPY1UZcruhON1Y7aZwIXx/cJH5V4sTumkJ/vE16jo+oCVRazH94v3Sf4h6VwviHTTp2t3CqhEMh3xnsc9h9K7YtSV0cklZ2KSnbbZ9qy7g/rWo/y2orInPP40CETiOrcC/dqoPugVoQrz+FCAr3zdqzx0q3fn5sVUHApAWvDV9qqpJpujxwMfL83bO3Qd8Vl24nitb17nTPtERDK7D/AJZNnqPpWTFPLFKFikdGjAAZDgn2rT88/YJI9hN7I2I5BJgAnqGGOa5FUaVmctznmbnIAKY+Ug81ZRvmjHqQB7fWo7koZjZKfKljYllxwG7jP51PbwK8rBz0GFGeSafQroPvxb+d5SzF2x80gHQ+g9q+ivhXpI0vwLZjaQ9wTM2euTx/SvnaGGaSUmVFBdxGBnqTwAK+sdJthaaRZ26jHlwoP0rSlqXTWpcc4U/SsK6OWrckOEOfSueuWBkPNdKNHuQmqYm+z36sfusdpqyTWfqQIUNVAa7DBI9KvaU3zMPasq1l860ic91wa0NNbbcY9aGJlvVD/o6rWOvWtXVjworKUfNUlIl/gp8C5am9RVi3XkU0JliUf6Oaw5uJDXQTj9xXP3PEhokCHxGrCmqcRqyhpDHSt8tVy1Pmbiq5PNIZJu96Qt3pm7igcigB9tF5jN71RukIUqeoODW3ZJjBIrP1aLZO4HQ81lWjpcum9TnLhTuqrv5xWhOoIzWTI3zGuRnUiyMOMUsbdVPUdKhjlPSpG/vikBMHZHDqcMvINdLGlrr2mGK4jVgww3qp9RXLhgRmtHStSisZyJgdjnCn0NbUpcrsZVI6HI6vaPp88lq5JMbYBPcdjXOTn569A8exRslrfREESfIxHevPJT+8rqZzIlX7yitKHGCfas6PmZRWkuBETQgZl3jZkqGlnO64pQMikBzK7UcOrbo85y33hUqXptY0Y+XK0rfIuMlRjk1Y3rNmK4jVSRggcVRktzC5CMoYDCdsCuKyZy2ImJ2kN86kc88/nU9qgfYASWX7jZxge9JBCrQyIApULkuf4jTLR1ErBH3p0HY/jVJvYpHS+FbJNR8baTblN6icME7fKclq+oQMDArwP4P2Elz4wa7Kfu7aFizDpk5Fe+V0U1ZG1NaDJQSjc9q5uY/vDk1q6jfrEpjQ5asIyZPJ962QxxqnqIzaFv7tWwwPSo5gGjZD3FMZBosvmacP9liP1rZsji5X61zuhfuYZoiePNOK6C0/16fUUCLeqH95j0FZyCrupHMx9uKqRjNAEyjirUA+YVCi1YhHzimJli5X/R65y6++a6a6H7g1zN2PnqWOJHE3NWVNUkPNWVPFIoSU8VBnNSTNVfdzTYh/NTQqWYVCvNW4B0oA0rZcAVn6wAx98VpwDCVi63Lt+YdiKJq8Qi7MxZR8hzWVJHgmtmYBkJxwwyKzZgCDjrXnyR2xZQJIPNWY3DKB2qB1HeliYqRiouVYsJwSKjuOUAHXOaeexFMlzwF5J4FaR3IlsV9bmL+HRGzZ2TjH5GuKJzMee9dHrl2BAlmhztO92965hW/eE12HIW4BmWtCU7Lc1n2nL5q3euFiPPPtTEZOd0xNWUHy0afp15flmtrZ5FzgsOlaq+HtVAx9lP8A30KLBcwp9PnmgaVUtyY2I8osFkI9cGsefy7y0JjfDr0LDBFdTfaO8l2v9mbZjGh8yUtuTPueua5G9ktkJtTG63iH5irhlf8AAc1yOFjnaIsT3csiSsFDKqRqoCjtSRQhboqjAMjbJM9sdc4qvPvIVAGZ2OQEzwKs2Kk3SKcbmYL83HthqLBY9x+C0EP9lancxSF99wEBIxkADmvT5ciJsdcV82eHPEN/4U1aRra4jkgB2vt+6O549O2a9O0z4v6Ffhbe7WW3uGGDtUuufqK6INbGsZaHRSW5ZySTkmojb4FJDq+n3km23uQz4zjaQcfjRJdwJ96dR9TWt0ikrkbRsvSorkkQkjggVHNq9ggO65Un0XmsbUPFFtGmyKGWTJA3HgCk5xKUZGlpcZ2PnqXJrfsIz9ojyeM5rB0qUFz05w3HvXT2ABlBHYE09yWRXx3St9aghFS3PLk02EcGmBYU8Gprbl6gQZzV60TqcVWyES3X+oNcxd/frp7v/UmuYvPvGo6DRTBw1WA3FVu9S7uKQxJiCOtQZ5p8h4qHcM0AWIzzV+35IrPi61pW45FMDST5Y653WmySK6FjiKuY1Nt8+KqQkULeTcpibqOmfSoJUwxpNRjkis3nh4kjG9ffHJpYbiO/tI7mI5Dr27HuK46sDppTKM64PSolq3cIdp9qzTJtPX8K5TpSNKPBAqtfzNbxgp1Y4z6U2ObgVHqTg26/WtaerMqmiOZvnyWJrIjYZbmtDUXwHrJibrXachr2XTNN1Gb5SB1p9r8sOfQUmm251PxDaWuMqXDN9AaCT03w1pS2egW0Lja5XexHqa0zp4zxL+lWIV2oAOgFSGrSJPJNQtLee1afQnnhvU+/BEfmJ/2kNczca3Lep9j1WzjMgPzzLHskU+hPSuy1yBJrreImnZFO5YTtlj/2h6iuckae60cwqkF1aj/WyRpmeL3YZrlmZs5102q5XlF6Y+99akEJQwbkPzgfvB/FnualurOxintlhvDJbY4nVfuf7wqV49sVuQEcMWAYP8zYJ5x6f0rOwD4ILS3upRcy/aBEvCRcKzHsT6Va0PUJUvSbXSo552PDMM4HsP61X1GC0gVDG8c5ZMsqfKqNV/QYde1JNliVsbP+KZE5b8T1qorUDuNBn8RSazFJeWsUFntIYDAJz+tdPe20cgJ2iuf0jRoLZkkM9xPMoyZJJM5P0rp3y8QJ7jtVVE0ddDY5uS1VJDgD8qq3doJYWXHJrZuE5NU254rnV7nV0HeHbzfJ5LH5o1CnPtXd6a2Vlb0Fea2gNprRcfdcc16NoxEljJIO7AV3Unc46qsx0qkmkj7ipJeCfemxjmtramZNEhzWjAu1Kqwr81XlGFFKbBEF4f3Jrmbv79dJen93XNXR+Y1PQa3KXenZpp60oHNIY2T7tQgEtUz/AHRTY1yaAJ4hjFaVt1FUVXgVfthimhFqZsRVzlwN85Nb1y2Ij9KxHGXJpsCF4RKjIw4ZStef6Lqv9malcWc5It2kIx/cOa9IUDIryzWIPs/iW7j6fPu/MVEo3Q4vlZ28xVodykFTyCOlc5czBJSOtMiv5rW2C5JQj7prEudRV5zkkn0rjnSd9Dtp1Y21NtLsYHOAO9Ry3Rnyf4V6CshJWkYAnAq8h2w1vTp2VzCrU5nZGLqr7VYZrOgbIqbV5cvjPeq9sDlRWhkboPl2mfat/wCHVvDPqV3clwZ0Xaid8dzXNXsgitVGecdKxrW8ubS7W5t5JIpAeHU4xRzJMXLofRUf3aUkZ615rpPxD1AIqXsMVyOm/o1dqmuoUBMEgJGcZrVa7EbHOX1gt/ANsjQzx8xzJwVP+FchfxhdQRdQP9maqD+6vov9VN/vD1rukJBpt1ZW19bNb3MKyxN1VhWUo3E0ee3i3a39vHcwQ2N+XGb1RmGdfce/FVNbMkQkgaGBXSUM/kL97twey1ua1oE+k6ewhuWuNIWRWa0l5Zeein0qjrFlvhmEYa1ieAyrCvQ4PQ/SspR6E2M2RrGCW3aQvqc7Aj7JGMJHxx+Peux0u01PUrOF7+5Fvabfkt7bgsP9o1Q09IZPCljcpGiyCQB2A5OeOTXSaGc6PBjtuH/jxq4IZqWUSIqxIoRQMACteDiIr121k2x2yY961Yztl9jVVVeJrSdpFS5XgnGKoMOa17hNwPFZzJyRiuHqdy2KJUfaU9a7/Ql2aDG3d2J/WuBlPlTxOegb/wCtXpGnqP7IgCjjB/nXZQOWuMZc9qdGnzZqQKRwamgi7kV0uxgPiQdasimheaf0rJu5USjfn5MVzlz1rob88Gudn+9VPYFuVTSjgUuMnpTtvFSMiYZIFSxx4PSnInNTAc0xCBatQHFRAVIhxTQC3TfuzWV/FWjdt8lZ3egBc4Fee+K1j/4SgspBLRgtjsa7HWtTj0nT3uG5f7sa+rV5hHcSXmoSzysWkdskmkwNO6Oy169q5t33XJrd1STbbAe1c1G+ZCfWkxo2IPvAVemfZak+1ULTLt8ozV2VEdCjhivQgVLkkNRbOOurhri82oC3PQVqxW7wgNuiZwARGf8AGrv2W3hKRxQhC5x61ejs/NsZGjZI1Qn5WbDEjriueVTU1UNDBurucoryLCuc4HUVXN3IMMiJkYJ+XOfaq94Jct97bn5QTyfpWl4fvbWPUI3voy/ZZCeh9x61tBKRzzk4s1vDtvd6xexlrZI7VTlmK4/AV6GYGBxhePfrVKx1DT5htguIyR1Q8HNXHlLNkMij04rqhFJGbk2Qjg1KtRAU8GsiynrsRuNCvU7+XkfhXFzzM/hnTLtzliskLn16iu/mXzbaWMjO5CP0rgLVPP8ACFzbn71peEfTJ/8Ar1lPcRP4afzfB9xF/wA8ZAw/A103hxt2kD2kYf1/rXJeCyWh1SyPXa2BXUeF33WFwp42T4x+ApwA204kFaRO6MEVm9GBpzXzgeRbQGeUHnnCqP8AaP8AhWjGjWyJEDelU5kw+aLC5kdpIpkVJEOCFORVmZMjOK4pxsztpvQxNQiLWrsOq/N+VeieHJRc+H7OXOcpz9a4u4iGwA9GGK3/AAHK39lT2jNk28xCj0B5/rV0WTVV0dT5YPUUoUDpTqK6Ls57BTWbApaikYY5poUnYoXbbt1YU/362bhi2cdKypk+c5OatiRXUU7HNPx6UoQk81IwVcU8DFOAxQaYCrjPSpVHHPAqMZpkswjTJNADL51VQoPNUV4BJOAOSfSms5llJJ4rgvG/j6008/2NYSiS4kO2eRTkRqe2fWgVyj4n1s6rqLJEf9GgJVPc9z/Osiw/12aqxkbOOnarWm8y1K3KJ9dk2QKBXO28nz5rZ8QNhBWDackVI0dHYEnK8YxnBro7Cys5LZJGlKSMeA44Nc5YcBj6CtdDqBazW3hikssHz8n5lPYiuepubU1oX7jQyIJEjARW5yvzLk1zl94e1GOKK3juBLBnLMyA7TW3aawqzPFHNJA6dY5vu4/lWqt/DLj7RH5TdpEOVNZWNNjhm0L7Snl3E+51IAaP+D04OKx7m0FpO8TOPMUZYYwHHqK9Qk0qC6UvCUYkY3IfmrE1Hw/LJbmMoJmX7pkHzfn1rSE3FmNSCkijZeF9ZuLeOdLaPY6grukxxVn/AIRjxEvAVAPTzzW1Hrl1a28EDmBG2hQrKe3bOKtw6vqDxK0ixo56qFzXR7ZGPsWK2pwQ3Pk3Akhx0Zh8p/GrkbpIu6N1ceqHNRXUH2mLYQoYH5WYZ2ms5rCG6Z7d99peAbt0TYDgdwOhpttbhY2cgAsxAHcnpXnsN9aWN34gtJ5kVJCJIh13MCD2rnPEfifVb24ezkuSsULFCE+XcRxk1jmXekDbstjk/jWU53HyHWaHrFvpWt3V2wZ7d0zheOox/OrWjeNLbS2ule1kdZZdwO4cCuPglDROuexX6c5qn5g3up5GM/WpUmEYo9jtvFdtqzxWtjlZ5X2kv/APUeprfRhYp5Ua7nfhV7sfU15R4KuBDqwmCB2VMgHpXrEVq67biaTdOV7dEHoK1hJyY5xSLdtF9njCkhnJ3O/94+taLDfGGFZsb5HPHr7Vftm3Axnr6UVIXQ6U7MhveIEOOhrDh8Wp4T8RQzXeRp11iKdh/wAs2/hf6dM10V5GWhCiuG8W6ULzT5YJRklTtPvXNF2kdTV4nt1pfWt9EJbS5injIyGjcMP0qxmvizSte1Tw5etHb3lxCY2xtVzx+HSvSNF+OWt2pCX8EV/EOpA2yf4V2pXVzjemh9F9qqXBY8DpXD6H8YPDWr7UmnaynP8ABcDaPz6V1ceuaXc8xX1u4/2ZAaqKsTLUS4+VQKzZeDxWjLLDLysi49Qc1VYRk9R+dNgiqoZmwBUwQjgUkl3Z2qkyXESD1ZwKyb3xl4esELT6rbAD0cGpGbBUimng56+1cDffGPw1bZELz3J/6Zocfyrmr745R8iy0lyezSvQB67JPsHSua17xRpmixGTULyOMjogOXb2C9a8lu/iP4u8QiaKwRYEjUtJ5CZKr+Oa4C4vJruYyyyvLK3JdzuP/wBagLHfeJvihfakr22mhrG0bgt1lf8Awrgg7vIGUFmJ4xySf6moEDO2ACzHsOTWlp7HTLqK9Yp5kbZRTyM+h9aBnXabN9osY3PDEYI9COK1dLH75vWua0S9My3jSYD+aXwP9rn+tdRo/O9jSAo+In5ArKtB8yir2vPmUfWqlovINT1H0Oh08fuZCfSrFrJb/wDCRApczxXsMPEfPluvv24qOyGLUnpkgdelXbOW4Jujc2kM9kAdkkPMq+oIHNc0/iN4fCLc3mLSc6xYrPBgBZ7UfMwPsKsT2VwNK06LRbqKOPhws5+eSM8kYPOaz4beUWROgXiSZfmG4PTnkVZ1FbF9a022u45xdIvmQyRghA2OVyPxqFsUxjahJb60LH7NcQsy7lmAOzpyDWpa+IC+5JDHcoh2tg/MtVYLjUxqVy9zLBe6aRlFXG+NvTiqmlw6Ze2Go3OlhrKWVjHL9p+Uo/8AeGeDRYL9zovNsb4YUjd/ckHf2qOTTmL8PIo9Aa5iQX+j6Z5uoxtdzRty0C8lfWtiCW+ltopYHkEcihlD8EfnSY7djpCc4IPHrVXVLZZrItvKSRDcrJ1+lPEiKgTJJHZaZdSt9klPCjbjHrXZNq1zjjueFatHLBqFwJgVdnL8jGcnrVZZd0ACn5g2K9hudLtNRhEN3bpKnQZXn86yn8G6LkItptxyNrcVyqoup0ODZwN2wivQAnlo0QOPfFVLW0mvrwW8QZ3P9wZxXqg8OaZ8hktkYqMAsM4qUWlrbrsghSJccFFwaPaoSpmLoOgHTLeR5Zy8shAO3+EelegaXetNbgORlBjAPWubCMqAFvlHbvVjTJWj1CMjjccN9KdKpaQ6kbo6UTTCZi4Xb/CB2+tXoJ1SRH3d8GqayqTxg1OrZAHpXW9jmW5sSgFT06VganaLdw4Y/dFbS3O+3LkfcQ5rLnlzbqcferjmjtgzw/xtobwXhuYhk4ycdxXGq5B4JyPSvb9bsROyh1ztPH9a4fWPA8UZ8+3ZkVsnaOg+tbU6qWjIqU3ujD8PWs2u6rFpxmjjDAsZJeigdce9UbiWSOeRknkQLIV+VyM/rTrWL7C5kmAZkPIB4IH+NV9QuYLmdZYYBDuGWjXoD7V0nOXYNWvVZNuoXK/MBgSH1rY8U6heW+poLfV5JY5IFcGObgHjiuRjdvNXb1BpZVbeuc8gHFIRba7urlwsl1M4PHzSmidpIYjC86t7Bg2KqAHccHp3qIAE549aBjw4I5z+HSms5K7RwMdqSjtQBq2t+dPZmsLqQSyph8jAPqKh0wWSavENRRntM5ZVOCRVBSVII4IOasONypIgzt5A9u/5UAW726tEu5jYxFYGbManjA9/WqLyvK2WP0A6CklI4wen8u1Rg85oA6Dw0BPfzJ0AUH616BZRiCM+hFch8NlA8WxeYBiZHUA98A165L4dt7nLLEU5+8tJibPLdbZpLtQnODkiltpUG0ORG56KeM/SvRG8G6Z5pklEjt7t/SpT4b0lV+WzTJ9eakdx/g7Q4NR077XMTlJsBOzfWrV34Iht5p7nSpHs7iVtxBO6Mt9O1WtDvdN0u2fTCGgUsWDMeMn37V0e9vLBjZZU7HPUU+WLQczR5dqVk6T2kOvaZMJPNBju7Lhdw9SOOa0mkvX1OR4/IutOCfcx++jcdRiu/wBkbjAwnbawxmuN8SaJpumpc6nArW19IvHlt8rt2JFZTpWWhpGpfc5nRrfS7v8AtG60OeaC6YlZIbjpG/0NF/cNaeGG/wCEnhC+ZJsm+zDtnhuKry6m7aC//CT2oi8zCNPb/K+DwGz3rTaS5h0yzg0pE1WBQBNHcHEpQ9wO9ZGhXaPULbSrSPQp45o4wDsuTkslad7qkNhMISZG+UN8i5Az2rNu7PTNQ12yjivpLW/tyHW2zjevcVFrk/iSDU3TStKjmtMDaz9aVmwOwRcCs7U5GM6Qg4UDcfetcLjrVHULfcVlUdOtbVU3HQwhozO3gAA8AdBSZLnA4FPe3aTlSPcUzyZD0Bx71wnWI7Acc/Woc5PGDU/lSAdMrmjy0GSxwfegLlVuW6Y+lWdOH+nLn3xULyRocKxJPepLFv8ATo8HJPWtKfxET2OjjFXEHFV4UzirajArvOQcbqK2gczttib5SxHAz3NNaJWhCqwbHQg5BHrVTWcroN+3TEDEV4nbeLrm2iCQX1xbADG0HI/Cs50ubY2p1Lbnr+owRpGzyMqhe5NeeeKPFMMkK2OnAyS/deQcD8P8a5S/8RT3uRcXtxP7Z4NY0928oKqNi9CO5HoTShQSd2VKs3ohLmYMxRGzj7zdifQVVyKX/OKK6DEkgA89OO5NSzbRKAOyj+VRW5HnDntTpm/fZ/2RQAgALNk9jVcdKlByTn0NQg0gHDikNJmlFABUsUxjJBAZT17VFSigCy32aQ8sQfQjGKRTbRnIBc+hqvQDQB1fgeYyeN9NZzgbyAB9K+i1TEJHua+Y/C0/2bxPpk2doFwoz9TivqBMGEqOec5pMlmZPHzyOKrlcZwPpWnLFkAgVA8GcHHSoGcHqd2qXc5JAAbnnGK3vCms2ckD/Z2laRP9bEGyoH94CuB1Wd7iecR5I3ljjqat+G9UhsLK5u2jDSHC+hA9Qe1aQgrXFOR7FBc214qPGytjkDuDXHfElZG0ZmCS+RgBpIxkrz1rnIPH9o1yPPhmj/6eouCPqO4rtLLXzLbLPuW7tXH+ui6/8CFOSbViYyscHBPe2mhW8YgXWLXgMG+8EPc/Spb2ztdS1W0Nnqf2a5t1BNr03p6V0HiNfDtrYDUorw2E6tlEth/rm/ulOPzrjrbVtL1bVh9rtDBdxr+7u16EH1rklFpnXF32Na3ub1vEX2e60sSNAhkguZepXuA1Z9z/AGrc3c09h4jlhgdyRGQDsPpnNbOmPqVnFeSXd7HqFgBvgMfLD1BrCtNC8Ma3G19bPdW6u5DRNkFW7ioGellePeoWUvlT0IxVsJxzTXiz0611PU5b2OWlMtvM6A4CnAzR9unwB8pA9qv6tbOXEyLu45rHLfn6dK4pxszqjK6JmuZ5OrcewxUJJJ5NNMm0ZqPzsnAUu3ZVGf5VCTKuPOB9au6PA1xdCRT8i8bh60Weh3d6wa4BhiP8I+8a6q009LaJY40CqvTFdFKm07synMVIiMDJqxHCx7mrCQDAzU6oB0WukwMjXrfd4b1IFsf6O3J+lfMb9B16etfTHjWdrbwZqkg4Ji2j8SBXzNJ8px6DFWgRGaYenpTyeKjNBQmaKSigCSE4lXI65pZfvjn+EfypsZw6n3pZc+YOO1IBB94/Soh0qQH5j9DUdABRRRQAtFJiloAWgCkpRQBo6OnmavYoOpuI8f8AfQr6phBVdp7KB+lfMXhCET+LNLiI4Nwh/I5r6fJ2ufY0MlhtJXGORUTDIYDuKsghupxSND3U1FhniHibSNR0O++1gMFVyQR0Ge30qgbm0fQ28jCNJIWaP+77fSvcr/T4NRtWt7mJZI2GCG9K8K8S6faaT4gurGzJ8mI8Bjkj2qo3QnqS6dbWssJZtjNtydwJ59Paur8IJ9muru2iWRYCiybHP3WOOhHX8a47w4+3WraMziJJG2uW+6R6GvW4bWG1TyoIwi9umT+PQ/jWqMzgfGZj/wCEktlKcwWzOSvBySR/nFc3aRMZJJ43+0Rcny1HzD1HvW54wlhXVbuVh+9YKkY+bOBgnHYDrWBpKFkeSwbyrgnKrIcfNXJV3OuktDpdBk+y6LcyaKrrLKSVSbOFf0wa6PSZVu9PSe+s47e5Y/vETgZ9a524lSXQoYdVmNjLM4AePjDjocit2xt7dbKJZrhnkUYLnjd71gaWO3CjpjNIw/hA5PepFXbyPyNATe31rsOQjEKueVG1ePrUcuk2c+fMgUk9+lXgoUAenFAZc8HP0pNJgmzJHhvTd24wE+244q9Bp1nar+6gRPoOfzq2MnoPzp4TPU0KKQ7siWPcOAAv61KsYXgfrTguOhp6kHoaoQoXinYoFLQI5b4iRGXwJqQGRhVPH+8K+bJOoPqK+q/ENqL3w5qNsRnfbtj6gZ/pXytIpVtpGCpxVIaISKYRipwtROMUDI6KTNLSGLnGDU88YeFZFLE9WGOgPQ1XqaG5aIbSAy/qKAIwC54GfpUQ/Wr5uoyrfuzkg8/hVCgApRSUtAC0UlLQAUopKcKAOt+G9v8AafHenLjOxmc/gDX0a3JJ968J+DluJvGLzH/ljbM355Fe6kgDk4oJYmSO9OM2wEkce1M3gn5cmjaT9KQE0cgcfMR6cda5LxT8P7DX3ku4Wa2vm6yLyG/3hXTbdvTrUscuB82TQI+ftb8Nav4ck/063Pl5+WdOUP49q7DwX4ofUQdPuwPNiTckgPDqOx7Z+lepSwRXMJSRVlQ9UZdw/KuOfwBaW2tDVNMIgZVcNbk5ViQenp1ppg0cBrVjc32qySwIXEYLEEnux6A1Vg0qK8jMbhonz6lSDXpOgeErqyWWbUp99xMclV5CDPABrTufDdnMcugV+zrXPOLbN4TSR51debHHbWlxYC7tj8sjMeU9xV++kWOZI/tsNvtQAI2M/Wt+90We1BwvmxevesC70KwvZzNPGWcjHJrnaa0Nk7np2wKMnkUqJ3PU+lKwywHbNSdzXecSI/LB65pwUDoAKeBSigYgFOApRS0AIeKEXFLTqBC0oopRTANocFW6MNp/Hivl3xVpp07xLqNoVxsnYj6E5H6GvqI9DXhnxetoovFyyouGlgVnPqcYpoDzcDB5qGQdasgDdUEoHNDKKxpaXAoAFIYhpKdtFG0UAafh7QL/AMS6ounaaitOyl/mbaAB1Oazrm3e1up7eTG+KRkYjpkGu4+ES4+IdkAzANG4OD7EVzniy1js/Fep28WdiTtjJyeTn+tAdTFxRinADFGBQAlHSlwKMUAJThSYFKKAPUvgpFu13UZccLbgfrXtJUdSMmvKfgnGv2PVpcfP5iDPtgV6uaCRuAO1KBQetLQIaVphqXtUZ60AER2kjtU+Q2ccVXH3jTwTSsMeQccjj175qMn8RSoxzjPFOwCKkaGFVxggEe9UZtHs5pC5j5PpWg3WlIFKyGf/2Q==","title":"상의 블라우스","id":2100,"modified_date":"2022-11-10T12:34:05","price":"10000","content":"단돈 10000원에 팔아요~","transport":"직거래"},{"image":"/9j/4AAQSkZJRgABAgAAAQABAAD/2wBDAAgGBgcGBQgHBwcJCQgKDBQNDAsLDBkSEw8UHRofHh0aHBwgJC4nICIsIxwcKDcpLDAxNDQ0Hyc5PTgyPC4zNDL/2wBDAQkJCQwLDBgNDRgyIRwhMjIyMjIyMjIyMjIyMjIyMjIyMjIyMjIyMjIyMjIyMjIyMjIyMjIyMjIyMjIyMjIyMjL/wAARCAEsASwDASIAAhEBAxEB/8QAHwAAAQUBAQEBAQEAAAAAAAAAAAECAwQFBgcICQoL/8QAtRAAAgEDAwIEAwUFBAQAAAF9AQIDAAQRBRIhMUEGE1FhByJxFDKBkaEII0KxwRVS0fAkM2JyggkKFhcYGRolJicoKSo0NTY3ODk6Q0RFRkdISUpTVFVWV1hZWmNkZWZnaGlqc3R1dnd4eXqDhIWGh4iJipKTlJWWl5iZmqKjpKWmp6ipqrKztLW2t7i5usLDxMXGx8jJytLT1NXW19jZ2uHi4+Tl5ufo6erx8vP09fb3+Pn6/8QAHwEAAwEBAQEBAQEBAQAAAAAAAAECAwQFBgcICQoL/8QAtREAAgECBAQDBAcFBAQAAQJ3AAECAxEEBSExBhJBUQdhcRMiMoEIFEKRobHBCSMzUvAVYnLRChYkNOEl8RcYGRomJygpKjU2Nzg5OkNERUZHSElKU1RVVldYWVpjZGVmZ2hpanN0dXZ3eHl6goOEhYaHiImKkpOUlZaXmJmaoqOkpaanqKmqsrO0tba3uLm6wsPExcbHyMnK0tPU1dbX2Nna4uPk5ebn6Onq8vP09fb3+Pn6/9oADAMBAAIRAxEAPwCtKtvaSR2904e30/76A8zTHqPpxVuxsrvxdqDXF5KRBGQGx0Uf3FrAuLN7/WRaacDM0pAjZj19Sa3EmfwiyWtvqv2m53FpYEGYx68//WrkT6y2OY71Io4IkhhXbGg2qo6ACnxn5h6VxFx4n1iOGK7uBaQQzE+Wi/M2MZyams/E0skkXn3sMRYZaRoyFQdgB/E36e9dSqJ7F3O2ceuPpTk5Q1mWl4ZrcfZIbmdScmaYbQT6jvWlETg5xnvirKuL3qSo8808GmAooHDUqnmj+OgBWHFNXrUjDimL1HrQA/vUb8bv1FWIonlfbGpY+1aEGi7mUztx1KikP0MfYYolmfCRk4BPf6VW3s1zL5KAFRgk9TWl4ri+zixuAB5ETFGGOBnGDWXauPtE4PB4Ye4rmqzbZ00o8quU1ZGlk8xTv6EelVruwtbhGMkYIFRayJ2vla2Ryy8sR3zVKbUWjiAukeFh329ahw05kXGpd8rRj3umyWjh7R9yHqlZTa6tjciC+t2hz0cDiugDeYzzRncvt/8AXp7wWt9F5VzEr57MKz5m/iNXFJ6EEMiSxCSIhlYcH2q1CInPGN1Frp0VuQqf6rsB2qaaBIiHH51DKHJCrD50FPEYQDb/AAnNV1uR5nl7hg9KnVjnBpxFLTQ6a2k863STuQM0+Hm5qho8gaF4+6nP4GtC3H+kZr0ISvE8+SszzfxC/wDpWrP/ALRH6Vz2i/Jpzn2NbfiFvk1Rx3kYf0rG0/5NJkP+zQwRV0Mf6bK3rW+/MyCsTRRid62+tyvtSAhk/wCPo+1QS8zqKsNzcOarn5rj6UDCT74q4B+7FVG5kxVwD5FoAjlOEqjHzIauTnC1TiHJNAEh4FMAyKe/AxSouVpCLrXEeg2BktWb+0rndExP/LJRjOPQn+lYkN5JbK0lqha5XIkmLZyD2wf/ANdaWvW08Mpe/dWu7nEm9CCNntjvWLBGLpxGX+zW46SYzk/zPvXG5a2OZst2qx3EyqqNM4I344RfUH1FdZChh8u4k+ywleI57ldwVe3lRYP5kAnrWHBcWUNqlupjt5vMzKincqkA/Mp7huuD0zWhZasgbfGsazd5po2mkP0GCB9BW0LJgjpINS81stNql523LEI1H05FbFpexO3lqkyHsHWsGHWbuQBxrDOvffZsAPbIWt6zuzcjIkikXHLRPnH4da6U7miLoPPNO3DHWogcH3qtqGpW+mWpnnYgdEVern0FNuyux3L6sAeakyGbKnIrn7CK+1KUXN7ut4X+5COGce/oK7Ox0ZpFVph5cfZe+KUZXGtSkkbzYWNSxPYCtG10Q53XLY/2FNbEUEcCBY1AH61JRcqxFHCkKbY1Cj2FI5xyPvDtUp5qtI2GB7CmkILmCDULSS3mXdG4wVPauF1CzuNEnVZTvj6Rydcj3rt2fJDodrj9ao3zJIsZlQMobBVhkYqJ07mkJ8rOSSYSHO7Oe4PWorh1Dr5qhlHqM10Nx4dtd3mWrmAn+HqPw9Kyr3RL1/uqkg9jj+dc0qckdMakWVG06DUB5UXkxlwQrHhQexJ+tYOl6DqqyS/bbqOVFcooQcMAfvA1upot+MoYDsbhhuGCK0bWzk0+yjimH3chTntnNTy6aofNroc9NbvYvh1LL/Kq9yySLhDg46Grmu3h3bUGSO9c1JLK75LYPtWRoOK7ZMnIYGtWJhKiyfgaykJlbB64q7YSBWMT96YGzp0hhvYwDgMdproUjeKZhIpUgVywYo6nuCDXbwSLdWsb/e3rz/WuqhLSxyVo63PGtebNleEfxTt/6FWXF8mjv9MV6X4j8BC/tZBpcojkJ3eVIchjnPBrgtT0q+0ix8m9tnibdjJ5B/HpWxkZ+kriRvpWxGMz5rL01cSt9K1YR87H0FICv/y1c1DHzOxqcfxGoYvvMaBh1lq4fuiqacuPrV1+MUAVbjoarwjg1Ncng1DF9ygBX61PGPkHFQHqKtoBsFAihuWOHdcxyOjr+74PzD/Z9qp3EZjgE8hG4qPKSM5VVP07/WtCCS9to1bzlimgPmrBMmCD/s56j2rOuzbzFFgLRybN9y0vy5bjKgfWuKUU9TmZXstOk1C4VVHy8/eOM46812VkNJitotpvLiZcqFt04Q9+QMn8a4+GVYblH8t88bIc/wA62o73U7ib5Fl+yryfsyYXPcbscfjRCWthJnS2E+nwgReRf2cz5y7sQD6EhuK2kRrOaOWdFljYYF1Cu1h/vqOCPcCuOe90hQBJa3DSFf3hju1Z/wAjnP4VetNZ/s2xefT78z2o277a9XbJCCcZHTIrrg9NTRM7wHIGDnjgjvXHapJNrOvpFZspS34Ut/e7kCrniHWXto47Kyx5sqgswP3Qew962fh/oVwt3LcXaoiJgiLq3tuP51FSTqPlQfE7I6Pw14bFjEl1etJLdnn942dv4dK6jik4xmqskx3HB6VtGOlkarQsPKqDJNVTcmRuOlVJ5y5qa1jLc1aVgZbTJFMuVAWpYx830qG9OFFHURULcY6VDN+8hdG7jg04HmkbmhlCQSh7dCeuOfrSNyc1XQGOZ07N8wqQ5pAPKn1pksSSRFHxg00k4phJx3pNX3Gcdr+ntC+VJK9jXMlWBIIr066hjmgdJR8uM59K5C90K6CefCoeMjPHWuSdOzujphUurMwkXByasgjhh1HeoxFKH27D+VWo7YsMEYrFmqaLisJIww6jrXR+Hrs7TbOfdK5yGLyxtq5byNbzJKh5Q5FXTbTuRNXR22O9NuLWG9gMNzDHNGwwVcZ//VS28q3NukqdHGfxqQccZ6V3LVXOM8z1/wAEPpdw97pitJaNy0XVo/p6isCIYWQjPA9K9vCbwRjr615947to4bxJIYFjVkwzKMZNJoDhuiMajiHyMakfiM0xBiI0hhGPmX61ck7VWiXLL9asy0CKFyaagwlLc8kUDhRQMRRlhVwcAVWiGXFWT1oEZpM08aCJ5LxEHyK4+ZfoazfJ2O74wUIPlu3P4etdCfDmpR20Wo2bK6Ou4ND1H1Ws+7yu5tSjZZCvySR9GJ9/WuLldjmsZQ4kYKuZGPc889q6CxtoL2JZ9X1QQ2sXyCEHaCR2HtWTbaZcXCyvEozCu9xnt3x6mlhsrEahHJMpvM4I8w4X8uwqINRd2JHZ2firw1bokFhaSTSKCP3EG449c1hajrsWs6hORatDE0fkSBuCCMlTj1yaWfVY7ZmtrdFht5GC3M0YxnPAA9h/SqOn25tppDbkSyschifvelayre7oDehfs7eOS5huprySNEcZfGW47CvcfCmnxWOgrLHG6PcZlfe25sn1NeT6JpUuo6rb6ZCViMkge6C8kp35/pXuoRY41QcKBgCtMOtNTSlqrkEEhKSEnpVKGQzTyj2zU7t5UEnuap6acyzt6LXWajI8vNj3rYiUIuO9Ztim65JIrX245pCYkY5NVL9ucVdToTWZqDfvMUDK6HNPIqOMZqQ0xlW6+TZKOxwfpUvUZpZVDRlT0IxVe1k3RlG+8h2n8KQE2KYRUlIRQBRvM+WI16yNt/DvUqIFQKOgGMU0L5t2z/wxjaPrU+2kMyb3To9+9UAzz0rOlgSNCdvNdHOm6M+1Y9zEea5KsUmdFN3MZyAMilUjinSIQx9KjOI8sxwBWSNTd0nVYbJGhuZNqMf3Zx0PpXQJKjjKcjqK89jk864DuuUT7qevua9Cs4ke2iaM5UqDXZSbasclRWZOHxGT2rC1vSf7W0yaE/6xhuQnse1bV24jUIOvpUBBPUk85rZmaPELmN4S8cilXRtrA9qYBiGuk8eW6QeIGKLjzYwxA7mudI/dioGOhGXWpZutJAP3g+lLcHFIDOmOWFP9KYwzLUh+8KAHwDL1JI2HNEC1DK37w0Ab3h+/t7O41a9ExXSoMRxejtzyBWjBeWGuG8mS03y+SG2yqAw+h96zlsrW62JelrXTNPBlEL4Bk9MkcHH9ayL/AFueRDKsP2e3mc+W2P3kg6jC9gK5udxVmc97DGvYD5YjlWL52MakYa3buh9UPP6Vk3qGBy6qFDN8yj+E55/D0qS4MF7C8jOUvRyxbgSj/Gmm6eS1gSXDw/wsow30Nc8nfVEETD7RCrJIyYf5hjOF9SfrV20lSGyZo0Z1T5psj5CAcjmoFjaHbJb3KSxnqDwUHvU1xsvYpPIcP5almhQ4A4+8BSjZ6MW56l8LFi1JLnVlaQ7MW6Fj6cke/WvR5WCAfWuU+GOm/wBmeBLBCWLTAzMW65P/AOqumuyAB616NOKSSOqKtGxUvuFZfU5qtpZyZx3KmrF6SyI3qKp2LeXdEHo2RWozR01OXY/Sr7dKjt41ijwO9PkPyn6VPUAjPyVi3z5nI962IyPLJ9KwZ233J+tPqBPEMCnDvSDpRnmmMRuwqk/7q6DjhX+Vvr61cbqaqzjerD24pATrzTZ38uIkfe6D61HbSmRBnqODSn99cgfwJz+NADoYvLiUd+596eV4p/ajtQMiOAjE8DHUVlymOWISRsCrDIYdK1yMg/SsC9sLuIbbSZFTGApXGKyqrqXB2KFxhVLZwPU8CsqR/OfajH2I/h/xqxNps7yb7m5ZyGyFHAFCQrD8qjGK5XZbG6VxLdBEmMYz1rrvDd4HiktXPzR/Mn0rlsZHSp7W5e0uEmQ4K8H6VVOfLK4pwvGx17t5kxPYcCnoMmordVeJZc5DDIqcny4i56noK7d9TltbQ80+ISP/AG7FIR8jRgKfpXLkcCu/8d2nn6PBdYyYZMH6H/8AVXAkYwKlgTW4+bPtUdz1NT245aq1yfmNAFIcy1KPv1FH/rD9amTljSAsRDCE1SlP7w1fAxDWbIfnNAGtFPCI4rh7PzIY2zsjmM0Lk+qk5X8gKp60rWTSi4cT61MNzuh+S0j7Ivb/APVVm80i/wBJlM7plCMG6tF4x/tx9CPwrIkt2liNzdvH9nOceU+Xlf155x7VxSbtqczMx45fs0flgPJ95tzfw+1RxzuDuRuH/DBqS7triAwvIrLuXAbpikgl8oGKWNZkbqo6j3FZxfQhbj4EE8yKSkYbjew4H+NSGFkvkSwnPmNJ5Yk2Y3E9uRVW4vLO3gkhjf5hgrLJklcHICgd81reEM67410kyrcvvuFklJAVd647dOgFdEYJmiWp9MafAttp1vCoACRqMDjtVe+OG61oAADis2+YFz6V1xN2QOxks1zyV4NUCdsgYVYif5mjPRhx9aikXBxVoTNizmMq4zyKtP8AdNYthMY5QD34rZf7n4UuoiONsQS+1YKfNcE+9bJbbZzGse2GXJpPcstn2pF60hPNIp+amAr8Zqox+brVt/umqLH56TAjkk+zuJBgBjtOfWrkCbYx6nk1l6tzZw/9dhWtEPkX6UgJD2o7UUZpgIR+dQXEe+I9yKn6004wR6jFTJXRSMC6TqazZFAOe9bVzH1HpWNMpDE1xyVmdMXoQbsGnkZXOeD1prDIpUbAx/OpKOh8PXiurWszfc5T3HpWrKxkbPRQcAVxiSNDKssZwynNdZazreW6zJ3HI9D6V1Up8ysc1SNtSlrtv9q0O8hxk+WWH1FeTZzg17RIm+KUHoVIrxll2ysv91iK1ZkWLcfIxqlcHljV+EYiJrNuT96kMgi5JNTQjOfrUMXCmrMA6e9AE8vyw1kOx3mtS7OI8VlHk5pMD1RT8vTjuK87uWtpNauHt7Jvs6OVAT72f4iB0UZruLe+hu9OF3byb4XQsrDr0/nXmOn6rY2CTx6jDNO0twW2o2AV57+vSs6qTWhhKxDdSbpUt4XkRt7KVmPHJ45/nTY7R7e4dZpPLZOHK8nB44Heq+oT2LXLNZmcQbwVimHzYxzzQtwRJvjLAj7mOTj3NcyjYmxeeOCwtTcWlrbAg/ILh90jHPXGePxFdn8LIEu/Gv2mGRnRLYvOjKMI5yBt9uK83cZ3FzlmPDZ4r174HWDrBquoPGoLOsKlTkEDn+tbU3dlQ1Z6+PSse6b52FbB6GsO7yHbNdUTZlN2KNuHUc1NLhgHXvzUL85otn3xvEfvKePpVAOVsMCOorfgfzLYHviuf9619NfdCRSYmOuvk0+T3NZFsQCa1tQ4sse9Y0fBNIaLDPSK37ymHtSp9+mBOw+U1nsfnIrUZP3BNZUnDmhjGXNo15bogcKVcN9a0EyAB6VBEeKmBqQHk4pu6kY4FRl6YE26mM1R76az0DILnDOcVjXSYNajMWnPpiqV2vGa5KqszeD0Mtjg4ppOKWTh6YTWJqSqQ61f0i/+x3Hlv/qZD8xPY+tZRYo2R0qQ/MPY1UZcruhON1Y7aZwIXx/cJH5V4sTumkJ/vE16jo+oCVRazH94v3Sf4h6VwviHTTp2t3CqhEMh3xnsc9h9K7YtSV0cklZ2KSnbbZ9qy7g/rWo/y2orInPP40CETiOrcC/dqoPugVoQrz+FCAr3zdqzx0q3fn5sVUHApAWvDV9qqpJpujxwMfL83bO3Qd8Vl24nitb17nTPtERDK7D/AJZNnqPpWTFPLFKFikdGjAAZDgn2rT88/YJI9hN7I2I5BJgAnqGGOa5FUaVmctznmbnIAKY+Ug81ZRvmjHqQB7fWo7koZjZKfKljYllxwG7jP51PbwK8rBz0GFGeSafQroPvxb+d5SzF2x80gHQ+g9q+ivhXpI0vwLZjaQ9wTM2euTx/SvnaGGaSUmVFBdxGBnqTwAK+sdJthaaRZ26jHlwoP0rSlqXTWpcc4U/SsK6OWrckOEOfSueuWBkPNdKNHuQmqYm+z36sfusdpqyTWfqQIUNVAa7DBI9KvaU3zMPasq1l860ic91wa0NNbbcY9aGJlvVD/o6rWOvWtXVjworKUfNUlIl/gp8C5am9RVi3XkU0JliUf6Oaw5uJDXQTj9xXP3PEhokCHxGrCmqcRqyhpDHSt8tVy1Pmbiq5PNIZJu96Qt3pm7igcigB9tF5jN71RukIUqeoODW3ZJjBIrP1aLZO4HQ81lWjpcum9TnLhTuqrv5xWhOoIzWTI3zGuRnUiyMOMUsbdVPUdKhjlPSpG/vikBMHZHDqcMvINdLGlrr2mGK4jVgww3qp9RXLhgRmtHStSisZyJgdjnCn0NbUpcrsZVI6HI6vaPp88lq5JMbYBPcdjXOTn569A8exRslrfREESfIxHevPJT+8rqZzIlX7yitKHGCfas6PmZRWkuBETQgZl3jZkqGlnO64pQMikBzK7UcOrbo85y33hUqXptY0Y+XK0rfIuMlRjk1Y3rNmK4jVSRggcVRktzC5CMoYDCdsCuKyZy2ImJ2kN86kc88/nU9qgfYASWX7jZxge9JBCrQyIApULkuf4jTLR1ErBH3p0HY/jVJvYpHS+FbJNR8baTblN6icME7fKclq+oQMDArwP4P2Elz4wa7Kfu7aFizDpk5Fe+V0U1ZG1NaDJQSjc9q5uY/vDk1q6jfrEpjQ5asIyZPJ962QxxqnqIzaFv7tWwwPSo5gGjZD3FMZBosvmacP9liP1rZsji5X61zuhfuYZoiePNOK6C0/16fUUCLeqH95j0FZyCrupHMx9uKqRjNAEyjirUA+YVCi1YhHzimJli5X/R65y6++a6a6H7g1zN2PnqWOJHE3NWVNUkPNWVPFIoSU8VBnNSTNVfdzTYh/NTQqWYVCvNW4B0oA0rZcAVn6wAx98VpwDCVi63Lt+YdiKJq8Qi7MxZR8hzWVJHgmtmYBkJxwwyKzZgCDjrXnyR2xZQJIPNWY3DKB2qB1HeliYqRiouVYsJwSKjuOUAHXOaeexFMlzwF5J4FaR3IlsV9bmL+HRGzZ2TjH5GuKJzMee9dHrl2BAlmhztO92965hW/eE12HIW4BmWtCU7Lc1n2nL5q3euFiPPPtTEZOd0xNWUHy0afp15flmtrZ5FzgsOlaq+HtVAx9lP8A30KLBcwp9PnmgaVUtyY2I8osFkI9cGsefy7y0JjfDr0LDBFdTfaO8l2v9mbZjGh8yUtuTPueua5G9ktkJtTG63iH5irhlf8AAc1yOFjnaIsT3csiSsFDKqRqoCjtSRQhboqjAMjbJM9sdc4qvPvIVAGZ2OQEzwKs2Kk3SKcbmYL83HthqLBY9x+C0EP9lancxSF99wEBIxkADmvT5ciJsdcV82eHPEN/4U1aRra4jkgB2vt+6O549O2a9O0z4v6Ffhbe7WW3uGGDtUuufqK6INbGsZaHRSW5ZySTkmojb4FJDq+n3km23uQz4zjaQcfjRJdwJ96dR9TWt0ikrkbRsvSorkkQkjggVHNq9ggO65Un0XmsbUPFFtGmyKGWTJA3HgCk5xKUZGlpcZ2PnqXJrfsIz9ojyeM5rB0qUFz05w3HvXT2ABlBHYE09yWRXx3St9aghFS3PLk02EcGmBYU8Gprbl6gQZzV60TqcVWyES3X+oNcxd/frp7v/UmuYvPvGo6DRTBw1WA3FVu9S7uKQxJiCOtQZ5p8h4qHcM0AWIzzV+35IrPi61pW45FMDST5Y653WmySK6FjiKuY1Nt8+KqQkULeTcpibqOmfSoJUwxpNRjkis3nh4kjG9ffHJpYbiO/tI7mI5Dr27HuK46sDppTKM64PSolq3cIdp9qzTJtPX8K5TpSNKPBAqtfzNbxgp1Y4z6U2ObgVHqTg26/WtaerMqmiOZvnyWJrIjYZbmtDUXwHrJibrXachr2XTNN1Gb5SB1p9r8sOfQUmm251PxDaWuMqXDN9AaCT03w1pS2egW0Lja5XexHqa0zp4zxL+lWIV2oAOgFSGrSJPJNQtLee1afQnnhvU+/BEfmJ/2kNczca3Lep9j1WzjMgPzzLHskU+hPSuy1yBJrreImnZFO5YTtlj/2h6iuckae60cwqkF1aj/WyRpmeL3YZrlmZs5102q5XlF6Y+99akEJQwbkPzgfvB/FnualurOxintlhvDJbY4nVfuf7wqV49sVuQEcMWAYP8zYJ5x6f0rOwD4ILS3upRcy/aBEvCRcKzHsT6Va0PUJUvSbXSo552PDMM4HsP61X1GC0gVDG8c5ZMsqfKqNV/QYde1JNliVsbP+KZE5b8T1qorUDuNBn8RSazFJeWsUFntIYDAJz+tdPe20cgJ2iuf0jRoLZkkM9xPMoyZJJM5P0rp3y8QJ7jtVVE0ddDY5uS1VJDgD8qq3doJYWXHJrZuE5NU254rnV7nV0HeHbzfJ5LH5o1CnPtXd6a2Vlb0Fea2gNprRcfdcc16NoxEljJIO7AV3Unc46qsx0qkmkj7ipJeCfemxjmtramZNEhzWjAu1Kqwr81XlGFFKbBEF4f3Jrmbv79dJen93XNXR+Y1PQa3KXenZpp60oHNIY2T7tQgEtUz/AHRTY1yaAJ4hjFaVt1FUVXgVfthimhFqZsRVzlwN85Nb1y2Ij9KxHGXJpsCF4RKjIw4ZStef6Lqv9malcWc5It2kIx/cOa9IUDIryzWIPs/iW7j6fPu/MVEo3Q4vlZ28xVodykFTyCOlc5czBJSOtMiv5rW2C5JQj7prEudRV5zkkn0rjnSd9Dtp1Y21NtLsYHOAO9Ry3Rnyf4V6CshJWkYAnAq8h2w1vTp2VzCrU5nZGLqr7VYZrOgbIqbV5cvjPeq9sDlRWhkboPl2mfat/wCHVvDPqV3clwZ0Xaid8dzXNXsgitVGecdKxrW8ubS7W5t5JIpAeHU4xRzJMXLofRUf3aUkZ615rpPxD1AIqXsMVyOm/o1dqmuoUBMEgJGcZrVa7EbHOX1gt/ANsjQzx8xzJwVP+FchfxhdQRdQP9maqD+6vov9VN/vD1rukJBpt1ZW19bNb3MKyxN1VhWUo3E0ee3i3a39vHcwQ2N+XGb1RmGdfce/FVNbMkQkgaGBXSUM/kL97twey1ua1oE+k6ewhuWuNIWRWa0l5Zeein0qjrFlvhmEYa1ieAyrCvQ4PQ/SspR6E2M2RrGCW3aQvqc7Aj7JGMJHxx+Peux0u01PUrOF7+5Fvabfkt7bgsP9o1Q09IZPCljcpGiyCQB2A5OeOTXSaGc6PBjtuH/jxq4IZqWUSIqxIoRQMACteDiIr121k2x2yY961Yztl9jVVVeJrSdpFS5XgnGKoMOa17hNwPFZzJyRiuHqdy2KJUfaU9a7/Ql2aDG3d2J/WuBlPlTxOegb/wCtXpGnqP7IgCjjB/nXZQOWuMZc9qdGnzZqQKRwamgi7kV0uxgPiQdasimheaf0rJu5USjfn5MVzlz1rob88Gudn+9VPYFuVTSjgUuMnpTtvFSMiYZIFSxx4PSnInNTAc0xCBatQHFRAVIhxTQC3TfuzWV/FWjdt8lZ3egBc4Fee+K1j/4SgspBLRgtjsa7HWtTj0nT3uG5f7sa+rV5hHcSXmoSzysWkdskmkwNO6Oy169q5t33XJrd1STbbAe1c1G+ZCfWkxo2IPvAVemfZak+1ULTLt8ozV2VEdCjhivQgVLkkNRbOOurhri82oC3PQVqxW7wgNuiZwARGf8AGrv2W3hKRxQhC5x61ejs/NsZGjZI1Qn5WbDEjriueVTU1UNDBurucoryLCuc4HUVXN3IMMiJkYJ+XOfaq94Jct97bn5QTyfpWl4fvbWPUI3voy/ZZCeh9x61tBKRzzk4s1vDtvd6xexlrZI7VTlmK4/AV6GYGBxhePfrVKx1DT5htguIyR1Q8HNXHlLNkMij04rqhFJGbk2Qjg1KtRAU8GsiynrsRuNCvU7+XkfhXFzzM/hnTLtzliskLn16iu/mXzbaWMjO5CP0rgLVPP8ACFzbn71peEfTJ/8Ar1lPcRP4afzfB9xF/wA8ZAw/A103hxt2kD2kYf1/rXJeCyWh1SyPXa2BXUeF33WFwp42T4x+ApwA204kFaRO6MEVm9GBpzXzgeRbQGeUHnnCqP8AaP8AhWjGjWyJEDelU5kw+aLC5kdpIpkVJEOCFORVmZMjOK4pxsztpvQxNQiLWrsOq/N+VeieHJRc+H7OXOcpz9a4u4iGwA9GGK3/AAHK39lT2jNk28xCj0B5/rV0WTVV0dT5YPUUoUDpTqK6Ls57BTWbApaikYY5poUnYoXbbt1YU/362bhi2cdKypk+c5OatiRXUU7HNPx6UoQk81IwVcU8DFOAxQaYCrjPSpVHHPAqMZpkswjTJNADL51VQoPNUV4BJOAOSfSms5llJJ4rgvG/j6008/2NYSiS4kO2eRTkRqe2fWgVyj4n1s6rqLJEf9GgJVPc9z/Osiw/12aqxkbOOnarWm8y1K3KJ9dk2QKBXO28nz5rZ8QNhBWDackVI0dHYEnK8YxnBro7Cys5LZJGlKSMeA44Nc5YcBj6CtdDqBazW3hikssHz8n5lPYiuepubU1oX7jQyIJEjARW5yvzLk1zl94e1GOKK3juBLBnLMyA7TW3aawqzPFHNJA6dY5vu4/lWqt/DLj7RH5TdpEOVNZWNNjhm0L7Snl3E+51IAaP+D04OKx7m0FpO8TOPMUZYYwHHqK9Qk0qC6UvCUYkY3IfmrE1Hw/LJbmMoJmX7pkHzfn1rSE3FmNSCkijZeF9ZuLeOdLaPY6grukxxVn/AIRjxEvAVAPTzzW1Hrl1a28EDmBG2hQrKe3bOKtw6vqDxK0ixo56qFzXR7ZGPsWK2pwQ3Pk3Akhx0Zh8p/GrkbpIu6N1ceqHNRXUH2mLYQoYH5WYZ2ms5rCG6Z7d99peAbt0TYDgdwOhpttbhY2cgAsxAHcnpXnsN9aWN34gtJ5kVJCJIh13MCD2rnPEfifVb24ezkuSsULFCE+XcRxk1jmXekDbstjk/jWU53HyHWaHrFvpWt3V2wZ7d0zheOox/OrWjeNLbS2ule1kdZZdwO4cCuPglDROuexX6c5qn5g3up5GM/WpUmEYo9jtvFdtqzxWtjlZ5X2kv/APUeprfRhYp5Ua7nfhV7sfU15R4KuBDqwmCB2VMgHpXrEVq67biaTdOV7dEHoK1hJyY5xSLdtF9njCkhnJ3O/94+taLDfGGFZsb5HPHr7Vftm3Axnr6UVIXQ6U7MhveIEOOhrDh8Wp4T8RQzXeRp11iKdh/wAs2/hf6dM10V5GWhCiuG8W6ULzT5YJRklTtPvXNF2kdTV4nt1pfWt9EJbS5injIyGjcMP0qxmvizSte1Tw5etHb3lxCY2xtVzx+HSvSNF+OWt2pCX8EV/EOpA2yf4V2pXVzjemh9F9qqXBY8DpXD6H8YPDWr7UmnaynP8ABcDaPz6V1ceuaXc8xX1u4/2ZAaqKsTLUS4+VQKzZeDxWjLLDLysi49Qc1VYRk9R+dNgiqoZmwBUwQjgUkl3Z2qkyXESD1ZwKyb3xl4esELT6rbAD0cGpGbBUimng56+1cDffGPw1bZELz3J/6Zocfyrmr745R8iy0lyezSvQB67JPsHSua17xRpmixGTULyOMjogOXb2C9a8lu/iP4u8QiaKwRYEjUtJ5CZKr+Oa4C4vJruYyyyvLK3JdzuP/wBagLHfeJvihfakr22mhrG0bgt1lf8Awrgg7vIGUFmJ4xySf6moEDO2ACzHsOTWlp7HTLqK9Yp5kbZRTyM+h9aBnXabN9osY3PDEYI9COK1dLH75vWua0S9My3jSYD+aXwP9rn+tdRo/O9jSAo+In5ArKtB8yir2vPmUfWqlovINT1H0Oh08fuZCfSrFrJb/wDCRApczxXsMPEfPluvv24qOyGLUnpkgdelXbOW4Jujc2kM9kAdkkPMq+oIHNc0/iN4fCLc3mLSc6xYrPBgBZ7UfMwPsKsT2VwNK06LRbqKOPhws5+eSM8kYPOaz4beUWROgXiSZfmG4PTnkVZ1FbF9a022u45xdIvmQyRghA2OVyPxqFsUxjahJb60LH7NcQsy7lmAOzpyDWpa+IC+5JDHcoh2tg/MtVYLjUxqVy9zLBe6aRlFXG+NvTiqmlw6Ze2Go3OlhrKWVjHL9p+Uo/8AeGeDRYL9zovNsb4YUjd/ckHf2qOTTmL8PIo9Aa5iQX+j6Z5uoxtdzRty0C8lfWtiCW+ltopYHkEcihlD8EfnSY7djpCc4IPHrVXVLZZrItvKSRDcrJ1+lPEiKgTJJHZaZdSt9klPCjbjHrXZNq1zjjueFatHLBqFwJgVdnL8jGcnrVZZd0ACn5g2K9hudLtNRhEN3bpKnQZXn86yn8G6LkItptxyNrcVyqoup0ODZwN2wivQAnlo0QOPfFVLW0mvrwW8QZ3P9wZxXqg8OaZ8hktkYqMAsM4qUWlrbrsghSJccFFwaPaoSpmLoOgHTLeR5Zy8shAO3+EelegaXetNbgORlBjAPWubCMqAFvlHbvVjTJWj1CMjjccN9KdKpaQ6kbo6UTTCZi4Xb/CB2+tXoJ1SRH3d8GqayqTxg1OrZAHpXW9jmW5sSgFT06VganaLdw4Y/dFbS3O+3LkfcQ5rLnlzbqcferjmjtgzw/xtobwXhuYhk4ycdxXGq5B4JyPSvb9bsROyh1ztPH9a4fWPA8UZ8+3ZkVsnaOg+tbU6qWjIqU3ujD8PWs2u6rFpxmjjDAsZJeigdce9UbiWSOeRknkQLIV+VyM/rTrWL7C5kmAZkPIB4IH+NV9QuYLmdZYYBDuGWjXoD7V0nOXYNWvVZNuoXK/MBgSH1rY8U6heW+poLfV5JY5IFcGObgHjiuRjdvNXb1BpZVbeuc8gHFIRba7urlwsl1M4PHzSmidpIYjC86t7Bg2KqAHccHp3qIAE549aBjw4I5z+HSms5K7RwMdqSjtQBq2t+dPZmsLqQSyph8jAPqKh0wWSavENRRntM5ZVOCRVBSVII4IOasONypIgzt5A9u/5UAW726tEu5jYxFYGbManjA9/WqLyvK2WP0A6CklI4wen8u1Rg85oA6Dw0BPfzJ0AUH616BZRiCM+hFch8NlA8WxeYBiZHUA98A165L4dt7nLLEU5+8tJibPLdbZpLtQnODkiltpUG0ORG56KeM/SvRG8G6Z5pklEjt7t/SpT4b0lV+WzTJ9eakdx/g7Q4NR077XMTlJsBOzfWrV34Iht5p7nSpHs7iVtxBO6Mt9O1WtDvdN0u2fTCGgUsWDMeMn37V0e9vLBjZZU7HPUU+WLQczR5dqVk6T2kOvaZMJPNBju7Lhdw9SOOa0mkvX1OR4/IutOCfcx++jcdRiu/wBkbjAwnbawxmuN8SaJpumpc6nArW19IvHlt8rt2JFZTpWWhpGpfc5nRrfS7v8AtG60OeaC6YlZIbjpG/0NF/cNaeGG/wCEnhC+ZJsm+zDtnhuKry6m7aC//CT2oi8zCNPb/K+DwGz3rTaS5h0yzg0pE1WBQBNHcHEpQ9wO9ZGhXaPULbSrSPQp45o4wDsuTkslad7qkNhMISZG+UN8i5Az2rNu7PTNQ12yjivpLW/tyHW2zjevcVFrk/iSDU3TStKjmtMDaz9aVmwOwRcCs7U5GM6Qg4UDcfetcLjrVHULfcVlUdOtbVU3HQwhozO3gAA8AdBSZLnA4FPe3aTlSPcUzyZD0Bx71wnWI7Acc/Woc5PGDU/lSAdMrmjy0GSxwfegLlVuW6Y+lWdOH+nLn3xULyRocKxJPepLFv8ATo8HJPWtKfxET2OjjFXEHFV4UzirajArvOQcbqK2gczttib5SxHAz3NNaJWhCqwbHQg5BHrVTWcroN+3TEDEV4nbeLrm2iCQX1xbADG0HI/Cs50ubY2p1Lbnr+owRpGzyMqhe5NeeeKPFMMkK2OnAyS/deQcD8P8a5S/8RT3uRcXtxP7Z4NY0928oKqNi9CO5HoTShQSd2VKs3ohLmYMxRGzj7zdifQVVyKX/OKK6DEkgA89OO5NSzbRKAOyj+VRW5HnDntTpm/fZ/2RQAgALNk9jVcdKlByTn0NQg0gHDikNJmlFABUsUxjJBAZT17VFSigCy32aQ8sQfQjGKRTbRnIBc+hqvQDQB1fgeYyeN9NZzgbyAB9K+i1TEJHua+Y/C0/2bxPpk2doFwoz9TivqBMGEqOec5pMlmZPHzyOKrlcZwPpWnLFkAgVA8GcHHSoGcHqd2qXc5JAAbnnGK3vCms2ckD/Z2laRP9bEGyoH94CuB1Wd7iecR5I3ljjqat+G9UhsLK5u2jDSHC+hA9Qe1aQgrXFOR7FBc214qPGytjkDuDXHfElZG0ZmCS+RgBpIxkrz1rnIPH9o1yPPhmj/6eouCPqO4rtLLXzLbLPuW7tXH+ui6/8CFOSbViYyscHBPe2mhW8YgXWLXgMG+8EPc/Spb2ztdS1W0Nnqf2a5t1BNr03p6V0HiNfDtrYDUorw2E6tlEth/rm/ulOPzrjrbVtL1bVh9rtDBdxr+7u16EH1rklFpnXF32Na3ub1vEX2e60sSNAhkguZepXuA1Z9z/AGrc3c09h4jlhgdyRGQDsPpnNbOmPqVnFeSXd7HqFgBvgMfLD1BrCtNC8Ma3G19bPdW6u5DRNkFW7ioGellePeoWUvlT0IxVsJxzTXiz0611PU5b2OWlMtvM6A4CnAzR9unwB8pA9qv6tbOXEyLu45rHLfn6dK4pxszqjK6JmuZ5OrcewxUJJJ5NNMm0ZqPzsnAUu3ZVGf5VCTKuPOB9au6PA1xdCRT8i8bh60Weh3d6wa4BhiP8I+8a6q009LaJY40CqvTFdFKm07synMVIiMDJqxHCx7mrCQDAzU6oB0WukwMjXrfd4b1IFsf6O3J+lfMb9B16etfTHjWdrbwZqkg4Ji2j8SBXzNJ8px6DFWgRGaYenpTyeKjNBQmaKSigCSE4lXI65pZfvjn+EfypsZw6n3pZc+YOO1IBB94/Soh0qQH5j9DUdABRRRQAtFJiloAWgCkpRQBo6OnmavYoOpuI8f8AfQr6phBVdp7KB+lfMXhCET+LNLiI4Nwh/I5r6fJ2ufY0MlhtJXGORUTDIYDuKsghupxSND3U1FhniHibSNR0O++1gMFVyQR0Ge30qgbm0fQ28jCNJIWaP+77fSvcr/T4NRtWt7mJZI2GCG9K8K8S6faaT4gurGzJ8mI8Bjkj2qo3QnqS6dbWssJZtjNtydwJ59Paur8IJ9muru2iWRYCiybHP3WOOhHX8a47w4+3WraMziJJG2uW+6R6GvW4bWG1TyoIwi9umT+PQ/jWqMzgfGZj/wCEktlKcwWzOSvBySR/nFc3aRMZJJ43+0Rcny1HzD1HvW54wlhXVbuVh+9YKkY+bOBgnHYDrWBpKFkeSwbyrgnKrIcfNXJV3OuktDpdBk+y6LcyaKrrLKSVSbOFf0wa6PSZVu9PSe+s47e5Y/vETgZ9a524lSXQoYdVmNjLM4AePjDjocit2xt7dbKJZrhnkUYLnjd71gaWO3CjpjNIw/hA5PepFXbyPyNATe31rsOQjEKueVG1ePrUcuk2c+fMgUk9+lXgoUAenFAZc8HP0pNJgmzJHhvTd24wE+244q9Bp1nar+6gRPoOfzq2MnoPzp4TPU0KKQ7siWPcOAAv61KsYXgfrTguOhp6kHoaoQoXinYoFLQI5b4iRGXwJqQGRhVPH+8K+bJOoPqK+q/ENqL3w5qNsRnfbtj6gZ/pXytIpVtpGCpxVIaISKYRipwtROMUDI6KTNLSGLnGDU88YeFZFLE9WGOgPQ1XqaG5aIbSAy/qKAIwC54GfpUQ/Wr5uoyrfuzkg8/hVCgApRSUtAC0UlLQAUopKcKAOt+G9v8AafHenLjOxmc/gDX0a3JJ968J+DluJvGLzH/ljbM355Fe6kgDk4oJYmSO9OM2wEkce1M3gn5cmjaT9KQE0cgcfMR6cda5LxT8P7DX3ku4Wa2vm6yLyG/3hXTbdvTrUscuB82TQI+ftb8Nav4ck/063Pl5+WdOUP49q7DwX4ofUQdPuwPNiTckgPDqOx7Z+lepSwRXMJSRVlQ9UZdw/KuOfwBaW2tDVNMIgZVcNbk5ViQenp1ppg0cBrVjc32qySwIXEYLEEnux6A1Vg0qK8jMbhonz6lSDXpOgeErqyWWbUp99xMclV5CDPABrTufDdnMcugV+zrXPOLbN4TSR51debHHbWlxYC7tj8sjMeU9xV++kWOZI/tsNvtQAI2M/Wt+90We1BwvmxevesC70KwvZzNPGWcjHJrnaa0Nk7np2wKMnkUqJ3PU+lKwywHbNSdzXecSI/LB65pwUDoAKeBSigYgFOApRS0AIeKEXFLTqBC0oopRTANocFW6MNp/Hivl3xVpp07xLqNoVxsnYj6E5H6GvqI9DXhnxetoovFyyouGlgVnPqcYpoDzcDB5qGQdasgDdUEoHNDKKxpaXAoAFIYhpKdtFG0UAafh7QL/AMS6ounaaitOyl/mbaAB1Oazrm3e1up7eTG+KRkYjpkGu4+ES4+IdkAzANG4OD7EVzniy1js/Fep28WdiTtjJyeTn+tAdTFxRinADFGBQAlHSlwKMUAJThSYFKKAPUvgpFu13UZccLbgfrXtJUdSMmvKfgnGv2PVpcfP5iDPtgV6uaCRuAO1KBQetLQIaVphqXtUZ60AER2kjtU+Q2ccVXH3jTwTSsMeQccjj175qMn8RSoxzjPFOwCKkaGFVxggEe9UZtHs5pC5j5PpWg3WlIFKyGf/2Q==","title":"상의 블라우스","id":2105,"modified_date":"2022-11-10T12:34:05","price":"10000","content":"단돈 10000원에 팔아요~","transport":"직거래"}],"pageable":{"sort":{"sorted":false,"unsorted":true,"empty":true},"offset":0,"pageNumber":0,"pageSize":15,"unpaged":false,"paged":true},"totalPages":1,"totalElements":8,"last":true,"number":0,"size":15,"first":true,"sort":{"sorted":false,"unsorted":true,"empty":true},"numberOfElements":8,"empty":false}
    Forwarded URL = null
   Redirected URL = null
          Cookies = []
Hibernate: 
    select
        members0_.id as id1_6_,
        members0_.email as email2_6_,
        members0_.image as image3_6_,
        members0_.name as name4_6_,
        members0_.nickname as nickname5_6_,
        members0_.password as password6_6_,
        members0_.phone as phone7_6_,
        members0_.refresh_token as refresh_8_6_,
        members0_.role as role9_6_ 
    from
        members members0_ 
    where
        members0_.email=?
Hibernate: 
    select
        members0_.id as id1_6_,
        members0_.email as email2_6_,
        members0_.image as image3_6_,
        members0_.name as name4_6_,
        members0_.nickname as nickname5_6_,
        members0_.password as password6_6_,
        members0_.phone as phone7_6_,
        members0_.refresh_token as refresh_8_6_,
        members0_.role as role9_6_ 
    from
        members members0_ 
    where
        members0_.email=?
Hibernate: 
    update
        members 
    set
        email=?,
        image=?,
        name=?,
        nickname=?,
        password=?,
        phone=?,
        refresh_token=?,
        role=? 
    where
        id=?
2022-11-10 12:34:07.231  INFO 9968 --- [    Test worker] o.a.c.c.C.[Tomcat].[localhost].[/]       : Initializing Spring TestDispatcherServlet ''
2022-11-10 12:34:07.231  INFO 9968 --- [    Test worker] o.s.t.web.servlet.TestDispatcherServlet  : Initializing Servlet ''
2022-11-10 12:34:07.234  INFO 9968 --- [    Test worker] o.s.t.web.servlet.TestDispatcherServlet  : Completed initialization in 3 ms
gunsong2@naver.com
Hibernate: 
    select
        members0_.id as id1_6_,
        members0_.email as email2_6_,
        members0_.image as image3_6_,
        members0_.name as name4_6_,
        members0_.nickname as nickname5_6_,
        members0_.password as password6_6_,
        members0_.phone as phone7_6_,
        members0_.refresh_token as refresh_8_6_,
        members0_.role as role9_6_ 
    from
        members members0_ 
    where
        members0_.email=?
Hibernate: 
    select
        style0_.id as id1_14_,
        style0_.name as name2_14_ 
    from
        style style0_ 
    where
        style0_.name=?
Hibernate: 
    select
        materials0_.id as id1_5_,
        materials0_.name as name2_5_ 
    from
        materials materials0_ 
    where
        materials0_.name=?
Hibernate: 
    select
        colors0_.id as id1_4_,
        colors0_.name as name2_4_ 
    from
        colors colors0_ 
    where
        colors0_.name=?
Hibernate: 
    select
        clothesinf0_.id as id1_2_,
        clothesinf0_.categoryl as category2_2_,
        clothesinf0_.categorys as category3_2_,
        clothesinf0_.fit as fit4_2_,
        clothesinf0_.length as length5_2_ 
    from
        clothes_info clothesinf0_ 
    where
        clothesinf0_.categoryl=? 
        and clothesinf0_.categorys=? 
        and clothesinf0_.length=? 
        and clothesinf0_.fit=?
Hibernate: 
    select
        salesinfoc0_.id as id1_9_,
        salesinfoc0_.clothes_brand as clothes_2_9_,
        salesinfoc0_.clothes_color as clothes_3_9_,
        salesinfoc0_.clothes_gender as clothes_4_9_,
        salesinfoc0_.clothes_size as clothes_5_9_ 
    from
        sales_info_clothes salesinfoc0_ 
    where
        salesinfoc0_.clothes_brand=? 
        and salesinfoc0_.clothes_gender=? 
        and salesinfoc0_.clothes_size=? 
        and salesinfoc0_.clothes_color=?
Hibernate: 
    select
        salesinfos0_.id as id1_10_,
        salesinfos0_.status_score as status_s2_10_,
        salesinfos0_.status_tag as status_t3_10_,
        salesinfos0_.status_times as status_t4_10_,
        salesinfos0_.status_when2buy as status_w5_10_,
        salesinfos0_.transport as transpor6_10_ 
    from
        sales_info_status salesinfos0_ 
    where
        salesinfos0_.status_tag=? 
        and salesinfos0_.status_score=? 
        and salesinfos0_.status_times=? 
        and salesinfos0_.status_when2buy=? 
        and salesinfos0_.transport=?
Hibernate: 
    select
        salesinfou0_.id as id1_11_,
        salesinfou0_.user_height as user_hei2_11_,
        salesinfou0_.user_size as user_siz3_11_,
        salesinfou0_.user_weight as user_wei4_11_ 
    from
        sales_info_user salesinfou0_ 
    where
        salesinfou0_.user_size=? 
        and salesinfou0_.user_weight=? 
        and salesinfou0_.user_height=?
Hibernate: 
    insert 
    into
        clothes_image
        (closets_post_id, path, stores_post_id, type) 
    values
        (?, ?, ?, ?)
Hibernate: 
    insert 
    into
        clothes_image
        (closets_post_id, path, stores_post_id, type) 
    values
        (?, ?, ?, ?)
Hibernate: 
    insert 
    into
        stores
        (created_date, modified_date, author_id, clothes_info_id, colors_name, materials_name, style_name, clothes_length, content, price, sales_info_clothes_id, sales_info_status_id, sales_info_user_id, status, title) 
    values
        (?, ?, ?, ?, ?, ?, ?, ?, ?, ?, ?, ?, ?, ?, ?)
Hibernate: 
    update
        clothes_image 
    set
        closets_post_id=?,
        path=?,
        stores_post_id=?,
        type=? 
    where
        id=?
Hibernate: 
    update
        clothes_image 
    set
        closets_post_id=?,
        path=?,
        stores_post_id=?,
        type=? 
    where
        id=?
gunsong2@naver.com
Hibernate: 
    select
        members0_.id as id1_6_,
        members0_.email as email2_6_,
        members0_.image as image3_6_,
        members0_.name as name4_6_,
        members0_.nickname as nickname5_6_,
        members0_.password as password6_6_,
        members0_.phone as phone7_6_,
        members0_.refresh_token as refresh_8_6_,
        members0_.role as role9_6_ 
    from
        members members0_ 
    where
        members0_.email=?
Hibernate: 
    select
        style0_.id as id1_14_,
        style0_.name as name2_14_ 
    from
        style style0_ 
    where
        style0_.name=?
Hibernate: 
    select
        materials0_.id as id1_5_,
        materials0_.name as name2_5_ 
    from
        materials materials0_ 
    where
        materials0_.name=?
Hibernate: 
    select
        colors0_.id as id1_4_,
        colors0_.name as name2_4_ 
    from
        colors colors0_ 
    where
        colors0_.name=?
Hibernate: 
    select
        clothesinf0_.id as id1_2_,
        clothesinf0_.categoryl as category2_2_,
        clothesinf0_.categorys as category3_2_,
        clothesinf0_.fit as fit4_2_,
        clothesinf0_.length as length5_2_ 
    from
        clothes_info clothesinf0_ 
    where
        clothesinf0_.categoryl=? 
        and clothesinf0_.categorys=? 
        and clothesinf0_.length=? 
        and clothesinf0_.fit=?
Hibernate: 
    select
        salesinfoc0_.id as id1_9_,
        salesinfoc0_.clothes_brand as clothes_2_9_,
        salesinfoc0_.clothes_color as clothes_3_9_,
        salesinfoc0_.clothes_gender as clothes_4_9_,
        salesinfoc0_.clothes_size as clothes_5_9_ 
    from
        sales_info_clothes salesinfoc0_ 
    where
        salesinfoc0_.clothes_brand=? 
        and salesinfoc0_.clothes_gender=? 
        and salesinfoc0_.clothes_size=? 
        and salesinfoc0_.clothes_color=?
Hibernate: 
    select
        salesinfos0_.id as id1_10_,
        salesinfos0_.status_score as status_s2_10_,
        salesinfos0_.status_tag as status_t3_10_,
        salesinfos0_.status_times as status_t4_10_,
        salesinfos0_.status_when2buy as status_w5_10_,
        salesinfos0_.transport as transpor6_10_ 
    from
        sales_info_status salesinfos0_ 
    where
        salesinfos0_.status_tag=? 
        and salesinfos0_.status_score=? 
        and salesinfos0_.status_times=? 
        and salesinfos0_.status_when2buy=? 
        and salesinfos0_.transport=?
Hibernate: 
    select
        salesinfou0_.id as id1_11_,
        salesinfou0_.user_height as user_hei2_11_,
        salesinfou0_.user_size as user_siz3_11_,
        salesinfou0_.user_weight as user_wei4_11_ 
    from
        sales_info_user salesinfou0_ 
    where
        salesinfou0_.user_size=? 
        and salesinfou0_.user_weight=? 
        and salesinfou0_.user_height=?
Hibernate: 
    insert 
    into
        clothes_image
        (closets_post_id, path, stores_post_id, type) 
    values
        (?, ?, ?, ?)
Hibernate: 
    insert 
    into
        clothes_image
        (closets_post_id, path, stores_post_id, type) 
    values
        (?, ?, ?, ?)
Hibernate: 
    insert 
    into
        stores
        (created_date, modified_date, author_id, clothes_info_id, colors_name, materials_name, style_name, clothes_length, content, price, sales_info_clothes_id, sales_info_status_id, sales_info_user_id, status, title) 
    values
        (?, ?, ?, ?, ?, ?, ?, ?, ?, ?, ?, ?, ?, ?, ?)
Hibernate: 
    update
        clothes_image 
    set
        closets_post_id=?,
        path=?,
        stores_post_id=?,
        type=? 
    where
        id=?
Hibernate: 
    update
        clothes_image 
    set
        closets_post_id=?,
        path=?,
        stores_post_id=?,
        type=? 
    where
        id=?
gunsong2@naver.com
Hibernate: 
    select
        members0_.id as id1_6_,
        members0_.email as email2_6_,
        members0_.image as image3_6_,
        members0_.name as name4_6_,
        members0_.nickname as nickname5_6_,
        members0_.password as password6_6_,
        members0_.phone as phone7_6_,
        members0_.refresh_token as refresh_8_6_,
        members0_.role as role9_6_ 
    from
        members members0_ 
    where
        members0_.email=?
Hibernate: 
    select
        style0_.id as id1_14_,
        style0_.name as name2_14_ 
    from
        style style0_ 
    where
        style0_.name=?
Hibernate: 
    select
        materials0_.id as id1_5_,
        materials0_.name as name2_5_ 
    from
        materials materials0_ 
    where
        materials0_.name=?
Hibernate: 
    select
        colors0_.id as id1_4_,
        colors0_.name as name2_4_ 
    from
        colors colors0_ 
    where
        colors0_.name=?
Hibernate: 
    select
        clothesinf0_.id as id1_2_,
        clothesinf0_.categoryl as category2_2_,
        clothesinf0_.categorys as category3_2_,
        clothesinf0_.fit as fit4_2_,
        clothesinf0_.length as length5_2_ 
    from
        clothes_info clothesinf0_ 
    where
        clothesinf0_.categoryl=? 
        and clothesinf0_.categorys=? 
        and clothesinf0_.length=? 
        and clothesinf0_.fit=?
Hibernate: 
    select
        salesinfoc0_.id as id1_9_,
        salesinfoc0_.clothes_brand as clothes_2_9_,
        salesinfoc0_.clothes_color as clothes_3_9_,
        salesinfoc0_.clothes_gender as clothes_4_9_,
        salesinfoc0_.clothes_size as clothes_5_9_ 
    from
        sales_info_clothes salesinfoc0_ 
    where
        salesinfoc0_.clothes_brand=? 
        and salesinfoc0_.clothes_gender=? 
        and salesinfoc0_.clothes_size=? 
        and salesinfoc0_.clothes_color=?
Hibernate: 
    select
        salesinfos0_.id as id1_10_,
        salesinfos0_.status_score as status_s2_10_,
        salesinfos0_.status_tag as status_t3_10_,
        salesinfos0_.status_times as status_t4_10_,
        salesinfos0_.status_when2buy as status_w5_10_,
        salesinfos0_.transport as transpor6_10_ 
    from
        sales_info_status salesinfos0_ 
    where
        salesinfos0_.status_tag=? 
        and salesinfos0_.status_score=? 
        and salesinfos0_.status_times=? 
        and salesinfos0_.status_when2buy=? 
        and salesinfos0_.transport=?
Hibernate: 
    select
        salesinfou0_.id as id1_11_,
        salesinfou0_.user_height as user_hei2_11_,
        salesinfou0_.user_size as user_siz3_11_,
        salesinfou0_.user_weight as user_wei4_11_ 
    from
        sales_info_user salesinfou0_ 
    where
        salesinfou0_.user_size=? 
        and salesinfou0_.user_weight=? 
        and salesinfou0_.user_height=?
Hibernate: 
    insert 
    into
        clothes_image
        (closets_post_id, path, stores_post_id, type) 
    values
        (?, ?, ?, ?)
Hibernate: 
    insert 
    into
        clothes_image
        (closets_post_id, path, stores_post_id, type) 
    values
        (?, ?, ?, ?)
Hibernate: 
    insert 
    into
        stores
        (created_date, modified_date, author_id, clothes_info_id, colors_name, materials_name, style_name, clothes_length, content, price, sales_info_clothes_id, sales_info_status_id, sales_info_user_id, status, title) 
    values
        (?, ?, ?, ?, ?, ?, ?, ?, ?, ?, ?, ?, ?, ?, ?)
Hibernate: 
    update
        clothes_image 
    set
        closets_post_id=?,
        path=?,
        stores_post_id=?,
        type=? 
    where
        id=?
Hibernate: 
    update
        clothes_image 
    set
        closets_post_id=?,
        path=?,
        stores_post_id=?,
        type=? 
    where
        id=?
gunsong2@naver.com
Hibernate: 
    select
        members0_.id as id1_6_,
        members0_.email as email2_6_,
        members0_.image as image3_6_,
        members0_.name as name4_6_,
        members0_.nickname as nickname5_6_,
        members0_.password as password6_6_,
        members0_.phone as phone7_6_,
        members0_.refresh_token as refresh_8_6_,
        members0_.role as role9_6_ 
    from
        members members0_ 
    where
        members0_.email=?
Hibernate: 
    select
        style0_.id as id1_14_,
        style0_.name as name2_14_ 
    from
        style style0_ 
    where
        style0_.name=?
Hibernate: 
    select
        materials0_.id as id1_5_,
        materials0_.name as name2_5_ 
    from
        materials materials0_ 
    where
        materials0_.name=?
Hibernate: 
    select
        colors0_.id as id1_4_,
        colors0_.name as name2_4_ 
    from
        colors colors0_ 
    where
        colors0_.name=?
Hibernate: 
    select
        clothesinf0_.id as id1_2_,
        clothesinf0_.categoryl as category2_2_,
        clothesinf0_.categorys as category3_2_,
        clothesinf0_.fit as fit4_2_,
        clothesinf0_.length as length5_2_ 
    from
        clothes_info clothesinf0_ 
    where
        clothesinf0_.categoryl=? 
        and clothesinf0_.categorys=? 
        and clothesinf0_.length=? 
        and clothesinf0_.fit=?
Hibernate: 
    select
        salesinfoc0_.id as id1_9_,
        salesinfoc0_.clothes_brand as clothes_2_9_,
        salesinfoc0_.clothes_color as clothes_3_9_,
        salesinfoc0_.clothes_gender as clothes_4_9_,
        salesinfoc0_.clothes_size as clothes_5_9_ 
    from
        sales_info_clothes salesinfoc0_ 
    where
        salesinfoc0_.clothes_brand=? 
        and salesinfoc0_.clothes_gender=? 
        and salesinfoc0_.clothes_size=? 
        and salesinfoc0_.clothes_color=?
Hibernate: 
    select
        salesinfos0_.id as id1_10_,
        salesinfos0_.status_score as status_s2_10_,
        salesinfos0_.status_tag as status_t3_10_,
        salesinfos0_.status_times as status_t4_10_,
        salesinfos0_.status_when2buy as status_w5_10_,
        salesinfos0_.transport as transpor6_10_ 
    from
        sales_info_status salesinfos0_ 
    where
        salesinfos0_.status_tag=? 
        and salesinfos0_.status_score=? 
        and salesinfos0_.status_times=? 
        and salesinfos0_.status_when2buy=? 
        and salesinfos0_.transport=?
Hibernate: 
    select
        salesinfou0_.id as id1_11_,
        salesinfou0_.user_height as user_hei2_11_,
        salesinfou0_.user_size as user_siz3_11_,
        salesinfou0_.user_weight as user_wei4_11_ 
    from
        sales_info_user salesinfou0_ 
    where
        salesinfou0_.user_size=? 
        and salesinfou0_.user_weight=? 
        and salesinfou0_.user_height=?
Hibernate: 
    insert 
    into
        clothes_image
        (closets_post_id, path, stores_post_id, type) 
    values
        (?, ?, ?, ?)
Hibernate: 
    insert 
    into
        clothes_image
        (closets_post_id, path, stores_post_id, type) 
    values
        (?, ?, ?, ?)
Hibernate: 
    insert 
    into
        stores
        (created_date, modified_date, author_id, clothes_info_id, colors_name, materials_name, style_name, clothes_length, content, price, sales_info_clothes_id, sales_info_status_id, sales_info_user_id, status, title) 
    values
        (?, ?, ?, ?, ?, ?, ?, ?, ?, ?, ?, ?, ?, ?, ?)
Hibernate: 
    update
        clothes_image 
    set
        closets_post_id=?,
        path=?,
        stores_post_id=?,
        type=? 
    where
        id=?
Hibernate: 
    update
        clothes_image 
    set
        closets_post_id=?,
        path=?,
        stores_post_id=?,
        type=? 
    where
        id=?
gunsong2@naver.com
Hibernate: 
    select
        members0_.id as id1_6_,
        members0_.email as email2_6_,
        members0_.image as image3_6_,
        members0_.name as name4_6_,
        members0_.nickname as nickname5_6_,
        members0_.password as password6_6_,
        members0_.phone as phone7_6_,
        members0_.refresh_token as refresh_8_6_,
        members0_.role as role9_6_ 
    from
        members members0_ 
    where
        members0_.email=?
Hibernate: 
    select
        style0_.id as id1_14_,
        style0_.name as name2_14_ 
    from
        style style0_ 
    where
        style0_.name=?
Hibernate: 
    select
        materials0_.id as id1_5_,
        materials0_.name as name2_5_ 
    from
        materials materials0_ 
    where
        materials0_.name=?
Hibernate: 
    select
        colors0_.id as id1_4_,
        colors0_.name as name2_4_ 
    from
        colors colors0_ 
    where
        colors0_.name=?
Hibernate: 
    select
        clothesinf0_.id as id1_2_,
        clothesinf0_.categoryl as category2_2_,
        clothesinf0_.categorys as category3_2_,
        clothesinf0_.fit as fit4_2_,
        clothesinf0_.length as length5_2_ 
    from
        clothes_info clothesinf0_ 
    where
        clothesinf0_.categoryl=? 
        and clothesinf0_.categorys=? 
        and clothesinf0_.length=? 
        and clothesinf0_.fit=?
Hibernate: 
    select
        salesinfoc0_.id as id1_9_,
        salesinfoc0_.clothes_brand as clothes_2_9_,
        salesinfoc0_.clothes_color as clothes_3_9_,
        salesinfoc0_.clothes_gender as clothes_4_9_,
        salesinfoc0_.clothes_size as clothes_5_9_ 
    from
        sales_info_clothes salesinfoc0_ 
    where
        salesinfoc0_.clothes_brand=? 
        and salesinfoc0_.clothes_gender=? 
        and salesinfoc0_.clothes_size=? 
        and salesinfoc0_.clothes_color=?
Hibernate: 
    select
        salesinfos0_.id as id1_10_,
        salesinfos0_.status_score as status_s2_10_,
        salesinfos0_.status_tag as status_t3_10_,
        salesinfos0_.status_times as status_t4_10_,
        salesinfos0_.status_when2buy as status_w5_10_,
        salesinfos0_.transport as transpor6_10_ 
    from
        sales_info_status salesinfos0_ 
    where
        salesinfos0_.status_tag=? 
        and salesinfos0_.status_score=? 
        and salesinfos0_.status_times=? 
        and salesinfos0_.status_when2buy=? 
        and salesinfos0_.transport=?
Hibernate: 
    select
        salesinfou0_.id as id1_11_,
        salesinfou0_.user_height as user_hei2_11_,
        salesinfou0_.user_size as user_siz3_11_,
        salesinfou0_.user_weight as user_wei4_11_ 
    from
        sales_info_user salesinfou0_ 
    where
        salesinfou0_.user_size=? 
        and salesinfou0_.user_weight=? 
        and salesinfou0_.user_height=?
Hibernate: 
    insert 
    into
        clothes_image
        (closets_post_id, path, stores_post_id, type) 
    values
        (?, ?, ?, ?)
Hibernate: 
    insert 
    into
        clothes_image
        (closets_post_id, path, stores_post_id, type) 
    values
        (?, ?, ?, ?)
Hibernate: 
    insert 
    into
        stores
        (created_date, modified_date, author_id, clothes_info_id, colors_name, materials_name, style_name, clothes_length, content, price, sales_info_clothes_id, sales_info_status_id, sales_info_user_id, status, title) 
    values
        (?, ?, ?, ?, ?, ?, ?, ?, ?, ?, ?, ?, ?, ?, ?)
Hibernate: 
    update
        clothes_image 
    set
        closets_post_id=?,
        path=?,
        stores_post_id=?,
        type=? 
    where
        id=?
Hibernate: 
    update
        clothes_image 
    set
        closets_post_id=?,
        path=?,
        stores_post_id=?,
        type=? 
    where
        id=?
Hibernate: 
    select
        stores0_.id as id1_12_,
        stores0_.created_date as created_2_12_,
        stores0_.modified_date as modified3_12_,
        stores0_.author_id as author_i9_12_,
        stores0_.clothes_info_id as clothes10_12_,
        stores0_.colors_name as colors_11_12_,
        stores0_.materials_name as materia12_12_,
        stores0_.style_name as style_n13_12_,
        stores0_.clothes_length as clothes_4_12_,
        stores0_.content as content5_12_,
        stores0_.price as price6_12_,
        stores0_.sales_info_clothes_id as sales_i14_12_,
        stores0_.sales_info_status_id as sales_i15_12_,
        stores0_.sales_info_user_id as sales_i16_12_,
        stores0_.status as status7_12_,
        stores0_.title as title8_12_ 
    from
        stores stores0_
Hibernate: 
    select
        members0_.id as id1_6_0_,
        members0_.email as email2_6_0_,
        members0_.image as image3_6_0_,
        members0_.name as name4_6_0_,
        members0_.nickname as nickname5_6_0_,
        members0_.password as password6_6_0_,
        members0_.phone as phone7_6_0_,
        members0_.refresh_token as refresh_8_6_0_,
        members0_.role as role9_6_0_ 
    from
        members members0_ 
    where
        members0_.id=?
Hibernate: 
    select
        clothesinf0_.id as id1_2_0_,
        clothesinf0_.categoryl as category2_2_0_,
        clothesinf0_.categorys as category3_2_0_,
        clothesinf0_.fit as fit4_2_0_,
        clothesinf0_.length as length5_2_0_ 
    from
        clothes_info clothesinf0_ 
    where
        clothesinf0_.id=?
Hibernate: 
    select
        colors0_.id as id1_4_0_,
        colors0_.name as name2_4_0_ 
    from
        colors colors0_ 
    where
        colors0_.name=?
Hibernate: 
    select
        materials0_.id as id1_5_0_,
        materials0_.name as name2_5_0_ 
    from
        materials materials0_ 
    where
        materials0_.name=?
Hibernate: 
    select
        style0_.id as id1_14_0_,
        style0_.name as name2_14_0_ 
    from
        style style0_ 
    where
        style0_.name=?
Hibernate: 
    select
        salesinfoc0_.id as id1_9_0_,
        salesinfoc0_.clothes_brand as clothes_2_9_0_,
        salesinfoc0_.clothes_color as clothes_3_9_0_,
        salesinfoc0_.clothes_gender as clothes_4_9_0_,
        salesinfoc0_.clothes_size as clothes_5_9_0_ 
    from
        sales_info_clothes salesinfoc0_ 
    where
        salesinfoc0_.id=?
Hibernate: 
    select
        salesinfos0_.id as id1_10_0_,
        salesinfos0_.status_score as status_s2_10_0_,
        salesinfos0_.status_tag as status_t3_10_0_,
        salesinfos0_.status_times as status_t4_10_0_,
        salesinfos0_.status_when2buy as status_w5_10_0_,
        salesinfos0_.transport as transpor6_10_0_ 
    from
        sales_info_status salesinfos0_ 
    where
        salesinfos0_.id=?
Hibernate: 
    select
        salesinfou0_.id as id1_11_0_,
        salesinfou0_.user_height as user_hei2_11_0_,
        salesinfou0_.user_size as user_siz3_11_0_,
        salesinfou0_.user_weight as user_wei4_11_0_ 
    from
        sales_info_user salesinfou0_ 
    where
        salesinfou0_.id=?
Hibernate: 
    select
        clothesinf0_.id as id1_2_0_,
        clothesinf0_.categoryl as category2_2_0_,
        clothesinf0_.categorys as category3_2_0_,
        clothesinf0_.fit as fit4_2_0_,
        clothesinf0_.length as length5_2_0_ 
    from
        clothes_info clothesinf0_ 
    where
        clothesinf0_.id=?
Hibernate: 
    select
        colors0_.id as id1_4_0_,
        colors0_.name as name2_4_0_ 
    from
        colors colors0_ 
    where
        colors0_.name=?
Hibernate: 
    select
        materials0_.id as id1_5_0_,
        materials0_.name as name2_5_0_ 
    from
        materials materials0_ 
    where
        materials0_.name=?
Hibernate: 
    select
        style0_.id as id1_14_0_,
        style0_.name as name2_14_0_ 
    from
        style style0_ 
    where
        style0_.name=?
Hibernate: 
    select
        salesinfoc0_.id as id1_9_0_,
        salesinfoc0_.clothes_brand as clothes_2_9_0_,
        salesinfoc0_.clothes_color as clothes_3_9_0_,
        salesinfoc0_.clothes_gender as clothes_4_9_0_,
        salesinfoc0_.clothes_size as clothes_5_9_0_ 
    from
        sales_info_clothes salesinfoc0_ 
    where
        salesinfoc0_.id=?
Hibernate: 
    select
        salesinfos0_.id as id1_10_0_,
        salesinfos0_.status_score as status_s2_10_0_,
        salesinfos0_.status_tag as status_t3_10_0_,
        salesinfos0_.status_times as status_t4_10_0_,
        salesinfos0_.status_when2buy as status_w5_10_0_,
        salesinfos0_.transport as transpor6_10_0_ 
    from
        sales_info_status salesinfos0_ 
    where
        salesinfos0_.id=?
Hibernate: 
    select
        salesinfou0_.id as id1_11_0_,
        salesinfou0_.user_height as user_hei2_11_0_,
        salesinfou0_.user_size as user_siz3_11_0_,
        salesinfou0_.user_weight as user_wei4_11_0_ 
    from
        sales_info_user salesinfou0_ 
    where
        salesinfou0_.id=?
Hibernate: 
    select
        clothesinf0_.id as id1_2_0_,
        clothesinf0_.categoryl as category2_2_0_,
        clothesinf0_.categorys as category3_2_0_,
        clothesinf0_.fit as fit4_2_0_,
        clothesinf0_.length as length5_2_0_ 
    from
        clothes_info clothesinf0_ 
    where
        clothesinf0_.id=?
Hibernate: 
    select
        colors0_.id as id1_4_0_,
        colors0_.name as name2_4_0_ 
    from
        colors colors0_ 
    where
        colors0_.name=?
Hibernate: 
    select
        materials0_.id as id1_5_0_,
        materials0_.name as name2_5_0_ 
    from
        materials materials0_ 
    where
        materials0_.name=?
Hibernate: 
    select
        style0_.id as id1_14_0_,
        style0_.name as name2_14_0_ 
    from
        style style0_ 
    where
        style0_.name=?
Hibernate: 
    select
        salesinfoc0_.id as id1_9_0_,
        salesinfoc0_.clothes_brand as clothes_2_9_0_,
        salesinfoc0_.clothes_color as clothes_3_9_0_,
        salesinfoc0_.clothes_gender as clothes_4_9_0_,
        salesinfoc0_.clothes_size as clothes_5_9_0_ 
    from
        sales_info_clothes salesinfoc0_ 
    where
        salesinfoc0_.id=?
Hibernate: 
    select
        salesinfos0_.id as id1_10_0_,
        salesinfos0_.status_score as status_s2_10_0_,
        salesinfos0_.status_tag as status_t3_10_0_,
        salesinfos0_.status_times as status_t4_10_0_,
        salesinfos0_.status_when2buy as status_w5_10_0_,
        salesinfos0_.transport as transpor6_10_0_ 
    from
        sales_info_status salesinfos0_ 
    where
        salesinfos0_.id=?
Hibernate: 
    select
        salesinfou0_.id as id1_11_0_,
        salesinfou0_.user_height as user_hei2_11_0_,
        salesinfou0_.user_size as user_siz3_11_0_,
        salesinfou0_.user_weight as user_wei4_11_0_ 
    from
        sales_info_user salesinfou0_ 
    where
        salesinfou0_.id=?
Hibernate: 
    select
        clothesinf0_.id as id1_2_0_,
        clothesinf0_.categoryl as category2_2_0_,
        clothesinf0_.categorys as category3_2_0_,
        clothesinf0_.fit as fit4_2_0_,
        clothesinf0_.length as length5_2_0_ 
    from
        clothes_info clothesinf0_ 
    where
        clothesinf0_.id=?
Hibernate: 
    select
        colors0_.id as id1_4_0_,
        colors0_.name as name2_4_0_ 
    from
        colors colors0_ 
    where
        colors0_.name=?
Hibernate: 
    select
        materials0_.id as id1_5_0_,
        materials0_.name as name2_5_0_ 
    from
        materials materials0_ 
    where
        materials0_.name=?
Hibernate: 
    select
        style0_.id as id1_14_0_,
        style0_.name as name2_14_0_ 
    from
        style style0_ 
    where
        style0_.name=?
Hibernate: 
    select
        salesinfoc0_.id as id1_9_0_,
        salesinfoc0_.clothes_brand as clothes_2_9_0_,
        salesinfoc0_.clothes_color as clothes_3_9_0_,
        salesinfoc0_.clothes_gender as clothes_4_9_0_,
        salesinfoc0_.clothes_size as clothes_5_9_0_ 
    from
        sales_info_clothes salesinfoc0_ 
    where
        salesinfoc0_.id=?
Hibernate: 
    select
        salesinfos0_.id as id1_10_0_,
        salesinfos0_.status_score as status_s2_10_0_,
        salesinfos0_.status_tag as status_t3_10_0_,
        salesinfos0_.status_times as status_t4_10_0_,
        salesinfos0_.status_when2buy as status_w5_10_0_,
        salesinfos0_.transport as transpor6_10_0_ 
    from
        sales_info_status salesinfos0_ 
    where
        salesinfos0_.id=?
Hibernate: 
    select
        salesinfou0_.id as id1_11_0_,
        salesinfou0_.user_height as user_hei2_11_0_,
        salesinfou0_.user_size as user_siz3_11_0_,
        salesinfou0_.user_weight as user_wei4_11_0_ 
    from
        sales_info_user salesinfou0_ 
    where
        salesinfou0_.id=?
Hibernate: 
    select
        clothesinf0_.id as id1_2_0_,
        clothesinf0_.categoryl as category2_2_0_,
        clothesinf0_.categorys as category3_2_0_,
        clothesinf0_.fit as fit4_2_0_,
        clothesinf0_.length as length5_2_0_ 
    from
        clothes_info clothesinf0_ 
    where
        clothesinf0_.id=?
Hibernate: 
    select
        materials0_.id as id1_5_0_,
        materials0_.name as name2_5_0_ 
    from
        materials materials0_ 
    where
        materials0_.name=?
Hibernate: 
    select
        style0_.id as id1_14_0_,
        style0_.name as name2_14_0_ 
    from
        style style0_ 
    where
        style0_.name=?
Hibernate: 
    select
        salesinfoc0_.id as id1_9_0_,
        salesinfoc0_.clothes_brand as clothes_2_9_0_,
        salesinfoc0_.clothes_color as clothes_3_9_0_,
        salesinfoc0_.clothes_gender as clothes_4_9_0_,
        salesinfoc0_.clothes_size as clothes_5_9_0_ 
    from
        sales_info_clothes salesinfoc0_ 
    where
        salesinfoc0_.id=?
Hibernate: 
    select
        salesinfos0_.id as id1_10_0_,
        salesinfos0_.status_score as status_s2_10_0_,
        salesinfos0_.status_tag as status_t3_10_0_,
        salesinfos0_.status_times as status_t4_10_0_,
        salesinfos0_.status_when2buy as status_w5_10_0_,
        salesinfos0_.transport as transpor6_10_0_ 
    from
        sales_info_status salesinfos0_ 
    where
        salesinfos0_.id=?
Hibernate: 
    select
        salesinfou0_.id as id1_11_0_,
        salesinfou0_.user_height as user_hei2_11_0_,
        salesinfou0_.user_size as user_siz3_11_0_,
        salesinfou0_.user_weight as user_wei4_11_0_ 
    from
        sales_info_user salesinfou0_ 
    where
        salesinfou0_.id=?
Hibernate: 
    select
        clothesinf0_.id as id1_2_0_,
        clothesinf0_.categoryl as category2_2_0_,
        clothesinf0_.categorys as category3_2_0_,
        clothesinf0_.fit as fit4_2_0_,
        clothesinf0_.length as length5_2_0_ 
    from
        clothes_info clothesinf0_ 
    where
        clothesinf0_.id=?
Hibernate: 
    select
        colors0_.id as id1_4_0_,
        colors0_.name as name2_4_0_ 
    from
        colors colors0_ 
    where
        colors0_.name=?
Hibernate: 
    select
        clothesima0_.id as id1_3_,
        clothesima0_.closets_post_id as closets_4_3_,
        clothesima0_.path as path2_3_,
        clothesima0_.stores_post_id as stores_p5_3_,
        clothesima0_.type as type3_3_ 
    from
        clothes_image clothesima0_
Hibernate: 
    select
        stores0_.id as id1_12_0_,
        stores0_.created_date as created_2_12_0_,
        stores0_.modified_date as modified3_12_0_,
        stores0_.author_id as author_i9_12_0_,
        stores0_.clothes_info_id as clothes10_12_0_,
        stores0_.colors_name as colors_11_12_0_,
        stores0_.materials_name as materia12_12_0_,
        stores0_.style_name as style_n13_12_0_,
        stores0_.clothes_length as clothes_4_12_0_,
        stores0_.content as content5_12_0_,
        stores0_.price as price6_12_0_,
        stores0_.sales_info_clothes_id as sales_i14_12_0_,
        stores0_.sales_info_status_id as sales_i15_12_0_,
        stores0_.sales_info_user_id as sales_i16_12_0_,
        stores0_.status as status7_12_0_,
        stores0_.title as title8_12_0_,
        members1_.id as id1_6_1_,
        members1_.email as email2_6_1_,
        members1_.image as image3_6_1_,
        members1_.name as name4_6_1_,
        members1_.nickname as nickname5_6_1_,
        members1_.password as password6_6_1_,
        members1_.phone as phone7_6_1_,
        members1_.refresh_token as refresh_8_6_1_,
        members1_.role as role9_6_1_,
        clothesinf2_.id as id1_2_2_,
        clothesinf2_.categoryl as category2_2_2_,
        clothesinf2_.categorys as category3_2_2_,
        clothesinf2_.fit as fit4_2_2_,
        clothesinf2_.length as length5_2_2_,
        colors3_.id as id1_4_3_,
        colors3_.name as name2_4_3_,
        materials4_.id as id1_5_4_,
        materials4_.name as name2_5_4_,
        style5_.id as id1_14_5_,
        style5_.name as name2_14_5_,
        salesinfoc6_.id as id1_9_6_,
        salesinfoc6_.clothes_brand as clothes_2_9_6_,
        salesinfoc6_.clothes_color as clothes_3_9_6_,
        salesinfoc6_.clothes_gender as clothes_4_9_6_,
        salesinfoc6_.clothes_size as clothes_5_9_6_,
        salesinfos7_.id as id1_10_7_,
        salesinfos7_.status_score as status_s2_10_7_,
        salesinfos7_.status_tag as status_t3_10_7_,
        salesinfos7_.status_times as status_t4_10_7_,
        salesinfos7_.status_when2buy as status_w5_10_7_,
        salesinfos7_.transport as transpor6_10_7_,
        salesinfou8_.id as id1_11_8_,
        salesinfou8_.user_height as user_hei2_11_8_,
        salesinfou8_.user_size as user_siz3_11_8_,
        salesinfou8_.user_weight as user_wei4_11_8_ 
    from
        stores stores0_ 
    left outer join
        members members1_ 
            on stores0_.author_id=members1_.id 
    left outer join
        clothes_info clothesinf2_ 
            on stores0_.clothes_info_id=clothesinf2_.id 
    left outer join
        colors colors3_ 
            on stores0_.colors_name=colors3_.name 
    left outer join
        materials materials4_ 
            on stores0_.materials_name=materials4_.name 
    left outer join
        style style5_ 
            on stores0_.style_name=style5_.name 
    left outer join
        sales_info_clothes salesinfoc6_ 
            on stores0_.sales_info_clothes_id=salesinfoc6_.id 
    left outer join
        sales_info_status salesinfos7_ 
            on stores0_.sales_info_status_id=salesinfos7_.id 
    left outer join
        sales_info_user salesinfou8_ 
            on stores0_.sales_info_user_id=salesinfou8_.id 
    where
        stores0_.id=?
Hibernate: 
    select
        stores0_.id as id1_12_0_,
        stores0_.created_date as created_2_12_0_,
        stores0_.modified_date as modified3_12_0_,
        stores0_.author_id as author_i9_12_0_,
        stores0_.clothes_info_id as clothes10_12_0_,
        stores0_.colors_name as colors_11_12_0_,
        stores0_.materials_name as materia12_12_0_,
        stores0_.style_name as style_n13_12_0_,
        stores0_.clothes_length as clothes_4_12_0_,
        stores0_.content as content5_12_0_,
        stores0_.price as price6_12_0_,
        stores0_.sales_info_clothes_id as sales_i14_12_0_,
        stores0_.sales_info_status_id as sales_i15_12_0_,
        stores0_.sales_info_user_id as sales_i16_12_0_,
        stores0_.status as status7_12_0_,
        stores0_.title as title8_12_0_,
        members1_.id as id1_6_1_,
        members1_.email as email2_6_1_,
        members1_.image as image3_6_1_,
        members1_.name as name4_6_1_,
        members1_.nickname as nickname5_6_1_,
        members1_.password as password6_6_1_,
        members1_.phone as phone7_6_1_,
        members1_.refresh_token as refresh_8_6_1_,
        members1_.role as role9_6_1_,
        clothesinf2_.id as id1_2_2_,
        clothesinf2_.categoryl as category2_2_2_,
        clothesinf2_.categorys as category3_2_2_,
        clothesinf2_.fit as fit4_2_2_,
        clothesinf2_.length as length5_2_2_,
        colors3_.id as id1_4_3_,
        colors3_.name as name2_4_3_,
        materials4_.id as id1_5_4_,
        materials4_.name as name2_5_4_,
        style5_.id as id1_14_5_,
        style5_.name as name2_14_5_,
        salesinfoc6_.id as id1_9_6_,
        salesinfoc6_.clothes_brand as clothes_2_9_6_,
        salesinfoc6_.clothes_color as clothes_3_9_6_,
        salesinfoc6_.clothes_gender as clothes_4_9_6_,
        salesinfoc6_.clothes_size as clothes_5_9_6_,
        salesinfos7_.id as id1_10_7_,
        salesinfos7_.status_score as status_s2_10_7_,
        salesinfos7_.status_tag as status_t3_10_7_,
        salesinfos7_.status_times as status_t4_10_7_,
        salesinfos7_.status_when2buy as status_w5_10_7_,
        salesinfos7_.transport as transpor6_10_7_,
        salesinfou8_.id as id1_11_8_,
        salesinfou8_.user_height as user_hei2_11_8_,
        salesinfou8_.user_size as user_siz3_11_8_,
        salesinfou8_.user_weight as user_wei4_11_8_ 
    from
        stores stores0_ 
    left outer join
        members members1_ 
            on stores0_.author_id=members1_.id 
    left outer join
        clothes_info clothesinf2_ 
            on stores0_.clothes_info_id=clothesinf2_.id 
    left outer join
        colors colors3_ 
            on stores0_.colors_name=colors3_.name 
    left outer join
        materials materials4_ 
            on stores0_.materials_name=materials4_.name 
    left outer join
        style style5_ 
            on stores0_.style_name=style5_.name 
    left outer join
        sales_info_clothes salesinfoc6_ 
            on stores0_.sales_info_clothes_id=salesinfoc6_.id 
    left outer join
        sales_info_status salesinfos7_ 
            on stores0_.sales_info_status_id=salesinfos7_.id 
    left outer join
        sales_info_user salesinfou8_ 
            on stores0_.sales_info_user_id=salesinfou8_.id 
    where
        stores0_.id=?
Hibernate: 
    select
        stores0_.id as id1_12_0_,
        stores0_.created_date as created_2_12_0_,
        stores0_.modified_date as modified3_12_0_,
        stores0_.author_id as author_i9_12_0_,
        stores0_.clothes_info_id as clothes10_12_0_,
        stores0_.colors_name as colors_11_12_0_,
        stores0_.materials_name as materia12_12_0_,
        stores0_.style_name as style_n13_12_0_,
        stores0_.clothes_length as clothes_4_12_0_,
        stores0_.content as content5_12_0_,
        stores0_.price as price6_12_0_,
        stores0_.sales_info_clothes_id as sales_i14_12_0_,
        stores0_.sales_info_status_id as sales_i15_12_0_,
        stores0_.sales_info_user_id as sales_i16_12_0_,
        stores0_.status as status7_12_0_,
        stores0_.title as title8_12_0_,
        members1_.id as id1_6_1_,
        members1_.email as email2_6_1_,
        members1_.image as image3_6_1_,
        members1_.name as name4_6_1_,
        members1_.nickname as nickname5_6_1_,
        members1_.password as password6_6_1_,
        members1_.phone as phone7_6_1_,
        members1_.refresh_token as refresh_8_6_1_,
        members1_.role as role9_6_1_,
        clothesinf2_.id as id1_2_2_,
        clothesinf2_.categoryl as category2_2_2_,
        clothesinf2_.categorys as category3_2_2_,
        clothesinf2_.fit as fit4_2_2_,
        clothesinf2_.length as length5_2_2_,
        colors3_.id as id1_4_3_,
        colors3_.name as name2_4_3_,
        materials4_.id as id1_5_4_,
        materials4_.name as name2_5_4_,
        style5_.id as id1_14_5_,
        style5_.name as name2_14_5_,
        salesinfoc6_.id as id1_9_6_,
        salesinfoc6_.clothes_brand as clothes_2_9_6_,
        salesinfoc6_.clothes_color as clothes_3_9_6_,
        salesinfoc6_.clothes_gender as clothes_4_9_6_,
        salesinfoc6_.clothes_size as clothes_5_9_6_,
        salesinfos7_.id as id1_10_7_,
        salesinfos7_.status_score as status_s2_10_7_,
        salesinfos7_.status_tag as status_t3_10_7_,
        salesinfos7_.status_times as status_t4_10_7_,
        salesinfos7_.status_when2buy as status_w5_10_7_,
        salesinfos7_.transport as transpor6_10_7_,
        salesinfou8_.id as id1_11_8_,
        salesinfou8_.user_height as user_hei2_11_8_,
        salesinfou8_.user_size as user_siz3_11_8_,
        salesinfou8_.user_weight as user_wei4_11_8_ 
    from
        stores stores0_ 
    left outer join
        members members1_ 
            on stores0_.author_id=members1_.id 
    left outer join
        clothes_info clothesinf2_ 
            on stores0_.clothes_info_id=clothesinf2_.id 
    left outer join
        colors colors3_ 
            on stores0_.colors_name=colors3_.name 
    left outer join
        materials materials4_ 
            on stores0_.materials_name=materials4_.name 
    left outer join
        style style5_ 
            on stores0_.style_name=style5_.name 
    left outer join
        sales_info_clothes salesinfoc6_ 
            on stores0_.sales_info_clothes_id=salesinfoc6_.id 
    left outer join
        sales_info_status salesinfos7_ 
            on stores0_.sales_info_status_id=salesinfos7_.id 
    left outer join
        sales_info_user salesinfou8_ 
            on stores0_.sales_info_user_id=salesinfou8_.id 
    where
        stores0_.id=?
Hibernate: 
    select
        stores0_.id as id1_12_0_,
        stores0_.created_date as created_2_12_0_,
        stores0_.modified_date as modified3_12_0_,
        stores0_.author_id as author_i9_12_0_,
        stores0_.clothes_info_id as clothes10_12_0_,
        stores0_.colors_name as colors_11_12_0_,
        stores0_.materials_name as materia12_12_0_,
        stores0_.style_name as style_n13_12_0_,
        stores0_.clothes_length as clothes_4_12_0_,
        stores0_.content as content5_12_0_,
        stores0_.price as price6_12_0_,
        stores0_.sales_info_clothes_id as sales_i14_12_0_,
        stores0_.sales_info_status_id as sales_i15_12_0_,
        stores0_.sales_info_user_id as sales_i16_12_0_,
        stores0_.status as status7_12_0_,
        stores0_.title as title8_12_0_,
        members1_.id as id1_6_1_,
        members1_.email as email2_6_1_,
        members1_.image as image3_6_1_,
        members1_.name as name4_6_1_,
        members1_.nickname as nickname5_6_1_,
        members1_.password as password6_6_1_,
        members1_.phone as phone7_6_1_,
        members1_.refresh_token as refresh_8_6_1_,
        members1_.role as role9_6_1_,
        clothesinf2_.id as id1_2_2_,
        clothesinf2_.categoryl as category2_2_2_,
        clothesinf2_.categorys as category3_2_2_,
        clothesinf2_.fit as fit4_2_2_,
        clothesinf2_.length as length5_2_2_,
        colors3_.id as id1_4_3_,
        colors3_.name as name2_4_3_,
        materials4_.id as id1_5_4_,
        materials4_.name as name2_5_4_,
        style5_.id as id1_14_5_,
        style5_.name as name2_14_5_,
        salesinfoc6_.id as id1_9_6_,
        salesinfoc6_.clothes_brand as clothes_2_9_6_,
        salesinfoc6_.clothes_color as clothes_3_9_6_,
        salesinfoc6_.clothes_gender as clothes_4_9_6_,
        salesinfoc6_.clothes_size as clothes_5_9_6_,
        salesinfos7_.id as id1_10_7_,
        salesinfos7_.status_score as status_s2_10_7_,
        salesinfos7_.status_tag as status_t3_10_7_,
        salesinfos7_.status_times as status_t4_10_7_,
        salesinfos7_.status_when2buy as status_w5_10_7_,
        salesinfos7_.transport as transpor6_10_7_,
        salesinfou8_.id as id1_11_8_,
        salesinfou8_.user_height as user_hei2_11_8_,
        salesinfou8_.user_size as user_siz3_11_8_,
        salesinfou8_.user_weight as user_wei4_11_8_ 
    from
        stores stores0_ 
    left outer join
        members members1_ 
            on stores0_.author_id=members1_.id 
    left outer join
        clothes_info clothesinf2_ 
            on stores0_.clothes_info_id=clothesinf2_.id 
    left outer join
        colors colors3_ 
            on stores0_.colors_name=colors3_.name 
    left outer join
        materials materials4_ 
            on stores0_.materials_name=materials4_.name 
    left outer join
        style style5_ 
            on stores0_.style_name=style5_.name 
    left outer join
        sales_info_clothes salesinfoc6_ 
            on stores0_.sales_info_clothes_id=salesinfoc6_.id 
    left outer join
        sales_info_status salesinfos7_ 
            on stores0_.sales_info_status_id=salesinfos7_.id 
    left outer join
        sales_info_user salesinfou8_ 
            on stores0_.sales_info_user_id=salesinfou8_.id 
    where
        stores0_.id=?
Hibernate: 
    select
        stores0_.id as id1_12_0_,
        stores0_.created_date as created_2_12_0_,
        stores0_.modified_date as modified3_12_0_,
        stores0_.author_id as author_i9_12_0_,
        stores0_.clothes_info_id as clothes10_12_0_,
        stores0_.colors_name as colors_11_12_0_,
        stores0_.materials_name as materia12_12_0_,
        stores0_.style_name as style_n13_12_0_,
        stores0_.clothes_length as clothes_4_12_0_,
        stores0_.content as content5_12_0_,
        stores0_.price as price6_12_0_,
        stores0_.sales_info_clothes_id as sales_i14_12_0_,
        stores0_.sales_info_status_id as sales_i15_12_0_,
        stores0_.sales_info_user_id as sales_i16_12_0_,
        stores0_.status as status7_12_0_,
        stores0_.title as title8_12_0_,
        members1_.id as id1_6_1_,
        members1_.email as email2_6_1_,
        members1_.image as image3_6_1_,
        members1_.name as name4_6_1_,
        members1_.nickname as nickname5_6_1_,
        members1_.password as password6_6_1_,
        members1_.phone as phone7_6_1_,
        members1_.refresh_token as refresh_8_6_1_,
        members1_.role as role9_6_1_,
        clothesinf2_.id as id1_2_2_,
        clothesinf2_.categoryl as category2_2_2_,
        clothesinf2_.categorys as category3_2_2_,
        clothesinf2_.fit as fit4_2_2_,
        clothesinf2_.length as length5_2_2_,
        colors3_.id as id1_4_3_,
        colors3_.name as name2_4_3_,
        materials4_.id as id1_5_4_,
        materials4_.name as name2_5_4_,
        style5_.id as id1_14_5_,
        style5_.name as name2_14_5_,
        salesinfoc6_.id as id1_9_6_,
        salesinfoc6_.clothes_brand as clothes_2_9_6_,
        salesinfoc6_.clothes_color as clothes_3_9_6_,
        salesinfoc6_.clothes_gender as clothes_4_9_6_,
        salesinfoc6_.clothes_size as clothes_5_9_6_,
        salesinfos7_.id as id1_10_7_,
        salesinfos7_.status_score as status_s2_10_7_,
        salesinfos7_.status_tag as status_t3_10_7_,
        salesinfos7_.status_times as status_t4_10_7_,
        salesinfos7_.status_when2buy as status_w5_10_7_,
        salesinfos7_.transport as transpor6_10_7_,
        salesinfou8_.id as id1_11_8_,
        salesinfou8_.user_height as user_hei2_11_8_,
        salesinfou8_.user_size as user_siz3_11_8_,
        salesinfou8_.user_weight as user_wei4_11_8_ 
    from
        stores stores0_ 
    left outer join
        members members1_ 
            on stores0_.author_id=members1_.id 
    left outer join
        clothes_info clothesinf2_ 
            on stores0_.clothes_info_id=clothesinf2_.id 
    left outer join
        colors colors3_ 
            on stores0_.colors_name=colors3_.name 
    left outer join
        materials materials4_ 
            on stores0_.materials_name=materials4_.name 
    left outer join
        style style5_ 
            on stores0_.style_name=style5_.name 
    left outer join
        sales_info_clothes salesinfoc6_ 
            on stores0_.sales_info_clothes_id=salesinfoc6_.id 
    left outer join
        sales_info_status salesinfos7_ 
            on stores0_.sales_info_status_id=salesinfos7_.id 
    left outer join
        sales_info_user salesinfou8_ 
            on stores0_.sales_info_user_id=salesinfou8_.id 
    where
        stores0_.id=?
Hibernate: 
    select
        stores0_.id as id1_12_0_,
        stores0_.created_date as created_2_12_0_,
        stores0_.modified_date as modified3_12_0_,
        stores0_.author_id as author_i9_12_0_,
        stores0_.clothes_info_id as clothes10_12_0_,
        stores0_.colors_name as colors_11_12_0_,
        stores0_.materials_name as materia12_12_0_,
        stores0_.style_name as style_n13_12_0_,
        stores0_.clothes_length as clothes_4_12_0_,
        stores0_.content as content5_12_0_,
        stores0_.price as price6_12_0_,
        stores0_.sales_info_clothes_id as sales_i14_12_0_,
        stores0_.sales_info_status_id as sales_i15_12_0_,
        stores0_.sales_info_user_id as sales_i16_12_0_,
        stores0_.status as status7_12_0_,
        stores0_.title as title8_12_0_,
        members1_.id as id1_6_1_,
        members1_.email as email2_6_1_,
        members1_.image as image3_6_1_,
        members1_.name as name4_6_1_,
        members1_.nickname as nickname5_6_1_,
        members1_.password as password6_6_1_,
        members1_.phone as phone7_6_1_,
        members1_.refresh_token as refresh_8_6_1_,
        members1_.role as role9_6_1_,
        clothesinf2_.id as id1_2_2_,
        clothesinf2_.categoryl as category2_2_2_,
        clothesinf2_.categorys as category3_2_2_,
        clothesinf2_.fit as fit4_2_2_,
        clothesinf2_.length as length5_2_2_,
        colors3_.id as id1_4_3_,
        colors3_.name as name2_4_3_,
        materials4_.id as id1_5_4_,
        materials4_.name as name2_5_4_,
        style5_.id as id1_14_5_,
        style5_.name as name2_14_5_,
        salesinfoc6_.id as id1_9_6_,
        salesinfoc6_.clothes_brand as clothes_2_9_6_,
        salesinfoc6_.clothes_color as clothes_3_9_6_,
        salesinfoc6_.clothes_gender as clothes_4_9_6_,
        salesinfoc6_.clothes_size as clothes_5_9_6_,
        salesinfos7_.id as id1_10_7_,
        salesinfos7_.status_score as status_s2_10_7_,
        salesinfos7_.status_tag as status_t3_10_7_,
        salesinfos7_.status_times as status_t4_10_7_,
        salesinfos7_.status_when2buy as status_w5_10_7_,
        salesinfos7_.transport as transpor6_10_7_,
        salesinfou8_.id as id1_11_8_,
        salesinfou8_.user_height as user_hei2_11_8_,
        salesinfou8_.user_size as user_siz3_11_8_,
        salesinfou8_.user_weight as user_wei4_11_8_ 
    from
        stores stores0_ 
    left outer join
        members members1_ 
            on stores0_.author_id=members1_.id 
    left outer join
        clothes_info clothesinf2_ 
            on stores0_.clothes_info_id=clothesinf2_.id 
    left outer join
        colors colors3_ 
            on stores0_.colors_name=colors3_.name 
    left outer join
        materials materials4_ 
            on stores0_.materials_name=materials4_.name 
    left outer join
        style style5_ 
            on stores0_.style_name=style5_.name 
    left outer join
        sales_info_clothes salesinfoc6_ 
            on stores0_.sales_info_clothes_id=salesinfoc6_.id 
    left outer join
        sales_info_status salesinfos7_ 
            on stores0_.sales_info_status_id=salesinfos7_.id 
    left outer join
        sales_info_user salesinfou8_ 
            on stores0_.sales_info_user_id=salesinfou8_.id 
    where
        stores0_.id=?
Hibernate: 
    select
        stores0_.id as id1_12_0_,
        stores0_.created_date as created_2_12_0_,
        stores0_.modified_date as modified3_12_0_,
        stores0_.author_id as author_i9_12_0_,
        stores0_.clothes_info_id as clothes10_12_0_,
        stores0_.colors_name as colors_11_12_0_,
        stores0_.materials_name as materia12_12_0_,
        stores0_.style_name as style_n13_12_0_,
        stores0_.clothes_length as clothes_4_12_0_,
        stores0_.content as content5_12_0_,
        stores0_.price as price6_12_0_,
        stores0_.sales_info_clothes_id as sales_i14_12_0_,
        stores0_.sales_info_status_id as sales_i15_12_0_,
        stores0_.sales_info_user_id as sales_i16_12_0_,
        stores0_.status as status7_12_0_,
        stores0_.title as title8_12_0_,
        members1_.id as id1_6_1_,
        members1_.email as email2_6_1_,
        members1_.image as image3_6_1_,
        members1_.name as name4_6_1_,
        members1_.nickname as nickname5_6_1_,
        members1_.password as password6_6_1_,
        members1_.phone as phone7_6_1_,
        members1_.refresh_token as refresh_8_6_1_,
        members1_.role as role9_6_1_,
        clothesinf2_.id as id1_2_2_,
        clothesinf2_.categoryl as category2_2_2_,
        clothesinf2_.categorys as category3_2_2_,
        clothesinf2_.fit as fit4_2_2_,
        clothesinf2_.length as length5_2_2_,
        colors3_.id as id1_4_3_,
        colors3_.name as name2_4_3_,
        materials4_.id as id1_5_4_,
        materials4_.name as name2_5_4_,
        style5_.id as id1_14_5_,
        style5_.name as name2_14_5_,
        salesinfoc6_.id as id1_9_6_,
        salesinfoc6_.clothes_brand as clothes_2_9_6_,
        salesinfoc6_.clothes_color as clothes_3_9_6_,
        salesinfoc6_.clothes_gender as clothes_4_9_6_,
        salesinfoc6_.clothes_size as clothes_5_9_6_,
        salesinfos7_.id as id1_10_7_,
        salesinfos7_.status_score as status_s2_10_7_,
        salesinfos7_.status_tag as status_t3_10_7_,
        salesinfos7_.status_times as status_t4_10_7_,
        salesinfos7_.status_when2buy as status_w5_10_7_,
        salesinfos7_.transport as transpor6_10_7_,
        salesinfou8_.id as id1_11_8_,
        salesinfou8_.user_height as user_hei2_11_8_,
        salesinfou8_.user_size as user_siz3_11_8_,
        salesinfou8_.user_weight as user_wei4_11_8_ 
    from
        stores stores0_ 
    left outer join
        members members1_ 
            on stores0_.author_id=members1_.id 
    left outer join
        clothes_info clothesinf2_ 
            on stores0_.clothes_info_id=clothesinf2_.id 
    left outer join
        colors colors3_ 
            on stores0_.colors_name=colors3_.name 
    left outer join
        materials materials4_ 
            on stores0_.materials_name=materials4_.name 
    left outer join
        style style5_ 
            on stores0_.style_name=style5_.name 
    left outer join
        sales_info_clothes salesinfoc6_ 
            on stores0_.sales_info_clothes_id=salesinfoc6_.id 
    left outer join
        sales_info_status salesinfos7_ 
            on stores0_.sales_info_status_id=salesinfos7_.id 
    left outer join
        sales_info_user salesinfou8_ 
            on stores0_.sales_info_user_id=salesinfou8_.id 
    where
        stores0_.id=?
Hibernate: 
    select
        stores0_.id as id1_12_0_,
        stores0_.created_date as created_2_12_0_,
        stores0_.modified_date as modified3_12_0_,
        stores0_.author_id as author_i9_12_0_,
        stores0_.clothes_info_id as clothes10_12_0_,
        stores0_.colors_name as colors_11_12_0_,
        stores0_.materials_name as materia12_12_0_,
        stores0_.style_name as style_n13_12_0_,
        stores0_.clothes_length as clothes_4_12_0_,
        stores0_.content as content5_12_0_,
        stores0_.price as price6_12_0_,
        stores0_.sales_info_clothes_id as sales_i14_12_0_,
        stores0_.sales_info_status_id as sales_i15_12_0_,
        stores0_.sales_info_user_id as sales_i16_12_0_,
        stores0_.status as status7_12_0_,
        stores0_.title as title8_12_0_,
        members1_.id as id1_6_1_,
        members1_.email as email2_6_1_,
        members1_.image as image3_6_1_,
        members1_.name as name4_6_1_,
        members1_.nickname as nickname5_6_1_,
        members1_.password as password6_6_1_,
        members1_.phone as phone7_6_1_,
        members1_.refresh_token as refresh_8_6_1_,
        members1_.role as role9_6_1_,
        clothesinf2_.id as id1_2_2_,
        clothesinf2_.categoryl as category2_2_2_,
        clothesinf2_.categorys as category3_2_2_,
        clothesinf2_.fit as fit4_2_2_,
        clothesinf2_.length as length5_2_2_,
        colors3_.id as id1_4_3_,
        colors3_.name as name2_4_3_,
        materials4_.id as id1_5_4_,
        materials4_.name as name2_5_4_,
        style5_.id as id1_14_5_,
        style5_.name as name2_14_5_,
        salesinfoc6_.id as id1_9_6_,
        salesinfoc6_.clothes_brand as clothes_2_9_6_,
        salesinfoc6_.clothes_color as clothes_3_9_6_,
        salesinfoc6_.clothes_gender as clothes_4_9_6_,
        salesinfoc6_.clothes_size as clothes_5_9_6_,
        salesinfos7_.id as id1_10_7_,
        salesinfos7_.status_score as status_s2_10_7_,
        salesinfos7_.status_tag as status_t3_10_7_,
        salesinfos7_.status_times as status_t4_10_7_,
        salesinfos7_.status_when2buy as status_w5_10_7_,
        salesinfos7_.transport as transpor6_10_7_,
        salesinfou8_.id as id1_11_8_,
        salesinfou8_.user_height as user_hei2_11_8_,
        salesinfou8_.user_size as user_siz3_11_8_,
        salesinfou8_.user_weight as user_wei4_11_8_ 
    from
        stores stores0_ 
    left outer join
        members members1_ 
            on stores0_.author_id=members1_.id 
    left outer join
        clothes_info clothesinf2_ 
            on stores0_.clothes_info_id=clothesinf2_.id 
    left outer join
        colors colors3_ 
            on stores0_.colors_name=colors3_.name 
    left outer join
        materials materials4_ 
            on stores0_.materials_name=materials4_.name 
    left outer join
        style style5_ 
            on stores0_.style_name=style5_.name 
    left outer join
        sales_info_clothes salesinfoc6_ 
            on stores0_.sales_info_clothes_id=salesinfoc6_.id 
    left outer join
        sales_info_status salesinfos7_ 
            on stores0_.sales_info_status_id=salesinfos7_.id 
    left outer join
        sales_info_user salesinfou8_ 
            on stores0_.sales_info_user_id=salesinfou8_.id 
    where
        stores0_.id=?
Hibernate: 
    select
        stores0_.id as id1_12_0_,
        stores0_.created_date as created_2_12_0_,
        stores0_.modified_date as modified3_12_0_,
        stores0_.author_id as author_i9_12_0_,
        stores0_.clothes_info_id as clothes10_12_0_,
        stores0_.colors_name as colors_11_12_0_,
        stores0_.materials_name as materia12_12_0_,
        stores0_.style_name as style_n13_12_0_,
        stores0_.clothes_length as clothes_4_12_0_,
        stores0_.content as content5_12_0_,
        stores0_.price as price6_12_0_,
        stores0_.sales_info_clothes_id as sales_i14_12_0_,
        stores0_.sales_info_status_id as sales_i15_12_0_,
        stores0_.sales_info_user_id as sales_i16_12_0_,
        stores0_.status as status7_12_0_,
        stores0_.title as title8_12_0_,
        members1_.id as id1_6_1_,
        members1_.email as email2_6_1_,
        members1_.image as image3_6_1_,
        members1_.name as name4_6_1_,
        members1_.nickname as nickname5_6_1_,
        members1_.password as password6_6_1_,
        members1_.phone as phone7_6_1_,
        members1_.refresh_token as refresh_8_6_1_,
        members1_.role as role9_6_1_,
        clothesinf2_.id as id1_2_2_,
        clothesinf2_.categoryl as category2_2_2_,
        clothesinf2_.categorys as category3_2_2_,
        clothesinf2_.fit as fit4_2_2_,
        clothesinf2_.length as length5_2_2_,
        colors3_.id as id1_4_3_,
        colors3_.name as name2_4_3_,
        materials4_.id as id1_5_4_,
        materials4_.name as name2_5_4_,
        style5_.id as id1_14_5_,
        style5_.name as name2_14_5_,
        salesinfoc6_.id as id1_9_6_,
        salesinfoc6_.clothes_brand as clothes_2_9_6_,
        salesinfoc6_.clothes_color as clothes_3_9_6_,
        salesinfoc6_.clothes_gender as clothes_4_9_6_,
        salesinfoc6_.clothes_size as clothes_5_9_6_,
        salesinfos7_.id as id1_10_7_,
        salesinfos7_.status_score as status_s2_10_7_,
        salesinfos7_.status_tag as status_t3_10_7_,
        salesinfos7_.status_times as status_t4_10_7_,
        salesinfos7_.status_when2buy as status_w5_10_7_,
        salesinfos7_.transport as transpor6_10_7_,
        salesinfou8_.id as id1_11_8_,
        salesinfou8_.user_height as user_hei2_11_8_,
        salesinfou8_.user_size as user_siz3_11_8_,
        salesinfou8_.user_weight as user_wei4_11_8_ 
    from
        stores stores0_ 
    left outer join
        members members1_ 
            on stores0_.author_id=members1_.id 
    left outer join
        clothes_info clothesinf2_ 
            on stores0_.clothes_info_id=clothesinf2_.id 
    left outer join
        colors colors3_ 
            on stores0_.colors_name=colors3_.name 
    left outer join
        materials materials4_ 
            on stores0_.materials_name=materials4_.name 
    left outer join
        style style5_ 
            on stores0_.style_name=style5_.name 
    left outer join
        sales_info_clothes salesinfoc6_ 
            on stores0_.sales_info_clothes_id=salesinfoc6_.id 
    left outer join
        sales_info_status salesinfos7_ 
            on stores0_.sales_info_status_id=salesinfos7_.id 
    left outer join
        sales_info_user salesinfou8_ 
            on stores0_.sales_info_user_id=salesinfou8_.id 
    where
        stores0_.id=?
Hibernate: 
    select
        stores0_.id as id1_12_0_,
        stores0_.created_date as created_2_12_0_,
        stores0_.modified_date as modified3_12_0_,
        stores0_.author_id as author_i9_12_0_,
        stores0_.clothes_info_id as clothes10_12_0_,
        stores0_.colors_name as colors_11_12_0_,
        stores0_.materials_name as materia12_12_0_,
        stores0_.style_name as style_n13_12_0_,
        stores0_.clothes_length as clothes_4_12_0_,
        stores0_.content as content5_12_0_,
        stores0_.price as price6_12_0_,
        stores0_.sales_info_clothes_id as sales_i14_12_0_,
        stores0_.sales_info_status_id as sales_i15_12_0_,
        stores0_.sales_info_user_id as sales_i16_12_0_,
        stores0_.status as status7_12_0_,
        stores0_.title as title8_12_0_,
        members1_.id as id1_6_1_,
        members1_.email as email2_6_1_,
        members1_.image as image3_6_1_,
        members1_.name as name4_6_1_,
        members1_.nickname as nickname5_6_1_,
        members1_.password as password6_6_1_,
        members1_.phone as phone7_6_1_,
        members1_.refresh_token as refresh_8_6_1_,
        members1_.role as role9_6_1_,
        clothesinf2_.id as id1_2_2_,
        clothesinf2_.categoryl as category2_2_2_,
        clothesinf2_.categorys as category3_2_2_,
        clothesinf2_.fit as fit4_2_2_,
        clothesinf2_.length as length5_2_2_,
        colors3_.id as id1_4_3_,
        colors3_.name as name2_4_3_,
        materials4_.id as id1_5_4_,
        materials4_.name as name2_5_4_,
        style5_.id as id1_14_5_,
        style5_.name as name2_14_5_,
        salesinfoc6_.id as id1_9_6_,
        salesinfoc6_.clothes_brand as clothes_2_9_6_,
        salesinfoc6_.clothes_color as clothes_3_9_6_,
        salesinfoc6_.clothes_gender as clothes_4_9_6_,
        salesinfoc6_.clothes_size as clothes_5_9_6_,
        salesinfos7_.id as id1_10_7_,
        salesinfos7_.status_score as status_s2_10_7_,
        salesinfos7_.status_tag as status_t3_10_7_,
        salesinfos7_.status_times as status_t4_10_7_,
        salesinfos7_.status_when2buy as status_w5_10_7_,
        salesinfos7_.transport as transpor6_10_7_,
        salesinfou8_.id as id1_11_8_,
        salesinfou8_.user_height as user_hei2_11_8_,
        salesinfou8_.user_size as user_siz3_11_8_,
        salesinfou8_.user_weight as user_wei4_11_8_ 
    from
        stores stores0_ 
    left outer join
        members members1_ 
            on stores0_.author_id=members1_.id 
    left outer join
        clothes_info clothesinf2_ 
            on stores0_.clothes_info_id=clothesinf2_.id 
    left outer join
        colors colors3_ 
            on stores0_.colors_name=colors3_.name 
    left outer join
        materials materials4_ 
            on stores0_.materials_name=materials4_.name 
    left outer join
        style style5_ 
            on stores0_.style_name=style5_.name 
    left outer join
        sales_info_clothes salesinfoc6_ 
            on stores0_.sales_info_clothes_id=salesinfoc6_.id 
    left outer join
        sales_info_status salesinfos7_ 
            on stores0_.sales_info_status_id=salesinfos7_.id 
    left outer join
        sales_info_user salesinfou8_ 
            on stores0_.sales_info_user_id=salesinfou8_.id 
    where
        stores0_.id=?
Hibernate: 
    select
        stores0_.id as id1_12_0_,
        stores0_.created_date as created_2_12_0_,
        stores0_.modified_date as modified3_12_0_,
        stores0_.author_id as author_i9_12_0_,
        stores0_.clothes_info_id as clothes10_12_0_,
        stores0_.colors_name as colors_11_12_0_,
        stores0_.materials_name as materia12_12_0_,
        stores0_.style_name as style_n13_12_0_,
        stores0_.clothes_length as clothes_4_12_0_,
        stores0_.content as content5_12_0_,
        stores0_.price as price6_12_0_,
        stores0_.sales_info_clothes_id as sales_i14_12_0_,
        stores0_.sales_info_status_id as sales_i15_12_0_,
        stores0_.sales_info_user_id as sales_i16_12_0_,
        stores0_.status as status7_12_0_,
        stores0_.title as title8_12_0_,
        members1_.id as id1_6_1_,
        members1_.email as email2_6_1_,
        members1_.image as image3_6_1_,
        members1_.name as name4_6_1_,
        members1_.nickname as nickname5_6_1_,
        members1_.password as password6_6_1_,
        members1_.phone as phone7_6_1_,
        members1_.refresh_token as refresh_8_6_1_,
        members1_.role as role9_6_1_,
        clothesinf2_.id as id1_2_2_,
        clothesinf2_.categoryl as category2_2_2_,
        clothesinf2_.categorys as category3_2_2_,
        clothesinf2_.fit as fit4_2_2_,
        clothesinf2_.length as length5_2_2_,
        colors3_.id as id1_4_3_,
        colors3_.name as name2_4_3_,
        materials4_.id as id1_5_4_,
        materials4_.name as name2_5_4_,
        style5_.id as id1_14_5_,
        style5_.name as name2_14_5_,
        salesinfoc6_.id as id1_9_6_,
        salesinfoc6_.clothes_brand as clothes_2_9_6_,
        salesinfoc6_.clothes_color as clothes_3_9_6_,
        salesinfoc6_.clothes_gender as clothes_4_9_6_,
        salesinfoc6_.clothes_size as clothes_5_9_6_,
        salesinfos7_.id as id1_10_7_,
        salesinfos7_.status_score as status_s2_10_7_,
        salesinfos7_.status_tag as status_t3_10_7_,
        salesinfos7_.status_times as status_t4_10_7_,
        salesinfos7_.status_when2buy as status_w5_10_7_,
        salesinfos7_.transport as transpor6_10_7_,
        salesinfou8_.id as id1_11_8_,
        salesinfou8_.user_height as user_hei2_11_8_,
        salesinfou8_.user_size as user_siz3_11_8_,
        salesinfou8_.user_weight as user_wei4_11_8_ 
    from
        stores stores0_ 
    left outer join
        members members1_ 
            on stores0_.author_id=members1_.id 
    left outer join
        clothes_info clothesinf2_ 
            on stores0_.clothes_info_id=clothesinf2_.id 
    left outer join
        colors colors3_ 
            on stores0_.colors_name=colors3_.name 
    left outer join
        materials materials4_ 
            on stores0_.materials_name=materials4_.name 
    left outer join
        style style5_ 
            on stores0_.style_name=style5_.name 
    left outer join
        sales_info_clothes salesinfoc6_ 
            on stores0_.sales_info_clothes_id=salesinfoc6_.id 
    left outer join
        sales_info_status salesinfos7_ 
            on stores0_.sales_info_status_id=salesinfos7_.id 
    left outer join
        sales_info_user salesinfou8_ 
            on stores0_.sales_info_user_id=salesinfou8_.id 
    where
        stores0_.id=?
Hibernate: 
    select
        stores0_.id as id1_12_0_,
        stores0_.created_date as created_2_12_0_,
        stores0_.modified_date as modified3_12_0_,
        stores0_.author_id as author_i9_12_0_,
        stores0_.clothes_info_id as clothes10_12_0_,
        stores0_.colors_name as colors_11_12_0_,
        stores0_.materials_name as materia12_12_0_,
        stores0_.style_name as style_n13_12_0_,
        stores0_.clothes_length as clothes_4_12_0_,
        stores0_.content as content5_12_0_,
        stores0_.price as price6_12_0_,
        stores0_.sales_info_clothes_id as sales_i14_12_0_,
        stores0_.sales_info_status_id as sales_i15_12_0_,
        stores0_.sales_info_user_id as sales_i16_12_0_,
        stores0_.status as status7_12_0_,
        stores0_.title as title8_12_0_,
        members1_.id as id1_6_1_,
        members1_.email as email2_6_1_,
        members1_.image as image3_6_1_,
        members1_.name as name4_6_1_,
        members1_.nickname as nickname5_6_1_,
        members1_.password as password6_6_1_,
        members1_.phone as phone7_6_1_,
        members1_.refresh_token as refresh_8_6_1_,
        members1_.role as role9_6_1_,
        clothesinf2_.id as id1_2_2_,
        clothesinf2_.categoryl as category2_2_2_,
        clothesinf2_.categorys as category3_2_2_,
        clothesinf2_.fit as fit4_2_2_,
        clothesinf2_.length as length5_2_2_,
        colors3_.id as id1_4_3_,
        colors3_.name as name2_4_3_,
        materials4_.id as id1_5_4_,
        materials4_.name as name2_5_4_,
        style5_.id as id1_14_5_,
        style5_.name as name2_14_5_,
        salesinfoc6_.id as id1_9_6_,
        salesinfoc6_.clothes_brand as clothes_2_9_6_,
        salesinfoc6_.clothes_color as clothes_3_9_6_,
        salesinfoc6_.clothes_gender as clothes_4_9_6_,
        salesinfoc6_.clothes_size as clothes_5_9_6_,
        salesinfos7_.id as id1_10_7_,
        salesinfos7_.status_score as status_s2_10_7_,
        salesinfos7_.status_tag as status_t3_10_7_,
        salesinfos7_.status_times as status_t4_10_7_,
        salesinfos7_.status_when2buy as status_w5_10_7_,
        salesinfos7_.transport as transpor6_10_7_,
        salesinfou8_.id as id1_11_8_,
        salesinfou8_.user_height as user_hei2_11_8_,
        salesinfou8_.user_size as user_siz3_11_8_,
        salesinfou8_.user_weight as user_wei4_11_8_ 
    from
        stores stores0_ 
    left outer join
        members members1_ 
            on stores0_.author_id=members1_.id 
    left outer join
        clothes_info clothesinf2_ 
            on stores0_.clothes_info_id=clothesinf2_.id 
    left outer join
        colors colors3_ 
            on stores0_.colors_name=colors3_.name 
    left outer join
        materials materials4_ 
            on stores0_.materials_name=materials4_.name 
    left outer join
        style style5_ 
            on stores0_.style_name=style5_.name 
    left outer join
        sales_info_clothes salesinfoc6_ 
            on stores0_.sales_info_clothes_id=salesinfoc6_.id 
    left outer join
        sales_info_status salesinfos7_ 
            on stores0_.sales_info_status_id=salesinfos7_.id 
    left outer join
        sales_info_user salesinfou8_ 
            on stores0_.sales_info_user_id=salesinfou8_.id 
    where
        stores0_.id=?
Hibernate: 
    select
        stores0_.id as id1_12_0_,
        stores0_.created_date as created_2_12_0_,
        stores0_.modified_date as modified3_12_0_,
        stores0_.author_id as author_i9_12_0_,
        stores0_.clothes_info_id as clothes10_12_0_,
        stores0_.colors_name as colors_11_12_0_,
        stores0_.materials_name as materia12_12_0_,
        stores0_.style_name as style_n13_12_0_,
        stores0_.clothes_length as clothes_4_12_0_,
        stores0_.content as content5_12_0_,
        stores0_.price as price6_12_0_,
        stores0_.sales_info_clothes_id as sales_i14_12_0_,
        stores0_.sales_info_status_id as sales_i15_12_0_,
        stores0_.sales_info_user_id as sales_i16_12_0_,
        stores0_.status as status7_12_0_,
        stores0_.title as title8_12_0_,
        members1_.id as id1_6_1_,
        members1_.email as email2_6_1_,
        members1_.image as image3_6_1_,
        members1_.name as name4_6_1_,
        members1_.nickname as nickname5_6_1_,
        members1_.password as password6_6_1_,
        members1_.phone as phone7_6_1_,
        members1_.refresh_token as refresh_8_6_1_,
        members1_.role as role9_6_1_,
        clothesinf2_.id as id1_2_2_,
        clothesinf2_.categoryl as category2_2_2_,
        clothesinf2_.categorys as category3_2_2_,
        clothesinf2_.fit as fit4_2_2_,
        clothesinf2_.length as length5_2_2_,
        colors3_.id as id1_4_3_,
        colors3_.name as name2_4_3_,
        materials4_.id as id1_5_4_,
        materials4_.name as name2_5_4_,
        style5_.id as id1_14_5_,
        style5_.name as name2_14_5_,
        salesinfoc6_.id as id1_9_6_,
        salesinfoc6_.clothes_brand as clothes_2_9_6_,
        salesinfoc6_.clothes_color as clothes_3_9_6_,
        salesinfoc6_.clothes_gender as clothes_4_9_6_,
        salesinfoc6_.clothes_size as clothes_5_9_6_,
        salesinfos7_.id as id1_10_7_,
        salesinfos7_.status_score as status_s2_10_7_,
        salesinfos7_.status_tag as status_t3_10_7_,
        salesinfos7_.status_times as status_t4_10_7_,
        salesinfos7_.status_when2buy as status_w5_10_7_,
        salesinfos7_.transport as transpor6_10_7_,
        salesinfou8_.id as id1_11_8_,
        salesinfou8_.user_height as user_hei2_11_8_,
        salesinfou8_.user_size as user_siz3_11_8_,
        salesinfou8_.user_weight as user_wei4_11_8_ 
    from
        stores stores0_ 
    left outer join
        members members1_ 
            on stores0_.author_id=members1_.id 
    left outer join
        clothes_info clothesinf2_ 
            on stores0_.clothes_info_id=clothesinf2_.id 
    left outer join
        colors colors3_ 
            on stores0_.colors_name=colors3_.name 
    left outer join
        materials materials4_ 
            on stores0_.materials_name=materials4_.name 
    left outer join
        style style5_ 
            on stores0_.style_name=style5_.name 
    left outer join
        sales_info_clothes salesinfoc6_ 
            on stores0_.sales_info_clothes_id=salesinfoc6_.id 
    left outer join
        sales_info_status salesinfos7_ 
            on stores0_.sales_info_status_id=salesinfos7_.id 
    left outer join
        sales_info_user salesinfou8_ 
            on stores0_.sales_info_user_id=salesinfou8_.id 
    where
        stores0_.id=?
Hibernate: 
    select
        stores0_.id as id1_12_0_,
        stores0_.created_date as created_2_12_0_,
        stores0_.modified_date as modified3_12_0_,
        stores0_.author_id as author_i9_12_0_,
        stores0_.clothes_info_id as clothes10_12_0_,
        stores0_.colors_name as colors_11_12_0_,
        stores0_.materials_name as materia12_12_0_,
        stores0_.style_name as style_n13_12_0_,
        stores0_.clothes_length as clothes_4_12_0_,
        stores0_.content as content5_12_0_,
        stores0_.price as price6_12_0_,
        stores0_.sales_info_clothes_id as sales_i14_12_0_,
        stores0_.sales_info_status_id as sales_i15_12_0_,
        stores0_.sales_info_user_id as sales_i16_12_0_,
        stores0_.status as status7_12_0_,
        stores0_.title as title8_12_0_,
        members1_.id as id1_6_1_,
        members1_.email as email2_6_1_,
        members1_.image as image3_6_1_,
        members1_.name as name4_6_1_,
        members1_.nickname as nickname5_6_1_,
        members1_.password as password6_6_1_,
        members1_.phone as phone7_6_1_,
        members1_.refresh_token as refresh_8_6_1_,
        members1_.role as role9_6_1_,
        clothesinf2_.id as id1_2_2_,
        clothesinf2_.categoryl as category2_2_2_,
        clothesinf2_.categorys as category3_2_2_,
        clothesinf2_.fit as fit4_2_2_,
        clothesinf2_.length as length5_2_2_,
        colors3_.id as id1_4_3_,
        colors3_.name as name2_4_3_,
        materials4_.id as id1_5_4_,
        materials4_.name as name2_5_4_,
        style5_.id as id1_14_5_,
        style5_.name as name2_14_5_,
        salesinfoc6_.id as id1_9_6_,
        salesinfoc6_.clothes_brand as clothes_2_9_6_,
        salesinfoc6_.clothes_color as clothes_3_9_6_,
        salesinfoc6_.clothes_gender as clothes_4_9_6_,
        salesinfoc6_.clothes_size as clothes_5_9_6_,
        salesinfos7_.id as id1_10_7_,
        salesinfos7_.status_score as status_s2_10_7_,
        salesinfos7_.status_tag as status_t3_10_7_,
        salesinfos7_.status_times as status_t4_10_7_,
        salesinfos7_.status_when2buy as status_w5_10_7_,
        salesinfos7_.transport as transpor6_10_7_,
        salesinfou8_.id as id1_11_8_,
        salesinfou8_.user_height as user_hei2_11_8_,
        salesinfou8_.user_size as user_siz3_11_8_,
        salesinfou8_.user_weight as user_wei4_11_8_ 
    from
        stores stores0_ 
    left outer join
        members members1_ 
            on stores0_.author_id=members1_.id 
    left outer join
        clothes_info clothesinf2_ 
            on stores0_.clothes_info_id=clothesinf2_.id 
    left outer join
        colors colors3_ 
            on stores0_.colors_name=colors3_.name 
    left outer join
        materials materials4_ 
            on stores0_.materials_name=materials4_.name 
    left outer join
        style style5_ 
            on stores0_.style_name=style5_.name 
    left outer join
        sales_info_clothes salesinfoc6_ 
            on stores0_.sales_info_clothes_id=salesinfoc6_.id 
    left outer join
        sales_info_status salesinfos7_ 
            on stores0_.sales_info_status_id=salesinfos7_.id 
    left outer join
        sales_info_user salesinfou8_ 
            on stores0_.sales_info_user_id=salesinfou8_.id 
    where
        stores0_.id=?
Hibernate: 
    select
        stores0_.id as id1_12_0_,
        stores0_.created_date as created_2_12_0_,
        stores0_.modified_date as modified3_12_0_,
        stores0_.author_id as author_i9_12_0_,
        stores0_.clothes_info_id as clothes10_12_0_,
        stores0_.colors_name as colors_11_12_0_,
        stores0_.materials_name as materia12_12_0_,
        stores0_.style_name as style_n13_12_0_,
        stores0_.clothes_length as clothes_4_12_0_,
        stores0_.content as content5_12_0_,
        stores0_.price as price6_12_0_,
        stores0_.sales_info_clothes_id as sales_i14_12_0_,
        stores0_.sales_info_status_id as sales_i15_12_0_,
        stores0_.sales_info_user_id as sales_i16_12_0_,
        stores0_.status as status7_12_0_,
        stores0_.title as title8_12_0_,
        members1_.id as id1_6_1_,
        members1_.email as email2_6_1_,
        members1_.image as image3_6_1_,
        members1_.name as name4_6_1_,
        members1_.nickname as nickname5_6_1_,
        members1_.password as password6_6_1_,
        members1_.phone as phone7_6_1_,
        members1_.refresh_token as refresh_8_6_1_,
        members1_.role as role9_6_1_,
        clothesinf2_.id as id1_2_2_,
        clothesinf2_.categoryl as category2_2_2_,
        clothesinf2_.categorys as category3_2_2_,
        clothesinf2_.fit as fit4_2_2_,
        clothesinf2_.length as length5_2_2_,
        colors3_.id as id1_4_3_,
        colors3_.name as name2_4_3_,
        materials4_.id as id1_5_4_,
        materials4_.name as name2_5_4_,
        style5_.id as id1_14_5_,
        style5_.name as name2_14_5_,
        salesinfoc6_.id as id1_9_6_,
        salesinfoc6_.clothes_brand as clothes_2_9_6_,
        salesinfoc6_.clothes_color as clothes_3_9_6_,
        salesinfoc6_.clothes_gender as clothes_4_9_6_,
        salesinfoc6_.clothes_size as clothes_5_9_6_,
        salesinfos7_.id as id1_10_7_,
        salesinfos7_.status_score as status_s2_10_7_,
        salesinfos7_.status_tag as status_t3_10_7_,
        salesinfos7_.status_times as status_t4_10_7_,
        salesinfos7_.status_when2buy as status_w5_10_7_,
        salesinfos7_.transport as transpor6_10_7_,
        salesinfou8_.id as id1_11_8_,
        salesinfou8_.user_height as user_hei2_11_8_,
        salesinfou8_.user_size as user_siz3_11_8_,
        salesinfou8_.user_weight as user_wei4_11_8_ 
    from
        stores stores0_ 
    left outer join
        members members1_ 
            on stores0_.author_id=members1_.id 
    left outer join
        clothes_info clothesinf2_ 
            on stores0_.clothes_info_id=clothesinf2_.id 
    left outer join
        colors colors3_ 
            on stores0_.colors_name=colors3_.name 
    left outer join
        materials materials4_ 
            on stores0_.materials_name=materials4_.name 
    left outer join
        style style5_ 
            on stores0_.style_name=style5_.name 
    left outer join
        sales_info_clothes salesinfoc6_ 
            on stores0_.sales_info_clothes_id=salesinfoc6_.id 
    left outer join
        sales_info_status salesinfos7_ 
            on stores0_.sales_info_status_id=salesinfos7_.id 
    left outer join
        sales_info_user salesinfou8_ 
            on stores0_.sales_info_user_id=salesinfou8_.id 
    where
        stores0_.id=?
Hibernate: 
    select
        stores0_.id as id1_12_0_,
        stores0_.created_date as created_2_12_0_,
        stores0_.modified_date as modified3_12_0_,
        stores0_.author_id as author_i9_12_0_,
        stores0_.clothes_info_id as clothes10_12_0_,
        stores0_.colors_name as colors_11_12_0_,
        stores0_.materials_name as materia12_12_0_,
        stores0_.style_name as style_n13_12_0_,
        stores0_.clothes_length as clothes_4_12_0_,
        stores0_.content as content5_12_0_,
        stores0_.price as price6_12_0_,
        stores0_.sales_info_clothes_id as sales_i14_12_0_,
        stores0_.sales_info_status_id as sales_i15_12_0_,
        stores0_.sales_info_user_id as sales_i16_12_0_,
        stores0_.status as status7_12_0_,
        stores0_.title as title8_12_0_,
        members1_.id as id1_6_1_,
        members1_.email as email2_6_1_,
        members1_.image as image3_6_1_,
        members1_.name as name4_6_1_,
        members1_.nickname as nickname5_6_1_,
        members1_.password as password6_6_1_,
        members1_.phone as phone7_6_1_,
        members1_.refresh_token as refresh_8_6_1_,
        members1_.role as role9_6_1_,
        clothesinf2_.id as id1_2_2_,
        clothesinf2_.categoryl as category2_2_2_,
        clothesinf2_.categorys as category3_2_2_,
        clothesinf2_.fit as fit4_2_2_,
        clothesinf2_.length as length5_2_2_,
        colors3_.id as id1_4_3_,
        colors3_.name as name2_4_3_,
        materials4_.id as id1_5_4_,
        materials4_.name as name2_5_4_,
        style5_.id as id1_14_5_,
        style5_.name as name2_14_5_,
        salesinfoc6_.id as id1_9_6_,
        salesinfoc6_.clothes_brand as clothes_2_9_6_,
        salesinfoc6_.clothes_color as clothes_3_9_6_,
        salesinfoc6_.clothes_gender as clothes_4_9_6_,
        salesinfoc6_.clothes_size as clothes_5_9_6_,
        salesinfos7_.id as id1_10_7_,
        salesinfos7_.status_score as status_s2_10_7_,
        salesinfos7_.status_tag as status_t3_10_7_,
        salesinfos7_.status_times as status_t4_10_7_,
        salesinfos7_.status_when2buy as status_w5_10_7_,
        salesinfos7_.transport as transpor6_10_7_,
        salesinfou8_.id as id1_11_8_,
        salesinfou8_.user_height as user_hei2_11_8_,
        salesinfou8_.user_size as user_siz3_11_8_,
        salesinfou8_.user_weight as user_wei4_11_8_ 
    from
        stores stores0_ 
    left outer join
        members members1_ 
            on stores0_.author_id=members1_.id 
    left outer join
        clothes_info clothesinf2_ 
            on stores0_.clothes_info_id=clothesinf2_.id 
    left outer join
        colors colors3_ 
            on stores0_.colors_name=colors3_.name 
    left outer join
        materials materials4_ 
            on stores0_.materials_name=materials4_.name 
    left outer join
        style style5_ 
            on stores0_.style_name=style5_.name 
    left outer join
        sales_info_clothes salesinfoc6_ 
            on stores0_.sales_info_clothes_id=salesinfoc6_.id 
    left outer join
        sales_info_status salesinfos7_ 
            on stores0_.sales_info_status_id=salesinfos7_.id 
    left outer join
        sales_info_user salesinfou8_ 
            on stores0_.sales_info_user_id=salesinfou8_.id 
    where
        stores0_.id=?
Hibernate: 
    select
        stores0_.id as id1_12_0_,
        stores0_.created_date as created_2_12_0_,
        stores0_.modified_date as modified3_12_0_,
        stores0_.author_id as author_i9_12_0_,
        stores0_.clothes_info_id as clothes10_12_0_,
        stores0_.colors_name as colors_11_12_0_,
        stores0_.materials_name as materia12_12_0_,
        stores0_.style_name as style_n13_12_0_,
        stores0_.clothes_length as clothes_4_12_0_,
        stores0_.content as content5_12_0_,
        stores0_.price as price6_12_0_,
        stores0_.sales_info_clothes_id as sales_i14_12_0_,
        stores0_.sales_info_status_id as sales_i15_12_0_,
        stores0_.sales_info_user_id as sales_i16_12_0_,
        stores0_.status as status7_12_0_,
        stores0_.title as title8_12_0_,
        members1_.id as id1_6_1_,
        members1_.email as email2_6_1_,
        members1_.image as image3_6_1_,
        members1_.name as name4_6_1_,
        members1_.nickname as nickname5_6_1_,
        members1_.password as password6_6_1_,
        members1_.phone as phone7_6_1_,
        members1_.refresh_token as refresh_8_6_1_,
        members1_.role as role9_6_1_,
        clothesinf2_.id as id1_2_2_,
        clothesinf2_.categoryl as category2_2_2_,
        clothesinf2_.categorys as category3_2_2_,
        clothesinf2_.fit as fit4_2_2_,
        clothesinf2_.length as length5_2_2_,
        colors3_.id as id1_4_3_,
        colors3_.name as name2_4_3_,
        materials4_.id as id1_5_4_,
        materials4_.name as name2_5_4_,
        style5_.id as id1_14_5_,
        style5_.name as name2_14_5_,
        salesinfoc6_.id as id1_9_6_,
        salesinfoc6_.clothes_brand as clothes_2_9_6_,
        salesinfoc6_.clothes_color as clothes_3_9_6_,
        salesinfoc6_.clothes_gender as clothes_4_9_6_,
        salesinfoc6_.clothes_size as clothes_5_9_6_,
        salesinfos7_.id as id1_10_7_,
        salesinfos7_.status_score as status_s2_10_7_,
        salesinfos7_.status_tag as status_t3_10_7_,
        salesinfos7_.status_times as status_t4_10_7_,
        salesinfos7_.status_when2buy as status_w5_10_7_,
        salesinfos7_.transport as transpor6_10_7_,
        salesinfou8_.id as id1_11_8_,
        salesinfou8_.user_height as user_hei2_11_8_,
        salesinfou8_.user_size as user_siz3_11_8_,
        salesinfou8_.user_weight as user_wei4_11_8_ 
    from
        stores stores0_ 
    left outer join
        members members1_ 
            on stores0_.author_id=members1_.id 
    left outer join
        clothes_info clothesinf2_ 
            on stores0_.clothes_info_id=clothesinf2_.id 
    left outer join
        colors colors3_ 
            on stores0_.colors_name=colors3_.name 
    left outer join
        materials materials4_ 
            on stores0_.materials_name=materials4_.name 
    left outer join
        style style5_ 
            on stores0_.style_name=style5_.name 
    left outer join
        sales_info_clothes salesinfoc6_ 
            on stores0_.sales_info_clothes_id=salesinfoc6_.id 
    left outer join
        sales_info_status salesinfos7_ 
            on stores0_.sales_info_status_id=salesinfos7_.id 
    left outer join
        sales_info_user salesinfou8_ 
            on stores0_.sales_info_user_id=salesinfou8_.id 
    where
        stores0_.id=?
Hibernate: 
    select
        stores0_.id as id1_12_0_,
        stores0_.created_date as created_2_12_0_,
        stores0_.modified_date as modified3_12_0_,
        stores0_.author_id as author_i9_12_0_,
        stores0_.clothes_info_id as clothes10_12_0_,
        stores0_.colors_name as colors_11_12_0_,
        stores0_.materials_name as materia12_12_0_,
        stores0_.style_name as style_n13_12_0_,
        stores0_.clothes_length as clothes_4_12_0_,
        stores0_.content as content5_12_0_,
        stores0_.price as price6_12_0_,
        stores0_.sales_info_clothes_id as sales_i14_12_0_,
        stores0_.sales_info_status_id as sales_i15_12_0_,
        stores0_.sales_info_user_id as sales_i16_12_0_,
        stores0_.status as status7_12_0_,
        stores0_.title as title8_12_0_,
        members1_.id as id1_6_1_,
        members1_.email as email2_6_1_,
        members1_.image as image3_6_1_,
        members1_.name as name4_6_1_,
        members1_.nickname as nickname5_6_1_,
        members1_.password as password6_6_1_,
        members1_.phone as phone7_6_1_,
        members1_.refresh_token as refresh_8_6_1_,
        members1_.role as role9_6_1_,
        clothesinf2_.id as id1_2_2_,
        clothesinf2_.categoryl as category2_2_2_,
        clothesinf2_.categorys as category3_2_2_,
        clothesinf2_.fit as fit4_2_2_,
        clothesinf2_.length as length5_2_2_,
        colors3_.id as id1_4_3_,
        colors3_.name as name2_4_3_,
        materials4_.id as id1_5_4_,
        materials4_.name as name2_5_4_,
        style5_.id as id1_14_5_,
        style5_.name as name2_14_5_,
        salesinfoc6_.id as id1_9_6_,
        salesinfoc6_.clothes_brand as clothes_2_9_6_,
        salesinfoc6_.clothes_color as clothes_3_9_6_,
        salesinfoc6_.clothes_gender as clothes_4_9_6_,
        salesinfoc6_.clothes_size as clothes_5_9_6_,
        salesinfos7_.id as id1_10_7_,
        salesinfos7_.status_score as status_s2_10_7_,
        salesinfos7_.status_tag as status_t3_10_7_,
        salesinfos7_.status_times as status_t4_10_7_,
        salesinfos7_.status_when2buy as status_w5_10_7_,
        salesinfos7_.transport as transpor6_10_7_,
        salesinfou8_.id as id1_11_8_,
        salesinfou8_.user_height as user_hei2_11_8_,
        salesinfou8_.user_size as user_siz3_11_8_,
        salesinfou8_.user_weight as user_wei4_11_8_ 
    from
        stores stores0_ 
    left outer join
        members members1_ 
            on stores0_.author_id=members1_.id 
    left outer join
        clothes_info clothesinf2_ 
            on stores0_.clothes_info_id=clothesinf2_.id 
    left outer join
        colors colors3_ 
            on stores0_.colors_name=colors3_.name 
    left outer join
        materials materials4_ 
            on stores0_.materials_name=materials4_.name 
    left outer join
        style style5_ 
            on stores0_.style_name=style5_.name 
    left outer join
        sales_info_clothes salesinfoc6_ 
            on stores0_.sales_info_clothes_id=salesinfoc6_.id 
    left outer join
        sales_info_status salesinfos7_ 
            on stores0_.sales_info_status_id=salesinfos7_.id 
    left outer join
        sales_info_user salesinfou8_ 
            on stores0_.sales_info_user_id=salesinfou8_.id 
    where
        stores0_.id=?
Hibernate: 
    select
        stores0_.id as id1_12_0_,
        stores0_.created_date as created_2_12_0_,
        stores0_.modified_date as modified3_12_0_,
        stores0_.author_id as author_i9_12_0_,
        stores0_.clothes_info_id as clothes10_12_0_,
        stores0_.colors_name as colors_11_12_0_,
        stores0_.materials_name as materia12_12_0_,
        stores0_.style_name as style_n13_12_0_,
        stores0_.clothes_length as clothes_4_12_0_,
        stores0_.content as content5_12_0_,
        stores0_.price as price6_12_0_,
        stores0_.sales_info_clothes_id as sales_i14_12_0_,
        stores0_.sales_info_status_id as sales_i15_12_0_,
        stores0_.sales_info_user_id as sales_i16_12_0_,
        stores0_.status as status7_12_0_,
        stores0_.title as title8_12_0_,
        members1_.id as id1_6_1_,
        members1_.email as email2_6_1_,
        members1_.image as image3_6_1_,
        members1_.name as name4_6_1_,
        members1_.nickname as nickname5_6_1_,
        members1_.password as password6_6_1_,
        members1_.phone as phone7_6_1_,
        members1_.refresh_token as refresh_8_6_1_,
        members1_.role as role9_6_1_,
        clothesinf2_.id as id1_2_2_,
        clothesinf2_.categoryl as category2_2_2_,
        clothesinf2_.categorys as category3_2_2_,
        clothesinf2_.fit as fit4_2_2_,
        clothesinf2_.length as length5_2_2_,
        colors3_.id as id1_4_3_,
        colors3_.name as name2_4_3_,
        materials4_.id as id1_5_4_,
        materials4_.name as name2_5_4_,
        style5_.id as id1_14_5_,
        style5_.name as name2_14_5_,
        salesinfoc6_.id as id1_9_6_,
        salesinfoc6_.clothes_brand as clothes_2_9_6_,
        salesinfoc6_.clothes_color as clothes_3_9_6_,
        salesinfoc6_.clothes_gender as clothes_4_9_6_,
        salesinfoc6_.clothes_size as clothes_5_9_6_,
        salesinfos7_.id as id1_10_7_,
        salesinfos7_.status_score as status_s2_10_7_,
        salesinfos7_.status_tag as status_t3_10_7_,
        salesinfos7_.status_times as status_t4_10_7_,
        salesinfos7_.status_when2buy as status_w5_10_7_,
        salesinfos7_.transport as transpor6_10_7_,
        salesinfou8_.id as id1_11_8_,
        salesinfou8_.user_height as user_hei2_11_8_,
        salesinfou8_.user_size as user_siz3_11_8_,
        salesinfou8_.user_weight as user_wei4_11_8_ 
    from
        stores stores0_ 
    left outer join
        members members1_ 
            on stores0_.author_id=members1_.id 
    left outer join
        clothes_info clothesinf2_ 
            on stores0_.clothes_info_id=clothesinf2_.id 
    left outer join
        colors colors3_ 
            on stores0_.colors_name=colors3_.name 
    left outer join
        materials materials4_ 
            on stores0_.materials_name=materials4_.name 
    left outer join
        style style5_ 
            on stores0_.style_name=style5_.name 
    left outer join
        sales_info_clothes salesinfoc6_ 
            on stores0_.sales_info_clothes_id=salesinfoc6_.id 
    left outer join
        sales_info_status salesinfos7_ 
            on stores0_.sales_info_status_id=salesinfos7_.id 
    left outer join
        sales_info_user salesinfou8_ 
            on stores0_.sales_info_user_id=salesinfou8_.id 
    where
        stores0_.id=?
Hibernate: 
    select
        stores0_.id as id1_12_0_,
        stores0_.created_date as created_2_12_0_,
        stores0_.modified_date as modified3_12_0_,
        stores0_.author_id as author_i9_12_0_,
        stores0_.clothes_info_id as clothes10_12_0_,
        stores0_.colors_name as colors_11_12_0_,
        stores0_.materials_name as materia12_12_0_,
        stores0_.style_name as style_n13_12_0_,
        stores0_.clothes_length as clothes_4_12_0_,
        stores0_.content as content5_12_0_,
        stores0_.price as price6_12_0_,
        stores0_.sales_info_clothes_id as sales_i14_12_0_,
        stores0_.sales_info_status_id as sales_i15_12_0_,
        stores0_.sales_info_user_id as sales_i16_12_0_,
        stores0_.status as status7_12_0_,
        stores0_.title as title8_12_0_,
        members1_.id as id1_6_1_,
        members1_.email as email2_6_1_,
        members1_.image as image3_6_1_,
        members1_.name as name4_6_1_,
        members1_.nickname as nickname5_6_1_,
        members1_.password as password6_6_1_,
        members1_.phone as phone7_6_1_,
        members1_.refresh_token as refresh_8_6_1_,
        members1_.role as role9_6_1_,
        clothesinf2_.id as id1_2_2_,
        clothesinf2_.categoryl as category2_2_2_,
        clothesinf2_.categorys as category3_2_2_,
        clothesinf2_.fit as fit4_2_2_,
        clothesinf2_.length as length5_2_2_,
        colors3_.id as id1_4_3_,
        colors3_.name as name2_4_3_,
        materials4_.id as id1_5_4_,
        materials4_.name as name2_5_4_,
        style5_.id as id1_14_5_,
        style5_.name as name2_14_5_,
        salesinfoc6_.id as id1_9_6_,
        salesinfoc6_.clothes_brand as clothes_2_9_6_,
        salesinfoc6_.clothes_color as clothes_3_9_6_,
        salesinfoc6_.clothes_gender as clothes_4_9_6_,
        salesinfoc6_.clothes_size as clothes_5_9_6_,
        salesinfos7_.id as id1_10_7_,
        salesinfos7_.status_score as status_s2_10_7_,
        salesinfos7_.status_tag as status_t3_10_7_,
        salesinfos7_.status_times as status_t4_10_7_,
        salesinfos7_.status_when2buy as status_w5_10_7_,
        salesinfos7_.transport as transpor6_10_7_,
        salesinfou8_.id as id1_11_8_,
        salesinfou8_.user_height as user_hei2_11_8_,
        salesinfou8_.user_size as user_siz3_11_8_,
        salesinfou8_.user_weight as user_wei4_11_8_ 
    from
        stores stores0_ 
    left outer join
        members members1_ 
            on stores0_.author_id=members1_.id 
    left outer join
        clothes_info clothesinf2_ 
            on stores0_.clothes_info_id=clothesinf2_.id 
    left outer join
        colors colors3_ 
            on stores0_.colors_name=colors3_.name 
    left outer join
        materials materials4_ 
            on stores0_.materials_name=materials4_.name 
    left outer join
        style style5_ 
            on stores0_.style_name=style5_.name 
    left outer join
        sales_info_clothes salesinfoc6_ 
            on stores0_.sales_info_clothes_id=salesinfoc6_.id 
    left outer join
        sales_info_status salesinfos7_ 
            on stores0_.sales_info_status_id=salesinfos7_.id 
    left outer join
        sales_info_user salesinfou8_ 
            on stores0_.sales_info_user_id=salesinfou8_.id 
    where
        stores0_.id=?
Hibernate: 
    select
        stores0_.id as id1_12_0_,
        stores0_.created_date as created_2_12_0_,
        stores0_.modified_date as modified3_12_0_,
        stores0_.author_id as author_i9_12_0_,
        stores0_.clothes_info_id as clothes10_12_0_,
        stores0_.colors_name as colors_11_12_0_,
        stores0_.materials_name as materia12_12_0_,
        stores0_.style_name as style_n13_12_0_,
        stores0_.clothes_length as clothes_4_12_0_,
        stores0_.content as content5_12_0_,
        stores0_.price as price6_12_0_,
        stores0_.sales_info_clothes_id as sales_i14_12_0_,
        stores0_.sales_info_status_id as sales_i15_12_0_,
        stores0_.sales_info_user_id as sales_i16_12_0_,
        stores0_.status as status7_12_0_,
        stores0_.title as title8_12_0_,
        members1_.id as id1_6_1_,
        members1_.email as email2_6_1_,
        members1_.image as image3_6_1_,
        members1_.name as name4_6_1_,
        members1_.nickname as nickname5_6_1_,
        members1_.password as password6_6_1_,
        members1_.phone as phone7_6_1_,
        members1_.refresh_token as refresh_8_6_1_,
        members1_.role as role9_6_1_,
        clothesinf2_.id as id1_2_2_,
        clothesinf2_.categoryl as category2_2_2_,
        clothesinf2_.categorys as category3_2_2_,
        clothesinf2_.fit as fit4_2_2_,
        clothesinf2_.length as length5_2_2_,
        colors3_.id as id1_4_3_,
        colors3_.name as name2_4_3_,
        materials4_.id as id1_5_4_,
        materials4_.name as name2_5_4_,
        style5_.id as id1_14_5_,
        style5_.name as name2_14_5_,
        salesinfoc6_.id as id1_9_6_,
        salesinfoc6_.clothes_brand as clothes_2_9_6_,
        salesinfoc6_.clothes_color as clothes_3_9_6_,
        salesinfoc6_.clothes_gender as clothes_4_9_6_,
        salesinfoc6_.clothes_size as clothes_5_9_6_,
        salesinfos7_.id as id1_10_7_,
        salesinfos7_.status_score as status_s2_10_7_,
        salesinfos7_.status_tag as status_t3_10_7_,
        salesinfos7_.status_times as status_t4_10_7_,
        salesinfos7_.status_when2buy as status_w5_10_7_,
        salesinfos7_.transport as transpor6_10_7_,
        salesinfou8_.id as id1_11_8_,
        salesinfou8_.user_height as user_hei2_11_8_,
        salesinfou8_.user_size as user_siz3_11_8_,
        salesinfou8_.user_weight as user_wei4_11_8_ 
    from
        stores stores0_ 
    left outer join
        members members1_ 
            on stores0_.author_id=members1_.id 
    left outer join
        clothes_info clothesinf2_ 
            on stores0_.clothes_info_id=clothesinf2_.id 
    left outer join
        colors colors3_ 
            on stores0_.colors_name=colors3_.name 
    left outer join
        materials materials4_ 
            on stores0_.materials_name=materials4_.name 
    left outer join
        style style5_ 
            on stores0_.style_name=style5_.name 
    left outer join
        sales_info_clothes salesinfoc6_ 
            on stores0_.sales_info_clothes_id=salesinfoc6_.id 
    left outer join
        sales_info_status salesinfos7_ 
            on stores0_.sales_info_status_id=salesinfos7_.id 
    left outer join
        sales_info_user salesinfou8_ 
            on stores0_.sales_info_user_id=salesinfou8_.id 
    where
        stores0_.id=?
Hibernate: 
    select
        stores0_.id as id1_12_0_,
        stores0_.created_date as created_2_12_0_,
        stores0_.modified_date as modified3_12_0_,
        stores0_.author_id as author_i9_12_0_,
        stores0_.clothes_info_id as clothes10_12_0_,
        stores0_.colors_name as colors_11_12_0_,
        stores0_.materials_name as materia12_12_0_,
        stores0_.style_name as style_n13_12_0_,
        stores0_.clothes_length as clothes_4_12_0_,
        stores0_.content as content5_12_0_,
        stores0_.price as price6_12_0_,
        stores0_.sales_info_clothes_id as sales_i14_12_0_,
        stores0_.sales_info_status_id as sales_i15_12_0_,
        stores0_.sales_info_user_id as sales_i16_12_0_,
        stores0_.status as status7_12_0_,
        stores0_.title as title8_12_0_,
        members1_.id as id1_6_1_,
        members1_.email as email2_6_1_,
        members1_.image as image3_6_1_,
        members1_.name as name4_6_1_,
        members1_.nickname as nickname5_6_1_,
        members1_.password as password6_6_1_,
        members1_.phone as phone7_6_1_,
        members1_.refresh_token as refresh_8_6_1_,
        members1_.role as role9_6_1_,
        clothesinf2_.id as id1_2_2_,
        clothesinf2_.categoryl as category2_2_2_,
        clothesinf2_.categorys as category3_2_2_,
        clothesinf2_.fit as fit4_2_2_,
        clothesinf2_.length as length5_2_2_,
        colors3_.id as id1_4_3_,
        colors3_.name as name2_4_3_,
        materials4_.id as id1_5_4_,
        materials4_.name as name2_5_4_,
        style5_.id as id1_14_5_,
        style5_.name as name2_14_5_,
        salesinfoc6_.id as id1_9_6_,
        salesinfoc6_.clothes_brand as clothes_2_9_6_,
        salesinfoc6_.clothes_color as clothes_3_9_6_,
        salesinfoc6_.clothes_gender as clothes_4_9_6_,
        salesinfoc6_.clothes_size as clothes_5_9_6_,
        salesinfos7_.id as id1_10_7_,
        salesinfos7_.status_score as status_s2_10_7_,
        salesinfos7_.status_tag as status_t3_10_7_,
        salesinfos7_.status_times as status_t4_10_7_,
        salesinfos7_.status_when2buy as status_w5_10_7_,
        salesinfos7_.transport as transpor6_10_7_,
        salesinfou8_.id as id1_11_8_,
        salesinfou8_.user_height as user_hei2_11_8_,
        salesinfou8_.user_size as user_siz3_11_8_,
        salesinfou8_.user_weight as user_wei4_11_8_ 
    from
        stores stores0_ 
    left outer join
        members members1_ 
            on stores0_.author_id=members1_.id 
    left outer join
        clothes_info clothesinf2_ 
            on stores0_.clothes_info_id=clothesinf2_.id 
    left outer join
        colors colors3_ 
            on stores0_.colors_name=colors3_.name 
    left outer join
        materials materials4_ 
            on stores0_.materials_name=materials4_.name 
    left outer join
        style style5_ 
            on stores0_.style_name=style5_.name 
    left outer join
        sales_info_clothes salesinfoc6_ 
            on stores0_.sales_info_clothes_id=salesinfoc6_.id 
    left outer join
        sales_info_status salesinfos7_ 
            on stores0_.sales_info_status_id=salesinfos7_.id 
    left outer join
        sales_info_user salesinfou8_ 
            on stores0_.sales_info_user_id=salesinfou8_.id 
    where
        stores0_.id=?
Hibernate: 
    select
        stores0_.id as id1_12_0_,
        stores0_.created_date as created_2_12_0_,
        stores0_.modified_date as modified3_12_0_,
        stores0_.author_id as author_i9_12_0_,
        stores0_.clothes_info_id as clothes10_12_0_,
        stores0_.colors_name as colors_11_12_0_,
        stores0_.materials_name as materia12_12_0_,
        stores0_.style_name as style_n13_12_0_,
        stores0_.clothes_length as clothes_4_12_0_,
        stores0_.content as content5_12_0_,
        stores0_.price as price6_12_0_,
        stores0_.sales_info_clothes_id as sales_i14_12_0_,
        stores0_.sales_info_status_id as sales_i15_12_0_,
        stores0_.sales_info_user_id as sales_i16_12_0_,
        stores0_.status as status7_12_0_,
        stores0_.title as title8_12_0_,
        members1_.id as id1_6_1_,
        members1_.email as email2_6_1_,
        members1_.image as image3_6_1_,
        members1_.name as name4_6_1_,
        members1_.nickname as nickname5_6_1_,
        members1_.password as password6_6_1_,
        members1_.phone as phone7_6_1_,
        members1_.refresh_token as refresh_8_6_1_,
        members1_.role as role9_6_1_,
        clothesinf2_.id as id1_2_2_,
        clothesinf2_.categoryl as category2_2_2_,
        clothesinf2_.categorys as category3_2_2_,
        clothesinf2_.fit as fit4_2_2_,
        clothesinf2_.length as length5_2_2_,
        colors3_.id as id1_4_3_,
        colors3_.name as name2_4_3_,
        materials4_.id as id1_5_4_,
        materials4_.name as name2_5_4_,
        style5_.id as id1_14_5_,
        style5_.name as name2_14_5_,
        salesinfoc6_.id as id1_9_6_,
        salesinfoc6_.clothes_brand as clothes_2_9_6_,
        salesinfoc6_.clothes_color as clothes_3_9_6_,
        salesinfoc6_.clothes_gender as clothes_4_9_6_,
        salesinfoc6_.clothes_size as clothes_5_9_6_,
        salesinfos7_.id as id1_10_7_,
        salesinfos7_.status_score as status_s2_10_7_,
        salesinfos7_.status_tag as status_t3_10_7_,
        salesinfos7_.status_times as status_t4_10_7_,
        salesinfos7_.status_when2buy as status_w5_10_7_,
        salesinfos7_.transport as transpor6_10_7_,
        salesinfou8_.id as id1_11_8_,
        salesinfou8_.user_height as user_hei2_11_8_,
        salesinfou8_.user_size as user_siz3_11_8_,
        salesinfou8_.user_weight as user_wei4_11_8_ 
    from
        stores stores0_ 
    left outer join
        members members1_ 
            on stores0_.author_id=members1_.id 
    left outer join
        clothes_info clothesinf2_ 
            on stores0_.clothes_info_id=clothesinf2_.id 
    left outer join
        colors colors3_ 
            on stores0_.colors_name=colors3_.name 
    left outer join
        materials materials4_ 
            on stores0_.materials_name=materials4_.name 
    left outer join
        style style5_ 
            on stores0_.style_name=style5_.name 
    left outer join
        sales_info_clothes salesinfoc6_ 
            on stores0_.sales_info_clothes_id=salesinfoc6_.id 
    left outer join
        sales_info_status salesinfos7_ 
            on stores0_.sales_info_status_id=salesinfos7_.id 
    left outer join
        sales_info_user salesinfou8_ 
            on stores0_.sales_info_user_id=salesinfou8_.id 
    where
        stores0_.id=?
Hibernate: 
    select
        stores0_.id as id1_12_0_,
        stores0_.created_date as created_2_12_0_,
        stores0_.modified_date as modified3_12_0_,
        stores0_.author_id as author_i9_12_0_,
        stores0_.clothes_info_id as clothes10_12_0_,
        stores0_.colors_name as colors_11_12_0_,
        stores0_.materials_name as materia12_12_0_,
        stores0_.style_name as style_n13_12_0_,
        stores0_.clothes_length as clothes_4_12_0_,
        stores0_.content as content5_12_0_,
        stores0_.price as price6_12_0_,
        stores0_.sales_info_clothes_id as sales_i14_12_0_,
        stores0_.sales_info_status_id as sales_i15_12_0_,
        stores0_.sales_info_user_id as sales_i16_12_0_,
        stores0_.status as status7_12_0_,
        stores0_.title as title8_12_0_,
        members1_.id as id1_6_1_,
        members1_.email as email2_6_1_,
        members1_.image as image3_6_1_,
        members1_.name as name4_6_1_,
        members1_.nickname as nickname5_6_1_,
        members1_.password as password6_6_1_,
        members1_.phone as phone7_6_1_,
        members1_.refresh_token as refresh_8_6_1_,
        members1_.role as role9_6_1_,
        clothesinf2_.id as id1_2_2_,
        clothesinf2_.categoryl as category2_2_2_,
        clothesinf2_.categorys as category3_2_2_,
        clothesinf2_.fit as fit4_2_2_,
        clothesinf2_.length as length5_2_2_,
        colors3_.id as id1_4_3_,
        colors3_.name as name2_4_3_,
        materials4_.id as id1_5_4_,
        materials4_.name as name2_5_4_,
        style5_.id as id1_14_5_,
        style5_.name as name2_14_5_,
        salesinfoc6_.id as id1_9_6_,
        salesinfoc6_.clothes_brand as clothes_2_9_6_,
        salesinfoc6_.clothes_color as clothes_3_9_6_,
        salesinfoc6_.clothes_gender as clothes_4_9_6_,
        salesinfoc6_.clothes_size as clothes_5_9_6_,
        salesinfos7_.id as id1_10_7_,
        salesinfos7_.status_score as status_s2_10_7_,
        salesinfos7_.status_tag as status_t3_10_7_,
        salesinfos7_.status_times as status_t4_10_7_,
        salesinfos7_.status_when2buy as status_w5_10_7_,
        salesinfos7_.transport as transpor6_10_7_,
        salesinfou8_.id as id1_11_8_,
        salesinfou8_.user_height as user_hei2_11_8_,
        salesinfou8_.user_size as user_siz3_11_8_,
        salesinfou8_.user_weight as user_wei4_11_8_ 
    from
        stores stores0_ 
    left outer join
        members members1_ 
            on stores0_.author_id=members1_.id 
    left outer join
        clothes_info clothesinf2_ 
            on stores0_.clothes_info_id=clothesinf2_.id 
    left outer join
        colors colors3_ 
            on stores0_.colors_name=colors3_.name 
    left outer join
        materials materials4_ 
            on stores0_.materials_name=materials4_.name 
    left outer join
        style style5_ 
            on stores0_.style_name=style5_.name 
    left outer join
        sales_info_clothes salesinfoc6_ 
            on stores0_.sales_info_clothes_id=salesinfoc6_.id 
    left outer join
        sales_info_status salesinfos7_ 
            on stores0_.sales_info_status_id=salesinfos7_.id 
    left outer join
        sales_info_user salesinfou8_ 
            on stores0_.sales_info_user_id=salesinfou8_.id 
    where
        stores0_.id=?
Hibernate: 
    select
        stores0_.id as id1_12_0_,
        stores0_.created_date as created_2_12_0_,
        stores0_.modified_date as modified3_12_0_,
        stores0_.author_id as author_i9_12_0_,
        stores0_.clothes_info_id as clothes10_12_0_,
        stores0_.colors_name as colors_11_12_0_,
        stores0_.materials_name as materia12_12_0_,
        stores0_.style_name as style_n13_12_0_,
        stores0_.clothes_length as clothes_4_12_0_,
        stores0_.content as content5_12_0_,
        stores0_.price as price6_12_0_,
        stores0_.sales_info_clothes_id as sales_i14_12_0_,
        stores0_.sales_info_status_id as sales_i15_12_0_,
        stores0_.sales_info_user_id as sales_i16_12_0_,
        stores0_.status as status7_12_0_,
        stores0_.title as title8_12_0_,
        members1_.id as id1_6_1_,
        members1_.email as email2_6_1_,
        members1_.image as image3_6_1_,
        members1_.name as name4_6_1_,
        members1_.nickname as nickname5_6_1_,
        members1_.password as password6_6_1_,
        members1_.phone as phone7_6_1_,
        members1_.refresh_token as refresh_8_6_1_,
        members1_.role as role9_6_1_,
        clothesinf2_.id as id1_2_2_,
        clothesinf2_.categoryl as category2_2_2_,
        clothesinf2_.categorys as category3_2_2_,
        clothesinf2_.fit as fit4_2_2_,
        clothesinf2_.length as length5_2_2_,
        colors3_.id as id1_4_3_,
        colors3_.name as name2_4_3_,
        materials4_.id as id1_5_4_,
        materials4_.name as name2_5_4_,
        style5_.id as id1_14_5_,
        style5_.name as name2_14_5_,
        salesinfoc6_.id as id1_9_6_,
        salesinfoc6_.clothes_brand as clothes_2_9_6_,
        salesinfoc6_.clothes_color as clothes_3_9_6_,
        salesinfoc6_.clothes_gender as clothes_4_9_6_,
        salesinfoc6_.clothes_size as clothes_5_9_6_,
        salesinfos7_.id as id1_10_7_,
        salesinfos7_.status_score as status_s2_10_7_,
        salesinfos7_.status_tag as status_t3_10_7_,
        salesinfos7_.status_times as status_t4_10_7_,
        salesinfos7_.status_when2buy as status_w5_10_7_,
        salesinfos7_.transport as transpor6_10_7_,
        salesinfou8_.id as id1_11_8_,
        salesinfou8_.user_height as user_hei2_11_8_,
        salesinfou8_.user_size as user_siz3_11_8_,
        salesinfou8_.user_weight as user_wei4_11_8_ 
    from
        stores stores0_ 
    left outer join
        members members1_ 
            on stores0_.author_id=members1_.id 
    left outer join
        clothes_info clothesinf2_ 
            on stores0_.clothes_info_id=clothesinf2_.id 
    left outer join
        colors colors3_ 
            on stores0_.colors_name=colors3_.name 
    left outer join
        materials materials4_ 
            on stores0_.materials_name=materials4_.name 
    left outer join
        style style5_ 
            on stores0_.style_name=style5_.name 
    left outer join
        sales_info_clothes salesinfoc6_ 
            on stores0_.sales_info_clothes_id=salesinfoc6_.id 
    left outer join
        sales_info_status salesinfos7_ 
            on stores0_.sales_info_status_id=salesinfos7_.id 
    left outer join
        sales_info_user salesinfou8_ 
            on stores0_.sales_info_user_id=salesinfou8_.id 
    where
        stores0_.id=?
Hibernate: 
    select
        stores0_.id as id1_12_0_,
        stores0_.created_date as created_2_12_0_,
        stores0_.modified_date as modified3_12_0_,
        stores0_.author_id as author_i9_12_0_,
        stores0_.clothes_info_id as clothes10_12_0_,
        stores0_.colors_name as colors_11_12_0_,
        stores0_.materials_name as materia12_12_0_,
        stores0_.style_name as style_n13_12_0_,
        stores0_.clothes_length as clothes_4_12_0_,
        stores0_.content as content5_12_0_,
        stores0_.price as price6_12_0_,
        stores0_.sales_info_clothes_id as sales_i14_12_0_,
        stores0_.sales_info_status_id as sales_i15_12_0_,
        stores0_.sales_info_user_id as sales_i16_12_0_,
        stores0_.status as status7_12_0_,
        stores0_.title as title8_12_0_,
        members1_.id as id1_6_1_,
        members1_.email as email2_6_1_,
        members1_.image as image3_6_1_,
        members1_.name as name4_6_1_,
        members1_.nickname as nickname5_6_1_,
        members1_.password as password6_6_1_,
        members1_.phone as phone7_6_1_,
        members1_.refresh_token as refresh_8_6_1_,
        members1_.role as role9_6_1_,
        clothesinf2_.id as id1_2_2_,
        clothesinf2_.categoryl as category2_2_2_,
        clothesinf2_.categorys as category3_2_2_,
        clothesinf2_.fit as fit4_2_2_,
        clothesinf2_.length as length5_2_2_,
        colors3_.id as id1_4_3_,
        colors3_.name as name2_4_3_,
        materials4_.id as id1_5_4_,
        materials4_.name as name2_5_4_,
        style5_.id as id1_14_5_,
        style5_.name as name2_14_5_,
        salesinfoc6_.id as id1_9_6_,
        salesinfoc6_.clothes_brand as clothes_2_9_6_,
        salesinfoc6_.clothes_color as clothes_3_9_6_,
        salesinfoc6_.clothes_gender as clothes_4_9_6_,
        salesinfoc6_.clothes_size as clothes_5_9_6_,
        salesinfos7_.id as id1_10_7_,
        salesinfos7_.status_score as status_s2_10_7_,
        salesinfos7_.status_tag as status_t3_10_7_,
        salesinfos7_.status_times as status_t4_10_7_,
        salesinfos7_.status_when2buy as status_w5_10_7_,
        salesinfos7_.transport as transpor6_10_7_,
        salesinfou8_.id as id1_11_8_,
        salesinfou8_.user_height as user_hei2_11_8_,
        salesinfou8_.user_size as user_siz3_11_8_,
        salesinfou8_.user_weight as user_wei4_11_8_ 
    from
        stores stores0_ 
    left outer join
        members members1_ 
            on stores0_.author_id=members1_.id 
    left outer join
        clothes_info clothesinf2_ 
            on stores0_.clothes_info_id=clothesinf2_.id 
    left outer join
        colors colors3_ 
            on stores0_.colors_name=colors3_.name 
    left outer join
        materials materials4_ 
            on stores0_.materials_name=materials4_.name 
    left outer join
        style style5_ 
            on stores0_.style_name=style5_.name 
    left outer join
        sales_info_clothes salesinfoc6_ 
            on stores0_.sales_info_clothes_id=salesinfoc6_.id 
    left outer join
        sales_info_status salesinfos7_ 
            on stores0_.sales_info_status_id=salesinfos7_.id 
    left outer join
        sales_info_user salesinfou8_ 
            on stores0_.sales_info_user_id=salesinfou8_.id 
    where
        stores0_.id=?
Hibernate: 
    select
        stores0_.id as id1_12_0_,
        stores0_.created_date as created_2_12_0_,
        stores0_.modified_date as modified3_12_0_,
        stores0_.author_id as author_i9_12_0_,
        stores0_.clothes_info_id as clothes10_12_0_,
        stores0_.colors_name as colors_11_12_0_,
        stores0_.materials_name as materia12_12_0_,
        stores0_.style_name as style_n13_12_0_,
        stores0_.clothes_length as clothes_4_12_0_,
        stores0_.content as content5_12_0_,
        stores0_.price as price6_12_0_,
        stores0_.sales_info_clothes_id as sales_i14_12_0_,
        stores0_.sales_info_status_id as sales_i15_12_0_,
        stores0_.sales_info_user_id as sales_i16_12_0_,
        stores0_.status as status7_12_0_,
        stores0_.title as title8_12_0_,
        members1_.id as id1_6_1_,
        members1_.email as email2_6_1_,
        members1_.image as image3_6_1_,
        members1_.name as name4_6_1_,
        members1_.nickname as nickname5_6_1_,
        members1_.password as password6_6_1_,
        members1_.phone as phone7_6_1_,
        members1_.refresh_token as refresh_8_6_1_,
        members1_.role as role9_6_1_,
        clothesinf2_.id as id1_2_2_,
        clothesinf2_.categoryl as category2_2_2_,
        clothesinf2_.categorys as category3_2_2_,
        clothesinf2_.fit as fit4_2_2_,
        clothesinf2_.length as length5_2_2_,
        colors3_.id as id1_4_3_,
        colors3_.name as name2_4_3_,
        materials4_.id as id1_5_4_,
        materials4_.name as name2_5_4_,
        style5_.id as id1_14_5_,
        style5_.name as name2_14_5_,
        salesinfoc6_.id as id1_9_6_,
        salesinfoc6_.clothes_brand as clothes_2_9_6_,
        salesinfoc6_.clothes_color as clothes_3_9_6_,
        salesinfoc6_.clothes_gender as clothes_4_9_6_,
        salesinfoc6_.clothes_size as clothes_5_9_6_,
        salesinfos7_.id as id1_10_7_,
        salesinfos7_.status_score as status_s2_10_7_,
        salesinfos7_.status_tag as status_t3_10_7_,
        salesinfos7_.status_times as status_t4_10_7_,
        salesinfos7_.status_when2buy as status_w5_10_7_,
        salesinfos7_.transport as transpor6_10_7_,
        salesinfou8_.id as id1_11_8_,
        salesinfou8_.user_height as user_hei2_11_8_,
        salesinfou8_.user_size as user_siz3_11_8_,
        salesinfou8_.user_weight as user_wei4_11_8_ 
    from
        stores stores0_ 
    left outer join
        members members1_ 
            on stores0_.author_id=members1_.id 
    left outer join
        clothes_info clothesinf2_ 
            on stores0_.clothes_info_id=clothesinf2_.id 
    left outer join
        colors colors3_ 
            on stores0_.colors_name=colors3_.name 
    left outer join
        materials materials4_ 
            on stores0_.materials_name=materials4_.name 
    left outer join
        style style5_ 
            on stores0_.style_name=style5_.name 
    left outer join
        sales_info_clothes salesinfoc6_ 
            on stores0_.sales_info_clothes_id=salesinfoc6_.id 
    left outer join
        sales_info_status salesinfos7_ 
            on stores0_.sales_info_status_id=salesinfos7_.id 
    left outer join
        sales_info_user salesinfou8_ 
            on stores0_.sales_info_user_id=salesinfou8_.id 
    where
        stores0_.id=?
Hibernate: 
    select
        stores0_.id as id1_12_0_,
        stores0_.created_date as created_2_12_0_,
        stores0_.modified_date as modified3_12_0_,
        stores0_.author_id as author_i9_12_0_,
        stores0_.clothes_info_id as clothes10_12_0_,
        stores0_.colors_name as colors_11_12_0_,
        stores0_.materials_name as materia12_12_0_,
        stores0_.style_name as style_n13_12_0_,
        stores0_.clothes_length as clothes_4_12_0_,
        stores0_.content as content5_12_0_,
        stores0_.price as price6_12_0_,
        stores0_.sales_info_clothes_id as sales_i14_12_0_,
        stores0_.sales_info_status_id as sales_i15_12_0_,
        stores0_.sales_info_user_id as sales_i16_12_0_,
        stores0_.status as status7_12_0_,
        stores0_.title as title8_12_0_,
        members1_.id as id1_6_1_,
        members1_.email as email2_6_1_,
        members1_.image as image3_6_1_,
        members1_.name as name4_6_1_,
        members1_.nickname as nickname5_6_1_,
        members1_.password as password6_6_1_,
        members1_.phone as phone7_6_1_,
        members1_.refresh_token as refresh_8_6_1_,
        members1_.role as role9_6_1_,
        clothesinf2_.id as id1_2_2_,
        clothesinf2_.categoryl as category2_2_2_,
        clothesinf2_.categorys as category3_2_2_,
        clothesinf2_.fit as fit4_2_2_,
        clothesinf2_.length as length5_2_2_,
        colors3_.id as id1_4_3_,
        colors3_.name as name2_4_3_,
        materials4_.id as id1_5_4_,
        materials4_.name as name2_5_4_,
        style5_.id as id1_14_5_,
        style5_.name as name2_14_5_,
        salesinfoc6_.id as id1_9_6_,
        salesinfoc6_.clothes_brand as clothes_2_9_6_,
        salesinfoc6_.clothes_color as clothes_3_9_6_,
        salesinfoc6_.clothes_gender as clothes_4_9_6_,
        salesinfoc6_.clothes_size as clothes_5_9_6_,
        salesinfos7_.id as id1_10_7_,
        salesinfos7_.status_score as status_s2_10_7_,
        salesinfos7_.status_tag as status_t3_10_7_,
        salesinfos7_.status_times as status_t4_10_7_,
        salesinfos7_.status_when2buy as status_w5_10_7_,
        salesinfos7_.transport as transpor6_10_7_,
        salesinfou8_.id as id1_11_8_,
        salesinfou8_.user_height as user_hei2_11_8_,
        salesinfou8_.user_size as user_siz3_11_8_,
        salesinfou8_.user_weight as user_wei4_11_8_ 
    from
        stores stores0_ 
    left outer join
        members members1_ 
            on stores0_.author_id=members1_.id 
    left outer join
        clothes_info clothesinf2_ 
            on stores0_.clothes_info_id=clothesinf2_.id 
    left outer join
        colors colors3_ 
            on stores0_.colors_name=colors3_.name 
    left outer join
        materials materials4_ 
            on stores0_.materials_name=materials4_.name 
    left outer join
        style style5_ 
            on stores0_.style_name=style5_.name 
    left outer join
        sales_info_clothes salesinfoc6_ 
            on stores0_.sales_info_clothes_id=salesinfoc6_.id 
    left outer join
        sales_info_status salesinfos7_ 
            on stores0_.sales_info_status_id=salesinfos7_.id 
    left outer join
        sales_info_user salesinfou8_ 
            on stores0_.sales_info_user_id=salesinfou8_.id 
    where
        stores0_.id=?
Hibernate: 
    select
        stores0_.id as id1_12_0_,
        stores0_.created_date as created_2_12_0_,
        stores0_.modified_date as modified3_12_0_,
        stores0_.author_id as author_i9_12_0_,
        stores0_.clothes_info_id as clothes10_12_0_,
        stores0_.colors_name as colors_11_12_0_,
        stores0_.materials_name as materia12_12_0_,
        stores0_.style_name as style_n13_12_0_,
        stores0_.clothes_length as clothes_4_12_0_,
        stores0_.content as content5_12_0_,
        stores0_.price as price6_12_0_,
        stores0_.sales_info_clothes_id as sales_i14_12_0_,
        stores0_.sales_info_status_id as sales_i15_12_0_,
        stores0_.sales_info_user_id as sales_i16_12_0_,
        stores0_.status as status7_12_0_,
        stores0_.title as title8_12_0_,
        members1_.id as id1_6_1_,
        members1_.email as email2_6_1_,
        members1_.image as image3_6_1_,
        members1_.name as name4_6_1_,
        members1_.nickname as nickname5_6_1_,
        members1_.password as password6_6_1_,
        members1_.phone as phone7_6_1_,
        members1_.refresh_token as refresh_8_6_1_,
        members1_.role as role9_6_1_,
        clothesinf2_.id as id1_2_2_,
        clothesinf2_.categoryl as category2_2_2_,
        clothesinf2_.categorys as category3_2_2_,
        clothesinf2_.fit as fit4_2_2_,
        clothesinf2_.length as length5_2_2_,
        colors3_.id as id1_4_3_,
        colors3_.name as name2_4_3_,
        materials4_.id as id1_5_4_,
        materials4_.name as name2_5_4_,
        style5_.id as id1_14_5_,
        style5_.name as name2_14_5_,
        salesinfoc6_.id as id1_9_6_,
        salesinfoc6_.clothes_brand as clothes_2_9_6_,
        salesinfoc6_.clothes_color as clothes_3_9_6_,
        salesinfoc6_.clothes_gender as clothes_4_9_6_,
        salesinfoc6_.clothes_size as clothes_5_9_6_,
        salesinfos7_.id as id1_10_7_,
        salesinfos7_.status_score as status_s2_10_7_,
        salesinfos7_.status_tag as status_t3_10_7_,
        salesinfos7_.status_times as status_t4_10_7_,
        salesinfos7_.status_when2buy as status_w5_10_7_,
        salesinfos7_.transport as transpor6_10_7_,
        salesinfou8_.id as id1_11_8_,
        salesinfou8_.user_height as user_hei2_11_8_,
        salesinfou8_.user_size as user_siz3_11_8_,
        salesinfou8_.user_weight as user_wei4_11_8_ 
    from
        stores stores0_ 
    left outer join
        members members1_ 
            on stores0_.author_id=members1_.id 
    left outer join
        clothes_info clothesinf2_ 
            on stores0_.clothes_info_id=clothesinf2_.id 
    left outer join
        colors colors3_ 
            on stores0_.colors_name=colors3_.name 
    left outer join
        materials materials4_ 
            on stores0_.materials_name=materials4_.name 
    left outer join
        style style5_ 
            on stores0_.style_name=style5_.name 
    left outer join
        sales_info_clothes salesinfoc6_ 
            on stores0_.sales_info_clothes_id=salesinfoc6_.id 
    left outer join
        sales_info_status salesinfos7_ 
            on stores0_.sales_info_status_id=salesinfos7_.id 
    left outer join
        sales_info_user salesinfou8_ 
            on stores0_.sales_info_user_id=salesinfou8_.id 
    where
        stores0_.id=?
Hibernate: 
    select
        stores0_.id as id1_12_0_,
        stores0_.created_date as created_2_12_0_,
        stores0_.modified_date as modified3_12_0_,
        stores0_.author_id as author_i9_12_0_,
        stores0_.clothes_info_id as clothes10_12_0_,
        stores0_.colors_name as colors_11_12_0_,
        stores0_.materials_name as materia12_12_0_,
        stores0_.style_name as style_n13_12_0_,
        stores0_.clothes_length as clothes_4_12_0_,
        stores0_.content as content5_12_0_,
        stores0_.price as price6_12_0_,
        stores0_.sales_info_clothes_id as sales_i14_12_0_,
        stores0_.sales_info_status_id as sales_i15_12_0_,
        stores0_.sales_info_user_id as sales_i16_12_0_,
        stores0_.status as status7_12_0_,
        stores0_.title as title8_12_0_,
        members1_.id as id1_6_1_,
        members1_.email as email2_6_1_,
        members1_.image as image3_6_1_,
        members1_.name as name4_6_1_,
        members1_.nickname as nickname5_6_1_,
        members1_.password as password6_6_1_,
        members1_.phone as phone7_6_1_,
        members1_.refresh_token as refresh_8_6_1_,
        members1_.role as role9_6_1_,
        clothesinf2_.id as id1_2_2_,
        clothesinf2_.categoryl as category2_2_2_,
        clothesinf2_.categorys as category3_2_2_,
        clothesinf2_.fit as fit4_2_2_,
        clothesinf2_.length as length5_2_2_,
        colors3_.id as id1_4_3_,
        colors3_.name as name2_4_3_,
        materials4_.id as id1_5_4_,
        materials4_.name as name2_5_4_,
        style5_.id as id1_14_5_,
        style5_.name as name2_14_5_,
        salesinfoc6_.id as id1_9_6_,
        salesinfoc6_.clothes_brand as clothes_2_9_6_,
        salesinfoc6_.clothes_color as clothes_3_9_6_,
        salesinfoc6_.clothes_gender as clothes_4_9_6_,
        salesinfoc6_.clothes_size as clothes_5_9_6_,
        salesinfos7_.id as id1_10_7_,
        salesinfos7_.status_score as status_s2_10_7_,
        salesinfos7_.status_tag as status_t3_10_7_,
        salesinfos7_.status_times as status_t4_10_7_,
        salesinfos7_.status_when2buy as status_w5_10_7_,
        salesinfos7_.transport as transpor6_10_7_,
        salesinfou8_.id as id1_11_8_,
        salesinfou8_.user_height as user_hei2_11_8_,
        salesinfou8_.user_size as user_siz3_11_8_,
        salesinfou8_.user_weight as user_wei4_11_8_ 
    from
        stores stores0_ 
    left outer join
        members members1_ 
            on stores0_.author_id=members1_.id 
    left outer join
        clothes_info clothesinf2_ 
            on stores0_.clothes_info_id=clothesinf2_.id 
    left outer join
        colors colors3_ 
            on stores0_.colors_name=colors3_.name 
    left outer join
        materials materials4_ 
            on stores0_.materials_name=materials4_.name 
    left outer join
        style style5_ 
            on stores0_.style_name=style5_.name 
    left outer join
        sales_info_clothes salesinfoc6_ 
            on stores0_.sales_info_clothes_id=salesinfoc6_.id 
    left outer join
        sales_info_status salesinfos7_ 
            on stores0_.sales_info_status_id=salesinfos7_.id 
    left outer join
        sales_info_user salesinfou8_ 
            on stores0_.sales_info_user_id=salesinfou8_.id 
    where
        stores0_.id=?
Hibernate: 
    select
        stores0_.id as id1_12_0_,
        stores0_.created_date as created_2_12_0_,
        stores0_.modified_date as modified3_12_0_,
        stores0_.author_id as author_i9_12_0_,
        stores0_.clothes_info_id as clothes10_12_0_,
        stores0_.colors_name as colors_11_12_0_,
        stores0_.materials_name as materia12_12_0_,
        stores0_.style_name as style_n13_12_0_,
        stores0_.clothes_length as clothes_4_12_0_,
        stores0_.content as content5_12_0_,
        stores0_.price as price6_12_0_,
        stores0_.sales_info_clothes_id as sales_i14_12_0_,
        stores0_.sales_info_status_id as sales_i15_12_0_,
        stores0_.sales_info_user_id as sales_i16_12_0_,
        stores0_.status as status7_12_0_,
        stores0_.title as title8_12_0_,
        members1_.id as id1_6_1_,
        members1_.email as email2_6_1_,
        members1_.image as image3_6_1_,
        members1_.name as name4_6_1_,
        members1_.nickname as nickname5_6_1_,
        members1_.password as password6_6_1_,
        members1_.phone as phone7_6_1_,
        members1_.refresh_token as refresh_8_6_1_,
        members1_.role as role9_6_1_,
        clothesinf2_.id as id1_2_2_,
        clothesinf2_.categoryl as category2_2_2_,
        clothesinf2_.categorys as category3_2_2_,
        clothesinf2_.fit as fit4_2_2_,
        clothesinf2_.length as length5_2_2_,
        colors3_.id as id1_4_3_,
        colors3_.name as name2_4_3_,
        materials4_.id as id1_5_4_,
        materials4_.name as name2_5_4_,
        style5_.id as id1_14_5_,
        style5_.name as name2_14_5_,
        salesinfoc6_.id as id1_9_6_,
        salesinfoc6_.clothes_brand as clothes_2_9_6_,
        salesinfoc6_.clothes_color as clothes_3_9_6_,
        salesinfoc6_.clothes_gender as clothes_4_9_6_,
        salesinfoc6_.clothes_size as clothes_5_9_6_,
        salesinfos7_.id as id1_10_7_,
        salesinfos7_.status_score as status_s2_10_7_,
        salesinfos7_.status_tag as status_t3_10_7_,
        salesinfos7_.status_times as status_t4_10_7_,
        salesinfos7_.status_when2buy as status_w5_10_7_,
        salesinfos7_.transport as transpor6_10_7_,
        salesinfou8_.id as id1_11_8_,
        salesinfou8_.user_height as user_hei2_11_8_,
        salesinfou8_.user_size as user_siz3_11_8_,
        salesinfou8_.user_weight as user_wei4_11_8_ 
    from
        stores stores0_ 
    left outer join
        members members1_ 
            on stores0_.author_id=members1_.id 
    left outer join
        clothes_info clothesinf2_ 
            on stores0_.clothes_info_id=clothesinf2_.id 
    left outer join
        colors colors3_ 
            on stores0_.colors_name=colors3_.name 
    left outer join
        materials materials4_ 
            on stores0_.materials_name=materials4_.name 
    left outer join
        style style5_ 
            on stores0_.style_name=style5_.name 
    left outer join
        sales_info_clothes salesinfoc6_ 
            on stores0_.sales_info_clothes_id=salesinfoc6_.id 
    left outer join
        sales_info_status salesinfos7_ 
            on stores0_.sales_info_status_id=salesinfos7_.id 
    left outer join
        sales_info_user salesinfou8_ 
            on stores0_.sales_info_user_id=salesinfou8_.id 
    where
        stores0_.id=?
Hibernate: 
    select
        stores0_.id as id1_12_0_,
        stores0_.created_date as created_2_12_0_,
        stores0_.modified_date as modified3_12_0_,
        stores0_.author_id as author_i9_12_0_,
        stores0_.clothes_info_id as clothes10_12_0_,
        stores0_.colors_name as colors_11_12_0_,
        stores0_.materials_name as materia12_12_0_,
        stores0_.style_name as style_n13_12_0_,
        stores0_.clothes_length as clothes_4_12_0_,
        stores0_.content as content5_12_0_,
        stores0_.price as price6_12_0_,
        stores0_.sales_info_clothes_id as sales_i14_12_0_,
        stores0_.sales_info_status_id as sales_i15_12_0_,
        stores0_.sales_info_user_id as sales_i16_12_0_,
        stores0_.status as status7_12_0_,
        stores0_.title as title8_12_0_,
        members1_.id as id1_6_1_,
        members1_.email as email2_6_1_,
        members1_.image as image3_6_1_,
        members1_.name as name4_6_1_,
        members1_.nickname as nickname5_6_1_,
        members1_.password as password6_6_1_,
        members1_.phone as phone7_6_1_,
        members1_.refresh_token as refresh_8_6_1_,
        members1_.role as role9_6_1_,
        clothesinf2_.id as id1_2_2_,
        clothesinf2_.categoryl as category2_2_2_,
        clothesinf2_.categorys as category3_2_2_,
        clothesinf2_.fit as fit4_2_2_,
        clothesinf2_.length as length5_2_2_,
        colors3_.id as id1_4_3_,
        colors3_.name as name2_4_3_,
        materials4_.id as id1_5_4_,
        materials4_.name as name2_5_4_,
        style5_.id as id1_14_5_,
        style5_.name as name2_14_5_,
        salesinfoc6_.id as id1_9_6_,
        salesinfoc6_.clothes_brand as clothes_2_9_6_,
        salesinfoc6_.clothes_color as clothes_3_9_6_,
        salesinfoc6_.clothes_gender as clothes_4_9_6_,
        salesinfoc6_.clothes_size as clothes_5_9_6_,
        salesinfos7_.id as id1_10_7_,
        salesinfos7_.status_score as status_s2_10_7_,
        salesinfos7_.status_tag as status_t3_10_7_,
        salesinfos7_.status_times as status_t4_10_7_,
        salesinfos7_.status_when2buy as status_w5_10_7_,
        salesinfos7_.transport as transpor6_10_7_,
        salesinfou8_.id as id1_11_8_,
        salesinfou8_.user_height as user_hei2_11_8_,
        salesinfou8_.user_size as user_siz3_11_8_,
        salesinfou8_.user_weight as user_wei4_11_8_ 
    from
        stores stores0_ 
    left outer join
        members members1_ 
            on stores0_.author_id=members1_.id 
    left outer join
        clothes_info clothesinf2_ 
            on stores0_.clothes_info_id=clothesinf2_.id 
    left outer join
        colors colors3_ 
            on stores0_.colors_name=colors3_.name 
    left outer join
        materials materials4_ 
            on stores0_.materials_name=materials4_.name 
    left outer join
        style style5_ 
            on stores0_.style_name=style5_.name 
    left outer join
        sales_info_clothes salesinfoc6_ 
            on stores0_.sales_info_clothes_id=salesinfoc6_.id 
    left outer join
        sales_info_status salesinfos7_ 
            on stores0_.sales_info_status_id=salesinfos7_.id 
    left outer join
        sales_info_user salesinfou8_ 
            on stores0_.sales_info_user_id=salesinfou8_.id 
    where
        stores0_.id=?
Hibernate: 
    select
        stores0_.id as id1_12_0_,
        stores0_.created_date as created_2_12_0_,
        stores0_.modified_date as modified3_12_0_,
        stores0_.author_id as author_i9_12_0_,
        stores0_.clothes_info_id as clothes10_12_0_,
        stores0_.colors_name as colors_11_12_0_,
        stores0_.materials_name as materia12_12_0_,
        stores0_.style_name as style_n13_12_0_,
        stores0_.clothes_length as clothes_4_12_0_,
        stores0_.content as content5_12_0_,
        stores0_.price as price6_12_0_,
        stores0_.sales_info_clothes_id as sales_i14_12_0_,
        stores0_.sales_info_status_id as sales_i15_12_0_,
        stores0_.sales_info_user_id as sales_i16_12_0_,
        stores0_.status as status7_12_0_,
        stores0_.title as title8_12_0_,
        members1_.id as id1_6_1_,
        members1_.email as email2_6_1_,
        members1_.image as image3_6_1_,
        members1_.name as name4_6_1_,
        members1_.nickname as nickname5_6_1_,
        members1_.password as password6_6_1_,
        members1_.phone as phone7_6_1_,
        members1_.refresh_token as refresh_8_6_1_,
        members1_.role as role9_6_1_,
        clothesinf2_.id as id1_2_2_,
        clothesinf2_.categoryl as category2_2_2_,
        clothesinf2_.categorys as category3_2_2_,
        clothesinf2_.fit as fit4_2_2_,
        clothesinf2_.length as length5_2_2_,
        colors3_.id as id1_4_3_,
        colors3_.name as name2_4_3_,
        materials4_.id as id1_5_4_,
        materials4_.name as name2_5_4_,
        style5_.id as id1_14_5_,
        style5_.name as name2_14_5_,
        salesinfoc6_.id as id1_9_6_,
        salesinfoc6_.clothes_brand as clothes_2_9_6_,
        salesinfoc6_.clothes_color as clothes_3_9_6_,
        salesinfoc6_.clothes_gender as clothes_4_9_6_,
        salesinfoc6_.clothes_size as clothes_5_9_6_,
        salesinfos7_.id as id1_10_7_,
        salesinfos7_.status_score as status_s2_10_7_,
        salesinfos7_.status_tag as status_t3_10_7_,
        salesinfos7_.status_times as status_t4_10_7_,
        salesinfos7_.status_when2buy as status_w5_10_7_,
        salesinfos7_.transport as transpor6_10_7_,
        salesinfou8_.id as id1_11_8_,
        salesinfou8_.user_height as user_hei2_11_8_,
        salesinfou8_.user_size as user_siz3_11_8_,
        salesinfou8_.user_weight as user_wei4_11_8_ 
    from
        stores stores0_ 
    left outer join
        members members1_ 
            on stores0_.author_id=members1_.id 
    left outer join
        clothes_info clothesinf2_ 
            on stores0_.clothes_info_id=clothesinf2_.id 
    left outer join
        colors colors3_ 
            on stores0_.colors_name=colors3_.name 
    left outer join
        materials materials4_ 
            on stores0_.materials_name=materials4_.name 
    left outer join
        style style5_ 
            on stores0_.style_name=style5_.name 
    left outer join
        sales_info_clothes salesinfoc6_ 
            on stores0_.sales_info_clothes_id=salesinfoc6_.id 
    left outer join
        sales_info_status salesinfos7_ 
            on stores0_.sales_info_status_id=salesinfos7_.id 
    left outer join
        sales_info_user salesinfou8_ 
            on stores0_.sales_info_user_id=salesinfou8_.id 
    where
        stores0_.id=?
Hibernate: 
    select
        stores0_.id as id1_12_0_,
        stores0_.created_date as created_2_12_0_,
        stores0_.modified_date as modified3_12_0_,
        stores0_.author_id as author_i9_12_0_,
        stores0_.clothes_info_id as clothes10_12_0_,
        stores0_.colors_name as colors_11_12_0_,
        stores0_.materials_name as materia12_12_0_,
        stores0_.style_name as style_n13_12_0_,
        stores0_.clothes_length as clothes_4_12_0_,
        stores0_.content as content5_12_0_,
        stores0_.price as price6_12_0_,
        stores0_.sales_info_clothes_id as sales_i14_12_0_,
        stores0_.sales_info_status_id as sales_i15_12_0_,
        stores0_.sales_info_user_id as sales_i16_12_0_,
        stores0_.status as status7_12_0_,
        stores0_.title as title8_12_0_,
        members1_.id as id1_6_1_,
        members1_.email as email2_6_1_,
        members1_.image as image3_6_1_,
        members1_.name as name4_6_1_,
        members1_.nickname as nickname5_6_1_,
        members1_.password as password6_6_1_,
        members1_.phone as phone7_6_1_,
        members1_.refresh_token as refresh_8_6_1_,
        members1_.role as role9_6_1_,
        clothesinf2_.id as id1_2_2_,
        clothesinf2_.categoryl as category2_2_2_,
        clothesinf2_.categorys as category3_2_2_,
        clothesinf2_.fit as fit4_2_2_,
        clothesinf2_.length as length5_2_2_,
        colors3_.id as id1_4_3_,
        colors3_.name as name2_4_3_,
        materials4_.id as id1_5_4_,
        materials4_.name as name2_5_4_,
        style5_.id as id1_14_5_,
        style5_.name as name2_14_5_,
        salesinfoc6_.id as id1_9_6_,
        salesinfoc6_.clothes_brand as clothes_2_9_6_,
        salesinfoc6_.clothes_color as clothes_3_9_6_,
        salesinfoc6_.clothes_gender as clothes_4_9_6_,
        salesinfoc6_.clothes_size as clothes_5_9_6_,
        salesinfos7_.id as id1_10_7_,
        salesinfos7_.status_score as status_s2_10_7_,
        salesinfos7_.status_tag as status_t3_10_7_,
        salesinfos7_.status_times as status_t4_10_7_,
        salesinfos7_.status_when2buy as status_w5_10_7_,
        salesinfos7_.transport as transpor6_10_7_,
        salesinfou8_.id as id1_11_8_,
        salesinfou8_.user_height as user_hei2_11_8_,
        salesinfou8_.user_size as user_siz3_11_8_,
        salesinfou8_.user_weight as user_wei4_11_8_ 
    from
        stores stores0_ 
    left outer join
        members members1_ 
            on stores0_.author_id=members1_.id 
    left outer join
        clothes_info clothesinf2_ 
            on stores0_.clothes_info_id=clothesinf2_.id 
    left outer join
        colors colors3_ 
            on stores0_.colors_name=colors3_.name 
    left outer join
        materials materials4_ 
            on stores0_.materials_name=materials4_.name 
    left outer join
        style style5_ 
            on stores0_.style_name=style5_.name 
    left outer join
        sales_info_clothes salesinfoc6_ 
            on stores0_.sales_info_clothes_id=salesinfoc6_.id 
    left outer join
        sales_info_status salesinfos7_ 
            on stores0_.sales_info_status_id=salesinfos7_.id 
    left outer join
        sales_info_user salesinfou8_ 
            on stores0_.sales_info_user_id=salesinfou8_.id 
    where
        stores0_.id=?
Hibernate: 
    select
        stores0_.id as id1_12_0_,
        stores0_.created_date as created_2_12_0_,
        stores0_.modified_date as modified3_12_0_,
        stores0_.author_id as author_i9_12_0_,
        stores0_.clothes_info_id as clothes10_12_0_,
        stores0_.colors_name as colors_11_12_0_,
        stores0_.materials_name as materia12_12_0_,
        stores0_.style_name as style_n13_12_0_,
        stores0_.clothes_length as clothes_4_12_0_,
        stores0_.content as content5_12_0_,
        stores0_.price as price6_12_0_,
        stores0_.sales_info_clothes_id as sales_i14_12_0_,
        stores0_.sales_info_status_id as sales_i15_12_0_,
        stores0_.sales_info_user_id as sales_i16_12_0_,
        stores0_.status as status7_12_0_,
        stores0_.title as title8_12_0_,
        members1_.id as id1_6_1_,
        members1_.email as email2_6_1_,
        members1_.image as image3_6_1_,
        members1_.name as name4_6_1_,
        members1_.nickname as nickname5_6_1_,
        members1_.password as password6_6_1_,
        members1_.phone as phone7_6_1_,
        members1_.refresh_token as refresh_8_6_1_,
        members1_.role as role9_6_1_,
        clothesinf2_.id as id1_2_2_,
        clothesinf2_.categoryl as category2_2_2_,
        clothesinf2_.categorys as category3_2_2_,
        clothesinf2_.fit as fit4_2_2_,
        clothesinf2_.length as length5_2_2_,
        colors3_.id as id1_4_3_,
        colors3_.name as name2_4_3_,
        materials4_.id as id1_5_4_,
        materials4_.name as name2_5_4_,
        style5_.id as id1_14_5_,
        style5_.name as name2_14_5_,
        salesinfoc6_.id as id1_9_6_,
        salesinfoc6_.clothes_brand as clothes_2_9_6_,
        salesinfoc6_.clothes_color as clothes_3_9_6_,
        salesinfoc6_.clothes_gender as clothes_4_9_6_,
        salesinfoc6_.clothes_size as clothes_5_9_6_,
        salesinfos7_.id as id1_10_7_,
        salesinfos7_.status_score as status_s2_10_7_,
        salesinfos7_.status_tag as status_t3_10_7_,
        salesinfos7_.status_times as status_t4_10_7_,
        salesinfos7_.status_when2buy as status_w5_10_7_,
        salesinfos7_.transport as transpor6_10_7_,
        salesinfou8_.id as id1_11_8_,
        salesinfou8_.user_height as user_hei2_11_8_,
        salesinfou8_.user_size as user_siz3_11_8_,
        salesinfou8_.user_weight as user_wei4_11_8_ 
    from
        stores stores0_ 
    left outer join
        members members1_ 
            on stores0_.author_id=members1_.id 
    left outer join
        clothes_info clothesinf2_ 
            on stores0_.clothes_info_id=clothesinf2_.id 
    left outer join
        colors colors3_ 
            on stores0_.colors_name=colors3_.name 
    left outer join
        materials materials4_ 
            on stores0_.materials_name=materials4_.name 
    left outer join
        style style5_ 
            on stores0_.style_name=style5_.name 
    left outer join
        sales_info_clothes salesinfoc6_ 
            on stores0_.sales_info_clothes_id=salesinfoc6_.id 
    left outer join
        sales_info_status salesinfos7_ 
            on stores0_.sales_info_status_id=salesinfos7_.id 
    left outer join
        sales_info_user salesinfou8_ 
            on stores0_.sales_info_user_id=salesinfou8_.id 
    where
        stores0_.id=?
Hibernate: 
    select
        stores0_.id as id1_12_0_,
        stores0_.created_date as created_2_12_0_,
        stores0_.modified_date as modified3_12_0_,
        stores0_.author_id as author_i9_12_0_,
        stores0_.clothes_info_id as clothes10_12_0_,
        stores0_.colors_name as colors_11_12_0_,
        stores0_.materials_name as materia12_12_0_,
        stores0_.style_name as style_n13_12_0_,
        stores0_.clothes_length as clothes_4_12_0_,
        stores0_.content as content5_12_0_,
        stores0_.price as price6_12_0_,
        stores0_.sales_info_clothes_id as sales_i14_12_0_,
        stores0_.sales_info_status_id as sales_i15_12_0_,
        stores0_.sales_info_user_id as sales_i16_12_0_,
        stores0_.status as status7_12_0_,
        stores0_.title as title8_12_0_,
        members1_.id as id1_6_1_,
        members1_.email as email2_6_1_,
        members1_.image as image3_6_1_,
        members1_.name as name4_6_1_,
        members1_.nickname as nickname5_6_1_,
        members1_.password as password6_6_1_,
        members1_.phone as phone7_6_1_,
        members1_.refresh_token as refresh_8_6_1_,
        members1_.role as role9_6_1_,
        clothesinf2_.id as id1_2_2_,
        clothesinf2_.categoryl as category2_2_2_,
        clothesinf2_.categorys as category3_2_2_,
        clothesinf2_.fit as fit4_2_2_,
        clothesinf2_.length as length5_2_2_,
        colors3_.id as id1_4_3_,
        colors3_.name as name2_4_3_,
        materials4_.id as id1_5_4_,
        materials4_.name as name2_5_4_,
        style5_.id as id1_14_5_,
        style5_.name as name2_14_5_,
        salesinfoc6_.id as id1_9_6_,
        salesinfoc6_.clothes_brand as clothes_2_9_6_,
        salesinfoc6_.clothes_color as clothes_3_9_6_,
        salesinfoc6_.clothes_gender as clothes_4_9_6_,
        salesinfoc6_.clothes_size as clothes_5_9_6_,
        salesinfos7_.id as id1_10_7_,
        salesinfos7_.status_score as status_s2_10_7_,
        salesinfos7_.status_tag as status_t3_10_7_,
        salesinfos7_.status_times as status_t4_10_7_,
        salesinfos7_.status_when2buy as status_w5_10_7_,
        salesinfos7_.transport as transpor6_10_7_,
        salesinfou8_.id as id1_11_8_,
        salesinfou8_.user_height as user_hei2_11_8_,
        salesinfou8_.user_size as user_siz3_11_8_,
        salesinfou8_.user_weight as user_wei4_11_8_ 
    from
        stores stores0_ 
    left outer join
        members members1_ 
            on stores0_.author_id=members1_.id 
    left outer join
        clothes_info clothesinf2_ 
            on stores0_.clothes_info_id=clothesinf2_.id 
    left outer join
        colors colors3_ 
            on stores0_.colors_name=colors3_.name 
    left outer join
        materials materials4_ 
            on stores0_.materials_name=materials4_.name 
    left outer join
        style style5_ 
            on stores0_.style_name=style5_.name 
    left outer join
        sales_info_clothes salesinfoc6_ 
            on stores0_.sales_info_clothes_id=salesinfoc6_.id 
    left outer join
        sales_info_status salesinfos7_ 
            on stores0_.sales_info_status_id=salesinfos7_.id 
    left outer join
        sales_info_user salesinfou8_ 
            on stores0_.sales_info_user_id=salesinfou8_.id 
    where
        stores0_.id=?
Hibernate: 
    select
        stores0_.id as id1_12_0_,
        stores0_.created_date as created_2_12_0_,
        stores0_.modified_date as modified3_12_0_,
        stores0_.author_id as author_i9_12_0_,
        stores0_.clothes_info_id as clothes10_12_0_,
        stores0_.colors_name as colors_11_12_0_,
        stores0_.materials_name as materia12_12_0_,
        stores0_.style_name as style_n13_12_0_,
        stores0_.clothes_length as clothes_4_12_0_,
        stores0_.content as content5_12_0_,
        stores0_.price as price6_12_0_,
        stores0_.sales_info_clothes_id as sales_i14_12_0_,
        stores0_.sales_info_status_id as sales_i15_12_0_,
        stores0_.sales_info_user_id as sales_i16_12_0_,
        stores0_.status as status7_12_0_,
        stores0_.title as title8_12_0_,
        members1_.id as id1_6_1_,
        members1_.email as email2_6_1_,
        members1_.image as image3_6_1_,
        members1_.name as name4_6_1_,
        members1_.nickname as nickname5_6_1_,
        members1_.password as password6_6_1_,
        members1_.phone as phone7_6_1_,
        members1_.refresh_token as refresh_8_6_1_,
        members1_.role as role9_6_1_,
        clothesinf2_.id as id1_2_2_,
        clothesinf2_.categoryl as category2_2_2_,
        clothesinf2_.categorys as category3_2_2_,
        clothesinf2_.fit as fit4_2_2_,
        clothesinf2_.length as length5_2_2_,
        colors3_.id as id1_4_3_,
        colors3_.name as name2_4_3_,
        materials4_.id as id1_5_4_,
        materials4_.name as name2_5_4_,
        style5_.id as id1_14_5_,
        style5_.name as name2_14_5_,
        salesinfoc6_.id as id1_9_6_,
        salesinfoc6_.clothes_brand as clothes_2_9_6_,
        salesinfoc6_.clothes_color as clothes_3_9_6_,
        salesinfoc6_.clothes_gender as clothes_4_9_6_,
        salesinfoc6_.clothes_size as clothes_5_9_6_,
        salesinfos7_.id as id1_10_7_,
        salesinfos7_.status_score as status_s2_10_7_,
        salesinfos7_.status_tag as status_t3_10_7_,
        salesinfos7_.status_times as status_t4_10_7_,
        salesinfos7_.status_when2buy as status_w5_10_7_,
        salesinfos7_.transport as transpor6_10_7_,
        salesinfou8_.id as id1_11_8_,
        salesinfou8_.user_height as user_hei2_11_8_,
        salesinfou8_.user_size as user_siz3_11_8_,
        salesinfou8_.user_weight as user_wei4_11_8_ 
    from
        stores stores0_ 
    left outer join
        members members1_ 
            on stores0_.author_id=members1_.id 
    left outer join
        clothes_info clothesinf2_ 
            on stores0_.clothes_info_id=clothesinf2_.id 
    left outer join
        colors colors3_ 
            on stores0_.colors_name=colors3_.name 
    left outer join
        materials materials4_ 
            on stores0_.materials_name=materials4_.name 
    left outer join
        style style5_ 
            on stores0_.style_name=style5_.name 
    left outer join
        sales_info_clothes salesinfoc6_ 
            on stores0_.sales_info_clothes_id=salesinfoc6_.id 
    left outer join
        sales_info_status salesinfos7_ 
            on stores0_.sales_info_status_id=salesinfos7_.id 
    left outer join
        sales_info_user salesinfou8_ 
            on stores0_.sales_info_user_id=salesinfou8_.id 
    where
        stores0_.id=?
Hibernate: 
    select
        stores0_.id as id1_12_0_,
        stores0_.created_date as created_2_12_0_,
        stores0_.modified_date as modified3_12_0_,
        stores0_.author_id as author_i9_12_0_,
        stores0_.clothes_info_id as clothes10_12_0_,
        stores0_.colors_name as colors_11_12_0_,
        stores0_.materials_name as materia12_12_0_,
        stores0_.style_name as style_n13_12_0_,
        stores0_.clothes_length as clothes_4_12_0_,
        stores0_.content as content5_12_0_,
        stores0_.price as price6_12_0_,
        stores0_.sales_info_clothes_id as sales_i14_12_0_,
        stores0_.sales_info_status_id as sales_i15_12_0_,
        stores0_.sales_info_user_id as sales_i16_12_0_,
        stores0_.status as status7_12_0_,
        stores0_.title as title8_12_0_,
        members1_.id as id1_6_1_,
        members1_.email as email2_6_1_,
        members1_.image as image3_6_1_,
        members1_.name as name4_6_1_,
        members1_.nickname as nickname5_6_1_,
        members1_.password as password6_6_1_,
        members1_.phone as phone7_6_1_,
        members1_.refresh_token as refresh_8_6_1_,
        members1_.role as role9_6_1_,
        clothesinf2_.id as id1_2_2_,
        clothesinf2_.categoryl as category2_2_2_,
        clothesinf2_.categorys as category3_2_2_,
        clothesinf2_.fit as fit4_2_2_,
        clothesinf2_.length as length5_2_2_,
        colors3_.id as id1_4_3_,
        colors3_.name as name2_4_3_,
        materials4_.id as id1_5_4_,
        materials4_.name as name2_5_4_,
        style5_.id as id1_14_5_,
        style5_.name as name2_14_5_,
        salesinfoc6_.id as id1_9_6_,
        salesinfoc6_.clothes_brand as clothes_2_9_6_,
        salesinfoc6_.clothes_color as clothes_3_9_6_,
        salesinfoc6_.clothes_gender as clothes_4_9_6_,
        salesinfoc6_.clothes_size as clothes_5_9_6_,
        salesinfos7_.id as id1_10_7_,
        salesinfos7_.status_score as status_s2_10_7_,
        salesinfos7_.status_tag as status_t3_10_7_,
        salesinfos7_.status_times as status_t4_10_7_,
        salesinfos7_.status_when2buy as status_w5_10_7_,
        salesinfos7_.transport as transpor6_10_7_,
        salesinfou8_.id as id1_11_8_,
        salesinfou8_.user_height as user_hei2_11_8_,
        salesinfou8_.user_size as user_siz3_11_8_,
        salesinfou8_.user_weight as user_wei4_11_8_ 
    from
        stores stores0_ 
    left outer join
        members members1_ 
            on stores0_.author_id=members1_.id 
    left outer join
        clothes_info clothesinf2_ 
            on stores0_.clothes_info_id=clothesinf2_.id 
    left outer join
        colors colors3_ 
            on stores0_.colors_name=colors3_.name 
    left outer join
        materials materials4_ 
            on stores0_.materials_name=materials4_.name 
    left outer join
        style style5_ 
            on stores0_.style_name=style5_.name 
    left outer join
        sales_info_clothes salesinfoc6_ 
            on stores0_.sales_info_clothes_id=salesinfoc6_.id 
    left outer join
        sales_info_status salesinfos7_ 
            on stores0_.sales_info_status_id=salesinfos7_.id 
    left outer join
        sales_info_user salesinfou8_ 
            on stores0_.sales_info_user_id=salesinfou8_.id 
    where
        stores0_.id=?
Hibernate: 
    select
        stores0_.id as id1_12_0_,
        stores0_.created_date as created_2_12_0_,
        stores0_.modified_date as modified3_12_0_,
        stores0_.author_id as author_i9_12_0_,
        stores0_.clothes_info_id as clothes10_12_0_,
        stores0_.colors_name as colors_11_12_0_,
        stores0_.materials_name as materia12_12_0_,
        stores0_.style_name as style_n13_12_0_,
        stores0_.clothes_length as clothes_4_12_0_,
        stores0_.content as content5_12_0_,
        stores0_.price as price6_12_0_,
        stores0_.sales_info_clothes_id as sales_i14_12_0_,
        stores0_.sales_info_status_id as sales_i15_12_0_,
        stores0_.sales_info_user_id as sales_i16_12_0_,
        stores0_.status as status7_12_0_,
        stores0_.title as title8_12_0_,
        members1_.id as id1_6_1_,
        members1_.email as email2_6_1_,
        members1_.image as image3_6_1_,
        members1_.name as name4_6_1_,
        members1_.nickname as nickname5_6_1_,
        members1_.password as password6_6_1_,
        members1_.phone as phone7_6_1_,
        members1_.refresh_token as refresh_8_6_1_,
        members1_.role as role9_6_1_,
        clothesinf2_.id as id1_2_2_,
        clothesinf2_.categoryl as category2_2_2_,
        clothesinf2_.categorys as category3_2_2_,
        clothesinf2_.fit as fit4_2_2_,
        clothesinf2_.length as length5_2_2_,
        colors3_.id as id1_4_3_,
        colors3_.name as name2_4_3_,
        materials4_.id as id1_5_4_,
        materials4_.name as name2_5_4_,
        style5_.id as id1_14_5_,
        style5_.name as name2_14_5_,
        salesinfoc6_.id as id1_9_6_,
        salesinfoc6_.clothes_brand as clothes_2_9_6_,
        salesinfoc6_.clothes_color as clothes_3_9_6_,
        salesinfoc6_.clothes_gender as clothes_4_9_6_,
        salesinfoc6_.clothes_size as clothes_5_9_6_,
        salesinfos7_.id as id1_10_7_,
        salesinfos7_.status_score as status_s2_10_7_,
        salesinfos7_.status_tag as status_t3_10_7_,
        salesinfos7_.status_times as status_t4_10_7_,
        salesinfos7_.status_when2buy as status_w5_10_7_,
        salesinfos7_.transport as transpor6_10_7_,
        salesinfou8_.id as id1_11_8_,
        salesinfou8_.user_height as user_hei2_11_8_,
        salesinfou8_.user_size as user_siz3_11_8_,
        salesinfou8_.user_weight as user_wei4_11_8_ 
    from
        stores stores0_ 
    left outer join
        members members1_ 
            on stores0_.author_id=members1_.id 
    left outer join
        clothes_info clothesinf2_ 
            on stores0_.clothes_info_id=clothesinf2_.id 
    left outer join
        colors colors3_ 
            on stores0_.colors_name=colors3_.name 
    left outer join
        materials materials4_ 
            on stores0_.materials_name=materials4_.name 
    left outer join
        style style5_ 
            on stores0_.style_name=style5_.name 
    left outer join
        sales_info_clothes salesinfoc6_ 
            on stores0_.sales_info_clothes_id=salesinfoc6_.id 
    left outer join
        sales_info_status salesinfos7_ 
            on stores0_.sales_info_status_id=salesinfos7_.id 
    left outer join
        sales_info_user salesinfou8_ 
            on stores0_.sales_info_user_id=salesinfou8_.id 
    where
        stores0_.id=?
Hibernate: 
    select
        stores0_.id as id1_12_0_,
        stores0_.created_date as created_2_12_0_,
        stores0_.modified_date as modified3_12_0_,
        stores0_.author_id as author_i9_12_0_,
        stores0_.clothes_info_id as clothes10_12_0_,
        stores0_.colors_name as colors_11_12_0_,
        stores0_.materials_name as materia12_12_0_,
        stores0_.style_name as style_n13_12_0_,
        stores0_.clothes_length as clothes_4_12_0_,
        stores0_.content as content5_12_0_,
        stores0_.price as price6_12_0_,
        stores0_.sales_info_clothes_id as sales_i14_12_0_,
        stores0_.sales_info_status_id as sales_i15_12_0_,
        stores0_.sales_info_user_id as sales_i16_12_0_,
        stores0_.status as status7_12_0_,
        stores0_.title as title8_12_0_,
        members1_.id as id1_6_1_,
        members1_.email as email2_6_1_,
        members1_.image as image3_6_1_,
        members1_.name as name4_6_1_,
        members1_.nickname as nickname5_6_1_,
        members1_.password as password6_6_1_,
        members1_.phone as phone7_6_1_,
        members1_.refresh_token as refresh_8_6_1_,
        members1_.role as role9_6_1_,
        clothesinf2_.id as id1_2_2_,
        clothesinf2_.categoryl as category2_2_2_,
        clothesinf2_.categorys as category3_2_2_,
        clothesinf2_.fit as fit4_2_2_,
        clothesinf2_.length as length5_2_2_,
        colors3_.id as id1_4_3_,
        colors3_.name as name2_4_3_,
        materials4_.id as id1_5_4_,
        materials4_.name as name2_5_4_,
        style5_.id as id1_14_5_,
        style5_.name as name2_14_5_,
        salesinfoc6_.id as id1_9_6_,
        salesinfoc6_.clothes_brand as clothes_2_9_6_,
        salesinfoc6_.clothes_color as clothes_3_9_6_,
        salesinfoc6_.clothes_gender as clothes_4_9_6_,
        salesinfoc6_.clothes_size as clothes_5_9_6_,
        salesinfos7_.id as id1_10_7_,
        salesinfos7_.status_score as status_s2_10_7_,
        salesinfos7_.status_tag as status_t3_10_7_,
        salesinfos7_.status_times as status_t4_10_7_,
        salesinfos7_.status_when2buy as status_w5_10_7_,
        salesinfos7_.transport as transpor6_10_7_,
        salesinfou8_.id as id1_11_8_,
        salesinfou8_.user_height as user_hei2_11_8_,
        salesinfou8_.user_size as user_siz3_11_8_,
        salesinfou8_.user_weight as user_wei4_11_8_ 
    from
        stores stores0_ 
    left outer join
        members members1_ 
            on stores0_.author_id=members1_.id 
    left outer join
        clothes_info clothesinf2_ 
            on stores0_.clothes_info_id=clothesinf2_.id 
    left outer join
        colors colors3_ 
            on stores0_.colors_name=colors3_.name 
    left outer join
        materials materials4_ 
            on stores0_.materials_name=materials4_.name 
    left outer join
        style style5_ 
            on stores0_.style_name=style5_.name 
    left outer join
        sales_info_clothes salesinfoc6_ 
            on stores0_.sales_info_clothes_id=salesinfoc6_.id 
    left outer join
        sales_info_status salesinfos7_ 
            on stores0_.sales_info_status_id=salesinfos7_.id 
    left outer join
        sales_info_user salesinfou8_ 
            on stores0_.sales_info_user_id=salesinfou8_.id 
    where
        stores0_.id=?
Hibernate: 
    select
        stores0_.id as id1_12_0_,
        stores0_.created_date as created_2_12_0_,
        stores0_.modified_date as modified3_12_0_,
        stores0_.author_id as author_i9_12_0_,
        stores0_.clothes_info_id as clothes10_12_0_,
        stores0_.colors_name as colors_11_12_0_,
        stores0_.materials_name as materia12_12_0_,
        stores0_.style_name as style_n13_12_0_,
        stores0_.clothes_length as clothes_4_12_0_,
        stores0_.content as content5_12_0_,
        stores0_.price as price6_12_0_,
        stores0_.sales_info_clothes_id as sales_i14_12_0_,
        stores0_.sales_info_status_id as sales_i15_12_0_,
        stores0_.sales_info_user_id as sales_i16_12_0_,
        stores0_.status as status7_12_0_,
        stores0_.title as title8_12_0_,
        members1_.id as id1_6_1_,
        members1_.email as email2_6_1_,
        members1_.image as image3_6_1_,
        members1_.name as name4_6_1_,
        members1_.nickname as nickname5_6_1_,
        members1_.password as password6_6_1_,
        members1_.phone as phone7_6_1_,
        members1_.refresh_token as refresh_8_6_1_,
        members1_.role as role9_6_1_,
        clothesinf2_.id as id1_2_2_,
        clothesinf2_.categoryl as category2_2_2_,
        clothesinf2_.categorys as category3_2_2_,
        clothesinf2_.fit as fit4_2_2_,
        clothesinf2_.length as length5_2_2_,
        colors3_.id as id1_4_3_,
        colors3_.name as name2_4_3_,
        materials4_.id as id1_5_4_,
        materials4_.name as name2_5_4_,
        style5_.id as id1_14_5_,
        style5_.name as name2_14_5_,
        salesinfoc6_.id as id1_9_6_,
        salesinfoc6_.clothes_brand as clothes_2_9_6_,
        salesinfoc6_.clothes_color as clothes_3_9_6_,
        salesinfoc6_.clothes_gender as clothes_4_9_6_,
        salesinfoc6_.clothes_size as clothes_5_9_6_,
        salesinfos7_.id as id1_10_7_,
        salesinfos7_.status_score as status_s2_10_7_,
        salesinfos7_.status_tag as status_t3_10_7_,
        salesinfos7_.status_times as status_t4_10_7_,
        salesinfos7_.status_when2buy as status_w5_10_7_,
        salesinfos7_.transport as transpor6_10_7_,
        salesinfou8_.id as id1_11_8_,
        salesinfou8_.user_height as user_hei2_11_8_,
        salesinfou8_.user_size as user_siz3_11_8_,
        salesinfou8_.user_weight as user_wei4_11_8_ 
    from
        stores stores0_ 
    left outer join
        members members1_ 
            on stores0_.author_id=members1_.id 
    left outer join
        clothes_info clothesinf2_ 
            on stores0_.clothes_info_id=clothesinf2_.id 
    left outer join
        colors colors3_ 
            on stores0_.colors_name=colors3_.name 
    left outer join
        materials materials4_ 
            on stores0_.materials_name=materials4_.name 
    left outer join
        style style5_ 
            on stores0_.style_name=style5_.name 
    left outer join
        sales_info_clothes salesinfoc6_ 
            on stores0_.sales_info_clothes_id=salesinfoc6_.id 
    left outer join
        sales_info_status salesinfos7_ 
            on stores0_.sales_info_status_id=salesinfos7_.id 
    left outer join
        sales_info_user salesinfou8_ 
            on stores0_.sales_info_user_id=salesinfou8_.id 
    where
        stores0_.id=?
Hibernate: 
    select
        stores0_.id as id1_12_0_,
        stores0_.created_date as created_2_12_0_,
        stores0_.modified_date as modified3_12_0_,
        stores0_.author_id as author_i9_12_0_,
        stores0_.clothes_info_id as clothes10_12_0_,
        stores0_.colors_name as colors_11_12_0_,
        stores0_.materials_name as materia12_12_0_,
        stores0_.style_name as style_n13_12_0_,
        stores0_.clothes_length as clothes_4_12_0_,
        stores0_.content as content5_12_0_,
        stores0_.price as price6_12_0_,
        stores0_.sales_info_clothes_id as sales_i14_12_0_,
        stores0_.sales_info_status_id as sales_i15_12_0_,
        stores0_.sales_info_user_id as sales_i16_12_0_,
        stores0_.status as status7_12_0_,
        stores0_.title as title8_12_0_,
        members1_.id as id1_6_1_,
        members1_.email as email2_6_1_,
        members1_.image as image3_6_1_,
        members1_.name as name4_6_1_,
        members1_.nickname as nickname5_6_1_,
        members1_.password as password6_6_1_,
        members1_.phone as phone7_6_1_,
        members1_.refresh_token as refresh_8_6_1_,
        members1_.role as role9_6_1_,
        clothesinf2_.id as id1_2_2_,
        clothesinf2_.categoryl as category2_2_2_,
        clothesinf2_.categorys as category3_2_2_,
        clothesinf2_.fit as fit4_2_2_,
        clothesinf2_.length as length5_2_2_,
        colors3_.id as id1_4_3_,
        colors3_.name as name2_4_3_,
        materials4_.id as id1_5_4_,
        materials4_.name as name2_5_4_,
        style5_.id as id1_14_5_,
        style5_.name as name2_14_5_,
        salesinfoc6_.id as id1_9_6_,
        salesinfoc6_.clothes_brand as clothes_2_9_6_,
        salesinfoc6_.clothes_color as clothes_3_9_6_,
        salesinfoc6_.clothes_gender as clothes_4_9_6_,
        salesinfoc6_.clothes_size as clothes_5_9_6_,
        salesinfos7_.id as id1_10_7_,
        salesinfos7_.status_score as status_s2_10_7_,
        salesinfos7_.status_tag as status_t3_10_7_,
        salesinfos7_.status_times as status_t4_10_7_,
        salesinfos7_.status_when2buy as status_w5_10_7_,
        salesinfos7_.transport as transpor6_10_7_,
        salesinfou8_.id as id1_11_8_,
        salesinfou8_.user_height as user_hei2_11_8_,
        salesinfou8_.user_size as user_siz3_11_8_,
        salesinfou8_.user_weight as user_wei4_11_8_ 
    from
        stores stores0_ 
    left outer join
        members members1_ 
            on stores0_.author_id=members1_.id 
    left outer join
        clothes_info clothesinf2_ 
            on stores0_.clothes_info_id=clothesinf2_.id 
    left outer join
        colors colors3_ 
            on stores0_.colors_name=colors3_.name 
    left outer join
        materials materials4_ 
            on stores0_.materials_name=materials4_.name 
    left outer join
        style style5_ 
            on stores0_.style_name=style5_.name 
    left outer join
        sales_info_clothes salesinfoc6_ 
            on stores0_.sales_info_clothes_id=salesinfoc6_.id 
    left outer join
        sales_info_status salesinfos7_ 
            on stores0_.sales_info_status_id=salesinfos7_.id 
    left outer join
        sales_info_user salesinfou8_ 
            on stores0_.sales_info_user_id=salesinfou8_.id 
    where
        stores0_.id=?
Hibernate: 
    select
        stores0_.id as id1_12_0_,
        stores0_.created_date as created_2_12_0_,
        stores0_.modified_date as modified3_12_0_,
        stores0_.author_id as author_i9_12_0_,
        stores0_.clothes_info_id as clothes10_12_0_,
        stores0_.colors_name as colors_11_12_0_,
        stores0_.materials_name as materia12_12_0_,
        stores0_.style_name as style_n13_12_0_,
        stores0_.clothes_length as clothes_4_12_0_,
        stores0_.content as content5_12_0_,
        stores0_.price as price6_12_0_,
        stores0_.sales_info_clothes_id as sales_i14_12_0_,
        stores0_.sales_info_status_id as sales_i15_12_0_,
        stores0_.sales_info_user_id as sales_i16_12_0_,
        stores0_.status as status7_12_0_,
        stores0_.title as title8_12_0_,
        members1_.id as id1_6_1_,
        members1_.email as email2_6_1_,
        members1_.image as image3_6_1_,
        members1_.name as name4_6_1_,
        members1_.nickname as nickname5_6_1_,
        members1_.password as password6_6_1_,
        members1_.phone as phone7_6_1_,
        members1_.refresh_token as refresh_8_6_1_,
        members1_.role as role9_6_1_,
        clothesinf2_.id as id1_2_2_,
        clothesinf2_.categoryl as category2_2_2_,
        clothesinf2_.categorys as category3_2_2_,
        clothesinf2_.fit as fit4_2_2_,
        clothesinf2_.length as length5_2_2_,
        colors3_.id as id1_4_3_,
        colors3_.name as name2_4_3_,
        materials4_.id as id1_5_4_,
        materials4_.name as name2_5_4_,
        style5_.id as id1_14_5_,
        style5_.name as name2_14_5_,
        salesinfoc6_.id as id1_9_6_,
        salesinfoc6_.clothes_brand as clothes_2_9_6_,
        salesinfoc6_.clothes_color as clothes_3_9_6_,
        salesinfoc6_.clothes_gender as clothes_4_9_6_,
        salesinfoc6_.clothes_size as clothes_5_9_6_,
        salesinfos7_.id as id1_10_7_,
        salesinfos7_.status_score as status_s2_10_7_,
        salesinfos7_.status_tag as status_t3_10_7_,
        salesinfos7_.status_times as status_t4_10_7_,
        salesinfos7_.status_when2buy as status_w5_10_7_,
        salesinfos7_.transport as transpor6_10_7_,
        salesinfou8_.id as id1_11_8_,
        salesinfou8_.user_height as user_hei2_11_8_,
        salesinfou8_.user_size as user_siz3_11_8_,
        salesinfou8_.user_weight as user_wei4_11_8_ 
    from
        stores stores0_ 
    left outer join
        members members1_ 
            on stores0_.author_id=members1_.id 
    left outer join
        clothes_info clothesinf2_ 
            on stores0_.clothes_info_id=clothesinf2_.id 
    left outer join
        colors colors3_ 
            on stores0_.colors_name=colors3_.name 
    left outer join
        materials materials4_ 
            on stores0_.materials_name=materials4_.name 
    left outer join
        style style5_ 
            on stores0_.style_name=style5_.name 
    left outer join
        sales_info_clothes salesinfoc6_ 
            on stores0_.sales_info_clothes_id=salesinfoc6_.id 
    left outer join
        sales_info_status salesinfos7_ 
            on stores0_.sales_info_status_id=salesinfos7_.id 
    left outer join
        sales_info_user salesinfou8_ 
            on stores0_.sales_info_user_id=salesinfou8_.id 
    where
        stores0_.id=?
Hibernate: 
    select
        stores0_.id as id1_12_0_,
        stores0_.created_date as created_2_12_0_,
        stores0_.modified_date as modified3_12_0_,
        stores0_.author_id as author_i9_12_0_,
        stores0_.clothes_info_id as clothes10_12_0_,
        stores0_.colors_name as colors_11_12_0_,
        stores0_.materials_name as materia12_12_0_,
        stores0_.style_name as style_n13_12_0_,
        stores0_.clothes_length as clothes_4_12_0_,
        stores0_.content as content5_12_0_,
        stores0_.price as price6_12_0_,
        stores0_.sales_info_clothes_id as sales_i14_12_0_,
        stores0_.sales_info_status_id as sales_i15_12_0_,
        stores0_.sales_info_user_id as sales_i16_12_0_,
        stores0_.status as status7_12_0_,
        stores0_.title as title8_12_0_,
        members1_.id as id1_6_1_,
        members1_.email as email2_6_1_,
        members1_.image as image3_6_1_,
        members1_.name as name4_6_1_,
        members1_.nickname as nickname5_6_1_,
        members1_.password as password6_6_1_,
        members1_.phone as phone7_6_1_,
        members1_.refresh_token as refresh_8_6_1_,
        members1_.role as role9_6_1_,
        clothesinf2_.id as id1_2_2_,
        clothesinf2_.categoryl as category2_2_2_,
        clothesinf2_.categorys as category3_2_2_,
        clothesinf2_.fit as fit4_2_2_,
        clothesinf2_.length as length5_2_2_,
        colors3_.id as id1_4_3_,
        colors3_.name as name2_4_3_,
        materials4_.id as id1_5_4_,
        materials4_.name as name2_5_4_,
        style5_.id as id1_14_5_,
        style5_.name as name2_14_5_,
        salesinfoc6_.id as id1_9_6_,
        salesinfoc6_.clothes_brand as clothes_2_9_6_,
        salesinfoc6_.clothes_color as clothes_3_9_6_,
        salesinfoc6_.clothes_gender as clothes_4_9_6_,
        salesinfoc6_.clothes_size as clothes_5_9_6_,
        salesinfos7_.id as id1_10_7_,
        salesinfos7_.status_score as status_s2_10_7_,
        salesinfos7_.status_tag as status_t3_10_7_,
        salesinfos7_.status_times as status_t4_10_7_,
        salesinfos7_.status_when2buy as status_w5_10_7_,
        salesinfos7_.transport as transpor6_10_7_,
        salesinfou8_.id as id1_11_8_,
        salesinfou8_.user_height as user_hei2_11_8_,
        salesinfou8_.user_size as user_siz3_11_8_,
        salesinfou8_.user_weight as user_wei4_11_8_ 
    from
        stores stores0_ 
    left outer join
        members members1_ 
            on stores0_.author_id=members1_.id 
    left outer join
        clothes_info clothesinf2_ 
            on stores0_.clothes_info_id=clothesinf2_.id 
    left outer join
        colors colors3_ 
            on stores0_.colors_name=colors3_.name 
    left outer join
        materials materials4_ 
            on stores0_.materials_name=materials4_.name 
    left outer join
        style style5_ 
            on stores0_.style_name=style5_.name 
    left outer join
        sales_info_clothes salesinfoc6_ 
            on stores0_.sales_info_clothes_id=salesinfoc6_.id 
    left outer join
        sales_info_status salesinfos7_ 
            on stores0_.sales_info_status_id=salesinfos7_.id 
    left outer join
        sales_info_user salesinfou8_ 
            on stores0_.sales_info_user_id=salesinfou8_.id 
    where
        stores0_.id=?
Hibernate: 
    select
        stores0_.id as id1_12_0_,
        stores0_.created_date as created_2_12_0_,
        stores0_.modified_date as modified3_12_0_,
        stores0_.author_id as author_i9_12_0_,
        stores0_.clothes_info_id as clothes10_12_0_,
        stores0_.colors_name as colors_11_12_0_,
        stores0_.materials_name as materia12_12_0_,
        stores0_.style_name as style_n13_12_0_,
        stores0_.clothes_length as clothes_4_12_0_,
        stores0_.content as content5_12_0_,
        stores0_.price as price6_12_0_,
        stores0_.sales_info_clothes_id as sales_i14_12_0_,
        stores0_.sales_info_status_id as sales_i15_12_0_,
        stores0_.sales_info_user_id as sales_i16_12_0_,
        stores0_.status as status7_12_0_,
        stores0_.title as title8_12_0_,
        members1_.id as id1_6_1_,
        members1_.email as email2_6_1_,
        members1_.image as image3_6_1_,
        members1_.name as name4_6_1_,
        members1_.nickname as nickname5_6_1_,
        members1_.password as password6_6_1_,
        members1_.phone as phone7_6_1_,
        members1_.refresh_token as refresh_8_6_1_,
        members1_.role as role9_6_1_,
        clothesinf2_.id as id1_2_2_,
        clothesinf2_.categoryl as category2_2_2_,
        clothesinf2_.categorys as category3_2_2_,
        clothesinf2_.fit as fit4_2_2_,
        clothesinf2_.length as length5_2_2_,
        colors3_.id as id1_4_3_,
        colors3_.name as name2_4_3_,
        materials4_.id as id1_5_4_,
        materials4_.name as name2_5_4_,
        style5_.id as id1_14_5_,
        style5_.name as name2_14_5_,
        salesinfoc6_.id as id1_9_6_,
        salesinfoc6_.clothes_brand as clothes_2_9_6_,
        salesinfoc6_.clothes_color as clothes_3_9_6_,
        salesinfoc6_.clothes_gender as clothes_4_9_6_,
        salesinfoc6_.clothes_size as clothes_5_9_6_,
        salesinfos7_.id as id1_10_7_,
        salesinfos7_.status_score as status_s2_10_7_,
        salesinfos7_.status_tag as status_t3_10_7_,
        salesinfos7_.status_times as status_t4_10_7_,
        salesinfos7_.status_when2buy as status_w5_10_7_,
        salesinfos7_.transport as transpor6_10_7_,
        salesinfou8_.id as id1_11_8_,
        salesinfou8_.user_height as user_hei2_11_8_,
        salesinfou8_.user_size as user_siz3_11_8_,
        salesinfou8_.user_weight as user_wei4_11_8_ 
    from
        stores stores0_ 
    left outer join
        members members1_ 
            on stores0_.author_id=members1_.id 
    left outer join
        clothes_info clothesinf2_ 
            on stores0_.clothes_info_id=clothesinf2_.id 
    left outer join
        colors colors3_ 
            on stores0_.colors_name=colors3_.name 
    left outer join
        materials materials4_ 
            on stores0_.materials_name=materials4_.name 
    left outer join
        style style5_ 
            on stores0_.style_name=style5_.name 
    left outer join
        sales_info_clothes salesinfoc6_ 
            on stores0_.sales_info_clothes_id=salesinfoc6_.id 
    left outer join
        sales_info_status salesinfos7_ 
            on stores0_.sales_info_status_id=salesinfos7_.id 
    left outer join
        sales_info_user salesinfou8_ 
            on stores0_.sales_info_user_id=salesinfou8_.id 
    where
        stores0_.id=?
Hibernate: 
    select
        stores0_.id as id1_12_0_,
        stores0_.created_date as created_2_12_0_,
        stores0_.modified_date as modified3_12_0_,
        stores0_.author_id as author_i9_12_0_,
        stores0_.clothes_info_id as clothes10_12_0_,
        stores0_.colors_name as colors_11_12_0_,
        stores0_.materials_name as materia12_12_0_,
        stores0_.style_name as style_n13_12_0_,
        stores0_.clothes_length as clothes_4_12_0_,
        stores0_.content as content5_12_0_,
        stores0_.price as price6_12_0_,
        stores0_.sales_info_clothes_id as sales_i14_12_0_,
        stores0_.sales_info_status_id as sales_i15_12_0_,
        stores0_.sales_info_user_id as sales_i16_12_0_,
        stores0_.status as status7_12_0_,
        stores0_.title as title8_12_0_,
        members1_.id as id1_6_1_,
        members1_.email as email2_6_1_,
        members1_.image as image3_6_1_,
        members1_.name as name4_6_1_,
        members1_.nickname as nickname5_6_1_,
        members1_.password as password6_6_1_,
        members1_.phone as phone7_6_1_,
        members1_.refresh_token as refresh_8_6_1_,
        members1_.role as role9_6_1_,
        clothesinf2_.id as id1_2_2_,
        clothesinf2_.categoryl as category2_2_2_,
        clothesinf2_.categorys as category3_2_2_,
        clothesinf2_.fit as fit4_2_2_,
        clothesinf2_.length as length5_2_2_,
        colors3_.id as id1_4_3_,
        colors3_.name as name2_4_3_,
        materials4_.id as id1_5_4_,
        materials4_.name as name2_5_4_,
        style5_.id as id1_14_5_,
        style5_.name as name2_14_5_,
        salesinfoc6_.id as id1_9_6_,
        salesinfoc6_.clothes_brand as clothes_2_9_6_,
        salesinfoc6_.clothes_color as clothes_3_9_6_,
        salesinfoc6_.clothes_gender as clothes_4_9_6_,
        salesinfoc6_.clothes_size as clothes_5_9_6_,
        salesinfos7_.id as id1_10_7_,
        salesinfos7_.status_score as status_s2_10_7_,
        salesinfos7_.status_tag as status_t3_10_7_,
        salesinfos7_.status_times as status_t4_10_7_,
        salesinfos7_.status_when2buy as status_w5_10_7_,
        salesinfos7_.transport as transpor6_10_7_,
        salesinfou8_.id as id1_11_8_,
        salesinfou8_.user_height as user_hei2_11_8_,
        salesinfou8_.user_size as user_siz3_11_8_,
        salesinfou8_.user_weight as user_wei4_11_8_ 
    from
        stores stores0_ 
    left outer join
        members members1_ 
            on stores0_.author_id=members1_.id 
    left outer join
        clothes_info clothesinf2_ 
            on stores0_.clothes_info_id=clothesinf2_.id 
    left outer join
        colors colors3_ 
            on stores0_.colors_name=colors3_.name 
    left outer join
        materials materials4_ 
            on stores0_.materials_name=materials4_.name 
    left outer join
        style style5_ 
            on stores0_.style_name=style5_.name 
    left outer join
        sales_info_clothes salesinfoc6_ 
            on stores0_.sales_info_clothes_id=salesinfoc6_.id 
    left outer join
        sales_info_status salesinfos7_ 
            on stores0_.sales_info_status_id=salesinfos7_.id 
    left outer join
        sales_info_user salesinfou8_ 
            on stores0_.sales_info_user_id=salesinfou8_.id 
    where
        stores0_.id=?
Hibernate: 
    select
        stores0_.id as id1_12_0_,
        stores0_.created_date as created_2_12_0_,
        stores0_.modified_date as modified3_12_0_,
        stores0_.author_id as author_i9_12_0_,
        stores0_.clothes_info_id as clothes10_12_0_,
        stores0_.colors_name as colors_11_12_0_,
        stores0_.materials_name as materia12_12_0_,
        stores0_.style_name as style_n13_12_0_,
        stores0_.clothes_length as clothes_4_12_0_,
        stores0_.content as content5_12_0_,
        stores0_.price as price6_12_0_,
        stores0_.sales_info_clothes_id as sales_i14_12_0_,
        stores0_.sales_info_status_id as sales_i15_12_0_,
        stores0_.sales_info_user_id as sales_i16_12_0_,
        stores0_.status as status7_12_0_,
        stores0_.title as title8_12_0_,
        members1_.id as id1_6_1_,
        members1_.email as email2_6_1_,
        members1_.image as image3_6_1_,
        members1_.name as name4_6_1_,
        members1_.nickname as nickname5_6_1_,
        members1_.password as password6_6_1_,
        members1_.phone as phone7_6_1_,
        members1_.refresh_token as refresh_8_6_1_,
        members1_.role as role9_6_1_,
        clothesinf2_.id as id1_2_2_,
        clothesinf2_.categoryl as category2_2_2_,
        clothesinf2_.categorys as category3_2_2_,
        clothesinf2_.fit as fit4_2_2_,
        clothesinf2_.length as length5_2_2_,
        colors3_.id as id1_4_3_,
        colors3_.name as name2_4_3_,
        materials4_.id as id1_5_4_,
        materials4_.name as name2_5_4_,
        style5_.id as id1_14_5_,
        style5_.name as name2_14_5_,
        salesinfoc6_.id as id1_9_6_,
        salesinfoc6_.clothes_brand as clothes_2_9_6_,
        salesinfoc6_.clothes_color as clothes_3_9_6_,
        salesinfoc6_.clothes_gender as clothes_4_9_6_,
        salesinfoc6_.clothes_size as clothes_5_9_6_,
        salesinfos7_.id as id1_10_7_,
        salesinfos7_.status_score as status_s2_10_7_,
        salesinfos7_.status_tag as status_t3_10_7_,
        salesinfos7_.status_times as status_t4_10_7_,
        salesinfos7_.status_when2buy as status_w5_10_7_,
        salesinfos7_.transport as transpor6_10_7_,
        salesinfou8_.id as id1_11_8_,
        salesinfou8_.user_height as user_hei2_11_8_,
        salesinfou8_.user_size as user_siz3_11_8_,
        salesinfou8_.user_weight as user_wei4_11_8_ 
    from
        stores stores0_ 
    left outer join
        members members1_ 
            on stores0_.author_id=members1_.id 
    left outer join
        clothes_info clothesinf2_ 
            on stores0_.clothes_info_id=clothesinf2_.id 
    left outer join
        colors colors3_ 
            on stores0_.colors_name=colors3_.name 
    left outer join
        materials materials4_ 
            on stores0_.materials_name=materials4_.name 
    left outer join
        style style5_ 
            on stores0_.style_name=style5_.name 
    left outer join
        sales_info_clothes salesinfoc6_ 
            on stores0_.sales_info_clothes_id=salesinfoc6_.id 
    left outer join
        sales_info_status salesinfos7_ 
            on stores0_.sales_info_status_id=salesinfos7_.id 
    left outer join
        sales_info_user salesinfou8_ 
            on stores0_.sales_info_user_id=salesinfou8_.id 
    where
        stores0_.id=?
Hibernate: 
    select
        stores0_.id as id1_12_0_,
        stores0_.created_date as created_2_12_0_,
        stores0_.modified_date as modified3_12_0_,
        stores0_.author_id as author_i9_12_0_,
        stores0_.clothes_info_id as clothes10_12_0_,
        stores0_.colors_name as colors_11_12_0_,
        stores0_.materials_name as materia12_12_0_,
        stores0_.style_name as style_n13_12_0_,
        stores0_.clothes_length as clothes_4_12_0_,
        stores0_.content as content5_12_0_,
        stores0_.price as price6_12_0_,
        stores0_.sales_info_clothes_id as sales_i14_12_0_,
        stores0_.sales_info_status_id as sales_i15_12_0_,
        stores0_.sales_info_user_id as sales_i16_12_0_,
        stores0_.status as status7_12_0_,
        stores0_.title as title8_12_0_,
        members1_.id as id1_6_1_,
        members1_.email as email2_6_1_,
        members1_.image as image3_6_1_,
        members1_.name as name4_6_1_,
        members1_.nickname as nickname5_6_1_,
        members1_.password as password6_6_1_,
        members1_.phone as phone7_6_1_,
        members1_.refresh_token as refresh_8_6_1_,
        members1_.role as role9_6_1_,
        clothesinf2_.id as id1_2_2_,
        clothesinf2_.categoryl as category2_2_2_,
        clothesinf2_.categorys as category3_2_2_,
        clothesinf2_.fit as fit4_2_2_,
        clothesinf2_.length as length5_2_2_,
        colors3_.id as id1_4_3_,
        colors3_.name as name2_4_3_,
        materials4_.id as id1_5_4_,
        materials4_.name as name2_5_4_,
        style5_.id as id1_14_5_,
        style5_.name as name2_14_5_,
        salesinfoc6_.id as id1_9_6_,
        salesinfoc6_.clothes_brand as clothes_2_9_6_,
        salesinfoc6_.clothes_color as clothes_3_9_6_,
        salesinfoc6_.clothes_gender as clothes_4_9_6_,
        salesinfoc6_.clothes_size as clothes_5_9_6_,
        salesinfos7_.id as id1_10_7_,
        salesinfos7_.status_score as status_s2_10_7_,
        salesinfos7_.status_tag as status_t3_10_7_,
        salesinfos7_.status_times as status_t4_10_7_,
        salesinfos7_.status_when2buy as status_w5_10_7_,
        salesinfos7_.transport as transpor6_10_7_,
        salesinfou8_.id as id1_11_8_,
        salesinfou8_.user_height as user_hei2_11_8_,
        salesinfou8_.user_size as user_siz3_11_8_,
        salesinfou8_.user_weight as user_wei4_11_8_ 
    from
        stores stores0_ 
    left outer join
        members members1_ 
            on stores0_.author_id=members1_.id 
    left outer join
        clothes_info clothesinf2_ 
            on stores0_.clothes_info_id=clothesinf2_.id 
    left outer join
        colors colors3_ 
            on stores0_.colors_name=colors3_.name 
    left outer join
        materials materials4_ 
            on stores0_.materials_name=materials4_.name 
    left outer join
        style style5_ 
            on stores0_.style_name=style5_.name 
    left outer join
        sales_info_clothes salesinfoc6_ 
            on stores0_.sales_info_clothes_id=salesinfoc6_.id 
    left outer join
        sales_info_status salesinfos7_ 
            on stores0_.sales_info_status_id=salesinfos7_.id 
    left outer join
        sales_info_user salesinfou8_ 
            on stores0_.sales_info_user_id=salesinfou8_.id 
    where
        stores0_.id=?
Hibernate: 
    select
        stores0_.id as id1_12_0_,
        stores0_.created_date as created_2_12_0_,
        stores0_.modified_date as modified3_12_0_,
        stores0_.author_id as author_i9_12_0_,
        stores0_.clothes_info_id as clothes10_12_0_,
        stores0_.colors_name as colors_11_12_0_,
        stores0_.materials_name as materia12_12_0_,
        stores0_.style_name as style_n13_12_0_,
        stores0_.clothes_length as clothes_4_12_0_,
        stores0_.content as content5_12_0_,
        stores0_.price as price6_12_0_,
        stores0_.sales_info_clothes_id as sales_i14_12_0_,
        stores0_.sales_info_status_id as sales_i15_12_0_,
        stores0_.sales_info_user_id as sales_i16_12_0_,
        stores0_.status as status7_12_0_,
        stores0_.title as title8_12_0_,
        members1_.id as id1_6_1_,
        members1_.email as email2_6_1_,
        members1_.image as image3_6_1_,
        members1_.name as name4_6_1_,
        members1_.nickname as nickname5_6_1_,
        members1_.password as password6_6_1_,
        members1_.phone as phone7_6_1_,
        members1_.refresh_token as refresh_8_6_1_,
        members1_.role as role9_6_1_,
        clothesinf2_.id as id1_2_2_,
        clothesinf2_.categoryl as category2_2_2_,
        clothesinf2_.categorys as category3_2_2_,
        clothesinf2_.fit as fit4_2_2_,
        clothesinf2_.length as length5_2_2_,
        colors3_.id as id1_4_3_,
        colors3_.name as name2_4_3_,
        materials4_.id as id1_5_4_,
        materials4_.name as name2_5_4_,
        style5_.id as id1_14_5_,
        style5_.name as name2_14_5_,
        salesinfoc6_.id as id1_9_6_,
        salesinfoc6_.clothes_brand as clothes_2_9_6_,
        salesinfoc6_.clothes_color as clothes_3_9_6_,
        salesinfoc6_.clothes_gender as clothes_4_9_6_,
        salesinfoc6_.clothes_size as clothes_5_9_6_,
        salesinfos7_.id as id1_10_7_,
        salesinfos7_.status_score as status_s2_10_7_,
        salesinfos7_.status_tag as status_t3_10_7_,
        salesinfos7_.status_times as status_t4_10_7_,
        salesinfos7_.status_when2buy as status_w5_10_7_,
        salesinfos7_.transport as transpor6_10_7_,
        salesinfou8_.id as id1_11_8_,
        salesinfou8_.user_height as user_hei2_11_8_,
        salesinfou8_.user_size as user_siz3_11_8_,
        salesinfou8_.user_weight as user_wei4_11_8_ 
    from
        stores stores0_ 
    left outer join
        members members1_ 
            on stores0_.author_id=members1_.id 
    left outer join
        clothes_info clothesinf2_ 
            on stores0_.clothes_info_id=clothesinf2_.id 
    left outer join
        colors colors3_ 
            on stores0_.colors_name=colors3_.name 
    left outer join
        materials materials4_ 
            on stores0_.materials_name=materials4_.name 
    left outer join
        style style5_ 
            on stores0_.style_name=style5_.name 
    left outer join
        sales_info_clothes salesinfoc6_ 
            on stores0_.sales_info_clothes_id=salesinfoc6_.id 
    left outer join
        sales_info_status salesinfos7_ 
            on stores0_.sales_info_status_id=salesinfos7_.id 
    left outer join
        sales_info_user salesinfou8_ 
            on stores0_.sales_info_user_id=salesinfou8_.id 
    where
        stores0_.id=?
Hibernate: 
    select
        stores0_.id as id1_12_0_,
        stores0_.created_date as created_2_12_0_,
        stores0_.modified_date as modified3_12_0_,
        stores0_.author_id as author_i9_12_0_,
        stores0_.clothes_info_id as clothes10_12_0_,
        stores0_.colors_name as colors_11_12_0_,
        stores0_.materials_name as materia12_12_0_,
        stores0_.style_name as style_n13_12_0_,
        stores0_.clothes_length as clothes_4_12_0_,
        stores0_.content as content5_12_0_,
        stores0_.price as price6_12_0_,
        stores0_.sales_info_clothes_id as sales_i14_12_0_,
        stores0_.sales_info_status_id as sales_i15_12_0_,
        stores0_.sales_info_user_id as sales_i16_12_0_,
        stores0_.status as status7_12_0_,
        stores0_.title as title8_12_0_,
        members1_.id as id1_6_1_,
        members1_.email as email2_6_1_,
        members1_.image as image3_6_1_,
        members1_.name as name4_6_1_,
        members1_.nickname as nickname5_6_1_,
        members1_.password as password6_6_1_,
        members1_.phone as phone7_6_1_,
        members1_.refresh_token as refresh_8_6_1_,
        members1_.role as role9_6_1_,
        clothesinf2_.id as id1_2_2_,
        clothesinf2_.categoryl as category2_2_2_,
        clothesinf2_.categorys as category3_2_2_,
        clothesinf2_.fit as fit4_2_2_,
        clothesinf2_.length as length5_2_2_,
        colors3_.id as id1_4_3_,
        colors3_.name as name2_4_3_,
        materials4_.id as id1_5_4_,
        materials4_.name as name2_5_4_,
        style5_.id as id1_14_5_,
        style5_.name as name2_14_5_,
        salesinfoc6_.id as id1_9_6_,
        salesinfoc6_.clothes_brand as clothes_2_9_6_,
        salesinfoc6_.clothes_color as clothes_3_9_6_,
        salesinfoc6_.clothes_gender as clothes_4_9_6_,
        salesinfoc6_.clothes_size as clothes_5_9_6_,
        salesinfos7_.id as id1_10_7_,
        salesinfos7_.status_score as status_s2_10_7_,
        salesinfos7_.status_tag as status_t3_10_7_,
        salesinfos7_.status_times as status_t4_10_7_,
        salesinfos7_.status_when2buy as status_w5_10_7_,
        salesinfos7_.transport as transpor6_10_7_,
        salesinfou8_.id as id1_11_8_,
        salesinfou8_.user_height as user_hei2_11_8_,
        salesinfou8_.user_size as user_siz3_11_8_,
        salesinfou8_.user_weight as user_wei4_11_8_ 
    from
        stores stores0_ 
    left outer join
        members members1_ 
            on stores0_.author_id=members1_.id 
    left outer join
        clothes_info clothesinf2_ 
            on stores0_.clothes_info_id=clothesinf2_.id 
    left outer join
        colors colors3_ 
            on stores0_.colors_name=colors3_.name 
    left outer join
        materials materials4_ 
            on stores0_.materials_name=materials4_.name 
    left outer join
        style style5_ 
            on stores0_.style_name=style5_.name 
    left outer join
        sales_info_clothes salesinfoc6_ 
            on stores0_.sales_info_clothes_id=salesinfoc6_.id 
    left outer join
        sales_info_status salesinfos7_ 
            on stores0_.sales_info_status_id=salesinfos7_.id 
    left outer join
        sales_info_user salesinfou8_ 
            on stores0_.sales_info_user_id=salesinfou8_.id 
    where
        stores0_.id=?
Hibernate: 
    select
        stores0_.id as id1_12_0_,
        stores0_.created_date as created_2_12_0_,
        stores0_.modified_date as modified3_12_0_,
        stores0_.author_id as author_i9_12_0_,
        stores0_.clothes_info_id as clothes10_12_0_,
        stores0_.colors_name as colors_11_12_0_,
        stores0_.materials_name as materia12_12_0_,
        stores0_.style_name as style_n13_12_0_,
        stores0_.clothes_length as clothes_4_12_0_,
        stores0_.content as content5_12_0_,
        stores0_.price as price6_12_0_,
        stores0_.sales_info_clothes_id as sales_i14_12_0_,
        stores0_.sales_info_status_id as sales_i15_12_0_,
        stores0_.sales_info_user_id as sales_i16_12_0_,
        stores0_.status as status7_12_0_,
        stores0_.title as title8_12_0_,
        members1_.id as id1_6_1_,
        members1_.email as email2_6_1_,
        members1_.image as image3_6_1_,
        members1_.name as name4_6_1_,
        members1_.nickname as nickname5_6_1_,
        members1_.password as password6_6_1_,
        members1_.phone as phone7_6_1_,
        members1_.refresh_token as refresh_8_6_1_,
        members1_.role as role9_6_1_,
        clothesinf2_.id as id1_2_2_,
        clothesinf2_.categoryl as category2_2_2_,
        clothesinf2_.categorys as category3_2_2_,
        clothesinf2_.fit as fit4_2_2_,
        clothesinf2_.length as length5_2_2_,
        colors3_.id as id1_4_3_,
        colors3_.name as name2_4_3_,
        materials4_.id as id1_5_4_,
        materials4_.name as name2_5_4_,
        style5_.id as id1_14_5_,
        style5_.name as name2_14_5_,
        salesinfoc6_.id as id1_9_6_,
        salesinfoc6_.clothes_brand as clothes_2_9_6_,
        salesinfoc6_.clothes_color as clothes_3_9_6_,
        salesinfoc6_.clothes_gender as clothes_4_9_6_,
        salesinfoc6_.clothes_size as clothes_5_9_6_,
        salesinfos7_.id as id1_10_7_,
        salesinfos7_.status_score as status_s2_10_7_,
        salesinfos7_.status_tag as status_t3_10_7_,
        salesinfos7_.status_times as status_t4_10_7_,
        salesinfos7_.status_when2buy as status_w5_10_7_,
        salesinfos7_.transport as transpor6_10_7_,
        salesinfou8_.id as id1_11_8_,
        salesinfou8_.user_height as user_hei2_11_8_,
        salesinfou8_.user_size as user_siz3_11_8_,
        salesinfou8_.user_weight as user_wei4_11_8_ 
    from
        stores stores0_ 
    left outer join
        members members1_ 
            on stores0_.author_id=members1_.id 
    left outer join
        clothes_info clothesinf2_ 
            on stores0_.clothes_info_id=clothesinf2_.id 
    left outer join
        colors colors3_ 
            on stores0_.colors_name=colors3_.name 
    left outer join
        materials materials4_ 
            on stores0_.materials_name=materials4_.name 
    left outer join
        style style5_ 
            on stores0_.style_name=style5_.name 
    left outer join
        sales_info_clothes salesinfoc6_ 
            on stores0_.sales_info_clothes_id=salesinfoc6_.id 
    left outer join
        sales_info_status salesinfos7_ 
            on stores0_.sales_info_status_id=salesinfos7_.id 
    left outer join
        sales_info_user salesinfou8_ 
            on stores0_.sales_info_user_id=salesinfou8_.id 
    where
        stores0_.id=?
Hibernate: 
    select
        stores0_.id as id1_12_0_,
        stores0_.created_date as created_2_12_0_,
        stores0_.modified_date as modified3_12_0_,
        stores0_.author_id as author_i9_12_0_,
        stores0_.clothes_info_id as clothes10_12_0_,
        stores0_.colors_name as colors_11_12_0_,
        stores0_.materials_name as materia12_12_0_,
        stores0_.style_name as style_n13_12_0_,
        stores0_.clothes_length as clothes_4_12_0_,
        stores0_.content as content5_12_0_,
        stores0_.price as price6_12_0_,
        stores0_.sales_info_clothes_id as sales_i14_12_0_,
        stores0_.sales_info_status_id as sales_i15_12_0_,
        stores0_.sales_info_user_id as sales_i16_12_0_,
        stores0_.status as status7_12_0_,
        stores0_.title as title8_12_0_,
        members1_.id as id1_6_1_,
        members1_.email as email2_6_1_,
        members1_.image as image3_6_1_,
        members1_.name as name4_6_1_,
        members1_.nickname as nickname5_6_1_,
        members1_.password as password6_6_1_,
        members1_.phone as phone7_6_1_,
        members1_.refresh_token as refresh_8_6_1_,
        members1_.role as role9_6_1_,
        clothesinf2_.id as id1_2_2_,
        clothesinf2_.categoryl as category2_2_2_,
        clothesinf2_.categorys as category3_2_2_,
        clothesinf2_.fit as fit4_2_2_,
        clothesinf2_.length as length5_2_2_,
        colors3_.id as id1_4_3_,
        colors3_.name as name2_4_3_,
        materials4_.id as id1_5_4_,
        materials4_.name as name2_5_4_,
        style5_.id as id1_14_5_,
        style5_.name as name2_14_5_,
        salesinfoc6_.id as id1_9_6_,
        salesinfoc6_.clothes_brand as clothes_2_9_6_,
        salesinfoc6_.clothes_color as clothes_3_9_6_,
        salesinfoc6_.clothes_gender as clothes_4_9_6_,
        salesinfoc6_.clothes_size as clothes_5_9_6_,
        salesinfos7_.id as id1_10_7_,
        salesinfos7_.status_score as status_s2_10_7_,
        salesinfos7_.status_tag as status_t3_10_7_,
        salesinfos7_.status_times as status_t4_10_7_,
        salesinfos7_.status_when2buy as status_w5_10_7_,
        salesinfos7_.transport as transpor6_10_7_,
        salesinfou8_.id as id1_11_8_,
        salesinfou8_.user_height as user_hei2_11_8_,
        salesinfou8_.user_size as user_siz3_11_8_,
        salesinfou8_.user_weight as user_wei4_11_8_ 
    from
        stores stores0_ 
    left outer join
        members members1_ 
            on stores0_.author_id=members1_.id 
    left outer join
        clothes_info clothesinf2_ 
            on stores0_.clothes_info_id=clothesinf2_.id 
    left outer join
        colors colors3_ 
            on stores0_.colors_name=colors3_.name 
    left outer join
        materials materials4_ 
            on stores0_.materials_name=materials4_.name 
    left outer join
        style style5_ 
            on stores0_.style_name=style5_.name 
    left outer join
        sales_info_clothes salesinfoc6_ 
            on stores0_.sales_info_clothes_id=salesinfoc6_.id 
    left outer join
        sales_info_status salesinfos7_ 
            on stores0_.sales_info_status_id=salesinfos7_.id 
    left outer join
        sales_info_user salesinfou8_ 
            on stores0_.sales_info_user_id=salesinfou8_.id 
    where
        stores0_.id=?
Hibernate: 
    select
        stores0_.id as id1_12_0_,
        stores0_.created_date as created_2_12_0_,
        stores0_.modified_date as modified3_12_0_,
        stores0_.author_id as author_i9_12_0_,
        stores0_.clothes_info_id as clothes10_12_0_,
        stores0_.colors_name as colors_11_12_0_,
        stores0_.materials_name as materia12_12_0_,
        stores0_.style_name as style_n13_12_0_,
        stores0_.clothes_length as clothes_4_12_0_,
        stores0_.content as content5_12_0_,
        stores0_.price as price6_12_0_,
        stores0_.sales_info_clothes_id as sales_i14_12_0_,
        stores0_.sales_info_status_id as sales_i15_12_0_,
        stores0_.sales_info_user_id as sales_i16_12_0_,
        stores0_.status as status7_12_0_,
        stores0_.title as title8_12_0_,
        members1_.id as id1_6_1_,
        members1_.email as email2_6_1_,
        members1_.image as image3_6_1_,
        members1_.name as name4_6_1_,
        members1_.nickname as nickname5_6_1_,
        members1_.password as password6_6_1_,
        members1_.phone as phone7_6_1_,
        members1_.refresh_token as refresh_8_6_1_,
        members1_.role as role9_6_1_,
        clothesinf2_.id as id1_2_2_,
        clothesinf2_.categoryl as category2_2_2_,
        clothesinf2_.categorys as category3_2_2_,
        clothesinf2_.fit as fit4_2_2_,
        clothesinf2_.length as length5_2_2_,
        colors3_.id as id1_4_3_,
        colors3_.name as name2_4_3_,
        materials4_.id as id1_5_4_,
        materials4_.name as name2_5_4_,
        style5_.id as id1_14_5_,
        style5_.name as name2_14_5_,
        salesinfoc6_.id as id1_9_6_,
        salesinfoc6_.clothes_brand as clothes_2_9_6_,
        salesinfoc6_.clothes_color as clothes_3_9_6_,
        salesinfoc6_.clothes_gender as clothes_4_9_6_,
        salesinfoc6_.clothes_size as clothes_5_9_6_,
        salesinfos7_.id as id1_10_7_,
        salesinfos7_.status_score as status_s2_10_7_,
        salesinfos7_.status_tag as status_t3_10_7_,
        salesinfos7_.status_times as status_t4_10_7_,
        salesinfos7_.status_when2buy as status_w5_10_7_,
        salesinfos7_.transport as transpor6_10_7_,
        salesinfou8_.id as id1_11_8_,
        salesinfou8_.user_height as user_hei2_11_8_,
        salesinfou8_.user_size as user_siz3_11_8_,
        salesinfou8_.user_weight as user_wei4_11_8_ 
    from
        stores stores0_ 
    left outer join
        members members1_ 
            on stores0_.author_id=members1_.id 
    left outer join
        clothes_info clothesinf2_ 
            on stores0_.clothes_info_id=clothesinf2_.id 
    left outer join
        colors colors3_ 
            on stores0_.colors_name=colors3_.name 
    left outer join
        materials materials4_ 
            on stores0_.materials_name=materials4_.name 
    left outer join
        style style5_ 
            on stores0_.style_name=style5_.name 
    left outer join
        sales_info_clothes salesinfoc6_ 
            on stores0_.sales_info_clothes_id=salesinfoc6_.id 
    left outer join
        sales_info_status salesinfos7_ 
            on stores0_.sales_info_status_id=salesinfos7_.id 
    left outer join
        sales_info_user salesinfou8_ 
            on stores0_.sales_info_user_id=salesinfou8_.id 
    where
        stores0_.id=?
Hibernate: 
    select
        stores0_.id as id1_12_0_,
        stores0_.created_date as created_2_12_0_,
        stores0_.modified_date as modified3_12_0_,
        stores0_.author_id as author_i9_12_0_,
        stores0_.clothes_info_id as clothes10_12_0_,
        stores0_.colors_name as colors_11_12_0_,
        stores0_.materials_name as materia12_12_0_,
        stores0_.style_name as style_n13_12_0_,
        stores0_.clothes_length as clothes_4_12_0_,
        stores0_.content as content5_12_0_,
        stores0_.price as price6_12_0_,
        stores0_.sales_info_clothes_id as sales_i14_12_0_,
        stores0_.sales_info_status_id as sales_i15_12_0_,
        stores0_.sales_info_user_id as sales_i16_12_0_,
        stores0_.status as status7_12_0_,
        stores0_.title as title8_12_0_,
        members1_.id as id1_6_1_,
        members1_.email as email2_6_1_,
        members1_.image as image3_6_1_,
        members1_.name as name4_6_1_,
        members1_.nickname as nickname5_6_1_,
        members1_.password as password6_6_1_,
        members1_.phone as phone7_6_1_,
        members1_.refresh_token as refresh_8_6_1_,
        members1_.role as role9_6_1_,
        clothesinf2_.id as id1_2_2_,
        clothesinf2_.categoryl as category2_2_2_,
        clothesinf2_.categorys as category3_2_2_,
        clothesinf2_.fit as fit4_2_2_,
        clothesinf2_.length as length5_2_2_,
        colors3_.id as id1_4_3_,
        colors3_.name as name2_4_3_,
        materials4_.id as id1_5_4_,
        materials4_.name as name2_5_4_,
        style5_.id as id1_14_5_,
        style5_.name as name2_14_5_,
        salesinfoc6_.id as id1_9_6_,
        salesinfoc6_.clothes_brand as clothes_2_9_6_,
        salesinfoc6_.clothes_color as clothes_3_9_6_,
        salesinfoc6_.clothes_gender as clothes_4_9_6_,
        salesinfoc6_.clothes_size as clothes_5_9_6_,
        salesinfos7_.id as id1_10_7_,
        salesinfos7_.status_score as status_s2_10_7_,
        salesinfos7_.status_tag as status_t3_10_7_,
        salesinfos7_.status_times as status_t4_10_7_,
        salesinfos7_.status_when2buy as status_w5_10_7_,
        salesinfos7_.transport as transpor6_10_7_,
        salesinfou8_.id as id1_11_8_,
        salesinfou8_.user_height as user_hei2_11_8_,
        salesinfou8_.user_size as user_siz3_11_8_,
        salesinfou8_.user_weight as user_wei4_11_8_ 
    from
        stores stores0_ 
    left outer join
        members members1_ 
            on stores0_.author_id=members1_.id 
    left outer join
        clothes_info clothesinf2_ 
            on stores0_.clothes_info_id=clothesinf2_.id 
    left outer join
        colors colors3_ 
            on stores0_.colors_name=colors3_.name 
    left outer join
        materials materials4_ 
            on stores0_.materials_name=materials4_.name 
    left outer join
        style style5_ 
            on stores0_.style_name=style5_.name 
    left outer join
        sales_info_clothes salesinfoc6_ 
            on stores0_.sales_info_clothes_id=salesinfoc6_.id 
    left outer join
        sales_info_status salesinfos7_ 
            on stores0_.sales_info_status_id=salesinfos7_.id 
    left outer join
        sales_info_user salesinfou8_ 
            on stores0_.sales_info_user_id=salesinfou8_.id 
    where
        stores0_.id=?
2022-11-10 12:34:07.372  INFO 9968 --- [    Test worker] o.a.c.c.C.[Tomcat].[localhost].[/]       : Initializing Spring TestDispatcherServlet ''
2022-11-10 12:34:07.372  INFO 9968 --- [    Test worker] o.s.t.web.servlet.TestDispatcherServlet  : Initializing Servlet ''
2022-11-10 12:34:07.374  INFO 9968 --- [    Test worker] o.s.t.web.servlet.TestDispatcherServlet  : Completed initialization in 2 ms
gunsong2@naver.com
Hibernate: 
    select
        members0_.id as id1_6_,
        members0_.email as email2_6_,
        members0_.image as image3_6_,
        members0_.name as name4_6_,
        members0_.nickname as nickname5_6_,
        members0_.password as password6_6_,
        members0_.phone as phone7_6_,
        members0_.refresh_token as refresh_8_6_,
        members0_.role as role9_6_ 
    from
        members members0_ 
    where
        members0_.email=?
Hibernate: 
    select
        stores0_.id as id1_12_0_,
        stores0_.created_date as created_2_12_0_,
        stores0_.modified_date as modified3_12_0_,
        stores0_.author_id as author_i9_12_0_,
        stores0_.clothes_info_id as clothes10_12_0_,
        stores0_.colors_name as colors_11_12_0_,
        stores0_.materials_name as materia12_12_0_,
        stores0_.style_name as style_n13_12_0_,
        stores0_.clothes_length as clothes_4_12_0_,
        stores0_.content as content5_12_0_,
        stores0_.price as price6_12_0_,
        stores0_.sales_info_clothes_id as sales_i14_12_0_,
        stores0_.sales_info_status_id as sales_i15_12_0_,
        stores0_.sales_info_user_id as sales_i16_12_0_,
        stores0_.status as status7_12_0_,
        stores0_.title as title8_12_0_,
        members1_.id as id1_6_1_,
        members1_.email as email2_6_1_,
        members1_.image as image3_6_1_,
        members1_.name as name4_6_1_,
        members1_.nickname as nickname5_6_1_,
        members1_.password as password6_6_1_,
        members1_.phone as phone7_6_1_,
        members1_.refresh_token as refresh_8_6_1_,
        members1_.role as role9_6_1_,
        clothesinf2_.id as id1_2_2_,
        clothesinf2_.categoryl as category2_2_2_,
        clothesinf2_.categorys as category3_2_2_,
        clothesinf2_.fit as fit4_2_2_,
        clothesinf2_.length as length5_2_2_,
        colors3_.id as id1_4_3_,
        colors3_.name as name2_4_3_,
        materials4_.id as id1_5_4_,
        materials4_.name as name2_5_4_,
        style5_.id as id1_14_5_,
        style5_.name as name2_14_5_,
        salesinfoc6_.id as id1_9_6_,
        salesinfoc6_.clothes_brand as clothes_2_9_6_,
        salesinfoc6_.clothes_color as clothes_3_9_6_,
        salesinfoc6_.clothes_gender as clothes_4_9_6_,
        salesinfoc6_.clothes_size as clothes_5_9_6_,
        salesinfos7_.id as id1_10_7_,
        salesinfos7_.status_score as status_s2_10_7_,
        salesinfos7_.status_tag as status_t3_10_7_,
        salesinfos7_.status_times as status_t4_10_7_,
        salesinfos7_.status_when2buy as status_w5_10_7_,
        salesinfos7_.transport as transpor6_10_7_,
        salesinfou8_.id as id1_11_8_,
        salesinfou8_.user_height as user_hei2_11_8_,
        salesinfou8_.user_size as user_siz3_11_8_,
        salesinfou8_.user_weight as user_wei4_11_8_ 
    from
        stores stores0_ 
    left outer join
        members members1_ 
            on stores0_.author_id=members1_.id 
    left outer join
        clothes_info clothesinf2_ 
            on stores0_.clothes_info_id=clothesinf2_.id 
    left outer join
        colors colors3_ 
            on stores0_.colors_name=colors3_.name 
    left outer join
        materials materials4_ 
            on stores0_.materials_name=materials4_.name 
    left outer join
        style style5_ 
            on stores0_.style_name=style5_.name 
    left outer join
        sales_info_clothes salesinfoc6_ 
            on stores0_.sales_info_clothes_id=salesinfoc6_.id 
    left outer join
        sales_info_status salesinfos7_ 
            on stores0_.sales_info_status_id=salesinfos7_.id 
    left outer join
        sales_info_user salesinfou8_ 
            on stores0_.sales_info_user_id=salesinfou8_.id 
    where
        stores0_.id=?
Hibernate: 
    insert 
    into
        stores_comments
        (created_date, modified_date, content, user_id, post_id) 
    values
        (?, ?, ?, ?, ?)
gunsong2@naver.com
Hibernate: 
    select
        members0_.id as id1_6_,
        members0_.email as email2_6_,
        members0_.image as image3_6_,
        members0_.name as name4_6_,
        members0_.nickname as nickname5_6_,
        members0_.password as password6_6_,
        members0_.phone as phone7_6_,
        members0_.refresh_token as refresh_8_6_,
        members0_.role as role9_6_ 
    from
        members members0_ 
    where
        members0_.email=?
Hibernate: 
    select
        stores0_.id as id1_12_0_,
        stores0_.created_date as created_2_12_0_,
        stores0_.modified_date as modified3_12_0_,
        stores0_.author_id as author_i9_12_0_,
        stores0_.clothes_info_id as clothes10_12_0_,
        stores0_.colors_name as colors_11_12_0_,
        stores0_.materials_name as materia12_12_0_,
        stores0_.style_name as style_n13_12_0_,
        stores0_.clothes_length as clothes_4_12_0_,
        stores0_.content as content5_12_0_,
        stores0_.price as price6_12_0_,
        stores0_.sales_info_clothes_id as sales_i14_12_0_,
        stores0_.sales_info_status_id as sales_i15_12_0_,
        stores0_.sales_info_user_id as sales_i16_12_0_,
        stores0_.status as status7_12_0_,
        stores0_.title as title8_12_0_,
        members1_.id as id1_6_1_,
        members1_.email as email2_6_1_,
        members1_.image as image3_6_1_,
        members1_.name as name4_6_1_,
        members1_.nickname as nickname5_6_1_,
        members1_.password as password6_6_1_,
        members1_.phone as phone7_6_1_,
        members1_.refresh_token as refresh_8_6_1_,
        members1_.role as role9_6_1_,
        clothesinf2_.id as id1_2_2_,
        clothesinf2_.categoryl as category2_2_2_,
        clothesinf2_.categorys as category3_2_2_,
        clothesinf2_.fit as fit4_2_2_,
        clothesinf2_.length as length5_2_2_,
        colors3_.id as id1_4_3_,
        colors3_.name as name2_4_3_,
        materials4_.id as id1_5_4_,
        materials4_.name as name2_5_4_,
        style5_.id as id1_14_5_,
        style5_.name as name2_14_5_,
        salesinfoc6_.id as id1_9_6_,
        salesinfoc6_.clothes_brand as clothes_2_9_6_,
        salesinfoc6_.clothes_color as clothes_3_9_6_,
        salesinfoc6_.clothes_gender as clothes_4_9_6_,
        salesinfoc6_.clothes_size as clothes_5_9_6_,
        salesinfos7_.id as id1_10_7_,
        salesinfos7_.status_score as status_s2_10_7_,
        salesinfos7_.status_tag as status_t3_10_7_,
        salesinfos7_.status_times as status_t4_10_7_,
        salesinfos7_.status_when2buy as status_w5_10_7_,
        salesinfos7_.transport as transpor6_10_7_,
        salesinfou8_.id as id1_11_8_,
        salesinfou8_.user_height as user_hei2_11_8_,
        salesinfou8_.user_size as user_siz3_11_8_,
        salesinfou8_.user_weight as user_wei4_11_8_ 
    from
        stores stores0_ 
    left outer join
        members members1_ 
            on stores0_.author_id=members1_.id 
    left outer join
        clothes_info clothesinf2_ 
            on stores0_.clothes_info_id=clothesinf2_.id 
    left outer join
        colors colors3_ 
            on stores0_.colors_name=colors3_.name 
    left outer join
        materials materials4_ 
            on stores0_.materials_name=materials4_.name 
    left outer join
        style style5_ 
            on stores0_.style_name=style5_.name 
    left outer join
        sales_info_clothes salesinfoc6_ 
            on stores0_.sales_info_clothes_id=salesinfoc6_.id 
    left outer join
        sales_info_status salesinfos7_ 
            on stores0_.sales_info_status_id=salesinfos7_.id 
    left outer join
        sales_info_user salesinfou8_ 
            on stores0_.sales_info_user_id=salesinfou8_.id 
    where
        stores0_.id=?
Hibernate: 
    insert 
    into
        stores_comments
        (created_date, modified_date, content, user_id, post_id) 
    values
        (?, ?, ?, ?, ?)
gunsong2@naver.com
Hibernate: 
    select
        members0_.id as id1_6_,
        members0_.email as email2_6_,
        members0_.image as image3_6_,
        members0_.name as name4_6_,
        members0_.nickname as nickname5_6_,
        members0_.password as password6_6_,
        members0_.phone as phone7_6_,
        members0_.refresh_token as refresh_8_6_,
        members0_.role as role9_6_ 
    from
        members members0_ 
    where
        members0_.email=?
Hibernate: 
    select
        stores0_.id as id1_12_0_,
        stores0_.created_date as created_2_12_0_,
        stores0_.modified_date as modified3_12_0_,
        stores0_.author_id as author_i9_12_0_,
        stores0_.clothes_info_id as clothes10_12_0_,
        stores0_.colors_name as colors_11_12_0_,
        stores0_.materials_name as materia12_12_0_,
        stores0_.style_name as style_n13_12_0_,
        stores0_.clothes_length as clothes_4_12_0_,
        stores0_.content as content5_12_0_,
        stores0_.price as price6_12_0_,
        stores0_.sales_info_clothes_id as sales_i14_12_0_,
        stores0_.sales_info_status_id as sales_i15_12_0_,
        stores0_.sales_info_user_id as sales_i16_12_0_,
        stores0_.status as status7_12_0_,
        stores0_.title as title8_12_0_,
        members1_.id as id1_6_1_,
        members1_.email as email2_6_1_,
        members1_.image as image3_6_1_,
        members1_.name as name4_6_1_,
        members1_.nickname as nickname5_6_1_,
        members1_.password as password6_6_1_,
        members1_.phone as phone7_6_1_,
        members1_.refresh_token as refresh_8_6_1_,
        members1_.role as role9_6_1_,
        clothesinf2_.id as id1_2_2_,
        clothesinf2_.categoryl as category2_2_2_,
        clothesinf2_.categorys as category3_2_2_,
        clothesinf2_.fit as fit4_2_2_,
        clothesinf2_.length as length5_2_2_,
        colors3_.id as id1_4_3_,
        colors3_.name as name2_4_3_,
        materials4_.id as id1_5_4_,
        materials4_.name as name2_5_4_,
        style5_.id as id1_14_5_,
        style5_.name as name2_14_5_,
        salesinfoc6_.id as id1_9_6_,
        salesinfoc6_.clothes_brand as clothes_2_9_6_,
        salesinfoc6_.clothes_color as clothes_3_9_6_,
        salesinfoc6_.clothes_gender as clothes_4_9_6_,
        salesinfoc6_.clothes_size as clothes_5_9_6_,
        salesinfos7_.id as id1_10_7_,
        salesinfos7_.status_score as status_s2_10_7_,
        salesinfos7_.status_tag as status_t3_10_7_,
        salesinfos7_.status_times as status_t4_10_7_,
        salesinfos7_.status_when2buy as status_w5_10_7_,
        salesinfos7_.transport as transpor6_10_7_,
        salesinfou8_.id as id1_11_8_,
        salesinfou8_.user_height as user_hei2_11_8_,
        salesinfou8_.user_size as user_siz3_11_8_,
        salesinfou8_.user_weight as user_wei4_11_8_ 
    from
        stores stores0_ 
    left outer join
        members members1_ 
            on stores0_.author_id=members1_.id 
    left outer join
        clothes_info clothesinf2_ 
            on stores0_.clothes_info_id=clothesinf2_.id 
    left outer join
        colors colors3_ 
            on stores0_.colors_name=colors3_.name 
    left outer join
        materials materials4_ 
            on stores0_.materials_name=materials4_.name 
    left outer join
        style style5_ 
            on stores0_.style_name=style5_.name 
    left outer join
        sales_info_clothes salesinfoc6_ 
            on stores0_.sales_info_clothes_id=salesinfoc6_.id 
    left outer join
        sales_info_status salesinfos7_ 
            on stores0_.sales_info_status_id=salesinfos7_.id 
    left outer join
        sales_info_user salesinfou8_ 
            on stores0_.sales_info_user_id=salesinfou8_.id 
    where
        stores0_.id=?
Hibernate: 
    insert 
    into
        stores_comments
        (created_date, modified_date, content, user_id, post_id) 
    values
        (?, ?, ?, ?, ?)
gunsong2@naver.com
Hibernate: 
    select
        members0_.id as id1_6_,
        members0_.email as email2_6_,
        members0_.image as image3_6_,
        members0_.name as name4_6_,
        members0_.nickname as nickname5_6_,
        members0_.password as password6_6_,
        members0_.phone as phone7_6_,
        members0_.refresh_token as refresh_8_6_,
        members0_.role as role9_6_ 
    from
        members members0_ 
    where
        members0_.email=?
Hibernate: 
    select
        stores0_.id as id1_12_0_,
        stores0_.created_date as created_2_12_0_,
        stores0_.modified_date as modified3_12_0_,
        stores0_.author_id as author_i9_12_0_,
        stores0_.clothes_info_id as clothes10_12_0_,
        stores0_.colors_name as colors_11_12_0_,
        stores0_.materials_name as materia12_12_0_,
        stores0_.style_name as style_n13_12_0_,
        stores0_.clothes_length as clothes_4_12_0_,
        stores0_.content as content5_12_0_,
        stores0_.price as price6_12_0_,
        stores0_.sales_info_clothes_id as sales_i14_12_0_,
        stores0_.sales_info_status_id as sales_i15_12_0_,
        stores0_.sales_info_user_id as sales_i16_12_0_,
        stores0_.status as status7_12_0_,
        stores0_.title as title8_12_0_,
        members1_.id as id1_6_1_,
        members1_.email as email2_6_1_,
        members1_.image as image3_6_1_,
        members1_.name as name4_6_1_,
        members1_.nickname as nickname5_6_1_,
        members1_.password as password6_6_1_,
        members1_.phone as phone7_6_1_,
        members1_.refresh_token as refresh_8_6_1_,
        members1_.role as role9_6_1_,
        clothesinf2_.id as id1_2_2_,
        clothesinf2_.categoryl as category2_2_2_,
        clothesinf2_.categorys as category3_2_2_,
        clothesinf2_.fit as fit4_2_2_,
        clothesinf2_.length as length5_2_2_,
        colors3_.id as id1_4_3_,
        colors3_.name as name2_4_3_,
        materials4_.id as id1_5_4_,
        materials4_.name as name2_5_4_,
        style5_.id as id1_14_5_,
        style5_.name as name2_14_5_,
        salesinfoc6_.id as id1_9_6_,
        salesinfoc6_.clothes_brand as clothes_2_9_6_,
        salesinfoc6_.clothes_color as clothes_3_9_6_,
        salesinfoc6_.clothes_gender as clothes_4_9_6_,
        salesinfoc6_.clothes_size as clothes_5_9_6_,
        salesinfos7_.id as id1_10_7_,
        salesinfos7_.status_score as status_s2_10_7_,
        salesinfos7_.status_tag as status_t3_10_7_,
        salesinfos7_.status_times as status_t4_10_7_,
        salesinfos7_.status_when2buy as status_w5_10_7_,
        salesinfos7_.transport as transpor6_10_7_,
        salesinfou8_.id as id1_11_8_,
        salesinfou8_.user_height as user_hei2_11_8_,
        salesinfou8_.user_size as user_siz3_11_8_,
        salesinfou8_.user_weight as user_wei4_11_8_ 
    from
        stores stores0_ 
    left outer join
        members members1_ 
            on stores0_.author_id=members1_.id 
    left outer join
        clothes_info clothesinf2_ 
            on stores0_.clothes_info_id=clothesinf2_.id 
    left outer join
        colors colors3_ 
            on stores0_.colors_name=colors3_.name 
    left outer join
        materials materials4_ 
            on stores0_.materials_name=materials4_.name 
    left outer join
        style style5_ 
            on stores0_.style_name=style5_.name 
    left outer join
        sales_info_clothes salesinfoc6_ 
            on stores0_.sales_info_clothes_id=salesinfoc6_.id 
    left outer join
        sales_info_status salesinfos7_ 
            on stores0_.sales_info_status_id=salesinfos7_.id 
    left outer join
        sales_info_user salesinfou8_ 
            on stores0_.sales_info_user_id=salesinfou8_.id 
    where
        stores0_.id=?
Hibernate: 
    select
        storescomm0_.content as col_0_0_,
        members1_.nickname as col_1_0_,
        storescomm0_.created_date as col_2_0_ 
    from
        stores_comments storescomm0_ cross 
    join
        members members1_ 
    where
        storescomm0_.user_id=members1_.id 
        and storescomm0_.post_id=? 
        and storescomm0_.user_id=? 
    order by
        storescomm0_.created_date asc limit ?
Hibernate: 
    select
        members0_.id as id1_6_,
        members0_.email as email2_6_,
        members0_.image as image3_6_,
        members0_.name as name4_6_,
        members0_.nickname as nickname5_6_,
        members0_.password as password6_6_,
        members0_.phone as phone7_6_,
        members0_.refresh_token as refresh_8_6_,
        members0_.role as role9_6_ 
    from
        members members0_ 
    where
        members0_.email=?
Hibernate: 
    select
        members0_.id as id1_6_,
        members0_.email as email2_6_,
        members0_.image as image3_6_,
        members0_.name as name4_6_,
        members0_.nickname as nickname5_6_,
        members0_.password as password6_6_,
        members0_.phone as phone7_6_,
        members0_.refresh_token as refresh_8_6_,
        members0_.role as role9_6_ 
    from
        members members0_ 
    where
        members0_.email=?
2022-11-10 12:34:07.501  INFO 9968 --- [    Test worker] o.a.c.c.C.[Tomcat].[localhost].[/]       : Initializing Spring TestDispatcherServlet ''
2022-11-10 12:34:07.501  INFO 9968 --- [    Test worker] o.s.t.web.servlet.TestDispatcherServlet  : Initializing Servlet ''
2022-11-10 12:34:07.503  INFO 9968 --- [    Test worker] o.s.t.web.servlet.TestDispatcherServlet  : Completed initialization in 2 ms
gunsong2@naver.com
Hibernate: 
    select
        members0_.id as id1_6_,
        members0_.email as email2_6_,
        members0_.image as image3_6_,
        members0_.name as name4_6_,
        members0_.nickname as nickname5_6_,
        members0_.password as password6_6_,
        members0_.phone as phone7_6_,
        members0_.refresh_token as refresh_8_6_,
        members0_.role as role9_6_ 
    from
        members members0_ 
    where
        members0_.email=?
Hibernate: 
    select
        style0_.id as id1_14_,
        style0_.name as name2_14_ 
    from
        style style0_ 
    where
        style0_.name=?
Hibernate: 
    select
        materials0_.id as id1_5_,
        materials0_.name as name2_5_ 
    from
        materials materials0_ 
    where
        materials0_.name=?
Hibernate: 
    select
        colors0_.id as id1_4_,
        colors0_.name as name2_4_ 
    from
        colors colors0_ 
    where
        colors0_.name=?
Hibernate: 
    select
        clothesinf0_.id as id1_2_,
        clothesinf0_.categoryl as category2_2_,
        clothesinf0_.categorys as category3_2_,
        clothesinf0_.fit as fit4_2_,
        clothesinf0_.length as length5_2_ 
    from
        clothes_info clothesinf0_ 
    where
        clothesinf0_.categoryl=? 
        and clothesinf0_.categorys=? 
        and clothesinf0_.length=? 
        and clothesinf0_.fit=?
Hibernate: 
    select
        salesinfoc0_.id as id1_9_,
        salesinfoc0_.clothes_brand as clothes_2_9_,
        salesinfoc0_.clothes_color as clothes_3_9_,
        salesinfoc0_.clothes_gender as clothes_4_9_,
        salesinfoc0_.clothes_size as clothes_5_9_ 
    from
        sales_info_clothes salesinfoc0_ 
    where
        salesinfoc0_.clothes_brand=? 
        and salesinfoc0_.clothes_gender=? 
        and salesinfoc0_.clothes_size=? 
        and salesinfoc0_.clothes_color=?
Hibernate: 
    select
        salesinfos0_.id as id1_10_,
        salesinfos0_.status_score as status_s2_10_,
        salesinfos0_.status_tag as status_t3_10_,
        salesinfos0_.status_times as status_t4_10_,
        salesinfos0_.status_when2buy as status_w5_10_,
        salesinfos0_.transport as transpor6_10_ 
    from
        sales_info_status salesinfos0_ 
    where
        salesinfos0_.status_tag=? 
        and salesinfos0_.status_score=? 
        and salesinfos0_.status_times=? 
        and salesinfos0_.status_when2buy=? 
        and salesinfos0_.transport=?
Hibernate: 
    select
        salesinfou0_.id as id1_11_,
        salesinfou0_.user_height as user_hei2_11_,
        salesinfou0_.user_size as user_siz3_11_,
        salesinfou0_.user_weight as user_wei4_11_ 
    from
        sales_info_user salesinfou0_ 
    where
        salesinfou0_.user_size=? 
        and salesinfou0_.user_weight=? 
        and salesinfou0_.user_height=?
Hibernate: 
    insert 
    into
        clothes_image
        (closets_post_id, path, stores_post_id, type) 
    values
        (?, ?, ?, ?)
Hibernate: 
    insert 
    into
        clothes_image
        (closets_post_id, path, stores_post_id, type) 
    values
        (?, ?, ?, ?)
Hibernate: 
    insert 
    into
        stores
        (created_date, modified_date, author_id, clothes_info_id, colors_name, materials_name, style_name, clothes_length, content, price, sales_info_clothes_id, sales_info_status_id, sales_info_user_id, status, title) 
    values
        (?, ?, ?, ?, ?, ?, ?, ?, ?, ?, ?, ?, ?, ?, ?)
Hibernate: 
    update
        clothes_image 
    set
        closets_post_id=?,
        path=?,
        stores_post_id=?,
        type=? 
    where
        id=?
Hibernate: 
    update
        clothes_image 
    set
        closets_post_id=?,
        path=?,
        stores_post_id=?,
        type=? 
    where
        id=?
gunsong2@naver.com
Hibernate: 
    select
        members0_.id as id1_6_,
        members0_.email as email2_6_,
        members0_.image as image3_6_,
        members0_.name as name4_6_,
        members0_.nickname as nickname5_6_,
        members0_.password as password6_6_,
        members0_.phone as phone7_6_,
        members0_.refresh_token as refresh_8_6_,
        members0_.role as role9_6_ 
    from
        members members0_ 
    where
        members0_.email=?
Hibernate: 
    select
        style0_.id as id1_14_,
        style0_.name as name2_14_ 
    from
        style style0_ 
    where
        style0_.name=?
Hibernate: 
    select
        materials0_.id as id1_5_,
        materials0_.name as name2_5_ 
    from
        materials materials0_ 
    where
        materials0_.name=?
Hibernate: 
    select
        colors0_.id as id1_4_,
        colors0_.name as name2_4_ 
    from
        colors colors0_ 
    where
        colors0_.name=?
Hibernate: 
    select
        clothesinf0_.id as id1_2_,
        clothesinf0_.categoryl as category2_2_,
        clothesinf0_.categorys as category3_2_,
        clothesinf0_.fit as fit4_2_,
        clothesinf0_.length as length5_2_ 
    from
        clothes_info clothesinf0_ 
    where
        clothesinf0_.categoryl=? 
        and clothesinf0_.categorys=? 
        and clothesinf0_.length=? 
        and clothesinf0_.fit=?
Hibernate: 
    select
        salesinfoc0_.id as id1_9_,
        salesinfoc0_.clothes_brand as clothes_2_9_,
        salesinfoc0_.clothes_color as clothes_3_9_,
        salesinfoc0_.clothes_gender as clothes_4_9_,
        salesinfoc0_.clothes_size as clothes_5_9_ 
    from
        sales_info_clothes salesinfoc0_ 
    where
        salesinfoc0_.clothes_brand=? 
        and salesinfoc0_.clothes_gender=? 
        and salesinfoc0_.clothes_size=? 
        and salesinfoc0_.clothes_color=?
Hibernate: 
    select
        salesinfos0_.id as id1_10_,
        salesinfos0_.status_score as status_s2_10_,
        salesinfos0_.status_tag as status_t3_10_,
        salesinfos0_.status_times as status_t4_10_,
        salesinfos0_.status_when2buy as status_w5_10_,
        salesinfos0_.transport as transpor6_10_ 
    from
        sales_info_status salesinfos0_ 
    where
        salesinfos0_.status_tag=? 
        and salesinfos0_.status_score=? 
        and salesinfos0_.status_times=? 
        and salesinfos0_.status_when2buy=? 
        and salesinfos0_.transport=?
Hibernate: 
    select
        salesinfou0_.id as id1_11_,
        salesinfou0_.user_height as user_hei2_11_,
        salesinfou0_.user_size as user_siz3_11_,
        salesinfou0_.user_weight as user_wei4_11_ 
    from
        sales_info_user salesinfou0_ 
    where
        salesinfou0_.user_size=? 
        and salesinfou0_.user_weight=? 
        and salesinfou0_.user_height=?
Hibernate: 
    insert 
    into
        clothes_image
        (closets_post_id, path, stores_post_id, type) 
    values
        (?, ?, ?, ?)
Hibernate: 
    insert 
    into
        clothes_image
        (closets_post_id, path, stores_post_id, type) 
    values
        (?, ?, ?, ?)
Hibernate: 
    insert 
    into
        stores
        (created_date, modified_date, author_id, clothes_info_id, colors_name, materials_name, style_name, clothes_length, content, price, sales_info_clothes_id, sales_info_status_id, sales_info_user_id, status, title) 
    values
        (?, ?, ?, ?, ?, ?, ?, ?, ?, ?, ?, ?, ?, ?, ?)
Hibernate: 
    update
        clothes_image 
    set
        closets_post_id=?,
        path=?,
        stores_post_id=?,
        type=? 
    where
        id=?
Hibernate: 
    update
        clothes_image 
    set
        closets_post_id=?,
        path=?,
        stores_post_id=?,
        type=? 
    where
        id=?
gunsong2@naver.com
Hibernate: 
    select
        members0_.id as id1_6_,
        members0_.email as email2_6_,
        members0_.image as image3_6_,
        members0_.name as name4_6_,
        members0_.nickname as nickname5_6_,
        members0_.password as password6_6_,
        members0_.phone as phone7_6_,
        members0_.refresh_token as refresh_8_6_,
        members0_.role as role9_6_ 
    from
        members members0_ 
    where
        members0_.email=?
Hibernate: 
    select
        style0_.id as id1_14_,
        style0_.name as name2_14_ 
    from
        style style0_ 
    where
        style0_.name=?
Hibernate: 
    select
        materials0_.id as id1_5_,
        materials0_.name as name2_5_ 
    from
        materials materials0_ 
    where
        materials0_.name=?
Hibernate: 
    select
        colors0_.id as id1_4_,
        colors0_.name as name2_4_ 
    from
        colors colors0_ 
    where
        colors0_.name=?
Hibernate: 
    select
        clothesinf0_.id as id1_2_,
        clothesinf0_.categoryl as category2_2_,
        clothesinf0_.categorys as category3_2_,
        clothesinf0_.fit as fit4_2_,
        clothesinf0_.length as length5_2_ 
    from
        clothes_info clothesinf0_ 
    where
        clothesinf0_.categoryl=? 
        and clothesinf0_.categorys=? 
        and clothesinf0_.length=? 
        and clothesinf0_.fit=?
Hibernate: 
    select
        salesinfoc0_.id as id1_9_,
        salesinfoc0_.clothes_brand as clothes_2_9_,
        salesinfoc0_.clothes_color as clothes_3_9_,
        salesinfoc0_.clothes_gender as clothes_4_9_,
        salesinfoc0_.clothes_size as clothes_5_9_ 
    from
        sales_info_clothes salesinfoc0_ 
    where
        salesinfoc0_.clothes_brand=? 
        and salesinfoc0_.clothes_gender=? 
        and salesinfoc0_.clothes_size=? 
        and salesinfoc0_.clothes_color=?
Hibernate: 
    select
        salesinfos0_.id as id1_10_,
        salesinfos0_.status_score as status_s2_10_,
        salesinfos0_.status_tag as status_t3_10_,
        salesinfos0_.status_times as status_t4_10_,
        salesinfos0_.status_when2buy as status_w5_10_,
        salesinfos0_.transport as transpor6_10_ 
    from
        sales_info_status salesinfos0_ 
    where
        salesinfos0_.status_tag=? 
        and salesinfos0_.status_score=? 
        and salesinfos0_.status_times=? 
        and salesinfos0_.status_when2buy=? 
        and salesinfos0_.transport=?
Hibernate: 
    select
        salesinfou0_.id as id1_11_,
        salesinfou0_.user_height as user_hei2_11_,
        salesinfou0_.user_size as user_siz3_11_,
        salesinfou0_.user_weight as user_wei4_11_ 
    from
        sales_info_user salesinfou0_ 
    where
        salesinfou0_.user_size=? 
        and salesinfou0_.user_weight=? 
        and salesinfou0_.user_height=?
Hibernate: 
    insert 
    into
        clothes_image
        (closets_post_id, path, stores_post_id, type) 
    values
        (?, ?, ?, ?)
Hibernate: 
    insert 
    into
        clothes_image
        (closets_post_id, path, stores_post_id, type) 
    values
        (?, ?, ?, ?)
Hibernate: 
    insert 
    into
        stores
        (created_date, modified_date, author_id, clothes_info_id, colors_name, materials_name, style_name, clothes_length, content, price, sales_info_clothes_id, sales_info_status_id, sales_info_user_id, status, title) 
    values
        (?, ?, ?, ?, ?, ?, ?, ?, ?, ?, ?, ?, ?, ?, ?)
Hibernate: 
    update
        clothes_image 
    set
        closets_post_id=?,
        path=?,
        stores_post_id=?,
        type=? 
    where
        id=?
Hibernate: 
    update
        clothes_image 
    set
        closets_post_id=?,
        path=?,
        stores_post_id=?,
        type=? 
    where
        id=?
gunsong2@naver.com
Hibernate: 
    select
        members0_.id as id1_6_,
        members0_.email as email2_6_,
        members0_.image as image3_6_,
        members0_.name as name4_6_,
        members0_.nickname as nickname5_6_,
        members0_.password as password6_6_,
        members0_.phone as phone7_6_,
        members0_.refresh_token as refresh_8_6_,
        members0_.role as role9_6_ 
    from
        members members0_ 
    where
        members0_.email=?
Hibernate: 
    select
        style0_.id as id1_14_,
        style0_.name as name2_14_ 
    from
        style style0_ 
    where
        style0_.name=?
Hibernate: 
    select
        materials0_.id as id1_5_,
        materials0_.name as name2_5_ 
    from
        materials materials0_ 
    where
        materials0_.name=?
Hibernate: 
    select
        colors0_.id as id1_4_,
        colors0_.name as name2_4_ 
    from
        colors colors0_ 
    where
        colors0_.name=?
Hibernate: 
    select
        clothesinf0_.id as id1_2_,
        clothesinf0_.categoryl as category2_2_,
        clothesinf0_.categorys as category3_2_,
        clothesinf0_.fit as fit4_2_,
        clothesinf0_.length as length5_2_ 
    from
        clothes_info clothesinf0_ 
    where
        clothesinf0_.categoryl=? 
        and clothesinf0_.categorys=? 
        and clothesinf0_.length=? 
        and clothesinf0_.fit=?
Hibernate: 
    select
        salesinfoc0_.id as id1_9_,
        salesinfoc0_.clothes_brand as clothes_2_9_,
        salesinfoc0_.clothes_color as clothes_3_9_,
        salesinfoc0_.clothes_gender as clothes_4_9_,
        salesinfoc0_.clothes_size as clothes_5_9_ 
    from
        sales_info_clothes salesinfoc0_ 
    where
        salesinfoc0_.clothes_brand=? 
        and salesinfoc0_.clothes_gender=? 
        and salesinfoc0_.clothes_size=? 
        and salesinfoc0_.clothes_color=?
Hibernate: 
    select
        salesinfos0_.id as id1_10_,
        salesinfos0_.status_score as status_s2_10_,
        salesinfos0_.status_tag as status_t3_10_,
        salesinfos0_.status_times as status_t4_10_,
        salesinfos0_.status_when2buy as status_w5_10_,
        salesinfos0_.transport as transpor6_10_ 
    from
        sales_info_status salesinfos0_ 
    where
        salesinfos0_.status_tag=? 
        and salesinfos0_.status_score=? 
        and salesinfos0_.status_times=? 
        and salesinfos0_.status_when2buy=? 
        and salesinfos0_.transport=?
Hibernate: 
    select
        salesinfou0_.id as id1_11_,
        salesinfou0_.user_height as user_hei2_11_,
        salesinfou0_.user_size as user_siz3_11_,
        salesinfou0_.user_weight as user_wei4_11_ 
    from
        sales_info_user salesinfou0_ 
    where
        salesinfou0_.user_size=? 
        and salesinfou0_.user_weight=? 
        and salesinfou0_.user_height=?
Hibernate: 
    insert 
    into
        clothes_image
        (closets_post_id, path, stores_post_id, type) 
    values
        (?, ?, ?, ?)
Hibernate: 
    insert 
    into
        clothes_image
        (closets_post_id, path, stores_post_id, type) 
    values
        (?, ?, ?, ?)
Hibernate: 
    insert 
    into
        stores
        (created_date, modified_date, author_id, clothes_info_id, colors_name, materials_name, style_name, clothes_length, content, price, sales_info_clothes_id, sales_info_status_id, sales_info_user_id, status, title) 
    values
        (?, ?, ?, ?, ?, ?, ?, ?, ?, ?, ?, ?, ?, ?, ?)
Hibernate: 
    update
        clothes_image 
    set
        closets_post_id=?,
        path=?,
        stores_post_id=?,
        type=? 
    where
        id=?
Hibernate: 
    update
        clothes_image 
    set
        closets_post_id=?,
        path=?,
        stores_post_id=?,
        type=? 
    where
        id=?
gunsong2@naver.com
Hibernate: 
    select
        members0_.id as id1_6_,
        members0_.email as email2_6_,
        members0_.image as image3_6_,
        members0_.name as name4_6_,
        members0_.nickname as nickname5_6_,
        members0_.password as password6_6_,
        members0_.phone as phone7_6_,
        members0_.refresh_token as refresh_8_6_,
        members0_.role as role9_6_ 
    from
        members members0_ 
    where
        members0_.email=?
Hibernate: 
    select
        style0_.id as id1_14_,
        style0_.name as name2_14_ 
    from
        style style0_ 
    where
        style0_.name=?
Hibernate: 
    select
        materials0_.id as id1_5_,
        materials0_.name as name2_5_ 
    from
        materials materials0_ 
    where
        materials0_.name=?
Hibernate: 
    select
        colors0_.id as id1_4_,
        colors0_.name as name2_4_ 
    from
        colors colors0_ 
    where
        colors0_.name=?
Hibernate: 
    select
        clothesinf0_.id as id1_2_,
        clothesinf0_.categoryl as category2_2_,
        clothesinf0_.categorys as category3_2_,
        clothesinf0_.fit as fit4_2_,
        clothesinf0_.length as length5_2_ 
    from
        clothes_info clothesinf0_ 
    where
        clothesinf0_.categoryl=? 
        and clothesinf0_.categorys=? 
        and clothesinf0_.length=? 
        and clothesinf0_.fit=?
Hibernate: 
    select
        salesinfoc0_.id as id1_9_,
        salesinfoc0_.clothes_brand as clothes_2_9_,
        salesinfoc0_.clothes_color as clothes_3_9_,
        salesinfoc0_.clothes_gender as clothes_4_9_,
        salesinfoc0_.clothes_size as clothes_5_9_ 
    from
        sales_info_clothes salesinfoc0_ 
    where
        salesinfoc0_.clothes_brand=? 
        and salesinfoc0_.clothes_gender=? 
        and salesinfoc0_.clothes_size=? 
        and salesinfoc0_.clothes_color=?
Hibernate: 
    select
        salesinfos0_.id as id1_10_,
        salesinfos0_.status_score as status_s2_10_,
        salesinfos0_.status_tag as status_t3_10_,
        salesinfos0_.status_times as status_t4_10_,
        salesinfos0_.status_when2buy as status_w5_10_,
        salesinfos0_.transport as transpor6_10_ 
    from
        sales_info_status salesinfos0_ 
    where
        salesinfos0_.status_tag=? 
        and salesinfos0_.status_score=? 
        and salesinfos0_.status_times=? 
        and salesinfos0_.status_when2buy=? 
        and salesinfos0_.transport=?
Hibernate: 
    select
        salesinfou0_.id as id1_11_,
        salesinfou0_.user_height as user_hei2_11_,
        salesinfou0_.user_size as user_siz3_11_,
        salesinfou0_.user_weight as user_wei4_11_ 
    from
        sales_info_user salesinfou0_ 
    where
        salesinfou0_.user_size=? 
        and salesinfou0_.user_weight=? 
        and salesinfou0_.user_height=?
Hibernate: 
    insert 
    into
        clothes_image
        (closets_post_id, path, stores_post_id, type) 
    values
        (?, ?, ?, ?)
Hibernate: 
    insert 
    into
        clothes_image
        (closets_post_id, path, stores_post_id, type) 
    values
        (?, ?, ?, ?)
Hibernate: 
    insert 
    into
        stores
        (created_date, modified_date, author_id, clothes_info_id, colors_name, materials_name, style_name, clothes_length, content, price, sales_info_clothes_id, sales_info_status_id, sales_info_user_id, status, title) 
    values
        (?, ?, ?, ?, ?, ?, ?, ?, ?, ?, ?, ?, ?, ?, ?)
Hibernate: 
    update
        clothes_image 
    set
        closets_post_id=?,
        path=?,
        stores_post_id=?,
        type=? 
    where
        id=?
Hibernate: 
    update
        clothes_image 
    set
        closets_post_id=?,
        path=?,
        stores_post_id=?,
        type=? 
    where
        id=?
Hibernate: 
    select
        stores0_.id as id1_12_,
        stores0_.created_date as created_2_12_,
        stores0_.modified_date as modified3_12_,
        stores0_.author_id as author_i9_12_,
        stores0_.clothes_info_id as clothes10_12_,
        stores0_.colors_name as colors_11_12_,
        stores0_.materials_name as materia12_12_,
        stores0_.style_name as style_n13_12_,
        stores0_.clothes_length as clothes_4_12_,
        stores0_.content as content5_12_,
        stores0_.price as price6_12_,
        stores0_.sales_info_clothes_id as sales_i14_12_,
        stores0_.sales_info_status_id as sales_i15_12_,
        stores0_.sales_info_user_id as sales_i16_12_,
        stores0_.status as status7_12_,
        stores0_.title as title8_12_ 
    from
        stores stores0_
Hibernate: 
    select
        members0_.id as id1_6_0_,
        members0_.email as email2_6_0_,
        members0_.image as image3_6_0_,
        members0_.name as name4_6_0_,
        members0_.nickname as nickname5_6_0_,
        members0_.password as password6_6_0_,
        members0_.phone as phone7_6_0_,
        members0_.refresh_token as refresh_8_6_0_,
        members0_.role as role9_6_0_ 
    from
        members members0_ 
    where
        members0_.id=?
Hibernate: 
    select
        clothesinf0_.id as id1_2_0_,
        clothesinf0_.categoryl as category2_2_0_,
        clothesinf0_.categorys as category3_2_0_,
        clothesinf0_.fit as fit4_2_0_,
        clothesinf0_.length as length5_2_0_ 
    from
        clothes_info clothesinf0_ 
    where
        clothesinf0_.id=?
Hibernate: 
    select
        colors0_.id as id1_4_0_,
        colors0_.name as name2_4_0_ 
    from
        colors colors0_ 
    where
        colors0_.name=?
Hibernate: 
    select
        materials0_.id as id1_5_0_,
        materials0_.name as name2_5_0_ 
    from
        materials materials0_ 
    where
        materials0_.name=?
Hibernate: 
    select
        style0_.id as id1_14_0_,
        style0_.name as name2_14_0_ 
    from
        style style0_ 
    where
        style0_.name=?
Hibernate: 
    select
        salesinfoc0_.id as id1_9_0_,
        salesinfoc0_.clothes_brand as clothes_2_9_0_,
        salesinfoc0_.clothes_color as clothes_3_9_0_,
        salesinfoc0_.clothes_gender as clothes_4_9_0_,
        salesinfoc0_.clothes_size as clothes_5_9_0_ 
    from
        sales_info_clothes salesinfoc0_ 
    where
        salesinfoc0_.id=?
Hibernate: 
    select
        salesinfos0_.id as id1_10_0_,
        salesinfos0_.status_score as status_s2_10_0_,
        salesinfos0_.status_tag as status_t3_10_0_,
        salesinfos0_.status_times as status_t4_10_0_,
        salesinfos0_.status_when2buy as status_w5_10_0_,
        salesinfos0_.transport as transpor6_10_0_ 
    from
        sales_info_status salesinfos0_ 
    where
        salesinfos0_.id=?
Hibernate: 
    select
        salesinfou0_.id as id1_11_0_,
        salesinfou0_.user_height as user_hei2_11_0_,
        salesinfou0_.user_size as user_siz3_11_0_,
        salesinfou0_.user_weight as user_wei4_11_0_ 
    from
        sales_info_user salesinfou0_ 
    where
        salesinfou0_.id=?
Hibernate: 
    select
        clothesinf0_.id as id1_2_0_,
        clothesinf0_.categoryl as category2_2_0_,
        clothesinf0_.categorys as category3_2_0_,
        clothesinf0_.fit as fit4_2_0_,
        clothesinf0_.length as length5_2_0_ 
    from
        clothes_info clothesinf0_ 
    where
        clothesinf0_.id=?
Hibernate: 
    select
        colors0_.id as id1_4_0_,
        colors0_.name as name2_4_0_ 
    from
        colors colors0_ 
    where
        colors0_.name=?
Hibernate: 
    select
        materials0_.id as id1_5_0_,
        materials0_.name as name2_5_0_ 
    from
        materials materials0_ 
    where
        materials0_.name=?
Hibernate: 
    select
        style0_.id as id1_14_0_,
        style0_.name as name2_14_0_ 
    from
        style style0_ 
    where
        style0_.name=?
Hibernate: 
    select
        salesinfoc0_.id as id1_9_0_,
        salesinfoc0_.clothes_brand as clothes_2_9_0_,
        salesinfoc0_.clothes_color as clothes_3_9_0_,
        salesinfoc0_.clothes_gender as clothes_4_9_0_,
        salesinfoc0_.clothes_size as clothes_5_9_0_ 
    from
        sales_info_clothes salesinfoc0_ 
    where
        salesinfoc0_.id=?
Hibernate: 
    select
        salesinfos0_.id as id1_10_0_,
        salesinfos0_.status_score as status_s2_10_0_,
        salesinfos0_.status_tag as status_t3_10_0_,
        salesinfos0_.status_times as status_t4_10_0_,
        salesinfos0_.status_when2buy as status_w5_10_0_,
        salesinfos0_.transport as transpor6_10_0_ 
    from
        sales_info_status salesinfos0_ 
    where
        salesinfos0_.id=?
Hibernate: 
    select
        salesinfou0_.id as id1_11_0_,
        salesinfou0_.user_height as user_hei2_11_0_,
        salesinfou0_.user_size as user_siz3_11_0_,
        salesinfou0_.user_weight as user_wei4_11_0_ 
    from
        sales_info_user salesinfou0_ 
    where
        salesinfou0_.id=?
Hibernate: 
    select
        clothesinf0_.id as id1_2_0_,
        clothesinf0_.categoryl as category2_2_0_,
        clothesinf0_.categorys as category3_2_0_,
        clothesinf0_.fit as fit4_2_0_,
        clothesinf0_.length as length5_2_0_ 
    from
        clothes_info clothesinf0_ 
    where
        clothesinf0_.id=?
Hibernate: 
    select
        colors0_.id as id1_4_0_,
        colors0_.name as name2_4_0_ 
    from
        colors colors0_ 
    where
        colors0_.name=?
Hibernate: 
    select
        materials0_.id as id1_5_0_,
        materials0_.name as name2_5_0_ 
    from
        materials materials0_ 
    where
        materials0_.name=?
Hibernate: 
    select
        style0_.id as id1_14_0_,
        style0_.name as name2_14_0_ 
    from
        style style0_ 
    where
        style0_.name=?
Hibernate: 
    select
        salesinfoc0_.id as id1_9_0_,
        salesinfoc0_.clothes_brand as clothes_2_9_0_,
        salesinfoc0_.clothes_color as clothes_3_9_0_,
        salesinfoc0_.clothes_gender as clothes_4_9_0_,
        salesinfoc0_.clothes_size as clothes_5_9_0_ 
    from
        sales_info_clothes salesinfoc0_ 
    where
        salesinfoc0_.id=?
Hibernate: 
    select
        salesinfos0_.id as id1_10_0_,
        salesinfos0_.status_score as status_s2_10_0_,
        salesinfos0_.status_tag as status_t3_10_0_,
        salesinfos0_.status_times as status_t4_10_0_,
        salesinfos0_.status_when2buy as status_w5_10_0_,
        salesinfos0_.transport as transpor6_10_0_ 
    from
        sales_info_status salesinfos0_ 
    where
        salesinfos0_.id=?
Hibernate: 
    select
        salesinfou0_.id as id1_11_0_,
        salesinfou0_.user_height as user_hei2_11_0_,
        salesinfou0_.user_size as user_siz3_11_0_,
        salesinfou0_.user_weight as user_wei4_11_0_ 
    from
        sales_info_user salesinfou0_ 
    where
        salesinfou0_.id=?
Hibernate: 
    select
        clothesinf0_.id as id1_2_0_,
        clothesinf0_.categoryl as category2_2_0_,
        clothesinf0_.categorys as category3_2_0_,
        clothesinf0_.fit as fit4_2_0_,
        clothesinf0_.length as length5_2_0_ 
    from
        clothes_info clothesinf0_ 
    where
        clothesinf0_.id=?
Hibernate: 
    select
        colors0_.id as id1_4_0_,
        colors0_.name as name2_4_0_ 
    from
        colors colors0_ 
    where
        colors0_.name=?
Hibernate: 
    select
        materials0_.id as id1_5_0_,
        materials0_.name as name2_5_0_ 
    from
        materials materials0_ 
    where
        materials0_.name=?
Hibernate: 
    select
        style0_.id as id1_14_0_,
        style0_.name as name2_14_0_ 
    from
        style style0_ 
    where
        style0_.name=?
Hibernate: 
    select
        salesinfoc0_.id as id1_9_0_,
        salesinfoc0_.clothes_brand as clothes_2_9_0_,
        salesinfoc0_.clothes_color as clothes_3_9_0_,
        salesinfoc0_.clothes_gender as clothes_4_9_0_,
        salesinfoc0_.clothes_size as clothes_5_9_0_ 
    from
        sales_info_clothes salesinfoc0_ 
    where
        salesinfoc0_.id=?
Hibernate: 
    select
        salesinfos0_.id as id1_10_0_,
        salesinfos0_.status_score as status_s2_10_0_,
        salesinfos0_.status_tag as status_t3_10_0_,
        salesinfos0_.status_times as status_t4_10_0_,
        salesinfos0_.status_when2buy as status_w5_10_0_,
        salesinfos0_.transport as transpor6_10_0_ 
    from
        sales_info_status salesinfos0_ 
    where
        salesinfos0_.id=?
Hibernate: 
    select
        salesinfou0_.id as id1_11_0_,
        salesinfou0_.user_height as user_hei2_11_0_,
        salesinfou0_.user_size as user_siz3_11_0_,
        salesinfou0_.user_weight as user_wei4_11_0_ 
    from
        sales_info_user salesinfou0_ 
    where
        salesinfou0_.id=?
Hibernate: 
    select
        clothesinf0_.id as id1_2_0_,
        clothesinf0_.categoryl as category2_2_0_,
        clothesinf0_.categorys as category3_2_0_,
        clothesinf0_.fit as fit4_2_0_,
        clothesinf0_.length as length5_2_0_ 
    from
        clothes_info clothesinf0_ 
    where
        clothesinf0_.id=?
Hibernate: 
    select
        materials0_.id as id1_5_0_,
        materials0_.name as name2_5_0_ 
    from
        materials materials0_ 
    where
        materials0_.name=?
Hibernate: 
    select
        style0_.id as id1_14_0_,
        style0_.name as name2_14_0_ 
    from
        style style0_ 
    where
        style0_.name=?
Hibernate: 
    select
        salesinfoc0_.id as id1_9_0_,
        salesinfoc0_.clothes_brand as clothes_2_9_0_,
        salesinfoc0_.clothes_color as clothes_3_9_0_,
        salesinfoc0_.clothes_gender as clothes_4_9_0_,
        salesinfoc0_.clothes_size as clothes_5_9_0_ 
    from
        sales_info_clothes salesinfoc0_ 
    where
        salesinfoc0_.id=?
Hibernate: 
    select
        salesinfos0_.id as id1_10_0_,
        salesinfos0_.status_score as status_s2_10_0_,
        salesinfos0_.status_tag as status_t3_10_0_,
        salesinfos0_.status_times as status_t4_10_0_,
        salesinfos0_.status_when2buy as status_w5_10_0_,
        salesinfos0_.transport as transpor6_10_0_ 
    from
        sales_info_status salesinfos0_ 
    where
        salesinfos0_.id=?
Hibernate: 
    select
        salesinfou0_.id as id1_11_0_,
        salesinfou0_.user_height as user_hei2_11_0_,
        salesinfou0_.user_size as user_siz3_11_0_,
        salesinfou0_.user_weight as user_wei4_11_0_ 
    from
        sales_info_user salesinfou0_ 
    where
        salesinfou0_.id=?
Hibernate: 
    select
        clothesinf0_.id as id1_2_0_,
        clothesinf0_.categoryl as category2_2_0_,
        clothesinf0_.categorys as category3_2_0_,
        clothesinf0_.fit as fit4_2_0_,
        clothesinf0_.length as length5_2_0_ 
    from
        clothes_info clothesinf0_ 
    where
        clothesinf0_.id=?
Hibernate: 
    select
        colors0_.id as id1_4_0_,
        colors0_.name as name2_4_0_ 
    from
        colors colors0_ 
    where
        colors0_.name=?
Hibernate: 
    select
        clothesima0_.id as id1_3_,
        clothesima0_.closets_post_id as closets_4_3_,
        clothesima0_.path as path2_3_,
        clothesima0_.stores_post_id as stores_p5_3_,
        clothesima0_.type as type3_3_ 
    from
        clothes_image clothesima0_
Hibernate: 
    select
        stores0_.id as id1_12_0_,
        stores0_.created_date as created_2_12_0_,
        stores0_.modified_date as modified3_12_0_,
        stores0_.author_id as author_i9_12_0_,
        stores0_.clothes_info_id as clothes10_12_0_,
        stores0_.colors_name as colors_11_12_0_,
        stores0_.materials_name as materia12_12_0_,
        stores0_.style_name as style_n13_12_0_,
        stores0_.clothes_length as clothes_4_12_0_,
        stores0_.content as content5_12_0_,
        stores0_.price as price6_12_0_,
        stores0_.sales_info_clothes_id as sales_i14_12_0_,
        stores0_.sales_info_status_id as sales_i15_12_0_,
        stores0_.sales_info_user_id as sales_i16_12_0_,
        stores0_.status as status7_12_0_,
        stores0_.title as title8_12_0_,
        members1_.id as id1_6_1_,
        members1_.email as email2_6_1_,
        members1_.image as image3_6_1_,
        members1_.name as name4_6_1_,
        members1_.nickname as nickname5_6_1_,
        members1_.password as password6_6_1_,
        members1_.phone as phone7_6_1_,
        members1_.refresh_token as refresh_8_6_1_,
        members1_.role as role9_6_1_,
        clothesinf2_.id as id1_2_2_,
        clothesinf2_.categoryl as category2_2_2_,
        clothesinf2_.categorys as category3_2_2_,
        clothesinf2_.fit as fit4_2_2_,
        clothesinf2_.length as length5_2_2_,
        colors3_.id as id1_4_3_,
        colors3_.name as name2_4_3_,
        materials4_.id as id1_5_4_,
        materials4_.name as name2_5_4_,
        style5_.id as id1_14_5_,
        style5_.name as name2_14_5_,
        salesinfoc6_.id as id1_9_6_,
        salesinfoc6_.clothes_brand as clothes_2_9_6_,
        salesinfoc6_.clothes_color as clothes_3_9_6_,
        salesinfoc6_.clothes_gender as clothes_4_9_6_,
        salesinfoc6_.clothes_size as clothes_5_9_6_,
        salesinfos7_.id as id1_10_7_,
        salesinfos7_.status_score as status_s2_10_7_,
        salesinfos7_.status_tag as status_t3_10_7_,
        salesinfos7_.status_times as status_t4_10_7_,
        salesinfos7_.status_when2buy as status_w5_10_7_,
        salesinfos7_.transport as transpor6_10_7_,
        salesinfou8_.id as id1_11_8_,
        salesinfou8_.user_height as user_hei2_11_8_,
        salesinfou8_.user_size as user_siz3_11_8_,
        salesinfou8_.user_weight as user_wei4_11_8_ 
    from
        stores stores0_ 
    left outer join
        members members1_ 
            on stores0_.author_id=members1_.id 
    left outer join
        clothes_info clothesinf2_ 
            on stores0_.clothes_info_id=clothesinf2_.id 
    left outer join
        colors colors3_ 
            on stores0_.colors_name=colors3_.name 
    left outer join
        materials materials4_ 
            on stores0_.materials_name=materials4_.name 
    left outer join
        style style5_ 
            on stores0_.style_name=style5_.name 
    left outer join
        sales_info_clothes salesinfoc6_ 
            on stores0_.sales_info_clothes_id=salesinfoc6_.id 
    left outer join
        sales_info_status salesinfos7_ 
            on stores0_.sales_info_status_id=salesinfos7_.id 
    left outer join
        sales_info_user salesinfou8_ 
            on stores0_.sales_info_user_id=salesinfou8_.id 
    where
        stores0_.id=?
Hibernate: 
    select
        stores0_.id as id1_12_0_,
        stores0_.created_date as created_2_12_0_,
        stores0_.modified_date as modified3_12_0_,
        stores0_.author_id as author_i9_12_0_,
        stores0_.clothes_info_id as clothes10_12_0_,
        stores0_.colors_name as colors_11_12_0_,
        stores0_.materials_name as materia12_12_0_,
        stores0_.style_name as style_n13_12_0_,
        stores0_.clothes_length as clothes_4_12_0_,
        stores0_.content as content5_12_0_,
        stores0_.price as price6_12_0_,
        stores0_.sales_info_clothes_id as sales_i14_12_0_,
        stores0_.sales_info_status_id as sales_i15_12_0_,
        stores0_.sales_info_user_id as sales_i16_12_0_,
        stores0_.status as status7_12_0_,
        stores0_.title as title8_12_0_,
        members1_.id as id1_6_1_,
        members1_.email as email2_6_1_,
        members1_.image as image3_6_1_,
        members1_.name as name4_6_1_,
        members1_.nickname as nickname5_6_1_,
        members1_.password as password6_6_1_,
        members1_.phone as phone7_6_1_,
        members1_.refresh_token as refresh_8_6_1_,
        members1_.role as role9_6_1_,
        clothesinf2_.id as id1_2_2_,
        clothesinf2_.categoryl as category2_2_2_,
        clothesinf2_.categorys as category3_2_2_,
        clothesinf2_.fit as fit4_2_2_,
        clothesinf2_.length as length5_2_2_,
        colors3_.id as id1_4_3_,
        colors3_.name as name2_4_3_,
        materials4_.id as id1_5_4_,
        materials4_.name as name2_5_4_,
        style5_.id as id1_14_5_,
        style5_.name as name2_14_5_,
        salesinfoc6_.id as id1_9_6_,
        salesinfoc6_.clothes_brand as clothes_2_9_6_,
        salesinfoc6_.clothes_color as clothes_3_9_6_,
        salesinfoc6_.clothes_gender as clothes_4_9_6_,
        salesinfoc6_.clothes_size as clothes_5_9_6_,
        salesinfos7_.id as id1_10_7_,
        salesinfos7_.status_score as status_s2_10_7_,
        salesinfos7_.status_tag as status_t3_10_7_,
        salesinfos7_.status_times as status_t4_10_7_,
        salesinfos7_.status_when2buy as status_w5_10_7_,
        salesinfos7_.transport as transpor6_10_7_,
        salesinfou8_.id as id1_11_8_,
        salesinfou8_.user_height as user_hei2_11_8_,
        salesinfou8_.user_size as user_siz3_11_8_,
        salesinfou8_.user_weight as user_wei4_11_8_ 
    from
        stores stores0_ 
    left outer join
        members members1_ 
            on stores0_.author_id=members1_.id 
    left outer join
        clothes_info clothesinf2_ 
            on stores0_.clothes_info_id=clothesinf2_.id 
    left outer join
        colors colors3_ 
            on stores0_.colors_name=colors3_.name 
    left outer join
        materials materials4_ 
            on stores0_.materials_name=materials4_.name 
    left outer join
        style style5_ 
            on stores0_.style_name=style5_.name 
    left outer join
        sales_info_clothes salesinfoc6_ 
            on stores0_.sales_info_clothes_id=salesinfoc6_.id 
    left outer join
        sales_info_status salesinfos7_ 
            on stores0_.sales_info_status_id=salesinfos7_.id 
    left outer join
        sales_info_user salesinfou8_ 
            on stores0_.sales_info_user_id=salesinfou8_.id 
    where
        stores0_.id=?
Hibernate: 
    select
        stores0_.id as id1_12_0_,
        stores0_.created_date as created_2_12_0_,
        stores0_.modified_date as modified3_12_0_,
        stores0_.author_id as author_i9_12_0_,
        stores0_.clothes_info_id as clothes10_12_0_,
        stores0_.colors_name as colors_11_12_0_,
        stores0_.materials_name as materia12_12_0_,
        stores0_.style_name as style_n13_12_0_,
        stores0_.clothes_length as clothes_4_12_0_,
        stores0_.content as content5_12_0_,
        stores0_.price as price6_12_0_,
        stores0_.sales_info_clothes_id as sales_i14_12_0_,
        stores0_.sales_info_status_id as sales_i15_12_0_,
        stores0_.sales_info_user_id as sales_i16_12_0_,
        stores0_.status as status7_12_0_,
        stores0_.title as title8_12_0_,
        members1_.id as id1_6_1_,
        members1_.email as email2_6_1_,
        members1_.image as image3_6_1_,
        members1_.name as name4_6_1_,
        members1_.nickname as nickname5_6_1_,
        members1_.password as password6_6_1_,
        members1_.phone as phone7_6_1_,
        members1_.refresh_token as refresh_8_6_1_,
        members1_.role as role9_6_1_,
        clothesinf2_.id as id1_2_2_,
        clothesinf2_.categoryl as category2_2_2_,
        clothesinf2_.categorys as category3_2_2_,
        clothesinf2_.fit as fit4_2_2_,
        clothesinf2_.length as length5_2_2_,
        colors3_.id as id1_4_3_,
        colors3_.name as name2_4_3_,
        materials4_.id as id1_5_4_,
        materials4_.name as name2_5_4_,
        style5_.id as id1_14_5_,
        style5_.name as name2_14_5_,
        salesinfoc6_.id as id1_9_6_,
        salesinfoc6_.clothes_brand as clothes_2_9_6_,
        salesinfoc6_.clothes_color as clothes_3_9_6_,
        salesinfoc6_.clothes_gender as clothes_4_9_6_,
        salesinfoc6_.clothes_size as clothes_5_9_6_,
        salesinfos7_.id as id1_10_7_,
        salesinfos7_.status_score as status_s2_10_7_,
        salesinfos7_.status_tag as status_t3_10_7_,
        salesinfos7_.status_times as status_t4_10_7_,
        salesinfos7_.status_when2buy as status_w5_10_7_,
        salesinfos7_.transport as transpor6_10_7_,
        salesinfou8_.id as id1_11_8_,
        salesinfou8_.user_height as user_hei2_11_8_,
        salesinfou8_.user_size as user_siz3_11_8_,
        salesinfou8_.user_weight as user_wei4_11_8_ 
    from
        stores stores0_ 
    left outer join
        members members1_ 
            on stores0_.author_id=members1_.id 
    left outer join
        clothes_info clothesinf2_ 
            on stores0_.clothes_info_id=clothesinf2_.id 
    left outer join
        colors colors3_ 
            on stores0_.colors_name=colors3_.name 
    left outer join
        materials materials4_ 
            on stores0_.materials_name=materials4_.name 
    left outer join
        style style5_ 
            on stores0_.style_name=style5_.name 
    left outer join
        sales_info_clothes salesinfoc6_ 
            on stores0_.sales_info_clothes_id=salesinfoc6_.id 
    left outer join
        sales_info_status salesinfos7_ 
            on stores0_.sales_info_status_id=salesinfos7_.id 
    left outer join
        sales_info_user salesinfou8_ 
            on stores0_.sales_info_user_id=salesinfou8_.id 
    where
        stores0_.id=?
Hibernate: 
    select
        stores0_.id as id1_12_0_,
        stores0_.created_date as created_2_12_0_,
        stores0_.modified_date as modified3_12_0_,
        stores0_.author_id as author_i9_12_0_,
        stores0_.clothes_info_id as clothes10_12_0_,
        stores0_.colors_name as colors_11_12_0_,
        stores0_.materials_name as materia12_12_0_,
        stores0_.style_name as style_n13_12_0_,
        stores0_.clothes_length as clothes_4_12_0_,
        stores0_.content as content5_12_0_,
        stores0_.price as price6_12_0_,
        stores0_.sales_info_clothes_id as sales_i14_12_0_,
        stores0_.sales_info_status_id as sales_i15_12_0_,
        stores0_.sales_info_user_id as sales_i16_12_0_,
        stores0_.status as status7_12_0_,
        stores0_.title as title8_12_0_,
        members1_.id as id1_6_1_,
        members1_.email as email2_6_1_,
        members1_.image as image3_6_1_,
        members1_.name as name4_6_1_,
        members1_.nickname as nickname5_6_1_,
        members1_.password as password6_6_1_,
        members1_.phone as phone7_6_1_,
        members1_.refresh_token as refresh_8_6_1_,
        members1_.role as role9_6_1_,
        clothesinf2_.id as id1_2_2_,
        clothesinf2_.categoryl as category2_2_2_,
        clothesinf2_.categorys as category3_2_2_,
        clothesinf2_.fit as fit4_2_2_,
        clothesinf2_.length as length5_2_2_,
        colors3_.id as id1_4_3_,
        colors3_.name as name2_4_3_,
        materials4_.id as id1_5_4_,
        materials4_.name as name2_5_4_,
        style5_.id as id1_14_5_,
        style5_.name as name2_14_5_,
        salesinfoc6_.id as id1_9_6_,
        salesinfoc6_.clothes_brand as clothes_2_9_6_,
        salesinfoc6_.clothes_color as clothes_3_9_6_,
        salesinfoc6_.clothes_gender as clothes_4_9_6_,
        salesinfoc6_.clothes_size as clothes_5_9_6_,
        salesinfos7_.id as id1_10_7_,
        salesinfos7_.status_score as status_s2_10_7_,
        salesinfos7_.status_tag as status_t3_10_7_,
        salesinfos7_.status_times as status_t4_10_7_,
        salesinfos7_.status_when2buy as status_w5_10_7_,
        salesinfos7_.transport as transpor6_10_7_,
        salesinfou8_.id as id1_11_8_,
        salesinfou8_.user_height as user_hei2_11_8_,
        salesinfou8_.user_size as user_siz3_11_8_,
        salesinfou8_.user_weight as user_wei4_11_8_ 
    from
        stores stores0_ 
    left outer join
        members members1_ 
            on stores0_.author_id=members1_.id 
    left outer join
        clothes_info clothesinf2_ 
            on stores0_.clothes_info_id=clothesinf2_.id 
    left outer join
        colors colors3_ 
            on stores0_.colors_name=colors3_.name 
    left outer join
        materials materials4_ 
            on stores0_.materials_name=materials4_.name 
    left outer join
        style style5_ 
            on stores0_.style_name=style5_.name 
    left outer join
        sales_info_clothes salesinfoc6_ 
            on stores0_.sales_info_clothes_id=salesinfoc6_.id 
    left outer join
        sales_info_status salesinfos7_ 
            on stores0_.sales_info_status_id=salesinfos7_.id 
    left outer join
        sales_info_user salesinfou8_ 
            on stores0_.sales_info_user_id=salesinfou8_.id 
    where
        stores0_.id=?
Hibernate: 
    select
        stores0_.id as id1_12_0_,
        stores0_.created_date as created_2_12_0_,
        stores0_.modified_date as modified3_12_0_,
        stores0_.author_id as author_i9_12_0_,
        stores0_.clothes_info_id as clothes10_12_0_,
        stores0_.colors_name as colors_11_12_0_,
        stores0_.materials_name as materia12_12_0_,
        stores0_.style_name as style_n13_12_0_,
        stores0_.clothes_length as clothes_4_12_0_,
        stores0_.content as content5_12_0_,
        stores0_.price as price6_12_0_,
        stores0_.sales_info_clothes_id as sales_i14_12_0_,
        stores0_.sales_info_status_id as sales_i15_12_0_,
        stores0_.sales_info_user_id as sales_i16_12_0_,
        stores0_.status as status7_12_0_,
        stores0_.title as title8_12_0_,
        members1_.id as id1_6_1_,
        members1_.email as email2_6_1_,
        members1_.image as image3_6_1_,
        members1_.name as name4_6_1_,
        members1_.nickname as nickname5_6_1_,
        members1_.password as password6_6_1_,
        members1_.phone as phone7_6_1_,
        members1_.refresh_token as refresh_8_6_1_,
        members1_.role as role9_6_1_,
        clothesinf2_.id as id1_2_2_,
        clothesinf2_.categoryl as category2_2_2_,
        clothesinf2_.categorys as category3_2_2_,
        clothesinf2_.fit as fit4_2_2_,
        clothesinf2_.length as length5_2_2_,
        colors3_.id as id1_4_3_,
        colors3_.name as name2_4_3_,
        materials4_.id as id1_5_4_,
        materials4_.name as name2_5_4_,
        style5_.id as id1_14_5_,
        style5_.name as name2_14_5_,
        salesinfoc6_.id as id1_9_6_,
        salesinfoc6_.clothes_brand as clothes_2_9_6_,
        salesinfoc6_.clothes_color as clothes_3_9_6_,
        salesinfoc6_.clothes_gender as clothes_4_9_6_,
        salesinfoc6_.clothes_size as clothes_5_9_6_,
        salesinfos7_.id as id1_10_7_,
        salesinfos7_.status_score as status_s2_10_7_,
        salesinfos7_.status_tag as status_t3_10_7_,
        salesinfos7_.status_times as status_t4_10_7_,
        salesinfos7_.status_when2buy as status_w5_10_7_,
        salesinfos7_.transport as transpor6_10_7_,
        salesinfou8_.id as id1_11_8_,
        salesinfou8_.user_height as user_hei2_11_8_,
        salesinfou8_.user_size as user_siz3_11_8_,
        salesinfou8_.user_weight as user_wei4_11_8_ 
    from
        stores stores0_ 
    left outer join
        members members1_ 
            on stores0_.author_id=members1_.id 
    left outer join
        clothes_info clothesinf2_ 
            on stores0_.clothes_info_id=clothesinf2_.id 
    left outer join
        colors colors3_ 
            on stores0_.colors_name=colors3_.name 
    left outer join
        materials materials4_ 
            on stores0_.materials_name=materials4_.name 
    left outer join
        style style5_ 
            on stores0_.style_name=style5_.name 
    left outer join
        sales_info_clothes salesinfoc6_ 
            on stores0_.sales_info_clothes_id=salesinfoc6_.id 
    left outer join
        sales_info_status salesinfos7_ 
            on stores0_.sales_info_status_id=salesinfos7_.id 
    left outer join
        sales_info_user salesinfou8_ 
            on stores0_.sales_info_user_id=salesinfou8_.id 
    where
        stores0_.id=?
Hibernate: 
    select
        stores0_.id as id1_12_0_,
        stores0_.created_date as created_2_12_0_,
        stores0_.modified_date as modified3_12_0_,
        stores0_.author_id as author_i9_12_0_,
        stores0_.clothes_info_id as clothes10_12_0_,
        stores0_.colors_name as colors_11_12_0_,
        stores0_.materials_name as materia12_12_0_,
        stores0_.style_name as style_n13_12_0_,
        stores0_.clothes_length as clothes_4_12_0_,
        stores0_.content as content5_12_0_,
        stores0_.price as price6_12_0_,
        stores0_.sales_info_clothes_id as sales_i14_12_0_,
        stores0_.sales_info_status_id as sales_i15_12_0_,
        stores0_.sales_info_user_id as sales_i16_12_0_,
        stores0_.status as status7_12_0_,
        stores0_.title as title8_12_0_,
        members1_.id as id1_6_1_,
        members1_.email as email2_6_1_,
        members1_.image as image3_6_1_,
        members1_.name as name4_6_1_,
        members1_.nickname as nickname5_6_1_,
        members1_.password as password6_6_1_,
        members1_.phone as phone7_6_1_,
        members1_.refresh_token as refresh_8_6_1_,
        members1_.role as role9_6_1_,
        clothesinf2_.id as id1_2_2_,
        clothesinf2_.categoryl as category2_2_2_,
        clothesinf2_.categorys as category3_2_2_,
        clothesinf2_.fit as fit4_2_2_,
        clothesinf2_.length as length5_2_2_,
        colors3_.id as id1_4_3_,
        colors3_.name as name2_4_3_,
        materials4_.id as id1_5_4_,
        materials4_.name as name2_5_4_,
        style5_.id as id1_14_5_,
        style5_.name as name2_14_5_,
        salesinfoc6_.id as id1_9_6_,
        salesinfoc6_.clothes_brand as clothes_2_9_6_,
        salesinfoc6_.clothes_color as clothes_3_9_6_,
        salesinfoc6_.clothes_gender as clothes_4_9_6_,
        salesinfoc6_.clothes_size as clothes_5_9_6_,
        salesinfos7_.id as id1_10_7_,
        salesinfos7_.status_score as status_s2_10_7_,
        salesinfos7_.status_tag as status_t3_10_7_,
        salesinfos7_.status_times as status_t4_10_7_,
        salesinfos7_.status_when2buy as status_w5_10_7_,
        salesinfos7_.transport as transpor6_10_7_,
        salesinfou8_.id as id1_11_8_,
        salesinfou8_.user_height as user_hei2_11_8_,
        salesinfou8_.user_size as user_siz3_11_8_,
        salesinfou8_.user_weight as user_wei4_11_8_ 
    from
        stores stores0_ 
    left outer join
        members members1_ 
            on stores0_.author_id=members1_.id 
    left outer join
        clothes_info clothesinf2_ 
            on stores0_.clothes_info_id=clothesinf2_.id 
    left outer join
        colors colors3_ 
            on stores0_.colors_name=colors3_.name 
    left outer join
        materials materials4_ 
            on stores0_.materials_name=materials4_.name 
    left outer join
        style style5_ 
            on stores0_.style_name=style5_.name 
    left outer join
        sales_info_clothes salesinfoc6_ 
            on stores0_.sales_info_clothes_id=salesinfoc6_.id 
    left outer join
        sales_info_status salesinfos7_ 
            on stores0_.sales_info_status_id=salesinfos7_.id 
    left outer join
        sales_info_user salesinfou8_ 
            on stores0_.sales_info_user_id=salesinfou8_.id 
    where
        stores0_.id=?
Hibernate: 
    select
        stores0_.id as id1_12_0_,
        stores0_.created_date as created_2_12_0_,
        stores0_.modified_date as modified3_12_0_,
        stores0_.author_id as author_i9_12_0_,
        stores0_.clothes_info_id as clothes10_12_0_,
        stores0_.colors_name as colors_11_12_0_,
        stores0_.materials_name as materia12_12_0_,
        stores0_.style_name as style_n13_12_0_,
        stores0_.clothes_length as clothes_4_12_0_,
        stores0_.content as content5_12_0_,
        stores0_.price as price6_12_0_,
        stores0_.sales_info_clothes_id as sales_i14_12_0_,
        stores0_.sales_info_status_id as sales_i15_12_0_,
        stores0_.sales_info_user_id as sales_i16_12_0_,
        stores0_.status as status7_12_0_,
        stores0_.title as title8_12_0_,
        members1_.id as id1_6_1_,
        members1_.email as email2_6_1_,
        members1_.image as image3_6_1_,
        members1_.name as name4_6_1_,
        members1_.nickname as nickname5_6_1_,
        members1_.password as password6_6_1_,
        members1_.phone as phone7_6_1_,
        members1_.refresh_token as refresh_8_6_1_,
        members1_.role as role9_6_1_,
        clothesinf2_.id as id1_2_2_,
        clothesinf2_.categoryl as category2_2_2_,
        clothesinf2_.categorys as category3_2_2_,
        clothesinf2_.fit as fit4_2_2_,
        clothesinf2_.length as length5_2_2_,
        colors3_.id as id1_4_3_,
        colors3_.name as name2_4_3_,
        materials4_.id as id1_5_4_,
        materials4_.name as name2_5_4_,
        style5_.id as id1_14_5_,
        style5_.name as name2_14_5_,
        salesinfoc6_.id as id1_9_6_,
        salesinfoc6_.clothes_brand as clothes_2_9_6_,
        salesinfoc6_.clothes_color as clothes_3_9_6_,
        salesinfoc6_.clothes_gender as clothes_4_9_6_,
        salesinfoc6_.clothes_size as clothes_5_9_6_,
        salesinfos7_.id as id1_10_7_,
        salesinfos7_.status_score as status_s2_10_7_,
        salesinfos7_.status_tag as status_t3_10_7_,
        salesinfos7_.status_times as status_t4_10_7_,
        salesinfos7_.status_when2buy as status_w5_10_7_,
        salesinfos7_.transport as transpor6_10_7_,
        salesinfou8_.id as id1_11_8_,
        salesinfou8_.user_height as user_hei2_11_8_,
        salesinfou8_.user_size as user_siz3_11_8_,
        salesinfou8_.user_weight as user_wei4_11_8_ 
    from
        stores stores0_ 
    left outer join
        members members1_ 
            on stores0_.author_id=members1_.id 
    left outer join
        clothes_info clothesinf2_ 
            on stores0_.clothes_info_id=clothesinf2_.id 
    left outer join
        colors colors3_ 
            on stores0_.colors_name=colors3_.name 
    left outer join
        materials materials4_ 
            on stores0_.materials_name=materials4_.name 
    left outer join
        style style5_ 
            on stores0_.style_name=style5_.name 
    left outer join
        sales_info_clothes salesinfoc6_ 
            on stores0_.sales_info_clothes_id=salesinfoc6_.id 
    left outer join
        sales_info_status salesinfos7_ 
            on stores0_.sales_info_status_id=salesinfos7_.id 
    left outer join
        sales_info_user salesinfou8_ 
            on stores0_.sales_info_user_id=salesinfou8_.id 
    where
        stores0_.id=?
Hibernate: 
    select
        stores0_.id as id1_12_0_,
        stores0_.created_date as created_2_12_0_,
        stores0_.modified_date as modified3_12_0_,
        stores0_.author_id as author_i9_12_0_,
        stores0_.clothes_info_id as clothes10_12_0_,
        stores0_.colors_name as colors_11_12_0_,
        stores0_.materials_name as materia12_12_0_,
        stores0_.style_name as style_n13_12_0_,
        stores0_.clothes_length as clothes_4_12_0_,
        stores0_.content as content5_12_0_,
        stores0_.price as price6_12_0_,
        stores0_.sales_info_clothes_id as sales_i14_12_0_,
        stores0_.sales_info_status_id as sales_i15_12_0_,
        stores0_.sales_info_user_id as sales_i16_12_0_,
        stores0_.status as status7_12_0_,
        stores0_.title as title8_12_0_,
        members1_.id as id1_6_1_,
        members1_.email as email2_6_1_,
        members1_.image as image3_6_1_,
        members1_.name as name4_6_1_,
        members1_.nickname as nickname5_6_1_,
        members1_.password as password6_6_1_,
        members1_.phone as phone7_6_1_,
        members1_.refresh_token as refresh_8_6_1_,
        members1_.role as role9_6_1_,
        clothesinf2_.id as id1_2_2_,
        clothesinf2_.categoryl as category2_2_2_,
        clothesinf2_.categorys as category3_2_2_,
        clothesinf2_.fit as fit4_2_2_,
        clothesinf2_.length as length5_2_2_,
        colors3_.id as id1_4_3_,
        colors3_.name as name2_4_3_,
        materials4_.id as id1_5_4_,
        materials4_.name as name2_5_4_,
        style5_.id as id1_14_5_,
        style5_.name as name2_14_5_,
        salesinfoc6_.id as id1_9_6_,
        salesinfoc6_.clothes_brand as clothes_2_9_6_,
        salesinfoc6_.clothes_color as clothes_3_9_6_,
        salesinfoc6_.clothes_gender as clothes_4_9_6_,
        salesinfoc6_.clothes_size as clothes_5_9_6_,
        salesinfos7_.id as id1_10_7_,
        salesinfos7_.status_score as status_s2_10_7_,
        salesinfos7_.status_tag as status_t3_10_7_,
        salesinfos7_.status_times as status_t4_10_7_,
        salesinfos7_.status_when2buy as status_w5_10_7_,
        salesinfos7_.transport as transpor6_10_7_,
        salesinfou8_.id as id1_11_8_,
        salesinfou8_.user_height as user_hei2_11_8_,
        salesinfou8_.user_size as user_siz3_11_8_,
        salesinfou8_.user_weight as user_wei4_11_8_ 
    from
        stores stores0_ 
    left outer join
        members members1_ 
            on stores0_.author_id=members1_.id 
    left outer join
        clothes_info clothesinf2_ 
            on stores0_.clothes_info_id=clothesinf2_.id 
    left outer join
        colors colors3_ 
            on stores0_.colors_name=colors3_.name 
    left outer join
        materials materials4_ 
            on stores0_.materials_name=materials4_.name 
    left outer join
        style style5_ 
            on stores0_.style_name=style5_.name 
    left outer join
        sales_info_clothes salesinfoc6_ 
            on stores0_.sales_info_clothes_id=salesinfoc6_.id 
    left outer join
        sales_info_status salesinfos7_ 
            on stores0_.sales_info_status_id=salesinfos7_.id 
    left outer join
        sales_info_user salesinfou8_ 
            on stores0_.sales_info_user_id=salesinfou8_.id 
    where
        stores0_.id=?
Hibernate: 
    select
        stores0_.id as id1_12_0_,
        stores0_.created_date as created_2_12_0_,
        stores0_.modified_date as modified3_12_0_,
        stores0_.author_id as author_i9_12_0_,
        stores0_.clothes_info_id as clothes10_12_0_,
        stores0_.colors_name as colors_11_12_0_,
        stores0_.materials_name as materia12_12_0_,
        stores0_.style_name as style_n13_12_0_,
        stores0_.clothes_length as clothes_4_12_0_,
        stores0_.content as content5_12_0_,
        stores0_.price as price6_12_0_,
        stores0_.sales_info_clothes_id as sales_i14_12_0_,
        stores0_.sales_info_status_id as sales_i15_12_0_,
        stores0_.sales_info_user_id as sales_i16_12_0_,
        stores0_.status as status7_12_0_,
        stores0_.title as title8_12_0_,
        members1_.id as id1_6_1_,
        members1_.email as email2_6_1_,
        members1_.image as image3_6_1_,
        members1_.name as name4_6_1_,
        members1_.nickname as nickname5_6_1_,
        members1_.password as password6_6_1_,
        members1_.phone as phone7_6_1_,
        members1_.refresh_token as refresh_8_6_1_,
        members1_.role as role9_6_1_,
        clothesinf2_.id as id1_2_2_,
        clothesinf2_.categoryl as category2_2_2_,
        clothesinf2_.categorys as category3_2_2_,
        clothesinf2_.fit as fit4_2_2_,
        clothesinf2_.length as length5_2_2_,
        colors3_.id as id1_4_3_,
        colors3_.name as name2_4_3_,
        materials4_.id as id1_5_4_,
        materials4_.name as name2_5_4_,
        style5_.id as id1_14_5_,
        style5_.name as name2_14_5_,
        salesinfoc6_.id as id1_9_6_,
        salesinfoc6_.clothes_brand as clothes_2_9_6_,
        salesinfoc6_.clothes_color as clothes_3_9_6_,
        salesinfoc6_.clothes_gender as clothes_4_9_6_,
        salesinfoc6_.clothes_size as clothes_5_9_6_,
        salesinfos7_.id as id1_10_7_,
        salesinfos7_.status_score as status_s2_10_7_,
        salesinfos7_.status_tag as status_t3_10_7_,
        salesinfos7_.status_times as status_t4_10_7_,
        salesinfos7_.status_when2buy as status_w5_10_7_,
        salesinfos7_.transport as transpor6_10_7_,
        salesinfou8_.id as id1_11_8_,
        salesinfou8_.user_height as user_hei2_11_8_,
        salesinfou8_.user_size as user_siz3_11_8_,
        salesinfou8_.user_weight as user_wei4_11_8_ 
    from
        stores stores0_ 
    left outer join
        members members1_ 
            on stores0_.author_id=members1_.id 
    left outer join
        clothes_info clothesinf2_ 
            on stores0_.clothes_info_id=clothesinf2_.id 
    left outer join
        colors colors3_ 
            on stores0_.colors_name=colors3_.name 
    left outer join
        materials materials4_ 
            on stores0_.materials_name=materials4_.name 
    left outer join
        style style5_ 
            on stores0_.style_name=style5_.name 
    left outer join
        sales_info_clothes salesinfoc6_ 
            on stores0_.sales_info_clothes_id=salesinfoc6_.id 
    left outer join
        sales_info_status salesinfos7_ 
            on stores0_.sales_info_status_id=salesinfos7_.id 
    left outer join
        sales_info_user salesinfou8_ 
            on stores0_.sales_info_user_id=salesinfou8_.id 
    where
        stores0_.id=?
Hibernate: 
    select
        stores0_.id as id1_12_0_,
        stores0_.created_date as created_2_12_0_,
        stores0_.modified_date as modified3_12_0_,
        stores0_.author_id as author_i9_12_0_,
        stores0_.clothes_info_id as clothes10_12_0_,
        stores0_.colors_name as colors_11_12_0_,
        stores0_.materials_name as materia12_12_0_,
        stores0_.style_name as style_n13_12_0_,
        stores0_.clothes_length as clothes_4_12_0_,
        stores0_.content as content5_12_0_,
        stores0_.price as price6_12_0_,
        stores0_.sales_info_clothes_id as sales_i14_12_0_,
        stores0_.sales_info_status_id as sales_i15_12_0_,
        stores0_.sales_info_user_id as sales_i16_12_0_,
        stores0_.status as status7_12_0_,
        stores0_.title as title8_12_0_,
        members1_.id as id1_6_1_,
        members1_.email as email2_6_1_,
        members1_.image as image3_6_1_,
        members1_.name as name4_6_1_,
        members1_.nickname as nickname5_6_1_,
        members1_.password as password6_6_1_,
        members1_.phone as phone7_6_1_,
        members1_.refresh_token as refresh_8_6_1_,
        members1_.role as role9_6_1_,
        clothesinf2_.id as id1_2_2_,
        clothesinf2_.categoryl as category2_2_2_,
        clothesinf2_.categorys as category3_2_2_,
        clothesinf2_.fit as fit4_2_2_,
        clothesinf2_.length as length5_2_2_,
        colors3_.id as id1_4_3_,
        colors3_.name as name2_4_3_,
        materials4_.id as id1_5_4_,
        materials4_.name as name2_5_4_,
        style5_.id as id1_14_5_,
        style5_.name as name2_14_5_,
        salesinfoc6_.id as id1_9_6_,
        salesinfoc6_.clothes_brand as clothes_2_9_6_,
        salesinfoc6_.clothes_color as clothes_3_9_6_,
        salesinfoc6_.clothes_gender as clothes_4_9_6_,
        salesinfoc6_.clothes_size as clothes_5_9_6_,
        salesinfos7_.id as id1_10_7_,
        salesinfos7_.status_score as status_s2_10_7_,
        salesinfos7_.status_tag as status_t3_10_7_,
        salesinfos7_.status_times as status_t4_10_7_,
        salesinfos7_.status_when2buy as status_w5_10_7_,
        salesinfos7_.transport as transpor6_10_7_,
        salesinfou8_.id as id1_11_8_,
        salesinfou8_.user_height as user_hei2_11_8_,
        salesinfou8_.user_size as user_siz3_11_8_,
        salesinfou8_.user_weight as user_wei4_11_8_ 
    from
        stores stores0_ 
    left outer join
        members members1_ 
            on stores0_.author_id=members1_.id 
    left outer join
        clothes_info clothesinf2_ 
            on stores0_.clothes_info_id=clothesinf2_.id 
    left outer join
        colors colors3_ 
            on stores0_.colors_name=colors3_.name 
    left outer join
        materials materials4_ 
            on stores0_.materials_name=materials4_.name 
    left outer join
        style style5_ 
            on stores0_.style_name=style5_.name 
    left outer join
        sales_info_clothes salesinfoc6_ 
            on stores0_.sales_info_clothes_id=salesinfoc6_.id 
    left outer join
        sales_info_status salesinfos7_ 
            on stores0_.sales_info_status_id=salesinfos7_.id 
    left outer join
        sales_info_user salesinfou8_ 
            on stores0_.sales_info_user_id=salesinfou8_.id 
    where
        stores0_.id=?
Hibernate: 
    select
        stores0_.id as id1_12_0_,
        stores0_.created_date as created_2_12_0_,
        stores0_.modified_date as modified3_12_0_,
        stores0_.author_id as author_i9_12_0_,
        stores0_.clothes_info_id as clothes10_12_0_,
        stores0_.colors_name as colors_11_12_0_,
        stores0_.materials_name as materia12_12_0_,
        stores0_.style_name as style_n13_12_0_,
        stores0_.clothes_length as clothes_4_12_0_,
        stores0_.content as content5_12_0_,
        stores0_.price as price6_12_0_,
        stores0_.sales_info_clothes_id as sales_i14_12_0_,
        stores0_.sales_info_status_id as sales_i15_12_0_,
        stores0_.sales_info_user_id as sales_i16_12_0_,
        stores0_.status as status7_12_0_,
        stores0_.title as title8_12_0_,
        members1_.id as id1_6_1_,
        members1_.email as email2_6_1_,
        members1_.image as image3_6_1_,
        members1_.name as name4_6_1_,
        members1_.nickname as nickname5_6_1_,
        members1_.password as password6_6_1_,
        members1_.phone as phone7_6_1_,
        members1_.refresh_token as refresh_8_6_1_,
        members1_.role as role9_6_1_,
        clothesinf2_.id as id1_2_2_,
        clothesinf2_.categoryl as category2_2_2_,
        clothesinf2_.categorys as category3_2_2_,
        clothesinf2_.fit as fit4_2_2_,
        clothesinf2_.length as length5_2_2_,
        colors3_.id as id1_4_3_,
        colors3_.name as name2_4_3_,
        materials4_.id as id1_5_4_,
        materials4_.name as name2_5_4_,
        style5_.id as id1_14_5_,
        style5_.name as name2_14_5_,
        salesinfoc6_.id as id1_9_6_,
        salesinfoc6_.clothes_brand as clothes_2_9_6_,
        salesinfoc6_.clothes_color as clothes_3_9_6_,
        salesinfoc6_.clothes_gender as clothes_4_9_6_,
        salesinfoc6_.clothes_size as clothes_5_9_6_,
        salesinfos7_.id as id1_10_7_,
        salesinfos7_.status_score as status_s2_10_7_,
        salesinfos7_.status_tag as status_t3_10_7_,
        salesinfos7_.status_times as status_t4_10_7_,
        salesinfos7_.status_when2buy as status_w5_10_7_,
        salesinfos7_.transport as transpor6_10_7_,
        salesinfou8_.id as id1_11_8_,
        salesinfou8_.user_height as user_hei2_11_8_,
        salesinfou8_.user_size as user_siz3_11_8_,
        salesinfou8_.user_weight as user_wei4_11_8_ 
    from
        stores stores0_ 
    left outer join
        members members1_ 
            on stores0_.author_id=members1_.id 
    left outer join
        clothes_info clothesinf2_ 
            on stores0_.clothes_info_id=clothesinf2_.id 
    left outer join
        colors colors3_ 
            on stores0_.colors_name=colors3_.name 
    left outer join
        materials materials4_ 
            on stores0_.materials_name=materials4_.name 
    left outer join
        style style5_ 
            on stores0_.style_name=style5_.name 
    left outer join
        sales_info_clothes salesinfoc6_ 
            on stores0_.sales_info_clothes_id=salesinfoc6_.id 
    left outer join
        sales_info_status salesinfos7_ 
            on stores0_.sales_info_status_id=salesinfos7_.id 
    left outer join
        sales_info_user salesinfou8_ 
            on stores0_.sales_info_user_id=salesinfou8_.id 
    where
        stores0_.id=?
Hibernate: 
    select
        stores0_.id as id1_12_0_,
        stores0_.created_date as created_2_12_0_,
        stores0_.modified_date as modified3_12_0_,
        stores0_.author_id as author_i9_12_0_,
        stores0_.clothes_info_id as clothes10_12_0_,
        stores0_.colors_name as colors_11_12_0_,
        stores0_.materials_name as materia12_12_0_,
        stores0_.style_name as style_n13_12_0_,
        stores0_.clothes_length as clothes_4_12_0_,
        stores0_.content as content5_12_0_,
        stores0_.price as price6_12_0_,
        stores0_.sales_info_clothes_id as sales_i14_12_0_,
        stores0_.sales_info_status_id as sales_i15_12_0_,
        stores0_.sales_info_user_id as sales_i16_12_0_,
        stores0_.status as status7_12_0_,
        stores0_.title as title8_12_0_,
        members1_.id as id1_6_1_,
        members1_.email as email2_6_1_,
        members1_.image as image3_6_1_,
        members1_.name as name4_6_1_,
        members1_.nickname as nickname5_6_1_,
        members1_.password as password6_6_1_,
        members1_.phone as phone7_6_1_,
        members1_.refresh_token as refresh_8_6_1_,
        members1_.role as role9_6_1_,
        clothesinf2_.id as id1_2_2_,
        clothesinf2_.categoryl as category2_2_2_,
        clothesinf2_.categorys as category3_2_2_,
        clothesinf2_.fit as fit4_2_2_,
        clothesinf2_.length as length5_2_2_,
        colors3_.id as id1_4_3_,
        colors3_.name as name2_4_3_,
        materials4_.id as id1_5_4_,
        materials4_.name as name2_5_4_,
        style5_.id as id1_14_5_,
        style5_.name as name2_14_5_,
        salesinfoc6_.id as id1_9_6_,
        salesinfoc6_.clothes_brand as clothes_2_9_6_,
        salesinfoc6_.clothes_color as clothes_3_9_6_,
        salesinfoc6_.clothes_gender as clothes_4_9_6_,
        salesinfoc6_.clothes_size as clothes_5_9_6_,
        salesinfos7_.id as id1_10_7_,
        salesinfos7_.status_score as status_s2_10_7_,
        salesinfos7_.status_tag as status_t3_10_7_,
        salesinfos7_.status_times as status_t4_10_7_,
        salesinfos7_.status_when2buy as status_w5_10_7_,
        salesinfos7_.transport as transpor6_10_7_,
        salesinfou8_.id as id1_11_8_,
        salesinfou8_.user_height as user_hei2_11_8_,
        salesinfou8_.user_size as user_siz3_11_8_,
        salesinfou8_.user_weight as user_wei4_11_8_ 
    from
        stores stores0_ 
    left outer join
        members members1_ 
            on stores0_.author_id=members1_.id 
    left outer join
        clothes_info clothesinf2_ 
            on stores0_.clothes_info_id=clothesinf2_.id 
    left outer join
        colors colors3_ 
            on stores0_.colors_name=colors3_.name 
    left outer join
        materials materials4_ 
            on stores0_.materials_name=materials4_.name 
    left outer join
        style style5_ 
            on stores0_.style_name=style5_.name 
    left outer join
        sales_info_clothes salesinfoc6_ 
            on stores0_.sales_info_clothes_id=salesinfoc6_.id 
    left outer join
        sales_info_status salesinfos7_ 
            on stores0_.sales_info_status_id=salesinfos7_.id 
    left outer join
        sales_info_user salesinfou8_ 
            on stores0_.sales_info_user_id=salesinfou8_.id 
    where
        stores0_.id=?
Hibernate: 
    select
        stores0_.id as id1_12_0_,
        stores0_.created_date as created_2_12_0_,
        stores0_.modified_date as modified3_12_0_,
        stores0_.author_id as author_i9_12_0_,
        stores0_.clothes_info_id as clothes10_12_0_,
        stores0_.colors_name as colors_11_12_0_,
        stores0_.materials_name as materia12_12_0_,
        stores0_.style_name as style_n13_12_0_,
        stores0_.clothes_length as clothes_4_12_0_,
        stores0_.content as content5_12_0_,
        stores0_.price as price6_12_0_,
        stores0_.sales_info_clothes_id as sales_i14_12_0_,
        stores0_.sales_info_status_id as sales_i15_12_0_,
        stores0_.sales_info_user_id as sales_i16_12_0_,
        stores0_.status as status7_12_0_,
        stores0_.title as title8_12_0_,
        members1_.id as id1_6_1_,
        members1_.email as email2_6_1_,
        members1_.image as image3_6_1_,
        members1_.name as name4_6_1_,
        members1_.nickname as nickname5_6_1_,
        members1_.password as password6_6_1_,
        members1_.phone as phone7_6_1_,
        members1_.refresh_token as refresh_8_6_1_,
        members1_.role as role9_6_1_,
        clothesinf2_.id as id1_2_2_,
        clothesinf2_.categoryl as category2_2_2_,
        clothesinf2_.categorys as category3_2_2_,
        clothesinf2_.fit as fit4_2_2_,
        clothesinf2_.length as length5_2_2_,
        colors3_.id as id1_4_3_,
        colors3_.name as name2_4_3_,
        materials4_.id as id1_5_4_,
        materials4_.name as name2_5_4_,
        style5_.id as id1_14_5_,
        style5_.name as name2_14_5_,
        salesinfoc6_.id as id1_9_6_,
        salesinfoc6_.clothes_brand as clothes_2_9_6_,
        salesinfoc6_.clothes_color as clothes_3_9_6_,
        salesinfoc6_.clothes_gender as clothes_4_9_6_,
        salesinfoc6_.clothes_size as clothes_5_9_6_,
        salesinfos7_.id as id1_10_7_,
        salesinfos7_.status_score as status_s2_10_7_,
        salesinfos7_.status_tag as status_t3_10_7_,
        salesinfos7_.status_times as status_t4_10_7_,
        salesinfos7_.status_when2buy as status_w5_10_7_,
        salesinfos7_.transport as transpor6_10_7_,
        salesinfou8_.id as id1_11_8_,
        salesinfou8_.user_height as user_hei2_11_8_,
        salesinfou8_.user_size as user_siz3_11_8_,
        salesinfou8_.user_weight as user_wei4_11_8_ 
    from
        stores stores0_ 
    left outer join
        members members1_ 
            on stores0_.author_id=members1_.id 
    left outer join
        clothes_info clothesinf2_ 
            on stores0_.clothes_info_id=clothesinf2_.id 
    left outer join
        colors colors3_ 
            on stores0_.colors_name=colors3_.name 
    left outer join
        materials materials4_ 
            on stores0_.materials_name=materials4_.name 
    left outer join
        style style5_ 
            on stores0_.style_name=style5_.name 
    left outer join
        sales_info_clothes salesinfoc6_ 
            on stores0_.sales_info_clothes_id=salesinfoc6_.id 
    left outer join
        sales_info_status salesinfos7_ 
            on stores0_.sales_info_status_id=salesinfos7_.id 
    left outer join
        sales_info_user salesinfou8_ 
            on stores0_.sales_info_user_id=salesinfou8_.id 
    where
        stores0_.id=?
Hibernate: 
    select
        stores0_.id as id1_12_0_,
        stores0_.created_date as created_2_12_0_,
        stores0_.modified_date as modified3_12_0_,
        stores0_.author_id as author_i9_12_0_,
        stores0_.clothes_info_id as clothes10_12_0_,
        stores0_.colors_name as colors_11_12_0_,
        stores0_.materials_name as materia12_12_0_,
        stores0_.style_name as style_n13_12_0_,
        stores0_.clothes_length as clothes_4_12_0_,
        stores0_.content as content5_12_0_,
        stores0_.price as price6_12_0_,
        stores0_.sales_info_clothes_id as sales_i14_12_0_,
        stores0_.sales_info_status_id as sales_i15_12_0_,
        stores0_.sales_info_user_id as sales_i16_12_0_,
        stores0_.status as status7_12_0_,
        stores0_.title as title8_12_0_,
        members1_.id as id1_6_1_,
        members1_.email as email2_6_1_,
        members1_.image as image3_6_1_,
        members1_.name as name4_6_1_,
        members1_.nickname as nickname5_6_1_,
        members1_.password as password6_6_1_,
        members1_.phone as phone7_6_1_,
        members1_.refresh_token as refresh_8_6_1_,
        members1_.role as role9_6_1_,
        clothesinf2_.id as id1_2_2_,
        clothesinf2_.categoryl as category2_2_2_,
        clothesinf2_.categorys as category3_2_2_,
        clothesinf2_.fit as fit4_2_2_,
        clothesinf2_.length as length5_2_2_,
        colors3_.id as id1_4_3_,
        colors3_.name as name2_4_3_,
        materials4_.id as id1_5_4_,
        materials4_.name as name2_5_4_,
        style5_.id as id1_14_5_,
        style5_.name as name2_14_5_,
        salesinfoc6_.id as id1_9_6_,
        salesinfoc6_.clothes_brand as clothes_2_9_6_,
        salesinfoc6_.clothes_color as clothes_3_9_6_,
        salesinfoc6_.clothes_gender as clothes_4_9_6_,
        salesinfoc6_.clothes_size as clothes_5_9_6_,
        salesinfos7_.id as id1_10_7_,
        salesinfos7_.status_score as status_s2_10_7_,
        salesinfos7_.status_tag as status_t3_10_7_,
        salesinfos7_.status_times as status_t4_10_7_,
        salesinfos7_.status_when2buy as status_w5_10_7_,
        salesinfos7_.transport as transpor6_10_7_,
        salesinfou8_.id as id1_11_8_,
        salesinfou8_.user_height as user_hei2_11_8_,
        salesinfou8_.user_size as user_siz3_11_8_,
        salesinfou8_.user_weight as user_wei4_11_8_ 
    from
        stores stores0_ 
    left outer join
        members members1_ 
            on stores0_.author_id=members1_.id 
    left outer join
        clothes_info clothesinf2_ 
            on stores0_.clothes_info_id=clothesinf2_.id 
    left outer join
        colors colors3_ 
            on stores0_.colors_name=colors3_.name 
    left outer join
        materials materials4_ 
            on stores0_.materials_name=materials4_.name 
    left outer join
        style style5_ 
            on stores0_.style_name=style5_.name 
    left outer join
        sales_info_clothes salesinfoc6_ 
            on stores0_.sales_info_clothes_id=salesinfoc6_.id 
    left outer join
        sales_info_status salesinfos7_ 
            on stores0_.sales_info_status_id=salesinfos7_.id 
    left outer join
        sales_info_user salesinfou8_ 
            on stores0_.sales_info_user_id=salesinfou8_.id 
    where
        stores0_.id=?
Hibernate: 
    select
        stores0_.id as id1_12_0_,
        stores0_.created_date as created_2_12_0_,
        stores0_.modified_date as modified3_12_0_,
        stores0_.author_id as author_i9_12_0_,
        stores0_.clothes_info_id as clothes10_12_0_,
        stores0_.colors_name as colors_11_12_0_,
        stores0_.materials_name as materia12_12_0_,
        stores0_.style_name as style_n13_12_0_,
        stores0_.clothes_length as clothes_4_12_0_,
        stores0_.content as content5_12_0_,
        stores0_.price as price6_12_0_,
        stores0_.sales_info_clothes_id as sales_i14_12_0_,
        stores0_.sales_info_status_id as sales_i15_12_0_,
        stores0_.sales_info_user_id as sales_i16_12_0_,
        stores0_.status as status7_12_0_,
        stores0_.title as title8_12_0_,
        members1_.id as id1_6_1_,
        members1_.email as email2_6_1_,
        members1_.image as image3_6_1_,
        members1_.name as name4_6_1_,
        members1_.nickname as nickname5_6_1_,
        members1_.password as password6_6_1_,
        members1_.phone as phone7_6_1_,
        members1_.refresh_token as refresh_8_6_1_,
        members1_.role as role9_6_1_,
        clothesinf2_.id as id1_2_2_,
        clothesinf2_.categoryl as category2_2_2_,
        clothesinf2_.categorys as category3_2_2_,
        clothesinf2_.fit as fit4_2_2_,
        clothesinf2_.length as length5_2_2_,
        colors3_.id as id1_4_3_,
        colors3_.name as name2_4_3_,
        materials4_.id as id1_5_4_,
        materials4_.name as name2_5_4_,
        style5_.id as id1_14_5_,
        style5_.name as name2_14_5_,
        salesinfoc6_.id as id1_9_6_,
        salesinfoc6_.clothes_brand as clothes_2_9_6_,
        salesinfoc6_.clothes_color as clothes_3_9_6_,
        salesinfoc6_.clothes_gender as clothes_4_9_6_,
        salesinfoc6_.clothes_size as clothes_5_9_6_,
        salesinfos7_.id as id1_10_7_,
        salesinfos7_.status_score as status_s2_10_7_,
        salesinfos7_.status_tag as status_t3_10_7_,
        salesinfos7_.status_times as status_t4_10_7_,
        salesinfos7_.status_when2buy as status_w5_10_7_,
        salesinfos7_.transport as transpor6_10_7_,
        salesinfou8_.id as id1_11_8_,
        salesinfou8_.user_height as user_hei2_11_8_,
        salesinfou8_.user_size as user_siz3_11_8_,
        salesinfou8_.user_weight as user_wei4_11_8_ 
    from
        stores stores0_ 
    left outer join
        members members1_ 
            on stores0_.author_id=members1_.id 
    left outer join
        clothes_info clothesinf2_ 
            on stores0_.clothes_info_id=clothesinf2_.id 
    left outer join
        colors colors3_ 
            on stores0_.colors_name=colors3_.name 
    left outer join
        materials materials4_ 
            on stores0_.materials_name=materials4_.name 
    left outer join
        style style5_ 
            on stores0_.style_name=style5_.name 
    left outer join
        sales_info_clothes salesinfoc6_ 
            on stores0_.sales_info_clothes_id=salesinfoc6_.id 
    left outer join
        sales_info_status salesinfos7_ 
            on stores0_.sales_info_status_id=salesinfos7_.id 
    left outer join
        sales_info_user salesinfou8_ 
            on stores0_.sales_info_user_id=salesinfou8_.id 
    where
        stores0_.id=?
Hibernate: 
    select
        stores0_.id as id1_12_0_,
        stores0_.created_date as created_2_12_0_,
        stores0_.modified_date as modified3_12_0_,
        stores0_.author_id as author_i9_12_0_,
        stores0_.clothes_info_id as clothes10_12_0_,
        stores0_.colors_name as colors_11_12_0_,
        stores0_.materials_name as materia12_12_0_,
        stores0_.style_name as style_n13_12_0_,
        stores0_.clothes_length as clothes_4_12_0_,
        stores0_.content as content5_12_0_,
        stores0_.price as price6_12_0_,
        stores0_.sales_info_clothes_id as sales_i14_12_0_,
        stores0_.sales_info_status_id as sales_i15_12_0_,
        stores0_.sales_info_user_id as sales_i16_12_0_,
        stores0_.status as status7_12_0_,
        stores0_.title as title8_12_0_,
        members1_.id as id1_6_1_,
        members1_.email as email2_6_1_,
        members1_.image as image3_6_1_,
        members1_.name as name4_6_1_,
        members1_.nickname as nickname5_6_1_,
        members1_.password as password6_6_1_,
        members1_.phone as phone7_6_1_,
        members1_.refresh_token as refresh_8_6_1_,
        members1_.role as role9_6_1_,
        clothesinf2_.id as id1_2_2_,
        clothesinf2_.categoryl as category2_2_2_,
        clothesinf2_.categorys as category3_2_2_,
        clothesinf2_.fit as fit4_2_2_,
        clothesinf2_.length as length5_2_2_,
        colors3_.id as id1_4_3_,
        colors3_.name as name2_4_3_,
        materials4_.id as id1_5_4_,
        materials4_.name as name2_5_4_,
        style5_.id as id1_14_5_,
        style5_.name as name2_14_5_,
        salesinfoc6_.id as id1_9_6_,
        salesinfoc6_.clothes_brand as clothes_2_9_6_,
        salesinfoc6_.clothes_color as clothes_3_9_6_,
        salesinfoc6_.clothes_gender as clothes_4_9_6_,
        salesinfoc6_.clothes_size as clothes_5_9_6_,
        salesinfos7_.id as id1_10_7_,
        salesinfos7_.status_score as status_s2_10_7_,
        salesinfos7_.status_tag as status_t3_10_7_,
        salesinfos7_.status_times as status_t4_10_7_,
        salesinfos7_.status_when2buy as status_w5_10_7_,
        salesinfos7_.transport as transpor6_10_7_,
        salesinfou8_.id as id1_11_8_,
        salesinfou8_.user_height as user_hei2_11_8_,
        salesinfou8_.user_size as user_siz3_11_8_,
        salesinfou8_.user_weight as user_wei4_11_8_ 
    from
        stores stores0_ 
    left outer join
        members members1_ 
            on stores0_.author_id=members1_.id 
    left outer join
        clothes_info clothesinf2_ 
            on stores0_.clothes_info_id=clothesinf2_.id 
    left outer join
        colors colors3_ 
            on stores0_.colors_name=colors3_.name 
    left outer join
        materials materials4_ 
            on stores0_.materials_name=materials4_.name 
    left outer join
        style style5_ 
            on stores0_.style_name=style5_.name 
    left outer join
        sales_info_clothes salesinfoc6_ 
            on stores0_.sales_info_clothes_id=salesinfoc6_.id 
    left outer join
        sales_info_status salesinfos7_ 
            on stores0_.sales_info_status_id=salesinfos7_.id 
    left outer join
        sales_info_user salesinfou8_ 
            on stores0_.sales_info_user_id=salesinfou8_.id 
    where
        stores0_.id=?
Hibernate: 
    select
        stores0_.id as id1_12_0_,
        stores0_.created_date as created_2_12_0_,
        stores0_.modified_date as modified3_12_0_,
        stores0_.author_id as author_i9_12_0_,
        stores0_.clothes_info_id as clothes10_12_0_,
        stores0_.colors_name as colors_11_12_0_,
        stores0_.materials_name as materia12_12_0_,
        stores0_.style_name as style_n13_12_0_,
        stores0_.clothes_length as clothes_4_12_0_,
        stores0_.content as content5_12_0_,
        stores0_.price as price6_12_0_,
        stores0_.sales_info_clothes_id as sales_i14_12_0_,
        stores0_.sales_info_status_id as sales_i15_12_0_,
        stores0_.sales_info_user_id as sales_i16_12_0_,
        stores0_.status as status7_12_0_,
        stores0_.title as title8_12_0_,
        members1_.id as id1_6_1_,
        members1_.email as email2_6_1_,
        members1_.image as image3_6_1_,
        members1_.name as name4_6_1_,
        members1_.nickname as nickname5_6_1_,
        members1_.password as password6_6_1_,
        members1_.phone as phone7_6_1_,
        members1_.refresh_token as refresh_8_6_1_,
        members1_.role as role9_6_1_,
        clothesinf2_.id as id1_2_2_,
        clothesinf2_.categoryl as category2_2_2_,
        clothesinf2_.categorys as category3_2_2_,
        clothesinf2_.fit as fit4_2_2_,
        clothesinf2_.length as length5_2_2_,
        colors3_.id as id1_4_3_,
        colors3_.name as name2_4_3_,
        materials4_.id as id1_5_4_,
        materials4_.name as name2_5_4_,
        style5_.id as id1_14_5_,
        style5_.name as name2_14_5_,
        salesinfoc6_.id as id1_9_6_,
        salesinfoc6_.clothes_brand as clothes_2_9_6_,
        salesinfoc6_.clothes_color as clothes_3_9_6_,
        salesinfoc6_.clothes_gender as clothes_4_9_6_,
        salesinfoc6_.clothes_size as clothes_5_9_6_,
        salesinfos7_.id as id1_10_7_,
        salesinfos7_.status_score as status_s2_10_7_,
        salesinfos7_.status_tag as status_t3_10_7_,
        salesinfos7_.status_times as status_t4_10_7_,
        salesinfos7_.status_when2buy as status_w5_10_7_,
        salesinfos7_.transport as transpor6_10_7_,
        salesinfou8_.id as id1_11_8_,
        salesinfou8_.user_height as user_hei2_11_8_,
        salesinfou8_.user_size as user_siz3_11_8_,
        salesinfou8_.user_weight as user_wei4_11_8_ 
    from
        stores stores0_ 
    left outer join
        members members1_ 
            on stores0_.author_id=members1_.id 
    left outer join
        clothes_info clothesinf2_ 
            on stores0_.clothes_info_id=clothesinf2_.id 
    left outer join
        colors colors3_ 
            on stores0_.colors_name=colors3_.name 
    left outer join
        materials materials4_ 
            on stores0_.materials_name=materials4_.name 
    left outer join
        style style5_ 
            on stores0_.style_name=style5_.name 
    left outer join
        sales_info_clothes salesinfoc6_ 
            on stores0_.sales_info_clothes_id=salesinfoc6_.id 
    left outer join
        sales_info_status salesinfos7_ 
            on stores0_.sales_info_status_id=salesinfos7_.id 
    left outer join
        sales_info_user salesinfou8_ 
            on stores0_.sales_info_user_id=salesinfou8_.id 
    where
        stores0_.id=?
Hibernate: 
    select
        stores0_.id as id1_12_0_,
        stores0_.created_date as created_2_12_0_,
        stores0_.modified_date as modified3_12_0_,
        stores0_.author_id as author_i9_12_0_,
        stores0_.clothes_info_id as clothes10_12_0_,
        stores0_.colors_name as colors_11_12_0_,
        stores0_.materials_name as materia12_12_0_,
        stores0_.style_name as style_n13_12_0_,
        stores0_.clothes_length as clothes_4_12_0_,
        stores0_.content as content5_12_0_,
        stores0_.price as price6_12_0_,
        stores0_.sales_info_clothes_id as sales_i14_12_0_,
        stores0_.sales_info_status_id as sales_i15_12_0_,
        stores0_.sales_info_user_id as sales_i16_12_0_,
        stores0_.status as status7_12_0_,
        stores0_.title as title8_12_0_,
        members1_.id as id1_6_1_,
        members1_.email as email2_6_1_,
        members1_.image as image3_6_1_,
        members1_.name as name4_6_1_,
        members1_.nickname as nickname5_6_1_,
        members1_.password as password6_6_1_,
        members1_.phone as phone7_6_1_,
        members1_.refresh_token as refresh_8_6_1_,
        members1_.role as role9_6_1_,
        clothesinf2_.id as id1_2_2_,
        clothesinf2_.categoryl as category2_2_2_,
        clothesinf2_.categorys as category3_2_2_,
        clothesinf2_.fit as fit4_2_2_,
        clothesinf2_.length as length5_2_2_,
        colors3_.id as id1_4_3_,
        colors3_.name as name2_4_3_,
        materials4_.id as id1_5_4_,
        materials4_.name as name2_5_4_,
        style5_.id as id1_14_5_,
        style5_.name as name2_14_5_,
        salesinfoc6_.id as id1_9_6_,
        salesinfoc6_.clothes_brand as clothes_2_9_6_,
        salesinfoc6_.clothes_color as clothes_3_9_6_,
        salesinfoc6_.clothes_gender as clothes_4_9_6_,
        salesinfoc6_.clothes_size as clothes_5_9_6_,
        salesinfos7_.id as id1_10_7_,
        salesinfos7_.status_score as status_s2_10_7_,
        salesinfos7_.status_tag as status_t3_10_7_,
        salesinfos7_.status_times as status_t4_10_7_,
        salesinfos7_.status_when2buy as status_w5_10_7_,
        salesinfos7_.transport as transpor6_10_7_,
        salesinfou8_.id as id1_11_8_,
        salesinfou8_.user_height as user_hei2_11_8_,
        salesinfou8_.user_size as user_siz3_11_8_,
        salesinfou8_.user_weight as user_wei4_11_8_ 
    from
        stores stores0_ 
    left outer join
        members members1_ 
            on stores0_.author_id=members1_.id 
    left outer join
        clothes_info clothesinf2_ 
            on stores0_.clothes_info_id=clothesinf2_.id 
    left outer join
        colors colors3_ 
            on stores0_.colors_name=colors3_.name 
    left outer join
        materials materials4_ 
            on stores0_.materials_name=materials4_.name 
    left outer join
        style style5_ 
            on stores0_.style_name=style5_.name 
    left outer join
        sales_info_clothes salesinfoc6_ 
            on stores0_.sales_info_clothes_id=salesinfoc6_.id 
    left outer join
        sales_info_status salesinfos7_ 
            on stores0_.sales_info_status_id=salesinfos7_.id 
    left outer join
        sales_info_user salesinfou8_ 
            on stores0_.sales_info_user_id=salesinfou8_.id 
    where
        stores0_.id=?
Hibernate: 
    select
        stores0_.id as id1_12_0_,
        stores0_.created_date as created_2_12_0_,
        stores0_.modified_date as modified3_12_0_,
        stores0_.author_id as author_i9_12_0_,
        stores0_.clothes_info_id as clothes10_12_0_,
        stores0_.colors_name as colors_11_12_0_,
        stores0_.materials_name as materia12_12_0_,
        stores0_.style_name as style_n13_12_0_,
        stores0_.clothes_length as clothes_4_12_0_,
        stores0_.content as content5_12_0_,
        stores0_.price as price6_12_0_,
        stores0_.sales_info_clothes_id as sales_i14_12_0_,
        stores0_.sales_info_status_id as sales_i15_12_0_,
        stores0_.sales_info_user_id as sales_i16_12_0_,
        stores0_.status as status7_12_0_,
        stores0_.title as title8_12_0_,
        members1_.id as id1_6_1_,
        members1_.email as email2_6_1_,
        members1_.image as image3_6_1_,
        members1_.name as name4_6_1_,
        members1_.nickname as nickname5_6_1_,
        members1_.password as password6_6_1_,
        members1_.phone as phone7_6_1_,
        members1_.refresh_token as refresh_8_6_1_,
        members1_.role as role9_6_1_,
        clothesinf2_.id as id1_2_2_,
        clothesinf2_.categoryl as category2_2_2_,
        clothesinf2_.categorys as category3_2_2_,
        clothesinf2_.fit as fit4_2_2_,
        clothesinf2_.length as length5_2_2_,
        colors3_.id as id1_4_3_,
        colors3_.name as name2_4_3_,
        materials4_.id as id1_5_4_,
        materials4_.name as name2_5_4_,
        style5_.id as id1_14_5_,
        style5_.name as name2_14_5_,
        salesinfoc6_.id as id1_9_6_,
        salesinfoc6_.clothes_brand as clothes_2_9_6_,
        salesinfoc6_.clothes_color as clothes_3_9_6_,
        salesinfoc6_.clothes_gender as clothes_4_9_6_,
        salesinfoc6_.clothes_size as clothes_5_9_6_,
        salesinfos7_.id as id1_10_7_,
        salesinfos7_.status_score as status_s2_10_7_,
        salesinfos7_.status_tag as status_t3_10_7_,
        salesinfos7_.status_times as status_t4_10_7_,
        salesinfos7_.status_when2buy as status_w5_10_7_,
        salesinfos7_.transport as transpor6_10_7_,
        salesinfou8_.id as id1_11_8_,
        salesinfou8_.user_height as user_hei2_11_8_,
        salesinfou8_.user_size as user_siz3_11_8_,
        salesinfou8_.user_weight as user_wei4_11_8_ 
    from
        stores stores0_ 
    left outer join
        members members1_ 
            on stores0_.author_id=members1_.id 
    left outer join
        clothes_info clothesinf2_ 
            on stores0_.clothes_info_id=clothesinf2_.id 
    left outer join
        colors colors3_ 
            on stores0_.colors_name=colors3_.name 
    left outer join
        materials materials4_ 
            on stores0_.materials_name=materials4_.name 
    left outer join
        style style5_ 
            on stores0_.style_name=style5_.name 
    left outer join
        sales_info_clothes salesinfoc6_ 
            on stores0_.sales_info_clothes_id=salesinfoc6_.id 
    left outer join
        sales_info_status salesinfos7_ 
            on stores0_.sales_info_status_id=salesinfos7_.id 
    left outer join
        sales_info_user salesinfou8_ 
            on stores0_.sales_info_user_id=salesinfou8_.id 
    where
        stores0_.id=?
Hibernate: 
    select
        stores0_.id as id1_12_0_,
        stores0_.created_date as created_2_12_0_,
        stores0_.modified_date as modified3_12_0_,
        stores0_.author_id as author_i9_12_0_,
        stores0_.clothes_info_id as clothes10_12_0_,
        stores0_.colors_name as colors_11_12_0_,
        stores0_.materials_name as materia12_12_0_,
        stores0_.style_name as style_n13_12_0_,
        stores0_.clothes_length as clothes_4_12_0_,
        stores0_.content as content5_12_0_,
        stores0_.price as price6_12_0_,
        stores0_.sales_info_clothes_id as sales_i14_12_0_,
        stores0_.sales_info_status_id as sales_i15_12_0_,
        stores0_.sales_info_user_id as sales_i16_12_0_,
        stores0_.status as status7_12_0_,
        stores0_.title as title8_12_0_,
        members1_.id as id1_6_1_,
        members1_.email as email2_6_1_,
        members1_.image as image3_6_1_,
        members1_.name as name4_6_1_,
        members1_.nickname as nickname5_6_1_,
        members1_.password as password6_6_1_,
        members1_.phone as phone7_6_1_,
        members1_.refresh_token as refresh_8_6_1_,
        members1_.role as role9_6_1_,
        clothesinf2_.id as id1_2_2_,
        clothesinf2_.categoryl as category2_2_2_,
        clothesinf2_.categorys as category3_2_2_,
        clothesinf2_.fit as fit4_2_2_,
        clothesinf2_.length as length5_2_2_,
        colors3_.id as id1_4_3_,
        colors3_.name as name2_4_3_,
        materials4_.id as id1_5_4_,
        materials4_.name as name2_5_4_,
        style5_.id as id1_14_5_,
        style5_.name as name2_14_5_,
        salesinfoc6_.id as id1_9_6_,
        salesinfoc6_.clothes_brand as clothes_2_9_6_,
        salesinfoc6_.clothes_color as clothes_3_9_6_,
        salesinfoc6_.clothes_gender as clothes_4_9_6_,
        salesinfoc6_.clothes_size as clothes_5_9_6_,
        salesinfos7_.id as id1_10_7_,
        salesinfos7_.status_score as status_s2_10_7_,
        salesinfos7_.status_tag as status_t3_10_7_,
        salesinfos7_.status_times as status_t4_10_7_,
        salesinfos7_.status_when2buy as status_w5_10_7_,
        salesinfos7_.transport as transpor6_10_7_,
        salesinfou8_.id as id1_11_8_,
        salesinfou8_.user_height as user_hei2_11_8_,
        salesinfou8_.user_size as user_siz3_11_8_,
        salesinfou8_.user_weight as user_wei4_11_8_ 
    from
        stores stores0_ 
    left outer join
        members members1_ 
            on stores0_.author_id=members1_.id 
    left outer join
        clothes_info clothesinf2_ 
            on stores0_.clothes_info_id=clothesinf2_.id 
    left outer join
        colors colors3_ 
            on stores0_.colors_name=colors3_.name 
    left outer join
        materials materials4_ 
            on stores0_.materials_name=materials4_.name 
    left outer join
        style style5_ 
            on stores0_.style_name=style5_.name 
    left outer join
        sales_info_clothes salesinfoc6_ 
            on stores0_.sales_info_clothes_id=salesinfoc6_.id 
    left outer join
        sales_info_status salesinfos7_ 
            on stores0_.sales_info_status_id=salesinfos7_.id 
    left outer join
        sales_info_user salesinfou8_ 
            on stores0_.sales_info_user_id=salesinfou8_.id 
    where
        stores0_.id=?
Hibernate: 
    select
        stores0_.id as id1_12_0_,
        stores0_.created_date as created_2_12_0_,
        stores0_.modified_date as modified3_12_0_,
        stores0_.author_id as author_i9_12_0_,
        stores0_.clothes_info_id as clothes10_12_0_,
        stores0_.colors_name as colors_11_12_0_,
        stores0_.materials_name as materia12_12_0_,
        stores0_.style_name as style_n13_12_0_,
        stores0_.clothes_length as clothes_4_12_0_,
        stores0_.content as content5_12_0_,
        stores0_.price as price6_12_0_,
        stores0_.sales_info_clothes_id as sales_i14_12_0_,
        stores0_.sales_info_status_id as sales_i15_12_0_,
        stores0_.sales_info_user_id as sales_i16_12_0_,
        stores0_.status as status7_12_0_,
        stores0_.title as title8_12_0_,
        members1_.id as id1_6_1_,
        members1_.email as email2_6_1_,
        members1_.image as image3_6_1_,
        members1_.name as name4_6_1_,
        members1_.nickname as nickname5_6_1_,
        members1_.password as password6_6_1_,
        members1_.phone as phone7_6_1_,
        members1_.refresh_token as refresh_8_6_1_,
        members1_.role as role9_6_1_,
        clothesinf2_.id as id1_2_2_,
        clothesinf2_.categoryl as category2_2_2_,
        clothesinf2_.categorys as category3_2_2_,
        clothesinf2_.fit as fit4_2_2_,
        clothesinf2_.length as length5_2_2_,
        colors3_.id as id1_4_3_,
        colors3_.name as name2_4_3_,
        materials4_.id as id1_5_4_,
        materials4_.name as name2_5_4_,
        style5_.id as id1_14_5_,
        style5_.name as name2_14_5_,
        salesinfoc6_.id as id1_9_6_,
        salesinfoc6_.clothes_brand as clothes_2_9_6_,
        salesinfoc6_.clothes_color as clothes_3_9_6_,
        salesinfoc6_.clothes_gender as clothes_4_9_6_,
        salesinfoc6_.clothes_size as clothes_5_9_6_,
        salesinfos7_.id as id1_10_7_,
        salesinfos7_.status_score as status_s2_10_7_,
        salesinfos7_.status_tag as status_t3_10_7_,
        salesinfos7_.status_times as status_t4_10_7_,
        salesinfos7_.status_when2buy as status_w5_10_7_,
        salesinfos7_.transport as transpor6_10_7_,
        salesinfou8_.id as id1_11_8_,
        salesinfou8_.user_height as user_hei2_11_8_,
        salesinfou8_.user_size as user_siz3_11_8_,
        salesinfou8_.user_weight as user_wei4_11_8_ 
    from
        stores stores0_ 
    left outer join
        members members1_ 
            on stores0_.author_id=members1_.id 
    left outer join
        clothes_info clothesinf2_ 
            on stores0_.clothes_info_id=clothesinf2_.id 
    left outer join
        colors colors3_ 
            on stores0_.colors_name=colors3_.name 
    left outer join
        materials materials4_ 
            on stores0_.materials_name=materials4_.name 
    left outer join
        style style5_ 
            on stores0_.style_name=style5_.name 
    left outer join
        sales_info_clothes salesinfoc6_ 
            on stores0_.sales_info_clothes_id=salesinfoc6_.id 
    left outer join
        sales_info_status salesinfos7_ 
            on stores0_.sales_info_status_id=salesinfos7_.id 
    left outer join
        sales_info_user salesinfou8_ 
            on stores0_.sales_info_user_id=salesinfou8_.id 
    where
        stores0_.id=?
Hibernate: 
    select
        stores0_.id as id1_12_0_,
        stores0_.created_date as created_2_12_0_,
        stores0_.modified_date as modified3_12_0_,
        stores0_.author_id as author_i9_12_0_,
        stores0_.clothes_info_id as clothes10_12_0_,
        stores0_.colors_name as colors_11_12_0_,
        stores0_.materials_name as materia12_12_0_,
        stores0_.style_name as style_n13_12_0_,
        stores0_.clothes_length as clothes_4_12_0_,
        stores0_.content as content5_12_0_,
        stores0_.price as price6_12_0_,
        stores0_.sales_info_clothes_id as sales_i14_12_0_,
        stores0_.sales_info_status_id as sales_i15_12_0_,
        stores0_.sales_info_user_id as sales_i16_12_0_,
        stores0_.status as status7_12_0_,
        stores0_.title as title8_12_0_,
        members1_.id as id1_6_1_,
        members1_.email as email2_6_1_,
        members1_.image as image3_6_1_,
        members1_.name as name4_6_1_,
        members1_.nickname as nickname5_6_1_,
        members1_.password as password6_6_1_,
        members1_.phone as phone7_6_1_,
        members1_.refresh_token as refresh_8_6_1_,
        members1_.role as role9_6_1_,
        clothesinf2_.id as id1_2_2_,
        clothesinf2_.categoryl as category2_2_2_,
        clothesinf2_.categorys as category3_2_2_,
        clothesinf2_.fit as fit4_2_2_,
        clothesinf2_.length as length5_2_2_,
        colors3_.id as id1_4_3_,
        colors3_.name as name2_4_3_,
        materials4_.id as id1_5_4_,
        materials4_.name as name2_5_4_,
        style5_.id as id1_14_5_,
        style5_.name as name2_14_5_,
        salesinfoc6_.id as id1_9_6_,
        salesinfoc6_.clothes_brand as clothes_2_9_6_,
        salesinfoc6_.clothes_color as clothes_3_9_6_,
        salesinfoc6_.clothes_gender as clothes_4_9_6_,
        salesinfoc6_.clothes_size as clothes_5_9_6_,
        salesinfos7_.id as id1_10_7_,
        salesinfos7_.status_score as status_s2_10_7_,
        salesinfos7_.status_tag as status_t3_10_7_,
        salesinfos7_.status_times as status_t4_10_7_,
        salesinfos7_.status_when2buy as status_w5_10_7_,
        salesinfos7_.transport as transpor6_10_7_,
        salesinfou8_.id as id1_11_8_,
        salesinfou8_.user_height as user_hei2_11_8_,
        salesinfou8_.user_size as user_siz3_11_8_,
        salesinfou8_.user_weight as user_wei4_11_8_ 
    from
        stores stores0_ 
    left outer join
        members members1_ 
            on stores0_.author_id=members1_.id 
    left outer join
        clothes_info clothesinf2_ 
            on stores0_.clothes_info_id=clothesinf2_.id 
    left outer join
        colors colors3_ 
            on stores0_.colors_name=colors3_.name 
    left outer join
        materials materials4_ 
            on stores0_.materials_name=materials4_.name 
    left outer join
        style style5_ 
            on stores0_.style_name=style5_.name 
    left outer join
        sales_info_clothes salesinfoc6_ 
            on stores0_.sales_info_clothes_id=salesinfoc6_.id 
    left outer join
        sales_info_status salesinfos7_ 
            on stores0_.sales_info_status_id=salesinfos7_.id 
    left outer join
        sales_info_user salesinfou8_ 
            on stores0_.sales_info_user_id=salesinfou8_.id 
    where
        stores0_.id=?
Hibernate: 
    select
        stores0_.id as id1_12_0_,
        stores0_.created_date as created_2_12_0_,
        stores0_.modified_date as modified3_12_0_,
        stores0_.author_id as author_i9_12_0_,
        stores0_.clothes_info_id as clothes10_12_0_,
        stores0_.colors_name as colors_11_12_0_,
        stores0_.materials_name as materia12_12_0_,
        stores0_.style_name as style_n13_12_0_,
        stores0_.clothes_length as clothes_4_12_0_,
        stores0_.content as content5_12_0_,
        stores0_.price as price6_12_0_,
        stores0_.sales_info_clothes_id as sales_i14_12_0_,
        stores0_.sales_info_status_id as sales_i15_12_0_,
        stores0_.sales_info_user_id as sales_i16_12_0_,
        stores0_.status as status7_12_0_,
        stores0_.title as title8_12_0_,
        members1_.id as id1_6_1_,
        members1_.email as email2_6_1_,
        members1_.image as image3_6_1_,
        members1_.name as name4_6_1_,
        members1_.nickname as nickname5_6_1_,
        members1_.password as password6_6_1_,
        members1_.phone as phone7_6_1_,
        members1_.refresh_token as refresh_8_6_1_,
        members1_.role as role9_6_1_,
        clothesinf2_.id as id1_2_2_,
        clothesinf2_.categoryl as category2_2_2_,
        clothesinf2_.categorys as category3_2_2_,
        clothesinf2_.fit as fit4_2_2_,
        clothesinf2_.length as length5_2_2_,
        colors3_.id as id1_4_3_,
        colors3_.name as name2_4_3_,
        materials4_.id as id1_5_4_,
        materials4_.name as name2_5_4_,
        style5_.id as id1_14_5_,
        style5_.name as name2_14_5_,
        salesinfoc6_.id as id1_9_6_,
        salesinfoc6_.clothes_brand as clothes_2_9_6_,
        salesinfoc6_.clothes_color as clothes_3_9_6_,
        salesinfoc6_.clothes_gender as clothes_4_9_6_,
        salesinfoc6_.clothes_size as clothes_5_9_6_,
        salesinfos7_.id as id1_10_7_,
        salesinfos7_.status_score as status_s2_10_7_,
        salesinfos7_.status_tag as status_t3_10_7_,
        salesinfos7_.status_times as status_t4_10_7_,
        salesinfos7_.status_when2buy as status_w5_10_7_,
        salesinfos7_.transport as transpor6_10_7_,
        salesinfou8_.id as id1_11_8_,
        salesinfou8_.user_height as user_hei2_11_8_,
        salesinfou8_.user_size as user_siz3_11_8_,
        salesinfou8_.user_weight as user_wei4_11_8_ 
    from
        stores stores0_ 
    left outer join
        members members1_ 
            on stores0_.author_id=members1_.id 
    left outer join
        clothes_info clothesinf2_ 
            on stores0_.clothes_info_id=clothesinf2_.id 
    left outer join
        colors colors3_ 
            on stores0_.colors_name=colors3_.name 
    left outer join
        materials materials4_ 
            on stores0_.materials_name=materials4_.name 
    left outer join
        style style5_ 
            on stores0_.style_name=style5_.name 
    left outer join
        sales_info_clothes salesinfoc6_ 
            on stores0_.sales_info_clothes_id=salesinfoc6_.id 
    left outer join
        sales_info_status salesinfos7_ 
            on stores0_.sales_info_status_id=salesinfos7_.id 
    left outer join
        sales_info_user salesinfou8_ 
            on stores0_.sales_info_user_id=salesinfou8_.id 
    where
        stores0_.id=?
Hibernate: 
    select
        stores0_.id as id1_12_0_,
        stores0_.created_date as created_2_12_0_,
        stores0_.modified_date as modified3_12_0_,
        stores0_.author_id as author_i9_12_0_,
        stores0_.clothes_info_id as clothes10_12_0_,
        stores0_.colors_name as colors_11_12_0_,
        stores0_.materials_name as materia12_12_0_,
        stores0_.style_name as style_n13_12_0_,
        stores0_.clothes_length as clothes_4_12_0_,
        stores0_.content as content5_12_0_,
        stores0_.price as price6_12_0_,
        stores0_.sales_info_clothes_id as sales_i14_12_0_,
        stores0_.sales_info_status_id as sales_i15_12_0_,
        stores0_.sales_info_user_id as sales_i16_12_0_,
        stores0_.status as status7_12_0_,
        stores0_.title as title8_12_0_,
        members1_.id as id1_6_1_,
        members1_.email as email2_6_1_,
        members1_.image as image3_6_1_,
        members1_.name as name4_6_1_,
        members1_.nickname as nickname5_6_1_,
        members1_.password as password6_6_1_,
        members1_.phone as phone7_6_1_,
        members1_.refresh_token as refresh_8_6_1_,
        members1_.role as role9_6_1_,
        clothesinf2_.id as id1_2_2_,
        clothesinf2_.categoryl as category2_2_2_,
        clothesinf2_.categorys as category3_2_2_,
        clothesinf2_.fit as fit4_2_2_,
        clothesinf2_.length as length5_2_2_,
        colors3_.id as id1_4_3_,
        colors3_.name as name2_4_3_,
        materials4_.id as id1_5_4_,
        materials4_.name as name2_5_4_,
        style5_.id as id1_14_5_,
        style5_.name as name2_14_5_,
        salesinfoc6_.id as id1_9_6_,
        salesinfoc6_.clothes_brand as clothes_2_9_6_,
        salesinfoc6_.clothes_color as clothes_3_9_6_,
        salesinfoc6_.clothes_gender as clothes_4_9_6_,
        salesinfoc6_.clothes_size as clothes_5_9_6_,
        salesinfos7_.id as id1_10_7_,
        salesinfos7_.status_score as status_s2_10_7_,
        salesinfos7_.status_tag as status_t3_10_7_,
        salesinfos7_.status_times as status_t4_10_7_,
        salesinfos7_.status_when2buy as status_w5_10_7_,
        salesinfos7_.transport as transpor6_10_7_,
        salesinfou8_.id as id1_11_8_,
        salesinfou8_.user_height as user_hei2_11_8_,
        salesinfou8_.user_size as user_siz3_11_8_,
        salesinfou8_.user_weight as user_wei4_11_8_ 
    from
        stores stores0_ 
    left outer join
        members members1_ 
            on stores0_.author_id=members1_.id 
    left outer join
        clothes_info clothesinf2_ 
            on stores0_.clothes_info_id=clothesinf2_.id 
    left outer join
        colors colors3_ 
            on stores0_.colors_name=colors3_.name 
    left outer join
        materials materials4_ 
            on stores0_.materials_name=materials4_.name 
    left outer join
        style style5_ 
            on stores0_.style_name=style5_.name 
    left outer join
        sales_info_clothes salesinfoc6_ 
            on stores0_.sales_info_clothes_id=salesinfoc6_.id 
    left outer join
        sales_info_status salesinfos7_ 
            on stores0_.sales_info_status_id=salesinfos7_.id 
    left outer join
        sales_info_user salesinfou8_ 
            on stores0_.sales_info_user_id=salesinfou8_.id 
    where
        stores0_.id=?
Hibernate: 
    select
        stores0_.id as id1_12_0_,
        stores0_.created_date as created_2_12_0_,
        stores0_.modified_date as modified3_12_0_,
        stores0_.author_id as author_i9_12_0_,
        stores0_.clothes_info_id as clothes10_12_0_,
        stores0_.colors_name as colors_11_12_0_,
        stores0_.materials_name as materia12_12_0_,
        stores0_.style_name as style_n13_12_0_,
        stores0_.clothes_length as clothes_4_12_0_,
        stores0_.content as content5_12_0_,
        stores0_.price as price6_12_0_,
        stores0_.sales_info_clothes_id as sales_i14_12_0_,
        stores0_.sales_info_status_id as sales_i15_12_0_,
        stores0_.sales_info_user_id as sales_i16_12_0_,
        stores0_.status as status7_12_0_,
        stores0_.title as title8_12_0_,
        members1_.id as id1_6_1_,
        members1_.email as email2_6_1_,
        members1_.image as image3_6_1_,
        members1_.name as name4_6_1_,
        members1_.nickname as nickname5_6_1_,
        members1_.password as password6_6_1_,
        members1_.phone as phone7_6_1_,
        members1_.refresh_token as refresh_8_6_1_,
        members1_.role as role9_6_1_,
        clothesinf2_.id as id1_2_2_,
        clothesinf2_.categoryl as category2_2_2_,
        clothesinf2_.categorys as category3_2_2_,
        clothesinf2_.fit as fit4_2_2_,
        clothesinf2_.length as length5_2_2_,
        colors3_.id as id1_4_3_,
        colors3_.name as name2_4_3_,
        materials4_.id as id1_5_4_,
        materials4_.name as name2_5_4_,
        style5_.id as id1_14_5_,
        style5_.name as name2_14_5_,
        salesinfoc6_.id as id1_9_6_,
        salesinfoc6_.clothes_brand as clothes_2_9_6_,
        salesinfoc6_.clothes_color as clothes_3_9_6_,
        salesinfoc6_.clothes_gender as clothes_4_9_6_,
        salesinfoc6_.clothes_size as clothes_5_9_6_,
        salesinfos7_.id as id1_10_7_,
        salesinfos7_.status_score as status_s2_10_7_,
        salesinfos7_.status_tag as status_t3_10_7_,
        salesinfos7_.status_times as status_t4_10_7_,
        salesinfos7_.status_when2buy as status_w5_10_7_,
        salesinfos7_.transport as transpor6_10_7_,
        salesinfou8_.id as id1_11_8_,
        salesinfou8_.user_height as user_hei2_11_8_,
        salesinfou8_.user_size as user_siz3_11_8_,
        salesinfou8_.user_weight as user_wei4_11_8_ 
    from
        stores stores0_ 
    left outer join
        members members1_ 
            on stores0_.author_id=members1_.id 
    left outer join
        clothes_info clothesinf2_ 
            on stores0_.clothes_info_id=clothesinf2_.id 
    left outer join
        colors colors3_ 
            on stores0_.colors_name=colors3_.name 
    left outer join
        materials materials4_ 
            on stores0_.materials_name=materials4_.name 
    left outer join
        style style5_ 
            on stores0_.style_name=style5_.name 
    left outer join
        sales_info_clothes salesinfoc6_ 
            on stores0_.sales_info_clothes_id=salesinfoc6_.id 
    left outer join
        sales_info_status salesinfos7_ 
            on stores0_.sales_info_status_id=salesinfos7_.id 
    left outer join
        sales_info_user salesinfou8_ 
            on stores0_.sales_info_user_id=salesinfou8_.id 
    where
        stores0_.id=?
Hibernate: 
    select
        stores0_.id as id1_12_0_,
        stores0_.created_date as created_2_12_0_,
        stores0_.modified_date as modified3_12_0_,
        stores0_.author_id as author_i9_12_0_,
        stores0_.clothes_info_id as clothes10_12_0_,
        stores0_.colors_name as colors_11_12_0_,
        stores0_.materials_name as materia12_12_0_,
        stores0_.style_name as style_n13_12_0_,
        stores0_.clothes_length as clothes_4_12_0_,
        stores0_.content as content5_12_0_,
        stores0_.price as price6_12_0_,
        stores0_.sales_info_clothes_id as sales_i14_12_0_,
        stores0_.sales_info_status_id as sales_i15_12_0_,
        stores0_.sales_info_user_id as sales_i16_12_0_,
        stores0_.status as status7_12_0_,
        stores0_.title as title8_12_0_,
        members1_.id as id1_6_1_,
        members1_.email as email2_6_1_,
        members1_.image as image3_6_1_,
        members1_.name as name4_6_1_,
        members1_.nickname as nickname5_6_1_,
        members1_.password as password6_6_1_,
        members1_.phone as phone7_6_1_,
        members1_.refresh_token as refresh_8_6_1_,
        members1_.role as role9_6_1_,
        clothesinf2_.id as id1_2_2_,
        clothesinf2_.categoryl as category2_2_2_,
        clothesinf2_.categorys as category3_2_2_,
        clothesinf2_.fit as fit4_2_2_,
        clothesinf2_.length as length5_2_2_,
        colors3_.id as id1_4_3_,
        colors3_.name as name2_4_3_,
        materials4_.id as id1_5_4_,
        materials4_.name as name2_5_4_,
        style5_.id as id1_14_5_,
        style5_.name as name2_14_5_,
        salesinfoc6_.id as id1_9_6_,
        salesinfoc6_.clothes_brand as clothes_2_9_6_,
        salesinfoc6_.clothes_color as clothes_3_9_6_,
        salesinfoc6_.clothes_gender as clothes_4_9_6_,
        salesinfoc6_.clothes_size as clothes_5_9_6_,
        salesinfos7_.id as id1_10_7_,
        salesinfos7_.status_score as status_s2_10_7_,
        salesinfos7_.status_tag as status_t3_10_7_,
        salesinfos7_.status_times as status_t4_10_7_,
        salesinfos7_.status_when2buy as status_w5_10_7_,
        salesinfos7_.transport as transpor6_10_7_,
        salesinfou8_.id as id1_11_8_,
        salesinfou8_.user_height as user_hei2_11_8_,
        salesinfou8_.user_size as user_siz3_11_8_,
        salesinfou8_.user_weight as user_wei4_11_8_ 
    from
        stores stores0_ 
    left outer join
        members members1_ 
            on stores0_.author_id=members1_.id 
    left outer join
        clothes_info clothesinf2_ 
            on stores0_.clothes_info_id=clothesinf2_.id 
    left outer join
        colors colors3_ 
            on stores0_.colors_name=colors3_.name 
    left outer join
        materials materials4_ 
            on stores0_.materials_name=materials4_.name 
    left outer join
        style style5_ 
            on stores0_.style_name=style5_.name 
    left outer join
        sales_info_clothes salesinfoc6_ 
            on stores0_.sales_info_clothes_id=salesinfoc6_.id 
    left outer join
        sales_info_status salesinfos7_ 
            on stores0_.sales_info_status_id=salesinfos7_.id 
    left outer join
        sales_info_user salesinfou8_ 
            on stores0_.sales_info_user_id=salesinfou8_.id 
    where
        stores0_.id=?
Hibernate: 
    select
        stores0_.id as id1_12_0_,
        stores0_.created_date as created_2_12_0_,
        stores0_.modified_date as modified3_12_0_,
        stores0_.author_id as author_i9_12_0_,
        stores0_.clothes_info_id as clothes10_12_0_,
        stores0_.colors_name as colors_11_12_0_,
        stores0_.materials_name as materia12_12_0_,
        stores0_.style_name as style_n13_12_0_,
        stores0_.clothes_length as clothes_4_12_0_,
        stores0_.content as content5_12_0_,
        stores0_.price as price6_12_0_,
        stores0_.sales_info_clothes_id as sales_i14_12_0_,
        stores0_.sales_info_status_id as sales_i15_12_0_,
        stores0_.sales_info_user_id as sales_i16_12_0_,
        stores0_.status as status7_12_0_,
        stores0_.title as title8_12_0_,
        members1_.id as id1_6_1_,
        members1_.email as email2_6_1_,
        members1_.image as image3_6_1_,
        members1_.name as name4_6_1_,
        members1_.nickname as nickname5_6_1_,
        members1_.password as password6_6_1_,
        members1_.phone as phone7_6_1_,
        members1_.refresh_token as refresh_8_6_1_,
        members1_.role as role9_6_1_,
        clothesinf2_.id as id1_2_2_,
        clothesinf2_.categoryl as category2_2_2_,
        clothesinf2_.categorys as category3_2_2_,
        clothesinf2_.fit as fit4_2_2_,
        clothesinf2_.length as length5_2_2_,
        colors3_.id as id1_4_3_,
        colors3_.name as name2_4_3_,
        materials4_.id as id1_5_4_,
        materials4_.name as name2_5_4_,
        style5_.id as id1_14_5_,
        style5_.name as name2_14_5_,
        salesinfoc6_.id as id1_9_6_,
        salesinfoc6_.clothes_brand as clothes_2_9_6_,
        salesinfoc6_.clothes_color as clothes_3_9_6_,
        salesinfoc6_.clothes_gender as clothes_4_9_6_,
        salesinfoc6_.clothes_size as clothes_5_9_6_,
        salesinfos7_.id as id1_10_7_,
        salesinfos7_.status_score as status_s2_10_7_,
        salesinfos7_.status_tag as status_t3_10_7_,
        salesinfos7_.status_times as status_t4_10_7_,
        salesinfos7_.status_when2buy as status_w5_10_7_,
        salesinfos7_.transport as transpor6_10_7_,
        salesinfou8_.id as id1_11_8_,
        salesinfou8_.user_height as user_hei2_11_8_,
        salesinfou8_.user_size as user_siz3_11_8_,
        salesinfou8_.user_weight as user_wei4_11_8_ 
    from
        stores stores0_ 
    left outer join
        members members1_ 
            on stores0_.author_id=members1_.id 
    left outer join
        clothes_info clothesinf2_ 
            on stores0_.clothes_info_id=clothesinf2_.id 
    left outer join
        colors colors3_ 
            on stores0_.colors_name=colors3_.name 
    left outer join
        materials materials4_ 
            on stores0_.materials_name=materials4_.name 
    left outer join
        style style5_ 
            on stores0_.style_name=style5_.name 
    left outer join
        sales_info_clothes salesinfoc6_ 
            on stores0_.sales_info_clothes_id=salesinfoc6_.id 
    left outer join
        sales_info_status salesinfos7_ 
            on stores0_.sales_info_status_id=salesinfos7_.id 
    left outer join
        sales_info_user salesinfou8_ 
            on stores0_.sales_info_user_id=salesinfou8_.id 
    where
        stores0_.id=?
Hibernate: 
    select
        stores0_.id as id1_12_0_,
        stores0_.created_date as created_2_12_0_,
        stores0_.modified_date as modified3_12_0_,
        stores0_.author_id as author_i9_12_0_,
        stores0_.clothes_info_id as clothes10_12_0_,
        stores0_.colors_name as colors_11_12_0_,
        stores0_.materials_name as materia12_12_0_,
        stores0_.style_name as style_n13_12_0_,
        stores0_.clothes_length as clothes_4_12_0_,
        stores0_.content as content5_12_0_,
        stores0_.price as price6_12_0_,
        stores0_.sales_info_clothes_id as sales_i14_12_0_,
        stores0_.sales_info_status_id as sales_i15_12_0_,
        stores0_.sales_info_user_id as sales_i16_12_0_,
        stores0_.status as status7_12_0_,
        stores0_.title as title8_12_0_,
        members1_.id as id1_6_1_,
        members1_.email as email2_6_1_,
        members1_.image as image3_6_1_,
        members1_.name as name4_6_1_,
        members1_.nickname as nickname5_6_1_,
        members1_.password as password6_6_1_,
        members1_.phone as phone7_6_1_,
        members1_.refresh_token as refresh_8_6_1_,
        members1_.role as role9_6_1_,
        clothesinf2_.id as id1_2_2_,
        clothesinf2_.categoryl as category2_2_2_,
        clothesinf2_.categorys as category3_2_2_,
        clothesinf2_.fit as fit4_2_2_,
        clothesinf2_.length as length5_2_2_,
        colors3_.id as id1_4_3_,
        colors3_.name as name2_4_3_,
        materials4_.id as id1_5_4_,
        materials4_.name as name2_5_4_,
        style5_.id as id1_14_5_,
        style5_.name as name2_14_5_,
        salesinfoc6_.id as id1_9_6_,
        salesinfoc6_.clothes_brand as clothes_2_9_6_,
        salesinfoc6_.clothes_color as clothes_3_9_6_,
        salesinfoc6_.clothes_gender as clothes_4_9_6_,
        salesinfoc6_.clothes_size as clothes_5_9_6_,
        salesinfos7_.id as id1_10_7_,
        salesinfos7_.status_score as status_s2_10_7_,
        salesinfos7_.status_tag as status_t3_10_7_,
        salesinfos7_.status_times as status_t4_10_7_,
        salesinfos7_.status_when2buy as status_w5_10_7_,
        salesinfos7_.transport as transpor6_10_7_,
        salesinfou8_.id as id1_11_8_,
        salesinfou8_.user_height as user_hei2_11_8_,
        salesinfou8_.user_size as user_siz3_11_8_,
        salesinfou8_.user_weight as user_wei4_11_8_ 
    from
        stores stores0_ 
    left outer join
        members members1_ 
            on stores0_.author_id=members1_.id 
    left outer join
        clothes_info clothesinf2_ 
            on stores0_.clothes_info_id=clothesinf2_.id 
    left outer join
        colors colors3_ 
            on stores0_.colors_name=colors3_.name 
    left outer join
        materials materials4_ 
            on stores0_.materials_name=materials4_.name 
    left outer join
        style style5_ 
            on stores0_.style_name=style5_.name 
    left outer join
        sales_info_clothes salesinfoc6_ 
            on stores0_.sales_info_clothes_id=salesinfoc6_.id 
    left outer join
        sales_info_status salesinfos7_ 
            on stores0_.sales_info_status_id=salesinfos7_.id 
    left outer join
        sales_info_user salesinfou8_ 
            on stores0_.sales_info_user_id=salesinfou8_.id 
    where
        stores0_.id=?
Hibernate: 
    select
        stores0_.id as id1_12_0_,
        stores0_.created_date as created_2_12_0_,
        stores0_.modified_date as modified3_12_0_,
        stores0_.author_id as author_i9_12_0_,
        stores0_.clothes_info_id as clothes10_12_0_,
        stores0_.colors_name as colors_11_12_0_,
        stores0_.materials_name as materia12_12_0_,
        stores0_.style_name as style_n13_12_0_,
        stores0_.clothes_length as clothes_4_12_0_,
        stores0_.content as content5_12_0_,
        stores0_.price as price6_12_0_,
        stores0_.sales_info_clothes_id as sales_i14_12_0_,
        stores0_.sales_info_status_id as sales_i15_12_0_,
        stores0_.sales_info_user_id as sales_i16_12_0_,
        stores0_.status as status7_12_0_,
        stores0_.title as title8_12_0_,
        members1_.id as id1_6_1_,
        members1_.email as email2_6_1_,
        members1_.image as image3_6_1_,
        members1_.name as name4_6_1_,
        members1_.nickname as nickname5_6_1_,
        members1_.password as password6_6_1_,
        members1_.phone as phone7_6_1_,
        members1_.refresh_token as refresh_8_6_1_,
        members1_.role as role9_6_1_,
        clothesinf2_.id as id1_2_2_,
        clothesinf2_.categoryl as category2_2_2_,
        clothesinf2_.categorys as category3_2_2_,
        clothesinf2_.fit as fit4_2_2_,
        clothesinf2_.length as length5_2_2_,
        colors3_.id as id1_4_3_,
        colors3_.name as name2_4_3_,
        materials4_.id as id1_5_4_,
        materials4_.name as name2_5_4_,
        style5_.id as id1_14_5_,
        style5_.name as name2_14_5_,
        salesinfoc6_.id as id1_9_6_,
        salesinfoc6_.clothes_brand as clothes_2_9_6_,
        salesinfoc6_.clothes_color as clothes_3_9_6_,
        salesinfoc6_.clothes_gender as clothes_4_9_6_,
        salesinfoc6_.clothes_size as clothes_5_9_6_,
        salesinfos7_.id as id1_10_7_,
        salesinfos7_.status_score as status_s2_10_7_,
        salesinfos7_.status_tag as status_t3_10_7_,
        salesinfos7_.status_times as status_t4_10_7_,
        salesinfos7_.status_when2buy as status_w5_10_7_,
        salesinfos7_.transport as transpor6_10_7_,
        salesinfou8_.id as id1_11_8_,
        salesinfou8_.user_height as user_hei2_11_8_,
        salesinfou8_.user_size as user_siz3_11_8_,
        salesinfou8_.user_weight as user_wei4_11_8_ 
    from
        stores stores0_ 
    left outer join
        members members1_ 
            on stores0_.author_id=members1_.id 
    left outer join
        clothes_info clothesinf2_ 
            on stores0_.clothes_info_id=clothesinf2_.id 
    left outer join
        colors colors3_ 
            on stores0_.colors_name=colors3_.name 
    left outer join
        materials materials4_ 
            on stores0_.materials_name=materials4_.name 
    left outer join
        style style5_ 
            on stores0_.style_name=style5_.name 
    left outer join
        sales_info_clothes salesinfoc6_ 
            on stores0_.sales_info_clothes_id=salesinfoc6_.id 
    left outer join
        sales_info_status salesinfos7_ 
            on stores0_.sales_info_status_id=salesinfos7_.id 
    left outer join
        sales_info_user salesinfou8_ 
            on stores0_.sales_info_user_id=salesinfou8_.id 
    where
        stores0_.id=?
Hibernate: 
    select
        stores0_.id as id1_12_0_,
        stores0_.created_date as created_2_12_0_,
        stores0_.modified_date as modified3_12_0_,
        stores0_.author_id as author_i9_12_0_,
        stores0_.clothes_info_id as clothes10_12_0_,
        stores0_.colors_name as colors_11_12_0_,
        stores0_.materials_name as materia12_12_0_,
        stores0_.style_name as style_n13_12_0_,
        stores0_.clothes_length as clothes_4_12_0_,
        stores0_.content as content5_12_0_,
        stores0_.price as price6_12_0_,
        stores0_.sales_info_clothes_id as sales_i14_12_0_,
        stores0_.sales_info_status_id as sales_i15_12_0_,
        stores0_.sales_info_user_id as sales_i16_12_0_,
        stores0_.status as status7_12_0_,
        stores0_.title as title8_12_0_,
        members1_.id as id1_6_1_,
        members1_.email as email2_6_1_,
        members1_.image as image3_6_1_,
        members1_.name as name4_6_1_,
        members1_.nickname as nickname5_6_1_,
        members1_.password as password6_6_1_,
        members1_.phone as phone7_6_1_,
        members1_.refresh_token as refresh_8_6_1_,
        members1_.role as role9_6_1_,
        clothesinf2_.id as id1_2_2_,
        clothesinf2_.categoryl as category2_2_2_,
        clothesinf2_.categorys as category3_2_2_,
        clothesinf2_.fit as fit4_2_2_,
        clothesinf2_.length as length5_2_2_,
        colors3_.id as id1_4_3_,
        colors3_.name as name2_4_3_,
        materials4_.id as id1_5_4_,
        materials4_.name as name2_5_4_,
        style5_.id as id1_14_5_,
        style5_.name as name2_14_5_,
        salesinfoc6_.id as id1_9_6_,
        salesinfoc6_.clothes_brand as clothes_2_9_6_,
        salesinfoc6_.clothes_color as clothes_3_9_6_,
        salesinfoc6_.clothes_gender as clothes_4_9_6_,
        salesinfoc6_.clothes_size as clothes_5_9_6_,
        salesinfos7_.id as id1_10_7_,
        salesinfos7_.status_score as status_s2_10_7_,
        salesinfos7_.status_tag as status_t3_10_7_,
        salesinfos7_.status_times as status_t4_10_7_,
        salesinfos7_.status_when2buy as status_w5_10_7_,
        salesinfos7_.transport as transpor6_10_7_,
        salesinfou8_.id as id1_11_8_,
        salesinfou8_.user_height as user_hei2_11_8_,
        salesinfou8_.user_size as user_siz3_11_8_,
        salesinfou8_.user_weight as user_wei4_11_8_ 
    from
        stores stores0_ 
    left outer join
        members members1_ 
            on stores0_.author_id=members1_.id 
    left outer join
        clothes_info clothesinf2_ 
            on stores0_.clothes_info_id=clothesinf2_.id 
    left outer join
        colors colors3_ 
            on stores0_.colors_name=colors3_.name 
    left outer join
        materials materials4_ 
            on stores0_.materials_name=materials4_.name 
    left outer join
        style style5_ 
            on stores0_.style_name=style5_.name 
    left outer join
        sales_info_clothes salesinfoc6_ 
            on stores0_.sales_info_clothes_id=salesinfoc6_.id 
    left outer join
        sales_info_status salesinfos7_ 
            on stores0_.sales_info_status_id=salesinfos7_.id 
    left outer join
        sales_info_user salesinfou8_ 
            on stores0_.sales_info_user_id=salesinfou8_.id 
    where
        stores0_.id=?
Hibernate: 
    select
        stores0_.id as id1_12_0_,
        stores0_.created_date as created_2_12_0_,
        stores0_.modified_date as modified3_12_0_,
        stores0_.author_id as author_i9_12_0_,
        stores0_.clothes_info_id as clothes10_12_0_,
        stores0_.colors_name as colors_11_12_0_,
        stores0_.materials_name as materia12_12_0_,
        stores0_.style_name as style_n13_12_0_,
        stores0_.clothes_length as clothes_4_12_0_,
        stores0_.content as content5_12_0_,
        stores0_.price as price6_12_0_,
        stores0_.sales_info_clothes_id as sales_i14_12_0_,
        stores0_.sales_info_status_id as sales_i15_12_0_,
        stores0_.sales_info_user_id as sales_i16_12_0_,
        stores0_.status as status7_12_0_,
        stores0_.title as title8_12_0_,
        members1_.id as id1_6_1_,
        members1_.email as email2_6_1_,
        members1_.image as image3_6_1_,
        members1_.name as name4_6_1_,
        members1_.nickname as nickname5_6_1_,
        members1_.password as password6_6_1_,
        members1_.phone as phone7_6_1_,
        members1_.refresh_token as refresh_8_6_1_,
        members1_.role as role9_6_1_,
        clothesinf2_.id as id1_2_2_,
        clothesinf2_.categoryl as category2_2_2_,
        clothesinf2_.categorys as category3_2_2_,
        clothesinf2_.fit as fit4_2_2_,
        clothesinf2_.length as length5_2_2_,
        colors3_.id as id1_4_3_,
        colors3_.name as name2_4_3_,
        materials4_.id as id1_5_4_,
        materials4_.name as name2_5_4_,
        style5_.id as id1_14_5_,
        style5_.name as name2_14_5_,
        salesinfoc6_.id as id1_9_6_,
        salesinfoc6_.clothes_brand as clothes_2_9_6_,
        salesinfoc6_.clothes_color as clothes_3_9_6_,
        salesinfoc6_.clothes_gender as clothes_4_9_6_,
        salesinfoc6_.clothes_size as clothes_5_9_6_,
        salesinfos7_.id as id1_10_7_,
        salesinfos7_.status_score as status_s2_10_7_,
        salesinfos7_.status_tag as status_t3_10_7_,
        salesinfos7_.status_times as status_t4_10_7_,
        salesinfos7_.status_when2buy as status_w5_10_7_,
        salesinfos7_.transport as transpor6_10_7_,
        salesinfou8_.id as id1_11_8_,
        salesinfou8_.user_height as user_hei2_11_8_,
        salesinfou8_.user_size as user_siz3_11_8_,
        salesinfou8_.user_weight as user_wei4_11_8_ 
    from
        stores stores0_ 
    left outer join
        members members1_ 
            on stores0_.author_id=members1_.id 
    left outer join
        clothes_info clothesinf2_ 
            on stores0_.clothes_info_id=clothesinf2_.id 
    left outer join
        colors colors3_ 
            on stores0_.colors_name=colors3_.name 
    left outer join
        materials materials4_ 
            on stores0_.materials_name=materials4_.name 
    left outer join
        style style5_ 
            on stores0_.style_name=style5_.name 
    left outer join
        sales_info_clothes salesinfoc6_ 
            on stores0_.sales_info_clothes_id=salesinfoc6_.id 
    left outer join
        sales_info_status salesinfos7_ 
            on stores0_.sales_info_status_id=salesinfos7_.id 
    left outer join
        sales_info_user salesinfou8_ 
            on stores0_.sales_info_user_id=salesinfou8_.id 
    where
        stores0_.id=?
Hibernate: 
    select
        stores0_.id as id1_12_0_,
        stores0_.created_date as created_2_12_0_,
        stores0_.modified_date as modified3_12_0_,
        stores0_.author_id as author_i9_12_0_,
        stores0_.clothes_info_id as clothes10_12_0_,
        stores0_.colors_name as colors_11_12_0_,
        stores0_.materials_name as materia12_12_0_,
        stores0_.style_name as style_n13_12_0_,
        stores0_.clothes_length as clothes_4_12_0_,
        stores0_.content as content5_12_0_,
        stores0_.price as price6_12_0_,
        stores0_.sales_info_clothes_id as sales_i14_12_0_,
        stores0_.sales_info_status_id as sales_i15_12_0_,
        stores0_.sales_info_user_id as sales_i16_12_0_,
        stores0_.status as status7_12_0_,
        stores0_.title as title8_12_0_,
        members1_.id as id1_6_1_,
        members1_.email as email2_6_1_,
        members1_.image as image3_6_1_,
        members1_.name as name4_6_1_,
        members1_.nickname as nickname5_6_1_,
        members1_.password as password6_6_1_,
        members1_.phone as phone7_6_1_,
        members1_.refresh_token as refresh_8_6_1_,
        members1_.role as role9_6_1_,
        clothesinf2_.id as id1_2_2_,
        clothesinf2_.categoryl as category2_2_2_,
        clothesinf2_.categorys as category3_2_2_,
        clothesinf2_.fit as fit4_2_2_,
        clothesinf2_.length as length5_2_2_,
        colors3_.id as id1_4_3_,
        colors3_.name as name2_4_3_,
        materials4_.id as id1_5_4_,
        materials4_.name as name2_5_4_,
        style5_.id as id1_14_5_,
        style5_.name as name2_14_5_,
        salesinfoc6_.id as id1_9_6_,
        salesinfoc6_.clothes_brand as clothes_2_9_6_,
        salesinfoc6_.clothes_color as clothes_3_9_6_,
        salesinfoc6_.clothes_gender as clothes_4_9_6_,
        salesinfoc6_.clothes_size as clothes_5_9_6_,
        salesinfos7_.id as id1_10_7_,
        salesinfos7_.status_score as status_s2_10_7_,
        salesinfos7_.status_tag as status_t3_10_7_,
        salesinfos7_.status_times as status_t4_10_7_,
        salesinfos7_.status_when2buy as status_w5_10_7_,
        salesinfos7_.transport as transpor6_10_7_,
        salesinfou8_.id as id1_11_8_,
        salesinfou8_.user_height as user_hei2_11_8_,
        salesinfou8_.user_size as user_siz3_11_8_,
        salesinfou8_.user_weight as user_wei4_11_8_ 
    from
        stores stores0_ 
    left outer join
        members members1_ 
            on stores0_.author_id=members1_.id 
    left outer join
        clothes_info clothesinf2_ 
            on stores0_.clothes_info_id=clothesinf2_.id 
    left outer join
        colors colors3_ 
            on stores0_.colors_name=colors3_.name 
    left outer join
        materials materials4_ 
            on stores0_.materials_name=materials4_.name 
    left outer join
        style style5_ 
            on stores0_.style_name=style5_.name 
    left outer join
        sales_info_clothes salesinfoc6_ 
            on stores0_.sales_info_clothes_id=salesinfoc6_.id 
    left outer join
        sales_info_status salesinfos7_ 
            on stores0_.sales_info_status_id=salesinfos7_.id 
    left outer join
        sales_info_user salesinfou8_ 
            on stores0_.sales_info_user_id=salesinfou8_.id 
    where
        stores0_.id=?
Hibernate: 
    select
        stores0_.id as id1_12_0_,
        stores0_.created_date as created_2_12_0_,
        stores0_.modified_date as modified3_12_0_,
        stores0_.author_id as author_i9_12_0_,
        stores0_.clothes_info_id as clothes10_12_0_,
        stores0_.colors_name as colors_11_12_0_,
        stores0_.materials_name as materia12_12_0_,
        stores0_.style_name as style_n13_12_0_,
        stores0_.clothes_length as clothes_4_12_0_,
        stores0_.content as content5_12_0_,
        stores0_.price as price6_12_0_,
        stores0_.sales_info_clothes_id as sales_i14_12_0_,
        stores0_.sales_info_status_id as sales_i15_12_0_,
        stores0_.sales_info_user_id as sales_i16_12_0_,
        stores0_.status as status7_12_0_,
        stores0_.title as title8_12_0_,
        members1_.id as id1_6_1_,
        members1_.email as email2_6_1_,
        members1_.image as image3_6_1_,
        members1_.name as name4_6_1_,
        members1_.nickname as nickname5_6_1_,
        members1_.password as password6_6_1_,
        members1_.phone as phone7_6_1_,
        members1_.refresh_token as refresh_8_6_1_,
        members1_.role as role9_6_1_,
        clothesinf2_.id as id1_2_2_,
        clothesinf2_.categoryl as category2_2_2_,
        clothesinf2_.categorys as category3_2_2_,
        clothesinf2_.fit as fit4_2_2_,
        clothesinf2_.length as length5_2_2_,
        colors3_.id as id1_4_3_,
        colors3_.name as name2_4_3_,
        materials4_.id as id1_5_4_,
        materials4_.name as name2_5_4_,
        style5_.id as id1_14_5_,
        style5_.name as name2_14_5_,
        salesinfoc6_.id as id1_9_6_,
        salesinfoc6_.clothes_brand as clothes_2_9_6_,
        salesinfoc6_.clothes_color as clothes_3_9_6_,
        salesinfoc6_.clothes_gender as clothes_4_9_6_,
        salesinfoc6_.clothes_size as clothes_5_9_6_,
        salesinfos7_.id as id1_10_7_,
        salesinfos7_.status_score as status_s2_10_7_,
        salesinfos7_.status_tag as status_t3_10_7_,
        salesinfos7_.status_times as status_t4_10_7_,
        salesinfos7_.status_when2buy as status_w5_10_7_,
        salesinfos7_.transport as transpor6_10_7_,
        salesinfou8_.id as id1_11_8_,
        salesinfou8_.user_height as user_hei2_11_8_,
        salesinfou8_.user_size as user_siz3_11_8_,
        salesinfou8_.user_weight as user_wei4_11_8_ 
    from
        stores stores0_ 
    left outer join
        members members1_ 
            on stores0_.author_id=members1_.id 
    left outer join
        clothes_info clothesinf2_ 
            on stores0_.clothes_info_id=clothesinf2_.id 
    left outer join
        colors colors3_ 
            on stores0_.colors_name=colors3_.name 
    left outer join
        materials materials4_ 
            on stores0_.materials_name=materials4_.name 
    left outer join
        style style5_ 
            on stores0_.style_name=style5_.name 
    left outer join
        sales_info_clothes salesinfoc6_ 
            on stores0_.sales_info_clothes_id=salesinfoc6_.id 
    left outer join
        sales_info_status salesinfos7_ 
            on stores0_.sales_info_status_id=salesinfos7_.id 
    left outer join
        sales_info_user salesinfou8_ 
            on stores0_.sales_info_user_id=salesinfou8_.id 
    where
        stores0_.id=?
Hibernate: 
    select
        stores0_.id as id1_12_0_,
        stores0_.created_date as created_2_12_0_,
        stores0_.modified_date as modified3_12_0_,
        stores0_.author_id as author_i9_12_0_,
        stores0_.clothes_info_id as clothes10_12_0_,
        stores0_.colors_name as colors_11_12_0_,
        stores0_.materials_name as materia12_12_0_,
        stores0_.style_name as style_n13_12_0_,
        stores0_.clothes_length as clothes_4_12_0_,
        stores0_.content as content5_12_0_,
        stores0_.price as price6_12_0_,
        stores0_.sales_info_clothes_id as sales_i14_12_0_,
        stores0_.sales_info_status_id as sales_i15_12_0_,
        stores0_.sales_info_user_id as sales_i16_12_0_,
        stores0_.status as status7_12_0_,
        stores0_.title as title8_12_0_,
        members1_.id as id1_6_1_,
        members1_.email as email2_6_1_,
        members1_.image as image3_6_1_,
        members1_.name as name4_6_1_,
        members1_.nickname as nickname5_6_1_,
        members1_.password as password6_6_1_,
        members1_.phone as phone7_6_1_,
        members1_.refresh_token as refresh_8_6_1_,
        members1_.role as role9_6_1_,
        clothesinf2_.id as id1_2_2_,
        clothesinf2_.categoryl as category2_2_2_,
        clothesinf2_.categorys as category3_2_2_,
        clothesinf2_.fit as fit4_2_2_,
        clothesinf2_.length as length5_2_2_,
        colors3_.id as id1_4_3_,
        colors3_.name as name2_4_3_,
        materials4_.id as id1_5_4_,
        materials4_.name as name2_5_4_,
        style5_.id as id1_14_5_,
        style5_.name as name2_14_5_,
        salesinfoc6_.id as id1_9_6_,
        salesinfoc6_.clothes_brand as clothes_2_9_6_,
        salesinfoc6_.clothes_color as clothes_3_9_6_,
        salesinfoc6_.clothes_gender as clothes_4_9_6_,
        salesinfoc6_.clothes_size as clothes_5_9_6_,
        salesinfos7_.id as id1_10_7_,
        salesinfos7_.status_score as status_s2_10_7_,
        salesinfos7_.status_tag as status_t3_10_7_,
        salesinfos7_.status_times as status_t4_10_7_,
        salesinfos7_.status_when2buy as status_w5_10_7_,
        salesinfos7_.transport as transpor6_10_7_,
        salesinfou8_.id as id1_11_8_,
        salesinfou8_.user_height as user_hei2_11_8_,
        salesinfou8_.user_size as user_siz3_11_8_,
        salesinfou8_.user_weight as user_wei4_11_8_ 
    from
        stores stores0_ 
    left outer join
        members members1_ 
            on stores0_.author_id=members1_.id 
    left outer join
        clothes_info clothesinf2_ 
            on stores0_.clothes_info_id=clothesinf2_.id 
    left outer join
        colors colors3_ 
            on stores0_.colors_name=colors3_.name 
    left outer join
        materials materials4_ 
            on stores0_.materials_name=materials4_.name 
    left outer join
        style style5_ 
            on stores0_.style_name=style5_.name 
    left outer join
        sales_info_clothes salesinfoc6_ 
            on stores0_.sales_info_clothes_id=salesinfoc6_.id 
    left outer join
        sales_info_status salesinfos7_ 
            on stores0_.sales_info_status_id=salesinfos7_.id 
    left outer join
        sales_info_user salesinfou8_ 
            on stores0_.sales_info_user_id=salesinfou8_.id 
    where
        stores0_.id=?
Hibernate: 
    select
        stores0_.id as id1_12_0_,
        stores0_.created_date as created_2_12_0_,
        stores0_.modified_date as modified3_12_0_,
        stores0_.author_id as author_i9_12_0_,
        stores0_.clothes_info_id as clothes10_12_0_,
        stores0_.colors_name as colors_11_12_0_,
        stores0_.materials_name as materia12_12_0_,
        stores0_.style_name as style_n13_12_0_,
        stores0_.clothes_length as clothes_4_12_0_,
        stores0_.content as content5_12_0_,
        stores0_.price as price6_12_0_,
        stores0_.sales_info_clothes_id as sales_i14_12_0_,
        stores0_.sales_info_status_id as sales_i15_12_0_,
        stores0_.sales_info_user_id as sales_i16_12_0_,
        stores0_.status as status7_12_0_,
        stores0_.title as title8_12_0_,
        members1_.id as id1_6_1_,
        members1_.email as email2_6_1_,
        members1_.image as image3_6_1_,
        members1_.name as name4_6_1_,
        members1_.nickname as nickname5_6_1_,
        members1_.password as password6_6_1_,
        members1_.phone as phone7_6_1_,
        members1_.refresh_token as refresh_8_6_1_,
        members1_.role as role9_6_1_,
        clothesinf2_.id as id1_2_2_,
        clothesinf2_.categoryl as category2_2_2_,
        clothesinf2_.categorys as category3_2_2_,
        clothesinf2_.fit as fit4_2_2_,
        clothesinf2_.length as length5_2_2_,
        colors3_.id as id1_4_3_,
        colors3_.name as name2_4_3_,
        materials4_.id as id1_5_4_,
        materials4_.name as name2_5_4_,
        style5_.id as id1_14_5_,
        style5_.name as name2_14_5_,
        salesinfoc6_.id as id1_9_6_,
        salesinfoc6_.clothes_brand as clothes_2_9_6_,
        salesinfoc6_.clothes_color as clothes_3_9_6_,
        salesinfoc6_.clothes_gender as clothes_4_9_6_,
        salesinfoc6_.clothes_size as clothes_5_9_6_,
        salesinfos7_.id as id1_10_7_,
        salesinfos7_.status_score as status_s2_10_7_,
        salesinfos7_.status_tag as status_t3_10_7_,
        salesinfos7_.status_times as status_t4_10_7_,
        salesinfos7_.status_when2buy as status_w5_10_7_,
        salesinfos7_.transport as transpor6_10_7_,
        salesinfou8_.id as id1_11_8_,
        salesinfou8_.user_height as user_hei2_11_8_,
        salesinfou8_.user_size as user_siz3_11_8_,
        salesinfou8_.user_weight as user_wei4_11_8_ 
    from
        stores stores0_ 
    left outer join
        members members1_ 
            on stores0_.author_id=members1_.id 
    left outer join
        clothes_info clothesinf2_ 
            on stores0_.clothes_info_id=clothesinf2_.id 
    left outer join
        colors colors3_ 
            on stores0_.colors_name=colors3_.name 
    left outer join
        materials materials4_ 
            on stores0_.materials_name=materials4_.name 
    left outer join
        style style5_ 
            on stores0_.style_name=style5_.name 
    left outer join
        sales_info_clothes salesinfoc6_ 
            on stores0_.sales_info_clothes_id=salesinfoc6_.id 
    left outer join
        sales_info_status salesinfos7_ 
            on stores0_.sales_info_status_id=salesinfos7_.id 
    left outer join
        sales_info_user salesinfou8_ 
            on stores0_.sales_info_user_id=salesinfou8_.id 
    where
        stores0_.id=?
Hibernate: 
    select
        stores0_.id as id1_12_0_,
        stores0_.created_date as created_2_12_0_,
        stores0_.modified_date as modified3_12_0_,
        stores0_.author_id as author_i9_12_0_,
        stores0_.clothes_info_id as clothes10_12_0_,
        stores0_.colors_name as colors_11_12_0_,
        stores0_.materials_name as materia12_12_0_,
        stores0_.style_name as style_n13_12_0_,
        stores0_.clothes_length as clothes_4_12_0_,
        stores0_.content as content5_12_0_,
        stores0_.price as price6_12_0_,
        stores0_.sales_info_clothes_id as sales_i14_12_0_,
        stores0_.sales_info_status_id as sales_i15_12_0_,
        stores0_.sales_info_user_id as sales_i16_12_0_,
        stores0_.status as status7_12_0_,
        stores0_.title as title8_12_0_,
        members1_.id as id1_6_1_,
        members1_.email as email2_6_1_,
        members1_.image as image3_6_1_,
        members1_.name as name4_6_1_,
        members1_.nickname as nickname5_6_1_,
        members1_.password as password6_6_1_,
        members1_.phone as phone7_6_1_,
        members1_.refresh_token as refresh_8_6_1_,
        members1_.role as role9_6_1_,
        clothesinf2_.id as id1_2_2_,
        clothesinf2_.categoryl as category2_2_2_,
        clothesinf2_.categorys as category3_2_2_,
        clothesinf2_.fit as fit4_2_2_,
        clothesinf2_.length as length5_2_2_,
        colors3_.id as id1_4_3_,
        colors3_.name as name2_4_3_,
        materials4_.id as id1_5_4_,
        materials4_.name as name2_5_4_,
        style5_.id as id1_14_5_,
        style5_.name as name2_14_5_,
        salesinfoc6_.id as id1_9_6_,
        salesinfoc6_.clothes_brand as clothes_2_9_6_,
        salesinfoc6_.clothes_color as clothes_3_9_6_,
        salesinfoc6_.clothes_gender as clothes_4_9_6_,
        salesinfoc6_.clothes_size as clothes_5_9_6_,
        salesinfos7_.id as id1_10_7_,
        salesinfos7_.status_score as status_s2_10_7_,
        salesinfos7_.status_tag as status_t3_10_7_,
        salesinfos7_.status_times as status_t4_10_7_,
        salesinfos7_.status_when2buy as status_w5_10_7_,
        salesinfos7_.transport as transpor6_10_7_,
        salesinfou8_.id as id1_11_8_,
        salesinfou8_.user_height as user_hei2_11_8_,
        salesinfou8_.user_size as user_siz3_11_8_,
        salesinfou8_.user_weight as user_wei4_11_8_ 
    from
        stores stores0_ 
    left outer join
        members members1_ 
            on stores0_.author_id=members1_.id 
    left outer join
        clothes_info clothesinf2_ 
            on stores0_.clothes_info_id=clothesinf2_.id 
    left outer join
        colors colors3_ 
            on stores0_.colors_name=colors3_.name 
    left outer join
        materials materials4_ 
            on stores0_.materials_name=materials4_.name 
    left outer join
        style style5_ 
            on stores0_.style_name=style5_.name 
    left outer join
        sales_info_clothes salesinfoc6_ 
            on stores0_.sales_info_clothes_id=salesinfoc6_.id 
    left outer join
        sales_info_status salesinfos7_ 
            on stores0_.sales_info_status_id=salesinfos7_.id 
    left outer join
        sales_info_user salesinfou8_ 
            on stores0_.sales_info_user_id=salesinfou8_.id 
    where
        stores0_.id=?
Hibernate: 
    select
        stores0_.id as id1_12_0_,
        stores0_.created_date as created_2_12_0_,
        stores0_.modified_date as modified3_12_0_,
        stores0_.author_id as author_i9_12_0_,
        stores0_.clothes_info_id as clothes10_12_0_,
        stores0_.colors_name as colors_11_12_0_,
        stores0_.materials_name as materia12_12_0_,
        stores0_.style_name as style_n13_12_0_,
        stores0_.clothes_length as clothes_4_12_0_,
        stores0_.content as content5_12_0_,
        stores0_.price as price6_12_0_,
        stores0_.sales_info_clothes_id as sales_i14_12_0_,
        stores0_.sales_info_status_id as sales_i15_12_0_,
        stores0_.sales_info_user_id as sales_i16_12_0_,
        stores0_.status as status7_12_0_,
        stores0_.title as title8_12_0_,
        members1_.id as id1_6_1_,
        members1_.email as email2_6_1_,
        members1_.image as image3_6_1_,
        members1_.name as name4_6_1_,
        members1_.nickname as nickname5_6_1_,
        members1_.password as password6_6_1_,
        members1_.phone as phone7_6_1_,
        members1_.refresh_token as refresh_8_6_1_,
        members1_.role as role9_6_1_,
        clothesinf2_.id as id1_2_2_,
        clothesinf2_.categoryl as category2_2_2_,
        clothesinf2_.categorys as category3_2_2_,
        clothesinf2_.fit as fit4_2_2_,
        clothesinf2_.length as length5_2_2_,
        colors3_.id as id1_4_3_,
        colors3_.name as name2_4_3_,
        materials4_.id as id1_5_4_,
        materials4_.name as name2_5_4_,
        style5_.id as id1_14_5_,
        style5_.name as name2_14_5_,
        salesinfoc6_.id as id1_9_6_,
        salesinfoc6_.clothes_brand as clothes_2_9_6_,
        salesinfoc6_.clothes_color as clothes_3_9_6_,
        salesinfoc6_.clothes_gender as clothes_4_9_6_,
        salesinfoc6_.clothes_size as clothes_5_9_6_,
        salesinfos7_.id as id1_10_7_,
        salesinfos7_.status_score as status_s2_10_7_,
        salesinfos7_.status_tag as status_t3_10_7_,
        salesinfos7_.status_times as status_t4_10_7_,
        salesinfos7_.status_when2buy as status_w5_10_7_,
        salesinfos7_.transport as transpor6_10_7_,
        salesinfou8_.id as id1_11_8_,
        salesinfou8_.user_height as user_hei2_11_8_,
        salesinfou8_.user_size as user_siz3_11_8_,
        salesinfou8_.user_weight as user_wei4_11_8_ 
    from
        stores stores0_ 
    left outer join
        members members1_ 
            on stores0_.author_id=members1_.id 
    left outer join
        clothes_info clothesinf2_ 
            on stores0_.clothes_info_id=clothesinf2_.id 
    left outer join
        colors colors3_ 
            on stores0_.colors_name=colors3_.name 
    left outer join
        materials materials4_ 
            on stores0_.materials_name=materials4_.name 
    left outer join
        style style5_ 
            on stores0_.style_name=style5_.name 
    left outer join
        sales_info_clothes salesinfoc6_ 
            on stores0_.sales_info_clothes_id=salesinfoc6_.id 
    left outer join
        sales_info_status salesinfos7_ 
            on stores0_.sales_info_status_id=salesinfos7_.id 
    left outer join
        sales_info_user salesinfou8_ 
            on stores0_.sales_info_user_id=salesinfou8_.id 
    where
        stores0_.id=?
Hibernate: 
    select
        stores0_.id as id1_12_0_,
        stores0_.created_date as created_2_12_0_,
        stores0_.modified_date as modified3_12_0_,
        stores0_.author_id as author_i9_12_0_,
        stores0_.clothes_info_id as clothes10_12_0_,
        stores0_.colors_name as colors_11_12_0_,
        stores0_.materials_name as materia12_12_0_,
        stores0_.style_name as style_n13_12_0_,
        stores0_.clothes_length as clothes_4_12_0_,
        stores0_.content as content5_12_0_,
        stores0_.price as price6_12_0_,
        stores0_.sales_info_clothes_id as sales_i14_12_0_,
        stores0_.sales_info_status_id as sales_i15_12_0_,
        stores0_.sales_info_user_id as sales_i16_12_0_,
        stores0_.status as status7_12_0_,
        stores0_.title as title8_12_0_,
        members1_.id as id1_6_1_,
        members1_.email as email2_6_1_,
        members1_.image as image3_6_1_,
        members1_.name as name4_6_1_,
        members1_.nickname as nickname5_6_1_,
        members1_.password as password6_6_1_,
        members1_.phone as phone7_6_1_,
        members1_.refresh_token as refresh_8_6_1_,
        members1_.role as role9_6_1_,
        clothesinf2_.id as id1_2_2_,
        clothesinf2_.categoryl as category2_2_2_,
        clothesinf2_.categorys as category3_2_2_,
        clothesinf2_.fit as fit4_2_2_,
        clothesinf2_.length as length5_2_2_,
        colors3_.id as id1_4_3_,
        colors3_.name as name2_4_3_,
        materials4_.id as id1_5_4_,
        materials4_.name as name2_5_4_,
        style5_.id as id1_14_5_,
        style5_.name as name2_14_5_,
        salesinfoc6_.id as id1_9_6_,
        salesinfoc6_.clothes_brand as clothes_2_9_6_,
        salesinfoc6_.clothes_color as clothes_3_9_6_,
        salesinfoc6_.clothes_gender as clothes_4_9_6_,
        salesinfoc6_.clothes_size as clothes_5_9_6_,
        salesinfos7_.id as id1_10_7_,
        salesinfos7_.status_score as status_s2_10_7_,
        salesinfos7_.status_tag as status_t3_10_7_,
        salesinfos7_.status_times as status_t4_10_7_,
        salesinfos7_.status_when2buy as status_w5_10_7_,
        salesinfos7_.transport as transpor6_10_7_,
        salesinfou8_.id as id1_11_8_,
        salesinfou8_.user_height as user_hei2_11_8_,
        salesinfou8_.user_size as user_siz3_11_8_,
        salesinfou8_.user_weight as user_wei4_11_8_ 
    from
        stores stores0_ 
    left outer join
        members members1_ 
            on stores0_.author_id=members1_.id 
    left outer join
        clothes_info clothesinf2_ 
            on stores0_.clothes_info_id=clothesinf2_.id 
    left outer join
        colors colors3_ 
            on stores0_.colors_name=colors3_.name 
    left outer join
        materials materials4_ 
            on stores0_.materials_name=materials4_.name 
    left outer join
        style style5_ 
            on stores0_.style_name=style5_.name 
    left outer join
        sales_info_clothes salesinfoc6_ 
            on stores0_.sales_info_clothes_id=salesinfoc6_.id 
    left outer join
        sales_info_status salesinfos7_ 
            on stores0_.sales_info_status_id=salesinfos7_.id 
    left outer join
        sales_info_user salesinfou8_ 
            on stores0_.sales_info_user_id=salesinfou8_.id 
    where
        stores0_.id=?
Hibernate: 
    select
        stores0_.id as id1_12_0_,
        stores0_.created_date as created_2_12_0_,
        stores0_.modified_date as modified3_12_0_,
        stores0_.author_id as author_i9_12_0_,
        stores0_.clothes_info_id as clothes10_12_0_,
        stores0_.colors_name as colors_11_12_0_,
        stores0_.materials_name as materia12_12_0_,
        stores0_.style_name as style_n13_12_0_,
        stores0_.clothes_length as clothes_4_12_0_,
        stores0_.content as content5_12_0_,
        stores0_.price as price6_12_0_,
        stores0_.sales_info_clothes_id as sales_i14_12_0_,
        stores0_.sales_info_status_id as sales_i15_12_0_,
        stores0_.sales_info_user_id as sales_i16_12_0_,
        stores0_.status as status7_12_0_,
        stores0_.title as title8_12_0_,
        members1_.id as id1_6_1_,
        members1_.email as email2_6_1_,
        members1_.image as image3_6_1_,
        members1_.name as name4_6_1_,
        members1_.nickname as nickname5_6_1_,
        members1_.password as password6_6_1_,
        members1_.phone as phone7_6_1_,
        members1_.refresh_token as refresh_8_6_1_,
        members1_.role as role9_6_1_,
        clothesinf2_.id as id1_2_2_,
        clothesinf2_.categoryl as category2_2_2_,
        clothesinf2_.categorys as category3_2_2_,
        clothesinf2_.fit as fit4_2_2_,
        clothesinf2_.length as length5_2_2_,
        colors3_.id as id1_4_3_,
        colors3_.name as name2_4_3_,
        materials4_.id as id1_5_4_,
        materials4_.name as name2_5_4_,
        style5_.id as id1_14_5_,
        style5_.name as name2_14_5_,
        salesinfoc6_.id as id1_9_6_,
        salesinfoc6_.clothes_brand as clothes_2_9_6_,
        salesinfoc6_.clothes_color as clothes_3_9_6_,
        salesinfoc6_.clothes_gender as clothes_4_9_6_,
        salesinfoc6_.clothes_size as clothes_5_9_6_,
        salesinfos7_.id as id1_10_7_,
        salesinfos7_.status_score as status_s2_10_7_,
        salesinfos7_.status_tag as status_t3_10_7_,
        salesinfos7_.status_times as status_t4_10_7_,
        salesinfos7_.status_when2buy as status_w5_10_7_,
        salesinfos7_.transport as transpor6_10_7_,
        salesinfou8_.id as id1_11_8_,
        salesinfou8_.user_height as user_hei2_11_8_,
        salesinfou8_.user_size as user_siz3_11_8_,
        salesinfou8_.user_weight as user_wei4_11_8_ 
    from
        stores stores0_ 
    left outer join
        members members1_ 
            on stores0_.author_id=members1_.id 
    left outer join
        clothes_info clothesinf2_ 
            on stores0_.clothes_info_id=clothesinf2_.id 
    left outer join
        colors colors3_ 
            on stores0_.colors_name=colors3_.name 
    left outer join
        materials materials4_ 
            on stores0_.materials_name=materials4_.name 
    left outer join
        style style5_ 
            on stores0_.style_name=style5_.name 
    left outer join
        sales_info_clothes salesinfoc6_ 
            on stores0_.sales_info_clothes_id=salesinfoc6_.id 
    left outer join
        sales_info_status salesinfos7_ 
            on stores0_.sales_info_status_id=salesinfos7_.id 
    left outer join
        sales_info_user salesinfou8_ 
            on stores0_.sales_info_user_id=salesinfou8_.id 
    where
        stores0_.id=?
Hibernate: 
    select
        stores0_.id as id1_12_0_,
        stores0_.created_date as created_2_12_0_,
        stores0_.modified_date as modified3_12_0_,
        stores0_.author_id as author_i9_12_0_,
        stores0_.clothes_info_id as clothes10_12_0_,
        stores0_.colors_name as colors_11_12_0_,
        stores0_.materials_name as materia12_12_0_,
        stores0_.style_name as style_n13_12_0_,
        stores0_.clothes_length as clothes_4_12_0_,
        stores0_.content as content5_12_0_,
        stores0_.price as price6_12_0_,
        stores0_.sales_info_clothes_id as sales_i14_12_0_,
        stores0_.sales_info_status_id as sales_i15_12_0_,
        stores0_.sales_info_user_id as sales_i16_12_0_,
        stores0_.status as status7_12_0_,
        stores0_.title as title8_12_0_,
        members1_.id as id1_6_1_,
        members1_.email as email2_6_1_,
        members1_.image as image3_6_1_,
        members1_.name as name4_6_1_,
        members1_.nickname as nickname5_6_1_,
        members1_.password as password6_6_1_,
        members1_.phone as phone7_6_1_,
        members1_.refresh_token as refresh_8_6_1_,
        members1_.role as role9_6_1_,
        clothesinf2_.id as id1_2_2_,
        clothesinf2_.categoryl as category2_2_2_,
        clothesinf2_.categorys as category3_2_2_,
        clothesinf2_.fit as fit4_2_2_,
        clothesinf2_.length as length5_2_2_,
        colors3_.id as id1_4_3_,
        colors3_.name as name2_4_3_,
        materials4_.id as id1_5_4_,
        materials4_.name as name2_5_4_,
        style5_.id as id1_14_5_,
        style5_.name as name2_14_5_,
        salesinfoc6_.id as id1_9_6_,
        salesinfoc6_.clothes_brand as clothes_2_9_6_,
        salesinfoc6_.clothes_color as clothes_3_9_6_,
        salesinfoc6_.clothes_gender as clothes_4_9_6_,
        salesinfoc6_.clothes_size as clothes_5_9_6_,
        salesinfos7_.id as id1_10_7_,
        salesinfos7_.status_score as status_s2_10_7_,
        salesinfos7_.status_tag as status_t3_10_7_,
        salesinfos7_.status_times as status_t4_10_7_,
        salesinfos7_.status_when2buy as status_w5_10_7_,
        salesinfos7_.transport as transpor6_10_7_,
        salesinfou8_.id as id1_11_8_,
        salesinfou8_.user_height as user_hei2_11_8_,
        salesinfou8_.user_size as user_siz3_11_8_,
        salesinfou8_.user_weight as user_wei4_11_8_ 
    from
        stores stores0_ 
    left outer join
        members members1_ 
            on stores0_.author_id=members1_.id 
    left outer join
        clothes_info clothesinf2_ 
            on stores0_.clothes_info_id=clothesinf2_.id 
    left outer join
        colors colors3_ 
            on stores0_.colors_name=colors3_.name 
    left outer join
        materials materials4_ 
            on stores0_.materials_name=materials4_.name 
    left outer join
        style style5_ 
            on stores0_.style_name=style5_.name 
    left outer join
        sales_info_clothes salesinfoc6_ 
            on stores0_.sales_info_clothes_id=salesinfoc6_.id 
    left outer join
        sales_info_status salesinfos7_ 
            on stores0_.sales_info_status_id=salesinfos7_.id 
    left outer join
        sales_info_user salesinfou8_ 
            on stores0_.sales_info_user_id=salesinfou8_.id 
    where
        stores0_.id=?
Hibernate: 
    select
        stores0_.id as id1_12_0_,
        stores0_.created_date as created_2_12_0_,
        stores0_.modified_date as modified3_12_0_,
        stores0_.author_id as author_i9_12_0_,
        stores0_.clothes_info_id as clothes10_12_0_,
        stores0_.colors_name as colors_11_12_0_,
        stores0_.materials_name as materia12_12_0_,
        stores0_.style_name as style_n13_12_0_,
        stores0_.clothes_length as clothes_4_12_0_,
        stores0_.content as content5_12_0_,
        stores0_.price as price6_12_0_,
        stores0_.sales_info_clothes_id as sales_i14_12_0_,
        stores0_.sales_info_status_id as sales_i15_12_0_,
        stores0_.sales_info_user_id as sales_i16_12_0_,
        stores0_.status as status7_12_0_,
        stores0_.title as title8_12_0_,
        members1_.id as id1_6_1_,
        members1_.email as email2_6_1_,
        members1_.image as image3_6_1_,
        members1_.name as name4_6_1_,
        members1_.nickname as nickname5_6_1_,
        members1_.password as password6_6_1_,
        members1_.phone as phone7_6_1_,
        members1_.refresh_token as refresh_8_6_1_,
        members1_.role as role9_6_1_,
        clothesinf2_.id as id1_2_2_,
        clothesinf2_.categoryl as category2_2_2_,
        clothesinf2_.categorys as category3_2_2_,
        clothesinf2_.fit as fit4_2_2_,
        clothesinf2_.length as length5_2_2_,
        colors3_.id as id1_4_3_,
        colors3_.name as name2_4_3_,
        materials4_.id as id1_5_4_,
        materials4_.name as name2_5_4_,
        style5_.id as id1_14_5_,
        style5_.name as name2_14_5_,
        salesinfoc6_.id as id1_9_6_,
        salesinfoc6_.clothes_brand as clothes_2_9_6_,
        salesinfoc6_.clothes_color as clothes_3_9_6_,
        salesinfoc6_.clothes_gender as clothes_4_9_6_,
        salesinfoc6_.clothes_size as clothes_5_9_6_,
        salesinfos7_.id as id1_10_7_,
        salesinfos7_.status_score as status_s2_10_7_,
        salesinfos7_.status_tag as status_t3_10_7_,
        salesinfos7_.status_times as status_t4_10_7_,
        salesinfos7_.status_when2buy as status_w5_10_7_,
        salesinfos7_.transport as transpor6_10_7_,
        salesinfou8_.id as id1_11_8_,
        salesinfou8_.user_height as user_hei2_11_8_,
        salesinfou8_.user_size as user_siz3_11_8_,
        salesinfou8_.user_weight as user_wei4_11_8_ 
    from
        stores stores0_ 
    left outer join
        members members1_ 
            on stores0_.author_id=members1_.id 
    left outer join
        clothes_info clothesinf2_ 
            on stores0_.clothes_info_id=clothesinf2_.id 
    left outer join
        colors colors3_ 
            on stores0_.colors_name=colors3_.name 
    left outer join
        materials materials4_ 
            on stores0_.materials_name=materials4_.name 
    left outer join
        style style5_ 
            on stores0_.style_name=style5_.name 
    left outer join
        sales_info_clothes salesinfoc6_ 
            on stores0_.sales_info_clothes_id=salesinfoc6_.id 
    left outer join
        sales_info_status salesinfos7_ 
            on stores0_.sales_info_status_id=salesinfos7_.id 
    left outer join
        sales_info_user salesinfou8_ 
            on stores0_.sales_info_user_id=salesinfou8_.id 
    where
        stores0_.id=?
Hibernate: 
    select
        stores0_.id as id1_12_0_,
        stores0_.created_date as created_2_12_0_,
        stores0_.modified_date as modified3_12_0_,
        stores0_.author_id as author_i9_12_0_,
        stores0_.clothes_info_id as clothes10_12_0_,
        stores0_.colors_name as colors_11_12_0_,
        stores0_.materials_name as materia12_12_0_,
        stores0_.style_name as style_n13_12_0_,
        stores0_.clothes_length as clothes_4_12_0_,
        stores0_.content as content5_12_0_,
        stores0_.price as price6_12_0_,
        stores0_.sales_info_clothes_id as sales_i14_12_0_,
        stores0_.sales_info_status_id as sales_i15_12_0_,
        stores0_.sales_info_user_id as sales_i16_12_0_,
        stores0_.status as status7_12_0_,
        stores0_.title as title8_12_0_,
        members1_.id as id1_6_1_,
        members1_.email as email2_6_1_,
        members1_.image as image3_6_1_,
        members1_.name as name4_6_1_,
        members1_.nickname as nickname5_6_1_,
        members1_.password as password6_6_1_,
        members1_.phone as phone7_6_1_,
        members1_.refresh_token as refresh_8_6_1_,
        members1_.role as role9_6_1_,
        clothesinf2_.id as id1_2_2_,
        clothesinf2_.categoryl as category2_2_2_,
        clothesinf2_.categorys as category3_2_2_,
        clothesinf2_.fit as fit4_2_2_,
        clothesinf2_.length as length5_2_2_,
        colors3_.id as id1_4_3_,
        colors3_.name as name2_4_3_,
        materials4_.id as id1_5_4_,
        materials4_.name as name2_5_4_,
        style5_.id as id1_14_5_,
        style5_.name as name2_14_5_,
        salesinfoc6_.id as id1_9_6_,
        salesinfoc6_.clothes_brand as clothes_2_9_6_,
        salesinfoc6_.clothes_color as clothes_3_9_6_,
        salesinfoc6_.clothes_gender as clothes_4_9_6_,
        salesinfoc6_.clothes_size as clothes_5_9_6_,
        salesinfos7_.id as id1_10_7_,
        salesinfos7_.status_score as status_s2_10_7_,
        salesinfos7_.status_tag as status_t3_10_7_,
        salesinfos7_.status_times as status_t4_10_7_,
        salesinfos7_.status_when2buy as status_w5_10_7_,
        salesinfos7_.transport as transpor6_10_7_,
        salesinfou8_.id as id1_11_8_,
        salesinfou8_.user_height as user_hei2_11_8_,
        salesinfou8_.user_size as user_siz3_11_8_,
        salesinfou8_.user_weight as user_wei4_11_8_ 
    from
        stores stores0_ 
    left outer join
        members members1_ 
            on stores0_.author_id=members1_.id 
    left outer join
        clothes_info clothesinf2_ 
            on stores0_.clothes_info_id=clothesinf2_.id 
    left outer join
        colors colors3_ 
            on stores0_.colors_name=colors3_.name 
    left outer join
        materials materials4_ 
            on stores0_.materials_name=materials4_.name 
    left outer join
        style style5_ 
            on stores0_.style_name=style5_.name 
    left outer join
        sales_info_clothes salesinfoc6_ 
            on stores0_.sales_info_clothes_id=salesinfoc6_.id 
    left outer join
        sales_info_status salesinfos7_ 
            on stores0_.sales_info_status_id=salesinfos7_.id 
    left outer join
        sales_info_user salesinfou8_ 
            on stores0_.sales_info_user_id=salesinfou8_.id 
    where
        stores0_.id=?
Hibernate: 
    select
        stores0_.id as id1_12_0_,
        stores0_.created_date as created_2_12_0_,
        stores0_.modified_date as modified3_12_0_,
        stores0_.author_id as author_i9_12_0_,
        stores0_.clothes_info_id as clothes10_12_0_,
        stores0_.colors_name as colors_11_12_0_,
        stores0_.materials_name as materia12_12_0_,
        stores0_.style_name as style_n13_12_0_,
        stores0_.clothes_length as clothes_4_12_0_,
        stores0_.content as content5_12_0_,
        stores0_.price as price6_12_0_,
        stores0_.sales_info_clothes_id as sales_i14_12_0_,
        stores0_.sales_info_status_id as sales_i15_12_0_,
        stores0_.sales_info_user_id as sales_i16_12_0_,
        stores0_.status as status7_12_0_,
        stores0_.title as title8_12_0_,
        members1_.id as id1_6_1_,
        members1_.email as email2_6_1_,
        members1_.image as image3_6_1_,
        members1_.name as name4_6_1_,
        members1_.nickname as nickname5_6_1_,
        members1_.password as password6_6_1_,
        members1_.phone as phone7_6_1_,
        members1_.refresh_token as refresh_8_6_1_,
        members1_.role as role9_6_1_,
        clothesinf2_.id as id1_2_2_,
        clothesinf2_.categoryl as category2_2_2_,
        clothesinf2_.categorys as category3_2_2_,
        clothesinf2_.fit as fit4_2_2_,
        clothesinf2_.length as length5_2_2_,
        colors3_.id as id1_4_3_,
        colors3_.name as name2_4_3_,
        materials4_.id as id1_5_4_,
        materials4_.name as name2_5_4_,
        style5_.id as id1_14_5_,
        style5_.name as name2_14_5_,
        salesinfoc6_.id as id1_9_6_,
        salesinfoc6_.clothes_brand as clothes_2_9_6_,
        salesinfoc6_.clothes_color as clothes_3_9_6_,
        salesinfoc6_.clothes_gender as clothes_4_9_6_,
        salesinfoc6_.clothes_size as clothes_5_9_6_,
        salesinfos7_.id as id1_10_7_,
        salesinfos7_.status_score as status_s2_10_7_,
        salesinfos7_.status_tag as status_t3_10_7_,
        salesinfos7_.status_times as status_t4_10_7_,
        salesinfos7_.status_when2buy as status_w5_10_7_,
        salesinfos7_.transport as transpor6_10_7_,
        salesinfou8_.id as id1_11_8_,
        salesinfou8_.user_height as user_hei2_11_8_,
        salesinfou8_.user_size as user_siz3_11_8_,
        salesinfou8_.user_weight as user_wei4_11_8_ 
    from
        stores stores0_ 
    left outer join
        members members1_ 
            on stores0_.author_id=members1_.id 
    left outer join
        clothes_info clothesinf2_ 
            on stores0_.clothes_info_id=clothesinf2_.id 
    left outer join
        colors colors3_ 
            on stores0_.colors_name=colors3_.name 
    left outer join
        materials materials4_ 
            on stores0_.materials_name=materials4_.name 
    left outer join
        style style5_ 
            on stores0_.style_name=style5_.name 
    left outer join
        sales_info_clothes salesinfoc6_ 
            on stores0_.sales_info_clothes_id=salesinfoc6_.id 
    left outer join
        sales_info_status salesinfos7_ 
            on stores0_.sales_info_status_id=salesinfos7_.id 
    left outer join
        sales_info_user salesinfou8_ 
            on stores0_.sales_info_user_id=salesinfou8_.id 
    where
        stores0_.id=?
Hibernate: 
    select
        stores0_.id as id1_12_0_,
        stores0_.created_date as created_2_12_0_,
        stores0_.modified_date as modified3_12_0_,
        stores0_.author_id as author_i9_12_0_,
        stores0_.clothes_info_id as clothes10_12_0_,
        stores0_.colors_name as colors_11_12_0_,
        stores0_.materials_name as materia12_12_0_,
        stores0_.style_name as style_n13_12_0_,
        stores0_.clothes_length as clothes_4_12_0_,
        stores0_.content as content5_12_0_,
        stores0_.price as price6_12_0_,
        stores0_.sales_info_clothes_id as sales_i14_12_0_,
        stores0_.sales_info_status_id as sales_i15_12_0_,
        stores0_.sales_info_user_id as sales_i16_12_0_,
        stores0_.status as status7_12_0_,
        stores0_.title as title8_12_0_,
        members1_.id as id1_6_1_,
        members1_.email as email2_6_1_,
        members1_.image as image3_6_1_,
        members1_.name as name4_6_1_,
        members1_.nickname as nickname5_6_1_,
        members1_.password as password6_6_1_,
        members1_.phone as phone7_6_1_,
        members1_.refresh_token as refresh_8_6_1_,
        members1_.role as role9_6_1_,
        clothesinf2_.id as id1_2_2_,
        clothesinf2_.categoryl as category2_2_2_,
        clothesinf2_.categorys as category3_2_2_,
        clothesinf2_.fit as fit4_2_2_,
        clothesinf2_.length as length5_2_2_,
        colors3_.id as id1_4_3_,
        colors3_.name as name2_4_3_,
        materials4_.id as id1_5_4_,
        materials4_.name as name2_5_4_,
        style5_.id as id1_14_5_,
        style5_.name as name2_14_5_,
        salesinfoc6_.id as id1_9_6_,
        salesinfoc6_.clothes_brand as clothes_2_9_6_,
        salesinfoc6_.clothes_color as clothes_3_9_6_,
        salesinfoc6_.clothes_gender as clothes_4_9_6_,
        salesinfoc6_.clothes_size as clothes_5_9_6_,
        salesinfos7_.id as id1_10_7_,
        salesinfos7_.status_score as status_s2_10_7_,
        salesinfos7_.status_tag as status_t3_10_7_,
        salesinfos7_.status_times as status_t4_10_7_,
        salesinfos7_.status_when2buy as status_w5_10_7_,
        salesinfos7_.transport as transpor6_10_7_,
        salesinfou8_.id as id1_11_8_,
        salesinfou8_.user_height as user_hei2_11_8_,
        salesinfou8_.user_size as user_siz3_11_8_,
        salesinfou8_.user_weight as user_wei4_11_8_ 
    from
        stores stores0_ 
    left outer join
        members members1_ 
            on stores0_.author_id=members1_.id 
    left outer join
        clothes_info clothesinf2_ 
            on stores0_.clothes_info_id=clothesinf2_.id 
    left outer join
        colors colors3_ 
            on stores0_.colors_name=colors3_.name 
    left outer join
        materials materials4_ 
            on stores0_.materials_name=materials4_.name 
    left outer join
        style style5_ 
            on stores0_.style_name=style5_.name 
    left outer join
        sales_info_clothes salesinfoc6_ 
            on stores0_.sales_info_clothes_id=salesinfoc6_.id 
    left outer join
        sales_info_status salesinfos7_ 
            on stores0_.sales_info_status_id=salesinfos7_.id 
    left outer join
        sales_info_user salesinfou8_ 
            on stores0_.sales_info_user_id=salesinfou8_.id 
    where
        stores0_.id=?
Hibernate: 
    select
        stores0_.id as id1_12_0_,
        stores0_.created_date as created_2_12_0_,
        stores0_.modified_date as modified3_12_0_,
        stores0_.author_id as author_i9_12_0_,
        stores0_.clothes_info_id as clothes10_12_0_,
        stores0_.colors_name as colors_11_12_0_,
        stores0_.materials_name as materia12_12_0_,
        stores0_.style_name as style_n13_12_0_,
        stores0_.clothes_length as clothes_4_12_0_,
        stores0_.content as content5_12_0_,
        stores0_.price as price6_12_0_,
        stores0_.sales_info_clothes_id as sales_i14_12_0_,
        stores0_.sales_info_status_id as sales_i15_12_0_,
        stores0_.sales_info_user_id as sales_i16_12_0_,
        stores0_.status as status7_12_0_,
        stores0_.title as title8_12_0_,
        members1_.id as id1_6_1_,
        members1_.email as email2_6_1_,
        members1_.image as image3_6_1_,
        members1_.name as name4_6_1_,
        members1_.nickname as nickname5_6_1_,
        members1_.password as password6_6_1_,
        members1_.phone as phone7_6_1_,
        members1_.refresh_token as refresh_8_6_1_,
        members1_.role as role9_6_1_,
        clothesinf2_.id as id1_2_2_,
        clothesinf2_.categoryl as category2_2_2_,
        clothesinf2_.categorys as category3_2_2_,
        clothesinf2_.fit as fit4_2_2_,
        clothesinf2_.length as length5_2_2_,
        colors3_.id as id1_4_3_,
        colors3_.name as name2_4_3_,
        materials4_.id as id1_5_4_,
        materials4_.name as name2_5_4_,
        style5_.id as id1_14_5_,
        style5_.name as name2_14_5_,
        salesinfoc6_.id as id1_9_6_,
        salesinfoc6_.clothes_brand as clothes_2_9_6_,
        salesinfoc6_.clothes_color as clothes_3_9_6_,
        salesinfoc6_.clothes_gender as clothes_4_9_6_,
        salesinfoc6_.clothes_size as clothes_5_9_6_,
        salesinfos7_.id as id1_10_7_,
        salesinfos7_.status_score as status_s2_10_7_,
        salesinfos7_.status_tag as status_t3_10_7_,
        salesinfos7_.status_times as status_t4_10_7_,
        salesinfos7_.status_when2buy as status_w5_10_7_,
        salesinfos7_.transport as transpor6_10_7_,
        salesinfou8_.id as id1_11_8_,
        salesinfou8_.user_height as user_hei2_11_8_,
        salesinfou8_.user_size as user_siz3_11_8_,
        salesinfou8_.user_weight as user_wei4_11_8_ 
    from
        stores stores0_ 
    left outer join
        members members1_ 
            on stores0_.author_id=members1_.id 
    left outer join
        clothes_info clothesinf2_ 
            on stores0_.clothes_info_id=clothesinf2_.id 
    left outer join
        colors colors3_ 
            on stores0_.colors_name=colors3_.name 
    left outer join
        materials materials4_ 
            on stores0_.materials_name=materials4_.name 
    left outer join
        style style5_ 
            on stores0_.style_name=style5_.name 
    left outer join
        sales_info_clothes salesinfoc6_ 
            on stores0_.sales_info_clothes_id=salesinfoc6_.id 
    left outer join
        sales_info_status salesinfos7_ 
            on stores0_.sales_info_status_id=salesinfos7_.id 
    left outer join
        sales_info_user salesinfou8_ 
            on stores0_.sales_info_user_id=salesinfou8_.id 
    where
        stores0_.id=?
Hibernate: 
    select
        stores0_.id as id1_12_0_,
        stores0_.created_date as created_2_12_0_,
        stores0_.modified_date as modified3_12_0_,
        stores0_.author_id as author_i9_12_0_,
        stores0_.clothes_info_id as clothes10_12_0_,
        stores0_.colors_name as colors_11_12_0_,
        stores0_.materials_name as materia12_12_0_,
        stores0_.style_name as style_n13_12_0_,
        stores0_.clothes_length as clothes_4_12_0_,
        stores0_.content as content5_12_0_,
        stores0_.price as price6_12_0_,
        stores0_.sales_info_clothes_id as sales_i14_12_0_,
        stores0_.sales_info_status_id as sales_i15_12_0_,
        stores0_.sales_info_user_id as sales_i16_12_0_,
        stores0_.status as status7_12_0_,
        stores0_.title as title8_12_0_,
        members1_.id as id1_6_1_,
        members1_.email as email2_6_1_,
        members1_.image as image3_6_1_,
        members1_.name as name4_6_1_,
        members1_.nickname as nickname5_6_1_,
        members1_.password as password6_6_1_,
        members1_.phone as phone7_6_1_,
        members1_.refresh_token as refresh_8_6_1_,
        members1_.role as role9_6_1_,
        clothesinf2_.id as id1_2_2_,
        clothesinf2_.categoryl as category2_2_2_,
        clothesinf2_.categorys as category3_2_2_,
        clothesinf2_.fit as fit4_2_2_,
        clothesinf2_.length as length5_2_2_,
        colors3_.id as id1_4_3_,
        colors3_.name as name2_4_3_,
        materials4_.id as id1_5_4_,
        materials4_.name as name2_5_4_,
        style5_.id as id1_14_5_,
        style5_.name as name2_14_5_,
        salesinfoc6_.id as id1_9_6_,
        salesinfoc6_.clothes_brand as clothes_2_9_6_,
        salesinfoc6_.clothes_color as clothes_3_9_6_,
        salesinfoc6_.clothes_gender as clothes_4_9_6_,
        salesinfoc6_.clothes_size as clothes_5_9_6_,
        salesinfos7_.id as id1_10_7_,
        salesinfos7_.status_score as status_s2_10_7_,
        salesinfos7_.status_tag as status_t3_10_7_,
        salesinfos7_.status_times as status_t4_10_7_,
        salesinfos7_.status_when2buy as status_w5_10_7_,
        salesinfos7_.transport as transpor6_10_7_,
        salesinfou8_.id as id1_11_8_,
        salesinfou8_.user_height as user_hei2_11_8_,
        salesinfou8_.user_size as user_siz3_11_8_,
        salesinfou8_.user_weight as user_wei4_11_8_ 
    from
        stores stores0_ 
    left outer join
        members members1_ 
            on stores0_.author_id=members1_.id 
    left outer join
        clothes_info clothesinf2_ 
            on stores0_.clothes_info_id=clothesinf2_.id 
    left outer join
        colors colors3_ 
            on stores0_.colors_name=colors3_.name 
    left outer join
        materials materials4_ 
            on stores0_.materials_name=materials4_.name 
    left outer join
        style style5_ 
            on stores0_.style_name=style5_.name 
    left outer join
        sales_info_clothes salesinfoc6_ 
            on stores0_.sales_info_clothes_id=salesinfoc6_.id 
    left outer join
        sales_info_status salesinfos7_ 
            on stores0_.sales_info_status_id=salesinfos7_.id 
    left outer join
        sales_info_user salesinfou8_ 
            on stores0_.sales_info_user_id=salesinfou8_.id 
    where
        stores0_.id=?
Hibernate: 
    select
        stores0_.id as id1_12_0_,
        stores0_.created_date as created_2_12_0_,
        stores0_.modified_date as modified3_12_0_,
        stores0_.author_id as author_i9_12_0_,
        stores0_.clothes_info_id as clothes10_12_0_,
        stores0_.colors_name as colors_11_12_0_,
        stores0_.materials_name as materia12_12_0_,
        stores0_.style_name as style_n13_12_0_,
        stores0_.clothes_length as clothes_4_12_0_,
        stores0_.content as content5_12_0_,
        stores0_.price as price6_12_0_,
        stores0_.sales_info_clothes_id as sales_i14_12_0_,
        stores0_.sales_info_status_id as sales_i15_12_0_,
        stores0_.sales_info_user_id as sales_i16_12_0_,
        stores0_.status as status7_12_0_,
        stores0_.title as title8_12_0_,
        members1_.id as id1_6_1_,
        members1_.email as email2_6_1_,
        members1_.image as image3_6_1_,
        members1_.name as name4_6_1_,
        members1_.nickname as nickname5_6_1_,
        members1_.password as password6_6_1_,
        members1_.phone as phone7_6_1_,
        members1_.refresh_token as refresh_8_6_1_,
        members1_.role as role9_6_1_,
        clothesinf2_.id as id1_2_2_,
        clothesinf2_.categoryl as category2_2_2_,
        clothesinf2_.categorys as category3_2_2_,
        clothesinf2_.fit as fit4_2_2_,
        clothesinf2_.length as length5_2_2_,
        colors3_.id as id1_4_3_,
        colors3_.name as name2_4_3_,
        materials4_.id as id1_5_4_,
        materials4_.name as name2_5_4_,
        style5_.id as id1_14_5_,
        style5_.name as name2_14_5_,
        salesinfoc6_.id as id1_9_6_,
        salesinfoc6_.clothes_brand as clothes_2_9_6_,
        salesinfoc6_.clothes_color as clothes_3_9_6_,
        salesinfoc6_.clothes_gender as clothes_4_9_6_,
        salesinfoc6_.clothes_size as clothes_5_9_6_,
        salesinfos7_.id as id1_10_7_,
        salesinfos7_.status_score as status_s2_10_7_,
        salesinfos7_.status_tag as status_t3_10_7_,
        salesinfos7_.status_times as status_t4_10_7_,
        salesinfos7_.status_when2buy as status_w5_10_7_,
        salesinfos7_.transport as transpor6_10_7_,
        salesinfou8_.id as id1_11_8_,
        salesinfou8_.user_height as user_hei2_11_8_,
        salesinfou8_.user_size as user_siz3_11_8_,
        salesinfou8_.user_weight as user_wei4_11_8_ 
    from
        stores stores0_ 
    left outer join
        members members1_ 
            on stores0_.author_id=members1_.id 
    left outer join
        clothes_info clothesinf2_ 
            on stores0_.clothes_info_id=clothesinf2_.id 
    left outer join
        colors colors3_ 
            on stores0_.colors_name=colors3_.name 
    left outer join
        materials materials4_ 
            on stores0_.materials_name=materials4_.name 
    left outer join
        style style5_ 
            on stores0_.style_name=style5_.name 
    left outer join
        sales_info_clothes salesinfoc6_ 
            on stores0_.sales_info_clothes_id=salesinfoc6_.id 
    left outer join
        sales_info_status salesinfos7_ 
            on stores0_.sales_info_status_id=salesinfos7_.id 
    left outer join
        sales_info_user salesinfou8_ 
            on stores0_.sales_info_user_id=salesinfou8_.id 
    where
        stores0_.id=?
Hibernate: 
    select
        stores0_.id as id1_12_0_,
        stores0_.created_date as created_2_12_0_,
        stores0_.modified_date as modified3_12_0_,
        stores0_.author_id as author_i9_12_0_,
        stores0_.clothes_info_id as clothes10_12_0_,
        stores0_.colors_name as colors_11_12_0_,
        stores0_.materials_name as materia12_12_0_,
        stores0_.style_name as style_n13_12_0_,
        stores0_.clothes_length as clothes_4_12_0_,
        stores0_.content as content5_12_0_,
        stores0_.price as price6_12_0_,
        stores0_.sales_info_clothes_id as sales_i14_12_0_,
        stores0_.sales_info_status_id as sales_i15_12_0_,
        stores0_.sales_info_user_id as sales_i16_12_0_,
        stores0_.status as status7_12_0_,
        stores0_.title as title8_12_0_,
        members1_.id as id1_6_1_,
        members1_.email as email2_6_1_,
        members1_.image as image3_6_1_,
        members1_.name as name4_6_1_,
        members1_.nickname as nickname5_6_1_,
        members1_.password as password6_6_1_,
        members1_.phone as phone7_6_1_,
        members1_.refresh_token as refresh_8_6_1_,
        members1_.role as role9_6_1_,
        clothesinf2_.id as id1_2_2_,
        clothesinf2_.categoryl as category2_2_2_,
        clothesinf2_.categorys as category3_2_2_,
        clothesinf2_.fit as fit4_2_2_,
        clothesinf2_.length as length5_2_2_,
        colors3_.id as id1_4_3_,
        colors3_.name as name2_4_3_,
        materials4_.id as id1_5_4_,
        materials4_.name as name2_5_4_,
        style5_.id as id1_14_5_,
        style5_.name as name2_14_5_,
        salesinfoc6_.id as id1_9_6_,
        salesinfoc6_.clothes_brand as clothes_2_9_6_,
        salesinfoc6_.clothes_color as clothes_3_9_6_,
        salesinfoc6_.clothes_gender as clothes_4_9_6_,
        salesinfoc6_.clothes_size as clothes_5_9_6_,
        salesinfos7_.id as id1_10_7_,
        salesinfos7_.status_score as status_s2_10_7_,
        salesinfos7_.status_tag as status_t3_10_7_,
        salesinfos7_.status_times as status_t4_10_7_,
        salesinfos7_.status_when2buy as status_w5_10_7_,
        salesinfos7_.transport as transpor6_10_7_,
        salesinfou8_.id as id1_11_8_,
        salesinfou8_.user_height as user_hei2_11_8_,
        salesinfou8_.user_size as user_siz3_11_8_,
        salesinfou8_.user_weight as user_wei4_11_8_ 
    from
        stores stores0_ 
    left outer join
        members members1_ 
            on stores0_.author_id=members1_.id 
    left outer join
        clothes_info clothesinf2_ 
            on stores0_.clothes_info_id=clothesinf2_.id 
    left outer join
        colors colors3_ 
            on stores0_.colors_name=colors3_.name 
    left outer join
        materials materials4_ 
            on stores0_.materials_name=materials4_.name 
    left outer join
        style style5_ 
            on stores0_.style_name=style5_.name 
    left outer join
        sales_info_clothes salesinfoc6_ 
            on stores0_.sales_info_clothes_id=salesinfoc6_.id 
    left outer join
        sales_info_status salesinfos7_ 
            on stores0_.sales_info_status_id=salesinfos7_.id 
    left outer join
        sales_info_user salesinfou8_ 
            on stores0_.sales_info_user_id=salesinfou8_.id 
    where
        stores0_.id=?
Hibernate: 
    select
        stores0_.id as id1_12_0_,
        stores0_.created_date as created_2_12_0_,
        stores0_.modified_date as modified3_12_0_,
        stores0_.author_id as author_i9_12_0_,
        stores0_.clothes_info_id as clothes10_12_0_,
        stores0_.colors_name as colors_11_12_0_,
        stores0_.materials_name as materia12_12_0_,
        stores0_.style_name as style_n13_12_0_,
        stores0_.clothes_length as clothes_4_12_0_,
        stores0_.content as content5_12_0_,
        stores0_.price as price6_12_0_,
        stores0_.sales_info_clothes_id as sales_i14_12_0_,
        stores0_.sales_info_status_id as sales_i15_12_0_,
        stores0_.sales_info_user_id as sales_i16_12_0_,
        stores0_.status as status7_12_0_,
        stores0_.title as title8_12_0_,
        members1_.id as id1_6_1_,
        members1_.email as email2_6_1_,
        members1_.image as image3_6_1_,
        members1_.name as name4_6_1_,
        members1_.nickname as nickname5_6_1_,
        members1_.password as password6_6_1_,
        members1_.phone as phone7_6_1_,
        members1_.refresh_token as refresh_8_6_1_,
        members1_.role as role9_6_1_,
        clothesinf2_.id as id1_2_2_,
        clothesinf2_.categoryl as category2_2_2_,
        clothesinf2_.categorys as category3_2_2_,
        clothesinf2_.fit as fit4_2_2_,
        clothesinf2_.length as length5_2_2_,
        colors3_.id as id1_4_3_,
        colors3_.name as name2_4_3_,
        materials4_.id as id1_5_4_,
        materials4_.name as name2_5_4_,
        style5_.id as id1_14_5_,
        style5_.name as name2_14_5_,
        salesinfoc6_.id as id1_9_6_,
        salesinfoc6_.clothes_brand as clothes_2_9_6_,
        salesinfoc6_.clothes_color as clothes_3_9_6_,
        salesinfoc6_.clothes_gender as clothes_4_9_6_,
        salesinfoc6_.clothes_size as clothes_5_9_6_,
        salesinfos7_.id as id1_10_7_,
        salesinfos7_.status_score as status_s2_10_7_,
        salesinfos7_.status_tag as status_t3_10_7_,
        salesinfos7_.status_times as status_t4_10_7_,
        salesinfos7_.status_when2buy as status_w5_10_7_,
        salesinfos7_.transport as transpor6_10_7_,
        salesinfou8_.id as id1_11_8_,
        salesinfou8_.user_height as user_hei2_11_8_,
        salesinfou8_.user_size as user_siz3_11_8_,
        salesinfou8_.user_weight as user_wei4_11_8_ 
    from
        stores stores0_ 
    left outer join
        members members1_ 
            on stores0_.author_id=members1_.id 
    left outer join
        clothes_info clothesinf2_ 
            on stores0_.clothes_info_id=clothesinf2_.id 
    left outer join
        colors colors3_ 
            on stores0_.colors_name=colors3_.name 
    left outer join
        materials materials4_ 
            on stores0_.materials_name=materials4_.name 
    left outer join
        style style5_ 
            on stores0_.style_name=style5_.name 
    left outer join
        sales_info_clothes salesinfoc6_ 
            on stores0_.sales_info_clothes_id=salesinfoc6_.id 
    left outer join
        sales_info_status salesinfos7_ 
            on stores0_.sales_info_status_id=salesinfos7_.id 
    left outer join
        sales_info_user salesinfou8_ 
            on stores0_.sales_info_user_id=salesinfou8_.id 
    where
        stores0_.id=?
Hibernate: 
    select
        stores0_.id as id1_12_0_,
        stores0_.created_date as created_2_12_0_,
        stores0_.modified_date as modified3_12_0_,
        stores0_.author_id as author_i9_12_0_,
        stores0_.clothes_info_id as clothes10_12_0_,
        stores0_.colors_name as colors_11_12_0_,
        stores0_.materials_name as materia12_12_0_,
        stores0_.style_name as style_n13_12_0_,
        stores0_.clothes_length as clothes_4_12_0_,
        stores0_.content as content5_12_0_,
        stores0_.price as price6_12_0_,
        stores0_.sales_info_clothes_id as sales_i14_12_0_,
        stores0_.sales_info_status_id as sales_i15_12_0_,
        stores0_.sales_info_user_id as sales_i16_12_0_,
        stores0_.status as status7_12_0_,
        stores0_.title as title8_12_0_,
        members1_.id as id1_6_1_,
        members1_.email as email2_6_1_,
        members1_.image as image3_6_1_,
        members1_.name as name4_6_1_,
        members1_.nickname as nickname5_6_1_,
        members1_.password as password6_6_1_,
        members1_.phone as phone7_6_1_,
        members1_.refresh_token as refresh_8_6_1_,
        members1_.role as role9_6_1_,
        clothesinf2_.id as id1_2_2_,
        clothesinf2_.categoryl as category2_2_2_,
        clothesinf2_.categorys as category3_2_2_,
        clothesinf2_.fit as fit4_2_2_,
        clothesinf2_.length as length5_2_2_,
        colors3_.id as id1_4_3_,
        colors3_.name as name2_4_3_,
        materials4_.id as id1_5_4_,
        materials4_.name as name2_5_4_,
        style5_.id as id1_14_5_,
        style5_.name as name2_14_5_,
        salesinfoc6_.id as id1_9_6_,
        salesinfoc6_.clothes_brand as clothes_2_9_6_,
        salesinfoc6_.clothes_color as clothes_3_9_6_,
        salesinfoc6_.clothes_gender as clothes_4_9_6_,
        salesinfoc6_.clothes_size as clothes_5_9_6_,
        salesinfos7_.id as id1_10_7_,
        salesinfos7_.status_score as status_s2_10_7_,
        salesinfos7_.status_tag as status_t3_10_7_,
        salesinfos7_.status_times as status_t4_10_7_,
        salesinfos7_.status_when2buy as status_w5_10_7_,
        salesinfos7_.transport as transpor6_10_7_,
        salesinfou8_.id as id1_11_8_,
        salesinfou8_.user_height as user_hei2_11_8_,
        salesinfou8_.user_size as user_siz3_11_8_,
        salesinfou8_.user_weight as user_wei4_11_8_ 
    from
        stores stores0_ 
    left outer join
        members members1_ 
            on stores0_.author_id=members1_.id 
    left outer join
        clothes_info clothesinf2_ 
            on stores0_.clothes_info_id=clothesinf2_.id 
    left outer join
        colors colors3_ 
            on stores0_.colors_name=colors3_.name 
    left outer join
        materials materials4_ 
            on stores0_.materials_name=materials4_.name 
    left outer join
        style style5_ 
            on stores0_.style_name=style5_.name 
    left outer join
        sales_info_clothes salesinfoc6_ 
            on stores0_.sales_info_clothes_id=salesinfoc6_.id 
    left outer join
        sales_info_status salesinfos7_ 
            on stores0_.sales_info_status_id=salesinfos7_.id 
    left outer join
        sales_info_user salesinfou8_ 
            on stores0_.sales_info_user_id=salesinfou8_.id 
    where
        stores0_.id=?
Hibernate: 
    select
        stores0_.id as id1_12_0_,
        stores0_.created_date as created_2_12_0_,
        stores0_.modified_date as modified3_12_0_,
        stores0_.author_id as author_i9_12_0_,
        stores0_.clothes_info_id as clothes10_12_0_,
        stores0_.colors_name as colors_11_12_0_,
        stores0_.materials_name as materia12_12_0_,
        stores0_.style_name as style_n13_12_0_,
        stores0_.clothes_length as clothes_4_12_0_,
        stores0_.content as content5_12_0_,
        stores0_.price as price6_12_0_,
        stores0_.sales_info_clothes_id as sales_i14_12_0_,
        stores0_.sales_info_status_id as sales_i15_12_0_,
        stores0_.sales_info_user_id as sales_i16_12_0_,
        stores0_.status as status7_12_0_,
        stores0_.title as title8_12_0_,
        members1_.id as id1_6_1_,
        members1_.email as email2_6_1_,
        members1_.image as image3_6_1_,
        members1_.name as name4_6_1_,
        members1_.nickname as nickname5_6_1_,
        members1_.password as password6_6_1_,
        members1_.phone as phone7_6_1_,
        members1_.refresh_token as refresh_8_6_1_,
        members1_.role as role9_6_1_,
        clothesinf2_.id as id1_2_2_,
        clothesinf2_.categoryl as category2_2_2_,
        clothesinf2_.categorys as category3_2_2_,
        clothesinf2_.fit as fit4_2_2_,
        clothesinf2_.length as length5_2_2_,
        colors3_.id as id1_4_3_,
        colors3_.name as name2_4_3_,
        materials4_.id as id1_5_4_,
        materials4_.name as name2_5_4_,
        style5_.id as id1_14_5_,
        style5_.name as name2_14_5_,
        salesinfoc6_.id as id1_9_6_,
        salesinfoc6_.clothes_brand as clothes_2_9_6_,
        salesinfoc6_.clothes_color as clothes_3_9_6_,
        salesinfoc6_.clothes_gender as clothes_4_9_6_,
        salesinfoc6_.clothes_size as clothes_5_9_6_,
        salesinfos7_.id as id1_10_7_,
        salesinfos7_.status_score as status_s2_10_7_,
        salesinfos7_.status_tag as status_t3_10_7_,
        salesinfos7_.status_times as status_t4_10_7_,
        salesinfos7_.status_when2buy as status_w5_10_7_,
        salesinfos7_.transport as transpor6_10_7_,
        salesinfou8_.id as id1_11_8_,
        salesinfou8_.user_height as user_hei2_11_8_,
        salesinfou8_.user_size as user_siz3_11_8_,
        salesinfou8_.user_weight as user_wei4_11_8_ 
    from
        stores stores0_ 
    left outer join
        members members1_ 
            on stores0_.author_id=members1_.id 
    left outer join
        clothes_info clothesinf2_ 
            on stores0_.clothes_info_id=clothesinf2_.id 
    left outer join
        colors colors3_ 
            on stores0_.colors_name=colors3_.name 
    left outer join
        materials materials4_ 
            on stores0_.materials_name=materials4_.name 
    left outer join
        style style5_ 
            on stores0_.style_name=style5_.name 
    left outer join
        sales_info_clothes salesinfoc6_ 
            on stores0_.sales_info_clothes_id=salesinfoc6_.id 
    left outer join
        sales_info_status salesinfos7_ 
            on stores0_.sales_info_status_id=salesinfos7_.id 
    left outer join
        sales_info_user salesinfou8_ 
            on stores0_.sales_info_user_id=salesinfou8_.id 
    where
        stores0_.id=?
Hibernate: 
    select
        stores0_.id as id1_12_0_,
        stores0_.created_date as created_2_12_0_,
        stores0_.modified_date as modified3_12_0_,
        stores0_.author_id as author_i9_12_0_,
        stores0_.clothes_info_id as clothes10_12_0_,
        stores0_.colors_name as colors_11_12_0_,
        stores0_.materials_name as materia12_12_0_,
        stores0_.style_name as style_n13_12_0_,
        stores0_.clothes_length as clothes_4_12_0_,
        stores0_.content as content5_12_0_,
        stores0_.price as price6_12_0_,
        stores0_.sales_info_clothes_id as sales_i14_12_0_,
        stores0_.sales_info_status_id as sales_i15_12_0_,
        stores0_.sales_info_user_id as sales_i16_12_0_,
        stores0_.status as status7_12_0_,
        stores0_.title as title8_12_0_,
        members1_.id as id1_6_1_,
        members1_.email as email2_6_1_,
        members1_.image as image3_6_1_,
        members1_.name as name4_6_1_,
        members1_.nickname as nickname5_6_1_,
        members1_.password as password6_6_1_,
        members1_.phone as phone7_6_1_,
        members1_.refresh_token as refresh_8_6_1_,
        members1_.role as role9_6_1_,
        clothesinf2_.id as id1_2_2_,
        clothesinf2_.categoryl as category2_2_2_,
        clothesinf2_.categorys as category3_2_2_,
        clothesinf2_.fit as fit4_2_2_,
        clothesinf2_.length as length5_2_2_,
        colors3_.id as id1_4_3_,
        colors3_.name as name2_4_3_,
        materials4_.id as id1_5_4_,
        materials4_.name as name2_5_4_,
        style5_.id as id1_14_5_,
        style5_.name as name2_14_5_,
        salesinfoc6_.id as id1_9_6_,
        salesinfoc6_.clothes_brand as clothes_2_9_6_,
        salesinfoc6_.clothes_color as clothes_3_9_6_,
        salesinfoc6_.clothes_gender as clothes_4_9_6_,
        salesinfoc6_.clothes_size as clothes_5_9_6_,
        salesinfos7_.id as id1_10_7_,
        salesinfos7_.status_score as status_s2_10_7_,
        salesinfos7_.status_tag as status_t3_10_7_,
        salesinfos7_.status_times as status_t4_10_7_,
        salesinfos7_.status_when2buy as status_w5_10_7_,
        salesinfos7_.transport as transpor6_10_7_,
        salesinfou8_.id as id1_11_8_,
        salesinfou8_.user_height as user_hei2_11_8_,
        salesinfou8_.user_size as user_siz3_11_8_,
        salesinfou8_.user_weight as user_wei4_11_8_ 
    from
        stores stores0_ 
    left outer join
        members members1_ 
            on stores0_.author_id=members1_.id 
    left outer join
        clothes_info clothesinf2_ 
            on stores0_.clothes_info_id=clothesinf2_.id 
    left outer join
        colors colors3_ 
            on stores0_.colors_name=colors3_.name 
    left outer join
        materials materials4_ 
            on stores0_.materials_name=materials4_.name 
    left outer join
        style style5_ 
            on stores0_.style_name=style5_.name 
    left outer join
        sales_info_clothes salesinfoc6_ 
            on stores0_.sales_info_clothes_id=salesinfoc6_.id 
    left outer join
        sales_info_status salesinfos7_ 
            on stores0_.sales_info_status_id=salesinfos7_.id 
    left outer join
        sales_info_user salesinfou8_ 
            on stores0_.sales_info_user_id=salesinfou8_.id 
    where
        stores0_.id=?
Hibernate: 
    select
        stores0_.id as id1_12_0_,
        stores0_.created_date as created_2_12_0_,
        stores0_.modified_date as modified3_12_0_,
        stores0_.author_id as author_i9_12_0_,
        stores0_.clothes_info_id as clothes10_12_0_,
        stores0_.colors_name as colors_11_12_0_,
        stores0_.materials_name as materia12_12_0_,
        stores0_.style_name as style_n13_12_0_,
        stores0_.clothes_length as clothes_4_12_0_,
        stores0_.content as content5_12_0_,
        stores0_.price as price6_12_0_,
        stores0_.sales_info_clothes_id as sales_i14_12_0_,
        stores0_.sales_info_status_id as sales_i15_12_0_,
        stores0_.sales_info_user_id as sales_i16_12_0_,
        stores0_.status as status7_12_0_,
        stores0_.title as title8_12_0_,
        members1_.id as id1_6_1_,
        members1_.email as email2_6_1_,
        members1_.image as image3_6_1_,
        members1_.name as name4_6_1_,
        members1_.nickname as nickname5_6_1_,
        members1_.password as password6_6_1_,
        members1_.phone as phone7_6_1_,
        members1_.refresh_token as refresh_8_6_1_,
        members1_.role as role9_6_1_,
        clothesinf2_.id as id1_2_2_,
        clothesinf2_.categoryl as category2_2_2_,
        clothesinf2_.categorys as category3_2_2_,
        clothesinf2_.fit as fit4_2_2_,
        clothesinf2_.length as length5_2_2_,
        colors3_.id as id1_4_3_,
        colors3_.name as name2_4_3_,
        materials4_.id as id1_5_4_,
        materials4_.name as name2_5_4_,
        style5_.id as id1_14_5_,
        style5_.name as name2_14_5_,
        salesinfoc6_.id as id1_9_6_,
        salesinfoc6_.clothes_brand as clothes_2_9_6_,
        salesinfoc6_.clothes_color as clothes_3_9_6_,
        salesinfoc6_.clothes_gender as clothes_4_9_6_,
        salesinfoc6_.clothes_size as clothes_5_9_6_,
        salesinfos7_.id as id1_10_7_,
        salesinfos7_.status_score as status_s2_10_7_,
        salesinfos7_.status_tag as status_t3_10_7_,
        salesinfos7_.status_times as status_t4_10_7_,
        salesinfos7_.status_when2buy as status_w5_10_7_,
        salesinfos7_.transport as transpor6_10_7_,
        salesinfou8_.id as id1_11_8_,
        salesinfou8_.user_height as user_hei2_11_8_,
        salesinfou8_.user_size as user_siz3_11_8_,
        salesinfou8_.user_weight as user_wei4_11_8_ 
    from
        stores stores0_ 
    left outer join
        members members1_ 
            on stores0_.author_id=members1_.id 
    left outer join
        clothes_info clothesinf2_ 
            on stores0_.clothes_info_id=clothesinf2_.id 
    left outer join
        colors colors3_ 
            on stores0_.colors_name=colors3_.name 
    left outer join
        materials materials4_ 
            on stores0_.materials_name=materials4_.name 
    left outer join
        style style5_ 
            on stores0_.style_name=style5_.name 
    left outer join
        sales_info_clothes salesinfoc6_ 
            on stores0_.sales_info_clothes_id=salesinfoc6_.id 
    left outer join
        sales_info_status salesinfos7_ 
            on stores0_.sales_info_status_id=salesinfos7_.id 
    left outer join
        sales_info_user salesinfou8_ 
            on stores0_.sales_info_user_id=salesinfou8_.id 
    where
        stores0_.id=?
Hibernate: 
    select
        stores0_.id as id1_12_0_,
        stores0_.created_date as created_2_12_0_,
        stores0_.modified_date as modified3_12_0_,
        stores0_.author_id as author_i9_12_0_,
        stores0_.clothes_info_id as clothes10_12_0_,
        stores0_.colors_name as colors_11_12_0_,
        stores0_.materials_name as materia12_12_0_,
        stores0_.style_name as style_n13_12_0_,
        stores0_.clothes_length as clothes_4_12_0_,
        stores0_.content as content5_12_0_,
        stores0_.price as price6_12_0_,
        stores0_.sales_info_clothes_id as sales_i14_12_0_,
        stores0_.sales_info_status_id as sales_i15_12_0_,
        stores0_.sales_info_user_id as sales_i16_12_0_,
        stores0_.status as status7_12_0_,
        stores0_.title as title8_12_0_,
        members1_.id as id1_6_1_,
        members1_.email as email2_6_1_,
        members1_.image as image3_6_1_,
        members1_.name as name4_6_1_,
        members1_.nickname as nickname5_6_1_,
        members1_.password as password6_6_1_,
        members1_.phone as phone7_6_1_,
        members1_.refresh_token as refresh_8_6_1_,
        members1_.role as role9_6_1_,
        clothesinf2_.id as id1_2_2_,
        clothesinf2_.categoryl as category2_2_2_,
        clothesinf2_.categorys as category3_2_2_,
        clothesinf2_.fit as fit4_2_2_,
        clothesinf2_.length as length5_2_2_,
        colors3_.id as id1_4_3_,
        colors3_.name as name2_4_3_,
        materials4_.id as id1_5_4_,
        materials4_.name as name2_5_4_,
        style5_.id as id1_14_5_,
        style5_.name as name2_14_5_,
        salesinfoc6_.id as id1_9_6_,
        salesinfoc6_.clothes_brand as clothes_2_9_6_,
        salesinfoc6_.clothes_color as clothes_3_9_6_,
        salesinfoc6_.clothes_gender as clothes_4_9_6_,
        salesinfoc6_.clothes_size as clothes_5_9_6_,
        salesinfos7_.id as id1_10_7_,
        salesinfos7_.status_score as status_s2_10_7_,
        salesinfos7_.status_tag as status_t3_10_7_,
        salesinfos7_.status_times as status_t4_10_7_,
        salesinfos7_.status_when2buy as status_w5_10_7_,
        salesinfos7_.transport as transpor6_10_7_,
        salesinfou8_.id as id1_11_8_,
        salesinfou8_.user_height as user_hei2_11_8_,
        salesinfou8_.user_size as user_siz3_11_8_,
        salesinfou8_.user_weight as user_wei4_11_8_ 
    from
        stores stores0_ 
    left outer join
        members members1_ 
            on stores0_.author_id=members1_.id 
    left outer join
        clothes_info clothesinf2_ 
            on stores0_.clothes_info_id=clothesinf2_.id 
    left outer join
        colors colors3_ 
            on stores0_.colors_name=colors3_.name 
    left outer join
        materials materials4_ 
            on stores0_.materials_name=materials4_.name 
    left outer join
        style style5_ 
            on stores0_.style_name=style5_.name 
    left outer join
        sales_info_clothes salesinfoc6_ 
            on stores0_.sales_info_clothes_id=salesinfoc6_.id 
    left outer join
        sales_info_status salesinfos7_ 
            on stores0_.sales_info_status_id=salesinfos7_.id 
    left outer join
        sales_info_user salesinfou8_ 
            on stores0_.sales_info_user_id=salesinfou8_.id 
    where
        stores0_.id=?
Hibernate: 
    select
        stores0_.id as id1_12_0_,
        stores0_.created_date as created_2_12_0_,
        stores0_.modified_date as modified3_12_0_,
        stores0_.author_id as author_i9_12_0_,
        stores0_.clothes_info_id as clothes10_12_0_,
        stores0_.colors_name as colors_11_12_0_,
        stores0_.materials_name as materia12_12_0_,
        stores0_.style_name as style_n13_12_0_,
        stores0_.clothes_length as clothes_4_12_0_,
        stores0_.content as content5_12_0_,
        stores0_.price as price6_12_0_,
        stores0_.sales_info_clothes_id as sales_i14_12_0_,
        stores0_.sales_info_status_id as sales_i15_12_0_,
        stores0_.sales_info_user_id as sales_i16_12_0_,
        stores0_.status as status7_12_0_,
        stores0_.title as title8_12_0_,
        members1_.id as id1_6_1_,
        members1_.email as email2_6_1_,
        members1_.image as image3_6_1_,
        members1_.name as name4_6_1_,
        members1_.nickname as nickname5_6_1_,
        members1_.password as password6_6_1_,
        members1_.phone as phone7_6_1_,
        members1_.refresh_token as refresh_8_6_1_,
        members1_.role as role9_6_1_,
        clothesinf2_.id as id1_2_2_,
        clothesinf2_.categoryl as category2_2_2_,
        clothesinf2_.categorys as category3_2_2_,
        clothesinf2_.fit as fit4_2_2_,
        clothesinf2_.length as length5_2_2_,
        colors3_.id as id1_4_3_,
        colors3_.name as name2_4_3_,
        materials4_.id as id1_5_4_,
        materials4_.name as name2_5_4_,
        style5_.id as id1_14_5_,
        style5_.name as name2_14_5_,
        salesinfoc6_.id as id1_9_6_,
        salesinfoc6_.clothes_brand as clothes_2_9_6_,
        salesinfoc6_.clothes_color as clothes_3_9_6_,
        salesinfoc6_.clothes_gender as clothes_4_9_6_,
        salesinfoc6_.clothes_size as clothes_5_9_6_,
        salesinfos7_.id as id1_10_7_,
        salesinfos7_.status_score as status_s2_10_7_,
        salesinfos7_.status_tag as status_t3_10_7_,
        salesinfos7_.status_times as status_t4_10_7_,
        salesinfos7_.status_when2buy as status_w5_10_7_,
        salesinfos7_.transport as transpor6_10_7_,
        salesinfou8_.id as id1_11_8_,
        salesinfou8_.user_height as user_hei2_11_8_,
        salesinfou8_.user_size as user_siz3_11_8_,
        salesinfou8_.user_weight as user_wei4_11_8_ 
    from
        stores stores0_ 
    left outer join
        members members1_ 
            on stores0_.author_id=members1_.id 
    left outer join
        clothes_info clothesinf2_ 
            on stores0_.clothes_info_id=clothesinf2_.id 
    left outer join
        colors colors3_ 
            on stores0_.colors_name=colors3_.name 
    left outer join
        materials materials4_ 
            on stores0_.materials_name=materials4_.name 
    left outer join
        style style5_ 
            on stores0_.style_name=style5_.name 
    left outer join
        sales_info_clothes salesinfoc6_ 
            on stores0_.sales_info_clothes_id=salesinfoc6_.id 
    left outer join
        sales_info_status salesinfos7_ 
            on stores0_.sales_info_status_id=salesinfos7_.id 
    left outer join
        sales_info_user salesinfou8_ 
            on stores0_.sales_info_user_id=salesinfou8_.id 
    where
        stores0_.id=?
Hibernate: 
    select
        stores0_.id as id1_12_0_,
        stores0_.created_date as created_2_12_0_,
        stores0_.modified_date as modified3_12_0_,
        stores0_.author_id as author_i9_12_0_,
        stores0_.clothes_info_id as clothes10_12_0_,
        stores0_.colors_name as colors_11_12_0_,
        stores0_.materials_name as materia12_12_0_,
        stores0_.style_name as style_n13_12_0_,
        stores0_.clothes_length as clothes_4_12_0_,
        stores0_.content as content5_12_0_,
        stores0_.price as price6_12_0_,
        stores0_.sales_info_clothes_id as sales_i14_12_0_,
        stores0_.sales_info_status_id as sales_i15_12_0_,
        stores0_.sales_info_user_id as sales_i16_12_0_,
        stores0_.status as status7_12_0_,
        stores0_.title as title8_12_0_,
        members1_.id as id1_6_1_,
        members1_.email as email2_6_1_,
        members1_.image as image3_6_1_,
        members1_.name as name4_6_1_,
        members1_.nickname as nickname5_6_1_,
        members1_.password as password6_6_1_,
        members1_.phone as phone7_6_1_,
        members1_.refresh_token as refresh_8_6_1_,
        members1_.role as role9_6_1_,
        clothesinf2_.id as id1_2_2_,
        clothesinf2_.categoryl as category2_2_2_,
        clothesinf2_.categorys as category3_2_2_,
        clothesinf2_.fit as fit4_2_2_,
        clothesinf2_.length as length5_2_2_,
        colors3_.id as id1_4_3_,
        colors3_.name as name2_4_3_,
        materials4_.id as id1_5_4_,
        materials4_.name as name2_5_4_,
        style5_.id as id1_14_5_,
        style5_.name as name2_14_5_,
        salesinfoc6_.id as id1_9_6_,
        salesinfoc6_.clothes_brand as clothes_2_9_6_,
        salesinfoc6_.clothes_color as clothes_3_9_6_,
        salesinfoc6_.clothes_gender as clothes_4_9_6_,
        salesinfoc6_.clothes_size as clothes_5_9_6_,
        salesinfos7_.id as id1_10_7_,
        salesinfos7_.status_score as status_s2_10_7_,
        salesinfos7_.status_tag as status_t3_10_7_,
        salesinfos7_.status_times as status_t4_10_7_,
        salesinfos7_.status_when2buy as status_w5_10_7_,
        salesinfos7_.transport as transpor6_10_7_,
        salesinfou8_.id as id1_11_8_,
        salesinfou8_.user_height as user_hei2_11_8_,
        salesinfou8_.user_size as user_siz3_11_8_,
        salesinfou8_.user_weight as user_wei4_11_8_ 
    from
        stores stores0_ 
    left outer join
        members members1_ 
            on stores0_.author_id=members1_.id 
    left outer join
        clothes_info clothesinf2_ 
            on stores0_.clothes_info_id=clothesinf2_.id 
    left outer join
        colors colors3_ 
            on stores0_.colors_name=colors3_.name 
    left outer join
        materials materials4_ 
            on stores0_.materials_name=materials4_.name 
    left outer join
        style style5_ 
            on stores0_.style_name=style5_.name 
    left outer join
        sales_info_clothes salesinfoc6_ 
            on stores0_.sales_info_clothes_id=salesinfoc6_.id 
    left outer join
        sales_info_status salesinfos7_ 
            on stores0_.sales_info_status_id=salesinfos7_.id 
    left outer join
        sales_info_user salesinfou8_ 
            on stores0_.sales_info_user_id=salesinfou8_.id 
    where
        stores0_.id=?
Hibernate: 
    select
        stores0_.id as id1_12_0_,
        stores0_.created_date as created_2_12_0_,
        stores0_.modified_date as modified3_12_0_,
        stores0_.author_id as author_i9_12_0_,
        stores0_.clothes_info_id as clothes10_12_0_,
        stores0_.colors_name as colors_11_12_0_,
        stores0_.materials_name as materia12_12_0_,
        stores0_.style_name as style_n13_12_0_,
        stores0_.clothes_length as clothes_4_12_0_,
        stores0_.content as content5_12_0_,
        stores0_.price as price6_12_0_,
        stores0_.sales_info_clothes_id as sales_i14_12_0_,
        stores0_.sales_info_status_id as sales_i15_12_0_,
        stores0_.sales_info_user_id as sales_i16_12_0_,
        stores0_.status as status7_12_0_,
        stores0_.title as title8_12_0_,
        members1_.id as id1_6_1_,
        members1_.email as email2_6_1_,
        members1_.image as image3_6_1_,
        members1_.name as name4_6_1_,
        members1_.nickname as nickname5_6_1_,
        members1_.password as password6_6_1_,
        members1_.phone as phone7_6_1_,
        members1_.refresh_token as refresh_8_6_1_,
        members1_.role as role9_6_1_,
        clothesinf2_.id as id1_2_2_,
        clothesinf2_.categoryl as category2_2_2_,
        clothesinf2_.categorys as category3_2_2_,
        clothesinf2_.fit as fit4_2_2_,
        clothesinf2_.length as length5_2_2_,
        colors3_.id as id1_4_3_,
        colors3_.name as name2_4_3_,
        materials4_.id as id1_5_4_,
        materials4_.name as name2_5_4_,
        style5_.id as id1_14_5_,
        style5_.name as name2_14_5_,
        salesinfoc6_.id as id1_9_6_,
        salesinfoc6_.clothes_brand as clothes_2_9_6_,
        salesinfoc6_.clothes_color as clothes_3_9_6_,
        salesinfoc6_.clothes_gender as clothes_4_9_6_,
        salesinfoc6_.clothes_size as clothes_5_9_6_,
        salesinfos7_.id as id1_10_7_,
        salesinfos7_.status_score as status_s2_10_7_,
        salesinfos7_.status_tag as status_t3_10_7_,
        salesinfos7_.status_times as status_t4_10_7_,
        salesinfos7_.status_when2buy as status_w5_10_7_,
        salesinfos7_.transport as transpor6_10_7_,
        salesinfou8_.id as id1_11_8_,
        salesinfou8_.user_height as user_hei2_11_8_,
        salesinfou8_.user_size as user_siz3_11_8_,
        salesinfou8_.user_weight as user_wei4_11_8_ 
    from
        stores stores0_ 
    left outer join
        members members1_ 
            on stores0_.author_id=members1_.id 
    left outer join
        clothes_info clothesinf2_ 
            on stores0_.clothes_info_id=clothesinf2_.id 
    left outer join
        colors colors3_ 
            on stores0_.colors_name=colors3_.name 
    left outer join
        materials materials4_ 
            on stores0_.materials_name=materials4_.name 
    left outer join
        style style5_ 
            on stores0_.style_name=style5_.name 
    left outer join
        sales_info_clothes salesinfoc6_ 
            on stores0_.sales_info_clothes_id=salesinfoc6_.id 
    left outer join
        sales_info_status salesinfos7_ 
            on stores0_.sales_info_status_id=salesinfos7_.id 
    left outer join
        sales_info_user salesinfou8_ 
            on stores0_.sales_info_user_id=salesinfou8_.id 
    where
        stores0_.id=?
Hibernate: 
    select
        stores0_.id as id1_12_0_,
        stores0_.created_date as created_2_12_0_,
        stores0_.modified_date as modified3_12_0_,
        stores0_.author_id as author_i9_12_0_,
        stores0_.clothes_info_id as clothes10_12_0_,
        stores0_.colors_name as colors_11_12_0_,
        stores0_.materials_name as materia12_12_0_,
        stores0_.style_name as style_n13_12_0_,
        stores0_.clothes_length as clothes_4_12_0_,
        stores0_.content as content5_12_0_,
        stores0_.price as price6_12_0_,
        stores0_.sales_info_clothes_id as sales_i14_12_0_,
        stores0_.sales_info_status_id as sales_i15_12_0_,
        stores0_.sales_info_user_id as sales_i16_12_0_,
        stores0_.status as status7_12_0_,
        stores0_.title as title8_12_0_,
        members1_.id as id1_6_1_,
        members1_.email as email2_6_1_,
        members1_.image as image3_6_1_,
        members1_.name as name4_6_1_,
        members1_.nickname as nickname5_6_1_,
        members1_.password as password6_6_1_,
        members1_.phone as phone7_6_1_,
        members1_.refresh_token as refresh_8_6_1_,
        members1_.role as role9_6_1_,
        clothesinf2_.id as id1_2_2_,
        clothesinf2_.categoryl as category2_2_2_,
        clothesinf2_.categorys as category3_2_2_,
        clothesinf2_.fit as fit4_2_2_,
        clothesinf2_.length as length5_2_2_,
        colors3_.id as id1_4_3_,
        colors3_.name as name2_4_3_,
        materials4_.id as id1_5_4_,
        materials4_.name as name2_5_4_,
        style5_.id as id1_14_5_,
        style5_.name as name2_14_5_,
        salesinfoc6_.id as id1_9_6_,
        salesinfoc6_.clothes_brand as clothes_2_9_6_,
        salesinfoc6_.clothes_color as clothes_3_9_6_,
        salesinfoc6_.clothes_gender as clothes_4_9_6_,
        salesinfoc6_.clothes_size as clothes_5_9_6_,
        salesinfos7_.id as id1_10_7_,
        salesinfos7_.status_score as status_s2_10_7_,
        salesinfos7_.status_tag as status_t3_10_7_,
        salesinfos7_.status_times as status_t4_10_7_,
        salesinfos7_.status_when2buy as status_w5_10_7_,
        salesinfos7_.transport as transpor6_10_7_,
        salesinfou8_.id as id1_11_8_,
        salesinfou8_.user_height as user_hei2_11_8_,
        salesinfou8_.user_size as user_siz3_11_8_,
        salesinfou8_.user_weight as user_wei4_11_8_ 
    from
        stores stores0_ 
    left outer join
        members members1_ 
            on stores0_.author_id=members1_.id 
    left outer join
        clothes_info clothesinf2_ 
            on stores0_.clothes_info_id=clothesinf2_.id 
    left outer join
        colors colors3_ 
            on stores0_.colors_name=colors3_.name 
    left outer join
        materials materials4_ 
            on stores0_.materials_name=materials4_.name 
    left outer join
        style style5_ 
            on stores0_.style_name=style5_.name 
    left outer join
        sales_info_clothes salesinfoc6_ 
            on stores0_.sales_info_clothes_id=salesinfoc6_.id 
    left outer join
        sales_info_status salesinfos7_ 
            on stores0_.sales_info_status_id=salesinfos7_.id 
    left outer join
        sales_info_user salesinfou8_ 
            on stores0_.sales_info_user_id=salesinfou8_.id 
    where
        stores0_.id=?
Hibernate: 
    select
        stores0_.id as id1_12_0_,
        stores0_.created_date as created_2_12_0_,
        stores0_.modified_date as modified3_12_0_,
        stores0_.author_id as author_i9_12_0_,
        stores0_.clothes_info_id as clothes10_12_0_,
        stores0_.colors_name as colors_11_12_0_,
        stores0_.materials_name as materia12_12_0_,
        stores0_.style_name as style_n13_12_0_,
        stores0_.clothes_length as clothes_4_12_0_,
        stores0_.content as content5_12_0_,
        stores0_.price as price6_12_0_,
        stores0_.sales_info_clothes_id as sales_i14_12_0_,
        stores0_.sales_info_status_id as sales_i15_12_0_,
        stores0_.sales_info_user_id as sales_i16_12_0_,
        stores0_.status as status7_12_0_,
        stores0_.title as title8_12_0_,
        members1_.id as id1_6_1_,
        members1_.email as email2_6_1_,
        members1_.image as image3_6_1_,
        members1_.name as name4_6_1_,
        members1_.nickname as nickname5_6_1_,
        members1_.password as password6_6_1_,
        members1_.phone as phone7_6_1_,
        members1_.refresh_token as refresh_8_6_1_,
        members1_.role as role9_6_1_,
        clothesinf2_.id as id1_2_2_,
        clothesinf2_.categoryl as category2_2_2_,
        clothesinf2_.categorys as category3_2_2_,
        clothesinf2_.fit as fit4_2_2_,
        clothesinf2_.length as length5_2_2_,
        colors3_.id as id1_4_3_,
        colors3_.name as name2_4_3_,
        materials4_.id as id1_5_4_,
        materials4_.name as name2_5_4_,
        style5_.id as id1_14_5_,
        style5_.name as name2_14_5_,
        salesinfoc6_.id as id1_9_6_,
        salesinfoc6_.clothes_brand as clothes_2_9_6_,
        salesinfoc6_.clothes_color as clothes_3_9_6_,
        salesinfoc6_.clothes_gender as clothes_4_9_6_,
        salesinfoc6_.clothes_size as clothes_5_9_6_,
        salesinfos7_.id as id1_10_7_,
        salesinfos7_.status_score as status_s2_10_7_,
        salesinfos7_.status_tag as status_t3_10_7_,
        salesinfos7_.status_times as status_t4_10_7_,
        salesinfos7_.status_when2buy as status_w5_10_7_,
        salesinfos7_.transport as transpor6_10_7_,
        salesinfou8_.id as id1_11_8_,
        salesinfou8_.user_height as user_hei2_11_8_,
        salesinfou8_.user_size as user_siz3_11_8_,
        salesinfou8_.user_weight as user_wei4_11_8_ 
    from
        stores stores0_ 
    left outer join
        members members1_ 
            on stores0_.author_id=members1_.id 
    left outer join
        clothes_info clothesinf2_ 
            on stores0_.clothes_info_id=clothesinf2_.id 
    left outer join
        colors colors3_ 
            on stores0_.colors_name=colors3_.name 
    left outer join
        materials materials4_ 
            on stores0_.materials_name=materials4_.name 
    left outer join
        style style5_ 
            on stores0_.style_name=style5_.name 
    left outer join
        sales_info_clothes salesinfoc6_ 
            on stores0_.sales_info_clothes_id=salesinfoc6_.id 
    left outer join
        sales_info_status salesinfos7_ 
            on stores0_.sales_info_status_id=salesinfos7_.id 
    left outer join
        sales_info_user salesinfou8_ 
            on stores0_.sales_info_user_id=salesinfou8_.id 
    where
        stores0_.id=?
gunsong2@naver.com
Hibernate: 
    select
        members0_.id as id1_6_,
        members0_.email as email2_6_,
        members0_.image as image3_6_,
        members0_.name as name4_6_,
        members0_.nickname as nickname5_6_,
        members0_.password as password6_6_,
        members0_.phone as phone7_6_,
        members0_.refresh_token as refresh_8_6_,
        members0_.role as role9_6_ 
    from
        members members0_ 
    where
        members0_.email=?
Hibernate: 
    select
        stores0_.id as id1_12_0_,
        stores0_.created_date as created_2_12_0_,
        stores0_.modified_date as modified3_12_0_,
        stores0_.author_id as author_i9_12_0_,
        stores0_.clothes_info_id as clothes10_12_0_,
        stores0_.colors_name as colors_11_12_0_,
        stores0_.materials_name as materia12_12_0_,
        stores0_.style_name as style_n13_12_0_,
        stores0_.clothes_length as clothes_4_12_0_,
        stores0_.content as content5_12_0_,
        stores0_.price as price6_12_0_,
        stores0_.sales_info_clothes_id as sales_i14_12_0_,
        stores0_.sales_info_status_id as sales_i15_12_0_,
        stores0_.sales_info_user_id as sales_i16_12_0_,
        stores0_.status as status7_12_0_,
        stores0_.title as title8_12_0_,
        members1_.id as id1_6_1_,
        members1_.email as email2_6_1_,
        members1_.image as image3_6_1_,
        members1_.name as name4_6_1_,
        members1_.nickname as nickname5_6_1_,
        members1_.password as password6_6_1_,
        members1_.phone as phone7_6_1_,
        members1_.refresh_token as refresh_8_6_1_,
        members1_.role as role9_6_1_,
        clothesinf2_.id as id1_2_2_,
        clothesinf2_.categoryl as category2_2_2_,
        clothesinf2_.categorys as category3_2_2_,
        clothesinf2_.fit as fit4_2_2_,
        clothesinf2_.length as length5_2_2_,
        colors3_.id as id1_4_3_,
        colors3_.name as name2_4_3_,
        materials4_.id as id1_5_4_,
        materials4_.name as name2_5_4_,
        style5_.id as id1_14_5_,
        style5_.name as name2_14_5_,
        salesinfoc6_.id as id1_9_6_,
        salesinfoc6_.clothes_brand as clothes_2_9_6_,
        salesinfoc6_.clothes_color as clothes_3_9_6_,
        salesinfoc6_.clothes_gender as clothes_4_9_6_,
        salesinfoc6_.clothes_size as clothes_5_9_6_,
        salesinfos7_.id as id1_10_7_,
        salesinfos7_.status_score as status_s2_10_7_,
        salesinfos7_.status_tag as status_t3_10_7_,
        salesinfos7_.status_times as status_t4_10_7_,
        salesinfos7_.status_when2buy as status_w5_10_7_,
        salesinfos7_.transport as transpor6_10_7_,
        salesinfou8_.id as id1_11_8_,
        salesinfou8_.user_height as user_hei2_11_8_,
        salesinfou8_.user_size as user_siz3_11_8_,
        salesinfou8_.user_weight as user_wei4_11_8_ 
    from
        stores stores0_ 
    left outer join
        members members1_ 
            on stores0_.author_id=members1_.id 
    left outer join
        clothes_info clothesinf2_ 
            on stores0_.clothes_info_id=clothesinf2_.id 
    left outer join
        colors colors3_ 
            on stores0_.colors_name=colors3_.name 
    left outer join
        materials materials4_ 
            on stores0_.materials_name=materials4_.name 
    left outer join
        style style5_ 
            on stores0_.style_name=style5_.name 
    left outer join
        sales_info_clothes salesinfoc6_ 
            on stores0_.sales_info_clothes_id=salesinfoc6_.id 
    left outer join
        sales_info_status salesinfos7_ 
            on stores0_.sales_info_status_id=salesinfos7_.id 
    left outer join
        sales_info_user salesinfou8_ 
            on stores0_.sales_info_user_id=salesinfou8_.id 
    where
        stores0_.id=?
Hibernate: 
    select
        images0_.stores_post_id as stores_p5_3_0_,
        images0_.id as id1_3_0_,
        images0_.id as id1_3_1_,
        images0_.closets_post_id as closets_4_3_1_,
        images0_.path as path2_3_1_,
        images0_.stores_post_id as stores_p5_3_1_,
        images0_.type as type3_3_1_,
        closets1_.id as id1_1_2_,
        closets1_.created_date as created_2_1_2_,
        closets1_.modified_date as modified3_1_2_,
        closets1_.author_id as author_i4_1_2_,
        closets1_.clothes_info_id as clothes_5_1_2_,
        closets1_.colors_name as colors_n6_1_2_,
        closets1_.materials_name as material7_1_2_,
        closets1_.style_name as style_na8_1_2_,
        members2_.id as id1_6_3_,
        members2_.email as email2_6_3_,
        members2_.image as image3_6_3_,
        members2_.name as name4_6_3_,
        members2_.nickname as nickname5_6_3_,
        members2_.password as password6_6_3_,
        members2_.phone as phone7_6_3_,
        members2_.refresh_token as refresh_8_6_3_,
        members2_.role as role9_6_3_,
        clothesinf3_.id as id1_2_4_,
        clothesinf3_.categoryl as category2_2_4_,
        clothesinf3_.categorys as category3_2_4_,
        clothesinf3_.fit as fit4_2_4_,
        clothesinf3_.length as length5_2_4_,
        colors4_.id as id1_4_5_,
        colors4_.name as name2_4_5_,
        materials5_.id as id1_5_6_,
        materials5_.name as name2_5_6_,
        style6_.id as id1_14_7_,
        style6_.name as name2_14_7_ 
    from
        clothes_image images0_ 
    left outer join
        closets closets1_ 
            on images0_.closets_post_id=closets1_.id 
    left outer join
        members members2_ 
            on closets1_.author_id=members2_.id 
    left outer join
        clothes_info clothesinf3_ 
            on closets1_.clothes_info_id=clothesinf3_.id 
    left outer join
        colors colors4_ 
            on closets1_.colors_name=colors4_.name 
    left outer join
        materials materials5_ 
            on closets1_.materials_name=materials5_.name 
    left outer join
        style style6_ 
            on closets1_.style_name=style6_.name 
    where
        images0_.stores_post_id=?
Hibernate: 
    select
        storeslike0_.user_id as user_id3_7_0_,
        storeslike0_.id as id1_7_0_,
        storeslike0_.id as id1_7_1_,
        storeslike0_.store_id as store_id2_7_1_,
        storeslike0_.user_id as user_id3_7_1_,
        stores1_.id as id1_12_2_,
        stores1_.created_date as created_2_12_2_,
        stores1_.modified_date as modified3_12_2_,
        stores1_.author_id as author_i9_12_2_,
        stores1_.clothes_info_id as clothes10_12_2_,
        stores1_.colors_name as colors_11_12_2_,
        stores1_.materials_name as materia12_12_2_,
        stores1_.style_name as style_n13_12_2_,
        stores1_.clothes_length as clothes_4_12_2_,
        stores1_.content as content5_12_2_,
        stores1_.price as price6_12_2_,
        stores1_.sales_info_clothes_id as sales_i14_12_2_,
        stores1_.sales_info_status_id as sales_i15_12_2_,
        stores1_.sales_info_user_id as sales_i16_12_2_,
        stores1_.status as status7_12_2_,
        stores1_.title as title8_12_2_,
        members2_.id as id1_6_3_,
        members2_.email as email2_6_3_,
        members2_.image as image3_6_3_,
        members2_.name as name4_6_3_,
        members2_.nickname as nickname5_6_3_,
        members2_.password as password6_6_3_,
        members2_.phone as phone7_6_3_,
        members2_.refresh_token as refresh_8_6_3_,
        members2_.role as role9_6_3_,
        clothesinf3_.id as id1_2_4_,
        clothesinf3_.categoryl as category2_2_4_,
        clothesinf3_.categorys as category3_2_4_,
        clothesinf3_.fit as fit4_2_4_,
        clothesinf3_.length as length5_2_4_,
        colors4_.id as id1_4_5_,
        colors4_.name as name2_4_5_,
        materials5_.id as id1_5_6_,
        materials5_.name as name2_5_6_,
        style6_.id as id1_14_7_,
        style6_.name as name2_14_7_,
        salesinfoc7_.id as id1_9_8_,
        salesinfoc7_.clothes_brand as clothes_2_9_8_,
        salesinfoc7_.clothes_color as clothes_3_9_8_,
        salesinfoc7_.clothes_gender as clothes_4_9_8_,
        salesinfoc7_.clothes_size as clothes_5_9_8_,
        salesinfos8_.id as id1_10_9_,
        salesinfos8_.status_score as status_s2_10_9_,
        salesinfos8_.status_tag as status_t3_10_9_,
        salesinfos8_.status_times as status_t4_10_9_,
        salesinfos8_.status_when2buy as status_w5_10_9_,
        salesinfos8_.transport as transpor6_10_9_,
        salesinfou9_.id as id1_11_10_,
        salesinfou9_.user_height as user_hei2_11_10_,
        salesinfou9_.user_size as user_siz3_11_10_,
        salesinfou9_.user_weight as user_wei4_11_10_ 
    from
        members_like_stores_post storeslike0_ 
    left outer join
        stores stores1_ 
            on storeslike0_.store_id=stores1_.id 
    left outer join
        members members2_ 
            on stores1_.author_id=members2_.id 
    left outer join
        clothes_info clothesinf3_ 
            on stores1_.clothes_info_id=clothesinf3_.id 
    left outer join
        colors colors4_ 
            on stores1_.colors_name=colors4_.name 
    left outer join
        materials materials5_ 
            on stores1_.materials_name=materials5_.name 
    left outer join
        style style6_ 
            on stores1_.style_name=style6_.name 
    left outer join
        sales_info_clothes salesinfoc7_ 
            on stores1_.sales_info_clothes_id=salesinfoc7_.id 
    left outer join
        sales_info_status salesinfos8_ 
            on stores1_.sales_info_status_id=salesinfos8_.id 
    left outer join
        sales_info_user salesinfou9_ 
            on stores1_.sales_info_user_id=salesinfou9_.id 
    where
        storeslike0_.user_id=?
StoresPostResponseDto(images=[[B@4b3bef41, [B@7265a629], profile_images=[-1, -40, -1, -37, 0, 67, 0, 8, 6, 6, 7, 6, 5, 8, 7, 7, 7, 9, 9, 8, 10, 12, 20, 13, 12, 11, 11, 12, 25, 18, 19, 15, 20, 29, 26, 31, 30, 29, 26, 28, 28, 32, 36, 46, 39, 32, 34, 44, 35, 28, 28, 40, 55, 41, 44, 48, 49, 52, 52, 52, 31, 39, 57, 61, 56, 50, 60, 46, 51, 52, 50, -1, -37, 0, 67, 1, 9, 9, 9, 12, 11, 12, 24, 13, 13, 24, 50, 33, 28, 33, 50, 50, 50, 50, 50, 50, 50, 50, 50, 50, 50, 50, 50, 50, 50, 50, 50, 50, 50, 50, 50, 50, 50, 50, 50, 50, 50, 50, 50, 50, 50, 50, 50, 50, 50, 50, 50, 50, 50, 50, 50, 50, 50, 50, 50, 50, 50, 50, 50, 50, -1, -64, 0, 20, 8, 0, -90, 0, -56, 4, 1, 34, 0, 2, 17, 1, 3, 17, 1, 4, 34, 0, -1, -60, 0, 31, 0, 0, 1, 5, 1, 1, 1, 1, 1, 1, 0, 0, 0, 0, 0, 0, 0, 0, 1, 2, 3, 4, 5, 6, 7, 8, 9, 10, 11, -1, -60, 0, -75, 16, 0, 2, 1, 3, 3, 2, 4, 3, 5, 5, 4, 4, 0, 0, 1, 125, 1, 2, 3, 0, 4, 17, 5, 18, 33, 49, 65, 6, 19, 81, 97, 7, 34, 113, 20, 50, -127, -111, -95, 8, 35, 66, -79, -63, 21, 82, -47, -16, 36, 51, 98, 114, -126, 9, 10, 22, 23, 24, 25, 26, 37, 38, 39, 40, 41, 42, 52, 53, 54, 55, 56, 57, 58, 67, 68, 69, 70, 71, 72, 73, 74, 83, 84, 85, 86, 87, 88, 89, 90, 99, 100, 101, 102, 103, 104, 105, 106, 115, 116, 117, 118, 119, 120, 121, 122, -125, -124, -123, -122, -121, -120, -119, -118, -110, -109, -108, -107, -106, -105, -104, -103, -102, -94, -93, -92, -91, -90, -89, -88, -87, -86, -78, -77, -76, -75, -74, -73, -72, -71, -70, -62, -61, -60, -59, -58, -57, -56, -55, -54, -46, -45, -44, -43, -42, -41, -40, -39, -38, -31, -30, -29, -28, -27, -26, -25, -24, -23, -22, -15, -14, -13, -12, -11, -10, -9, -8, -7, -6, -1, -60, 0, 31, 1, 0, 3, 1, 1, 1, 1, 1, 1, 1, 1, 1, 0, 0, 0, 0, 0, 0, 1, 2, 3, 4, 5, 6, 7, 8, 9, 10, 11, -1, -60, 0, -75, 17, 0, 2, 1, 2, 4, 4, 3, 4, 7, 5, 4, 4, 0, 1, 2, 119, 0, 1, 2, 3, 17, 4, 5, 33, 49, 6, 18, 65, 81, 7, 97, 113, 19, 34, 50, -127, 8, 20, 66, -111, -95, -79, -63, 9, 35, 51, 82, -16, 21, 98, 114, -47, 10, 22, 36, 52, -31, 37, -15, 23, 24, 25, 26, 38, 39, 40, 41, 42, 53, 54, 55, 56, 57, 58, 67, 68, 69, 70, 71, 72, 73, 74, 83, 84, 85, 86, 87, 88, 89, 90, 99, 100, 101, 102, 103, 104, 105, 106, 115, 116, 117, 118, 119, 120, 121, 122, -126, -125, -124, -123, -122, -121, -120, -119, -118, -110, -109, -108, -107, -106, -105, -104, -103, -102, -94, -93, -92, -91, -90, -89, -88, -87, -86, -78, -77, -76, -75, -74, -73, -72, -71, -70, -62, -61, -60, -59, -58, -57, -56, -55, -54, -46, -45, -44, -43, -42, -41, -40, -39, -38, -30, -29, -28, -27, -26, -25, -24, -23, -22, -14, -13, -12, -11, -10, -9, -8, -7, -6, -1, -38, 0, 14, 4, 1, 0, 2, 17, 3, 17, 4, 0, 0, 63, 0, -7, -2, -118, 40, -96, 15, -97, -24, -94, -118, 40, -94, -118, 0, 40, -94, -118, 40, -94, -118, 0, 40, -94, -118, 40, -85, -38, 102, -113, -88, 107, 19, -104, -76, -5, 89, 39, 97, -9, -120, -31, 87, -126, 70, 88, -16, 51, -125, -116, -98, 107, -89, 63, 10, -68, 86, 52, -31, 118, 108, 70, -14, 50, 32, -25, 127, 92, 117, -58, -50, -100, -3, -18, -98, -4, 86, 83, -81, 78, 14, -45, -110, 67, 73, -67, -126, -118, -69, -91, -24, -6, -106, -73, 120, 45, 52, -85, 11, -117, -37, -116, 103, -53, -126, 50, -28, 15, 83, -114, -125, -34, -69, 20, -8, 45, -15, 5, -32, 18, -113, 15, -80, 7, -8, 77, -44, 33, -65, 34, -7, -82, 42, -118, -10, 111, 15, -4, 15, -110, -30, 84, -110, -2, 121, -99, 0, 70, 96, 83, -55, 76, -29, 44, -67, -39, -122, 120, 4, 109, 56, -25, -116, -15, -87, -85, 124, 3, -126, 95, 50, 77, 58, -24, -64, -19, -115, -120, 28, -78, 46, 49, -98, 27, -109, -98, 127, -117, -87, -12, -30, -72, -34, 107, -123, 82, -27, -26, 47, -39, -56, -32, 104, -81, 124, -16, -89, -20, -26, -46, -64, -73, 30, 42, -44, 94, 23, 110, 126, -55, 100, 84, -107, -1, 0, 122, 66, 8, -49, -80, 7, -21, 90, 122, -73, -20, -37, -92, 74, -71, -47, -11, -37, -53, 102, -2, -19, -44, 107, 48, 63, -118, -19, 35, -11, -81, 5, -94, -67, -65, 73, -8, 22, -47, 76, -93, 80, 18, -36, 16, -57, 37, -92, 88, -30, -37, -116, 12, -123, 37, -78, 14, 78, 67, 122, 113, -21, -24, 48, -4, 45, -16, -16, 27, -82, 44, -84, -38, 67, -49, -18, -20, -30, 85, -4, -118, -102, -50, -82, 113, -122, -125, -78, 119, -12, 5, 74, 76, -7, -62, -118, -6, 47, 65, -3, -101, -20, 96, -72, -13, 117, -19, 102, 75, -72, -63, -30, 11, 88, -4, -96, 126, -84, 114, 127, 0, 7, -42, -69, -59, -8, 61, -32, 21, -73, 48, 127, -62, 57, 1, 82, 49, -72, -53, 33, 111, -5, -21, 118, 127, 90, -7, 62, -75, 52, -17, 14, 107, 58, -85, 65, -10, 61, 58, -31, -46, 114, 68, 114, -78, -20, -119, -80, 72, 63, 59, 97, 64, -56, 35, 36, -10, -81, -93, 96, -8, 43, -31, 107, 107, -123, -102, 24, 57, 92, -32, 75, -103, 7, 35, 29, 24, -112, 127, 17, 93, -123, -97, -122, -12, -21, 71, -13, 30, 51, 115, 49, 57, 50, 78, 119, 28, -3, 58, 87, 61, 92, -14, -110, 95, -69, 77, -6, -108, -88, -66, -89, -57, 21, 127, 78, -48, -11, 125, 96, -80, -45, 52, -69, -37, -19, -89, 13, -10, 107, 119, -109, 31, 93, -96, -41, -43, 118, -33, 3, -68, 3, 109, 115, -25, 29, 38, 73, -80, 114, 35, -106, -26, 66, -93, -16, -49, 63, -114, 107, -67, -78, -79, -76, -45, 109, 35, -76, -79, -75, -122, -38, -38, 49, -124, -118, 20, 8, -85, -12, 2, -66, 79, -44, -68, 15, -30, 77, 43, -54, -5, 70, -104, -46, 121, -71, -37, -10, 89, 82, -25, 24, -58, 115, -27, 51, 109, -21, -58, 113, -98, 113, -48, -42, -97, -121, -2, 26, -22, -38, -46, 7, -100, -67, -98, -20, -124, -120, -62, 94, 82, 65, 3, 37, 56, -38, 58, -14, 78, 120, -23, -125, -102, -6, -71, -84, -19, -100, 97, -19, -31, 97, -18, -128, -46, -61, 109, 5, -80, 34, 8, 99, -120, 30, -95, 16, 46, 127, 42, -27, -106, 123, 81, -58, -54, 41, 50, -107, 20, 124, 71, 63, -125, -68, 81, 106, -69, -82, 60, 55, -85, -60, -67, 115, 37, -116, -86, 63, 85, -82, -85, -63, -65, 6, 124, 79, -30, -63, -10, -119, 97, -2, -54, -79, -19, 61, -38, 16, -49, -2, -30, 117, 63, 83, -127, -17, 95, 93, 81, 95, 54, -33, 124, 15, -41, -83, -19, -43, -19, -26, -13, 100, 39, -18, -68, 56, 27, 121, -25, 42, 88, -25, -89, 24, -4, 107, 114, -53, -32, 66, -51, 104, 26, 73, -17, 55, -116, -27, -99, -110, 45, -4, -100, 97, 54, -79, 94, 49, -44, -41, -71, -34, -34, 37, -115, -71, -107, -63, 60, -32, 1, -36, -43, 107, 13, 94, 27, -41, -14, -10, -104, -28, -22, 20, -100, -25, -24, 107, -98, 89, -66, 42, 81, -36, 126, -50, 9, -40, -7, -97, 83, -3, -100, 60, 67, 110, 55, 105, -70, -66, -97, 120, 59, -119, 67, 66, -33, -121, 12, 63, 90, -24, 52, 79, -39, -74, -49, -20, 1, -75, -19, 110, -32, -35, -80, -5, -106, 33, 66, 33, -6, -80, 37, -65, 33, 94, -15, 69, 124, -89, -29, 79, 8, 127, -62, 53, 113, 28, -74, -58, 103, -77, -112, -7, 103, -51, 25, 104, -92, 3, -107, 102, 0, 14, 121, 35, -95, -32, -116, 113, -109, -54, 87, -82, 124, 103, -68, 17, 72, 108, 124, -84, -103, -81, -92, -101, 126, -17, -69, -80, 17, -116, 123, -7, -99, 125, -67, -21, -56, -21, -23, -80, 117, 101, 86, -124, 103, 45, -39, -124, -43, -99, -113, -115, 62, 36, 124, 60, -69, -8, 125, -84, 67, 111, 37, -56, -70, -78, -70, 82, -10, -41, 1, 118, -106, -58, 55, 43, 14, -60, 100, 125, 114, 62, -125, -117, -81, 125, -3, -90, 101, 6, 79, 12, -59, -58, 64, -71, 110, -66, -66, 80, -2, -107, -32, 84, 81, 69, 21, -46, 72, 81, 69, 20, 81, 69, 20, 0, 81, 69, 20, 81, 69, 20, 0, 81, 69, 20, 81, 69, 20, 0, 81, 69, 20, 81, 69, 20, 0, 81, 69, 20, 84, -106, -10, -13, -35, -50, -80, -37, 67, 36, -46, -74, 118, -92, 106, 89, -114, 6, 78, 0, -10, -90, -57, 27, -51, 42, 69, 18, 51, -56, -28, 42, -86, -116, -106, 39, -96, 3, -71, -81, -89, 62, 24, -8, 125, 108, 124, 61, 111, 13, -60, 3, 16, 32, 59, 24, 41, 30, 115, 115, 35, 28, 12, 49, 28, 40, 60, -100, 42, -116, -16, 43, -109, 23, -118, 88, 120, -34, -41, 108, -88, -58, -31, 82, 67, 4, -73, 51, 36, 48, 68, -14, -54, -25, 10, -120, -91, -103, -113, -96, 3, -83, 49, 85, -99, -126, -86, -106, 98, 112, 0, 25, 36, -41, -41, -65, 8, -68, 17, 111, -31, 63, 6, -38, 79, 53, -96, 77, 94, -10, 49, 53, -44, -114, -65, 58, -25, -107, -113, -98, 64, 3, 25, 30, -71, -86, -97, 15, 60, 40, 116, 45, 2, -34, -23, -83, -28, 71, -115, -110, 105, 17, -37, 118, -25, 32, 121, -124, 118, -29, -128, 49, -3, -34, -25, -102, -11, 69, 101, 117, 12, -92, 21, 35, 32, -114, -124, 87, 60, 124, 81, -90, -83, -31, -73, 45, 32, 1, -74, -7, -101, 126, 76, -2, 121, -3, 42, -11, -114, 109, 47, -102, -52, 54, 109, -28, 67, 44, 35, -5, -104, 35, 114, -113, 110, 65, 31, -115, 124, -98, 43, -102, -85, 117, 30, -25, 76, 52, -48, 127, -62, 47, 6, 15, 7, -8, 42, -36, 92, -37, -7, 90, -91, -24, -13, -18, -9, 15, -103, 73, -5, -88, 125, 54, -116, 113, -22, 77, 119, -44, 81, 81, 93, -21, -53, 5, -55, -118, 40, -124, -127, 78, 25, -119, -58, 79, -75, 105, 90, 93, 71, 121, 0, -106, 51, -63, -32, -125, -44, 31, 74, -27, 117, 27, 73, 45, 110, -28, 12, -89, 99, 49, 42, -35, -120, -83, -51, 10, -34, 72, 44, -35, -36, 16, 100, 57, 10, 125, 43, -106, 81, 86, -70, 20, 100, -36, -84, -62, -118, 40, -83, 90, -87, -89, -22, -106, 26, -76, 50, 75, -89, -35, -61, 117, 20, 82, 24, -99, -30, 109, -64, 56, -22, 50, 62, -94, -71, 45, 19, -30, 52, 119, -105, 119, -102, 78, -87, -91, -35, 89, 107, -42, -46, -107, 93, 57, 23, -52, 121, -44, -97, -108, -58, 122, 30, 49, -109, -64, 29, 115, -114, 69, -81, 11, 120, 35, 93, -47, -26, -43, -89, -114, -2, -45, 78, -73, -44, -81, 26, -16, 89, 8, 12, -19, 9, 97, -56, -33, -71, 87, -98, 56, 0, -127, -114, 13, 119, 80, -53, 43, 85, 82, -46, -51, 90, -35, -97, -52, 110, -94, 65, 69, 20, 86, -5, 107, 122, 106, -21, -117, -94, -75, -36, 99, 82, 104, 124, -11, -73, 57, -36, 83, 36, 103, -45, -79, -86, -34, 35, -15, 62, -103, -31, 91, 8, -81, 117, 89, 36, -114, 9, 102, 88, 3, 36, 101, -128, 102, -18, 125, 0, 25, 60, -6, 119, 60, 86, 92, -66, 12, -43, 52, -65, 25, 92, 120, -67, 37, -113, 87, -72, 123, 65, 106, 109, 85, 60, -122, 68, 4, 28, -58, 73, 33, -104, -29, -95, 42, 57, 60, -47, -85, -33, 88, -8, -65, 68, 93, 22, -54, 20, -71, -101, 83, 103, -73, 120, 110, 16, -87, -75, -39, -113, 49, -28, 94, 25, 74, 101, 120, -32, -18, 41, -56, -50, 106, -25, -106, -44, -89, 86, 16, -108, 91, 78, -41, -73, 126, -65, -45, 18, -88, -102, 108, 40, -94, -118, -101, -57, 90, -69, 105, -66, 13, -44, 39, -78, -44, -31, -76, -65, 48, 23, -76, 114, -21, -70, 70, 28, -128, -128, -3, -30, 122, 0, 51, -42, -109, -61, 94, 40, -77, -72, -16, -66, -107, 46, -89, -87, 91, -57, -88, 53, -100, 109, 112, -109, 72, -87, 38, -16, -93, 121, 42, 112, 122, -28, -12, -83, -33, 12, -8, 47, 70, -16, -75, -84, 73, 103, 1, -106, -27, 35, 88, -38, -14, -32, -7, -109, 50, -127, -128, 55, 30, -125, 29, 20, 96, 15, 74, -37, -69, -77, -74, -65, -74, 123, 107, -53, 120, -82, 32, -112, 97, -30, -107, 3, -85, 15, 112, 120, -81, 81, 100, -112, -10, 92, -114, 90, -34, -9, -79, -97, -74, 119, -72, 81, 69, 21, -64, 120, 95, 90, -72, -15, -41, -123, 95, 81, -102, -56, 89, -57, 37, -60, -126, -48, -18, 39, -52, -115, 78, 21, -56, -57, 29, -57, -32, 77, 91, -45, -12, -117, -72, -81, -29, -110, 84, 8, -120, 115, -69, 112, 57, -89, 93, 89, -73, -127, -52, 15, 108, -59, -4, 54, -50, -79, 60, 44, 114, -42, 5, -114, 21, -108, -11, 49, 100, -128, 65, -5, -71, -56, 56, -56, 26, -70, -92, -73, 16, -39, 51, -37, 2, 95, 35, 36, 12, -112, 61, 107, -58, -58, -31, -25, -121, -86, -31, 107, 39, -73, -95, 106, -46, 92, -63, 69, 20, 87, -107, 124, 99, -16, -52, 87, 86, 23, 23, 64, 42, -70, -93, 93, 68, -25, -116, 50, 15, -99, 115, -126, 112, 87, -100, 113, -106, -37, -98, 5, 124, -15, 95, 82, 124, 71, -110, 105, 60, 10, -26, 113, -5, -26, -75, -72, 99, -58, 56, 17, -97, -23, -118, -7, 110, -67, -4, -102, 114, -106, 30, -49, -93, 50, -85, -67, -49, 37, -8, -5, -31, 37, -42, -68, 28, -70, -36, 68, -117, -83, 35, 44, 64, -2, 56, -104, -128, -61, -16, -64, 63, -127, -11, -81, -106, -85, -19, 111, -119, 87, 17, 90, -4, 52, -15, 28, -109, 0, 84, -40, 75, 24, -49, -9, -103, 118, -81, -22, 69, 124, 83, 69, 20, 81, 94, -79, -104, 81, 69, 20, 81, 69, 20, 0, 81, 69, 20, 81, 69, 20, 0, 81, 69, 20, 81, 69, 20, 0, 81, 69, 20, 81, 69, 20, 0, 81, 69, 21, -35, -4, 35, -98, -46, 15, 27, 3, 120, 83, -55, 107, 118, 93, -83, -4, 95, 50, -98, -99, -8, 4, -29, -48, 26, -6, -127, 66, 53, -74, 32, 42, 16, -81, -56, 83, -89, -31, -118, -8, -82, -50, -14, -30, -62, -18, 59, -85, 89, 90, 41, -29, 57, 71, 94, -93, -4, 71, 108, 119, -81, -92, 62, 20, -8, -86, 79, 16, 88, 54, -8, -52, 67, 44, -84, -97, -62, 36, 93, -92, -20, -25, 56, 33, -127, -25, -89, -65, 83, -30, 102, -104, 121, 95, -38, -83, -115, 105, -67, 44, 122, 119, -64, 70, -45, -121, -60, -40, 86, -3, 99, 105, 26, -42, 65, 105, -68, 116, -101, -125, -111, -17, -76, 61, 125, 99, 95, 2, 91, -36, 77, 105, 113, 29, -59, -68, -81, 12, -47, 48, 116, -110, 54, 42, -54, -61, -95, 4, 116, 53, -11, -105, -63, -65, 31, 94, 120, -33, -61, -41, 49, -22, 97, 78, -93, -89, -78, 71, 44, -86, 49, -26, -85, 3, -75, -120, -20, 126, 82, 15, -46, -87, 73, 27, 69, 35, 70, -32, -85, -87, 33, -127, -20, 107, -65, -73, 47, 105, 103, -91, 93, 79, -112, 34, 64, -110, -109, -4, 42, -53, -116, -97, -95, -37, -102, -69, 38, -101, 101, 45, -64, -72, -110, -42, 38, -105, -5, -59, 121, -85, 46, -117, 34, 50, 58, -122, 86, 24, 32, -12, 34, -68, 121, 123, -54, -58, -121, -92, -47, 69, 21, 102, -118, -49, -46, 3, -57, 109, 45, -69, 49, 97, 4, -83, 26, 19, -41, 111, 5, 65, -6, 2, 5, 104, 87, -97, 37, 103, 99, 80, -94, -118, 42, -74, -127, -89, 36, -73, -41, 122, -20, -24, -90, -26, 114, 109, -32, 36, 115, 28, 8, -60, 0, 15, -5, 77, -105, 63, 85, 29, -86, -113, -116, -68, 115, 7, -123, 54, -62, -80, 71, 61, -63, -113, -50, -112, -53, 55, -107, 28, 49, -25, 1, -103, -80, 78, 73, 4, 0, 7, 56, 61, 43, 99, -61, 87, 11, 62, -123, 2, 15, -65, 108, 90, -38, 65, -24, -47, -79, 67, -7, -19, -49, -48, -118, -13, -65, -117, -66, 13, -71, -42, 68, -41, 48, -84, -51, 5, -52, 49, -93, -68, 81, -103, 12, 47, 27, 49, 4, -88, -28, -87, 12, 70, 71, 66, 50, 122, -41, -24, 24, 74, 112, -115, 56, -59, 109, 111, -48, -13, -85, -54, 74, 45, -83, -62, -118, 40, -82, -113, -62, 95, 17, 109, -68, 75, 115, 13, -69, -63, 20, 102, -32, 55, -39, -26, -126, 111, 50, 57, 25, 70, 74, 28, -128, 85, -80, 9, -58, 15, 0, -13, -38, -76, 53, 75, 8, 52, -113, 20, 89, 120, -114, 8, -111, 26, -23, -109, 79, -66, 33, 70, 93, 92, -127, 19, 125, 68, -101, 23, -36, 55, 63, 116, 87, -103, -4, 39, -16, 69, -18, -103, 121, 108, -40, -103, -83, -31, -72, 55, 51, 79, 36, 77, 18, 19, -80, -86, -94, 6, 25, 99, -110, 9, 35, -116, 2, 58, -30, -67, 63, -58, -73, 112, -37, -23, 54, 80, -53, 42, 70, -41, 90, -99, -100, 81, -105, 108, 12, -119, -47, -49, -29, -75, 24, -2, 21, -75, 68, -109, -48, -118, 18, -108, -93, 121, 127, -107, -48, 81, 69, 21, -63, -4, 88, -15, -3, -18, -123, 44, -10, -10, -113, 60, 80, -38, -76, 113, 56, -126, 79, 45, -91, -107, -41, 127, 46, 57, 85, 11, -114, -104, 36, -97, 106, 79, -123, 127, 16, 111, -11, -5, -117, 104, 110, 100, -102, 91, 107, -105, -110, 0, -77, -74, -9, -122, 84, 79, 51, -121, -64, 44, -91, 65, -5, -39, 32, -30, -70, -81, 26, -8, 1, 60, 77, 51, 92, -61, -10, 118, 121, 99, 88, -25, -73, -71, -56, -114, 80, -92, -107, 109, -54, 9, 86, 25, 60, -32, -28, 99, -46, -78, 60, 57, -31, -117, 127, 7, -33, 64, 37, -114, -38, 77, 66, 53, 99, 105, -90, -40, -79, 101, -113, 112, -38, 101, -111, -40, 3, -45, 35, 36, 14, -92, 13, -60, -128, 28, -89, 78, 20, -36, -92, -46, -78, -2, -75, 51, -27, -86, -22, -24, -98, -3, -12, -73, 107, 119, -7, 124, -62, -118, 40, -81, 64, -42, -96, -75, -70, -48, -81, -19, -81, -103, 18, -42, 107, 119, -114, 86, 114, 2, -123, 42, 65, -55, 61, 58, -41, 47, -31, 13, 118, -37, 91, -16, -19, -125, -91, -36, 114, -35, -83, -84, 95, 105, -113, 63, 58, 57, 81, -99, -61, -88, -25, 53, -83, -10, 121, 46, 100, 89, -11, 7, 89, -91, 83, -71, 35, 3, -9, 113, 31, -10, 65, -22, 127, -38, 60, -11, -58, 7, 21, -50, -21, 58, -124, 79, -29, -33, 15, 105, -74, 96, 61, -14, 121, -77, -35, 50, -11, -114, -37, -53, 97, -122, -10, 105, 10, 96, 122, -83, 124, -114, 97, -116, -89, -116, 124, -108, -41, -61, 119, 115, -45, -124, 92, 117, 97, 69, 20, 85, 111, -119, -70, 84, -6, -81, -123, 102, -118, -39, -27, 89, -118, 60, 107, -27, 74, 35, 44, 89, 120, 82, -57, -115, -92, -128, -89, 61, 67, 17, -59, 124, -105, 95, 104, -8, -96, -88, -16, -19, -34, -18, -31, 64, -6, -18, 21, -15, -26, -77, -28, -1, 0, 110, -22, 31, 103, -14, -68, -113, -76, -55, -27, -7, 88, -39, -73, 113, -58, -36, 113, -116, 116, -59, 118, -28, 85, 27, -89, 40, 118, 100, 86, 90, -36, -30, -66, 45, -23, 115, 106, -1, 0, 11, -75, -53, 123, 112, -58, 84, -119, 103, 10, -67, -60, 110, -82, 71, -65, 10, 107, -29, 90, -5, -7, -43, 93, 25, 92, 6, 66, 48, -64, -114, 8, -81, -127, -18, -4, -65, -74, 79, -28, -29, -54, -13, 27, 102, 58, 109, -49, 21, 70, -118, 43, -43, -12, 79, -123, -106, -38, -9, -124, 37, -44, 52, -5, -5, 73, -81, -30, 73, 127, -47, 8, 111, 56, -19, 98, 6, -30, 36, -62, 49, -57, 3, 105, 28, -116, -25, -83, 123, 21, -85, -45, -94, -71, -86, 59, 45, -116, -110, 111, 98, 26, 40, -81, -93, -76, 31, -39, -13, -61, -73, -66, 23, -77, -72, -67, -44, -17, -98, -2, -26, -35, 101, 50, -37, -56, -98, 90, -106, 0, -128, -93, 105, -56, -25, -82, 121, -10, -81, 40, -94, -70, 63, 13, 120, 108, -8, -101, -60, -61, 78, -77, 14, -88, -13, 108, -119, 100, 33, -120, 25, 39, -25, -58, 14, 2, -122, 36, -127, -4, 56, -29, 112, -82, -81, -30, 46, -97, -32, -19, 21, -123, -106, -102, 90, -25, 84, 87, -112, 94, 92, 36, 106, -111, 111, 42, 126, 69, 84, -38, -86, 67, -107, 56, 94, 20, 12, 28, -12, -91, 42, -15, -115, 69, 75, 118, -1, 0, 5, -35, -123, -76, -71, -13, -115, 21, -34, -8, 51, -31, -75, -57, -119, 126, 33, -35, -8, 118, 121, 25, 45, 116, -39, -92, 91, -23, -48, 96, -123, 71, 43, -127, -98, -20, 70, 7, -89, 39, -100, 87, -91, 124, 94, -48, 126, 31, -8, 71, -63, 13, -90, 89, -23, -106, -112, 107, 83, 108, -5, 38, -52, -76, -64, 6, 27, -99, -101, 57, -37, -128, -61, -98, -89, -89, -73, -104, -47, 69, 21, -80, -113, -98, 40, -94, -118, 40, -85, 122, 98, 91, -53, -87, 65, 29, -41, -4, 123, -79, -60, -116, 1, 37, 84, -114, 88, 1, -55, 35, -82, 61, -85, -42, -11, -65, -123, 26, 78, -75, -90, 54, -87, -32, -115, 89, 53, 37, -120, 126, -10, -36, 50, 111, -4, 54, -123, 0, -1, 0, -78, -64, 19, -22, 58, 86, 21, -79, 52, -24, -76, -86, 105, 126, -67, 62, -14, -108, 91, -40, 40, -82, -125, -63, 26, 86, -101, -83, -8, -45, 75, -45, 117, -117, -95, 109, 97, 60, -37, 101, -112, -74, -34, -60, -123, -49, 109, -60, 5, -49, -67, 125, 7, -30, -49, -128, -98, 27, -43, 116, -62, 124, 61, 31, -10, 93, -6, 47, -18, -49, -104, -49, 20, -98, -50, 9, 36, 127, -68, 63, 35, 94, 57, 28, 50, 75, -69, -53, -115, -33, 96, -36, -37, 84, -100, 12, -127, -109, -8, -112, 63, 26, 71, -115, -29, -58, -12, 101, -49, 76, -116, 87, -86, -4, 23, -47, -19, -82, 124, 89, 119, 107, -86, 105, 75, 116, -80, 66, -20, -62, 104, -119, 88, 93, 74, -123, -36, -92, 99, 39, -26, 0, 30, 70, 43, -104, -8, -121, -30, 100, -15, 46, -70, 103, -121, 75, -113, 78, -123, 81, 81, 33, 85, -38, -60, 41, 110, 95, -128, 55, 114, 126, -104, -57, -83, 76, 113, 14, 85, -35, 37, 29, 18, -69, 126, -69, 7, 46, -105, 62, 95, -118, 41, 39, -107, 98, -118, 54, -110, 70, 56, 84, 65, -110, 79, -80, -87, 46, -84, -82, -84, 38, -14, 111, 45, -90, -73, -105, 25, -39, 52, 101, 27, 30, -72, 53, -12, -41, -63, 15, 3, 106, 94, 19, 77, 97, -75, -35, 21, 109, 111, -102, 68, 88, 110, 75, -93, -105, -113, 7, 42, -92, 19, -127, -100, 31, 124, -113, 74, -32, -66, 63, -8, -66, -49, 90, -41, 45, -12, 43, 123, 25, 18, 93, 46, 71, -13, 110, 102, 77, -91, -40, -32, 109, 65, -3, -34, 58, -9, -19, -57, 39, -113, -82, -5, -31, 79, -120, -109, 66, -41, -27, -115, -103, 17, -18, 66, -7, 108, -25, -122, 97, -111, -77, -15, 12, 113, -49, 81, -114, -92, 87, 3, 69, 105, 90, -110, -85, 7, 7, -44, 73, -39, -36, -15, -70, -11, 47, -127, -66, 52, -79, -16, -81, -118, 110, 109, 53, 57, -124, 22, 122, -100, 107, 31, -100, -57, -27, 73, 20, -99, -123, -67, 7, -52, -61, 61, -78, 59, 102, -68, -74, -118, -5, 11, 81, -42, -103, -68, 58, -73, -42, 57, 12, -20, 20, -110, 50, 99, -11, -1, 0, 15, -58, -84, -8, 122, -14, -30, -5, 74, 89, 110, 78, -25, 14, 87, 118, 49, -72, 14, -1, 0, -45, -16, -82, 123, -31, -91, -44, 90, -113, -126, -19, -110, 89, 82, -27, -38, 52, 105, 11, 54, -3, -60, -94, -125, -97, 83, -72, 28, -5, -26, -73, 53, 93, 110, -33, 68, 88, -19, -30, -123, 90, 76, 100, 70, -65, 42, -88, -81, -109, -100, 121, 100, -29, -40, -24, 62, -1, 0, 4, 17, -112, 114, 40, -82, 43, -31, 29, -5, -22, 63, 11, 116, 41, -92, -104, -53, 34, -62, -47, 51, 19, -110, 54, 59, 40, 7, -24, 0, -82, -42, -76, 96, 97, 109, -87, 72, -116, 112, -73, 56, 100, 63, -19, -127, -126, 63, 32, 15, -32, 106, -59, -11, -12, 54, 16, 9, 101, -36, 75, 48, 84, 68, 25, 103, 99, -48, 1, -21, 88, -47, -22, -111, 106, 122, 36, -73, -126, 50, -113, 110, 119, -19, 39, 59, 89, 126, 97, -125, 90, 58, -108, 101, 110, 44, -17, 68, 109, 34, -37, -69, 111, 85, 25, 33, 88, 96, -80, 29, -15, -57, -31, -102, -28, -87, 5, -50, -101, -22, 111, 69, 41, 74, -46, 10, 40, -94, -88, 105, -25, 81, -114, -30, -5, 82, -76, -110, 59, 120, -82, -39, 89, -19, -45, 19, -109, 34, -115, -69, -70, -128, -84, 70, -48, 121, 63, 116, 123, -25, 118, -49, 83, -68, -118, -6, 59, 77, 64, 68, -21, 54, 68, 51, -60, -91, 65, 96, 51, -75, -108, -109, -125, -128, 112, 115, -38, -72, 95, -120, -6, -74, -69, -93, -24, 112, -22, -66, 30, -122, -60, -61, 110, 115, 44, -14, -27, -118, -17, 96, -125, 98, -114, 59, -110, 73, -24, 43, 59, 68, -8, -123, -31, -3, 115, 77, -74, -45, 60, 71, -87, 61, -67, -24, 108, -56, 110, -30, -5, 58, 74, 121, -24, -22, -59, 64, -25, -44, 30, 43, -44, -62, -30, 113, 80, -116, 106, 69, -34, 11, 75, 110, -46, 28, -7, 37, 117, -53, 101, -23, -73, 109, 66, -118, 40, -81, 87, -43, 53, -99, 59, 68, -76, 55, 90, -99, -28, 54, -79, 116, 6, 70, -63, 99, -24, -93, -85, 31, 97, -109, 92, -54, 68, -2, 40, -69, 109, 71, 84, -78, 49, -40, 8, -102, 27, 75, 43, -108, -7, -118, -73, 15, 36, -118, 122, 51, 14, 2, -11, 85, -50, 121, 98, 4, -6, 118, -127, -95, -38, 74, -73, -74, 54, 22, -66, 115, 15, -106, -28, 40, 119, 35, -39, -50, 78, 63, 26, -42, -87, -58, -26, -14, -83, 15, 103, 77, 89, 117, -18, 115, -62, -107, -99, -40, 81, 69, 21, -121, 99, 103, -30, 11, 55, -106, -50, 45, 82, 56, -76, -91, -30, 15, 48, 25, -18, 80, 122, 7, 108, 0, 58, 99, 112, 115, -17, -23, 104, -99, 43, -61, -42, -110, 77, 113, 113, 13, -86, 59, 111, -106, -30, -26, 96, 26, 70, -11, 103, 99, -110, 113, -21, -12, -85, 87, 118, 112, -34, -58, 18, 99, 46, -47, -1, 0, 60, -26, 120, -1, 0, -12, 18, 43, 18, 109, 47, -62, 26, 20, -33, 110, -68, -121, 76, -74, -103, 121, 23, 23, -114, -91, -57, -47, -36, -25, -11, -82, 25, -30, -86, 87, 74, 53, 36, -35, -70, 127, 95, -16, 75, 81, 81, -40, 40, -94, -118, -88, 124, 81, -88, 120, -125, 48, -8, 82, -63, -98, 22, -32, -22, -73, -88, 99, -73, 95, 116, 83, -13, 74, 126, -104, 95, 122, -45, -16, -9, -122, 109, 116, 4, -98, 81, 44, -105, 122, -115, -37, 7, -69, -66, -97, -103, 38, 111, -28, 20, 118, 81, -64, 21, -49, 127, -62, 69, 21, -45, -104, -4, 19, 21, -27, -12, -124, -32, 109, -120, -117, 4, 62, -84, -17, -116, 15, 104, -49, -31, 93, -52, 62, 111, -109, 31, -100, 80, -53, -76, 111, -39, -99, -69, -79, -50, 51, -38, -94, -75, -31, 30, 84, -84, -97, 78, -65, 63, -22, -64, -75, 10, 40, -94, -79, -4, 87, 19, 75, -95, 72, 71, 72, -35, 93, -121, -74, 113, -3, 107, -29, 73, 98, -110, 25, 94, 41, 81, -93, -111, 24, -85, -93, 12, 21, 35, -88, 35, -79, -81, -75, 60, 65, 42, 69, -96, -34, -77, -12, 49, 21, 31, 83, -64, -3, 77, 124, -119, -30, -45, 109, 47, -119, -11, 25, -84, 97, 116, -74, -13, -74, -106, 60, -125, 38, 62, 114, 14, 79, 12, -63, -120, -10, 61, 7, 74, -10, -78, 25, 59, 77, 25, 86, -24, 81, -42, -110, -26, 77, 11, 81, 75, 53, -35, 116, -42, -46, 8, 71, -85, -19, 59, 127, 92, 87, -63, -20, -91, 88, -85, 2, 8, 56, 32, -10, -81, -65, -85, -30, 95, 29, 88, 94, 65, -30, -19, 90, -10, 109, 54, -18, -50, -42, -14, -6, 121, -83, -115, -60, 13, 24, 116, 46, 72, 43, -72, 12, -116, 17, -46, -79, 43, -45, 126, 11, 9, -25, -8, -127, -89, 72, 102, 1, 98, -122, 117, -64, 24, 44, -95, 62, -23, 61, -58, 93, 72, -50, 113, -73, -73, 21, -60, -24, -34, 28, -66, -42, -18, 22, -34, -46, 25, 100, -99, -1, 0, -43, -63, 28, 101, -92, 112, 65, 59, -79, -64, 11, -100, 101, -104, -127, -49, 25, -63, -81, 91, -47, -12, -35, 15, -31, -124, -16, 106, 26, -35, -48, -97, 91, -123, 29, -19, -12, -101, 6, -34, 97, -36, -127, 93, -28, 98, 122, -107, 28, -109, -123, 28, -32, 26, -12, -15, -43, 35, -20, -91, 73, 107, 41, 39, 100, -73, -2, -68, -52, -32, -75, -71, -51, 87, -47, 63, -77, -123, -34, -81, 117, 103, -85, -57, 62, -95, 36, -102, 93, -81, -106, -112, -37, 57, -35, -79, -37, 36, -107, -49, -35, 24, 29, 7, 7, 53, -27, 94, 9, -8, 97, -30, 31, 28, 74, -78, 89, -63, -10, 109, 59, 56, 123, -23, -63, 17, -5, -19, -18, -25, -40, 126, 36, 87, -46, 126, 20, -16, 127, -121, 62, 20, -24, 23, 83, -75, -15, 69, 112, -83, 119, 123, 117, 38, -48, -27, 115, -116, 47, 65, -44, -32, 12, -98, 122, -102, -17, -12, 45, 35, -62, -42, 62, 49, -67, -71, -47, -20, -82, -28, -69, 37, -94, -106, 116, 87, 107, 104, 24, -29, 114, -85, 30, 51, -14, -128, 113, -100, 99, 28, 14, 43, -109, -65, -16, -89, -61, -81, 10, 95, 121, 26, -42, -83, -88, -51, 56, -113, 104, -120, 111, 44, -88, -60, -97, -103, -95, 64, -57, -41, -26, 53, 121, -66, 53, 120, 126, -57, 79, 72, 45, 116, -23, 62, -44, 0, 17, -37, -117, -120, 68, 92, -6, -56, 24, -128, 63, 12, -5, 87, 59, 46, -77, -31, 47, -119, 90, -116, 67, 86, -5, 62, -103, -87, 75, 25, -122, 27, -56, 101, 18, -58, -60, -88, -54, 72, -110, 34, -107, 35, 126, 3, 96, 100, -113, -107, -14, 5, 120, -44, 104, -30, 99, 39, 58, -68, -54, 61, 90, 122, -23, -6, 122, 26, -73, 29, -111, -42, 89, -23, 58, 126, -97, 115, 119, 115, 103, 101, 4, 19, -34, 63, -103, 113, 36, 104, 21, -91, 111, 86, 61, -5, -2, 102, -71, -85, -19, 3, -64, 58, 78, -79, 113, -88, -21, 16, -23, 9, -88, 95, 49, -107, -91, -44, -26, 87, 102, -19, -14, -7, -92, -32, 118, -62, -32, 84, 80, -4, 92, -16, 36, -6, 124, -73, -119, -30, 43, 96, -111, 2, 89, 29, 89, 36, 63, 68, 32, 51, 126, 0, -42, 13, -82, -73, -16, -21, -29, 75, 75, -89, -36, 90, 57, -67, -73, 83, -27, 11, -123, 17, 79, -77, -69, 70, -54, 78, 71, -74, 126, -94, -72, 111, 31, -63, -95, 44, -51, 54, -117, 115, 121, 113, 108, -46, -81, -109, 45, -44, 12, -84, -25, 105, 18, -82, -10, 64, -50, 23, 16, -29, 113, -29, 121, -21, -42, -118, -59, -15, -122, -128, -66, 26, -15, 45, -34, -102, -105, 48, -36, 44, 79, -115, -48, -28, -88, -32, 28, 115, -98, -103, -58, 50, 72, -24, 115, -44, -107, -12, 116, 109, -20, -29, 103, 117, 109, -39, -125, -36, -14, -17, -114, 122, 127, -124, 45, 53, 61, 46, 127, 12, -101, 5, -98, 116, -112, -35, -57, 98, -22, 99, 0, 109, -40, 112, -68, 41, 63, 55, 78, -72, -94, -71, -65, -119, -2, 3, 95, 0, 120, -107, 44, 96, -69, 55, 54, -105, 17, 121, -16, 51, -116, 58, -82, 72, -38, -40, -29, 32, -114, -93, -83, 20, 120, 95, -62, 58, -97, -117, -81, 94, -49, 75, -113, 124, -54, -69, -37, 36, 5, 69, 24, 4, -79, 39, -114, 72, -64, 25, 39, -97, 74, -10, -33, 1, -8, 27, 87, -16, -73, -117, -105, 83, -41, -4, 67, 108, 110, -82, 99, 117, 104, 77, -55, -110, 91, -89, 99, -36, -80, 4, -29, 0, -11, 110, 71, 108, -41, -119, -8, 95, -60, -102, -97, -121, -81, 24, -23, 115, 75, 20, -41, 11, -28, -26, 23, 85, 102, -36, 87, -116, -78, -80, -19, -41, 0, -126, 122, -10, -82, -9, 79, -48, -94, -46, -84, -76, -33, 28, -8, -61, 83, 103, -13, 29, 110, -83, 109, 34, -3, -27, -59, -45, -116, 48, 37, -37, -112, -65, 42, -79, -55, 56, 31, -35, -50, 43, -125, 30, -86, -55, 56, 57, 37, 23, -94, 86, -69, 108, -72, 91, 114, 79, -121, -1, 0, 11, 117, 111, -120, 16, -35, 92, -38, 93, 91, -38, 90, 91, 48, -115, -91, -101, 36, -77, -111, -100, 0, 61, -79, -109, -18, 43, -24, -81, -122, 95, 15, -18, -4, 3, -89, 93, -37, 93, 107, 114, 106, 2, -31, -107, -106, 32, -123, 99, -121, 25, -50, -48, 73, 57, 57, -25, -89, 65, -59, 124, -35, -32, 127, -119, -102, -1, 0, -128, -30, -70, -73, -46, -106, -42, 104, 46, -104, 51, 69, 116, -116, -54, 28, 12, 110, 27, 88, 16, 113, -113, -56, 87, -47, -102, 14, -113, -88, -8, 117, 46, 124, 93, -29, -65, 18, -55, 45, -38, -62, 119, -60, -78, 20, -76, -76, 67, -113, -107, 80, 112, -51, -48, 103, 28, -98, -103, 60, -97, 120, -67, -44, 117, 11, 121, -104, 90, -24, -105, 23, 81, -125, -53, -84, -47, 38, -17, -9, 67, 48, -49, -29, -118, -14, -33, -118, -1, 0, 13, -25, -41, 86, 63, 16, -24, 118, 47, -10, -87, 20, 125, -82, -44, 47, -50, -57, 28, 62, -48, 121, 97, -9, 72, 25, -49, 94, 113, 77, -105, -10, -122, -45, -60, 36, -59, -95, 76, -46, -10, 86, -72, 1, 127, 61, -89, -7, 87, 27, -88, -4, 109, -15, 77, -50, -88, -78, -37, -34, 71, 107, 110, -81, -2, -82, -34, 5, 100, 43, -97, 71, 27, -101, -113, 117, -6, 10, -14, -80, 120, 28, 109, 42, -118, 113, -118, -115, -69, -67, -1, 0, 51, 73, -50, 13, 89, -98, -127, 92, 31, -59, 111, 1, 127, -62, 115, -31, 115, 21, -92, 112, -1, 0, 107, -38, -80, -110, -42, 71, -7, 115, -3, -28, 45, -40, 17, -8, 100, 10, -95, 47, -57, -97, 1, -57, 30, -27, -66, -70, -108, -1, 0, 113, 45, 31, 63, -88, 3, -11, -82, 35, 81, -3, -92, -27, 93, 100, 127, 102, 104, 41, 38, -106, -93, 4, 92, -54, 86, 105, 15, -88, 43, -107, 95, -90, 27, -21, 94, 113, 115, 105, 61, -84, -14, -61, 52, 108, -81, 17, 33, -63, 82, 10, -13, -114, 65, -28, 125, 14, 13, 65, 94, -79, 47, -60, 109, 11, -59, 49, -96, -15, 127, -121, -83, -89, -103, 83, 38, -9, 79, -112, -63, 60, 124, -29, 24, 98, 55, 30, -8, 12, 70, 59, 117, -60, 50, 124, 62, -48, -75, -37, -116, -8, 111, 95, 75, -103, -73, 124, -6, 117, -7, -5, 45, -39, -21, -107, 12, 70, 24, -13, -41, 111, -29, 94, -22, -59, 56, -1, 0, 26, 46, 62, 123, -81, -67, 126, -74, 49, -27, -66, -57, -114, 107, -34, 18, -15, 7, -122, 37, -14, -11, -99, 38, -26, -45, 39, 1, -35, 51, 27, 31, 103, 25, 83, -8, 26, -59, -81, -86, -12, 111, -114, 126, 8, -15, 4, 63, 101, -43, 60, -51, 61, -91, 27, 94, 43, -40, -73, -60, -34, -37, -122, 70, 63, -34, 2, -86, 107, -1, 0, 5, -68, 27, -29, 11, 99, -88, -8, 102, -14, 27, 9, 31, -111, 37, -109, 9, 109, -33, -2, 2, 14, 7, -4, 4, -113, -95, -86, -1, 0, 12, -68, 105, 46, -99, 121, 111, -91, -49, 36, 72, -111, -25, -20, -84, 126, 82, -60, -74, 76, 103, 3, -100, -28, -112, 79, 61, -71, -7, 64, -11, -1, 0, 20, 89, 78, -6, -102, -36, -59, 19, -55, 28, -56, -72, 42, -92, -32, -29, 24, -82, 39, -63, -34, 0, -16, -18, -105, 104, 37, -15, 109, -50, -93, -90, -22, -14, -36, -84, 49, -38, -60, 90, 5, -113, 123, -20, 93, -78, 127, -53, 94, 91, -110, 24, -32, 117, 28, 102, -67, 23, 81, -71, -43, 124, 8, -56, -38, -92, -110, 106, 126, 29, -56, 79, -19, 0, -97, -65, -76, -20, 60, -32, -93, 14, -65, -19, -128, 15, -88, -17, 92, 24, -52, 31, -76, 126, -38, -122, -67, -20, 92, 101, 109, 25, -64, -4, 11, -8, -124, -6, 30, -78, -98, 24, -65, 108, -23, -38, -124, -40, -127, -119, -1, 0, 83, 57, -64, 3, -24, -36, 15, -82, 15, -83, 125, 59, 92, 127, -121, 62, 24, -8, 75, -61, 86, 48, 67, 6, -113, 105, 115, 113, 17, 87, 55, 119, 80, -84, -110, -105, 28, -18, 12, 71, -53, -49, -90, 49, 93, -123, 92, -47, 116, 118, -73, -47, 37, -73, -72, -7, 94, -28, 29, -29, -5, -96, -116, 99, -21, 91, -74, -109, 121, -10, -56, -28, 97, -57, -54, -29, -47, -121, 4, 126, 117, 28, 51, 69, 113, 4, 115, 67, 34, 73, 20, -118, 25, 29, 14, 67, 3, -48, -125, -36, 85, 123, 103, 104, -11, -55, -31, 7, -9, 114, -62, -78, -111, -24, -64, -19, -49, -30, 49, -7, 87, -127, 94, 55, -115, -5, 27, 69, -22, 20, 81, 69, 75, -88, -37, 89, 107, 22, 55, -102, 77, -61, 43, -92, -15, 52, 82, -96, 60, -123, 97, -113, -49, -102, -7, -70, -5, 78, -101, 78, -66, -70, -46, -75, 4, 13, 113, 107, 33, -118, 64, 87, -121, -12, 96, 61, 24, 16, 71, -42, -66, -125, -75, -46, -82, 97, -43, -52, -20, -61, -53, 12, 78, -20, -14, -39, -82, 79, -30, -121, -125, -25, -44, -95, 77, 123, 75, -128, -53, 125, 108, -101, 46, 33, 65, -13, 79, 8, -25, -127, -35, -105, -110, 61, 65, 35, -46, -73, -53, -15, 10, -108, -7, 27, -47, -2, 103, 78, 26, -73, -77, -107, -27, -77, -36, 40, -94, -118, -14, 11, 100, -102, -60, -109, -89, 95, 95, 88, 18, 115, -2, -119, 114, -15, -2, -128, -30, -67, 87, -31, -17, -122, -75, 15, 22, 120, 99, -5, 66, -17, -58, -66, 37, -118, 116, -71, -106, 7, 72, -82, -41, 31, 41, -29, -86, -109, -9, 72, -81, 34, 109, 86, -63, 113, -101, -88, -7, -19, -102, -77, 109, -30, 9, -76, -5, 119, 75, 29, 126, -10, -42, -34, 105, 60, -58, -122, -46, -15, -29, 12, -8, 0, -100, 33, 7, 56, 2, -66, -118, 17, -115, -17, 82, 55, -7, 29, 24, -86, 20, -22, 37, -20, -102, 79, -44, 40, -94, -118, -34, -15, -92, 55, -102, 7, -115, 111, 116, -37, -83, 127, 92, -67, -45, -83, 37, -73, -111, -106, -26, -3, -14, -15, 50, -93, 56, 59, 112, 63, -66, 56, -59, 122, 79, -119, -76, 63, -122, 26, 23, -121, -11, 24, -105, -5, 18, -41, 80, -106, -35, -60, 18, 73, 32, -102, 113, 38, -33, -108, -115, -59, -101, 57, -59, 120, -111, -70, -126, 105, -39, 103, -110, 102, -102, 113, -110, 110, -73, -17, -112, 125, 95, -109, 93, 55, -61, -120, 97, -74, -8, -109, -92, 8, -96, -119, 86, 88, -25, 70, 1, 7, 100, -36, 15, -41, 42, 41, -54, -76, 104, -58, 82, 81, -37, 94, -35, 14, 106, -40, 63, -35, 41, -87, 45, 55, -73, -88, 81, 69, 21, -17, 22, -105, -66, 102, -121, 111, 124, -16, -104, -117, -37, -84, -90, 44, 96, -82, 84, 29, -72, -19, -114, -107, -51, -55, -87, 94, 73, 47, -104, 110, 36, 7, 60, 5, 108, 1, -8, 87, 98, -22, -82, -116, -116, 50, -84, 48, 71, -88, -84, 51, -31, -59, 51, 100, 92, 17, 22, 122, 109, -26, -66, 54, 46, 55, 103, 52, -44, -98, -63, 69, 20, 84, 90, -77, 61, -9, -123, -106, 89, 121, -7, -44, -55, -18, -95, -80, 79, -11, -84, -1, 0, -119, -98, 0, -48, -11, 15, 11, -53, -87, 91, -23, -80, 67, 113, -90, -89, -100, 126, -51, 26, -95, -102, 4, -27, -29, 56, 24, 63, 40, 59, 125, 8, 24, -83, -51, 112, -59, 101, -31, -85, -75, -64, 88, -42, 18, -125, -15, -32, 127, 58, -30, -68, 97, -15, 71, 71, 95, 4, 73, -92, -23, 23, 127, 108, -72, -72, -75, 22, -109, 94, 21, 101, -126, 0, -56, 67, 18, -28, 124, -51, -76, 54, 21, 114, 73, 21, -12, 57, 19, -68, 102, -70, 25, -43, -24, 21, 71, 86, -47, -76, -35, 118, -53, -20, 122, -83, -108, 23, -106, -37, -43, -4, -87, -112, 50, -18, 7, 32, -1, 0, -97, 113, -34, -81, 87, 49, -30, -65, 31, 120, 123, -62, 22, 19, -49, -88, 106, 16, 27, -108, 82, 99, -77, -114, 64, -46, -56, -35, -128, 81, -56, -49, -87, -32, 87, 5, -81, 124, 68, -78, -47, 52, -93, -89, -8, 54, 8, 52, -69, 105, 118, -105, 116, 112, -41, -109, -126, 88, 22, 44, 55, 8, -56, -38, 126, -7, 47, -13, 41, 0, 3, -111, -27, -77, 106, -9, -78, -59, 44, 94, 115, 36, 115, -1, 0, -82, 8, 72, 51, 114, -92, -17, 110, -81, -13, 34, -74, 24, -112, 15, 35, 21, 86, -30, 68, -106, -26, 89, 35, 70, 68, 119, 44, -86, -51, -72, -128, 79, 0, -100, 12, -3, 112, 42, 58, -10, -88, -48, -123, 21, -18, -81, 87, -43, -6, -77, 39, 38, -9, 56, 127, 24, -4, 117, -48, 124, 52, 31, 76, -16, -3, -78, -22, 55, 112, -2, -17, -27, 30, 93, -68, 36, 113, -116, -11, 108, 122, 47, 30, -11, -13, -17, -118, 60, 103, -82, -8, -58, -5, -19, 58, -51, -13, -51, -76, -2, -18, 21, -7, 98, -117, -3, -43, -24, 62, -67, 125, 77, 99, 93, 92, 53, -43, -36, -41, 14, 0, 121, 93, -99, -128, -23, -110, 115, 81, 81, 78, -114, 70, -118, 64, -24, 112, -61, -90, 70, 127, 78, -12, -38, 43, 97, 5, 79, 103, 121, 115, -89, -34, 69, 119, 103, 113, 45, -67, -52, 45, -70, 57, 98, 98, -84, -89, -44, 17, 80, 81, 83, -51, 123, 115, 113, 12, 112, -53, 51, 24, 99, 98, -55, 16, -31, 17, -120, 0, -112, -93, -128, 72, 85, -55, 3, -100, 12, -47, 80, 81, 64, 23, 53, 77, 91, 81, -42, -17, -102, -9, 84, -67, -98, -14, -27, -128, 6, 89, -36, -77, 96, 116, 28, -12, 30, -44, 85, 58, 41, -47, -56, -15, 72, -78, 70, -20, -114, -124, 50, -78, -100, 16, 71, 66, 13, 77, 53, -19, -51, -60, 107, 28, -77, 59, -94, -116, 42, -109, -62, -116, -25, 3, -48, 100, -25, 2, -85, -47, 64, 5, 110, -22, -2, 52, -15, 30, -65, -90, 91, 105, -70, -82, -81, 115, 117, 103, 109, -113, 46, 39, 35, 28, 112, 11, 99, -106, 35, -43, -78, 107, 10, -118, 40, -94, -118, 0, 40, -94, -118, 42, 104, 100, 114, 4, 77, 49, 88, -122, -26, 10, 73, -37, -69, 30, -98, -89, 0, 103, -23, 80, -47, 64, 5, 117, 127, 14, 60, 68, -66, 24, -15, -18, -109, -88, 79, 59, -59, 102, 38, 9, 112, 67, 16, 54, 48, 42, 75, 14, -32, 103, 63, -123, 114, -108, 87, -43, -106, 58, 29, -73, -118, -84, -76, -105, -16, -42, -85, 42, -24, 18, -76, 83, -33, -37, -53, 119, -25, -124, -38, -63, -60, 72, -84, 25, -47, -73, 40, 7, -26, 0, 12, -32, 30, -34, -93, 36, 105, 52, 79, 28, -120, -81, 27, -126, -84, -84, 50, 24, 30, -96, -118, -8, 54, -49, 83, -68, -80, -103, 37, -75, -72, -110, 41, 16, -28, 60, 108, 85, -69, 113, -72, 96, -29, -113, 90, -11, -17, -122, 30, 36, -15, 71, -119, -18, 102, -78, -101, -59, 122, -83, -65, -108, 71, -49, -67, 38, -36, 10, -74, 7, -17, 21, -114, 114, -89, -100, -9, -10, -25, 25, 58, 116, 32, -25, 107, 46, -74, 30, -81, 67, -17, -40, -28, -114, 104, -110, 88, -99, 94, 55, 80, -54, -22, 114, 24, 30, -124, 30, -30, -99, 95, 18, -8, 127, -30, 7, -118, -68, 47, 24, -121, 72, -42, -82, 32, -128, 28, -120, 27, 18, 70, 62, -118, -64, -127, -8, 87, -67, -4, 26, -8, -105, -82, 120, -34, -5, 81, -79, -42, 126, -56, -58, -42, 21, -106, 57, 34, -116, -93, -74, 91, 7, 35, 56, -57, 78, -128, 87, -87, -59, -90, -81, -126, -4, 79, 105, -92, 89, 49, 58, 46, -86, 37, 123, 107, 118, 57, 54, -109, 32, -36, -54, -65, -12, -51, -127, 36, 14, -60, 123, -42, -42, -63, 22, -77, 29, -61, 125, -39, 98, -14, 115, -24, 65, -36, 63, 62, 127, 33, 89, -102, 87, -122, 86, -61, 80, 58, -107, -10, -89, 127, -85, 106, 27, 12, 105, 113, 123, 32, 62, 82, -100, 100, 34, -128, 21, 115, -127, -100, 12, -100, 86, -75, -32, 6, -43, -73, 118, 42, 71, -41, 35, 31, -83, 124, -42, 58, 116, -21, 84, 110, -98, -52, -34, 23, 91, -98, -65, 69, 20, 86, 94, -75, -88, 79, -10, -58, -126, 57, 25, 18, 60, 103, 105, -58, 78, 51, 83, 104, 122, -124, -45, 74, -42, -13, 57, 127, -105, 42, -57, -81, -46, -97, -85, 105, 18, -36, -50, 110, 45, -16, 88, -127, -71, 73, -57, -27, 79, -46, 52, -89, -76, 99, 60, -8, -13, 8, -64, 80, 115, -127, 94, 85, -29, -54, 59, 75, -104, 40, -94, -118, -26, -11, -49, 1, 109, -43, 101, -42, -4, 52, -42, -74, -70, -116, -65, 53, -59, -84, -15, -26, 11, -97, 126, 57, 70, -1, 0, 104, 117, -18, 43, 22, 77, 49, 126, -37, 21, -27, -25, -123, -75, 27, 13, 78, 35, -97, 62, -50, 31, 51, 62, -93, 124, 121, 12, -89, -47, -121, -32, 43, -44, 38, -73, -118, 112, 4, -117, -110, 62, -21, 3, -126, -65, 67, -44, 85, 89, 116, -57, -108, 109, 58, -123, -32, 95, 69, 112, 63, 92, 87, 126, 31, 48, -100, 34, -93, 39, -9, -1, 0, -64, -3, 78, -54, 83, -27, 86, -65, -34, -82, 20, 81, 69, 121, -18, -73, -91, 106, 94, 41, -45, 100, -45, -29, -16, -44, -69, 100, 4, 37, -50, -96, -23, 2, -62, -35, -100, 117, 124, -113, 101, -85, -2, 13, -16, 45, -81, -124, 39, 26, -114, -95, 124, 53, 29, 93, -109, -54, -116, 70, -95, 86, 48, 122, -124, 94, -92, -98, -20, 123, 122, 115, 93, 60, -42, 90, 29, -110, -106, -69, -111, 11, 14, -90, 105, 73, 99, -8, 103, -6, 84, 26, 126, -67, -31, -48, -46, -83, -125, 2, 99, 59, 100, 104, -95, 102, 42, 125, 9, 3, 35, -15, -85, -85, -117, -99, 88, -72, -58, -10, -14, 95, -83, -39, 85, 42, 70, 78, -19, -73, -14, -78, -4, -62, -118, 40, -82, -124, -25, 7, 29, 123, 87, 49, 102, -105, -14, -22, -86, 92, -54, 24, 62, 92, -100, -32, 14, -30, -76, -121, -120, -84, 38, -71, -5, 37, -101, 73, 117, 120, 70, 69, -68, 72, 119, 99, -44, -25, 24, 30, -26, -81, -3, -113, 90, 120, 119, -87, -79, -118, 67, -1, 0, 44, -97, 115, 99, -22, -61, 31, -54, -71, 104, 96, -15, 21, 83, -28, -127, -59, 55, 29, 46, -62, -118, 40, -84, -65, 21, -87, 58, 20, -115, -39, 100, 66, -33, 77, -62, -66, 53, -106, 89, 39, -103, -26, -102, 70, -110, 87, 98, -50, -18, 114, 88, -98, 73, 36, -11, 53, -12, -17, -59, 29, 115, 95, -16, -81, -122, -30, -72, -71, 22, 14, -73, 51, 121, 34, 56, -73, 99, 33, 89, -14, -39, -25, 31, 47, 64, 69, 124, -65, 95, 67, -108, 97, -86, -48, -124, -67, -94, -75, -52, -86, -55, 55, -95, 79, 87, -114, 121, -76, 91, -24, -83, -101, 109, -61, -37, -56, -79, 31, 70, 42, 113, -6, -41, -63, -107, -9, 23, -115, 53, 27, -115, 35, -63, 58, -34, -93, 104, -63, 110, 109, -20, -91, -110, 38, 35, 59, 88, 41, -63, -81, -121, 104, -94, -118, 43, -41, 50, 10, 40, -94, -118, 40, -94, -128, 10, 40, -94, -118, 40, -94, -128, 10, 40, -94, -118, 40, -94, -128, 10, 40, -94, -118, 40, -94, -128, 10, 40, -94, -118, 40, -94, -128, 10, 40, -94, -118, -45, -48, 117, -117, -19, 19, 82, 23, 54, 14, -85, 51, -87, -117, 44, 51, -63, -57, -28, 65, 0, -2, 30, -103, 21, -103, 79, -118, 86, -122, 100, -107, 8, 14, -116, 25, 73, 0, -14, 61, -113, 90, 82, -118, -110, -77, -40, 2, -70, 47, 2, -21, -41, 126, 28, -15, -98, -105, 127, 105, 112, -48, 15, -76, 36, 115, -29, -93, -60, -52, 55, -87, -10, 35, -6, 30, -43, -50, -46, -85, 21, 96, -64, -32, -125, -112, 107, -22, -113, 12, -22, 23, -70, -98, -127, 97, -88, -23, -6, -84, 87, 50, -51, 109, 27, 92, 67, 51, -17, 11, 33, 81, -72, 100, 114, -68, -25, -118, -42, 104, -75, -106, -75, -109, -50, -71, -122, 86, 113, -2, -88, 38, -48, -89, -88, 33, -65, -60, 87, -49, -106, -102, 117, -51, -58, -121, 99, 54, -100, -74, -15, -35, 68, 93, 93, -92, 82, -84, 112, -60, 99, 112, -28, 30, 61, 107, 111, 69, -15, 39, -116, -20, 111, 99, -75, -102, -30, -18, 56, -114, 127, 120, -46, -117, -120, -58, 6, 121, -34, 25, -65, -15, -31, 94, 107, -93, -126, -109, -109, -108, 109, -13, 53, 120, 124, 66, -73, 35, -67, -4, -113, -65, -88, -86, -70, 109, -40, -65, -46, -84, -17, 23, -18, -36, 64, -110, -113, -93, 40, 63, -42, -83, 87, -67, -23, 19, 106, 94, 33, -47, -83, 53, 11, 99, 13, -108, 23, 49, 9, 21, -100, 25, 28, -125, -2, -49, 0, 126, 38, -82, -115, 27, 85, -116, 101, 117, -124, -111, -67, 37, -75, 24, -1, 0, -57, 72, -81, 42, -16, -98, -69, -30, 53, -16, -59, -67, -100, 58, -49, -39, -30, -74, 121, 96, 95, 42, -39, 11, -31, 100, 96, 57, 112, -61, -89, -75, 115, -73, -2, 46, -15, -51, -35, -28, -42, -15, 89, 107, 115, -84, 114, 50, 9, 100, -67, 104, 21, -16, 113, -111, -27, -120, -58, 15, -42, -71, -95, -121, -53, -43, -32, -93, 123, 119, 127, -26, -47, -69, -93, 89, 36, -33, 95, -21, -96, 81, 69, 21, -19, -102, -98, -123, -83, 79, 102, 26, 29, 94, 4, -103, 24, 49, -120, -60, -47, -59, 34, -9, 82, -63, -73, 46, 127, -68, 51, -113, 67, 92, 126, -95, -3, -103, 125, 118, -102, 124, -45, 88, -24, 17, -57, -125, 117, 115, 38, -90, -109, -53, 41, -49, -36, -127, 119, 30, 61, 93, -44, 30, 120, 92, -14, 57, 93, 14, -41, 80, -66, -74, -106, 79, 18, 105, -106, -53, 112, 31, -9, 65, -101, -50, 59, 113, -35, -103, -104, -25, 62, -11, -107, 113, -31, 63, 17, -35, 93, 79, -73, -60, -51, 103, 106, -46, 49, -114, 43, 104, -54, -19, 76, -16, 56, 43, -37, 20, -31, 91, 9, 77, -72, 70, 9, 91, -85, -41, -12, 102, -113, 9, 81, -91, 43, -65, -21, -42, -63, 69, 20, 87, 71, -29, 41, 52, 120, 110, -19, 71, -123, 103, 121, -25, -102, 54, 89, 32, -100, 72, 34, 1, 23, -119, 21, -40, 117, -55, 80, 64, -50, 114, 15, 28, -27, 33, -15, 127, -124, -20, 52, -99, 54, 77, 62, 59, -51, 51, 83, -126, -36, 68, -9, -117, 117, 109, 4, -110, 119, 113, 34, -106, 125, -39, 98, -57, -26, 78, 9, -56, -59, 115, 118, -70, 27, 120, 94, 121, 103, -69, -68, -72, -67, 23, 1, 84, 92, -55, -106, 42, 71, -16, 17, -55, -28, -12, -11, 60, 117, -58, 108, -39, 120, 39, 76, -67, -71, -72, -44, -75, 93, 61, 76, -9, 14, 29, 98, 103, 111, -112, 96, 14, 64, 56, -55, -22, 125, 51, 87, -11, -54, 116, -17, 40, -20, -5, 35, -70, -90, 23, -101, 11, 78, 46, 87, 105, -67, 59, 126, 31, -43, -62, -118, 40, -82, -65, -61, -66, 56, 86, -74, -72, 111, 14, 105, -70, 90, 110, -109, -3, 34, -22, 75, -87, 110, 37, -107, -15, -9, -99, -118, 41, 99, -49, -9, -113, -75, 115, -73, -65, 25, -4, 69, 113, 117, 53, -83, -108, 87, 82, -53, 27, -108, 111, -80, -23, -63, 121, 7, 28, 23, 105, 63, -107, 93, -119, -12, 31, 15, -62, -47, 71, 37, -123, -124, 100, -27, -105, 122, -57, -109, -17, -22, 106, -116, -2, 57, -16, -20, 28, 45, -1, 0, -100, -35, -124, 17, 51, -25, -15, 3, 31, -83, 101, 28, 109, 121, -55, -14, -59, -75, -45, -6, 72, -25, 120, 90, 49, 74, -19, 39, -3, 121, -123, 20, 85, 123, -85, -5, 59, 20, -33, 121, 119, 5, -70, -29, 59, -90, -112, 32, -3, 107, -99, -8, -105, -87, -22, -70, -105, -122, -12, -103, -11, 75, -21, -39, 36, -107, -53, -104, 46, 74, 1, 19, 121, 103, -116, 42, -88, -49, 56, -50, 43, -55, -21, -48, 124, 121, -30, 91, 93, 108, 65, 107, 12, 51, -37, -75, -74, -9, -112, 93, 40, 66, 119, 46, 20, 5, -55, 57, -25, -45, -66, 122, 115, 94, 125, 94, -90, 19, -38, 123, 37, -19, 55, 56, 49, 28, -98, -45, -36, -40, -25, -66, 36, -80, 95, -122, -66, 35, 44, 112, 62, -63, 40, -4, -41, 21, -15, 77, 125, 89, -15, 83, -57, -34, 24, 127, -121, -6, -50, -97, 103, -82, -40, 93, 95, 92, 66, 34, -114, 27, 121, -124, -124, -27, -128, 63, 119, 32, 96, 100, -2, 21, -14, -99, 20, 81, 69, 116, -104, 5, 20, 81, 69, 20, 81, 64, 5, 20, 81, 69, 20, 81, 64, 5, 20, 81, 69, 20, 81, 64, 5, 20, 81, 69, 20, 81, 64, 5, 20, 81, 69, 20, 81, 64, 5, 20, 81, 69, 20, 81, 64, 5, 20, 81, 93, 6, -97, -30, 107, -53, 105, 27, 23, 34, 49, 36, -127, -103, 30, 32, 99, -53, 125, -26, -7, 112, 84, 103, -100, 40, 63, -91, 116, 22, 126, 53, -118, 76, 45, -59, -87, 39, 36, 110, -127, -73, 103, 29, -10, -100, 54, 43, -49, -24, -84, 42, 97, -87, -49, 86, -115, -23, -30, 42, 67, 68, -49, 112, -16, -121, -19, 6, 116, 109, 38, -61, 74, -43, -76, 67, 52, 22, -112, 36, 11, 113, 109, 46, 28, -86, 40, 80, 74, -73, 4, -15, -22, 43, -42, 124, 63, -15, 107, -63, 126, 34, -38, -106, -6, -60, 118, -77, -73, 30, 69, -17, -18, 91, 62, -128, -97, -108, -97, -95, 53, -15, -75, 21, -20, -38, 23, -116, 52, 27, 43, 25, 82, 91, -4, 51, -50, -52, -79, -120, -100, -65, 56, -20, 7, -82, 107, 84, 120, -70, 57, -65, -29, -49, 70, -42, 46, 71, 102, 75, 66, -85, -7, -79, 21, -121, -16, -9, 83, -46, 109, -12, 97, 12, -73, 16, -59, 122, -60, 23, 105, 92, 13, -1, 0, 40, 0, 6, -10, 0, 124, -67, 71, -91, 117, 23, -34, 39, -47, 52, -28, 45, 115, -87, -37, 41, 31, -62, -82, 29, -113, -4, 4, 100, -41, -125, 94, -100, 99, 85, -59, 65, -73, -3, 118, 71, -83, 74, 110, 84, -44, -100, -110, -2, -67, 79, -65, -107, -125, 40, 101, 32, -126, 50, 8, -17, 75, 92, 39, -62, 13, 83, 74, -67, -8, 113, -92, 90, -23, -41, 113, 75, 45, -83, -72, 75, -120, -125, 124, -15, -55, -110, 91, 35, -88, -28, -100, 30, -11, -35, -41, 39, -88, 124, 79, 107, 43, -103, 45, -101, 70, 120, 101, 70, 42, -62, -30, 108, 21, 62, -31, 84, -6, -42, 77, -33, -59, 13, 71, 114, -84, 77, 100, -88, -53, -110, -48, -62, -18, 83, -110, 48, 119, -107, 25, -64, -49, 76, 114, 61, -15, -123, -29, 45, 86, 45, 95, 80, -98, -10, 15, 50, 24, -89, -111, 0, -123, -118, -27, -10, 46, 55, -78, -25, 43, -61, -128, -71, 28, -126, 121, -30, -71, 122, -11, -88, -32, 104, 114, 39, 40, 106, 121, -75, 113, 85, 121, -102, 82, -48, -27, -68, 91, -15, 11, -61, -34, 9, 120, 35, -42, -82, 38, -114, 91, -123, 47, 18, 71, 3, 62, -32, 14, 15, 32, 99, -65, -83, 121, -11, -1, 0, -19, 35, -96, 68, 24, 105, -6, 46, -93, 114, -61, -89, -100, -55, 16, 63, -111, 99, -6, 87, 53, -5, 68, -8, -113, 73, -43, 47, 116, 125, 46, -62, -22, 43, -101, -101, 35, 51, 92, 24, -104, 48, -113, 118, -48, 20, -111, -33, -27, 57, 29, -72, -81, 15, -82, -62, 95, 31, 107, 87, 55, 13, 31, -37, 46, -98, 54, 37, 98, 17, 121, 112, -110, 127, -124, -100, 41, 62, -103, 25, -4, 123, -41, 123, -31, -1, 0, 14, -38, 106, -70, 13, -115, -10, -87, 61, -27, -12, -13, -60, 36, 111, 54, -18, 66, -71, 61, -80, 14, 43, -60, -85, -80, -16, -122, -73, -86, 75, -88, -39, 105, 22, -105, -46, 90, -75, -51, -60, 80, -121, 82, 24, 29, -14, 5, 98, 81, -127, 27, -80, -64, -28, 99, -18, -100, -28, -100, -47, -118, -62, -34, -97, -18, 109, 27, 124, -65, 32, -95, -120, -76, -81, 87, -34, 71, -69, 15, -38, 51, 86, -66, -44, -19, 109, -19, 116, 75, 11, 72, 101, -103, 17, -38, 121, 90, 82, -86, 88, 2, 114, 54, -114, -107, -12, 77, 124, 1, 94, -15, -16, 83, -30, 87, -120, -11, 47, 17, 89, -8, 95, 81, -99, 47, 44, -38, 57, 10, -51, 48, 38, 104, -62, -87, 32, 6, -49, 35, -114, -7, 62, -11, -22, -115, -96, 120, 119, 79, -75, -110, 71, -45, 108, 33, -123, 84, -17, -111, -30, 81, -127, -18, -58, -68, 47, 88, -117, -54, -69, 69, -36, -17, -5, -80, 3, -69, -126, 93, 1, 33, 14, 58, -88, -40, 23, -125, -49, 126, -124, 87, 99, -15, 57, 110, -12, 47, 19, 79, -92, 62, -93, 62, -96, -119, 26, 21, -110, -29, 0, -93, 21, 12, 74, -86, -31, 65, -63, -58, 72, 36, 118, -26, -72, 7, 119, -106, 70, -110, 71, 103, 118, 37, -103, -104, -28, -110, 122, -110, 105, 101, -12, 92, 97, -19, 28, -81, -52, 44, 85, 104, -44, 105, 70, 54, -79, -12, 61, 124, 113, -15, 126, 59, 4, -8, -91, -83, -1, 0, 103, -54, -110, 68, -14, 43, -71, 70, -56, 18, 21, 27, -58, 127, -34, -49, -29, 94, -69, -5, 64, -8, -73, 91, -48, 45, 52, -99, 59, 74, -66, 123, 72, -81, -42, 111, -76, 52, 92, 59, 5, -40, 0, 13, -44, 15, -104, -12, -59, 124, -43, -44, -45, 104, -94, -118, -12, 14, 80, -94, -118, 40, -94, -118, 40, 0, -94, -118, 40, -94, -118, 40, 0, -94, -118, 40, -94, -118, 40, 0, -94, -118, 40, -94, -118, 40, 0, -94, -118, 40, -94, -118, 40, 0, -94, -118, 40, -94, -118, 40, 0, -94, -118, 40, -94, -118, 40, 0, -94, -118, 40, -94, -118, 40, 0, -94, -118, 43, 79, 70, 23, 23, 18, -75, -110, 93, 20, -74, -106, 72, -38, 88, 12, -124, 44, -60, 56, 85, -7, 71, 4, -115, -28, -116, -12, 27, -85, -67, -8, -55, 5, -114, -115, -29, 15, 35, 73, -75, -73, -45, -54, 91, -64, -54, -74, -111, -120, -71, -52, -92, -97, -108, 14, 121, 95, -56, 122, 87, 17, -31, -120, -29, -105, 91, -73, 89, 85, 10, -103, 97, -27, -41, 112, 92, -51, 24, 39, 29, -8, 36, 126, 53, -40, 124, 101, -79, -75, -79, -15, -115, -62, 91, 65, 109, 26, -76, 80, 48, -5, 53, -73, -112, -125, -119, 1, -7, 115, -44, -32, 115, -19, 88, -54, -107, -22, -58, -91, -10, 79, 79, 82, -107, -19, -79, -33, -4, 21, 70, 127, -117, 90, 34, -85, 16, 51, 49, 108, 28, 100, 8, 92, -29, -13, 2, -67, 91, -10, -115, -44, 46, 108, -4, 61, -93, -63, 111, 119, 52, 34, 123, -119, 4, -119, 28, -123, 68, -118, 20, 112, 113, -44, 114, 58, -41, -104, -4, 11, 80, -33, 22, 52, -62, 71, 43, 20, -28, 127, -33, -90, 31, -42, -67, 11, -10, -105, 86, 58, 103, -121, -97, 7, 104, -102, 112, 79, -71, 84, -1, 0, 3, 94, 109, 69, 20, 86, -60, -97, 59, 81, 69, 20, 87, 73, -32, 21, 105, 60, 119, -94, -58, -122, 96, -49, 119, 16, 6, 29, -69, -122, 28, 30, 55, 2, 51, -57, 122, -26, -21, -87, -8, 113, 8, -105, -30, 22, -125, -69, 59, 69, -12, 32, -13, -116, -27, -64, -57, -27, -97, -54, -109, 73, -85, 48, 10, -11, 79, -39, -14, 53, 127, -119, -101, -114, 115, 29, -116, -84, 49, -21, -107, 31, -42, -68, -82, -67, 107, -10, 120, -122, 86, -8, -117, 60, -85, 27, -104, -46, -62, 64, -18, 20, -31, 73, 100, -58, 79, 108, -32, -43, -17, -117, -111, -55, 23, -60, -83, 78, 57, 38, -69, -107, -107, 98, -7, -18, -43, 4, -121, -9, 106, 121, 8, 2, -29, -45, -114, -99, 121, -82, 34, -67, 31, -29, 102, -100, -10, -33, 19, 53, 105, 35, 95, -36, -19, -73, 63, 51, -27, -71, -120, 12, -14, 114, 70, 84, -116, -12, 28, 14, -30, -68, -15, 45, -25, -111, 3, -92, 50, 50, 22, -40, 24, 41, 32, -73, -89, -41, -102, 34, -108, 85, -110, -78, 27, -36, -37, -3, -91, -65, -28, 45, -31, -1, 0, -6, -31, 55, -2, -124, -75, -31, 85, -17, -97, -76, -91, -107, -45, -36, -24, 87, -85, 111, 43, 90, -57, 28, -79, -68, -63, 73, 69, 98, 87, 0, -98, -60, -13, -7, 87, -123, 91, -39, -35, 93, -106, -5, 53, -76, -45, 109, 25, 111, 45, 11, 99, -21, -118, -114, -118, 116, -111, -68, 50, -68, 82, -93, 36, -120, 74, -78, -80, -63, 82, 58, -126, 59, 26, 109, 49, 16, 81, 65, 24, 56, 61, 104, -94, -118, 40, -96, 2, -118, 40, -94, -118, 40, -96, 2, -118, 40, -94, -118, 40, -96, 2, -118, 40, -94, -118, 40, -96, 2, -118, 40, -94, -118, 40, -96, 2, -118, 40, -94, -118, 40, -96, 2, -118, 40, -94, -118, 40, -96, 2, -118, 40, -94, -118, 40, -96, 2, -118, 40, -83, -113, 14, -55, 29, -74, -91, 4, -41, 4, 71, 3, 77, 18, 121, -84, -37, 66, -111, 34, 49, 61, 57, 0, 14, 122, 99, 35, -98, -57, -45, 62, 61, 93, 105, 58, -41, -118, -12, -39, -12, -35, 90, -62, -32, -75, -114, -57, 104, -89, 14, -96, -85, 59, 40, 37, 114, 1, 59, -16, 51, -57, -87, 3, -102, -14, 18, -125, -20, 107, 32, -111, 73, 18, 16, 99, -25, 35, -127, -125, -45, 24, 60, -9, -19, -12, -52, 102, 55, 17, -84, -123, 24, 35, 18, 3, 17, -63, 35, -88, -49, -30, 63, 58, 0, -11, 31, -128, -38, 70, -89, 119, -15, 22, -37, 83, -75, -73, 47, 101, 98, -81, -10, -87, 73, -64, 80, -15, -78, -88, -9, 36, -10, -10, -81, 95, -8, -31, -31, 29, 91, -59, 126, 20, -77, 26, 53, -81, -38, -82, 108, -18, 76, -83, 18, -80, 12, 83, 97, 7, 110, 122, -100, -29, -114, -90, -71, -33, -39, -77, 83, -73, 125, 3, 89, -46, -124, 100, 92, -59, 116, -73, 44, -4, 97, -111, -44, 40, 31, -127, 67, -1, 0, 125, 87, -72, -46, 50, -78, 49, 86, 5, 88, 28, 16, 70, 8, 52, -107, -68, 52, -60, -105, -62, 111, -83, -51, -84, -23, -62, 104, -26, 22, -47, 88, 28, 27, -103, 7, 31, 49, 24, -31, 64, 61, 79, -90, 61, 43, 46, -22, 116, -72, -118, 41, 60, -91, 73, -122, 81, -52, 96, 42, -80, 0, 5, 59, 64, -32, -11, -55, -17, -41, -82, 73, 0, -8, 9, -47, -93, 118, 71, 82, -82, -89, 12, -84, 48, 65, -12, 52, -38, -5, 110, 127, 0, 120, 70, -22, -6, -18, -10, -25, -61, -70, 116, -9, 55, 109, -66, 105, 37, -128, 57, 102, -18, 70, 122, 31, -90, 43, -25, 111, -115, -34, 5, -45, 60, 27, -81, 88, -36, 105, 9, -28, -39, -22, 40, -19, -10, 125, -60, -120, -99, 8, -35, -116, -13, -76, -18, 28, 122, -25, -75, 85, -85, 80, 79, 117, 102, -74, -41, 118, -41, 45, 12, -111, -52, 90, 38, -118, 92, 60, 110, 2, -99, -61, 7, 35, -74, 15, -79, -12, -86, -76, -8, -28, 8, 28, 52, 72, -5, -122, 6, -20, -4, -89, -44, 96, -113, -14, 104, 3, -53, 107, -23, 47, -39, -78, -26, -55, -68, 51, -84, -38, 39, -4, 127, -91, -30, -55, 47, -53, -42, 54, 64, 19, -97, -86, -55, -2, 77, 124, -37, 93, 31, -124, 124, 113, -82, -8, 34, -22, 121, -12, 91, -120, -29, -5, 64, 81, 52, 114, 70, 29, 100, 11, -100, 103, 60, -116, 100, -12, 35, -83, 93, -70, -41, 53, 91, -19, 85, 117, 75, -67, 70, -26, 123, -11, 32, -117, -119, 101, 44, -29, 29, 57, 62, -107, -85, 117, 39, -121, -91, -16, 84, 115, 73, 115, 117, 63, -119, -92, -70, -38, 99, -63, 88, -83, -19, -44, 96, 14, -104, 57, -29, 24, -23, -114, -40, -25, 40, -34, -39, -75, -104, -127, -84, -100, -107, -27, 95, -51, 25, 92, -113, -101, -8, 114, 114, -40, 35, 36, -32, 100, 117, 57, 21, 74, -37, -7, -8, 18, 75, -28, -25, -17, 121, 99, 118, 62, -103, -57, -21, 64, 31, 106, 95, 88, -38, -22, 118, 19, -40, -34, -64, -109, -38, -50, -123, 36, -119, -58, 67, 41, -19, 85, -12, 93, 15, 76, -16, -18, -103, 22, -99, -92, -39, -59, 107, 107, 24, -64, 68, 29, 79, -87, 61, 73, -9, 60, -41, -50, 7, -10, -117, -15, 91, 75, 106, -58, -61, 75, 85, -115, -13, 50, 36, 110, 4, -53, -116, 99, -106, 37, 125, 114, 59, -29, -73, 7, -78, 95, -38, 79, 67, 58, 113, 118, -48, -75, 17, 123, -73, -120, -125, -95, -113, 119, -90, -4, -25, 30, -5, 104, -111, -117, -37, 68, 90, 62, 67, 48, -13, 59, -80, -64, -29, -16, -2, -66, -62, -95, -87, -90, -71, -110, 88, -46, 29, -52, 32, -116, -109, 28, 100, -28, 46, 122, -97, -87, -64, -55, -10, 30, -126, -95, -96, 14, 55, -10, -121, -46, 44, 52, -1, 0, 25, -39, 93, -38, 68, -111, 77, 123, 106, 100, -72, 84, 0, 110, 96, -60, 7, 35, -44, -114, 51, -33, 21, -29, -11, -73, -30, -49, 21, 106, 62, 50, -15, 4, -6, -58, -90, -32, -53, 39, -54, -111, -81, -35, -119, 7, 68, 95, 97, -97, -60, -110, 123, -42, 37, 20, 81, 69, 0, 20, 81, 69, 20, 81, 69, 0, 20, 81, 69, 20, 81, 69, 0, 20, 81, 69, 20, 81, 69, 0, 20, 81, 69, 20, 81, 69, 0, 20, 81, 69, 20, 81, 69, 0, 20, 81, 69, 20, 81, 69, 0, 20, 81, 69, 20, 81, 69, 0, 20, 81, 69, 79, 109, 114, 109, -91, 12, 98, -114, 104, -9, 2, -15, 74, 9, 87, 0, -25, 7, 4, 17, -23, -112, 65, -63, 56, 34, -89, 77, 65, 4, 47, 4, -74, -111, -68, 12, -39, 84, -13, 28, 121, 103, 35, 37, 62, 108, 2, 64, -58, 72, 52, 81, 64, 26, -102, 15, -120, -11, -113, 12, 95, -3, -69, 69, -65, -106, -50, -32, -82, -42, 104, -15, -122, 92, -25, 4, 30, 8, -56, 28, 17, 93, -60, 127, 30, 124, 116, -73, 22, -46, 61, -27, -84, -119, 11, 101, -29, 54, -54, 4, -61, -47, -79, -49, -27, -118, 40, -86, -27, 109, -68, -28, 2, 73, -124, 68, 13, -25, -53, 5, -108, -9, 0, 103, -97, -45, -16, -91, -102, 113, 36, 81, -59, 28, 97, 34, -113, 36, 3, -126, -59, -120, 25, 36, -29, -40, 96, 118, -4, -55, 40, -96, 14, -14, 15, -38, 90, -49, -20, -128, -49, -31, -71, -59, -50, 57, 88, -18, 65, 66, 126, -91, 114, 63, 47, -50, -68, 115, -57, 30, 54, -44, -68, 119, -82, -99, 75, 80, 9, 26, 34, -7, 112, 91, -57, -9, 98, 79, 65, -22, 79, 82, 123, -3, 48, 40, -94, -96, -94, -118, 40, 3, -102, -94, -118, 40, -94, -118, 40, 0, -94, -118, 40, -94, -118, 40, 0, -94, -118, 40, -94, -118, 40, 0, -94, -118, 40, -94, -118, 40, 0, -94, -118, 40, -94, -118, 40, 0, -94, -118, 43, -1, -39], title=원피스팝니다, content=ㅈㄱㄴ, price=1000, clothes_brand=브랜드, clothes_gender=남, clothes_size=2XL, clothes_color=화면과 같아요, status_tag=있음, status_score=5, status_times=3번 이하, status_when2buy=~3개월 전, transport=택배, user_size=XL, user_weight=80~85, user_height=175~180, clothes_length=null, id=2153, sales_status=SALES, nickname=송아, createdTime=2022-11-10T12:34:08, like=false)
Hibernate: 
    select
        members0_.id as id1_6_,
        members0_.email as email2_6_,
        members0_.image as image3_6_,
        members0_.name as name4_6_,
        members0_.nickname as nickname5_6_,
        members0_.password as password6_6_,
        members0_.phone as phone7_6_,
        members0_.refresh_token as refresh_8_6_,
        members0_.role as role9_6_ 
    from
        members members0_ 
    where
        members0_.email=?
Hibernate: 
    select
        members0_.id as id1_6_,
        members0_.email as email2_6_,
        members0_.image as image3_6_,
        members0_.name as name4_6_,
        members0_.nickname as nickname5_6_,
        members0_.password as password6_6_,
        members0_.phone as phone7_6_,
        members0_.refresh_token as refresh_8_6_,
        members0_.role as role9_6_ 
    from
        members members0_ 
    where
        members0_.email=?
2022-11-10 12:34:07.831  INFO 9968 --- [    Test worker] o.a.c.c.C.[Tomcat].[localhost].[/]       : Initializing Spring TestDispatcherServlet ''
2022-11-10 12:34:07.831  INFO 9968 --- [    Test worker] o.s.t.web.servlet.TestDispatcherServlet  : Initializing Servlet ''
2022-11-10 12:34:07.833  INFO 9968 --- [    Test worker] o.s.t.web.servlet.TestDispatcherServlet  : Completed initialization in 2 ms
gunsong2@naver.com
Hibernate: 
    select
        members0_.id as id1_6_,
        members0_.email as email2_6_,
        members0_.image as image3_6_,
        members0_.name as name4_6_,
        members0_.nickname as nickname5_6_,
        members0_.password as password6_6_,
        members0_.phone as phone7_6_,
        members0_.refresh_token as refresh_8_6_,
        members0_.role as role9_6_ 
    from
        members members0_ 
    where
        members0_.email=?
Hibernate: 
    select
        style0_.id as id1_14_,
        style0_.name as name2_14_ 
    from
        style style0_ 
    where
        style0_.name=?
Hibernate: 
    select
        materials0_.id as id1_5_,
        materials0_.name as name2_5_ 
    from
        materials materials0_ 
    where
        materials0_.name=?
Hibernate: 
    select
        colors0_.id as id1_4_,
        colors0_.name as name2_4_ 
    from
        colors colors0_ 
    where
        colors0_.name=?
Hibernate: 
    select
        clothesinf0_.id as id1_2_,
        clothesinf0_.categoryl as category2_2_,
        clothesinf0_.categorys as category3_2_,
        clothesinf0_.fit as fit4_2_,
        clothesinf0_.length as length5_2_ 
    from
        clothes_info clothesinf0_ 
    where
        clothesinf0_.categoryl=? 
        and clothesinf0_.categorys=? 
        and clothesinf0_.length=? 
        and clothesinf0_.fit=?
Hibernate: 
    select
        salesinfoc0_.id as id1_9_,
        salesinfoc0_.clothes_brand as clothes_2_9_,
        salesinfoc0_.clothes_color as clothes_3_9_,
        salesinfoc0_.clothes_gender as clothes_4_9_,
        salesinfoc0_.clothes_size as clothes_5_9_ 
    from
        sales_info_clothes salesinfoc0_ 
    where
        salesinfoc0_.clothes_brand=? 
        and salesinfoc0_.clothes_gender=? 
        and salesinfoc0_.clothes_size=? 
        and salesinfoc0_.clothes_color=?
Hibernate: 
    select
        salesinfos0_.id as id1_10_,
        salesinfos0_.status_score as status_s2_10_,
        salesinfos0_.status_tag as status_t3_10_,
        salesinfos0_.status_times as status_t4_10_,
        salesinfos0_.status_when2buy as status_w5_10_,
        salesinfos0_.transport as transpor6_10_ 
    from
        sales_info_status salesinfos0_ 
    where
        salesinfos0_.status_tag=? 
        and salesinfos0_.status_score=? 
        and salesinfos0_.status_times=? 
        and salesinfos0_.status_when2buy=? 
        and salesinfos0_.transport=?
Hibernate: 
    select
        salesinfou0_.id as id1_11_,
        salesinfou0_.user_height as user_hei2_11_,
        salesinfou0_.user_size as user_siz3_11_,
        salesinfou0_.user_weight as user_wei4_11_ 
    from
        sales_info_user salesinfou0_ 
    where
        salesinfou0_.user_size=? 
        and salesinfou0_.user_weight=? 
        and salesinfou0_.user_height=?
Hibernate: 
    insert 
    into
        clothes_image
        (closets_post_id, path, stores_post_id, type) 
    values
        (?, ?, ?, ?)
Hibernate: 
    insert 
    into
        clothes_image
        (closets_post_id, path, stores_post_id, type) 
    values
        (?, ?, ?, ?)
Hibernate: 
    insert 
    into
        stores
        (created_date, modified_date, author_id, clothes_info_id, colors_name, materials_name, style_name, clothes_length, content, price, sales_info_clothes_id, sales_info_status_id, sales_info_user_id, status, title) 
    values
        (?, ?, ?, ?, ?, ?, ?, ?, ?, ?, ?, ?, ?, ?, ?)
Hibernate: 
    update
        clothes_image 
    set
        closets_post_id=?,
        path=?,
        stores_post_id=?,
        type=? 
    where
        id=?
Hibernate: 
    update
        clothes_image 
    set
        closets_post_id=?,
        path=?,
        stores_post_id=?,
        type=? 
    where
        id=?
gunsong2@naver.com
Hibernate: 
    select
        members0_.id as id1_6_,
        members0_.email as email2_6_,
        members0_.image as image3_6_,
        members0_.name as name4_6_,
        members0_.nickname as nickname5_6_,
        members0_.password as password6_6_,
        members0_.phone as phone7_6_,
        members0_.refresh_token as refresh_8_6_,
        members0_.role as role9_6_ 
    from
        members members0_ 
    where
        members0_.email=?
Hibernate: 
    select
        style0_.id as id1_14_,
        style0_.name as name2_14_ 
    from
        style style0_ 
    where
        style0_.name=?
Hibernate: 
    select
        materials0_.id as id1_5_,
        materials0_.name as name2_5_ 
    from
        materials materials0_ 
    where
        materials0_.name=?
Hibernate: 
    select
        colors0_.id as id1_4_,
        colors0_.name as name2_4_ 
    from
        colors colors0_ 
    where
        colors0_.name=?
Hibernate: 
    select
        clothesinf0_.id as id1_2_,
        clothesinf0_.categoryl as category2_2_,
        clothesinf0_.categorys as category3_2_,
        clothesinf0_.fit as fit4_2_,
        clothesinf0_.length as length5_2_ 
    from
        clothes_info clothesinf0_ 
    where
        clothesinf0_.categoryl=? 
        and clothesinf0_.categorys=? 
        and clothesinf0_.length=? 
        and clothesinf0_.fit=?
Hibernate: 
    select
        salesinfoc0_.id as id1_9_,
        salesinfoc0_.clothes_brand as clothes_2_9_,
        salesinfoc0_.clothes_color as clothes_3_9_,
        salesinfoc0_.clothes_gender as clothes_4_9_,
        salesinfoc0_.clothes_size as clothes_5_9_ 
    from
        sales_info_clothes salesinfoc0_ 
    where
        salesinfoc0_.clothes_brand=? 
        and salesinfoc0_.clothes_gender=? 
        and salesinfoc0_.clothes_size=? 
        and salesinfoc0_.clothes_color=?
Hibernate: 
    select
        salesinfos0_.id as id1_10_,
        salesinfos0_.status_score as status_s2_10_,
        salesinfos0_.status_tag as status_t3_10_,
        salesinfos0_.status_times as status_t4_10_,
        salesinfos0_.status_when2buy as status_w5_10_,
        salesinfos0_.transport as transpor6_10_ 
    from
        sales_info_status salesinfos0_ 
    where
        salesinfos0_.status_tag=? 
        and salesinfos0_.status_score=? 
        and salesinfos0_.status_times=? 
        and salesinfos0_.status_when2buy=? 
        and salesinfos0_.transport=?
Hibernate: 
    select
        salesinfou0_.id as id1_11_,
        salesinfou0_.user_height as user_hei2_11_,
        salesinfou0_.user_size as user_siz3_11_,
        salesinfou0_.user_weight as user_wei4_11_ 
    from
        sales_info_user salesinfou0_ 
    where
        salesinfou0_.user_size=? 
        and salesinfou0_.user_weight=? 
        and salesinfou0_.user_height=?
Hibernate: 
    insert 
    into
        clothes_image
        (closets_post_id, path, stores_post_id, type) 
    values
        (?, ?, ?, ?)
Hibernate: 
    insert 
    into
        clothes_image
        (closets_post_id, path, stores_post_id, type) 
    values
        (?, ?, ?, ?)
Hibernate: 
    insert 
    into
        stores
        (created_date, modified_date, author_id, clothes_info_id, colors_name, materials_name, style_name, clothes_length, content, price, sales_info_clothes_id, sales_info_status_id, sales_info_user_id, status, title) 
    values
        (?, ?, ?, ?, ?, ?, ?, ?, ?, ?, ?, ?, ?, ?, ?)
Hibernate: 
    update
        clothes_image 
    set
        closets_post_id=?,
        path=?,
        stores_post_id=?,
        type=? 
    where
        id=?
Hibernate: 
    update
        clothes_image 
    set
        closets_post_id=?,
        path=?,
        stores_post_id=?,
        type=? 
    where
        id=?
gunsong2@naver.com
Hibernate: 
    select
        members0_.id as id1_6_,
        members0_.email as email2_6_,
        members0_.image as image3_6_,
        members0_.name as name4_6_,
        members0_.nickname as nickname5_6_,
        members0_.password as password6_6_,
        members0_.phone as phone7_6_,
        members0_.refresh_token as refresh_8_6_,
        members0_.role as role9_6_ 
    from
        members members0_ 
    where
        members0_.email=?
Hibernate: 
    select
        style0_.id as id1_14_,
        style0_.name as name2_14_ 
    from
        style style0_ 
    where
        style0_.name=?
Hibernate: 
    select
        materials0_.id as id1_5_,
        materials0_.name as name2_5_ 
    from
        materials materials0_ 
    where
        materials0_.name=?
Hibernate: 
    select
        colors0_.id as id1_4_,
        colors0_.name as name2_4_ 
    from
        colors colors0_ 
    where
        colors0_.name=?
Hibernate: 
    select
        clothesinf0_.id as id1_2_,
        clothesinf0_.categoryl as category2_2_,
        clothesinf0_.categorys as category3_2_,
        clothesinf0_.fit as fit4_2_,
        clothesinf0_.length as length5_2_ 
    from
        clothes_info clothesinf0_ 
    where
        clothesinf0_.categoryl=? 
        and clothesinf0_.categorys=? 
        and clothesinf0_.length=? 
        and clothesinf0_.fit=?
Hibernate: 
    select
        salesinfoc0_.id as id1_9_,
        salesinfoc0_.clothes_brand as clothes_2_9_,
        salesinfoc0_.clothes_color as clothes_3_9_,
        salesinfoc0_.clothes_gender as clothes_4_9_,
        salesinfoc0_.clothes_size as clothes_5_9_ 
    from
        sales_info_clothes salesinfoc0_ 
    where
        salesinfoc0_.clothes_brand=? 
        and salesinfoc0_.clothes_gender=? 
        and salesinfoc0_.clothes_size=? 
        and salesinfoc0_.clothes_color=?
Hibernate: 
    select
        salesinfos0_.id as id1_10_,
        salesinfos0_.status_score as status_s2_10_,
        salesinfos0_.status_tag as status_t3_10_,
        salesinfos0_.status_times as status_t4_10_,
        salesinfos0_.status_when2buy as status_w5_10_,
        salesinfos0_.transport as transpor6_10_ 
    from
        sales_info_status salesinfos0_ 
    where
        salesinfos0_.status_tag=? 
        and salesinfos0_.status_score=? 
        and salesinfos0_.status_times=? 
        and salesinfos0_.status_when2buy=? 
        and salesinfos0_.transport=?
Hibernate: 
    select
        salesinfou0_.id as id1_11_,
        salesinfou0_.user_height as user_hei2_11_,
        salesinfou0_.user_size as user_siz3_11_,
        salesinfou0_.user_weight as user_wei4_11_ 
    from
        sales_info_user salesinfou0_ 
    where
        salesinfou0_.user_size=? 
        and salesinfou0_.user_weight=? 
        and salesinfou0_.user_height=?
Hibernate: 
    insert 
    into
        clothes_image
        (closets_post_id, path, stores_post_id, type) 
    values
        (?, ?, ?, ?)
Hibernate: 
    insert 
    into
        clothes_image
        (closets_post_id, path, stores_post_id, type) 
    values
        (?, ?, ?, ?)
Hibernate: 
    insert 
    into
        stores
        (created_date, modified_date, author_id, clothes_info_id, colors_name, materials_name, style_name, clothes_length, content, price, sales_info_clothes_id, sales_info_status_id, sales_info_user_id, status, title) 
    values
        (?, ?, ?, ?, ?, ?, ?, ?, ?, ?, ?, ?, ?, ?, ?)
Hibernate: 
    update
        clothes_image 
    set
        closets_post_id=?,
        path=?,
        stores_post_id=?,
        type=? 
    where
        id=?
Hibernate: 
    update
        clothes_image 
    set
        closets_post_id=?,
        path=?,
        stores_post_id=?,
        type=? 
    where
        id=?
gunsong2@naver.com
Hibernate: 
    select
        members0_.id as id1_6_,
        members0_.email as email2_6_,
        members0_.image as image3_6_,
        members0_.name as name4_6_,
        members0_.nickname as nickname5_6_,
        members0_.password as password6_6_,
        members0_.phone as phone7_6_,
        members0_.refresh_token as refresh_8_6_,
        members0_.role as role9_6_ 
    from
        members members0_ 
    where
        members0_.email=?
Hibernate: 
    select
        style0_.id as id1_14_,
        style0_.name as name2_14_ 
    from
        style style0_ 
    where
        style0_.name=?
Hibernate: 
    select
        materials0_.id as id1_5_,
        materials0_.name as name2_5_ 
    from
        materials materials0_ 
    where
        materials0_.name=?
Hibernate: 
    select
        colors0_.id as id1_4_,
        colors0_.name as name2_4_ 
    from
        colors colors0_ 
    where
        colors0_.name=?
Hibernate: 
    select
        clothesinf0_.id as id1_2_,
        clothesinf0_.categoryl as category2_2_,
        clothesinf0_.categorys as category3_2_,
        clothesinf0_.fit as fit4_2_,
        clothesinf0_.length as length5_2_ 
    from
        clothes_info clothesinf0_ 
    where
        clothesinf0_.categoryl=? 
        and clothesinf0_.categorys=? 
        and clothesinf0_.length=? 
        and clothesinf0_.fit=?
Hibernate: 
    select
        salesinfoc0_.id as id1_9_,
        salesinfoc0_.clothes_brand as clothes_2_9_,
        salesinfoc0_.clothes_color as clothes_3_9_,
        salesinfoc0_.clothes_gender as clothes_4_9_,
        salesinfoc0_.clothes_size as clothes_5_9_ 
    from
        sales_info_clothes salesinfoc0_ 
    where
        salesinfoc0_.clothes_brand=? 
        and salesinfoc0_.clothes_gender=? 
        and salesinfoc0_.clothes_size=? 
        and salesinfoc0_.clothes_color=?
Hibernate: 
    select
        salesinfos0_.id as id1_10_,
        salesinfos0_.status_score as status_s2_10_,
        salesinfos0_.status_tag as status_t3_10_,
        salesinfos0_.status_times as status_t4_10_,
        salesinfos0_.status_when2buy as status_w5_10_,
        salesinfos0_.transport as transpor6_10_ 
    from
        sales_info_status salesinfos0_ 
    where
        salesinfos0_.status_tag=? 
        and salesinfos0_.status_score=? 
        and salesinfos0_.status_times=? 
        and salesinfos0_.status_when2buy=? 
        and salesinfos0_.transport=?
Hibernate: 
    select
        salesinfou0_.id as id1_11_,
        salesinfou0_.user_height as user_hei2_11_,
        salesinfou0_.user_size as user_siz3_11_,
        salesinfou0_.user_weight as user_wei4_11_ 
    from
        sales_info_user salesinfou0_ 
    where
        salesinfou0_.user_size=? 
        and salesinfou0_.user_weight=? 
        and salesinfou0_.user_height=?
Hibernate: 
    insert 
    into
        clothes_image
        (closets_post_id, path, stores_post_id, type) 
    values
        (?, ?, ?, ?)
Hibernate: 
    insert 
    into
        clothes_image
        (closets_post_id, path, stores_post_id, type) 
    values
        (?, ?, ?, ?)
Hibernate: 
    insert 
    into
        stores
        (created_date, modified_date, author_id, clothes_info_id, colors_name, materials_name, style_name, clothes_length, content, price, sales_info_clothes_id, sales_info_status_id, sales_info_user_id, status, title) 
    values
        (?, ?, ?, ?, ?, ?, ?, ?, ?, ?, ?, ?, ?, ?, ?)
Hibernate: 
    update
        clothes_image 
    set
        closets_post_id=?,
        path=?,
        stores_post_id=?,
        type=? 
    where
        id=?
Hibernate: 
    update
        clothes_image 
    set
        closets_post_id=?,
        path=?,
        stores_post_id=?,
        type=? 
    where
        id=?
gunsong2@naver.com
Hibernate: 
    select
        members0_.id as id1_6_,
        members0_.email as email2_6_,
        members0_.image as image3_6_,
        members0_.name as name4_6_,
        members0_.nickname as nickname5_6_,
        members0_.password as password6_6_,
        members0_.phone as phone7_6_,
        members0_.refresh_token as refresh_8_6_,
        members0_.role as role9_6_ 
    from
        members members0_ 
    where
        members0_.email=?
Hibernate: 
    select
        style0_.id as id1_14_,
        style0_.name as name2_14_ 
    from
        style style0_ 
    where
        style0_.name=?
Hibernate: 
    select
        materials0_.id as id1_5_,
        materials0_.name as name2_5_ 
    from
        materials materials0_ 
    where
        materials0_.name=?
Hibernate: 
    select
        colors0_.id as id1_4_,
        colors0_.name as name2_4_ 
    from
        colors colors0_ 
    where
        colors0_.name=?
Hibernate: 
    select
        clothesinf0_.id as id1_2_,
        clothesinf0_.categoryl as category2_2_,
        clothesinf0_.categorys as category3_2_,
        clothesinf0_.fit as fit4_2_,
        clothesinf0_.length as length5_2_ 
    from
        clothes_info clothesinf0_ 
    where
        clothesinf0_.categoryl=? 
        and clothesinf0_.categorys=? 
        and clothesinf0_.length=? 
        and clothesinf0_.fit=?
Hibernate: 
    select
        salesinfoc0_.id as id1_9_,
        salesinfoc0_.clothes_brand as clothes_2_9_,
        salesinfoc0_.clothes_color as clothes_3_9_,
        salesinfoc0_.clothes_gender as clothes_4_9_,
        salesinfoc0_.clothes_size as clothes_5_9_ 
    from
        sales_info_clothes salesinfoc0_ 
    where
        salesinfoc0_.clothes_brand=? 
        and salesinfoc0_.clothes_gender=? 
        and salesinfoc0_.clothes_size=? 
        and salesinfoc0_.clothes_color=?
Hibernate: 
    select
        salesinfos0_.id as id1_10_,
        salesinfos0_.status_score as status_s2_10_,
        salesinfos0_.status_tag as status_t3_10_,
        salesinfos0_.status_times as status_t4_10_,
        salesinfos0_.status_when2buy as status_w5_10_,
        salesinfos0_.transport as transpor6_10_ 
    from
        sales_info_status salesinfos0_ 
    where
        salesinfos0_.status_tag=? 
        and salesinfos0_.status_score=? 
        and salesinfos0_.status_times=? 
        and salesinfos0_.status_when2buy=? 
        and salesinfos0_.transport=?
Hibernate: 
    select
        salesinfou0_.id as id1_11_,
        salesinfou0_.user_height as user_hei2_11_,
        salesinfou0_.user_size as user_siz3_11_,
        salesinfou0_.user_weight as user_wei4_11_ 
    from
        sales_info_user salesinfou0_ 
    where
        salesinfou0_.user_size=? 
        and salesinfou0_.user_weight=? 
        and salesinfou0_.user_height=?
Hibernate: 
    insert 
    into
        clothes_image
        (closets_post_id, path, stores_post_id, type) 
    values
        (?, ?, ?, ?)
Hibernate: 
    insert 
    into
        clothes_image
        (closets_post_id, path, stores_post_id, type) 
    values
        (?, ?, ?, ?)
Hibernate: 
    insert 
    into
        stores
        (created_date, modified_date, author_id, clothes_info_id, colors_name, materials_name, style_name, clothes_length, content, price, sales_info_clothes_id, sales_info_status_id, sales_info_user_id, status, title) 
    values
        (?, ?, ?, ?, ?, ?, ?, ?, ?, ?, ?, ?, ?, ?, ?)
Hibernate: 
    update
        clothes_image 
    set
        closets_post_id=?,
        path=?,
        stores_post_id=?,
        type=? 
    where
        id=?
Hibernate: 
    update
        clothes_image 
    set
        closets_post_id=?,
        path=?,
        stores_post_id=?,
        type=? 
    where
        id=?
Hibernate: 
    select
        stores0_.id as id1_12_,
        stores0_.created_date as created_2_12_,
        stores0_.modified_date as modified3_12_,
        stores0_.author_id as author_i9_12_,
        stores0_.clothes_info_id as clothes10_12_,
        stores0_.colors_name as colors_11_12_,
        stores0_.materials_name as materia12_12_,
        stores0_.style_name as style_n13_12_,
        stores0_.clothes_length as clothes_4_12_,
        stores0_.content as content5_12_,
        stores0_.price as price6_12_,
        stores0_.sales_info_clothes_id as sales_i14_12_,
        stores0_.sales_info_status_id as sales_i15_12_,
        stores0_.sales_info_user_id as sales_i16_12_,
        stores0_.status as status7_12_,
        stores0_.title as title8_12_ 
    from
        stores stores0_
Hibernate: 
    select
        members0_.id as id1_6_0_,
        members0_.email as email2_6_0_,
        members0_.image as image3_6_0_,
        members0_.name as name4_6_0_,
        members0_.nickname as nickname5_6_0_,
        members0_.password as password6_6_0_,
        members0_.phone as phone7_6_0_,
        members0_.refresh_token as refresh_8_6_0_,
        members0_.role as role9_6_0_ 
    from
        members members0_ 
    where
        members0_.id=?
Hibernate: 
    select
        clothesinf0_.id as id1_2_0_,
        clothesinf0_.categoryl as category2_2_0_,
        clothesinf0_.categorys as category3_2_0_,
        clothesinf0_.fit as fit4_2_0_,
        clothesinf0_.length as length5_2_0_ 
    from
        clothes_info clothesinf0_ 
    where
        clothesinf0_.id=?
Hibernate: 
    select
        colors0_.id as id1_4_0_,
        colors0_.name as name2_4_0_ 
    from
        colors colors0_ 
    where
        colors0_.name=?
Hibernate: 
    select
        materials0_.id as id1_5_0_,
        materials0_.name as name2_5_0_ 
    from
        materials materials0_ 
    where
        materials0_.name=?
Hibernate: 
    select
        style0_.id as id1_14_0_,
        style0_.name as name2_14_0_ 
    from
        style style0_ 
    where
        style0_.name=?
Hibernate: 
    select
        salesinfoc0_.id as id1_9_0_,
        salesinfoc0_.clothes_brand as clothes_2_9_0_,
        salesinfoc0_.clothes_color as clothes_3_9_0_,
        salesinfoc0_.clothes_gender as clothes_4_9_0_,
        salesinfoc0_.clothes_size as clothes_5_9_0_ 
    from
        sales_info_clothes salesinfoc0_ 
    where
        salesinfoc0_.id=?
Hibernate: 
    select
        salesinfos0_.id as id1_10_0_,
        salesinfos0_.status_score as status_s2_10_0_,
        salesinfos0_.status_tag as status_t3_10_0_,
        salesinfos0_.status_times as status_t4_10_0_,
        salesinfos0_.status_when2buy as status_w5_10_0_,
        salesinfos0_.transport as transpor6_10_0_ 
    from
        sales_info_status salesinfos0_ 
    where
        salesinfos0_.id=?
Hibernate: 
    select
        salesinfou0_.id as id1_11_0_,
        salesinfou0_.user_height as user_hei2_11_0_,
        salesinfou0_.user_size as user_siz3_11_0_,
        salesinfou0_.user_weight as user_wei4_11_0_ 
    from
        sales_info_user salesinfou0_ 
    where
        salesinfou0_.id=?
Hibernate: 
    select
        clothesinf0_.id as id1_2_0_,
        clothesinf0_.categoryl as category2_2_0_,
        clothesinf0_.categorys as category3_2_0_,
        clothesinf0_.fit as fit4_2_0_,
        clothesinf0_.length as length5_2_0_ 
    from
        clothes_info clothesinf0_ 
    where
        clothesinf0_.id=?
Hibernate: 
    select
        colors0_.id as id1_4_0_,
        colors0_.name as name2_4_0_ 
    from
        colors colors0_ 
    where
        colors0_.name=?
Hibernate: 
    select
        materials0_.id as id1_5_0_,
        materials0_.name as name2_5_0_ 
    from
        materials materials0_ 
    where
        materials0_.name=?
Hibernate: 
    select
        style0_.id as id1_14_0_,
        style0_.name as name2_14_0_ 
    from
        style style0_ 
    where
        style0_.name=?
Hibernate: 
    select
        salesinfoc0_.id as id1_9_0_,
        salesinfoc0_.clothes_brand as clothes_2_9_0_,
        salesinfoc0_.clothes_color as clothes_3_9_0_,
        salesinfoc0_.clothes_gender as clothes_4_9_0_,
        salesinfoc0_.clothes_size as clothes_5_9_0_ 
    from
        sales_info_clothes salesinfoc0_ 
    where
        salesinfoc0_.id=?
Hibernate: 
    select
        salesinfos0_.id as id1_10_0_,
        salesinfos0_.status_score as status_s2_10_0_,
        salesinfos0_.status_tag as status_t3_10_0_,
        salesinfos0_.status_times as status_t4_10_0_,
        salesinfos0_.status_when2buy as status_w5_10_0_,
        salesinfos0_.transport as transpor6_10_0_ 
    from
        sales_info_status salesinfos0_ 
    where
        salesinfos0_.id=?
Hibernate: 
    select
        salesinfou0_.id as id1_11_0_,
        salesinfou0_.user_height as user_hei2_11_0_,
        salesinfou0_.user_size as user_siz3_11_0_,
        salesinfou0_.user_weight as user_wei4_11_0_ 
    from
        sales_info_user salesinfou0_ 
    where
        salesinfou0_.id=?
Hibernate: 
    select
        clothesinf0_.id as id1_2_0_,
        clothesinf0_.categoryl as category2_2_0_,
        clothesinf0_.categorys as category3_2_0_,
        clothesinf0_.fit as fit4_2_0_,
        clothesinf0_.length as length5_2_0_ 
    from
        clothes_info clothesinf0_ 
    where
        clothesinf0_.id=?
Hibernate: 
    select
        colors0_.id as id1_4_0_,
        colors0_.name as name2_4_0_ 
    from
        colors colors0_ 
    where
        colors0_.name=?
Hibernate: 
    select
        materials0_.id as id1_5_0_,
        materials0_.name as name2_5_0_ 
    from
        materials materials0_ 
    where
        materials0_.name=?
Hibernate: 
    select
        style0_.id as id1_14_0_,
        style0_.name as name2_14_0_ 
    from
        style style0_ 
    where
        style0_.name=?
Hibernate: 
    select
        salesinfoc0_.id as id1_9_0_,
        salesinfoc0_.clothes_brand as clothes_2_9_0_,
        salesinfoc0_.clothes_color as clothes_3_9_0_,
        salesinfoc0_.clothes_gender as clothes_4_9_0_,
        salesinfoc0_.clothes_size as clothes_5_9_0_ 
    from
        sales_info_clothes salesinfoc0_ 
    where
        salesinfoc0_.id=?
Hibernate: 
    select
        salesinfos0_.id as id1_10_0_,
        salesinfos0_.status_score as status_s2_10_0_,
        salesinfos0_.status_tag as status_t3_10_0_,
        salesinfos0_.status_times as status_t4_10_0_,
        salesinfos0_.status_when2buy as status_w5_10_0_,
        salesinfos0_.transport as transpor6_10_0_ 
    from
        sales_info_status salesinfos0_ 
    where
        salesinfos0_.id=?
Hibernate: 
    select
        salesinfou0_.id as id1_11_0_,
        salesinfou0_.user_height as user_hei2_11_0_,
        salesinfou0_.user_size as user_siz3_11_0_,
        salesinfou0_.user_weight as user_wei4_11_0_ 
    from
        sales_info_user salesinfou0_ 
    where
        salesinfou0_.id=?
Hibernate: 
    select
        clothesinf0_.id as id1_2_0_,
        clothesinf0_.categoryl as category2_2_0_,
        clothesinf0_.categorys as category3_2_0_,
        clothesinf0_.fit as fit4_2_0_,
        clothesinf0_.length as length5_2_0_ 
    from
        clothes_info clothesinf0_ 
    where
        clothesinf0_.id=?
Hibernate: 
    select
        colors0_.id as id1_4_0_,
        colors0_.name as name2_4_0_ 
    from
        colors colors0_ 
    where
        colors0_.name=?
Hibernate: 
    select
        materials0_.id as id1_5_0_,
        materials0_.name as name2_5_0_ 
    from
        materials materials0_ 
    where
        materials0_.name=?
Hibernate: 
    select
        style0_.id as id1_14_0_,
        style0_.name as name2_14_0_ 
    from
        style style0_ 
    where
        style0_.name=?
Hibernate: 
    select
        salesinfoc0_.id as id1_9_0_,
        salesinfoc0_.clothes_brand as clothes_2_9_0_,
        salesinfoc0_.clothes_color as clothes_3_9_0_,
        salesinfoc0_.clothes_gender as clothes_4_9_0_,
        salesinfoc0_.clothes_size as clothes_5_9_0_ 
    from
        sales_info_clothes salesinfoc0_ 
    where
        salesinfoc0_.id=?
Hibernate: 
    select
        salesinfos0_.id as id1_10_0_,
        salesinfos0_.status_score as status_s2_10_0_,
        salesinfos0_.status_tag as status_t3_10_0_,
        salesinfos0_.status_times as status_t4_10_0_,
        salesinfos0_.status_when2buy as status_w5_10_0_,
        salesinfos0_.transport as transpor6_10_0_ 
    from
        sales_info_status salesinfos0_ 
    where
        salesinfos0_.id=?
Hibernate: 
    select
        salesinfou0_.id as id1_11_0_,
        salesinfou0_.user_height as user_hei2_11_0_,
        salesinfou0_.user_size as user_siz3_11_0_,
        salesinfou0_.user_weight as user_wei4_11_0_ 
    from
        sales_info_user salesinfou0_ 
    where
        salesinfou0_.id=?
Hibernate: 
    select
        clothesinf0_.id as id1_2_0_,
        clothesinf0_.categoryl as category2_2_0_,
        clothesinf0_.categorys as category3_2_0_,
        clothesinf0_.fit as fit4_2_0_,
        clothesinf0_.length as length5_2_0_ 
    from
        clothes_info clothesinf0_ 
    where
        clothesinf0_.id=?
Hibernate: 
    select
        materials0_.id as id1_5_0_,
        materials0_.name as name2_5_0_ 
    from
        materials materials0_ 
    where
        materials0_.name=?
Hibernate: 
    select
        style0_.id as id1_14_0_,
        style0_.name as name2_14_0_ 
    from
        style style0_ 
    where
        style0_.name=?
Hibernate: 
    select
        salesinfoc0_.id as id1_9_0_,
        salesinfoc0_.clothes_brand as clothes_2_9_0_,
        salesinfoc0_.clothes_color as clothes_3_9_0_,
        salesinfoc0_.clothes_gender as clothes_4_9_0_,
        salesinfoc0_.clothes_size as clothes_5_9_0_ 
    from
        sales_info_clothes salesinfoc0_ 
    where
        salesinfoc0_.id=?
Hibernate: 
    select
        salesinfos0_.id as id1_10_0_,
        salesinfos0_.status_score as status_s2_10_0_,
        salesinfos0_.status_tag as status_t3_10_0_,
        salesinfos0_.status_times as status_t4_10_0_,
        salesinfos0_.status_when2buy as status_w5_10_0_,
        salesinfos0_.transport as transpor6_10_0_ 
    from
        sales_info_status salesinfos0_ 
    where
        salesinfos0_.id=?
Hibernate: 
    select
        salesinfou0_.id as id1_11_0_,
        salesinfou0_.user_height as user_hei2_11_0_,
        salesinfou0_.user_size as user_siz3_11_0_,
        salesinfou0_.user_weight as user_wei4_11_0_ 
    from
        sales_info_user salesinfou0_ 
    where
        salesinfou0_.id=?
Hibernate: 
    select
        clothesinf0_.id as id1_2_0_,
        clothesinf0_.categoryl as category2_2_0_,
        clothesinf0_.categorys as category3_2_0_,
        clothesinf0_.fit as fit4_2_0_,
        clothesinf0_.length as length5_2_0_ 
    from
        clothes_info clothesinf0_ 
    where
        clothesinf0_.id=?
Hibernate: 
    select
        colors0_.id as id1_4_0_,
        colors0_.name as name2_4_0_ 
    from
        colors colors0_ 
    where
        colors0_.name=?
Hibernate: 
    select
        clothesima0_.id as id1_3_,
        clothesima0_.closets_post_id as closets_4_3_,
        clothesima0_.path as path2_3_,
        clothesima0_.stores_post_id as stores_p5_3_,
        clothesima0_.type as type3_3_ 
    from
        clothes_image clothesima0_
Hibernate: 
    select
        stores0_.id as id1_12_0_,
        stores0_.created_date as created_2_12_0_,
        stores0_.modified_date as modified3_12_0_,
        stores0_.author_id as author_i9_12_0_,
        stores0_.clothes_info_id as clothes10_12_0_,
        stores0_.colors_name as colors_11_12_0_,
        stores0_.materials_name as materia12_12_0_,
        stores0_.style_name as style_n13_12_0_,
        stores0_.clothes_length as clothes_4_12_0_,
        stores0_.content as content5_12_0_,
        stores0_.price as price6_12_0_,
        stores0_.sales_info_clothes_id as sales_i14_12_0_,
        stores0_.sales_info_status_id as sales_i15_12_0_,
        stores0_.sales_info_user_id as sales_i16_12_0_,
        stores0_.status as status7_12_0_,
        stores0_.title as title8_12_0_,
        members1_.id as id1_6_1_,
        members1_.email as email2_6_1_,
        members1_.image as image3_6_1_,
        members1_.name as name4_6_1_,
        members1_.nickname as nickname5_6_1_,
        members1_.password as password6_6_1_,
        members1_.phone as phone7_6_1_,
        members1_.refresh_token as refresh_8_6_1_,
        members1_.role as role9_6_1_,
        clothesinf2_.id as id1_2_2_,
        clothesinf2_.categoryl as category2_2_2_,
        clothesinf2_.categorys as category3_2_2_,
        clothesinf2_.fit as fit4_2_2_,
        clothesinf2_.length as length5_2_2_,
        colors3_.id as id1_4_3_,
        colors3_.name as name2_4_3_,
        materials4_.id as id1_5_4_,
        materials4_.name as name2_5_4_,
        style5_.id as id1_14_5_,
        style5_.name as name2_14_5_,
        salesinfoc6_.id as id1_9_6_,
        salesinfoc6_.clothes_brand as clothes_2_9_6_,
        salesinfoc6_.clothes_color as clothes_3_9_6_,
        salesinfoc6_.clothes_gender as clothes_4_9_6_,
        salesinfoc6_.clothes_size as clothes_5_9_6_,
        salesinfos7_.id as id1_10_7_,
        salesinfos7_.status_score as status_s2_10_7_,
        salesinfos7_.status_tag as status_t3_10_7_,
        salesinfos7_.status_times as status_t4_10_7_,
        salesinfos7_.status_when2buy as status_w5_10_7_,
        salesinfos7_.transport as transpor6_10_7_,
        salesinfou8_.id as id1_11_8_,
        salesinfou8_.user_height as user_hei2_11_8_,
        salesinfou8_.user_size as user_siz3_11_8_,
        salesinfou8_.user_weight as user_wei4_11_8_ 
    from
        stores stores0_ 
    left outer join
        members members1_ 
            on stores0_.author_id=members1_.id 
    left outer join
        clothes_info clothesinf2_ 
            on stores0_.clothes_info_id=clothesinf2_.id 
    left outer join
        colors colors3_ 
            on stores0_.colors_name=colors3_.name 
    left outer join
        materials materials4_ 
            on stores0_.materials_name=materials4_.name 
    left outer join
        style style5_ 
            on stores0_.style_name=style5_.name 
    left outer join
        sales_info_clothes salesinfoc6_ 
            on stores0_.sales_info_clothes_id=salesinfoc6_.id 
    left outer join
        sales_info_status salesinfos7_ 
            on stores0_.sales_info_status_id=salesinfos7_.id 
    left outer join
        sales_info_user salesinfou8_ 
            on stores0_.sales_info_user_id=salesinfou8_.id 
    where
        stores0_.id=?
Hibernate: 
    select
        stores0_.id as id1_12_0_,
        stores0_.created_date as created_2_12_0_,
        stores0_.modified_date as modified3_12_0_,
        stores0_.author_id as author_i9_12_0_,
        stores0_.clothes_info_id as clothes10_12_0_,
        stores0_.colors_name as colors_11_12_0_,
        stores0_.materials_name as materia12_12_0_,
        stores0_.style_name as style_n13_12_0_,
        stores0_.clothes_length as clothes_4_12_0_,
        stores0_.content as content5_12_0_,
        stores0_.price as price6_12_0_,
        stores0_.sales_info_clothes_id as sales_i14_12_0_,
        stores0_.sales_info_status_id as sales_i15_12_0_,
        stores0_.sales_info_user_id as sales_i16_12_0_,
        stores0_.status as status7_12_0_,
        stores0_.title as title8_12_0_,
        members1_.id as id1_6_1_,
        members1_.email as email2_6_1_,
        members1_.image as image3_6_1_,
        members1_.name as name4_6_1_,
        members1_.nickname as nickname5_6_1_,
        members1_.password as password6_6_1_,
        members1_.phone as phone7_6_1_,
        members1_.refresh_token as refresh_8_6_1_,
        members1_.role as role9_6_1_,
        clothesinf2_.id as id1_2_2_,
        clothesinf2_.categoryl as category2_2_2_,
        clothesinf2_.categorys as category3_2_2_,
        clothesinf2_.fit as fit4_2_2_,
        clothesinf2_.length as length5_2_2_,
        colors3_.id as id1_4_3_,
        colors3_.name as name2_4_3_,
        materials4_.id as id1_5_4_,
        materials4_.name as name2_5_4_,
        style5_.id as id1_14_5_,
        style5_.name as name2_14_5_,
        salesinfoc6_.id as id1_9_6_,
        salesinfoc6_.clothes_brand as clothes_2_9_6_,
        salesinfoc6_.clothes_color as clothes_3_9_6_,
        salesinfoc6_.clothes_gender as clothes_4_9_6_,
        salesinfoc6_.clothes_size as clothes_5_9_6_,
        salesinfos7_.id as id1_10_7_,
        salesinfos7_.status_score as status_s2_10_7_,
        salesinfos7_.status_tag as status_t3_10_7_,
        salesinfos7_.status_times as status_t4_10_7_,
        salesinfos7_.status_when2buy as status_w5_10_7_,
        salesinfos7_.transport as transpor6_10_7_,
        salesinfou8_.id as id1_11_8_,
        salesinfou8_.user_height as user_hei2_11_8_,
        salesinfou8_.user_size as user_siz3_11_8_,
        salesinfou8_.user_weight as user_wei4_11_8_ 
    from
        stores stores0_ 
    left outer join
        members members1_ 
            on stores0_.author_id=members1_.id 
    left outer join
        clothes_info clothesinf2_ 
            on stores0_.clothes_info_id=clothesinf2_.id 
    left outer join
        colors colors3_ 
            on stores0_.colors_name=colors3_.name 
    left outer join
        materials materials4_ 
            on stores0_.materials_name=materials4_.name 
    left outer join
        style style5_ 
            on stores0_.style_name=style5_.name 
    left outer join
        sales_info_clothes salesinfoc6_ 
            on stores0_.sales_info_clothes_id=salesinfoc6_.id 
    left outer join
        sales_info_status salesinfos7_ 
            on stores0_.sales_info_status_id=salesinfos7_.id 
    left outer join
        sales_info_user salesinfou8_ 
            on stores0_.sales_info_user_id=salesinfou8_.id 
    where
        stores0_.id=?
Hibernate: 
    select
        stores0_.id as id1_12_0_,
        stores0_.created_date as created_2_12_0_,
        stores0_.modified_date as modified3_12_0_,
        stores0_.author_id as author_i9_12_0_,
        stores0_.clothes_info_id as clothes10_12_0_,
        stores0_.colors_name as colors_11_12_0_,
        stores0_.materials_name as materia12_12_0_,
        stores0_.style_name as style_n13_12_0_,
        stores0_.clothes_length as clothes_4_12_0_,
        stores0_.content as content5_12_0_,
        stores0_.price as price6_12_0_,
        stores0_.sales_info_clothes_id as sales_i14_12_0_,
        stores0_.sales_info_status_id as sales_i15_12_0_,
        stores0_.sales_info_user_id as sales_i16_12_0_,
        stores0_.status as status7_12_0_,
        stores0_.title as title8_12_0_,
        members1_.id as id1_6_1_,
        members1_.email as email2_6_1_,
        members1_.image as image3_6_1_,
        members1_.name as name4_6_1_,
        members1_.nickname as nickname5_6_1_,
        members1_.password as password6_6_1_,
        members1_.phone as phone7_6_1_,
        members1_.refresh_token as refresh_8_6_1_,
        members1_.role as role9_6_1_,
        clothesinf2_.id as id1_2_2_,
        clothesinf2_.categoryl as category2_2_2_,
        clothesinf2_.categorys as category3_2_2_,
        clothesinf2_.fit as fit4_2_2_,
        clothesinf2_.length as length5_2_2_,
        colors3_.id as id1_4_3_,
        colors3_.name as name2_4_3_,
        materials4_.id as id1_5_4_,
        materials4_.name as name2_5_4_,
        style5_.id as id1_14_5_,
        style5_.name as name2_14_5_,
        salesinfoc6_.id as id1_9_6_,
        salesinfoc6_.clothes_brand as clothes_2_9_6_,
        salesinfoc6_.clothes_color as clothes_3_9_6_,
        salesinfoc6_.clothes_gender as clothes_4_9_6_,
        salesinfoc6_.clothes_size as clothes_5_9_6_,
        salesinfos7_.id as id1_10_7_,
        salesinfos7_.status_score as status_s2_10_7_,
        salesinfos7_.status_tag as status_t3_10_7_,
        salesinfos7_.status_times as status_t4_10_7_,
        salesinfos7_.status_when2buy as status_w5_10_7_,
        salesinfos7_.transport as transpor6_10_7_,
        salesinfou8_.id as id1_11_8_,
        salesinfou8_.user_height as user_hei2_11_8_,
        salesinfou8_.user_size as user_siz3_11_8_,
        salesinfou8_.user_weight as user_wei4_11_8_ 
    from
        stores stores0_ 
    left outer join
        members members1_ 
            on stores0_.author_id=members1_.id 
    left outer join
        clothes_info clothesinf2_ 
            on stores0_.clothes_info_id=clothesinf2_.id 
    left outer join
        colors colors3_ 
            on stores0_.colors_name=colors3_.name 
    left outer join
        materials materials4_ 
            on stores0_.materials_name=materials4_.name 
    left outer join
        style style5_ 
            on stores0_.style_name=style5_.name 
    left outer join
        sales_info_clothes salesinfoc6_ 
            on stores0_.sales_info_clothes_id=salesinfoc6_.id 
    left outer join
        sales_info_status salesinfos7_ 
            on stores0_.sales_info_status_id=salesinfos7_.id 
    left outer join
        sales_info_user salesinfou8_ 
            on stores0_.sales_info_user_id=salesinfou8_.id 
    where
        stores0_.id=?
Hibernate: 
    select
        stores0_.id as id1_12_0_,
        stores0_.created_date as created_2_12_0_,
        stores0_.modified_date as modified3_12_0_,
        stores0_.author_id as author_i9_12_0_,
        stores0_.clothes_info_id as clothes10_12_0_,
        stores0_.colors_name as colors_11_12_0_,
        stores0_.materials_name as materia12_12_0_,
        stores0_.style_name as style_n13_12_0_,
        stores0_.clothes_length as clothes_4_12_0_,
        stores0_.content as content5_12_0_,
        stores0_.price as price6_12_0_,
        stores0_.sales_info_clothes_id as sales_i14_12_0_,
        stores0_.sales_info_status_id as sales_i15_12_0_,
        stores0_.sales_info_user_id as sales_i16_12_0_,
        stores0_.status as status7_12_0_,
        stores0_.title as title8_12_0_,
        members1_.id as id1_6_1_,
        members1_.email as email2_6_1_,
        members1_.image as image3_6_1_,
        members1_.name as name4_6_1_,
        members1_.nickname as nickname5_6_1_,
        members1_.password as password6_6_1_,
        members1_.phone as phone7_6_1_,
        members1_.refresh_token as refresh_8_6_1_,
        members1_.role as role9_6_1_,
        clothesinf2_.id as id1_2_2_,
        clothesinf2_.categoryl as category2_2_2_,
        clothesinf2_.categorys as category3_2_2_,
        clothesinf2_.fit as fit4_2_2_,
        clothesinf2_.length as length5_2_2_,
        colors3_.id as id1_4_3_,
        colors3_.name as name2_4_3_,
        materials4_.id as id1_5_4_,
        materials4_.name as name2_5_4_,
        style5_.id as id1_14_5_,
        style5_.name as name2_14_5_,
        salesinfoc6_.id as id1_9_6_,
        salesinfoc6_.clothes_brand as clothes_2_9_6_,
        salesinfoc6_.clothes_color as clothes_3_9_6_,
        salesinfoc6_.clothes_gender as clothes_4_9_6_,
        salesinfoc6_.clothes_size as clothes_5_9_6_,
        salesinfos7_.id as id1_10_7_,
        salesinfos7_.status_score as status_s2_10_7_,
        salesinfos7_.status_tag as status_t3_10_7_,
        salesinfos7_.status_times as status_t4_10_7_,
        salesinfos7_.status_when2buy as status_w5_10_7_,
        salesinfos7_.transport as transpor6_10_7_,
        salesinfou8_.id as id1_11_8_,
        salesinfou8_.user_height as user_hei2_11_8_,
        salesinfou8_.user_size as user_siz3_11_8_,
        salesinfou8_.user_weight as user_wei4_11_8_ 
    from
        stores stores0_ 
    left outer join
        members members1_ 
            on stores0_.author_id=members1_.id 
    left outer join
        clothes_info clothesinf2_ 
            on stores0_.clothes_info_id=clothesinf2_.id 
    left outer join
        colors colors3_ 
            on stores0_.colors_name=colors3_.name 
    left outer join
        materials materials4_ 
            on stores0_.materials_name=materials4_.name 
    left outer join
        style style5_ 
            on stores0_.style_name=style5_.name 
    left outer join
        sales_info_clothes salesinfoc6_ 
            on stores0_.sales_info_clothes_id=salesinfoc6_.id 
    left outer join
        sales_info_status salesinfos7_ 
            on stores0_.sales_info_status_id=salesinfos7_.id 
    left outer join
        sales_info_user salesinfou8_ 
            on stores0_.sales_info_user_id=salesinfou8_.id 
    where
        stores0_.id=?
Hibernate: 
    select
        stores0_.id as id1_12_0_,
        stores0_.created_date as created_2_12_0_,
        stores0_.modified_date as modified3_12_0_,
        stores0_.author_id as author_i9_12_0_,
        stores0_.clothes_info_id as clothes10_12_0_,
        stores0_.colors_name as colors_11_12_0_,
        stores0_.materials_name as materia12_12_0_,
        stores0_.style_name as style_n13_12_0_,
        stores0_.clothes_length as clothes_4_12_0_,
        stores0_.content as content5_12_0_,
        stores0_.price as price6_12_0_,
        stores0_.sales_info_clothes_id as sales_i14_12_0_,
        stores0_.sales_info_status_id as sales_i15_12_0_,
        stores0_.sales_info_user_id as sales_i16_12_0_,
        stores0_.status as status7_12_0_,
        stores0_.title as title8_12_0_,
        members1_.id as id1_6_1_,
        members1_.email as email2_6_1_,
        members1_.image as image3_6_1_,
        members1_.name as name4_6_1_,
        members1_.nickname as nickname5_6_1_,
        members1_.password as password6_6_1_,
        members1_.phone as phone7_6_1_,
        members1_.refresh_token as refresh_8_6_1_,
        members1_.role as role9_6_1_,
        clothesinf2_.id as id1_2_2_,
        clothesinf2_.categoryl as category2_2_2_,
        clothesinf2_.categorys as category3_2_2_,
        clothesinf2_.fit as fit4_2_2_,
        clothesinf2_.length as length5_2_2_,
        colors3_.id as id1_4_3_,
        colors3_.name as name2_4_3_,
        materials4_.id as id1_5_4_,
        materials4_.name as name2_5_4_,
        style5_.id as id1_14_5_,
        style5_.name as name2_14_5_,
        salesinfoc6_.id as id1_9_6_,
        salesinfoc6_.clothes_brand as clothes_2_9_6_,
        salesinfoc6_.clothes_color as clothes_3_9_6_,
        salesinfoc6_.clothes_gender as clothes_4_9_6_,
        salesinfoc6_.clothes_size as clothes_5_9_6_,
        salesinfos7_.id as id1_10_7_,
        salesinfos7_.status_score as status_s2_10_7_,
        salesinfos7_.status_tag as status_t3_10_7_,
        salesinfos7_.status_times as status_t4_10_7_,
        salesinfos7_.status_when2buy as status_w5_10_7_,
        salesinfos7_.transport as transpor6_10_7_,
        salesinfou8_.id as id1_11_8_,
        salesinfou8_.user_height as user_hei2_11_8_,
        salesinfou8_.user_size as user_siz3_11_8_,
        salesinfou8_.user_weight as user_wei4_11_8_ 
    from
        stores stores0_ 
    left outer join
        members members1_ 
            on stores0_.author_id=members1_.id 
    left outer join
        clothes_info clothesinf2_ 
            on stores0_.clothes_info_id=clothesinf2_.id 
    left outer join
        colors colors3_ 
            on stores0_.colors_name=colors3_.name 
    left outer join
        materials materials4_ 
            on stores0_.materials_name=materials4_.name 
    left outer join
        style style5_ 
            on stores0_.style_name=style5_.name 
    left outer join
        sales_info_clothes salesinfoc6_ 
            on stores0_.sales_info_clothes_id=salesinfoc6_.id 
    left outer join
        sales_info_status salesinfos7_ 
            on stores0_.sales_info_status_id=salesinfos7_.id 
    left outer join
        sales_info_user salesinfou8_ 
            on stores0_.sales_info_user_id=salesinfou8_.id 
    where
        stores0_.id=?
Hibernate: 
    select
        stores0_.id as id1_12_0_,
        stores0_.created_date as created_2_12_0_,
        stores0_.modified_date as modified3_12_0_,
        stores0_.author_id as author_i9_12_0_,
        stores0_.clothes_info_id as clothes10_12_0_,
        stores0_.colors_name as colors_11_12_0_,
        stores0_.materials_name as materia12_12_0_,
        stores0_.style_name as style_n13_12_0_,
        stores0_.clothes_length as clothes_4_12_0_,
        stores0_.content as content5_12_0_,
        stores0_.price as price6_12_0_,
        stores0_.sales_info_clothes_id as sales_i14_12_0_,
        stores0_.sales_info_status_id as sales_i15_12_0_,
        stores0_.sales_info_user_id as sales_i16_12_0_,
        stores0_.status as status7_12_0_,
        stores0_.title as title8_12_0_,
        members1_.id as id1_6_1_,
        members1_.email as email2_6_1_,
        members1_.image as image3_6_1_,
        members1_.name as name4_6_1_,
        members1_.nickname as nickname5_6_1_,
        members1_.password as password6_6_1_,
        members1_.phone as phone7_6_1_,
        members1_.refresh_token as refresh_8_6_1_,
        members1_.role as role9_6_1_,
        clothesinf2_.id as id1_2_2_,
        clothesinf2_.categoryl as category2_2_2_,
        clothesinf2_.categorys as category3_2_2_,
        clothesinf2_.fit as fit4_2_2_,
        clothesinf2_.length as length5_2_2_,
        colors3_.id as id1_4_3_,
        colors3_.name as name2_4_3_,
        materials4_.id as id1_5_4_,
        materials4_.name as name2_5_4_,
        style5_.id as id1_14_5_,
        style5_.name as name2_14_5_,
        salesinfoc6_.id as id1_9_6_,
        salesinfoc6_.clothes_brand as clothes_2_9_6_,
        salesinfoc6_.clothes_color as clothes_3_9_6_,
        salesinfoc6_.clothes_gender as clothes_4_9_6_,
        salesinfoc6_.clothes_size as clothes_5_9_6_,
        salesinfos7_.id as id1_10_7_,
        salesinfos7_.status_score as status_s2_10_7_,
        salesinfos7_.status_tag as status_t3_10_7_,
        salesinfos7_.status_times as status_t4_10_7_,
        salesinfos7_.status_when2buy as status_w5_10_7_,
        salesinfos7_.transport as transpor6_10_7_,
        salesinfou8_.id as id1_11_8_,
        salesinfou8_.user_height as user_hei2_11_8_,
        salesinfou8_.user_size as user_siz3_11_8_,
        salesinfou8_.user_weight as user_wei4_11_8_ 
    from
        stores stores0_ 
    left outer join
        members members1_ 
            on stores0_.author_id=members1_.id 
    left outer join
        clothes_info clothesinf2_ 
            on stores0_.clothes_info_id=clothesinf2_.id 
    left outer join
        colors colors3_ 
            on stores0_.colors_name=colors3_.name 
    left outer join
        materials materials4_ 
            on stores0_.materials_name=materials4_.name 
    left outer join
        style style5_ 
            on stores0_.style_name=style5_.name 
    left outer join
        sales_info_clothes salesinfoc6_ 
            on stores0_.sales_info_clothes_id=salesinfoc6_.id 
    left outer join
        sales_info_status salesinfos7_ 
            on stores0_.sales_info_status_id=salesinfos7_.id 
    left outer join
        sales_info_user salesinfou8_ 
            on stores0_.sales_info_user_id=salesinfou8_.id 
    where
        stores0_.id=?
Hibernate: 
    select
        stores0_.id as id1_12_0_,
        stores0_.created_date as created_2_12_0_,
        stores0_.modified_date as modified3_12_0_,
        stores0_.author_id as author_i9_12_0_,
        stores0_.clothes_info_id as clothes10_12_0_,
        stores0_.colors_name as colors_11_12_0_,
        stores0_.materials_name as materia12_12_0_,
        stores0_.style_name as style_n13_12_0_,
        stores0_.clothes_length as clothes_4_12_0_,
        stores0_.content as content5_12_0_,
        stores0_.price as price6_12_0_,
        stores0_.sales_info_clothes_id as sales_i14_12_0_,
        stores0_.sales_info_status_id as sales_i15_12_0_,
        stores0_.sales_info_user_id as sales_i16_12_0_,
        stores0_.status as status7_12_0_,
        stores0_.title as title8_12_0_,
        members1_.id as id1_6_1_,
        members1_.email as email2_6_1_,
        members1_.image as image3_6_1_,
        members1_.name as name4_6_1_,
        members1_.nickname as nickname5_6_1_,
        members1_.password as password6_6_1_,
        members1_.phone as phone7_6_1_,
        members1_.refresh_token as refresh_8_6_1_,
        members1_.role as role9_6_1_,
        clothesinf2_.id as id1_2_2_,
        clothesinf2_.categoryl as category2_2_2_,
        clothesinf2_.categorys as category3_2_2_,
        clothesinf2_.fit as fit4_2_2_,
        clothesinf2_.length as length5_2_2_,
        colors3_.id as id1_4_3_,
        colors3_.name as name2_4_3_,
        materials4_.id as id1_5_4_,
        materials4_.name as name2_5_4_,
        style5_.id as id1_14_5_,
        style5_.name as name2_14_5_,
        salesinfoc6_.id as id1_9_6_,
        salesinfoc6_.clothes_brand as clothes_2_9_6_,
        salesinfoc6_.clothes_color as clothes_3_9_6_,
        salesinfoc6_.clothes_gender as clothes_4_9_6_,
        salesinfoc6_.clothes_size as clothes_5_9_6_,
        salesinfos7_.id as id1_10_7_,
        salesinfos7_.status_score as status_s2_10_7_,
        salesinfos7_.status_tag as status_t3_10_7_,
        salesinfos7_.status_times as status_t4_10_7_,
        salesinfos7_.status_when2buy as status_w5_10_7_,
        salesinfos7_.transport as transpor6_10_7_,
        salesinfou8_.id as id1_11_8_,
        salesinfou8_.user_height as user_hei2_11_8_,
        salesinfou8_.user_size as user_siz3_11_8_,
        salesinfou8_.user_weight as user_wei4_11_8_ 
    from
        stores stores0_ 
    left outer join
        members members1_ 
            on stores0_.author_id=members1_.id 
    left outer join
        clothes_info clothesinf2_ 
            on stores0_.clothes_info_id=clothesinf2_.id 
    left outer join
        colors colors3_ 
            on stores0_.colors_name=colors3_.name 
    left outer join
        materials materials4_ 
            on stores0_.materials_name=materials4_.name 
    left outer join
        style style5_ 
            on stores0_.style_name=style5_.name 
    left outer join
        sales_info_clothes salesinfoc6_ 
            on stores0_.sales_info_clothes_id=salesinfoc6_.id 
    left outer join
        sales_info_status salesinfos7_ 
            on stores0_.sales_info_status_id=salesinfos7_.id 
    left outer join
        sales_info_user salesinfou8_ 
            on stores0_.sales_info_user_id=salesinfou8_.id 
    where
        stores0_.id=?
Hibernate: 
    select
        stores0_.id as id1_12_0_,
        stores0_.created_date as created_2_12_0_,
        stores0_.modified_date as modified3_12_0_,
        stores0_.author_id as author_i9_12_0_,
        stores0_.clothes_info_id as clothes10_12_0_,
        stores0_.colors_name as colors_11_12_0_,
        stores0_.materials_name as materia12_12_0_,
        stores0_.style_name as style_n13_12_0_,
        stores0_.clothes_length as clothes_4_12_0_,
        stores0_.content as content5_12_0_,
        stores0_.price as price6_12_0_,
        stores0_.sales_info_clothes_id as sales_i14_12_0_,
        stores0_.sales_info_status_id as sales_i15_12_0_,
        stores0_.sales_info_user_id as sales_i16_12_0_,
        stores0_.status as status7_12_0_,
        stores0_.title as title8_12_0_,
        members1_.id as id1_6_1_,
        members1_.email as email2_6_1_,
        members1_.image as image3_6_1_,
        members1_.name as name4_6_1_,
        members1_.nickname as nickname5_6_1_,
        members1_.password as password6_6_1_,
        members1_.phone as phone7_6_1_,
        members1_.refresh_token as refresh_8_6_1_,
        members1_.role as role9_6_1_,
        clothesinf2_.id as id1_2_2_,
        clothesinf2_.categoryl as category2_2_2_,
        clothesinf2_.categorys as category3_2_2_,
        clothesinf2_.fit as fit4_2_2_,
        clothesinf2_.length as length5_2_2_,
        colors3_.id as id1_4_3_,
        colors3_.name as name2_4_3_,
        materials4_.id as id1_5_4_,
        materials4_.name as name2_5_4_,
        style5_.id as id1_14_5_,
        style5_.name as name2_14_5_,
        salesinfoc6_.id as id1_9_6_,
        salesinfoc6_.clothes_brand as clothes_2_9_6_,
        salesinfoc6_.clothes_color as clothes_3_9_6_,
        salesinfoc6_.clothes_gender as clothes_4_9_6_,
        salesinfoc6_.clothes_size as clothes_5_9_6_,
        salesinfos7_.id as id1_10_7_,
        salesinfos7_.status_score as status_s2_10_7_,
        salesinfos7_.status_tag as status_t3_10_7_,
        salesinfos7_.status_times as status_t4_10_7_,
        salesinfos7_.status_when2buy as status_w5_10_7_,
        salesinfos7_.transport as transpor6_10_7_,
        salesinfou8_.id as id1_11_8_,
        salesinfou8_.user_height as user_hei2_11_8_,
        salesinfou8_.user_size as user_siz3_11_8_,
        salesinfou8_.user_weight as user_wei4_11_8_ 
    from
        stores stores0_ 
    left outer join
        members members1_ 
            on stores0_.author_id=members1_.id 
    left outer join
        clothes_info clothesinf2_ 
            on stores0_.clothes_info_id=clothesinf2_.id 
    left outer join
        colors colors3_ 
            on stores0_.colors_name=colors3_.name 
    left outer join
        materials materials4_ 
            on stores0_.materials_name=materials4_.name 
    left outer join
        style style5_ 
            on stores0_.style_name=style5_.name 
    left outer join
        sales_info_clothes salesinfoc6_ 
            on stores0_.sales_info_clothes_id=salesinfoc6_.id 
    left outer join
        sales_info_status salesinfos7_ 
            on stores0_.sales_info_status_id=salesinfos7_.id 
    left outer join
        sales_info_user salesinfou8_ 
            on stores0_.sales_info_user_id=salesinfou8_.id 
    where
        stores0_.id=?
Hibernate: 
    select
        stores0_.id as id1_12_0_,
        stores0_.created_date as created_2_12_0_,
        stores0_.modified_date as modified3_12_0_,
        stores0_.author_id as author_i9_12_0_,
        stores0_.clothes_info_id as clothes10_12_0_,
        stores0_.colors_name as colors_11_12_0_,
        stores0_.materials_name as materia12_12_0_,
        stores0_.style_name as style_n13_12_0_,
        stores0_.clothes_length as clothes_4_12_0_,
        stores0_.content as content5_12_0_,
        stores0_.price as price6_12_0_,
        stores0_.sales_info_clothes_id as sales_i14_12_0_,
        stores0_.sales_info_status_id as sales_i15_12_0_,
        stores0_.sales_info_user_id as sales_i16_12_0_,
        stores0_.status as status7_12_0_,
        stores0_.title as title8_12_0_,
        members1_.id as id1_6_1_,
        members1_.email as email2_6_1_,
        members1_.image as image3_6_1_,
        members1_.name as name4_6_1_,
        members1_.nickname as nickname5_6_1_,
        members1_.password as password6_6_1_,
        members1_.phone as phone7_6_1_,
        members1_.refresh_token as refresh_8_6_1_,
        members1_.role as role9_6_1_,
        clothesinf2_.id as id1_2_2_,
        clothesinf2_.categoryl as category2_2_2_,
        clothesinf2_.categorys as category3_2_2_,
        clothesinf2_.fit as fit4_2_2_,
        clothesinf2_.length as length5_2_2_,
        colors3_.id as id1_4_3_,
        colors3_.name as name2_4_3_,
        materials4_.id as id1_5_4_,
        materials4_.name as name2_5_4_,
        style5_.id as id1_14_5_,
        style5_.name as name2_14_5_,
        salesinfoc6_.id as id1_9_6_,
        salesinfoc6_.clothes_brand as clothes_2_9_6_,
        salesinfoc6_.clothes_color as clothes_3_9_6_,
        salesinfoc6_.clothes_gender as clothes_4_9_6_,
        salesinfoc6_.clothes_size as clothes_5_9_6_,
        salesinfos7_.id as id1_10_7_,
        salesinfos7_.status_score as status_s2_10_7_,
        salesinfos7_.status_tag as status_t3_10_7_,
        salesinfos7_.status_times as status_t4_10_7_,
        salesinfos7_.status_when2buy as status_w5_10_7_,
        salesinfos7_.transport as transpor6_10_7_,
        salesinfou8_.id as id1_11_8_,
        salesinfou8_.user_height as user_hei2_11_8_,
        salesinfou8_.user_size as user_siz3_11_8_,
        salesinfou8_.user_weight as user_wei4_11_8_ 
    from
        stores stores0_ 
    left outer join
        members members1_ 
            on stores0_.author_id=members1_.id 
    left outer join
        clothes_info clothesinf2_ 
            on stores0_.clothes_info_id=clothesinf2_.id 
    left outer join
        colors colors3_ 
            on stores0_.colors_name=colors3_.name 
    left outer join
        materials materials4_ 
            on stores0_.materials_name=materials4_.name 
    left outer join
        style style5_ 
            on stores0_.style_name=style5_.name 
    left outer join
        sales_info_clothes salesinfoc6_ 
            on stores0_.sales_info_clothes_id=salesinfoc6_.id 
    left outer join
        sales_info_status salesinfos7_ 
            on stores0_.sales_info_status_id=salesinfos7_.id 
    left outer join
        sales_info_user salesinfou8_ 
            on stores0_.sales_info_user_id=salesinfou8_.id 
    where
        stores0_.id=?
Hibernate: 
    select
        stores0_.id as id1_12_0_,
        stores0_.created_date as created_2_12_0_,
        stores0_.modified_date as modified3_12_0_,
        stores0_.author_id as author_i9_12_0_,
        stores0_.clothes_info_id as clothes10_12_0_,
        stores0_.colors_name as colors_11_12_0_,
        stores0_.materials_name as materia12_12_0_,
        stores0_.style_name as style_n13_12_0_,
        stores0_.clothes_length as clothes_4_12_0_,
        stores0_.content as content5_12_0_,
        stores0_.price as price6_12_0_,
        stores0_.sales_info_clothes_id as sales_i14_12_0_,
        stores0_.sales_info_status_id as sales_i15_12_0_,
        stores0_.sales_info_user_id as sales_i16_12_0_,
        stores0_.status as status7_12_0_,
        stores0_.title as title8_12_0_,
        members1_.id as id1_6_1_,
        members1_.email as email2_6_1_,
        members1_.image as image3_6_1_,
        members1_.name as name4_6_1_,
        members1_.nickname as nickname5_6_1_,
        members1_.password as password6_6_1_,
        members1_.phone as phone7_6_1_,
        members1_.refresh_token as refresh_8_6_1_,
        members1_.role as role9_6_1_,
        clothesinf2_.id as id1_2_2_,
        clothesinf2_.categoryl as category2_2_2_,
        clothesinf2_.categorys as category3_2_2_,
        clothesinf2_.fit as fit4_2_2_,
        clothesinf2_.length as length5_2_2_,
        colors3_.id as id1_4_3_,
        colors3_.name as name2_4_3_,
        materials4_.id as id1_5_4_,
        materials4_.name as name2_5_4_,
        style5_.id as id1_14_5_,
        style5_.name as name2_14_5_,
        salesinfoc6_.id as id1_9_6_,
        salesinfoc6_.clothes_brand as clothes_2_9_6_,
        salesinfoc6_.clothes_color as clothes_3_9_6_,
        salesinfoc6_.clothes_gender as clothes_4_9_6_,
        salesinfoc6_.clothes_size as clothes_5_9_6_,
        salesinfos7_.id as id1_10_7_,
        salesinfos7_.status_score as status_s2_10_7_,
        salesinfos7_.status_tag as status_t3_10_7_,
        salesinfos7_.status_times as status_t4_10_7_,
        salesinfos7_.status_when2buy as status_w5_10_7_,
        salesinfos7_.transport as transpor6_10_7_,
        salesinfou8_.id as id1_11_8_,
        salesinfou8_.user_height as user_hei2_11_8_,
        salesinfou8_.user_size as user_siz3_11_8_,
        salesinfou8_.user_weight as user_wei4_11_8_ 
    from
        stores stores0_ 
    left outer join
        members members1_ 
            on stores0_.author_id=members1_.id 
    left outer join
        clothes_info clothesinf2_ 
            on stores0_.clothes_info_id=clothesinf2_.id 
    left outer join
        colors colors3_ 
            on stores0_.colors_name=colors3_.name 
    left outer join
        materials materials4_ 
            on stores0_.materials_name=materials4_.name 
    left outer join
        style style5_ 
            on stores0_.style_name=style5_.name 
    left outer join
        sales_info_clothes salesinfoc6_ 
            on stores0_.sales_info_clothes_id=salesinfoc6_.id 
    left outer join
        sales_info_status salesinfos7_ 
            on stores0_.sales_info_status_id=salesinfos7_.id 
    left outer join
        sales_info_user salesinfou8_ 
            on stores0_.sales_info_user_id=salesinfou8_.id 
    where
        stores0_.id=?
Hibernate: 
    select
        stores0_.id as id1_12_0_,
        stores0_.created_date as created_2_12_0_,
        stores0_.modified_date as modified3_12_0_,
        stores0_.author_id as author_i9_12_0_,
        stores0_.clothes_info_id as clothes10_12_0_,
        stores0_.colors_name as colors_11_12_0_,
        stores0_.materials_name as materia12_12_0_,
        stores0_.style_name as style_n13_12_0_,
        stores0_.clothes_length as clothes_4_12_0_,
        stores0_.content as content5_12_0_,
        stores0_.price as price6_12_0_,
        stores0_.sales_info_clothes_id as sales_i14_12_0_,
        stores0_.sales_info_status_id as sales_i15_12_0_,
        stores0_.sales_info_user_id as sales_i16_12_0_,
        stores0_.status as status7_12_0_,
        stores0_.title as title8_12_0_,
        members1_.id as id1_6_1_,
        members1_.email as email2_6_1_,
        members1_.image as image3_6_1_,
        members1_.name as name4_6_1_,
        members1_.nickname as nickname5_6_1_,
        members1_.password as password6_6_1_,
        members1_.phone as phone7_6_1_,
        members1_.refresh_token as refresh_8_6_1_,
        members1_.role as role9_6_1_,
        clothesinf2_.id as id1_2_2_,
        clothesinf2_.categoryl as category2_2_2_,
        clothesinf2_.categorys as category3_2_2_,
        clothesinf2_.fit as fit4_2_2_,
        clothesinf2_.length as length5_2_2_,
        colors3_.id as id1_4_3_,
        colors3_.name as name2_4_3_,
        materials4_.id as id1_5_4_,
        materials4_.name as name2_5_4_,
        style5_.id as id1_14_5_,
        style5_.name as name2_14_5_,
        salesinfoc6_.id as id1_9_6_,
        salesinfoc6_.clothes_brand as clothes_2_9_6_,
        salesinfoc6_.clothes_color as clothes_3_9_6_,
        salesinfoc6_.clothes_gender as clothes_4_9_6_,
        salesinfoc6_.clothes_size as clothes_5_9_6_,
        salesinfos7_.id as id1_10_7_,
        salesinfos7_.status_score as status_s2_10_7_,
        salesinfos7_.status_tag as status_t3_10_7_,
        salesinfos7_.status_times as status_t4_10_7_,
        salesinfos7_.status_when2buy as status_w5_10_7_,
        salesinfos7_.transport as transpor6_10_7_,
        salesinfou8_.id as id1_11_8_,
        salesinfou8_.user_height as user_hei2_11_8_,
        salesinfou8_.user_size as user_siz3_11_8_,
        salesinfou8_.user_weight as user_wei4_11_8_ 
    from
        stores stores0_ 
    left outer join
        members members1_ 
            on stores0_.author_id=members1_.id 
    left outer join
        clothes_info clothesinf2_ 
            on stores0_.clothes_info_id=clothesinf2_.id 
    left outer join
        colors colors3_ 
            on stores0_.colors_name=colors3_.name 
    left outer join
        materials materials4_ 
            on stores0_.materials_name=materials4_.name 
    left outer join
        style style5_ 
            on stores0_.style_name=style5_.name 
    left outer join
        sales_info_clothes salesinfoc6_ 
            on stores0_.sales_info_clothes_id=salesinfoc6_.id 
    left outer join
        sales_info_status salesinfos7_ 
            on stores0_.sales_info_status_id=salesinfos7_.id 
    left outer join
        sales_info_user salesinfou8_ 
            on stores0_.sales_info_user_id=salesinfou8_.id 
    where
        stores0_.id=?
Hibernate: 
    select
        stores0_.id as id1_12_0_,
        stores0_.created_date as created_2_12_0_,
        stores0_.modified_date as modified3_12_0_,
        stores0_.author_id as author_i9_12_0_,
        stores0_.clothes_info_id as clothes10_12_0_,
        stores0_.colors_name as colors_11_12_0_,
        stores0_.materials_name as materia12_12_0_,
        stores0_.style_name as style_n13_12_0_,
        stores0_.clothes_length as clothes_4_12_0_,
        stores0_.content as content5_12_0_,
        stores0_.price as price6_12_0_,
        stores0_.sales_info_clothes_id as sales_i14_12_0_,
        stores0_.sales_info_status_id as sales_i15_12_0_,
        stores0_.sales_info_user_id as sales_i16_12_0_,
        stores0_.status as status7_12_0_,
        stores0_.title as title8_12_0_,
        members1_.id as id1_6_1_,
        members1_.email as email2_6_1_,
        members1_.image as image3_6_1_,
        members1_.name as name4_6_1_,
        members1_.nickname as nickname5_6_1_,
        members1_.password as password6_6_1_,
        members1_.phone as phone7_6_1_,
        members1_.refresh_token as refresh_8_6_1_,
        members1_.role as role9_6_1_,
        clothesinf2_.id as id1_2_2_,
        clothesinf2_.categoryl as category2_2_2_,
        clothesinf2_.categorys as category3_2_2_,
        clothesinf2_.fit as fit4_2_2_,
        clothesinf2_.length as length5_2_2_,
        colors3_.id as id1_4_3_,
        colors3_.name as name2_4_3_,
        materials4_.id as id1_5_4_,
        materials4_.name as name2_5_4_,
        style5_.id as id1_14_5_,
        style5_.name as name2_14_5_,
        salesinfoc6_.id as id1_9_6_,
        salesinfoc6_.clothes_brand as clothes_2_9_6_,
        salesinfoc6_.clothes_color as clothes_3_9_6_,
        salesinfoc6_.clothes_gender as clothes_4_9_6_,
        salesinfoc6_.clothes_size as clothes_5_9_6_,
        salesinfos7_.id as id1_10_7_,
        salesinfos7_.status_score as status_s2_10_7_,
        salesinfos7_.status_tag as status_t3_10_7_,
        salesinfos7_.status_times as status_t4_10_7_,
        salesinfos7_.status_when2buy as status_w5_10_7_,
        salesinfos7_.transport as transpor6_10_7_,
        salesinfou8_.id as id1_11_8_,
        salesinfou8_.user_height as user_hei2_11_8_,
        salesinfou8_.user_size as user_siz3_11_8_,
        salesinfou8_.user_weight as user_wei4_11_8_ 
    from
        stores stores0_ 
    left outer join
        members members1_ 
            on stores0_.author_id=members1_.id 
    left outer join
        clothes_info clothesinf2_ 
            on stores0_.clothes_info_id=clothesinf2_.id 
    left outer join
        colors colors3_ 
            on stores0_.colors_name=colors3_.name 
    left outer join
        materials materials4_ 
            on stores0_.materials_name=materials4_.name 
    left outer join
        style style5_ 
            on stores0_.style_name=style5_.name 
    left outer join
        sales_info_clothes salesinfoc6_ 
            on stores0_.sales_info_clothes_id=salesinfoc6_.id 
    left outer join
        sales_info_status salesinfos7_ 
            on stores0_.sales_info_status_id=salesinfos7_.id 
    left outer join
        sales_info_user salesinfou8_ 
            on stores0_.sales_info_user_id=salesinfou8_.id 
    where
        stores0_.id=?
Hibernate: 
    select
        stores0_.id as id1_12_0_,
        stores0_.created_date as created_2_12_0_,
        stores0_.modified_date as modified3_12_0_,
        stores0_.author_id as author_i9_12_0_,
        stores0_.clothes_info_id as clothes10_12_0_,
        stores0_.colors_name as colors_11_12_0_,
        stores0_.materials_name as materia12_12_0_,
        stores0_.style_name as style_n13_12_0_,
        stores0_.clothes_length as clothes_4_12_0_,
        stores0_.content as content5_12_0_,
        stores0_.price as price6_12_0_,
        stores0_.sales_info_clothes_id as sales_i14_12_0_,
        stores0_.sales_info_status_id as sales_i15_12_0_,
        stores0_.sales_info_user_id as sales_i16_12_0_,
        stores0_.status as status7_12_0_,
        stores0_.title as title8_12_0_,
        members1_.id as id1_6_1_,
        members1_.email as email2_6_1_,
        members1_.image as image3_6_1_,
        members1_.name as name4_6_1_,
        members1_.nickname as nickname5_6_1_,
        members1_.password as password6_6_1_,
        members1_.phone as phone7_6_1_,
        members1_.refresh_token as refresh_8_6_1_,
        members1_.role as role9_6_1_,
        clothesinf2_.id as id1_2_2_,
        clothesinf2_.categoryl as category2_2_2_,
        clothesinf2_.categorys as category3_2_2_,
        clothesinf2_.fit as fit4_2_2_,
        clothesinf2_.length as length5_2_2_,
        colors3_.id as id1_4_3_,
        colors3_.name as name2_4_3_,
        materials4_.id as id1_5_4_,
        materials4_.name as name2_5_4_,
        style5_.id as id1_14_5_,
        style5_.name as name2_14_5_,
        salesinfoc6_.id as id1_9_6_,
        salesinfoc6_.clothes_brand as clothes_2_9_6_,
        salesinfoc6_.clothes_color as clothes_3_9_6_,
        salesinfoc6_.clothes_gender as clothes_4_9_6_,
        salesinfoc6_.clothes_size as clothes_5_9_6_,
        salesinfos7_.id as id1_10_7_,
        salesinfos7_.status_score as status_s2_10_7_,
        salesinfos7_.status_tag as status_t3_10_7_,
        salesinfos7_.status_times as status_t4_10_7_,
        salesinfos7_.status_when2buy as status_w5_10_7_,
        salesinfos7_.transport as transpor6_10_7_,
        salesinfou8_.id as id1_11_8_,
        salesinfou8_.user_height as user_hei2_11_8_,
        salesinfou8_.user_size as user_siz3_11_8_,
        salesinfou8_.user_weight as user_wei4_11_8_ 
    from
        stores stores0_ 
    left outer join
        members members1_ 
            on stores0_.author_id=members1_.id 
    left outer join
        clothes_info clothesinf2_ 
            on stores0_.clothes_info_id=clothesinf2_.id 
    left outer join
        colors colors3_ 
            on stores0_.colors_name=colors3_.name 
    left outer join
        materials materials4_ 
            on stores0_.materials_name=materials4_.name 
    left outer join
        style style5_ 
            on stores0_.style_name=style5_.name 
    left outer join
        sales_info_clothes salesinfoc6_ 
            on stores0_.sales_info_clothes_id=salesinfoc6_.id 
    left outer join
        sales_info_status salesinfos7_ 
            on stores0_.sales_info_status_id=salesinfos7_.id 
    left outer join
        sales_info_user salesinfou8_ 
            on stores0_.sales_info_user_id=salesinfou8_.id 
    where
        stores0_.id=?
Hibernate: 
    select
        stores0_.id as id1_12_0_,
        stores0_.created_date as created_2_12_0_,
        stores0_.modified_date as modified3_12_0_,
        stores0_.author_id as author_i9_12_0_,
        stores0_.clothes_info_id as clothes10_12_0_,
        stores0_.colors_name as colors_11_12_0_,
        stores0_.materials_name as materia12_12_0_,
        stores0_.style_name as style_n13_12_0_,
        stores0_.clothes_length as clothes_4_12_0_,
        stores0_.content as content5_12_0_,
        stores0_.price as price6_12_0_,
        stores0_.sales_info_clothes_id as sales_i14_12_0_,
        stores0_.sales_info_status_id as sales_i15_12_0_,
        stores0_.sales_info_user_id as sales_i16_12_0_,
        stores0_.status as status7_12_0_,
        stores0_.title as title8_12_0_,
        members1_.id as id1_6_1_,
        members1_.email as email2_6_1_,
        members1_.image as image3_6_1_,
        members1_.name as name4_6_1_,
        members1_.nickname as nickname5_6_1_,
        members1_.password as password6_6_1_,
        members1_.phone as phone7_6_1_,
        members1_.refresh_token as refresh_8_6_1_,
        members1_.role as role9_6_1_,
        clothesinf2_.id as id1_2_2_,
        clothesinf2_.categoryl as category2_2_2_,
        clothesinf2_.categorys as category3_2_2_,
        clothesinf2_.fit as fit4_2_2_,
        clothesinf2_.length as length5_2_2_,
        colors3_.id as id1_4_3_,
        colors3_.name as name2_4_3_,
        materials4_.id as id1_5_4_,
        materials4_.name as name2_5_4_,
        style5_.id as id1_14_5_,
        style5_.name as name2_14_5_,
        salesinfoc6_.id as id1_9_6_,
        salesinfoc6_.clothes_brand as clothes_2_9_6_,
        salesinfoc6_.clothes_color as clothes_3_9_6_,
        salesinfoc6_.clothes_gender as clothes_4_9_6_,
        salesinfoc6_.clothes_size as clothes_5_9_6_,
        salesinfos7_.id as id1_10_7_,
        salesinfos7_.status_score as status_s2_10_7_,
        salesinfos7_.status_tag as status_t3_10_7_,
        salesinfos7_.status_times as status_t4_10_7_,
        salesinfos7_.status_when2buy as status_w5_10_7_,
        salesinfos7_.transport as transpor6_10_7_,
        salesinfou8_.id as id1_11_8_,
        salesinfou8_.user_height as user_hei2_11_8_,
        salesinfou8_.user_size as user_siz3_11_8_,
        salesinfou8_.user_weight as user_wei4_11_8_ 
    from
        stores stores0_ 
    left outer join
        members members1_ 
            on stores0_.author_id=members1_.id 
    left outer join
        clothes_info clothesinf2_ 
            on stores0_.clothes_info_id=clothesinf2_.id 
    left outer join
        colors colors3_ 
            on stores0_.colors_name=colors3_.name 
    left outer join
        materials materials4_ 
            on stores0_.materials_name=materials4_.name 
    left outer join
        style style5_ 
            on stores0_.style_name=style5_.name 
    left outer join
        sales_info_clothes salesinfoc6_ 
            on stores0_.sales_info_clothes_id=salesinfoc6_.id 
    left outer join
        sales_info_status salesinfos7_ 
            on stores0_.sales_info_status_id=salesinfos7_.id 
    left outer join
        sales_info_user salesinfou8_ 
            on stores0_.sales_info_user_id=salesinfou8_.id 
    where
        stores0_.id=?
Hibernate: 
    select
        stores0_.id as id1_12_0_,
        stores0_.created_date as created_2_12_0_,
        stores0_.modified_date as modified3_12_0_,
        stores0_.author_id as author_i9_12_0_,
        stores0_.clothes_info_id as clothes10_12_0_,
        stores0_.colors_name as colors_11_12_0_,
        stores0_.materials_name as materia12_12_0_,
        stores0_.style_name as style_n13_12_0_,
        stores0_.clothes_length as clothes_4_12_0_,
        stores0_.content as content5_12_0_,
        stores0_.price as price6_12_0_,
        stores0_.sales_info_clothes_id as sales_i14_12_0_,
        stores0_.sales_info_status_id as sales_i15_12_0_,
        stores0_.sales_info_user_id as sales_i16_12_0_,
        stores0_.status as status7_12_0_,
        stores0_.title as title8_12_0_,
        members1_.id as id1_6_1_,
        members1_.email as email2_6_1_,
        members1_.image as image3_6_1_,
        members1_.name as name4_6_1_,
        members1_.nickname as nickname5_6_1_,
        members1_.password as password6_6_1_,
        members1_.phone as phone7_6_1_,
        members1_.refresh_token as refresh_8_6_1_,
        members1_.role as role9_6_1_,
        clothesinf2_.id as id1_2_2_,
        clothesinf2_.categoryl as category2_2_2_,
        clothesinf2_.categorys as category3_2_2_,
        clothesinf2_.fit as fit4_2_2_,
        clothesinf2_.length as length5_2_2_,
        colors3_.id as id1_4_3_,
        colors3_.name as name2_4_3_,
        materials4_.id as id1_5_4_,
        materials4_.name as name2_5_4_,
        style5_.id as id1_14_5_,
        style5_.name as name2_14_5_,
        salesinfoc6_.id as id1_9_6_,
        salesinfoc6_.clothes_brand as clothes_2_9_6_,
        salesinfoc6_.clothes_color as clothes_3_9_6_,
        salesinfoc6_.clothes_gender as clothes_4_9_6_,
        salesinfoc6_.clothes_size as clothes_5_9_6_,
        salesinfos7_.id as id1_10_7_,
        salesinfos7_.status_score as status_s2_10_7_,
        salesinfos7_.status_tag as status_t3_10_7_,
        salesinfos7_.status_times as status_t4_10_7_,
        salesinfos7_.status_when2buy as status_w5_10_7_,
        salesinfos7_.transport as transpor6_10_7_,
        salesinfou8_.id as id1_11_8_,
        salesinfou8_.user_height as user_hei2_11_8_,
        salesinfou8_.user_size as user_siz3_11_8_,
        salesinfou8_.user_weight as user_wei4_11_8_ 
    from
        stores stores0_ 
    left outer join
        members members1_ 
            on stores0_.author_id=members1_.id 
    left outer join
        clothes_info clothesinf2_ 
            on stores0_.clothes_info_id=clothesinf2_.id 
    left outer join
        colors colors3_ 
            on stores0_.colors_name=colors3_.name 
    left outer join
        materials materials4_ 
            on stores0_.materials_name=materials4_.name 
    left outer join
        style style5_ 
            on stores0_.style_name=style5_.name 
    left outer join
        sales_info_clothes salesinfoc6_ 
            on stores0_.sales_info_clothes_id=salesinfoc6_.id 
    left outer join
        sales_info_status salesinfos7_ 
            on stores0_.sales_info_status_id=salesinfos7_.id 
    left outer join
        sales_info_user salesinfou8_ 
            on stores0_.sales_info_user_id=salesinfou8_.id 
    where
        stores0_.id=?
Hibernate: 
    select
        stores0_.id as id1_12_0_,
        stores0_.created_date as created_2_12_0_,
        stores0_.modified_date as modified3_12_0_,
        stores0_.author_id as author_i9_12_0_,
        stores0_.clothes_info_id as clothes10_12_0_,
        stores0_.colors_name as colors_11_12_0_,
        stores0_.materials_name as materia12_12_0_,
        stores0_.style_name as style_n13_12_0_,
        stores0_.clothes_length as clothes_4_12_0_,
        stores0_.content as content5_12_0_,
        stores0_.price as price6_12_0_,
        stores0_.sales_info_clothes_id as sales_i14_12_0_,
        stores0_.sales_info_status_id as sales_i15_12_0_,
        stores0_.sales_info_user_id as sales_i16_12_0_,
        stores0_.status as status7_12_0_,
        stores0_.title as title8_12_0_,
        members1_.id as id1_6_1_,
        members1_.email as email2_6_1_,
        members1_.image as image3_6_1_,
        members1_.name as name4_6_1_,
        members1_.nickname as nickname5_6_1_,
        members1_.password as password6_6_1_,
        members1_.phone as phone7_6_1_,
        members1_.refresh_token as refresh_8_6_1_,
        members1_.role as role9_6_1_,
        clothesinf2_.id as id1_2_2_,
        clothesinf2_.categoryl as category2_2_2_,
        clothesinf2_.categorys as category3_2_2_,
        clothesinf2_.fit as fit4_2_2_,
        clothesinf2_.length as length5_2_2_,
        colors3_.id as id1_4_3_,
        colors3_.name as name2_4_3_,
        materials4_.id as id1_5_4_,
        materials4_.name as name2_5_4_,
        style5_.id as id1_14_5_,
        style5_.name as name2_14_5_,
        salesinfoc6_.id as id1_9_6_,
        salesinfoc6_.clothes_brand as clothes_2_9_6_,
        salesinfoc6_.clothes_color as clothes_3_9_6_,
        salesinfoc6_.clothes_gender as clothes_4_9_6_,
        salesinfoc6_.clothes_size as clothes_5_9_6_,
        salesinfos7_.id as id1_10_7_,
        salesinfos7_.status_score as status_s2_10_7_,
        salesinfos7_.status_tag as status_t3_10_7_,
        salesinfos7_.status_times as status_t4_10_7_,
        salesinfos7_.status_when2buy as status_w5_10_7_,
        salesinfos7_.transport as transpor6_10_7_,
        salesinfou8_.id as id1_11_8_,
        salesinfou8_.user_height as user_hei2_11_8_,
        salesinfou8_.user_size as user_siz3_11_8_,
        salesinfou8_.user_weight as user_wei4_11_8_ 
    from
        stores stores0_ 
    left outer join
        members members1_ 
            on stores0_.author_id=members1_.id 
    left outer join
        clothes_info clothesinf2_ 
            on stores0_.clothes_info_id=clothesinf2_.id 
    left outer join
        colors colors3_ 
            on stores0_.colors_name=colors3_.name 
    left outer join
        materials materials4_ 
            on stores0_.materials_name=materials4_.name 
    left outer join
        style style5_ 
            on stores0_.style_name=style5_.name 
    left outer join
        sales_info_clothes salesinfoc6_ 
            on stores0_.sales_info_clothes_id=salesinfoc6_.id 
    left outer join
        sales_info_status salesinfos7_ 
            on stores0_.sales_info_status_id=salesinfos7_.id 
    left outer join
        sales_info_user salesinfou8_ 
            on stores0_.sales_info_user_id=salesinfou8_.id 
    where
        stores0_.id=?
Hibernate: 
    select
        stores0_.id as id1_12_0_,
        stores0_.created_date as created_2_12_0_,
        stores0_.modified_date as modified3_12_0_,
        stores0_.author_id as author_i9_12_0_,
        stores0_.clothes_info_id as clothes10_12_0_,
        stores0_.colors_name as colors_11_12_0_,
        stores0_.materials_name as materia12_12_0_,
        stores0_.style_name as style_n13_12_0_,
        stores0_.clothes_length as clothes_4_12_0_,
        stores0_.content as content5_12_0_,
        stores0_.price as price6_12_0_,
        stores0_.sales_info_clothes_id as sales_i14_12_0_,
        stores0_.sales_info_status_id as sales_i15_12_0_,
        stores0_.sales_info_user_id as sales_i16_12_0_,
        stores0_.status as status7_12_0_,
        stores0_.title as title8_12_0_,
        members1_.id as id1_6_1_,
        members1_.email as email2_6_1_,
        members1_.image as image3_6_1_,
        members1_.name as name4_6_1_,
        members1_.nickname as nickname5_6_1_,
        members1_.password as password6_6_1_,
        members1_.phone as phone7_6_1_,
        members1_.refresh_token as refresh_8_6_1_,
        members1_.role as role9_6_1_,
        clothesinf2_.id as id1_2_2_,
        clothesinf2_.categoryl as category2_2_2_,
        clothesinf2_.categorys as category3_2_2_,
        clothesinf2_.fit as fit4_2_2_,
        clothesinf2_.length as length5_2_2_,
        colors3_.id as id1_4_3_,
        colors3_.name as name2_4_3_,
        materials4_.id as id1_5_4_,
        materials4_.name as name2_5_4_,
        style5_.id as id1_14_5_,
        style5_.name as name2_14_5_,
        salesinfoc6_.id as id1_9_6_,
        salesinfoc6_.clothes_brand as clothes_2_9_6_,
        salesinfoc6_.clothes_color as clothes_3_9_6_,
        salesinfoc6_.clothes_gender as clothes_4_9_6_,
        salesinfoc6_.clothes_size as clothes_5_9_6_,
        salesinfos7_.id as id1_10_7_,
        salesinfos7_.status_score as status_s2_10_7_,
        salesinfos7_.status_tag as status_t3_10_7_,
        salesinfos7_.status_times as status_t4_10_7_,
        salesinfos7_.status_when2buy as status_w5_10_7_,
        salesinfos7_.transport as transpor6_10_7_,
        salesinfou8_.id as id1_11_8_,
        salesinfou8_.user_height as user_hei2_11_8_,
        salesinfou8_.user_size as user_siz3_11_8_,
        salesinfou8_.user_weight as user_wei4_11_8_ 
    from
        stores stores0_ 
    left outer join
        members members1_ 
            on stores0_.author_id=members1_.id 
    left outer join
        clothes_info clothesinf2_ 
            on stores0_.clothes_info_id=clothesinf2_.id 
    left outer join
        colors colors3_ 
            on stores0_.colors_name=colors3_.name 
    left outer join
        materials materials4_ 
            on stores0_.materials_name=materials4_.name 
    left outer join
        style style5_ 
            on stores0_.style_name=style5_.name 
    left outer join
        sales_info_clothes salesinfoc6_ 
            on stores0_.sales_info_clothes_id=salesinfoc6_.id 
    left outer join
        sales_info_status salesinfos7_ 
            on stores0_.sales_info_status_id=salesinfos7_.id 
    left outer join
        sales_info_user salesinfou8_ 
            on stores0_.sales_info_user_id=salesinfou8_.id 
    where
        stores0_.id=?
Hibernate: 
    select
        stores0_.id as id1_12_0_,
        stores0_.created_date as created_2_12_0_,
        stores0_.modified_date as modified3_12_0_,
        stores0_.author_id as author_i9_12_0_,
        stores0_.clothes_info_id as clothes10_12_0_,
        stores0_.colors_name as colors_11_12_0_,
        stores0_.materials_name as materia12_12_0_,
        stores0_.style_name as style_n13_12_0_,
        stores0_.clothes_length as clothes_4_12_0_,
        stores0_.content as content5_12_0_,
        stores0_.price as price6_12_0_,
        stores0_.sales_info_clothes_id as sales_i14_12_0_,
        stores0_.sales_info_status_id as sales_i15_12_0_,
        stores0_.sales_info_user_id as sales_i16_12_0_,
        stores0_.status as status7_12_0_,
        stores0_.title as title8_12_0_,
        members1_.id as id1_6_1_,
        members1_.email as email2_6_1_,
        members1_.image as image3_6_1_,
        members1_.name as name4_6_1_,
        members1_.nickname as nickname5_6_1_,
        members1_.password as password6_6_1_,
        members1_.phone as phone7_6_1_,
        members1_.refresh_token as refresh_8_6_1_,
        members1_.role as role9_6_1_,
        clothesinf2_.id as id1_2_2_,
        clothesinf2_.categoryl as category2_2_2_,
        clothesinf2_.categorys as category3_2_2_,
        clothesinf2_.fit as fit4_2_2_,
        clothesinf2_.length as length5_2_2_,
        colors3_.id as id1_4_3_,
        colors3_.name as name2_4_3_,
        materials4_.id as id1_5_4_,
        materials4_.name as name2_5_4_,
        style5_.id as id1_14_5_,
        style5_.name as name2_14_5_,
        salesinfoc6_.id as id1_9_6_,
        salesinfoc6_.clothes_brand as clothes_2_9_6_,
        salesinfoc6_.clothes_color as clothes_3_9_6_,
        salesinfoc6_.clothes_gender as clothes_4_9_6_,
        salesinfoc6_.clothes_size as clothes_5_9_6_,
        salesinfos7_.id as id1_10_7_,
        salesinfos7_.status_score as status_s2_10_7_,
        salesinfos7_.status_tag as status_t3_10_7_,
        salesinfos7_.status_times as status_t4_10_7_,
        salesinfos7_.status_when2buy as status_w5_10_7_,
        salesinfos7_.transport as transpor6_10_7_,
        salesinfou8_.id as id1_11_8_,
        salesinfou8_.user_height as user_hei2_11_8_,
        salesinfou8_.user_size as user_siz3_11_8_,
        salesinfou8_.user_weight as user_wei4_11_8_ 
    from
        stores stores0_ 
    left outer join
        members members1_ 
            on stores0_.author_id=members1_.id 
    left outer join
        clothes_info clothesinf2_ 
            on stores0_.clothes_info_id=clothesinf2_.id 
    left outer join
        colors colors3_ 
            on stores0_.colors_name=colors3_.name 
    left outer join
        materials materials4_ 
            on stores0_.materials_name=materials4_.name 
    left outer join
        style style5_ 
            on stores0_.style_name=style5_.name 
    left outer join
        sales_info_clothes salesinfoc6_ 
            on stores0_.sales_info_clothes_id=salesinfoc6_.id 
    left outer join
        sales_info_status salesinfos7_ 
            on stores0_.sales_info_status_id=salesinfos7_.id 
    left outer join
        sales_info_user salesinfou8_ 
            on stores0_.sales_info_user_id=salesinfou8_.id 
    where
        stores0_.id=?
Hibernate: 
    select
        stores0_.id as id1_12_0_,
        stores0_.created_date as created_2_12_0_,
        stores0_.modified_date as modified3_12_0_,
        stores0_.author_id as author_i9_12_0_,
        stores0_.clothes_info_id as clothes10_12_0_,
        stores0_.colors_name as colors_11_12_0_,
        stores0_.materials_name as materia12_12_0_,
        stores0_.style_name as style_n13_12_0_,
        stores0_.clothes_length as clothes_4_12_0_,
        stores0_.content as content5_12_0_,
        stores0_.price as price6_12_0_,
        stores0_.sales_info_clothes_id as sales_i14_12_0_,
        stores0_.sales_info_status_id as sales_i15_12_0_,
        stores0_.sales_info_user_id as sales_i16_12_0_,
        stores0_.status as status7_12_0_,
        stores0_.title as title8_12_0_,
        members1_.id as id1_6_1_,
        members1_.email as email2_6_1_,
        members1_.image as image3_6_1_,
        members1_.name as name4_6_1_,
        members1_.nickname as nickname5_6_1_,
        members1_.password as password6_6_1_,
        members1_.phone as phone7_6_1_,
        members1_.refresh_token as refresh_8_6_1_,
        members1_.role as role9_6_1_,
        clothesinf2_.id as id1_2_2_,
        clothesinf2_.categoryl as category2_2_2_,
        clothesinf2_.categorys as category3_2_2_,
        clothesinf2_.fit as fit4_2_2_,
        clothesinf2_.length as length5_2_2_,
        colors3_.id as id1_4_3_,
        colors3_.name as name2_4_3_,
        materials4_.id as id1_5_4_,
        materials4_.name as name2_5_4_,
        style5_.id as id1_14_5_,
        style5_.name as name2_14_5_,
        salesinfoc6_.id as id1_9_6_,
        salesinfoc6_.clothes_brand as clothes_2_9_6_,
        salesinfoc6_.clothes_color as clothes_3_9_6_,
        salesinfoc6_.clothes_gender as clothes_4_9_6_,
        salesinfoc6_.clothes_size as clothes_5_9_6_,
        salesinfos7_.id as id1_10_7_,
        salesinfos7_.status_score as status_s2_10_7_,
        salesinfos7_.status_tag as status_t3_10_7_,
        salesinfos7_.status_times as status_t4_10_7_,
        salesinfos7_.status_when2buy as status_w5_10_7_,
        salesinfos7_.transport as transpor6_10_7_,
        salesinfou8_.id as id1_11_8_,
        salesinfou8_.user_height as user_hei2_11_8_,
        salesinfou8_.user_size as user_siz3_11_8_,
        salesinfou8_.user_weight as user_wei4_11_8_ 
    from
        stores stores0_ 
    left outer join
        members members1_ 
            on stores0_.author_id=members1_.id 
    left outer join
        clothes_info clothesinf2_ 
            on stores0_.clothes_info_id=clothesinf2_.id 
    left outer join
        colors colors3_ 
            on stores0_.colors_name=colors3_.name 
    left outer join
        materials materials4_ 
            on stores0_.materials_name=materials4_.name 
    left outer join
        style style5_ 
            on stores0_.style_name=style5_.name 
    left outer join
        sales_info_clothes salesinfoc6_ 
            on stores0_.sales_info_clothes_id=salesinfoc6_.id 
    left outer join
        sales_info_status salesinfos7_ 
            on stores0_.sales_info_status_id=salesinfos7_.id 
    left outer join
        sales_info_user salesinfou8_ 
            on stores0_.sales_info_user_id=salesinfou8_.id 
    where
        stores0_.id=?
Hibernate: 
    select
        stores0_.id as id1_12_0_,
        stores0_.created_date as created_2_12_0_,
        stores0_.modified_date as modified3_12_0_,
        stores0_.author_id as author_i9_12_0_,
        stores0_.clothes_info_id as clothes10_12_0_,
        stores0_.colors_name as colors_11_12_0_,
        stores0_.materials_name as materia12_12_0_,
        stores0_.style_name as style_n13_12_0_,
        stores0_.clothes_length as clothes_4_12_0_,
        stores0_.content as content5_12_0_,
        stores0_.price as price6_12_0_,
        stores0_.sales_info_clothes_id as sales_i14_12_0_,
        stores0_.sales_info_status_id as sales_i15_12_0_,
        stores0_.sales_info_user_id as sales_i16_12_0_,
        stores0_.status as status7_12_0_,
        stores0_.title as title8_12_0_,
        members1_.id as id1_6_1_,
        members1_.email as email2_6_1_,
        members1_.image as image3_6_1_,
        members1_.name as name4_6_1_,
        members1_.nickname as nickname5_6_1_,
        members1_.password as password6_6_1_,
        members1_.phone as phone7_6_1_,
        members1_.refresh_token as refresh_8_6_1_,
        members1_.role as role9_6_1_,
        clothesinf2_.id as id1_2_2_,
        clothesinf2_.categoryl as category2_2_2_,
        clothesinf2_.categorys as category3_2_2_,
        clothesinf2_.fit as fit4_2_2_,
        clothesinf2_.length as length5_2_2_,
        colors3_.id as id1_4_3_,
        colors3_.name as name2_4_3_,
        materials4_.id as id1_5_4_,
        materials4_.name as name2_5_4_,
        style5_.id as id1_14_5_,
        style5_.name as name2_14_5_,
        salesinfoc6_.id as id1_9_6_,
        salesinfoc6_.clothes_brand as clothes_2_9_6_,
        salesinfoc6_.clothes_color as clothes_3_9_6_,
        salesinfoc6_.clothes_gender as clothes_4_9_6_,
        salesinfoc6_.clothes_size as clothes_5_9_6_,
        salesinfos7_.id as id1_10_7_,
        salesinfos7_.status_score as status_s2_10_7_,
        salesinfos7_.status_tag as status_t3_10_7_,
        salesinfos7_.status_times as status_t4_10_7_,
        salesinfos7_.status_when2buy as status_w5_10_7_,
        salesinfos7_.transport as transpor6_10_7_,
        salesinfou8_.id as id1_11_8_,
        salesinfou8_.user_height as user_hei2_11_8_,
        salesinfou8_.user_size as user_siz3_11_8_,
        salesinfou8_.user_weight as user_wei4_11_8_ 
    from
        stores stores0_ 
    left outer join
        members members1_ 
            on stores0_.author_id=members1_.id 
    left outer join
        clothes_info clothesinf2_ 
            on stores0_.clothes_info_id=clothesinf2_.id 
    left outer join
        colors colors3_ 
            on stores0_.colors_name=colors3_.name 
    left outer join
        materials materials4_ 
            on stores0_.materials_name=materials4_.name 
    left outer join
        style style5_ 
            on stores0_.style_name=style5_.name 
    left outer join
        sales_info_clothes salesinfoc6_ 
            on stores0_.sales_info_clothes_id=salesinfoc6_.id 
    left outer join
        sales_info_status salesinfos7_ 
            on stores0_.sales_info_status_id=salesinfos7_.id 
    left outer join
        sales_info_user salesinfou8_ 
            on stores0_.sales_info_user_id=salesinfou8_.id 
    where
        stores0_.id=?
Hibernate: 
    select
        stores0_.id as id1_12_0_,
        stores0_.created_date as created_2_12_0_,
        stores0_.modified_date as modified3_12_0_,
        stores0_.author_id as author_i9_12_0_,
        stores0_.clothes_info_id as clothes10_12_0_,
        stores0_.colors_name as colors_11_12_0_,
        stores0_.materials_name as materia12_12_0_,
        stores0_.style_name as style_n13_12_0_,
        stores0_.clothes_length as clothes_4_12_0_,
        stores0_.content as content5_12_0_,
        stores0_.price as price6_12_0_,
        stores0_.sales_info_clothes_id as sales_i14_12_0_,
        stores0_.sales_info_status_id as sales_i15_12_0_,
        stores0_.sales_info_user_id as sales_i16_12_0_,
        stores0_.status as status7_12_0_,
        stores0_.title as title8_12_0_,
        members1_.id as id1_6_1_,
        members1_.email as email2_6_1_,
        members1_.image as image3_6_1_,
        members1_.name as name4_6_1_,
        members1_.nickname as nickname5_6_1_,
        members1_.password as password6_6_1_,
        members1_.phone as phone7_6_1_,
        members1_.refresh_token as refresh_8_6_1_,
        members1_.role as role9_6_1_,
        clothesinf2_.id as id1_2_2_,
        clothesinf2_.categoryl as category2_2_2_,
        clothesinf2_.categorys as category3_2_2_,
        clothesinf2_.fit as fit4_2_2_,
        clothesinf2_.length as length5_2_2_,
        colors3_.id as id1_4_3_,
        colors3_.name as name2_4_3_,
        materials4_.id as id1_5_4_,
        materials4_.name as name2_5_4_,
        style5_.id as id1_14_5_,
        style5_.name as name2_14_5_,
        salesinfoc6_.id as id1_9_6_,
        salesinfoc6_.clothes_brand as clothes_2_9_6_,
        salesinfoc6_.clothes_color as clothes_3_9_6_,
        salesinfoc6_.clothes_gender as clothes_4_9_6_,
        salesinfoc6_.clothes_size as clothes_5_9_6_,
        salesinfos7_.id as id1_10_7_,
        salesinfos7_.status_score as status_s2_10_7_,
        salesinfos7_.status_tag as status_t3_10_7_,
        salesinfos7_.status_times as status_t4_10_7_,
        salesinfos7_.status_when2buy as status_w5_10_7_,
        salesinfos7_.transport as transpor6_10_7_,
        salesinfou8_.id as id1_11_8_,
        salesinfou8_.user_height as user_hei2_11_8_,
        salesinfou8_.user_size as user_siz3_11_8_,
        salesinfou8_.user_weight as user_wei4_11_8_ 
    from
        stores stores0_ 
    left outer join
        members members1_ 
            on stores0_.author_id=members1_.id 
    left outer join
        clothes_info clothesinf2_ 
            on stores0_.clothes_info_id=clothesinf2_.id 
    left outer join
        colors colors3_ 
            on stores0_.colors_name=colors3_.name 
    left outer join
        materials materials4_ 
            on stores0_.materials_name=materials4_.name 
    left outer join
        style style5_ 
            on stores0_.style_name=style5_.name 
    left outer join
        sales_info_clothes salesinfoc6_ 
            on stores0_.sales_info_clothes_id=salesinfoc6_.id 
    left outer join
        sales_info_status salesinfos7_ 
            on stores0_.sales_info_status_id=salesinfos7_.id 
    left outer join
        sales_info_user salesinfou8_ 
            on stores0_.sales_info_user_id=salesinfou8_.id 
    where
        stores0_.id=?
Hibernate: 
    select
        stores0_.id as id1_12_0_,
        stores0_.created_date as created_2_12_0_,
        stores0_.modified_date as modified3_12_0_,
        stores0_.author_id as author_i9_12_0_,
        stores0_.clothes_info_id as clothes10_12_0_,
        stores0_.colors_name as colors_11_12_0_,
        stores0_.materials_name as materia12_12_0_,
        stores0_.style_name as style_n13_12_0_,
        stores0_.clothes_length as clothes_4_12_0_,
        stores0_.content as content5_12_0_,
        stores0_.price as price6_12_0_,
        stores0_.sales_info_clothes_id as sales_i14_12_0_,
        stores0_.sales_info_status_id as sales_i15_12_0_,
        stores0_.sales_info_user_id as sales_i16_12_0_,
        stores0_.status as status7_12_0_,
        stores0_.title as title8_12_0_,
        members1_.id as id1_6_1_,
        members1_.email as email2_6_1_,
        members1_.image as image3_6_1_,
        members1_.name as name4_6_1_,
        members1_.nickname as nickname5_6_1_,
        members1_.password as password6_6_1_,
        members1_.phone as phone7_6_1_,
        members1_.refresh_token as refresh_8_6_1_,
        members1_.role as role9_6_1_,
        clothesinf2_.id as id1_2_2_,
        clothesinf2_.categoryl as category2_2_2_,
        clothesinf2_.categorys as category3_2_2_,
        clothesinf2_.fit as fit4_2_2_,
        clothesinf2_.length as length5_2_2_,
        colors3_.id as id1_4_3_,
        colors3_.name as name2_4_3_,
        materials4_.id as id1_5_4_,
        materials4_.name as name2_5_4_,
        style5_.id as id1_14_5_,
        style5_.name as name2_14_5_,
        salesinfoc6_.id as id1_9_6_,
        salesinfoc6_.clothes_brand as clothes_2_9_6_,
        salesinfoc6_.clothes_color as clothes_3_9_6_,
        salesinfoc6_.clothes_gender as clothes_4_9_6_,
        salesinfoc6_.clothes_size as clothes_5_9_6_,
        salesinfos7_.id as id1_10_7_,
        salesinfos7_.status_score as status_s2_10_7_,
        salesinfos7_.status_tag as status_t3_10_7_,
        salesinfos7_.status_times as status_t4_10_7_,
        salesinfos7_.status_when2buy as status_w5_10_7_,
        salesinfos7_.transport as transpor6_10_7_,
        salesinfou8_.id as id1_11_8_,
        salesinfou8_.user_height as user_hei2_11_8_,
        salesinfou8_.user_size as user_siz3_11_8_,
        salesinfou8_.user_weight as user_wei4_11_8_ 
    from
        stores stores0_ 
    left outer join
        members members1_ 
            on stores0_.author_id=members1_.id 
    left outer join
        clothes_info clothesinf2_ 
            on stores0_.clothes_info_id=clothesinf2_.id 
    left outer join
        colors colors3_ 
            on stores0_.colors_name=colors3_.name 
    left outer join
        materials materials4_ 
            on stores0_.materials_name=materials4_.name 
    left outer join
        style style5_ 
            on stores0_.style_name=style5_.name 
    left outer join
        sales_info_clothes salesinfoc6_ 
            on stores0_.sales_info_clothes_id=salesinfoc6_.id 
    left outer join
        sales_info_status salesinfos7_ 
            on stores0_.sales_info_status_id=salesinfos7_.id 
    left outer join
        sales_info_user salesinfou8_ 
            on stores0_.sales_info_user_id=salesinfou8_.id 
    where
        stores0_.id=?
Hibernate: 
    select
        stores0_.id as id1_12_0_,
        stores0_.created_date as created_2_12_0_,
        stores0_.modified_date as modified3_12_0_,
        stores0_.author_id as author_i9_12_0_,
        stores0_.clothes_info_id as clothes10_12_0_,
        stores0_.colors_name as colors_11_12_0_,
        stores0_.materials_name as materia12_12_0_,
        stores0_.style_name as style_n13_12_0_,
        stores0_.clothes_length as clothes_4_12_0_,
        stores0_.content as content5_12_0_,
        stores0_.price as price6_12_0_,
        stores0_.sales_info_clothes_id as sales_i14_12_0_,
        stores0_.sales_info_status_id as sales_i15_12_0_,
        stores0_.sales_info_user_id as sales_i16_12_0_,
        stores0_.status as status7_12_0_,
        stores0_.title as title8_12_0_,
        members1_.id as id1_6_1_,
        members1_.email as email2_6_1_,
        members1_.image as image3_6_1_,
        members1_.name as name4_6_1_,
        members1_.nickname as nickname5_6_1_,
        members1_.password as password6_6_1_,
        members1_.phone as phone7_6_1_,
        members1_.refresh_token as refresh_8_6_1_,
        members1_.role as role9_6_1_,
        clothesinf2_.id as id1_2_2_,
        clothesinf2_.categoryl as category2_2_2_,
        clothesinf2_.categorys as category3_2_2_,
        clothesinf2_.fit as fit4_2_2_,
        clothesinf2_.length as length5_2_2_,
        colors3_.id as id1_4_3_,
        colors3_.name as name2_4_3_,
        materials4_.id as id1_5_4_,
        materials4_.name as name2_5_4_,
        style5_.id as id1_14_5_,
        style5_.name as name2_14_5_,
        salesinfoc6_.id as id1_9_6_,
        salesinfoc6_.clothes_brand as clothes_2_9_6_,
        salesinfoc6_.clothes_color as clothes_3_9_6_,
        salesinfoc6_.clothes_gender as clothes_4_9_6_,
        salesinfoc6_.clothes_size as clothes_5_9_6_,
        salesinfos7_.id as id1_10_7_,
        salesinfos7_.status_score as status_s2_10_7_,
        salesinfos7_.status_tag as status_t3_10_7_,
        salesinfos7_.status_times as status_t4_10_7_,
        salesinfos7_.status_when2buy as status_w5_10_7_,
        salesinfos7_.transport as transpor6_10_7_,
        salesinfou8_.id as id1_11_8_,
        salesinfou8_.user_height as user_hei2_11_8_,
        salesinfou8_.user_size as user_siz3_11_8_,
        salesinfou8_.user_weight as user_wei4_11_8_ 
    from
        stores stores0_ 
    left outer join
        members members1_ 
            on stores0_.author_id=members1_.id 
    left outer join
        clothes_info clothesinf2_ 
            on stores0_.clothes_info_id=clothesinf2_.id 
    left outer join
        colors colors3_ 
            on stores0_.colors_name=colors3_.name 
    left outer join
        materials materials4_ 
            on stores0_.materials_name=materials4_.name 
    left outer join
        style style5_ 
            on stores0_.style_name=style5_.name 
    left outer join
        sales_info_clothes salesinfoc6_ 
            on stores0_.sales_info_clothes_id=salesinfoc6_.id 
    left outer join
        sales_info_status salesinfos7_ 
            on stores0_.sales_info_status_id=salesinfos7_.id 
    left outer join
        sales_info_user salesinfou8_ 
            on stores0_.sales_info_user_id=salesinfou8_.id 
    where
        stores0_.id=?
Hibernate: 
    select
        stores0_.id as id1_12_0_,
        stores0_.created_date as created_2_12_0_,
        stores0_.modified_date as modified3_12_0_,
        stores0_.author_id as author_i9_12_0_,
        stores0_.clothes_info_id as clothes10_12_0_,
        stores0_.colors_name as colors_11_12_0_,
        stores0_.materials_name as materia12_12_0_,
        stores0_.style_name as style_n13_12_0_,
        stores0_.clothes_length as clothes_4_12_0_,
        stores0_.content as content5_12_0_,
        stores0_.price as price6_12_0_,
        stores0_.sales_info_clothes_id as sales_i14_12_0_,
        stores0_.sales_info_status_id as sales_i15_12_0_,
        stores0_.sales_info_user_id as sales_i16_12_0_,
        stores0_.status as status7_12_0_,
        stores0_.title as title8_12_0_,
        members1_.id as id1_6_1_,
        members1_.email as email2_6_1_,
        members1_.image as image3_6_1_,
        members1_.name as name4_6_1_,
        members1_.nickname as nickname5_6_1_,
        members1_.password as password6_6_1_,
        members1_.phone as phone7_6_1_,
        members1_.refresh_token as refresh_8_6_1_,
        members1_.role as role9_6_1_,
        clothesinf2_.id as id1_2_2_,
        clothesinf2_.categoryl as category2_2_2_,
        clothesinf2_.categorys as category3_2_2_,
        clothesinf2_.fit as fit4_2_2_,
        clothesinf2_.length as length5_2_2_,
        colors3_.id as id1_4_3_,
        colors3_.name as name2_4_3_,
        materials4_.id as id1_5_4_,
        materials4_.name as name2_5_4_,
        style5_.id as id1_14_5_,
        style5_.name as name2_14_5_,
        salesinfoc6_.id as id1_9_6_,
        salesinfoc6_.clothes_brand as clothes_2_9_6_,
        salesinfoc6_.clothes_color as clothes_3_9_6_,
        salesinfoc6_.clothes_gender as clothes_4_9_6_,
        salesinfoc6_.clothes_size as clothes_5_9_6_,
        salesinfos7_.id as id1_10_7_,
        salesinfos7_.status_score as status_s2_10_7_,
        salesinfos7_.status_tag as status_t3_10_7_,
        salesinfos7_.status_times as status_t4_10_7_,
        salesinfos7_.status_when2buy as status_w5_10_7_,
        salesinfos7_.transport as transpor6_10_7_,
        salesinfou8_.id as id1_11_8_,
        salesinfou8_.user_height as user_hei2_11_8_,
        salesinfou8_.user_size as user_siz3_11_8_,
        salesinfou8_.user_weight as user_wei4_11_8_ 
    from
        stores stores0_ 
    left outer join
        members members1_ 
            on stores0_.author_id=members1_.id 
    left outer join
        clothes_info clothesinf2_ 
            on stores0_.clothes_info_id=clothesinf2_.id 
    left outer join
        colors colors3_ 
            on stores0_.colors_name=colors3_.name 
    left outer join
        materials materials4_ 
            on stores0_.materials_name=materials4_.name 
    left outer join
        style style5_ 
            on stores0_.style_name=style5_.name 
    left outer join
        sales_info_clothes salesinfoc6_ 
            on stores0_.sales_info_clothes_id=salesinfoc6_.id 
    left outer join
        sales_info_status salesinfos7_ 
            on stores0_.sales_info_status_id=salesinfos7_.id 
    left outer join
        sales_info_user salesinfou8_ 
            on stores0_.sales_info_user_id=salesinfou8_.id 
    where
        stores0_.id=?
Hibernate: 
    select
        stores0_.id as id1_12_0_,
        stores0_.created_date as created_2_12_0_,
        stores0_.modified_date as modified3_12_0_,
        stores0_.author_id as author_i9_12_0_,
        stores0_.clothes_info_id as clothes10_12_0_,
        stores0_.colors_name as colors_11_12_0_,
        stores0_.materials_name as materia12_12_0_,
        stores0_.style_name as style_n13_12_0_,
        stores0_.clothes_length as clothes_4_12_0_,
        stores0_.content as content5_12_0_,
        stores0_.price as price6_12_0_,
        stores0_.sales_info_clothes_id as sales_i14_12_0_,
        stores0_.sales_info_status_id as sales_i15_12_0_,
        stores0_.sales_info_user_id as sales_i16_12_0_,
        stores0_.status as status7_12_0_,
        stores0_.title as title8_12_0_,
        members1_.id as id1_6_1_,
        members1_.email as email2_6_1_,
        members1_.image as image3_6_1_,
        members1_.name as name4_6_1_,
        members1_.nickname as nickname5_6_1_,
        members1_.password as password6_6_1_,
        members1_.phone as phone7_6_1_,
        members1_.refresh_token as refresh_8_6_1_,
        members1_.role as role9_6_1_,
        clothesinf2_.id as id1_2_2_,
        clothesinf2_.categoryl as category2_2_2_,
        clothesinf2_.categorys as category3_2_2_,
        clothesinf2_.fit as fit4_2_2_,
        clothesinf2_.length as length5_2_2_,
        colors3_.id as id1_4_3_,
        colors3_.name as name2_4_3_,
        materials4_.id as id1_5_4_,
        materials4_.name as name2_5_4_,
        style5_.id as id1_14_5_,
        style5_.name as name2_14_5_,
        salesinfoc6_.id as id1_9_6_,
        salesinfoc6_.clothes_brand as clothes_2_9_6_,
        salesinfoc6_.clothes_color as clothes_3_9_6_,
        salesinfoc6_.clothes_gender as clothes_4_9_6_,
        salesinfoc6_.clothes_size as clothes_5_9_6_,
        salesinfos7_.id as id1_10_7_,
        salesinfos7_.status_score as status_s2_10_7_,
        salesinfos7_.status_tag as status_t3_10_7_,
        salesinfos7_.status_times as status_t4_10_7_,
        salesinfos7_.status_when2buy as status_w5_10_7_,
        salesinfos7_.transport as transpor6_10_7_,
        salesinfou8_.id as id1_11_8_,
        salesinfou8_.user_height as user_hei2_11_8_,
        salesinfou8_.user_size as user_siz3_11_8_,
        salesinfou8_.user_weight as user_wei4_11_8_ 
    from
        stores stores0_ 
    left outer join
        members members1_ 
            on stores0_.author_id=members1_.id 
    left outer join
        clothes_info clothesinf2_ 
            on stores0_.clothes_info_id=clothesinf2_.id 
    left outer join
        colors colors3_ 
            on stores0_.colors_name=colors3_.name 
    left outer join
        materials materials4_ 
            on stores0_.materials_name=materials4_.name 
    left outer join
        style style5_ 
            on stores0_.style_name=style5_.name 
    left outer join
        sales_info_clothes salesinfoc6_ 
            on stores0_.sales_info_clothes_id=salesinfoc6_.id 
    left outer join
        sales_info_status salesinfos7_ 
            on stores0_.sales_info_status_id=salesinfos7_.id 
    left outer join
        sales_info_user salesinfou8_ 
            on stores0_.sales_info_user_id=salesinfou8_.id 
    where
        stores0_.id=?
Hibernate: 
    select
        stores0_.id as id1_12_0_,
        stores0_.created_date as created_2_12_0_,
        stores0_.modified_date as modified3_12_0_,
        stores0_.author_id as author_i9_12_0_,
        stores0_.clothes_info_id as clothes10_12_0_,
        stores0_.colors_name as colors_11_12_0_,
        stores0_.materials_name as materia12_12_0_,
        stores0_.style_name as style_n13_12_0_,
        stores0_.clothes_length as clothes_4_12_0_,
        stores0_.content as content5_12_0_,
        stores0_.price as price6_12_0_,
        stores0_.sales_info_clothes_id as sales_i14_12_0_,
        stores0_.sales_info_status_id as sales_i15_12_0_,
        stores0_.sales_info_user_id as sales_i16_12_0_,
        stores0_.status as status7_12_0_,
        stores0_.title as title8_12_0_,
        members1_.id as id1_6_1_,
        members1_.email as email2_6_1_,
        members1_.image as image3_6_1_,
        members1_.name as name4_6_1_,
        members1_.nickname as nickname5_6_1_,
        members1_.password as password6_6_1_,
        members1_.phone as phone7_6_1_,
        members1_.refresh_token as refresh_8_6_1_,
        members1_.role as role9_6_1_,
        clothesinf2_.id as id1_2_2_,
        clothesinf2_.categoryl as category2_2_2_,
        clothesinf2_.categorys as category3_2_2_,
        clothesinf2_.fit as fit4_2_2_,
        clothesinf2_.length as length5_2_2_,
        colors3_.id as id1_4_3_,
        colors3_.name as name2_4_3_,
        materials4_.id as id1_5_4_,
        materials4_.name as name2_5_4_,
        style5_.id as id1_14_5_,
        style5_.name as name2_14_5_,
        salesinfoc6_.id as id1_9_6_,
        salesinfoc6_.clothes_brand as clothes_2_9_6_,
        salesinfoc6_.clothes_color as clothes_3_9_6_,
        salesinfoc6_.clothes_gender as clothes_4_9_6_,
        salesinfoc6_.clothes_size as clothes_5_9_6_,
        salesinfos7_.id as id1_10_7_,
        salesinfos7_.status_score as status_s2_10_7_,
        salesinfos7_.status_tag as status_t3_10_7_,
        salesinfos7_.status_times as status_t4_10_7_,
        salesinfos7_.status_when2buy as status_w5_10_7_,
        salesinfos7_.transport as transpor6_10_7_,
        salesinfou8_.id as id1_11_8_,
        salesinfou8_.user_height as user_hei2_11_8_,
        salesinfou8_.user_size as user_siz3_11_8_,
        salesinfou8_.user_weight as user_wei4_11_8_ 
    from
        stores stores0_ 
    left outer join
        members members1_ 
            on stores0_.author_id=members1_.id 
    left outer join
        clothes_info clothesinf2_ 
            on stores0_.clothes_info_id=clothesinf2_.id 
    left outer join
        colors colors3_ 
            on stores0_.colors_name=colors3_.name 
    left outer join
        materials materials4_ 
            on stores0_.materials_name=materials4_.name 
    left outer join
        style style5_ 
            on stores0_.style_name=style5_.name 
    left outer join
        sales_info_clothes salesinfoc6_ 
            on stores0_.sales_info_clothes_id=salesinfoc6_.id 
    left outer join
        sales_info_status salesinfos7_ 
            on stores0_.sales_info_status_id=salesinfos7_.id 
    left outer join
        sales_info_user salesinfou8_ 
            on stores0_.sales_info_user_id=salesinfou8_.id 
    where
        stores0_.id=?
Hibernate: 
    select
        stores0_.id as id1_12_0_,
        stores0_.created_date as created_2_12_0_,
        stores0_.modified_date as modified3_12_0_,
        stores0_.author_id as author_i9_12_0_,
        stores0_.clothes_info_id as clothes10_12_0_,
        stores0_.colors_name as colors_11_12_0_,
        stores0_.materials_name as materia12_12_0_,
        stores0_.style_name as style_n13_12_0_,
        stores0_.clothes_length as clothes_4_12_0_,
        stores0_.content as content5_12_0_,
        stores0_.price as price6_12_0_,
        stores0_.sales_info_clothes_id as sales_i14_12_0_,
        stores0_.sales_info_status_id as sales_i15_12_0_,
        stores0_.sales_info_user_id as sales_i16_12_0_,
        stores0_.status as status7_12_0_,
        stores0_.title as title8_12_0_,
        members1_.id as id1_6_1_,
        members1_.email as email2_6_1_,
        members1_.image as image3_6_1_,
        members1_.name as name4_6_1_,
        members1_.nickname as nickname5_6_1_,
        members1_.password as password6_6_1_,
        members1_.phone as phone7_6_1_,
        members1_.refresh_token as refresh_8_6_1_,
        members1_.role as role9_6_1_,
        clothesinf2_.id as id1_2_2_,
        clothesinf2_.categoryl as category2_2_2_,
        clothesinf2_.categorys as category3_2_2_,
        clothesinf2_.fit as fit4_2_2_,
        clothesinf2_.length as length5_2_2_,
        colors3_.id as id1_4_3_,
        colors3_.name as name2_4_3_,
        materials4_.id as id1_5_4_,
        materials4_.name as name2_5_4_,
        style5_.id as id1_14_5_,
        style5_.name as name2_14_5_,
        salesinfoc6_.id as id1_9_6_,
        salesinfoc6_.clothes_brand as clothes_2_9_6_,
        salesinfoc6_.clothes_color as clothes_3_9_6_,
        salesinfoc6_.clothes_gender as clothes_4_9_6_,
        salesinfoc6_.clothes_size as clothes_5_9_6_,
        salesinfos7_.id as id1_10_7_,
        salesinfos7_.status_score as status_s2_10_7_,
        salesinfos7_.status_tag as status_t3_10_7_,
        salesinfos7_.status_times as status_t4_10_7_,
        salesinfos7_.status_when2buy as status_w5_10_7_,
        salesinfos7_.transport as transpor6_10_7_,
        salesinfou8_.id as id1_11_8_,
        salesinfou8_.user_height as user_hei2_11_8_,
        salesinfou8_.user_size as user_siz3_11_8_,
        salesinfou8_.user_weight as user_wei4_11_8_ 
    from
        stores stores0_ 
    left outer join
        members members1_ 
            on stores0_.author_id=members1_.id 
    left outer join
        clothes_info clothesinf2_ 
            on stores0_.clothes_info_id=clothesinf2_.id 
    left outer join
        colors colors3_ 
            on stores0_.colors_name=colors3_.name 
    left outer join
        materials materials4_ 
            on stores0_.materials_name=materials4_.name 
    left outer join
        style style5_ 
            on stores0_.style_name=style5_.name 
    left outer join
        sales_info_clothes salesinfoc6_ 
            on stores0_.sales_info_clothes_id=salesinfoc6_.id 
    left outer join
        sales_info_status salesinfos7_ 
            on stores0_.sales_info_status_id=salesinfos7_.id 
    left outer join
        sales_info_user salesinfou8_ 
            on stores0_.sales_info_user_id=salesinfou8_.id 
    where
        stores0_.id=?
Hibernate: 
    select
        stores0_.id as id1_12_0_,
        stores0_.created_date as created_2_12_0_,
        stores0_.modified_date as modified3_12_0_,
        stores0_.author_id as author_i9_12_0_,
        stores0_.clothes_info_id as clothes10_12_0_,
        stores0_.colors_name as colors_11_12_0_,
        stores0_.materials_name as materia12_12_0_,
        stores0_.style_name as style_n13_12_0_,
        stores0_.clothes_length as clothes_4_12_0_,
        stores0_.content as content5_12_0_,
        stores0_.price as price6_12_0_,
        stores0_.sales_info_clothes_id as sales_i14_12_0_,
        stores0_.sales_info_status_id as sales_i15_12_0_,
        stores0_.sales_info_user_id as sales_i16_12_0_,
        stores0_.status as status7_12_0_,
        stores0_.title as title8_12_0_,
        members1_.id as id1_6_1_,
        members1_.email as email2_6_1_,
        members1_.image as image3_6_1_,
        members1_.name as name4_6_1_,
        members1_.nickname as nickname5_6_1_,
        members1_.password as password6_6_1_,
        members1_.phone as phone7_6_1_,
        members1_.refresh_token as refresh_8_6_1_,
        members1_.role as role9_6_1_,
        clothesinf2_.id as id1_2_2_,
        clothesinf2_.categoryl as category2_2_2_,
        clothesinf2_.categorys as category3_2_2_,
        clothesinf2_.fit as fit4_2_2_,
        clothesinf2_.length as length5_2_2_,
        colors3_.id as id1_4_3_,
        colors3_.name as name2_4_3_,
        materials4_.id as id1_5_4_,
        materials4_.name as name2_5_4_,
        style5_.id as id1_14_5_,
        style5_.name as name2_14_5_,
        salesinfoc6_.id as id1_9_6_,
        salesinfoc6_.clothes_brand as clothes_2_9_6_,
        salesinfoc6_.clothes_color as clothes_3_9_6_,
        salesinfoc6_.clothes_gender as clothes_4_9_6_,
        salesinfoc6_.clothes_size as clothes_5_9_6_,
        salesinfos7_.id as id1_10_7_,
        salesinfos7_.status_score as status_s2_10_7_,
        salesinfos7_.status_tag as status_t3_10_7_,
        salesinfos7_.status_times as status_t4_10_7_,
        salesinfos7_.status_when2buy as status_w5_10_7_,
        salesinfos7_.transport as transpor6_10_7_,
        salesinfou8_.id as id1_11_8_,
        salesinfou8_.user_height as user_hei2_11_8_,
        salesinfou8_.user_size as user_siz3_11_8_,
        salesinfou8_.user_weight as user_wei4_11_8_ 
    from
        stores stores0_ 
    left outer join
        members members1_ 
            on stores0_.author_id=members1_.id 
    left outer join
        clothes_info clothesinf2_ 
            on stores0_.clothes_info_id=clothesinf2_.id 
    left outer join
        colors colors3_ 
            on stores0_.colors_name=colors3_.name 
    left outer join
        materials materials4_ 
            on stores0_.materials_name=materials4_.name 
    left outer join
        style style5_ 
            on stores0_.style_name=style5_.name 
    left outer join
        sales_info_clothes salesinfoc6_ 
            on stores0_.sales_info_clothes_id=salesinfoc6_.id 
    left outer join
        sales_info_status salesinfos7_ 
            on stores0_.sales_info_status_id=salesinfos7_.id 
    left outer join
        sales_info_user salesinfou8_ 
            on stores0_.sales_info_user_id=salesinfou8_.id 
    where
        stores0_.id=?
Hibernate: 
    select
        stores0_.id as id1_12_0_,
        stores0_.created_date as created_2_12_0_,
        stores0_.modified_date as modified3_12_0_,
        stores0_.author_id as author_i9_12_0_,
        stores0_.clothes_info_id as clothes10_12_0_,
        stores0_.colors_name as colors_11_12_0_,
        stores0_.materials_name as materia12_12_0_,
        stores0_.style_name as style_n13_12_0_,
        stores0_.clothes_length as clothes_4_12_0_,
        stores0_.content as content5_12_0_,
        stores0_.price as price6_12_0_,
        stores0_.sales_info_clothes_id as sales_i14_12_0_,
        stores0_.sales_info_status_id as sales_i15_12_0_,
        stores0_.sales_info_user_id as sales_i16_12_0_,
        stores0_.status as status7_12_0_,
        stores0_.title as title8_12_0_,
        members1_.id as id1_6_1_,
        members1_.email as email2_6_1_,
        members1_.image as image3_6_1_,
        members1_.name as name4_6_1_,
        members1_.nickname as nickname5_6_1_,
        members1_.password as password6_6_1_,
        members1_.phone as phone7_6_1_,
        members1_.refresh_token as refresh_8_6_1_,
        members1_.role as role9_6_1_,
        clothesinf2_.id as id1_2_2_,
        clothesinf2_.categoryl as category2_2_2_,
        clothesinf2_.categorys as category3_2_2_,
        clothesinf2_.fit as fit4_2_2_,
        clothesinf2_.length as length5_2_2_,
        colors3_.id as id1_4_3_,
        colors3_.name as name2_4_3_,
        materials4_.id as id1_5_4_,
        materials4_.name as name2_5_4_,
        style5_.id as id1_14_5_,
        style5_.name as name2_14_5_,
        salesinfoc6_.id as id1_9_6_,
        salesinfoc6_.clothes_brand as clothes_2_9_6_,
        salesinfoc6_.clothes_color as clothes_3_9_6_,
        salesinfoc6_.clothes_gender as clothes_4_9_6_,
        salesinfoc6_.clothes_size as clothes_5_9_6_,
        salesinfos7_.id as id1_10_7_,
        salesinfos7_.status_score as status_s2_10_7_,
        salesinfos7_.status_tag as status_t3_10_7_,
        salesinfos7_.status_times as status_t4_10_7_,
        salesinfos7_.status_when2buy as status_w5_10_7_,
        salesinfos7_.transport as transpor6_10_7_,
        salesinfou8_.id as id1_11_8_,
        salesinfou8_.user_height as user_hei2_11_8_,
        salesinfou8_.user_size as user_siz3_11_8_,
        salesinfou8_.user_weight as user_wei4_11_8_ 
    from
        stores stores0_ 
    left outer join
        members members1_ 
            on stores0_.author_id=members1_.id 
    left outer join
        clothes_info clothesinf2_ 
            on stores0_.clothes_info_id=clothesinf2_.id 
    left outer join
        colors colors3_ 
            on stores0_.colors_name=colors3_.name 
    left outer join
        materials materials4_ 
            on stores0_.materials_name=materials4_.name 
    left outer join
        style style5_ 
            on stores0_.style_name=style5_.name 
    left outer join
        sales_info_clothes salesinfoc6_ 
            on stores0_.sales_info_clothes_id=salesinfoc6_.id 
    left outer join
        sales_info_status salesinfos7_ 
            on stores0_.sales_info_status_id=salesinfos7_.id 
    left outer join
        sales_info_user salesinfou8_ 
            on stores0_.sales_info_user_id=salesinfou8_.id 
    where
        stores0_.id=?
Hibernate: 
    select
        stores0_.id as id1_12_0_,
        stores0_.created_date as created_2_12_0_,
        stores0_.modified_date as modified3_12_0_,
        stores0_.author_id as author_i9_12_0_,
        stores0_.clothes_info_id as clothes10_12_0_,
        stores0_.colors_name as colors_11_12_0_,
        stores0_.materials_name as materia12_12_0_,
        stores0_.style_name as style_n13_12_0_,
        stores0_.clothes_length as clothes_4_12_0_,
        stores0_.content as content5_12_0_,
        stores0_.price as price6_12_0_,
        stores0_.sales_info_clothes_id as sales_i14_12_0_,
        stores0_.sales_info_status_id as sales_i15_12_0_,
        stores0_.sales_info_user_id as sales_i16_12_0_,
        stores0_.status as status7_12_0_,
        stores0_.title as title8_12_0_,
        members1_.id as id1_6_1_,
        members1_.email as email2_6_1_,
        members1_.image as image3_6_1_,
        members1_.name as name4_6_1_,
        members1_.nickname as nickname5_6_1_,
        members1_.password as password6_6_1_,
        members1_.phone as phone7_6_1_,
        members1_.refresh_token as refresh_8_6_1_,
        members1_.role as role9_6_1_,
        clothesinf2_.id as id1_2_2_,
        clothesinf2_.categoryl as category2_2_2_,
        clothesinf2_.categorys as category3_2_2_,
        clothesinf2_.fit as fit4_2_2_,
        clothesinf2_.length as length5_2_2_,
        colors3_.id as id1_4_3_,
        colors3_.name as name2_4_3_,
        materials4_.id as id1_5_4_,
        materials4_.name as name2_5_4_,
        style5_.id as id1_14_5_,
        style5_.name as name2_14_5_,
        salesinfoc6_.id as id1_9_6_,
        salesinfoc6_.clothes_brand as clothes_2_9_6_,
        salesinfoc6_.clothes_color as clothes_3_9_6_,
        salesinfoc6_.clothes_gender as clothes_4_9_6_,
        salesinfoc6_.clothes_size as clothes_5_9_6_,
        salesinfos7_.id as id1_10_7_,
        salesinfos7_.status_score as status_s2_10_7_,
        salesinfos7_.status_tag as status_t3_10_7_,
        salesinfos7_.status_times as status_t4_10_7_,
        salesinfos7_.status_when2buy as status_w5_10_7_,
        salesinfos7_.transport as transpor6_10_7_,
        salesinfou8_.id as id1_11_8_,
        salesinfou8_.user_height as user_hei2_11_8_,
        salesinfou8_.user_size as user_siz3_11_8_,
        salesinfou8_.user_weight as user_wei4_11_8_ 
    from
        stores stores0_ 
    left outer join
        members members1_ 
            on stores0_.author_id=members1_.id 
    left outer join
        clothes_info clothesinf2_ 
            on stores0_.clothes_info_id=clothesinf2_.id 
    left outer join
        colors colors3_ 
            on stores0_.colors_name=colors3_.name 
    left outer join
        materials materials4_ 
            on stores0_.materials_name=materials4_.name 
    left outer join
        style style5_ 
            on stores0_.style_name=style5_.name 
    left outer join
        sales_info_clothes salesinfoc6_ 
            on stores0_.sales_info_clothes_id=salesinfoc6_.id 
    left outer join
        sales_info_status salesinfos7_ 
            on stores0_.sales_info_status_id=salesinfos7_.id 
    left outer join
        sales_info_user salesinfou8_ 
            on stores0_.sales_info_user_id=salesinfou8_.id 
    where
        stores0_.id=?
Hibernate: 
    select
        stores0_.id as id1_12_0_,
        stores0_.created_date as created_2_12_0_,
        stores0_.modified_date as modified3_12_0_,
        stores0_.author_id as author_i9_12_0_,
        stores0_.clothes_info_id as clothes10_12_0_,
        stores0_.colors_name as colors_11_12_0_,
        stores0_.materials_name as materia12_12_0_,
        stores0_.style_name as style_n13_12_0_,
        stores0_.clothes_length as clothes_4_12_0_,
        stores0_.content as content5_12_0_,
        stores0_.price as price6_12_0_,
        stores0_.sales_info_clothes_id as sales_i14_12_0_,
        stores0_.sales_info_status_id as sales_i15_12_0_,
        stores0_.sales_info_user_id as sales_i16_12_0_,
        stores0_.status as status7_12_0_,
        stores0_.title as title8_12_0_,
        members1_.id as id1_6_1_,
        members1_.email as email2_6_1_,
        members1_.image as image3_6_1_,
        members1_.name as name4_6_1_,
        members1_.nickname as nickname5_6_1_,
        members1_.password as password6_6_1_,
        members1_.phone as phone7_6_1_,
        members1_.refresh_token as refresh_8_6_1_,
        members1_.role as role9_6_1_,
        clothesinf2_.id as id1_2_2_,
        clothesinf2_.categoryl as category2_2_2_,
        clothesinf2_.categorys as category3_2_2_,
        clothesinf2_.fit as fit4_2_2_,
        clothesinf2_.length as length5_2_2_,
        colors3_.id as id1_4_3_,
        colors3_.name as name2_4_3_,
        materials4_.id as id1_5_4_,
        materials4_.name as name2_5_4_,
        style5_.id as id1_14_5_,
        style5_.name as name2_14_5_,
        salesinfoc6_.id as id1_9_6_,
        salesinfoc6_.clothes_brand as clothes_2_9_6_,
        salesinfoc6_.clothes_color as clothes_3_9_6_,
        salesinfoc6_.clothes_gender as clothes_4_9_6_,
        salesinfoc6_.clothes_size as clothes_5_9_6_,
        salesinfos7_.id as id1_10_7_,
        salesinfos7_.status_score as status_s2_10_7_,
        salesinfos7_.status_tag as status_t3_10_7_,
        salesinfos7_.status_times as status_t4_10_7_,
        salesinfos7_.status_when2buy as status_w5_10_7_,
        salesinfos7_.transport as transpor6_10_7_,
        salesinfou8_.id as id1_11_8_,
        salesinfou8_.user_height as user_hei2_11_8_,
        salesinfou8_.user_size as user_siz3_11_8_,
        salesinfou8_.user_weight as user_wei4_11_8_ 
    from
        stores stores0_ 
    left outer join
        members members1_ 
            on stores0_.author_id=members1_.id 
    left outer join
        clothes_info clothesinf2_ 
            on stores0_.clothes_info_id=clothesinf2_.id 
    left outer join
        colors colors3_ 
            on stores0_.colors_name=colors3_.name 
    left outer join
        materials materials4_ 
            on stores0_.materials_name=materials4_.name 
    left outer join
        style style5_ 
            on stores0_.style_name=style5_.name 
    left outer join
        sales_info_clothes salesinfoc6_ 
            on stores0_.sales_info_clothes_id=salesinfoc6_.id 
    left outer join
        sales_info_status salesinfos7_ 
            on stores0_.sales_info_status_id=salesinfos7_.id 
    left outer join
        sales_info_user salesinfou8_ 
            on stores0_.sales_info_user_id=salesinfou8_.id 
    where
        stores0_.id=?
Hibernate: 
    select
        stores0_.id as id1_12_0_,
        stores0_.created_date as created_2_12_0_,
        stores0_.modified_date as modified3_12_0_,
        stores0_.author_id as author_i9_12_0_,
        stores0_.clothes_info_id as clothes10_12_0_,
        stores0_.colors_name as colors_11_12_0_,
        stores0_.materials_name as materia12_12_0_,
        stores0_.style_name as style_n13_12_0_,
        stores0_.clothes_length as clothes_4_12_0_,
        stores0_.content as content5_12_0_,
        stores0_.price as price6_12_0_,
        stores0_.sales_info_clothes_id as sales_i14_12_0_,
        stores0_.sales_info_status_id as sales_i15_12_0_,
        stores0_.sales_info_user_id as sales_i16_12_0_,
        stores0_.status as status7_12_0_,
        stores0_.title as title8_12_0_,
        members1_.id as id1_6_1_,
        members1_.email as email2_6_1_,
        members1_.image as image3_6_1_,
        members1_.name as name4_6_1_,
        members1_.nickname as nickname5_6_1_,
        members1_.password as password6_6_1_,
        members1_.phone as phone7_6_1_,
        members1_.refresh_token as refresh_8_6_1_,
        members1_.role as role9_6_1_,
        clothesinf2_.id as id1_2_2_,
        clothesinf2_.categoryl as category2_2_2_,
        clothesinf2_.categorys as category3_2_2_,
        clothesinf2_.fit as fit4_2_2_,
        clothesinf2_.length as length5_2_2_,
        colors3_.id as id1_4_3_,
        colors3_.name as name2_4_3_,
        materials4_.id as id1_5_4_,
        materials4_.name as name2_5_4_,
        style5_.id as id1_14_5_,
        style5_.name as name2_14_5_,
        salesinfoc6_.id as id1_9_6_,
        salesinfoc6_.clothes_brand as clothes_2_9_6_,
        salesinfoc6_.clothes_color as clothes_3_9_6_,
        salesinfoc6_.clothes_gender as clothes_4_9_6_,
        salesinfoc6_.clothes_size as clothes_5_9_6_,
        salesinfos7_.id as id1_10_7_,
        salesinfos7_.status_score as status_s2_10_7_,
        salesinfos7_.status_tag as status_t3_10_7_,
        salesinfos7_.status_times as status_t4_10_7_,
        salesinfos7_.status_when2buy as status_w5_10_7_,
        salesinfos7_.transport as transpor6_10_7_,
        salesinfou8_.id as id1_11_8_,
        salesinfou8_.user_height as user_hei2_11_8_,
        salesinfou8_.user_size as user_siz3_11_8_,
        salesinfou8_.user_weight as user_wei4_11_8_ 
    from
        stores stores0_ 
    left outer join
        members members1_ 
            on stores0_.author_id=members1_.id 
    left outer join
        clothes_info clothesinf2_ 
            on stores0_.clothes_info_id=clothesinf2_.id 
    left outer join
        colors colors3_ 
            on stores0_.colors_name=colors3_.name 
    left outer join
        materials materials4_ 
            on stores0_.materials_name=materials4_.name 
    left outer join
        style style5_ 
            on stores0_.style_name=style5_.name 
    left outer join
        sales_info_clothes salesinfoc6_ 
            on stores0_.sales_info_clothes_id=salesinfoc6_.id 
    left outer join
        sales_info_status salesinfos7_ 
            on stores0_.sales_info_status_id=salesinfos7_.id 
    left outer join
        sales_info_user salesinfou8_ 
            on stores0_.sales_info_user_id=salesinfou8_.id 
    where
        stores0_.id=?
Hibernate: 
    select
        stores0_.id as id1_12_0_,
        stores0_.created_date as created_2_12_0_,
        stores0_.modified_date as modified3_12_0_,
        stores0_.author_id as author_i9_12_0_,
        stores0_.clothes_info_id as clothes10_12_0_,
        stores0_.colors_name as colors_11_12_0_,
        stores0_.materials_name as materia12_12_0_,
        stores0_.style_name as style_n13_12_0_,
        stores0_.clothes_length as clothes_4_12_0_,
        stores0_.content as content5_12_0_,
        stores0_.price as price6_12_0_,
        stores0_.sales_info_clothes_id as sales_i14_12_0_,
        stores0_.sales_info_status_id as sales_i15_12_0_,
        stores0_.sales_info_user_id as sales_i16_12_0_,
        stores0_.status as status7_12_0_,
        stores0_.title as title8_12_0_,
        members1_.id as id1_6_1_,
        members1_.email as email2_6_1_,
        members1_.image as image3_6_1_,
        members1_.name as name4_6_1_,
        members1_.nickname as nickname5_6_1_,
        members1_.password as password6_6_1_,
        members1_.phone as phone7_6_1_,
        members1_.refresh_token as refresh_8_6_1_,
        members1_.role as role9_6_1_,
        clothesinf2_.id as id1_2_2_,
        clothesinf2_.categoryl as category2_2_2_,
        clothesinf2_.categorys as category3_2_2_,
        clothesinf2_.fit as fit4_2_2_,
        clothesinf2_.length as length5_2_2_,
        colors3_.id as id1_4_3_,
        colors3_.name as name2_4_3_,
        materials4_.id as id1_5_4_,
        materials4_.name as name2_5_4_,
        style5_.id as id1_14_5_,
        style5_.name as name2_14_5_,
        salesinfoc6_.id as id1_9_6_,
        salesinfoc6_.clothes_brand as clothes_2_9_6_,
        salesinfoc6_.clothes_color as clothes_3_9_6_,
        salesinfoc6_.clothes_gender as clothes_4_9_6_,
        salesinfoc6_.clothes_size as clothes_5_9_6_,
        salesinfos7_.id as id1_10_7_,
        salesinfos7_.status_score as status_s2_10_7_,
        salesinfos7_.status_tag as status_t3_10_7_,
        salesinfos7_.status_times as status_t4_10_7_,
        salesinfos7_.status_when2buy as status_w5_10_7_,
        salesinfos7_.transport as transpor6_10_7_,
        salesinfou8_.id as id1_11_8_,
        salesinfou8_.user_height as user_hei2_11_8_,
        salesinfou8_.user_size as user_siz3_11_8_,
        salesinfou8_.user_weight as user_wei4_11_8_ 
    from
        stores stores0_ 
    left outer join
        members members1_ 
            on stores0_.author_id=members1_.id 
    left outer join
        clothes_info clothesinf2_ 
            on stores0_.clothes_info_id=clothesinf2_.id 
    left outer join
        colors colors3_ 
            on stores0_.colors_name=colors3_.name 
    left outer join
        materials materials4_ 
            on stores0_.materials_name=materials4_.name 
    left outer join
        style style5_ 
            on stores0_.style_name=style5_.name 
    left outer join
        sales_info_clothes salesinfoc6_ 
            on stores0_.sales_info_clothes_id=salesinfoc6_.id 
    left outer join
        sales_info_status salesinfos7_ 
            on stores0_.sales_info_status_id=salesinfos7_.id 
    left outer join
        sales_info_user salesinfou8_ 
            on stores0_.sales_info_user_id=salesinfou8_.id 
    where
        stores0_.id=?
Hibernate: 
    select
        stores0_.id as id1_12_0_,
        stores0_.created_date as created_2_12_0_,
        stores0_.modified_date as modified3_12_0_,
        stores0_.author_id as author_i9_12_0_,
        stores0_.clothes_info_id as clothes10_12_0_,
        stores0_.colors_name as colors_11_12_0_,
        stores0_.materials_name as materia12_12_0_,
        stores0_.style_name as style_n13_12_0_,
        stores0_.clothes_length as clothes_4_12_0_,
        stores0_.content as content5_12_0_,
        stores0_.price as price6_12_0_,
        stores0_.sales_info_clothes_id as sales_i14_12_0_,
        stores0_.sales_info_status_id as sales_i15_12_0_,
        stores0_.sales_info_user_id as sales_i16_12_0_,
        stores0_.status as status7_12_0_,
        stores0_.title as title8_12_0_,
        members1_.id as id1_6_1_,
        members1_.email as email2_6_1_,
        members1_.image as image3_6_1_,
        members1_.name as name4_6_1_,
        members1_.nickname as nickname5_6_1_,
        members1_.password as password6_6_1_,
        members1_.phone as phone7_6_1_,
        members1_.refresh_token as refresh_8_6_1_,
        members1_.role as role9_6_1_,
        clothesinf2_.id as id1_2_2_,
        clothesinf2_.categoryl as category2_2_2_,
        clothesinf2_.categorys as category3_2_2_,
        clothesinf2_.fit as fit4_2_2_,
        clothesinf2_.length as length5_2_2_,
        colors3_.id as id1_4_3_,
        colors3_.name as name2_4_3_,
        materials4_.id as id1_5_4_,
        materials4_.name as name2_5_4_,
        style5_.id as id1_14_5_,
        style5_.name as name2_14_5_,
        salesinfoc6_.id as id1_9_6_,
        salesinfoc6_.clothes_brand as clothes_2_9_6_,
        salesinfoc6_.clothes_color as clothes_3_9_6_,
        salesinfoc6_.clothes_gender as clothes_4_9_6_,
        salesinfoc6_.clothes_size as clothes_5_9_6_,
        salesinfos7_.id as id1_10_7_,
        salesinfos7_.status_score as status_s2_10_7_,
        salesinfos7_.status_tag as status_t3_10_7_,
        salesinfos7_.status_times as status_t4_10_7_,
        salesinfos7_.status_when2buy as status_w5_10_7_,
        salesinfos7_.transport as transpor6_10_7_,
        salesinfou8_.id as id1_11_8_,
        salesinfou8_.user_height as user_hei2_11_8_,
        salesinfou8_.user_size as user_siz3_11_8_,
        salesinfou8_.user_weight as user_wei4_11_8_ 
    from
        stores stores0_ 
    left outer join
        members members1_ 
            on stores0_.author_id=members1_.id 
    left outer join
        clothes_info clothesinf2_ 
            on stores0_.clothes_info_id=clothesinf2_.id 
    left outer join
        colors colors3_ 
            on stores0_.colors_name=colors3_.name 
    left outer join
        materials materials4_ 
            on stores0_.materials_name=materials4_.name 
    left outer join
        style style5_ 
            on stores0_.style_name=style5_.name 
    left outer join
        sales_info_clothes salesinfoc6_ 
            on stores0_.sales_info_clothes_id=salesinfoc6_.id 
    left outer join
        sales_info_status salesinfos7_ 
            on stores0_.sales_info_status_id=salesinfos7_.id 
    left outer join
        sales_info_user salesinfou8_ 
            on stores0_.sales_info_user_id=salesinfou8_.id 
    where
        stores0_.id=?
Hibernate: 
    select
        stores0_.id as id1_12_0_,
        stores0_.created_date as created_2_12_0_,
        stores0_.modified_date as modified3_12_0_,
        stores0_.author_id as author_i9_12_0_,
        stores0_.clothes_info_id as clothes10_12_0_,
        stores0_.colors_name as colors_11_12_0_,
        stores0_.materials_name as materia12_12_0_,
        stores0_.style_name as style_n13_12_0_,
        stores0_.clothes_length as clothes_4_12_0_,
        stores0_.content as content5_12_0_,
        stores0_.price as price6_12_0_,
        stores0_.sales_info_clothes_id as sales_i14_12_0_,
        stores0_.sales_info_status_id as sales_i15_12_0_,
        stores0_.sales_info_user_id as sales_i16_12_0_,
        stores0_.status as status7_12_0_,
        stores0_.title as title8_12_0_,
        members1_.id as id1_6_1_,
        members1_.email as email2_6_1_,
        members1_.image as image3_6_1_,
        members1_.name as name4_6_1_,
        members1_.nickname as nickname5_6_1_,
        members1_.password as password6_6_1_,
        members1_.phone as phone7_6_1_,
        members1_.refresh_token as refresh_8_6_1_,
        members1_.role as role9_6_1_,
        clothesinf2_.id as id1_2_2_,
        clothesinf2_.categoryl as category2_2_2_,
        clothesinf2_.categorys as category3_2_2_,
        clothesinf2_.fit as fit4_2_2_,
        clothesinf2_.length as length5_2_2_,
        colors3_.id as id1_4_3_,
        colors3_.name as name2_4_3_,
        materials4_.id as id1_5_4_,
        materials4_.name as name2_5_4_,
        style5_.id as id1_14_5_,
        style5_.name as name2_14_5_,
        salesinfoc6_.id as id1_9_6_,
        salesinfoc6_.clothes_brand as clothes_2_9_6_,
        salesinfoc6_.clothes_color as clothes_3_9_6_,
        salesinfoc6_.clothes_gender as clothes_4_9_6_,
        salesinfoc6_.clothes_size as clothes_5_9_6_,
        salesinfos7_.id as id1_10_7_,
        salesinfos7_.status_score as status_s2_10_7_,
        salesinfos7_.status_tag as status_t3_10_7_,
        salesinfos7_.status_times as status_t4_10_7_,
        salesinfos7_.status_when2buy as status_w5_10_7_,
        salesinfos7_.transport as transpor6_10_7_,
        salesinfou8_.id as id1_11_8_,
        salesinfou8_.user_height as user_hei2_11_8_,
        salesinfou8_.user_size as user_siz3_11_8_,
        salesinfou8_.user_weight as user_wei4_11_8_ 
    from
        stores stores0_ 
    left outer join
        members members1_ 
            on stores0_.author_id=members1_.id 
    left outer join
        clothes_info clothesinf2_ 
            on stores0_.clothes_info_id=clothesinf2_.id 
    left outer join
        colors colors3_ 
            on stores0_.colors_name=colors3_.name 
    left outer join
        materials materials4_ 
            on stores0_.materials_name=materials4_.name 
    left outer join
        style style5_ 
            on stores0_.style_name=style5_.name 
    left outer join
        sales_info_clothes salesinfoc6_ 
            on stores0_.sales_info_clothes_id=salesinfoc6_.id 
    left outer join
        sales_info_status salesinfos7_ 
            on stores0_.sales_info_status_id=salesinfos7_.id 
    left outer join
        sales_info_user salesinfou8_ 
            on stores0_.sales_info_user_id=salesinfou8_.id 
    where
        stores0_.id=?
Hibernate: 
    select
        stores0_.id as id1_12_0_,
        stores0_.created_date as created_2_12_0_,
        stores0_.modified_date as modified3_12_0_,
        stores0_.author_id as author_i9_12_0_,
        stores0_.clothes_info_id as clothes10_12_0_,
        stores0_.colors_name as colors_11_12_0_,
        stores0_.materials_name as materia12_12_0_,
        stores0_.style_name as style_n13_12_0_,
        stores0_.clothes_length as clothes_4_12_0_,
        stores0_.content as content5_12_0_,
        stores0_.price as price6_12_0_,
        stores0_.sales_info_clothes_id as sales_i14_12_0_,
        stores0_.sales_info_status_id as sales_i15_12_0_,
        stores0_.sales_info_user_id as sales_i16_12_0_,
        stores0_.status as status7_12_0_,
        stores0_.title as title8_12_0_,
        members1_.id as id1_6_1_,
        members1_.email as email2_6_1_,
        members1_.image as image3_6_1_,
        members1_.name as name4_6_1_,
        members1_.nickname as nickname5_6_1_,
        members1_.password as password6_6_1_,
        members1_.phone as phone7_6_1_,
        members1_.refresh_token as refresh_8_6_1_,
        members1_.role as role9_6_1_,
        clothesinf2_.id as id1_2_2_,
        clothesinf2_.categoryl as category2_2_2_,
        clothesinf2_.categorys as category3_2_2_,
        clothesinf2_.fit as fit4_2_2_,
        clothesinf2_.length as length5_2_2_,
        colors3_.id as id1_4_3_,
        colors3_.name as name2_4_3_,
        materials4_.id as id1_5_4_,
        materials4_.name as name2_5_4_,
        style5_.id as id1_14_5_,
        style5_.name as name2_14_5_,
        salesinfoc6_.id as id1_9_6_,
        salesinfoc6_.clothes_brand as clothes_2_9_6_,
        salesinfoc6_.clothes_color as clothes_3_9_6_,
        salesinfoc6_.clothes_gender as clothes_4_9_6_,
        salesinfoc6_.clothes_size as clothes_5_9_6_,
        salesinfos7_.id as id1_10_7_,
        salesinfos7_.status_score as status_s2_10_7_,
        salesinfos7_.status_tag as status_t3_10_7_,
        salesinfos7_.status_times as status_t4_10_7_,
        salesinfos7_.status_when2buy as status_w5_10_7_,
        salesinfos7_.transport as transpor6_10_7_,
        salesinfou8_.id as id1_11_8_,
        salesinfou8_.user_height as user_hei2_11_8_,
        salesinfou8_.user_size as user_siz3_11_8_,
        salesinfou8_.user_weight as user_wei4_11_8_ 
    from
        stores stores0_ 
    left outer join
        members members1_ 
            on stores0_.author_id=members1_.id 
    left outer join
        clothes_info clothesinf2_ 
            on stores0_.clothes_info_id=clothesinf2_.id 
    left outer join
        colors colors3_ 
            on stores0_.colors_name=colors3_.name 
    left outer join
        materials materials4_ 
            on stores0_.materials_name=materials4_.name 
    left outer join
        style style5_ 
            on stores0_.style_name=style5_.name 
    left outer join
        sales_info_clothes salesinfoc6_ 
            on stores0_.sales_info_clothes_id=salesinfoc6_.id 
    left outer join
        sales_info_status salesinfos7_ 
            on stores0_.sales_info_status_id=salesinfos7_.id 
    left outer join
        sales_info_user salesinfou8_ 
            on stores0_.sales_info_user_id=salesinfou8_.id 
    where
        stores0_.id=?
Hibernate: 
    select
        stores0_.id as id1_12_0_,
        stores0_.created_date as created_2_12_0_,
        stores0_.modified_date as modified3_12_0_,
        stores0_.author_id as author_i9_12_0_,
        stores0_.clothes_info_id as clothes10_12_0_,
        stores0_.colors_name as colors_11_12_0_,
        stores0_.materials_name as materia12_12_0_,
        stores0_.style_name as style_n13_12_0_,
        stores0_.clothes_length as clothes_4_12_0_,
        stores0_.content as content5_12_0_,
        stores0_.price as price6_12_0_,
        stores0_.sales_info_clothes_id as sales_i14_12_0_,
        stores0_.sales_info_status_id as sales_i15_12_0_,
        stores0_.sales_info_user_id as sales_i16_12_0_,
        stores0_.status as status7_12_0_,
        stores0_.title as title8_12_0_,
        members1_.id as id1_6_1_,
        members1_.email as email2_6_1_,
        members1_.image as image3_6_1_,
        members1_.name as name4_6_1_,
        members1_.nickname as nickname5_6_1_,
        members1_.password as password6_6_1_,
        members1_.phone as phone7_6_1_,
        members1_.refresh_token as refresh_8_6_1_,
        members1_.role as role9_6_1_,
        clothesinf2_.id as id1_2_2_,
        clothesinf2_.categoryl as category2_2_2_,
        clothesinf2_.categorys as category3_2_2_,
        clothesinf2_.fit as fit4_2_2_,
        clothesinf2_.length as length5_2_2_,
        colors3_.id as id1_4_3_,
        colors3_.name as name2_4_3_,
        materials4_.id as id1_5_4_,
        materials4_.name as name2_5_4_,
        style5_.id as id1_14_5_,
        style5_.name as name2_14_5_,
        salesinfoc6_.id as id1_9_6_,
        salesinfoc6_.clothes_brand as clothes_2_9_6_,
        salesinfoc6_.clothes_color as clothes_3_9_6_,
        salesinfoc6_.clothes_gender as clothes_4_9_6_,
        salesinfoc6_.clothes_size as clothes_5_9_6_,
        salesinfos7_.id as id1_10_7_,
        salesinfos7_.status_score as status_s2_10_7_,
        salesinfos7_.status_tag as status_t3_10_7_,
        salesinfos7_.status_times as status_t4_10_7_,
        salesinfos7_.status_when2buy as status_w5_10_7_,
        salesinfos7_.transport as transpor6_10_7_,
        salesinfou8_.id as id1_11_8_,
        salesinfou8_.user_height as user_hei2_11_8_,
        salesinfou8_.user_size as user_siz3_11_8_,
        salesinfou8_.user_weight as user_wei4_11_8_ 
    from
        stores stores0_ 
    left outer join
        members members1_ 
            on stores0_.author_id=members1_.id 
    left outer join
        clothes_info clothesinf2_ 
            on stores0_.clothes_info_id=clothesinf2_.id 
    left outer join
        colors colors3_ 
            on stores0_.colors_name=colors3_.name 
    left outer join
        materials materials4_ 
            on stores0_.materials_name=materials4_.name 
    left outer join
        style style5_ 
            on stores0_.style_name=style5_.name 
    left outer join
        sales_info_clothes salesinfoc6_ 
            on stores0_.sales_info_clothes_id=salesinfoc6_.id 
    left outer join
        sales_info_status salesinfos7_ 
            on stores0_.sales_info_status_id=salesinfos7_.id 
    left outer join
        sales_info_user salesinfou8_ 
            on stores0_.sales_info_user_id=salesinfou8_.id 
    where
        stores0_.id=?
Hibernate: 
    select
        stores0_.id as id1_12_0_,
        stores0_.created_date as created_2_12_0_,
        stores0_.modified_date as modified3_12_0_,
        stores0_.author_id as author_i9_12_0_,
        stores0_.clothes_info_id as clothes10_12_0_,
        stores0_.colors_name as colors_11_12_0_,
        stores0_.materials_name as materia12_12_0_,
        stores0_.style_name as style_n13_12_0_,
        stores0_.clothes_length as clothes_4_12_0_,
        stores0_.content as content5_12_0_,
        stores0_.price as price6_12_0_,
        stores0_.sales_info_clothes_id as sales_i14_12_0_,
        stores0_.sales_info_status_id as sales_i15_12_0_,
        stores0_.sales_info_user_id as sales_i16_12_0_,
        stores0_.status as status7_12_0_,
        stores0_.title as title8_12_0_,
        members1_.id as id1_6_1_,
        members1_.email as email2_6_1_,
        members1_.image as image3_6_1_,
        members1_.name as name4_6_1_,
        members1_.nickname as nickname5_6_1_,
        members1_.password as password6_6_1_,
        members1_.phone as phone7_6_1_,
        members1_.refresh_token as refresh_8_6_1_,
        members1_.role as role9_6_1_,
        clothesinf2_.id as id1_2_2_,
        clothesinf2_.categoryl as category2_2_2_,
        clothesinf2_.categorys as category3_2_2_,
        clothesinf2_.fit as fit4_2_2_,
        clothesinf2_.length as length5_2_2_,
        colors3_.id as id1_4_3_,
        colors3_.name as name2_4_3_,
        materials4_.id as id1_5_4_,
        materials4_.name as name2_5_4_,
        style5_.id as id1_14_5_,
        style5_.name as name2_14_5_,
        salesinfoc6_.id as id1_9_6_,
        salesinfoc6_.clothes_brand as clothes_2_9_6_,
        salesinfoc6_.clothes_color as clothes_3_9_6_,
        salesinfoc6_.clothes_gender as clothes_4_9_6_,
        salesinfoc6_.clothes_size as clothes_5_9_6_,
        salesinfos7_.id as id1_10_7_,
        salesinfos7_.status_score as status_s2_10_7_,
        salesinfos7_.status_tag as status_t3_10_7_,
        salesinfos7_.status_times as status_t4_10_7_,
        salesinfos7_.status_when2buy as status_w5_10_7_,
        salesinfos7_.transport as transpor6_10_7_,
        salesinfou8_.id as id1_11_8_,
        salesinfou8_.user_height as user_hei2_11_8_,
        salesinfou8_.user_size as user_siz3_11_8_,
        salesinfou8_.user_weight as user_wei4_11_8_ 
    from
        stores stores0_ 
    left outer join
        members members1_ 
            on stores0_.author_id=members1_.id 
    left outer join
        clothes_info clothesinf2_ 
            on stores0_.clothes_info_id=clothesinf2_.id 
    left outer join
        colors colors3_ 
            on stores0_.colors_name=colors3_.name 
    left outer join
        materials materials4_ 
            on stores0_.materials_name=materials4_.name 
    left outer join
        style style5_ 
            on stores0_.style_name=style5_.name 
    left outer join
        sales_info_clothes salesinfoc6_ 
            on stores0_.sales_info_clothes_id=salesinfoc6_.id 
    left outer join
        sales_info_status salesinfos7_ 
            on stores0_.sales_info_status_id=salesinfos7_.id 
    left outer join
        sales_info_user salesinfou8_ 
            on stores0_.sales_info_user_id=salesinfou8_.id 
    where
        stores0_.id=?
Hibernate: 
    select
        stores0_.id as id1_12_0_,
        stores0_.created_date as created_2_12_0_,
        stores0_.modified_date as modified3_12_0_,
        stores0_.author_id as author_i9_12_0_,
        stores0_.clothes_info_id as clothes10_12_0_,
        stores0_.colors_name as colors_11_12_0_,
        stores0_.materials_name as materia12_12_0_,
        stores0_.style_name as style_n13_12_0_,
        stores0_.clothes_length as clothes_4_12_0_,
        stores0_.content as content5_12_0_,
        stores0_.price as price6_12_0_,
        stores0_.sales_info_clothes_id as sales_i14_12_0_,
        stores0_.sales_info_status_id as sales_i15_12_0_,
        stores0_.sales_info_user_id as sales_i16_12_0_,
        stores0_.status as status7_12_0_,
        stores0_.title as title8_12_0_,
        members1_.id as id1_6_1_,
        members1_.email as email2_6_1_,
        members1_.image as image3_6_1_,
        members1_.name as name4_6_1_,
        members1_.nickname as nickname5_6_1_,
        members1_.password as password6_6_1_,
        members1_.phone as phone7_6_1_,
        members1_.refresh_token as refresh_8_6_1_,
        members1_.role as role9_6_1_,
        clothesinf2_.id as id1_2_2_,
        clothesinf2_.categoryl as category2_2_2_,
        clothesinf2_.categorys as category3_2_2_,
        clothesinf2_.fit as fit4_2_2_,
        clothesinf2_.length as length5_2_2_,
        colors3_.id as id1_4_3_,
        colors3_.name as name2_4_3_,
        materials4_.id as id1_5_4_,
        materials4_.name as name2_5_4_,
        style5_.id as id1_14_5_,
        style5_.name as name2_14_5_,
        salesinfoc6_.id as id1_9_6_,
        salesinfoc6_.clothes_brand as clothes_2_9_6_,
        salesinfoc6_.clothes_color as clothes_3_9_6_,
        salesinfoc6_.clothes_gender as clothes_4_9_6_,
        salesinfoc6_.clothes_size as clothes_5_9_6_,
        salesinfos7_.id as id1_10_7_,
        salesinfos7_.status_score as status_s2_10_7_,
        salesinfos7_.status_tag as status_t3_10_7_,
        salesinfos7_.status_times as status_t4_10_7_,
        salesinfos7_.status_when2buy as status_w5_10_7_,
        salesinfos7_.transport as transpor6_10_7_,
        salesinfou8_.id as id1_11_8_,
        salesinfou8_.user_height as user_hei2_11_8_,
        salesinfou8_.user_size as user_siz3_11_8_,
        salesinfou8_.user_weight as user_wei4_11_8_ 
    from
        stores stores0_ 
    left outer join
        members members1_ 
            on stores0_.author_id=members1_.id 
    left outer join
        clothes_info clothesinf2_ 
            on stores0_.clothes_info_id=clothesinf2_.id 
    left outer join
        colors colors3_ 
            on stores0_.colors_name=colors3_.name 
    left outer join
        materials materials4_ 
            on stores0_.materials_name=materials4_.name 
    left outer join
        style style5_ 
            on stores0_.style_name=style5_.name 
    left outer join
        sales_info_clothes salesinfoc6_ 
            on stores0_.sales_info_clothes_id=salesinfoc6_.id 
    left outer join
        sales_info_status salesinfos7_ 
            on stores0_.sales_info_status_id=salesinfos7_.id 
    left outer join
        sales_info_user salesinfou8_ 
            on stores0_.sales_info_user_id=salesinfou8_.id 
    where
        stores0_.id=?
Hibernate: 
    select
        stores0_.id as id1_12_0_,
        stores0_.created_date as created_2_12_0_,
        stores0_.modified_date as modified3_12_0_,
        stores0_.author_id as author_i9_12_0_,
        stores0_.clothes_info_id as clothes10_12_0_,
        stores0_.colors_name as colors_11_12_0_,
        stores0_.materials_name as materia12_12_0_,
        stores0_.style_name as style_n13_12_0_,
        stores0_.clothes_length as clothes_4_12_0_,
        stores0_.content as content5_12_0_,
        stores0_.price as price6_12_0_,
        stores0_.sales_info_clothes_id as sales_i14_12_0_,
        stores0_.sales_info_status_id as sales_i15_12_0_,
        stores0_.sales_info_user_id as sales_i16_12_0_,
        stores0_.status as status7_12_0_,
        stores0_.title as title8_12_0_,
        members1_.id as id1_6_1_,
        members1_.email as email2_6_1_,
        members1_.image as image3_6_1_,
        members1_.name as name4_6_1_,
        members1_.nickname as nickname5_6_1_,
        members1_.password as password6_6_1_,
        members1_.phone as phone7_6_1_,
        members1_.refresh_token as refresh_8_6_1_,
        members1_.role as role9_6_1_,
        clothesinf2_.id as id1_2_2_,
        clothesinf2_.categoryl as category2_2_2_,
        clothesinf2_.categorys as category3_2_2_,
        clothesinf2_.fit as fit4_2_2_,
        clothesinf2_.length as length5_2_2_,
        colors3_.id as id1_4_3_,
        colors3_.name as name2_4_3_,
        materials4_.id as id1_5_4_,
        materials4_.name as name2_5_4_,
        style5_.id as id1_14_5_,
        style5_.name as name2_14_5_,
        salesinfoc6_.id as id1_9_6_,
        salesinfoc6_.clothes_brand as clothes_2_9_6_,
        salesinfoc6_.clothes_color as clothes_3_9_6_,
        salesinfoc6_.clothes_gender as clothes_4_9_6_,
        salesinfoc6_.clothes_size as clothes_5_9_6_,
        salesinfos7_.id as id1_10_7_,
        salesinfos7_.status_score as status_s2_10_7_,
        salesinfos7_.status_tag as status_t3_10_7_,
        salesinfos7_.status_times as status_t4_10_7_,
        salesinfos7_.status_when2buy as status_w5_10_7_,
        salesinfos7_.transport as transpor6_10_7_,
        salesinfou8_.id as id1_11_8_,
        salesinfou8_.user_height as user_hei2_11_8_,
        salesinfou8_.user_size as user_siz3_11_8_,
        salesinfou8_.user_weight as user_wei4_11_8_ 
    from
        stores stores0_ 
    left outer join
        members members1_ 
            on stores0_.author_id=members1_.id 
    left outer join
        clothes_info clothesinf2_ 
            on stores0_.clothes_info_id=clothesinf2_.id 
    left outer join
        colors colors3_ 
            on stores0_.colors_name=colors3_.name 
    left outer join
        materials materials4_ 
            on stores0_.materials_name=materials4_.name 
    left outer join
        style style5_ 
            on stores0_.style_name=style5_.name 
    left outer join
        sales_info_clothes salesinfoc6_ 
            on stores0_.sales_info_clothes_id=salesinfoc6_.id 
    left outer join
        sales_info_status salesinfos7_ 
            on stores0_.sales_info_status_id=salesinfos7_.id 
    left outer join
        sales_info_user salesinfou8_ 
            on stores0_.sales_info_user_id=salesinfou8_.id 
    where
        stores0_.id=?
Hibernate: 
    select
        stores0_.id as id1_12_0_,
        stores0_.created_date as created_2_12_0_,
        stores0_.modified_date as modified3_12_0_,
        stores0_.author_id as author_i9_12_0_,
        stores0_.clothes_info_id as clothes10_12_0_,
        stores0_.colors_name as colors_11_12_0_,
        stores0_.materials_name as materia12_12_0_,
        stores0_.style_name as style_n13_12_0_,
        stores0_.clothes_length as clothes_4_12_0_,
        stores0_.content as content5_12_0_,
        stores0_.price as price6_12_0_,
        stores0_.sales_info_clothes_id as sales_i14_12_0_,
        stores0_.sales_info_status_id as sales_i15_12_0_,
        stores0_.sales_info_user_id as sales_i16_12_0_,
        stores0_.status as status7_12_0_,
        stores0_.title as title8_12_0_,
        members1_.id as id1_6_1_,
        members1_.email as email2_6_1_,
        members1_.image as image3_6_1_,
        members1_.name as name4_6_1_,
        members1_.nickname as nickname5_6_1_,
        members1_.password as password6_6_1_,
        members1_.phone as phone7_6_1_,
        members1_.refresh_token as refresh_8_6_1_,
        members1_.role as role9_6_1_,
        clothesinf2_.id as id1_2_2_,
        clothesinf2_.categoryl as category2_2_2_,
        clothesinf2_.categorys as category3_2_2_,
        clothesinf2_.fit as fit4_2_2_,
        clothesinf2_.length as length5_2_2_,
        colors3_.id as id1_4_3_,
        colors3_.name as name2_4_3_,
        materials4_.id as id1_5_4_,
        materials4_.name as name2_5_4_,
        style5_.id as id1_14_5_,
        style5_.name as name2_14_5_,
        salesinfoc6_.id as id1_9_6_,
        salesinfoc6_.clothes_brand as clothes_2_9_6_,
        salesinfoc6_.clothes_color as clothes_3_9_6_,
        salesinfoc6_.clothes_gender as clothes_4_9_6_,
        salesinfoc6_.clothes_size as clothes_5_9_6_,
        salesinfos7_.id as id1_10_7_,
        salesinfos7_.status_score as status_s2_10_7_,
        salesinfos7_.status_tag as status_t3_10_7_,
        salesinfos7_.status_times as status_t4_10_7_,
        salesinfos7_.status_when2buy as status_w5_10_7_,
        salesinfos7_.transport as transpor6_10_7_,
        salesinfou8_.id as id1_11_8_,
        salesinfou8_.user_height as user_hei2_11_8_,
        salesinfou8_.user_size as user_siz3_11_8_,
        salesinfou8_.user_weight as user_wei4_11_8_ 
    from
        stores stores0_ 
    left outer join
        members members1_ 
            on stores0_.author_id=members1_.id 
    left outer join
        clothes_info clothesinf2_ 
            on stores0_.clothes_info_id=clothesinf2_.id 
    left outer join
        colors colors3_ 
            on stores0_.colors_name=colors3_.name 
    left outer join
        materials materials4_ 
            on stores0_.materials_name=materials4_.name 
    left outer join
        style style5_ 
            on stores0_.style_name=style5_.name 
    left outer join
        sales_info_clothes salesinfoc6_ 
            on stores0_.sales_info_clothes_id=salesinfoc6_.id 
    left outer join
        sales_info_status salesinfos7_ 
            on stores0_.sales_info_status_id=salesinfos7_.id 
    left outer join
        sales_info_user salesinfou8_ 
            on stores0_.sales_info_user_id=salesinfou8_.id 
    where
        stores0_.id=?
Hibernate: 
    select
        stores0_.id as id1_12_0_,
        stores0_.created_date as created_2_12_0_,
        stores0_.modified_date as modified3_12_0_,
        stores0_.author_id as author_i9_12_0_,
        stores0_.clothes_info_id as clothes10_12_0_,
        stores0_.colors_name as colors_11_12_0_,
        stores0_.materials_name as materia12_12_0_,
        stores0_.style_name as style_n13_12_0_,
        stores0_.clothes_length as clothes_4_12_0_,
        stores0_.content as content5_12_0_,
        stores0_.price as price6_12_0_,
        stores0_.sales_info_clothes_id as sales_i14_12_0_,
        stores0_.sales_info_status_id as sales_i15_12_0_,
        stores0_.sales_info_user_id as sales_i16_12_0_,
        stores0_.status as status7_12_0_,
        stores0_.title as title8_12_0_,
        members1_.id as id1_6_1_,
        members1_.email as email2_6_1_,
        members1_.image as image3_6_1_,
        members1_.name as name4_6_1_,
        members1_.nickname as nickname5_6_1_,
        members1_.password as password6_6_1_,
        members1_.phone as phone7_6_1_,
        members1_.refresh_token as refresh_8_6_1_,
        members1_.role as role9_6_1_,
        clothesinf2_.id as id1_2_2_,
        clothesinf2_.categoryl as category2_2_2_,
        clothesinf2_.categorys as category3_2_2_,
        clothesinf2_.fit as fit4_2_2_,
        clothesinf2_.length as length5_2_2_,
        colors3_.id as id1_4_3_,
        colors3_.name as name2_4_3_,
        materials4_.id as id1_5_4_,
        materials4_.name as name2_5_4_,
        style5_.id as id1_14_5_,
        style5_.name as name2_14_5_,
        salesinfoc6_.id as id1_9_6_,
        salesinfoc6_.clothes_brand as clothes_2_9_6_,
        salesinfoc6_.clothes_color as clothes_3_9_6_,
        salesinfoc6_.clothes_gender as clothes_4_9_6_,
        salesinfoc6_.clothes_size as clothes_5_9_6_,
        salesinfos7_.id as id1_10_7_,
        salesinfos7_.status_score as status_s2_10_7_,
        salesinfos7_.status_tag as status_t3_10_7_,
        salesinfos7_.status_times as status_t4_10_7_,
        salesinfos7_.status_when2buy as status_w5_10_7_,
        salesinfos7_.transport as transpor6_10_7_,
        salesinfou8_.id as id1_11_8_,
        salesinfou8_.user_height as user_hei2_11_8_,
        salesinfou8_.user_size as user_siz3_11_8_,
        salesinfou8_.user_weight as user_wei4_11_8_ 
    from
        stores stores0_ 
    left outer join
        members members1_ 
            on stores0_.author_id=members1_.id 
    left outer join
        clothes_info clothesinf2_ 
            on stores0_.clothes_info_id=clothesinf2_.id 
    left outer join
        colors colors3_ 
            on stores0_.colors_name=colors3_.name 
    left outer join
        materials materials4_ 
            on stores0_.materials_name=materials4_.name 
    left outer join
        style style5_ 
            on stores0_.style_name=style5_.name 
    left outer join
        sales_info_clothes salesinfoc6_ 
            on stores0_.sales_info_clothes_id=salesinfoc6_.id 
    left outer join
        sales_info_status salesinfos7_ 
            on stores0_.sales_info_status_id=salesinfos7_.id 
    left outer join
        sales_info_user salesinfou8_ 
            on stores0_.sales_info_user_id=salesinfou8_.id 
    where
        stores0_.id=?
Hibernate: 
    select
        stores0_.id as id1_12_0_,
        stores0_.created_date as created_2_12_0_,
        stores0_.modified_date as modified3_12_0_,
        stores0_.author_id as author_i9_12_0_,
        stores0_.clothes_info_id as clothes10_12_0_,
        stores0_.colors_name as colors_11_12_0_,
        stores0_.materials_name as materia12_12_0_,
        stores0_.style_name as style_n13_12_0_,
        stores0_.clothes_length as clothes_4_12_0_,
        stores0_.content as content5_12_0_,
        stores0_.price as price6_12_0_,
        stores0_.sales_info_clothes_id as sales_i14_12_0_,
        stores0_.sales_info_status_id as sales_i15_12_0_,
        stores0_.sales_info_user_id as sales_i16_12_0_,
        stores0_.status as status7_12_0_,
        stores0_.title as title8_12_0_,
        members1_.id as id1_6_1_,
        members1_.email as email2_6_1_,
        members1_.image as image3_6_1_,
        members1_.name as name4_6_1_,
        members1_.nickname as nickname5_6_1_,
        members1_.password as password6_6_1_,
        members1_.phone as phone7_6_1_,
        members1_.refresh_token as refresh_8_6_1_,
        members1_.role as role9_6_1_,
        clothesinf2_.id as id1_2_2_,
        clothesinf2_.categoryl as category2_2_2_,
        clothesinf2_.categorys as category3_2_2_,
        clothesinf2_.fit as fit4_2_2_,
        clothesinf2_.length as length5_2_2_,
        colors3_.id as id1_4_3_,
        colors3_.name as name2_4_3_,
        materials4_.id as id1_5_4_,
        materials4_.name as name2_5_4_,
        style5_.id as id1_14_5_,
        style5_.name as name2_14_5_,
        salesinfoc6_.id as id1_9_6_,
        salesinfoc6_.clothes_brand as clothes_2_9_6_,
        salesinfoc6_.clothes_color as clothes_3_9_6_,
        salesinfoc6_.clothes_gender as clothes_4_9_6_,
        salesinfoc6_.clothes_size as clothes_5_9_6_,
        salesinfos7_.id as id1_10_7_,
        salesinfos7_.status_score as status_s2_10_7_,
        salesinfos7_.status_tag as status_t3_10_7_,
        salesinfos7_.status_times as status_t4_10_7_,
        salesinfos7_.status_when2buy as status_w5_10_7_,
        salesinfos7_.transport as transpor6_10_7_,
        salesinfou8_.id as id1_11_8_,
        salesinfou8_.user_height as user_hei2_11_8_,
        salesinfou8_.user_size as user_siz3_11_8_,
        salesinfou8_.user_weight as user_wei4_11_8_ 
    from
        stores stores0_ 
    left outer join
        members members1_ 
            on stores0_.author_id=members1_.id 
    left outer join
        clothes_info clothesinf2_ 
            on stores0_.clothes_info_id=clothesinf2_.id 
    left outer join
        colors colors3_ 
            on stores0_.colors_name=colors3_.name 
    left outer join
        materials materials4_ 
            on stores0_.materials_name=materials4_.name 
    left outer join
        style style5_ 
            on stores0_.style_name=style5_.name 
    left outer join
        sales_info_clothes salesinfoc6_ 
            on stores0_.sales_info_clothes_id=salesinfoc6_.id 
    left outer join
        sales_info_status salesinfos7_ 
            on stores0_.sales_info_status_id=salesinfos7_.id 
    left outer join
        sales_info_user salesinfou8_ 
            on stores0_.sales_info_user_id=salesinfou8_.id 
    where
        stores0_.id=?
Hibernate: 
    select
        stores0_.id as id1_12_0_,
        stores0_.created_date as created_2_12_0_,
        stores0_.modified_date as modified3_12_0_,
        stores0_.author_id as author_i9_12_0_,
        stores0_.clothes_info_id as clothes10_12_0_,
        stores0_.colors_name as colors_11_12_0_,
        stores0_.materials_name as materia12_12_0_,
        stores0_.style_name as style_n13_12_0_,
        stores0_.clothes_length as clothes_4_12_0_,
        stores0_.content as content5_12_0_,
        stores0_.price as price6_12_0_,
        stores0_.sales_info_clothes_id as sales_i14_12_0_,
        stores0_.sales_info_status_id as sales_i15_12_0_,
        stores0_.sales_info_user_id as sales_i16_12_0_,
        stores0_.status as status7_12_0_,
        stores0_.title as title8_12_0_,
        members1_.id as id1_6_1_,
        members1_.email as email2_6_1_,
        members1_.image as image3_6_1_,
        members1_.name as name4_6_1_,
        members1_.nickname as nickname5_6_1_,
        members1_.password as password6_6_1_,
        members1_.phone as phone7_6_1_,
        members1_.refresh_token as refresh_8_6_1_,
        members1_.role as role9_6_1_,
        clothesinf2_.id as id1_2_2_,
        clothesinf2_.categoryl as category2_2_2_,
        clothesinf2_.categorys as category3_2_2_,
        clothesinf2_.fit as fit4_2_2_,
        clothesinf2_.length as length5_2_2_,
        colors3_.id as id1_4_3_,
        colors3_.name as name2_4_3_,
        materials4_.id as id1_5_4_,
        materials4_.name as name2_5_4_,
        style5_.id as id1_14_5_,
        style5_.name as name2_14_5_,
        salesinfoc6_.id as id1_9_6_,
        salesinfoc6_.clothes_brand as clothes_2_9_6_,
        salesinfoc6_.clothes_color as clothes_3_9_6_,
        salesinfoc6_.clothes_gender as clothes_4_9_6_,
        salesinfoc6_.clothes_size as clothes_5_9_6_,
        salesinfos7_.id as id1_10_7_,
        salesinfos7_.status_score as status_s2_10_7_,
        salesinfos7_.status_tag as status_t3_10_7_,
        salesinfos7_.status_times as status_t4_10_7_,
        salesinfos7_.status_when2buy as status_w5_10_7_,
        salesinfos7_.transport as transpor6_10_7_,
        salesinfou8_.id as id1_11_8_,
        salesinfou8_.user_height as user_hei2_11_8_,
        salesinfou8_.user_size as user_siz3_11_8_,
        salesinfou8_.user_weight as user_wei4_11_8_ 
    from
        stores stores0_ 
    left outer join
        members members1_ 
            on stores0_.author_id=members1_.id 
    left outer join
        clothes_info clothesinf2_ 
            on stores0_.clothes_info_id=clothesinf2_.id 
    left outer join
        colors colors3_ 
            on stores0_.colors_name=colors3_.name 
    left outer join
        materials materials4_ 
            on stores0_.materials_name=materials4_.name 
    left outer join
        style style5_ 
            on stores0_.style_name=style5_.name 
    left outer join
        sales_info_clothes salesinfoc6_ 
            on stores0_.sales_info_clothes_id=salesinfoc6_.id 
    left outer join
        sales_info_status salesinfos7_ 
            on stores0_.sales_info_status_id=salesinfos7_.id 
    left outer join
        sales_info_user salesinfou8_ 
            on stores0_.sales_info_user_id=salesinfou8_.id 
    where
        stores0_.id=?
Hibernate: 
    select
        stores0_.id as id1_12_0_,
        stores0_.created_date as created_2_12_0_,
        stores0_.modified_date as modified3_12_0_,
        stores0_.author_id as author_i9_12_0_,
        stores0_.clothes_info_id as clothes10_12_0_,
        stores0_.colors_name as colors_11_12_0_,
        stores0_.materials_name as materia12_12_0_,
        stores0_.style_name as style_n13_12_0_,
        stores0_.clothes_length as clothes_4_12_0_,
        stores0_.content as content5_12_0_,
        stores0_.price as price6_12_0_,
        stores0_.sales_info_clothes_id as sales_i14_12_0_,
        stores0_.sales_info_status_id as sales_i15_12_0_,
        stores0_.sales_info_user_id as sales_i16_12_0_,
        stores0_.status as status7_12_0_,
        stores0_.title as title8_12_0_,
        members1_.id as id1_6_1_,
        members1_.email as email2_6_1_,
        members1_.image as image3_6_1_,
        members1_.name as name4_6_1_,
        members1_.nickname as nickname5_6_1_,
        members1_.password as password6_6_1_,
        members1_.phone as phone7_6_1_,
        members1_.refresh_token as refresh_8_6_1_,
        members1_.role as role9_6_1_,
        clothesinf2_.id as id1_2_2_,
        clothesinf2_.categoryl as category2_2_2_,
        clothesinf2_.categorys as category3_2_2_,
        clothesinf2_.fit as fit4_2_2_,
        clothesinf2_.length as length5_2_2_,
        colors3_.id as id1_4_3_,
        colors3_.name as name2_4_3_,
        materials4_.id as id1_5_4_,
        materials4_.name as name2_5_4_,
        style5_.id as id1_14_5_,
        style5_.name as name2_14_5_,
        salesinfoc6_.id as id1_9_6_,
        salesinfoc6_.clothes_brand as clothes_2_9_6_,
        salesinfoc6_.clothes_color as clothes_3_9_6_,
        salesinfoc6_.clothes_gender as clothes_4_9_6_,
        salesinfoc6_.clothes_size as clothes_5_9_6_,
        salesinfos7_.id as id1_10_7_,
        salesinfos7_.status_score as status_s2_10_7_,
        salesinfos7_.status_tag as status_t3_10_7_,
        salesinfos7_.status_times as status_t4_10_7_,
        salesinfos7_.status_when2buy as status_w5_10_7_,
        salesinfos7_.transport as transpor6_10_7_,
        salesinfou8_.id as id1_11_8_,
        salesinfou8_.user_height as user_hei2_11_8_,
        salesinfou8_.user_size as user_siz3_11_8_,
        salesinfou8_.user_weight as user_wei4_11_8_ 
    from
        stores stores0_ 
    left outer join
        members members1_ 
            on stores0_.author_id=members1_.id 
    left outer join
        clothes_info clothesinf2_ 
            on stores0_.clothes_info_id=clothesinf2_.id 
    left outer join
        colors colors3_ 
            on stores0_.colors_name=colors3_.name 
    left outer join
        materials materials4_ 
            on stores0_.materials_name=materials4_.name 
    left outer join
        style style5_ 
            on stores0_.style_name=style5_.name 
    left outer join
        sales_info_clothes salesinfoc6_ 
            on stores0_.sales_info_clothes_id=salesinfoc6_.id 
    left outer join
        sales_info_status salesinfos7_ 
            on stores0_.sales_info_status_id=salesinfos7_.id 
    left outer join
        sales_info_user salesinfou8_ 
            on stores0_.sales_info_user_id=salesinfou8_.id 
    where
        stores0_.id=?
Hibernate: 
    select
        stores0_.id as id1_12_0_,
        stores0_.created_date as created_2_12_0_,
        stores0_.modified_date as modified3_12_0_,
        stores0_.author_id as author_i9_12_0_,
        stores0_.clothes_info_id as clothes10_12_0_,
        stores0_.colors_name as colors_11_12_0_,
        stores0_.materials_name as materia12_12_0_,
        stores0_.style_name as style_n13_12_0_,
        stores0_.clothes_length as clothes_4_12_0_,
        stores0_.content as content5_12_0_,
        stores0_.price as price6_12_0_,
        stores0_.sales_info_clothes_id as sales_i14_12_0_,
        stores0_.sales_info_status_id as sales_i15_12_0_,
        stores0_.sales_info_user_id as sales_i16_12_0_,
        stores0_.status as status7_12_0_,
        stores0_.title as title8_12_0_,
        members1_.id as id1_6_1_,
        members1_.email as email2_6_1_,
        members1_.image as image3_6_1_,
        members1_.name as name4_6_1_,
        members1_.nickname as nickname5_6_1_,
        members1_.password as password6_6_1_,
        members1_.phone as phone7_6_1_,
        members1_.refresh_token as refresh_8_6_1_,
        members1_.role as role9_6_1_,
        clothesinf2_.id as id1_2_2_,
        clothesinf2_.categoryl as category2_2_2_,
        clothesinf2_.categorys as category3_2_2_,
        clothesinf2_.fit as fit4_2_2_,
        clothesinf2_.length as length5_2_2_,
        colors3_.id as id1_4_3_,
        colors3_.name as name2_4_3_,
        materials4_.id as id1_5_4_,
        materials4_.name as name2_5_4_,
        style5_.id as id1_14_5_,
        style5_.name as name2_14_5_,
        salesinfoc6_.id as id1_9_6_,
        salesinfoc6_.clothes_brand as clothes_2_9_6_,
        salesinfoc6_.clothes_color as clothes_3_9_6_,
        salesinfoc6_.clothes_gender as clothes_4_9_6_,
        salesinfoc6_.clothes_size as clothes_5_9_6_,
        salesinfos7_.id as id1_10_7_,
        salesinfos7_.status_score as status_s2_10_7_,
        salesinfos7_.status_tag as status_t3_10_7_,
        salesinfos7_.status_times as status_t4_10_7_,
        salesinfos7_.status_when2buy as status_w5_10_7_,
        salesinfos7_.transport as transpor6_10_7_,
        salesinfou8_.id as id1_11_8_,
        salesinfou8_.user_height as user_hei2_11_8_,
        salesinfou8_.user_size as user_siz3_11_8_,
        salesinfou8_.user_weight as user_wei4_11_8_ 
    from
        stores stores0_ 
    left outer join
        members members1_ 
            on stores0_.author_id=members1_.id 
    left outer join
        clothes_info clothesinf2_ 
            on stores0_.clothes_info_id=clothesinf2_.id 
    left outer join
        colors colors3_ 
            on stores0_.colors_name=colors3_.name 
    left outer join
        materials materials4_ 
            on stores0_.materials_name=materials4_.name 
    left outer join
        style style5_ 
            on stores0_.style_name=style5_.name 
    left outer join
        sales_info_clothes salesinfoc6_ 
            on stores0_.sales_info_clothes_id=salesinfoc6_.id 
    left outer join
        sales_info_status salesinfos7_ 
            on stores0_.sales_info_status_id=salesinfos7_.id 
    left outer join
        sales_info_user salesinfou8_ 
            on stores0_.sales_info_user_id=salesinfou8_.id 
    where
        stores0_.id=?
Hibernate: 
    select
        stores0_.id as id1_12_0_,
        stores0_.created_date as created_2_12_0_,
        stores0_.modified_date as modified3_12_0_,
        stores0_.author_id as author_i9_12_0_,
        stores0_.clothes_info_id as clothes10_12_0_,
        stores0_.colors_name as colors_11_12_0_,
        stores0_.materials_name as materia12_12_0_,
        stores0_.style_name as style_n13_12_0_,
        stores0_.clothes_length as clothes_4_12_0_,
        stores0_.content as content5_12_0_,
        stores0_.price as price6_12_0_,
        stores0_.sales_info_clothes_id as sales_i14_12_0_,
        stores0_.sales_info_status_id as sales_i15_12_0_,
        stores0_.sales_info_user_id as sales_i16_12_0_,
        stores0_.status as status7_12_0_,
        stores0_.title as title8_12_0_,
        members1_.id as id1_6_1_,
        members1_.email as email2_6_1_,
        members1_.image as image3_6_1_,
        members1_.name as name4_6_1_,
        members1_.nickname as nickname5_6_1_,
        members1_.password as password6_6_1_,
        members1_.phone as phone7_6_1_,
        members1_.refresh_token as refresh_8_6_1_,
        members1_.role as role9_6_1_,
        clothesinf2_.id as id1_2_2_,
        clothesinf2_.categoryl as category2_2_2_,
        clothesinf2_.categorys as category3_2_2_,
        clothesinf2_.fit as fit4_2_2_,
        clothesinf2_.length as length5_2_2_,
        colors3_.id as id1_4_3_,
        colors3_.name as name2_4_3_,
        materials4_.id as id1_5_4_,
        materials4_.name as name2_5_4_,
        style5_.id as id1_14_5_,
        style5_.name as name2_14_5_,
        salesinfoc6_.id as id1_9_6_,
        salesinfoc6_.clothes_brand as clothes_2_9_6_,
        salesinfoc6_.clothes_color as clothes_3_9_6_,
        salesinfoc6_.clothes_gender as clothes_4_9_6_,
        salesinfoc6_.clothes_size as clothes_5_9_6_,
        salesinfos7_.id as id1_10_7_,
        salesinfos7_.status_score as status_s2_10_7_,
        salesinfos7_.status_tag as status_t3_10_7_,
        salesinfos7_.status_times as status_t4_10_7_,
        salesinfos7_.status_when2buy as status_w5_10_7_,
        salesinfos7_.transport as transpor6_10_7_,
        salesinfou8_.id as id1_11_8_,
        salesinfou8_.user_height as user_hei2_11_8_,
        salesinfou8_.user_size as user_siz3_11_8_,
        salesinfou8_.user_weight as user_wei4_11_8_ 
    from
        stores stores0_ 
    left outer join
        members members1_ 
            on stores0_.author_id=members1_.id 
    left outer join
        clothes_info clothesinf2_ 
            on stores0_.clothes_info_id=clothesinf2_.id 
    left outer join
        colors colors3_ 
            on stores0_.colors_name=colors3_.name 
    left outer join
        materials materials4_ 
            on stores0_.materials_name=materials4_.name 
    left outer join
        style style5_ 
            on stores0_.style_name=style5_.name 
    left outer join
        sales_info_clothes salesinfoc6_ 
            on stores0_.sales_info_clothes_id=salesinfoc6_.id 
    left outer join
        sales_info_status salesinfos7_ 
            on stores0_.sales_info_status_id=salesinfos7_.id 
    left outer join
        sales_info_user salesinfou8_ 
            on stores0_.sales_info_user_id=salesinfou8_.id 
    where
        stores0_.id=?
Hibernate: 
    select
        stores0_.id as id1_12_0_,
        stores0_.created_date as created_2_12_0_,
        stores0_.modified_date as modified3_12_0_,
        stores0_.author_id as author_i9_12_0_,
        stores0_.clothes_info_id as clothes10_12_0_,
        stores0_.colors_name as colors_11_12_0_,
        stores0_.materials_name as materia12_12_0_,
        stores0_.style_name as style_n13_12_0_,
        stores0_.clothes_length as clothes_4_12_0_,
        stores0_.content as content5_12_0_,
        stores0_.price as price6_12_0_,
        stores0_.sales_info_clothes_id as sales_i14_12_0_,
        stores0_.sales_info_status_id as sales_i15_12_0_,
        stores0_.sales_info_user_id as sales_i16_12_0_,
        stores0_.status as status7_12_0_,
        stores0_.title as title8_12_0_,
        members1_.id as id1_6_1_,
        members1_.email as email2_6_1_,
        members1_.image as image3_6_1_,
        members1_.name as name4_6_1_,
        members1_.nickname as nickname5_6_1_,
        members1_.password as password6_6_1_,
        members1_.phone as phone7_6_1_,
        members1_.refresh_token as refresh_8_6_1_,
        members1_.role as role9_6_1_,
        clothesinf2_.id as id1_2_2_,
        clothesinf2_.categoryl as category2_2_2_,
        clothesinf2_.categorys as category3_2_2_,
        clothesinf2_.fit as fit4_2_2_,
        clothesinf2_.length as length5_2_2_,
        colors3_.id as id1_4_3_,
        colors3_.name as name2_4_3_,
        materials4_.id as id1_5_4_,
        materials4_.name as name2_5_4_,
        style5_.id as id1_14_5_,
        style5_.name as name2_14_5_,
        salesinfoc6_.id as id1_9_6_,
        salesinfoc6_.clothes_brand as clothes_2_9_6_,
        salesinfoc6_.clothes_color as clothes_3_9_6_,
        salesinfoc6_.clothes_gender as clothes_4_9_6_,
        salesinfoc6_.clothes_size as clothes_5_9_6_,
        salesinfos7_.id as id1_10_7_,
        salesinfos7_.status_score as status_s2_10_7_,
        salesinfos7_.status_tag as status_t3_10_7_,
        salesinfos7_.status_times as status_t4_10_7_,
        salesinfos7_.status_when2buy as status_w5_10_7_,
        salesinfos7_.transport as transpor6_10_7_,
        salesinfou8_.id as id1_11_8_,
        salesinfou8_.user_height as user_hei2_11_8_,
        salesinfou8_.user_size as user_siz3_11_8_,
        salesinfou8_.user_weight as user_wei4_11_8_ 
    from
        stores stores0_ 
    left outer join
        members members1_ 
            on stores0_.author_id=members1_.id 
    left outer join
        clothes_info clothesinf2_ 
            on stores0_.clothes_info_id=clothesinf2_.id 
    left outer join
        colors colors3_ 
            on stores0_.colors_name=colors3_.name 
    left outer join
        materials materials4_ 
            on stores0_.materials_name=materials4_.name 
    left outer join
        style style5_ 
            on stores0_.style_name=style5_.name 
    left outer join
        sales_info_clothes salesinfoc6_ 
            on stores0_.sales_info_clothes_id=salesinfoc6_.id 
    left outer join
        sales_info_status salesinfos7_ 
            on stores0_.sales_info_status_id=salesinfos7_.id 
    left outer join
        sales_info_user salesinfou8_ 
            on stores0_.sales_info_user_id=salesinfou8_.id 
    where
        stores0_.id=?
Hibernate: 
    select
        stores0_.id as id1_12_0_,
        stores0_.created_date as created_2_12_0_,
        stores0_.modified_date as modified3_12_0_,
        stores0_.author_id as author_i9_12_0_,
        stores0_.clothes_info_id as clothes10_12_0_,
        stores0_.colors_name as colors_11_12_0_,
        stores0_.materials_name as materia12_12_0_,
        stores0_.style_name as style_n13_12_0_,
        stores0_.clothes_length as clothes_4_12_0_,
        stores0_.content as content5_12_0_,
        stores0_.price as price6_12_0_,
        stores0_.sales_info_clothes_id as sales_i14_12_0_,
        stores0_.sales_info_status_id as sales_i15_12_0_,
        stores0_.sales_info_user_id as sales_i16_12_0_,
        stores0_.status as status7_12_0_,
        stores0_.title as title8_12_0_,
        members1_.id as id1_6_1_,
        members1_.email as email2_6_1_,
        members1_.image as image3_6_1_,
        members1_.name as name4_6_1_,
        members1_.nickname as nickname5_6_1_,
        members1_.password as password6_6_1_,
        members1_.phone as phone7_6_1_,
        members1_.refresh_token as refresh_8_6_1_,
        members1_.role as role9_6_1_,
        clothesinf2_.id as id1_2_2_,
        clothesinf2_.categoryl as category2_2_2_,
        clothesinf2_.categorys as category3_2_2_,
        clothesinf2_.fit as fit4_2_2_,
        clothesinf2_.length as length5_2_2_,
        colors3_.id as id1_4_3_,
        colors3_.name as name2_4_3_,
        materials4_.id as id1_5_4_,
        materials4_.name as name2_5_4_,
        style5_.id as id1_14_5_,
        style5_.name as name2_14_5_,
        salesinfoc6_.id as id1_9_6_,
        salesinfoc6_.clothes_brand as clothes_2_9_6_,
        salesinfoc6_.clothes_color as clothes_3_9_6_,
        salesinfoc6_.clothes_gender as clothes_4_9_6_,
        salesinfoc6_.clothes_size as clothes_5_9_6_,
        salesinfos7_.id as id1_10_7_,
        salesinfos7_.status_score as status_s2_10_7_,
        salesinfos7_.status_tag as status_t3_10_7_,
        salesinfos7_.status_times as status_t4_10_7_,
        salesinfos7_.status_when2buy as status_w5_10_7_,
        salesinfos7_.transport as transpor6_10_7_,
        salesinfou8_.id as id1_11_8_,
        salesinfou8_.user_height as user_hei2_11_8_,
        salesinfou8_.user_size as user_siz3_11_8_,
        salesinfou8_.user_weight as user_wei4_11_8_ 
    from
        stores stores0_ 
    left outer join
        members members1_ 
            on stores0_.author_id=members1_.id 
    left outer join
        clothes_info clothesinf2_ 
            on stores0_.clothes_info_id=clothesinf2_.id 
    left outer join
        colors colors3_ 
            on stores0_.colors_name=colors3_.name 
    left outer join
        materials materials4_ 
            on stores0_.materials_name=materials4_.name 
    left outer join
        style style5_ 
            on stores0_.style_name=style5_.name 
    left outer join
        sales_info_clothes salesinfoc6_ 
            on stores0_.sales_info_clothes_id=salesinfoc6_.id 
    left outer join
        sales_info_status salesinfos7_ 
            on stores0_.sales_info_status_id=salesinfos7_.id 
    left outer join
        sales_info_user salesinfou8_ 
            on stores0_.sales_info_user_id=salesinfou8_.id 
    where
        stores0_.id=?
Hibernate: 
    select
        stores0_.id as id1_12_0_,
        stores0_.created_date as created_2_12_0_,
        stores0_.modified_date as modified3_12_0_,
        stores0_.author_id as author_i9_12_0_,
        stores0_.clothes_info_id as clothes10_12_0_,
        stores0_.colors_name as colors_11_12_0_,
        stores0_.materials_name as materia12_12_0_,
        stores0_.style_name as style_n13_12_0_,
        stores0_.clothes_length as clothes_4_12_0_,
        stores0_.content as content5_12_0_,
        stores0_.price as price6_12_0_,
        stores0_.sales_info_clothes_id as sales_i14_12_0_,
        stores0_.sales_info_status_id as sales_i15_12_0_,
        stores0_.sales_info_user_id as sales_i16_12_0_,
        stores0_.status as status7_12_0_,
        stores0_.title as title8_12_0_,
        members1_.id as id1_6_1_,
        members1_.email as email2_6_1_,
        members1_.image as image3_6_1_,
        members1_.name as name4_6_1_,
        members1_.nickname as nickname5_6_1_,
        members1_.password as password6_6_1_,
        members1_.phone as phone7_6_1_,
        members1_.refresh_token as refresh_8_6_1_,
        members1_.role as role9_6_1_,
        clothesinf2_.id as id1_2_2_,
        clothesinf2_.categoryl as category2_2_2_,
        clothesinf2_.categorys as category3_2_2_,
        clothesinf2_.fit as fit4_2_2_,
        clothesinf2_.length as length5_2_2_,
        colors3_.id as id1_4_3_,
        colors3_.name as name2_4_3_,
        materials4_.id as id1_5_4_,
        materials4_.name as name2_5_4_,
        style5_.id as id1_14_5_,
        style5_.name as name2_14_5_,
        salesinfoc6_.id as id1_9_6_,
        salesinfoc6_.clothes_brand as clothes_2_9_6_,
        salesinfoc6_.clothes_color as clothes_3_9_6_,
        salesinfoc6_.clothes_gender as clothes_4_9_6_,
        salesinfoc6_.clothes_size as clothes_5_9_6_,
        salesinfos7_.id as id1_10_7_,
        salesinfos7_.status_score as status_s2_10_7_,
        salesinfos7_.status_tag as status_t3_10_7_,
        salesinfos7_.status_times as status_t4_10_7_,
        salesinfos7_.status_when2buy as status_w5_10_7_,
        salesinfos7_.transport as transpor6_10_7_,
        salesinfou8_.id as id1_11_8_,
        salesinfou8_.user_height as user_hei2_11_8_,
        salesinfou8_.user_size as user_siz3_11_8_,
        salesinfou8_.user_weight as user_wei4_11_8_ 
    from
        stores stores0_ 
    left outer join
        members members1_ 
            on stores0_.author_id=members1_.id 
    left outer join
        clothes_info clothesinf2_ 
            on stores0_.clothes_info_id=clothesinf2_.id 
    left outer join
        colors colors3_ 
            on stores0_.colors_name=colors3_.name 
    left outer join
        materials materials4_ 
            on stores0_.materials_name=materials4_.name 
    left outer join
        style style5_ 
            on stores0_.style_name=style5_.name 
    left outer join
        sales_info_clothes salesinfoc6_ 
            on stores0_.sales_info_clothes_id=salesinfoc6_.id 
    left outer join
        sales_info_status salesinfos7_ 
            on stores0_.sales_info_status_id=salesinfos7_.id 
    left outer join
        sales_info_user salesinfou8_ 
            on stores0_.sales_info_user_id=salesinfou8_.id 
    where
        stores0_.id=?
Hibernate: 
    select
        stores0_.id as id1_12_0_,
        stores0_.created_date as created_2_12_0_,
        stores0_.modified_date as modified3_12_0_,
        stores0_.author_id as author_i9_12_0_,
        stores0_.clothes_info_id as clothes10_12_0_,
        stores0_.colors_name as colors_11_12_0_,
        stores0_.materials_name as materia12_12_0_,
        stores0_.style_name as style_n13_12_0_,
        stores0_.clothes_length as clothes_4_12_0_,
        stores0_.content as content5_12_0_,
        stores0_.price as price6_12_0_,
        stores0_.sales_info_clothes_id as sales_i14_12_0_,
        stores0_.sales_info_status_id as sales_i15_12_0_,
        stores0_.sales_info_user_id as sales_i16_12_0_,
        stores0_.status as status7_12_0_,
        stores0_.title as title8_12_0_,
        members1_.id as id1_6_1_,
        members1_.email as email2_6_1_,
        members1_.image as image3_6_1_,
        members1_.name as name4_6_1_,
        members1_.nickname as nickname5_6_1_,
        members1_.password as password6_6_1_,
        members1_.phone as phone7_6_1_,
        members1_.refresh_token as refresh_8_6_1_,
        members1_.role as role9_6_1_,
        clothesinf2_.id as id1_2_2_,
        clothesinf2_.categoryl as category2_2_2_,
        clothesinf2_.categorys as category3_2_2_,
        clothesinf2_.fit as fit4_2_2_,
        clothesinf2_.length as length5_2_2_,
        colors3_.id as id1_4_3_,
        colors3_.name as name2_4_3_,
        materials4_.id as id1_5_4_,
        materials4_.name as name2_5_4_,
        style5_.id as id1_14_5_,
        style5_.name as name2_14_5_,
        salesinfoc6_.id as id1_9_6_,
        salesinfoc6_.clothes_brand as clothes_2_9_6_,
        salesinfoc6_.clothes_color as clothes_3_9_6_,
        salesinfoc6_.clothes_gender as clothes_4_9_6_,
        salesinfoc6_.clothes_size as clothes_5_9_6_,
        salesinfos7_.id as id1_10_7_,
        salesinfos7_.status_score as status_s2_10_7_,
        salesinfos7_.status_tag as status_t3_10_7_,
        salesinfos7_.status_times as status_t4_10_7_,
        salesinfos7_.status_when2buy as status_w5_10_7_,
        salesinfos7_.transport as transpor6_10_7_,
        salesinfou8_.id as id1_11_8_,
        salesinfou8_.user_height as user_hei2_11_8_,
        salesinfou8_.user_size as user_siz3_11_8_,
        salesinfou8_.user_weight as user_wei4_11_8_ 
    from
        stores stores0_ 
    left outer join
        members members1_ 
            on stores0_.author_id=members1_.id 
    left outer join
        clothes_info clothesinf2_ 
            on stores0_.clothes_info_id=clothesinf2_.id 
    left outer join
        colors colors3_ 
            on stores0_.colors_name=colors3_.name 
    left outer join
        materials materials4_ 
            on stores0_.materials_name=materials4_.name 
    left outer join
        style style5_ 
            on stores0_.style_name=style5_.name 
    left outer join
        sales_info_clothes salesinfoc6_ 
            on stores0_.sales_info_clothes_id=salesinfoc6_.id 
    left outer join
        sales_info_status salesinfos7_ 
            on stores0_.sales_info_status_id=salesinfos7_.id 
    left outer join
        sales_info_user salesinfou8_ 
            on stores0_.sales_info_user_id=salesinfou8_.id 
    where
        stores0_.id=?
Hibernate: 
    select
        stores0_.id as id1_12_0_,
        stores0_.created_date as created_2_12_0_,
        stores0_.modified_date as modified3_12_0_,
        stores0_.author_id as author_i9_12_0_,
        stores0_.clothes_info_id as clothes10_12_0_,
        stores0_.colors_name as colors_11_12_0_,
        stores0_.materials_name as materia12_12_0_,
        stores0_.style_name as style_n13_12_0_,
        stores0_.clothes_length as clothes_4_12_0_,
        stores0_.content as content5_12_0_,
        stores0_.price as price6_12_0_,
        stores0_.sales_info_clothes_id as sales_i14_12_0_,
        stores0_.sales_info_status_id as sales_i15_12_0_,
        stores0_.sales_info_user_id as sales_i16_12_0_,
        stores0_.status as status7_12_0_,
        stores0_.title as title8_12_0_,
        members1_.id as id1_6_1_,
        members1_.email as email2_6_1_,
        members1_.image as image3_6_1_,
        members1_.name as name4_6_1_,
        members1_.nickname as nickname5_6_1_,
        members1_.password as password6_6_1_,
        members1_.phone as phone7_6_1_,
        members1_.refresh_token as refresh_8_6_1_,
        members1_.role as role9_6_1_,
        clothesinf2_.id as id1_2_2_,
        clothesinf2_.categoryl as category2_2_2_,
        clothesinf2_.categorys as category3_2_2_,
        clothesinf2_.fit as fit4_2_2_,
        clothesinf2_.length as length5_2_2_,
        colors3_.id as id1_4_3_,
        colors3_.name as name2_4_3_,
        materials4_.id as id1_5_4_,
        materials4_.name as name2_5_4_,
        style5_.id as id1_14_5_,
        style5_.name as name2_14_5_,
        salesinfoc6_.id as id1_9_6_,
        salesinfoc6_.clothes_brand as clothes_2_9_6_,
        salesinfoc6_.clothes_color as clothes_3_9_6_,
        salesinfoc6_.clothes_gender as clothes_4_9_6_,
        salesinfoc6_.clothes_size as clothes_5_9_6_,
        salesinfos7_.id as id1_10_7_,
        salesinfos7_.status_score as status_s2_10_7_,
        salesinfos7_.status_tag as status_t3_10_7_,
        salesinfos7_.status_times as status_t4_10_7_,
        salesinfos7_.status_when2buy as status_w5_10_7_,
        salesinfos7_.transport as transpor6_10_7_,
        salesinfou8_.id as id1_11_8_,
        salesinfou8_.user_height as user_hei2_11_8_,
        salesinfou8_.user_size as user_siz3_11_8_,
        salesinfou8_.user_weight as user_wei4_11_8_ 
    from
        stores stores0_ 
    left outer join
        members members1_ 
            on stores0_.author_id=members1_.id 
    left outer join
        clothes_info clothesinf2_ 
            on stores0_.clothes_info_id=clothesinf2_.id 
    left outer join
        colors colors3_ 
            on stores0_.colors_name=colors3_.name 
    left outer join
        materials materials4_ 
            on stores0_.materials_name=materials4_.name 
    left outer join
        style style5_ 
            on stores0_.style_name=style5_.name 
    left outer join
        sales_info_clothes salesinfoc6_ 
            on stores0_.sales_info_clothes_id=salesinfoc6_.id 
    left outer join
        sales_info_status salesinfos7_ 
            on stores0_.sales_info_status_id=salesinfos7_.id 
    left outer join
        sales_info_user salesinfou8_ 
            on stores0_.sales_info_user_id=salesinfou8_.id 
    where
        stores0_.id=?
Hibernate: 
    select
        stores0_.id as id1_12_0_,
        stores0_.created_date as created_2_12_0_,
        stores0_.modified_date as modified3_12_0_,
        stores0_.author_id as author_i9_12_0_,
        stores0_.clothes_info_id as clothes10_12_0_,
        stores0_.colors_name as colors_11_12_0_,
        stores0_.materials_name as materia12_12_0_,
        stores0_.style_name as style_n13_12_0_,
        stores0_.clothes_length as clothes_4_12_0_,
        stores0_.content as content5_12_0_,
        stores0_.price as price6_12_0_,
        stores0_.sales_info_clothes_id as sales_i14_12_0_,
        stores0_.sales_info_status_id as sales_i15_12_0_,
        stores0_.sales_info_user_id as sales_i16_12_0_,
        stores0_.status as status7_12_0_,
        stores0_.title as title8_12_0_,
        members1_.id as id1_6_1_,
        members1_.email as email2_6_1_,
        members1_.image as image3_6_1_,
        members1_.name as name4_6_1_,
        members1_.nickname as nickname5_6_1_,
        members1_.password as password6_6_1_,
        members1_.phone as phone7_6_1_,
        members1_.refresh_token as refresh_8_6_1_,
        members1_.role as role9_6_1_,
        clothesinf2_.id as id1_2_2_,
        clothesinf2_.categoryl as category2_2_2_,
        clothesinf2_.categorys as category3_2_2_,
        clothesinf2_.fit as fit4_2_2_,
        clothesinf2_.length as length5_2_2_,
        colors3_.id as id1_4_3_,
        colors3_.name as name2_4_3_,
        materials4_.id as id1_5_4_,
        materials4_.name as name2_5_4_,
        style5_.id as id1_14_5_,
        style5_.name as name2_14_5_,
        salesinfoc6_.id as id1_9_6_,
        salesinfoc6_.clothes_brand as clothes_2_9_6_,
        salesinfoc6_.clothes_color as clothes_3_9_6_,
        salesinfoc6_.clothes_gender as clothes_4_9_6_,
        salesinfoc6_.clothes_size as clothes_5_9_6_,
        salesinfos7_.id as id1_10_7_,
        salesinfos7_.status_score as status_s2_10_7_,
        salesinfos7_.status_tag as status_t3_10_7_,
        salesinfos7_.status_times as status_t4_10_7_,
        salesinfos7_.status_when2buy as status_w5_10_7_,
        salesinfos7_.transport as transpor6_10_7_,
        salesinfou8_.id as id1_11_8_,
        salesinfou8_.user_height as user_hei2_11_8_,
        salesinfou8_.user_size as user_siz3_11_8_,
        salesinfou8_.user_weight as user_wei4_11_8_ 
    from
        stores stores0_ 
    left outer join
        members members1_ 
            on stores0_.author_id=members1_.id 
    left outer join
        clothes_info clothesinf2_ 
            on stores0_.clothes_info_id=clothesinf2_.id 
    left outer join
        colors colors3_ 
            on stores0_.colors_name=colors3_.name 
    left outer join
        materials materials4_ 
            on stores0_.materials_name=materials4_.name 
    left outer join
        style style5_ 
            on stores0_.style_name=style5_.name 
    left outer join
        sales_info_clothes salesinfoc6_ 
            on stores0_.sales_info_clothes_id=salesinfoc6_.id 
    left outer join
        sales_info_status salesinfos7_ 
            on stores0_.sales_info_status_id=salesinfos7_.id 
    left outer join
        sales_info_user salesinfou8_ 
            on stores0_.sales_info_user_id=salesinfou8_.id 
    where
        stores0_.id=?
Hibernate: 
    select
        stores0_.id as id1_12_0_,
        stores0_.created_date as created_2_12_0_,
        stores0_.modified_date as modified3_12_0_,
        stores0_.author_id as author_i9_12_0_,
        stores0_.clothes_info_id as clothes10_12_0_,
        stores0_.colors_name as colors_11_12_0_,
        stores0_.materials_name as materia12_12_0_,
        stores0_.style_name as style_n13_12_0_,
        stores0_.clothes_length as clothes_4_12_0_,
        stores0_.content as content5_12_0_,
        stores0_.price as price6_12_0_,
        stores0_.sales_info_clothes_id as sales_i14_12_0_,
        stores0_.sales_info_status_id as sales_i15_12_0_,
        stores0_.sales_info_user_id as sales_i16_12_0_,
        stores0_.status as status7_12_0_,
        stores0_.title as title8_12_0_,
        members1_.id as id1_6_1_,
        members1_.email as email2_6_1_,
        members1_.image as image3_6_1_,
        members1_.name as name4_6_1_,
        members1_.nickname as nickname5_6_1_,
        members1_.password as password6_6_1_,
        members1_.phone as phone7_6_1_,
        members1_.refresh_token as refresh_8_6_1_,
        members1_.role as role9_6_1_,
        clothesinf2_.id as id1_2_2_,
        clothesinf2_.categoryl as category2_2_2_,
        clothesinf2_.categorys as category3_2_2_,
        clothesinf2_.fit as fit4_2_2_,
        clothesinf2_.length as length5_2_2_,
        colors3_.id as id1_4_3_,
        colors3_.name as name2_4_3_,
        materials4_.id as id1_5_4_,
        materials4_.name as name2_5_4_,
        style5_.id as id1_14_5_,
        style5_.name as name2_14_5_,
        salesinfoc6_.id as id1_9_6_,
        salesinfoc6_.clothes_brand as clothes_2_9_6_,
        salesinfoc6_.clothes_color as clothes_3_9_6_,
        salesinfoc6_.clothes_gender as clothes_4_9_6_,
        salesinfoc6_.clothes_size as clothes_5_9_6_,
        salesinfos7_.id as id1_10_7_,
        salesinfos7_.status_score as status_s2_10_7_,
        salesinfos7_.status_tag as status_t3_10_7_,
        salesinfos7_.status_times as status_t4_10_7_,
        salesinfos7_.status_when2buy as status_w5_10_7_,
        salesinfos7_.transport as transpor6_10_7_,
        salesinfou8_.id as id1_11_8_,
        salesinfou8_.user_height as user_hei2_11_8_,
        salesinfou8_.user_size as user_siz3_11_8_,
        salesinfou8_.user_weight as user_wei4_11_8_ 
    from
        stores stores0_ 
    left outer join
        members members1_ 
            on stores0_.author_id=members1_.id 
    left outer join
        clothes_info clothesinf2_ 
            on stores0_.clothes_info_id=clothesinf2_.id 
    left outer join
        colors colors3_ 
            on stores0_.colors_name=colors3_.name 
    left outer join
        materials materials4_ 
            on stores0_.materials_name=materials4_.name 
    left outer join
        style style5_ 
            on stores0_.style_name=style5_.name 
    left outer join
        sales_info_clothes salesinfoc6_ 
            on stores0_.sales_info_clothes_id=salesinfoc6_.id 
    left outer join
        sales_info_status salesinfos7_ 
            on stores0_.sales_info_status_id=salesinfos7_.id 
    left outer join
        sales_info_user salesinfou8_ 
            on stores0_.sales_info_user_id=salesinfou8_.id 
    where
        stores0_.id=?
Hibernate: 
    select
        stores0_.id as id1_12_0_,
        stores0_.created_date as created_2_12_0_,
        stores0_.modified_date as modified3_12_0_,
        stores0_.author_id as author_i9_12_0_,
        stores0_.clothes_info_id as clothes10_12_0_,
        stores0_.colors_name as colors_11_12_0_,
        stores0_.materials_name as materia12_12_0_,
        stores0_.style_name as style_n13_12_0_,
        stores0_.clothes_length as clothes_4_12_0_,
        stores0_.content as content5_12_0_,
        stores0_.price as price6_12_0_,
        stores0_.sales_info_clothes_id as sales_i14_12_0_,
        stores0_.sales_info_status_id as sales_i15_12_0_,
        stores0_.sales_info_user_id as sales_i16_12_0_,
        stores0_.status as status7_12_0_,
        stores0_.title as title8_12_0_,
        members1_.id as id1_6_1_,
        members1_.email as email2_6_1_,
        members1_.image as image3_6_1_,
        members1_.name as name4_6_1_,
        members1_.nickname as nickname5_6_1_,
        members1_.password as password6_6_1_,
        members1_.phone as phone7_6_1_,
        members1_.refresh_token as refresh_8_6_1_,
        members1_.role as role9_6_1_,
        clothesinf2_.id as id1_2_2_,
        clothesinf2_.categoryl as category2_2_2_,
        clothesinf2_.categorys as category3_2_2_,
        clothesinf2_.fit as fit4_2_2_,
        clothesinf2_.length as length5_2_2_,
        colors3_.id as id1_4_3_,
        colors3_.name as name2_4_3_,
        materials4_.id as id1_5_4_,
        materials4_.name as name2_5_4_,
        style5_.id as id1_14_5_,
        style5_.name as name2_14_5_,
        salesinfoc6_.id as id1_9_6_,
        salesinfoc6_.clothes_brand as clothes_2_9_6_,
        salesinfoc6_.clothes_color as clothes_3_9_6_,
        salesinfoc6_.clothes_gender as clothes_4_9_6_,
        salesinfoc6_.clothes_size as clothes_5_9_6_,
        salesinfos7_.id as id1_10_7_,
        salesinfos7_.status_score as status_s2_10_7_,
        salesinfos7_.status_tag as status_t3_10_7_,
        salesinfos7_.status_times as status_t4_10_7_,
        salesinfos7_.status_when2buy as status_w5_10_7_,
        salesinfos7_.transport as transpor6_10_7_,
        salesinfou8_.id as id1_11_8_,
        salesinfou8_.user_height as user_hei2_11_8_,
        salesinfou8_.user_size as user_siz3_11_8_,
        salesinfou8_.user_weight as user_wei4_11_8_ 
    from
        stores stores0_ 
    left outer join
        members members1_ 
            on stores0_.author_id=members1_.id 
    left outer join
        clothes_info clothesinf2_ 
            on stores0_.clothes_info_id=clothesinf2_.id 
    left outer join
        colors colors3_ 
            on stores0_.colors_name=colors3_.name 
    left outer join
        materials materials4_ 
            on stores0_.materials_name=materials4_.name 
    left outer join
        style style5_ 
            on stores0_.style_name=style5_.name 
    left outer join
        sales_info_clothes salesinfoc6_ 
            on stores0_.sales_info_clothes_id=salesinfoc6_.id 
    left outer join
        sales_info_status salesinfos7_ 
            on stores0_.sales_info_status_id=salesinfos7_.id 
    left outer join
        sales_info_user salesinfou8_ 
            on stores0_.sales_info_user_id=salesinfou8_.id 
    where
        stores0_.id=?
Hibernate: 
    select
        stores0_.id as id1_12_0_,
        stores0_.created_date as created_2_12_0_,
        stores0_.modified_date as modified3_12_0_,
        stores0_.author_id as author_i9_12_0_,
        stores0_.clothes_info_id as clothes10_12_0_,
        stores0_.colors_name as colors_11_12_0_,
        stores0_.materials_name as materia12_12_0_,
        stores0_.style_name as style_n13_12_0_,
        stores0_.clothes_length as clothes_4_12_0_,
        stores0_.content as content5_12_0_,
        stores0_.price as price6_12_0_,
        stores0_.sales_info_clothes_id as sales_i14_12_0_,
        stores0_.sales_info_status_id as sales_i15_12_0_,
        stores0_.sales_info_user_id as sales_i16_12_0_,
        stores0_.status as status7_12_0_,
        stores0_.title as title8_12_0_,
        members1_.id as id1_6_1_,
        members1_.email as email2_6_1_,
        members1_.image as image3_6_1_,
        members1_.name as name4_6_1_,
        members1_.nickname as nickname5_6_1_,
        members1_.password as password6_6_1_,
        members1_.phone as phone7_6_1_,
        members1_.refresh_token as refresh_8_6_1_,
        members1_.role as role9_6_1_,
        clothesinf2_.id as id1_2_2_,
        clothesinf2_.categoryl as category2_2_2_,
        clothesinf2_.categorys as category3_2_2_,
        clothesinf2_.fit as fit4_2_2_,
        clothesinf2_.length as length5_2_2_,
        colors3_.id as id1_4_3_,
        colors3_.name as name2_4_3_,
        materials4_.id as id1_5_4_,
        materials4_.name as name2_5_4_,
        style5_.id as id1_14_5_,
        style5_.name as name2_14_5_,
        salesinfoc6_.id as id1_9_6_,
        salesinfoc6_.clothes_brand as clothes_2_9_6_,
        salesinfoc6_.clothes_color as clothes_3_9_6_,
        salesinfoc6_.clothes_gender as clothes_4_9_6_,
        salesinfoc6_.clothes_size as clothes_5_9_6_,
        salesinfos7_.id as id1_10_7_,
        salesinfos7_.status_score as status_s2_10_7_,
        salesinfos7_.status_tag as status_t3_10_7_,
        salesinfos7_.status_times as status_t4_10_7_,
        salesinfos7_.status_when2buy as status_w5_10_7_,
        salesinfos7_.transport as transpor6_10_7_,
        salesinfou8_.id as id1_11_8_,
        salesinfou8_.user_height as user_hei2_11_8_,
        salesinfou8_.user_size as user_siz3_11_8_,
        salesinfou8_.user_weight as user_wei4_11_8_ 
    from
        stores stores0_ 
    left outer join
        members members1_ 
            on stores0_.author_id=members1_.id 
    left outer join
        clothes_info clothesinf2_ 
            on stores0_.clothes_info_id=clothesinf2_.id 
    left outer join
        colors colors3_ 
            on stores0_.colors_name=colors3_.name 
    left outer join
        materials materials4_ 
            on stores0_.materials_name=materials4_.name 
    left outer join
        style style5_ 
            on stores0_.style_name=style5_.name 
    left outer join
        sales_info_clothes salesinfoc6_ 
            on stores0_.sales_info_clothes_id=salesinfoc6_.id 
    left outer join
        sales_info_status salesinfos7_ 
            on stores0_.sales_info_status_id=salesinfos7_.id 
    left outer join
        sales_info_user salesinfou8_ 
            on stores0_.sales_info_user_id=salesinfou8_.id 
    where
        stores0_.id=?
Hibernate: 
    select
        stores0_.id as id1_12_0_,
        stores0_.created_date as created_2_12_0_,
        stores0_.modified_date as modified3_12_0_,
        stores0_.author_id as author_i9_12_0_,
        stores0_.clothes_info_id as clothes10_12_0_,
        stores0_.colors_name as colors_11_12_0_,
        stores0_.materials_name as materia12_12_0_,
        stores0_.style_name as style_n13_12_0_,
        stores0_.clothes_length as clothes_4_12_0_,
        stores0_.content as content5_12_0_,
        stores0_.price as price6_12_0_,
        stores0_.sales_info_clothes_id as sales_i14_12_0_,
        stores0_.sales_info_status_id as sales_i15_12_0_,
        stores0_.sales_info_user_id as sales_i16_12_0_,
        stores0_.status as status7_12_0_,
        stores0_.title as title8_12_0_,
        members1_.id as id1_6_1_,
        members1_.email as email2_6_1_,
        members1_.image as image3_6_1_,
        members1_.name as name4_6_1_,
        members1_.nickname as nickname5_6_1_,
        members1_.password as password6_6_1_,
        members1_.phone as phone7_6_1_,
        members1_.refresh_token as refresh_8_6_1_,
        members1_.role as role9_6_1_,
        clothesinf2_.id as id1_2_2_,
        clothesinf2_.categoryl as category2_2_2_,
        clothesinf2_.categorys as category3_2_2_,
        clothesinf2_.fit as fit4_2_2_,
        clothesinf2_.length as length5_2_2_,
        colors3_.id as id1_4_3_,
        colors3_.name as name2_4_3_,
        materials4_.id as id1_5_4_,
        materials4_.name as name2_5_4_,
        style5_.id as id1_14_5_,
        style5_.name as name2_14_5_,
        salesinfoc6_.id as id1_9_6_,
        salesinfoc6_.clothes_brand as clothes_2_9_6_,
        salesinfoc6_.clothes_color as clothes_3_9_6_,
        salesinfoc6_.clothes_gender as clothes_4_9_6_,
        salesinfoc6_.clothes_size as clothes_5_9_6_,
        salesinfos7_.id as id1_10_7_,
        salesinfos7_.status_score as status_s2_10_7_,
        salesinfos7_.status_tag as status_t3_10_7_,
        salesinfos7_.status_times as status_t4_10_7_,
        salesinfos7_.status_when2buy as status_w5_10_7_,
        salesinfos7_.transport as transpor6_10_7_,
        salesinfou8_.id as id1_11_8_,
        salesinfou8_.user_height as user_hei2_11_8_,
        salesinfou8_.user_size as user_siz3_11_8_,
        salesinfou8_.user_weight as user_wei4_11_8_ 
    from
        stores stores0_ 
    left outer join
        members members1_ 
            on stores0_.author_id=members1_.id 
    left outer join
        clothes_info clothesinf2_ 
            on stores0_.clothes_info_id=clothesinf2_.id 
    left outer join
        colors colors3_ 
            on stores0_.colors_name=colors3_.name 
    left outer join
        materials materials4_ 
            on stores0_.materials_name=materials4_.name 
    left outer join
        style style5_ 
            on stores0_.style_name=style5_.name 
    left outer join
        sales_info_clothes salesinfoc6_ 
            on stores0_.sales_info_clothes_id=salesinfoc6_.id 
    left outer join
        sales_info_status salesinfos7_ 
            on stores0_.sales_info_status_id=salesinfos7_.id 
    left outer join
        sales_info_user salesinfou8_ 
            on stores0_.sales_info_user_id=salesinfou8_.id 
    where
        stores0_.id=?
Hibernate: 
    select
        stores0_.id as id1_12_0_,
        stores0_.created_date as created_2_12_0_,
        stores0_.modified_date as modified3_12_0_,
        stores0_.author_id as author_i9_12_0_,
        stores0_.clothes_info_id as clothes10_12_0_,
        stores0_.colors_name as colors_11_12_0_,
        stores0_.materials_name as materia12_12_0_,
        stores0_.style_name as style_n13_12_0_,
        stores0_.clothes_length as clothes_4_12_0_,
        stores0_.content as content5_12_0_,
        stores0_.price as price6_12_0_,
        stores0_.sales_info_clothes_id as sales_i14_12_0_,
        stores0_.sales_info_status_id as sales_i15_12_0_,
        stores0_.sales_info_user_id as sales_i16_12_0_,
        stores0_.status as status7_12_0_,
        stores0_.title as title8_12_0_,
        members1_.id as id1_6_1_,
        members1_.email as email2_6_1_,
        members1_.image as image3_6_1_,
        members1_.name as name4_6_1_,
        members1_.nickname as nickname5_6_1_,
        members1_.password as password6_6_1_,
        members1_.phone as phone7_6_1_,
        members1_.refresh_token as refresh_8_6_1_,
        members1_.role as role9_6_1_,
        clothesinf2_.id as id1_2_2_,
        clothesinf2_.categoryl as category2_2_2_,
        clothesinf2_.categorys as category3_2_2_,
        clothesinf2_.fit as fit4_2_2_,
        clothesinf2_.length as length5_2_2_,
        colors3_.id as id1_4_3_,
        colors3_.name as name2_4_3_,
        materials4_.id as id1_5_4_,
        materials4_.name as name2_5_4_,
        style5_.id as id1_14_5_,
        style5_.name as name2_14_5_,
        salesinfoc6_.id as id1_9_6_,
        salesinfoc6_.clothes_brand as clothes_2_9_6_,
        salesinfoc6_.clothes_color as clothes_3_9_6_,
        salesinfoc6_.clothes_gender as clothes_4_9_6_,
        salesinfoc6_.clothes_size as clothes_5_9_6_,
        salesinfos7_.id as id1_10_7_,
        salesinfos7_.status_score as status_s2_10_7_,
        salesinfos7_.status_tag as status_t3_10_7_,
        salesinfos7_.status_times as status_t4_10_7_,
        salesinfos7_.status_when2buy as status_w5_10_7_,
        salesinfos7_.transport as transpor6_10_7_,
        salesinfou8_.id as id1_11_8_,
        salesinfou8_.user_height as user_hei2_11_8_,
        salesinfou8_.user_size as user_siz3_11_8_,
        salesinfou8_.user_weight as user_wei4_11_8_ 
    from
        stores stores0_ 
    left outer join
        members members1_ 
            on stores0_.author_id=members1_.id 
    left outer join
        clothes_info clothesinf2_ 
            on stores0_.clothes_info_id=clothesinf2_.id 
    left outer join
        colors colors3_ 
            on stores0_.colors_name=colors3_.name 
    left outer join
        materials materials4_ 
            on stores0_.materials_name=materials4_.name 
    left outer join
        style style5_ 
            on stores0_.style_name=style5_.name 
    left outer join
        sales_info_clothes salesinfoc6_ 
            on stores0_.sales_info_clothes_id=salesinfoc6_.id 
    left outer join
        sales_info_status salesinfos7_ 
            on stores0_.sales_info_status_id=salesinfos7_.id 
    left outer join
        sales_info_user salesinfou8_ 
            on stores0_.sales_info_user_id=salesinfou8_.id 
    where
        stores0_.id=?
Hibernate: 
    select
        stores0_.id as id1_12_0_,
        stores0_.created_date as created_2_12_0_,
        stores0_.modified_date as modified3_12_0_,
        stores0_.author_id as author_i9_12_0_,
        stores0_.clothes_info_id as clothes10_12_0_,
        stores0_.colors_name as colors_11_12_0_,
        stores0_.materials_name as materia12_12_0_,
        stores0_.style_name as style_n13_12_0_,
        stores0_.clothes_length as clothes_4_12_0_,
        stores0_.content as content5_12_0_,
        stores0_.price as price6_12_0_,
        stores0_.sales_info_clothes_id as sales_i14_12_0_,
        stores0_.sales_info_status_id as sales_i15_12_0_,
        stores0_.sales_info_user_id as sales_i16_12_0_,
        stores0_.status as status7_12_0_,
        stores0_.title as title8_12_0_,
        members1_.id as id1_6_1_,
        members1_.email as email2_6_1_,
        members1_.image as image3_6_1_,
        members1_.name as name4_6_1_,
        members1_.nickname as nickname5_6_1_,
        members1_.password as password6_6_1_,
        members1_.phone as phone7_6_1_,
        members1_.refresh_token as refresh_8_6_1_,
        members1_.role as role9_6_1_,
        clothesinf2_.id as id1_2_2_,
        clothesinf2_.categoryl as category2_2_2_,
        clothesinf2_.categorys as category3_2_2_,
        clothesinf2_.fit as fit4_2_2_,
        clothesinf2_.length as length5_2_2_,
        colors3_.id as id1_4_3_,
        colors3_.name as name2_4_3_,
        materials4_.id as id1_5_4_,
        materials4_.name as name2_5_4_,
        style5_.id as id1_14_5_,
        style5_.name as name2_14_5_,
        salesinfoc6_.id as id1_9_6_,
        salesinfoc6_.clothes_brand as clothes_2_9_6_,
        salesinfoc6_.clothes_color as clothes_3_9_6_,
        salesinfoc6_.clothes_gender as clothes_4_9_6_,
        salesinfoc6_.clothes_size as clothes_5_9_6_,
        salesinfos7_.id as id1_10_7_,
        salesinfos7_.status_score as status_s2_10_7_,
        salesinfos7_.status_tag as status_t3_10_7_,
        salesinfos7_.status_times as status_t4_10_7_,
        salesinfos7_.status_when2buy as status_w5_10_7_,
        salesinfos7_.transport as transpor6_10_7_,
        salesinfou8_.id as id1_11_8_,
        salesinfou8_.user_height as user_hei2_11_8_,
        salesinfou8_.user_size as user_siz3_11_8_,
        salesinfou8_.user_weight as user_wei4_11_8_ 
    from
        stores stores0_ 
    left outer join
        members members1_ 
            on stores0_.author_id=members1_.id 
    left outer join
        clothes_info clothesinf2_ 
            on stores0_.clothes_info_id=clothesinf2_.id 
    left outer join
        colors colors3_ 
            on stores0_.colors_name=colors3_.name 
    left outer join
        materials materials4_ 
            on stores0_.materials_name=materials4_.name 
    left outer join
        style style5_ 
            on stores0_.style_name=style5_.name 
    left outer join
        sales_info_clothes salesinfoc6_ 
            on stores0_.sales_info_clothes_id=salesinfoc6_.id 
    left outer join
        sales_info_status salesinfos7_ 
            on stores0_.sales_info_status_id=salesinfos7_.id 
    left outer join
        sales_info_user salesinfou8_ 
            on stores0_.sales_info_user_id=salesinfou8_.id 
    where
        stores0_.id=?
Hibernate: 
    select
        stores0_.id as id1_12_0_,
        stores0_.created_date as created_2_12_0_,
        stores0_.modified_date as modified3_12_0_,
        stores0_.author_id as author_i9_12_0_,
        stores0_.clothes_info_id as clothes10_12_0_,
        stores0_.colors_name as colors_11_12_0_,
        stores0_.materials_name as materia12_12_0_,
        stores0_.style_name as style_n13_12_0_,
        stores0_.clothes_length as clothes_4_12_0_,
        stores0_.content as content5_12_0_,
        stores0_.price as price6_12_0_,
        stores0_.sales_info_clothes_id as sales_i14_12_0_,
        stores0_.sales_info_status_id as sales_i15_12_0_,
        stores0_.sales_info_user_id as sales_i16_12_0_,
        stores0_.status as status7_12_0_,
        stores0_.title as title8_12_0_,
        members1_.id as id1_6_1_,
        members1_.email as email2_6_1_,
        members1_.image as image3_6_1_,
        members1_.name as name4_6_1_,
        members1_.nickname as nickname5_6_1_,
        members1_.password as password6_6_1_,
        members1_.phone as phone7_6_1_,
        members1_.refresh_token as refresh_8_6_1_,
        members1_.role as role9_6_1_,
        clothesinf2_.id as id1_2_2_,
        clothesinf2_.categoryl as category2_2_2_,
        clothesinf2_.categorys as category3_2_2_,
        clothesinf2_.fit as fit4_2_2_,
        clothesinf2_.length as length5_2_2_,
        colors3_.id as id1_4_3_,
        colors3_.name as name2_4_3_,
        materials4_.id as id1_5_4_,
        materials4_.name as name2_5_4_,
        style5_.id as id1_14_5_,
        style5_.name as name2_14_5_,
        salesinfoc6_.id as id1_9_6_,
        salesinfoc6_.clothes_brand as clothes_2_9_6_,
        salesinfoc6_.clothes_color as clothes_3_9_6_,
        salesinfoc6_.clothes_gender as clothes_4_9_6_,
        salesinfoc6_.clothes_size as clothes_5_9_6_,
        salesinfos7_.id as id1_10_7_,
        salesinfos7_.status_score as status_s2_10_7_,
        salesinfos7_.status_tag as status_t3_10_7_,
        salesinfos7_.status_times as status_t4_10_7_,
        salesinfos7_.status_when2buy as status_w5_10_7_,
        salesinfos7_.transport as transpor6_10_7_,
        salesinfou8_.id as id1_11_8_,
        salesinfou8_.user_height as user_hei2_11_8_,
        salesinfou8_.user_size as user_siz3_11_8_,
        salesinfou8_.user_weight as user_wei4_11_8_ 
    from
        stores stores0_ 
    left outer join
        members members1_ 
            on stores0_.author_id=members1_.id 
    left outer join
        clothes_info clothesinf2_ 
            on stores0_.clothes_info_id=clothesinf2_.id 
    left outer join
        colors colors3_ 
            on stores0_.colors_name=colors3_.name 
    left outer join
        materials materials4_ 
            on stores0_.materials_name=materials4_.name 
    left outer join
        style style5_ 
            on stores0_.style_name=style5_.name 
    left outer join
        sales_info_clothes salesinfoc6_ 
            on stores0_.sales_info_clothes_id=salesinfoc6_.id 
    left outer join
        sales_info_status salesinfos7_ 
            on stores0_.sales_info_status_id=salesinfos7_.id 
    left outer join
        sales_info_user salesinfou8_ 
            on stores0_.sales_info_user_id=salesinfou8_.id 
    where
        stores0_.id=?
Hibernate: 
    select
        stores0_.id as id1_12_0_,
        stores0_.created_date as created_2_12_0_,
        stores0_.modified_date as modified3_12_0_,
        stores0_.author_id as author_i9_12_0_,
        stores0_.clothes_info_id as clothes10_12_0_,
        stores0_.colors_name as colors_11_12_0_,
        stores0_.materials_name as materia12_12_0_,
        stores0_.style_name as style_n13_12_0_,
        stores0_.clothes_length as clothes_4_12_0_,
        stores0_.content as content5_12_0_,
        stores0_.price as price6_12_0_,
        stores0_.sales_info_clothes_id as sales_i14_12_0_,
        stores0_.sales_info_status_id as sales_i15_12_0_,
        stores0_.sales_info_user_id as sales_i16_12_0_,
        stores0_.status as status7_12_0_,
        stores0_.title as title8_12_0_,
        members1_.id as id1_6_1_,
        members1_.email as email2_6_1_,
        members1_.image as image3_6_1_,
        members1_.name as name4_6_1_,
        members1_.nickname as nickname5_6_1_,
        members1_.password as password6_6_1_,
        members1_.phone as phone7_6_1_,
        members1_.refresh_token as refresh_8_6_1_,
        members1_.role as role9_6_1_,
        clothesinf2_.id as id1_2_2_,
        clothesinf2_.categoryl as category2_2_2_,
        clothesinf2_.categorys as category3_2_2_,
        clothesinf2_.fit as fit4_2_2_,
        clothesinf2_.length as length5_2_2_,
        colors3_.id as id1_4_3_,
        colors3_.name as name2_4_3_,
        materials4_.id as id1_5_4_,
        materials4_.name as name2_5_4_,
        style5_.id as id1_14_5_,
        style5_.name as name2_14_5_,
        salesinfoc6_.id as id1_9_6_,
        salesinfoc6_.clothes_brand as clothes_2_9_6_,
        salesinfoc6_.clothes_color as clothes_3_9_6_,
        salesinfoc6_.clothes_gender as clothes_4_9_6_,
        salesinfoc6_.clothes_size as clothes_5_9_6_,
        salesinfos7_.id as id1_10_7_,
        salesinfos7_.status_score as status_s2_10_7_,
        salesinfos7_.status_tag as status_t3_10_7_,
        salesinfos7_.status_times as status_t4_10_7_,
        salesinfos7_.status_when2buy as status_w5_10_7_,
        salesinfos7_.transport as transpor6_10_7_,
        salesinfou8_.id as id1_11_8_,
        salesinfou8_.user_height as user_hei2_11_8_,
        salesinfou8_.user_size as user_siz3_11_8_,
        salesinfou8_.user_weight as user_wei4_11_8_ 
    from
        stores stores0_ 
    left outer join
        members members1_ 
            on stores0_.author_id=members1_.id 
    left outer join
        clothes_info clothesinf2_ 
            on stores0_.clothes_info_id=clothesinf2_.id 
    left outer join
        colors colors3_ 
            on stores0_.colors_name=colors3_.name 
    left outer join
        materials materials4_ 
            on stores0_.materials_name=materials4_.name 
    left outer join
        style style5_ 
            on stores0_.style_name=style5_.name 
    left outer join
        sales_info_clothes salesinfoc6_ 
            on stores0_.sales_info_clothes_id=salesinfoc6_.id 
    left outer join
        sales_info_status salesinfos7_ 
            on stores0_.sales_info_status_id=salesinfos7_.id 
    left outer join
        sales_info_user salesinfou8_ 
            on stores0_.sales_info_user_id=salesinfou8_.id 
    where
        stores0_.id=?
Hibernate: 
    select
        stores0_.id as id1_12_0_,
        stores0_.created_date as created_2_12_0_,
        stores0_.modified_date as modified3_12_0_,
        stores0_.author_id as author_i9_12_0_,
        stores0_.clothes_info_id as clothes10_12_0_,
        stores0_.colors_name as colors_11_12_0_,
        stores0_.materials_name as materia12_12_0_,
        stores0_.style_name as style_n13_12_0_,
        stores0_.clothes_length as clothes_4_12_0_,
        stores0_.content as content5_12_0_,
        stores0_.price as price6_12_0_,
        stores0_.sales_info_clothes_id as sales_i14_12_0_,
        stores0_.sales_info_status_id as sales_i15_12_0_,
        stores0_.sales_info_user_id as sales_i16_12_0_,
        stores0_.status as status7_12_0_,
        stores0_.title as title8_12_0_,
        members1_.id as id1_6_1_,
        members1_.email as email2_6_1_,
        members1_.image as image3_6_1_,
        members1_.name as name4_6_1_,
        members1_.nickname as nickname5_6_1_,
        members1_.password as password6_6_1_,
        members1_.phone as phone7_6_1_,
        members1_.refresh_token as refresh_8_6_1_,
        members1_.role as role9_6_1_,
        clothesinf2_.id as id1_2_2_,
        clothesinf2_.categoryl as category2_2_2_,
        clothesinf2_.categorys as category3_2_2_,
        clothesinf2_.fit as fit4_2_2_,
        clothesinf2_.length as length5_2_2_,
        colors3_.id as id1_4_3_,
        colors3_.name as name2_4_3_,
        materials4_.id as id1_5_4_,
        materials4_.name as name2_5_4_,
        style5_.id as id1_14_5_,
        style5_.name as name2_14_5_,
        salesinfoc6_.id as id1_9_6_,
        salesinfoc6_.clothes_brand as clothes_2_9_6_,
        salesinfoc6_.clothes_color as clothes_3_9_6_,
        salesinfoc6_.clothes_gender as clothes_4_9_6_,
        salesinfoc6_.clothes_size as clothes_5_9_6_,
        salesinfos7_.id as id1_10_7_,
        salesinfos7_.status_score as status_s2_10_7_,
        salesinfos7_.status_tag as status_t3_10_7_,
        salesinfos7_.status_times as status_t4_10_7_,
        salesinfos7_.status_when2buy as status_w5_10_7_,
        salesinfos7_.transport as transpor6_10_7_,
        salesinfou8_.id as id1_11_8_,
        salesinfou8_.user_height as user_hei2_11_8_,
        salesinfou8_.user_size as user_siz3_11_8_,
        salesinfou8_.user_weight as user_wei4_11_8_ 
    from
        stores stores0_ 
    left outer join
        members members1_ 
            on stores0_.author_id=members1_.id 
    left outer join
        clothes_info clothesinf2_ 
            on stores0_.clothes_info_id=clothesinf2_.id 
    left outer join
        colors colors3_ 
            on stores0_.colors_name=colors3_.name 
    left outer join
        materials materials4_ 
            on stores0_.materials_name=materials4_.name 
    left outer join
        style style5_ 
            on stores0_.style_name=style5_.name 
    left outer join
        sales_info_clothes salesinfoc6_ 
            on stores0_.sales_info_clothes_id=salesinfoc6_.id 
    left outer join
        sales_info_status salesinfos7_ 
            on stores0_.sales_info_status_id=salesinfos7_.id 
    left outer join
        sales_info_user salesinfou8_ 
            on stores0_.sales_info_user_id=salesinfou8_.id 
    where
        stores0_.id=?
Hibernate: 
    select
        stores0_.id as id1_12_0_,
        stores0_.created_date as created_2_12_0_,
        stores0_.modified_date as modified3_12_0_,
        stores0_.author_id as author_i9_12_0_,
        stores0_.clothes_info_id as clothes10_12_0_,
        stores0_.colors_name as colors_11_12_0_,
        stores0_.materials_name as materia12_12_0_,
        stores0_.style_name as style_n13_12_0_,
        stores0_.clothes_length as clothes_4_12_0_,
        stores0_.content as content5_12_0_,
        stores0_.price as price6_12_0_,
        stores0_.sales_info_clothes_id as sales_i14_12_0_,
        stores0_.sales_info_status_id as sales_i15_12_0_,
        stores0_.sales_info_user_id as sales_i16_12_0_,
        stores0_.status as status7_12_0_,
        stores0_.title as title8_12_0_,
        members1_.id as id1_6_1_,
        members1_.email as email2_6_1_,
        members1_.image as image3_6_1_,
        members1_.name as name4_6_1_,
        members1_.nickname as nickname5_6_1_,
        members1_.password as password6_6_1_,
        members1_.phone as phone7_6_1_,
        members1_.refresh_token as refresh_8_6_1_,
        members1_.role as role9_6_1_,
        clothesinf2_.id as id1_2_2_,
        clothesinf2_.categoryl as category2_2_2_,
        clothesinf2_.categorys as category3_2_2_,
        clothesinf2_.fit as fit4_2_2_,
        clothesinf2_.length as length5_2_2_,
        colors3_.id as id1_4_3_,
        colors3_.name as name2_4_3_,
        materials4_.id as id1_5_4_,
        materials4_.name as name2_5_4_,
        style5_.id as id1_14_5_,
        style5_.name as name2_14_5_,
        salesinfoc6_.id as id1_9_6_,
        salesinfoc6_.clothes_brand as clothes_2_9_6_,
        salesinfoc6_.clothes_color as clothes_3_9_6_,
        salesinfoc6_.clothes_gender as clothes_4_9_6_,
        salesinfoc6_.clothes_size as clothes_5_9_6_,
        salesinfos7_.id as id1_10_7_,
        salesinfos7_.status_score as status_s2_10_7_,
        salesinfos7_.status_tag as status_t3_10_7_,
        salesinfos7_.status_times as status_t4_10_7_,
        salesinfos7_.status_when2buy as status_w5_10_7_,
        salesinfos7_.transport as transpor6_10_7_,
        salesinfou8_.id as id1_11_8_,
        salesinfou8_.user_height as user_hei2_11_8_,
        salesinfou8_.user_size as user_siz3_11_8_,
        salesinfou8_.user_weight as user_wei4_11_8_ 
    from
        stores stores0_ 
    left outer join
        members members1_ 
            on stores0_.author_id=members1_.id 
    left outer join
        clothes_info clothesinf2_ 
            on stores0_.clothes_info_id=clothesinf2_.id 
    left outer join
        colors colors3_ 
            on stores0_.colors_name=colors3_.name 
    left outer join
        materials materials4_ 
            on stores0_.materials_name=materials4_.name 
    left outer join
        style style5_ 
            on stores0_.style_name=style5_.name 
    left outer join
        sales_info_clothes salesinfoc6_ 
            on stores0_.sales_info_clothes_id=salesinfoc6_.id 
    left outer join
        sales_info_status salesinfos7_ 
            on stores0_.sales_info_status_id=salesinfos7_.id 
    left outer join
        sales_info_user salesinfou8_ 
            on stores0_.sales_info_user_id=salesinfou8_.id 
    where
        stores0_.id=?
Hibernate: 
    select
        stores0_.id as id1_12_0_,
        stores0_.created_date as created_2_12_0_,
        stores0_.modified_date as modified3_12_0_,
        stores0_.author_id as author_i9_12_0_,
        stores0_.clothes_info_id as clothes10_12_0_,
        stores0_.colors_name as colors_11_12_0_,
        stores0_.materials_name as materia12_12_0_,
        stores0_.style_name as style_n13_12_0_,
        stores0_.clothes_length as clothes_4_12_0_,
        stores0_.content as content5_12_0_,
        stores0_.price as price6_12_0_,
        stores0_.sales_info_clothes_id as sales_i14_12_0_,
        stores0_.sales_info_status_id as sales_i15_12_0_,
        stores0_.sales_info_user_id as sales_i16_12_0_,
        stores0_.status as status7_12_0_,
        stores0_.title as title8_12_0_,
        members1_.id as id1_6_1_,
        members1_.email as email2_6_1_,
        members1_.image as image3_6_1_,
        members1_.name as name4_6_1_,
        members1_.nickname as nickname5_6_1_,
        members1_.password as password6_6_1_,
        members1_.phone as phone7_6_1_,
        members1_.refresh_token as refresh_8_6_1_,
        members1_.role as role9_6_1_,
        clothesinf2_.id as id1_2_2_,
        clothesinf2_.categoryl as category2_2_2_,
        clothesinf2_.categorys as category3_2_2_,
        clothesinf2_.fit as fit4_2_2_,
        clothesinf2_.length as length5_2_2_,
        colors3_.id as id1_4_3_,
        colors3_.name as name2_4_3_,
        materials4_.id as id1_5_4_,
        materials4_.name as name2_5_4_,
        style5_.id as id1_14_5_,
        style5_.name as name2_14_5_,
        salesinfoc6_.id as id1_9_6_,
        salesinfoc6_.clothes_brand as clothes_2_9_6_,
        salesinfoc6_.clothes_color as clothes_3_9_6_,
        salesinfoc6_.clothes_gender as clothes_4_9_6_,
        salesinfoc6_.clothes_size as clothes_5_9_6_,
        salesinfos7_.id as id1_10_7_,
        salesinfos7_.status_score as status_s2_10_7_,
        salesinfos7_.status_tag as status_t3_10_7_,
        salesinfos7_.status_times as status_t4_10_7_,
        salesinfos7_.status_when2buy as status_w5_10_7_,
        salesinfos7_.transport as transpor6_10_7_,
        salesinfou8_.id as id1_11_8_,
        salesinfou8_.user_height as user_hei2_11_8_,
        salesinfou8_.user_size as user_siz3_11_8_,
        salesinfou8_.user_weight as user_wei4_11_8_ 
    from
        stores stores0_ 
    left outer join
        members members1_ 
            on stores0_.author_id=members1_.id 
    left outer join
        clothes_info clothesinf2_ 
            on stores0_.clothes_info_id=clothesinf2_.id 
    left outer join
        colors colors3_ 
            on stores0_.colors_name=colors3_.name 
    left outer join
        materials materials4_ 
            on stores0_.materials_name=materials4_.name 
    left outer join
        style style5_ 
            on stores0_.style_name=style5_.name 
    left outer join
        sales_info_clothes salesinfoc6_ 
            on stores0_.sales_info_clothes_id=salesinfoc6_.id 
    left outer join
        sales_info_status salesinfos7_ 
            on stores0_.sales_info_status_id=salesinfos7_.id 
    left outer join
        sales_info_user salesinfou8_ 
            on stores0_.sales_info_user_id=salesinfou8_.id 
    where
        stores0_.id=?
2022-11-10 12:34:07.949  INFO 9968 --- [    Test worker] o.a.c.c.C.[Tomcat].[localhost].[/]       : Initializing Spring TestDispatcherServlet ''
2022-11-10 12:34:07.949  INFO 9968 --- [    Test worker] o.s.t.web.servlet.TestDispatcherServlet  : Initializing Servlet ''
2022-11-10 12:34:07.952  INFO 9968 --- [    Test worker] o.s.t.web.servlet.TestDispatcherServlet  : Completed initialization in 3 ms
gunsong2@naver.com
Hibernate: 
    select
        members0_.id as id1_6_,
        members0_.email as email2_6_,
        members0_.image as image3_6_,
        members0_.name as name4_6_,
        members0_.nickname as nickname5_6_,
        members0_.password as password6_6_,
        members0_.phone as phone7_6_,
        members0_.refresh_token as refresh_8_6_,
        members0_.role as role9_6_ 
    from
        members members0_ 
    where
        members0_.email=?
Hibernate: 
    select
        images1_.id as col_0_0_,
        stores0_.title as col_1_0_,
        stores0_.id as col_2_0_,
        stores0_.modified_date as col_3_0_,
        stores0_.price as col_4_0_,
        stores0_.content as col_5_0_,
        salesinfos2_.transport as col_6_0_,
        images1_.id as id1_3_,
        images1_.closets_post_id as closets_4_3_,
        images1_.path as path2_3_,
        images1_.stores_post_id as stores_p5_3_,
        images1_.type as type3_3_ 
    from
        stores stores0_ 
    inner join
        clothes_image images1_ 
            on stores0_.id=images1_.stores_post_id cross 
    join
        sales_info_status salesinfos2_ cross 
    join
        clothes_info clothesinf5_ cross 
    join
        colors colors8_ 
    where
        stores0_.sales_info_status_id=salesinfos2_.id 
        and stores0_.clothes_info_id=clothesinf5_.id 
        and stores0_.colors_name=colors8_.name 
        and (
            images1_.id in (
                select
                    clothesima3_.id 
                from
                    clothes_image clothesima3_ cross 
                join
                    stores stores4_ 
                where
                    clothesima3_.stores_post_id=stores4_.id 
                    and (
                        clothesima3_.closets_post_id is null
                    ) 
                group by
                    clothesima3_.stores_post_id 
                order by
                    stores4_.created_date asc
            )
        ) 
        and stores0_.author_id=? 
        and clothesinf5_.categoryl=? 
        and clothesinf5_.categorys=? 
        and clothesinf5_.fit=? 
        and colors8_.name=? 
    order by
        stores0_.created_date desc limit ?
Hibernate: 
    select
        stores0_.id as id1_12_0_,
        stores0_.created_date as created_2_12_0_,
        stores0_.modified_date as modified3_12_0_,
        stores0_.author_id as author_i9_12_0_,
        stores0_.clothes_info_id as clothes10_12_0_,
        stores0_.colors_name as colors_11_12_0_,
        stores0_.materials_name as materia12_12_0_,
        stores0_.style_name as style_n13_12_0_,
        stores0_.clothes_length as clothes_4_12_0_,
        stores0_.content as content5_12_0_,
        stores0_.price as price6_12_0_,
        stores0_.sales_info_clothes_id as sales_i14_12_0_,
        stores0_.sales_info_status_id as sales_i15_12_0_,
        stores0_.sales_info_user_id as sales_i16_12_0_,
        stores0_.status as status7_12_0_,
        stores0_.title as title8_12_0_,
        members1_.id as id1_6_1_,
        members1_.email as email2_6_1_,
        members1_.image as image3_6_1_,
        members1_.name as name4_6_1_,
        members1_.nickname as nickname5_6_1_,
        members1_.password as password6_6_1_,
        members1_.phone as phone7_6_1_,
        members1_.refresh_token as refresh_8_6_1_,
        members1_.role as role9_6_1_,
        clothesinf2_.id as id1_2_2_,
        clothesinf2_.categoryl as category2_2_2_,
        clothesinf2_.categorys as category3_2_2_,
        clothesinf2_.fit as fit4_2_2_,
        clothesinf2_.length as length5_2_2_,
        colors3_.id as id1_4_3_,
        colors3_.name as name2_4_3_,
        materials4_.id as id1_5_4_,
        materials4_.name as name2_5_4_,
        style5_.id as id1_14_5_,
        style5_.name as name2_14_5_,
        salesinfoc6_.id as id1_9_6_,
        salesinfoc6_.clothes_brand as clothes_2_9_6_,
        salesinfoc6_.clothes_color as clothes_3_9_6_,
        salesinfoc6_.clothes_gender as clothes_4_9_6_,
        salesinfoc6_.clothes_size as clothes_5_9_6_,
        salesinfos7_.id as id1_10_7_,
        salesinfos7_.status_score as status_s2_10_7_,
        salesinfos7_.status_tag as status_t3_10_7_,
        salesinfos7_.status_times as status_t4_10_7_,
        salesinfos7_.status_when2buy as status_w5_10_7_,
        salesinfos7_.transport as transpor6_10_7_,
        salesinfou8_.id as id1_11_8_,
        salesinfou8_.user_height as user_hei2_11_8_,
        salesinfou8_.user_size as user_siz3_11_8_,
        salesinfou8_.user_weight as user_wei4_11_8_ 
    from
        stores stores0_ 
    left outer join
        members members1_ 
            on stores0_.author_id=members1_.id 
    left outer join
        clothes_info clothesinf2_ 
            on stores0_.clothes_info_id=clothesinf2_.id 
    left outer join
        colors colors3_ 
            on stores0_.colors_name=colors3_.name 
    left outer join
        materials materials4_ 
            on stores0_.materials_name=materials4_.name 
    left outer join
        style style5_ 
            on stores0_.style_name=style5_.name 
    left outer join
        sales_info_clothes salesinfoc6_ 
            on stores0_.sales_info_clothes_id=salesinfoc6_.id 
    left outer join
        sales_info_status salesinfos7_ 
            on stores0_.sales_info_status_id=salesinfos7_.id 
    left outer join
        sales_info_user salesinfou8_ 
            on stores0_.sales_info_user_id=salesinfou8_.id 
    where
        stores0_.id=?
Hibernate: 
    select
        stores0_.id as id1_12_0_,
        stores0_.created_date as created_2_12_0_,
        stores0_.modified_date as modified3_12_0_,
        stores0_.author_id as author_i9_12_0_,
        stores0_.clothes_info_id as clothes10_12_0_,
        stores0_.colors_name as colors_11_12_0_,
        stores0_.materials_name as materia12_12_0_,
        stores0_.style_name as style_n13_12_0_,
        stores0_.clothes_length as clothes_4_12_0_,
        stores0_.content as content5_12_0_,
        stores0_.price as price6_12_0_,
        stores0_.sales_info_clothes_id as sales_i14_12_0_,
        stores0_.sales_info_status_id as sales_i15_12_0_,
        stores0_.sales_info_user_id as sales_i16_12_0_,
        stores0_.status as status7_12_0_,
        stores0_.title as title8_12_0_,
        members1_.id as id1_6_1_,
        members1_.email as email2_6_1_,
        members1_.image as image3_6_1_,
        members1_.name as name4_6_1_,
        members1_.nickname as nickname5_6_1_,
        members1_.password as password6_6_1_,
        members1_.phone as phone7_6_1_,
        members1_.refresh_token as refresh_8_6_1_,
        members1_.role as role9_6_1_,
        clothesinf2_.id as id1_2_2_,
        clothesinf2_.categoryl as category2_2_2_,
        clothesinf2_.categorys as category3_2_2_,
        clothesinf2_.fit as fit4_2_2_,
        clothesinf2_.length as length5_2_2_,
        colors3_.id as id1_4_3_,
        colors3_.name as name2_4_3_,
        materials4_.id as id1_5_4_,
        materials4_.name as name2_5_4_,
        style5_.id as id1_14_5_,
        style5_.name as name2_14_5_,
        salesinfoc6_.id as id1_9_6_,
        salesinfoc6_.clothes_brand as clothes_2_9_6_,
        salesinfoc6_.clothes_color as clothes_3_9_6_,
        salesinfoc6_.clothes_gender as clothes_4_9_6_,
        salesinfoc6_.clothes_size as clothes_5_9_6_,
        salesinfos7_.id as id1_10_7_,
        salesinfos7_.status_score as status_s2_10_7_,
        salesinfos7_.status_tag as status_t3_10_7_,
        salesinfos7_.status_times as status_t4_10_7_,
        salesinfos7_.status_when2buy as status_w5_10_7_,
        salesinfos7_.transport as transpor6_10_7_,
        salesinfou8_.id as id1_11_8_,
        salesinfou8_.user_height as user_hei2_11_8_,
        salesinfou8_.user_size as user_siz3_11_8_,
        salesinfou8_.user_weight as user_wei4_11_8_ 
    from
        stores stores0_ 
    left outer join
        members members1_ 
            on stores0_.author_id=members1_.id 
    left outer join
        clothes_info clothesinf2_ 
            on stores0_.clothes_info_id=clothesinf2_.id 
    left outer join
        colors colors3_ 
            on stores0_.colors_name=colors3_.name 
    left outer join
        materials materials4_ 
            on stores0_.materials_name=materials4_.name 
    left outer join
        style style5_ 
            on stores0_.style_name=style5_.name 
    left outer join
        sales_info_clothes salesinfoc6_ 
            on stores0_.sales_info_clothes_id=salesinfoc6_.id 
    left outer join
        sales_info_status salesinfos7_ 
            on stores0_.sales_info_status_id=salesinfos7_.id 
    left outer join
        sales_info_user salesinfou8_ 
            on stores0_.sales_info_user_id=salesinfou8_.id 
    where
        stores0_.id=?
Hibernate: 
    select
        stores0_.id as id1_12_0_,
        stores0_.created_date as created_2_12_0_,
        stores0_.modified_date as modified3_12_0_,
        stores0_.author_id as author_i9_12_0_,
        stores0_.clothes_info_id as clothes10_12_0_,
        stores0_.colors_name as colors_11_12_0_,
        stores0_.materials_name as materia12_12_0_,
        stores0_.style_name as style_n13_12_0_,
        stores0_.clothes_length as clothes_4_12_0_,
        stores0_.content as content5_12_0_,
        stores0_.price as price6_12_0_,
        stores0_.sales_info_clothes_id as sales_i14_12_0_,
        stores0_.sales_info_status_id as sales_i15_12_0_,
        stores0_.sales_info_user_id as sales_i16_12_0_,
        stores0_.status as status7_12_0_,
        stores0_.title as title8_12_0_,
        members1_.id as id1_6_1_,
        members1_.email as email2_6_1_,
        members1_.image as image3_6_1_,
        members1_.name as name4_6_1_,
        members1_.nickname as nickname5_6_1_,
        members1_.password as password6_6_1_,
        members1_.phone as phone7_6_1_,
        members1_.refresh_token as refresh_8_6_1_,
        members1_.role as role9_6_1_,
        clothesinf2_.id as id1_2_2_,
        clothesinf2_.categoryl as category2_2_2_,
        clothesinf2_.categorys as category3_2_2_,
        clothesinf2_.fit as fit4_2_2_,
        clothesinf2_.length as length5_2_2_,
        colors3_.id as id1_4_3_,
        colors3_.name as name2_4_3_,
        materials4_.id as id1_5_4_,
        materials4_.name as name2_5_4_,
        style5_.id as id1_14_5_,
        style5_.name as name2_14_5_,
        salesinfoc6_.id as id1_9_6_,
        salesinfoc6_.clothes_brand as clothes_2_9_6_,
        salesinfoc6_.clothes_color as clothes_3_9_6_,
        salesinfoc6_.clothes_gender as clothes_4_9_6_,
        salesinfoc6_.clothes_size as clothes_5_9_6_,
        salesinfos7_.id as id1_10_7_,
        salesinfos7_.status_score as status_s2_10_7_,
        salesinfos7_.status_tag as status_t3_10_7_,
        salesinfos7_.status_times as status_t4_10_7_,
        salesinfos7_.status_when2buy as status_w5_10_7_,
        salesinfos7_.transport as transpor6_10_7_,
        salesinfou8_.id as id1_11_8_,
        salesinfou8_.user_height as user_hei2_11_8_,
        salesinfou8_.user_size as user_siz3_11_8_,
        salesinfou8_.user_weight as user_wei4_11_8_ 
    from
        stores stores0_ 
    left outer join
        members members1_ 
            on stores0_.author_id=members1_.id 
    left outer join
        clothes_info clothesinf2_ 
            on stores0_.clothes_info_id=clothesinf2_.id 
    left outer join
        colors colors3_ 
            on stores0_.colors_name=colors3_.name 
    left outer join
        materials materials4_ 
            on stores0_.materials_name=materials4_.name 
    left outer join
        style style5_ 
            on stores0_.style_name=style5_.name 
    left outer join
        sales_info_clothes salesinfoc6_ 
            on stores0_.sales_info_clothes_id=salesinfoc6_.id 
    left outer join
        sales_info_status salesinfos7_ 
            on stores0_.sales_info_status_id=salesinfos7_.id 
    left outer join
        sales_info_user salesinfou8_ 
            on stores0_.sales_info_user_id=salesinfou8_.id 
    where
        stores0_.id=?
Hibernate: 
    select
        stores0_.id as id1_12_0_,
        stores0_.created_date as created_2_12_0_,
        stores0_.modified_date as modified3_12_0_,
        stores0_.author_id as author_i9_12_0_,
        stores0_.clothes_info_id as clothes10_12_0_,
        stores0_.colors_name as colors_11_12_0_,
        stores0_.materials_name as materia12_12_0_,
        stores0_.style_name as style_n13_12_0_,
        stores0_.clothes_length as clothes_4_12_0_,
        stores0_.content as content5_12_0_,
        stores0_.price as price6_12_0_,
        stores0_.sales_info_clothes_id as sales_i14_12_0_,
        stores0_.sales_info_status_id as sales_i15_12_0_,
        stores0_.sales_info_user_id as sales_i16_12_0_,
        stores0_.status as status7_12_0_,
        stores0_.title as title8_12_0_,
        members1_.id as id1_6_1_,
        members1_.email as email2_6_1_,
        members1_.image as image3_6_1_,
        members1_.name as name4_6_1_,
        members1_.nickname as nickname5_6_1_,
        members1_.password as password6_6_1_,
        members1_.phone as phone7_6_1_,
        members1_.refresh_token as refresh_8_6_1_,
        members1_.role as role9_6_1_,
        clothesinf2_.id as id1_2_2_,
        clothesinf2_.categoryl as category2_2_2_,
        clothesinf2_.categorys as category3_2_2_,
        clothesinf2_.fit as fit4_2_2_,
        clothesinf2_.length as length5_2_2_,
        colors3_.id as id1_4_3_,
        colors3_.name as name2_4_3_,
        materials4_.id as id1_5_4_,
        materials4_.name as name2_5_4_,
        style5_.id as id1_14_5_,
        style5_.name as name2_14_5_,
        salesinfoc6_.id as id1_9_6_,
        salesinfoc6_.clothes_brand as clothes_2_9_6_,
        salesinfoc6_.clothes_color as clothes_3_9_6_,
        salesinfoc6_.clothes_gender as clothes_4_9_6_,
        salesinfoc6_.clothes_size as clothes_5_9_6_,
        salesinfos7_.id as id1_10_7_,
        salesinfos7_.status_score as status_s2_10_7_,
        salesinfos7_.status_tag as status_t3_10_7_,
        salesinfos7_.status_times as status_t4_10_7_,
        salesinfos7_.status_when2buy as status_w5_10_7_,
        salesinfos7_.transport as transpor6_10_7_,
        salesinfou8_.id as id1_11_8_,
        salesinfou8_.user_height as user_hei2_11_8_,
        salesinfou8_.user_size as user_siz3_11_8_,
        salesinfou8_.user_weight as user_wei4_11_8_ 
    from
        stores stores0_ 
    left outer join
        members members1_ 
            on stores0_.author_id=members1_.id 
    left outer join
        clothes_info clothesinf2_ 
            on stores0_.clothes_info_id=clothesinf2_.id 
    left outer join
        colors colors3_ 
            on stores0_.colors_name=colors3_.name 
    left outer join
        materials materials4_ 
            on stores0_.materials_name=materials4_.name 
    left outer join
        style style5_ 
            on stores0_.style_name=style5_.name 
    left outer join
        sales_info_clothes salesinfoc6_ 
            on stores0_.sales_info_clothes_id=salesinfoc6_.id 
    left outer join
        sales_info_status salesinfos7_ 
            on stores0_.sales_info_status_id=salesinfos7_.id 
    left outer join
        sales_info_user salesinfou8_ 
            on stores0_.sales_info_user_id=salesinfou8_.id 
    where
        stores0_.id=?
Hibernate: 
    select
        stores0_.id as id1_12_0_,
        stores0_.created_date as created_2_12_0_,
        stores0_.modified_date as modified3_12_0_,
        stores0_.author_id as author_i9_12_0_,
        stores0_.clothes_info_id as clothes10_12_0_,
        stores0_.colors_name as colors_11_12_0_,
        stores0_.materials_name as materia12_12_0_,
        stores0_.style_name as style_n13_12_0_,
        stores0_.clothes_length as clothes_4_12_0_,
        stores0_.content as content5_12_0_,
        stores0_.price as price6_12_0_,
        stores0_.sales_info_clothes_id as sales_i14_12_0_,
        stores0_.sales_info_status_id as sales_i15_12_0_,
        stores0_.sales_info_user_id as sales_i16_12_0_,
        stores0_.status as status7_12_0_,
        stores0_.title as title8_12_0_,
        members1_.id as id1_6_1_,
        members1_.email as email2_6_1_,
        members1_.image as image3_6_1_,
        members1_.name as name4_6_1_,
        members1_.nickname as nickname5_6_1_,
        members1_.password as password6_6_1_,
        members1_.phone as phone7_6_1_,
        members1_.refresh_token as refresh_8_6_1_,
        members1_.role as role9_6_1_,
        clothesinf2_.id as id1_2_2_,
        clothesinf2_.categoryl as category2_2_2_,
        clothesinf2_.categorys as category3_2_2_,
        clothesinf2_.fit as fit4_2_2_,
        clothesinf2_.length as length5_2_2_,
        colors3_.id as id1_4_3_,
        colors3_.name as name2_4_3_,
        materials4_.id as id1_5_4_,
        materials4_.name as name2_5_4_,
        style5_.id as id1_14_5_,
        style5_.name as name2_14_5_,
        salesinfoc6_.id as id1_9_6_,
        salesinfoc6_.clothes_brand as clothes_2_9_6_,
        salesinfoc6_.clothes_color as clothes_3_9_6_,
        salesinfoc6_.clothes_gender as clothes_4_9_6_,
        salesinfoc6_.clothes_size as clothes_5_9_6_,
        salesinfos7_.id as id1_10_7_,
        salesinfos7_.status_score as status_s2_10_7_,
        salesinfos7_.status_tag as status_t3_10_7_,
        salesinfos7_.status_times as status_t4_10_7_,
        salesinfos7_.status_when2buy as status_w5_10_7_,
        salesinfos7_.transport as transpor6_10_7_,
        salesinfou8_.id as id1_11_8_,
        salesinfou8_.user_height as user_hei2_11_8_,
        salesinfou8_.user_size as user_siz3_11_8_,
        salesinfou8_.user_weight as user_wei4_11_8_ 
    from
        stores stores0_ 
    left outer join
        members members1_ 
            on stores0_.author_id=members1_.id 
    left outer join
        clothes_info clothesinf2_ 
            on stores0_.clothes_info_id=clothesinf2_.id 
    left outer join
        colors colors3_ 
            on stores0_.colors_name=colors3_.name 
    left outer join
        materials materials4_ 
            on stores0_.materials_name=materials4_.name 
    left outer join
        style style5_ 
            on stores0_.style_name=style5_.name 
    left outer join
        sales_info_clothes salesinfoc6_ 
            on stores0_.sales_info_clothes_id=salesinfoc6_.id 
    left outer join
        sales_info_status salesinfos7_ 
            on stores0_.sales_info_status_id=salesinfos7_.id 
    left outer join
        sales_info_user salesinfou8_ 
            on stores0_.sales_info_user_id=salesinfou8_.id 
    where
        stores0_.id=?
Hibernate: 
    select
        stores0_.id as id1_12_0_,
        stores0_.created_date as created_2_12_0_,
        stores0_.modified_date as modified3_12_0_,
        stores0_.author_id as author_i9_12_0_,
        stores0_.clothes_info_id as clothes10_12_0_,
        stores0_.colors_name as colors_11_12_0_,
        stores0_.materials_name as materia12_12_0_,
        stores0_.style_name as style_n13_12_0_,
        stores0_.clothes_length as clothes_4_12_0_,
        stores0_.content as content5_12_0_,
        stores0_.price as price6_12_0_,
        stores0_.sales_info_clothes_id as sales_i14_12_0_,
        stores0_.sales_info_status_id as sales_i15_12_0_,
        stores0_.sales_info_user_id as sales_i16_12_0_,
        stores0_.status as status7_12_0_,
        stores0_.title as title8_12_0_,
        members1_.id as id1_6_1_,
        members1_.email as email2_6_1_,
        members1_.image as image3_6_1_,
        members1_.name as name4_6_1_,
        members1_.nickname as nickname5_6_1_,
        members1_.password as password6_6_1_,
        members1_.phone as phone7_6_1_,
        members1_.refresh_token as refresh_8_6_1_,
        members1_.role as role9_6_1_,
        clothesinf2_.id as id1_2_2_,
        clothesinf2_.categoryl as category2_2_2_,
        clothesinf2_.categorys as category3_2_2_,
        clothesinf2_.fit as fit4_2_2_,
        clothesinf2_.length as length5_2_2_,
        colors3_.id as id1_4_3_,
        colors3_.name as name2_4_3_,
        materials4_.id as id1_5_4_,
        materials4_.name as name2_5_4_,
        style5_.id as id1_14_5_,
        style5_.name as name2_14_5_,
        salesinfoc6_.id as id1_9_6_,
        salesinfoc6_.clothes_brand as clothes_2_9_6_,
        salesinfoc6_.clothes_color as clothes_3_9_6_,
        salesinfoc6_.clothes_gender as clothes_4_9_6_,
        salesinfoc6_.clothes_size as clothes_5_9_6_,
        salesinfos7_.id as id1_10_7_,
        salesinfos7_.status_score as status_s2_10_7_,
        salesinfos7_.status_tag as status_t3_10_7_,
        salesinfos7_.status_times as status_t4_10_7_,
        salesinfos7_.status_when2buy as status_w5_10_7_,
        salesinfos7_.transport as transpor6_10_7_,
        salesinfou8_.id as id1_11_8_,
        salesinfou8_.user_height as user_hei2_11_8_,
        salesinfou8_.user_size as user_siz3_11_8_,
        salesinfou8_.user_weight as user_wei4_11_8_ 
    from
        stores stores0_ 
    left outer join
        members members1_ 
            on stores0_.author_id=members1_.id 
    left outer join
        clothes_info clothesinf2_ 
            on stores0_.clothes_info_id=clothesinf2_.id 
    left outer join
        colors colors3_ 
            on stores0_.colors_name=colors3_.name 
    left outer join
        materials materials4_ 
            on stores0_.materials_name=materials4_.name 
    left outer join
        style style5_ 
            on stores0_.style_name=style5_.name 
    left outer join
        sales_info_clothes salesinfoc6_ 
            on stores0_.sales_info_clothes_id=salesinfoc6_.id 
    left outer join
        sales_info_status salesinfos7_ 
            on stores0_.sales_info_status_id=salesinfos7_.id 
    left outer join
        sales_info_user salesinfou8_ 
            on stores0_.sales_info_user_id=salesinfou8_.id 
    where
        stores0_.id=?
Hibernate: 
    select
        stores0_.id as id1_12_0_,
        stores0_.created_date as created_2_12_0_,
        stores0_.modified_date as modified3_12_0_,
        stores0_.author_id as author_i9_12_0_,
        stores0_.clothes_info_id as clothes10_12_0_,
        stores0_.colors_name as colors_11_12_0_,
        stores0_.materials_name as materia12_12_0_,
        stores0_.style_name as style_n13_12_0_,
        stores0_.clothes_length as clothes_4_12_0_,
        stores0_.content as content5_12_0_,
        stores0_.price as price6_12_0_,
        stores0_.sales_info_clothes_id as sales_i14_12_0_,
        stores0_.sales_info_status_id as sales_i15_12_0_,
        stores0_.sales_info_user_id as sales_i16_12_0_,
        stores0_.status as status7_12_0_,
        stores0_.title as title8_12_0_,
        members1_.id as id1_6_1_,
        members1_.email as email2_6_1_,
        members1_.image as image3_6_1_,
        members1_.name as name4_6_1_,
        members1_.nickname as nickname5_6_1_,
        members1_.password as password6_6_1_,
        members1_.phone as phone7_6_1_,
        members1_.refresh_token as refresh_8_6_1_,
        members1_.role as role9_6_1_,
        clothesinf2_.id as id1_2_2_,
        clothesinf2_.categoryl as category2_2_2_,
        clothesinf2_.categorys as category3_2_2_,
        clothesinf2_.fit as fit4_2_2_,
        clothesinf2_.length as length5_2_2_,
        colors3_.id as id1_4_3_,
        colors3_.name as name2_4_3_,
        materials4_.id as id1_5_4_,
        materials4_.name as name2_5_4_,
        style5_.id as id1_14_5_,
        style5_.name as name2_14_5_,
        salesinfoc6_.id as id1_9_6_,
        salesinfoc6_.clothes_brand as clothes_2_9_6_,
        salesinfoc6_.clothes_color as clothes_3_9_6_,
        salesinfoc6_.clothes_gender as clothes_4_9_6_,
        salesinfoc6_.clothes_size as clothes_5_9_6_,
        salesinfos7_.id as id1_10_7_,
        salesinfos7_.status_score as status_s2_10_7_,
        salesinfos7_.status_tag as status_t3_10_7_,
        salesinfos7_.status_times as status_t4_10_7_,
        salesinfos7_.status_when2buy as status_w5_10_7_,
        salesinfos7_.transport as transpor6_10_7_,
        salesinfou8_.id as id1_11_8_,
        salesinfou8_.user_height as user_hei2_11_8_,
        salesinfou8_.user_size as user_siz3_11_8_,
        salesinfou8_.user_weight as user_wei4_11_8_ 
    from
        stores stores0_ 
    left outer join
        members members1_ 
            on stores0_.author_id=members1_.id 
    left outer join
        clothes_info clothesinf2_ 
            on stores0_.clothes_info_id=clothesinf2_.id 
    left outer join
        colors colors3_ 
            on stores0_.colors_name=colors3_.name 
    left outer join
        materials materials4_ 
            on stores0_.materials_name=materials4_.name 
    left outer join
        style style5_ 
            on stores0_.style_name=style5_.name 
    left outer join
        sales_info_clothes salesinfoc6_ 
            on stores0_.sales_info_clothes_id=salesinfoc6_.id 
    left outer join
        sales_info_status salesinfos7_ 
            on stores0_.sales_info_status_id=salesinfos7_.id 
    left outer join
        sales_info_user salesinfou8_ 
            on stores0_.sales_info_user_id=salesinfou8_.id 
    where
        stores0_.id=?
Hibernate: 
    select
        stores0_.id as id1_12_0_,
        stores0_.created_date as created_2_12_0_,
        stores0_.modified_date as modified3_12_0_,
        stores0_.author_id as author_i9_12_0_,
        stores0_.clothes_info_id as clothes10_12_0_,
        stores0_.colors_name as colors_11_12_0_,
        stores0_.materials_name as materia12_12_0_,
        stores0_.style_name as style_n13_12_0_,
        stores0_.clothes_length as clothes_4_12_0_,
        stores0_.content as content5_12_0_,
        stores0_.price as price6_12_0_,
        stores0_.sales_info_clothes_id as sales_i14_12_0_,
        stores0_.sales_info_status_id as sales_i15_12_0_,
        stores0_.sales_info_user_id as sales_i16_12_0_,
        stores0_.status as status7_12_0_,
        stores0_.title as title8_12_0_,
        members1_.id as id1_6_1_,
        members1_.email as email2_6_1_,
        members1_.image as image3_6_1_,
        members1_.name as name4_6_1_,
        members1_.nickname as nickname5_6_1_,
        members1_.password as password6_6_1_,
        members1_.phone as phone7_6_1_,
        members1_.refresh_token as refresh_8_6_1_,
        members1_.role as role9_6_1_,
        clothesinf2_.id as id1_2_2_,
        clothesinf2_.categoryl as category2_2_2_,
        clothesinf2_.categorys as category3_2_2_,
        clothesinf2_.fit as fit4_2_2_,
        clothesinf2_.length as length5_2_2_,
        colors3_.id as id1_4_3_,
        colors3_.name as name2_4_3_,
        materials4_.id as id1_5_4_,
        materials4_.name as name2_5_4_,
        style5_.id as id1_14_5_,
        style5_.name as name2_14_5_,
        salesinfoc6_.id as id1_9_6_,
        salesinfoc6_.clothes_brand as clothes_2_9_6_,
        salesinfoc6_.clothes_color as clothes_3_9_6_,
        salesinfoc6_.clothes_gender as clothes_4_9_6_,
        salesinfoc6_.clothes_size as clothes_5_9_6_,
        salesinfos7_.id as id1_10_7_,
        salesinfos7_.status_score as status_s2_10_7_,
        salesinfos7_.status_tag as status_t3_10_7_,
        salesinfos7_.status_times as status_t4_10_7_,
        salesinfos7_.status_when2buy as status_w5_10_7_,
        salesinfos7_.transport as transpor6_10_7_,
        salesinfou8_.id as id1_11_8_,
        salesinfou8_.user_height as user_hei2_11_8_,
        salesinfou8_.user_size as user_siz3_11_8_,
        salesinfou8_.user_weight as user_wei4_11_8_ 
    from
        stores stores0_ 
    left outer join
        members members1_ 
            on stores0_.author_id=members1_.id 
    left outer join
        clothes_info clothesinf2_ 
            on stores0_.clothes_info_id=clothesinf2_.id 
    left outer join
        colors colors3_ 
            on stores0_.colors_name=colors3_.name 
    left outer join
        materials materials4_ 
            on stores0_.materials_name=materials4_.name 
    left outer join
        style style5_ 
            on stores0_.style_name=style5_.name 
    left outer join
        sales_info_clothes salesinfoc6_ 
            on stores0_.sales_info_clothes_id=salesinfoc6_.id 
    left outer join
        sales_info_status salesinfos7_ 
            on stores0_.sales_info_status_id=salesinfos7_.id 
    left outer join
        sales_info_user salesinfou8_ 
            on stores0_.sales_info_user_id=salesinfou8_.id 
    where
        stores0_.id=?
Hibernate: 
    select
        members0_.id as id1_6_,
        members0_.email as email2_6_,
        members0_.image as image3_6_,
        members0_.name as name4_6_,
        members0_.nickname as nickname5_6_,
        members0_.password as password6_6_,
        members0_.phone as phone7_6_,
        members0_.refresh_token as refresh_8_6_,
        members0_.role as role9_6_ 
    from
        members members0_ 
    where
        members0_.email=?
Hibernate: 
    select
        members0_.id as id1_6_,
        members0_.email as email2_6_,
        members0_.image as image3_6_,
        members0_.name as name4_6_,
        members0_.nickname as nickname5_6_,
        members0_.password as password6_6_,
        members0_.phone as phone7_6_,
        members0_.refresh_token as refresh_8_6_,
        members0_.role as role9_6_ 
    from
        members members0_ 
    where
        members0_.email=?
Hibernate: 
    update
        members 
    set
        email=?,
        image=?,
        name=?,
        nickname=?,
        password=?,
        phone=?,
        refresh_token=?,
        role=? 
    where
        id=?
2022-11-10 12:34:08.364  INFO 9968 --- [    Test worker] o.a.c.c.C.[Tomcat].[localhost].[/]       : Initializing Spring TestDispatcherServlet ''
2022-11-10 12:34:08.365  INFO 9968 --- [    Test worker] o.s.t.web.servlet.TestDispatcherServlet  : Initializing Servlet ''
2022-11-10 12:34:08.366  INFO 9968 --- [    Test worker] o.s.t.web.servlet.TestDispatcherServlet  : Completed initialization in 1 ms
gunsong2@naver.com
Hibernate: 
    select
        members0_.id as id1_6_,
        members0_.email as email2_6_,
        members0_.image as image3_6_,
        members0_.name as name4_6_,
        members0_.nickname as nickname5_6_,
        members0_.password as password6_6_,
        members0_.phone as phone7_6_,
        members0_.refresh_token as refresh_8_6_,
        members0_.role as role9_6_ 
    from
        members members0_ 
    where
        members0_.email=?
Hibernate: 
    select
        style0_.id as id1_14_,
        style0_.name as name2_14_ 
    from
        style style0_ 
    where
        style0_.name=?
Hibernate: 
    select
        materials0_.id as id1_5_,
        materials0_.name as name2_5_ 
    from
        materials materials0_ 
    where
        materials0_.name=?
Hibernate: 
    select
        colors0_.id as id1_4_,
        colors0_.name as name2_4_ 
    from
        colors colors0_ 
    where
        colors0_.name=?
Hibernate: 
    select
        clothesinf0_.id as id1_2_,
        clothesinf0_.categoryl as category2_2_,
        clothesinf0_.categorys as category3_2_,
        clothesinf0_.fit as fit4_2_,
        clothesinf0_.length as length5_2_ 
    from
        clothes_info clothesinf0_ 
    where
        clothesinf0_.categoryl=? 
        and clothesinf0_.categorys=? 
        and clothesinf0_.length=? 
        and clothesinf0_.fit=?
Hibernate: 
    select
        salesinfoc0_.id as id1_9_,
        salesinfoc0_.clothes_brand as clothes_2_9_,
        salesinfoc0_.clothes_color as clothes_3_9_,
        salesinfoc0_.clothes_gender as clothes_4_9_,
        salesinfoc0_.clothes_size as clothes_5_9_ 
    from
        sales_info_clothes salesinfoc0_ 
    where
        salesinfoc0_.clothes_brand=? 
        and salesinfoc0_.clothes_gender=? 
        and salesinfoc0_.clothes_size=? 
        and salesinfoc0_.clothes_color=?
Hibernate: 
    select
        salesinfos0_.id as id1_10_,
        salesinfos0_.status_score as status_s2_10_,
        salesinfos0_.status_tag as status_t3_10_,
        salesinfos0_.status_times as status_t4_10_,
        salesinfos0_.status_when2buy as status_w5_10_,
        salesinfos0_.transport as transpor6_10_ 
    from
        sales_info_status salesinfos0_ 
    where
        salesinfos0_.status_tag=? 
        and salesinfos0_.status_score=? 
        and salesinfos0_.status_times=? 
        and salesinfos0_.status_when2buy=? 
        and salesinfos0_.transport=?
Hibernate: 
    select
        salesinfou0_.id as id1_11_,
        salesinfou0_.user_height as user_hei2_11_,
        salesinfou0_.user_size as user_siz3_11_,
        salesinfou0_.user_weight as user_wei4_11_ 
    from
        sales_info_user salesinfou0_ 
    where
        salesinfou0_.user_size=? 
        and salesinfou0_.user_weight=? 
        and salesinfou0_.user_height=?
Hibernate: 
    insert 
    into
        clothes_image
        (closets_post_id, path, stores_post_id, type) 
    values
        (?, ?, ?, ?)
Hibernate: 
    insert 
    into
        clothes_image
        (closets_post_id, path, stores_post_id, type) 
    values
        (?, ?, ?, ?)
Hibernate: 
    insert 
    into
        stores
        (created_date, modified_date, author_id, clothes_info_id, colors_name, materials_name, style_name, clothes_length, content, price, sales_info_clothes_id, sales_info_status_id, sales_info_user_id, status, title) 
    values
        (?, ?, ?, ?, ?, ?, ?, ?, ?, ?, ?, ?, ?, ?, ?)
Hibernate: 
    update
        clothes_image 
    set
        closets_post_id=?,
        path=?,
        stores_post_id=?,
        type=? 
    where
        id=?
Hibernate: 
    update
        clothes_image 
    set
        closets_post_id=?,
        path=?,
        stores_post_id=?,
        type=? 
    where
        id=?
gunsong2@naver.com
Hibernate: 
    select
        members0_.id as id1_6_,
        members0_.email as email2_6_,
        members0_.image as image3_6_,
        members0_.name as name4_6_,
        members0_.nickname as nickname5_6_,
        members0_.password as password6_6_,
        members0_.phone as phone7_6_,
        members0_.refresh_token as refresh_8_6_,
        members0_.role as role9_6_ 
    from
        members members0_ 
    where
        members0_.email=?
Hibernate: 
    select
        style0_.id as id1_14_,
        style0_.name as name2_14_ 
    from
        style style0_ 
    where
        style0_.name=?
Hibernate: 
    select
        materials0_.id as id1_5_,
        materials0_.name as name2_5_ 
    from
        materials materials0_ 
    where
        materials0_.name=?
Hibernate: 
    select
        colors0_.id as id1_4_,
        colors0_.name as name2_4_ 
    from
        colors colors0_ 
    where
        colors0_.name=?
Hibernate: 
    select
        clothesinf0_.id as id1_2_,
        clothesinf0_.categoryl as category2_2_,
        clothesinf0_.categorys as category3_2_,
        clothesinf0_.fit as fit4_2_,
        clothesinf0_.length as length5_2_ 
    from
        clothes_info clothesinf0_ 
    where
        clothesinf0_.categoryl=? 
        and clothesinf0_.categorys=? 
        and clothesinf0_.length=? 
        and clothesinf0_.fit=?
Hibernate: 
    select
        salesinfoc0_.id as id1_9_,
        salesinfoc0_.clothes_brand as clothes_2_9_,
        salesinfoc0_.clothes_color as clothes_3_9_,
        salesinfoc0_.clothes_gender as clothes_4_9_,
        salesinfoc0_.clothes_size as clothes_5_9_ 
    from
        sales_info_clothes salesinfoc0_ 
    where
        salesinfoc0_.clothes_brand=? 
        and salesinfoc0_.clothes_gender=? 
        and salesinfoc0_.clothes_size=? 
        and salesinfoc0_.clothes_color=?
Hibernate: 
    select
        salesinfos0_.id as id1_10_,
        salesinfos0_.status_score as status_s2_10_,
        salesinfos0_.status_tag as status_t3_10_,
        salesinfos0_.status_times as status_t4_10_,
        salesinfos0_.status_when2buy as status_w5_10_,
        salesinfos0_.transport as transpor6_10_ 
    from
        sales_info_status salesinfos0_ 
    where
        salesinfos0_.status_tag=? 
        and salesinfos0_.status_score=? 
        and salesinfos0_.status_times=? 
        and salesinfos0_.status_when2buy=? 
        and salesinfos0_.transport=?
Hibernate: 
    select
        salesinfou0_.id as id1_11_,
        salesinfou0_.user_height as user_hei2_11_,
        salesinfou0_.user_size as user_siz3_11_,
        salesinfou0_.user_weight as user_wei4_11_ 
    from
        sales_info_user salesinfou0_ 
    where
        salesinfou0_.user_size=? 
        and salesinfou0_.user_weight=? 
        and salesinfou0_.user_height=?
Hibernate: 
    insert 
    into
        clothes_image
        (closets_post_id, path, stores_post_id, type) 
    values
        (?, ?, ?, ?)
Hibernate: 
    insert 
    into
        clothes_image
        (closets_post_id, path, stores_post_id, type) 
    values
        (?, ?, ?, ?)
Hibernate: 
    insert 
    into
        stores
        (created_date, modified_date, author_id, clothes_info_id, colors_name, materials_name, style_name, clothes_length, content, price, sales_info_clothes_id, sales_info_status_id, sales_info_user_id, status, title) 
    values
        (?, ?, ?, ?, ?, ?, ?, ?, ?, ?, ?, ?, ?, ?, ?)
Hibernate: 
    update
        clothes_image 
    set
        closets_post_id=?,
        path=?,
        stores_post_id=?,
        type=? 
    where
        id=?
Hibernate: 
    update
        clothes_image 
    set
        closets_post_id=?,
        path=?,
        stores_post_id=?,
        type=? 
    where
        id=?
gunsong2@naver.com
Hibernate: 
    select
        members0_.id as id1_6_,
        members0_.email as email2_6_,
        members0_.image as image3_6_,
        members0_.name as name4_6_,
        members0_.nickname as nickname5_6_,
        members0_.password as password6_6_,
        members0_.phone as phone7_6_,
        members0_.refresh_token as refresh_8_6_,
        members0_.role as role9_6_ 
    from
        members members0_ 
    where
        members0_.email=?
Hibernate: 
    select
        style0_.id as id1_14_,
        style0_.name as name2_14_ 
    from
        style style0_ 
    where
        style0_.name=?
Hibernate: 
    select
        materials0_.id as id1_5_,
        materials0_.name as name2_5_ 
    from
        materials materials0_ 
    where
        materials0_.name=?
Hibernate: 
    select
        colors0_.id as id1_4_,
        colors0_.name as name2_4_ 
    from
        colors colors0_ 
    where
        colors0_.name=?
Hibernate: 
    select
        clothesinf0_.id as id1_2_,
        clothesinf0_.categoryl as category2_2_,
        clothesinf0_.categorys as category3_2_,
        clothesinf0_.fit as fit4_2_,
        clothesinf0_.length as length5_2_ 
    from
        clothes_info clothesinf0_ 
    where
        clothesinf0_.categoryl=? 
        and clothesinf0_.categorys=? 
        and clothesinf0_.length=? 
        and clothesinf0_.fit=?
Hibernate: 
    select
        salesinfoc0_.id as id1_9_,
        salesinfoc0_.clothes_brand as clothes_2_9_,
        salesinfoc0_.clothes_color as clothes_3_9_,
        salesinfoc0_.clothes_gender as clothes_4_9_,
        salesinfoc0_.clothes_size as clothes_5_9_ 
    from
        sales_info_clothes salesinfoc0_ 
    where
        salesinfoc0_.clothes_brand=? 
        and salesinfoc0_.clothes_gender=? 
        and salesinfoc0_.clothes_size=? 
        and salesinfoc0_.clothes_color=?
Hibernate: 
    select
        salesinfos0_.id as id1_10_,
        salesinfos0_.status_score as status_s2_10_,
        salesinfos0_.status_tag as status_t3_10_,
        salesinfos0_.status_times as status_t4_10_,
        salesinfos0_.status_when2buy as status_w5_10_,
        salesinfos0_.transport as transpor6_10_ 
    from
        sales_info_status salesinfos0_ 
    where
        salesinfos0_.status_tag=? 
        and salesinfos0_.status_score=? 
        and salesinfos0_.status_times=? 
        and salesinfos0_.status_when2buy=? 
        and salesinfos0_.transport=?
Hibernate: 
    select
        salesinfou0_.id as id1_11_,
        salesinfou0_.user_height as user_hei2_11_,
        salesinfou0_.user_size as user_siz3_11_,
        salesinfou0_.user_weight as user_wei4_11_ 
    from
        sales_info_user salesinfou0_ 
    where
        salesinfou0_.user_size=? 
        and salesinfou0_.user_weight=? 
        and salesinfou0_.user_height=?
Hibernate: 
    insert 
    into
        clothes_image
        (closets_post_id, path, stores_post_id, type) 
    values
        (?, ?, ?, ?)
Hibernate: 
    insert 
    into
        clothes_image
        (closets_post_id, path, stores_post_id, type) 
    values
        (?, ?, ?, ?)
Hibernate: 
    insert 
    into
        stores
        (created_date, modified_date, author_id, clothes_info_id, colors_name, materials_name, style_name, clothes_length, content, price, sales_info_clothes_id, sales_info_status_id, sales_info_user_id, status, title) 
    values
        (?, ?, ?, ?, ?, ?, ?, ?, ?, ?, ?, ?, ?, ?, ?)
Hibernate: 
    update
        clothes_image 
    set
        closets_post_id=?,
        path=?,
        stores_post_id=?,
        type=? 
    where
        id=?
Hibernate: 
    update
        clothes_image 
    set
        closets_post_id=?,
        path=?,
        stores_post_id=?,
        type=? 
    where
        id=?
gunsong2@naver.com
Hibernate: 
    select
        members0_.id as id1_6_,
        members0_.email as email2_6_,
        members0_.image as image3_6_,
        members0_.name as name4_6_,
        members0_.nickname as nickname5_6_,
        members0_.password as password6_6_,
        members0_.phone as phone7_6_,
        members0_.refresh_token as refresh_8_6_,
        members0_.role as role9_6_ 
    from
        members members0_ 
    where
        members0_.email=?
Hibernate: 
    select
        style0_.id as id1_14_,
        style0_.name as name2_14_ 
    from
        style style0_ 
    where
        style0_.name=?
Hibernate: 
    select
        materials0_.id as id1_5_,
        materials0_.name as name2_5_ 
    from
        materials materials0_ 
    where
        materials0_.name=?
Hibernate: 
    select
        colors0_.id as id1_4_,
        colors0_.name as name2_4_ 
    from
        colors colors0_ 
    where
        colors0_.name=?
Hibernate: 
    select
        clothesinf0_.id as id1_2_,
        clothesinf0_.categoryl as category2_2_,
        clothesinf0_.categorys as category3_2_,
        clothesinf0_.fit as fit4_2_,
        clothesinf0_.length as length5_2_ 
    from
        clothes_info clothesinf0_ 
    where
        clothesinf0_.categoryl=? 
        and clothesinf0_.categorys=? 
        and clothesinf0_.length=? 
        and clothesinf0_.fit=?
Hibernate: 
    select
        salesinfoc0_.id as id1_9_,
        salesinfoc0_.clothes_brand as clothes_2_9_,
        salesinfoc0_.clothes_color as clothes_3_9_,
        salesinfoc0_.clothes_gender as clothes_4_9_,
        salesinfoc0_.clothes_size as clothes_5_9_ 
    from
        sales_info_clothes salesinfoc0_ 
    where
        salesinfoc0_.clothes_brand=? 
        and salesinfoc0_.clothes_gender=? 
        and salesinfoc0_.clothes_size=? 
        and salesinfoc0_.clothes_color=?
Hibernate: 
    select
        salesinfos0_.id as id1_10_,
        salesinfos0_.status_score as status_s2_10_,
        salesinfos0_.status_tag as status_t3_10_,
        salesinfos0_.status_times as status_t4_10_,
        salesinfos0_.status_when2buy as status_w5_10_,
        salesinfos0_.transport as transpor6_10_ 
    from
        sales_info_status salesinfos0_ 
    where
        salesinfos0_.status_tag=? 
        and salesinfos0_.status_score=? 
        and salesinfos0_.status_times=? 
        and salesinfos0_.status_when2buy=? 
        and salesinfos0_.transport=?
Hibernate: 
    select
        salesinfou0_.id as id1_11_,
        salesinfou0_.user_height as user_hei2_11_,
        salesinfou0_.user_size as user_siz3_11_,
        salesinfou0_.user_weight as user_wei4_11_ 
    from
        sales_info_user salesinfou0_ 
    where
        salesinfou0_.user_size=? 
        and salesinfou0_.user_weight=? 
        and salesinfou0_.user_height=?
Hibernate: 
    insert 
    into
        clothes_image
        (closets_post_id, path, stores_post_id, type) 
    values
        (?, ?, ?, ?)
Hibernate: 
    insert 
    into
        clothes_image
        (closets_post_id, path, stores_post_id, type) 
    values
        (?, ?, ?, ?)
Hibernate: 
    insert 
    into
        stores
        (created_date, modified_date, author_id, clothes_info_id, colors_name, materials_name, style_name, clothes_length, content, price, sales_info_clothes_id, sales_info_status_id, sales_info_user_id, status, title) 
    values
        (?, ?, ?, ?, ?, ?, ?, ?, ?, ?, ?, ?, ?, ?, ?)
Hibernate: 
    update
        clothes_image 
    set
        closets_post_id=?,
        path=?,
        stores_post_id=?,
        type=? 
    where
        id=?
Hibernate: 
    update
        clothes_image 
    set
        closets_post_id=?,
        path=?,
        stores_post_id=?,
        type=? 
    where
        id=?
gunsong2@naver.com
Hibernate: 
    select
        members0_.id as id1_6_,
        members0_.email as email2_6_,
        members0_.image as image3_6_,
        members0_.name as name4_6_,
        members0_.nickname as nickname5_6_,
        members0_.password as password6_6_,
        members0_.phone as phone7_6_,
        members0_.refresh_token as refresh_8_6_,
        members0_.role as role9_6_ 
    from
        members members0_ 
    where
        members0_.email=?
Hibernate: 
    select
        style0_.id as id1_14_,
        style0_.name as name2_14_ 
    from
        style style0_ 
    where
        style0_.name=?
Hibernate: 
    select
        materials0_.id as id1_5_,
        materials0_.name as name2_5_ 
    from
        materials materials0_ 
    where
        materials0_.name=?
Hibernate: 
    select
        colors0_.id as id1_4_,
        colors0_.name as name2_4_ 
    from
        colors colors0_ 
    where
        colors0_.name=?
Hibernate: 
    select
        clothesinf0_.id as id1_2_,
        clothesinf0_.categoryl as category2_2_,
        clothesinf0_.categorys as category3_2_,
        clothesinf0_.fit as fit4_2_,
        clothesinf0_.length as length5_2_ 
    from
        clothes_info clothesinf0_ 
    where
        clothesinf0_.categoryl=? 
        and clothesinf0_.categorys=? 
        and clothesinf0_.length=? 
        and clothesinf0_.fit=?
Hibernate: 
    select
        salesinfoc0_.id as id1_9_,
        salesinfoc0_.clothes_brand as clothes_2_9_,
        salesinfoc0_.clothes_color as clothes_3_9_,
        salesinfoc0_.clothes_gender as clothes_4_9_,
        salesinfoc0_.clothes_size as clothes_5_9_ 
    from
        sales_info_clothes salesinfoc0_ 
    where
        salesinfoc0_.clothes_brand=? 
        and salesinfoc0_.clothes_gender=? 
        and salesinfoc0_.clothes_size=? 
        and salesinfoc0_.clothes_color=?
Hibernate: 
    select
        salesinfos0_.id as id1_10_,
        salesinfos0_.status_score as status_s2_10_,
        salesinfos0_.status_tag as status_t3_10_,
        salesinfos0_.status_times as status_t4_10_,
        salesinfos0_.status_when2buy as status_w5_10_,
        salesinfos0_.transport as transpor6_10_ 
    from
        sales_info_status salesinfos0_ 
    where
        salesinfos0_.status_tag=? 
        and salesinfos0_.status_score=? 
        and salesinfos0_.status_times=? 
        and salesinfos0_.status_when2buy=? 
        and salesinfos0_.transport=?
Hibernate: 
    select
        salesinfou0_.id as id1_11_,
        salesinfou0_.user_height as user_hei2_11_,
        salesinfou0_.user_size as user_siz3_11_,
        salesinfou0_.user_weight as user_wei4_11_ 
    from
        sales_info_user salesinfou0_ 
    where
        salesinfou0_.user_size=? 
        and salesinfou0_.user_weight=? 
        and salesinfou0_.user_height=?
Hibernate: 
    insert 
    into
        clothes_image
        (closets_post_id, path, stores_post_id, type) 
    values
        (?, ?, ?, ?)
Hibernate: 
    insert 
    into
        clothes_image
        (closets_post_id, path, stores_post_id, type) 
    values
        (?, ?, ?, ?)
Hibernate: 
    insert 
    into
        stores
        (created_date, modified_date, author_id, clothes_info_id, colors_name, materials_name, style_name, clothes_length, content, price, sales_info_clothes_id, sales_info_status_id, sales_info_user_id, status, title) 
    values
        (?, ?, ?, ?, ?, ?, ?, ?, ?, ?, ?, ?, ?, ?, ?)
Hibernate: 
    update
        clothes_image 
    set
        closets_post_id=?,
        path=?,
        stores_post_id=?,
        type=? 
    where
        id=?
Hibernate: 
    update
        clothes_image 
    set
        closets_post_id=?,
        path=?,
        stores_post_id=?,
        type=? 
    where
        id=?
Hibernate: 
    select
        stores0_.id as id1_12_,
        stores0_.created_date as created_2_12_,
        stores0_.modified_date as modified3_12_,
        stores0_.author_id as author_i9_12_,
        stores0_.clothes_info_id as clothes10_12_,
        stores0_.colors_name as colors_11_12_,
        stores0_.materials_name as materia12_12_,
        stores0_.style_name as style_n13_12_,
        stores0_.clothes_length as clothes_4_12_,
        stores0_.content as content5_12_,
        stores0_.price as price6_12_,
        stores0_.sales_info_clothes_id as sales_i14_12_,
        stores0_.sales_info_status_id as sales_i15_12_,
        stores0_.sales_info_user_id as sales_i16_12_,
        stores0_.status as status7_12_,
        stores0_.title as title8_12_ 
    from
        stores stores0_
Hibernate: 
    select
        members0_.id as id1_6_0_,
        members0_.email as email2_6_0_,
        members0_.image as image3_6_0_,
        members0_.name as name4_6_0_,
        members0_.nickname as nickname5_6_0_,
        members0_.password as password6_6_0_,
        members0_.phone as phone7_6_0_,
        members0_.refresh_token as refresh_8_6_0_,
        members0_.role as role9_6_0_ 
    from
        members members0_ 
    where
        members0_.id=?
Hibernate: 
    select
        clothesinf0_.id as id1_2_0_,
        clothesinf0_.categoryl as category2_2_0_,
        clothesinf0_.categorys as category3_2_0_,
        clothesinf0_.fit as fit4_2_0_,
        clothesinf0_.length as length5_2_0_ 
    from
        clothes_info clothesinf0_ 
    where
        clothesinf0_.id=?
Hibernate: 
    select
        colors0_.id as id1_4_0_,
        colors0_.name as name2_4_0_ 
    from
        colors colors0_ 
    where
        colors0_.name=?
Hibernate: 
    select
        materials0_.id as id1_5_0_,
        materials0_.name as name2_5_0_ 
    from
        materials materials0_ 
    where
        materials0_.name=?
Hibernate: 
    select
        style0_.id as id1_14_0_,
        style0_.name as name2_14_0_ 
    from
        style style0_ 
    where
        style0_.name=?
Hibernate: 
    select
        salesinfoc0_.id as id1_9_0_,
        salesinfoc0_.clothes_brand as clothes_2_9_0_,
        salesinfoc0_.clothes_color as clothes_3_9_0_,
        salesinfoc0_.clothes_gender as clothes_4_9_0_,
        salesinfoc0_.clothes_size as clothes_5_9_0_ 
    from
        sales_info_clothes salesinfoc0_ 
    where
        salesinfoc0_.id=?
Hibernate: 
    select
        salesinfos0_.id as id1_10_0_,
        salesinfos0_.status_score as status_s2_10_0_,
        salesinfos0_.status_tag as status_t3_10_0_,
        salesinfos0_.status_times as status_t4_10_0_,
        salesinfos0_.status_when2buy as status_w5_10_0_,
        salesinfos0_.transport as transpor6_10_0_ 
    from
        sales_info_status salesinfos0_ 
    where
        salesinfos0_.id=?
Hibernate: 
    select
        salesinfou0_.id as id1_11_0_,
        salesinfou0_.user_height as user_hei2_11_0_,
        salesinfou0_.user_size as user_siz3_11_0_,
        salesinfou0_.user_weight as user_wei4_11_0_ 
    from
        sales_info_user salesinfou0_ 
    where
        salesinfou0_.id=?
Hibernate: 
    select
        clothesinf0_.id as id1_2_0_,
        clothesinf0_.categoryl as category2_2_0_,
        clothesinf0_.categorys as category3_2_0_,
        clothesinf0_.fit as fit4_2_0_,
        clothesinf0_.length as length5_2_0_ 
    from
        clothes_info clothesinf0_ 
    where
        clothesinf0_.id=?
Hibernate: 
    select
        colors0_.id as id1_4_0_,
        colors0_.name as name2_4_0_ 
    from
        colors colors0_ 
    where
        colors0_.name=?
Hibernate: 
    select
        materials0_.id as id1_5_0_,
        materials0_.name as name2_5_0_ 
    from
        materials materials0_ 
    where
        materials0_.name=?
Hibernate: 
    select
        style0_.id as id1_14_0_,
        style0_.name as name2_14_0_ 
    from
        style style0_ 
    where
        style0_.name=?
Hibernate: 
    select
        salesinfoc0_.id as id1_9_0_,
        salesinfoc0_.clothes_brand as clothes_2_9_0_,
        salesinfoc0_.clothes_color as clothes_3_9_0_,
        salesinfoc0_.clothes_gender as clothes_4_9_0_,
        salesinfoc0_.clothes_size as clothes_5_9_0_ 
    from
        sales_info_clothes salesinfoc0_ 
    where
        salesinfoc0_.id=?
Hibernate: 
    select
        salesinfos0_.id as id1_10_0_,
        salesinfos0_.status_score as status_s2_10_0_,
        salesinfos0_.status_tag as status_t3_10_0_,
        salesinfos0_.status_times as status_t4_10_0_,
        salesinfos0_.status_when2buy as status_w5_10_0_,
        salesinfos0_.transport as transpor6_10_0_ 
    from
        sales_info_status salesinfos0_ 
    where
        salesinfos0_.id=?
Hibernate: 
    select
        salesinfou0_.id as id1_11_0_,
        salesinfou0_.user_height as user_hei2_11_0_,
        salesinfou0_.user_size as user_siz3_11_0_,
        salesinfou0_.user_weight as user_wei4_11_0_ 
    from
        sales_info_user salesinfou0_ 
    where
        salesinfou0_.id=?
Hibernate: 
    select
        clothesinf0_.id as id1_2_0_,
        clothesinf0_.categoryl as category2_2_0_,
        clothesinf0_.categorys as category3_2_0_,
        clothesinf0_.fit as fit4_2_0_,
        clothesinf0_.length as length5_2_0_ 
    from
        clothes_info clothesinf0_ 
    where
        clothesinf0_.id=?
Hibernate: 
    select
        colors0_.id as id1_4_0_,
        colors0_.name as name2_4_0_ 
    from
        colors colors0_ 
    where
        colors0_.name=?
Hibernate: 
    select
        materials0_.id as id1_5_0_,
        materials0_.name as name2_5_0_ 
    from
        materials materials0_ 
    where
        materials0_.name=?
Hibernate: 
    select
        style0_.id as id1_14_0_,
        style0_.name as name2_14_0_ 
    from
        style style0_ 
    where
        style0_.name=?
Hibernate: 
    select
        salesinfoc0_.id as id1_9_0_,
        salesinfoc0_.clothes_brand as clothes_2_9_0_,
        salesinfoc0_.clothes_color as clothes_3_9_0_,
        salesinfoc0_.clothes_gender as clothes_4_9_0_,
        salesinfoc0_.clothes_size as clothes_5_9_0_ 
    from
        sales_info_clothes salesinfoc0_ 
    where
        salesinfoc0_.id=?
Hibernate: 
    select
        salesinfos0_.id as id1_10_0_,
        salesinfos0_.status_score as status_s2_10_0_,
        salesinfos0_.status_tag as status_t3_10_0_,
        salesinfos0_.status_times as status_t4_10_0_,
        salesinfos0_.status_when2buy as status_w5_10_0_,
        salesinfos0_.transport as transpor6_10_0_ 
    from
        sales_info_status salesinfos0_ 
    where
        salesinfos0_.id=?
Hibernate: 
    select
        salesinfou0_.id as id1_11_0_,
        salesinfou0_.user_height as user_hei2_11_0_,
        salesinfou0_.user_size as user_siz3_11_0_,
        salesinfou0_.user_weight as user_wei4_11_0_ 
    from
        sales_info_user salesinfou0_ 
    where
        salesinfou0_.id=?
Hibernate: 
    select
        clothesinf0_.id as id1_2_0_,
        clothesinf0_.categoryl as category2_2_0_,
        clothesinf0_.categorys as category3_2_0_,
        clothesinf0_.fit as fit4_2_0_,
        clothesinf0_.length as length5_2_0_ 
    from
        clothes_info clothesinf0_ 
    where
        clothesinf0_.id=?
Hibernate: 
    select
        colors0_.id as id1_4_0_,
        colors0_.name as name2_4_0_ 
    from
        colors colors0_ 
    where
        colors0_.name=?
Hibernate: 
    select
        materials0_.id as id1_5_0_,
        materials0_.name as name2_5_0_ 
    from
        materials materials0_ 
    where
        materials0_.name=?
Hibernate: 
    select
        style0_.id as id1_14_0_,
        style0_.name as name2_14_0_ 
    from
        style style0_ 
    where
        style0_.name=?
Hibernate: 
    select
        salesinfoc0_.id as id1_9_0_,
        salesinfoc0_.clothes_brand as clothes_2_9_0_,
        salesinfoc0_.clothes_color as clothes_3_9_0_,
        salesinfoc0_.clothes_gender as clothes_4_9_0_,
        salesinfoc0_.clothes_size as clothes_5_9_0_ 
    from
        sales_info_clothes salesinfoc0_ 
    where
        salesinfoc0_.id=?
Hibernate: 
    select
        salesinfos0_.id as id1_10_0_,
        salesinfos0_.status_score as status_s2_10_0_,
        salesinfos0_.status_tag as status_t3_10_0_,
        salesinfos0_.status_times as status_t4_10_0_,
        salesinfos0_.status_when2buy as status_w5_10_0_,
        salesinfos0_.transport as transpor6_10_0_ 
    from
        sales_info_status salesinfos0_ 
    where
        salesinfos0_.id=?
Hibernate: 
    select
        salesinfou0_.id as id1_11_0_,
        salesinfou0_.user_height as user_hei2_11_0_,
        salesinfou0_.user_size as user_siz3_11_0_,
        salesinfou0_.user_weight as user_wei4_11_0_ 
    from
        sales_info_user salesinfou0_ 
    where
        salesinfou0_.id=?
Hibernate: 
    select
        clothesinf0_.id as id1_2_0_,
        clothesinf0_.categoryl as category2_2_0_,
        clothesinf0_.categorys as category3_2_0_,
        clothesinf0_.fit as fit4_2_0_,
        clothesinf0_.length as length5_2_0_ 
    from
        clothes_info clothesinf0_ 
    where
        clothesinf0_.id=?
Hibernate: 
    select
        materials0_.id as id1_5_0_,
        materials0_.name as name2_5_0_ 
    from
        materials materials0_ 
    where
        materials0_.name=?
Hibernate: 
    select
        style0_.id as id1_14_0_,
        style0_.name as name2_14_0_ 
    from
        style style0_ 
    where
        style0_.name=?
Hibernate: 
    select
        salesinfoc0_.id as id1_9_0_,
        salesinfoc0_.clothes_brand as clothes_2_9_0_,
        salesinfoc0_.clothes_color as clothes_3_9_0_,
        salesinfoc0_.clothes_gender as clothes_4_9_0_,
        salesinfoc0_.clothes_size as clothes_5_9_0_ 
    from
        sales_info_clothes salesinfoc0_ 
    where
        salesinfoc0_.id=?
Hibernate: 
    select
        salesinfos0_.id as id1_10_0_,
        salesinfos0_.status_score as status_s2_10_0_,
        salesinfos0_.status_tag as status_t3_10_0_,
        salesinfos0_.status_times as status_t4_10_0_,
        salesinfos0_.status_when2buy as status_w5_10_0_,
        salesinfos0_.transport as transpor6_10_0_ 
    from
        sales_info_status salesinfos0_ 
    where
        salesinfos0_.id=?
Hibernate: 
    select
        salesinfou0_.id as id1_11_0_,
        salesinfou0_.user_height as user_hei2_11_0_,
        salesinfou0_.user_size as user_siz3_11_0_,
        salesinfou0_.user_weight as user_wei4_11_0_ 
    from
        sales_info_user salesinfou0_ 
    where
        salesinfou0_.id=?
Hibernate: 
    select
        clothesinf0_.id as id1_2_0_,
        clothesinf0_.categoryl as category2_2_0_,
        clothesinf0_.categorys as category3_2_0_,
        clothesinf0_.fit as fit4_2_0_,
        clothesinf0_.length as length5_2_0_ 
    from
        clothes_info clothesinf0_ 
    where
        clothesinf0_.id=?
Hibernate: 
    select
        colors0_.id as id1_4_0_,
        colors0_.name as name2_4_0_ 
    from
        colors colors0_ 
    where
        colors0_.name=?
Hibernate: 
    select
        clothesima0_.id as id1_3_,
        clothesima0_.closets_post_id as closets_4_3_,
        clothesima0_.path as path2_3_,
        clothesima0_.stores_post_id as stores_p5_3_,
        clothesima0_.type as type3_3_ 
    from
        clothes_image clothesima0_
Hibernate: 
    select
        stores0_.id as id1_12_0_,
        stores0_.created_date as created_2_12_0_,
        stores0_.modified_date as modified3_12_0_,
        stores0_.author_id as author_i9_12_0_,
        stores0_.clothes_info_id as clothes10_12_0_,
        stores0_.colors_name as colors_11_12_0_,
        stores0_.materials_name as materia12_12_0_,
        stores0_.style_name as style_n13_12_0_,
        stores0_.clothes_length as clothes_4_12_0_,
        stores0_.content as content5_12_0_,
        stores0_.price as price6_12_0_,
        stores0_.sales_info_clothes_id as sales_i14_12_0_,
        stores0_.sales_info_status_id as sales_i15_12_0_,
        stores0_.sales_info_user_id as sales_i16_12_0_,
        stores0_.status as status7_12_0_,
        stores0_.title as title8_12_0_,
        members1_.id as id1_6_1_,
        members1_.email as email2_6_1_,
        members1_.image as image3_6_1_,
        members1_.name as name4_6_1_,
        members1_.nickname as nickname5_6_1_,
        members1_.password as password6_6_1_,
        members1_.phone as phone7_6_1_,
        members1_.refresh_token as refresh_8_6_1_,
        members1_.role as role9_6_1_,
        clothesinf2_.id as id1_2_2_,
        clothesinf2_.categoryl as category2_2_2_,
        clothesinf2_.categorys as category3_2_2_,
        clothesinf2_.fit as fit4_2_2_,
        clothesinf2_.length as length5_2_2_,
        colors3_.id as id1_4_3_,
        colors3_.name as name2_4_3_,
        materials4_.id as id1_5_4_,
        materials4_.name as name2_5_4_,
        style5_.id as id1_14_5_,
        style5_.name as name2_14_5_,
        salesinfoc6_.id as id1_9_6_,
        salesinfoc6_.clothes_brand as clothes_2_9_6_,
        salesinfoc6_.clothes_color as clothes_3_9_6_,
        salesinfoc6_.clothes_gender as clothes_4_9_6_,
        salesinfoc6_.clothes_size as clothes_5_9_6_,
        salesinfos7_.id as id1_10_7_,
        salesinfos7_.status_score as status_s2_10_7_,
        salesinfos7_.status_tag as status_t3_10_7_,
        salesinfos7_.status_times as status_t4_10_7_,
        salesinfos7_.status_when2buy as status_w5_10_7_,
        salesinfos7_.transport as transpor6_10_7_,
        salesinfou8_.id as id1_11_8_,
        salesinfou8_.user_height as user_hei2_11_8_,
        salesinfou8_.user_size as user_siz3_11_8_,
        salesinfou8_.user_weight as user_wei4_11_8_ 
    from
        stores stores0_ 
    left outer join
        members members1_ 
            on stores0_.author_id=members1_.id 
    left outer join
        clothes_info clothesinf2_ 
            on stores0_.clothes_info_id=clothesinf2_.id 
    left outer join
        colors colors3_ 
            on stores0_.colors_name=colors3_.name 
    left outer join
        materials materials4_ 
            on stores0_.materials_name=materials4_.name 
    left outer join
        style style5_ 
            on stores0_.style_name=style5_.name 
    left outer join
        sales_info_clothes salesinfoc6_ 
            on stores0_.sales_info_clothes_id=salesinfoc6_.id 
    left outer join
        sales_info_status salesinfos7_ 
            on stores0_.sales_info_status_id=salesinfos7_.id 
    left outer join
        sales_info_user salesinfou8_ 
            on stores0_.sales_info_user_id=salesinfou8_.id 
    where
        stores0_.id=?
Hibernate: 
    select
        stores0_.id as id1_12_0_,
        stores0_.created_date as created_2_12_0_,
        stores0_.modified_date as modified3_12_0_,
        stores0_.author_id as author_i9_12_0_,
        stores0_.clothes_info_id as clothes10_12_0_,
        stores0_.colors_name as colors_11_12_0_,
        stores0_.materials_name as materia12_12_0_,
        stores0_.style_name as style_n13_12_0_,
        stores0_.clothes_length as clothes_4_12_0_,
        stores0_.content as content5_12_0_,
        stores0_.price as price6_12_0_,
        stores0_.sales_info_clothes_id as sales_i14_12_0_,
        stores0_.sales_info_status_id as sales_i15_12_0_,
        stores0_.sales_info_user_id as sales_i16_12_0_,
        stores0_.status as status7_12_0_,
        stores0_.title as title8_12_0_,
        members1_.id as id1_6_1_,
        members1_.email as email2_6_1_,
        members1_.image as image3_6_1_,
        members1_.name as name4_6_1_,
        members1_.nickname as nickname5_6_1_,
        members1_.password as password6_6_1_,
        members1_.phone as phone7_6_1_,
        members1_.refresh_token as refresh_8_6_1_,
        members1_.role as role9_6_1_,
        clothesinf2_.id as id1_2_2_,
        clothesinf2_.categoryl as category2_2_2_,
        clothesinf2_.categorys as category3_2_2_,
        clothesinf2_.fit as fit4_2_2_,
        clothesinf2_.length as length5_2_2_,
        colors3_.id as id1_4_3_,
        colors3_.name as name2_4_3_,
        materials4_.id as id1_5_4_,
        materials4_.name as name2_5_4_,
        style5_.id as id1_14_5_,
        style5_.name as name2_14_5_,
        salesinfoc6_.id as id1_9_6_,
        salesinfoc6_.clothes_brand as clothes_2_9_6_,
        salesinfoc6_.clothes_color as clothes_3_9_6_,
        salesinfoc6_.clothes_gender as clothes_4_9_6_,
        salesinfoc6_.clothes_size as clothes_5_9_6_,
        salesinfos7_.id as id1_10_7_,
        salesinfos7_.status_score as status_s2_10_7_,
        salesinfos7_.status_tag as status_t3_10_7_,
        salesinfos7_.status_times as status_t4_10_7_,
        salesinfos7_.status_when2buy as status_w5_10_7_,
        salesinfos7_.transport as transpor6_10_7_,
        salesinfou8_.id as id1_11_8_,
        salesinfou8_.user_height as user_hei2_11_8_,
        salesinfou8_.user_size as user_siz3_11_8_,
        salesinfou8_.user_weight as user_wei4_11_8_ 
    from
        stores stores0_ 
    left outer join
        members members1_ 
            on stores0_.author_id=members1_.id 
    left outer join
        clothes_info clothesinf2_ 
            on stores0_.clothes_info_id=clothesinf2_.id 
    left outer join
        colors colors3_ 
            on stores0_.colors_name=colors3_.name 
    left outer join
        materials materials4_ 
            on stores0_.materials_name=materials4_.name 
    left outer join
        style style5_ 
            on stores0_.style_name=style5_.name 
    left outer join
        sales_info_clothes salesinfoc6_ 
            on stores0_.sales_info_clothes_id=salesinfoc6_.id 
    left outer join
        sales_info_status salesinfos7_ 
            on stores0_.sales_info_status_id=salesinfos7_.id 
    left outer join
        sales_info_user salesinfou8_ 
            on stores0_.sales_info_user_id=salesinfou8_.id 
    where
        stores0_.id=?
Hibernate: 
    select
        stores0_.id as id1_12_0_,
        stores0_.created_date as created_2_12_0_,
        stores0_.modified_date as modified3_12_0_,
        stores0_.author_id as author_i9_12_0_,
        stores0_.clothes_info_id as clothes10_12_0_,
        stores0_.colors_name as colors_11_12_0_,
        stores0_.materials_name as materia12_12_0_,
        stores0_.style_name as style_n13_12_0_,
        stores0_.clothes_length as clothes_4_12_0_,
        stores0_.content as content5_12_0_,
        stores0_.price as price6_12_0_,
        stores0_.sales_info_clothes_id as sales_i14_12_0_,
        stores0_.sales_info_status_id as sales_i15_12_0_,
        stores0_.sales_info_user_id as sales_i16_12_0_,
        stores0_.status as status7_12_0_,
        stores0_.title as title8_12_0_,
        members1_.id as id1_6_1_,
        members1_.email as email2_6_1_,
        members1_.image as image3_6_1_,
        members1_.name as name4_6_1_,
        members1_.nickname as nickname5_6_1_,
        members1_.password as password6_6_1_,
        members1_.phone as phone7_6_1_,
        members1_.refresh_token as refresh_8_6_1_,
        members1_.role as role9_6_1_,
        clothesinf2_.id as id1_2_2_,
        clothesinf2_.categoryl as category2_2_2_,
        clothesinf2_.categorys as category3_2_2_,
        clothesinf2_.fit as fit4_2_2_,
        clothesinf2_.length as length5_2_2_,
        colors3_.id as id1_4_3_,
        colors3_.name as name2_4_3_,
        materials4_.id as id1_5_4_,
        materials4_.name as name2_5_4_,
        style5_.id as id1_14_5_,
        style5_.name as name2_14_5_,
        salesinfoc6_.id as id1_9_6_,
        salesinfoc6_.clothes_brand as clothes_2_9_6_,
        salesinfoc6_.clothes_color as clothes_3_9_6_,
        salesinfoc6_.clothes_gender as clothes_4_9_6_,
        salesinfoc6_.clothes_size as clothes_5_9_6_,
        salesinfos7_.id as id1_10_7_,
        salesinfos7_.status_score as status_s2_10_7_,
        salesinfos7_.status_tag as status_t3_10_7_,
        salesinfos7_.status_times as status_t4_10_7_,
        salesinfos7_.status_when2buy as status_w5_10_7_,
        salesinfos7_.transport as transpor6_10_7_,
        salesinfou8_.id as id1_11_8_,
        salesinfou8_.user_height as user_hei2_11_8_,
        salesinfou8_.user_size as user_siz3_11_8_,
        salesinfou8_.user_weight as user_wei4_11_8_ 
    from
        stores stores0_ 
    left outer join
        members members1_ 
            on stores0_.author_id=members1_.id 
    left outer join
        clothes_info clothesinf2_ 
            on stores0_.clothes_info_id=clothesinf2_.id 
    left outer join
        colors colors3_ 
            on stores0_.colors_name=colors3_.name 
    left outer join
        materials materials4_ 
            on stores0_.materials_name=materials4_.name 
    left outer join
        style style5_ 
            on stores0_.style_name=style5_.name 
    left outer join
        sales_info_clothes salesinfoc6_ 
            on stores0_.sales_info_clothes_id=salesinfoc6_.id 
    left outer join
        sales_info_status salesinfos7_ 
            on stores0_.sales_info_status_id=salesinfos7_.id 
    left outer join
        sales_info_user salesinfou8_ 
            on stores0_.sales_info_user_id=salesinfou8_.id 
    where
        stores0_.id=?
Hibernate: 
    select
        stores0_.id as id1_12_0_,
        stores0_.created_date as created_2_12_0_,
        stores0_.modified_date as modified3_12_0_,
        stores0_.author_id as author_i9_12_0_,
        stores0_.clothes_info_id as clothes10_12_0_,
        stores0_.colors_name as colors_11_12_0_,
        stores0_.materials_name as materia12_12_0_,
        stores0_.style_name as style_n13_12_0_,
        stores0_.clothes_length as clothes_4_12_0_,
        stores0_.content as content5_12_0_,
        stores0_.price as price6_12_0_,
        stores0_.sales_info_clothes_id as sales_i14_12_0_,
        stores0_.sales_info_status_id as sales_i15_12_0_,
        stores0_.sales_info_user_id as sales_i16_12_0_,
        stores0_.status as status7_12_0_,
        stores0_.title as title8_12_0_,
        members1_.id as id1_6_1_,
        members1_.email as email2_6_1_,
        members1_.image as image3_6_1_,
        members1_.name as name4_6_1_,
        members1_.nickname as nickname5_6_1_,
        members1_.password as password6_6_1_,
        members1_.phone as phone7_6_1_,
        members1_.refresh_token as refresh_8_6_1_,
        members1_.role as role9_6_1_,
        clothesinf2_.id as id1_2_2_,
        clothesinf2_.categoryl as category2_2_2_,
        clothesinf2_.categorys as category3_2_2_,
        clothesinf2_.fit as fit4_2_2_,
        clothesinf2_.length as length5_2_2_,
        colors3_.id as id1_4_3_,
        colors3_.name as name2_4_3_,
        materials4_.id as id1_5_4_,
        materials4_.name as name2_5_4_,
        style5_.id as id1_14_5_,
        style5_.name as name2_14_5_,
        salesinfoc6_.id as id1_9_6_,
        salesinfoc6_.clothes_brand as clothes_2_9_6_,
        salesinfoc6_.clothes_color as clothes_3_9_6_,
        salesinfoc6_.clothes_gender as clothes_4_9_6_,
        salesinfoc6_.clothes_size as clothes_5_9_6_,
        salesinfos7_.id as id1_10_7_,
        salesinfos7_.status_score as status_s2_10_7_,
        salesinfos7_.status_tag as status_t3_10_7_,
        salesinfos7_.status_times as status_t4_10_7_,
        salesinfos7_.status_when2buy as status_w5_10_7_,
        salesinfos7_.transport as transpor6_10_7_,
        salesinfou8_.id as id1_11_8_,
        salesinfou8_.user_height as user_hei2_11_8_,
        salesinfou8_.user_size as user_siz3_11_8_,
        salesinfou8_.user_weight as user_wei4_11_8_ 
    from
        stores stores0_ 
    left outer join
        members members1_ 
            on stores0_.author_id=members1_.id 
    left outer join
        clothes_info clothesinf2_ 
            on stores0_.clothes_info_id=clothesinf2_.id 
    left outer join
        colors colors3_ 
            on stores0_.colors_name=colors3_.name 
    left outer join
        materials materials4_ 
            on stores0_.materials_name=materials4_.name 
    left outer join
        style style5_ 
            on stores0_.style_name=style5_.name 
    left outer join
        sales_info_clothes salesinfoc6_ 
            on stores0_.sales_info_clothes_id=salesinfoc6_.id 
    left outer join
        sales_info_status salesinfos7_ 
            on stores0_.sales_info_status_id=salesinfos7_.id 
    left outer join
        sales_info_user salesinfou8_ 
            on stores0_.sales_info_user_id=salesinfou8_.id 
    where
        stores0_.id=?
Hibernate: 
    select
        stores0_.id as id1_12_0_,
        stores0_.created_date as created_2_12_0_,
        stores0_.modified_date as modified3_12_0_,
        stores0_.author_id as author_i9_12_0_,
        stores0_.clothes_info_id as clothes10_12_0_,
        stores0_.colors_name as colors_11_12_0_,
        stores0_.materials_name as materia12_12_0_,
        stores0_.style_name as style_n13_12_0_,
        stores0_.clothes_length as clothes_4_12_0_,
        stores0_.content as content5_12_0_,
        stores0_.price as price6_12_0_,
        stores0_.sales_info_clothes_id as sales_i14_12_0_,
        stores0_.sales_info_status_id as sales_i15_12_0_,
        stores0_.sales_info_user_id as sales_i16_12_0_,
        stores0_.status as status7_12_0_,
        stores0_.title as title8_12_0_,
        members1_.id as id1_6_1_,
        members1_.email as email2_6_1_,
        members1_.image as image3_6_1_,
        members1_.name as name4_6_1_,
        members1_.nickname as nickname5_6_1_,
        members1_.password as password6_6_1_,
        members1_.phone as phone7_6_1_,
        members1_.refresh_token as refresh_8_6_1_,
        members1_.role as role9_6_1_,
        clothesinf2_.id as id1_2_2_,
        clothesinf2_.categoryl as category2_2_2_,
        clothesinf2_.categorys as category3_2_2_,
        clothesinf2_.fit as fit4_2_2_,
        clothesinf2_.length as length5_2_2_,
        colors3_.id as id1_4_3_,
        colors3_.name as name2_4_3_,
        materials4_.id as id1_5_4_,
        materials4_.name as name2_5_4_,
        style5_.id as id1_14_5_,
        style5_.name as name2_14_5_,
        salesinfoc6_.id as id1_9_6_,
        salesinfoc6_.clothes_brand as clothes_2_9_6_,
        salesinfoc6_.clothes_color as clothes_3_9_6_,
        salesinfoc6_.clothes_gender as clothes_4_9_6_,
        salesinfoc6_.clothes_size as clothes_5_9_6_,
        salesinfos7_.id as id1_10_7_,
        salesinfos7_.status_score as status_s2_10_7_,
        salesinfos7_.status_tag as status_t3_10_7_,
        salesinfos7_.status_times as status_t4_10_7_,
        salesinfos7_.status_when2buy as status_w5_10_7_,
        salesinfos7_.transport as transpor6_10_7_,
        salesinfou8_.id as id1_11_8_,
        salesinfou8_.user_height as user_hei2_11_8_,
        salesinfou8_.user_size as user_siz3_11_8_,
        salesinfou8_.user_weight as user_wei4_11_8_ 
    from
        stores stores0_ 
    left outer join
        members members1_ 
            on stores0_.author_id=members1_.id 
    left outer join
        clothes_info clothesinf2_ 
            on stores0_.clothes_info_id=clothesinf2_.id 
    left outer join
        colors colors3_ 
            on stores0_.colors_name=colors3_.name 
    left outer join
        materials materials4_ 
            on stores0_.materials_name=materials4_.name 
    left outer join
        style style5_ 
            on stores0_.style_name=style5_.name 
    left outer join
        sales_info_clothes salesinfoc6_ 
            on stores0_.sales_info_clothes_id=salesinfoc6_.id 
    left outer join
        sales_info_status salesinfos7_ 
            on stores0_.sales_info_status_id=salesinfos7_.id 
    left outer join
        sales_info_user salesinfou8_ 
            on stores0_.sales_info_user_id=salesinfou8_.id 
    where
        stores0_.id=?
Hibernate: 
    select
        stores0_.id as id1_12_0_,
        stores0_.created_date as created_2_12_0_,
        stores0_.modified_date as modified3_12_0_,
        stores0_.author_id as author_i9_12_0_,
        stores0_.clothes_info_id as clothes10_12_0_,
        stores0_.colors_name as colors_11_12_0_,
        stores0_.materials_name as materia12_12_0_,
        stores0_.style_name as style_n13_12_0_,
        stores0_.clothes_length as clothes_4_12_0_,
        stores0_.content as content5_12_0_,
        stores0_.price as price6_12_0_,
        stores0_.sales_info_clothes_id as sales_i14_12_0_,
        stores0_.sales_info_status_id as sales_i15_12_0_,
        stores0_.sales_info_user_id as sales_i16_12_0_,
        stores0_.status as status7_12_0_,
        stores0_.title as title8_12_0_,
        members1_.id as id1_6_1_,
        members1_.email as email2_6_1_,
        members1_.image as image3_6_1_,
        members1_.name as name4_6_1_,
        members1_.nickname as nickname5_6_1_,
        members1_.password as password6_6_1_,
        members1_.phone as phone7_6_1_,
        members1_.refresh_token as refresh_8_6_1_,
        members1_.role as role9_6_1_,
        clothesinf2_.id as id1_2_2_,
        clothesinf2_.categoryl as category2_2_2_,
        clothesinf2_.categorys as category3_2_2_,
        clothesinf2_.fit as fit4_2_2_,
        clothesinf2_.length as length5_2_2_,
        colors3_.id as id1_4_3_,
        colors3_.name as name2_4_3_,
        materials4_.id as id1_5_4_,
        materials4_.name as name2_5_4_,
        style5_.id as id1_14_5_,
        style5_.name as name2_14_5_,
        salesinfoc6_.id as id1_9_6_,
        salesinfoc6_.clothes_brand as clothes_2_9_6_,
        salesinfoc6_.clothes_color as clothes_3_9_6_,
        salesinfoc6_.clothes_gender as clothes_4_9_6_,
        salesinfoc6_.clothes_size as clothes_5_9_6_,
        salesinfos7_.id as id1_10_7_,
        salesinfos7_.status_score as status_s2_10_7_,
        salesinfos7_.status_tag as status_t3_10_7_,
        salesinfos7_.status_times as status_t4_10_7_,
        salesinfos7_.status_when2buy as status_w5_10_7_,
        salesinfos7_.transport as transpor6_10_7_,
        salesinfou8_.id as id1_11_8_,
        salesinfou8_.user_height as user_hei2_11_8_,
        salesinfou8_.user_size as user_siz3_11_8_,
        salesinfou8_.user_weight as user_wei4_11_8_ 
    from
        stores stores0_ 
    left outer join
        members members1_ 
            on stores0_.author_id=members1_.id 
    left outer join
        clothes_info clothesinf2_ 
            on stores0_.clothes_info_id=clothesinf2_.id 
    left outer join
        colors colors3_ 
            on stores0_.colors_name=colors3_.name 
    left outer join
        materials materials4_ 
            on stores0_.materials_name=materials4_.name 
    left outer join
        style style5_ 
            on stores0_.style_name=style5_.name 
    left outer join
        sales_info_clothes salesinfoc6_ 
            on stores0_.sales_info_clothes_id=salesinfoc6_.id 
    left outer join
        sales_info_status salesinfos7_ 
            on stores0_.sales_info_status_id=salesinfos7_.id 
    left outer join
        sales_info_user salesinfou8_ 
            on stores0_.sales_info_user_id=salesinfou8_.id 
    where
        stores0_.id=?
Hibernate: 
    select
        stores0_.id as id1_12_0_,
        stores0_.created_date as created_2_12_0_,
        stores0_.modified_date as modified3_12_0_,
        stores0_.author_id as author_i9_12_0_,
        stores0_.clothes_info_id as clothes10_12_0_,
        stores0_.colors_name as colors_11_12_0_,
        stores0_.materials_name as materia12_12_0_,
        stores0_.style_name as style_n13_12_0_,
        stores0_.clothes_length as clothes_4_12_0_,
        stores0_.content as content5_12_0_,
        stores0_.price as price6_12_0_,
        stores0_.sales_info_clothes_id as sales_i14_12_0_,
        stores0_.sales_info_status_id as sales_i15_12_0_,
        stores0_.sales_info_user_id as sales_i16_12_0_,
        stores0_.status as status7_12_0_,
        stores0_.title as title8_12_0_,
        members1_.id as id1_6_1_,
        members1_.email as email2_6_1_,
        members1_.image as image3_6_1_,
        members1_.name as name4_6_1_,
        members1_.nickname as nickname5_6_1_,
        members1_.password as password6_6_1_,
        members1_.phone as phone7_6_1_,
        members1_.refresh_token as refresh_8_6_1_,
        members1_.role as role9_6_1_,
        clothesinf2_.id as id1_2_2_,
        clothesinf2_.categoryl as category2_2_2_,
        clothesinf2_.categorys as category3_2_2_,
        clothesinf2_.fit as fit4_2_2_,
        clothesinf2_.length as length5_2_2_,
        colors3_.id as id1_4_3_,
        colors3_.name as name2_4_3_,
        materials4_.id as id1_5_4_,
        materials4_.name as name2_5_4_,
        style5_.id as id1_14_5_,
        style5_.name as name2_14_5_,
        salesinfoc6_.id as id1_9_6_,
        salesinfoc6_.clothes_brand as clothes_2_9_6_,
        salesinfoc6_.clothes_color as clothes_3_9_6_,
        salesinfoc6_.clothes_gender as clothes_4_9_6_,
        salesinfoc6_.clothes_size as clothes_5_9_6_,
        salesinfos7_.id as id1_10_7_,
        salesinfos7_.status_score as status_s2_10_7_,
        salesinfos7_.status_tag as status_t3_10_7_,
        salesinfos7_.status_times as status_t4_10_7_,
        salesinfos7_.status_when2buy as status_w5_10_7_,
        salesinfos7_.transport as transpor6_10_7_,
        salesinfou8_.id as id1_11_8_,
        salesinfou8_.user_height as user_hei2_11_8_,
        salesinfou8_.user_size as user_siz3_11_8_,
        salesinfou8_.user_weight as user_wei4_11_8_ 
    from
        stores stores0_ 
    left outer join
        members members1_ 
            on stores0_.author_id=members1_.id 
    left outer join
        clothes_info clothesinf2_ 
            on stores0_.clothes_info_id=clothesinf2_.id 
    left outer join
        colors colors3_ 
            on stores0_.colors_name=colors3_.name 
    left outer join
        materials materials4_ 
            on stores0_.materials_name=materials4_.name 
    left outer join
        style style5_ 
            on stores0_.style_name=style5_.name 
    left outer join
        sales_info_clothes salesinfoc6_ 
            on stores0_.sales_info_clothes_id=salesinfoc6_.id 
    left outer join
        sales_info_status salesinfos7_ 
            on stores0_.sales_info_status_id=salesinfos7_.id 
    left outer join
        sales_info_user salesinfou8_ 
            on stores0_.sales_info_user_id=salesinfou8_.id 
    where
        stores0_.id=?
Hibernate: 
    select
        stores0_.id as id1_12_0_,
        stores0_.created_date as created_2_12_0_,
        stores0_.modified_date as modified3_12_0_,
        stores0_.author_id as author_i9_12_0_,
        stores0_.clothes_info_id as clothes10_12_0_,
        stores0_.colors_name as colors_11_12_0_,
        stores0_.materials_name as materia12_12_0_,
        stores0_.style_name as style_n13_12_0_,
        stores0_.clothes_length as clothes_4_12_0_,
        stores0_.content as content5_12_0_,
        stores0_.price as price6_12_0_,
        stores0_.sales_info_clothes_id as sales_i14_12_0_,
        stores0_.sales_info_status_id as sales_i15_12_0_,
        stores0_.sales_info_user_id as sales_i16_12_0_,
        stores0_.status as status7_12_0_,
        stores0_.title as title8_12_0_,
        members1_.id as id1_6_1_,
        members1_.email as email2_6_1_,
        members1_.image as image3_6_1_,
        members1_.name as name4_6_1_,
        members1_.nickname as nickname5_6_1_,
        members1_.password as password6_6_1_,
        members1_.phone as phone7_6_1_,
        members1_.refresh_token as refresh_8_6_1_,
        members1_.role as role9_6_1_,
        clothesinf2_.id as id1_2_2_,
        clothesinf2_.categoryl as category2_2_2_,
        clothesinf2_.categorys as category3_2_2_,
        clothesinf2_.fit as fit4_2_2_,
        clothesinf2_.length as length5_2_2_,
        colors3_.id as id1_4_3_,
        colors3_.name as name2_4_3_,
        materials4_.id as id1_5_4_,
        materials4_.name as name2_5_4_,
        style5_.id as id1_14_5_,
        style5_.name as name2_14_5_,
        salesinfoc6_.id as id1_9_6_,
        salesinfoc6_.clothes_brand as clothes_2_9_6_,
        salesinfoc6_.clothes_color as clothes_3_9_6_,
        salesinfoc6_.clothes_gender as clothes_4_9_6_,
        salesinfoc6_.clothes_size as clothes_5_9_6_,
        salesinfos7_.id as id1_10_7_,
        salesinfos7_.status_score as status_s2_10_7_,
        salesinfos7_.status_tag as status_t3_10_7_,
        salesinfos7_.status_times as status_t4_10_7_,
        salesinfos7_.status_when2buy as status_w5_10_7_,
        salesinfos7_.transport as transpor6_10_7_,
        salesinfou8_.id as id1_11_8_,
        salesinfou8_.user_height as user_hei2_11_8_,
        salesinfou8_.user_size as user_siz3_11_8_,
        salesinfou8_.user_weight as user_wei4_11_8_ 
    from
        stores stores0_ 
    left outer join
        members members1_ 
            on stores0_.author_id=members1_.id 
    left outer join
        clothes_info clothesinf2_ 
            on stores0_.clothes_info_id=clothesinf2_.id 
    left outer join
        colors colors3_ 
            on stores0_.colors_name=colors3_.name 
    left outer join
        materials materials4_ 
            on stores0_.materials_name=materials4_.name 
    left outer join
        style style5_ 
            on stores0_.style_name=style5_.name 
    left outer join
        sales_info_clothes salesinfoc6_ 
            on stores0_.sales_info_clothes_id=salesinfoc6_.id 
    left outer join
        sales_info_status salesinfos7_ 
            on stores0_.sales_info_status_id=salesinfos7_.id 
    left outer join
        sales_info_user salesinfou8_ 
            on stores0_.sales_info_user_id=salesinfou8_.id 
    where
        stores0_.id=?
Hibernate: 
    select
        stores0_.id as id1_12_0_,
        stores0_.created_date as created_2_12_0_,
        stores0_.modified_date as modified3_12_0_,
        stores0_.author_id as author_i9_12_0_,
        stores0_.clothes_info_id as clothes10_12_0_,
        stores0_.colors_name as colors_11_12_0_,
        stores0_.materials_name as materia12_12_0_,
        stores0_.style_name as style_n13_12_0_,
        stores0_.clothes_length as clothes_4_12_0_,
        stores0_.content as content5_12_0_,
        stores0_.price as price6_12_0_,
        stores0_.sales_info_clothes_id as sales_i14_12_0_,
        stores0_.sales_info_status_id as sales_i15_12_0_,
        stores0_.sales_info_user_id as sales_i16_12_0_,
        stores0_.status as status7_12_0_,
        stores0_.title as title8_12_0_,
        members1_.id as id1_6_1_,
        members1_.email as email2_6_1_,
        members1_.image as image3_6_1_,
        members1_.name as name4_6_1_,
        members1_.nickname as nickname5_6_1_,
        members1_.password as password6_6_1_,
        members1_.phone as phone7_6_1_,
        members1_.refresh_token as refresh_8_6_1_,
        members1_.role as role9_6_1_,
        clothesinf2_.id as id1_2_2_,
        clothesinf2_.categoryl as category2_2_2_,
        clothesinf2_.categorys as category3_2_2_,
        clothesinf2_.fit as fit4_2_2_,
        clothesinf2_.length as length5_2_2_,
        colors3_.id as id1_4_3_,
        colors3_.name as name2_4_3_,
        materials4_.id as id1_5_4_,
        materials4_.name as name2_5_4_,
        style5_.id as id1_14_5_,
        style5_.name as name2_14_5_,
        salesinfoc6_.id as id1_9_6_,
        salesinfoc6_.clothes_brand as clothes_2_9_6_,
        salesinfoc6_.clothes_color as clothes_3_9_6_,
        salesinfoc6_.clothes_gender as clothes_4_9_6_,
        salesinfoc6_.clothes_size as clothes_5_9_6_,
        salesinfos7_.id as id1_10_7_,
        salesinfos7_.status_score as status_s2_10_7_,
        salesinfos7_.status_tag as status_t3_10_7_,
        salesinfos7_.status_times as status_t4_10_7_,
        salesinfos7_.status_when2buy as status_w5_10_7_,
        salesinfos7_.transport as transpor6_10_7_,
        salesinfou8_.id as id1_11_8_,
        salesinfou8_.user_height as user_hei2_11_8_,
        salesinfou8_.user_size as user_siz3_11_8_,
        salesinfou8_.user_weight as user_wei4_11_8_ 
    from
        stores stores0_ 
    left outer join
        members members1_ 
            on stores0_.author_id=members1_.id 
    left outer join
        clothes_info clothesinf2_ 
            on stores0_.clothes_info_id=clothesinf2_.id 
    left outer join
        colors colors3_ 
            on stores0_.colors_name=colors3_.name 
    left outer join
        materials materials4_ 
            on stores0_.materials_name=materials4_.name 
    left outer join
        style style5_ 
            on stores0_.style_name=style5_.name 
    left outer join
        sales_info_clothes salesinfoc6_ 
            on stores0_.sales_info_clothes_id=salesinfoc6_.id 
    left outer join
        sales_info_status salesinfos7_ 
            on stores0_.sales_info_status_id=salesinfos7_.id 
    left outer join
        sales_info_user salesinfou8_ 
            on stores0_.sales_info_user_id=salesinfou8_.id 
    where
        stores0_.id=?
Hibernate: 
    select
        stores0_.id as id1_12_0_,
        stores0_.created_date as created_2_12_0_,
        stores0_.modified_date as modified3_12_0_,
        stores0_.author_id as author_i9_12_0_,
        stores0_.clothes_info_id as clothes10_12_0_,
        stores0_.colors_name as colors_11_12_0_,
        stores0_.materials_name as materia12_12_0_,
        stores0_.style_name as style_n13_12_0_,
        stores0_.clothes_length as clothes_4_12_0_,
        stores0_.content as content5_12_0_,
        stores0_.price as price6_12_0_,
        stores0_.sales_info_clothes_id as sales_i14_12_0_,
        stores0_.sales_info_status_id as sales_i15_12_0_,
        stores0_.sales_info_user_id as sales_i16_12_0_,
        stores0_.status as status7_12_0_,
        stores0_.title as title8_12_0_,
        members1_.id as id1_6_1_,
        members1_.email as email2_6_1_,
        members1_.image as image3_6_1_,
        members1_.name as name4_6_1_,
        members1_.nickname as nickname5_6_1_,
        members1_.password as password6_6_1_,
        members1_.phone as phone7_6_1_,
        members1_.refresh_token as refresh_8_6_1_,
        members1_.role as role9_6_1_,
        clothesinf2_.id as id1_2_2_,
        clothesinf2_.categoryl as category2_2_2_,
        clothesinf2_.categorys as category3_2_2_,
        clothesinf2_.fit as fit4_2_2_,
        clothesinf2_.length as length5_2_2_,
        colors3_.id as id1_4_3_,
        colors3_.name as name2_4_3_,
        materials4_.id as id1_5_4_,
        materials4_.name as name2_5_4_,
        style5_.id as id1_14_5_,
        style5_.name as name2_14_5_,
        salesinfoc6_.id as id1_9_6_,
        salesinfoc6_.clothes_brand as clothes_2_9_6_,
        salesinfoc6_.clothes_color as clothes_3_9_6_,
        salesinfoc6_.clothes_gender as clothes_4_9_6_,
        salesinfoc6_.clothes_size as clothes_5_9_6_,
        salesinfos7_.id as id1_10_7_,
        salesinfos7_.status_score as status_s2_10_7_,
        salesinfos7_.status_tag as status_t3_10_7_,
        salesinfos7_.status_times as status_t4_10_7_,
        salesinfos7_.status_when2buy as status_w5_10_7_,
        salesinfos7_.transport as transpor6_10_7_,
        salesinfou8_.id as id1_11_8_,
        salesinfou8_.user_height as user_hei2_11_8_,
        salesinfou8_.user_size as user_siz3_11_8_,
        salesinfou8_.user_weight as user_wei4_11_8_ 
    from
        stores stores0_ 
    left outer join
        members members1_ 
            on stores0_.author_id=members1_.id 
    left outer join
        clothes_info clothesinf2_ 
            on stores0_.clothes_info_id=clothesinf2_.id 
    left outer join
        colors colors3_ 
            on stores0_.colors_name=colors3_.name 
    left outer join
        materials materials4_ 
            on stores0_.materials_name=materials4_.name 
    left outer join
        style style5_ 
            on stores0_.style_name=style5_.name 
    left outer join
        sales_info_clothes salesinfoc6_ 
            on stores0_.sales_info_clothes_id=salesinfoc6_.id 
    left outer join
        sales_info_status salesinfos7_ 
            on stores0_.sales_info_status_id=salesinfos7_.id 
    left outer join
        sales_info_user salesinfou8_ 
            on stores0_.sales_info_user_id=salesinfou8_.id 
    where
        stores0_.id=?
Hibernate: 
    select
        stores0_.id as id1_12_0_,
        stores0_.created_date as created_2_12_0_,
        stores0_.modified_date as modified3_12_0_,
        stores0_.author_id as author_i9_12_0_,
        stores0_.clothes_info_id as clothes10_12_0_,
        stores0_.colors_name as colors_11_12_0_,
        stores0_.materials_name as materia12_12_0_,
        stores0_.style_name as style_n13_12_0_,
        stores0_.clothes_length as clothes_4_12_0_,
        stores0_.content as content5_12_0_,
        stores0_.price as price6_12_0_,
        stores0_.sales_info_clothes_id as sales_i14_12_0_,
        stores0_.sales_info_status_id as sales_i15_12_0_,
        stores0_.sales_info_user_id as sales_i16_12_0_,
        stores0_.status as status7_12_0_,
        stores0_.title as title8_12_0_,
        members1_.id as id1_6_1_,
        members1_.email as email2_6_1_,
        members1_.image as image3_6_1_,
        members1_.name as name4_6_1_,
        members1_.nickname as nickname5_6_1_,
        members1_.password as password6_6_1_,
        members1_.phone as phone7_6_1_,
        members1_.refresh_token as refresh_8_6_1_,
        members1_.role as role9_6_1_,
        clothesinf2_.id as id1_2_2_,
        clothesinf2_.categoryl as category2_2_2_,
        clothesinf2_.categorys as category3_2_2_,
        clothesinf2_.fit as fit4_2_2_,
        clothesinf2_.length as length5_2_2_,
        colors3_.id as id1_4_3_,
        colors3_.name as name2_4_3_,
        materials4_.id as id1_5_4_,
        materials4_.name as name2_5_4_,
        style5_.id as id1_14_5_,
        style5_.name as name2_14_5_,
        salesinfoc6_.id as id1_9_6_,
        salesinfoc6_.clothes_brand as clothes_2_9_6_,
        salesinfoc6_.clothes_color as clothes_3_9_6_,
        salesinfoc6_.clothes_gender as clothes_4_9_6_,
        salesinfoc6_.clothes_size as clothes_5_9_6_,
        salesinfos7_.id as id1_10_7_,
        salesinfos7_.status_score as status_s2_10_7_,
        salesinfos7_.status_tag as status_t3_10_7_,
        salesinfos7_.status_times as status_t4_10_7_,
        salesinfos7_.status_when2buy as status_w5_10_7_,
        salesinfos7_.transport as transpor6_10_7_,
        salesinfou8_.id as id1_11_8_,
        salesinfou8_.user_height as user_hei2_11_8_,
        salesinfou8_.user_size as user_siz3_11_8_,
        salesinfou8_.user_weight as user_wei4_11_8_ 
    from
        stores stores0_ 
    left outer join
        members members1_ 
            on stores0_.author_id=members1_.id 
    left outer join
        clothes_info clothesinf2_ 
            on stores0_.clothes_info_id=clothesinf2_.id 
    left outer join
        colors colors3_ 
            on stores0_.colors_name=colors3_.name 
    left outer join
        materials materials4_ 
            on stores0_.materials_name=materials4_.name 
    left outer join
        style style5_ 
            on stores0_.style_name=style5_.name 
    left outer join
        sales_info_clothes salesinfoc6_ 
            on stores0_.sales_info_clothes_id=salesinfoc6_.id 
    left outer join
        sales_info_status salesinfos7_ 
            on stores0_.sales_info_status_id=salesinfos7_.id 
    left outer join
        sales_info_user salesinfou8_ 
            on stores0_.sales_info_user_id=salesinfou8_.id 
    where
        stores0_.id=?
Hibernate: 
    select
        stores0_.id as id1_12_0_,
        stores0_.created_date as created_2_12_0_,
        stores0_.modified_date as modified3_12_0_,
        stores0_.author_id as author_i9_12_0_,
        stores0_.clothes_info_id as clothes10_12_0_,
        stores0_.colors_name as colors_11_12_0_,
        stores0_.materials_name as materia12_12_0_,
        stores0_.style_name as style_n13_12_0_,
        stores0_.clothes_length as clothes_4_12_0_,
        stores0_.content as content5_12_0_,
        stores0_.price as price6_12_0_,
        stores0_.sales_info_clothes_id as sales_i14_12_0_,
        stores0_.sales_info_status_id as sales_i15_12_0_,
        stores0_.sales_info_user_id as sales_i16_12_0_,
        stores0_.status as status7_12_0_,
        stores0_.title as title8_12_0_,
        members1_.id as id1_6_1_,
        members1_.email as email2_6_1_,
        members1_.image as image3_6_1_,
        members1_.name as name4_6_1_,
        members1_.nickname as nickname5_6_1_,
        members1_.password as password6_6_1_,
        members1_.phone as phone7_6_1_,
        members1_.refresh_token as refresh_8_6_1_,
        members1_.role as role9_6_1_,
        clothesinf2_.id as id1_2_2_,
        clothesinf2_.categoryl as category2_2_2_,
        clothesinf2_.categorys as category3_2_2_,
        clothesinf2_.fit as fit4_2_2_,
        clothesinf2_.length as length5_2_2_,
        colors3_.id as id1_4_3_,
        colors3_.name as name2_4_3_,
        materials4_.id as id1_5_4_,
        materials4_.name as name2_5_4_,
        style5_.id as id1_14_5_,
        style5_.name as name2_14_5_,
        salesinfoc6_.id as id1_9_6_,
        salesinfoc6_.clothes_brand as clothes_2_9_6_,
        salesinfoc6_.clothes_color as clothes_3_9_6_,
        salesinfoc6_.clothes_gender as clothes_4_9_6_,
        salesinfoc6_.clothes_size as clothes_5_9_6_,
        salesinfos7_.id as id1_10_7_,
        salesinfos7_.status_score as status_s2_10_7_,
        salesinfos7_.status_tag as status_t3_10_7_,
        salesinfos7_.status_times as status_t4_10_7_,
        salesinfos7_.status_when2buy as status_w5_10_7_,
        salesinfos7_.transport as transpor6_10_7_,
        salesinfou8_.id as id1_11_8_,
        salesinfou8_.user_height as user_hei2_11_8_,
        salesinfou8_.user_size as user_siz3_11_8_,
        salesinfou8_.user_weight as user_wei4_11_8_ 
    from
        stores stores0_ 
    left outer join
        members members1_ 
            on stores0_.author_id=members1_.id 
    left outer join
        clothes_info clothesinf2_ 
            on stores0_.clothes_info_id=clothesinf2_.id 
    left outer join
        colors colors3_ 
            on stores0_.colors_name=colors3_.name 
    left outer join
        materials materials4_ 
            on stores0_.materials_name=materials4_.name 
    left outer join
        style style5_ 
            on stores0_.style_name=style5_.name 
    left outer join
        sales_info_clothes salesinfoc6_ 
            on stores0_.sales_info_clothes_id=salesinfoc6_.id 
    left outer join
        sales_info_status salesinfos7_ 
            on stores0_.sales_info_status_id=salesinfos7_.id 
    left outer join
        sales_info_user salesinfou8_ 
            on stores0_.sales_info_user_id=salesinfou8_.id 
    where
        stores0_.id=?
Hibernate: 
    select
        stores0_.id as id1_12_0_,
        stores0_.created_date as created_2_12_0_,
        stores0_.modified_date as modified3_12_0_,
        stores0_.author_id as author_i9_12_0_,
        stores0_.clothes_info_id as clothes10_12_0_,
        stores0_.colors_name as colors_11_12_0_,
        stores0_.materials_name as materia12_12_0_,
        stores0_.style_name as style_n13_12_0_,
        stores0_.clothes_length as clothes_4_12_0_,
        stores0_.content as content5_12_0_,
        stores0_.price as price6_12_0_,
        stores0_.sales_info_clothes_id as sales_i14_12_0_,
        stores0_.sales_info_status_id as sales_i15_12_0_,
        stores0_.sales_info_user_id as sales_i16_12_0_,
        stores0_.status as status7_12_0_,
        stores0_.title as title8_12_0_,
        members1_.id as id1_6_1_,
        members1_.email as email2_6_1_,
        members1_.image as image3_6_1_,
        members1_.name as name4_6_1_,
        members1_.nickname as nickname5_6_1_,
        members1_.password as password6_6_1_,
        members1_.phone as phone7_6_1_,
        members1_.refresh_token as refresh_8_6_1_,
        members1_.role as role9_6_1_,
        clothesinf2_.id as id1_2_2_,
        clothesinf2_.categoryl as category2_2_2_,
        clothesinf2_.categorys as category3_2_2_,
        clothesinf2_.fit as fit4_2_2_,
        clothesinf2_.length as length5_2_2_,
        colors3_.id as id1_4_3_,
        colors3_.name as name2_4_3_,
        materials4_.id as id1_5_4_,
        materials4_.name as name2_5_4_,
        style5_.id as id1_14_5_,
        style5_.name as name2_14_5_,
        salesinfoc6_.id as id1_9_6_,
        salesinfoc6_.clothes_brand as clothes_2_9_6_,
        salesinfoc6_.clothes_color as clothes_3_9_6_,
        salesinfoc6_.clothes_gender as clothes_4_9_6_,
        salesinfoc6_.clothes_size as clothes_5_9_6_,
        salesinfos7_.id as id1_10_7_,
        salesinfos7_.status_score as status_s2_10_7_,
        salesinfos7_.status_tag as status_t3_10_7_,
        salesinfos7_.status_times as status_t4_10_7_,
        salesinfos7_.status_when2buy as status_w5_10_7_,
        salesinfos7_.transport as transpor6_10_7_,
        salesinfou8_.id as id1_11_8_,
        salesinfou8_.user_height as user_hei2_11_8_,
        salesinfou8_.user_size as user_siz3_11_8_,
        salesinfou8_.user_weight as user_wei4_11_8_ 
    from
        stores stores0_ 
    left outer join
        members members1_ 
            on stores0_.author_id=members1_.id 
    left outer join
        clothes_info clothesinf2_ 
            on stores0_.clothes_info_id=clothesinf2_.id 
    left outer join
        colors colors3_ 
            on stores0_.colors_name=colors3_.name 
    left outer join
        materials materials4_ 
            on stores0_.materials_name=materials4_.name 
    left outer join
        style style5_ 
            on stores0_.style_name=style5_.name 
    left outer join
        sales_info_clothes salesinfoc6_ 
            on stores0_.sales_info_clothes_id=salesinfoc6_.id 
    left outer join
        sales_info_status salesinfos7_ 
            on stores0_.sales_info_status_id=salesinfos7_.id 
    left outer join
        sales_info_user salesinfou8_ 
            on stores0_.sales_info_user_id=salesinfou8_.id 
    where
        stores0_.id=?
Hibernate: 
    select
        stores0_.id as id1_12_0_,
        stores0_.created_date as created_2_12_0_,
        stores0_.modified_date as modified3_12_0_,
        stores0_.author_id as author_i9_12_0_,
        stores0_.clothes_info_id as clothes10_12_0_,
        stores0_.colors_name as colors_11_12_0_,
        stores0_.materials_name as materia12_12_0_,
        stores0_.style_name as style_n13_12_0_,
        stores0_.clothes_length as clothes_4_12_0_,
        stores0_.content as content5_12_0_,
        stores0_.price as price6_12_0_,
        stores0_.sales_info_clothes_id as sales_i14_12_0_,
        stores0_.sales_info_status_id as sales_i15_12_0_,
        stores0_.sales_info_user_id as sales_i16_12_0_,
        stores0_.status as status7_12_0_,
        stores0_.title as title8_12_0_,
        members1_.id as id1_6_1_,
        members1_.email as email2_6_1_,
        members1_.image as image3_6_1_,
        members1_.name as name4_6_1_,
        members1_.nickname as nickname5_6_1_,
        members1_.password as password6_6_1_,
        members1_.phone as phone7_6_1_,
        members1_.refresh_token as refresh_8_6_1_,
        members1_.role as role9_6_1_,
        clothesinf2_.id as id1_2_2_,
        clothesinf2_.categoryl as category2_2_2_,
        clothesinf2_.categorys as category3_2_2_,
        clothesinf2_.fit as fit4_2_2_,
        clothesinf2_.length as length5_2_2_,
        colors3_.id as id1_4_3_,
        colors3_.name as name2_4_3_,
        materials4_.id as id1_5_4_,
        materials4_.name as name2_5_4_,
        style5_.id as id1_14_5_,
        style5_.name as name2_14_5_,
        salesinfoc6_.id as id1_9_6_,
        salesinfoc6_.clothes_brand as clothes_2_9_6_,
        salesinfoc6_.clothes_color as clothes_3_9_6_,
        salesinfoc6_.clothes_gender as clothes_4_9_6_,
        salesinfoc6_.clothes_size as clothes_5_9_6_,
        salesinfos7_.id as id1_10_7_,
        salesinfos7_.status_score as status_s2_10_7_,
        salesinfos7_.status_tag as status_t3_10_7_,
        salesinfos7_.status_times as status_t4_10_7_,
        salesinfos7_.status_when2buy as status_w5_10_7_,
        salesinfos7_.transport as transpor6_10_7_,
        salesinfou8_.id as id1_11_8_,
        salesinfou8_.user_height as user_hei2_11_8_,
        salesinfou8_.user_size as user_siz3_11_8_,
        salesinfou8_.user_weight as user_wei4_11_8_ 
    from
        stores stores0_ 
    left outer join
        members members1_ 
            on stores0_.author_id=members1_.id 
    left outer join
        clothes_info clothesinf2_ 
            on stores0_.clothes_info_id=clothesinf2_.id 
    left outer join
        colors colors3_ 
            on stores0_.colors_name=colors3_.name 
    left outer join
        materials materials4_ 
            on stores0_.materials_name=materials4_.name 
    left outer join
        style style5_ 
            on stores0_.style_name=style5_.name 
    left outer join
        sales_info_clothes salesinfoc6_ 
            on stores0_.sales_info_clothes_id=salesinfoc6_.id 
    left outer join
        sales_info_status salesinfos7_ 
            on stores0_.sales_info_status_id=salesinfos7_.id 
    left outer join
        sales_info_user salesinfou8_ 
            on stores0_.sales_info_user_id=salesinfou8_.id 
    where
        stores0_.id=?
Hibernate: 
    select
        stores0_.id as id1_12_0_,
        stores0_.created_date as created_2_12_0_,
        stores0_.modified_date as modified3_12_0_,
        stores0_.author_id as author_i9_12_0_,
        stores0_.clothes_info_id as clothes10_12_0_,
        stores0_.colors_name as colors_11_12_0_,
        stores0_.materials_name as materia12_12_0_,
        stores0_.style_name as style_n13_12_0_,
        stores0_.clothes_length as clothes_4_12_0_,
        stores0_.content as content5_12_0_,
        stores0_.price as price6_12_0_,
        stores0_.sales_info_clothes_id as sales_i14_12_0_,
        stores0_.sales_info_status_id as sales_i15_12_0_,
        stores0_.sales_info_user_id as sales_i16_12_0_,
        stores0_.status as status7_12_0_,
        stores0_.title as title8_12_0_,
        members1_.id as id1_6_1_,
        members1_.email as email2_6_1_,
        members1_.image as image3_6_1_,
        members1_.name as name4_6_1_,
        members1_.nickname as nickname5_6_1_,
        members1_.password as password6_6_1_,
        members1_.phone as phone7_6_1_,
        members1_.refresh_token as refresh_8_6_1_,
        members1_.role as role9_6_1_,
        clothesinf2_.id as id1_2_2_,
        clothesinf2_.categoryl as category2_2_2_,
        clothesinf2_.categorys as category3_2_2_,
        clothesinf2_.fit as fit4_2_2_,
        clothesinf2_.length as length5_2_2_,
        colors3_.id as id1_4_3_,
        colors3_.name as name2_4_3_,
        materials4_.id as id1_5_4_,
        materials4_.name as name2_5_4_,
        style5_.id as id1_14_5_,
        style5_.name as name2_14_5_,
        salesinfoc6_.id as id1_9_6_,
        salesinfoc6_.clothes_brand as clothes_2_9_6_,
        salesinfoc6_.clothes_color as clothes_3_9_6_,
        salesinfoc6_.clothes_gender as clothes_4_9_6_,
        salesinfoc6_.clothes_size as clothes_5_9_6_,
        salesinfos7_.id as id1_10_7_,
        salesinfos7_.status_score as status_s2_10_7_,
        salesinfos7_.status_tag as status_t3_10_7_,
        salesinfos7_.status_times as status_t4_10_7_,
        salesinfos7_.status_when2buy as status_w5_10_7_,
        salesinfos7_.transport as transpor6_10_7_,
        salesinfou8_.id as id1_11_8_,
        salesinfou8_.user_height as user_hei2_11_8_,
        salesinfou8_.user_size as user_siz3_11_8_,
        salesinfou8_.user_weight as user_wei4_11_8_ 
    from
        stores stores0_ 
    left outer join
        members members1_ 
            on stores0_.author_id=members1_.id 
    left outer join
        clothes_info clothesinf2_ 
            on stores0_.clothes_info_id=clothesinf2_.id 
    left outer join
        colors colors3_ 
            on stores0_.colors_name=colors3_.name 
    left outer join
        materials materials4_ 
            on stores0_.materials_name=materials4_.name 
    left outer join
        style style5_ 
            on stores0_.style_name=style5_.name 
    left outer join
        sales_info_clothes salesinfoc6_ 
            on stores0_.sales_info_clothes_id=salesinfoc6_.id 
    left outer join
        sales_info_status salesinfos7_ 
            on stores0_.sales_info_status_id=salesinfos7_.id 
    left outer join
        sales_info_user salesinfou8_ 
            on stores0_.sales_info_user_id=salesinfou8_.id 
    where
        stores0_.id=?
Hibernate: 
    select
        stores0_.id as id1_12_0_,
        stores0_.created_date as created_2_12_0_,
        stores0_.modified_date as modified3_12_0_,
        stores0_.author_id as author_i9_12_0_,
        stores0_.clothes_info_id as clothes10_12_0_,
        stores0_.colors_name as colors_11_12_0_,
        stores0_.materials_name as materia12_12_0_,
        stores0_.style_name as style_n13_12_0_,
        stores0_.clothes_length as clothes_4_12_0_,
        stores0_.content as content5_12_0_,
        stores0_.price as price6_12_0_,
        stores0_.sales_info_clothes_id as sales_i14_12_0_,
        stores0_.sales_info_status_id as sales_i15_12_0_,
        stores0_.sales_info_user_id as sales_i16_12_0_,
        stores0_.status as status7_12_0_,
        stores0_.title as title8_12_0_,
        members1_.id as id1_6_1_,
        members1_.email as email2_6_1_,
        members1_.image as image3_6_1_,
        members1_.name as name4_6_1_,
        members1_.nickname as nickname5_6_1_,
        members1_.password as password6_6_1_,
        members1_.phone as phone7_6_1_,
        members1_.refresh_token as refresh_8_6_1_,
        members1_.role as role9_6_1_,
        clothesinf2_.id as id1_2_2_,
        clothesinf2_.categoryl as category2_2_2_,
        clothesinf2_.categorys as category3_2_2_,
        clothesinf2_.fit as fit4_2_2_,
        clothesinf2_.length as length5_2_2_,
        colors3_.id as id1_4_3_,
        colors3_.name as name2_4_3_,
        materials4_.id as id1_5_4_,
        materials4_.name as name2_5_4_,
        style5_.id as id1_14_5_,
        style5_.name as name2_14_5_,
        salesinfoc6_.id as id1_9_6_,
        salesinfoc6_.clothes_brand as clothes_2_9_6_,
        salesinfoc6_.clothes_color as clothes_3_9_6_,
        salesinfoc6_.clothes_gender as clothes_4_9_6_,
        salesinfoc6_.clothes_size as clothes_5_9_6_,
        salesinfos7_.id as id1_10_7_,
        salesinfos7_.status_score as status_s2_10_7_,
        salesinfos7_.status_tag as status_t3_10_7_,
        salesinfos7_.status_times as status_t4_10_7_,
        salesinfos7_.status_when2buy as status_w5_10_7_,
        salesinfos7_.transport as transpor6_10_7_,
        salesinfou8_.id as id1_11_8_,
        salesinfou8_.user_height as user_hei2_11_8_,
        salesinfou8_.user_size as user_siz3_11_8_,
        salesinfou8_.user_weight as user_wei4_11_8_ 
    from
        stores stores0_ 
    left outer join
        members members1_ 
            on stores0_.author_id=members1_.id 
    left outer join
        clothes_info clothesinf2_ 
            on stores0_.clothes_info_id=clothesinf2_.id 
    left outer join
        colors colors3_ 
            on stores0_.colors_name=colors3_.name 
    left outer join
        materials materials4_ 
            on stores0_.materials_name=materials4_.name 
    left outer join
        style style5_ 
            on stores0_.style_name=style5_.name 
    left outer join
        sales_info_clothes salesinfoc6_ 
            on stores0_.sales_info_clothes_id=salesinfoc6_.id 
    left outer join
        sales_info_status salesinfos7_ 
            on stores0_.sales_info_status_id=salesinfos7_.id 
    left outer join
        sales_info_user salesinfou8_ 
            on stores0_.sales_info_user_id=salesinfou8_.id 
    where
        stores0_.id=?
Hibernate: 
    select
        stores0_.id as id1_12_0_,
        stores0_.created_date as created_2_12_0_,
        stores0_.modified_date as modified3_12_0_,
        stores0_.author_id as author_i9_12_0_,
        stores0_.clothes_info_id as clothes10_12_0_,
        stores0_.colors_name as colors_11_12_0_,
        stores0_.materials_name as materia12_12_0_,
        stores0_.style_name as style_n13_12_0_,
        stores0_.clothes_length as clothes_4_12_0_,
        stores0_.content as content5_12_0_,
        stores0_.price as price6_12_0_,
        stores0_.sales_info_clothes_id as sales_i14_12_0_,
        stores0_.sales_info_status_id as sales_i15_12_0_,
        stores0_.sales_info_user_id as sales_i16_12_0_,
        stores0_.status as status7_12_0_,
        stores0_.title as title8_12_0_,
        members1_.id as id1_6_1_,
        members1_.email as email2_6_1_,
        members1_.image as image3_6_1_,
        members1_.name as name4_6_1_,
        members1_.nickname as nickname5_6_1_,
        members1_.password as password6_6_1_,
        members1_.phone as phone7_6_1_,
        members1_.refresh_token as refresh_8_6_1_,
        members1_.role as role9_6_1_,
        clothesinf2_.id as id1_2_2_,
        clothesinf2_.categoryl as category2_2_2_,
        clothesinf2_.categorys as category3_2_2_,
        clothesinf2_.fit as fit4_2_2_,
        clothesinf2_.length as length5_2_2_,
        colors3_.id as id1_4_3_,
        colors3_.name as name2_4_3_,
        materials4_.id as id1_5_4_,
        materials4_.name as name2_5_4_,
        style5_.id as id1_14_5_,
        style5_.name as name2_14_5_,
        salesinfoc6_.id as id1_9_6_,
        salesinfoc6_.clothes_brand as clothes_2_9_6_,
        salesinfoc6_.clothes_color as clothes_3_9_6_,
        salesinfoc6_.clothes_gender as clothes_4_9_6_,
        salesinfoc6_.clothes_size as clothes_5_9_6_,
        salesinfos7_.id as id1_10_7_,
        salesinfos7_.status_score as status_s2_10_7_,
        salesinfos7_.status_tag as status_t3_10_7_,
        salesinfos7_.status_times as status_t4_10_7_,
        salesinfos7_.status_when2buy as status_w5_10_7_,
        salesinfos7_.transport as transpor6_10_7_,
        salesinfou8_.id as id1_11_8_,
        salesinfou8_.user_height as user_hei2_11_8_,
        salesinfou8_.user_size as user_siz3_11_8_,
        salesinfou8_.user_weight as user_wei4_11_8_ 
    from
        stores stores0_ 
    left outer join
        members members1_ 
            on stores0_.author_id=members1_.id 
    left outer join
        clothes_info clothesinf2_ 
            on stores0_.clothes_info_id=clothesinf2_.id 
    left outer join
        colors colors3_ 
            on stores0_.colors_name=colors3_.name 
    left outer join
        materials materials4_ 
            on stores0_.materials_name=materials4_.name 
    left outer join
        style style5_ 
            on stores0_.style_name=style5_.name 
    left outer join
        sales_info_clothes salesinfoc6_ 
            on stores0_.sales_info_clothes_id=salesinfoc6_.id 
    left outer join
        sales_info_status salesinfos7_ 
            on stores0_.sales_info_status_id=salesinfos7_.id 
    left outer join
        sales_info_user salesinfou8_ 
            on stores0_.sales_info_user_id=salesinfou8_.id 
    where
        stores0_.id=?
Hibernate: 
    select
        stores0_.id as id1_12_0_,
        stores0_.created_date as created_2_12_0_,
        stores0_.modified_date as modified3_12_0_,
        stores0_.author_id as author_i9_12_0_,
        stores0_.clothes_info_id as clothes10_12_0_,
        stores0_.colors_name as colors_11_12_0_,
        stores0_.materials_name as materia12_12_0_,
        stores0_.style_name as style_n13_12_0_,
        stores0_.clothes_length as clothes_4_12_0_,
        stores0_.content as content5_12_0_,
        stores0_.price as price6_12_0_,
        stores0_.sales_info_clothes_id as sales_i14_12_0_,
        stores0_.sales_info_status_id as sales_i15_12_0_,
        stores0_.sales_info_user_id as sales_i16_12_0_,
        stores0_.status as status7_12_0_,
        stores0_.title as title8_12_0_,
        members1_.id as id1_6_1_,
        members1_.email as email2_6_1_,
        members1_.image as image3_6_1_,
        members1_.name as name4_6_1_,
        members1_.nickname as nickname5_6_1_,
        members1_.password as password6_6_1_,
        members1_.phone as phone7_6_1_,
        members1_.refresh_token as refresh_8_6_1_,
        members1_.role as role9_6_1_,
        clothesinf2_.id as id1_2_2_,
        clothesinf2_.categoryl as category2_2_2_,
        clothesinf2_.categorys as category3_2_2_,
        clothesinf2_.fit as fit4_2_2_,
        clothesinf2_.length as length5_2_2_,
        colors3_.id as id1_4_3_,
        colors3_.name as name2_4_3_,
        materials4_.id as id1_5_4_,
        materials4_.name as name2_5_4_,
        style5_.id as id1_14_5_,
        style5_.name as name2_14_5_,
        salesinfoc6_.id as id1_9_6_,
        salesinfoc6_.clothes_brand as clothes_2_9_6_,
        salesinfoc6_.clothes_color as clothes_3_9_6_,
        salesinfoc6_.clothes_gender as clothes_4_9_6_,
        salesinfoc6_.clothes_size as clothes_5_9_6_,
        salesinfos7_.id as id1_10_7_,
        salesinfos7_.status_score as status_s2_10_7_,
        salesinfos7_.status_tag as status_t3_10_7_,
        salesinfos7_.status_times as status_t4_10_7_,
        salesinfos7_.status_when2buy as status_w5_10_7_,
        salesinfos7_.transport as transpor6_10_7_,
        salesinfou8_.id as id1_11_8_,
        salesinfou8_.user_height as user_hei2_11_8_,
        salesinfou8_.user_size as user_siz3_11_8_,
        salesinfou8_.user_weight as user_wei4_11_8_ 
    from
        stores stores0_ 
    left outer join
        members members1_ 
            on stores0_.author_id=members1_.id 
    left outer join
        clothes_info clothesinf2_ 
            on stores0_.clothes_info_id=clothesinf2_.id 
    left outer join
        colors colors3_ 
            on stores0_.colors_name=colors3_.name 
    left outer join
        materials materials4_ 
            on stores0_.materials_name=materials4_.name 
    left outer join
        style style5_ 
            on stores0_.style_name=style5_.name 
    left outer join
        sales_info_clothes salesinfoc6_ 
            on stores0_.sales_info_clothes_id=salesinfoc6_.id 
    left outer join
        sales_info_status salesinfos7_ 
            on stores0_.sales_info_status_id=salesinfos7_.id 
    left outer join
        sales_info_user salesinfou8_ 
            on stores0_.sales_info_user_id=salesinfou8_.id 
    where
        stores0_.id=?
Hibernate: 
    select
        stores0_.id as id1_12_0_,
        stores0_.created_date as created_2_12_0_,
        stores0_.modified_date as modified3_12_0_,
        stores0_.author_id as author_i9_12_0_,
        stores0_.clothes_info_id as clothes10_12_0_,
        stores0_.colors_name as colors_11_12_0_,
        stores0_.materials_name as materia12_12_0_,
        stores0_.style_name as style_n13_12_0_,
        stores0_.clothes_length as clothes_4_12_0_,
        stores0_.content as content5_12_0_,
        stores0_.price as price6_12_0_,
        stores0_.sales_info_clothes_id as sales_i14_12_0_,
        stores0_.sales_info_status_id as sales_i15_12_0_,
        stores0_.sales_info_user_id as sales_i16_12_0_,
        stores0_.status as status7_12_0_,
        stores0_.title as title8_12_0_,
        members1_.id as id1_6_1_,
        members1_.email as email2_6_1_,
        members1_.image as image3_6_1_,
        members1_.name as name4_6_1_,
        members1_.nickname as nickname5_6_1_,
        members1_.password as password6_6_1_,
        members1_.phone as phone7_6_1_,
        members1_.refresh_token as refresh_8_6_1_,
        members1_.role as role9_6_1_,
        clothesinf2_.id as id1_2_2_,
        clothesinf2_.categoryl as category2_2_2_,
        clothesinf2_.categorys as category3_2_2_,
        clothesinf2_.fit as fit4_2_2_,
        clothesinf2_.length as length5_2_2_,
        colors3_.id as id1_4_3_,
        colors3_.name as name2_4_3_,
        materials4_.id as id1_5_4_,
        materials4_.name as name2_5_4_,
        style5_.id as id1_14_5_,
        style5_.name as name2_14_5_,
        salesinfoc6_.id as id1_9_6_,
        salesinfoc6_.clothes_brand as clothes_2_9_6_,
        salesinfoc6_.clothes_color as clothes_3_9_6_,
        salesinfoc6_.clothes_gender as clothes_4_9_6_,
        salesinfoc6_.clothes_size as clothes_5_9_6_,
        salesinfos7_.id as id1_10_7_,
        salesinfos7_.status_score as status_s2_10_7_,
        salesinfos7_.status_tag as status_t3_10_7_,
        salesinfos7_.status_times as status_t4_10_7_,
        salesinfos7_.status_when2buy as status_w5_10_7_,
        salesinfos7_.transport as transpor6_10_7_,
        salesinfou8_.id as id1_11_8_,
        salesinfou8_.user_height as user_hei2_11_8_,
        salesinfou8_.user_size as user_siz3_11_8_,
        salesinfou8_.user_weight as user_wei4_11_8_ 
    from
        stores stores0_ 
    left outer join
        members members1_ 
            on stores0_.author_id=members1_.id 
    left outer join
        clothes_info clothesinf2_ 
            on stores0_.clothes_info_id=clothesinf2_.id 
    left outer join
        colors colors3_ 
            on stores0_.colors_name=colors3_.name 
    left outer join
        materials materials4_ 
            on stores0_.materials_name=materials4_.name 
    left outer join
        style style5_ 
            on stores0_.style_name=style5_.name 
    left outer join
        sales_info_clothes salesinfoc6_ 
            on stores0_.sales_info_clothes_id=salesinfoc6_.id 
    left outer join
        sales_info_status salesinfos7_ 
            on stores0_.sales_info_status_id=salesinfos7_.id 
    left outer join
        sales_info_user salesinfou8_ 
            on stores0_.sales_info_user_id=salesinfou8_.id 
    where
        stores0_.id=?
Hibernate: 
    select
        stores0_.id as id1_12_0_,
        stores0_.created_date as created_2_12_0_,
        stores0_.modified_date as modified3_12_0_,
        stores0_.author_id as author_i9_12_0_,
        stores0_.clothes_info_id as clothes10_12_0_,
        stores0_.colors_name as colors_11_12_0_,
        stores0_.materials_name as materia12_12_0_,
        stores0_.style_name as style_n13_12_0_,
        stores0_.clothes_length as clothes_4_12_0_,
        stores0_.content as content5_12_0_,
        stores0_.price as price6_12_0_,
        stores0_.sales_info_clothes_id as sales_i14_12_0_,
        stores0_.sales_info_status_id as sales_i15_12_0_,
        stores0_.sales_info_user_id as sales_i16_12_0_,
        stores0_.status as status7_12_0_,
        stores0_.title as title8_12_0_,
        members1_.id as id1_6_1_,
        members1_.email as email2_6_1_,
        members1_.image as image3_6_1_,
        members1_.name as name4_6_1_,
        members1_.nickname as nickname5_6_1_,
        members1_.password as password6_6_1_,
        members1_.phone as phone7_6_1_,
        members1_.refresh_token as refresh_8_6_1_,
        members1_.role as role9_6_1_,
        clothesinf2_.id as id1_2_2_,
        clothesinf2_.categoryl as category2_2_2_,
        clothesinf2_.categorys as category3_2_2_,
        clothesinf2_.fit as fit4_2_2_,
        clothesinf2_.length as length5_2_2_,
        colors3_.id as id1_4_3_,
        colors3_.name as name2_4_3_,
        materials4_.id as id1_5_4_,
        materials4_.name as name2_5_4_,
        style5_.id as id1_14_5_,
        style5_.name as name2_14_5_,
        salesinfoc6_.id as id1_9_6_,
        salesinfoc6_.clothes_brand as clothes_2_9_6_,
        salesinfoc6_.clothes_color as clothes_3_9_6_,
        salesinfoc6_.clothes_gender as clothes_4_9_6_,
        salesinfoc6_.clothes_size as clothes_5_9_6_,
        salesinfos7_.id as id1_10_7_,
        salesinfos7_.status_score as status_s2_10_7_,
        salesinfos7_.status_tag as status_t3_10_7_,
        salesinfos7_.status_times as status_t4_10_7_,
        salesinfos7_.status_when2buy as status_w5_10_7_,
        salesinfos7_.transport as transpor6_10_7_,
        salesinfou8_.id as id1_11_8_,
        salesinfou8_.user_height as user_hei2_11_8_,
        salesinfou8_.user_size as user_siz3_11_8_,
        salesinfou8_.user_weight as user_wei4_11_8_ 
    from
        stores stores0_ 
    left outer join
        members members1_ 
            on stores0_.author_id=members1_.id 
    left outer join
        clothes_info clothesinf2_ 
            on stores0_.clothes_info_id=clothesinf2_.id 
    left outer join
        colors colors3_ 
            on stores0_.colors_name=colors3_.name 
    left outer join
        materials materials4_ 
            on stores0_.materials_name=materials4_.name 
    left outer join
        style style5_ 
            on stores0_.style_name=style5_.name 
    left outer join
        sales_info_clothes salesinfoc6_ 
            on stores0_.sales_info_clothes_id=salesinfoc6_.id 
    left outer join
        sales_info_status salesinfos7_ 
            on stores0_.sales_info_status_id=salesinfos7_.id 
    left outer join
        sales_info_user salesinfou8_ 
            on stores0_.sales_info_user_id=salesinfou8_.id 
    where
        stores0_.id=?
Hibernate: 
    select
        stores0_.id as id1_12_0_,
        stores0_.created_date as created_2_12_0_,
        stores0_.modified_date as modified3_12_0_,
        stores0_.author_id as author_i9_12_0_,
        stores0_.clothes_info_id as clothes10_12_0_,
        stores0_.colors_name as colors_11_12_0_,
        stores0_.materials_name as materia12_12_0_,
        stores0_.style_name as style_n13_12_0_,
        stores0_.clothes_length as clothes_4_12_0_,
        stores0_.content as content5_12_0_,
        stores0_.price as price6_12_0_,
        stores0_.sales_info_clothes_id as sales_i14_12_0_,
        stores0_.sales_info_status_id as sales_i15_12_0_,
        stores0_.sales_info_user_id as sales_i16_12_0_,
        stores0_.status as status7_12_0_,
        stores0_.title as title8_12_0_,
        members1_.id as id1_6_1_,
        members1_.email as email2_6_1_,
        members1_.image as image3_6_1_,
        members1_.name as name4_6_1_,
        members1_.nickname as nickname5_6_1_,
        members1_.password as password6_6_1_,
        members1_.phone as phone7_6_1_,
        members1_.refresh_token as refresh_8_6_1_,
        members1_.role as role9_6_1_,
        clothesinf2_.id as id1_2_2_,
        clothesinf2_.categoryl as category2_2_2_,
        clothesinf2_.categorys as category3_2_2_,
        clothesinf2_.fit as fit4_2_2_,
        clothesinf2_.length as length5_2_2_,
        colors3_.id as id1_4_3_,
        colors3_.name as name2_4_3_,
        materials4_.id as id1_5_4_,
        materials4_.name as name2_5_4_,
        style5_.id as id1_14_5_,
        style5_.name as name2_14_5_,
        salesinfoc6_.id as id1_9_6_,
        salesinfoc6_.clothes_brand as clothes_2_9_6_,
        salesinfoc6_.clothes_color as clothes_3_9_6_,
        salesinfoc6_.clothes_gender as clothes_4_9_6_,
        salesinfoc6_.clothes_size as clothes_5_9_6_,
        salesinfos7_.id as id1_10_7_,
        salesinfos7_.status_score as status_s2_10_7_,
        salesinfos7_.status_tag as status_t3_10_7_,
        salesinfos7_.status_times as status_t4_10_7_,
        salesinfos7_.status_when2buy as status_w5_10_7_,
        salesinfos7_.transport as transpor6_10_7_,
        salesinfou8_.id as id1_11_8_,
        salesinfou8_.user_height as user_hei2_11_8_,
        salesinfou8_.user_size as user_siz3_11_8_,
        salesinfou8_.user_weight as user_wei4_11_8_ 
    from
        stores stores0_ 
    left outer join
        members members1_ 
            on stores0_.author_id=members1_.id 
    left outer join
        clothes_info clothesinf2_ 
            on stores0_.clothes_info_id=clothesinf2_.id 
    left outer join
        colors colors3_ 
            on stores0_.colors_name=colors3_.name 
    left outer join
        materials materials4_ 
            on stores0_.materials_name=materials4_.name 
    left outer join
        style style5_ 
            on stores0_.style_name=style5_.name 
    left outer join
        sales_info_clothes salesinfoc6_ 
            on stores0_.sales_info_clothes_id=salesinfoc6_.id 
    left outer join
        sales_info_status salesinfos7_ 
            on stores0_.sales_info_status_id=salesinfos7_.id 
    left outer join
        sales_info_user salesinfou8_ 
            on stores0_.sales_info_user_id=salesinfou8_.id 
    where
        stores0_.id=?
Hibernate: 
    select
        stores0_.id as id1_12_0_,
        stores0_.created_date as created_2_12_0_,
        stores0_.modified_date as modified3_12_0_,
        stores0_.author_id as author_i9_12_0_,
        stores0_.clothes_info_id as clothes10_12_0_,
        stores0_.colors_name as colors_11_12_0_,
        stores0_.materials_name as materia12_12_0_,
        stores0_.style_name as style_n13_12_0_,
        stores0_.clothes_length as clothes_4_12_0_,
        stores0_.content as content5_12_0_,
        stores0_.price as price6_12_0_,
        stores0_.sales_info_clothes_id as sales_i14_12_0_,
        stores0_.sales_info_status_id as sales_i15_12_0_,
        stores0_.sales_info_user_id as sales_i16_12_0_,
        stores0_.status as status7_12_0_,
        stores0_.title as title8_12_0_,
        members1_.id as id1_6_1_,
        members1_.email as email2_6_1_,
        members1_.image as image3_6_1_,
        members1_.name as name4_6_1_,
        members1_.nickname as nickname5_6_1_,
        members1_.password as password6_6_1_,
        members1_.phone as phone7_6_1_,
        members1_.refresh_token as refresh_8_6_1_,
        members1_.role as role9_6_1_,
        clothesinf2_.id as id1_2_2_,
        clothesinf2_.categoryl as category2_2_2_,
        clothesinf2_.categorys as category3_2_2_,
        clothesinf2_.fit as fit4_2_2_,
        clothesinf2_.length as length5_2_2_,
        colors3_.id as id1_4_3_,
        colors3_.name as name2_4_3_,
        materials4_.id as id1_5_4_,
        materials4_.name as name2_5_4_,
        style5_.id as id1_14_5_,
        style5_.name as name2_14_5_,
        salesinfoc6_.id as id1_9_6_,
        salesinfoc6_.clothes_brand as clothes_2_9_6_,
        salesinfoc6_.clothes_color as clothes_3_9_6_,
        salesinfoc6_.clothes_gender as clothes_4_9_6_,
        salesinfoc6_.clothes_size as clothes_5_9_6_,
        salesinfos7_.id as id1_10_7_,
        salesinfos7_.status_score as status_s2_10_7_,
        salesinfos7_.status_tag as status_t3_10_7_,
        salesinfos7_.status_times as status_t4_10_7_,
        salesinfos7_.status_when2buy as status_w5_10_7_,
        salesinfos7_.transport as transpor6_10_7_,
        salesinfou8_.id as id1_11_8_,
        salesinfou8_.user_height as user_hei2_11_8_,
        salesinfou8_.user_size as user_siz3_11_8_,
        salesinfou8_.user_weight as user_wei4_11_8_ 
    from
        stores stores0_ 
    left outer join
        members members1_ 
            on stores0_.author_id=members1_.id 
    left outer join
        clothes_info clothesinf2_ 
            on stores0_.clothes_info_id=clothesinf2_.id 
    left outer join
        colors colors3_ 
            on stores0_.colors_name=colors3_.name 
    left outer join
        materials materials4_ 
            on stores0_.materials_name=materials4_.name 
    left outer join
        style style5_ 
            on stores0_.style_name=style5_.name 
    left outer join
        sales_info_clothes salesinfoc6_ 
            on stores0_.sales_info_clothes_id=salesinfoc6_.id 
    left outer join
        sales_info_status salesinfos7_ 
            on stores0_.sales_info_status_id=salesinfos7_.id 
    left outer join
        sales_info_user salesinfou8_ 
            on stores0_.sales_info_user_id=salesinfou8_.id 
    where
        stores0_.id=?
Hibernate: 
    select
        stores0_.id as id1_12_0_,
        stores0_.created_date as created_2_12_0_,
        stores0_.modified_date as modified3_12_0_,
        stores0_.author_id as author_i9_12_0_,
        stores0_.clothes_info_id as clothes10_12_0_,
        stores0_.colors_name as colors_11_12_0_,
        stores0_.materials_name as materia12_12_0_,
        stores0_.style_name as style_n13_12_0_,
        stores0_.clothes_length as clothes_4_12_0_,
        stores0_.content as content5_12_0_,
        stores0_.price as price6_12_0_,
        stores0_.sales_info_clothes_id as sales_i14_12_0_,
        stores0_.sales_info_status_id as sales_i15_12_0_,
        stores0_.sales_info_user_id as sales_i16_12_0_,
        stores0_.status as status7_12_0_,
        stores0_.title as title8_12_0_,
        members1_.id as id1_6_1_,
        members1_.email as email2_6_1_,
        members1_.image as image3_6_1_,
        members1_.name as name4_6_1_,
        members1_.nickname as nickname5_6_1_,
        members1_.password as password6_6_1_,
        members1_.phone as phone7_6_1_,
        members1_.refresh_token as refresh_8_6_1_,
        members1_.role as role9_6_1_,
        clothesinf2_.id as id1_2_2_,
        clothesinf2_.categoryl as category2_2_2_,
        clothesinf2_.categorys as category3_2_2_,
        clothesinf2_.fit as fit4_2_2_,
        clothesinf2_.length as length5_2_2_,
        colors3_.id as id1_4_3_,
        colors3_.name as name2_4_3_,
        materials4_.id as id1_5_4_,
        materials4_.name as name2_5_4_,
        style5_.id as id1_14_5_,
        style5_.name as name2_14_5_,
        salesinfoc6_.id as id1_9_6_,
        salesinfoc6_.clothes_brand as clothes_2_9_6_,
        salesinfoc6_.clothes_color as clothes_3_9_6_,
        salesinfoc6_.clothes_gender as clothes_4_9_6_,
        salesinfoc6_.clothes_size as clothes_5_9_6_,
        salesinfos7_.id as id1_10_7_,
        salesinfos7_.status_score as status_s2_10_7_,
        salesinfos7_.status_tag as status_t3_10_7_,
        salesinfos7_.status_times as status_t4_10_7_,
        salesinfos7_.status_when2buy as status_w5_10_7_,
        salesinfos7_.transport as transpor6_10_7_,
        salesinfou8_.id as id1_11_8_,
        salesinfou8_.user_height as user_hei2_11_8_,
        salesinfou8_.user_size as user_siz3_11_8_,
        salesinfou8_.user_weight as user_wei4_11_8_ 
    from
        stores stores0_ 
    left outer join
        members members1_ 
            on stores0_.author_id=members1_.id 
    left outer join
        clothes_info clothesinf2_ 
            on stores0_.clothes_info_id=clothesinf2_.id 
    left outer join
        colors colors3_ 
            on stores0_.colors_name=colors3_.name 
    left outer join
        materials materials4_ 
            on stores0_.materials_name=materials4_.name 
    left outer join
        style style5_ 
            on stores0_.style_name=style5_.name 
    left outer join
        sales_info_clothes salesinfoc6_ 
            on stores0_.sales_info_clothes_id=salesinfoc6_.id 
    left outer join
        sales_info_status salesinfos7_ 
            on stores0_.sales_info_status_id=salesinfos7_.id 
    left outer join
        sales_info_user salesinfou8_ 
            on stores0_.sales_info_user_id=salesinfou8_.id 
    where
        stores0_.id=?
Hibernate: 
    select
        stores0_.id as id1_12_0_,
        stores0_.created_date as created_2_12_0_,
        stores0_.modified_date as modified3_12_0_,
        stores0_.author_id as author_i9_12_0_,
        stores0_.clothes_info_id as clothes10_12_0_,
        stores0_.colors_name as colors_11_12_0_,
        stores0_.materials_name as materia12_12_0_,
        stores0_.style_name as style_n13_12_0_,
        stores0_.clothes_length as clothes_4_12_0_,
        stores0_.content as content5_12_0_,
        stores0_.price as price6_12_0_,
        stores0_.sales_info_clothes_id as sales_i14_12_0_,
        stores0_.sales_info_status_id as sales_i15_12_0_,
        stores0_.sales_info_user_id as sales_i16_12_0_,
        stores0_.status as status7_12_0_,
        stores0_.title as title8_12_0_,
        members1_.id as id1_6_1_,
        members1_.email as email2_6_1_,
        members1_.image as image3_6_1_,
        members1_.name as name4_6_1_,
        members1_.nickname as nickname5_6_1_,
        members1_.password as password6_6_1_,
        members1_.phone as phone7_6_1_,
        members1_.refresh_token as refresh_8_6_1_,
        members1_.role as role9_6_1_,
        clothesinf2_.id as id1_2_2_,
        clothesinf2_.categoryl as category2_2_2_,
        clothesinf2_.categorys as category3_2_2_,
        clothesinf2_.fit as fit4_2_2_,
        clothesinf2_.length as length5_2_2_,
        colors3_.id as id1_4_3_,
        colors3_.name as name2_4_3_,
        materials4_.id as id1_5_4_,
        materials4_.name as name2_5_4_,
        style5_.id as id1_14_5_,
        style5_.name as name2_14_5_,
        salesinfoc6_.id as id1_9_6_,
        salesinfoc6_.clothes_brand as clothes_2_9_6_,
        salesinfoc6_.clothes_color as clothes_3_9_6_,
        salesinfoc6_.clothes_gender as clothes_4_9_6_,
        salesinfoc6_.clothes_size as clothes_5_9_6_,
        salesinfos7_.id as id1_10_7_,
        salesinfos7_.status_score as status_s2_10_7_,
        salesinfos7_.status_tag as status_t3_10_7_,
        salesinfos7_.status_times as status_t4_10_7_,
        salesinfos7_.status_when2buy as status_w5_10_7_,
        salesinfos7_.transport as transpor6_10_7_,
        salesinfou8_.id as id1_11_8_,
        salesinfou8_.user_height as user_hei2_11_8_,
        salesinfou8_.user_size as user_siz3_11_8_,
        salesinfou8_.user_weight as user_wei4_11_8_ 
    from
        stores stores0_ 
    left outer join
        members members1_ 
            on stores0_.author_id=members1_.id 
    left outer join
        clothes_info clothesinf2_ 
            on stores0_.clothes_info_id=clothesinf2_.id 
    left outer join
        colors colors3_ 
            on stores0_.colors_name=colors3_.name 
    left outer join
        materials materials4_ 
            on stores0_.materials_name=materials4_.name 
    left outer join
        style style5_ 
            on stores0_.style_name=style5_.name 
    left outer join
        sales_info_clothes salesinfoc6_ 
            on stores0_.sales_info_clothes_id=salesinfoc6_.id 
    left outer join
        sales_info_status salesinfos7_ 
            on stores0_.sales_info_status_id=salesinfos7_.id 
    left outer join
        sales_info_user salesinfou8_ 
            on stores0_.sales_info_user_id=salesinfou8_.id 
    where
        stores0_.id=?
Hibernate: 
    select
        stores0_.id as id1_12_0_,
        stores0_.created_date as created_2_12_0_,
        stores0_.modified_date as modified3_12_0_,
        stores0_.author_id as author_i9_12_0_,
        stores0_.clothes_info_id as clothes10_12_0_,
        stores0_.colors_name as colors_11_12_0_,
        stores0_.materials_name as materia12_12_0_,
        stores0_.style_name as style_n13_12_0_,
        stores0_.clothes_length as clothes_4_12_0_,
        stores0_.content as content5_12_0_,
        stores0_.price as price6_12_0_,
        stores0_.sales_info_clothes_id as sales_i14_12_0_,
        stores0_.sales_info_status_id as sales_i15_12_0_,
        stores0_.sales_info_user_id as sales_i16_12_0_,
        stores0_.status as status7_12_0_,
        stores0_.title as title8_12_0_,
        members1_.id as id1_6_1_,
        members1_.email as email2_6_1_,
        members1_.image as image3_6_1_,
        members1_.name as name4_6_1_,
        members1_.nickname as nickname5_6_1_,
        members1_.password as password6_6_1_,
        members1_.phone as phone7_6_1_,
        members1_.refresh_token as refresh_8_6_1_,
        members1_.role as role9_6_1_,
        clothesinf2_.id as id1_2_2_,
        clothesinf2_.categoryl as category2_2_2_,
        clothesinf2_.categorys as category3_2_2_,
        clothesinf2_.fit as fit4_2_2_,
        clothesinf2_.length as length5_2_2_,
        colors3_.id as id1_4_3_,
        colors3_.name as name2_4_3_,
        materials4_.id as id1_5_4_,
        materials4_.name as name2_5_4_,
        style5_.id as id1_14_5_,
        style5_.name as name2_14_5_,
        salesinfoc6_.id as id1_9_6_,
        salesinfoc6_.clothes_brand as clothes_2_9_6_,
        salesinfoc6_.clothes_color as clothes_3_9_6_,
        salesinfoc6_.clothes_gender as clothes_4_9_6_,
        salesinfoc6_.clothes_size as clothes_5_9_6_,
        salesinfos7_.id as id1_10_7_,
        salesinfos7_.status_score as status_s2_10_7_,
        salesinfos7_.status_tag as status_t3_10_7_,
        salesinfos7_.status_times as status_t4_10_7_,
        salesinfos7_.status_when2buy as status_w5_10_7_,
        salesinfos7_.transport as transpor6_10_7_,
        salesinfou8_.id as id1_11_8_,
        salesinfou8_.user_height as user_hei2_11_8_,
        salesinfou8_.user_size as user_siz3_11_8_,
        salesinfou8_.user_weight as user_wei4_11_8_ 
    from
        stores stores0_ 
    left outer join
        members members1_ 
            on stores0_.author_id=members1_.id 
    left outer join
        clothes_info clothesinf2_ 
            on stores0_.clothes_info_id=clothesinf2_.id 
    left outer join
        colors colors3_ 
            on stores0_.colors_name=colors3_.name 
    left outer join
        materials materials4_ 
            on stores0_.materials_name=materials4_.name 
    left outer join
        style style5_ 
            on stores0_.style_name=style5_.name 
    left outer join
        sales_info_clothes salesinfoc6_ 
            on stores0_.sales_info_clothes_id=salesinfoc6_.id 
    left outer join
        sales_info_status salesinfos7_ 
            on stores0_.sales_info_status_id=salesinfos7_.id 
    left outer join
        sales_info_user salesinfou8_ 
            on stores0_.sales_info_user_id=salesinfou8_.id 
    where
        stores0_.id=?
Hibernate: 
    select
        stores0_.id as id1_12_0_,
        stores0_.created_date as created_2_12_0_,
        stores0_.modified_date as modified3_12_0_,
        stores0_.author_id as author_i9_12_0_,
        stores0_.clothes_info_id as clothes10_12_0_,
        stores0_.colors_name as colors_11_12_0_,
        stores0_.materials_name as materia12_12_0_,
        stores0_.style_name as style_n13_12_0_,
        stores0_.clothes_length as clothes_4_12_0_,
        stores0_.content as content5_12_0_,
        stores0_.price as price6_12_0_,
        stores0_.sales_info_clothes_id as sales_i14_12_0_,
        stores0_.sales_info_status_id as sales_i15_12_0_,
        stores0_.sales_info_user_id as sales_i16_12_0_,
        stores0_.status as status7_12_0_,
        stores0_.title as title8_12_0_,
        members1_.id as id1_6_1_,
        members1_.email as email2_6_1_,
        members1_.image as image3_6_1_,
        members1_.name as name4_6_1_,
        members1_.nickname as nickname5_6_1_,
        members1_.password as password6_6_1_,
        members1_.phone as phone7_6_1_,
        members1_.refresh_token as refresh_8_6_1_,
        members1_.role as role9_6_1_,
        clothesinf2_.id as id1_2_2_,
        clothesinf2_.categoryl as category2_2_2_,
        clothesinf2_.categorys as category3_2_2_,
        clothesinf2_.fit as fit4_2_2_,
        clothesinf2_.length as length5_2_2_,
        colors3_.id as id1_4_3_,
        colors3_.name as name2_4_3_,
        materials4_.id as id1_5_4_,
        materials4_.name as name2_5_4_,
        style5_.id as id1_14_5_,
        style5_.name as name2_14_5_,
        salesinfoc6_.id as id1_9_6_,
        salesinfoc6_.clothes_brand as clothes_2_9_6_,
        salesinfoc6_.clothes_color as clothes_3_9_6_,
        salesinfoc6_.clothes_gender as clothes_4_9_6_,
        salesinfoc6_.clothes_size as clothes_5_9_6_,
        salesinfos7_.id as id1_10_7_,
        salesinfos7_.status_score as status_s2_10_7_,
        salesinfos7_.status_tag as status_t3_10_7_,
        salesinfos7_.status_times as status_t4_10_7_,
        salesinfos7_.status_when2buy as status_w5_10_7_,
        salesinfos7_.transport as transpor6_10_7_,
        salesinfou8_.id as id1_11_8_,
        salesinfou8_.user_height as user_hei2_11_8_,
        salesinfou8_.user_size as user_siz3_11_8_,
        salesinfou8_.user_weight as user_wei4_11_8_ 
    from
        stores stores0_ 
    left outer join
        members members1_ 
            on stores0_.author_id=members1_.id 
    left outer join
        clothes_info clothesinf2_ 
            on stores0_.clothes_info_id=clothesinf2_.id 
    left outer join
        colors colors3_ 
            on stores0_.colors_name=colors3_.name 
    left outer join
        materials materials4_ 
            on stores0_.materials_name=materials4_.name 
    left outer join
        style style5_ 
            on stores0_.style_name=style5_.name 
    left outer join
        sales_info_clothes salesinfoc6_ 
            on stores0_.sales_info_clothes_id=salesinfoc6_.id 
    left outer join
        sales_info_status salesinfos7_ 
            on stores0_.sales_info_status_id=salesinfos7_.id 
    left outer join
        sales_info_user salesinfou8_ 
            on stores0_.sales_info_user_id=salesinfou8_.id 
    where
        stores0_.id=?
Hibernate: 
    select
        stores0_.id as id1_12_0_,
        stores0_.created_date as created_2_12_0_,
        stores0_.modified_date as modified3_12_0_,
        stores0_.author_id as author_i9_12_0_,
        stores0_.clothes_info_id as clothes10_12_0_,
        stores0_.colors_name as colors_11_12_0_,
        stores0_.materials_name as materia12_12_0_,
        stores0_.style_name as style_n13_12_0_,
        stores0_.clothes_length as clothes_4_12_0_,
        stores0_.content as content5_12_0_,
        stores0_.price as price6_12_0_,
        stores0_.sales_info_clothes_id as sales_i14_12_0_,
        stores0_.sales_info_status_id as sales_i15_12_0_,
        stores0_.sales_info_user_id as sales_i16_12_0_,
        stores0_.status as status7_12_0_,
        stores0_.title as title8_12_0_,
        members1_.id as id1_6_1_,
        members1_.email as email2_6_1_,
        members1_.image as image3_6_1_,
        members1_.name as name4_6_1_,
        members1_.nickname as nickname5_6_1_,
        members1_.password as password6_6_1_,
        members1_.phone as phone7_6_1_,
        members1_.refresh_token as refresh_8_6_1_,
        members1_.role as role9_6_1_,
        clothesinf2_.id as id1_2_2_,
        clothesinf2_.categoryl as category2_2_2_,
        clothesinf2_.categorys as category3_2_2_,
        clothesinf2_.fit as fit4_2_2_,
        clothesinf2_.length as length5_2_2_,
        colors3_.id as id1_4_3_,
        colors3_.name as name2_4_3_,
        materials4_.id as id1_5_4_,
        materials4_.name as name2_5_4_,
        style5_.id as id1_14_5_,
        style5_.name as name2_14_5_,
        salesinfoc6_.id as id1_9_6_,
        salesinfoc6_.clothes_brand as clothes_2_9_6_,
        salesinfoc6_.clothes_color as clothes_3_9_6_,
        salesinfoc6_.clothes_gender as clothes_4_9_6_,
        salesinfoc6_.clothes_size as clothes_5_9_6_,
        salesinfos7_.id as id1_10_7_,
        salesinfos7_.status_score as status_s2_10_7_,
        salesinfos7_.status_tag as status_t3_10_7_,
        salesinfos7_.status_times as status_t4_10_7_,
        salesinfos7_.status_when2buy as status_w5_10_7_,
        salesinfos7_.transport as transpor6_10_7_,
        salesinfou8_.id as id1_11_8_,
        salesinfou8_.user_height as user_hei2_11_8_,
        salesinfou8_.user_size as user_siz3_11_8_,
        salesinfou8_.user_weight as user_wei4_11_8_ 
    from
        stores stores0_ 
    left outer join
        members members1_ 
            on stores0_.author_id=members1_.id 
    left outer join
        clothes_info clothesinf2_ 
            on stores0_.clothes_info_id=clothesinf2_.id 
    left outer join
        colors colors3_ 
            on stores0_.colors_name=colors3_.name 
    left outer join
        materials materials4_ 
            on stores0_.materials_name=materials4_.name 
    left outer join
        style style5_ 
            on stores0_.style_name=style5_.name 
    left outer join
        sales_info_clothes salesinfoc6_ 
            on stores0_.sales_info_clothes_id=salesinfoc6_.id 
    left outer join
        sales_info_status salesinfos7_ 
            on stores0_.sales_info_status_id=salesinfos7_.id 
    left outer join
        sales_info_user salesinfou8_ 
            on stores0_.sales_info_user_id=salesinfou8_.id 
    where
        stores0_.id=?
Hibernate: 
    select
        stores0_.id as id1_12_0_,
        stores0_.created_date as created_2_12_0_,
        stores0_.modified_date as modified3_12_0_,
        stores0_.author_id as author_i9_12_0_,
        stores0_.clothes_info_id as clothes10_12_0_,
        stores0_.colors_name as colors_11_12_0_,
        stores0_.materials_name as materia12_12_0_,
        stores0_.style_name as style_n13_12_0_,
        stores0_.clothes_length as clothes_4_12_0_,
        stores0_.content as content5_12_0_,
        stores0_.price as price6_12_0_,
        stores0_.sales_info_clothes_id as sales_i14_12_0_,
        stores0_.sales_info_status_id as sales_i15_12_0_,
        stores0_.sales_info_user_id as sales_i16_12_0_,
        stores0_.status as status7_12_0_,
        stores0_.title as title8_12_0_,
        members1_.id as id1_6_1_,
        members1_.email as email2_6_1_,
        members1_.image as image3_6_1_,
        members1_.name as name4_6_1_,
        members1_.nickname as nickname5_6_1_,
        members1_.password as password6_6_1_,
        members1_.phone as phone7_6_1_,
        members1_.refresh_token as refresh_8_6_1_,
        members1_.role as role9_6_1_,
        clothesinf2_.id as id1_2_2_,
        clothesinf2_.categoryl as category2_2_2_,
        clothesinf2_.categorys as category3_2_2_,
        clothesinf2_.fit as fit4_2_2_,
        clothesinf2_.length as length5_2_2_,
        colors3_.id as id1_4_3_,
        colors3_.name as name2_4_3_,
        materials4_.id as id1_5_4_,
        materials4_.name as name2_5_4_,
        style5_.id as id1_14_5_,
        style5_.name as name2_14_5_,
        salesinfoc6_.id as id1_9_6_,
        salesinfoc6_.clothes_brand as clothes_2_9_6_,
        salesinfoc6_.clothes_color as clothes_3_9_6_,
        salesinfoc6_.clothes_gender as clothes_4_9_6_,
        salesinfoc6_.clothes_size as clothes_5_9_6_,
        salesinfos7_.id as id1_10_7_,
        salesinfos7_.status_score as status_s2_10_7_,
        salesinfos7_.status_tag as status_t3_10_7_,
        salesinfos7_.status_times as status_t4_10_7_,
        salesinfos7_.status_when2buy as status_w5_10_7_,
        salesinfos7_.transport as transpor6_10_7_,
        salesinfou8_.id as id1_11_8_,
        salesinfou8_.user_height as user_hei2_11_8_,
        salesinfou8_.user_size as user_siz3_11_8_,
        salesinfou8_.user_weight as user_wei4_11_8_ 
    from
        stores stores0_ 
    left outer join
        members members1_ 
            on stores0_.author_id=members1_.id 
    left outer join
        clothes_info clothesinf2_ 
            on stores0_.clothes_info_id=clothesinf2_.id 
    left outer join
        colors colors3_ 
            on stores0_.colors_name=colors3_.name 
    left outer join
        materials materials4_ 
            on stores0_.materials_name=materials4_.name 
    left outer join
        style style5_ 
            on stores0_.style_name=style5_.name 
    left outer join
        sales_info_clothes salesinfoc6_ 
            on stores0_.sales_info_clothes_id=salesinfoc6_.id 
    left outer join
        sales_info_status salesinfos7_ 
            on stores0_.sales_info_status_id=salesinfos7_.id 
    left outer join
        sales_info_user salesinfou8_ 
            on stores0_.sales_info_user_id=salesinfou8_.id 
    where
        stores0_.id=?
Hibernate: 
    select
        stores0_.id as id1_12_0_,
        stores0_.created_date as created_2_12_0_,
        stores0_.modified_date as modified3_12_0_,
        stores0_.author_id as author_i9_12_0_,
        stores0_.clothes_info_id as clothes10_12_0_,
        stores0_.colors_name as colors_11_12_0_,
        stores0_.materials_name as materia12_12_0_,
        stores0_.style_name as style_n13_12_0_,
        stores0_.clothes_length as clothes_4_12_0_,
        stores0_.content as content5_12_0_,
        stores0_.price as price6_12_0_,
        stores0_.sales_info_clothes_id as sales_i14_12_0_,
        stores0_.sales_info_status_id as sales_i15_12_0_,
        stores0_.sales_info_user_id as sales_i16_12_0_,
        stores0_.status as status7_12_0_,
        stores0_.title as title8_12_0_,
        members1_.id as id1_6_1_,
        members1_.email as email2_6_1_,
        members1_.image as image3_6_1_,
        members1_.name as name4_6_1_,
        members1_.nickname as nickname5_6_1_,
        members1_.password as password6_6_1_,
        members1_.phone as phone7_6_1_,
        members1_.refresh_token as refresh_8_6_1_,
        members1_.role as role9_6_1_,
        clothesinf2_.id as id1_2_2_,
        clothesinf2_.categoryl as category2_2_2_,
        clothesinf2_.categorys as category3_2_2_,
        clothesinf2_.fit as fit4_2_2_,
        clothesinf2_.length as length5_2_2_,
        colors3_.id as id1_4_3_,
        colors3_.name as name2_4_3_,
        materials4_.id as id1_5_4_,
        materials4_.name as name2_5_4_,
        style5_.id as id1_14_5_,
        style5_.name as name2_14_5_,
        salesinfoc6_.id as id1_9_6_,
        salesinfoc6_.clothes_brand as clothes_2_9_6_,
        salesinfoc6_.clothes_color as clothes_3_9_6_,
        salesinfoc6_.clothes_gender as clothes_4_9_6_,
        salesinfoc6_.clothes_size as clothes_5_9_6_,
        salesinfos7_.id as id1_10_7_,
        salesinfos7_.status_score as status_s2_10_7_,
        salesinfos7_.status_tag as status_t3_10_7_,
        salesinfos7_.status_times as status_t4_10_7_,
        salesinfos7_.status_when2buy as status_w5_10_7_,
        salesinfos7_.transport as transpor6_10_7_,
        salesinfou8_.id as id1_11_8_,
        salesinfou8_.user_height as user_hei2_11_8_,
        salesinfou8_.user_size as user_siz3_11_8_,
        salesinfou8_.user_weight as user_wei4_11_8_ 
    from
        stores stores0_ 
    left outer join
        members members1_ 
            on stores0_.author_id=members1_.id 
    left outer join
        clothes_info clothesinf2_ 
            on stores0_.clothes_info_id=clothesinf2_.id 
    left outer join
        colors colors3_ 
            on stores0_.colors_name=colors3_.name 
    left outer join
        materials materials4_ 
            on stores0_.materials_name=materials4_.name 
    left outer join
        style style5_ 
            on stores0_.style_name=style5_.name 
    left outer join
        sales_info_clothes salesinfoc6_ 
            on stores0_.sales_info_clothes_id=salesinfoc6_.id 
    left outer join
        sales_info_status salesinfos7_ 
            on stores0_.sales_info_status_id=salesinfos7_.id 
    left outer join
        sales_info_user salesinfou8_ 
            on stores0_.sales_info_user_id=salesinfou8_.id 
    where
        stores0_.id=?
Hibernate: 
    select
        stores0_.id as id1_12_0_,
        stores0_.created_date as created_2_12_0_,
        stores0_.modified_date as modified3_12_0_,
        stores0_.author_id as author_i9_12_0_,
        stores0_.clothes_info_id as clothes10_12_0_,
        stores0_.colors_name as colors_11_12_0_,
        stores0_.materials_name as materia12_12_0_,
        stores0_.style_name as style_n13_12_0_,
        stores0_.clothes_length as clothes_4_12_0_,
        stores0_.content as content5_12_0_,
        stores0_.price as price6_12_0_,
        stores0_.sales_info_clothes_id as sales_i14_12_0_,
        stores0_.sales_info_status_id as sales_i15_12_0_,
        stores0_.sales_info_user_id as sales_i16_12_0_,
        stores0_.status as status7_12_0_,
        stores0_.title as title8_12_0_,
        members1_.id as id1_6_1_,
        members1_.email as email2_6_1_,
        members1_.image as image3_6_1_,
        members1_.name as name4_6_1_,
        members1_.nickname as nickname5_6_1_,
        members1_.password as password6_6_1_,
        members1_.phone as phone7_6_1_,
        members1_.refresh_token as refresh_8_6_1_,
        members1_.role as role9_6_1_,
        clothesinf2_.id as id1_2_2_,
        clothesinf2_.categoryl as category2_2_2_,
        clothesinf2_.categorys as category3_2_2_,
        clothesinf2_.fit as fit4_2_2_,
        clothesinf2_.length as length5_2_2_,
        colors3_.id as id1_4_3_,
        colors3_.name as name2_4_3_,
        materials4_.id as id1_5_4_,
        materials4_.name as name2_5_4_,
        style5_.id as id1_14_5_,
        style5_.name as name2_14_5_,
        salesinfoc6_.id as id1_9_6_,
        salesinfoc6_.clothes_brand as clothes_2_9_6_,
        salesinfoc6_.clothes_color as clothes_3_9_6_,
        salesinfoc6_.clothes_gender as clothes_4_9_6_,
        salesinfoc6_.clothes_size as clothes_5_9_6_,
        salesinfos7_.id as id1_10_7_,
        salesinfos7_.status_score as status_s2_10_7_,
        salesinfos7_.status_tag as status_t3_10_7_,
        salesinfos7_.status_times as status_t4_10_7_,
        salesinfos7_.status_when2buy as status_w5_10_7_,
        salesinfos7_.transport as transpor6_10_7_,
        salesinfou8_.id as id1_11_8_,
        salesinfou8_.user_height as user_hei2_11_8_,
        salesinfou8_.user_size as user_siz3_11_8_,
        salesinfou8_.user_weight as user_wei4_11_8_ 
    from
        stores stores0_ 
    left outer join
        members members1_ 
            on stores0_.author_id=members1_.id 
    left outer join
        clothes_info clothesinf2_ 
            on stores0_.clothes_info_id=clothesinf2_.id 
    left outer join
        colors colors3_ 
            on stores0_.colors_name=colors3_.name 
    left outer join
        materials materials4_ 
            on stores0_.materials_name=materials4_.name 
    left outer join
        style style5_ 
            on stores0_.style_name=style5_.name 
    left outer join
        sales_info_clothes salesinfoc6_ 
            on stores0_.sales_info_clothes_id=salesinfoc6_.id 
    left outer join
        sales_info_status salesinfos7_ 
            on stores0_.sales_info_status_id=salesinfos7_.id 
    left outer join
        sales_info_user salesinfou8_ 
            on stores0_.sales_info_user_id=salesinfou8_.id 
    where
        stores0_.id=?
Hibernate: 
    select
        stores0_.id as id1_12_0_,
        stores0_.created_date as created_2_12_0_,
        stores0_.modified_date as modified3_12_0_,
        stores0_.author_id as author_i9_12_0_,
        stores0_.clothes_info_id as clothes10_12_0_,
        stores0_.colors_name as colors_11_12_0_,
        stores0_.materials_name as materia12_12_0_,
        stores0_.style_name as style_n13_12_0_,
        stores0_.clothes_length as clothes_4_12_0_,
        stores0_.content as content5_12_0_,
        stores0_.price as price6_12_0_,
        stores0_.sales_info_clothes_id as sales_i14_12_0_,
        stores0_.sales_info_status_id as sales_i15_12_0_,
        stores0_.sales_info_user_id as sales_i16_12_0_,
        stores0_.status as status7_12_0_,
        stores0_.title as title8_12_0_,
        members1_.id as id1_6_1_,
        members1_.email as email2_6_1_,
        members1_.image as image3_6_1_,
        members1_.name as name4_6_1_,
        members1_.nickname as nickname5_6_1_,
        members1_.password as password6_6_1_,
        members1_.phone as phone7_6_1_,
        members1_.refresh_token as refresh_8_6_1_,
        members1_.role as role9_6_1_,
        clothesinf2_.id as id1_2_2_,
        clothesinf2_.categoryl as category2_2_2_,
        clothesinf2_.categorys as category3_2_2_,
        clothesinf2_.fit as fit4_2_2_,
        clothesinf2_.length as length5_2_2_,
        colors3_.id as id1_4_3_,
        colors3_.name as name2_4_3_,
        materials4_.id as id1_5_4_,
        materials4_.name as name2_5_4_,
        style5_.id as id1_14_5_,
        style5_.name as name2_14_5_,
        salesinfoc6_.id as id1_9_6_,
        salesinfoc6_.clothes_brand as clothes_2_9_6_,
        salesinfoc6_.clothes_color as clothes_3_9_6_,
        salesinfoc6_.clothes_gender as clothes_4_9_6_,
        salesinfoc6_.clothes_size as clothes_5_9_6_,
        salesinfos7_.id as id1_10_7_,
        salesinfos7_.status_score as status_s2_10_7_,
        salesinfos7_.status_tag as status_t3_10_7_,
        salesinfos7_.status_times as status_t4_10_7_,
        salesinfos7_.status_when2buy as status_w5_10_7_,
        salesinfos7_.transport as transpor6_10_7_,
        salesinfou8_.id as id1_11_8_,
        salesinfou8_.user_height as user_hei2_11_8_,
        salesinfou8_.user_size as user_siz3_11_8_,
        salesinfou8_.user_weight as user_wei4_11_8_ 
    from
        stores stores0_ 
    left outer join
        members members1_ 
            on stores0_.author_id=members1_.id 
    left outer join
        clothes_info clothesinf2_ 
            on stores0_.clothes_info_id=clothesinf2_.id 
    left outer join
        colors colors3_ 
            on stores0_.colors_name=colors3_.name 
    left outer join
        materials materials4_ 
            on stores0_.materials_name=materials4_.name 
    left outer join
        style style5_ 
            on stores0_.style_name=style5_.name 
    left outer join
        sales_info_clothes salesinfoc6_ 
            on stores0_.sales_info_clothes_id=salesinfoc6_.id 
    left outer join
        sales_info_status salesinfos7_ 
            on stores0_.sales_info_status_id=salesinfos7_.id 
    left outer join
        sales_info_user salesinfou8_ 
            on stores0_.sales_info_user_id=salesinfou8_.id 
    where
        stores0_.id=?
Hibernate: 
    select
        stores0_.id as id1_12_0_,
        stores0_.created_date as created_2_12_0_,
        stores0_.modified_date as modified3_12_0_,
        stores0_.author_id as author_i9_12_0_,
        stores0_.clothes_info_id as clothes10_12_0_,
        stores0_.colors_name as colors_11_12_0_,
        stores0_.materials_name as materia12_12_0_,
        stores0_.style_name as style_n13_12_0_,
        stores0_.clothes_length as clothes_4_12_0_,
        stores0_.content as content5_12_0_,
        stores0_.price as price6_12_0_,
        stores0_.sales_info_clothes_id as sales_i14_12_0_,
        stores0_.sales_info_status_id as sales_i15_12_0_,
        stores0_.sales_info_user_id as sales_i16_12_0_,
        stores0_.status as status7_12_0_,
        stores0_.title as title8_12_0_,
        members1_.id as id1_6_1_,
        members1_.email as email2_6_1_,
        members1_.image as image3_6_1_,
        members1_.name as name4_6_1_,
        members1_.nickname as nickname5_6_1_,
        members1_.password as password6_6_1_,
        members1_.phone as phone7_6_1_,
        members1_.refresh_token as refresh_8_6_1_,
        members1_.role as role9_6_1_,
        clothesinf2_.id as id1_2_2_,
        clothesinf2_.categoryl as category2_2_2_,
        clothesinf2_.categorys as category3_2_2_,
        clothesinf2_.fit as fit4_2_2_,
        clothesinf2_.length as length5_2_2_,
        colors3_.id as id1_4_3_,
        colors3_.name as name2_4_3_,
        materials4_.id as id1_5_4_,
        materials4_.name as name2_5_4_,
        style5_.id as id1_14_5_,
        style5_.name as name2_14_5_,
        salesinfoc6_.id as id1_9_6_,
        salesinfoc6_.clothes_brand as clothes_2_9_6_,
        salesinfoc6_.clothes_color as clothes_3_9_6_,
        salesinfoc6_.clothes_gender as clothes_4_9_6_,
        salesinfoc6_.clothes_size as clothes_5_9_6_,
        salesinfos7_.id as id1_10_7_,
        salesinfos7_.status_score as status_s2_10_7_,
        salesinfos7_.status_tag as status_t3_10_7_,
        salesinfos7_.status_times as status_t4_10_7_,
        salesinfos7_.status_when2buy as status_w5_10_7_,
        salesinfos7_.transport as transpor6_10_7_,
        salesinfou8_.id as id1_11_8_,
        salesinfou8_.user_height as user_hei2_11_8_,
        salesinfou8_.user_size as user_siz3_11_8_,
        salesinfou8_.user_weight as user_wei4_11_8_ 
    from
        stores stores0_ 
    left outer join
        members members1_ 
            on stores0_.author_id=members1_.id 
    left outer join
        clothes_info clothesinf2_ 
            on stores0_.clothes_info_id=clothesinf2_.id 
    left outer join
        colors colors3_ 
            on stores0_.colors_name=colors3_.name 
    left outer join
        materials materials4_ 
            on stores0_.materials_name=materials4_.name 
    left outer join
        style style5_ 
            on stores0_.style_name=style5_.name 
    left outer join
        sales_info_clothes salesinfoc6_ 
            on stores0_.sales_info_clothes_id=salesinfoc6_.id 
    left outer join
        sales_info_status salesinfos7_ 
            on stores0_.sales_info_status_id=salesinfos7_.id 
    left outer join
        sales_info_user salesinfou8_ 
            on stores0_.sales_info_user_id=salesinfou8_.id 
    where
        stores0_.id=?
Hibernate: 
    select
        stores0_.id as id1_12_0_,
        stores0_.created_date as created_2_12_0_,
        stores0_.modified_date as modified3_12_0_,
        stores0_.author_id as author_i9_12_0_,
        stores0_.clothes_info_id as clothes10_12_0_,
        stores0_.colors_name as colors_11_12_0_,
        stores0_.materials_name as materia12_12_0_,
        stores0_.style_name as style_n13_12_0_,
        stores0_.clothes_length as clothes_4_12_0_,
        stores0_.content as content5_12_0_,
        stores0_.price as price6_12_0_,
        stores0_.sales_info_clothes_id as sales_i14_12_0_,
        stores0_.sales_info_status_id as sales_i15_12_0_,
        stores0_.sales_info_user_id as sales_i16_12_0_,
        stores0_.status as status7_12_0_,
        stores0_.title as title8_12_0_,
        members1_.id as id1_6_1_,
        members1_.email as email2_6_1_,
        members1_.image as image3_6_1_,
        members1_.name as name4_6_1_,
        members1_.nickname as nickname5_6_1_,
        members1_.password as password6_6_1_,
        members1_.phone as phone7_6_1_,
        members1_.refresh_token as refresh_8_6_1_,
        members1_.role as role9_6_1_,
        clothesinf2_.id as id1_2_2_,
        clothesinf2_.categoryl as category2_2_2_,
        clothesinf2_.categorys as category3_2_2_,
        clothesinf2_.fit as fit4_2_2_,
        clothesinf2_.length as length5_2_2_,
        colors3_.id as id1_4_3_,
        colors3_.name as name2_4_3_,
        materials4_.id as id1_5_4_,
        materials4_.name as name2_5_4_,
        style5_.id as id1_14_5_,
        style5_.name as name2_14_5_,
        salesinfoc6_.id as id1_9_6_,
        salesinfoc6_.clothes_brand as clothes_2_9_6_,
        salesinfoc6_.clothes_color as clothes_3_9_6_,
        salesinfoc6_.clothes_gender as clothes_4_9_6_,
        salesinfoc6_.clothes_size as clothes_5_9_6_,
        salesinfos7_.id as id1_10_7_,
        salesinfos7_.status_score as status_s2_10_7_,
        salesinfos7_.status_tag as status_t3_10_7_,
        salesinfos7_.status_times as status_t4_10_7_,
        salesinfos7_.status_when2buy as status_w5_10_7_,
        salesinfos7_.transport as transpor6_10_7_,
        salesinfou8_.id as id1_11_8_,
        salesinfou8_.user_height as user_hei2_11_8_,
        salesinfou8_.user_size as user_siz3_11_8_,
        salesinfou8_.user_weight as user_wei4_11_8_ 
    from
        stores stores0_ 
    left outer join
        members members1_ 
            on stores0_.author_id=members1_.id 
    left outer join
        clothes_info clothesinf2_ 
            on stores0_.clothes_info_id=clothesinf2_.id 
    left outer join
        colors colors3_ 
            on stores0_.colors_name=colors3_.name 
    left outer join
        materials materials4_ 
            on stores0_.materials_name=materials4_.name 
    left outer join
        style style5_ 
            on stores0_.style_name=style5_.name 
    left outer join
        sales_info_clothes salesinfoc6_ 
            on stores0_.sales_info_clothes_id=salesinfoc6_.id 
    left outer join
        sales_info_status salesinfos7_ 
            on stores0_.sales_info_status_id=salesinfos7_.id 
    left outer join
        sales_info_user salesinfou8_ 
            on stores0_.sales_info_user_id=salesinfou8_.id 
    where
        stores0_.id=?
Hibernate: 
    select
        stores0_.id as id1_12_0_,
        stores0_.created_date as created_2_12_0_,
        stores0_.modified_date as modified3_12_0_,
        stores0_.author_id as author_i9_12_0_,
        stores0_.clothes_info_id as clothes10_12_0_,
        stores0_.colors_name as colors_11_12_0_,
        stores0_.materials_name as materia12_12_0_,
        stores0_.style_name as style_n13_12_0_,
        stores0_.clothes_length as clothes_4_12_0_,
        stores0_.content as content5_12_0_,
        stores0_.price as price6_12_0_,
        stores0_.sales_info_clothes_id as sales_i14_12_0_,
        stores0_.sales_info_status_id as sales_i15_12_0_,
        stores0_.sales_info_user_id as sales_i16_12_0_,
        stores0_.status as status7_12_0_,
        stores0_.title as title8_12_0_,
        members1_.id as id1_6_1_,
        members1_.email as email2_6_1_,
        members1_.image as image3_6_1_,
        members1_.name as name4_6_1_,
        members1_.nickname as nickname5_6_1_,
        members1_.password as password6_6_1_,
        members1_.phone as phone7_6_1_,
        members1_.refresh_token as refresh_8_6_1_,
        members1_.role as role9_6_1_,
        clothesinf2_.id as id1_2_2_,
        clothesinf2_.categoryl as category2_2_2_,
        clothesinf2_.categorys as category3_2_2_,
        clothesinf2_.fit as fit4_2_2_,
        clothesinf2_.length as length5_2_2_,
        colors3_.id as id1_4_3_,
        colors3_.name as name2_4_3_,
        materials4_.id as id1_5_4_,
        materials4_.name as name2_5_4_,
        style5_.id as id1_14_5_,
        style5_.name as name2_14_5_,
        salesinfoc6_.id as id1_9_6_,
        salesinfoc6_.clothes_brand as clothes_2_9_6_,
        salesinfoc6_.clothes_color as clothes_3_9_6_,
        salesinfoc6_.clothes_gender as clothes_4_9_6_,
        salesinfoc6_.clothes_size as clothes_5_9_6_,
        salesinfos7_.id as id1_10_7_,
        salesinfos7_.status_score as status_s2_10_7_,
        salesinfos7_.status_tag as status_t3_10_7_,
        salesinfos7_.status_times as status_t4_10_7_,
        salesinfos7_.status_when2buy as status_w5_10_7_,
        salesinfos7_.transport as transpor6_10_7_,
        salesinfou8_.id as id1_11_8_,
        salesinfou8_.user_height as user_hei2_11_8_,
        salesinfou8_.user_size as user_siz3_11_8_,
        salesinfou8_.user_weight as user_wei4_11_8_ 
    from
        stores stores0_ 
    left outer join
        members members1_ 
            on stores0_.author_id=members1_.id 
    left outer join
        clothes_info clothesinf2_ 
            on stores0_.clothes_info_id=clothesinf2_.id 
    left outer join
        colors colors3_ 
            on stores0_.colors_name=colors3_.name 
    left outer join
        materials materials4_ 
            on stores0_.materials_name=materials4_.name 
    left outer join
        style style5_ 
            on stores0_.style_name=style5_.name 
    left outer join
        sales_info_clothes salesinfoc6_ 
            on stores0_.sales_info_clothes_id=salesinfoc6_.id 
    left outer join
        sales_info_status salesinfos7_ 
            on stores0_.sales_info_status_id=salesinfos7_.id 
    left outer join
        sales_info_user salesinfou8_ 
            on stores0_.sales_info_user_id=salesinfou8_.id 
    where
        stores0_.id=?
Hibernate: 
    select
        stores0_.id as id1_12_0_,
        stores0_.created_date as created_2_12_0_,
        stores0_.modified_date as modified3_12_0_,
        stores0_.author_id as author_i9_12_0_,
        stores0_.clothes_info_id as clothes10_12_0_,
        stores0_.colors_name as colors_11_12_0_,
        stores0_.materials_name as materia12_12_0_,
        stores0_.style_name as style_n13_12_0_,
        stores0_.clothes_length as clothes_4_12_0_,
        stores0_.content as content5_12_0_,
        stores0_.price as price6_12_0_,
        stores0_.sales_info_clothes_id as sales_i14_12_0_,
        stores0_.sales_info_status_id as sales_i15_12_0_,
        stores0_.sales_info_user_id as sales_i16_12_0_,
        stores0_.status as status7_12_0_,
        stores0_.title as title8_12_0_,
        members1_.id as id1_6_1_,
        members1_.email as email2_6_1_,
        members1_.image as image3_6_1_,
        members1_.name as name4_6_1_,
        members1_.nickname as nickname5_6_1_,
        members1_.password as password6_6_1_,
        members1_.phone as phone7_6_1_,
        members1_.refresh_token as refresh_8_6_1_,
        members1_.role as role9_6_1_,
        clothesinf2_.id as id1_2_2_,
        clothesinf2_.categoryl as category2_2_2_,
        clothesinf2_.categorys as category3_2_2_,
        clothesinf2_.fit as fit4_2_2_,
        clothesinf2_.length as length5_2_2_,
        colors3_.id as id1_4_3_,
        colors3_.name as name2_4_3_,
        materials4_.id as id1_5_4_,
        materials4_.name as name2_5_4_,
        style5_.id as id1_14_5_,
        style5_.name as name2_14_5_,
        salesinfoc6_.id as id1_9_6_,
        salesinfoc6_.clothes_brand as clothes_2_9_6_,
        salesinfoc6_.clothes_color as clothes_3_9_6_,
        salesinfoc6_.clothes_gender as clothes_4_9_6_,
        salesinfoc6_.clothes_size as clothes_5_9_6_,
        salesinfos7_.id as id1_10_7_,
        salesinfos7_.status_score as status_s2_10_7_,
        salesinfos7_.status_tag as status_t3_10_7_,
        salesinfos7_.status_times as status_t4_10_7_,
        salesinfos7_.status_when2buy as status_w5_10_7_,
        salesinfos7_.transport as transpor6_10_7_,
        salesinfou8_.id as id1_11_8_,
        salesinfou8_.user_height as user_hei2_11_8_,
        salesinfou8_.user_size as user_siz3_11_8_,
        salesinfou8_.user_weight as user_wei4_11_8_ 
    from
        stores stores0_ 
    left outer join
        members members1_ 
            on stores0_.author_id=members1_.id 
    left outer join
        clothes_info clothesinf2_ 
            on stores0_.clothes_info_id=clothesinf2_.id 
    left outer join
        colors colors3_ 
            on stores0_.colors_name=colors3_.name 
    left outer join
        materials materials4_ 
            on stores0_.materials_name=materials4_.name 
    left outer join
        style style5_ 
            on stores0_.style_name=style5_.name 
    left outer join
        sales_info_clothes salesinfoc6_ 
            on stores0_.sales_info_clothes_id=salesinfoc6_.id 
    left outer join
        sales_info_status salesinfos7_ 
            on stores0_.sales_info_status_id=salesinfos7_.id 
    left outer join
        sales_info_user salesinfou8_ 
            on stores0_.sales_info_user_id=salesinfou8_.id 
    where
        stores0_.id=?
Hibernate: 
    select
        stores0_.id as id1_12_0_,
        stores0_.created_date as created_2_12_0_,
        stores0_.modified_date as modified3_12_0_,
        stores0_.author_id as author_i9_12_0_,
        stores0_.clothes_info_id as clothes10_12_0_,
        stores0_.colors_name as colors_11_12_0_,
        stores0_.materials_name as materia12_12_0_,
        stores0_.style_name as style_n13_12_0_,
        stores0_.clothes_length as clothes_4_12_0_,
        stores0_.content as content5_12_0_,
        stores0_.price as price6_12_0_,
        stores0_.sales_info_clothes_id as sales_i14_12_0_,
        stores0_.sales_info_status_id as sales_i15_12_0_,
        stores0_.sales_info_user_id as sales_i16_12_0_,
        stores0_.status as status7_12_0_,
        stores0_.title as title8_12_0_,
        members1_.id as id1_6_1_,
        members1_.email as email2_6_1_,
        members1_.image as image3_6_1_,
        members1_.name as name4_6_1_,
        members1_.nickname as nickname5_6_1_,
        members1_.password as password6_6_1_,
        members1_.phone as phone7_6_1_,
        members1_.refresh_token as refresh_8_6_1_,
        members1_.role as role9_6_1_,
        clothesinf2_.id as id1_2_2_,
        clothesinf2_.categoryl as category2_2_2_,
        clothesinf2_.categorys as category3_2_2_,
        clothesinf2_.fit as fit4_2_2_,
        clothesinf2_.length as length5_2_2_,
        colors3_.id as id1_4_3_,
        colors3_.name as name2_4_3_,
        materials4_.id as id1_5_4_,
        materials4_.name as name2_5_4_,
        style5_.id as id1_14_5_,
        style5_.name as name2_14_5_,
        salesinfoc6_.id as id1_9_6_,
        salesinfoc6_.clothes_brand as clothes_2_9_6_,
        salesinfoc6_.clothes_color as clothes_3_9_6_,
        salesinfoc6_.clothes_gender as clothes_4_9_6_,
        salesinfoc6_.clothes_size as clothes_5_9_6_,
        salesinfos7_.id as id1_10_7_,
        salesinfos7_.status_score as status_s2_10_7_,
        salesinfos7_.status_tag as status_t3_10_7_,
        salesinfos7_.status_times as status_t4_10_7_,
        salesinfos7_.status_when2buy as status_w5_10_7_,
        salesinfos7_.transport as transpor6_10_7_,
        salesinfou8_.id as id1_11_8_,
        salesinfou8_.user_height as user_hei2_11_8_,
        salesinfou8_.user_size as user_siz3_11_8_,
        salesinfou8_.user_weight as user_wei4_11_8_ 
    from
        stores stores0_ 
    left outer join
        members members1_ 
            on stores0_.author_id=members1_.id 
    left outer join
        clothes_info clothesinf2_ 
            on stores0_.clothes_info_id=clothesinf2_.id 
    left outer join
        colors colors3_ 
            on stores0_.colors_name=colors3_.name 
    left outer join
        materials materials4_ 
            on stores0_.materials_name=materials4_.name 
    left outer join
        style style5_ 
            on stores0_.style_name=style5_.name 
    left outer join
        sales_info_clothes salesinfoc6_ 
            on stores0_.sales_info_clothes_id=salesinfoc6_.id 
    left outer join
        sales_info_status salesinfos7_ 
            on stores0_.sales_info_status_id=salesinfos7_.id 
    left outer join
        sales_info_user salesinfou8_ 
            on stores0_.sales_info_user_id=salesinfou8_.id 
    where
        stores0_.id=?
Hibernate: 
    select
        stores0_.id as id1_12_0_,
        stores0_.created_date as created_2_12_0_,
        stores0_.modified_date as modified3_12_0_,
        stores0_.author_id as author_i9_12_0_,
        stores0_.clothes_info_id as clothes10_12_0_,
        stores0_.colors_name as colors_11_12_0_,
        stores0_.materials_name as materia12_12_0_,
        stores0_.style_name as style_n13_12_0_,
        stores0_.clothes_length as clothes_4_12_0_,
        stores0_.content as content5_12_0_,
        stores0_.price as price6_12_0_,
        stores0_.sales_info_clothes_id as sales_i14_12_0_,
        stores0_.sales_info_status_id as sales_i15_12_0_,
        stores0_.sales_info_user_id as sales_i16_12_0_,
        stores0_.status as status7_12_0_,
        stores0_.title as title8_12_0_,
        members1_.id as id1_6_1_,
        members1_.email as email2_6_1_,
        members1_.image as image3_6_1_,
        members1_.name as name4_6_1_,
        members1_.nickname as nickname5_6_1_,
        members1_.password as password6_6_1_,
        members1_.phone as phone7_6_1_,
        members1_.refresh_token as refresh_8_6_1_,
        members1_.role as role9_6_1_,
        clothesinf2_.id as id1_2_2_,
        clothesinf2_.categoryl as category2_2_2_,
        clothesinf2_.categorys as category3_2_2_,
        clothesinf2_.fit as fit4_2_2_,
        clothesinf2_.length as length5_2_2_,
        colors3_.id as id1_4_3_,
        colors3_.name as name2_4_3_,
        materials4_.id as id1_5_4_,
        materials4_.name as name2_5_4_,
        style5_.id as id1_14_5_,
        style5_.name as name2_14_5_,
        salesinfoc6_.id as id1_9_6_,
        salesinfoc6_.clothes_brand as clothes_2_9_6_,
        salesinfoc6_.clothes_color as clothes_3_9_6_,
        salesinfoc6_.clothes_gender as clothes_4_9_6_,
        salesinfoc6_.clothes_size as clothes_5_9_6_,
        salesinfos7_.id as id1_10_7_,
        salesinfos7_.status_score as status_s2_10_7_,
        salesinfos7_.status_tag as status_t3_10_7_,
        salesinfos7_.status_times as status_t4_10_7_,
        salesinfos7_.status_when2buy as status_w5_10_7_,
        salesinfos7_.transport as transpor6_10_7_,
        salesinfou8_.id as id1_11_8_,
        salesinfou8_.user_height as user_hei2_11_8_,
        salesinfou8_.user_size as user_siz3_11_8_,
        salesinfou8_.user_weight as user_wei4_11_8_ 
    from
        stores stores0_ 
    left outer join
        members members1_ 
            on stores0_.author_id=members1_.id 
    left outer join
        clothes_info clothesinf2_ 
            on stores0_.clothes_info_id=clothesinf2_.id 
    left outer join
        colors colors3_ 
            on stores0_.colors_name=colors3_.name 
    left outer join
        materials materials4_ 
            on stores0_.materials_name=materials4_.name 
    left outer join
        style style5_ 
            on stores0_.style_name=style5_.name 
    left outer join
        sales_info_clothes salesinfoc6_ 
            on stores0_.sales_info_clothes_id=salesinfoc6_.id 
    left outer join
        sales_info_status salesinfos7_ 
            on stores0_.sales_info_status_id=salesinfos7_.id 
    left outer join
        sales_info_user salesinfou8_ 
            on stores0_.sales_info_user_id=salesinfou8_.id 
    where
        stores0_.id=?
Hibernate: 
    select
        stores0_.id as id1_12_0_,
        stores0_.created_date as created_2_12_0_,
        stores0_.modified_date as modified3_12_0_,
        stores0_.author_id as author_i9_12_0_,
        stores0_.clothes_info_id as clothes10_12_0_,
        stores0_.colors_name as colors_11_12_0_,
        stores0_.materials_name as materia12_12_0_,
        stores0_.style_name as style_n13_12_0_,
        stores0_.clothes_length as clothes_4_12_0_,
        stores0_.content as content5_12_0_,
        stores0_.price as price6_12_0_,
        stores0_.sales_info_clothes_id as sales_i14_12_0_,
        stores0_.sales_info_status_id as sales_i15_12_0_,
        stores0_.sales_info_user_id as sales_i16_12_0_,
        stores0_.status as status7_12_0_,
        stores0_.title as title8_12_0_,
        members1_.id as id1_6_1_,
        members1_.email as email2_6_1_,
        members1_.image as image3_6_1_,
        members1_.name as name4_6_1_,
        members1_.nickname as nickname5_6_1_,
        members1_.password as password6_6_1_,
        members1_.phone as phone7_6_1_,
        members1_.refresh_token as refresh_8_6_1_,
        members1_.role as role9_6_1_,
        clothesinf2_.id as id1_2_2_,
        clothesinf2_.categoryl as category2_2_2_,
        clothesinf2_.categorys as category3_2_2_,
        clothesinf2_.fit as fit4_2_2_,
        clothesinf2_.length as length5_2_2_,
        colors3_.id as id1_4_3_,
        colors3_.name as name2_4_3_,
        materials4_.id as id1_5_4_,
        materials4_.name as name2_5_4_,
        style5_.id as id1_14_5_,
        style5_.name as name2_14_5_,
        salesinfoc6_.id as id1_9_6_,
        salesinfoc6_.clothes_brand as clothes_2_9_6_,
        salesinfoc6_.clothes_color as clothes_3_9_6_,
        salesinfoc6_.clothes_gender as clothes_4_9_6_,
        salesinfoc6_.clothes_size as clothes_5_9_6_,
        salesinfos7_.id as id1_10_7_,
        salesinfos7_.status_score as status_s2_10_7_,
        salesinfos7_.status_tag as status_t3_10_7_,
        salesinfos7_.status_times as status_t4_10_7_,
        salesinfos7_.status_when2buy as status_w5_10_7_,
        salesinfos7_.transport as transpor6_10_7_,
        salesinfou8_.id as id1_11_8_,
        salesinfou8_.user_height as user_hei2_11_8_,
        salesinfou8_.user_size as user_siz3_11_8_,
        salesinfou8_.user_weight as user_wei4_11_8_ 
    from
        stores stores0_ 
    left outer join
        members members1_ 
            on stores0_.author_id=members1_.id 
    left outer join
        clothes_info clothesinf2_ 
            on stores0_.clothes_info_id=clothesinf2_.id 
    left outer join
        colors colors3_ 
            on stores0_.colors_name=colors3_.name 
    left outer join
        materials materials4_ 
            on stores0_.materials_name=materials4_.name 
    left outer join
        style style5_ 
            on stores0_.style_name=style5_.name 
    left outer join
        sales_info_clothes salesinfoc6_ 
            on stores0_.sales_info_clothes_id=salesinfoc6_.id 
    left outer join
        sales_info_status salesinfos7_ 
            on stores0_.sales_info_status_id=salesinfos7_.id 
    left outer join
        sales_info_user salesinfou8_ 
            on stores0_.sales_info_user_id=salesinfou8_.id 
    where
        stores0_.id=?
Hibernate: 
    select
        stores0_.id as id1_12_0_,
        stores0_.created_date as created_2_12_0_,
        stores0_.modified_date as modified3_12_0_,
        stores0_.author_id as author_i9_12_0_,
        stores0_.clothes_info_id as clothes10_12_0_,
        stores0_.colors_name as colors_11_12_0_,
        stores0_.materials_name as materia12_12_0_,
        stores0_.style_name as style_n13_12_0_,
        stores0_.clothes_length as clothes_4_12_0_,
        stores0_.content as content5_12_0_,
        stores0_.price as price6_12_0_,
        stores0_.sales_info_clothes_id as sales_i14_12_0_,
        stores0_.sales_info_status_id as sales_i15_12_0_,
        stores0_.sales_info_user_id as sales_i16_12_0_,
        stores0_.status as status7_12_0_,
        stores0_.title as title8_12_0_,
        members1_.id as id1_6_1_,
        members1_.email as email2_6_1_,
        members1_.image as image3_6_1_,
        members1_.name as name4_6_1_,
        members1_.nickname as nickname5_6_1_,
        members1_.password as password6_6_1_,
        members1_.phone as phone7_6_1_,
        members1_.refresh_token as refresh_8_6_1_,
        members1_.role as role9_6_1_,
        clothesinf2_.id as id1_2_2_,
        clothesinf2_.categoryl as category2_2_2_,
        clothesinf2_.categorys as category3_2_2_,
        clothesinf2_.fit as fit4_2_2_,
        clothesinf2_.length as length5_2_2_,
        colors3_.id as id1_4_3_,
        colors3_.name as name2_4_3_,
        materials4_.id as id1_5_4_,
        materials4_.name as name2_5_4_,
        style5_.id as id1_14_5_,
        style5_.name as name2_14_5_,
        salesinfoc6_.id as id1_9_6_,
        salesinfoc6_.clothes_brand as clothes_2_9_6_,
        salesinfoc6_.clothes_color as clothes_3_9_6_,
        salesinfoc6_.clothes_gender as clothes_4_9_6_,
        salesinfoc6_.clothes_size as clothes_5_9_6_,
        salesinfos7_.id as id1_10_7_,
        salesinfos7_.status_score as status_s2_10_7_,
        salesinfos7_.status_tag as status_t3_10_7_,
        salesinfos7_.status_times as status_t4_10_7_,
        salesinfos7_.status_when2buy as status_w5_10_7_,
        salesinfos7_.transport as transpor6_10_7_,
        salesinfou8_.id as id1_11_8_,
        salesinfou8_.user_height as user_hei2_11_8_,
        salesinfou8_.user_size as user_siz3_11_8_,
        salesinfou8_.user_weight as user_wei4_11_8_ 
    from
        stores stores0_ 
    left outer join
        members members1_ 
            on stores0_.author_id=members1_.id 
    left outer join
        clothes_info clothesinf2_ 
            on stores0_.clothes_info_id=clothesinf2_.id 
    left outer join
        colors colors3_ 
            on stores0_.colors_name=colors3_.name 
    left outer join
        materials materials4_ 
            on stores0_.materials_name=materials4_.name 
    left outer join
        style style5_ 
            on stores0_.style_name=style5_.name 
    left outer join
        sales_info_clothes salesinfoc6_ 
            on stores0_.sales_info_clothes_id=salesinfoc6_.id 
    left outer join
        sales_info_status salesinfos7_ 
            on stores0_.sales_info_status_id=salesinfos7_.id 
    left outer join
        sales_info_user salesinfou8_ 
            on stores0_.sales_info_user_id=salesinfou8_.id 
    where
        stores0_.id=?
Hibernate: 
    select
        stores0_.id as id1_12_0_,
        stores0_.created_date as created_2_12_0_,
        stores0_.modified_date as modified3_12_0_,
        stores0_.author_id as author_i9_12_0_,
        stores0_.clothes_info_id as clothes10_12_0_,
        stores0_.colors_name as colors_11_12_0_,
        stores0_.materials_name as materia12_12_0_,
        stores0_.style_name as style_n13_12_0_,
        stores0_.clothes_length as clothes_4_12_0_,
        stores0_.content as content5_12_0_,
        stores0_.price as price6_12_0_,
        stores0_.sales_info_clothes_id as sales_i14_12_0_,
        stores0_.sales_info_status_id as sales_i15_12_0_,
        stores0_.sales_info_user_id as sales_i16_12_0_,
        stores0_.status as status7_12_0_,
        stores0_.title as title8_12_0_,
        members1_.id as id1_6_1_,
        members1_.email as email2_6_1_,
        members1_.image as image3_6_1_,
        members1_.name as name4_6_1_,
        members1_.nickname as nickname5_6_1_,
        members1_.password as password6_6_1_,
        members1_.phone as phone7_6_1_,
        members1_.refresh_token as refresh_8_6_1_,
        members1_.role as role9_6_1_,
        clothesinf2_.id as id1_2_2_,
        clothesinf2_.categoryl as category2_2_2_,
        clothesinf2_.categorys as category3_2_2_,
        clothesinf2_.fit as fit4_2_2_,
        clothesinf2_.length as length5_2_2_,
        colors3_.id as id1_4_3_,
        colors3_.name as name2_4_3_,
        materials4_.id as id1_5_4_,
        materials4_.name as name2_5_4_,
        style5_.id as id1_14_5_,
        style5_.name as name2_14_5_,
        salesinfoc6_.id as id1_9_6_,
        salesinfoc6_.clothes_brand as clothes_2_9_6_,
        salesinfoc6_.clothes_color as clothes_3_9_6_,
        salesinfoc6_.clothes_gender as clothes_4_9_6_,
        salesinfoc6_.clothes_size as clothes_5_9_6_,
        salesinfos7_.id as id1_10_7_,
        salesinfos7_.status_score as status_s2_10_7_,
        salesinfos7_.status_tag as status_t3_10_7_,
        salesinfos7_.status_times as status_t4_10_7_,
        salesinfos7_.status_when2buy as status_w5_10_7_,
        salesinfos7_.transport as transpor6_10_7_,
        salesinfou8_.id as id1_11_8_,
        salesinfou8_.user_height as user_hei2_11_8_,
        salesinfou8_.user_size as user_siz3_11_8_,
        salesinfou8_.user_weight as user_wei4_11_8_ 
    from
        stores stores0_ 
    left outer join
        members members1_ 
            on stores0_.author_id=members1_.id 
    left outer join
        clothes_info clothesinf2_ 
            on stores0_.clothes_info_id=clothesinf2_.id 
    left outer join
        colors colors3_ 
            on stores0_.colors_name=colors3_.name 
    left outer join
        materials materials4_ 
            on stores0_.materials_name=materials4_.name 
    left outer join
        style style5_ 
            on stores0_.style_name=style5_.name 
    left outer join
        sales_info_clothes salesinfoc6_ 
            on stores0_.sales_info_clothes_id=salesinfoc6_.id 
    left outer join
        sales_info_status salesinfos7_ 
            on stores0_.sales_info_status_id=salesinfos7_.id 
    left outer join
        sales_info_user salesinfou8_ 
            on stores0_.sales_info_user_id=salesinfou8_.id 
    where
        stores0_.id=?
Hibernate: 
    select
        stores0_.id as id1_12_0_,
        stores0_.created_date as created_2_12_0_,
        stores0_.modified_date as modified3_12_0_,
        stores0_.author_id as author_i9_12_0_,
        stores0_.clothes_info_id as clothes10_12_0_,
        stores0_.colors_name as colors_11_12_0_,
        stores0_.materials_name as materia12_12_0_,
        stores0_.style_name as style_n13_12_0_,
        stores0_.clothes_length as clothes_4_12_0_,
        stores0_.content as content5_12_0_,
        stores0_.price as price6_12_0_,
        stores0_.sales_info_clothes_id as sales_i14_12_0_,
        stores0_.sales_info_status_id as sales_i15_12_0_,
        stores0_.sales_info_user_id as sales_i16_12_0_,
        stores0_.status as status7_12_0_,
        stores0_.title as title8_12_0_,
        members1_.id as id1_6_1_,
        members1_.email as email2_6_1_,
        members1_.image as image3_6_1_,
        members1_.name as name4_6_1_,
        members1_.nickname as nickname5_6_1_,
        members1_.password as password6_6_1_,
        members1_.phone as phone7_6_1_,
        members1_.refresh_token as refresh_8_6_1_,
        members1_.role as role9_6_1_,
        clothesinf2_.id as id1_2_2_,
        clothesinf2_.categoryl as category2_2_2_,
        clothesinf2_.categorys as category3_2_2_,
        clothesinf2_.fit as fit4_2_2_,
        clothesinf2_.length as length5_2_2_,
        colors3_.id as id1_4_3_,
        colors3_.name as name2_4_3_,
        materials4_.id as id1_5_4_,
        materials4_.name as name2_5_4_,
        style5_.id as id1_14_5_,
        style5_.name as name2_14_5_,
        salesinfoc6_.id as id1_9_6_,
        salesinfoc6_.clothes_brand as clothes_2_9_6_,
        salesinfoc6_.clothes_color as clothes_3_9_6_,
        salesinfoc6_.clothes_gender as clothes_4_9_6_,
        salesinfoc6_.clothes_size as clothes_5_9_6_,
        salesinfos7_.id as id1_10_7_,
        salesinfos7_.status_score as status_s2_10_7_,
        salesinfos7_.status_tag as status_t3_10_7_,
        salesinfos7_.status_times as status_t4_10_7_,
        salesinfos7_.status_when2buy as status_w5_10_7_,
        salesinfos7_.transport as transpor6_10_7_,
        salesinfou8_.id as id1_11_8_,
        salesinfou8_.user_height as user_hei2_11_8_,
        salesinfou8_.user_size as user_siz3_11_8_,
        salesinfou8_.user_weight as user_wei4_11_8_ 
    from
        stores stores0_ 
    left outer join
        members members1_ 
            on stores0_.author_id=members1_.id 
    left outer join
        clothes_info clothesinf2_ 
            on stores0_.clothes_info_id=clothesinf2_.id 
    left outer join
        colors colors3_ 
            on stores0_.colors_name=colors3_.name 
    left outer join
        materials materials4_ 
            on stores0_.materials_name=materials4_.name 
    left outer join
        style style5_ 
            on stores0_.style_name=style5_.name 
    left outer join
        sales_info_clothes salesinfoc6_ 
            on stores0_.sales_info_clothes_id=salesinfoc6_.id 
    left outer join
        sales_info_status salesinfos7_ 
            on stores0_.sales_info_status_id=salesinfos7_.id 
    left outer join
        sales_info_user salesinfou8_ 
            on stores0_.sales_info_user_id=salesinfou8_.id 
    where
        stores0_.id=?
Hibernate: 
    select
        stores0_.id as id1_12_0_,
        stores0_.created_date as created_2_12_0_,
        stores0_.modified_date as modified3_12_0_,
        stores0_.author_id as author_i9_12_0_,
        stores0_.clothes_info_id as clothes10_12_0_,
        stores0_.colors_name as colors_11_12_0_,
        stores0_.materials_name as materia12_12_0_,
        stores0_.style_name as style_n13_12_0_,
        stores0_.clothes_length as clothes_4_12_0_,
        stores0_.content as content5_12_0_,
        stores0_.price as price6_12_0_,
        stores0_.sales_info_clothes_id as sales_i14_12_0_,
        stores0_.sales_info_status_id as sales_i15_12_0_,
        stores0_.sales_info_user_id as sales_i16_12_0_,
        stores0_.status as status7_12_0_,
        stores0_.title as title8_12_0_,
        members1_.id as id1_6_1_,
        members1_.email as email2_6_1_,
        members1_.image as image3_6_1_,
        members1_.name as name4_6_1_,
        members1_.nickname as nickname5_6_1_,
        members1_.password as password6_6_1_,
        members1_.phone as phone7_6_1_,
        members1_.refresh_token as refresh_8_6_1_,
        members1_.role as role9_6_1_,
        clothesinf2_.id as id1_2_2_,
        clothesinf2_.categoryl as category2_2_2_,
        clothesinf2_.categorys as category3_2_2_,
        clothesinf2_.fit as fit4_2_2_,
        clothesinf2_.length as length5_2_2_,
        colors3_.id as id1_4_3_,
        colors3_.name as name2_4_3_,
        materials4_.id as id1_5_4_,
        materials4_.name as name2_5_4_,
        style5_.id as id1_14_5_,
        style5_.name as name2_14_5_,
        salesinfoc6_.id as id1_9_6_,
        salesinfoc6_.clothes_brand as clothes_2_9_6_,
        salesinfoc6_.clothes_color as clothes_3_9_6_,
        salesinfoc6_.clothes_gender as clothes_4_9_6_,
        salesinfoc6_.clothes_size as clothes_5_9_6_,
        salesinfos7_.id as id1_10_7_,
        salesinfos7_.status_score as status_s2_10_7_,
        salesinfos7_.status_tag as status_t3_10_7_,
        salesinfos7_.status_times as status_t4_10_7_,
        salesinfos7_.status_when2buy as status_w5_10_7_,
        salesinfos7_.transport as transpor6_10_7_,
        salesinfou8_.id as id1_11_8_,
        salesinfou8_.user_height as user_hei2_11_8_,
        salesinfou8_.user_size as user_siz3_11_8_,
        salesinfou8_.user_weight as user_wei4_11_8_ 
    from
        stores stores0_ 
    left outer join
        members members1_ 
            on stores0_.author_id=members1_.id 
    left outer join
        clothes_info clothesinf2_ 
            on stores0_.clothes_info_id=clothesinf2_.id 
    left outer join
        colors colors3_ 
            on stores0_.colors_name=colors3_.name 
    left outer join
        materials materials4_ 
            on stores0_.materials_name=materials4_.name 
    left outer join
        style style5_ 
            on stores0_.style_name=style5_.name 
    left outer join
        sales_info_clothes salesinfoc6_ 
            on stores0_.sales_info_clothes_id=salesinfoc6_.id 
    left outer join
        sales_info_status salesinfos7_ 
            on stores0_.sales_info_status_id=salesinfos7_.id 
    left outer join
        sales_info_user salesinfou8_ 
            on stores0_.sales_info_user_id=salesinfou8_.id 
    where
        stores0_.id=?
Hibernate: 
    select
        stores0_.id as id1_12_0_,
        stores0_.created_date as created_2_12_0_,
        stores0_.modified_date as modified3_12_0_,
        stores0_.author_id as author_i9_12_0_,
        stores0_.clothes_info_id as clothes10_12_0_,
        stores0_.colors_name as colors_11_12_0_,
        stores0_.materials_name as materia12_12_0_,
        stores0_.style_name as style_n13_12_0_,
        stores0_.clothes_length as clothes_4_12_0_,
        stores0_.content as content5_12_0_,
        stores0_.price as price6_12_0_,
        stores0_.sales_info_clothes_id as sales_i14_12_0_,
        stores0_.sales_info_status_id as sales_i15_12_0_,
        stores0_.sales_info_user_id as sales_i16_12_0_,
        stores0_.status as status7_12_0_,
        stores0_.title as title8_12_0_,
        members1_.id as id1_6_1_,
        members1_.email as email2_6_1_,
        members1_.image as image3_6_1_,
        members1_.name as name4_6_1_,
        members1_.nickname as nickname5_6_1_,
        members1_.password as password6_6_1_,
        members1_.phone as phone7_6_1_,
        members1_.refresh_token as refresh_8_6_1_,
        members1_.role as role9_6_1_,
        clothesinf2_.id as id1_2_2_,
        clothesinf2_.categoryl as category2_2_2_,
        clothesinf2_.categorys as category3_2_2_,
        clothesinf2_.fit as fit4_2_2_,
        clothesinf2_.length as length5_2_2_,
        colors3_.id as id1_4_3_,
        colors3_.name as name2_4_3_,
        materials4_.id as id1_5_4_,
        materials4_.name as name2_5_4_,
        style5_.id as id1_14_5_,
        style5_.name as name2_14_5_,
        salesinfoc6_.id as id1_9_6_,
        salesinfoc6_.clothes_brand as clothes_2_9_6_,
        salesinfoc6_.clothes_color as clothes_3_9_6_,
        salesinfoc6_.clothes_gender as clothes_4_9_6_,
        salesinfoc6_.clothes_size as clothes_5_9_6_,
        salesinfos7_.id as id1_10_7_,
        salesinfos7_.status_score as status_s2_10_7_,
        salesinfos7_.status_tag as status_t3_10_7_,
        salesinfos7_.status_times as status_t4_10_7_,
        salesinfos7_.status_when2buy as status_w5_10_7_,
        salesinfos7_.transport as transpor6_10_7_,
        salesinfou8_.id as id1_11_8_,
        salesinfou8_.user_height as user_hei2_11_8_,
        salesinfou8_.user_size as user_siz3_11_8_,
        salesinfou8_.user_weight as user_wei4_11_8_ 
    from
        stores stores0_ 
    left outer join
        members members1_ 
            on stores0_.author_id=members1_.id 
    left outer join
        clothes_info clothesinf2_ 
            on stores0_.clothes_info_id=clothesinf2_.id 
    left outer join
        colors colors3_ 
            on stores0_.colors_name=colors3_.name 
    left outer join
        materials materials4_ 
            on stores0_.materials_name=materials4_.name 
    left outer join
        style style5_ 
            on stores0_.style_name=style5_.name 
    left outer join
        sales_info_clothes salesinfoc6_ 
            on stores0_.sales_info_clothes_id=salesinfoc6_.id 
    left outer join
        sales_info_status salesinfos7_ 
            on stores0_.sales_info_status_id=salesinfos7_.id 
    left outer join
        sales_info_user salesinfou8_ 
            on stores0_.sales_info_user_id=salesinfou8_.id 
    where
        stores0_.id=?
Hibernate: 
    select
        stores0_.id as id1_12_0_,
        stores0_.created_date as created_2_12_0_,
        stores0_.modified_date as modified3_12_0_,
        stores0_.author_id as author_i9_12_0_,
        stores0_.clothes_info_id as clothes10_12_0_,
        stores0_.colors_name as colors_11_12_0_,
        stores0_.materials_name as materia12_12_0_,
        stores0_.style_name as style_n13_12_0_,
        stores0_.clothes_length as clothes_4_12_0_,
        stores0_.content as content5_12_0_,
        stores0_.price as price6_12_0_,
        stores0_.sales_info_clothes_id as sales_i14_12_0_,
        stores0_.sales_info_status_id as sales_i15_12_0_,
        stores0_.sales_info_user_id as sales_i16_12_0_,
        stores0_.status as status7_12_0_,
        stores0_.title as title8_12_0_,
        members1_.id as id1_6_1_,
        members1_.email as email2_6_1_,
        members1_.image as image3_6_1_,
        members1_.name as name4_6_1_,
        members1_.nickname as nickname5_6_1_,
        members1_.password as password6_6_1_,
        members1_.phone as phone7_6_1_,
        members1_.refresh_token as refresh_8_6_1_,
        members1_.role as role9_6_1_,
        clothesinf2_.id as id1_2_2_,
        clothesinf2_.categoryl as category2_2_2_,
        clothesinf2_.categorys as category3_2_2_,
        clothesinf2_.fit as fit4_2_2_,
        clothesinf2_.length as length5_2_2_,
        colors3_.id as id1_4_3_,
        colors3_.name as name2_4_3_,
        materials4_.id as id1_5_4_,
        materials4_.name as name2_5_4_,
        style5_.id as id1_14_5_,
        style5_.name as name2_14_5_,
        salesinfoc6_.id as id1_9_6_,
        salesinfoc6_.clothes_brand as clothes_2_9_6_,
        salesinfoc6_.clothes_color as clothes_3_9_6_,
        salesinfoc6_.clothes_gender as clothes_4_9_6_,
        salesinfoc6_.clothes_size as clothes_5_9_6_,
        salesinfos7_.id as id1_10_7_,
        salesinfos7_.status_score as status_s2_10_7_,
        salesinfos7_.status_tag as status_t3_10_7_,
        salesinfos7_.status_times as status_t4_10_7_,
        salesinfos7_.status_when2buy as status_w5_10_7_,
        salesinfos7_.transport as transpor6_10_7_,
        salesinfou8_.id as id1_11_8_,
        salesinfou8_.user_height as user_hei2_11_8_,
        salesinfou8_.user_size as user_siz3_11_8_,
        salesinfou8_.user_weight as user_wei4_11_8_ 
    from
        stores stores0_ 
    left outer join
        members members1_ 
            on stores0_.author_id=members1_.id 
    left outer join
        clothes_info clothesinf2_ 
            on stores0_.clothes_info_id=clothesinf2_.id 
    left outer join
        colors colors3_ 
            on stores0_.colors_name=colors3_.name 
    left outer join
        materials materials4_ 
            on stores0_.materials_name=materials4_.name 
    left outer join
        style style5_ 
            on stores0_.style_name=style5_.name 
    left outer join
        sales_info_clothes salesinfoc6_ 
            on stores0_.sales_info_clothes_id=salesinfoc6_.id 
    left outer join
        sales_info_status salesinfos7_ 
            on stores0_.sales_info_status_id=salesinfos7_.id 
    left outer join
        sales_info_user salesinfou8_ 
            on stores0_.sales_info_user_id=salesinfou8_.id 
    where
        stores0_.id=?
Hibernate: 
    select
        stores0_.id as id1_12_0_,
        stores0_.created_date as created_2_12_0_,
        stores0_.modified_date as modified3_12_0_,
        stores0_.author_id as author_i9_12_0_,
        stores0_.clothes_info_id as clothes10_12_0_,
        stores0_.colors_name as colors_11_12_0_,
        stores0_.materials_name as materia12_12_0_,
        stores0_.style_name as style_n13_12_0_,
        stores0_.clothes_length as clothes_4_12_0_,
        stores0_.content as content5_12_0_,
        stores0_.price as price6_12_0_,
        stores0_.sales_info_clothes_id as sales_i14_12_0_,
        stores0_.sales_info_status_id as sales_i15_12_0_,
        stores0_.sales_info_user_id as sales_i16_12_0_,
        stores0_.status as status7_12_0_,
        stores0_.title as title8_12_0_,
        members1_.id as id1_6_1_,
        members1_.email as email2_6_1_,
        members1_.image as image3_6_1_,
        members1_.name as name4_6_1_,
        members1_.nickname as nickname5_6_1_,
        members1_.password as password6_6_1_,
        members1_.phone as phone7_6_1_,
        members1_.refresh_token as refresh_8_6_1_,
        members1_.role as role9_6_1_,
        clothesinf2_.id as id1_2_2_,
        clothesinf2_.categoryl as category2_2_2_,
        clothesinf2_.categorys as category3_2_2_,
        clothesinf2_.fit as fit4_2_2_,
        clothesinf2_.length as length5_2_2_,
        colors3_.id as id1_4_3_,
        colors3_.name as name2_4_3_,
        materials4_.id as id1_5_4_,
        materials4_.name as name2_5_4_,
        style5_.id as id1_14_5_,
        style5_.name as name2_14_5_,
        salesinfoc6_.id as id1_9_6_,
        salesinfoc6_.clothes_brand as clothes_2_9_6_,
        salesinfoc6_.clothes_color as clothes_3_9_6_,
        salesinfoc6_.clothes_gender as clothes_4_9_6_,
        salesinfoc6_.clothes_size as clothes_5_9_6_,
        salesinfos7_.id as id1_10_7_,
        salesinfos7_.status_score as status_s2_10_7_,
        salesinfos7_.status_tag as status_t3_10_7_,
        salesinfos7_.status_times as status_t4_10_7_,
        salesinfos7_.status_when2buy as status_w5_10_7_,
        salesinfos7_.transport as transpor6_10_7_,
        salesinfou8_.id as id1_11_8_,
        salesinfou8_.user_height as user_hei2_11_8_,
        salesinfou8_.user_size as user_siz3_11_8_,
        salesinfou8_.user_weight as user_wei4_11_8_ 
    from
        stores stores0_ 
    left outer join
        members members1_ 
            on stores0_.author_id=members1_.id 
    left outer join
        clothes_info clothesinf2_ 
            on stores0_.clothes_info_id=clothesinf2_.id 
    left outer join
        colors colors3_ 
            on stores0_.colors_name=colors3_.name 
    left outer join
        materials materials4_ 
            on stores0_.materials_name=materials4_.name 
    left outer join
        style style5_ 
            on stores0_.style_name=style5_.name 
    left outer join
        sales_info_clothes salesinfoc6_ 
            on stores0_.sales_info_clothes_id=salesinfoc6_.id 
    left outer join
        sales_info_status salesinfos7_ 
            on stores0_.sales_info_status_id=salesinfos7_.id 
    left outer join
        sales_info_user salesinfou8_ 
            on stores0_.sales_info_user_id=salesinfou8_.id 
    where
        stores0_.id=?
Hibernate: 
    select
        stores0_.id as id1_12_0_,
        stores0_.created_date as created_2_12_0_,
        stores0_.modified_date as modified3_12_0_,
        stores0_.author_id as author_i9_12_0_,
        stores0_.clothes_info_id as clothes10_12_0_,
        stores0_.colors_name as colors_11_12_0_,
        stores0_.materials_name as materia12_12_0_,
        stores0_.style_name as style_n13_12_0_,
        stores0_.clothes_length as clothes_4_12_0_,
        stores0_.content as content5_12_0_,
        stores0_.price as price6_12_0_,
        stores0_.sales_info_clothes_id as sales_i14_12_0_,
        stores0_.sales_info_status_id as sales_i15_12_0_,
        stores0_.sales_info_user_id as sales_i16_12_0_,
        stores0_.status as status7_12_0_,
        stores0_.title as title8_12_0_,
        members1_.id as id1_6_1_,
        members1_.email as email2_6_1_,
        members1_.image as image3_6_1_,
        members1_.name as name4_6_1_,
        members1_.nickname as nickname5_6_1_,
        members1_.password as password6_6_1_,
        members1_.phone as phone7_6_1_,
        members1_.refresh_token as refresh_8_6_1_,
        members1_.role as role9_6_1_,
        clothesinf2_.id as id1_2_2_,
        clothesinf2_.categoryl as category2_2_2_,
        clothesinf2_.categorys as category3_2_2_,
        clothesinf2_.fit as fit4_2_2_,
        clothesinf2_.length as length5_2_2_,
        colors3_.id as id1_4_3_,
        colors3_.name as name2_4_3_,
        materials4_.id as id1_5_4_,
        materials4_.name as name2_5_4_,
        style5_.id as id1_14_5_,
        style5_.name as name2_14_5_,
        salesinfoc6_.id as id1_9_6_,
        salesinfoc6_.clothes_brand as clothes_2_9_6_,
        salesinfoc6_.clothes_color as clothes_3_9_6_,
        salesinfoc6_.clothes_gender as clothes_4_9_6_,
        salesinfoc6_.clothes_size as clothes_5_9_6_,
        salesinfos7_.id as id1_10_7_,
        salesinfos7_.status_score as status_s2_10_7_,
        salesinfos7_.status_tag as status_t3_10_7_,
        salesinfos7_.status_times as status_t4_10_7_,
        salesinfos7_.status_when2buy as status_w5_10_7_,
        salesinfos7_.transport as transpor6_10_7_,
        salesinfou8_.id as id1_11_8_,
        salesinfou8_.user_height as user_hei2_11_8_,
        salesinfou8_.user_size as user_siz3_11_8_,
        salesinfou8_.user_weight as user_wei4_11_8_ 
    from
        stores stores0_ 
    left outer join
        members members1_ 
            on stores0_.author_id=members1_.id 
    left outer join
        clothes_info clothesinf2_ 
            on stores0_.clothes_info_id=clothesinf2_.id 
    left outer join
        colors colors3_ 
            on stores0_.colors_name=colors3_.name 
    left outer join
        materials materials4_ 
            on stores0_.materials_name=materials4_.name 
    left outer join
        style style5_ 
            on stores0_.style_name=style5_.name 
    left outer join
        sales_info_clothes salesinfoc6_ 
            on stores0_.sales_info_clothes_id=salesinfoc6_.id 
    left outer join
        sales_info_status salesinfos7_ 
            on stores0_.sales_info_status_id=salesinfos7_.id 
    left outer join
        sales_info_user salesinfou8_ 
            on stores0_.sales_info_user_id=salesinfou8_.id 
    where
        stores0_.id=?
Hibernate: 
    select
        stores0_.id as id1_12_0_,
        stores0_.created_date as created_2_12_0_,
        stores0_.modified_date as modified3_12_0_,
        stores0_.author_id as author_i9_12_0_,
        stores0_.clothes_info_id as clothes10_12_0_,
        stores0_.colors_name as colors_11_12_0_,
        stores0_.materials_name as materia12_12_0_,
        stores0_.style_name as style_n13_12_0_,
        stores0_.clothes_length as clothes_4_12_0_,
        stores0_.content as content5_12_0_,
        stores0_.price as price6_12_0_,
        stores0_.sales_info_clothes_id as sales_i14_12_0_,
        stores0_.sales_info_status_id as sales_i15_12_0_,
        stores0_.sales_info_user_id as sales_i16_12_0_,
        stores0_.status as status7_12_0_,
        stores0_.title as title8_12_0_,
        members1_.id as id1_6_1_,
        members1_.email as email2_6_1_,
        members1_.image as image3_6_1_,
        members1_.name as name4_6_1_,
        members1_.nickname as nickname5_6_1_,
        members1_.password as password6_6_1_,
        members1_.phone as phone7_6_1_,
        members1_.refresh_token as refresh_8_6_1_,
        members1_.role as role9_6_1_,
        clothesinf2_.id as id1_2_2_,
        clothesinf2_.categoryl as category2_2_2_,
        clothesinf2_.categorys as category3_2_2_,
        clothesinf2_.fit as fit4_2_2_,
        clothesinf2_.length as length5_2_2_,
        colors3_.id as id1_4_3_,
        colors3_.name as name2_4_3_,
        materials4_.id as id1_5_4_,
        materials4_.name as name2_5_4_,
        style5_.id as id1_14_5_,
        style5_.name as name2_14_5_,
        salesinfoc6_.id as id1_9_6_,
        salesinfoc6_.clothes_brand as clothes_2_9_6_,
        salesinfoc6_.clothes_color as clothes_3_9_6_,
        salesinfoc6_.clothes_gender as clothes_4_9_6_,
        salesinfoc6_.clothes_size as clothes_5_9_6_,
        salesinfos7_.id as id1_10_7_,
        salesinfos7_.status_score as status_s2_10_7_,
        salesinfos7_.status_tag as status_t3_10_7_,
        salesinfos7_.status_times as status_t4_10_7_,
        salesinfos7_.status_when2buy as status_w5_10_7_,
        salesinfos7_.transport as transpor6_10_7_,
        salesinfou8_.id as id1_11_8_,
        salesinfou8_.user_height as user_hei2_11_8_,
        salesinfou8_.user_size as user_siz3_11_8_,
        salesinfou8_.user_weight as user_wei4_11_8_ 
    from
        stores stores0_ 
    left outer join
        members members1_ 
            on stores0_.author_id=members1_.id 
    left outer join
        clothes_info clothesinf2_ 
            on stores0_.clothes_info_id=clothesinf2_.id 
    left outer join
        colors colors3_ 
            on stores0_.colors_name=colors3_.name 
    left outer join
        materials materials4_ 
            on stores0_.materials_name=materials4_.name 
    left outer join
        style style5_ 
            on stores0_.style_name=style5_.name 
    left outer join
        sales_info_clothes salesinfoc6_ 
            on stores0_.sales_info_clothes_id=salesinfoc6_.id 
    left outer join
        sales_info_status salesinfos7_ 
            on stores0_.sales_info_status_id=salesinfos7_.id 
    left outer join
        sales_info_user salesinfou8_ 
            on stores0_.sales_info_user_id=salesinfou8_.id 
    where
        stores0_.id=?
Hibernate: 
    select
        stores0_.id as id1_12_0_,
        stores0_.created_date as created_2_12_0_,
        stores0_.modified_date as modified3_12_0_,
        stores0_.author_id as author_i9_12_0_,
        stores0_.clothes_info_id as clothes10_12_0_,
        stores0_.colors_name as colors_11_12_0_,
        stores0_.materials_name as materia12_12_0_,
        stores0_.style_name as style_n13_12_0_,
        stores0_.clothes_length as clothes_4_12_0_,
        stores0_.content as content5_12_0_,
        stores0_.price as price6_12_0_,
        stores0_.sales_info_clothes_id as sales_i14_12_0_,
        stores0_.sales_info_status_id as sales_i15_12_0_,
        stores0_.sales_info_user_id as sales_i16_12_0_,
        stores0_.status as status7_12_0_,
        stores0_.title as title8_12_0_,
        members1_.id as id1_6_1_,
        members1_.email as email2_6_1_,
        members1_.image as image3_6_1_,
        members1_.name as name4_6_1_,
        members1_.nickname as nickname5_6_1_,
        members1_.password as password6_6_1_,
        members1_.phone as phone7_6_1_,
        members1_.refresh_token as refresh_8_6_1_,
        members1_.role as role9_6_1_,
        clothesinf2_.id as id1_2_2_,
        clothesinf2_.categoryl as category2_2_2_,
        clothesinf2_.categorys as category3_2_2_,
        clothesinf2_.fit as fit4_2_2_,
        clothesinf2_.length as length5_2_2_,
        colors3_.id as id1_4_3_,
        colors3_.name as name2_4_3_,
        materials4_.id as id1_5_4_,
        materials4_.name as name2_5_4_,
        style5_.id as id1_14_5_,
        style5_.name as name2_14_5_,
        salesinfoc6_.id as id1_9_6_,
        salesinfoc6_.clothes_brand as clothes_2_9_6_,
        salesinfoc6_.clothes_color as clothes_3_9_6_,
        salesinfoc6_.clothes_gender as clothes_4_9_6_,
        salesinfoc6_.clothes_size as clothes_5_9_6_,
        salesinfos7_.id as id1_10_7_,
        salesinfos7_.status_score as status_s2_10_7_,
        salesinfos7_.status_tag as status_t3_10_7_,
        salesinfos7_.status_times as status_t4_10_7_,
        salesinfos7_.status_when2buy as status_w5_10_7_,
        salesinfos7_.transport as transpor6_10_7_,
        salesinfou8_.id as id1_11_8_,
        salesinfou8_.user_height as user_hei2_11_8_,
        salesinfou8_.user_size as user_siz3_11_8_,
        salesinfou8_.user_weight as user_wei4_11_8_ 
    from
        stores stores0_ 
    left outer join
        members members1_ 
            on stores0_.author_id=members1_.id 
    left outer join
        clothes_info clothesinf2_ 
            on stores0_.clothes_info_id=clothesinf2_.id 
    left outer join
        colors colors3_ 
            on stores0_.colors_name=colors3_.name 
    left outer join
        materials materials4_ 
            on stores0_.materials_name=materials4_.name 
    left outer join
        style style5_ 
            on stores0_.style_name=style5_.name 
    left outer join
        sales_info_clothes salesinfoc6_ 
            on stores0_.sales_info_clothes_id=salesinfoc6_.id 
    left outer join
        sales_info_status salesinfos7_ 
            on stores0_.sales_info_status_id=salesinfos7_.id 
    left outer join
        sales_info_user salesinfou8_ 
            on stores0_.sales_info_user_id=salesinfou8_.id 
    where
        stores0_.id=?
Hibernate: 
    select
        stores0_.id as id1_12_0_,
        stores0_.created_date as created_2_12_0_,
        stores0_.modified_date as modified3_12_0_,
        stores0_.author_id as author_i9_12_0_,
        stores0_.clothes_info_id as clothes10_12_0_,
        stores0_.colors_name as colors_11_12_0_,
        stores0_.materials_name as materia12_12_0_,
        stores0_.style_name as style_n13_12_0_,
        stores0_.clothes_length as clothes_4_12_0_,
        stores0_.content as content5_12_0_,
        stores0_.price as price6_12_0_,
        stores0_.sales_info_clothes_id as sales_i14_12_0_,
        stores0_.sales_info_status_id as sales_i15_12_0_,
        stores0_.sales_info_user_id as sales_i16_12_0_,
        stores0_.status as status7_12_0_,
        stores0_.title as title8_12_0_,
        members1_.id as id1_6_1_,
        members1_.email as email2_6_1_,
        members1_.image as image3_6_1_,
        members1_.name as name4_6_1_,
        members1_.nickname as nickname5_6_1_,
        members1_.password as password6_6_1_,
        members1_.phone as phone7_6_1_,
        members1_.refresh_token as refresh_8_6_1_,
        members1_.role as role9_6_1_,
        clothesinf2_.id as id1_2_2_,
        clothesinf2_.categoryl as category2_2_2_,
        clothesinf2_.categorys as category3_2_2_,
        clothesinf2_.fit as fit4_2_2_,
        clothesinf2_.length as length5_2_2_,
        colors3_.id as id1_4_3_,
        colors3_.name as name2_4_3_,
        materials4_.id as id1_5_4_,
        materials4_.name as name2_5_4_,
        style5_.id as id1_14_5_,
        style5_.name as name2_14_5_,
        salesinfoc6_.id as id1_9_6_,
        salesinfoc6_.clothes_brand as clothes_2_9_6_,
        salesinfoc6_.clothes_color as clothes_3_9_6_,
        salesinfoc6_.clothes_gender as clothes_4_9_6_,
        salesinfoc6_.clothes_size as clothes_5_9_6_,
        salesinfos7_.id as id1_10_7_,
        salesinfos7_.status_score as status_s2_10_7_,
        salesinfos7_.status_tag as status_t3_10_7_,
        salesinfos7_.status_times as status_t4_10_7_,
        salesinfos7_.status_when2buy as status_w5_10_7_,
        salesinfos7_.transport as transpor6_10_7_,
        salesinfou8_.id as id1_11_8_,
        salesinfou8_.user_height as user_hei2_11_8_,
        salesinfou8_.user_size as user_siz3_11_8_,
        salesinfou8_.user_weight as user_wei4_11_8_ 
    from
        stores stores0_ 
    left outer join
        members members1_ 
            on stores0_.author_id=members1_.id 
    left outer join
        clothes_info clothesinf2_ 
            on stores0_.clothes_info_id=clothesinf2_.id 
    left outer join
        colors colors3_ 
            on stores0_.colors_name=colors3_.name 
    left outer join
        materials materials4_ 
            on stores0_.materials_name=materials4_.name 
    left outer join
        style style5_ 
            on stores0_.style_name=style5_.name 
    left outer join
        sales_info_clothes salesinfoc6_ 
            on stores0_.sales_info_clothes_id=salesinfoc6_.id 
    left outer join
        sales_info_status salesinfos7_ 
            on stores0_.sales_info_status_id=salesinfos7_.id 
    left outer join
        sales_info_user salesinfou8_ 
            on stores0_.sales_info_user_id=salesinfou8_.id 
    where
        stores0_.id=?
Hibernate: 
    select
        stores0_.id as id1_12_0_,
        stores0_.created_date as created_2_12_0_,
        stores0_.modified_date as modified3_12_0_,
        stores0_.author_id as author_i9_12_0_,
        stores0_.clothes_info_id as clothes10_12_0_,
        stores0_.colors_name as colors_11_12_0_,
        stores0_.materials_name as materia12_12_0_,
        stores0_.style_name as style_n13_12_0_,
        stores0_.clothes_length as clothes_4_12_0_,
        stores0_.content as content5_12_0_,
        stores0_.price as price6_12_0_,
        stores0_.sales_info_clothes_id as sales_i14_12_0_,
        stores0_.sales_info_status_id as sales_i15_12_0_,
        stores0_.sales_info_user_id as sales_i16_12_0_,
        stores0_.status as status7_12_0_,
        stores0_.title as title8_12_0_,
        members1_.id as id1_6_1_,
        members1_.email as email2_6_1_,
        members1_.image as image3_6_1_,
        members1_.name as name4_6_1_,
        members1_.nickname as nickname5_6_1_,
        members1_.password as password6_6_1_,
        members1_.phone as phone7_6_1_,
        members1_.refresh_token as refresh_8_6_1_,
        members1_.role as role9_6_1_,
        clothesinf2_.id as id1_2_2_,
        clothesinf2_.categoryl as category2_2_2_,
        clothesinf2_.categorys as category3_2_2_,
        clothesinf2_.fit as fit4_2_2_,
        clothesinf2_.length as length5_2_2_,
        colors3_.id as id1_4_3_,
        colors3_.name as name2_4_3_,
        materials4_.id as id1_5_4_,
        materials4_.name as name2_5_4_,
        style5_.id as id1_14_5_,
        style5_.name as name2_14_5_,
        salesinfoc6_.id as id1_9_6_,
        salesinfoc6_.clothes_brand as clothes_2_9_6_,
        salesinfoc6_.clothes_color as clothes_3_9_6_,
        salesinfoc6_.clothes_gender as clothes_4_9_6_,
        salesinfoc6_.clothes_size as clothes_5_9_6_,
        salesinfos7_.id as id1_10_7_,
        salesinfos7_.status_score as status_s2_10_7_,
        salesinfos7_.status_tag as status_t3_10_7_,
        salesinfos7_.status_times as status_t4_10_7_,
        salesinfos7_.status_when2buy as status_w5_10_7_,
        salesinfos7_.transport as transpor6_10_7_,
        salesinfou8_.id as id1_11_8_,
        salesinfou8_.user_height as user_hei2_11_8_,
        salesinfou8_.user_size as user_siz3_11_8_,
        salesinfou8_.user_weight as user_wei4_11_8_ 
    from
        stores stores0_ 
    left outer join
        members members1_ 
            on stores0_.author_id=members1_.id 
    left outer join
        clothes_info clothesinf2_ 
            on stores0_.clothes_info_id=clothesinf2_.id 
    left outer join
        colors colors3_ 
            on stores0_.colors_name=colors3_.name 
    left outer join
        materials materials4_ 
            on stores0_.materials_name=materials4_.name 
    left outer join
        style style5_ 
            on stores0_.style_name=style5_.name 
    left outer join
        sales_info_clothes salesinfoc6_ 
            on stores0_.sales_info_clothes_id=salesinfoc6_.id 
    left outer join
        sales_info_status salesinfos7_ 
            on stores0_.sales_info_status_id=salesinfos7_.id 
    left outer join
        sales_info_user salesinfou8_ 
            on stores0_.sales_info_user_id=salesinfou8_.id 
    where
        stores0_.id=?
Hibernate: 
    select
        stores0_.id as id1_12_0_,
        stores0_.created_date as created_2_12_0_,
        stores0_.modified_date as modified3_12_0_,
        stores0_.author_id as author_i9_12_0_,
        stores0_.clothes_info_id as clothes10_12_0_,
        stores0_.colors_name as colors_11_12_0_,
        stores0_.materials_name as materia12_12_0_,
        stores0_.style_name as style_n13_12_0_,
        stores0_.clothes_length as clothes_4_12_0_,
        stores0_.content as content5_12_0_,
        stores0_.price as price6_12_0_,
        stores0_.sales_info_clothes_id as sales_i14_12_0_,
        stores0_.sales_info_status_id as sales_i15_12_0_,
        stores0_.sales_info_user_id as sales_i16_12_0_,
        stores0_.status as status7_12_0_,
        stores0_.title as title8_12_0_,
        members1_.id as id1_6_1_,
        members1_.email as email2_6_1_,
        members1_.image as image3_6_1_,
        members1_.name as name4_6_1_,
        members1_.nickname as nickname5_6_1_,
        members1_.password as password6_6_1_,
        members1_.phone as phone7_6_1_,
        members1_.refresh_token as refresh_8_6_1_,
        members1_.role as role9_6_1_,
        clothesinf2_.id as id1_2_2_,
        clothesinf2_.categoryl as category2_2_2_,
        clothesinf2_.categorys as category3_2_2_,
        clothesinf2_.fit as fit4_2_2_,
        clothesinf2_.length as length5_2_2_,
        colors3_.id as id1_4_3_,
        colors3_.name as name2_4_3_,
        materials4_.id as id1_5_4_,
        materials4_.name as name2_5_4_,
        style5_.id as id1_14_5_,
        style5_.name as name2_14_5_,
        salesinfoc6_.id as id1_9_6_,
        salesinfoc6_.clothes_brand as clothes_2_9_6_,
        salesinfoc6_.clothes_color as clothes_3_9_6_,
        salesinfoc6_.clothes_gender as clothes_4_9_6_,
        salesinfoc6_.clothes_size as clothes_5_9_6_,
        salesinfos7_.id as id1_10_7_,
        salesinfos7_.status_score as status_s2_10_7_,
        salesinfos7_.status_tag as status_t3_10_7_,
        salesinfos7_.status_times as status_t4_10_7_,
        salesinfos7_.status_when2buy as status_w5_10_7_,
        salesinfos7_.transport as transpor6_10_7_,
        salesinfou8_.id as id1_11_8_,
        salesinfou8_.user_height as user_hei2_11_8_,
        salesinfou8_.user_size as user_siz3_11_8_,
        salesinfou8_.user_weight as user_wei4_11_8_ 
    from
        stores stores0_ 
    left outer join
        members members1_ 
            on stores0_.author_id=members1_.id 
    left outer join
        clothes_info clothesinf2_ 
            on stores0_.clothes_info_id=clothesinf2_.id 
    left outer join
        colors colors3_ 
            on stores0_.colors_name=colors3_.name 
    left outer join
        materials materials4_ 
            on stores0_.materials_name=materials4_.name 
    left outer join
        style style5_ 
            on stores0_.style_name=style5_.name 
    left outer join
        sales_info_clothes salesinfoc6_ 
            on stores0_.sales_info_clothes_id=salesinfoc6_.id 
    left outer join
        sales_info_status salesinfos7_ 
            on stores0_.sales_info_status_id=salesinfos7_.id 
    left outer join
        sales_info_user salesinfou8_ 
            on stores0_.sales_info_user_id=salesinfou8_.id 
    where
        stores0_.id=?
Hibernate: 
    select
        stores0_.id as id1_12_0_,
        stores0_.created_date as created_2_12_0_,
        stores0_.modified_date as modified3_12_0_,
        stores0_.author_id as author_i9_12_0_,
        stores0_.clothes_info_id as clothes10_12_0_,
        stores0_.colors_name as colors_11_12_0_,
        stores0_.materials_name as materia12_12_0_,
        stores0_.style_name as style_n13_12_0_,
        stores0_.clothes_length as clothes_4_12_0_,
        stores0_.content as content5_12_0_,
        stores0_.price as price6_12_0_,
        stores0_.sales_info_clothes_id as sales_i14_12_0_,
        stores0_.sales_info_status_id as sales_i15_12_0_,
        stores0_.sales_info_user_id as sales_i16_12_0_,
        stores0_.status as status7_12_0_,
        stores0_.title as title8_12_0_,
        members1_.id as id1_6_1_,
        members1_.email as email2_6_1_,
        members1_.image as image3_6_1_,
        members1_.name as name4_6_1_,
        members1_.nickname as nickname5_6_1_,
        members1_.password as password6_6_1_,
        members1_.phone as phone7_6_1_,
        members1_.refresh_token as refresh_8_6_1_,
        members1_.role as role9_6_1_,
        clothesinf2_.id as id1_2_2_,
        clothesinf2_.categoryl as category2_2_2_,
        clothesinf2_.categorys as category3_2_2_,
        clothesinf2_.fit as fit4_2_2_,
        clothesinf2_.length as length5_2_2_,
        colors3_.id as id1_4_3_,
        colors3_.name as name2_4_3_,
        materials4_.id as id1_5_4_,
        materials4_.name as name2_5_4_,
        style5_.id as id1_14_5_,
        style5_.name as name2_14_5_,
        salesinfoc6_.id as id1_9_6_,
        salesinfoc6_.clothes_brand as clothes_2_9_6_,
        salesinfoc6_.clothes_color as clothes_3_9_6_,
        salesinfoc6_.clothes_gender as clothes_4_9_6_,
        salesinfoc6_.clothes_size as clothes_5_9_6_,
        salesinfos7_.id as id1_10_7_,
        salesinfos7_.status_score as status_s2_10_7_,
        salesinfos7_.status_tag as status_t3_10_7_,
        salesinfos7_.status_times as status_t4_10_7_,
        salesinfos7_.status_when2buy as status_w5_10_7_,
        salesinfos7_.transport as transpor6_10_7_,
        salesinfou8_.id as id1_11_8_,
        salesinfou8_.user_height as user_hei2_11_8_,
        salesinfou8_.user_size as user_siz3_11_8_,
        salesinfou8_.user_weight as user_wei4_11_8_ 
    from
        stores stores0_ 
    left outer join
        members members1_ 
            on stores0_.author_id=members1_.id 
    left outer join
        clothes_info clothesinf2_ 
            on stores0_.clothes_info_id=clothesinf2_.id 
    left outer join
        colors colors3_ 
            on stores0_.colors_name=colors3_.name 
    left outer join
        materials materials4_ 
            on stores0_.materials_name=materials4_.name 
    left outer join
        style style5_ 
            on stores0_.style_name=style5_.name 
    left outer join
        sales_info_clothes salesinfoc6_ 
            on stores0_.sales_info_clothes_id=salesinfoc6_.id 
    left outer join
        sales_info_status salesinfos7_ 
            on stores0_.sales_info_status_id=salesinfos7_.id 
    left outer join
        sales_info_user salesinfou8_ 
            on stores0_.sales_info_user_id=salesinfou8_.id 
    where
        stores0_.id=?
Hibernate: 
    select
        stores0_.id as id1_12_0_,
        stores0_.created_date as created_2_12_0_,
        stores0_.modified_date as modified3_12_0_,
        stores0_.author_id as author_i9_12_0_,
        stores0_.clothes_info_id as clothes10_12_0_,
        stores0_.colors_name as colors_11_12_0_,
        stores0_.materials_name as materia12_12_0_,
        stores0_.style_name as style_n13_12_0_,
        stores0_.clothes_length as clothes_4_12_0_,
        stores0_.content as content5_12_0_,
        stores0_.price as price6_12_0_,
        stores0_.sales_info_clothes_id as sales_i14_12_0_,
        stores0_.sales_info_status_id as sales_i15_12_0_,
        stores0_.sales_info_user_id as sales_i16_12_0_,
        stores0_.status as status7_12_0_,
        stores0_.title as title8_12_0_,
        members1_.id as id1_6_1_,
        members1_.email as email2_6_1_,
        members1_.image as image3_6_1_,
        members1_.name as name4_6_1_,
        members1_.nickname as nickname5_6_1_,
        members1_.password as password6_6_1_,
        members1_.phone as phone7_6_1_,
        members1_.refresh_token as refresh_8_6_1_,
        members1_.role as role9_6_1_,
        clothesinf2_.id as id1_2_2_,
        clothesinf2_.categoryl as category2_2_2_,
        clothesinf2_.categorys as category3_2_2_,
        clothesinf2_.fit as fit4_2_2_,
        clothesinf2_.length as length5_2_2_,
        colors3_.id as id1_4_3_,
        colors3_.name as name2_4_3_,
        materials4_.id as id1_5_4_,
        materials4_.name as name2_5_4_,
        style5_.id as id1_14_5_,
        style5_.name as name2_14_5_,
        salesinfoc6_.id as id1_9_6_,
        salesinfoc6_.clothes_brand as clothes_2_9_6_,
        salesinfoc6_.clothes_color as clothes_3_9_6_,
        salesinfoc6_.clothes_gender as clothes_4_9_6_,
        salesinfoc6_.clothes_size as clothes_5_9_6_,
        salesinfos7_.id as id1_10_7_,
        salesinfos7_.status_score as status_s2_10_7_,
        salesinfos7_.status_tag as status_t3_10_7_,
        salesinfos7_.status_times as status_t4_10_7_,
        salesinfos7_.status_when2buy as status_w5_10_7_,
        salesinfos7_.transport as transpor6_10_7_,
        salesinfou8_.id as id1_11_8_,
        salesinfou8_.user_height as user_hei2_11_8_,
        salesinfou8_.user_size as user_siz3_11_8_,
        salesinfou8_.user_weight as user_wei4_11_8_ 
    from
        stores stores0_ 
    left outer join
        members members1_ 
            on stores0_.author_id=members1_.id 
    left outer join
        clothes_info clothesinf2_ 
            on stores0_.clothes_info_id=clothesinf2_.id 
    left outer join
        colors colors3_ 
            on stores0_.colors_name=colors3_.name 
    left outer join
        materials materials4_ 
            on stores0_.materials_name=materials4_.name 
    left outer join
        style style5_ 
            on stores0_.style_name=style5_.name 
    left outer join
        sales_info_clothes salesinfoc6_ 
            on stores0_.sales_info_clothes_id=salesinfoc6_.id 
    left outer join
        sales_info_status salesinfos7_ 
            on stores0_.sales_info_status_id=salesinfos7_.id 
    left outer join
        sales_info_user salesinfou8_ 
            on stores0_.sales_info_user_id=salesinfou8_.id 
    where
        stores0_.id=?
Hibernate: 
    select
        stores0_.id as id1_12_0_,
        stores0_.created_date as created_2_12_0_,
        stores0_.modified_date as modified3_12_0_,
        stores0_.author_id as author_i9_12_0_,
        stores0_.clothes_info_id as clothes10_12_0_,
        stores0_.colors_name as colors_11_12_0_,
        stores0_.materials_name as materia12_12_0_,
        stores0_.style_name as style_n13_12_0_,
        stores0_.clothes_length as clothes_4_12_0_,
        stores0_.content as content5_12_0_,
        stores0_.price as price6_12_0_,
        stores0_.sales_info_clothes_id as sales_i14_12_0_,
        stores0_.sales_info_status_id as sales_i15_12_0_,
        stores0_.sales_info_user_id as sales_i16_12_0_,
        stores0_.status as status7_12_0_,
        stores0_.title as title8_12_0_,
        members1_.id as id1_6_1_,
        members1_.email as email2_6_1_,
        members1_.image as image3_6_1_,
        members1_.name as name4_6_1_,
        members1_.nickname as nickname5_6_1_,
        members1_.password as password6_6_1_,
        members1_.phone as phone7_6_1_,
        members1_.refresh_token as refresh_8_6_1_,
        members1_.role as role9_6_1_,
        clothesinf2_.id as id1_2_2_,
        clothesinf2_.categoryl as category2_2_2_,
        clothesinf2_.categorys as category3_2_2_,
        clothesinf2_.fit as fit4_2_2_,
        clothesinf2_.length as length5_2_2_,
        colors3_.id as id1_4_3_,
        colors3_.name as name2_4_3_,
        materials4_.id as id1_5_4_,
        materials4_.name as name2_5_4_,
        style5_.id as id1_14_5_,
        style5_.name as name2_14_5_,
        salesinfoc6_.id as id1_9_6_,
        salesinfoc6_.clothes_brand as clothes_2_9_6_,
        salesinfoc6_.clothes_color as clothes_3_9_6_,
        salesinfoc6_.clothes_gender as clothes_4_9_6_,
        salesinfoc6_.clothes_size as clothes_5_9_6_,
        salesinfos7_.id as id1_10_7_,
        salesinfos7_.status_score as status_s2_10_7_,
        salesinfos7_.status_tag as status_t3_10_7_,
        salesinfos7_.status_times as status_t4_10_7_,
        salesinfos7_.status_when2buy as status_w5_10_7_,
        salesinfos7_.transport as transpor6_10_7_,
        salesinfou8_.id as id1_11_8_,
        salesinfou8_.user_height as user_hei2_11_8_,
        salesinfou8_.user_size as user_siz3_11_8_,
        salesinfou8_.user_weight as user_wei4_11_8_ 
    from
        stores stores0_ 
    left outer join
        members members1_ 
            on stores0_.author_id=members1_.id 
    left outer join
        clothes_info clothesinf2_ 
            on stores0_.clothes_info_id=clothesinf2_.id 
    left outer join
        colors colors3_ 
            on stores0_.colors_name=colors3_.name 
    left outer join
        materials materials4_ 
            on stores0_.materials_name=materials4_.name 
    left outer join
        style style5_ 
            on stores0_.style_name=style5_.name 
    left outer join
        sales_info_clothes salesinfoc6_ 
            on stores0_.sales_info_clothes_id=salesinfoc6_.id 
    left outer join
        sales_info_status salesinfos7_ 
            on stores0_.sales_info_status_id=salesinfos7_.id 
    left outer join
        sales_info_user salesinfou8_ 
            on stores0_.sales_info_user_id=salesinfou8_.id 
    where
        stores0_.id=?
Hibernate: 
    select
        stores0_.id as id1_12_0_,
        stores0_.created_date as created_2_12_0_,
        stores0_.modified_date as modified3_12_0_,
        stores0_.author_id as author_i9_12_0_,
        stores0_.clothes_info_id as clothes10_12_0_,
        stores0_.colors_name as colors_11_12_0_,
        stores0_.materials_name as materia12_12_0_,
        stores0_.style_name as style_n13_12_0_,
        stores0_.clothes_length as clothes_4_12_0_,
        stores0_.content as content5_12_0_,
        stores0_.price as price6_12_0_,
        stores0_.sales_info_clothes_id as sales_i14_12_0_,
        stores0_.sales_info_status_id as sales_i15_12_0_,
        stores0_.sales_info_user_id as sales_i16_12_0_,
        stores0_.status as status7_12_0_,
        stores0_.title as title8_12_0_,
        members1_.id as id1_6_1_,
        members1_.email as email2_6_1_,
        members1_.image as image3_6_1_,
        members1_.name as name4_6_1_,
        members1_.nickname as nickname5_6_1_,
        members1_.password as password6_6_1_,
        members1_.phone as phone7_6_1_,
        members1_.refresh_token as refresh_8_6_1_,
        members1_.role as role9_6_1_,
        clothesinf2_.id as id1_2_2_,
        clothesinf2_.categoryl as category2_2_2_,
        clothesinf2_.categorys as category3_2_2_,
        clothesinf2_.fit as fit4_2_2_,
        clothesinf2_.length as length5_2_2_,
        colors3_.id as id1_4_3_,
        colors3_.name as name2_4_3_,
        materials4_.id as id1_5_4_,
        materials4_.name as name2_5_4_,
        style5_.id as id1_14_5_,
        style5_.name as name2_14_5_,
        salesinfoc6_.id as id1_9_6_,
        salesinfoc6_.clothes_brand as clothes_2_9_6_,
        salesinfoc6_.clothes_color as clothes_3_9_6_,
        salesinfoc6_.clothes_gender as clothes_4_9_6_,
        salesinfoc6_.clothes_size as clothes_5_9_6_,
        salesinfos7_.id as id1_10_7_,
        salesinfos7_.status_score as status_s2_10_7_,
        salesinfos7_.status_tag as status_t3_10_7_,
        salesinfos7_.status_times as status_t4_10_7_,
        salesinfos7_.status_when2buy as status_w5_10_7_,
        salesinfos7_.transport as transpor6_10_7_,
        salesinfou8_.id as id1_11_8_,
        salesinfou8_.user_height as user_hei2_11_8_,
        salesinfou8_.user_size as user_siz3_11_8_,
        salesinfou8_.user_weight as user_wei4_11_8_ 
    from
        stores stores0_ 
    left outer join
        members members1_ 
            on stores0_.author_id=members1_.id 
    left outer join
        clothes_info clothesinf2_ 
            on stores0_.clothes_info_id=clothesinf2_.id 
    left outer join
        colors colors3_ 
            on stores0_.colors_name=colors3_.name 
    left outer join
        materials materials4_ 
            on stores0_.materials_name=materials4_.name 
    left outer join
        style style5_ 
            on stores0_.style_name=style5_.name 
    left outer join
        sales_info_clothes salesinfoc6_ 
            on stores0_.sales_info_clothes_id=salesinfoc6_.id 
    left outer join
        sales_info_status salesinfos7_ 
            on stores0_.sales_info_status_id=salesinfos7_.id 
    left outer join
        sales_info_user salesinfou8_ 
            on stores0_.sales_info_user_id=salesinfou8_.id 
    where
        stores0_.id=?
Hibernate: 
    select
        stores0_.id as id1_12_0_,
        stores0_.created_date as created_2_12_0_,
        stores0_.modified_date as modified3_12_0_,
        stores0_.author_id as author_i9_12_0_,
        stores0_.clothes_info_id as clothes10_12_0_,
        stores0_.colors_name as colors_11_12_0_,
        stores0_.materials_name as materia12_12_0_,
        stores0_.style_name as style_n13_12_0_,
        stores0_.clothes_length as clothes_4_12_0_,
        stores0_.content as content5_12_0_,
        stores0_.price as price6_12_0_,
        stores0_.sales_info_clothes_id as sales_i14_12_0_,
        stores0_.sales_info_status_id as sales_i15_12_0_,
        stores0_.sales_info_user_id as sales_i16_12_0_,
        stores0_.status as status7_12_0_,
        stores0_.title as title8_12_0_,
        members1_.id as id1_6_1_,
        members1_.email as email2_6_1_,
        members1_.image as image3_6_1_,
        members1_.name as name4_6_1_,
        members1_.nickname as nickname5_6_1_,
        members1_.password as password6_6_1_,
        members1_.phone as phone7_6_1_,
        members1_.refresh_token as refresh_8_6_1_,
        members1_.role as role9_6_1_,
        clothesinf2_.id as id1_2_2_,
        clothesinf2_.categoryl as category2_2_2_,
        clothesinf2_.categorys as category3_2_2_,
        clothesinf2_.fit as fit4_2_2_,
        clothesinf2_.length as length5_2_2_,
        colors3_.id as id1_4_3_,
        colors3_.name as name2_4_3_,
        materials4_.id as id1_5_4_,
        materials4_.name as name2_5_4_,
        style5_.id as id1_14_5_,
        style5_.name as name2_14_5_,
        salesinfoc6_.id as id1_9_6_,
        salesinfoc6_.clothes_brand as clothes_2_9_6_,
        salesinfoc6_.clothes_color as clothes_3_9_6_,
        salesinfoc6_.clothes_gender as clothes_4_9_6_,
        salesinfoc6_.clothes_size as clothes_5_9_6_,
        salesinfos7_.id as id1_10_7_,
        salesinfos7_.status_score as status_s2_10_7_,
        salesinfos7_.status_tag as status_t3_10_7_,
        salesinfos7_.status_times as status_t4_10_7_,
        salesinfos7_.status_when2buy as status_w5_10_7_,
        salesinfos7_.transport as transpor6_10_7_,
        salesinfou8_.id as id1_11_8_,
        salesinfou8_.user_height as user_hei2_11_8_,
        salesinfou8_.user_size as user_siz3_11_8_,
        salesinfou8_.user_weight as user_wei4_11_8_ 
    from
        stores stores0_ 
    left outer join
        members members1_ 
            on stores0_.author_id=members1_.id 
    left outer join
        clothes_info clothesinf2_ 
            on stores0_.clothes_info_id=clothesinf2_.id 
    left outer join
        colors colors3_ 
            on stores0_.colors_name=colors3_.name 
    left outer join
        materials materials4_ 
            on stores0_.materials_name=materials4_.name 
    left outer join
        style style5_ 
            on stores0_.style_name=style5_.name 
    left outer join
        sales_info_clothes salesinfoc6_ 
            on stores0_.sales_info_clothes_id=salesinfoc6_.id 
    left outer join
        sales_info_status salesinfos7_ 
            on stores0_.sales_info_status_id=salesinfos7_.id 
    left outer join
        sales_info_user salesinfou8_ 
            on stores0_.sales_info_user_id=salesinfou8_.id 
    where
        stores0_.id=?
Hibernate: 
    select
        stores0_.id as id1_12_0_,
        stores0_.created_date as created_2_12_0_,
        stores0_.modified_date as modified3_12_0_,
        stores0_.author_id as author_i9_12_0_,
        stores0_.clothes_info_id as clothes10_12_0_,
        stores0_.colors_name as colors_11_12_0_,
        stores0_.materials_name as materia12_12_0_,
        stores0_.style_name as style_n13_12_0_,
        stores0_.clothes_length as clothes_4_12_0_,
        stores0_.content as content5_12_0_,
        stores0_.price as price6_12_0_,
        stores0_.sales_info_clothes_id as sales_i14_12_0_,
        stores0_.sales_info_status_id as sales_i15_12_0_,
        stores0_.sales_info_user_id as sales_i16_12_0_,
        stores0_.status as status7_12_0_,
        stores0_.title as title8_12_0_,
        members1_.id as id1_6_1_,
        members1_.email as email2_6_1_,
        members1_.image as image3_6_1_,
        members1_.name as name4_6_1_,
        members1_.nickname as nickname5_6_1_,
        members1_.password as password6_6_1_,
        members1_.phone as phone7_6_1_,
        members1_.refresh_token as refresh_8_6_1_,
        members1_.role as role9_6_1_,
        clothesinf2_.id as id1_2_2_,
        clothesinf2_.categoryl as category2_2_2_,
        clothesinf2_.categorys as category3_2_2_,
        clothesinf2_.fit as fit4_2_2_,
        clothesinf2_.length as length5_2_2_,
        colors3_.id as id1_4_3_,
        colors3_.name as name2_4_3_,
        materials4_.id as id1_5_4_,
        materials4_.name as name2_5_4_,
        style5_.id as id1_14_5_,
        style5_.name as name2_14_5_,
        salesinfoc6_.id as id1_9_6_,
        salesinfoc6_.clothes_brand as clothes_2_9_6_,
        salesinfoc6_.clothes_color as clothes_3_9_6_,
        salesinfoc6_.clothes_gender as clothes_4_9_6_,
        salesinfoc6_.clothes_size as clothes_5_9_6_,
        salesinfos7_.id as id1_10_7_,
        salesinfos7_.status_score as status_s2_10_7_,
        salesinfos7_.status_tag as status_t3_10_7_,
        salesinfos7_.status_times as status_t4_10_7_,
        salesinfos7_.status_when2buy as status_w5_10_7_,
        salesinfos7_.transport as transpor6_10_7_,
        salesinfou8_.id as id1_11_8_,
        salesinfou8_.user_height as user_hei2_11_8_,
        salesinfou8_.user_size as user_siz3_11_8_,
        salesinfou8_.user_weight as user_wei4_11_8_ 
    from
        stores stores0_ 
    left outer join
        members members1_ 
            on stores0_.author_id=members1_.id 
    left outer join
        clothes_info clothesinf2_ 
            on stores0_.clothes_info_id=clothesinf2_.id 
    left outer join
        colors colors3_ 
            on stores0_.colors_name=colors3_.name 
    left outer join
        materials materials4_ 
            on stores0_.materials_name=materials4_.name 
    left outer join
        style style5_ 
            on stores0_.style_name=style5_.name 
    left outer join
        sales_info_clothes salesinfoc6_ 
            on stores0_.sales_info_clothes_id=salesinfoc6_.id 
    left outer join
        sales_info_status salesinfos7_ 
            on stores0_.sales_info_status_id=salesinfos7_.id 
    left outer join
        sales_info_user salesinfou8_ 
            on stores0_.sales_info_user_id=salesinfou8_.id 
    where
        stores0_.id=?
Hibernate: 
    select
        stores0_.id as id1_12_0_,
        stores0_.created_date as created_2_12_0_,
        stores0_.modified_date as modified3_12_0_,
        stores0_.author_id as author_i9_12_0_,
        stores0_.clothes_info_id as clothes10_12_0_,
        stores0_.colors_name as colors_11_12_0_,
        stores0_.materials_name as materia12_12_0_,
        stores0_.style_name as style_n13_12_0_,
        stores0_.clothes_length as clothes_4_12_0_,
        stores0_.content as content5_12_0_,
        stores0_.price as price6_12_0_,
        stores0_.sales_info_clothes_id as sales_i14_12_0_,
        stores0_.sales_info_status_id as sales_i15_12_0_,
        stores0_.sales_info_user_id as sales_i16_12_0_,
        stores0_.status as status7_12_0_,
        stores0_.title as title8_12_0_,
        members1_.id as id1_6_1_,
        members1_.email as email2_6_1_,
        members1_.image as image3_6_1_,
        members1_.name as name4_6_1_,
        members1_.nickname as nickname5_6_1_,
        members1_.password as password6_6_1_,
        members1_.phone as phone7_6_1_,
        members1_.refresh_token as refresh_8_6_1_,
        members1_.role as role9_6_1_,
        clothesinf2_.id as id1_2_2_,
        clothesinf2_.categoryl as category2_2_2_,
        clothesinf2_.categorys as category3_2_2_,
        clothesinf2_.fit as fit4_2_2_,
        clothesinf2_.length as length5_2_2_,
        colors3_.id as id1_4_3_,
        colors3_.name as name2_4_3_,
        materials4_.id as id1_5_4_,
        materials4_.name as name2_5_4_,
        style5_.id as id1_14_5_,
        style5_.name as name2_14_5_,
        salesinfoc6_.id as id1_9_6_,
        salesinfoc6_.clothes_brand as clothes_2_9_6_,
        salesinfoc6_.clothes_color as clothes_3_9_6_,
        salesinfoc6_.clothes_gender as clothes_4_9_6_,
        salesinfoc6_.clothes_size as clothes_5_9_6_,
        salesinfos7_.id as id1_10_7_,
        salesinfos7_.status_score as status_s2_10_7_,
        salesinfos7_.status_tag as status_t3_10_7_,
        salesinfos7_.status_times as status_t4_10_7_,
        salesinfos7_.status_when2buy as status_w5_10_7_,
        salesinfos7_.transport as transpor6_10_7_,
        salesinfou8_.id as id1_11_8_,
        salesinfou8_.user_height as user_hei2_11_8_,
        salesinfou8_.user_size as user_siz3_11_8_,
        salesinfou8_.user_weight as user_wei4_11_8_ 
    from
        stores stores0_ 
    left outer join
        members members1_ 
            on stores0_.author_id=members1_.id 
    left outer join
        clothes_info clothesinf2_ 
            on stores0_.clothes_info_id=clothesinf2_.id 
    left outer join
        colors colors3_ 
            on stores0_.colors_name=colors3_.name 
    left outer join
        materials materials4_ 
            on stores0_.materials_name=materials4_.name 
    left outer join
        style style5_ 
            on stores0_.style_name=style5_.name 
    left outer join
        sales_info_clothes salesinfoc6_ 
            on stores0_.sales_info_clothes_id=salesinfoc6_.id 
    left outer join
        sales_info_status salesinfos7_ 
            on stores0_.sales_info_status_id=salesinfos7_.id 
    left outer join
        sales_info_user salesinfou8_ 
            on stores0_.sales_info_user_id=salesinfou8_.id 
    where
        stores0_.id=?
Hibernate: 
    select
        stores0_.id as id1_12_0_,
        stores0_.created_date as created_2_12_0_,
        stores0_.modified_date as modified3_12_0_,
        stores0_.author_id as author_i9_12_0_,
        stores0_.clothes_info_id as clothes10_12_0_,
        stores0_.colors_name as colors_11_12_0_,
        stores0_.materials_name as materia12_12_0_,
        stores0_.style_name as style_n13_12_0_,
        stores0_.clothes_length as clothes_4_12_0_,
        stores0_.content as content5_12_0_,
        stores0_.price as price6_12_0_,
        stores0_.sales_info_clothes_id as sales_i14_12_0_,
        stores0_.sales_info_status_id as sales_i15_12_0_,
        stores0_.sales_info_user_id as sales_i16_12_0_,
        stores0_.status as status7_12_0_,
        stores0_.title as title8_12_0_,
        members1_.id as id1_6_1_,
        members1_.email as email2_6_1_,
        members1_.image as image3_6_1_,
        members1_.name as name4_6_1_,
        members1_.nickname as nickname5_6_1_,
        members1_.password as password6_6_1_,
        members1_.phone as phone7_6_1_,
        members1_.refresh_token as refresh_8_6_1_,
        members1_.role as role9_6_1_,
        clothesinf2_.id as id1_2_2_,
        clothesinf2_.categoryl as category2_2_2_,
        clothesinf2_.categorys as category3_2_2_,
        clothesinf2_.fit as fit4_2_2_,
        clothesinf2_.length as length5_2_2_,
        colors3_.id as id1_4_3_,
        colors3_.name as name2_4_3_,
        materials4_.id as id1_5_4_,
        materials4_.name as name2_5_4_,
        style5_.id as id1_14_5_,
        style5_.name as name2_14_5_,
        salesinfoc6_.id as id1_9_6_,
        salesinfoc6_.clothes_brand as clothes_2_9_6_,
        salesinfoc6_.clothes_color as clothes_3_9_6_,
        salesinfoc6_.clothes_gender as clothes_4_9_6_,
        salesinfoc6_.clothes_size as clothes_5_9_6_,
        salesinfos7_.id as id1_10_7_,
        salesinfos7_.status_score as status_s2_10_7_,
        salesinfos7_.status_tag as status_t3_10_7_,
        salesinfos7_.status_times as status_t4_10_7_,
        salesinfos7_.status_when2buy as status_w5_10_7_,
        salesinfos7_.transport as transpor6_10_7_,
        salesinfou8_.id as id1_11_8_,
        salesinfou8_.user_height as user_hei2_11_8_,
        salesinfou8_.user_size as user_siz3_11_8_,
        salesinfou8_.user_weight as user_wei4_11_8_ 
    from
        stores stores0_ 
    left outer join
        members members1_ 
            on stores0_.author_id=members1_.id 
    left outer join
        clothes_info clothesinf2_ 
            on stores0_.clothes_info_id=clothesinf2_.id 
    left outer join
        colors colors3_ 
            on stores0_.colors_name=colors3_.name 
    left outer join
        materials materials4_ 
            on stores0_.materials_name=materials4_.name 
    left outer join
        style style5_ 
            on stores0_.style_name=style5_.name 
    left outer join
        sales_info_clothes salesinfoc6_ 
            on stores0_.sales_info_clothes_id=salesinfoc6_.id 
    left outer join
        sales_info_status salesinfos7_ 
            on stores0_.sales_info_status_id=salesinfos7_.id 
    left outer join
        sales_info_user salesinfou8_ 
            on stores0_.sales_info_user_id=salesinfou8_.id 
    where
        stores0_.id=?
Hibernate: 
    select
        stores0_.id as id1_12_0_,
        stores0_.created_date as created_2_12_0_,
        stores0_.modified_date as modified3_12_0_,
        stores0_.author_id as author_i9_12_0_,
        stores0_.clothes_info_id as clothes10_12_0_,
        stores0_.colors_name as colors_11_12_0_,
        stores0_.materials_name as materia12_12_0_,
        stores0_.style_name as style_n13_12_0_,
        stores0_.clothes_length as clothes_4_12_0_,
        stores0_.content as content5_12_0_,
        stores0_.price as price6_12_0_,
        stores0_.sales_info_clothes_id as sales_i14_12_0_,
        stores0_.sales_info_status_id as sales_i15_12_0_,
        stores0_.sales_info_user_id as sales_i16_12_0_,
        stores0_.status as status7_12_0_,
        stores0_.title as title8_12_0_,
        members1_.id as id1_6_1_,
        members1_.email as email2_6_1_,
        members1_.image as image3_6_1_,
        members1_.name as name4_6_1_,
        members1_.nickname as nickname5_6_1_,
        members1_.password as password6_6_1_,
        members1_.phone as phone7_6_1_,
        members1_.refresh_token as refresh_8_6_1_,
        members1_.role as role9_6_1_,
        clothesinf2_.id as id1_2_2_,
        clothesinf2_.categoryl as category2_2_2_,
        clothesinf2_.categorys as category3_2_2_,
        clothesinf2_.fit as fit4_2_2_,
        clothesinf2_.length as length5_2_2_,
        colors3_.id as id1_4_3_,
        colors3_.name as name2_4_3_,
        materials4_.id as id1_5_4_,
        materials4_.name as name2_5_4_,
        style5_.id as id1_14_5_,
        style5_.name as name2_14_5_,
        salesinfoc6_.id as id1_9_6_,
        salesinfoc6_.clothes_brand as clothes_2_9_6_,
        salesinfoc6_.clothes_color as clothes_3_9_6_,
        salesinfoc6_.clothes_gender as clothes_4_9_6_,
        salesinfoc6_.clothes_size as clothes_5_9_6_,
        salesinfos7_.id as id1_10_7_,
        salesinfos7_.status_score as status_s2_10_7_,
        salesinfos7_.status_tag as status_t3_10_7_,
        salesinfos7_.status_times as status_t4_10_7_,
        salesinfos7_.status_when2buy as status_w5_10_7_,
        salesinfos7_.transport as transpor6_10_7_,
        salesinfou8_.id as id1_11_8_,
        salesinfou8_.user_height as user_hei2_11_8_,
        salesinfou8_.user_size as user_siz3_11_8_,
        salesinfou8_.user_weight as user_wei4_11_8_ 
    from
        stores stores0_ 
    left outer join
        members members1_ 
            on stores0_.author_id=members1_.id 
    left outer join
        clothes_info clothesinf2_ 
            on stores0_.clothes_info_id=clothesinf2_.id 
    left outer join
        colors colors3_ 
            on stores0_.colors_name=colors3_.name 
    left outer join
        materials materials4_ 
            on stores0_.materials_name=materials4_.name 
    left outer join
        style style5_ 
            on stores0_.style_name=style5_.name 
    left outer join
        sales_info_clothes salesinfoc6_ 
            on stores0_.sales_info_clothes_id=salesinfoc6_.id 
    left outer join
        sales_info_status salesinfos7_ 
            on stores0_.sales_info_status_id=salesinfos7_.id 
    left outer join
        sales_info_user salesinfou8_ 
            on stores0_.sales_info_user_id=salesinfou8_.id 
    where
        stores0_.id=?
Hibernate: 
    select
        stores0_.id as id1_12_0_,
        stores0_.created_date as created_2_12_0_,
        stores0_.modified_date as modified3_12_0_,
        stores0_.author_id as author_i9_12_0_,
        stores0_.clothes_info_id as clothes10_12_0_,
        stores0_.colors_name as colors_11_12_0_,
        stores0_.materials_name as materia12_12_0_,
        stores0_.style_name as style_n13_12_0_,
        stores0_.clothes_length as clothes_4_12_0_,
        stores0_.content as content5_12_0_,
        stores0_.price as price6_12_0_,
        stores0_.sales_info_clothes_id as sales_i14_12_0_,
        stores0_.sales_info_status_id as sales_i15_12_0_,
        stores0_.sales_info_user_id as sales_i16_12_0_,
        stores0_.status as status7_12_0_,
        stores0_.title as title8_12_0_,
        members1_.id as id1_6_1_,
        members1_.email as email2_6_1_,
        members1_.image as image3_6_1_,
        members1_.name as name4_6_1_,
        members1_.nickname as nickname5_6_1_,
        members1_.password as password6_6_1_,
        members1_.phone as phone7_6_1_,
        members1_.refresh_token as refresh_8_6_1_,
        members1_.role as role9_6_1_,
        clothesinf2_.id as id1_2_2_,
        clothesinf2_.categoryl as category2_2_2_,
        clothesinf2_.categorys as category3_2_2_,
        clothesinf2_.fit as fit4_2_2_,
        clothesinf2_.length as length5_2_2_,
        colors3_.id as id1_4_3_,
        colors3_.name as name2_4_3_,
        materials4_.id as id1_5_4_,
        materials4_.name as name2_5_4_,
        style5_.id as id1_14_5_,
        style5_.name as name2_14_5_,
        salesinfoc6_.id as id1_9_6_,
        salesinfoc6_.clothes_brand as clothes_2_9_6_,
        salesinfoc6_.clothes_color as clothes_3_9_6_,
        salesinfoc6_.clothes_gender as clothes_4_9_6_,
        salesinfoc6_.clothes_size as clothes_5_9_6_,
        salesinfos7_.id as id1_10_7_,
        salesinfos7_.status_score as status_s2_10_7_,
        salesinfos7_.status_tag as status_t3_10_7_,
        salesinfos7_.status_times as status_t4_10_7_,
        salesinfos7_.status_when2buy as status_w5_10_7_,
        salesinfos7_.transport as transpor6_10_7_,
        salesinfou8_.id as id1_11_8_,
        salesinfou8_.user_height as user_hei2_11_8_,
        salesinfou8_.user_size as user_siz3_11_8_,
        salesinfou8_.user_weight as user_wei4_11_8_ 
    from
        stores stores0_ 
    left outer join
        members members1_ 
            on stores0_.author_id=members1_.id 
    left outer join
        clothes_info clothesinf2_ 
            on stores0_.clothes_info_id=clothesinf2_.id 
    left outer join
        colors colors3_ 
            on stores0_.colors_name=colors3_.name 
    left outer join
        materials materials4_ 
            on stores0_.materials_name=materials4_.name 
    left outer join
        style style5_ 
            on stores0_.style_name=style5_.name 
    left outer join
        sales_info_clothes salesinfoc6_ 
            on stores0_.sales_info_clothes_id=salesinfoc6_.id 
    left outer join
        sales_info_status salesinfos7_ 
            on stores0_.sales_info_status_id=salesinfos7_.id 
    left outer join
        sales_info_user salesinfou8_ 
            on stores0_.sales_info_user_id=salesinfou8_.id 
    where
        stores0_.id=?
Hibernate: 
    select
        stores0_.id as id1_12_0_,
        stores0_.created_date as created_2_12_0_,
        stores0_.modified_date as modified3_12_0_,
        stores0_.author_id as author_i9_12_0_,
        stores0_.clothes_info_id as clothes10_12_0_,
        stores0_.colors_name as colors_11_12_0_,
        stores0_.materials_name as materia12_12_0_,
        stores0_.style_name as style_n13_12_0_,
        stores0_.clothes_length as clothes_4_12_0_,
        stores0_.content as content5_12_0_,
        stores0_.price as price6_12_0_,
        stores0_.sales_info_clothes_id as sales_i14_12_0_,
        stores0_.sales_info_status_id as sales_i15_12_0_,
        stores0_.sales_info_user_id as sales_i16_12_0_,
        stores0_.status as status7_12_0_,
        stores0_.title as title8_12_0_,
        members1_.id as id1_6_1_,
        members1_.email as email2_6_1_,
        members1_.image as image3_6_1_,
        members1_.name as name4_6_1_,
        members1_.nickname as nickname5_6_1_,
        members1_.password as password6_6_1_,
        members1_.phone as phone7_6_1_,
        members1_.refresh_token as refresh_8_6_1_,
        members1_.role as role9_6_1_,
        clothesinf2_.id as id1_2_2_,
        clothesinf2_.categoryl as category2_2_2_,
        clothesinf2_.categorys as category3_2_2_,
        clothesinf2_.fit as fit4_2_2_,
        clothesinf2_.length as length5_2_2_,
        colors3_.id as id1_4_3_,
        colors3_.name as name2_4_3_,
        materials4_.id as id1_5_4_,
        materials4_.name as name2_5_4_,
        style5_.id as id1_14_5_,
        style5_.name as name2_14_5_,
        salesinfoc6_.id as id1_9_6_,
        salesinfoc6_.clothes_brand as clothes_2_9_6_,
        salesinfoc6_.clothes_color as clothes_3_9_6_,
        salesinfoc6_.clothes_gender as clothes_4_9_6_,
        salesinfoc6_.clothes_size as clothes_5_9_6_,
        salesinfos7_.id as id1_10_7_,
        salesinfos7_.status_score as status_s2_10_7_,
        salesinfos7_.status_tag as status_t3_10_7_,
        salesinfos7_.status_times as status_t4_10_7_,
        salesinfos7_.status_when2buy as status_w5_10_7_,
        salesinfos7_.transport as transpor6_10_7_,
        salesinfou8_.id as id1_11_8_,
        salesinfou8_.user_height as user_hei2_11_8_,
        salesinfou8_.user_size as user_siz3_11_8_,
        salesinfou8_.user_weight as user_wei4_11_8_ 
    from
        stores stores0_ 
    left outer join
        members members1_ 
            on stores0_.author_id=members1_.id 
    left outer join
        clothes_info clothesinf2_ 
            on stores0_.clothes_info_id=clothesinf2_.id 
    left outer join
        colors colors3_ 
            on stores0_.colors_name=colors3_.name 
    left outer join
        materials materials4_ 
            on stores0_.materials_name=materials4_.name 
    left outer join
        style style5_ 
            on stores0_.style_name=style5_.name 
    left outer join
        sales_info_clothes salesinfoc6_ 
            on stores0_.sales_info_clothes_id=salesinfoc6_.id 
    left outer join
        sales_info_status salesinfos7_ 
            on stores0_.sales_info_status_id=salesinfos7_.id 
    left outer join
        sales_info_user salesinfou8_ 
            on stores0_.sales_info_user_id=salesinfou8_.id 
    where
        stores0_.id=?
Hibernate: 
    select
        stores0_.id as id1_12_0_,
        stores0_.created_date as created_2_12_0_,
        stores0_.modified_date as modified3_12_0_,
        stores0_.author_id as author_i9_12_0_,
        stores0_.clothes_info_id as clothes10_12_0_,
        stores0_.colors_name as colors_11_12_0_,
        stores0_.materials_name as materia12_12_0_,
        stores0_.style_name as style_n13_12_0_,
        stores0_.clothes_length as clothes_4_12_0_,
        stores0_.content as content5_12_0_,
        stores0_.price as price6_12_0_,
        stores0_.sales_info_clothes_id as sales_i14_12_0_,
        stores0_.sales_info_status_id as sales_i15_12_0_,
        stores0_.sales_info_user_id as sales_i16_12_0_,
        stores0_.status as status7_12_0_,
        stores0_.title as title8_12_0_,
        members1_.id as id1_6_1_,
        members1_.email as email2_6_1_,
        members1_.image as image3_6_1_,
        members1_.name as name4_6_1_,
        members1_.nickname as nickname5_6_1_,
        members1_.password as password6_6_1_,
        members1_.phone as phone7_6_1_,
        members1_.refresh_token as refresh_8_6_1_,
        members1_.role as role9_6_1_,
        clothesinf2_.id as id1_2_2_,
        clothesinf2_.categoryl as category2_2_2_,
        clothesinf2_.categorys as category3_2_2_,
        clothesinf2_.fit as fit4_2_2_,
        clothesinf2_.length as length5_2_2_,
        colors3_.id as id1_4_3_,
        colors3_.name as name2_4_3_,
        materials4_.id as id1_5_4_,
        materials4_.name as name2_5_4_,
        style5_.id as id1_14_5_,
        style5_.name as name2_14_5_,
        salesinfoc6_.id as id1_9_6_,
        salesinfoc6_.clothes_brand as clothes_2_9_6_,
        salesinfoc6_.clothes_color as clothes_3_9_6_,
        salesinfoc6_.clothes_gender as clothes_4_9_6_,
        salesinfoc6_.clothes_size as clothes_5_9_6_,
        salesinfos7_.id as id1_10_7_,
        salesinfos7_.status_score as status_s2_10_7_,
        salesinfos7_.status_tag as status_t3_10_7_,
        salesinfos7_.status_times as status_t4_10_7_,
        salesinfos7_.status_when2buy as status_w5_10_7_,
        salesinfos7_.transport as transpor6_10_7_,
        salesinfou8_.id as id1_11_8_,
        salesinfou8_.user_height as user_hei2_11_8_,
        salesinfou8_.user_size as user_siz3_11_8_,
        salesinfou8_.user_weight as user_wei4_11_8_ 
    from
        stores stores0_ 
    left outer join
        members members1_ 
            on stores0_.author_id=members1_.id 
    left outer join
        clothes_info clothesinf2_ 
            on stores0_.clothes_info_id=clothesinf2_.id 
    left outer join
        colors colors3_ 
            on stores0_.colors_name=colors3_.name 
    left outer join
        materials materials4_ 
            on stores0_.materials_name=materials4_.name 
    left outer join
        style style5_ 
            on stores0_.style_name=style5_.name 
    left outer join
        sales_info_clothes salesinfoc6_ 
            on stores0_.sales_info_clothes_id=salesinfoc6_.id 
    left outer join
        sales_info_status salesinfos7_ 
            on stores0_.sales_info_status_id=salesinfos7_.id 
    left outer join
        sales_info_user salesinfou8_ 
            on stores0_.sales_info_user_id=salesinfou8_.id 
    where
        stores0_.id=?
Hibernate: 
    select
        stores0_.id as id1_12_0_,
        stores0_.created_date as created_2_12_0_,
        stores0_.modified_date as modified3_12_0_,
        stores0_.author_id as author_i9_12_0_,
        stores0_.clothes_info_id as clothes10_12_0_,
        stores0_.colors_name as colors_11_12_0_,
        stores0_.materials_name as materia12_12_0_,
        stores0_.style_name as style_n13_12_0_,
        stores0_.clothes_length as clothes_4_12_0_,
        stores0_.content as content5_12_0_,
        stores0_.price as price6_12_0_,
        stores0_.sales_info_clothes_id as sales_i14_12_0_,
        stores0_.sales_info_status_id as sales_i15_12_0_,
        stores0_.sales_info_user_id as sales_i16_12_0_,
        stores0_.status as status7_12_0_,
        stores0_.title as title8_12_0_,
        members1_.id as id1_6_1_,
        members1_.email as email2_6_1_,
        members1_.image as image3_6_1_,
        members1_.name as name4_6_1_,
        members1_.nickname as nickname5_6_1_,
        members1_.password as password6_6_1_,
        members1_.phone as phone7_6_1_,
        members1_.refresh_token as refresh_8_6_1_,
        members1_.role as role9_6_1_,
        clothesinf2_.id as id1_2_2_,
        clothesinf2_.categoryl as category2_2_2_,
        clothesinf2_.categorys as category3_2_2_,
        clothesinf2_.fit as fit4_2_2_,
        clothesinf2_.length as length5_2_2_,
        colors3_.id as id1_4_3_,
        colors3_.name as name2_4_3_,
        materials4_.id as id1_5_4_,
        materials4_.name as name2_5_4_,
        style5_.id as id1_14_5_,
        style5_.name as name2_14_5_,
        salesinfoc6_.id as id1_9_6_,
        salesinfoc6_.clothes_brand as clothes_2_9_6_,
        salesinfoc6_.clothes_color as clothes_3_9_6_,
        salesinfoc6_.clothes_gender as clothes_4_9_6_,
        salesinfoc6_.clothes_size as clothes_5_9_6_,
        salesinfos7_.id as id1_10_7_,
        salesinfos7_.status_score as status_s2_10_7_,
        salesinfos7_.status_tag as status_t3_10_7_,
        salesinfos7_.status_times as status_t4_10_7_,
        salesinfos7_.status_when2buy as status_w5_10_7_,
        salesinfos7_.transport as transpor6_10_7_,
        salesinfou8_.id as id1_11_8_,
        salesinfou8_.user_height as user_hei2_11_8_,
        salesinfou8_.user_size as user_siz3_11_8_,
        salesinfou8_.user_weight as user_wei4_11_8_ 
    from
        stores stores0_ 
    left outer join
        members members1_ 
            on stores0_.author_id=members1_.id 
    left outer join
        clothes_info clothesinf2_ 
            on stores0_.clothes_info_id=clothesinf2_.id 
    left outer join
        colors colors3_ 
            on stores0_.colors_name=colors3_.name 
    left outer join
        materials materials4_ 
            on stores0_.materials_name=materials4_.name 
    left outer join
        style style5_ 
            on stores0_.style_name=style5_.name 
    left outer join
        sales_info_clothes salesinfoc6_ 
            on stores0_.sales_info_clothes_id=salesinfoc6_.id 
    left outer join
        sales_info_status salesinfos7_ 
            on stores0_.sales_info_status_id=salesinfos7_.id 
    left outer join
        sales_info_user salesinfou8_ 
            on stores0_.sales_info_user_id=salesinfou8_.id 
    where
        stores0_.id=?
Hibernate: 
    select
        stores0_.id as id1_12_0_,
        stores0_.created_date as created_2_12_0_,
        stores0_.modified_date as modified3_12_0_,
        stores0_.author_id as author_i9_12_0_,
        stores0_.clothes_info_id as clothes10_12_0_,
        stores0_.colors_name as colors_11_12_0_,
        stores0_.materials_name as materia12_12_0_,
        stores0_.style_name as style_n13_12_0_,
        stores0_.clothes_length as clothes_4_12_0_,
        stores0_.content as content5_12_0_,
        stores0_.price as price6_12_0_,
        stores0_.sales_info_clothes_id as sales_i14_12_0_,
        stores0_.sales_info_status_id as sales_i15_12_0_,
        stores0_.sales_info_user_id as sales_i16_12_0_,
        stores0_.status as status7_12_0_,
        stores0_.title as title8_12_0_,
        members1_.id as id1_6_1_,
        members1_.email as email2_6_1_,
        members1_.image as image3_6_1_,
        members1_.name as name4_6_1_,
        members1_.nickname as nickname5_6_1_,
        members1_.password as password6_6_1_,
        members1_.phone as phone7_6_1_,
        members1_.refresh_token as refresh_8_6_1_,
        members1_.role as role9_6_1_,
        clothesinf2_.id as id1_2_2_,
        clothesinf2_.categoryl as category2_2_2_,
        clothesinf2_.categorys as category3_2_2_,
        clothesinf2_.fit as fit4_2_2_,
        clothesinf2_.length as length5_2_2_,
        colors3_.id as id1_4_3_,
        colors3_.name as name2_4_3_,
        materials4_.id as id1_5_4_,
        materials4_.name as name2_5_4_,
        style5_.id as id1_14_5_,
        style5_.name as name2_14_5_,
        salesinfoc6_.id as id1_9_6_,
        salesinfoc6_.clothes_brand as clothes_2_9_6_,
        salesinfoc6_.clothes_color as clothes_3_9_6_,
        salesinfoc6_.clothes_gender as clothes_4_9_6_,
        salesinfoc6_.clothes_size as clothes_5_9_6_,
        salesinfos7_.id as id1_10_7_,
        salesinfos7_.status_score as status_s2_10_7_,
        salesinfos7_.status_tag as status_t3_10_7_,
        salesinfos7_.status_times as status_t4_10_7_,
        salesinfos7_.status_when2buy as status_w5_10_7_,
        salesinfos7_.transport as transpor6_10_7_,
        salesinfou8_.id as id1_11_8_,
        salesinfou8_.user_height as user_hei2_11_8_,
        salesinfou8_.user_size as user_siz3_11_8_,
        salesinfou8_.user_weight as user_wei4_11_8_ 
    from
        stores stores0_ 
    left outer join
        members members1_ 
            on stores0_.author_id=members1_.id 
    left outer join
        clothes_info clothesinf2_ 
            on stores0_.clothes_info_id=clothesinf2_.id 
    left outer join
        colors colors3_ 
            on stores0_.colors_name=colors3_.name 
    left outer join
        materials materials4_ 
            on stores0_.materials_name=materials4_.name 
    left outer join
        style style5_ 
            on stores0_.style_name=style5_.name 
    left outer join
        sales_info_clothes salesinfoc6_ 
            on stores0_.sales_info_clothes_id=salesinfoc6_.id 
    left outer join
        sales_info_status salesinfos7_ 
            on stores0_.sales_info_status_id=salesinfos7_.id 
    left outer join
        sales_info_user salesinfou8_ 
            on stores0_.sales_info_user_id=salesinfou8_.id 
    where
        stores0_.id=?
Hibernate: 
    select
        stores0_.id as id1_12_0_,
        stores0_.created_date as created_2_12_0_,
        stores0_.modified_date as modified3_12_0_,
        stores0_.author_id as author_i9_12_0_,
        stores0_.clothes_info_id as clothes10_12_0_,
        stores0_.colors_name as colors_11_12_0_,
        stores0_.materials_name as materia12_12_0_,
        stores0_.style_name as style_n13_12_0_,
        stores0_.clothes_length as clothes_4_12_0_,
        stores0_.content as content5_12_0_,
        stores0_.price as price6_12_0_,
        stores0_.sales_info_clothes_id as sales_i14_12_0_,
        stores0_.sales_info_status_id as sales_i15_12_0_,
        stores0_.sales_info_user_id as sales_i16_12_0_,
        stores0_.status as status7_12_0_,
        stores0_.title as title8_12_0_,
        members1_.id as id1_6_1_,
        members1_.email as email2_6_1_,
        members1_.image as image3_6_1_,
        members1_.name as name4_6_1_,
        members1_.nickname as nickname5_6_1_,
        members1_.password as password6_6_1_,
        members1_.phone as phone7_6_1_,
        members1_.refresh_token as refresh_8_6_1_,
        members1_.role as role9_6_1_,
        clothesinf2_.id as id1_2_2_,
        clothesinf2_.categoryl as category2_2_2_,
        clothesinf2_.categorys as category3_2_2_,
        clothesinf2_.fit as fit4_2_2_,
        clothesinf2_.length as length5_2_2_,
        colors3_.id as id1_4_3_,
        colors3_.name as name2_4_3_,
        materials4_.id as id1_5_4_,
        materials4_.name as name2_5_4_,
        style5_.id as id1_14_5_,
        style5_.name as name2_14_5_,
        salesinfoc6_.id as id1_9_6_,
        salesinfoc6_.clothes_brand as clothes_2_9_6_,
        salesinfoc6_.clothes_color as clothes_3_9_6_,
        salesinfoc6_.clothes_gender as clothes_4_9_6_,
        salesinfoc6_.clothes_size as clothes_5_9_6_,
        salesinfos7_.id as id1_10_7_,
        salesinfos7_.status_score as status_s2_10_7_,
        salesinfos7_.status_tag as status_t3_10_7_,
        salesinfos7_.status_times as status_t4_10_7_,
        salesinfos7_.status_when2buy as status_w5_10_7_,
        salesinfos7_.transport as transpor6_10_7_,
        salesinfou8_.id as id1_11_8_,
        salesinfou8_.user_height as user_hei2_11_8_,
        salesinfou8_.user_size as user_siz3_11_8_,
        salesinfou8_.user_weight as user_wei4_11_8_ 
    from
        stores stores0_ 
    left outer join
        members members1_ 
            on stores0_.author_id=members1_.id 
    left outer join
        clothes_info clothesinf2_ 
            on stores0_.clothes_info_id=clothesinf2_.id 
    left outer join
        colors colors3_ 
            on stores0_.colors_name=colors3_.name 
    left outer join
        materials materials4_ 
            on stores0_.materials_name=materials4_.name 
    left outer join
        style style5_ 
            on stores0_.style_name=style5_.name 
    left outer join
        sales_info_clothes salesinfoc6_ 
            on stores0_.sales_info_clothes_id=salesinfoc6_.id 
    left outer join
        sales_info_status salesinfos7_ 
            on stores0_.sales_info_status_id=salesinfos7_.id 
    left outer join
        sales_info_user salesinfou8_ 
            on stores0_.sales_info_user_id=salesinfou8_.id 
    where
        stores0_.id=?
Hibernate: 
    select
        stores0_.id as id1_12_0_,
        stores0_.created_date as created_2_12_0_,
        stores0_.modified_date as modified3_12_0_,
        stores0_.author_id as author_i9_12_0_,
        stores0_.clothes_info_id as clothes10_12_0_,
        stores0_.colors_name as colors_11_12_0_,
        stores0_.materials_name as materia12_12_0_,
        stores0_.style_name as style_n13_12_0_,
        stores0_.clothes_length as clothes_4_12_0_,
        stores0_.content as content5_12_0_,
        stores0_.price as price6_12_0_,
        stores0_.sales_info_clothes_id as sales_i14_12_0_,
        stores0_.sales_info_status_id as sales_i15_12_0_,
        stores0_.sales_info_user_id as sales_i16_12_0_,
        stores0_.status as status7_12_0_,
        stores0_.title as title8_12_0_,
        members1_.id as id1_6_1_,
        members1_.email as email2_6_1_,
        members1_.image as image3_6_1_,
        members1_.name as name4_6_1_,
        members1_.nickname as nickname5_6_1_,
        members1_.password as password6_6_1_,
        members1_.phone as phone7_6_1_,
        members1_.refresh_token as refresh_8_6_1_,
        members1_.role as role9_6_1_,
        clothesinf2_.id as id1_2_2_,
        clothesinf2_.categoryl as category2_2_2_,
        clothesinf2_.categorys as category3_2_2_,
        clothesinf2_.fit as fit4_2_2_,
        clothesinf2_.length as length5_2_2_,
        colors3_.id as id1_4_3_,
        colors3_.name as name2_4_3_,
        materials4_.id as id1_5_4_,
        materials4_.name as name2_5_4_,
        style5_.id as id1_14_5_,
        style5_.name as name2_14_5_,
        salesinfoc6_.id as id1_9_6_,
        salesinfoc6_.clothes_brand as clothes_2_9_6_,
        salesinfoc6_.clothes_color as clothes_3_9_6_,
        salesinfoc6_.clothes_gender as clothes_4_9_6_,
        salesinfoc6_.clothes_size as clothes_5_9_6_,
        salesinfos7_.id as id1_10_7_,
        salesinfos7_.status_score as status_s2_10_7_,
        salesinfos7_.status_tag as status_t3_10_7_,
        salesinfos7_.status_times as status_t4_10_7_,
        salesinfos7_.status_when2buy as status_w5_10_7_,
        salesinfos7_.transport as transpor6_10_7_,
        salesinfou8_.id as id1_11_8_,
        salesinfou8_.user_height as user_hei2_11_8_,
        salesinfou8_.user_size as user_siz3_11_8_,
        salesinfou8_.user_weight as user_wei4_11_8_ 
    from
        stores stores0_ 
    left outer join
        members members1_ 
            on stores0_.author_id=members1_.id 
    left outer join
        clothes_info clothesinf2_ 
            on stores0_.clothes_info_id=clothesinf2_.id 
    left outer join
        colors colors3_ 
            on stores0_.colors_name=colors3_.name 
    left outer join
        materials materials4_ 
            on stores0_.materials_name=materials4_.name 
    left outer join
        style style5_ 
            on stores0_.style_name=style5_.name 
    left outer join
        sales_info_clothes salesinfoc6_ 
            on stores0_.sales_info_clothes_id=salesinfoc6_.id 
    left outer join
        sales_info_status salesinfos7_ 
            on stores0_.sales_info_status_id=salesinfos7_.id 
    left outer join
        sales_info_user salesinfou8_ 
            on stores0_.sales_info_user_id=salesinfou8_.id 
    where
        stores0_.id=?
Hibernate: 
    select
        stores0_.id as id1_12_0_,
        stores0_.created_date as created_2_12_0_,
        stores0_.modified_date as modified3_12_0_,
        stores0_.author_id as author_i9_12_0_,
        stores0_.clothes_info_id as clothes10_12_0_,
        stores0_.colors_name as colors_11_12_0_,
        stores0_.materials_name as materia12_12_0_,
        stores0_.style_name as style_n13_12_0_,
        stores0_.clothes_length as clothes_4_12_0_,
        stores0_.content as content5_12_0_,
        stores0_.price as price6_12_0_,
        stores0_.sales_info_clothes_id as sales_i14_12_0_,
        stores0_.sales_info_status_id as sales_i15_12_0_,
        stores0_.sales_info_user_id as sales_i16_12_0_,
        stores0_.status as status7_12_0_,
        stores0_.title as title8_12_0_,
        members1_.id as id1_6_1_,
        members1_.email as email2_6_1_,
        members1_.image as image3_6_1_,
        members1_.name as name4_6_1_,
        members1_.nickname as nickname5_6_1_,
        members1_.password as password6_6_1_,
        members1_.phone as phone7_6_1_,
        members1_.refresh_token as refresh_8_6_1_,
        members1_.role as role9_6_1_,
        clothesinf2_.id as id1_2_2_,
        clothesinf2_.categoryl as category2_2_2_,
        clothesinf2_.categorys as category3_2_2_,
        clothesinf2_.fit as fit4_2_2_,
        clothesinf2_.length as length5_2_2_,
        colors3_.id as id1_4_3_,
        colors3_.name as name2_4_3_,
        materials4_.id as id1_5_4_,
        materials4_.name as name2_5_4_,
        style5_.id as id1_14_5_,
        style5_.name as name2_14_5_,
        salesinfoc6_.id as id1_9_6_,
        salesinfoc6_.clothes_brand as clothes_2_9_6_,
        salesinfoc6_.clothes_color as clothes_3_9_6_,
        salesinfoc6_.clothes_gender as clothes_4_9_6_,
        salesinfoc6_.clothes_size as clothes_5_9_6_,
        salesinfos7_.id as id1_10_7_,
        salesinfos7_.status_score as status_s2_10_7_,
        salesinfos7_.status_tag as status_t3_10_7_,
        salesinfos7_.status_times as status_t4_10_7_,
        salesinfos7_.status_when2buy as status_w5_10_7_,
        salesinfos7_.transport as transpor6_10_7_,
        salesinfou8_.id as id1_11_8_,
        salesinfou8_.user_height as user_hei2_11_8_,
        salesinfou8_.user_size as user_siz3_11_8_,
        salesinfou8_.user_weight as user_wei4_11_8_ 
    from
        stores stores0_ 
    left outer join
        members members1_ 
            on stores0_.author_id=members1_.id 
    left outer join
        clothes_info clothesinf2_ 
            on stores0_.clothes_info_id=clothesinf2_.id 
    left outer join
        colors colors3_ 
            on stores0_.colors_name=colors3_.name 
    left outer join
        materials materials4_ 
            on stores0_.materials_name=materials4_.name 
    left outer join
        style style5_ 
            on stores0_.style_name=style5_.name 
    left outer join
        sales_info_clothes salesinfoc6_ 
            on stores0_.sales_info_clothes_id=salesinfoc6_.id 
    left outer join
        sales_info_status salesinfos7_ 
            on stores0_.sales_info_status_id=salesinfos7_.id 
    left outer join
        sales_info_user salesinfou8_ 
            on stores0_.sales_info_user_id=salesinfou8_.id 
    where
        stores0_.id=?
Hibernate: 
    select
        stores0_.id as id1_12_0_,
        stores0_.created_date as created_2_12_0_,
        stores0_.modified_date as modified3_12_0_,
        stores0_.author_id as author_i9_12_0_,
        stores0_.clothes_info_id as clothes10_12_0_,
        stores0_.colors_name as colors_11_12_0_,
        stores0_.materials_name as materia12_12_0_,
        stores0_.style_name as style_n13_12_0_,
        stores0_.clothes_length as clothes_4_12_0_,
        stores0_.content as content5_12_0_,
        stores0_.price as price6_12_0_,
        stores0_.sales_info_clothes_id as sales_i14_12_0_,
        stores0_.sales_info_status_id as sales_i15_12_0_,
        stores0_.sales_info_user_id as sales_i16_12_0_,
        stores0_.status as status7_12_0_,
        stores0_.title as title8_12_0_,
        members1_.id as id1_6_1_,
        members1_.email as email2_6_1_,
        members1_.image as image3_6_1_,
        members1_.name as name4_6_1_,
        members1_.nickname as nickname5_6_1_,
        members1_.password as password6_6_1_,
        members1_.phone as phone7_6_1_,
        members1_.refresh_token as refresh_8_6_1_,
        members1_.role as role9_6_1_,
        clothesinf2_.id as id1_2_2_,
        clothesinf2_.categoryl as category2_2_2_,
        clothesinf2_.categorys as category3_2_2_,
        clothesinf2_.fit as fit4_2_2_,
        clothesinf2_.length as length5_2_2_,
        colors3_.id as id1_4_3_,
        colors3_.name as name2_4_3_,
        materials4_.id as id1_5_4_,
        materials4_.name as name2_5_4_,
        style5_.id as id1_14_5_,
        style5_.name as name2_14_5_,
        salesinfoc6_.id as id1_9_6_,
        salesinfoc6_.clothes_brand as clothes_2_9_6_,
        salesinfoc6_.clothes_color as clothes_3_9_6_,
        salesinfoc6_.clothes_gender as clothes_4_9_6_,
        salesinfoc6_.clothes_size as clothes_5_9_6_,
        salesinfos7_.id as id1_10_7_,
        salesinfos7_.status_score as status_s2_10_7_,
        salesinfos7_.status_tag as status_t3_10_7_,
        salesinfos7_.status_times as status_t4_10_7_,
        salesinfos7_.status_when2buy as status_w5_10_7_,
        salesinfos7_.transport as transpor6_10_7_,
        salesinfou8_.id as id1_11_8_,
        salesinfou8_.user_height as user_hei2_11_8_,
        salesinfou8_.user_size as user_siz3_11_8_,
        salesinfou8_.user_weight as user_wei4_11_8_ 
    from
        stores stores0_ 
    left outer join
        members members1_ 
            on stores0_.author_id=members1_.id 
    left outer join
        clothes_info clothesinf2_ 
            on stores0_.clothes_info_id=clothesinf2_.id 
    left outer join
        colors colors3_ 
            on stores0_.colors_name=colors3_.name 
    left outer join
        materials materials4_ 
            on stores0_.materials_name=materials4_.name 
    left outer join
        style style5_ 
            on stores0_.style_name=style5_.name 
    left outer join
        sales_info_clothes salesinfoc6_ 
            on stores0_.sales_info_clothes_id=salesinfoc6_.id 
    left outer join
        sales_info_status salesinfos7_ 
            on stores0_.sales_info_status_id=salesinfos7_.id 
    left outer join
        sales_info_user salesinfou8_ 
            on stores0_.sales_info_user_id=salesinfou8_.id 
    where
        stores0_.id=?
2022-11-10 12:34:08.477  INFO 9968 --- [    Test worker] o.a.c.c.C.[Tomcat].[localhost].[/]       : Initializing Spring TestDispatcherServlet ''
2022-11-10 12:34:08.477  INFO 9968 --- [    Test worker] o.s.t.web.servlet.TestDispatcherServlet  : Initializing Servlet ''
2022-11-10 12:34:08.479  INFO 9968 --- [    Test worker] o.s.t.web.servlet.TestDispatcherServlet  : Completed initialization in 2 ms
gunsong2@naver.com
Hibernate: 
    select
        members0_.id as id1_6_,
        members0_.email as email2_6_,
        members0_.image as image3_6_,
        members0_.name as name4_6_,
        members0_.nickname as nickname5_6_,
        members0_.password as password6_6_,
        members0_.phone as phone7_6_,
        members0_.refresh_token as refresh_8_6_,
        members0_.role as role9_6_ 
    from
        members members0_ 
    where
        members0_.email=?
Hibernate: 
    select
        images1_.id as col_0_0_,
        stores0_.title as col_1_0_,
        stores0_.id as col_2_0_,
        stores0_.modified_date as col_3_0_,
        stores0_.price as col_4_0_,
        stores0_.content as col_5_0_,
        salesinfos2_.transport as col_6_0_,
        images1_.id as id1_3_,
        images1_.closets_post_id as closets_4_3_,
        images1_.path as path2_3_,
        images1_.stores_post_id as stores_p5_3_,
        images1_.type as type3_3_ 
    from
        stores stores0_ 
    inner join
        clothes_image images1_ 
            on stores0_.id=images1_.stores_post_id cross 
    join
        sales_info_status salesinfos2_ cross 
    join
        clothes_info clothesinf5_ 
    where
        stores0_.sales_info_status_id=salesinfos2_.id 
        and stores0_.clothes_info_id=clothesinf5_.id 
        and (
            images1_.id in (
                select
                    clothesima3_.id 
                from
                    clothes_image clothesima3_ cross 
                join
                    stores stores4_ 
                where
                    clothesima3_.stores_post_id=stores4_.id 
                    and (
                        clothesima3_.closets_post_id is null
                    ) 
                group by
                    clothesima3_.stores_post_id 
                order by
                    stores4_.created_date asc
            )
        ) 
        and stores0_.author_id=? 
        and clothesinf5_.categoryl=? 
        and clothesinf5_.categorys=? 
    order by
        stores0_.created_date desc limit ?
Hibernate: 
    select
        stores0_.id as id1_12_0_,
        stores0_.created_date as created_2_12_0_,
        stores0_.modified_date as modified3_12_0_,
        stores0_.author_id as author_i9_12_0_,
        stores0_.clothes_info_id as clothes10_12_0_,
        stores0_.colors_name as colors_11_12_0_,
        stores0_.materials_name as materia12_12_0_,
        stores0_.style_name as style_n13_12_0_,
        stores0_.clothes_length as clothes_4_12_0_,
        stores0_.content as content5_12_0_,
        stores0_.price as price6_12_0_,
        stores0_.sales_info_clothes_id as sales_i14_12_0_,
        stores0_.sales_info_status_id as sales_i15_12_0_,
        stores0_.sales_info_user_id as sales_i16_12_0_,
        stores0_.status as status7_12_0_,
        stores0_.title as title8_12_0_,
        members1_.id as id1_6_1_,
        members1_.email as email2_6_1_,
        members1_.image as image3_6_1_,
        members1_.name as name4_6_1_,
        members1_.nickname as nickname5_6_1_,
        members1_.password as password6_6_1_,
        members1_.phone as phone7_6_1_,
        members1_.refresh_token as refresh_8_6_1_,
        members1_.role as role9_6_1_,
        clothesinf2_.id as id1_2_2_,
        clothesinf2_.categoryl as category2_2_2_,
        clothesinf2_.categorys as category3_2_2_,
        clothesinf2_.fit as fit4_2_2_,
        clothesinf2_.length as length5_2_2_,
        colors3_.id as id1_4_3_,
        colors3_.name as name2_4_3_,
        materials4_.id as id1_5_4_,
        materials4_.name as name2_5_4_,
        style5_.id as id1_14_5_,
        style5_.name as name2_14_5_,
        salesinfoc6_.id as id1_9_6_,
        salesinfoc6_.clothes_brand as clothes_2_9_6_,
        salesinfoc6_.clothes_color as clothes_3_9_6_,
        salesinfoc6_.clothes_gender as clothes_4_9_6_,
        salesinfoc6_.clothes_size as clothes_5_9_6_,
        salesinfos7_.id as id1_10_7_,
        salesinfos7_.status_score as status_s2_10_7_,
        salesinfos7_.status_tag as status_t3_10_7_,
        salesinfos7_.status_times as status_t4_10_7_,
        salesinfos7_.status_when2buy as status_w5_10_7_,
        salesinfos7_.transport as transpor6_10_7_,
        salesinfou8_.id as id1_11_8_,
        salesinfou8_.user_height as user_hei2_11_8_,
        salesinfou8_.user_size as user_siz3_11_8_,
        salesinfou8_.user_weight as user_wei4_11_8_ 
    from
        stores stores0_ 
    left outer join
        members members1_ 
            on stores0_.author_id=members1_.id 
    left outer join
        clothes_info clothesinf2_ 
            on stores0_.clothes_info_id=clothesinf2_.id 
    left outer join
        colors colors3_ 
            on stores0_.colors_name=colors3_.name 
    left outer join
        materials materials4_ 
            on stores0_.materials_name=materials4_.name 
    left outer join
        style style5_ 
            on stores0_.style_name=style5_.name 
    left outer join
        sales_info_clothes salesinfoc6_ 
            on stores0_.sales_info_clothes_id=salesinfoc6_.id 
    left outer join
        sales_info_status salesinfos7_ 
            on stores0_.sales_info_status_id=salesinfos7_.id 
    left outer join
        sales_info_user salesinfou8_ 
            on stores0_.sales_info_user_id=salesinfou8_.id 
    where
        stores0_.id=?
Hibernate: 
    select
        stores0_.id as id1_12_0_,
        stores0_.created_date as created_2_12_0_,
        stores0_.modified_date as modified3_12_0_,
        stores0_.author_id as author_i9_12_0_,
        stores0_.clothes_info_id as clothes10_12_0_,
        stores0_.colors_name as colors_11_12_0_,
        stores0_.materials_name as materia12_12_0_,
        stores0_.style_name as style_n13_12_0_,
        stores0_.clothes_length as clothes_4_12_0_,
        stores0_.content as content5_12_0_,
        stores0_.price as price6_12_0_,
        stores0_.sales_info_clothes_id as sales_i14_12_0_,
        stores0_.sales_info_status_id as sales_i15_12_0_,
        stores0_.sales_info_user_id as sales_i16_12_0_,
        stores0_.status as status7_12_0_,
        stores0_.title as title8_12_0_,
        members1_.id as id1_6_1_,
        members1_.email as email2_6_1_,
        members1_.image as image3_6_1_,
        members1_.name as name4_6_1_,
        members1_.nickname as nickname5_6_1_,
        members1_.password as password6_6_1_,
        members1_.phone as phone7_6_1_,
        members1_.refresh_token as refresh_8_6_1_,
        members1_.role as role9_6_1_,
        clothesinf2_.id as id1_2_2_,
        clothesinf2_.categoryl as category2_2_2_,
        clothesinf2_.categorys as category3_2_2_,
        clothesinf2_.fit as fit4_2_2_,
        clothesinf2_.length as length5_2_2_,
        colors3_.id as id1_4_3_,
        colors3_.name as name2_4_3_,
        materials4_.id as id1_5_4_,
        materials4_.name as name2_5_4_,
        style5_.id as id1_14_5_,
        style5_.name as name2_14_5_,
        salesinfoc6_.id as id1_9_6_,
        salesinfoc6_.clothes_brand as clothes_2_9_6_,
        salesinfoc6_.clothes_color as clothes_3_9_6_,
        salesinfoc6_.clothes_gender as clothes_4_9_6_,
        salesinfoc6_.clothes_size as clothes_5_9_6_,
        salesinfos7_.id as id1_10_7_,
        salesinfos7_.status_score as status_s2_10_7_,
        salesinfos7_.status_tag as status_t3_10_7_,
        salesinfos7_.status_times as status_t4_10_7_,
        salesinfos7_.status_when2buy as status_w5_10_7_,
        salesinfos7_.transport as transpor6_10_7_,
        salesinfou8_.id as id1_11_8_,
        salesinfou8_.user_height as user_hei2_11_8_,
        salesinfou8_.user_size as user_siz3_11_8_,
        salesinfou8_.user_weight as user_wei4_11_8_ 
    from
        stores stores0_ 
    left outer join
        members members1_ 
            on stores0_.author_id=members1_.id 
    left outer join
        clothes_info clothesinf2_ 
            on stores0_.clothes_info_id=clothesinf2_.id 
    left outer join
        colors colors3_ 
            on stores0_.colors_name=colors3_.name 
    left outer join
        materials materials4_ 
            on stores0_.materials_name=materials4_.name 
    left outer join
        style style5_ 
            on stores0_.style_name=style5_.name 
    left outer join
        sales_info_clothes salesinfoc6_ 
            on stores0_.sales_info_clothes_id=salesinfoc6_.id 
    left outer join
        sales_info_status salesinfos7_ 
            on stores0_.sales_info_status_id=salesinfos7_.id 
    left outer join
        sales_info_user salesinfou8_ 
            on stores0_.sales_info_user_id=salesinfou8_.id 
    where
        stores0_.id=?
Hibernate: 
    select
        stores0_.id as id1_12_0_,
        stores0_.created_date as created_2_12_0_,
        stores0_.modified_date as modified3_12_0_,
        stores0_.author_id as author_i9_12_0_,
        stores0_.clothes_info_id as clothes10_12_0_,
        stores0_.colors_name as colors_11_12_0_,
        stores0_.materials_name as materia12_12_0_,
        stores0_.style_name as style_n13_12_0_,
        stores0_.clothes_length as clothes_4_12_0_,
        stores0_.content as content5_12_0_,
        stores0_.price as price6_12_0_,
        stores0_.sales_info_clothes_id as sales_i14_12_0_,
        stores0_.sales_info_status_id as sales_i15_12_0_,
        stores0_.sales_info_user_id as sales_i16_12_0_,
        stores0_.status as status7_12_0_,
        stores0_.title as title8_12_0_,
        members1_.id as id1_6_1_,
        members1_.email as email2_6_1_,
        members1_.image as image3_6_1_,
        members1_.name as name4_6_1_,
        members1_.nickname as nickname5_6_1_,
        members1_.password as password6_6_1_,
        members1_.phone as phone7_6_1_,
        members1_.refresh_token as refresh_8_6_1_,
        members1_.role as role9_6_1_,
        clothesinf2_.id as id1_2_2_,
        clothesinf2_.categoryl as category2_2_2_,
        clothesinf2_.categorys as category3_2_2_,
        clothesinf2_.fit as fit4_2_2_,
        clothesinf2_.length as length5_2_2_,
        colors3_.id as id1_4_3_,
        colors3_.name as name2_4_3_,
        materials4_.id as id1_5_4_,
        materials4_.name as name2_5_4_,
        style5_.id as id1_14_5_,
        style5_.name as name2_14_5_,
        salesinfoc6_.id as id1_9_6_,
        salesinfoc6_.clothes_brand as clothes_2_9_6_,
        salesinfoc6_.clothes_color as clothes_3_9_6_,
        salesinfoc6_.clothes_gender as clothes_4_9_6_,
        salesinfoc6_.clothes_size as clothes_5_9_6_,
        salesinfos7_.id as id1_10_7_,
        salesinfos7_.status_score as status_s2_10_7_,
        salesinfos7_.status_tag as status_t3_10_7_,
        salesinfos7_.status_times as status_t4_10_7_,
        salesinfos7_.status_when2buy as status_w5_10_7_,
        salesinfos7_.transport as transpor6_10_7_,
        salesinfou8_.id as id1_11_8_,
        salesinfou8_.user_height as user_hei2_11_8_,
        salesinfou8_.user_size as user_siz3_11_8_,
        salesinfou8_.user_weight as user_wei4_11_8_ 
    from
        stores stores0_ 
    left outer join
        members members1_ 
            on stores0_.author_id=members1_.id 
    left outer join
        clothes_info clothesinf2_ 
            on stores0_.clothes_info_id=clothesinf2_.id 
    left outer join
        colors colors3_ 
            on stores0_.colors_name=colors3_.name 
    left outer join
        materials materials4_ 
            on stores0_.materials_name=materials4_.name 
    left outer join
        style style5_ 
            on stores0_.style_name=style5_.name 
    left outer join
        sales_info_clothes salesinfoc6_ 
            on stores0_.sales_info_clothes_id=salesinfoc6_.id 
    left outer join
        sales_info_status salesinfos7_ 
            on stores0_.sales_info_status_id=salesinfos7_.id 
    left outer join
        sales_info_user salesinfou8_ 
            on stores0_.sales_info_user_id=salesinfou8_.id 
    where
        stores0_.id=?
Hibernate: 
    select
        stores0_.id as id1_12_0_,
        stores0_.created_date as created_2_12_0_,
        stores0_.modified_date as modified3_12_0_,
        stores0_.author_id as author_i9_12_0_,
        stores0_.clothes_info_id as clothes10_12_0_,
        stores0_.colors_name as colors_11_12_0_,
        stores0_.materials_name as materia12_12_0_,
        stores0_.style_name as style_n13_12_0_,
        stores0_.clothes_length as clothes_4_12_0_,
        stores0_.content as content5_12_0_,
        stores0_.price as price6_12_0_,
        stores0_.sales_info_clothes_id as sales_i14_12_0_,
        stores0_.sales_info_status_id as sales_i15_12_0_,
        stores0_.sales_info_user_id as sales_i16_12_0_,
        stores0_.status as status7_12_0_,
        stores0_.title as title8_12_0_,
        members1_.id as id1_6_1_,
        members1_.email as email2_6_1_,
        members1_.image as image3_6_1_,
        members1_.name as name4_6_1_,
        members1_.nickname as nickname5_6_1_,
        members1_.password as password6_6_1_,
        members1_.phone as phone7_6_1_,
        members1_.refresh_token as refresh_8_6_1_,
        members1_.role as role9_6_1_,
        clothesinf2_.id as id1_2_2_,
        clothesinf2_.categoryl as category2_2_2_,
        clothesinf2_.categorys as category3_2_2_,
        clothesinf2_.fit as fit4_2_2_,
        clothesinf2_.length as length5_2_2_,
        colors3_.id as id1_4_3_,
        colors3_.name as name2_4_3_,
        materials4_.id as id1_5_4_,
        materials4_.name as name2_5_4_,
        style5_.id as id1_14_5_,
        style5_.name as name2_14_5_,
        salesinfoc6_.id as id1_9_6_,
        salesinfoc6_.clothes_brand as clothes_2_9_6_,
        salesinfoc6_.clothes_color as clothes_3_9_6_,
        salesinfoc6_.clothes_gender as clothes_4_9_6_,
        salesinfoc6_.clothes_size as clothes_5_9_6_,
        salesinfos7_.id as id1_10_7_,
        salesinfos7_.status_score as status_s2_10_7_,
        salesinfos7_.status_tag as status_t3_10_7_,
        salesinfos7_.status_times as status_t4_10_7_,
        salesinfos7_.status_when2buy as status_w5_10_7_,
        salesinfos7_.transport as transpor6_10_7_,
        salesinfou8_.id as id1_11_8_,
        salesinfou8_.user_height as user_hei2_11_8_,
        salesinfou8_.user_size as user_siz3_11_8_,
        salesinfou8_.user_weight as user_wei4_11_8_ 
    from
        stores stores0_ 
    left outer join
        members members1_ 
            on stores0_.author_id=members1_.id 
    left outer join
        clothes_info clothesinf2_ 
            on stores0_.clothes_info_id=clothesinf2_.id 
    left outer join
        colors colors3_ 
            on stores0_.colors_name=colors3_.name 
    left outer join
        materials materials4_ 
            on stores0_.materials_name=materials4_.name 
    left outer join
        style style5_ 
            on stores0_.style_name=style5_.name 
    left outer join
        sales_info_clothes salesinfoc6_ 
            on stores0_.sales_info_clothes_id=salesinfoc6_.id 
    left outer join
        sales_info_status salesinfos7_ 
            on stores0_.sales_info_status_id=salesinfos7_.id 
    left outer join
        sales_info_user salesinfou8_ 
            on stores0_.sales_info_user_id=salesinfou8_.id 
    where
        stores0_.id=?
Hibernate: 
    select
        stores0_.id as id1_12_0_,
        stores0_.created_date as created_2_12_0_,
        stores0_.modified_date as modified3_12_0_,
        stores0_.author_id as author_i9_12_0_,
        stores0_.clothes_info_id as clothes10_12_0_,
        stores0_.colors_name as colors_11_12_0_,
        stores0_.materials_name as materia12_12_0_,
        stores0_.style_name as style_n13_12_0_,
        stores0_.clothes_length as clothes_4_12_0_,
        stores0_.content as content5_12_0_,
        stores0_.price as price6_12_0_,
        stores0_.sales_info_clothes_id as sales_i14_12_0_,
        stores0_.sales_info_status_id as sales_i15_12_0_,
        stores0_.sales_info_user_id as sales_i16_12_0_,
        stores0_.status as status7_12_0_,
        stores0_.title as title8_12_0_,
        members1_.id as id1_6_1_,
        members1_.email as email2_6_1_,
        members1_.image as image3_6_1_,
        members1_.name as name4_6_1_,
        members1_.nickname as nickname5_6_1_,
        members1_.password as password6_6_1_,
        members1_.phone as phone7_6_1_,
        members1_.refresh_token as refresh_8_6_1_,
        members1_.role as role9_6_1_,
        clothesinf2_.id as id1_2_2_,
        clothesinf2_.categoryl as category2_2_2_,
        clothesinf2_.categorys as category3_2_2_,
        clothesinf2_.fit as fit4_2_2_,
        clothesinf2_.length as length5_2_2_,
        colors3_.id as id1_4_3_,
        colors3_.name as name2_4_3_,
        materials4_.id as id1_5_4_,
        materials4_.name as name2_5_4_,
        style5_.id as id1_14_5_,
        style5_.name as name2_14_5_,
        salesinfoc6_.id as id1_9_6_,
        salesinfoc6_.clothes_brand as clothes_2_9_6_,
        salesinfoc6_.clothes_color as clothes_3_9_6_,
        salesinfoc6_.clothes_gender as clothes_4_9_6_,
        salesinfoc6_.clothes_size as clothes_5_9_6_,
        salesinfos7_.id as id1_10_7_,
        salesinfos7_.status_score as status_s2_10_7_,
        salesinfos7_.status_tag as status_t3_10_7_,
        salesinfos7_.status_times as status_t4_10_7_,
        salesinfos7_.status_when2buy as status_w5_10_7_,
        salesinfos7_.transport as transpor6_10_7_,
        salesinfou8_.id as id1_11_8_,
        salesinfou8_.user_height as user_hei2_11_8_,
        salesinfou8_.user_size as user_siz3_11_8_,
        salesinfou8_.user_weight as user_wei4_11_8_ 
    from
        stores stores0_ 
    left outer join
        members members1_ 
            on stores0_.author_id=members1_.id 
    left outer join
        clothes_info clothesinf2_ 
            on stores0_.clothes_info_id=clothesinf2_.id 
    left outer join
        colors colors3_ 
            on stores0_.colors_name=colors3_.name 
    left outer join
        materials materials4_ 
            on stores0_.materials_name=materials4_.name 
    left outer join
        style style5_ 
            on stores0_.style_name=style5_.name 
    left outer join
        sales_info_clothes salesinfoc6_ 
            on stores0_.sales_info_clothes_id=salesinfoc6_.id 
    left outer join
        sales_info_status salesinfos7_ 
            on stores0_.sales_info_status_id=salesinfos7_.id 
    left outer join
        sales_info_user salesinfou8_ 
            on stores0_.sales_info_user_id=salesinfou8_.id 
    where
        stores0_.id=?
Hibernate: 
    select
        stores0_.id as id1_12_0_,
        stores0_.created_date as created_2_12_0_,
        stores0_.modified_date as modified3_12_0_,
        stores0_.author_id as author_i9_12_0_,
        stores0_.clothes_info_id as clothes10_12_0_,
        stores0_.colors_name as colors_11_12_0_,
        stores0_.materials_name as materia12_12_0_,
        stores0_.style_name as style_n13_12_0_,
        stores0_.clothes_length as clothes_4_12_0_,
        stores0_.content as content5_12_0_,
        stores0_.price as price6_12_0_,
        stores0_.sales_info_clothes_id as sales_i14_12_0_,
        stores0_.sales_info_status_id as sales_i15_12_0_,
        stores0_.sales_info_user_id as sales_i16_12_0_,
        stores0_.status as status7_12_0_,
        stores0_.title as title8_12_0_,
        members1_.id as id1_6_1_,
        members1_.email as email2_6_1_,
        members1_.image as image3_6_1_,
        members1_.name as name4_6_1_,
        members1_.nickname as nickname5_6_1_,
        members1_.password as password6_6_1_,
        members1_.phone as phone7_6_1_,
        members1_.refresh_token as refresh_8_6_1_,
        members1_.role as role9_6_1_,
        clothesinf2_.id as id1_2_2_,
        clothesinf2_.categoryl as category2_2_2_,
        clothesinf2_.categorys as category3_2_2_,
        clothesinf2_.fit as fit4_2_2_,
        clothesinf2_.length as length5_2_2_,
        colors3_.id as id1_4_3_,
        colors3_.name as name2_4_3_,
        materials4_.id as id1_5_4_,
        materials4_.name as name2_5_4_,
        style5_.id as id1_14_5_,
        style5_.name as name2_14_5_,
        salesinfoc6_.id as id1_9_6_,
        salesinfoc6_.clothes_brand as clothes_2_9_6_,
        salesinfoc6_.clothes_color as clothes_3_9_6_,
        salesinfoc6_.clothes_gender as clothes_4_9_6_,
        salesinfoc6_.clothes_size as clothes_5_9_6_,
        salesinfos7_.id as id1_10_7_,
        salesinfos7_.status_score as status_s2_10_7_,
        salesinfos7_.status_tag as status_t3_10_7_,
        salesinfos7_.status_times as status_t4_10_7_,
        salesinfos7_.status_when2buy as status_w5_10_7_,
        salesinfos7_.transport as transpor6_10_7_,
        salesinfou8_.id as id1_11_8_,
        salesinfou8_.user_height as user_hei2_11_8_,
        salesinfou8_.user_size as user_siz3_11_8_,
        salesinfou8_.user_weight as user_wei4_11_8_ 
    from
        stores stores0_ 
    left outer join
        members members1_ 
            on stores0_.author_id=members1_.id 
    left outer join
        clothes_info clothesinf2_ 
            on stores0_.clothes_info_id=clothesinf2_.id 
    left outer join
        colors colors3_ 
            on stores0_.colors_name=colors3_.name 
    left outer join
        materials materials4_ 
            on stores0_.materials_name=materials4_.name 
    left outer join
        style style5_ 
            on stores0_.style_name=style5_.name 
    left outer join
        sales_info_clothes salesinfoc6_ 
            on stores0_.sales_info_clothes_id=salesinfoc6_.id 
    left outer join
        sales_info_status salesinfos7_ 
            on stores0_.sales_info_status_id=salesinfos7_.id 
    left outer join
        sales_info_user salesinfou8_ 
            on stores0_.sales_info_user_id=salesinfou8_.id 
    where
        stores0_.id=?
Hibernate: 
    select
        stores0_.id as id1_12_0_,
        stores0_.created_date as created_2_12_0_,
        stores0_.modified_date as modified3_12_0_,
        stores0_.author_id as author_i9_12_0_,
        stores0_.clothes_info_id as clothes10_12_0_,
        stores0_.colors_name as colors_11_12_0_,
        stores0_.materials_name as materia12_12_0_,
        stores0_.style_name as style_n13_12_0_,
        stores0_.clothes_length as clothes_4_12_0_,
        stores0_.content as content5_12_0_,
        stores0_.price as price6_12_0_,
        stores0_.sales_info_clothes_id as sales_i14_12_0_,
        stores0_.sales_info_status_id as sales_i15_12_0_,
        stores0_.sales_info_user_id as sales_i16_12_0_,
        stores0_.status as status7_12_0_,
        stores0_.title as title8_12_0_,
        members1_.id as id1_6_1_,
        members1_.email as email2_6_1_,
        members1_.image as image3_6_1_,
        members1_.name as name4_6_1_,
        members1_.nickname as nickname5_6_1_,
        members1_.password as password6_6_1_,
        members1_.phone as phone7_6_1_,
        members1_.refresh_token as refresh_8_6_1_,
        members1_.role as role9_6_1_,
        clothesinf2_.id as id1_2_2_,
        clothesinf2_.categoryl as category2_2_2_,
        clothesinf2_.categorys as category3_2_2_,
        clothesinf2_.fit as fit4_2_2_,
        clothesinf2_.length as length5_2_2_,
        colors3_.id as id1_4_3_,
        colors3_.name as name2_4_3_,
        materials4_.id as id1_5_4_,
        materials4_.name as name2_5_4_,
        style5_.id as id1_14_5_,
        style5_.name as name2_14_5_,
        salesinfoc6_.id as id1_9_6_,
        salesinfoc6_.clothes_brand as clothes_2_9_6_,
        salesinfoc6_.clothes_color as clothes_3_9_6_,
        salesinfoc6_.clothes_gender as clothes_4_9_6_,
        salesinfoc6_.clothes_size as clothes_5_9_6_,
        salesinfos7_.id as id1_10_7_,
        salesinfos7_.status_score as status_s2_10_7_,
        salesinfos7_.status_tag as status_t3_10_7_,
        salesinfos7_.status_times as status_t4_10_7_,
        salesinfos7_.status_when2buy as status_w5_10_7_,
        salesinfos7_.transport as transpor6_10_7_,
        salesinfou8_.id as id1_11_8_,
        salesinfou8_.user_height as user_hei2_11_8_,
        salesinfou8_.user_size as user_siz3_11_8_,
        salesinfou8_.user_weight as user_wei4_11_8_ 
    from
        stores stores0_ 
    left outer join
        members members1_ 
            on stores0_.author_id=members1_.id 
    left outer join
        clothes_info clothesinf2_ 
            on stores0_.clothes_info_id=clothesinf2_.id 
    left outer join
        colors colors3_ 
            on stores0_.colors_name=colors3_.name 
    left outer join
        materials materials4_ 
            on stores0_.materials_name=materials4_.name 
    left outer join
        style style5_ 
            on stores0_.style_name=style5_.name 
    left outer join
        sales_info_clothes salesinfoc6_ 
            on stores0_.sales_info_clothes_id=salesinfoc6_.id 
    left outer join
        sales_info_status salesinfos7_ 
            on stores0_.sales_info_status_id=salesinfos7_.id 
    left outer join
        sales_info_user salesinfou8_ 
            on stores0_.sales_info_user_id=salesinfou8_.id 
    where
        stores0_.id=?
Hibernate: 
    select
        stores0_.id as id1_12_0_,
        stores0_.created_date as created_2_12_0_,
        stores0_.modified_date as modified3_12_0_,
        stores0_.author_id as author_i9_12_0_,
        stores0_.clothes_info_id as clothes10_12_0_,
        stores0_.colors_name as colors_11_12_0_,
        stores0_.materials_name as materia12_12_0_,
        stores0_.style_name as style_n13_12_0_,
        stores0_.clothes_length as clothes_4_12_0_,
        stores0_.content as content5_12_0_,
        stores0_.price as price6_12_0_,
        stores0_.sales_info_clothes_id as sales_i14_12_0_,
        stores0_.sales_info_status_id as sales_i15_12_0_,
        stores0_.sales_info_user_id as sales_i16_12_0_,
        stores0_.status as status7_12_0_,
        stores0_.title as title8_12_0_,
        members1_.id as id1_6_1_,
        members1_.email as email2_6_1_,
        members1_.image as image3_6_1_,
        members1_.name as name4_6_1_,
        members1_.nickname as nickname5_6_1_,
        members1_.password as password6_6_1_,
        members1_.phone as phone7_6_1_,
        members1_.refresh_token as refresh_8_6_1_,
        members1_.role as role9_6_1_,
        clothesinf2_.id as id1_2_2_,
        clothesinf2_.categoryl as category2_2_2_,
        clothesinf2_.categorys as category3_2_2_,
        clothesinf2_.fit as fit4_2_2_,
        clothesinf2_.length as length5_2_2_,
        colors3_.id as id1_4_3_,
        colors3_.name as name2_4_3_,
        materials4_.id as id1_5_4_,
        materials4_.name as name2_5_4_,
        style5_.id as id1_14_5_,
        style5_.name as name2_14_5_,
        salesinfoc6_.id as id1_9_6_,
        salesinfoc6_.clothes_brand as clothes_2_9_6_,
        salesinfoc6_.clothes_color as clothes_3_9_6_,
        salesinfoc6_.clothes_gender as clothes_4_9_6_,
        salesinfoc6_.clothes_size as clothes_5_9_6_,
        salesinfos7_.id as id1_10_7_,
        salesinfos7_.status_score as status_s2_10_7_,
        salesinfos7_.status_tag as status_t3_10_7_,
        salesinfos7_.status_times as status_t4_10_7_,
        salesinfos7_.status_when2buy as status_w5_10_7_,
        salesinfos7_.transport as transpor6_10_7_,
        salesinfou8_.id as id1_11_8_,
        salesinfou8_.user_height as user_hei2_11_8_,
        salesinfou8_.user_size as user_siz3_11_8_,
        salesinfou8_.user_weight as user_wei4_11_8_ 
    from
        stores stores0_ 
    left outer join
        members members1_ 
            on stores0_.author_id=members1_.id 
    left outer join
        clothes_info clothesinf2_ 
            on stores0_.clothes_info_id=clothesinf2_.id 
    left outer join
        colors colors3_ 
            on stores0_.colors_name=colors3_.name 
    left outer join
        materials materials4_ 
            on stores0_.materials_name=materials4_.name 
    left outer join
        style style5_ 
            on stores0_.style_name=style5_.name 
    left outer join
        sales_info_clothes salesinfoc6_ 
            on stores0_.sales_info_clothes_id=salesinfoc6_.id 
    left outer join
        sales_info_status salesinfos7_ 
            on stores0_.sales_info_status_id=salesinfos7_.id 
    left outer join
        sales_info_user salesinfou8_ 
            on stores0_.sales_info_user_id=salesinfou8_.id 
    where
        stores0_.id=?
gunsong2@naver.com
Hibernate: 
    select
        members0_.id as id1_6_,
        members0_.email as email2_6_,
        members0_.image as image3_6_,
        members0_.name as name4_6_,
        members0_.nickname as nickname5_6_,
        members0_.password as password6_6_,
        members0_.phone as phone7_6_,
        members0_.refresh_token as refresh_8_6_,
        members0_.role as role9_6_ 
    from
        members members0_ 
    where
        members0_.email=?
Hibernate: 
    select
        images1_.id as col_0_0_,
        stores0_.title as col_1_0_,
        stores0_.id as col_2_0_,
        stores0_.modified_date as col_3_0_,
        stores0_.price as col_4_0_,
        stores0_.content as col_5_0_,
        salesinfos2_.transport as col_6_0_,
        images1_.id as id1_3_,
        images1_.closets_post_id as closets_4_3_,
        images1_.path as path2_3_,
        images1_.stores_post_id as stores_p5_3_,
        images1_.type as type3_3_ 
    from
        stores stores0_ 
    inner join
        clothes_image images1_ 
            on stores0_.id=images1_.stores_post_id cross 
    join
        sales_info_status salesinfos2_ cross 
    join
        clothes_info clothesinf5_ 
    where
        stores0_.sales_info_status_id=salesinfos2_.id 
        and stores0_.clothes_info_id=clothesinf5_.id 
        and (
            images1_.id in (
                select
                    clothesima3_.id 
                from
                    clothes_image clothesima3_ cross 
                join
                    stores stores4_ 
                where
                    clothesima3_.stores_post_id=stores4_.id 
                    and (
                        clothesima3_.closets_post_id is null
                    ) 
                group by
                    clothesima3_.stores_post_id 
                order by
                    stores4_.created_date asc
            )
        ) 
        and stores0_.author_id=? 
        and clothesinf5_.categoryl=? 
        and clothesinf5_.categorys=? 
    order by
        stores0_.created_date desc limit ?
Hibernate: 
    select
        stores0_.id as id1_12_0_,
        stores0_.created_date as created_2_12_0_,
        stores0_.modified_date as modified3_12_0_,
        stores0_.author_id as author_i9_12_0_,
        stores0_.clothes_info_id as clothes10_12_0_,
        stores0_.colors_name as colors_11_12_0_,
        stores0_.materials_name as materia12_12_0_,
        stores0_.style_name as style_n13_12_0_,
        stores0_.clothes_length as clothes_4_12_0_,
        stores0_.content as content5_12_0_,
        stores0_.price as price6_12_0_,
        stores0_.sales_info_clothes_id as sales_i14_12_0_,
        stores0_.sales_info_status_id as sales_i15_12_0_,
        stores0_.sales_info_user_id as sales_i16_12_0_,
        stores0_.status as status7_12_0_,
        stores0_.title as title8_12_0_,
        members1_.id as id1_6_1_,
        members1_.email as email2_6_1_,
        members1_.image as image3_6_1_,
        members1_.name as name4_6_1_,
        members1_.nickname as nickname5_6_1_,
        members1_.password as password6_6_1_,
        members1_.phone as phone7_6_1_,
        members1_.refresh_token as refresh_8_6_1_,
        members1_.role as role9_6_1_,
        clothesinf2_.id as id1_2_2_,
        clothesinf2_.categoryl as category2_2_2_,
        clothesinf2_.categorys as category3_2_2_,
        clothesinf2_.fit as fit4_2_2_,
        clothesinf2_.length as length5_2_2_,
        colors3_.id as id1_4_3_,
        colors3_.name as name2_4_3_,
        materials4_.id as id1_5_4_,
        materials4_.name as name2_5_4_,
        style5_.id as id1_14_5_,
        style5_.name as name2_14_5_,
        salesinfoc6_.id as id1_9_6_,
        salesinfoc6_.clothes_brand as clothes_2_9_6_,
        salesinfoc6_.clothes_color as clothes_3_9_6_,
        salesinfoc6_.clothes_gender as clothes_4_9_6_,
        salesinfoc6_.clothes_size as clothes_5_9_6_,
        salesinfos7_.id as id1_10_7_,
        salesinfos7_.status_score as status_s2_10_7_,
        salesinfos7_.status_tag as status_t3_10_7_,
        salesinfos7_.status_times as status_t4_10_7_,
        salesinfos7_.status_when2buy as status_w5_10_7_,
        salesinfos7_.transport as transpor6_10_7_,
        salesinfou8_.id as id1_11_8_,
        salesinfou8_.user_height as user_hei2_11_8_,
        salesinfou8_.user_size as user_siz3_11_8_,
        salesinfou8_.user_weight as user_wei4_11_8_ 
    from
        stores stores0_ 
    left outer join
        members members1_ 
            on stores0_.author_id=members1_.id 
    left outer join
        clothes_info clothesinf2_ 
            on stores0_.clothes_info_id=clothesinf2_.id 
    left outer join
        colors colors3_ 
            on stores0_.colors_name=colors3_.name 
    left outer join
        materials materials4_ 
            on stores0_.materials_name=materials4_.name 
    left outer join
        style style5_ 
            on stores0_.style_name=style5_.name 
    left outer join
        sales_info_clothes salesinfoc6_ 
            on stores0_.sales_info_clothes_id=salesinfoc6_.id 
    left outer join
        sales_info_status salesinfos7_ 
            on stores0_.sales_info_status_id=salesinfos7_.id 
    left outer join
        sales_info_user salesinfou8_ 
            on stores0_.sales_info_user_id=salesinfou8_.id 
    where
        stores0_.id=?
Hibernate: 
    select
        stores0_.id as id1_12_0_,
        stores0_.created_date as created_2_12_0_,
        stores0_.modified_date as modified3_12_0_,
        stores0_.author_id as author_i9_12_0_,
        stores0_.clothes_info_id as clothes10_12_0_,
        stores0_.colors_name as colors_11_12_0_,
        stores0_.materials_name as materia12_12_0_,
        stores0_.style_name as style_n13_12_0_,
        stores0_.clothes_length as clothes_4_12_0_,
        stores0_.content as content5_12_0_,
        stores0_.price as price6_12_0_,
        stores0_.sales_info_clothes_id as sales_i14_12_0_,
        stores0_.sales_info_status_id as sales_i15_12_0_,
        stores0_.sales_info_user_id as sales_i16_12_0_,
        stores0_.status as status7_12_0_,
        stores0_.title as title8_12_0_,
        members1_.id as id1_6_1_,
        members1_.email as email2_6_1_,
        members1_.image as image3_6_1_,
        members1_.name as name4_6_1_,
        members1_.nickname as nickname5_6_1_,
        members1_.password as password6_6_1_,
        members1_.phone as phone7_6_1_,
        members1_.refresh_token as refresh_8_6_1_,
        members1_.role as role9_6_1_,
        clothesinf2_.id as id1_2_2_,
        clothesinf2_.categoryl as category2_2_2_,
        clothesinf2_.categorys as category3_2_2_,
        clothesinf2_.fit as fit4_2_2_,
        clothesinf2_.length as length5_2_2_,
        colors3_.id as id1_4_3_,
        colors3_.name as name2_4_3_,
        materials4_.id as id1_5_4_,
        materials4_.name as name2_5_4_,
        style5_.id as id1_14_5_,
        style5_.name as name2_14_5_,
        salesinfoc6_.id as id1_9_6_,
        salesinfoc6_.clothes_brand as clothes_2_9_6_,
        salesinfoc6_.clothes_color as clothes_3_9_6_,
        salesinfoc6_.clothes_gender as clothes_4_9_6_,
        salesinfoc6_.clothes_size as clothes_5_9_6_,
        salesinfos7_.id as id1_10_7_,
        salesinfos7_.status_score as status_s2_10_7_,
        salesinfos7_.status_tag as status_t3_10_7_,
        salesinfos7_.status_times as status_t4_10_7_,
        salesinfos7_.status_when2buy as status_w5_10_7_,
        salesinfos7_.transport as transpor6_10_7_,
        salesinfou8_.id as id1_11_8_,
        salesinfou8_.user_height as user_hei2_11_8_,
        salesinfou8_.user_size as user_siz3_11_8_,
        salesinfou8_.user_weight as user_wei4_11_8_ 
    from
        stores stores0_ 
    left outer join
        members members1_ 
            on stores0_.author_id=members1_.id 
    left outer join
        clothes_info clothesinf2_ 
            on stores0_.clothes_info_id=clothesinf2_.id 
    left outer join
        colors colors3_ 
            on stores0_.colors_name=colors3_.name 
    left outer join
        materials materials4_ 
            on stores0_.materials_name=materials4_.name 
    left outer join
        style style5_ 
            on stores0_.style_name=style5_.name 
    left outer join
        sales_info_clothes salesinfoc6_ 
            on stores0_.sales_info_clothes_id=salesinfoc6_.id 
    left outer join
        sales_info_status salesinfos7_ 
            on stores0_.sales_info_status_id=salesinfos7_.id 
    left outer join
        sales_info_user salesinfou8_ 
            on stores0_.sales_info_user_id=salesinfou8_.id 
    where
        stores0_.id=?
Hibernate: 
    select
        stores0_.id as id1_12_0_,
        stores0_.created_date as created_2_12_0_,
        stores0_.modified_date as modified3_12_0_,
        stores0_.author_id as author_i9_12_0_,
        stores0_.clothes_info_id as clothes10_12_0_,
        stores0_.colors_name as colors_11_12_0_,
        stores0_.materials_name as materia12_12_0_,
        stores0_.style_name as style_n13_12_0_,
        stores0_.clothes_length as clothes_4_12_0_,
        stores0_.content as content5_12_0_,
        stores0_.price as price6_12_0_,
        stores0_.sales_info_clothes_id as sales_i14_12_0_,
        stores0_.sales_info_status_id as sales_i15_12_0_,
        stores0_.sales_info_user_id as sales_i16_12_0_,
        stores0_.status as status7_12_0_,
        stores0_.title as title8_12_0_,
        members1_.id as id1_6_1_,
        members1_.email as email2_6_1_,
        members1_.image as image3_6_1_,
        members1_.name as name4_6_1_,
        members1_.nickname as nickname5_6_1_,
        members1_.password as password6_6_1_,
        members1_.phone as phone7_6_1_,
        members1_.refresh_token as refresh_8_6_1_,
        members1_.role as role9_6_1_,
        clothesinf2_.id as id1_2_2_,
        clothesinf2_.categoryl as category2_2_2_,
        clothesinf2_.categorys as category3_2_2_,
        clothesinf2_.fit as fit4_2_2_,
        clothesinf2_.length as length5_2_2_,
        colors3_.id as id1_4_3_,
        colors3_.name as name2_4_3_,
        materials4_.id as id1_5_4_,
        materials4_.name as name2_5_4_,
        style5_.id as id1_14_5_,
        style5_.name as name2_14_5_,
        salesinfoc6_.id as id1_9_6_,
        salesinfoc6_.clothes_brand as clothes_2_9_6_,
        salesinfoc6_.clothes_color as clothes_3_9_6_,
        salesinfoc6_.clothes_gender as clothes_4_9_6_,
        salesinfoc6_.clothes_size as clothes_5_9_6_,
        salesinfos7_.id as id1_10_7_,
        salesinfos7_.status_score as status_s2_10_7_,
        salesinfos7_.status_tag as status_t3_10_7_,
        salesinfos7_.status_times as status_t4_10_7_,
        salesinfos7_.status_when2buy as status_w5_10_7_,
        salesinfos7_.transport as transpor6_10_7_,
        salesinfou8_.id as id1_11_8_,
        salesinfou8_.user_height as user_hei2_11_8_,
        salesinfou8_.user_size as user_siz3_11_8_,
        salesinfou8_.user_weight as user_wei4_11_8_ 
    from
        stores stores0_ 
    left outer join
        members members1_ 
            on stores0_.author_id=members1_.id 
    left outer join
        clothes_info clothesinf2_ 
            on stores0_.clothes_info_id=clothesinf2_.id 
    left outer join
        colors colors3_ 
            on stores0_.colors_name=colors3_.name 
    left outer join
        materials materials4_ 
            on stores0_.materials_name=materials4_.name 
    left outer join
        style style5_ 
            on stores0_.style_name=style5_.name 
    left outer join
        sales_info_clothes salesinfoc6_ 
            on stores0_.sales_info_clothes_id=salesinfoc6_.id 
    left outer join
        sales_info_status salesinfos7_ 
            on stores0_.sales_info_status_id=salesinfos7_.id 
    left outer join
        sales_info_user salesinfou8_ 
            on stores0_.sales_info_user_id=salesinfou8_.id 
    where
        stores0_.id=?
Hibernate: 
    select
        stores0_.id as id1_12_0_,
        stores0_.created_date as created_2_12_0_,
        stores0_.modified_date as modified3_12_0_,
        stores0_.author_id as author_i9_12_0_,
        stores0_.clothes_info_id as clothes10_12_0_,
        stores0_.colors_name as colors_11_12_0_,
        stores0_.materials_name as materia12_12_0_,
        stores0_.style_name as style_n13_12_0_,
        stores0_.clothes_length as clothes_4_12_0_,
        stores0_.content as content5_12_0_,
        stores0_.price as price6_12_0_,
        stores0_.sales_info_clothes_id as sales_i14_12_0_,
        stores0_.sales_info_status_id as sales_i15_12_0_,
        stores0_.sales_info_user_id as sales_i16_12_0_,
        stores0_.status as status7_12_0_,
        stores0_.title as title8_12_0_,
        members1_.id as id1_6_1_,
        members1_.email as email2_6_1_,
        members1_.image as image3_6_1_,
        members1_.name as name4_6_1_,
        members1_.nickname as nickname5_6_1_,
        members1_.password as password6_6_1_,
        members1_.phone as phone7_6_1_,
        members1_.refresh_token as refresh_8_6_1_,
        members1_.role as role9_6_1_,
        clothesinf2_.id as id1_2_2_,
        clothesinf2_.categoryl as category2_2_2_,
        clothesinf2_.categorys as category3_2_2_,
        clothesinf2_.fit as fit4_2_2_,
        clothesinf2_.length as length5_2_2_,
        colors3_.id as id1_4_3_,
        colors3_.name as name2_4_3_,
        materials4_.id as id1_5_4_,
        materials4_.name as name2_5_4_,
        style5_.id as id1_14_5_,
        style5_.name as name2_14_5_,
        salesinfoc6_.id as id1_9_6_,
        salesinfoc6_.clothes_brand as clothes_2_9_6_,
        salesinfoc6_.clothes_color as clothes_3_9_6_,
        salesinfoc6_.clothes_gender as clothes_4_9_6_,
        salesinfoc6_.clothes_size as clothes_5_9_6_,
        salesinfos7_.id as id1_10_7_,
        salesinfos7_.status_score as status_s2_10_7_,
        salesinfos7_.status_tag as status_t3_10_7_,
        salesinfos7_.status_times as status_t4_10_7_,
        salesinfos7_.status_when2buy as status_w5_10_7_,
        salesinfos7_.transport as transpor6_10_7_,
        salesinfou8_.id as id1_11_8_,
        salesinfou8_.user_height as user_hei2_11_8_,
        salesinfou8_.user_size as user_siz3_11_8_,
        salesinfou8_.user_weight as user_wei4_11_8_ 
    from
        stores stores0_ 
    left outer join
        members members1_ 
            on stores0_.author_id=members1_.id 
    left outer join
        clothes_info clothesinf2_ 
            on stores0_.clothes_info_id=clothesinf2_.id 
    left outer join
        colors colors3_ 
            on stores0_.colors_name=colors3_.name 
    left outer join
        materials materials4_ 
            on stores0_.materials_name=materials4_.name 
    left outer join
        style style5_ 
            on stores0_.style_name=style5_.name 
    left outer join
        sales_info_clothes salesinfoc6_ 
            on stores0_.sales_info_clothes_id=salesinfoc6_.id 
    left outer join
        sales_info_status salesinfos7_ 
            on stores0_.sales_info_status_id=salesinfos7_.id 
    left outer join
        sales_info_user salesinfou8_ 
            on stores0_.sales_info_user_id=salesinfou8_.id 
    where
        stores0_.id=?
Hibernate: 
    select
        stores0_.id as id1_12_0_,
        stores0_.created_date as created_2_12_0_,
        stores0_.modified_date as modified3_12_0_,
        stores0_.author_id as author_i9_12_0_,
        stores0_.clothes_info_id as clothes10_12_0_,
        stores0_.colors_name as colors_11_12_0_,
        stores0_.materials_name as materia12_12_0_,
        stores0_.style_name as style_n13_12_0_,
        stores0_.clothes_length as clothes_4_12_0_,
        stores0_.content as content5_12_0_,
        stores0_.price as price6_12_0_,
        stores0_.sales_info_clothes_id as sales_i14_12_0_,
        stores0_.sales_info_status_id as sales_i15_12_0_,
        stores0_.sales_info_user_id as sales_i16_12_0_,
        stores0_.status as status7_12_0_,
        stores0_.title as title8_12_0_,
        members1_.id as id1_6_1_,
        members1_.email as email2_6_1_,
        members1_.image as image3_6_1_,
        members1_.name as name4_6_1_,
        members1_.nickname as nickname5_6_1_,
        members1_.password as password6_6_1_,
        members1_.phone as phone7_6_1_,
        members1_.refresh_token as refresh_8_6_1_,
        members1_.role as role9_6_1_,
        clothesinf2_.id as id1_2_2_,
        clothesinf2_.categoryl as category2_2_2_,
        clothesinf2_.categorys as category3_2_2_,
        clothesinf2_.fit as fit4_2_2_,
        clothesinf2_.length as length5_2_2_,
        colors3_.id as id1_4_3_,
        colors3_.name as name2_4_3_,
        materials4_.id as id1_5_4_,
        materials4_.name as name2_5_4_,
        style5_.id as id1_14_5_,
        style5_.name as name2_14_5_,
        salesinfoc6_.id as id1_9_6_,
        salesinfoc6_.clothes_brand as clothes_2_9_6_,
        salesinfoc6_.clothes_color as clothes_3_9_6_,
        salesinfoc6_.clothes_gender as clothes_4_9_6_,
        salesinfoc6_.clothes_size as clothes_5_9_6_,
        salesinfos7_.id as id1_10_7_,
        salesinfos7_.status_score as status_s2_10_7_,
        salesinfos7_.status_tag as status_t3_10_7_,
        salesinfos7_.status_times as status_t4_10_7_,
        salesinfos7_.status_when2buy as status_w5_10_7_,
        salesinfos7_.transport as transpor6_10_7_,
        salesinfou8_.id as id1_11_8_,
        salesinfou8_.user_height as user_hei2_11_8_,
        salesinfou8_.user_size as user_siz3_11_8_,
        salesinfou8_.user_weight as user_wei4_11_8_ 
    from
        stores stores0_ 
    left outer join
        members members1_ 
            on stores0_.author_id=members1_.id 
    left outer join
        clothes_info clothesinf2_ 
            on stores0_.clothes_info_id=clothesinf2_.id 
    left outer join
        colors colors3_ 
            on stores0_.colors_name=colors3_.name 
    left outer join
        materials materials4_ 
            on stores0_.materials_name=materials4_.name 
    left outer join
        style style5_ 
            on stores0_.style_name=style5_.name 
    left outer join
        sales_info_clothes salesinfoc6_ 
            on stores0_.sales_info_clothes_id=salesinfoc6_.id 
    left outer join
        sales_info_status salesinfos7_ 
            on stores0_.sales_info_status_id=salesinfos7_.id 
    left outer join
        sales_info_user salesinfou8_ 
            on stores0_.sales_info_user_id=salesinfou8_.id 
    where
        stores0_.id=?
Hibernate: 
    select
        stores0_.id as id1_12_0_,
        stores0_.created_date as created_2_12_0_,
        stores0_.modified_date as modified3_12_0_,
        stores0_.author_id as author_i9_12_0_,
        stores0_.clothes_info_id as clothes10_12_0_,
        stores0_.colors_name as colors_11_12_0_,
        stores0_.materials_name as materia12_12_0_,
        stores0_.style_name as style_n13_12_0_,
        stores0_.clothes_length as clothes_4_12_0_,
        stores0_.content as content5_12_0_,
        stores0_.price as price6_12_0_,
        stores0_.sales_info_clothes_id as sales_i14_12_0_,
        stores0_.sales_info_status_id as sales_i15_12_0_,
        stores0_.sales_info_user_id as sales_i16_12_0_,
        stores0_.status as status7_12_0_,
        stores0_.title as title8_12_0_,
        members1_.id as id1_6_1_,
        members1_.email as email2_6_1_,
        members1_.image as image3_6_1_,
        members1_.name as name4_6_1_,
        members1_.nickname as nickname5_6_1_,
        members1_.password as password6_6_1_,
        members1_.phone as phone7_6_1_,
        members1_.refresh_token as refresh_8_6_1_,
        members1_.role as role9_6_1_,
        clothesinf2_.id as id1_2_2_,
        clothesinf2_.categoryl as category2_2_2_,
        clothesinf2_.categorys as category3_2_2_,
        clothesinf2_.fit as fit4_2_2_,
        clothesinf2_.length as length5_2_2_,
        colors3_.id as id1_4_3_,
        colors3_.name as name2_4_3_,
        materials4_.id as id1_5_4_,
        materials4_.name as name2_5_4_,
        style5_.id as id1_14_5_,
        style5_.name as name2_14_5_,
        salesinfoc6_.id as id1_9_6_,
        salesinfoc6_.clothes_brand as clothes_2_9_6_,
        salesinfoc6_.clothes_color as clothes_3_9_6_,
        salesinfoc6_.clothes_gender as clothes_4_9_6_,
        salesinfoc6_.clothes_size as clothes_5_9_6_,
        salesinfos7_.id as id1_10_7_,
        salesinfos7_.status_score as status_s2_10_7_,
        salesinfos7_.status_tag as status_t3_10_7_,
        salesinfos7_.status_times as status_t4_10_7_,
        salesinfos7_.status_when2buy as status_w5_10_7_,
        salesinfos7_.transport as transpor6_10_7_,
        salesinfou8_.id as id1_11_8_,
        salesinfou8_.user_height as user_hei2_11_8_,
        salesinfou8_.user_size as user_siz3_11_8_,
        salesinfou8_.user_weight as user_wei4_11_8_ 
    from
        stores stores0_ 
    left outer join
        members members1_ 
            on stores0_.author_id=members1_.id 
    left outer join
        clothes_info clothesinf2_ 
            on stores0_.clothes_info_id=clothesinf2_.id 
    left outer join
        colors colors3_ 
            on stores0_.colors_name=colors3_.name 
    left outer join
        materials materials4_ 
            on stores0_.materials_name=materials4_.name 
    left outer join
        style style5_ 
            on stores0_.style_name=style5_.name 
    left outer join
        sales_info_clothes salesinfoc6_ 
            on stores0_.sales_info_clothes_id=salesinfoc6_.id 
    left outer join
        sales_info_status salesinfos7_ 
            on stores0_.sales_info_status_id=salesinfos7_.id 
    left outer join
        sales_info_user salesinfou8_ 
            on stores0_.sales_info_user_id=salesinfou8_.id 
    where
        stores0_.id=?
Hibernate: 
    select
        stores0_.id as id1_12_0_,
        stores0_.created_date as created_2_12_0_,
        stores0_.modified_date as modified3_12_0_,
        stores0_.author_id as author_i9_12_0_,
        stores0_.clothes_info_id as clothes10_12_0_,
        stores0_.colors_name as colors_11_12_0_,
        stores0_.materials_name as materia12_12_0_,
        stores0_.style_name as style_n13_12_0_,
        stores0_.clothes_length as clothes_4_12_0_,
        stores0_.content as content5_12_0_,
        stores0_.price as price6_12_0_,
        stores0_.sales_info_clothes_id as sales_i14_12_0_,
        stores0_.sales_info_status_id as sales_i15_12_0_,
        stores0_.sales_info_user_id as sales_i16_12_0_,
        stores0_.status as status7_12_0_,
        stores0_.title as title8_12_0_,
        members1_.id as id1_6_1_,
        members1_.email as email2_6_1_,
        members1_.image as image3_6_1_,
        members1_.name as name4_6_1_,
        members1_.nickname as nickname5_6_1_,
        members1_.password as password6_6_1_,
        members1_.phone as phone7_6_1_,
        members1_.refresh_token as refresh_8_6_1_,
        members1_.role as role9_6_1_,
        clothesinf2_.id as id1_2_2_,
        clothesinf2_.categoryl as category2_2_2_,
        clothesinf2_.categorys as category3_2_2_,
        clothesinf2_.fit as fit4_2_2_,
        clothesinf2_.length as length5_2_2_,
        colors3_.id as id1_4_3_,
        colors3_.name as name2_4_3_,
        materials4_.id as id1_5_4_,
        materials4_.name as name2_5_4_,
        style5_.id as id1_14_5_,
        style5_.name as name2_14_5_,
        salesinfoc6_.id as id1_9_6_,
        salesinfoc6_.clothes_brand as clothes_2_9_6_,
        salesinfoc6_.clothes_color as clothes_3_9_6_,
        salesinfoc6_.clothes_gender as clothes_4_9_6_,
        salesinfoc6_.clothes_size as clothes_5_9_6_,
        salesinfos7_.id as id1_10_7_,
        salesinfos7_.status_score as status_s2_10_7_,
        salesinfos7_.status_tag as status_t3_10_7_,
        salesinfos7_.status_times as status_t4_10_7_,
        salesinfos7_.status_when2buy as status_w5_10_7_,
        salesinfos7_.transport as transpor6_10_7_,
        salesinfou8_.id as id1_11_8_,
        salesinfou8_.user_height as user_hei2_11_8_,
        salesinfou8_.user_size as user_siz3_11_8_,
        salesinfou8_.user_weight as user_wei4_11_8_ 
    from
        stores stores0_ 
    left outer join
        members members1_ 
            on stores0_.author_id=members1_.id 
    left outer join
        clothes_info clothesinf2_ 
            on stores0_.clothes_info_id=clothesinf2_.id 
    left outer join
        colors colors3_ 
            on stores0_.colors_name=colors3_.name 
    left outer join
        materials materials4_ 
            on stores0_.materials_name=materials4_.name 
    left outer join
        style style5_ 
            on stores0_.style_name=style5_.name 
    left outer join
        sales_info_clothes salesinfoc6_ 
            on stores0_.sales_info_clothes_id=salesinfoc6_.id 
    left outer join
        sales_info_status salesinfos7_ 
            on stores0_.sales_info_status_id=salesinfos7_.id 
    left outer join
        sales_info_user salesinfou8_ 
            on stores0_.sales_info_user_id=salesinfou8_.id 
    where
        stores0_.id=?
Hibernate: 
    select
        stores0_.id as id1_12_0_,
        stores0_.created_date as created_2_12_0_,
        stores0_.modified_date as modified3_12_0_,
        stores0_.author_id as author_i9_12_0_,
        stores0_.clothes_info_id as clothes10_12_0_,
        stores0_.colors_name as colors_11_12_0_,
        stores0_.materials_name as materia12_12_0_,
        stores0_.style_name as style_n13_12_0_,
        stores0_.clothes_length as clothes_4_12_0_,
        stores0_.content as content5_12_0_,
        stores0_.price as price6_12_0_,
        stores0_.sales_info_clothes_id as sales_i14_12_0_,
        stores0_.sales_info_status_id as sales_i15_12_0_,
        stores0_.sales_info_user_id as sales_i16_12_0_,
        stores0_.status as status7_12_0_,
        stores0_.title as title8_12_0_,
        members1_.id as id1_6_1_,
        members1_.email as email2_6_1_,
        members1_.image as image3_6_1_,
        members1_.name as name4_6_1_,
        members1_.nickname as nickname5_6_1_,
        members1_.password as password6_6_1_,
        members1_.phone as phone7_6_1_,
        members1_.refresh_token as refresh_8_6_1_,
        members1_.role as role9_6_1_,
        clothesinf2_.id as id1_2_2_,
        clothesinf2_.categoryl as category2_2_2_,
        clothesinf2_.categorys as category3_2_2_,
        clothesinf2_.fit as fit4_2_2_,
        clothesinf2_.length as length5_2_2_,
        colors3_.id as id1_4_3_,
        colors3_.name as name2_4_3_,
        materials4_.id as id1_5_4_,
        materials4_.name as name2_5_4_,
        style5_.id as id1_14_5_,
        style5_.name as name2_14_5_,
        salesinfoc6_.id as id1_9_6_,
        salesinfoc6_.clothes_brand as clothes_2_9_6_,
        salesinfoc6_.clothes_color as clothes_3_9_6_,
        salesinfoc6_.clothes_gender as clothes_4_9_6_,
        salesinfoc6_.clothes_size as clothes_5_9_6_,
        salesinfos7_.id as id1_10_7_,
        salesinfos7_.status_score as status_s2_10_7_,
        salesinfos7_.status_tag as status_t3_10_7_,
        salesinfos7_.status_times as status_t4_10_7_,
        salesinfos7_.status_when2buy as status_w5_10_7_,
        salesinfos7_.transport as transpor6_10_7_,
        salesinfou8_.id as id1_11_8_,
        salesinfou8_.user_height as user_hei2_11_8_,
        salesinfou8_.user_size as user_siz3_11_8_,
        salesinfou8_.user_weight as user_wei4_11_8_ 
    from
        stores stores0_ 
    left outer join
        members members1_ 
            on stores0_.author_id=members1_.id 
    left outer join
        clothes_info clothesinf2_ 
            on stores0_.clothes_info_id=clothesinf2_.id 
    left outer join
        colors colors3_ 
            on stores0_.colors_name=colors3_.name 
    left outer join
        materials materials4_ 
            on stores0_.materials_name=materials4_.name 
    left outer join
        style style5_ 
            on stores0_.style_name=style5_.name 
    left outer join
        sales_info_clothes salesinfoc6_ 
            on stores0_.sales_info_clothes_id=salesinfoc6_.id 
    left outer join
        sales_info_status salesinfos7_ 
            on stores0_.sales_info_status_id=salesinfos7_.id 
    left outer join
        sales_info_user salesinfou8_ 
            on stores0_.sales_info_user_id=salesinfou8_.id 
    where
        stores0_.id=?
Hibernate: 
    select
        members0_.id as id1_6_,
        members0_.email as email2_6_,
        members0_.image as image3_6_,
        members0_.name as name4_6_,
        members0_.nickname as nickname5_6_,
        members0_.password as password6_6_,
        members0_.phone as phone7_6_,
        members0_.refresh_token as refresh_8_6_,
        members0_.role as role9_6_ 
    from
        members members0_ 
    where
        members0_.email=?
Hibernate: 
    select
        members0_.id as id1_6_,
        members0_.email as email2_6_,
        members0_.image as image3_6_,
        members0_.name as name4_6_,
        members0_.nickname as nickname5_6_,
        members0_.password as password6_6_,
        members0_.phone as phone7_6_,
        members0_.refresh_token as refresh_8_6_,
        members0_.role as role9_6_ 
    from
        members members0_ 
    where
        members0_.email=?
Hibernate: 
    update
        members 
    set
        email=?,
        image=?,
        name=?,
        nickname=?,
        password=?,
        phone=?,
        refresh_token=?,
        role=? 
    where
        id=?
2022-11-10 12:34:09.217  INFO 9968 --- [    Test worker] o.a.c.c.C.[Tomcat].[localhost].[/]       : Initializing Spring TestDispatcherServlet ''
2022-11-10 12:34:09.217  INFO 9968 --- [    Test worker] o.s.t.web.servlet.TestDispatcherServlet  : Initializing Servlet ''
2022-11-10 12:34:09.220  INFO 9968 --- [    Test worker] o.s.t.web.servlet.TestDispatcherServlet  : Completed initialization in 3 ms
gunsong2@naver.com
Hibernate: 
    select
        members0_.id as id1_6_,
        members0_.email as email2_6_,
        members0_.image as image3_6_,
        members0_.name as name4_6_,
        members0_.nickname as nickname5_6_,
        members0_.password as password6_6_,
        members0_.phone as phone7_6_,
        members0_.refresh_token as refresh_8_6_,
        members0_.role as role9_6_ 
    from
        members members0_ 
    where
        members0_.email=?
Hibernate: 
    select
        style0_.id as id1_14_,
        style0_.name as name2_14_ 
    from
        style style0_ 
    where
        style0_.name=?
Hibernate: 
    select
        materials0_.id as id1_5_,
        materials0_.name as name2_5_ 
    from
        materials materials0_ 
    where
        materials0_.name=?
Hibernate: 
    select
        colors0_.id as id1_4_,
        colors0_.name as name2_4_ 
    from
        colors colors0_ 
    where
        colors0_.name=?
Hibernate: 
    select
        clothesinf0_.id as id1_2_,
        clothesinf0_.categoryl as category2_2_,
        clothesinf0_.categorys as category3_2_,
        clothesinf0_.fit as fit4_2_,
        clothesinf0_.length as length5_2_ 
    from
        clothes_info clothesinf0_ 
    where
        clothesinf0_.categoryl=? 
        and clothesinf0_.categorys=? 
        and clothesinf0_.length=? 
        and clothesinf0_.fit=?
Hibernate: 
    select
        salesinfoc0_.id as id1_9_,
        salesinfoc0_.clothes_brand as clothes_2_9_,
        salesinfoc0_.clothes_color as clothes_3_9_,
        salesinfoc0_.clothes_gender as clothes_4_9_,
        salesinfoc0_.clothes_size as clothes_5_9_ 
    from
        sales_info_clothes salesinfoc0_ 
    where
        salesinfoc0_.clothes_brand=? 
        and salesinfoc0_.clothes_gender=? 
        and salesinfoc0_.clothes_size=? 
        and salesinfoc0_.clothes_color=?
Hibernate: 
    select
        salesinfos0_.id as id1_10_,
        salesinfos0_.status_score as status_s2_10_,
        salesinfos0_.status_tag as status_t3_10_,
        salesinfos0_.status_times as status_t4_10_,
        salesinfos0_.status_when2buy as status_w5_10_,
        salesinfos0_.transport as transpor6_10_ 
    from
        sales_info_status salesinfos0_ 
    where
        salesinfos0_.status_tag=? 
        and salesinfos0_.status_score=? 
        and salesinfos0_.status_times=? 
        and salesinfos0_.status_when2buy=? 
        and salesinfos0_.transport=?
Hibernate: 
    select
        salesinfou0_.id as id1_11_,
        salesinfou0_.user_height as user_hei2_11_,
        salesinfou0_.user_size as user_siz3_11_,
        salesinfou0_.user_weight as user_wei4_11_ 
    from
        sales_info_user salesinfou0_ 
    where
        salesinfou0_.user_size=? 
        and salesinfou0_.user_weight=? 
        and salesinfou0_.user_height=?
Hibernate: 
    insert 
    into
        clothes_image
        (closets_post_id, path, stores_post_id, type) 
    values
        (?, ?, ?, ?)
Hibernate: 
    insert 
    into
        clothes_image
        (closets_post_id, path, stores_post_id, type) 
    values
        (?, ?, ?, ?)
Hibernate: 
    insert 
    into
        stores
        (created_date, modified_date, author_id, clothes_info_id, colors_name, materials_name, style_name, clothes_length, content, price, sales_info_clothes_id, sales_info_status_id, sales_info_user_id, status, title) 
    values
        (?, ?, ?, ?, ?, ?, ?, ?, ?, ?, ?, ?, ?, ?, ?)
Hibernate: 
    update
        clothes_image 
    set
        closets_post_id=?,
        path=?,
        stores_post_id=?,
        type=? 
    where
        id=?
Hibernate: 
    update
        clothes_image 
    set
        closets_post_id=?,
        path=?,
        stores_post_id=?,
        type=? 
    where
        id=?
gunsong2@naver.com
Hibernate: 
    select
        members0_.id as id1_6_,
        members0_.email as email2_6_,
        members0_.image as image3_6_,
        members0_.name as name4_6_,
        members0_.nickname as nickname5_6_,
        members0_.password as password6_6_,
        members0_.phone as phone7_6_,
        members0_.refresh_token as refresh_8_6_,
        members0_.role as role9_6_ 
    from
        members members0_ 
    where
        members0_.email=?
Hibernate: 
    select
        style0_.id as id1_14_,
        style0_.name as name2_14_ 
    from
        style style0_ 
    where
        style0_.name=?
Hibernate: 
    select
        materials0_.id as id1_5_,
        materials0_.name as name2_5_ 
    from
        materials materials0_ 
    where
        materials0_.name=?
Hibernate: 
    select
        colors0_.id as id1_4_,
        colors0_.name as name2_4_ 
    from
        colors colors0_ 
    where
        colors0_.name=?
Hibernate: 
    select
        clothesinf0_.id as id1_2_,
        clothesinf0_.categoryl as category2_2_,
        clothesinf0_.categorys as category3_2_,
        clothesinf0_.fit as fit4_2_,
        clothesinf0_.length as length5_2_ 
    from
        clothes_info clothesinf0_ 
    where
        clothesinf0_.categoryl=? 
        and clothesinf0_.categorys=? 
        and clothesinf0_.length=? 
        and clothesinf0_.fit=?
Hibernate: 
    select
        salesinfoc0_.id as id1_9_,
        salesinfoc0_.clothes_brand as clothes_2_9_,
        salesinfoc0_.clothes_color as clothes_3_9_,
        salesinfoc0_.clothes_gender as clothes_4_9_,
        salesinfoc0_.clothes_size as clothes_5_9_ 
    from
        sales_info_clothes salesinfoc0_ 
    where
        salesinfoc0_.clothes_brand=? 
        and salesinfoc0_.clothes_gender=? 
        and salesinfoc0_.clothes_size=? 
        and salesinfoc0_.clothes_color=?
Hibernate: 
    select
        salesinfos0_.id as id1_10_,
        salesinfos0_.status_score as status_s2_10_,
        salesinfos0_.status_tag as status_t3_10_,
        salesinfos0_.status_times as status_t4_10_,
        salesinfos0_.status_when2buy as status_w5_10_,
        salesinfos0_.transport as transpor6_10_ 
    from
        sales_info_status salesinfos0_ 
    where
        salesinfos0_.status_tag=? 
        and salesinfos0_.status_score=? 
        and salesinfos0_.status_times=? 
        and salesinfos0_.status_when2buy=? 
        and salesinfos0_.transport=?
Hibernate: 
    select
        salesinfou0_.id as id1_11_,
        salesinfou0_.user_height as user_hei2_11_,
        salesinfou0_.user_size as user_siz3_11_,
        salesinfou0_.user_weight as user_wei4_11_ 
    from
        sales_info_user salesinfou0_ 
    where
        salesinfou0_.user_size=? 
        and salesinfou0_.user_weight=? 
        and salesinfou0_.user_height=?
Hibernate: 
    insert 
    into
        clothes_image
        (closets_post_id, path, stores_post_id, type) 
    values
        (?, ?, ?, ?)
Hibernate: 
    insert 
    into
        clothes_image
        (closets_post_id, path, stores_post_id, type) 
    values
        (?, ?, ?, ?)
Hibernate: 
    insert 
    into
        stores
        (created_date, modified_date, author_id, clothes_info_id, colors_name, materials_name, style_name, clothes_length, content, price, sales_info_clothes_id, sales_info_status_id, sales_info_user_id, status, title) 
    values
        (?, ?, ?, ?, ?, ?, ?, ?, ?, ?, ?, ?, ?, ?, ?)
Hibernate: 
    update
        clothes_image 
    set
        closets_post_id=?,
        path=?,
        stores_post_id=?,
        type=? 
    where
        id=?
Hibernate: 
    update
        clothes_image 
    set
        closets_post_id=?,
        path=?,
        stores_post_id=?,
        type=? 
    where
        id=?
gunsong2@naver.com
Hibernate: 
    select
        members0_.id as id1_6_,
        members0_.email as email2_6_,
        members0_.image as image3_6_,
        members0_.name as name4_6_,
        members0_.nickname as nickname5_6_,
        members0_.password as password6_6_,
        members0_.phone as phone7_6_,
        members0_.refresh_token as refresh_8_6_,
        members0_.role as role9_6_ 
    from
        members members0_ 
    where
        members0_.email=?
Hibernate: 
    select
        style0_.id as id1_14_,
        style0_.name as name2_14_ 
    from
        style style0_ 
    where
        style0_.name=?
Hibernate: 
    select
        materials0_.id as id1_5_,
        materials0_.name as name2_5_ 
    from
        materials materials0_ 
    where
        materials0_.name=?
Hibernate: 
    select
        colors0_.id as id1_4_,
        colors0_.name as name2_4_ 
    from
        colors colors0_ 
    where
        colors0_.name=?
Hibernate: 
    select
        clothesinf0_.id as id1_2_,
        clothesinf0_.categoryl as category2_2_,
        clothesinf0_.categorys as category3_2_,
        clothesinf0_.fit as fit4_2_,
        clothesinf0_.length as length5_2_ 
    from
        clothes_info clothesinf0_ 
    where
        clothesinf0_.categoryl=? 
        and clothesinf0_.categorys=? 
        and clothesinf0_.length=? 
        and clothesinf0_.fit=?
Hibernate: 
    select
        salesinfoc0_.id as id1_9_,
        salesinfoc0_.clothes_brand as clothes_2_9_,
        salesinfoc0_.clothes_color as clothes_3_9_,
        salesinfoc0_.clothes_gender as clothes_4_9_,
        salesinfoc0_.clothes_size as clothes_5_9_ 
    from
        sales_info_clothes salesinfoc0_ 
    where
        salesinfoc0_.clothes_brand=? 
        and salesinfoc0_.clothes_gender=? 
        and salesinfoc0_.clothes_size=? 
        and salesinfoc0_.clothes_color=?
Hibernate: 
    select
        salesinfos0_.id as id1_10_,
        salesinfos0_.status_score as status_s2_10_,
        salesinfos0_.status_tag as status_t3_10_,
        salesinfos0_.status_times as status_t4_10_,
        salesinfos0_.status_when2buy as status_w5_10_,
        salesinfos0_.transport as transpor6_10_ 
    from
        sales_info_status salesinfos0_ 
    where
        salesinfos0_.status_tag=? 
        and salesinfos0_.status_score=? 
        and salesinfos0_.status_times=? 
        and salesinfos0_.status_when2buy=? 
        and salesinfos0_.transport=?
Hibernate: 
    select
        salesinfou0_.id as id1_11_,
        salesinfou0_.user_height as user_hei2_11_,
        salesinfou0_.user_size as user_siz3_11_,
        salesinfou0_.user_weight as user_wei4_11_ 
    from
        sales_info_user salesinfou0_ 
    where
        salesinfou0_.user_size=? 
        and salesinfou0_.user_weight=? 
        and salesinfou0_.user_height=?
Hibernate: 
    insert 
    into
        clothes_image
        (closets_post_id, path, stores_post_id, type) 
    values
        (?, ?, ?, ?)
Hibernate: 
    insert 
    into
        clothes_image
        (closets_post_id, path, stores_post_id, type) 
    values
        (?, ?, ?, ?)
Hibernate: 
    insert 
    into
        stores
        (created_date, modified_date, author_id, clothes_info_id, colors_name, materials_name, style_name, clothes_length, content, price, sales_info_clothes_id, sales_info_status_id, sales_info_user_id, status, title) 
    values
        (?, ?, ?, ?, ?, ?, ?, ?, ?, ?, ?, ?, ?, ?, ?)
Hibernate: 
    update
        clothes_image 
    set
        closets_post_id=?,
        path=?,
        stores_post_id=?,
        type=? 
    where
        id=?
Hibernate: 
    update
        clothes_image 
    set
        closets_post_id=?,
        path=?,
        stores_post_id=?,
        type=? 
    where
        id=?
gunsong2@naver.com
Hibernate: 
    select
        members0_.id as id1_6_,
        members0_.email as email2_6_,
        members0_.image as image3_6_,
        members0_.name as name4_6_,
        members0_.nickname as nickname5_6_,
        members0_.password as password6_6_,
        members0_.phone as phone7_6_,
        members0_.refresh_token as refresh_8_6_,
        members0_.role as role9_6_ 
    from
        members members0_ 
    where
        members0_.email=?
Hibernate: 
    select
        style0_.id as id1_14_,
        style0_.name as name2_14_ 
    from
        style style0_ 
    where
        style0_.name=?
Hibernate: 
    select
        materials0_.id as id1_5_,
        materials0_.name as name2_5_ 
    from
        materials materials0_ 
    where
        materials0_.name=?
Hibernate: 
    select
        colors0_.id as id1_4_,
        colors0_.name as name2_4_ 
    from
        colors colors0_ 
    where
        colors0_.name=?
Hibernate: 
    select
        clothesinf0_.id as id1_2_,
        clothesinf0_.categoryl as category2_2_,
        clothesinf0_.categorys as category3_2_,
        clothesinf0_.fit as fit4_2_,
        clothesinf0_.length as length5_2_ 
    from
        clothes_info clothesinf0_ 
    where
        clothesinf0_.categoryl=? 
        and clothesinf0_.categorys=? 
        and clothesinf0_.length=? 
        and clothesinf0_.fit=?
Hibernate: 
    select
        salesinfoc0_.id as id1_9_,
        salesinfoc0_.clothes_brand as clothes_2_9_,
        salesinfoc0_.clothes_color as clothes_3_9_,
        salesinfoc0_.clothes_gender as clothes_4_9_,
        salesinfoc0_.clothes_size as clothes_5_9_ 
    from
        sales_info_clothes salesinfoc0_ 
    where
        salesinfoc0_.clothes_brand=? 
        and salesinfoc0_.clothes_gender=? 
        and salesinfoc0_.clothes_size=? 
        and salesinfoc0_.clothes_color=?
Hibernate: 
    select
        salesinfos0_.id as id1_10_,
        salesinfos0_.status_score as status_s2_10_,
        salesinfos0_.status_tag as status_t3_10_,
        salesinfos0_.status_times as status_t4_10_,
        salesinfos0_.status_when2buy as status_w5_10_,
        salesinfos0_.transport as transpor6_10_ 
    from
        sales_info_status salesinfos0_ 
    where
        salesinfos0_.status_tag=? 
        and salesinfos0_.status_score=? 
        and salesinfos0_.status_times=? 
        and salesinfos0_.status_when2buy=? 
        and salesinfos0_.transport=?
Hibernate: 
    select
        salesinfou0_.id as id1_11_,
        salesinfou0_.user_height as user_hei2_11_,
        salesinfou0_.user_size as user_siz3_11_,
        salesinfou0_.user_weight as user_wei4_11_ 
    from
        sales_info_user salesinfou0_ 
    where
        salesinfou0_.user_size=? 
        and salesinfou0_.user_weight=? 
        and salesinfou0_.user_height=?
Hibernate: 
    insert 
    into
        clothes_image
        (closets_post_id, path, stores_post_id, type) 
    values
        (?, ?, ?, ?)
Hibernate: 
    insert 
    into
        clothes_image
        (closets_post_id, path, stores_post_id, type) 
    values
        (?, ?, ?, ?)
Hibernate: 
    insert 
    into
        stores
        (created_date, modified_date, author_id, clothes_info_id, colors_name, materials_name, style_name, clothes_length, content, price, sales_info_clothes_id, sales_info_status_id, sales_info_user_id, status, title) 
    values
        (?, ?, ?, ?, ?, ?, ?, ?, ?, ?, ?, ?, ?, ?, ?)
Hibernate: 
    update
        clothes_image 
    set
        closets_post_id=?,
        path=?,
        stores_post_id=?,
        type=? 
    where
        id=?
Hibernate: 
    update
        clothes_image 
    set
        closets_post_id=?,
        path=?,
        stores_post_id=?,
        type=? 
    where
        id=?
gunsong2@naver.com
Hibernate: 
    select
        members0_.id as id1_6_,
        members0_.email as email2_6_,
        members0_.image as image3_6_,
        members0_.name as name4_6_,
        members0_.nickname as nickname5_6_,
        members0_.password as password6_6_,
        members0_.phone as phone7_6_,
        members0_.refresh_token as refresh_8_6_,
        members0_.role as role9_6_ 
    from
        members members0_ 
    where
        members0_.email=?
Hibernate: 
    select
        style0_.id as id1_14_,
        style0_.name as name2_14_ 
    from
        style style0_ 
    where
        style0_.name=?
Hibernate: 
    select
        materials0_.id as id1_5_,
        materials0_.name as name2_5_ 
    from
        materials materials0_ 
    where
        materials0_.name=?
Hibernate: 
    select
        colors0_.id as id1_4_,
        colors0_.name as name2_4_ 
    from
        colors colors0_ 
    where
        colors0_.name=?
Hibernate: 
    select
        clothesinf0_.id as id1_2_,
        clothesinf0_.categoryl as category2_2_,
        clothesinf0_.categorys as category3_2_,
        clothesinf0_.fit as fit4_2_,
        clothesinf0_.length as length5_2_ 
    from
        clothes_info clothesinf0_ 
    where
        clothesinf0_.categoryl=? 
        and clothesinf0_.categorys=? 
        and clothesinf0_.length=? 
        and clothesinf0_.fit=?
Hibernate: 
    select
        salesinfoc0_.id as id1_9_,
        salesinfoc0_.clothes_brand as clothes_2_9_,
        salesinfoc0_.clothes_color as clothes_3_9_,
        salesinfoc0_.clothes_gender as clothes_4_9_,
        salesinfoc0_.clothes_size as clothes_5_9_ 
    from
        sales_info_clothes salesinfoc0_ 
    where
        salesinfoc0_.clothes_brand=? 
        and salesinfoc0_.clothes_gender=? 
        and salesinfoc0_.clothes_size=? 
        and salesinfoc0_.clothes_color=?
Hibernate: 
    select
        salesinfos0_.id as id1_10_,
        salesinfos0_.status_score as status_s2_10_,
        salesinfos0_.status_tag as status_t3_10_,
        salesinfos0_.status_times as status_t4_10_,
        salesinfos0_.status_when2buy as status_w5_10_,
        salesinfos0_.transport as transpor6_10_ 
    from
        sales_info_status salesinfos0_ 
    where
        salesinfos0_.status_tag=? 
        and salesinfos0_.status_score=? 
        and salesinfos0_.status_times=? 
        and salesinfos0_.status_when2buy=? 
        and salesinfos0_.transport=?
Hibernate: 
    select
        salesinfou0_.id as id1_11_,
        salesinfou0_.user_height as user_hei2_11_,
        salesinfou0_.user_size as user_siz3_11_,
        salesinfou0_.user_weight as user_wei4_11_ 
    from
        sales_info_user salesinfou0_ 
    where
        salesinfou0_.user_size=? 
        and salesinfou0_.user_weight=? 
        and salesinfou0_.user_height=?
Hibernate: 
    insert 
    into
        clothes_image
        (closets_post_id, path, stores_post_id, type) 
    values
        (?, ?, ?, ?)
Hibernate: 
    insert 
    into
        clothes_image
        (closets_post_id, path, stores_post_id, type) 
    values
        (?, ?, ?, ?)
Hibernate: 
    insert 
    into
        stores
        (created_date, modified_date, author_id, clothes_info_id, colors_name, materials_name, style_name, clothes_length, content, price, sales_info_clothes_id, sales_info_status_id, sales_info_user_id, status, title) 
    values
        (?, ?, ?, ?, ?, ?, ?, ?, ?, ?, ?, ?, ?, ?, ?)
Hibernate: 
    update
        clothes_image 
    set
        closets_post_id=?,
        path=?,
        stores_post_id=?,
        type=? 
    where
        id=?
Hibernate: 
    update
        clothes_image 
    set
        closets_post_id=?,
        path=?,
        stores_post_id=?,
        type=? 
    where
        id=?
Hibernate: 
    select
        stores0_.id as id1_12_,
        stores0_.created_date as created_2_12_,
        stores0_.modified_date as modified3_12_,
        stores0_.author_id as author_i9_12_,
        stores0_.clothes_info_id as clothes10_12_,
        stores0_.colors_name as colors_11_12_,
        stores0_.materials_name as materia12_12_,
        stores0_.style_name as style_n13_12_,
        stores0_.clothes_length as clothes_4_12_,
        stores0_.content as content5_12_,
        stores0_.price as price6_12_,
        stores0_.sales_info_clothes_id as sales_i14_12_,
        stores0_.sales_info_status_id as sales_i15_12_,
        stores0_.sales_info_user_id as sales_i16_12_,
        stores0_.status as status7_12_,
        stores0_.title as title8_12_ 
    from
        stores stores0_
Hibernate: 
    select
        members0_.id as id1_6_0_,
        members0_.email as email2_6_0_,
        members0_.image as image3_6_0_,
        members0_.name as name4_6_0_,
        members0_.nickname as nickname5_6_0_,
        members0_.password as password6_6_0_,
        members0_.phone as phone7_6_0_,
        members0_.refresh_token as refresh_8_6_0_,
        members0_.role as role9_6_0_ 
    from
        members members0_ 
    where
        members0_.id=?
Hibernate: 
    select
        clothesinf0_.id as id1_2_0_,
        clothesinf0_.categoryl as category2_2_0_,
        clothesinf0_.categorys as category3_2_0_,
        clothesinf0_.fit as fit4_2_0_,
        clothesinf0_.length as length5_2_0_ 
    from
        clothes_info clothesinf0_ 
    where
        clothesinf0_.id=?
Hibernate: 
    select
        colors0_.id as id1_4_0_,
        colors0_.name as name2_4_0_ 
    from
        colors colors0_ 
    where
        colors0_.name=?
Hibernate: 
    select
        materials0_.id as id1_5_0_,
        materials0_.name as name2_5_0_ 
    from
        materials materials0_ 
    where
        materials0_.name=?
Hibernate: 
    select
        style0_.id as id1_14_0_,
        style0_.name as name2_14_0_ 
    from
        style style0_ 
    where
        style0_.name=?
Hibernate: 
    select
        salesinfoc0_.id as id1_9_0_,
        salesinfoc0_.clothes_brand as clothes_2_9_0_,
        salesinfoc0_.clothes_color as clothes_3_9_0_,
        salesinfoc0_.clothes_gender as clothes_4_9_0_,
        salesinfoc0_.clothes_size as clothes_5_9_0_ 
    from
        sales_info_clothes salesinfoc0_ 
    where
        salesinfoc0_.id=?
Hibernate: 
    select
        salesinfos0_.id as id1_10_0_,
        salesinfos0_.status_score as status_s2_10_0_,
        salesinfos0_.status_tag as status_t3_10_0_,
        salesinfos0_.status_times as status_t4_10_0_,
        salesinfos0_.status_when2buy as status_w5_10_0_,
        salesinfos0_.transport as transpor6_10_0_ 
    from
        sales_info_status salesinfos0_ 
    where
        salesinfos0_.id=?
Hibernate: 
    select
        salesinfou0_.id as id1_11_0_,
        salesinfou0_.user_height as user_hei2_11_0_,
        salesinfou0_.user_size as user_siz3_11_0_,
        salesinfou0_.user_weight as user_wei4_11_0_ 
    from
        sales_info_user salesinfou0_ 
    where
        salesinfou0_.id=?
Hibernate: 
    select
        clothesinf0_.id as id1_2_0_,
        clothesinf0_.categoryl as category2_2_0_,
        clothesinf0_.categorys as category3_2_0_,
        clothesinf0_.fit as fit4_2_0_,
        clothesinf0_.length as length5_2_0_ 
    from
        clothes_info clothesinf0_ 
    where
        clothesinf0_.id=?
Hibernate: 
    select
        colors0_.id as id1_4_0_,
        colors0_.name as name2_4_0_ 
    from
        colors colors0_ 
    where
        colors0_.name=?
Hibernate: 
    select
        materials0_.id as id1_5_0_,
        materials0_.name as name2_5_0_ 
    from
        materials materials0_ 
    where
        materials0_.name=?
Hibernate: 
    select
        style0_.id as id1_14_0_,
        style0_.name as name2_14_0_ 
    from
        style style0_ 
    where
        style0_.name=?
Hibernate: 
    select
        salesinfoc0_.id as id1_9_0_,
        salesinfoc0_.clothes_brand as clothes_2_9_0_,
        salesinfoc0_.clothes_color as clothes_3_9_0_,
        salesinfoc0_.clothes_gender as clothes_4_9_0_,
        salesinfoc0_.clothes_size as clothes_5_9_0_ 
    from
        sales_info_clothes salesinfoc0_ 
    where
        salesinfoc0_.id=?
Hibernate: 
    select
        salesinfos0_.id as id1_10_0_,
        salesinfos0_.status_score as status_s2_10_0_,
        salesinfos0_.status_tag as status_t3_10_0_,
        salesinfos0_.status_times as status_t4_10_0_,
        salesinfos0_.status_when2buy as status_w5_10_0_,
        salesinfos0_.transport as transpor6_10_0_ 
    from
        sales_info_status salesinfos0_ 
    where
        salesinfos0_.id=?
Hibernate: 
    select
        salesinfou0_.id as id1_11_0_,
        salesinfou0_.user_height as user_hei2_11_0_,
        salesinfou0_.user_size as user_siz3_11_0_,
        salesinfou0_.user_weight as user_wei4_11_0_ 
    from
        sales_info_user salesinfou0_ 
    where
        salesinfou0_.id=?
Hibernate: 
    select
        clothesinf0_.id as id1_2_0_,
        clothesinf0_.categoryl as category2_2_0_,
        clothesinf0_.categorys as category3_2_0_,
        clothesinf0_.fit as fit4_2_0_,
        clothesinf0_.length as length5_2_0_ 
    from
        clothes_info clothesinf0_ 
    where
        clothesinf0_.id=?
Hibernate: 
    select
        colors0_.id as id1_4_0_,
        colors0_.name as name2_4_0_ 
    from
        colors colors0_ 
    where
        colors0_.name=?
Hibernate: 
    select
        materials0_.id as id1_5_0_,
        materials0_.name as name2_5_0_ 
    from
        materials materials0_ 
    where
        materials0_.name=?
Hibernate: 
    select
        style0_.id as id1_14_0_,
        style0_.name as name2_14_0_ 
    from
        style style0_ 
    where
        style0_.name=?
Hibernate: 
    select
        salesinfoc0_.id as id1_9_0_,
        salesinfoc0_.clothes_brand as clothes_2_9_0_,
        salesinfoc0_.clothes_color as clothes_3_9_0_,
        salesinfoc0_.clothes_gender as clothes_4_9_0_,
        salesinfoc0_.clothes_size as clothes_5_9_0_ 
    from
        sales_info_clothes salesinfoc0_ 
    where
        salesinfoc0_.id=?
Hibernate: 
    select
        salesinfos0_.id as id1_10_0_,
        salesinfos0_.status_score as status_s2_10_0_,
        salesinfos0_.status_tag as status_t3_10_0_,
        salesinfos0_.status_times as status_t4_10_0_,
        salesinfos0_.status_when2buy as status_w5_10_0_,
        salesinfos0_.transport as transpor6_10_0_ 
    from
        sales_info_status salesinfos0_ 
    where
        salesinfos0_.id=?
Hibernate: 
    select
        salesinfou0_.id as id1_11_0_,
        salesinfou0_.user_height as user_hei2_11_0_,
        salesinfou0_.user_size as user_siz3_11_0_,
        salesinfou0_.user_weight as user_wei4_11_0_ 
    from
        sales_info_user salesinfou0_ 
    where
        salesinfou0_.id=?
Hibernate: 
    select
        clothesinf0_.id as id1_2_0_,
        clothesinf0_.categoryl as category2_2_0_,
        clothesinf0_.categorys as category3_2_0_,
        clothesinf0_.fit as fit4_2_0_,
        clothesinf0_.length as length5_2_0_ 
    from
        clothes_info clothesinf0_ 
    where
        clothesinf0_.id=?
Hibernate: 
    select
        colors0_.id as id1_4_0_,
        colors0_.name as name2_4_0_ 
    from
        colors colors0_ 
    where
        colors0_.name=?
Hibernate: 
    select
        materials0_.id as id1_5_0_,
        materials0_.name as name2_5_0_ 
    from
        materials materials0_ 
    where
        materials0_.name=?
Hibernate: 
    select
        style0_.id as id1_14_0_,
        style0_.name as name2_14_0_ 
    from
        style style0_ 
    where
        style0_.name=?
Hibernate: 
    select
        salesinfoc0_.id as id1_9_0_,
        salesinfoc0_.clothes_brand as clothes_2_9_0_,
        salesinfoc0_.clothes_color as clothes_3_9_0_,
        salesinfoc0_.clothes_gender as clothes_4_9_0_,
        salesinfoc0_.clothes_size as clothes_5_9_0_ 
    from
        sales_info_clothes salesinfoc0_ 
    where
        salesinfoc0_.id=?
Hibernate: 
    select
        salesinfos0_.id as id1_10_0_,
        salesinfos0_.status_score as status_s2_10_0_,
        salesinfos0_.status_tag as status_t3_10_0_,
        salesinfos0_.status_times as status_t4_10_0_,
        salesinfos0_.status_when2buy as status_w5_10_0_,
        salesinfos0_.transport as transpor6_10_0_ 
    from
        sales_info_status salesinfos0_ 
    where
        salesinfos0_.id=?
Hibernate: 
    select
        salesinfou0_.id as id1_11_0_,
        salesinfou0_.user_height as user_hei2_11_0_,
        salesinfou0_.user_size as user_siz3_11_0_,
        salesinfou0_.user_weight as user_wei4_11_0_ 
    from
        sales_info_user salesinfou0_ 
    where
        salesinfou0_.id=?
Hibernate: 
    select
        clothesinf0_.id as id1_2_0_,
        clothesinf0_.categoryl as category2_2_0_,
        clothesinf0_.categorys as category3_2_0_,
        clothesinf0_.fit as fit4_2_0_,
        clothesinf0_.length as length5_2_0_ 
    from
        clothes_info clothesinf0_ 
    where
        clothesinf0_.id=?
Hibernate: 
    select
        materials0_.id as id1_5_0_,
        materials0_.name as name2_5_0_ 
    from
        materials materials0_ 
    where
        materials0_.name=?
Hibernate: 
    select
        style0_.id as id1_14_0_,
        style0_.name as name2_14_0_ 
    from
        style style0_ 
    where
        style0_.name=?
Hibernate: 
    select
        salesinfoc0_.id as id1_9_0_,
        salesinfoc0_.clothes_brand as clothes_2_9_0_,
        salesinfoc0_.clothes_color as clothes_3_9_0_,
        salesinfoc0_.clothes_gender as clothes_4_9_0_,
        salesinfoc0_.clothes_size as clothes_5_9_0_ 
    from
        sales_info_clothes salesinfoc0_ 
    where
        salesinfoc0_.id=?
Hibernate: 
    select
        salesinfos0_.id as id1_10_0_,
        salesinfos0_.status_score as status_s2_10_0_,
        salesinfos0_.status_tag as status_t3_10_0_,
        salesinfos0_.status_times as status_t4_10_0_,
        salesinfos0_.status_when2buy as status_w5_10_0_,
        salesinfos0_.transport as transpor6_10_0_ 
    from
        sales_info_status salesinfos0_ 
    where
        salesinfos0_.id=?
Hibernate: 
    select
        salesinfou0_.id as id1_11_0_,
        salesinfou0_.user_height as user_hei2_11_0_,
        salesinfou0_.user_size as user_siz3_11_0_,
        salesinfou0_.user_weight as user_wei4_11_0_ 
    from
        sales_info_user salesinfou0_ 
    where
        salesinfou0_.id=?
Hibernate: 
    select
        clothesinf0_.id as id1_2_0_,
        clothesinf0_.categoryl as category2_2_0_,
        clothesinf0_.categorys as category3_2_0_,
        clothesinf0_.fit as fit4_2_0_,
        clothesinf0_.length as length5_2_0_ 
    from
        clothes_info clothesinf0_ 
    where
        clothesinf0_.id=?
Hibernate: 
    select
        colors0_.id as id1_4_0_,
        colors0_.name as name2_4_0_ 
    from
        colors colors0_ 
    where
        colors0_.name=?
Hibernate: 
    select
        clothesima0_.id as id1_3_,
        clothesima0_.closets_post_id as closets_4_3_,
        clothesima0_.path as path2_3_,
        clothesima0_.stores_post_id as stores_p5_3_,
        clothesima0_.type as type3_3_ 
    from
        clothes_image clothesima0_
Hibernate: 
    select
        stores0_.id as id1_12_0_,
        stores0_.created_date as created_2_12_0_,
        stores0_.modified_date as modified3_12_0_,
        stores0_.author_id as author_i9_12_0_,
        stores0_.clothes_info_id as clothes10_12_0_,
        stores0_.colors_name as colors_11_12_0_,
        stores0_.materials_name as materia12_12_0_,
        stores0_.style_name as style_n13_12_0_,
        stores0_.clothes_length as clothes_4_12_0_,
        stores0_.content as content5_12_0_,
        stores0_.price as price6_12_0_,
        stores0_.sales_info_clothes_id as sales_i14_12_0_,
        stores0_.sales_info_status_id as sales_i15_12_0_,
        stores0_.sales_info_user_id as sales_i16_12_0_,
        stores0_.status as status7_12_0_,
        stores0_.title as title8_12_0_,
        members1_.id as id1_6_1_,
        members1_.email as email2_6_1_,
        members1_.image as image3_6_1_,
        members1_.name as name4_6_1_,
        members1_.nickname as nickname5_6_1_,
        members1_.password as password6_6_1_,
        members1_.phone as phone7_6_1_,
        members1_.refresh_token as refresh_8_6_1_,
        members1_.role as role9_6_1_,
        clothesinf2_.id as id1_2_2_,
        clothesinf2_.categoryl as category2_2_2_,
        clothesinf2_.categorys as category3_2_2_,
        clothesinf2_.fit as fit4_2_2_,
        clothesinf2_.length as length5_2_2_,
        colors3_.id as id1_4_3_,
        colors3_.name as name2_4_3_,
        materials4_.id as id1_5_4_,
        materials4_.name as name2_5_4_,
        style5_.id as id1_14_5_,
        style5_.name as name2_14_5_,
        salesinfoc6_.id as id1_9_6_,
        salesinfoc6_.clothes_brand as clothes_2_9_6_,
        salesinfoc6_.clothes_color as clothes_3_9_6_,
        salesinfoc6_.clothes_gender as clothes_4_9_6_,
        salesinfoc6_.clothes_size as clothes_5_9_6_,
        salesinfos7_.id as id1_10_7_,
        salesinfos7_.status_score as status_s2_10_7_,
        salesinfos7_.status_tag as status_t3_10_7_,
        salesinfos7_.status_times as status_t4_10_7_,
        salesinfos7_.status_when2buy as status_w5_10_7_,
        salesinfos7_.transport as transpor6_10_7_,
        salesinfou8_.id as id1_11_8_,
        salesinfou8_.user_height as user_hei2_11_8_,
        salesinfou8_.user_size as user_siz3_11_8_,
        salesinfou8_.user_weight as user_wei4_11_8_ 
    from
        stores stores0_ 
    left outer join
        members members1_ 
            on stores0_.author_id=members1_.id 
    left outer join
        clothes_info clothesinf2_ 
            on stores0_.clothes_info_id=clothesinf2_.id 
    left outer join
        colors colors3_ 
            on stores0_.colors_name=colors3_.name 
    left outer join
        materials materials4_ 
            on stores0_.materials_name=materials4_.name 
    left outer join
        style style5_ 
            on stores0_.style_name=style5_.name 
    left outer join
        sales_info_clothes salesinfoc6_ 
            on stores0_.sales_info_clothes_id=salesinfoc6_.id 
    left outer join
        sales_info_status salesinfos7_ 
            on stores0_.sales_info_status_id=salesinfos7_.id 
    left outer join
        sales_info_user salesinfou8_ 
            on stores0_.sales_info_user_id=salesinfou8_.id 
    where
        stores0_.id=?
Hibernate: 
    select
        stores0_.id as id1_12_0_,
        stores0_.created_date as created_2_12_0_,
        stores0_.modified_date as modified3_12_0_,
        stores0_.author_id as author_i9_12_0_,
        stores0_.clothes_info_id as clothes10_12_0_,
        stores0_.colors_name as colors_11_12_0_,
        stores0_.materials_name as materia12_12_0_,
        stores0_.style_name as style_n13_12_0_,
        stores0_.clothes_length as clothes_4_12_0_,
        stores0_.content as content5_12_0_,
        stores0_.price as price6_12_0_,
        stores0_.sales_info_clothes_id as sales_i14_12_0_,
        stores0_.sales_info_status_id as sales_i15_12_0_,
        stores0_.sales_info_user_id as sales_i16_12_0_,
        stores0_.status as status7_12_0_,
        stores0_.title as title8_12_0_,
        members1_.id as id1_6_1_,
        members1_.email as email2_6_1_,
        members1_.image as image3_6_1_,
        members1_.name as name4_6_1_,
        members1_.nickname as nickname5_6_1_,
        members1_.password as password6_6_1_,
        members1_.phone as phone7_6_1_,
        members1_.refresh_token as refresh_8_6_1_,
        members1_.role as role9_6_1_,
        clothesinf2_.id as id1_2_2_,
        clothesinf2_.categoryl as category2_2_2_,
        clothesinf2_.categorys as category3_2_2_,
        clothesinf2_.fit as fit4_2_2_,
        clothesinf2_.length as length5_2_2_,
        colors3_.id as id1_4_3_,
        colors3_.name as name2_4_3_,
        materials4_.id as id1_5_4_,
        materials4_.name as name2_5_4_,
        style5_.id as id1_14_5_,
        style5_.name as name2_14_5_,
        salesinfoc6_.id as id1_9_6_,
        salesinfoc6_.clothes_brand as clothes_2_9_6_,
        salesinfoc6_.clothes_color as clothes_3_9_6_,
        salesinfoc6_.clothes_gender as clothes_4_9_6_,
        salesinfoc6_.clothes_size as clothes_5_9_6_,
        salesinfos7_.id as id1_10_7_,
        salesinfos7_.status_score as status_s2_10_7_,
        salesinfos7_.status_tag as status_t3_10_7_,
        salesinfos7_.status_times as status_t4_10_7_,
        salesinfos7_.status_when2buy as status_w5_10_7_,
        salesinfos7_.transport as transpor6_10_7_,
        salesinfou8_.id as id1_11_8_,
        salesinfou8_.user_height as user_hei2_11_8_,
        salesinfou8_.user_size as user_siz3_11_8_,
        salesinfou8_.user_weight as user_wei4_11_8_ 
    from
        stores stores0_ 
    left outer join
        members members1_ 
            on stores0_.author_id=members1_.id 
    left outer join
        clothes_info clothesinf2_ 
            on stores0_.clothes_info_id=clothesinf2_.id 
    left outer join
        colors colors3_ 
            on stores0_.colors_name=colors3_.name 
    left outer join
        materials materials4_ 
            on stores0_.materials_name=materials4_.name 
    left outer join
        style style5_ 
            on stores0_.style_name=style5_.name 
    left outer join
        sales_info_clothes salesinfoc6_ 
            on stores0_.sales_info_clothes_id=salesinfoc6_.id 
    left outer join
        sales_info_status salesinfos7_ 
            on stores0_.sales_info_status_id=salesinfos7_.id 
    left outer join
        sales_info_user salesinfou8_ 
            on stores0_.sales_info_user_id=salesinfou8_.id 
    where
        stores0_.id=?
Hibernate: 
    select
        stores0_.id as id1_12_0_,
        stores0_.created_date as created_2_12_0_,
        stores0_.modified_date as modified3_12_0_,
        stores0_.author_id as author_i9_12_0_,
        stores0_.clothes_info_id as clothes10_12_0_,
        stores0_.colors_name as colors_11_12_0_,
        stores0_.materials_name as materia12_12_0_,
        stores0_.style_name as style_n13_12_0_,
        stores0_.clothes_length as clothes_4_12_0_,
        stores0_.content as content5_12_0_,
        stores0_.price as price6_12_0_,
        stores0_.sales_info_clothes_id as sales_i14_12_0_,
        stores0_.sales_info_status_id as sales_i15_12_0_,
        stores0_.sales_info_user_id as sales_i16_12_0_,
        stores0_.status as status7_12_0_,
        stores0_.title as title8_12_0_,
        members1_.id as id1_6_1_,
        members1_.email as email2_6_1_,
        members1_.image as image3_6_1_,
        members1_.name as name4_6_1_,
        members1_.nickname as nickname5_6_1_,
        members1_.password as password6_6_1_,
        members1_.phone as phone7_6_1_,
        members1_.refresh_token as refresh_8_6_1_,
        members1_.role as role9_6_1_,
        clothesinf2_.id as id1_2_2_,
        clothesinf2_.categoryl as category2_2_2_,
        clothesinf2_.categorys as category3_2_2_,
        clothesinf2_.fit as fit4_2_2_,
        clothesinf2_.length as length5_2_2_,
        colors3_.id as id1_4_3_,
        colors3_.name as name2_4_3_,
        materials4_.id as id1_5_4_,
        materials4_.name as name2_5_4_,
        style5_.id as id1_14_5_,
        style5_.name as name2_14_5_,
        salesinfoc6_.id as id1_9_6_,
        salesinfoc6_.clothes_brand as clothes_2_9_6_,
        salesinfoc6_.clothes_color as clothes_3_9_6_,
        salesinfoc6_.clothes_gender as clothes_4_9_6_,
        salesinfoc6_.clothes_size as clothes_5_9_6_,
        salesinfos7_.id as id1_10_7_,
        salesinfos7_.status_score as status_s2_10_7_,
        salesinfos7_.status_tag as status_t3_10_7_,
        salesinfos7_.status_times as status_t4_10_7_,
        salesinfos7_.status_when2buy as status_w5_10_7_,
        salesinfos7_.transport as transpor6_10_7_,
        salesinfou8_.id as id1_11_8_,
        salesinfou8_.user_height as user_hei2_11_8_,
        salesinfou8_.user_size as user_siz3_11_8_,
        salesinfou8_.user_weight as user_wei4_11_8_ 
    from
        stores stores0_ 
    left outer join
        members members1_ 
            on stores0_.author_id=members1_.id 
    left outer join
        clothes_info clothesinf2_ 
            on stores0_.clothes_info_id=clothesinf2_.id 
    left outer join
        colors colors3_ 
            on stores0_.colors_name=colors3_.name 
    left outer join
        materials materials4_ 
            on stores0_.materials_name=materials4_.name 
    left outer join
        style style5_ 
            on stores0_.style_name=style5_.name 
    left outer join
        sales_info_clothes salesinfoc6_ 
            on stores0_.sales_info_clothes_id=salesinfoc6_.id 
    left outer join
        sales_info_status salesinfos7_ 
            on stores0_.sales_info_status_id=salesinfos7_.id 
    left outer join
        sales_info_user salesinfou8_ 
            on stores0_.sales_info_user_id=salesinfou8_.id 
    where
        stores0_.id=?
Hibernate: 
    select
        stores0_.id as id1_12_0_,
        stores0_.created_date as created_2_12_0_,
        stores0_.modified_date as modified3_12_0_,
        stores0_.author_id as author_i9_12_0_,
        stores0_.clothes_info_id as clothes10_12_0_,
        stores0_.colors_name as colors_11_12_0_,
        stores0_.materials_name as materia12_12_0_,
        stores0_.style_name as style_n13_12_0_,
        stores0_.clothes_length as clothes_4_12_0_,
        stores0_.content as content5_12_0_,
        stores0_.price as price6_12_0_,
        stores0_.sales_info_clothes_id as sales_i14_12_0_,
        stores0_.sales_info_status_id as sales_i15_12_0_,
        stores0_.sales_info_user_id as sales_i16_12_0_,
        stores0_.status as status7_12_0_,
        stores0_.title as title8_12_0_,
        members1_.id as id1_6_1_,
        members1_.email as email2_6_1_,
        members1_.image as image3_6_1_,
        members1_.name as name4_6_1_,
        members1_.nickname as nickname5_6_1_,
        members1_.password as password6_6_1_,
        members1_.phone as phone7_6_1_,
        members1_.refresh_token as refresh_8_6_1_,
        members1_.role as role9_6_1_,
        clothesinf2_.id as id1_2_2_,
        clothesinf2_.categoryl as category2_2_2_,
        clothesinf2_.categorys as category3_2_2_,
        clothesinf2_.fit as fit4_2_2_,
        clothesinf2_.length as length5_2_2_,
        colors3_.id as id1_4_3_,
        colors3_.name as name2_4_3_,
        materials4_.id as id1_5_4_,
        materials4_.name as name2_5_4_,
        style5_.id as id1_14_5_,
        style5_.name as name2_14_5_,
        salesinfoc6_.id as id1_9_6_,
        salesinfoc6_.clothes_brand as clothes_2_9_6_,
        salesinfoc6_.clothes_color as clothes_3_9_6_,
        salesinfoc6_.clothes_gender as clothes_4_9_6_,
        salesinfoc6_.clothes_size as clothes_5_9_6_,
        salesinfos7_.id as id1_10_7_,
        salesinfos7_.status_score as status_s2_10_7_,
        salesinfos7_.status_tag as status_t3_10_7_,
        salesinfos7_.status_times as status_t4_10_7_,
        salesinfos7_.status_when2buy as status_w5_10_7_,
        salesinfos7_.transport as transpor6_10_7_,
        salesinfou8_.id as id1_11_8_,
        salesinfou8_.user_height as user_hei2_11_8_,
        salesinfou8_.user_size as user_siz3_11_8_,
        salesinfou8_.user_weight as user_wei4_11_8_ 
    from
        stores stores0_ 
    left outer join
        members members1_ 
            on stores0_.author_id=members1_.id 
    left outer join
        clothes_info clothesinf2_ 
            on stores0_.clothes_info_id=clothesinf2_.id 
    left outer join
        colors colors3_ 
            on stores0_.colors_name=colors3_.name 
    left outer join
        materials materials4_ 
            on stores0_.materials_name=materials4_.name 
    left outer join
        style style5_ 
            on stores0_.style_name=style5_.name 
    left outer join
        sales_info_clothes salesinfoc6_ 
            on stores0_.sales_info_clothes_id=salesinfoc6_.id 
    left outer join
        sales_info_status salesinfos7_ 
            on stores0_.sales_info_status_id=salesinfos7_.id 
    left outer join
        sales_info_user salesinfou8_ 
            on stores0_.sales_info_user_id=salesinfou8_.id 
    where
        stores0_.id=?
Hibernate: 
    select
        stores0_.id as id1_12_0_,
        stores0_.created_date as created_2_12_0_,
        stores0_.modified_date as modified3_12_0_,
        stores0_.author_id as author_i9_12_0_,
        stores0_.clothes_info_id as clothes10_12_0_,
        stores0_.colors_name as colors_11_12_0_,
        stores0_.materials_name as materia12_12_0_,
        stores0_.style_name as style_n13_12_0_,
        stores0_.clothes_length as clothes_4_12_0_,
        stores0_.content as content5_12_0_,
        stores0_.price as price6_12_0_,
        stores0_.sales_info_clothes_id as sales_i14_12_0_,
        stores0_.sales_info_status_id as sales_i15_12_0_,
        stores0_.sales_info_user_id as sales_i16_12_0_,
        stores0_.status as status7_12_0_,
        stores0_.title as title8_12_0_,
        members1_.id as id1_6_1_,
        members1_.email as email2_6_1_,
        members1_.image as image3_6_1_,
        members1_.name as name4_6_1_,
        members1_.nickname as nickname5_6_1_,
        members1_.password as password6_6_1_,
        members1_.phone as phone7_6_1_,
        members1_.refresh_token as refresh_8_6_1_,
        members1_.role as role9_6_1_,
        clothesinf2_.id as id1_2_2_,
        clothesinf2_.categoryl as category2_2_2_,
        clothesinf2_.categorys as category3_2_2_,
        clothesinf2_.fit as fit4_2_2_,
        clothesinf2_.length as length5_2_2_,
        colors3_.id as id1_4_3_,
        colors3_.name as name2_4_3_,
        materials4_.id as id1_5_4_,
        materials4_.name as name2_5_4_,
        style5_.id as id1_14_5_,
        style5_.name as name2_14_5_,
        salesinfoc6_.id as id1_9_6_,
        salesinfoc6_.clothes_brand as clothes_2_9_6_,
        salesinfoc6_.clothes_color as clothes_3_9_6_,
        salesinfoc6_.clothes_gender as clothes_4_9_6_,
        salesinfoc6_.clothes_size as clothes_5_9_6_,
        salesinfos7_.id as id1_10_7_,
        salesinfos7_.status_score as status_s2_10_7_,
        salesinfos7_.status_tag as status_t3_10_7_,
        salesinfos7_.status_times as status_t4_10_7_,
        salesinfos7_.status_when2buy as status_w5_10_7_,
        salesinfos7_.transport as transpor6_10_7_,
        salesinfou8_.id as id1_11_8_,
        salesinfou8_.user_height as user_hei2_11_8_,
        salesinfou8_.user_size as user_siz3_11_8_,
        salesinfou8_.user_weight as user_wei4_11_8_ 
    from
        stores stores0_ 
    left outer join
        members members1_ 
            on stores0_.author_id=members1_.id 
    left outer join
        clothes_info clothesinf2_ 
            on stores0_.clothes_info_id=clothesinf2_.id 
    left outer join
        colors colors3_ 
            on stores0_.colors_name=colors3_.name 
    left outer join
        materials materials4_ 
            on stores0_.materials_name=materials4_.name 
    left outer join
        style style5_ 
            on stores0_.style_name=style5_.name 
    left outer join
        sales_info_clothes salesinfoc6_ 
            on stores0_.sales_info_clothes_id=salesinfoc6_.id 
    left outer join
        sales_info_status salesinfos7_ 
            on stores0_.sales_info_status_id=salesinfos7_.id 
    left outer join
        sales_info_user salesinfou8_ 
            on stores0_.sales_info_user_id=salesinfou8_.id 
    where
        stores0_.id=?
Hibernate: 
    select
        stores0_.id as id1_12_0_,
        stores0_.created_date as created_2_12_0_,
        stores0_.modified_date as modified3_12_0_,
        stores0_.author_id as author_i9_12_0_,
        stores0_.clothes_info_id as clothes10_12_0_,
        stores0_.colors_name as colors_11_12_0_,
        stores0_.materials_name as materia12_12_0_,
        stores0_.style_name as style_n13_12_0_,
        stores0_.clothes_length as clothes_4_12_0_,
        stores0_.content as content5_12_0_,
        stores0_.price as price6_12_0_,
        stores0_.sales_info_clothes_id as sales_i14_12_0_,
        stores0_.sales_info_status_id as sales_i15_12_0_,
        stores0_.sales_info_user_id as sales_i16_12_0_,
        stores0_.status as status7_12_0_,
        stores0_.title as title8_12_0_,
        members1_.id as id1_6_1_,
        members1_.email as email2_6_1_,
        members1_.image as image3_6_1_,
        members1_.name as name4_6_1_,
        members1_.nickname as nickname5_6_1_,
        members1_.password as password6_6_1_,
        members1_.phone as phone7_6_1_,
        members1_.refresh_token as refresh_8_6_1_,
        members1_.role as role9_6_1_,
        clothesinf2_.id as id1_2_2_,
        clothesinf2_.categoryl as category2_2_2_,
        clothesinf2_.categorys as category3_2_2_,
        clothesinf2_.fit as fit4_2_2_,
        clothesinf2_.length as length5_2_2_,
        colors3_.id as id1_4_3_,
        colors3_.name as name2_4_3_,
        materials4_.id as id1_5_4_,
        materials4_.name as name2_5_4_,
        style5_.id as id1_14_5_,
        style5_.name as name2_14_5_,
        salesinfoc6_.id as id1_9_6_,
        salesinfoc6_.clothes_brand as clothes_2_9_6_,
        salesinfoc6_.clothes_color as clothes_3_9_6_,
        salesinfoc6_.clothes_gender as clothes_4_9_6_,
        salesinfoc6_.clothes_size as clothes_5_9_6_,
        salesinfos7_.id as id1_10_7_,
        salesinfos7_.status_score as status_s2_10_7_,
        salesinfos7_.status_tag as status_t3_10_7_,
        salesinfos7_.status_times as status_t4_10_7_,
        salesinfos7_.status_when2buy as status_w5_10_7_,
        salesinfos7_.transport as transpor6_10_7_,
        salesinfou8_.id as id1_11_8_,
        salesinfou8_.user_height as user_hei2_11_8_,
        salesinfou8_.user_size as user_siz3_11_8_,
        salesinfou8_.user_weight as user_wei4_11_8_ 
    from
        stores stores0_ 
    left outer join
        members members1_ 
            on stores0_.author_id=members1_.id 
    left outer join
        clothes_info clothesinf2_ 
            on stores0_.clothes_info_id=clothesinf2_.id 
    left outer join
        colors colors3_ 
            on stores0_.colors_name=colors3_.name 
    left outer join
        materials materials4_ 
            on stores0_.materials_name=materials4_.name 
    left outer join
        style style5_ 
            on stores0_.style_name=style5_.name 
    left outer join
        sales_info_clothes salesinfoc6_ 
            on stores0_.sales_info_clothes_id=salesinfoc6_.id 
    left outer join
        sales_info_status salesinfos7_ 
            on stores0_.sales_info_status_id=salesinfos7_.id 
    left outer join
        sales_info_user salesinfou8_ 
            on stores0_.sales_info_user_id=salesinfou8_.id 
    where
        stores0_.id=?
Hibernate: 
    select
        stores0_.id as id1_12_0_,
        stores0_.created_date as created_2_12_0_,
        stores0_.modified_date as modified3_12_0_,
        stores0_.author_id as author_i9_12_0_,
        stores0_.clothes_info_id as clothes10_12_0_,
        stores0_.colors_name as colors_11_12_0_,
        stores0_.materials_name as materia12_12_0_,
        stores0_.style_name as style_n13_12_0_,
        stores0_.clothes_length as clothes_4_12_0_,
        stores0_.content as content5_12_0_,
        stores0_.price as price6_12_0_,
        stores0_.sales_info_clothes_id as sales_i14_12_0_,
        stores0_.sales_info_status_id as sales_i15_12_0_,
        stores0_.sales_info_user_id as sales_i16_12_0_,
        stores0_.status as status7_12_0_,
        stores0_.title as title8_12_0_,
        members1_.id as id1_6_1_,
        members1_.email as email2_6_1_,
        members1_.image as image3_6_1_,
        members1_.name as name4_6_1_,
        members1_.nickname as nickname5_6_1_,
        members1_.password as password6_6_1_,
        members1_.phone as phone7_6_1_,
        members1_.refresh_token as refresh_8_6_1_,
        members1_.role as role9_6_1_,
        clothesinf2_.id as id1_2_2_,
        clothesinf2_.categoryl as category2_2_2_,
        clothesinf2_.categorys as category3_2_2_,
        clothesinf2_.fit as fit4_2_2_,
        clothesinf2_.length as length5_2_2_,
        colors3_.id as id1_4_3_,
        colors3_.name as name2_4_3_,
        materials4_.id as id1_5_4_,
        materials4_.name as name2_5_4_,
        style5_.id as id1_14_5_,
        style5_.name as name2_14_5_,
        salesinfoc6_.id as id1_9_6_,
        salesinfoc6_.clothes_brand as clothes_2_9_6_,
        salesinfoc6_.clothes_color as clothes_3_9_6_,
        salesinfoc6_.clothes_gender as clothes_4_9_6_,
        salesinfoc6_.clothes_size as clothes_5_9_6_,
        salesinfos7_.id as id1_10_7_,
        salesinfos7_.status_score as status_s2_10_7_,
        salesinfos7_.status_tag as status_t3_10_7_,
        salesinfos7_.status_times as status_t4_10_7_,
        salesinfos7_.status_when2buy as status_w5_10_7_,
        salesinfos7_.transport as transpor6_10_7_,
        salesinfou8_.id as id1_11_8_,
        salesinfou8_.user_height as user_hei2_11_8_,
        salesinfou8_.user_size as user_siz3_11_8_,
        salesinfou8_.user_weight as user_wei4_11_8_ 
    from
        stores stores0_ 
    left outer join
        members members1_ 
            on stores0_.author_id=members1_.id 
    left outer join
        clothes_info clothesinf2_ 
            on stores0_.clothes_info_id=clothesinf2_.id 
    left outer join
        colors colors3_ 
            on stores0_.colors_name=colors3_.name 
    left outer join
        materials materials4_ 
            on stores0_.materials_name=materials4_.name 
    left outer join
        style style5_ 
            on stores0_.style_name=style5_.name 
    left outer join
        sales_info_clothes salesinfoc6_ 
            on stores0_.sales_info_clothes_id=salesinfoc6_.id 
    left outer join
        sales_info_status salesinfos7_ 
            on stores0_.sales_info_status_id=salesinfos7_.id 
    left outer join
        sales_info_user salesinfou8_ 
            on stores0_.sales_info_user_id=salesinfou8_.id 
    where
        stores0_.id=?
Hibernate: 
    select
        stores0_.id as id1_12_0_,
        stores0_.created_date as created_2_12_0_,
        stores0_.modified_date as modified3_12_0_,
        stores0_.author_id as author_i9_12_0_,
        stores0_.clothes_info_id as clothes10_12_0_,
        stores0_.colors_name as colors_11_12_0_,
        stores0_.materials_name as materia12_12_0_,
        stores0_.style_name as style_n13_12_0_,
        stores0_.clothes_length as clothes_4_12_0_,
        stores0_.content as content5_12_0_,
        stores0_.price as price6_12_0_,
        stores0_.sales_info_clothes_id as sales_i14_12_0_,
        stores0_.sales_info_status_id as sales_i15_12_0_,
        stores0_.sales_info_user_id as sales_i16_12_0_,
        stores0_.status as status7_12_0_,
        stores0_.title as title8_12_0_,
        members1_.id as id1_6_1_,
        members1_.email as email2_6_1_,
        members1_.image as image3_6_1_,
        members1_.name as name4_6_1_,
        members1_.nickname as nickname5_6_1_,
        members1_.password as password6_6_1_,
        members1_.phone as phone7_6_1_,
        members1_.refresh_token as refresh_8_6_1_,
        members1_.role as role9_6_1_,
        clothesinf2_.id as id1_2_2_,
        clothesinf2_.categoryl as category2_2_2_,
        clothesinf2_.categorys as category3_2_2_,
        clothesinf2_.fit as fit4_2_2_,
        clothesinf2_.length as length5_2_2_,
        colors3_.id as id1_4_3_,
        colors3_.name as name2_4_3_,
        materials4_.id as id1_5_4_,
        materials4_.name as name2_5_4_,
        style5_.id as id1_14_5_,
        style5_.name as name2_14_5_,
        salesinfoc6_.id as id1_9_6_,
        salesinfoc6_.clothes_brand as clothes_2_9_6_,
        salesinfoc6_.clothes_color as clothes_3_9_6_,
        salesinfoc6_.clothes_gender as clothes_4_9_6_,
        salesinfoc6_.clothes_size as clothes_5_9_6_,
        salesinfos7_.id as id1_10_7_,
        salesinfos7_.status_score as status_s2_10_7_,
        salesinfos7_.status_tag as status_t3_10_7_,
        salesinfos7_.status_times as status_t4_10_7_,
        salesinfos7_.status_when2buy as status_w5_10_7_,
        salesinfos7_.transport as transpor6_10_7_,
        salesinfou8_.id as id1_11_8_,
        salesinfou8_.user_height as user_hei2_11_8_,
        salesinfou8_.user_size as user_siz3_11_8_,
        salesinfou8_.user_weight as user_wei4_11_8_ 
    from
        stores stores0_ 
    left outer join
        members members1_ 
            on stores0_.author_id=members1_.id 
    left outer join
        clothes_info clothesinf2_ 
            on stores0_.clothes_info_id=clothesinf2_.id 
    left outer join
        colors colors3_ 
            on stores0_.colors_name=colors3_.name 
    left outer join
        materials materials4_ 
            on stores0_.materials_name=materials4_.name 
    left outer join
        style style5_ 
            on stores0_.style_name=style5_.name 
    left outer join
        sales_info_clothes salesinfoc6_ 
            on stores0_.sales_info_clothes_id=salesinfoc6_.id 
    left outer join
        sales_info_status salesinfos7_ 
            on stores0_.sales_info_status_id=salesinfos7_.id 
    left outer join
        sales_info_user salesinfou8_ 
            on stores0_.sales_info_user_id=salesinfou8_.id 
    where
        stores0_.id=?
Hibernate: 
    select
        stores0_.id as id1_12_0_,
        stores0_.created_date as created_2_12_0_,
        stores0_.modified_date as modified3_12_0_,
        stores0_.author_id as author_i9_12_0_,
        stores0_.clothes_info_id as clothes10_12_0_,
        stores0_.colors_name as colors_11_12_0_,
        stores0_.materials_name as materia12_12_0_,
        stores0_.style_name as style_n13_12_0_,
        stores0_.clothes_length as clothes_4_12_0_,
        stores0_.content as content5_12_0_,
        stores0_.price as price6_12_0_,
        stores0_.sales_info_clothes_id as sales_i14_12_0_,
        stores0_.sales_info_status_id as sales_i15_12_0_,
        stores0_.sales_info_user_id as sales_i16_12_0_,
        stores0_.status as status7_12_0_,
        stores0_.title as title8_12_0_,
        members1_.id as id1_6_1_,
        members1_.email as email2_6_1_,
        members1_.image as image3_6_1_,
        members1_.name as name4_6_1_,
        members1_.nickname as nickname5_6_1_,
        members1_.password as password6_6_1_,
        members1_.phone as phone7_6_1_,
        members1_.refresh_token as refresh_8_6_1_,
        members1_.role as role9_6_1_,
        clothesinf2_.id as id1_2_2_,
        clothesinf2_.categoryl as category2_2_2_,
        clothesinf2_.categorys as category3_2_2_,
        clothesinf2_.fit as fit4_2_2_,
        clothesinf2_.length as length5_2_2_,
        colors3_.id as id1_4_3_,
        colors3_.name as name2_4_3_,
        materials4_.id as id1_5_4_,
        materials4_.name as name2_5_4_,
        style5_.id as id1_14_5_,
        style5_.name as name2_14_5_,
        salesinfoc6_.id as id1_9_6_,
        salesinfoc6_.clothes_brand as clothes_2_9_6_,
        salesinfoc6_.clothes_color as clothes_3_9_6_,
        salesinfoc6_.clothes_gender as clothes_4_9_6_,
        salesinfoc6_.clothes_size as clothes_5_9_6_,
        salesinfos7_.id as id1_10_7_,
        salesinfos7_.status_score as status_s2_10_7_,
        salesinfos7_.status_tag as status_t3_10_7_,
        salesinfos7_.status_times as status_t4_10_7_,
        salesinfos7_.status_when2buy as status_w5_10_7_,
        salesinfos7_.transport as transpor6_10_7_,
        salesinfou8_.id as id1_11_8_,
        salesinfou8_.user_height as user_hei2_11_8_,
        salesinfou8_.user_size as user_siz3_11_8_,
        salesinfou8_.user_weight as user_wei4_11_8_ 
    from
        stores stores0_ 
    left outer join
        members members1_ 
            on stores0_.author_id=members1_.id 
    left outer join
        clothes_info clothesinf2_ 
            on stores0_.clothes_info_id=clothesinf2_.id 
    left outer join
        colors colors3_ 
            on stores0_.colors_name=colors3_.name 
    left outer join
        materials materials4_ 
            on stores0_.materials_name=materials4_.name 
    left outer join
        style style5_ 
            on stores0_.style_name=style5_.name 
    left outer join
        sales_info_clothes salesinfoc6_ 
            on stores0_.sales_info_clothes_id=salesinfoc6_.id 
    left outer join
        sales_info_status salesinfos7_ 
            on stores0_.sales_info_status_id=salesinfos7_.id 
    left outer join
        sales_info_user salesinfou8_ 
            on stores0_.sales_info_user_id=salesinfou8_.id 
    where
        stores0_.id=?
Hibernate: 
    select
        stores0_.id as id1_12_0_,
        stores0_.created_date as created_2_12_0_,
        stores0_.modified_date as modified3_12_0_,
        stores0_.author_id as author_i9_12_0_,
        stores0_.clothes_info_id as clothes10_12_0_,
        stores0_.colors_name as colors_11_12_0_,
        stores0_.materials_name as materia12_12_0_,
        stores0_.style_name as style_n13_12_0_,
        stores0_.clothes_length as clothes_4_12_0_,
        stores0_.content as content5_12_0_,
        stores0_.price as price6_12_0_,
        stores0_.sales_info_clothes_id as sales_i14_12_0_,
        stores0_.sales_info_status_id as sales_i15_12_0_,
        stores0_.sales_info_user_id as sales_i16_12_0_,
        stores0_.status as status7_12_0_,
        stores0_.title as title8_12_0_,
        members1_.id as id1_6_1_,
        members1_.email as email2_6_1_,
        members1_.image as image3_6_1_,
        members1_.name as name4_6_1_,
        members1_.nickname as nickname5_6_1_,
        members1_.password as password6_6_1_,
        members1_.phone as phone7_6_1_,
        members1_.refresh_token as refresh_8_6_1_,
        members1_.role as role9_6_1_,
        clothesinf2_.id as id1_2_2_,
        clothesinf2_.categoryl as category2_2_2_,
        clothesinf2_.categorys as category3_2_2_,
        clothesinf2_.fit as fit4_2_2_,
        clothesinf2_.length as length5_2_2_,
        colors3_.id as id1_4_3_,
        colors3_.name as name2_4_3_,
        materials4_.id as id1_5_4_,
        materials4_.name as name2_5_4_,
        style5_.id as id1_14_5_,
        style5_.name as name2_14_5_,
        salesinfoc6_.id as id1_9_6_,
        salesinfoc6_.clothes_brand as clothes_2_9_6_,
        salesinfoc6_.clothes_color as clothes_3_9_6_,
        salesinfoc6_.clothes_gender as clothes_4_9_6_,
        salesinfoc6_.clothes_size as clothes_5_9_6_,
        salesinfos7_.id as id1_10_7_,
        salesinfos7_.status_score as status_s2_10_7_,
        salesinfos7_.status_tag as status_t3_10_7_,
        salesinfos7_.status_times as status_t4_10_7_,
        salesinfos7_.status_when2buy as status_w5_10_7_,
        salesinfos7_.transport as transpor6_10_7_,
        salesinfou8_.id as id1_11_8_,
        salesinfou8_.user_height as user_hei2_11_8_,
        salesinfou8_.user_size as user_siz3_11_8_,
        salesinfou8_.user_weight as user_wei4_11_8_ 
    from
        stores stores0_ 
    left outer join
        members members1_ 
            on stores0_.author_id=members1_.id 
    left outer join
        clothes_info clothesinf2_ 
            on stores0_.clothes_info_id=clothesinf2_.id 
    left outer join
        colors colors3_ 
            on stores0_.colors_name=colors3_.name 
    left outer join
        materials materials4_ 
            on stores0_.materials_name=materials4_.name 
    left outer join
        style style5_ 
            on stores0_.style_name=style5_.name 
    left outer join
        sales_info_clothes salesinfoc6_ 
            on stores0_.sales_info_clothes_id=salesinfoc6_.id 
    left outer join
        sales_info_status salesinfos7_ 
            on stores0_.sales_info_status_id=salesinfos7_.id 
    left outer join
        sales_info_user salesinfou8_ 
            on stores0_.sales_info_user_id=salesinfou8_.id 
    where
        stores0_.id=?
Hibernate: 
    select
        stores0_.id as id1_12_0_,
        stores0_.created_date as created_2_12_0_,
        stores0_.modified_date as modified3_12_0_,
        stores0_.author_id as author_i9_12_0_,
        stores0_.clothes_info_id as clothes10_12_0_,
        stores0_.colors_name as colors_11_12_0_,
        stores0_.materials_name as materia12_12_0_,
        stores0_.style_name as style_n13_12_0_,
        stores0_.clothes_length as clothes_4_12_0_,
        stores0_.content as content5_12_0_,
        stores0_.price as price6_12_0_,
        stores0_.sales_info_clothes_id as sales_i14_12_0_,
        stores0_.sales_info_status_id as sales_i15_12_0_,
        stores0_.sales_info_user_id as sales_i16_12_0_,
        stores0_.status as status7_12_0_,
        stores0_.title as title8_12_0_,
        members1_.id as id1_6_1_,
        members1_.email as email2_6_1_,
        members1_.image as image3_6_1_,
        members1_.name as name4_6_1_,
        members1_.nickname as nickname5_6_1_,
        members1_.password as password6_6_1_,
        members1_.phone as phone7_6_1_,
        members1_.refresh_token as refresh_8_6_1_,
        members1_.role as role9_6_1_,
        clothesinf2_.id as id1_2_2_,
        clothesinf2_.categoryl as category2_2_2_,
        clothesinf2_.categorys as category3_2_2_,
        clothesinf2_.fit as fit4_2_2_,
        clothesinf2_.length as length5_2_2_,
        colors3_.id as id1_4_3_,
        colors3_.name as name2_4_3_,
        materials4_.id as id1_5_4_,
        materials4_.name as name2_5_4_,
        style5_.id as id1_14_5_,
        style5_.name as name2_14_5_,
        salesinfoc6_.id as id1_9_6_,
        salesinfoc6_.clothes_brand as clothes_2_9_6_,
        salesinfoc6_.clothes_color as clothes_3_9_6_,
        salesinfoc6_.clothes_gender as clothes_4_9_6_,
        salesinfoc6_.clothes_size as clothes_5_9_6_,
        salesinfos7_.id as id1_10_7_,
        salesinfos7_.status_score as status_s2_10_7_,
        salesinfos7_.status_tag as status_t3_10_7_,
        salesinfos7_.status_times as status_t4_10_7_,
        salesinfos7_.status_when2buy as status_w5_10_7_,
        salesinfos7_.transport as transpor6_10_7_,
        salesinfou8_.id as id1_11_8_,
        salesinfou8_.user_height as user_hei2_11_8_,
        salesinfou8_.user_size as user_siz3_11_8_,
        salesinfou8_.user_weight as user_wei4_11_8_ 
    from
        stores stores0_ 
    left outer join
        members members1_ 
            on stores0_.author_id=members1_.id 
    left outer join
        clothes_info clothesinf2_ 
            on stores0_.clothes_info_id=clothesinf2_.id 
    left outer join
        colors colors3_ 
            on stores0_.colors_name=colors3_.name 
    left outer join
        materials materials4_ 
            on stores0_.materials_name=materials4_.name 
    left outer join
        style style5_ 
            on stores0_.style_name=style5_.name 
    left outer join
        sales_info_clothes salesinfoc6_ 
            on stores0_.sales_info_clothes_id=salesinfoc6_.id 
    left outer join
        sales_info_status salesinfos7_ 
            on stores0_.sales_info_status_id=salesinfos7_.id 
    left outer join
        sales_info_user salesinfou8_ 
            on stores0_.sales_info_user_id=salesinfou8_.id 
    where
        stores0_.id=?
Hibernate: 
    select
        stores0_.id as id1_12_0_,
        stores0_.created_date as created_2_12_0_,
        stores0_.modified_date as modified3_12_0_,
        stores0_.author_id as author_i9_12_0_,
        stores0_.clothes_info_id as clothes10_12_0_,
        stores0_.colors_name as colors_11_12_0_,
        stores0_.materials_name as materia12_12_0_,
        stores0_.style_name as style_n13_12_0_,
        stores0_.clothes_length as clothes_4_12_0_,
        stores0_.content as content5_12_0_,
        stores0_.price as price6_12_0_,
        stores0_.sales_info_clothes_id as sales_i14_12_0_,
        stores0_.sales_info_status_id as sales_i15_12_0_,
        stores0_.sales_info_user_id as sales_i16_12_0_,
        stores0_.status as status7_12_0_,
        stores0_.title as title8_12_0_,
        members1_.id as id1_6_1_,
        members1_.email as email2_6_1_,
        members1_.image as image3_6_1_,
        members1_.name as name4_6_1_,
        members1_.nickname as nickname5_6_1_,
        members1_.password as password6_6_1_,
        members1_.phone as phone7_6_1_,
        members1_.refresh_token as refresh_8_6_1_,
        members1_.role as role9_6_1_,
        clothesinf2_.id as id1_2_2_,
        clothesinf2_.categoryl as category2_2_2_,
        clothesinf2_.categorys as category3_2_2_,
        clothesinf2_.fit as fit4_2_2_,
        clothesinf2_.length as length5_2_2_,
        colors3_.id as id1_4_3_,
        colors3_.name as name2_4_3_,
        materials4_.id as id1_5_4_,
        materials4_.name as name2_5_4_,
        style5_.id as id1_14_5_,
        style5_.name as name2_14_5_,
        salesinfoc6_.id as id1_9_6_,
        salesinfoc6_.clothes_brand as clothes_2_9_6_,
        salesinfoc6_.clothes_color as clothes_3_9_6_,
        salesinfoc6_.clothes_gender as clothes_4_9_6_,
        salesinfoc6_.clothes_size as clothes_5_9_6_,
        salesinfos7_.id as id1_10_7_,
        salesinfos7_.status_score as status_s2_10_7_,
        salesinfos7_.status_tag as status_t3_10_7_,
        salesinfos7_.status_times as status_t4_10_7_,
        salesinfos7_.status_when2buy as status_w5_10_7_,
        salesinfos7_.transport as transpor6_10_7_,
        salesinfou8_.id as id1_11_8_,
        salesinfou8_.user_height as user_hei2_11_8_,
        salesinfou8_.user_size as user_siz3_11_8_,
        salesinfou8_.user_weight as user_wei4_11_8_ 
    from
        stores stores0_ 
    left outer join
        members members1_ 
            on stores0_.author_id=members1_.id 
    left outer join
        clothes_info clothesinf2_ 
            on stores0_.clothes_info_id=clothesinf2_.id 
    left outer join
        colors colors3_ 
            on stores0_.colors_name=colors3_.name 
    left outer join
        materials materials4_ 
            on stores0_.materials_name=materials4_.name 
    left outer join
        style style5_ 
            on stores0_.style_name=style5_.name 
    left outer join
        sales_info_clothes salesinfoc6_ 
            on stores0_.sales_info_clothes_id=salesinfoc6_.id 
    left outer join
        sales_info_status salesinfos7_ 
            on stores0_.sales_info_status_id=salesinfos7_.id 
    left outer join
        sales_info_user salesinfou8_ 
            on stores0_.sales_info_user_id=salesinfou8_.id 
    where
        stores0_.id=?
Hibernate: 
    select
        stores0_.id as id1_12_0_,
        stores0_.created_date as created_2_12_0_,
        stores0_.modified_date as modified3_12_0_,
        stores0_.author_id as author_i9_12_0_,
        stores0_.clothes_info_id as clothes10_12_0_,
        stores0_.colors_name as colors_11_12_0_,
        stores0_.materials_name as materia12_12_0_,
        stores0_.style_name as style_n13_12_0_,
        stores0_.clothes_length as clothes_4_12_0_,
        stores0_.content as content5_12_0_,
        stores0_.price as price6_12_0_,
        stores0_.sales_info_clothes_id as sales_i14_12_0_,
        stores0_.sales_info_status_id as sales_i15_12_0_,
        stores0_.sales_info_user_id as sales_i16_12_0_,
        stores0_.status as status7_12_0_,
        stores0_.title as title8_12_0_,
        members1_.id as id1_6_1_,
        members1_.email as email2_6_1_,
        members1_.image as image3_6_1_,
        members1_.name as name4_6_1_,
        members1_.nickname as nickname5_6_1_,
        members1_.password as password6_6_1_,
        members1_.phone as phone7_6_1_,
        members1_.refresh_token as refresh_8_6_1_,
        members1_.role as role9_6_1_,
        clothesinf2_.id as id1_2_2_,
        clothesinf2_.categoryl as category2_2_2_,
        clothesinf2_.categorys as category3_2_2_,
        clothesinf2_.fit as fit4_2_2_,
        clothesinf2_.length as length5_2_2_,
        colors3_.id as id1_4_3_,
        colors3_.name as name2_4_3_,
        materials4_.id as id1_5_4_,
        materials4_.name as name2_5_4_,
        style5_.id as id1_14_5_,
        style5_.name as name2_14_5_,
        salesinfoc6_.id as id1_9_6_,
        salesinfoc6_.clothes_brand as clothes_2_9_6_,
        salesinfoc6_.clothes_color as clothes_3_9_6_,
        salesinfoc6_.clothes_gender as clothes_4_9_6_,
        salesinfoc6_.clothes_size as clothes_5_9_6_,
        salesinfos7_.id as id1_10_7_,
        salesinfos7_.status_score as status_s2_10_7_,
        salesinfos7_.status_tag as status_t3_10_7_,
        salesinfos7_.status_times as status_t4_10_7_,
        salesinfos7_.status_when2buy as status_w5_10_7_,
        salesinfos7_.transport as transpor6_10_7_,
        salesinfou8_.id as id1_11_8_,
        salesinfou8_.user_height as user_hei2_11_8_,
        salesinfou8_.user_size as user_siz3_11_8_,
        salesinfou8_.user_weight as user_wei4_11_8_ 
    from
        stores stores0_ 
    left outer join
        members members1_ 
            on stores0_.author_id=members1_.id 
    left outer join
        clothes_info clothesinf2_ 
            on stores0_.clothes_info_id=clothesinf2_.id 
    left outer join
        colors colors3_ 
            on stores0_.colors_name=colors3_.name 
    left outer join
        materials materials4_ 
            on stores0_.materials_name=materials4_.name 
    left outer join
        style style5_ 
            on stores0_.style_name=style5_.name 
    left outer join
        sales_info_clothes salesinfoc6_ 
            on stores0_.sales_info_clothes_id=salesinfoc6_.id 
    left outer join
        sales_info_status salesinfos7_ 
            on stores0_.sales_info_status_id=salesinfos7_.id 
    left outer join
        sales_info_user salesinfou8_ 
            on stores0_.sales_info_user_id=salesinfou8_.id 
    where
        stores0_.id=?
Hibernate: 
    select
        stores0_.id as id1_12_0_,
        stores0_.created_date as created_2_12_0_,
        stores0_.modified_date as modified3_12_0_,
        stores0_.author_id as author_i9_12_0_,
        stores0_.clothes_info_id as clothes10_12_0_,
        stores0_.colors_name as colors_11_12_0_,
        stores0_.materials_name as materia12_12_0_,
        stores0_.style_name as style_n13_12_0_,
        stores0_.clothes_length as clothes_4_12_0_,
        stores0_.content as content5_12_0_,
        stores0_.price as price6_12_0_,
        stores0_.sales_info_clothes_id as sales_i14_12_0_,
        stores0_.sales_info_status_id as sales_i15_12_0_,
        stores0_.sales_info_user_id as sales_i16_12_0_,
        stores0_.status as status7_12_0_,
        stores0_.title as title8_12_0_,
        members1_.id as id1_6_1_,
        members1_.email as email2_6_1_,
        members1_.image as image3_6_1_,
        members1_.name as name4_6_1_,
        members1_.nickname as nickname5_6_1_,
        members1_.password as password6_6_1_,
        members1_.phone as phone7_6_1_,
        members1_.refresh_token as refresh_8_6_1_,
        members1_.role as role9_6_1_,
        clothesinf2_.id as id1_2_2_,
        clothesinf2_.categoryl as category2_2_2_,
        clothesinf2_.categorys as category3_2_2_,
        clothesinf2_.fit as fit4_2_2_,
        clothesinf2_.length as length5_2_2_,
        colors3_.id as id1_4_3_,
        colors3_.name as name2_4_3_,
        materials4_.id as id1_5_4_,
        materials4_.name as name2_5_4_,
        style5_.id as id1_14_5_,
        style5_.name as name2_14_5_,
        salesinfoc6_.id as id1_9_6_,
        salesinfoc6_.clothes_brand as clothes_2_9_6_,
        salesinfoc6_.clothes_color as clothes_3_9_6_,
        salesinfoc6_.clothes_gender as clothes_4_9_6_,
        salesinfoc6_.clothes_size as clothes_5_9_6_,
        salesinfos7_.id as id1_10_7_,
        salesinfos7_.status_score as status_s2_10_7_,
        salesinfos7_.status_tag as status_t3_10_7_,
        salesinfos7_.status_times as status_t4_10_7_,
        salesinfos7_.status_when2buy as status_w5_10_7_,
        salesinfos7_.transport as transpor6_10_7_,
        salesinfou8_.id as id1_11_8_,
        salesinfou8_.user_height as user_hei2_11_8_,
        salesinfou8_.user_size as user_siz3_11_8_,
        salesinfou8_.user_weight as user_wei4_11_8_ 
    from
        stores stores0_ 
    left outer join
        members members1_ 
            on stores0_.author_id=members1_.id 
    left outer join
        clothes_info clothesinf2_ 
            on stores0_.clothes_info_id=clothesinf2_.id 
    left outer join
        colors colors3_ 
            on stores0_.colors_name=colors3_.name 
    left outer join
        materials materials4_ 
            on stores0_.materials_name=materials4_.name 
    left outer join
        style style5_ 
            on stores0_.style_name=style5_.name 
    left outer join
        sales_info_clothes salesinfoc6_ 
            on stores0_.sales_info_clothes_id=salesinfoc6_.id 
    left outer join
        sales_info_status salesinfos7_ 
            on stores0_.sales_info_status_id=salesinfos7_.id 
    left outer join
        sales_info_user salesinfou8_ 
            on stores0_.sales_info_user_id=salesinfou8_.id 
    where
        stores0_.id=?
Hibernate: 
    select
        stores0_.id as id1_12_0_,
        stores0_.created_date as created_2_12_0_,
        stores0_.modified_date as modified3_12_0_,
        stores0_.author_id as author_i9_12_0_,
        stores0_.clothes_info_id as clothes10_12_0_,
        stores0_.colors_name as colors_11_12_0_,
        stores0_.materials_name as materia12_12_0_,
        stores0_.style_name as style_n13_12_0_,
        stores0_.clothes_length as clothes_4_12_0_,
        stores0_.content as content5_12_0_,
        stores0_.price as price6_12_0_,
        stores0_.sales_info_clothes_id as sales_i14_12_0_,
        stores0_.sales_info_status_id as sales_i15_12_0_,
        stores0_.sales_info_user_id as sales_i16_12_0_,
        stores0_.status as status7_12_0_,
        stores0_.title as title8_12_0_,
        members1_.id as id1_6_1_,
        members1_.email as email2_6_1_,
        members1_.image as image3_6_1_,
        members1_.name as name4_6_1_,
        members1_.nickname as nickname5_6_1_,
        members1_.password as password6_6_1_,
        members1_.phone as phone7_6_1_,
        members1_.refresh_token as refresh_8_6_1_,
        members1_.role as role9_6_1_,
        clothesinf2_.id as id1_2_2_,
        clothesinf2_.categoryl as category2_2_2_,
        clothesinf2_.categorys as category3_2_2_,
        clothesinf2_.fit as fit4_2_2_,
        clothesinf2_.length as length5_2_2_,
        colors3_.id as id1_4_3_,
        colors3_.name as name2_4_3_,
        materials4_.id as id1_5_4_,
        materials4_.name as name2_5_4_,
        style5_.id as id1_14_5_,
        style5_.name as name2_14_5_,
        salesinfoc6_.id as id1_9_6_,
        salesinfoc6_.clothes_brand as clothes_2_9_6_,
        salesinfoc6_.clothes_color as clothes_3_9_6_,
        salesinfoc6_.clothes_gender as clothes_4_9_6_,
        salesinfoc6_.clothes_size as clothes_5_9_6_,
        salesinfos7_.id as id1_10_7_,
        salesinfos7_.status_score as status_s2_10_7_,
        salesinfos7_.status_tag as status_t3_10_7_,
        salesinfos7_.status_times as status_t4_10_7_,
        salesinfos7_.status_when2buy as status_w5_10_7_,
        salesinfos7_.transport as transpor6_10_7_,
        salesinfou8_.id as id1_11_8_,
        salesinfou8_.user_height as user_hei2_11_8_,
        salesinfou8_.user_size as user_siz3_11_8_,
        salesinfou8_.user_weight as user_wei4_11_8_ 
    from
        stores stores0_ 
    left outer join
        members members1_ 
            on stores0_.author_id=members1_.id 
    left outer join
        clothes_info clothesinf2_ 
            on stores0_.clothes_info_id=clothesinf2_.id 
    left outer join
        colors colors3_ 
            on stores0_.colors_name=colors3_.name 
    left outer join
        materials materials4_ 
            on stores0_.materials_name=materials4_.name 
    left outer join
        style style5_ 
            on stores0_.style_name=style5_.name 
    left outer join
        sales_info_clothes salesinfoc6_ 
            on stores0_.sales_info_clothes_id=salesinfoc6_.id 
    left outer join
        sales_info_status salesinfos7_ 
            on stores0_.sales_info_status_id=salesinfos7_.id 
    left outer join
        sales_info_user salesinfou8_ 
            on stores0_.sales_info_user_id=salesinfou8_.id 
    where
        stores0_.id=?
Hibernate: 
    select
        stores0_.id as id1_12_0_,
        stores0_.created_date as created_2_12_0_,
        stores0_.modified_date as modified3_12_0_,
        stores0_.author_id as author_i9_12_0_,
        stores0_.clothes_info_id as clothes10_12_0_,
        stores0_.colors_name as colors_11_12_0_,
        stores0_.materials_name as materia12_12_0_,
        stores0_.style_name as style_n13_12_0_,
        stores0_.clothes_length as clothes_4_12_0_,
        stores0_.content as content5_12_0_,
        stores0_.price as price6_12_0_,
        stores0_.sales_info_clothes_id as sales_i14_12_0_,
        stores0_.sales_info_status_id as sales_i15_12_0_,
        stores0_.sales_info_user_id as sales_i16_12_0_,
        stores0_.status as status7_12_0_,
        stores0_.title as title8_12_0_,
        members1_.id as id1_6_1_,
        members1_.email as email2_6_1_,
        members1_.image as image3_6_1_,
        members1_.name as name4_6_1_,
        members1_.nickname as nickname5_6_1_,
        members1_.password as password6_6_1_,
        members1_.phone as phone7_6_1_,
        members1_.refresh_token as refresh_8_6_1_,
        members1_.role as role9_6_1_,
        clothesinf2_.id as id1_2_2_,
        clothesinf2_.categoryl as category2_2_2_,
        clothesinf2_.categorys as category3_2_2_,
        clothesinf2_.fit as fit4_2_2_,
        clothesinf2_.length as length5_2_2_,
        colors3_.id as id1_4_3_,
        colors3_.name as name2_4_3_,
        materials4_.id as id1_5_4_,
        materials4_.name as name2_5_4_,
        style5_.id as id1_14_5_,
        style5_.name as name2_14_5_,
        salesinfoc6_.id as id1_9_6_,
        salesinfoc6_.clothes_brand as clothes_2_9_6_,
        salesinfoc6_.clothes_color as clothes_3_9_6_,
        salesinfoc6_.clothes_gender as clothes_4_9_6_,
        salesinfoc6_.clothes_size as clothes_5_9_6_,
        salesinfos7_.id as id1_10_7_,
        salesinfos7_.status_score as status_s2_10_7_,
        salesinfos7_.status_tag as status_t3_10_7_,
        salesinfos7_.status_times as status_t4_10_7_,
        salesinfos7_.status_when2buy as status_w5_10_7_,
        salesinfos7_.transport as transpor6_10_7_,
        salesinfou8_.id as id1_11_8_,
        salesinfou8_.user_height as user_hei2_11_8_,
        salesinfou8_.user_size as user_siz3_11_8_,
        salesinfou8_.user_weight as user_wei4_11_8_ 
    from
        stores stores0_ 
    left outer join
        members members1_ 
            on stores0_.author_id=members1_.id 
    left outer join
        clothes_info clothesinf2_ 
            on stores0_.clothes_info_id=clothesinf2_.id 
    left outer join
        colors colors3_ 
            on stores0_.colors_name=colors3_.name 
    left outer join
        materials materials4_ 
            on stores0_.materials_name=materials4_.name 
    left outer join
        style style5_ 
            on stores0_.style_name=style5_.name 
    left outer join
        sales_info_clothes salesinfoc6_ 
            on stores0_.sales_info_clothes_id=salesinfoc6_.id 
    left outer join
        sales_info_status salesinfos7_ 
            on stores0_.sales_info_status_id=salesinfos7_.id 
    left outer join
        sales_info_user salesinfou8_ 
            on stores0_.sales_info_user_id=salesinfou8_.id 
    where
        stores0_.id=?
Hibernate: 
    select
        stores0_.id as id1_12_0_,
        stores0_.created_date as created_2_12_0_,
        stores0_.modified_date as modified3_12_0_,
        stores0_.author_id as author_i9_12_0_,
        stores0_.clothes_info_id as clothes10_12_0_,
        stores0_.colors_name as colors_11_12_0_,
        stores0_.materials_name as materia12_12_0_,
        stores0_.style_name as style_n13_12_0_,
        stores0_.clothes_length as clothes_4_12_0_,
        stores0_.content as content5_12_0_,
        stores0_.price as price6_12_0_,
        stores0_.sales_info_clothes_id as sales_i14_12_0_,
        stores0_.sales_info_status_id as sales_i15_12_0_,
        stores0_.sales_info_user_id as sales_i16_12_0_,
        stores0_.status as status7_12_0_,
        stores0_.title as title8_12_0_,
        members1_.id as id1_6_1_,
        members1_.email as email2_6_1_,
        members1_.image as image3_6_1_,
        members1_.name as name4_6_1_,
        members1_.nickname as nickname5_6_1_,
        members1_.password as password6_6_1_,
        members1_.phone as phone7_6_1_,
        members1_.refresh_token as refresh_8_6_1_,
        members1_.role as role9_6_1_,
        clothesinf2_.id as id1_2_2_,
        clothesinf2_.categoryl as category2_2_2_,
        clothesinf2_.categorys as category3_2_2_,
        clothesinf2_.fit as fit4_2_2_,
        clothesinf2_.length as length5_2_2_,
        colors3_.id as id1_4_3_,
        colors3_.name as name2_4_3_,
        materials4_.id as id1_5_4_,
        materials4_.name as name2_5_4_,
        style5_.id as id1_14_5_,
        style5_.name as name2_14_5_,
        salesinfoc6_.id as id1_9_6_,
        salesinfoc6_.clothes_brand as clothes_2_9_6_,
        salesinfoc6_.clothes_color as clothes_3_9_6_,
        salesinfoc6_.clothes_gender as clothes_4_9_6_,
        salesinfoc6_.clothes_size as clothes_5_9_6_,
        salesinfos7_.id as id1_10_7_,
        salesinfos7_.status_score as status_s2_10_7_,
        salesinfos7_.status_tag as status_t3_10_7_,
        salesinfos7_.status_times as status_t4_10_7_,
        salesinfos7_.status_when2buy as status_w5_10_7_,
        salesinfos7_.transport as transpor6_10_7_,
        salesinfou8_.id as id1_11_8_,
        salesinfou8_.user_height as user_hei2_11_8_,
        salesinfou8_.user_size as user_siz3_11_8_,
        salesinfou8_.user_weight as user_wei4_11_8_ 
    from
        stores stores0_ 
    left outer join
        members members1_ 
            on stores0_.author_id=members1_.id 
    left outer join
        clothes_info clothesinf2_ 
            on stores0_.clothes_info_id=clothesinf2_.id 
    left outer join
        colors colors3_ 
            on stores0_.colors_name=colors3_.name 
    left outer join
        materials materials4_ 
            on stores0_.materials_name=materials4_.name 
    left outer join
        style style5_ 
            on stores0_.style_name=style5_.name 
    left outer join
        sales_info_clothes salesinfoc6_ 
            on stores0_.sales_info_clothes_id=salesinfoc6_.id 
    left outer join
        sales_info_status salesinfos7_ 
            on stores0_.sales_info_status_id=salesinfos7_.id 
    left outer join
        sales_info_user salesinfou8_ 
            on stores0_.sales_info_user_id=salesinfou8_.id 
    where
        stores0_.id=?
Hibernate: 
    select
        stores0_.id as id1_12_0_,
        stores0_.created_date as created_2_12_0_,
        stores0_.modified_date as modified3_12_0_,
        stores0_.author_id as author_i9_12_0_,
        stores0_.clothes_info_id as clothes10_12_0_,
        stores0_.colors_name as colors_11_12_0_,
        stores0_.materials_name as materia12_12_0_,
        stores0_.style_name as style_n13_12_0_,
        stores0_.clothes_length as clothes_4_12_0_,
        stores0_.content as content5_12_0_,
        stores0_.price as price6_12_0_,
        stores0_.sales_info_clothes_id as sales_i14_12_0_,
        stores0_.sales_info_status_id as sales_i15_12_0_,
        stores0_.sales_info_user_id as sales_i16_12_0_,
        stores0_.status as status7_12_0_,
        stores0_.title as title8_12_0_,
        members1_.id as id1_6_1_,
        members1_.email as email2_6_1_,
        members1_.image as image3_6_1_,
        members1_.name as name4_6_1_,
        members1_.nickname as nickname5_6_1_,
        members1_.password as password6_6_1_,
        members1_.phone as phone7_6_1_,
        members1_.refresh_token as refresh_8_6_1_,
        members1_.role as role9_6_1_,
        clothesinf2_.id as id1_2_2_,
        clothesinf2_.categoryl as category2_2_2_,
        clothesinf2_.categorys as category3_2_2_,
        clothesinf2_.fit as fit4_2_2_,
        clothesinf2_.length as length5_2_2_,
        colors3_.id as id1_4_3_,
        colors3_.name as name2_4_3_,
        materials4_.id as id1_5_4_,
        materials4_.name as name2_5_4_,
        style5_.id as id1_14_5_,
        style5_.name as name2_14_5_,
        salesinfoc6_.id as id1_9_6_,
        salesinfoc6_.clothes_brand as clothes_2_9_6_,
        salesinfoc6_.clothes_color as clothes_3_9_6_,
        salesinfoc6_.clothes_gender as clothes_4_9_6_,
        salesinfoc6_.clothes_size as clothes_5_9_6_,
        salesinfos7_.id as id1_10_7_,
        salesinfos7_.status_score as status_s2_10_7_,
        salesinfos7_.status_tag as status_t3_10_7_,
        salesinfos7_.status_times as status_t4_10_7_,
        salesinfos7_.status_when2buy as status_w5_10_7_,
        salesinfos7_.transport as transpor6_10_7_,
        salesinfou8_.id as id1_11_8_,
        salesinfou8_.user_height as user_hei2_11_8_,
        salesinfou8_.user_size as user_siz3_11_8_,
        salesinfou8_.user_weight as user_wei4_11_8_ 
    from
        stores stores0_ 
    left outer join
        members members1_ 
            on stores0_.author_id=members1_.id 
    left outer join
        clothes_info clothesinf2_ 
            on stores0_.clothes_info_id=clothesinf2_.id 
    left outer join
        colors colors3_ 
            on stores0_.colors_name=colors3_.name 
    left outer join
        materials materials4_ 
            on stores0_.materials_name=materials4_.name 
    left outer join
        style style5_ 
            on stores0_.style_name=style5_.name 
    left outer join
        sales_info_clothes salesinfoc6_ 
            on stores0_.sales_info_clothes_id=salesinfoc6_.id 
    left outer join
        sales_info_status salesinfos7_ 
            on stores0_.sales_info_status_id=salesinfos7_.id 
    left outer join
        sales_info_user salesinfou8_ 
            on stores0_.sales_info_user_id=salesinfou8_.id 
    where
        stores0_.id=?
Hibernate: 
    select
        stores0_.id as id1_12_0_,
        stores0_.created_date as created_2_12_0_,
        stores0_.modified_date as modified3_12_0_,
        stores0_.author_id as author_i9_12_0_,
        stores0_.clothes_info_id as clothes10_12_0_,
        stores0_.colors_name as colors_11_12_0_,
        stores0_.materials_name as materia12_12_0_,
        stores0_.style_name as style_n13_12_0_,
        stores0_.clothes_length as clothes_4_12_0_,
        stores0_.content as content5_12_0_,
        stores0_.price as price6_12_0_,
        stores0_.sales_info_clothes_id as sales_i14_12_0_,
        stores0_.sales_info_status_id as sales_i15_12_0_,
        stores0_.sales_info_user_id as sales_i16_12_0_,
        stores0_.status as status7_12_0_,
        stores0_.title as title8_12_0_,
        members1_.id as id1_6_1_,
        members1_.email as email2_6_1_,
        members1_.image as image3_6_1_,
        members1_.name as name4_6_1_,
        members1_.nickname as nickname5_6_1_,
        members1_.password as password6_6_1_,
        members1_.phone as phone7_6_1_,
        members1_.refresh_token as refresh_8_6_1_,
        members1_.role as role9_6_1_,
        clothesinf2_.id as id1_2_2_,
        clothesinf2_.categoryl as category2_2_2_,
        clothesinf2_.categorys as category3_2_2_,
        clothesinf2_.fit as fit4_2_2_,
        clothesinf2_.length as length5_2_2_,
        colors3_.id as id1_4_3_,
        colors3_.name as name2_4_3_,
        materials4_.id as id1_5_4_,
        materials4_.name as name2_5_4_,
        style5_.id as id1_14_5_,
        style5_.name as name2_14_5_,
        salesinfoc6_.id as id1_9_6_,
        salesinfoc6_.clothes_brand as clothes_2_9_6_,
        salesinfoc6_.clothes_color as clothes_3_9_6_,
        salesinfoc6_.clothes_gender as clothes_4_9_6_,
        salesinfoc6_.clothes_size as clothes_5_9_6_,
        salesinfos7_.id as id1_10_7_,
        salesinfos7_.status_score as status_s2_10_7_,
        salesinfos7_.status_tag as status_t3_10_7_,
        salesinfos7_.status_times as status_t4_10_7_,
        salesinfos7_.status_when2buy as status_w5_10_7_,
        salesinfos7_.transport as transpor6_10_7_,
        salesinfou8_.id as id1_11_8_,
        salesinfou8_.user_height as user_hei2_11_8_,
        salesinfou8_.user_size as user_siz3_11_8_,
        salesinfou8_.user_weight as user_wei4_11_8_ 
    from
        stores stores0_ 
    left outer join
        members members1_ 
            on stores0_.author_id=members1_.id 
    left outer join
        clothes_info clothesinf2_ 
            on stores0_.clothes_info_id=clothesinf2_.id 
    left outer join
        colors colors3_ 
            on stores0_.colors_name=colors3_.name 
    left outer join
        materials materials4_ 
            on stores0_.materials_name=materials4_.name 
    left outer join
        style style5_ 
            on stores0_.style_name=style5_.name 
    left outer join
        sales_info_clothes salesinfoc6_ 
            on stores0_.sales_info_clothes_id=salesinfoc6_.id 
    left outer join
        sales_info_status salesinfos7_ 
            on stores0_.sales_info_status_id=salesinfos7_.id 
    left outer join
        sales_info_user salesinfou8_ 
            on stores0_.sales_info_user_id=salesinfou8_.id 
    where
        stores0_.id=?
Hibernate: 
    select
        stores0_.id as id1_12_0_,
        stores0_.created_date as created_2_12_0_,
        stores0_.modified_date as modified3_12_0_,
        stores0_.author_id as author_i9_12_0_,
        stores0_.clothes_info_id as clothes10_12_0_,
        stores0_.colors_name as colors_11_12_0_,
        stores0_.materials_name as materia12_12_0_,
        stores0_.style_name as style_n13_12_0_,
        stores0_.clothes_length as clothes_4_12_0_,
        stores0_.content as content5_12_0_,
        stores0_.price as price6_12_0_,
        stores0_.sales_info_clothes_id as sales_i14_12_0_,
        stores0_.sales_info_status_id as sales_i15_12_0_,
        stores0_.sales_info_user_id as sales_i16_12_0_,
        stores0_.status as status7_12_0_,
        stores0_.title as title8_12_0_,
        members1_.id as id1_6_1_,
        members1_.email as email2_6_1_,
        members1_.image as image3_6_1_,
        members1_.name as name4_6_1_,
        members1_.nickname as nickname5_6_1_,
        members1_.password as password6_6_1_,
        members1_.phone as phone7_6_1_,
        members1_.refresh_token as refresh_8_6_1_,
        members1_.role as role9_6_1_,
        clothesinf2_.id as id1_2_2_,
        clothesinf2_.categoryl as category2_2_2_,
        clothesinf2_.categorys as category3_2_2_,
        clothesinf2_.fit as fit4_2_2_,
        clothesinf2_.length as length5_2_2_,
        colors3_.id as id1_4_3_,
        colors3_.name as name2_4_3_,
        materials4_.id as id1_5_4_,
        materials4_.name as name2_5_4_,
        style5_.id as id1_14_5_,
        style5_.name as name2_14_5_,
        salesinfoc6_.id as id1_9_6_,
        salesinfoc6_.clothes_brand as clothes_2_9_6_,
        salesinfoc6_.clothes_color as clothes_3_9_6_,
        salesinfoc6_.clothes_gender as clothes_4_9_6_,
        salesinfoc6_.clothes_size as clothes_5_9_6_,
        salesinfos7_.id as id1_10_7_,
        salesinfos7_.status_score as status_s2_10_7_,
        salesinfos7_.status_tag as status_t3_10_7_,
        salesinfos7_.status_times as status_t4_10_7_,
        salesinfos7_.status_when2buy as status_w5_10_7_,
        salesinfos7_.transport as transpor6_10_7_,
        salesinfou8_.id as id1_11_8_,
        salesinfou8_.user_height as user_hei2_11_8_,
        salesinfou8_.user_size as user_siz3_11_8_,
        salesinfou8_.user_weight as user_wei4_11_8_ 
    from
        stores stores0_ 
    left outer join
        members members1_ 
            on stores0_.author_id=members1_.id 
    left outer join
        clothes_info clothesinf2_ 
            on stores0_.clothes_info_id=clothesinf2_.id 
    left outer join
        colors colors3_ 
            on stores0_.colors_name=colors3_.name 
    left outer join
        materials materials4_ 
            on stores0_.materials_name=materials4_.name 
    left outer join
        style style5_ 
            on stores0_.style_name=style5_.name 
    left outer join
        sales_info_clothes salesinfoc6_ 
            on stores0_.sales_info_clothes_id=salesinfoc6_.id 
    left outer join
        sales_info_status salesinfos7_ 
            on stores0_.sales_info_status_id=salesinfos7_.id 
    left outer join
        sales_info_user salesinfou8_ 
            on stores0_.sales_info_user_id=salesinfou8_.id 
    where
        stores0_.id=?
Hibernate: 
    select
        stores0_.id as id1_12_0_,
        stores0_.created_date as created_2_12_0_,
        stores0_.modified_date as modified3_12_0_,
        stores0_.author_id as author_i9_12_0_,
        stores0_.clothes_info_id as clothes10_12_0_,
        stores0_.colors_name as colors_11_12_0_,
        stores0_.materials_name as materia12_12_0_,
        stores0_.style_name as style_n13_12_0_,
        stores0_.clothes_length as clothes_4_12_0_,
        stores0_.content as content5_12_0_,
        stores0_.price as price6_12_0_,
        stores0_.sales_info_clothes_id as sales_i14_12_0_,
        stores0_.sales_info_status_id as sales_i15_12_0_,
        stores0_.sales_info_user_id as sales_i16_12_0_,
        stores0_.status as status7_12_0_,
        stores0_.title as title8_12_0_,
        members1_.id as id1_6_1_,
        members1_.email as email2_6_1_,
        members1_.image as image3_6_1_,
        members1_.name as name4_6_1_,
        members1_.nickname as nickname5_6_1_,
        members1_.password as password6_6_1_,
        members1_.phone as phone7_6_1_,
        members1_.refresh_token as refresh_8_6_1_,
        members1_.role as role9_6_1_,
        clothesinf2_.id as id1_2_2_,
        clothesinf2_.categoryl as category2_2_2_,
        clothesinf2_.categorys as category3_2_2_,
        clothesinf2_.fit as fit4_2_2_,
        clothesinf2_.length as length5_2_2_,
        colors3_.id as id1_4_3_,
        colors3_.name as name2_4_3_,
        materials4_.id as id1_5_4_,
        materials4_.name as name2_5_4_,
        style5_.id as id1_14_5_,
        style5_.name as name2_14_5_,
        salesinfoc6_.id as id1_9_6_,
        salesinfoc6_.clothes_brand as clothes_2_9_6_,
        salesinfoc6_.clothes_color as clothes_3_9_6_,
        salesinfoc6_.clothes_gender as clothes_4_9_6_,
        salesinfoc6_.clothes_size as clothes_5_9_6_,
        salesinfos7_.id as id1_10_7_,
        salesinfos7_.status_score as status_s2_10_7_,
        salesinfos7_.status_tag as status_t3_10_7_,
        salesinfos7_.status_times as status_t4_10_7_,
        salesinfos7_.status_when2buy as status_w5_10_7_,
        salesinfos7_.transport as transpor6_10_7_,
        salesinfou8_.id as id1_11_8_,
        salesinfou8_.user_height as user_hei2_11_8_,
        salesinfou8_.user_size as user_siz3_11_8_,
        salesinfou8_.user_weight as user_wei4_11_8_ 
    from
        stores stores0_ 
    left outer join
        members members1_ 
            on stores0_.author_id=members1_.id 
    left outer join
        clothes_info clothesinf2_ 
            on stores0_.clothes_info_id=clothesinf2_.id 
    left outer join
        colors colors3_ 
            on stores0_.colors_name=colors3_.name 
    left outer join
        materials materials4_ 
            on stores0_.materials_name=materials4_.name 
    left outer join
        style style5_ 
            on stores0_.style_name=style5_.name 
    left outer join
        sales_info_clothes salesinfoc6_ 
            on stores0_.sales_info_clothes_id=salesinfoc6_.id 
    left outer join
        sales_info_status salesinfos7_ 
            on stores0_.sales_info_status_id=salesinfos7_.id 
    left outer join
        sales_info_user salesinfou8_ 
            on stores0_.sales_info_user_id=salesinfou8_.id 
    where
        stores0_.id=?
Hibernate: 
    select
        stores0_.id as id1_12_0_,
        stores0_.created_date as created_2_12_0_,
        stores0_.modified_date as modified3_12_0_,
        stores0_.author_id as author_i9_12_0_,
        stores0_.clothes_info_id as clothes10_12_0_,
        stores0_.colors_name as colors_11_12_0_,
        stores0_.materials_name as materia12_12_0_,
        stores0_.style_name as style_n13_12_0_,
        stores0_.clothes_length as clothes_4_12_0_,
        stores0_.content as content5_12_0_,
        stores0_.price as price6_12_0_,
        stores0_.sales_info_clothes_id as sales_i14_12_0_,
        stores0_.sales_info_status_id as sales_i15_12_0_,
        stores0_.sales_info_user_id as sales_i16_12_0_,
        stores0_.status as status7_12_0_,
        stores0_.title as title8_12_0_,
        members1_.id as id1_6_1_,
        members1_.email as email2_6_1_,
        members1_.image as image3_6_1_,
        members1_.name as name4_6_1_,
        members1_.nickname as nickname5_6_1_,
        members1_.password as password6_6_1_,
        members1_.phone as phone7_6_1_,
        members1_.refresh_token as refresh_8_6_1_,
        members1_.role as role9_6_1_,
        clothesinf2_.id as id1_2_2_,
        clothesinf2_.categoryl as category2_2_2_,
        clothesinf2_.categorys as category3_2_2_,
        clothesinf2_.fit as fit4_2_2_,
        clothesinf2_.length as length5_2_2_,
        colors3_.id as id1_4_3_,
        colors3_.name as name2_4_3_,
        materials4_.id as id1_5_4_,
        materials4_.name as name2_5_4_,
        style5_.id as id1_14_5_,
        style5_.name as name2_14_5_,
        salesinfoc6_.id as id1_9_6_,
        salesinfoc6_.clothes_brand as clothes_2_9_6_,
        salesinfoc6_.clothes_color as clothes_3_9_6_,
        salesinfoc6_.clothes_gender as clothes_4_9_6_,
        salesinfoc6_.clothes_size as clothes_5_9_6_,
        salesinfos7_.id as id1_10_7_,
        salesinfos7_.status_score as status_s2_10_7_,
        salesinfos7_.status_tag as status_t3_10_7_,
        salesinfos7_.status_times as status_t4_10_7_,
        salesinfos7_.status_when2buy as status_w5_10_7_,
        salesinfos7_.transport as transpor6_10_7_,
        salesinfou8_.id as id1_11_8_,
        salesinfou8_.user_height as user_hei2_11_8_,
        salesinfou8_.user_size as user_siz3_11_8_,
        salesinfou8_.user_weight as user_wei4_11_8_ 
    from
        stores stores0_ 
    left outer join
        members members1_ 
            on stores0_.author_id=members1_.id 
    left outer join
        clothes_info clothesinf2_ 
            on stores0_.clothes_info_id=clothesinf2_.id 
    left outer join
        colors colors3_ 
            on stores0_.colors_name=colors3_.name 
    left outer join
        materials materials4_ 
            on stores0_.materials_name=materials4_.name 
    left outer join
        style style5_ 
            on stores0_.style_name=style5_.name 
    left outer join
        sales_info_clothes salesinfoc6_ 
            on stores0_.sales_info_clothes_id=salesinfoc6_.id 
    left outer join
        sales_info_status salesinfos7_ 
            on stores0_.sales_info_status_id=salesinfos7_.id 
    left outer join
        sales_info_user salesinfou8_ 
            on stores0_.sales_info_user_id=salesinfou8_.id 
    where
        stores0_.id=?
Hibernate: 
    select
        stores0_.id as id1_12_0_,
        stores0_.created_date as created_2_12_0_,
        stores0_.modified_date as modified3_12_0_,
        stores0_.author_id as author_i9_12_0_,
        stores0_.clothes_info_id as clothes10_12_0_,
        stores0_.colors_name as colors_11_12_0_,
        stores0_.materials_name as materia12_12_0_,
        stores0_.style_name as style_n13_12_0_,
        stores0_.clothes_length as clothes_4_12_0_,
        stores0_.content as content5_12_0_,
        stores0_.price as price6_12_0_,
        stores0_.sales_info_clothes_id as sales_i14_12_0_,
        stores0_.sales_info_status_id as sales_i15_12_0_,
        stores0_.sales_info_user_id as sales_i16_12_0_,
        stores0_.status as status7_12_0_,
        stores0_.title as title8_12_0_,
        members1_.id as id1_6_1_,
        members1_.email as email2_6_1_,
        members1_.image as image3_6_1_,
        members1_.name as name4_6_1_,
        members1_.nickname as nickname5_6_1_,
        members1_.password as password6_6_1_,
        members1_.phone as phone7_6_1_,
        members1_.refresh_token as refresh_8_6_1_,
        members1_.role as role9_6_1_,
        clothesinf2_.id as id1_2_2_,
        clothesinf2_.categoryl as category2_2_2_,
        clothesinf2_.categorys as category3_2_2_,
        clothesinf2_.fit as fit4_2_2_,
        clothesinf2_.length as length5_2_2_,
        colors3_.id as id1_4_3_,
        colors3_.name as name2_4_3_,
        materials4_.id as id1_5_4_,
        materials4_.name as name2_5_4_,
        style5_.id as id1_14_5_,
        style5_.name as name2_14_5_,
        salesinfoc6_.id as id1_9_6_,
        salesinfoc6_.clothes_brand as clothes_2_9_6_,
        salesinfoc6_.clothes_color as clothes_3_9_6_,
        salesinfoc6_.clothes_gender as clothes_4_9_6_,
        salesinfoc6_.clothes_size as clothes_5_9_6_,
        salesinfos7_.id as id1_10_7_,
        salesinfos7_.status_score as status_s2_10_7_,
        salesinfos7_.status_tag as status_t3_10_7_,
        salesinfos7_.status_times as status_t4_10_7_,
        salesinfos7_.status_when2buy as status_w5_10_7_,
        salesinfos7_.transport as transpor6_10_7_,
        salesinfou8_.id as id1_11_8_,
        salesinfou8_.user_height as user_hei2_11_8_,
        salesinfou8_.user_size as user_siz3_11_8_,
        salesinfou8_.user_weight as user_wei4_11_8_ 
    from
        stores stores0_ 
    left outer join
        members members1_ 
            on stores0_.author_id=members1_.id 
    left outer join
        clothes_info clothesinf2_ 
            on stores0_.clothes_info_id=clothesinf2_.id 
    left outer join
        colors colors3_ 
            on stores0_.colors_name=colors3_.name 
    left outer join
        materials materials4_ 
            on stores0_.materials_name=materials4_.name 
    left outer join
        style style5_ 
            on stores0_.style_name=style5_.name 
    left outer join
        sales_info_clothes salesinfoc6_ 
            on stores0_.sales_info_clothes_id=salesinfoc6_.id 
    left outer join
        sales_info_status salesinfos7_ 
            on stores0_.sales_info_status_id=salesinfos7_.id 
    left outer join
        sales_info_user salesinfou8_ 
            on stores0_.sales_info_user_id=salesinfou8_.id 
    where
        stores0_.id=?
Hibernate: 
    select
        stores0_.id as id1_12_0_,
        stores0_.created_date as created_2_12_0_,
        stores0_.modified_date as modified3_12_0_,
        stores0_.author_id as author_i9_12_0_,
        stores0_.clothes_info_id as clothes10_12_0_,
        stores0_.colors_name as colors_11_12_0_,
        stores0_.materials_name as materia12_12_0_,
        stores0_.style_name as style_n13_12_0_,
        stores0_.clothes_length as clothes_4_12_0_,
        stores0_.content as content5_12_0_,
        stores0_.price as price6_12_0_,
        stores0_.sales_info_clothes_id as sales_i14_12_0_,
        stores0_.sales_info_status_id as sales_i15_12_0_,
        stores0_.sales_info_user_id as sales_i16_12_0_,
        stores0_.status as status7_12_0_,
        stores0_.title as title8_12_0_,
        members1_.id as id1_6_1_,
        members1_.email as email2_6_1_,
        members1_.image as image3_6_1_,
        members1_.name as name4_6_1_,
        members1_.nickname as nickname5_6_1_,
        members1_.password as password6_6_1_,
        members1_.phone as phone7_6_1_,
        members1_.refresh_token as refresh_8_6_1_,
        members1_.role as role9_6_1_,
        clothesinf2_.id as id1_2_2_,
        clothesinf2_.categoryl as category2_2_2_,
        clothesinf2_.categorys as category3_2_2_,
        clothesinf2_.fit as fit4_2_2_,
        clothesinf2_.length as length5_2_2_,
        colors3_.id as id1_4_3_,
        colors3_.name as name2_4_3_,
        materials4_.id as id1_5_4_,
        materials4_.name as name2_5_4_,
        style5_.id as id1_14_5_,
        style5_.name as name2_14_5_,
        salesinfoc6_.id as id1_9_6_,
        salesinfoc6_.clothes_brand as clothes_2_9_6_,
        salesinfoc6_.clothes_color as clothes_3_9_6_,
        salesinfoc6_.clothes_gender as clothes_4_9_6_,
        salesinfoc6_.clothes_size as clothes_5_9_6_,
        salesinfos7_.id as id1_10_7_,
        salesinfos7_.status_score as status_s2_10_7_,
        salesinfos7_.status_tag as status_t3_10_7_,
        salesinfos7_.status_times as status_t4_10_7_,
        salesinfos7_.status_when2buy as status_w5_10_7_,
        salesinfos7_.transport as transpor6_10_7_,
        salesinfou8_.id as id1_11_8_,
        salesinfou8_.user_height as user_hei2_11_8_,
        salesinfou8_.user_size as user_siz3_11_8_,
        salesinfou8_.user_weight as user_wei4_11_8_ 
    from
        stores stores0_ 
    left outer join
        members members1_ 
            on stores0_.author_id=members1_.id 
    left outer join
        clothes_info clothesinf2_ 
            on stores0_.clothes_info_id=clothesinf2_.id 
    left outer join
        colors colors3_ 
            on stores0_.colors_name=colors3_.name 
    left outer join
        materials materials4_ 
            on stores0_.materials_name=materials4_.name 
    left outer join
        style style5_ 
            on stores0_.style_name=style5_.name 
    left outer join
        sales_info_clothes salesinfoc6_ 
            on stores0_.sales_info_clothes_id=salesinfoc6_.id 
    left outer join
        sales_info_status salesinfos7_ 
            on stores0_.sales_info_status_id=salesinfos7_.id 
    left outer join
        sales_info_user salesinfou8_ 
            on stores0_.sales_info_user_id=salesinfou8_.id 
    where
        stores0_.id=?
Hibernate: 
    select
        stores0_.id as id1_12_0_,
        stores0_.created_date as created_2_12_0_,
        stores0_.modified_date as modified3_12_0_,
        stores0_.author_id as author_i9_12_0_,
        stores0_.clothes_info_id as clothes10_12_0_,
        stores0_.colors_name as colors_11_12_0_,
        stores0_.materials_name as materia12_12_0_,
        stores0_.style_name as style_n13_12_0_,
        stores0_.clothes_length as clothes_4_12_0_,
        stores0_.content as content5_12_0_,
        stores0_.price as price6_12_0_,
        stores0_.sales_info_clothes_id as sales_i14_12_0_,
        stores0_.sales_info_status_id as sales_i15_12_0_,
        stores0_.sales_info_user_id as sales_i16_12_0_,
        stores0_.status as status7_12_0_,
        stores0_.title as title8_12_0_,
        members1_.id as id1_6_1_,
        members1_.email as email2_6_1_,
        members1_.image as image3_6_1_,
        members1_.name as name4_6_1_,
        members1_.nickname as nickname5_6_1_,
        members1_.password as password6_6_1_,
        members1_.phone as phone7_6_1_,
        members1_.refresh_token as refresh_8_6_1_,
        members1_.role as role9_6_1_,
        clothesinf2_.id as id1_2_2_,
        clothesinf2_.categoryl as category2_2_2_,
        clothesinf2_.categorys as category3_2_2_,
        clothesinf2_.fit as fit4_2_2_,
        clothesinf2_.length as length5_2_2_,
        colors3_.id as id1_4_3_,
        colors3_.name as name2_4_3_,
        materials4_.id as id1_5_4_,
        materials4_.name as name2_5_4_,
        style5_.id as id1_14_5_,
        style5_.name as name2_14_5_,
        salesinfoc6_.id as id1_9_6_,
        salesinfoc6_.clothes_brand as clothes_2_9_6_,
        salesinfoc6_.clothes_color as clothes_3_9_6_,
        salesinfoc6_.clothes_gender as clothes_4_9_6_,
        salesinfoc6_.clothes_size as clothes_5_9_6_,
        salesinfos7_.id as id1_10_7_,
        salesinfos7_.status_score as status_s2_10_7_,
        salesinfos7_.status_tag as status_t3_10_7_,
        salesinfos7_.status_times as status_t4_10_7_,
        salesinfos7_.status_when2buy as status_w5_10_7_,
        salesinfos7_.transport as transpor6_10_7_,
        salesinfou8_.id as id1_11_8_,
        salesinfou8_.user_height as user_hei2_11_8_,
        salesinfou8_.user_size as user_siz3_11_8_,
        salesinfou8_.user_weight as user_wei4_11_8_ 
    from
        stores stores0_ 
    left outer join
        members members1_ 
            on stores0_.author_id=members1_.id 
    left outer join
        clothes_info clothesinf2_ 
            on stores0_.clothes_info_id=clothesinf2_.id 
    left outer join
        colors colors3_ 
            on stores0_.colors_name=colors3_.name 
    left outer join
        materials materials4_ 
            on stores0_.materials_name=materials4_.name 
    left outer join
        style style5_ 
            on stores0_.style_name=style5_.name 
    left outer join
        sales_info_clothes salesinfoc6_ 
            on stores0_.sales_info_clothes_id=salesinfoc6_.id 
    left outer join
        sales_info_status salesinfos7_ 
            on stores0_.sales_info_status_id=salesinfos7_.id 
    left outer join
        sales_info_user salesinfou8_ 
            on stores0_.sales_info_user_id=salesinfou8_.id 
    where
        stores0_.id=?
Hibernate: 
    select
        stores0_.id as id1_12_0_,
        stores0_.created_date as created_2_12_0_,
        stores0_.modified_date as modified3_12_0_,
        stores0_.author_id as author_i9_12_0_,
        stores0_.clothes_info_id as clothes10_12_0_,
        stores0_.colors_name as colors_11_12_0_,
        stores0_.materials_name as materia12_12_0_,
        stores0_.style_name as style_n13_12_0_,
        stores0_.clothes_length as clothes_4_12_0_,
        stores0_.content as content5_12_0_,
        stores0_.price as price6_12_0_,
        stores0_.sales_info_clothes_id as sales_i14_12_0_,
        stores0_.sales_info_status_id as sales_i15_12_0_,
        stores0_.sales_info_user_id as sales_i16_12_0_,
        stores0_.status as status7_12_0_,
        stores0_.title as title8_12_0_,
        members1_.id as id1_6_1_,
        members1_.email as email2_6_1_,
        members1_.image as image3_6_1_,
        members1_.name as name4_6_1_,
        members1_.nickname as nickname5_6_1_,
        members1_.password as password6_6_1_,
        members1_.phone as phone7_6_1_,
        members1_.refresh_token as refresh_8_6_1_,
        members1_.role as role9_6_1_,
        clothesinf2_.id as id1_2_2_,
        clothesinf2_.categoryl as category2_2_2_,
        clothesinf2_.categorys as category3_2_2_,
        clothesinf2_.fit as fit4_2_2_,
        clothesinf2_.length as length5_2_2_,
        colors3_.id as id1_4_3_,
        colors3_.name as name2_4_3_,
        materials4_.id as id1_5_4_,
        materials4_.name as name2_5_4_,
        style5_.id as id1_14_5_,
        style5_.name as name2_14_5_,
        salesinfoc6_.id as id1_9_6_,
        salesinfoc6_.clothes_brand as clothes_2_9_6_,
        salesinfoc6_.clothes_color as clothes_3_9_6_,
        salesinfoc6_.clothes_gender as clothes_4_9_6_,
        salesinfoc6_.clothes_size as clothes_5_9_6_,
        salesinfos7_.id as id1_10_7_,
        salesinfos7_.status_score as status_s2_10_7_,
        salesinfos7_.status_tag as status_t3_10_7_,
        salesinfos7_.status_times as status_t4_10_7_,
        salesinfos7_.status_when2buy as status_w5_10_7_,
        salesinfos7_.transport as transpor6_10_7_,
        salesinfou8_.id as id1_11_8_,
        salesinfou8_.user_height as user_hei2_11_8_,
        salesinfou8_.user_size as user_siz3_11_8_,
        salesinfou8_.user_weight as user_wei4_11_8_ 
    from
        stores stores0_ 
    left outer join
        members members1_ 
            on stores0_.author_id=members1_.id 
    left outer join
        clothes_info clothesinf2_ 
            on stores0_.clothes_info_id=clothesinf2_.id 
    left outer join
        colors colors3_ 
            on stores0_.colors_name=colors3_.name 
    left outer join
        materials materials4_ 
            on stores0_.materials_name=materials4_.name 
    left outer join
        style style5_ 
            on stores0_.style_name=style5_.name 
    left outer join
        sales_info_clothes salesinfoc6_ 
            on stores0_.sales_info_clothes_id=salesinfoc6_.id 
    left outer join
        sales_info_status salesinfos7_ 
            on stores0_.sales_info_status_id=salesinfos7_.id 
    left outer join
        sales_info_user salesinfou8_ 
            on stores0_.sales_info_user_id=salesinfou8_.id 
    where
        stores0_.id=?
Hibernate: 
    select
        stores0_.id as id1_12_0_,
        stores0_.created_date as created_2_12_0_,
        stores0_.modified_date as modified3_12_0_,
        stores0_.author_id as author_i9_12_0_,
        stores0_.clothes_info_id as clothes10_12_0_,
        stores0_.colors_name as colors_11_12_0_,
        stores0_.materials_name as materia12_12_0_,
        stores0_.style_name as style_n13_12_0_,
        stores0_.clothes_length as clothes_4_12_0_,
        stores0_.content as content5_12_0_,
        stores0_.price as price6_12_0_,
        stores0_.sales_info_clothes_id as sales_i14_12_0_,
        stores0_.sales_info_status_id as sales_i15_12_0_,
        stores0_.sales_info_user_id as sales_i16_12_0_,
        stores0_.status as status7_12_0_,
        stores0_.title as title8_12_0_,
        members1_.id as id1_6_1_,
        members1_.email as email2_6_1_,
        members1_.image as image3_6_1_,
        members1_.name as name4_6_1_,
        members1_.nickname as nickname5_6_1_,
        members1_.password as password6_6_1_,
        members1_.phone as phone7_6_1_,
        members1_.refresh_token as refresh_8_6_1_,
        members1_.role as role9_6_1_,
        clothesinf2_.id as id1_2_2_,
        clothesinf2_.categoryl as category2_2_2_,
        clothesinf2_.categorys as category3_2_2_,
        clothesinf2_.fit as fit4_2_2_,
        clothesinf2_.length as length5_2_2_,
        colors3_.id as id1_4_3_,
        colors3_.name as name2_4_3_,
        materials4_.id as id1_5_4_,
        materials4_.name as name2_5_4_,
        style5_.id as id1_14_5_,
        style5_.name as name2_14_5_,
        salesinfoc6_.id as id1_9_6_,
        salesinfoc6_.clothes_brand as clothes_2_9_6_,
        salesinfoc6_.clothes_color as clothes_3_9_6_,
        salesinfoc6_.clothes_gender as clothes_4_9_6_,
        salesinfoc6_.clothes_size as clothes_5_9_6_,
        salesinfos7_.id as id1_10_7_,
        salesinfos7_.status_score as status_s2_10_7_,
        salesinfos7_.status_tag as status_t3_10_7_,
        salesinfos7_.status_times as status_t4_10_7_,
        salesinfos7_.status_when2buy as status_w5_10_7_,
        salesinfos7_.transport as transpor6_10_7_,
        salesinfou8_.id as id1_11_8_,
        salesinfou8_.user_height as user_hei2_11_8_,
        salesinfou8_.user_size as user_siz3_11_8_,
        salesinfou8_.user_weight as user_wei4_11_8_ 
    from
        stores stores0_ 
    left outer join
        members members1_ 
            on stores0_.author_id=members1_.id 
    left outer join
        clothes_info clothesinf2_ 
            on stores0_.clothes_info_id=clothesinf2_.id 
    left outer join
        colors colors3_ 
            on stores0_.colors_name=colors3_.name 
    left outer join
        materials materials4_ 
            on stores0_.materials_name=materials4_.name 
    left outer join
        style style5_ 
            on stores0_.style_name=style5_.name 
    left outer join
        sales_info_clothes salesinfoc6_ 
            on stores0_.sales_info_clothes_id=salesinfoc6_.id 
    left outer join
        sales_info_status salesinfos7_ 
            on stores0_.sales_info_status_id=salesinfos7_.id 
    left outer join
        sales_info_user salesinfou8_ 
            on stores0_.sales_info_user_id=salesinfou8_.id 
    where
        stores0_.id=?
Hibernate: 
    select
        stores0_.id as id1_12_0_,
        stores0_.created_date as created_2_12_0_,
        stores0_.modified_date as modified3_12_0_,
        stores0_.author_id as author_i9_12_0_,
        stores0_.clothes_info_id as clothes10_12_0_,
        stores0_.colors_name as colors_11_12_0_,
        stores0_.materials_name as materia12_12_0_,
        stores0_.style_name as style_n13_12_0_,
        stores0_.clothes_length as clothes_4_12_0_,
        stores0_.content as content5_12_0_,
        stores0_.price as price6_12_0_,
        stores0_.sales_info_clothes_id as sales_i14_12_0_,
        stores0_.sales_info_status_id as sales_i15_12_0_,
        stores0_.sales_info_user_id as sales_i16_12_0_,
        stores0_.status as status7_12_0_,
        stores0_.title as title8_12_0_,
        members1_.id as id1_6_1_,
        members1_.email as email2_6_1_,
        members1_.image as image3_6_1_,
        members1_.name as name4_6_1_,
        members1_.nickname as nickname5_6_1_,
        members1_.password as password6_6_1_,
        members1_.phone as phone7_6_1_,
        members1_.refresh_token as refresh_8_6_1_,
        members1_.role as role9_6_1_,
        clothesinf2_.id as id1_2_2_,
        clothesinf2_.categoryl as category2_2_2_,
        clothesinf2_.categorys as category3_2_2_,
        clothesinf2_.fit as fit4_2_2_,
        clothesinf2_.length as length5_2_2_,
        colors3_.id as id1_4_3_,
        colors3_.name as name2_4_3_,
        materials4_.id as id1_5_4_,
        materials4_.name as name2_5_4_,
        style5_.id as id1_14_5_,
        style5_.name as name2_14_5_,
        salesinfoc6_.id as id1_9_6_,
        salesinfoc6_.clothes_brand as clothes_2_9_6_,
        salesinfoc6_.clothes_color as clothes_3_9_6_,
        salesinfoc6_.clothes_gender as clothes_4_9_6_,
        salesinfoc6_.clothes_size as clothes_5_9_6_,
        salesinfos7_.id as id1_10_7_,
        salesinfos7_.status_score as status_s2_10_7_,
        salesinfos7_.status_tag as status_t3_10_7_,
        salesinfos7_.status_times as status_t4_10_7_,
        salesinfos7_.status_when2buy as status_w5_10_7_,
        salesinfos7_.transport as transpor6_10_7_,
        salesinfou8_.id as id1_11_8_,
        salesinfou8_.user_height as user_hei2_11_8_,
        salesinfou8_.user_size as user_siz3_11_8_,
        salesinfou8_.user_weight as user_wei4_11_8_ 
    from
        stores stores0_ 
    left outer join
        members members1_ 
            on stores0_.author_id=members1_.id 
    left outer join
        clothes_info clothesinf2_ 
            on stores0_.clothes_info_id=clothesinf2_.id 
    left outer join
        colors colors3_ 
            on stores0_.colors_name=colors3_.name 
    left outer join
        materials materials4_ 
            on stores0_.materials_name=materials4_.name 
    left outer join
        style style5_ 
            on stores0_.style_name=style5_.name 
    left outer join
        sales_info_clothes salesinfoc6_ 
            on stores0_.sales_info_clothes_id=salesinfoc6_.id 
    left outer join
        sales_info_status salesinfos7_ 
            on stores0_.sales_info_status_id=salesinfos7_.id 
    left outer join
        sales_info_user salesinfou8_ 
            on stores0_.sales_info_user_id=salesinfou8_.id 
    where
        stores0_.id=?
Hibernate: 
    select
        stores0_.id as id1_12_0_,
        stores0_.created_date as created_2_12_0_,
        stores0_.modified_date as modified3_12_0_,
        stores0_.author_id as author_i9_12_0_,
        stores0_.clothes_info_id as clothes10_12_0_,
        stores0_.colors_name as colors_11_12_0_,
        stores0_.materials_name as materia12_12_0_,
        stores0_.style_name as style_n13_12_0_,
        stores0_.clothes_length as clothes_4_12_0_,
        stores0_.content as content5_12_0_,
        stores0_.price as price6_12_0_,
        stores0_.sales_info_clothes_id as sales_i14_12_0_,
        stores0_.sales_info_status_id as sales_i15_12_0_,
        stores0_.sales_info_user_id as sales_i16_12_0_,
        stores0_.status as status7_12_0_,
        stores0_.title as title8_12_0_,
        members1_.id as id1_6_1_,
        members1_.email as email2_6_1_,
        members1_.image as image3_6_1_,
        members1_.name as name4_6_1_,
        members1_.nickname as nickname5_6_1_,
        members1_.password as password6_6_1_,
        members1_.phone as phone7_6_1_,
        members1_.refresh_token as refresh_8_6_1_,
        members1_.role as role9_6_1_,
        clothesinf2_.id as id1_2_2_,
        clothesinf2_.categoryl as category2_2_2_,
        clothesinf2_.categorys as category3_2_2_,
        clothesinf2_.fit as fit4_2_2_,
        clothesinf2_.length as length5_2_2_,
        colors3_.id as id1_4_3_,
        colors3_.name as name2_4_3_,
        materials4_.id as id1_5_4_,
        materials4_.name as name2_5_4_,
        style5_.id as id1_14_5_,
        style5_.name as name2_14_5_,
        salesinfoc6_.id as id1_9_6_,
        salesinfoc6_.clothes_brand as clothes_2_9_6_,
        salesinfoc6_.clothes_color as clothes_3_9_6_,
        salesinfoc6_.clothes_gender as clothes_4_9_6_,
        salesinfoc6_.clothes_size as clothes_5_9_6_,
        salesinfos7_.id as id1_10_7_,
        salesinfos7_.status_score as status_s2_10_7_,
        salesinfos7_.status_tag as status_t3_10_7_,
        salesinfos7_.status_times as status_t4_10_7_,
        salesinfos7_.status_when2buy as status_w5_10_7_,
        salesinfos7_.transport as transpor6_10_7_,
        salesinfou8_.id as id1_11_8_,
        salesinfou8_.user_height as user_hei2_11_8_,
        salesinfou8_.user_size as user_siz3_11_8_,
        salesinfou8_.user_weight as user_wei4_11_8_ 
    from
        stores stores0_ 
    left outer join
        members members1_ 
            on stores0_.author_id=members1_.id 
    left outer join
        clothes_info clothesinf2_ 
            on stores0_.clothes_info_id=clothesinf2_.id 
    left outer join
        colors colors3_ 
            on stores0_.colors_name=colors3_.name 
    left outer join
        materials materials4_ 
            on stores0_.materials_name=materials4_.name 
    left outer join
        style style5_ 
            on stores0_.style_name=style5_.name 
    left outer join
        sales_info_clothes salesinfoc6_ 
            on stores0_.sales_info_clothes_id=salesinfoc6_.id 
    left outer join
        sales_info_status salesinfos7_ 
            on stores0_.sales_info_status_id=salesinfos7_.id 
    left outer join
        sales_info_user salesinfou8_ 
            on stores0_.sales_info_user_id=salesinfou8_.id 
    where
        stores0_.id=?
Hibernate: 
    select
        stores0_.id as id1_12_0_,
        stores0_.created_date as created_2_12_0_,
        stores0_.modified_date as modified3_12_0_,
        stores0_.author_id as author_i9_12_0_,
        stores0_.clothes_info_id as clothes10_12_0_,
        stores0_.colors_name as colors_11_12_0_,
        stores0_.materials_name as materia12_12_0_,
        stores0_.style_name as style_n13_12_0_,
        stores0_.clothes_length as clothes_4_12_0_,
        stores0_.content as content5_12_0_,
        stores0_.price as price6_12_0_,
        stores0_.sales_info_clothes_id as sales_i14_12_0_,
        stores0_.sales_info_status_id as sales_i15_12_0_,
        stores0_.sales_info_user_id as sales_i16_12_0_,
        stores0_.status as status7_12_0_,
        stores0_.title as title8_12_0_,
        members1_.id as id1_6_1_,
        members1_.email as email2_6_1_,
        members1_.image as image3_6_1_,
        members1_.name as name4_6_1_,
        members1_.nickname as nickname5_6_1_,
        members1_.password as password6_6_1_,
        members1_.phone as phone7_6_1_,
        members1_.refresh_token as refresh_8_6_1_,
        members1_.role as role9_6_1_,
        clothesinf2_.id as id1_2_2_,
        clothesinf2_.categoryl as category2_2_2_,
        clothesinf2_.categorys as category3_2_2_,
        clothesinf2_.fit as fit4_2_2_,
        clothesinf2_.length as length5_2_2_,
        colors3_.id as id1_4_3_,
        colors3_.name as name2_4_3_,
        materials4_.id as id1_5_4_,
        materials4_.name as name2_5_4_,
        style5_.id as id1_14_5_,
        style5_.name as name2_14_5_,
        salesinfoc6_.id as id1_9_6_,
        salesinfoc6_.clothes_brand as clothes_2_9_6_,
        salesinfoc6_.clothes_color as clothes_3_9_6_,
        salesinfoc6_.clothes_gender as clothes_4_9_6_,
        salesinfoc6_.clothes_size as clothes_5_9_6_,
        salesinfos7_.id as id1_10_7_,
        salesinfos7_.status_score as status_s2_10_7_,
        salesinfos7_.status_tag as status_t3_10_7_,
        salesinfos7_.status_times as status_t4_10_7_,
        salesinfos7_.status_when2buy as status_w5_10_7_,
        salesinfos7_.transport as transpor6_10_7_,
        salesinfou8_.id as id1_11_8_,
        salesinfou8_.user_height as user_hei2_11_8_,
        salesinfou8_.user_size as user_siz3_11_8_,
        salesinfou8_.user_weight as user_wei4_11_8_ 
    from
        stores stores0_ 
    left outer join
        members members1_ 
            on stores0_.author_id=members1_.id 
    left outer join
        clothes_info clothesinf2_ 
            on stores0_.clothes_info_id=clothesinf2_.id 
    left outer join
        colors colors3_ 
            on stores0_.colors_name=colors3_.name 
    left outer join
        materials materials4_ 
            on stores0_.materials_name=materials4_.name 
    left outer join
        style style5_ 
            on stores0_.style_name=style5_.name 
    left outer join
        sales_info_clothes salesinfoc6_ 
            on stores0_.sales_info_clothes_id=salesinfoc6_.id 
    left outer join
        sales_info_status salesinfos7_ 
            on stores0_.sales_info_status_id=salesinfos7_.id 
    left outer join
        sales_info_user salesinfou8_ 
            on stores0_.sales_info_user_id=salesinfou8_.id 
    where
        stores0_.id=?
Hibernate: 
    select
        stores0_.id as id1_12_0_,
        stores0_.created_date as created_2_12_0_,
        stores0_.modified_date as modified3_12_0_,
        stores0_.author_id as author_i9_12_0_,
        stores0_.clothes_info_id as clothes10_12_0_,
        stores0_.colors_name as colors_11_12_0_,
        stores0_.materials_name as materia12_12_0_,
        stores0_.style_name as style_n13_12_0_,
        stores0_.clothes_length as clothes_4_12_0_,
        stores0_.content as content5_12_0_,
        stores0_.price as price6_12_0_,
        stores0_.sales_info_clothes_id as sales_i14_12_0_,
        stores0_.sales_info_status_id as sales_i15_12_0_,
        stores0_.sales_info_user_id as sales_i16_12_0_,
        stores0_.status as status7_12_0_,
        stores0_.title as title8_12_0_,
        members1_.id as id1_6_1_,
        members1_.email as email2_6_1_,
        members1_.image as image3_6_1_,
        members1_.name as name4_6_1_,
        members1_.nickname as nickname5_6_1_,
        members1_.password as password6_6_1_,
        members1_.phone as phone7_6_1_,
        members1_.refresh_token as refresh_8_6_1_,
        members1_.role as role9_6_1_,
        clothesinf2_.id as id1_2_2_,
        clothesinf2_.categoryl as category2_2_2_,
        clothesinf2_.categorys as category3_2_2_,
        clothesinf2_.fit as fit4_2_2_,
        clothesinf2_.length as length5_2_2_,
        colors3_.id as id1_4_3_,
        colors3_.name as name2_4_3_,
        materials4_.id as id1_5_4_,
        materials4_.name as name2_5_4_,
        style5_.id as id1_14_5_,
        style5_.name as name2_14_5_,
        salesinfoc6_.id as id1_9_6_,
        salesinfoc6_.clothes_brand as clothes_2_9_6_,
        salesinfoc6_.clothes_color as clothes_3_9_6_,
        salesinfoc6_.clothes_gender as clothes_4_9_6_,
        salesinfoc6_.clothes_size as clothes_5_9_6_,
        salesinfos7_.id as id1_10_7_,
        salesinfos7_.status_score as status_s2_10_7_,
        salesinfos7_.status_tag as status_t3_10_7_,
        salesinfos7_.status_times as status_t4_10_7_,
        salesinfos7_.status_when2buy as status_w5_10_7_,
        salesinfos7_.transport as transpor6_10_7_,
        salesinfou8_.id as id1_11_8_,
        salesinfou8_.user_height as user_hei2_11_8_,
        salesinfou8_.user_size as user_siz3_11_8_,
        salesinfou8_.user_weight as user_wei4_11_8_ 
    from
        stores stores0_ 
    left outer join
        members members1_ 
            on stores0_.author_id=members1_.id 
    left outer join
        clothes_info clothesinf2_ 
            on stores0_.clothes_info_id=clothesinf2_.id 
    left outer join
        colors colors3_ 
            on stores0_.colors_name=colors3_.name 
    left outer join
        materials materials4_ 
            on stores0_.materials_name=materials4_.name 
    left outer join
        style style5_ 
            on stores0_.style_name=style5_.name 
    left outer join
        sales_info_clothes salesinfoc6_ 
            on stores0_.sales_info_clothes_id=salesinfoc6_.id 
    left outer join
        sales_info_status salesinfos7_ 
            on stores0_.sales_info_status_id=salesinfos7_.id 
    left outer join
        sales_info_user salesinfou8_ 
            on stores0_.sales_info_user_id=salesinfou8_.id 
    where
        stores0_.id=?
Hibernate: 
    select
        stores0_.id as id1_12_0_,
        stores0_.created_date as created_2_12_0_,
        stores0_.modified_date as modified3_12_0_,
        stores0_.author_id as author_i9_12_0_,
        stores0_.clothes_info_id as clothes10_12_0_,
        stores0_.colors_name as colors_11_12_0_,
        stores0_.materials_name as materia12_12_0_,
        stores0_.style_name as style_n13_12_0_,
        stores0_.clothes_length as clothes_4_12_0_,
        stores0_.content as content5_12_0_,
        stores0_.price as price6_12_0_,
        stores0_.sales_info_clothes_id as sales_i14_12_0_,
        stores0_.sales_info_status_id as sales_i15_12_0_,
        stores0_.sales_info_user_id as sales_i16_12_0_,
        stores0_.status as status7_12_0_,
        stores0_.title as title8_12_0_,
        members1_.id as id1_6_1_,
        members1_.email as email2_6_1_,
        members1_.image as image3_6_1_,
        members1_.name as name4_6_1_,
        members1_.nickname as nickname5_6_1_,
        members1_.password as password6_6_1_,
        members1_.phone as phone7_6_1_,
        members1_.refresh_token as refresh_8_6_1_,
        members1_.role as role9_6_1_,
        clothesinf2_.id as id1_2_2_,
        clothesinf2_.categoryl as category2_2_2_,
        clothesinf2_.categorys as category3_2_2_,
        clothesinf2_.fit as fit4_2_2_,
        clothesinf2_.length as length5_2_2_,
        colors3_.id as id1_4_3_,
        colors3_.name as name2_4_3_,
        materials4_.id as id1_5_4_,
        materials4_.name as name2_5_4_,
        style5_.id as id1_14_5_,
        style5_.name as name2_14_5_,
        salesinfoc6_.id as id1_9_6_,
        salesinfoc6_.clothes_brand as clothes_2_9_6_,
        salesinfoc6_.clothes_color as clothes_3_9_6_,
        salesinfoc6_.clothes_gender as clothes_4_9_6_,
        salesinfoc6_.clothes_size as clothes_5_9_6_,
        salesinfos7_.id as id1_10_7_,
        salesinfos7_.status_score as status_s2_10_7_,
        salesinfos7_.status_tag as status_t3_10_7_,
        salesinfos7_.status_times as status_t4_10_7_,
        salesinfos7_.status_when2buy as status_w5_10_7_,
        salesinfos7_.transport as transpor6_10_7_,
        salesinfou8_.id as id1_11_8_,
        salesinfou8_.user_height as user_hei2_11_8_,
        salesinfou8_.user_size as user_siz3_11_8_,
        salesinfou8_.user_weight as user_wei4_11_8_ 
    from
        stores stores0_ 
    left outer join
        members members1_ 
            on stores0_.author_id=members1_.id 
    left outer join
        clothes_info clothesinf2_ 
            on stores0_.clothes_info_id=clothesinf2_.id 
    left outer join
        colors colors3_ 
            on stores0_.colors_name=colors3_.name 
    left outer join
        materials materials4_ 
            on stores0_.materials_name=materials4_.name 
    left outer join
        style style5_ 
            on stores0_.style_name=style5_.name 
    left outer join
        sales_info_clothes salesinfoc6_ 
            on stores0_.sales_info_clothes_id=salesinfoc6_.id 
    left outer join
        sales_info_status salesinfos7_ 
            on stores0_.sales_info_status_id=salesinfos7_.id 
    left outer join
        sales_info_user salesinfou8_ 
            on stores0_.sales_info_user_id=salesinfou8_.id 
    where
        stores0_.id=?
Hibernate: 
    select
        stores0_.id as id1_12_0_,
        stores0_.created_date as created_2_12_0_,
        stores0_.modified_date as modified3_12_0_,
        stores0_.author_id as author_i9_12_0_,
        stores0_.clothes_info_id as clothes10_12_0_,
        stores0_.colors_name as colors_11_12_0_,
        stores0_.materials_name as materia12_12_0_,
        stores0_.style_name as style_n13_12_0_,
        stores0_.clothes_length as clothes_4_12_0_,
        stores0_.content as content5_12_0_,
        stores0_.price as price6_12_0_,
        stores0_.sales_info_clothes_id as sales_i14_12_0_,
        stores0_.sales_info_status_id as sales_i15_12_0_,
        stores0_.sales_info_user_id as sales_i16_12_0_,
        stores0_.status as status7_12_0_,
        stores0_.title as title8_12_0_,
        members1_.id as id1_6_1_,
        members1_.email as email2_6_1_,
        members1_.image as image3_6_1_,
        members1_.name as name4_6_1_,
        members1_.nickname as nickname5_6_1_,
        members1_.password as password6_6_1_,
        members1_.phone as phone7_6_1_,
        members1_.refresh_token as refresh_8_6_1_,
        members1_.role as role9_6_1_,
        clothesinf2_.id as id1_2_2_,
        clothesinf2_.categoryl as category2_2_2_,
        clothesinf2_.categorys as category3_2_2_,
        clothesinf2_.fit as fit4_2_2_,
        clothesinf2_.length as length5_2_2_,
        colors3_.id as id1_4_3_,
        colors3_.name as name2_4_3_,
        materials4_.id as id1_5_4_,
        materials4_.name as name2_5_4_,
        style5_.id as id1_14_5_,
        style5_.name as name2_14_5_,
        salesinfoc6_.id as id1_9_6_,
        salesinfoc6_.clothes_brand as clothes_2_9_6_,
        salesinfoc6_.clothes_color as clothes_3_9_6_,
        salesinfoc6_.clothes_gender as clothes_4_9_6_,
        salesinfoc6_.clothes_size as clothes_5_9_6_,
        salesinfos7_.id as id1_10_7_,
        salesinfos7_.status_score as status_s2_10_7_,
        salesinfos7_.status_tag as status_t3_10_7_,
        salesinfos7_.status_times as status_t4_10_7_,
        salesinfos7_.status_when2buy as status_w5_10_7_,
        salesinfos7_.transport as transpor6_10_7_,
        salesinfou8_.id as id1_11_8_,
        salesinfou8_.user_height as user_hei2_11_8_,
        salesinfou8_.user_size as user_siz3_11_8_,
        salesinfou8_.user_weight as user_wei4_11_8_ 
    from
        stores stores0_ 
    left outer join
        members members1_ 
            on stores0_.author_id=members1_.id 
    left outer join
        clothes_info clothesinf2_ 
            on stores0_.clothes_info_id=clothesinf2_.id 
    left outer join
        colors colors3_ 
            on stores0_.colors_name=colors3_.name 
    left outer join
        materials materials4_ 
            on stores0_.materials_name=materials4_.name 
    left outer join
        style style5_ 
            on stores0_.style_name=style5_.name 
    left outer join
        sales_info_clothes salesinfoc6_ 
            on stores0_.sales_info_clothes_id=salesinfoc6_.id 
    left outer join
        sales_info_status salesinfos7_ 
            on stores0_.sales_info_status_id=salesinfos7_.id 
    left outer join
        sales_info_user salesinfou8_ 
            on stores0_.sales_info_user_id=salesinfou8_.id 
    where
        stores0_.id=?
Hibernate: 
    select
        stores0_.id as id1_12_0_,
        stores0_.created_date as created_2_12_0_,
        stores0_.modified_date as modified3_12_0_,
        stores0_.author_id as author_i9_12_0_,
        stores0_.clothes_info_id as clothes10_12_0_,
        stores0_.colors_name as colors_11_12_0_,
        stores0_.materials_name as materia12_12_0_,
        stores0_.style_name as style_n13_12_0_,
        stores0_.clothes_length as clothes_4_12_0_,
        stores0_.content as content5_12_0_,
        stores0_.price as price6_12_0_,
        stores0_.sales_info_clothes_id as sales_i14_12_0_,
        stores0_.sales_info_status_id as sales_i15_12_0_,
        stores0_.sales_info_user_id as sales_i16_12_0_,
        stores0_.status as status7_12_0_,
        stores0_.title as title8_12_0_,
        members1_.id as id1_6_1_,
        members1_.email as email2_6_1_,
        members1_.image as image3_6_1_,
        members1_.name as name4_6_1_,
        members1_.nickname as nickname5_6_1_,
        members1_.password as password6_6_1_,
        members1_.phone as phone7_6_1_,
        members1_.refresh_token as refresh_8_6_1_,
        members1_.role as role9_6_1_,
        clothesinf2_.id as id1_2_2_,
        clothesinf2_.categoryl as category2_2_2_,
        clothesinf2_.categorys as category3_2_2_,
        clothesinf2_.fit as fit4_2_2_,
        clothesinf2_.length as length5_2_2_,
        colors3_.id as id1_4_3_,
        colors3_.name as name2_4_3_,
        materials4_.id as id1_5_4_,
        materials4_.name as name2_5_4_,
        style5_.id as id1_14_5_,
        style5_.name as name2_14_5_,
        salesinfoc6_.id as id1_9_6_,
        salesinfoc6_.clothes_brand as clothes_2_9_6_,
        salesinfoc6_.clothes_color as clothes_3_9_6_,
        salesinfoc6_.clothes_gender as clothes_4_9_6_,
        salesinfoc6_.clothes_size as clothes_5_9_6_,
        salesinfos7_.id as id1_10_7_,
        salesinfos7_.status_score as status_s2_10_7_,
        salesinfos7_.status_tag as status_t3_10_7_,
        salesinfos7_.status_times as status_t4_10_7_,
        salesinfos7_.status_when2buy as status_w5_10_7_,
        salesinfos7_.transport as transpor6_10_7_,
        salesinfou8_.id as id1_11_8_,
        salesinfou8_.user_height as user_hei2_11_8_,
        salesinfou8_.user_size as user_siz3_11_8_,
        salesinfou8_.user_weight as user_wei4_11_8_ 
    from
        stores stores0_ 
    left outer join
        members members1_ 
            on stores0_.author_id=members1_.id 
    left outer join
        clothes_info clothesinf2_ 
            on stores0_.clothes_info_id=clothesinf2_.id 
    left outer join
        colors colors3_ 
            on stores0_.colors_name=colors3_.name 
    left outer join
        materials materials4_ 
            on stores0_.materials_name=materials4_.name 
    left outer join
        style style5_ 
            on stores0_.style_name=style5_.name 
    left outer join
        sales_info_clothes salesinfoc6_ 
            on stores0_.sales_info_clothes_id=salesinfoc6_.id 
    left outer join
        sales_info_status salesinfos7_ 
            on stores0_.sales_info_status_id=salesinfos7_.id 
    left outer join
        sales_info_user salesinfou8_ 
            on stores0_.sales_info_user_id=salesinfou8_.id 
    where
        stores0_.id=?
Hibernate: 
    select
        stores0_.id as id1_12_0_,
        stores0_.created_date as created_2_12_0_,
        stores0_.modified_date as modified3_12_0_,
        stores0_.author_id as author_i9_12_0_,
        stores0_.clothes_info_id as clothes10_12_0_,
        stores0_.colors_name as colors_11_12_0_,
        stores0_.materials_name as materia12_12_0_,
        stores0_.style_name as style_n13_12_0_,
        stores0_.clothes_length as clothes_4_12_0_,
        stores0_.content as content5_12_0_,
        stores0_.price as price6_12_0_,
        stores0_.sales_info_clothes_id as sales_i14_12_0_,
        stores0_.sales_info_status_id as sales_i15_12_0_,
        stores0_.sales_info_user_id as sales_i16_12_0_,
        stores0_.status as status7_12_0_,
        stores0_.title as title8_12_0_,
        members1_.id as id1_6_1_,
        members1_.email as email2_6_1_,
        members1_.image as image3_6_1_,
        members1_.name as name4_6_1_,
        members1_.nickname as nickname5_6_1_,
        members1_.password as password6_6_1_,
        members1_.phone as phone7_6_1_,
        members1_.refresh_token as refresh_8_6_1_,
        members1_.role as role9_6_1_,
        clothesinf2_.id as id1_2_2_,
        clothesinf2_.categoryl as category2_2_2_,
        clothesinf2_.categorys as category3_2_2_,
        clothesinf2_.fit as fit4_2_2_,
        clothesinf2_.length as length5_2_2_,
        colors3_.id as id1_4_3_,
        colors3_.name as name2_4_3_,
        materials4_.id as id1_5_4_,
        materials4_.name as name2_5_4_,
        style5_.id as id1_14_5_,
        style5_.name as name2_14_5_,
        salesinfoc6_.id as id1_9_6_,
        salesinfoc6_.clothes_brand as clothes_2_9_6_,
        salesinfoc6_.clothes_color as clothes_3_9_6_,
        salesinfoc6_.clothes_gender as clothes_4_9_6_,
        salesinfoc6_.clothes_size as clothes_5_9_6_,
        salesinfos7_.id as id1_10_7_,
        salesinfos7_.status_score as status_s2_10_7_,
        salesinfos7_.status_tag as status_t3_10_7_,
        salesinfos7_.status_times as status_t4_10_7_,
        salesinfos7_.status_when2buy as status_w5_10_7_,
        salesinfos7_.transport as transpor6_10_7_,
        salesinfou8_.id as id1_11_8_,
        salesinfou8_.user_height as user_hei2_11_8_,
        salesinfou8_.user_size as user_siz3_11_8_,
        salesinfou8_.user_weight as user_wei4_11_8_ 
    from
        stores stores0_ 
    left outer join
        members members1_ 
            on stores0_.author_id=members1_.id 
    left outer join
        clothes_info clothesinf2_ 
            on stores0_.clothes_info_id=clothesinf2_.id 
    left outer join
        colors colors3_ 
            on stores0_.colors_name=colors3_.name 
    left outer join
        materials materials4_ 
            on stores0_.materials_name=materials4_.name 
    left outer join
        style style5_ 
            on stores0_.style_name=style5_.name 
    left outer join
        sales_info_clothes salesinfoc6_ 
            on stores0_.sales_info_clothes_id=salesinfoc6_.id 
    left outer join
        sales_info_status salesinfos7_ 
            on stores0_.sales_info_status_id=salesinfos7_.id 
    left outer join
        sales_info_user salesinfou8_ 
            on stores0_.sales_info_user_id=salesinfou8_.id 
    where
        stores0_.id=?
Hibernate: 
    select
        stores0_.id as id1_12_0_,
        stores0_.created_date as created_2_12_0_,
        stores0_.modified_date as modified3_12_0_,
        stores0_.author_id as author_i9_12_0_,
        stores0_.clothes_info_id as clothes10_12_0_,
        stores0_.colors_name as colors_11_12_0_,
        stores0_.materials_name as materia12_12_0_,
        stores0_.style_name as style_n13_12_0_,
        stores0_.clothes_length as clothes_4_12_0_,
        stores0_.content as content5_12_0_,
        stores0_.price as price6_12_0_,
        stores0_.sales_info_clothes_id as sales_i14_12_0_,
        stores0_.sales_info_status_id as sales_i15_12_0_,
        stores0_.sales_info_user_id as sales_i16_12_0_,
        stores0_.status as status7_12_0_,
        stores0_.title as title8_12_0_,
        members1_.id as id1_6_1_,
        members1_.email as email2_6_1_,
        members1_.image as image3_6_1_,
        members1_.name as name4_6_1_,
        members1_.nickname as nickname5_6_1_,
        members1_.password as password6_6_1_,
        members1_.phone as phone7_6_1_,
        members1_.refresh_token as refresh_8_6_1_,
        members1_.role as role9_6_1_,
        clothesinf2_.id as id1_2_2_,
        clothesinf2_.categoryl as category2_2_2_,
        clothesinf2_.categorys as category3_2_2_,
        clothesinf2_.fit as fit4_2_2_,
        clothesinf2_.length as length5_2_2_,
        colors3_.id as id1_4_3_,
        colors3_.name as name2_4_3_,
        materials4_.id as id1_5_4_,
        materials4_.name as name2_5_4_,
        style5_.id as id1_14_5_,
        style5_.name as name2_14_5_,
        salesinfoc6_.id as id1_9_6_,
        salesinfoc6_.clothes_brand as clothes_2_9_6_,
        salesinfoc6_.clothes_color as clothes_3_9_6_,
        salesinfoc6_.clothes_gender as clothes_4_9_6_,
        salesinfoc6_.clothes_size as clothes_5_9_6_,
        salesinfos7_.id as id1_10_7_,
        salesinfos7_.status_score as status_s2_10_7_,
        salesinfos7_.status_tag as status_t3_10_7_,
        salesinfos7_.status_times as status_t4_10_7_,
        salesinfos7_.status_when2buy as status_w5_10_7_,
        salesinfos7_.transport as transpor6_10_7_,
        salesinfou8_.id as id1_11_8_,
        salesinfou8_.user_height as user_hei2_11_8_,
        salesinfou8_.user_size as user_siz3_11_8_,
        salesinfou8_.user_weight as user_wei4_11_8_ 
    from
        stores stores0_ 
    left outer join
        members members1_ 
            on stores0_.author_id=members1_.id 
    left outer join
        clothes_info clothesinf2_ 
            on stores0_.clothes_info_id=clothesinf2_.id 
    left outer join
        colors colors3_ 
            on stores0_.colors_name=colors3_.name 
    left outer join
        materials materials4_ 
            on stores0_.materials_name=materials4_.name 
    left outer join
        style style5_ 
            on stores0_.style_name=style5_.name 
    left outer join
        sales_info_clothes salesinfoc6_ 
            on stores0_.sales_info_clothes_id=salesinfoc6_.id 
    left outer join
        sales_info_status salesinfos7_ 
            on stores0_.sales_info_status_id=salesinfos7_.id 
    left outer join
        sales_info_user salesinfou8_ 
            on stores0_.sales_info_user_id=salesinfou8_.id 
    where
        stores0_.id=?
Hibernate: 
    select
        stores0_.id as id1_12_0_,
        stores0_.created_date as created_2_12_0_,
        stores0_.modified_date as modified3_12_0_,
        stores0_.author_id as author_i9_12_0_,
        stores0_.clothes_info_id as clothes10_12_0_,
        stores0_.colors_name as colors_11_12_0_,
        stores0_.materials_name as materia12_12_0_,
        stores0_.style_name as style_n13_12_0_,
        stores0_.clothes_length as clothes_4_12_0_,
        stores0_.content as content5_12_0_,
        stores0_.price as price6_12_0_,
        stores0_.sales_info_clothes_id as sales_i14_12_0_,
        stores0_.sales_info_status_id as sales_i15_12_0_,
        stores0_.sales_info_user_id as sales_i16_12_0_,
        stores0_.status as status7_12_0_,
        stores0_.title as title8_12_0_,
        members1_.id as id1_6_1_,
        members1_.email as email2_6_1_,
        members1_.image as image3_6_1_,
        members1_.name as name4_6_1_,
        members1_.nickname as nickname5_6_1_,
        members1_.password as password6_6_1_,
        members1_.phone as phone7_6_1_,
        members1_.refresh_token as refresh_8_6_1_,
        members1_.role as role9_6_1_,
        clothesinf2_.id as id1_2_2_,
        clothesinf2_.categoryl as category2_2_2_,
        clothesinf2_.categorys as category3_2_2_,
        clothesinf2_.fit as fit4_2_2_,
        clothesinf2_.length as length5_2_2_,
        colors3_.id as id1_4_3_,
        colors3_.name as name2_4_3_,
        materials4_.id as id1_5_4_,
        materials4_.name as name2_5_4_,
        style5_.id as id1_14_5_,
        style5_.name as name2_14_5_,
        salesinfoc6_.id as id1_9_6_,
        salesinfoc6_.clothes_brand as clothes_2_9_6_,
        salesinfoc6_.clothes_color as clothes_3_9_6_,
        salesinfoc6_.clothes_gender as clothes_4_9_6_,
        salesinfoc6_.clothes_size as clothes_5_9_6_,
        salesinfos7_.id as id1_10_7_,
        salesinfos7_.status_score as status_s2_10_7_,
        salesinfos7_.status_tag as status_t3_10_7_,
        salesinfos7_.status_times as status_t4_10_7_,
        salesinfos7_.status_when2buy as status_w5_10_7_,
        salesinfos7_.transport as transpor6_10_7_,
        salesinfou8_.id as id1_11_8_,
        salesinfou8_.user_height as user_hei2_11_8_,
        salesinfou8_.user_size as user_siz3_11_8_,
        salesinfou8_.user_weight as user_wei4_11_8_ 
    from
        stores stores0_ 
    left outer join
        members members1_ 
            on stores0_.author_id=members1_.id 
    left outer join
        clothes_info clothesinf2_ 
            on stores0_.clothes_info_id=clothesinf2_.id 
    left outer join
        colors colors3_ 
            on stores0_.colors_name=colors3_.name 
    left outer join
        materials materials4_ 
            on stores0_.materials_name=materials4_.name 
    left outer join
        style style5_ 
            on stores0_.style_name=style5_.name 
    left outer join
        sales_info_clothes salesinfoc6_ 
            on stores0_.sales_info_clothes_id=salesinfoc6_.id 
    left outer join
        sales_info_status salesinfos7_ 
            on stores0_.sales_info_status_id=salesinfos7_.id 
    left outer join
        sales_info_user salesinfou8_ 
            on stores0_.sales_info_user_id=salesinfou8_.id 
    where
        stores0_.id=?
Hibernate: 
    select
        stores0_.id as id1_12_0_,
        stores0_.created_date as created_2_12_0_,
        stores0_.modified_date as modified3_12_0_,
        stores0_.author_id as author_i9_12_0_,
        stores0_.clothes_info_id as clothes10_12_0_,
        stores0_.colors_name as colors_11_12_0_,
        stores0_.materials_name as materia12_12_0_,
        stores0_.style_name as style_n13_12_0_,
        stores0_.clothes_length as clothes_4_12_0_,
        stores0_.content as content5_12_0_,
        stores0_.price as price6_12_0_,
        stores0_.sales_info_clothes_id as sales_i14_12_0_,
        stores0_.sales_info_status_id as sales_i15_12_0_,
        stores0_.sales_info_user_id as sales_i16_12_0_,
        stores0_.status as status7_12_0_,
        stores0_.title as title8_12_0_,
        members1_.id as id1_6_1_,
        members1_.email as email2_6_1_,
        members1_.image as image3_6_1_,
        members1_.name as name4_6_1_,
        members1_.nickname as nickname5_6_1_,
        members1_.password as password6_6_1_,
        members1_.phone as phone7_6_1_,
        members1_.refresh_token as refresh_8_6_1_,
        members1_.role as role9_6_1_,
        clothesinf2_.id as id1_2_2_,
        clothesinf2_.categoryl as category2_2_2_,
        clothesinf2_.categorys as category3_2_2_,
        clothesinf2_.fit as fit4_2_2_,
        clothesinf2_.length as length5_2_2_,
        colors3_.id as id1_4_3_,
        colors3_.name as name2_4_3_,
        materials4_.id as id1_5_4_,
        materials4_.name as name2_5_4_,
        style5_.id as id1_14_5_,
        style5_.name as name2_14_5_,
        salesinfoc6_.id as id1_9_6_,
        salesinfoc6_.clothes_brand as clothes_2_9_6_,
        salesinfoc6_.clothes_color as clothes_3_9_6_,
        salesinfoc6_.clothes_gender as clothes_4_9_6_,
        salesinfoc6_.clothes_size as clothes_5_9_6_,
        salesinfos7_.id as id1_10_7_,
        salesinfos7_.status_score as status_s2_10_7_,
        salesinfos7_.status_tag as status_t3_10_7_,
        salesinfos7_.status_times as status_t4_10_7_,
        salesinfos7_.status_when2buy as status_w5_10_7_,
        salesinfos7_.transport as transpor6_10_7_,
        salesinfou8_.id as id1_11_8_,
        salesinfou8_.user_height as user_hei2_11_8_,
        salesinfou8_.user_size as user_siz3_11_8_,
        salesinfou8_.user_weight as user_wei4_11_8_ 
    from
        stores stores0_ 
    left outer join
        members members1_ 
            on stores0_.author_id=members1_.id 
    left outer join
        clothes_info clothesinf2_ 
            on stores0_.clothes_info_id=clothesinf2_.id 
    left outer join
        colors colors3_ 
            on stores0_.colors_name=colors3_.name 
    left outer join
        materials materials4_ 
            on stores0_.materials_name=materials4_.name 
    left outer join
        style style5_ 
            on stores0_.style_name=style5_.name 
    left outer join
        sales_info_clothes salesinfoc6_ 
            on stores0_.sales_info_clothes_id=salesinfoc6_.id 
    left outer join
        sales_info_status salesinfos7_ 
            on stores0_.sales_info_status_id=salesinfos7_.id 
    left outer join
        sales_info_user salesinfou8_ 
            on stores0_.sales_info_user_id=salesinfou8_.id 
    where
        stores0_.id=?
Hibernate: 
    select
        stores0_.id as id1_12_0_,
        stores0_.created_date as created_2_12_0_,
        stores0_.modified_date as modified3_12_0_,
        stores0_.author_id as author_i9_12_0_,
        stores0_.clothes_info_id as clothes10_12_0_,
        stores0_.colors_name as colors_11_12_0_,
        stores0_.materials_name as materia12_12_0_,
        stores0_.style_name as style_n13_12_0_,
        stores0_.clothes_length as clothes_4_12_0_,
        stores0_.content as content5_12_0_,
        stores0_.price as price6_12_0_,
        stores0_.sales_info_clothes_id as sales_i14_12_0_,
        stores0_.sales_info_status_id as sales_i15_12_0_,
        stores0_.sales_info_user_id as sales_i16_12_0_,
        stores0_.status as status7_12_0_,
        stores0_.title as title8_12_0_,
        members1_.id as id1_6_1_,
        members1_.email as email2_6_1_,
        members1_.image as image3_6_1_,
        members1_.name as name4_6_1_,
        members1_.nickname as nickname5_6_1_,
        members1_.password as password6_6_1_,
        members1_.phone as phone7_6_1_,
        members1_.refresh_token as refresh_8_6_1_,
        members1_.role as role9_6_1_,
        clothesinf2_.id as id1_2_2_,
        clothesinf2_.categoryl as category2_2_2_,
        clothesinf2_.categorys as category3_2_2_,
        clothesinf2_.fit as fit4_2_2_,
        clothesinf2_.length as length5_2_2_,
        colors3_.id as id1_4_3_,
        colors3_.name as name2_4_3_,
        materials4_.id as id1_5_4_,
        materials4_.name as name2_5_4_,
        style5_.id as id1_14_5_,
        style5_.name as name2_14_5_,
        salesinfoc6_.id as id1_9_6_,
        salesinfoc6_.clothes_brand as clothes_2_9_6_,
        salesinfoc6_.clothes_color as clothes_3_9_6_,
        salesinfoc6_.clothes_gender as clothes_4_9_6_,
        salesinfoc6_.clothes_size as clothes_5_9_6_,
        salesinfos7_.id as id1_10_7_,
        salesinfos7_.status_score as status_s2_10_7_,
        salesinfos7_.status_tag as status_t3_10_7_,
        salesinfos7_.status_times as status_t4_10_7_,
        salesinfos7_.status_when2buy as status_w5_10_7_,
        salesinfos7_.transport as transpor6_10_7_,
        salesinfou8_.id as id1_11_8_,
        salesinfou8_.user_height as user_hei2_11_8_,
        salesinfou8_.user_size as user_siz3_11_8_,
        salesinfou8_.user_weight as user_wei4_11_8_ 
    from
        stores stores0_ 
    left outer join
        members members1_ 
            on stores0_.author_id=members1_.id 
    left outer join
        clothes_info clothesinf2_ 
            on stores0_.clothes_info_id=clothesinf2_.id 
    left outer join
        colors colors3_ 
            on stores0_.colors_name=colors3_.name 
    left outer join
        materials materials4_ 
            on stores0_.materials_name=materials4_.name 
    left outer join
        style style5_ 
            on stores0_.style_name=style5_.name 
    left outer join
        sales_info_clothes salesinfoc6_ 
            on stores0_.sales_info_clothes_id=salesinfoc6_.id 
    left outer join
        sales_info_status salesinfos7_ 
            on stores0_.sales_info_status_id=salesinfos7_.id 
    left outer join
        sales_info_user salesinfou8_ 
            on stores0_.sales_info_user_id=salesinfou8_.id 
    where
        stores0_.id=?
Hibernate: 
    select
        stores0_.id as id1_12_0_,
        stores0_.created_date as created_2_12_0_,
        stores0_.modified_date as modified3_12_0_,
        stores0_.author_id as author_i9_12_0_,
        stores0_.clothes_info_id as clothes10_12_0_,
        stores0_.colors_name as colors_11_12_0_,
        stores0_.materials_name as materia12_12_0_,
        stores0_.style_name as style_n13_12_0_,
        stores0_.clothes_length as clothes_4_12_0_,
        stores0_.content as content5_12_0_,
        stores0_.price as price6_12_0_,
        stores0_.sales_info_clothes_id as sales_i14_12_0_,
        stores0_.sales_info_status_id as sales_i15_12_0_,
        stores0_.sales_info_user_id as sales_i16_12_0_,
        stores0_.status as status7_12_0_,
        stores0_.title as title8_12_0_,
        members1_.id as id1_6_1_,
        members1_.email as email2_6_1_,
        members1_.image as image3_6_1_,
        members1_.name as name4_6_1_,
        members1_.nickname as nickname5_6_1_,
        members1_.password as password6_6_1_,
        members1_.phone as phone7_6_1_,
        members1_.refresh_token as refresh_8_6_1_,
        members1_.role as role9_6_1_,
        clothesinf2_.id as id1_2_2_,
        clothesinf2_.categoryl as category2_2_2_,
        clothesinf2_.categorys as category3_2_2_,
        clothesinf2_.fit as fit4_2_2_,
        clothesinf2_.length as length5_2_2_,
        colors3_.id as id1_4_3_,
        colors3_.name as name2_4_3_,
        materials4_.id as id1_5_4_,
        materials4_.name as name2_5_4_,
        style5_.id as id1_14_5_,
        style5_.name as name2_14_5_,
        salesinfoc6_.id as id1_9_6_,
        salesinfoc6_.clothes_brand as clothes_2_9_6_,
        salesinfoc6_.clothes_color as clothes_3_9_6_,
        salesinfoc6_.clothes_gender as clothes_4_9_6_,
        salesinfoc6_.clothes_size as clothes_5_9_6_,
        salesinfos7_.id as id1_10_7_,
        salesinfos7_.status_score as status_s2_10_7_,
        salesinfos7_.status_tag as status_t3_10_7_,
        salesinfos7_.status_times as status_t4_10_7_,
        salesinfos7_.status_when2buy as status_w5_10_7_,
        salesinfos7_.transport as transpor6_10_7_,
        salesinfou8_.id as id1_11_8_,
        salesinfou8_.user_height as user_hei2_11_8_,
        salesinfou8_.user_size as user_siz3_11_8_,
        salesinfou8_.user_weight as user_wei4_11_8_ 
    from
        stores stores0_ 
    left outer join
        members members1_ 
            on stores0_.author_id=members1_.id 
    left outer join
        clothes_info clothesinf2_ 
            on stores0_.clothes_info_id=clothesinf2_.id 
    left outer join
        colors colors3_ 
            on stores0_.colors_name=colors3_.name 
    left outer join
        materials materials4_ 
            on stores0_.materials_name=materials4_.name 
    left outer join
        style style5_ 
            on stores0_.style_name=style5_.name 
    left outer join
        sales_info_clothes salesinfoc6_ 
            on stores0_.sales_info_clothes_id=salesinfoc6_.id 
    left outer join
        sales_info_status salesinfos7_ 
            on stores0_.sales_info_status_id=salesinfos7_.id 
    left outer join
        sales_info_user salesinfou8_ 
            on stores0_.sales_info_user_id=salesinfou8_.id 
    where
        stores0_.id=?
Hibernate: 
    select
        stores0_.id as id1_12_0_,
        stores0_.created_date as created_2_12_0_,
        stores0_.modified_date as modified3_12_0_,
        stores0_.author_id as author_i9_12_0_,
        stores0_.clothes_info_id as clothes10_12_0_,
        stores0_.colors_name as colors_11_12_0_,
        stores0_.materials_name as materia12_12_0_,
        stores0_.style_name as style_n13_12_0_,
        stores0_.clothes_length as clothes_4_12_0_,
        stores0_.content as content5_12_0_,
        stores0_.price as price6_12_0_,
        stores0_.sales_info_clothes_id as sales_i14_12_0_,
        stores0_.sales_info_status_id as sales_i15_12_0_,
        stores0_.sales_info_user_id as sales_i16_12_0_,
        stores0_.status as status7_12_0_,
        stores0_.title as title8_12_0_,
        members1_.id as id1_6_1_,
        members1_.email as email2_6_1_,
        members1_.image as image3_6_1_,
        members1_.name as name4_6_1_,
        members1_.nickname as nickname5_6_1_,
        members1_.password as password6_6_1_,
        members1_.phone as phone7_6_1_,
        members1_.refresh_token as refresh_8_6_1_,
        members1_.role as role9_6_1_,
        clothesinf2_.id as id1_2_2_,
        clothesinf2_.categoryl as category2_2_2_,
        clothesinf2_.categorys as category3_2_2_,
        clothesinf2_.fit as fit4_2_2_,
        clothesinf2_.length as length5_2_2_,
        colors3_.id as id1_4_3_,
        colors3_.name as name2_4_3_,
        materials4_.id as id1_5_4_,
        materials4_.name as name2_5_4_,
        style5_.id as id1_14_5_,
        style5_.name as name2_14_5_,
        salesinfoc6_.id as id1_9_6_,
        salesinfoc6_.clothes_brand as clothes_2_9_6_,
        salesinfoc6_.clothes_color as clothes_3_9_6_,
        salesinfoc6_.clothes_gender as clothes_4_9_6_,
        salesinfoc6_.clothes_size as clothes_5_9_6_,
        salesinfos7_.id as id1_10_7_,
        salesinfos7_.status_score as status_s2_10_7_,
        salesinfos7_.status_tag as status_t3_10_7_,
        salesinfos7_.status_times as status_t4_10_7_,
        salesinfos7_.status_when2buy as status_w5_10_7_,
        salesinfos7_.transport as transpor6_10_7_,
        salesinfou8_.id as id1_11_8_,
        salesinfou8_.user_height as user_hei2_11_8_,
        salesinfou8_.user_size as user_siz3_11_8_,
        salesinfou8_.user_weight as user_wei4_11_8_ 
    from
        stores stores0_ 
    left outer join
        members members1_ 
            on stores0_.author_id=members1_.id 
    left outer join
        clothes_info clothesinf2_ 
            on stores0_.clothes_info_id=clothesinf2_.id 
    left outer join
        colors colors3_ 
            on stores0_.colors_name=colors3_.name 
    left outer join
        materials materials4_ 
            on stores0_.materials_name=materials4_.name 
    left outer join
        style style5_ 
            on stores0_.style_name=style5_.name 
    left outer join
        sales_info_clothes salesinfoc6_ 
            on stores0_.sales_info_clothes_id=salesinfoc6_.id 
    left outer join
        sales_info_status salesinfos7_ 
            on stores0_.sales_info_status_id=salesinfos7_.id 
    left outer join
        sales_info_user salesinfou8_ 
            on stores0_.sales_info_user_id=salesinfou8_.id 
    where
        stores0_.id=?
Hibernate: 
    select
        stores0_.id as id1_12_0_,
        stores0_.created_date as created_2_12_0_,
        stores0_.modified_date as modified3_12_0_,
        stores0_.author_id as author_i9_12_0_,
        stores0_.clothes_info_id as clothes10_12_0_,
        stores0_.colors_name as colors_11_12_0_,
        stores0_.materials_name as materia12_12_0_,
        stores0_.style_name as style_n13_12_0_,
        stores0_.clothes_length as clothes_4_12_0_,
        stores0_.content as content5_12_0_,
        stores0_.price as price6_12_0_,
        stores0_.sales_info_clothes_id as sales_i14_12_0_,
        stores0_.sales_info_status_id as sales_i15_12_0_,
        stores0_.sales_info_user_id as sales_i16_12_0_,
        stores0_.status as status7_12_0_,
        stores0_.title as title8_12_0_,
        members1_.id as id1_6_1_,
        members1_.email as email2_6_1_,
        members1_.image as image3_6_1_,
        members1_.name as name4_6_1_,
        members1_.nickname as nickname5_6_1_,
        members1_.password as password6_6_1_,
        members1_.phone as phone7_6_1_,
        members1_.refresh_token as refresh_8_6_1_,
        members1_.role as role9_6_1_,
        clothesinf2_.id as id1_2_2_,
        clothesinf2_.categoryl as category2_2_2_,
        clothesinf2_.categorys as category3_2_2_,
        clothesinf2_.fit as fit4_2_2_,
        clothesinf2_.length as length5_2_2_,
        colors3_.id as id1_4_3_,
        colors3_.name as name2_4_3_,
        materials4_.id as id1_5_4_,
        materials4_.name as name2_5_4_,
        style5_.id as id1_14_5_,
        style5_.name as name2_14_5_,
        salesinfoc6_.id as id1_9_6_,
        salesinfoc6_.clothes_brand as clothes_2_9_6_,
        salesinfoc6_.clothes_color as clothes_3_9_6_,
        salesinfoc6_.clothes_gender as clothes_4_9_6_,
        salesinfoc6_.clothes_size as clothes_5_9_6_,
        salesinfos7_.id as id1_10_7_,
        salesinfos7_.status_score as status_s2_10_7_,
        salesinfos7_.status_tag as status_t3_10_7_,
        salesinfos7_.status_times as status_t4_10_7_,
        salesinfos7_.status_when2buy as status_w5_10_7_,
        salesinfos7_.transport as transpor6_10_7_,
        salesinfou8_.id as id1_11_8_,
        salesinfou8_.user_height as user_hei2_11_8_,
        salesinfou8_.user_size as user_siz3_11_8_,
        salesinfou8_.user_weight as user_wei4_11_8_ 
    from
        stores stores0_ 
    left outer join
        members members1_ 
            on stores0_.author_id=members1_.id 
    left outer join
        clothes_info clothesinf2_ 
            on stores0_.clothes_info_id=clothesinf2_.id 
    left outer join
        colors colors3_ 
            on stores0_.colors_name=colors3_.name 
    left outer join
        materials materials4_ 
            on stores0_.materials_name=materials4_.name 
    left outer join
        style style5_ 
            on stores0_.style_name=style5_.name 
    left outer join
        sales_info_clothes salesinfoc6_ 
            on stores0_.sales_info_clothes_id=salesinfoc6_.id 
    left outer join
        sales_info_status salesinfos7_ 
            on stores0_.sales_info_status_id=salesinfos7_.id 
    left outer join
        sales_info_user salesinfou8_ 
            on stores0_.sales_info_user_id=salesinfou8_.id 
    where
        stores0_.id=?
Hibernate: 
    select
        stores0_.id as id1_12_0_,
        stores0_.created_date as created_2_12_0_,
        stores0_.modified_date as modified3_12_0_,
        stores0_.author_id as author_i9_12_0_,
        stores0_.clothes_info_id as clothes10_12_0_,
        stores0_.colors_name as colors_11_12_0_,
        stores0_.materials_name as materia12_12_0_,
        stores0_.style_name as style_n13_12_0_,
        stores0_.clothes_length as clothes_4_12_0_,
        stores0_.content as content5_12_0_,
        stores0_.price as price6_12_0_,
        stores0_.sales_info_clothes_id as sales_i14_12_0_,
        stores0_.sales_info_status_id as sales_i15_12_0_,
        stores0_.sales_info_user_id as sales_i16_12_0_,
        stores0_.status as status7_12_0_,
        stores0_.title as title8_12_0_,
        members1_.id as id1_6_1_,
        members1_.email as email2_6_1_,
        members1_.image as image3_6_1_,
        members1_.name as name4_6_1_,
        members1_.nickname as nickname5_6_1_,
        members1_.password as password6_6_1_,
        members1_.phone as phone7_6_1_,
        members1_.refresh_token as refresh_8_6_1_,
        members1_.role as role9_6_1_,
        clothesinf2_.id as id1_2_2_,
        clothesinf2_.categoryl as category2_2_2_,
        clothesinf2_.categorys as category3_2_2_,
        clothesinf2_.fit as fit4_2_2_,
        clothesinf2_.length as length5_2_2_,
        colors3_.id as id1_4_3_,
        colors3_.name as name2_4_3_,
        materials4_.id as id1_5_4_,
        materials4_.name as name2_5_4_,
        style5_.id as id1_14_5_,
        style5_.name as name2_14_5_,
        salesinfoc6_.id as id1_9_6_,
        salesinfoc6_.clothes_brand as clothes_2_9_6_,
        salesinfoc6_.clothes_color as clothes_3_9_6_,
        salesinfoc6_.clothes_gender as clothes_4_9_6_,
        salesinfoc6_.clothes_size as clothes_5_9_6_,
        salesinfos7_.id as id1_10_7_,
        salesinfos7_.status_score as status_s2_10_7_,
        salesinfos7_.status_tag as status_t3_10_7_,
        salesinfos7_.status_times as status_t4_10_7_,
        salesinfos7_.status_when2buy as status_w5_10_7_,
        salesinfos7_.transport as transpor6_10_7_,
        salesinfou8_.id as id1_11_8_,
        salesinfou8_.user_height as user_hei2_11_8_,
        salesinfou8_.user_size as user_siz3_11_8_,
        salesinfou8_.user_weight as user_wei4_11_8_ 
    from
        stores stores0_ 
    left outer join
        members members1_ 
            on stores0_.author_id=members1_.id 
    left outer join
        clothes_info clothesinf2_ 
            on stores0_.clothes_info_id=clothesinf2_.id 
    left outer join
        colors colors3_ 
            on stores0_.colors_name=colors3_.name 
    left outer join
        materials materials4_ 
            on stores0_.materials_name=materials4_.name 
    left outer join
        style style5_ 
            on stores0_.style_name=style5_.name 
    left outer join
        sales_info_clothes salesinfoc6_ 
            on stores0_.sales_info_clothes_id=salesinfoc6_.id 
    left outer join
        sales_info_status salesinfos7_ 
            on stores0_.sales_info_status_id=salesinfos7_.id 
    left outer join
        sales_info_user salesinfou8_ 
            on stores0_.sales_info_user_id=salesinfou8_.id 
    where
        stores0_.id=?
Hibernate: 
    select
        stores0_.id as id1_12_0_,
        stores0_.created_date as created_2_12_0_,
        stores0_.modified_date as modified3_12_0_,
        stores0_.author_id as author_i9_12_0_,
        stores0_.clothes_info_id as clothes10_12_0_,
        stores0_.colors_name as colors_11_12_0_,
        stores0_.materials_name as materia12_12_0_,
        stores0_.style_name as style_n13_12_0_,
        stores0_.clothes_length as clothes_4_12_0_,
        stores0_.content as content5_12_0_,
        stores0_.price as price6_12_0_,
        stores0_.sales_info_clothes_id as sales_i14_12_0_,
        stores0_.sales_info_status_id as sales_i15_12_0_,
        stores0_.sales_info_user_id as sales_i16_12_0_,
        stores0_.status as status7_12_0_,
        stores0_.title as title8_12_0_,
        members1_.id as id1_6_1_,
        members1_.email as email2_6_1_,
        members1_.image as image3_6_1_,
        members1_.name as name4_6_1_,
        members1_.nickname as nickname5_6_1_,
        members1_.password as password6_6_1_,
        members1_.phone as phone7_6_1_,
        members1_.refresh_token as refresh_8_6_1_,
        members1_.role as role9_6_1_,
        clothesinf2_.id as id1_2_2_,
        clothesinf2_.categoryl as category2_2_2_,
        clothesinf2_.categorys as category3_2_2_,
        clothesinf2_.fit as fit4_2_2_,
        clothesinf2_.length as length5_2_2_,
        colors3_.id as id1_4_3_,
        colors3_.name as name2_4_3_,
        materials4_.id as id1_5_4_,
        materials4_.name as name2_5_4_,
        style5_.id as id1_14_5_,
        style5_.name as name2_14_5_,
        salesinfoc6_.id as id1_9_6_,
        salesinfoc6_.clothes_brand as clothes_2_9_6_,
        salesinfoc6_.clothes_color as clothes_3_9_6_,
        salesinfoc6_.clothes_gender as clothes_4_9_6_,
        salesinfoc6_.clothes_size as clothes_5_9_6_,
        salesinfos7_.id as id1_10_7_,
        salesinfos7_.status_score as status_s2_10_7_,
        salesinfos7_.status_tag as status_t3_10_7_,
        salesinfos7_.status_times as status_t4_10_7_,
        salesinfos7_.status_when2buy as status_w5_10_7_,
        salesinfos7_.transport as transpor6_10_7_,
        salesinfou8_.id as id1_11_8_,
        salesinfou8_.user_height as user_hei2_11_8_,
        salesinfou8_.user_size as user_siz3_11_8_,
        salesinfou8_.user_weight as user_wei4_11_8_ 
    from
        stores stores0_ 
    left outer join
        members members1_ 
            on stores0_.author_id=members1_.id 
    left outer join
        clothes_info clothesinf2_ 
            on stores0_.clothes_info_id=clothesinf2_.id 
    left outer join
        colors colors3_ 
            on stores0_.colors_name=colors3_.name 
    left outer join
        materials materials4_ 
            on stores0_.materials_name=materials4_.name 
    left outer join
        style style5_ 
            on stores0_.style_name=style5_.name 
    left outer join
        sales_info_clothes salesinfoc6_ 
            on stores0_.sales_info_clothes_id=salesinfoc6_.id 
    left outer join
        sales_info_status salesinfos7_ 
            on stores0_.sales_info_status_id=salesinfos7_.id 
    left outer join
        sales_info_user salesinfou8_ 
            on stores0_.sales_info_user_id=salesinfou8_.id 
    where
        stores0_.id=?
Hibernate: 
    select
        stores0_.id as id1_12_0_,
        stores0_.created_date as created_2_12_0_,
        stores0_.modified_date as modified3_12_0_,
        stores0_.author_id as author_i9_12_0_,
        stores0_.clothes_info_id as clothes10_12_0_,
        stores0_.colors_name as colors_11_12_0_,
        stores0_.materials_name as materia12_12_0_,
        stores0_.style_name as style_n13_12_0_,
        stores0_.clothes_length as clothes_4_12_0_,
        stores0_.content as content5_12_0_,
        stores0_.price as price6_12_0_,
        stores0_.sales_info_clothes_id as sales_i14_12_0_,
        stores0_.sales_info_status_id as sales_i15_12_0_,
        stores0_.sales_info_user_id as sales_i16_12_0_,
        stores0_.status as status7_12_0_,
        stores0_.title as title8_12_0_,
        members1_.id as id1_6_1_,
        members1_.email as email2_6_1_,
        members1_.image as image3_6_1_,
        members1_.name as name4_6_1_,
        members1_.nickname as nickname5_6_1_,
        members1_.password as password6_6_1_,
        members1_.phone as phone7_6_1_,
        members1_.refresh_token as refresh_8_6_1_,
        members1_.role as role9_6_1_,
        clothesinf2_.id as id1_2_2_,
        clothesinf2_.categoryl as category2_2_2_,
        clothesinf2_.categorys as category3_2_2_,
        clothesinf2_.fit as fit4_2_2_,
        clothesinf2_.length as length5_2_2_,
        colors3_.id as id1_4_3_,
        colors3_.name as name2_4_3_,
        materials4_.id as id1_5_4_,
        materials4_.name as name2_5_4_,
        style5_.id as id1_14_5_,
        style5_.name as name2_14_5_,
        salesinfoc6_.id as id1_9_6_,
        salesinfoc6_.clothes_brand as clothes_2_9_6_,
        salesinfoc6_.clothes_color as clothes_3_9_6_,
        salesinfoc6_.clothes_gender as clothes_4_9_6_,
        salesinfoc6_.clothes_size as clothes_5_9_6_,
        salesinfos7_.id as id1_10_7_,
        salesinfos7_.status_score as status_s2_10_7_,
        salesinfos7_.status_tag as status_t3_10_7_,
        salesinfos7_.status_times as status_t4_10_7_,
        salesinfos7_.status_when2buy as status_w5_10_7_,
        salesinfos7_.transport as transpor6_10_7_,
        salesinfou8_.id as id1_11_8_,
        salesinfou8_.user_height as user_hei2_11_8_,
        salesinfou8_.user_size as user_siz3_11_8_,
        salesinfou8_.user_weight as user_wei4_11_8_ 
    from
        stores stores0_ 
    left outer join
        members members1_ 
            on stores0_.author_id=members1_.id 
    left outer join
        clothes_info clothesinf2_ 
            on stores0_.clothes_info_id=clothesinf2_.id 
    left outer join
        colors colors3_ 
            on stores0_.colors_name=colors3_.name 
    left outer join
        materials materials4_ 
            on stores0_.materials_name=materials4_.name 
    left outer join
        style style5_ 
            on stores0_.style_name=style5_.name 
    left outer join
        sales_info_clothes salesinfoc6_ 
            on stores0_.sales_info_clothes_id=salesinfoc6_.id 
    left outer join
        sales_info_status salesinfos7_ 
            on stores0_.sales_info_status_id=salesinfos7_.id 
    left outer join
        sales_info_user salesinfou8_ 
            on stores0_.sales_info_user_id=salesinfou8_.id 
    where
        stores0_.id=?
Hibernate: 
    select
        stores0_.id as id1_12_0_,
        stores0_.created_date as created_2_12_0_,
        stores0_.modified_date as modified3_12_0_,
        stores0_.author_id as author_i9_12_0_,
        stores0_.clothes_info_id as clothes10_12_0_,
        stores0_.colors_name as colors_11_12_0_,
        stores0_.materials_name as materia12_12_0_,
        stores0_.style_name as style_n13_12_0_,
        stores0_.clothes_length as clothes_4_12_0_,
        stores0_.content as content5_12_0_,
        stores0_.price as price6_12_0_,
        stores0_.sales_info_clothes_id as sales_i14_12_0_,
        stores0_.sales_info_status_id as sales_i15_12_0_,
        stores0_.sales_info_user_id as sales_i16_12_0_,
        stores0_.status as status7_12_0_,
        stores0_.title as title8_12_0_,
        members1_.id as id1_6_1_,
        members1_.email as email2_6_1_,
        members1_.image as image3_6_1_,
        members1_.name as name4_6_1_,
        members1_.nickname as nickname5_6_1_,
        members1_.password as password6_6_1_,
        members1_.phone as phone7_6_1_,
        members1_.refresh_token as refresh_8_6_1_,
        members1_.role as role9_6_1_,
        clothesinf2_.id as id1_2_2_,
        clothesinf2_.categoryl as category2_2_2_,
        clothesinf2_.categorys as category3_2_2_,
        clothesinf2_.fit as fit4_2_2_,
        clothesinf2_.length as length5_2_2_,
        colors3_.id as id1_4_3_,
        colors3_.name as name2_4_3_,
        materials4_.id as id1_5_4_,
        materials4_.name as name2_5_4_,
        style5_.id as id1_14_5_,
        style5_.name as name2_14_5_,
        salesinfoc6_.id as id1_9_6_,
        salesinfoc6_.clothes_brand as clothes_2_9_6_,
        salesinfoc6_.clothes_color as clothes_3_9_6_,
        salesinfoc6_.clothes_gender as clothes_4_9_6_,
        salesinfoc6_.clothes_size as clothes_5_9_6_,
        salesinfos7_.id as id1_10_7_,
        salesinfos7_.status_score as status_s2_10_7_,
        salesinfos7_.status_tag as status_t3_10_7_,
        salesinfos7_.status_times as status_t4_10_7_,
        salesinfos7_.status_when2buy as status_w5_10_7_,
        salesinfos7_.transport as transpor6_10_7_,
        salesinfou8_.id as id1_11_8_,
        salesinfou8_.user_height as user_hei2_11_8_,
        salesinfou8_.user_size as user_siz3_11_8_,
        salesinfou8_.user_weight as user_wei4_11_8_ 
    from
        stores stores0_ 
    left outer join
        members members1_ 
            on stores0_.author_id=members1_.id 
    left outer join
        clothes_info clothesinf2_ 
            on stores0_.clothes_info_id=clothesinf2_.id 
    left outer join
        colors colors3_ 
            on stores0_.colors_name=colors3_.name 
    left outer join
        materials materials4_ 
            on stores0_.materials_name=materials4_.name 
    left outer join
        style style5_ 
            on stores0_.style_name=style5_.name 
    left outer join
        sales_info_clothes salesinfoc6_ 
            on stores0_.sales_info_clothes_id=salesinfoc6_.id 
    left outer join
        sales_info_status salesinfos7_ 
            on stores0_.sales_info_status_id=salesinfos7_.id 
    left outer join
        sales_info_user salesinfou8_ 
            on stores0_.sales_info_user_id=salesinfou8_.id 
    where
        stores0_.id=?
Hibernate: 
    select
        stores0_.id as id1_12_0_,
        stores0_.created_date as created_2_12_0_,
        stores0_.modified_date as modified3_12_0_,
        stores0_.author_id as author_i9_12_0_,
        stores0_.clothes_info_id as clothes10_12_0_,
        stores0_.colors_name as colors_11_12_0_,
        stores0_.materials_name as materia12_12_0_,
        stores0_.style_name as style_n13_12_0_,
        stores0_.clothes_length as clothes_4_12_0_,
        stores0_.content as content5_12_0_,
        stores0_.price as price6_12_0_,
        stores0_.sales_info_clothes_id as sales_i14_12_0_,
        stores0_.sales_info_status_id as sales_i15_12_0_,
        stores0_.sales_info_user_id as sales_i16_12_0_,
        stores0_.status as status7_12_0_,
        stores0_.title as title8_12_0_,
        members1_.id as id1_6_1_,
        members1_.email as email2_6_1_,
        members1_.image as image3_6_1_,
        members1_.name as name4_6_1_,
        members1_.nickname as nickname5_6_1_,
        members1_.password as password6_6_1_,
        members1_.phone as phone7_6_1_,
        members1_.refresh_token as refresh_8_6_1_,
        members1_.role as role9_6_1_,
        clothesinf2_.id as id1_2_2_,
        clothesinf2_.categoryl as category2_2_2_,
        clothesinf2_.categorys as category3_2_2_,
        clothesinf2_.fit as fit4_2_2_,
        clothesinf2_.length as length5_2_2_,
        colors3_.id as id1_4_3_,
        colors3_.name as name2_4_3_,
        materials4_.id as id1_5_4_,
        materials4_.name as name2_5_4_,
        style5_.id as id1_14_5_,
        style5_.name as name2_14_5_,
        salesinfoc6_.id as id1_9_6_,
        salesinfoc6_.clothes_brand as clothes_2_9_6_,
        salesinfoc6_.clothes_color as clothes_3_9_6_,
        salesinfoc6_.clothes_gender as clothes_4_9_6_,
        salesinfoc6_.clothes_size as clothes_5_9_6_,
        salesinfos7_.id as id1_10_7_,
        salesinfos7_.status_score as status_s2_10_7_,
        salesinfos7_.status_tag as status_t3_10_7_,
        salesinfos7_.status_times as status_t4_10_7_,
        salesinfos7_.status_when2buy as status_w5_10_7_,
        salesinfos7_.transport as transpor6_10_7_,
        salesinfou8_.id as id1_11_8_,
        salesinfou8_.user_height as user_hei2_11_8_,
        salesinfou8_.user_size as user_siz3_11_8_,
        salesinfou8_.user_weight as user_wei4_11_8_ 
    from
        stores stores0_ 
    left outer join
        members members1_ 
            on stores0_.author_id=members1_.id 
    left outer join
        clothes_info clothesinf2_ 
            on stores0_.clothes_info_id=clothesinf2_.id 
    left outer join
        colors colors3_ 
            on stores0_.colors_name=colors3_.name 
    left outer join
        materials materials4_ 
            on stores0_.materials_name=materials4_.name 
    left outer join
        style style5_ 
            on stores0_.style_name=style5_.name 
    left outer join
        sales_info_clothes salesinfoc6_ 
            on stores0_.sales_info_clothes_id=salesinfoc6_.id 
    left outer join
        sales_info_status salesinfos7_ 
            on stores0_.sales_info_status_id=salesinfos7_.id 
    left outer join
        sales_info_user salesinfou8_ 
            on stores0_.sales_info_user_id=salesinfou8_.id 
    where
        stores0_.id=?
Hibernate: 
    select
        stores0_.id as id1_12_0_,
        stores0_.created_date as created_2_12_0_,
        stores0_.modified_date as modified3_12_0_,
        stores0_.author_id as author_i9_12_0_,
        stores0_.clothes_info_id as clothes10_12_0_,
        stores0_.colors_name as colors_11_12_0_,
        stores0_.materials_name as materia12_12_0_,
        stores0_.style_name as style_n13_12_0_,
        stores0_.clothes_length as clothes_4_12_0_,
        stores0_.content as content5_12_0_,
        stores0_.price as price6_12_0_,
        stores0_.sales_info_clothes_id as sales_i14_12_0_,
        stores0_.sales_info_status_id as sales_i15_12_0_,
        stores0_.sales_info_user_id as sales_i16_12_0_,
        stores0_.status as status7_12_0_,
        stores0_.title as title8_12_0_,
        members1_.id as id1_6_1_,
        members1_.email as email2_6_1_,
        members1_.image as image3_6_1_,
        members1_.name as name4_6_1_,
        members1_.nickname as nickname5_6_1_,
        members1_.password as password6_6_1_,
        members1_.phone as phone7_6_1_,
        members1_.refresh_token as refresh_8_6_1_,
        members1_.role as role9_6_1_,
        clothesinf2_.id as id1_2_2_,
        clothesinf2_.categoryl as category2_2_2_,
        clothesinf2_.categorys as category3_2_2_,
        clothesinf2_.fit as fit4_2_2_,
        clothesinf2_.length as length5_2_2_,
        colors3_.id as id1_4_3_,
        colors3_.name as name2_4_3_,
        materials4_.id as id1_5_4_,
        materials4_.name as name2_5_4_,
        style5_.id as id1_14_5_,
        style5_.name as name2_14_5_,
        salesinfoc6_.id as id1_9_6_,
        salesinfoc6_.clothes_brand as clothes_2_9_6_,
        salesinfoc6_.clothes_color as clothes_3_9_6_,
        salesinfoc6_.clothes_gender as clothes_4_9_6_,
        salesinfoc6_.clothes_size as clothes_5_9_6_,
        salesinfos7_.id as id1_10_7_,
        salesinfos7_.status_score as status_s2_10_7_,
        salesinfos7_.status_tag as status_t3_10_7_,
        salesinfos7_.status_times as status_t4_10_7_,
        salesinfos7_.status_when2buy as status_w5_10_7_,
        salesinfos7_.transport as transpor6_10_7_,
        salesinfou8_.id as id1_11_8_,
        salesinfou8_.user_height as user_hei2_11_8_,
        salesinfou8_.user_size as user_siz3_11_8_,
        salesinfou8_.user_weight as user_wei4_11_8_ 
    from
        stores stores0_ 
    left outer join
        members members1_ 
            on stores0_.author_id=members1_.id 
    left outer join
        clothes_info clothesinf2_ 
            on stores0_.clothes_info_id=clothesinf2_.id 
    left outer join
        colors colors3_ 
            on stores0_.colors_name=colors3_.name 
    left outer join
        materials materials4_ 
            on stores0_.materials_name=materials4_.name 
    left outer join
        style style5_ 
            on stores0_.style_name=style5_.name 
    left outer join
        sales_info_clothes salesinfoc6_ 
            on stores0_.sales_info_clothes_id=salesinfoc6_.id 
    left outer join
        sales_info_status salesinfos7_ 
            on stores0_.sales_info_status_id=salesinfos7_.id 
    left outer join
        sales_info_user salesinfou8_ 
            on stores0_.sales_info_user_id=salesinfou8_.id 
    where
        stores0_.id=?
Hibernate: 
    select
        stores0_.id as id1_12_0_,
        stores0_.created_date as created_2_12_0_,
        stores0_.modified_date as modified3_12_0_,
        stores0_.author_id as author_i9_12_0_,
        stores0_.clothes_info_id as clothes10_12_0_,
        stores0_.colors_name as colors_11_12_0_,
        stores0_.materials_name as materia12_12_0_,
        stores0_.style_name as style_n13_12_0_,
        stores0_.clothes_length as clothes_4_12_0_,
        stores0_.content as content5_12_0_,
        stores0_.price as price6_12_0_,
        stores0_.sales_info_clothes_id as sales_i14_12_0_,
        stores0_.sales_info_status_id as sales_i15_12_0_,
        stores0_.sales_info_user_id as sales_i16_12_0_,
        stores0_.status as status7_12_0_,
        stores0_.title as title8_12_0_,
        members1_.id as id1_6_1_,
        members1_.email as email2_6_1_,
        members1_.image as image3_6_1_,
        members1_.name as name4_6_1_,
        members1_.nickname as nickname5_6_1_,
        members1_.password as password6_6_1_,
        members1_.phone as phone7_6_1_,
        members1_.refresh_token as refresh_8_6_1_,
        members1_.role as role9_6_1_,
        clothesinf2_.id as id1_2_2_,
        clothesinf2_.categoryl as category2_2_2_,
        clothesinf2_.categorys as category3_2_2_,
        clothesinf2_.fit as fit4_2_2_,
        clothesinf2_.length as length5_2_2_,
        colors3_.id as id1_4_3_,
        colors3_.name as name2_4_3_,
        materials4_.id as id1_5_4_,
        materials4_.name as name2_5_4_,
        style5_.id as id1_14_5_,
        style5_.name as name2_14_5_,
        salesinfoc6_.id as id1_9_6_,
        salesinfoc6_.clothes_brand as clothes_2_9_6_,
        salesinfoc6_.clothes_color as clothes_3_9_6_,
        salesinfoc6_.clothes_gender as clothes_4_9_6_,
        salesinfoc6_.clothes_size as clothes_5_9_6_,
        salesinfos7_.id as id1_10_7_,
        salesinfos7_.status_score as status_s2_10_7_,
        salesinfos7_.status_tag as status_t3_10_7_,
        salesinfos7_.status_times as status_t4_10_7_,
        salesinfos7_.status_when2buy as status_w5_10_7_,
        salesinfos7_.transport as transpor6_10_7_,
        salesinfou8_.id as id1_11_8_,
        salesinfou8_.user_height as user_hei2_11_8_,
        salesinfou8_.user_size as user_siz3_11_8_,
        salesinfou8_.user_weight as user_wei4_11_8_ 
    from
        stores stores0_ 
    left outer join
        members members1_ 
            on stores0_.author_id=members1_.id 
    left outer join
        clothes_info clothesinf2_ 
            on stores0_.clothes_info_id=clothesinf2_.id 
    left outer join
        colors colors3_ 
            on stores0_.colors_name=colors3_.name 
    left outer join
        materials materials4_ 
            on stores0_.materials_name=materials4_.name 
    left outer join
        style style5_ 
            on stores0_.style_name=style5_.name 
    left outer join
        sales_info_clothes salesinfoc6_ 
            on stores0_.sales_info_clothes_id=salesinfoc6_.id 
    left outer join
        sales_info_status salesinfos7_ 
            on stores0_.sales_info_status_id=salesinfos7_.id 
    left outer join
        sales_info_user salesinfou8_ 
            on stores0_.sales_info_user_id=salesinfou8_.id 
    where
        stores0_.id=?
Hibernate: 
    select
        stores0_.id as id1_12_0_,
        stores0_.created_date as created_2_12_0_,
        stores0_.modified_date as modified3_12_0_,
        stores0_.author_id as author_i9_12_0_,
        stores0_.clothes_info_id as clothes10_12_0_,
        stores0_.colors_name as colors_11_12_0_,
        stores0_.materials_name as materia12_12_0_,
        stores0_.style_name as style_n13_12_0_,
        stores0_.clothes_length as clothes_4_12_0_,
        stores0_.content as content5_12_0_,
        stores0_.price as price6_12_0_,
        stores0_.sales_info_clothes_id as sales_i14_12_0_,
        stores0_.sales_info_status_id as sales_i15_12_0_,
        stores0_.sales_info_user_id as sales_i16_12_0_,
        stores0_.status as status7_12_0_,
        stores0_.title as title8_12_0_,
        members1_.id as id1_6_1_,
        members1_.email as email2_6_1_,
        members1_.image as image3_6_1_,
        members1_.name as name4_6_1_,
        members1_.nickname as nickname5_6_1_,
        members1_.password as password6_6_1_,
        members1_.phone as phone7_6_1_,
        members1_.refresh_token as refresh_8_6_1_,
        members1_.role as role9_6_1_,
        clothesinf2_.id as id1_2_2_,
        clothesinf2_.categoryl as category2_2_2_,
        clothesinf2_.categorys as category3_2_2_,
        clothesinf2_.fit as fit4_2_2_,
        clothesinf2_.length as length5_2_2_,
        colors3_.id as id1_4_3_,
        colors3_.name as name2_4_3_,
        materials4_.id as id1_5_4_,
        materials4_.name as name2_5_4_,
        style5_.id as id1_14_5_,
        style5_.name as name2_14_5_,
        salesinfoc6_.id as id1_9_6_,
        salesinfoc6_.clothes_brand as clothes_2_9_6_,
        salesinfoc6_.clothes_color as clothes_3_9_6_,
        salesinfoc6_.clothes_gender as clothes_4_9_6_,
        salesinfoc6_.clothes_size as clothes_5_9_6_,
        salesinfos7_.id as id1_10_7_,
        salesinfos7_.status_score as status_s2_10_7_,
        salesinfos7_.status_tag as status_t3_10_7_,
        salesinfos7_.status_times as status_t4_10_7_,
        salesinfos7_.status_when2buy as status_w5_10_7_,
        salesinfos7_.transport as transpor6_10_7_,
        salesinfou8_.id as id1_11_8_,
        salesinfou8_.user_height as user_hei2_11_8_,
        salesinfou8_.user_size as user_siz3_11_8_,
        salesinfou8_.user_weight as user_wei4_11_8_ 
    from
        stores stores0_ 
    left outer join
        members members1_ 
            on stores0_.author_id=members1_.id 
    left outer join
        clothes_info clothesinf2_ 
            on stores0_.clothes_info_id=clothesinf2_.id 
    left outer join
        colors colors3_ 
            on stores0_.colors_name=colors3_.name 
    left outer join
        materials materials4_ 
            on stores0_.materials_name=materials4_.name 
    left outer join
        style style5_ 
            on stores0_.style_name=style5_.name 
    left outer join
        sales_info_clothes salesinfoc6_ 
            on stores0_.sales_info_clothes_id=salesinfoc6_.id 
    left outer join
        sales_info_status salesinfos7_ 
            on stores0_.sales_info_status_id=salesinfos7_.id 
    left outer join
        sales_info_user salesinfou8_ 
            on stores0_.sales_info_user_id=salesinfou8_.id 
    where
        stores0_.id=?
Hibernate: 
    select
        stores0_.id as id1_12_0_,
        stores0_.created_date as created_2_12_0_,
        stores0_.modified_date as modified3_12_0_,
        stores0_.author_id as author_i9_12_0_,
        stores0_.clothes_info_id as clothes10_12_0_,
        stores0_.colors_name as colors_11_12_0_,
        stores0_.materials_name as materia12_12_0_,
        stores0_.style_name as style_n13_12_0_,
        stores0_.clothes_length as clothes_4_12_0_,
        stores0_.content as content5_12_0_,
        stores0_.price as price6_12_0_,
        stores0_.sales_info_clothes_id as sales_i14_12_0_,
        stores0_.sales_info_status_id as sales_i15_12_0_,
        stores0_.sales_info_user_id as sales_i16_12_0_,
        stores0_.status as status7_12_0_,
        stores0_.title as title8_12_0_,
        members1_.id as id1_6_1_,
        members1_.email as email2_6_1_,
        members1_.image as image3_6_1_,
        members1_.name as name4_6_1_,
        members1_.nickname as nickname5_6_1_,
        members1_.password as password6_6_1_,
        members1_.phone as phone7_6_1_,
        members1_.refresh_token as refresh_8_6_1_,
        members1_.role as role9_6_1_,
        clothesinf2_.id as id1_2_2_,
        clothesinf2_.categoryl as category2_2_2_,
        clothesinf2_.categorys as category3_2_2_,
        clothesinf2_.fit as fit4_2_2_,
        clothesinf2_.length as length5_2_2_,
        colors3_.id as id1_4_3_,
        colors3_.name as name2_4_3_,
        materials4_.id as id1_5_4_,
        materials4_.name as name2_5_4_,
        style5_.id as id1_14_5_,
        style5_.name as name2_14_5_,
        salesinfoc6_.id as id1_9_6_,
        salesinfoc6_.clothes_brand as clothes_2_9_6_,
        salesinfoc6_.clothes_color as clothes_3_9_6_,
        salesinfoc6_.clothes_gender as clothes_4_9_6_,
        salesinfoc6_.clothes_size as clothes_5_9_6_,
        salesinfos7_.id as id1_10_7_,
        salesinfos7_.status_score as status_s2_10_7_,
        salesinfos7_.status_tag as status_t3_10_7_,
        salesinfos7_.status_times as status_t4_10_7_,
        salesinfos7_.status_when2buy as status_w5_10_7_,
        salesinfos7_.transport as transpor6_10_7_,
        salesinfou8_.id as id1_11_8_,
        salesinfou8_.user_height as user_hei2_11_8_,
        salesinfou8_.user_size as user_siz3_11_8_,
        salesinfou8_.user_weight as user_wei4_11_8_ 
    from
        stores stores0_ 
    left outer join
        members members1_ 
            on stores0_.author_id=members1_.id 
    left outer join
        clothes_info clothesinf2_ 
            on stores0_.clothes_info_id=clothesinf2_.id 
    left outer join
        colors colors3_ 
            on stores0_.colors_name=colors3_.name 
    left outer join
        materials materials4_ 
            on stores0_.materials_name=materials4_.name 
    left outer join
        style style5_ 
            on stores0_.style_name=style5_.name 
    left outer join
        sales_info_clothes salesinfoc6_ 
            on stores0_.sales_info_clothes_id=salesinfoc6_.id 
    left outer join
        sales_info_status salesinfos7_ 
            on stores0_.sales_info_status_id=salesinfos7_.id 
    left outer join
        sales_info_user salesinfou8_ 
            on stores0_.sales_info_user_id=salesinfou8_.id 
    where
        stores0_.id=?
Hibernate: 
    select
        stores0_.id as id1_12_0_,
        stores0_.created_date as created_2_12_0_,
        stores0_.modified_date as modified3_12_0_,
        stores0_.author_id as author_i9_12_0_,
        stores0_.clothes_info_id as clothes10_12_0_,
        stores0_.colors_name as colors_11_12_0_,
        stores0_.materials_name as materia12_12_0_,
        stores0_.style_name as style_n13_12_0_,
        stores0_.clothes_length as clothes_4_12_0_,
        stores0_.content as content5_12_0_,
        stores0_.price as price6_12_0_,
        stores0_.sales_info_clothes_id as sales_i14_12_0_,
        stores0_.sales_info_status_id as sales_i15_12_0_,
        stores0_.sales_info_user_id as sales_i16_12_0_,
        stores0_.status as status7_12_0_,
        stores0_.title as title8_12_0_,
        members1_.id as id1_6_1_,
        members1_.email as email2_6_1_,
        members1_.image as image3_6_1_,
        members1_.name as name4_6_1_,
        members1_.nickname as nickname5_6_1_,
        members1_.password as password6_6_1_,
        members1_.phone as phone7_6_1_,
        members1_.refresh_token as refresh_8_6_1_,
        members1_.role as role9_6_1_,
        clothesinf2_.id as id1_2_2_,
        clothesinf2_.categoryl as category2_2_2_,
        clothesinf2_.categorys as category3_2_2_,
        clothesinf2_.fit as fit4_2_2_,
        clothesinf2_.length as length5_2_2_,
        colors3_.id as id1_4_3_,
        colors3_.name as name2_4_3_,
        materials4_.id as id1_5_4_,
        materials4_.name as name2_5_4_,
        style5_.id as id1_14_5_,
        style5_.name as name2_14_5_,
        salesinfoc6_.id as id1_9_6_,
        salesinfoc6_.clothes_brand as clothes_2_9_6_,
        salesinfoc6_.clothes_color as clothes_3_9_6_,
        salesinfoc6_.clothes_gender as clothes_4_9_6_,
        salesinfoc6_.clothes_size as clothes_5_9_6_,
        salesinfos7_.id as id1_10_7_,
        salesinfos7_.status_score as status_s2_10_7_,
        salesinfos7_.status_tag as status_t3_10_7_,
        salesinfos7_.status_times as status_t4_10_7_,
        salesinfos7_.status_when2buy as status_w5_10_7_,
        salesinfos7_.transport as transpor6_10_7_,
        salesinfou8_.id as id1_11_8_,
        salesinfou8_.user_height as user_hei2_11_8_,
        salesinfou8_.user_size as user_siz3_11_8_,
        salesinfou8_.user_weight as user_wei4_11_8_ 
    from
        stores stores0_ 
    left outer join
        members members1_ 
            on stores0_.author_id=members1_.id 
    left outer join
        clothes_info clothesinf2_ 
            on stores0_.clothes_info_id=clothesinf2_.id 
    left outer join
        colors colors3_ 
            on stores0_.colors_name=colors3_.name 
    left outer join
        materials materials4_ 
            on stores0_.materials_name=materials4_.name 
    left outer join
        style style5_ 
            on stores0_.style_name=style5_.name 
    left outer join
        sales_info_clothes salesinfoc6_ 
            on stores0_.sales_info_clothes_id=salesinfoc6_.id 
    left outer join
        sales_info_status salesinfos7_ 
            on stores0_.sales_info_status_id=salesinfos7_.id 
    left outer join
        sales_info_user salesinfou8_ 
            on stores0_.sales_info_user_id=salesinfou8_.id 
    where
        stores0_.id=?
Hibernate: 
    select
        stores0_.id as id1_12_0_,
        stores0_.created_date as created_2_12_0_,
        stores0_.modified_date as modified3_12_0_,
        stores0_.author_id as author_i9_12_0_,
        stores0_.clothes_info_id as clothes10_12_0_,
        stores0_.colors_name as colors_11_12_0_,
        stores0_.materials_name as materia12_12_0_,
        stores0_.style_name as style_n13_12_0_,
        stores0_.clothes_length as clothes_4_12_0_,
        stores0_.content as content5_12_0_,
        stores0_.price as price6_12_0_,
        stores0_.sales_info_clothes_id as sales_i14_12_0_,
        stores0_.sales_info_status_id as sales_i15_12_0_,
        stores0_.sales_info_user_id as sales_i16_12_0_,
        stores0_.status as status7_12_0_,
        stores0_.title as title8_12_0_,
        members1_.id as id1_6_1_,
        members1_.email as email2_6_1_,
        members1_.image as image3_6_1_,
        members1_.name as name4_6_1_,
        members1_.nickname as nickname5_6_1_,
        members1_.password as password6_6_1_,
        members1_.phone as phone7_6_1_,
        members1_.refresh_token as refresh_8_6_1_,
        members1_.role as role9_6_1_,
        clothesinf2_.id as id1_2_2_,
        clothesinf2_.categoryl as category2_2_2_,
        clothesinf2_.categorys as category3_2_2_,
        clothesinf2_.fit as fit4_2_2_,
        clothesinf2_.length as length5_2_2_,
        colors3_.id as id1_4_3_,
        colors3_.name as name2_4_3_,
        materials4_.id as id1_5_4_,
        materials4_.name as name2_5_4_,
        style5_.id as id1_14_5_,
        style5_.name as name2_14_5_,
        salesinfoc6_.id as id1_9_6_,
        salesinfoc6_.clothes_brand as clothes_2_9_6_,
        salesinfoc6_.clothes_color as clothes_3_9_6_,
        salesinfoc6_.clothes_gender as clothes_4_9_6_,
        salesinfoc6_.clothes_size as clothes_5_9_6_,
        salesinfos7_.id as id1_10_7_,
        salesinfos7_.status_score as status_s2_10_7_,
        salesinfos7_.status_tag as status_t3_10_7_,
        salesinfos7_.status_times as status_t4_10_7_,
        salesinfos7_.status_when2buy as status_w5_10_7_,
        salesinfos7_.transport as transpor6_10_7_,
        salesinfou8_.id as id1_11_8_,
        salesinfou8_.user_height as user_hei2_11_8_,
        salesinfou8_.user_size as user_siz3_11_8_,
        salesinfou8_.user_weight as user_wei4_11_8_ 
    from
        stores stores0_ 
    left outer join
        members members1_ 
            on stores0_.author_id=members1_.id 
    left outer join
        clothes_info clothesinf2_ 
            on stores0_.clothes_info_id=clothesinf2_.id 
    left outer join
        colors colors3_ 
            on stores0_.colors_name=colors3_.name 
    left outer join
        materials materials4_ 
            on stores0_.materials_name=materials4_.name 
    left outer join
        style style5_ 
            on stores0_.style_name=style5_.name 
    left outer join
        sales_info_clothes salesinfoc6_ 
            on stores0_.sales_info_clothes_id=salesinfoc6_.id 
    left outer join
        sales_info_status salesinfos7_ 
            on stores0_.sales_info_status_id=salesinfos7_.id 
    left outer join
        sales_info_user salesinfou8_ 
            on stores0_.sales_info_user_id=salesinfou8_.id 
    where
        stores0_.id=?
Hibernate: 
    select
        stores0_.id as id1_12_0_,
        stores0_.created_date as created_2_12_0_,
        stores0_.modified_date as modified3_12_0_,
        stores0_.author_id as author_i9_12_0_,
        stores0_.clothes_info_id as clothes10_12_0_,
        stores0_.colors_name as colors_11_12_0_,
        stores0_.materials_name as materia12_12_0_,
        stores0_.style_name as style_n13_12_0_,
        stores0_.clothes_length as clothes_4_12_0_,
        stores0_.content as content5_12_0_,
        stores0_.price as price6_12_0_,
        stores0_.sales_info_clothes_id as sales_i14_12_0_,
        stores0_.sales_info_status_id as sales_i15_12_0_,
        stores0_.sales_info_user_id as sales_i16_12_0_,
        stores0_.status as status7_12_0_,
        stores0_.title as title8_12_0_,
        members1_.id as id1_6_1_,
        members1_.email as email2_6_1_,
        members1_.image as image3_6_1_,
        members1_.name as name4_6_1_,
        members1_.nickname as nickname5_6_1_,
        members1_.password as password6_6_1_,
        members1_.phone as phone7_6_1_,
        members1_.refresh_token as refresh_8_6_1_,
        members1_.role as role9_6_1_,
        clothesinf2_.id as id1_2_2_,
        clothesinf2_.categoryl as category2_2_2_,
        clothesinf2_.categorys as category3_2_2_,
        clothesinf2_.fit as fit4_2_2_,
        clothesinf2_.length as length5_2_2_,
        colors3_.id as id1_4_3_,
        colors3_.name as name2_4_3_,
        materials4_.id as id1_5_4_,
        materials4_.name as name2_5_4_,
        style5_.id as id1_14_5_,
        style5_.name as name2_14_5_,
        salesinfoc6_.id as id1_9_6_,
        salesinfoc6_.clothes_brand as clothes_2_9_6_,
        salesinfoc6_.clothes_color as clothes_3_9_6_,
        salesinfoc6_.clothes_gender as clothes_4_9_6_,
        salesinfoc6_.clothes_size as clothes_5_9_6_,
        salesinfos7_.id as id1_10_7_,
        salesinfos7_.status_score as status_s2_10_7_,
        salesinfos7_.status_tag as status_t3_10_7_,
        salesinfos7_.status_times as status_t4_10_7_,
        salesinfos7_.status_when2buy as status_w5_10_7_,
        salesinfos7_.transport as transpor6_10_7_,
        salesinfou8_.id as id1_11_8_,
        salesinfou8_.user_height as user_hei2_11_8_,
        salesinfou8_.user_size as user_siz3_11_8_,
        salesinfou8_.user_weight as user_wei4_11_8_ 
    from
        stores stores0_ 
    left outer join
        members members1_ 
            on stores0_.author_id=members1_.id 
    left outer join
        clothes_info clothesinf2_ 
            on stores0_.clothes_info_id=clothesinf2_.id 
    left outer join
        colors colors3_ 
            on stores0_.colors_name=colors3_.name 
    left outer join
        materials materials4_ 
            on stores0_.materials_name=materials4_.name 
    left outer join
        style style5_ 
            on stores0_.style_name=style5_.name 
    left outer join
        sales_info_clothes salesinfoc6_ 
            on stores0_.sales_info_clothes_id=salesinfoc6_.id 
    left outer join
        sales_info_status salesinfos7_ 
            on stores0_.sales_info_status_id=salesinfos7_.id 
    left outer join
        sales_info_user salesinfou8_ 
            on stores0_.sales_info_user_id=salesinfou8_.id 
    where
        stores0_.id=?
Hibernate: 
    select
        stores0_.id as id1_12_0_,
        stores0_.created_date as created_2_12_0_,
        stores0_.modified_date as modified3_12_0_,
        stores0_.author_id as author_i9_12_0_,
        stores0_.clothes_info_id as clothes10_12_0_,
        stores0_.colors_name as colors_11_12_0_,
        stores0_.materials_name as materia12_12_0_,
        stores0_.style_name as style_n13_12_0_,
        stores0_.clothes_length as clothes_4_12_0_,
        stores0_.content as content5_12_0_,
        stores0_.price as price6_12_0_,
        stores0_.sales_info_clothes_id as sales_i14_12_0_,
        stores0_.sales_info_status_id as sales_i15_12_0_,
        stores0_.sales_info_user_id as sales_i16_12_0_,
        stores0_.status as status7_12_0_,
        stores0_.title as title8_12_0_,
        members1_.id as id1_6_1_,
        members1_.email as email2_6_1_,
        members1_.image as image3_6_1_,
        members1_.name as name4_6_1_,
        members1_.nickname as nickname5_6_1_,
        members1_.password as password6_6_1_,
        members1_.phone as phone7_6_1_,
        members1_.refresh_token as refresh_8_6_1_,
        members1_.role as role9_6_1_,
        clothesinf2_.id as id1_2_2_,
        clothesinf2_.categoryl as category2_2_2_,
        clothesinf2_.categorys as category3_2_2_,
        clothesinf2_.fit as fit4_2_2_,
        clothesinf2_.length as length5_2_2_,
        colors3_.id as id1_4_3_,
        colors3_.name as name2_4_3_,
        materials4_.id as id1_5_4_,
        materials4_.name as name2_5_4_,
        style5_.id as id1_14_5_,
        style5_.name as name2_14_5_,
        salesinfoc6_.id as id1_9_6_,
        salesinfoc6_.clothes_brand as clothes_2_9_6_,
        salesinfoc6_.clothes_color as clothes_3_9_6_,
        salesinfoc6_.clothes_gender as clothes_4_9_6_,
        salesinfoc6_.clothes_size as clothes_5_9_6_,
        salesinfos7_.id as id1_10_7_,
        salesinfos7_.status_score as status_s2_10_7_,
        salesinfos7_.status_tag as status_t3_10_7_,
        salesinfos7_.status_times as status_t4_10_7_,
        salesinfos7_.status_when2buy as status_w5_10_7_,
        salesinfos7_.transport as transpor6_10_7_,
        salesinfou8_.id as id1_11_8_,
        salesinfou8_.user_height as user_hei2_11_8_,
        salesinfou8_.user_size as user_siz3_11_8_,
        salesinfou8_.user_weight as user_wei4_11_8_ 
    from
        stores stores0_ 
    left outer join
        members members1_ 
            on stores0_.author_id=members1_.id 
    left outer join
        clothes_info clothesinf2_ 
            on stores0_.clothes_info_id=clothesinf2_.id 
    left outer join
        colors colors3_ 
            on stores0_.colors_name=colors3_.name 
    left outer join
        materials materials4_ 
            on stores0_.materials_name=materials4_.name 
    left outer join
        style style5_ 
            on stores0_.style_name=style5_.name 
    left outer join
        sales_info_clothes salesinfoc6_ 
            on stores0_.sales_info_clothes_id=salesinfoc6_.id 
    left outer join
        sales_info_status salesinfos7_ 
            on stores0_.sales_info_status_id=salesinfos7_.id 
    left outer join
        sales_info_user salesinfou8_ 
            on stores0_.sales_info_user_id=salesinfou8_.id 
    where
        stores0_.id=?
Hibernate: 
    select
        stores0_.id as id1_12_0_,
        stores0_.created_date as created_2_12_0_,
        stores0_.modified_date as modified3_12_0_,
        stores0_.author_id as author_i9_12_0_,
        stores0_.clothes_info_id as clothes10_12_0_,
        stores0_.colors_name as colors_11_12_0_,
        stores0_.materials_name as materia12_12_0_,
        stores0_.style_name as style_n13_12_0_,
        stores0_.clothes_length as clothes_4_12_0_,
        stores0_.content as content5_12_0_,
        stores0_.price as price6_12_0_,
        stores0_.sales_info_clothes_id as sales_i14_12_0_,
        stores0_.sales_info_status_id as sales_i15_12_0_,
        stores0_.sales_info_user_id as sales_i16_12_0_,
        stores0_.status as status7_12_0_,
        stores0_.title as title8_12_0_,
        members1_.id as id1_6_1_,
        members1_.email as email2_6_1_,
        members1_.image as image3_6_1_,
        members1_.name as name4_6_1_,
        members1_.nickname as nickname5_6_1_,
        members1_.password as password6_6_1_,
        members1_.phone as phone7_6_1_,
        members1_.refresh_token as refresh_8_6_1_,
        members1_.role as role9_6_1_,
        clothesinf2_.id as id1_2_2_,
        clothesinf2_.categoryl as category2_2_2_,
        clothesinf2_.categorys as category3_2_2_,
        clothesinf2_.fit as fit4_2_2_,
        clothesinf2_.length as length5_2_2_,
        colors3_.id as id1_4_3_,
        colors3_.name as name2_4_3_,
        materials4_.id as id1_5_4_,
        materials4_.name as name2_5_4_,
        style5_.id as id1_14_5_,
        style5_.name as name2_14_5_,
        salesinfoc6_.id as id1_9_6_,
        salesinfoc6_.clothes_brand as clothes_2_9_6_,
        salesinfoc6_.clothes_color as clothes_3_9_6_,
        salesinfoc6_.clothes_gender as clothes_4_9_6_,
        salesinfoc6_.clothes_size as clothes_5_9_6_,
        salesinfos7_.id as id1_10_7_,
        salesinfos7_.status_score as status_s2_10_7_,
        salesinfos7_.status_tag as status_t3_10_7_,
        salesinfos7_.status_times as status_t4_10_7_,
        salesinfos7_.status_when2buy as status_w5_10_7_,
        salesinfos7_.transport as transpor6_10_7_,
        salesinfou8_.id as id1_11_8_,
        salesinfou8_.user_height as user_hei2_11_8_,
        salesinfou8_.user_size as user_siz3_11_8_,
        salesinfou8_.user_weight as user_wei4_11_8_ 
    from
        stores stores0_ 
    left outer join
        members members1_ 
            on stores0_.author_id=members1_.id 
    left outer join
        clothes_info clothesinf2_ 
            on stores0_.clothes_info_id=clothesinf2_.id 
    left outer join
        colors colors3_ 
            on stores0_.colors_name=colors3_.name 
    left outer join
        materials materials4_ 
            on stores0_.materials_name=materials4_.name 
    left outer join
        style style5_ 
            on stores0_.style_name=style5_.name 
    left outer join
        sales_info_clothes salesinfoc6_ 
            on stores0_.sales_info_clothes_id=salesinfoc6_.id 
    left outer join
        sales_info_status salesinfos7_ 
            on stores0_.sales_info_status_id=salesinfos7_.id 
    left outer join
        sales_info_user salesinfou8_ 
            on stores0_.sales_info_user_id=salesinfou8_.id 
    where
        stores0_.id=?
Hibernate: 
    select
        stores0_.id as id1_12_0_,
        stores0_.created_date as created_2_12_0_,
        stores0_.modified_date as modified3_12_0_,
        stores0_.author_id as author_i9_12_0_,
        stores0_.clothes_info_id as clothes10_12_0_,
        stores0_.colors_name as colors_11_12_0_,
        stores0_.materials_name as materia12_12_0_,
        stores0_.style_name as style_n13_12_0_,
        stores0_.clothes_length as clothes_4_12_0_,
        stores0_.content as content5_12_0_,
        stores0_.price as price6_12_0_,
        stores0_.sales_info_clothes_id as sales_i14_12_0_,
        stores0_.sales_info_status_id as sales_i15_12_0_,
        stores0_.sales_info_user_id as sales_i16_12_0_,
        stores0_.status as status7_12_0_,
        stores0_.title as title8_12_0_,
        members1_.id as id1_6_1_,
        members1_.email as email2_6_1_,
        members1_.image as image3_6_1_,
        members1_.name as name4_6_1_,
        members1_.nickname as nickname5_6_1_,
        members1_.password as password6_6_1_,
        members1_.phone as phone7_6_1_,
        members1_.refresh_token as refresh_8_6_1_,
        members1_.role as role9_6_1_,
        clothesinf2_.id as id1_2_2_,
        clothesinf2_.categoryl as category2_2_2_,
        clothesinf2_.categorys as category3_2_2_,
        clothesinf2_.fit as fit4_2_2_,
        clothesinf2_.length as length5_2_2_,
        colors3_.id as id1_4_3_,
        colors3_.name as name2_4_3_,
        materials4_.id as id1_5_4_,
        materials4_.name as name2_5_4_,
        style5_.id as id1_14_5_,
        style5_.name as name2_14_5_,
        salesinfoc6_.id as id1_9_6_,
        salesinfoc6_.clothes_brand as clothes_2_9_6_,
        salesinfoc6_.clothes_color as clothes_3_9_6_,
        salesinfoc6_.clothes_gender as clothes_4_9_6_,
        salesinfoc6_.clothes_size as clothes_5_9_6_,
        salesinfos7_.id as id1_10_7_,
        salesinfos7_.status_score as status_s2_10_7_,
        salesinfos7_.status_tag as status_t3_10_7_,
        salesinfos7_.status_times as status_t4_10_7_,
        salesinfos7_.status_when2buy as status_w5_10_7_,
        salesinfos7_.transport as transpor6_10_7_,
        salesinfou8_.id as id1_11_8_,
        salesinfou8_.user_height as user_hei2_11_8_,
        salesinfou8_.user_size as user_siz3_11_8_,
        salesinfou8_.user_weight as user_wei4_11_8_ 
    from
        stores stores0_ 
    left outer join
        members members1_ 
            on stores0_.author_id=members1_.id 
    left outer join
        clothes_info clothesinf2_ 
            on stores0_.clothes_info_id=clothesinf2_.id 
    left outer join
        colors colors3_ 
            on stores0_.colors_name=colors3_.name 
    left outer join
        materials materials4_ 
            on stores0_.materials_name=materials4_.name 
    left outer join
        style style5_ 
            on stores0_.style_name=style5_.name 
    left outer join
        sales_info_clothes salesinfoc6_ 
            on stores0_.sales_info_clothes_id=salesinfoc6_.id 
    left outer join
        sales_info_status salesinfos7_ 
            on stores0_.sales_info_status_id=salesinfos7_.id 
    left outer join
        sales_info_user salesinfou8_ 
            on stores0_.sales_info_user_id=salesinfou8_.id 
    where
        stores0_.id=?
Hibernate: 
    select
        stores0_.id as id1_12_0_,
        stores0_.created_date as created_2_12_0_,
        stores0_.modified_date as modified3_12_0_,
        stores0_.author_id as author_i9_12_0_,
        stores0_.clothes_info_id as clothes10_12_0_,
        stores0_.colors_name as colors_11_12_0_,
        stores0_.materials_name as materia12_12_0_,
        stores0_.style_name as style_n13_12_0_,
        stores0_.clothes_length as clothes_4_12_0_,
        stores0_.content as content5_12_0_,
        stores0_.price as price6_12_0_,
        stores0_.sales_info_clothes_id as sales_i14_12_0_,
        stores0_.sales_info_status_id as sales_i15_12_0_,
        stores0_.sales_info_user_id as sales_i16_12_0_,
        stores0_.status as status7_12_0_,
        stores0_.title as title8_12_0_,
        members1_.id as id1_6_1_,
        members1_.email as email2_6_1_,
        members1_.image as image3_6_1_,
        members1_.name as name4_6_1_,
        members1_.nickname as nickname5_6_1_,
        members1_.password as password6_6_1_,
        members1_.phone as phone7_6_1_,
        members1_.refresh_token as refresh_8_6_1_,
        members1_.role as role9_6_1_,
        clothesinf2_.id as id1_2_2_,
        clothesinf2_.categoryl as category2_2_2_,
        clothesinf2_.categorys as category3_2_2_,
        clothesinf2_.fit as fit4_2_2_,
        clothesinf2_.length as length5_2_2_,
        colors3_.id as id1_4_3_,
        colors3_.name as name2_4_3_,
        materials4_.id as id1_5_4_,
        materials4_.name as name2_5_4_,
        style5_.id as id1_14_5_,
        style5_.name as name2_14_5_,
        salesinfoc6_.id as id1_9_6_,
        salesinfoc6_.clothes_brand as clothes_2_9_6_,
        salesinfoc6_.clothes_color as clothes_3_9_6_,
        salesinfoc6_.clothes_gender as clothes_4_9_6_,
        salesinfoc6_.clothes_size as clothes_5_9_6_,
        salesinfos7_.id as id1_10_7_,
        salesinfos7_.status_score as status_s2_10_7_,
        salesinfos7_.status_tag as status_t3_10_7_,
        salesinfos7_.status_times as status_t4_10_7_,
        salesinfos7_.status_when2buy as status_w5_10_7_,
        salesinfos7_.transport as transpor6_10_7_,
        salesinfou8_.id as id1_11_8_,
        salesinfou8_.user_height as user_hei2_11_8_,
        salesinfou8_.user_size as user_siz3_11_8_,
        salesinfou8_.user_weight as user_wei4_11_8_ 
    from
        stores stores0_ 
    left outer join
        members members1_ 
            on stores0_.author_id=members1_.id 
    left outer join
        clothes_info clothesinf2_ 
            on stores0_.clothes_info_id=clothesinf2_.id 
    left outer join
        colors colors3_ 
            on stores0_.colors_name=colors3_.name 
    left outer join
        materials materials4_ 
            on stores0_.materials_name=materials4_.name 
    left outer join
        style style5_ 
            on stores0_.style_name=style5_.name 
    left outer join
        sales_info_clothes salesinfoc6_ 
            on stores0_.sales_info_clothes_id=salesinfoc6_.id 
    left outer join
        sales_info_status salesinfos7_ 
            on stores0_.sales_info_status_id=salesinfos7_.id 
    left outer join
        sales_info_user salesinfou8_ 
            on stores0_.sales_info_user_id=salesinfou8_.id 
    where
        stores0_.id=?
Hibernate: 
    select
        stores0_.id as id1_12_0_,
        stores0_.created_date as created_2_12_0_,
        stores0_.modified_date as modified3_12_0_,
        stores0_.author_id as author_i9_12_0_,
        stores0_.clothes_info_id as clothes10_12_0_,
        stores0_.colors_name as colors_11_12_0_,
        stores0_.materials_name as materia12_12_0_,
        stores0_.style_name as style_n13_12_0_,
        stores0_.clothes_length as clothes_4_12_0_,
        stores0_.content as content5_12_0_,
        stores0_.price as price6_12_0_,
        stores0_.sales_info_clothes_id as sales_i14_12_0_,
        stores0_.sales_info_status_id as sales_i15_12_0_,
        stores0_.sales_info_user_id as sales_i16_12_0_,
        stores0_.status as status7_12_0_,
        stores0_.title as title8_12_0_,
        members1_.id as id1_6_1_,
        members1_.email as email2_6_1_,
        members1_.image as image3_6_1_,
        members1_.name as name4_6_1_,
        members1_.nickname as nickname5_6_1_,
        members1_.password as password6_6_1_,
        members1_.phone as phone7_6_1_,
        members1_.refresh_token as refresh_8_6_1_,
        members1_.role as role9_6_1_,
        clothesinf2_.id as id1_2_2_,
        clothesinf2_.categoryl as category2_2_2_,
        clothesinf2_.categorys as category3_2_2_,
        clothesinf2_.fit as fit4_2_2_,
        clothesinf2_.length as length5_2_2_,
        colors3_.id as id1_4_3_,
        colors3_.name as name2_4_3_,
        materials4_.id as id1_5_4_,
        materials4_.name as name2_5_4_,
        style5_.id as id1_14_5_,
        style5_.name as name2_14_5_,
        salesinfoc6_.id as id1_9_6_,
        salesinfoc6_.clothes_brand as clothes_2_9_6_,
        salesinfoc6_.clothes_color as clothes_3_9_6_,
        salesinfoc6_.clothes_gender as clothes_4_9_6_,
        salesinfoc6_.clothes_size as clothes_5_9_6_,
        salesinfos7_.id as id1_10_7_,
        salesinfos7_.status_score as status_s2_10_7_,
        salesinfos7_.status_tag as status_t3_10_7_,
        salesinfos7_.status_times as status_t4_10_7_,
        salesinfos7_.status_when2buy as status_w5_10_7_,
        salesinfos7_.transport as transpor6_10_7_,
        salesinfou8_.id as id1_11_8_,
        salesinfou8_.user_height as user_hei2_11_8_,
        salesinfou8_.user_size as user_siz3_11_8_,
        salesinfou8_.user_weight as user_wei4_11_8_ 
    from
        stores stores0_ 
    left outer join
        members members1_ 
            on stores0_.author_id=members1_.id 
    left outer join
        clothes_info clothesinf2_ 
            on stores0_.clothes_info_id=clothesinf2_.id 
    left outer join
        colors colors3_ 
            on stores0_.colors_name=colors3_.name 
    left outer join
        materials materials4_ 
            on stores0_.materials_name=materials4_.name 
    left outer join
        style style5_ 
            on stores0_.style_name=style5_.name 
    left outer join
        sales_info_clothes salesinfoc6_ 
            on stores0_.sales_info_clothes_id=salesinfoc6_.id 
    left outer join
        sales_info_status salesinfos7_ 
            on stores0_.sales_info_status_id=salesinfos7_.id 
    left outer join
        sales_info_user salesinfou8_ 
            on stores0_.sales_info_user_id=salesinfou8_.id 
    where
        stores0_.id=?
Hibernate: 
    select
        stores0_.id as id1_12_0_,
        stores0_.created_date as created_2_12_0_,
        stores0_.modified_date as modified3_12_0_,
        stores0_.author_id as author_i9_12_0_,
        stores0_.clothes_info_id as clothes10_12_0_,
        stores0_.colors_name as colors_11_12_0_,
        stores0_.materials_name as materia12_12_0_,
        stores0_.style_name as style_n13_12_0_,
        stores0_.clothes_length as clothes_4_12_0_,
        stores0_.content as content5_12_0_,
        stores0_.price as price6_12_0_,
        stores0_.sales_info_clothes_id as sales_i14_12_0_,
        stores0_.sales_info_status_id as sales_i15_12_0_,
        stores0_.sales_info_user_id as sales_i16_12_0_,
        stores0_.status as status7_12_0_,
        stores0_.title as title8_12_0_,
        members1_.id as id1_6_1_,
        members1_.email as email2_6_1_,
        members1_.image as image3_6_1_,
        members1_.name as name4_6_1_,
        members1_.nickname as nickname5_6_1_,
        members1_.password as password6_6_1_,
        members1_.phone as phone7_6_1_,
        members1_.refresh_token as refresh_8_6_1_,
        members1_.role as role9_6_1_,
        clothesinf2_.id as id1_2_2_,
        clothesinf2_.categoryl as category2_2_2_,
        clothesinf2_.categorys as category3_2_2_,
        clothesinf2_.fit as fit4_2_2_,
        clothesinf2_.length as length5_2_2_,
        colors3_.id as id1_4_3_,
        colors3_.name as name2_4_3_,
        materials4_.id as id1_5_4_,
        materials4_.name as name2_5_4_,
        style5_.id as id1_14_5_,
        style5_.name as name2_14_5_,
        salesinfoc6_.id as id1_9_6_,
        salesinfoc6_.clothes_brand as clothes_2_9_6_,
        salesinfoc6_.clothes_color as clothes_3_9_6_,
        salesinfoc6_.clothes_gender as clothes_4_9_6_,
        salesinfoc6_.clothes_size as clothes_5_9_6_,
        salesinfos7_.id as id1_10_7_,
        salesinfos7_.status_score as status_s2_10_7_,
        salesinfos7_.status_tag as status_t3_10_7_,
        salesinfos7_.status_times as status_t4_10_7_,
        salesinfos7_.status_when2buy as status_w5_10_7_,
        salesinfos7_.transport as transpor6_10_7_,
        salesinfou8_.id as id1_11_8_,
        salesinfou8_.user_height as user_hei2_11_8_,
        salesinfou8_.user_size as user_siz3_11_8_,
        salesinfou8_.user_weight as user_wei4_11_8_ 
    from
        stores stores0_ 
    left outer join
        members members1_ 
            on stores0_.author_id=members1_.id 
    left outer join
        clothes_info clothesinf2_ 
            on stores0_.clothes_info_id=clothesinf2_.id 
    left outer join
        colors colors3_ 
            on stores0_.colors_name=colors3_.name 
    left outer join
        materials materials4_ 
            on stores0_.materials_name=materials4_.name 
    left outer join
        style style5_ 
            on stores0_.style_name=style5_.name 
    left outer join
        sales_info_clothes salesinfoc6_ 
            on stores0_.sales_info_clothes_id=salesinfoc6_.id 
    left outer join
        sales_info_status salesinfos7_ 
            on stores0_.sales_info_status_id=salesinfos7_.id 
    left outer join
        sales_info_user salesinfou8_ 
            on stores0_.sales_info_user_id=salesinfou8_.id 
    where
        stores0_.id=?
Hibernate: 
    select
        stores0_.id as id1_12_0_,
        stores0_.created_date as created_2_12_0_,
        stores0_.modified_date as modified3_12_0_,
        stores0_.author_id as author_i9_12_0_,
        stores0_.clothes_info_id as clothes10_12_0_,
        stores0_.colors_name as colors_11_12_0_,
        stores0_.materials_name as materia12_12_0_,
        stores0_.style_name as style_n13_12_0_,
        stores0_.clothes_length as clothes_4_12_0_,
        stores0_.content as content5_12_0_,
        stores0_.price as price6_12_0_,
        stores0_.sales_info_clothes_id as sales_i14_12_0_,
        stores0_.sales_info_status_id as sales_i15_12_0_,
        stores0_.sales_info_user_id as sales_i16_12_0_,
        stores0_.status as status7_12_0_,
        stores0_.title as title8_12_0_,
        members1_.id as id1_6_1_,
        members1_.email as email2_6_1_,
        members1_.image as image3_6_1_,
        members1_.name as name4_6_1_,
        members1_.nickname as nickname5_6_1_,
        members1_.password as password6_6_1_,
        members1_.phone as phone7_6_1_,
        members1_.refresh_token as refresh_8_6_1_,
        members1_.role as role9_6_1_,
        clothesinf2_.id as id1_2_2_,
        clothesinf2_.categoryl as category2_2_2_,
        clothesinf2_.categorys as category3_2_2_,
        clothesinf2_.fit as fit4_2_2_,
        clothesinf2_.length as length5_2_2_,
        colors3_.id as id1_4_3_,
        colors3_.name as name2_4_3_,
        materials4_.id as id1_5_4_,
        materials4_.name as name2_5_4_,
        style5_.id as id1_14_5_,
        style5_.name as name2_14_5_,
        salesinfoc6_.id as id1_9_6_,
        salesinfoc6_.clothes_brand as clothes_2_9_6_,
        salesinfoc6_.clothes_color as clothes_3_9_6_,
        salesinfoc6_.clothes_gender as clothes_4_9_6_,
        salesinfoc6_.clothes_size as clothes_5_9_6_,
        salesinfos7_.id as id1_10_7_,
        salesinfos7_.status_score as status_s2_10_7_,
        salesinfos7_.status_tag as status_t3_10_7_,
        salesinfos7_.status_times as status_t4_10_7_,
        salesinfos7_.status_when2buy as status_w5_10_7_,
        salesinfos7_.transport as transpor6_10_7_,
        salesinfou8_.id as id1_11_8_,
        salesinfou8_.user_height as user_hei2_11_8_,
        salesinfou8_.user_size as user_siz3_11_8_,
        salesinfou8_.user_weight as user_wei4_11_8_ 
    from
        stores stores0_ 
    left outer join
        members members1_ 
            on stores0_.author_id=members1_.id 
    left outer join
        clothes_info clothesinf2_ 
            on stores0_.clothes_info_id=clothesinf2_.id 
    left outer join
        colors colors3_ 
            on stores0_.colors_name=colors3_.name 
    left outer join
        materials materials4_ 
            on stores0_.materials_name=materials4_.name 
    left outer join
        style style5_ 
            on stores0_.style_name=style5_.name 
    left outer join
        sales_info_clothes salesinfoc6_ 
            on stores0_.sales_info_clothes_id=salesinfoc6_.id 
    left outer join
        sales_info_status salesinfos7_ 
            on stores0_.sales_info_status_id=salesinfos7_.id 
    left outer join
        sales_info_user salesinfou8_ 
            on stores0_.sales_info_user_id=salesinfou8_.id 
    where
        stores0_.id=?
Hibernate: 
    select
        stores0_.id as id1_12_0_,
        stores0_.created_date as created_2_12_0_,
        stores0_.modified_date as modified3_12_0_,
        stores0_.author_id as author_i9_12_0_,
        stores0_.clothes_info_id as clothes10_12_0_,
        stores0_.colors_name as colors_11_12_0_,
        stores0_.materials_name as materia12_12_0_,
        stores0_.style_name as style_n13_12_0_,
        stores0_.clothes_length as clothes_4_12_0_,
        stores0_.content as content5_12_0_,
        stores0_.price as price6_12_0_,
        stores0_.sales_info_clothes_id as sales_i14_12_0_,
        stores0_.sales_info_status_id as sales_i15_12_0_,
        stores0_.sales_info_user_id as sales_i16_12_0_,
        stores0_.status as status7_12_0_,
        stores0_.title as title8_12_0_,
        members1_.id as id1_6_1_,
        members1_.email as email2_6_1_,
        members1_.image as image3_6_1_,
        members1_.name as name4_6_1_,
        members1_.nickname as nickname5_6_1_,
        members1_.password as password6_6_1_,
        members1_.phone as phone7_6_1_,
        members1_.refresh_token as refresh_8_6_1_,
        members1_.role as role9_6_1_,
        clothesinf2_.id as id1_2_2_,
        clothesinf2_.categoryl as category2_2_2_,
        clothesinf2_.categorys as category3_2_2_,
        clothesinf2_.fit as fit4_2_2_,
        clothesinf2_.length as length5_2_2_,
        colors3_.id as id1_4_3_,
        colors3_.name as name2_4_3_,
        materials4_.id as id1_5_4_,
        materials4_.name as name2_5_4_,
        style5_.id as id1_14_5_,
        style5_.name as name2_14_5_,
        salesinfoc6_.id as id1_9_6_,
        salesinfoc6_.clothes_brand as clothes_2_9_6_,
        salesinfoc6_.clothes_color as clothes_3_9_6_,
        salesinfoc6_.clothes_gender as clothes_4_9_6_,
        salesinfoc6_.clothes_size as clothes_5_9_6_,
        salesinfos7_.id as id1_10_7_,
        salesinfos7_.status_score as status_s2_10_7_,
        salesinfos7_.status_tag as status_t3_10_7_,
        salesinfos7_.status_times as status_t4_10_7_,
        salesinfos7_.status_when2buy as status_w5_10_7_,
        salesinfos7_.transport as transpor6_10_7_,
        salesinfou8_.id as id1_11_8_,
        salesinfou8_.user_height as user_hei2_11_8_,
        salesinfou8_.user_size as user_siz3_11_8_,
        salesinfou8_.user_weight as user_wei4_11_8_ 
    from
        stores stores0_ 
    left outer join
        members members1_ 
            on stores0_.author_id=members1_.id 
    left outer join
        clothes_info clothesinf2_ 
            on stores0_.clothes_info_id=clothesinf2_.id 
    left outer join
        colors colors3_ 
            on stores0_.colors_name=colors3_.name 
    left outer join
        materials materials4_ 
            on stores0_.materials_name=materials4_.name 
    left outer join
        style style5_ 
            on stores0_.style_name=style5_.name 
    left outer join
        sales_info_clothes salesinfoc6_ 
            on stores0_.sales_info_clothes_id=salesinfoc6_.id 
    left outer join
        sales_info_status salesinfos7_ 
            on stores0_.sales_info_status_id=salesinfos7_.id 
    left outer join
        sales_info_user salesinfou8_ 
            on stores0_.sales_info_user_id=salesinfou8_.id 
    where
        stores0_.id=?
Hibernate: 
    select
        stores0_.id as id1_12_0_,
        stores0_.created_date as created_2_12_0_,
        stores0_.modified_date as modified3_12_0_,
        stores0_.author_id as author_i9_12_0_,
        stores0_.clothes_info_id as clothes10_12_0_,
        stores0_.colors_name as colors_11_12_0_,
        stores0_.materials_name as materia12_12_0_,
        stores0_.style_name as style_n13_12_0_,
        stores0_.clothes_length as clothes_4_12_0_,
        stores0_.content as content5_12_0_,
        stores0_.price as price6_12_0_,
        stores0_.sales_info_clothes_id as sales_i14_12_0_,
        stores0_.sales_info_status_id as sales_i15_12_0_,
        stores0_.sales_info_user_id as sales_i16_12_0_,
        stores0_.status as status7_12_0_,
        stores0_.title as title8_12_0_,
        members1_.id as id1_6_1_,
        members1_.email as email2_6_1_,
        members1_.image as image3_6_1_,
        members1_.name as name4_6_1_,
        members1_.nickname as nickname5_6_1_,
        members1_.password as password6_6_1_,
        members1_.phone as phone7_6_1_,
        members1_.refresh_token as refresh_8_6_1_,
        members1_.role as role9_6_1_,
        clothesinf2_.id as id1_2_2_,
        clothesinf2_.categoryl as category2_2_2_,
        clothesinf2_.categorys as category3_2_2_,
        clothesinf2_.fit as fit4_2_2_,
        clothesinf2_.length as length5_2_2_,
        colors3_.id as id1_4_3_,
        colors3_.name as name2_4_3_,
        materials4_.id as id1_5_4_,
        materials4_.name as name2_5_4_,
        style5_.id as id1_14_5_,
        style5_.name as name2_14_5_,
        salesinfoc6_.id as id1_9_6_,
        salesinfoc6_.clothes_brand as clothes_2_9_6_,
        salesinfoc6_.clothes_color as clothes_3_9_6_,
        salesinfoc6_.clothes_gender as clothes_4_9_6_,
        salesinfoc6_.clothes_size as clothes_5_9_6_,
        salesinfos7_.id as id1_10_7_,
        salesinfos7_.status_score as status_s2_10_7_,
        salesinfos7_.status_tag as status_t3_10_7_,
        salesinfos7_.status_times as status_t4_10_7_,
        salesinfos7_.status_when2buy as status_w5_10_7_,
        salesinfos7_.transport as transpor6_10_7_,
        salesinfou8_.id as id1_11_8_,
        salesinfou8_.user_height as user_hei2_11_8_,
        salesinfou8_.user_size as user_siz3_11_8_,
        salesinfou8_.user_weight as user_wei4_11_8_ 
    from
        stores stores0_ 
    left outer join
        members members1_ 
            on stores0_.author_id=members1_.id 
    left outer join
        clothes_info clothesinf2_ 
            on stores0_.clothes_info_id=clothesinf2_.id 
    left outer join
        colors colors3_ 
            on stores0_.colors_name=colors3_.name 
    left outer join
        materials materials4_ 
            on stores0_.materials_name=materials4_.name 
    left outer join
        style style5_ 
            on stores0_.style_name=style5_.name 
    left outer join
        sales_info_clothes salesinfoc6_ 
            on stores0_.sales_info_clothes_id=salesinfoc6_.id 
    left outer join
        sales_info_status salesinfos7_ 
            on stores0_.sales_info_status_id=salesinfos7_.id 
    left outer join
        sales_info_user salesinfou8_ 
            on stores0_.sales_info_user_id=salesinfou8_.id 
    where
        stores0_.id=?
Hibernate: 
    select
        stores0_.id as id1_12_0_,
        stores0_.created_date as created_2_12_0_,
        stores0_.modified_date as modified3_12_0_,
        stores0_.author_id as author_i9_12_0_,
        stores0_.clothes_info_id as clothes10_12_0_,
        stores0_.colors_name as colors_11_12_0_,
        stores0_.materials_name as materia12_12_0_,
        stores0_.style_name as style_n13_12_0_,
        stores0_.clothes_length as clothes_4_12_0_,
        stores0_.content as content5_12_0_,
        stores0_.price as price6_12_0_,
        stores0_.sales_info_clothes_id as sales_i14_12_0_,
        stores0_.sales_info_status_id as sales_i15_12_0_,
        stores0_.sales_info_user_id as sales_i16_12_0_,
        stores0_.status as status7_12_0_,
        stores0_.title as title8_12_0_,
        members1_.id as id1_6_1_,
        members1_.email as email2_6_1_,
        members1_.image as image3_6_1_,
        members1_.name as name4_6_1_,
        members1_.nickname as nickname5_6_1_,
        members1_.password as password6_6_1_,
        members1_.phone as phone7_6_1_,
        members1_.refresh_token as refresh_8_6_1_,
        members1_.role as role9_6_1_,
        clothesinf2_.id as id1_2_2_,
        clothesinf2_.categoryl as category2_2_2_,
        clothesinf2_.categorys as category3_2_2_,
        clothesinf2_.fit as fit4_2_2_,
        clothesinf2_.length as length5_2_2_,
        colors3_.id as id1_4_3_,
        colors3_.name as name2_4_3_,
        materials4_.id as id1_5_4_,
        materials4_.name as name2_5_4_,
        style5_.id as id1_14_5_,
        style5_.name as name2_14_5_,
        salesinfoc6_.id as id1_9_6_,
        salesinfoc6_.clothes_brand as clothes_2_9_6_,
        salesinfoc6_.clothes_color as clothes_3_9_6_,
        salesinfoc6_.clothes_gender as clothes_4_9_6_,
        salesinfoc6_.clothes_size as clothes_5_9_6_,
        salesinfos7_.id as id1_10_7_,
        salesinfos7_.status_score as status_s2_10_7_,
        salesinfos7_.status_tag as status_t3_10_7_,
        salesinfos7_.status_times as status_t4_10_7_,
        salesinfos7_.status_when2buy as status_w5_10_7_,
        salesinfos7_.transport as transpor6_10_7_,
        salesinfou8_.id as id1_11_8_,
        salesinfou8_.user_height as user_hei2_11_8_,
        salesinfou8_.user_size as user_siz3_11_8_,
        salesinfou8_.user_weight as user_wei4_11_8_ 
    from
        stores stores0_ 
    left outer join
        members members1_ 
            on stores0_.author_id=members1_.id 
    left outer join
        clothes_info clothesinf2_ 
            on stores0_.clothes_info_id=clothesinf2_.id 
    left outer join
        colors colors3_ 
            on stores0_.colors_name=colors3_.name 
    left outer join
        materials materials4_ 
            on stores0_.materials_name=materials4_.name 
    left outer join
        style style5_ 
            on stores0_.style_name=style5_.name 
    left outer join
        sales_info_clothes salesinfoc6_ 
            on stores0_.sales_info_clothes_id=salesinfoc6_.id 
    left outer join
        sales_info_status salesinfos7_ 
            on stores0_.sales_info_status_id=salesinfos7_.id 
    left outer join
        sales_info_user salesinfou8_ 
            on stores0_.sales_info_user_id=salesinfou8_.id 
    where
        stores0_.id=?
Hibernate: 
    select
        stores0_.id as id1_12_0_,
        stores0_.created_date as created_2_12_0_,
        stores0_.modified_date as modified3_12_0_,
        stores0_.author_id as author_i9_12_0_,
        stores0_.clothes_info_id as clothes10_12_0_,
        stores0_.colors_name as colors_11_12_0_,
        stores0_.materials_name as materia12_12_0_,
        stores0_.style_name as style_n13_12_0_,
        stores0_.clothes_length as clothes_4_12_0_,
        stores0_.content as content5_12_0_,
        stores0_.price as price6_12_0_,
        stores0_.sales_info_clothes_id as sales_i14_12_0_,
        stores0_.sales_info_status_id as sales_i15_12_0_,
        stores0_.sales_info_user_id as sales_i16_12_0_,
        stores0_.status as status7_12_0_,
        stores0_.title as title8_12_0_,
        members1_.id as id1_6_1_,
        members1_.email as email2_6_1_,
        members1_.image as image3_6_1_,
        members1_.name as name4_6_1_,
        members1_.nickname as nickname5_6_1_,
        members1_.password as password6_6_1_,
        members1_.phone as phone7_6_1_,
        members1_.refresh_token as refresh_8_6_1_,
        members1_.role as role9_6_1_,
        clothesinf2_.id as id1_2_2_,
        clothesinf2_.categoryl as category2_2_2_,
        clothesinf2_.categorys as category3_2_2_,
        clothesinf2_.fit as fit4_2_2_,
        clothesinf2_.length as length5_2_2_,
        colors3_.id as id1_4_3_,
        colors3_.name as name2_4_3_,
        materials4_.id as id1_5_4_,
        materials4_.name as name2_5_4_,
        style5_.id as id1_14_5_,
        style5_.name as name2_14_5_,
        salesinfoc6_.id as id1_9_6_,
        salesinfoc6_.clothes_brand as clothes_2_9_6_,
        salesinfoc6_.clothes_color as clothes_3_9_6_,
        salesinfoc6_.clothes_gender as clothes_4_9_6_,
        salesinfoc6_.clothes_size as clothes_5_9_6_,
        salesinfos7_.id as id1_10_7_,
        salesinfos7_.status_score as status_s2_10_7_,
        salesinfos7_.status_tag as status_t3_10_7_,
        salesinfos7_.status_times as status_t4_10_7_,
        salesinfos7_.status_when2buy as status_w5_10_7_,
        salesinfos7_.transport as transpor6_10_7_,
        salesinfou8_.id as id1_11_8_,
        salesinfou8_.user_height as user_hei2_11_8_,
        salesinfou8_.user_size as user_siz3_11_8_,
        salesinfou8_.user_weight as user_wei4_11_8_ 
    from
        stores stores0_ 
    left outer join
        members members1_ 
            on stores0_.author_id=members1_.id 
    left outer join
        clothes_info clothesinf2_ 
            on stores0_.clothes_info_id=clothesinf2_.id 
    left outer join
        colors colors3_ 
            on stores0_.colors_name=colors3_.name 
    left outer join
        materials materials4_ 
            on stores0_.materials_name=materials4_.name 
    left outer join
        style style5_ 
            on stores0_.style_name=style5_.name 
    left outer join
        sales_info_clothes salesinfoc6_ 
            on stores0_.sales_info_clothes_id=salesinfoc6_.id 
    left outer join
        sales_info_status salesinfos7_ 
            on stores0_.sales_info_status_id=salesinfos7_.id 
    left outer join
        sales_info_user salesinfou8_ 
            on stores0_.sales_info_user_id=salesinfou8_.id 
    where
        stores0_.id=?
Hibernate: 
    select
        stores0_.id as id1_12_0_,
        stores0_.created_date as created_2_12_0_,
        stores0_.modified_date as modified3_12_0_,
        stores0_.author_id as author_i9_12_0_,
        stores0_.clothes_info_id as clothes10_12_0_,
        stores0_.colors_name as colors_11_12_0_,
        stores0_.materials_name as materia12_12_0_,
        stores0_.style_name as style_n13_12_0_,
        stores0_.clothes_length as clothes_4_12_0_,
        stores0_.content as content5_12_0_,
        stores0_.price as price6_12_0_,
        stores0_.sales_info_clothes_id as sales_i14_12_0_,
        stores0_.sales_info_status_id as sales_i15_12_0_,
        stores0_.sales_info_user_id as sales_i16_12_0_,
        stores0_.status as status7_12_0_,
        stores0_.title as title8_12_0_,
        members1_.id as id1_6_1_,
        members1_.email as email2_6_1_,
        members1_.image as image3_6_1_,
        members1_.name as name4_6_1_,
        members1_.nickname as nickname5_6_1_,
        members1_.password as password6_6_1_,
        members1_.phone as phone7_6_1_,
        members1_.refresh_token as refresh_8_6_1_,
        members1_.role as role9_6_1_,
        clothesinf2_.id as id1_2_2_,
        clothesinf2_.categoryl as category2_2_2_,
        clothesinf2_.categorys as category3_2_2_,
        clothesinf2_.fit as fit4_2_2_,
        clothesinf2_.length as length5_2_2_,
        colors3_.id as id1_4_3_,
        colors3_.name as name2_4_3_,
        materials4_.id as id1_5_4_,
        materials4_.name as name2_5_4_,
        style5_.id as id1_14_5_,
        style5_.name as name2_14_5_,
        salesinfoc6_.id as id1_9_6_,
        salesinfoc6_.clothes_brand as clothes_2_9_6_,
        salesinfoc6_.clothes_color as clothes_3_9_6_,
        salesinfoc6_.clothes_gender as clothes_4_9_6_,
        salesinfoc6_.clothes_size as clothes_5_9_6_,
        salesinfos7_.id as id1_10_7_,
        salesinfos7_.status_score as status_s2_10_7_,
        salesinfos7_.status_tag as status_t3_10_7_,
        salesinfos7_.status_times as status_t4_10_7_,
        salesinfos7_.status_when2buy as status_w5_10_7_,
        salesinfos7_.transport as transpor6_10_7_,
        salesinfou8_.id as id1_11_8_,
        salesinfou8_.user_height as user_hei2_11_8_,
        salesinfou8_.user_size as user_siz3_11_8_,
        salesinfou8_.user_weight as user_wei4_11_8_ 
    from
        stores stores0_ 
    left outer join
        members members1_ 
            on stores0_.author_id=members1_.id 
    left outer join
        clothes_info clothesinf2_ 
            on stores0_.clothes_info_id=clothesinf2_.id 
    left outer join
        colors colors3_ 
            on stores0_.colors_name=colors3_.name 
    left outer join
        materials materials4_ 
            on stores0_.materials_name=materials4_.name 
    left outer join
        style style5_ 
            on stores0_.style_name=style5_.name 
    left outer join
        sales_info_clothes salesinfoc6_ 
            on stores0_.sales_info_clothes_id=salesinfoc6_.id 
    left outer join
        sales_info_status salesinfos7_ 
            on stores0_.sales_info_status_id=salesinfos7_.id 
    left outer join
        sales_info_user salesinfou8_ 
            on stores0_.sales_info_user_id=salesinfou8_.id 
    where
        stores0_.id=?
Hibernate: 
    select
        stores0_.id as id1_12_0_,
        stores0_.created_date as created_2_12_0_,
        stores0_.modified_date as modified3_12_0_,
        stores0_.author_id as author_i9_12_0_,
        stores0_.clothes_info_id as clothes10_12_0_,
        stores0_.colors_name as colors_11_12_0_,
        stores0_.materials_name as materia12_12_0_,
        stores0_.style_name as style_n13_12_0_,
        stores0_.clothes_length as clothes_4_12_0_,
        stores0_.content as content5_12_0_,
        stores0_.price as price6_12_0_,
        stores0_.sales_info_clothes_id as sales_i14_12_0_,
        stores0_.sales_info_status_id as sales_i15_12_0_,
        stores0_.sales_info_user_id as sales_i16_12_0_,
        stores0_.status as status7_12_0_,
        stores0_.title as title8_12_0_,
        members1_.id as id1_6_1_,
        members1_.email as email2_6_1_,
        members1_.image as image3_6_1_,
        members1_.name as name4_6_1_,
        members1_.nickname as nickname5_6_1_,
        members1_.password as password6_6_1_,
        members1_.phone as phone7_6_1_,
        members1_.refresh_token as refresh_8_6_1_,
        members1_.role as role9_6_1_,
        clothesinf2_.id as id1_2_2_,
        clothesinf2_.categoryl as category2_2_2_,
        clothesinf2_.categorys as category3_2_2_,
        clothesinf2_.fit as fit4_2_2_,
        clothesinf2_.length as length5_2_2_,
        colors3_.id as id1_4_3_,
        colors3_.name as name2_4_3_,
        materials4_.id as id1_5_4_,
        materials4_.name as name2_5_4_,
        style5_.id as id1_14_5_,
        style5_.name as name2_14_5_,
        salesinfoc6_.id as id1_9_6_,
        salesinfoc6_.clothes_brand as clothes_2_9_6_,
        salesinfoc6_.clothes_color as clothes_3_9_6_,
        salesinfoc6_.clothes_gender as clothes_4_9_6_,
        salesinfoc6_.clothes_size as clothes_5_9_6_,
        salesinfos7_.id as id1_10_7_,
        salesinfos7_.status_score as status_s2_10_7_,
        salesinfos7_.status_tag as status_t3_10_7_,
        salesinfos7_.status_times as status_t4_10_7_,
        salesinfos7_.status_when2buy as status_w5_10_7_,
        salesinfos7_.transport as transpor6_10_7_,
        salesinfou8_.id as id1_11_8_,
        salesinfou8_.user_height as user_hei2_11_8_,
        salesinfou8_.user_size as user_siz3_11_8_,
        salesinfou8_.user_weight as user_wei4_11_8_ 
    from
        stores stores0_ 
    left outer join
        members members1_ 
            on stores0_.author_id=members1_.id 
    left outer join
        clothes_info clothesinf2_ 
            on stores0_.clothes_info_id=clothesinf2_.id 
    left outer join
        colors colors3_ 
            on stores0_.colors_name=colors3_.name 
    left outer join
        materials materials4_ 
            on stores0_.materials_name=materials4_.name 
    left outer join
        style style5_ 
            on stores0_.style_name=style5_.name 
    left outer join
        sales_info_clothes salesinfoc6_ 
            on stores0_.sales_info_clothes_id=salesinfoc6_.id 
    left outer join
        sales_info_status salesinfos7_ 
            on stores0_.sales_info_status_id=salesinfos7_.id 
    left outer join
        sales_info_user salesinfou8_ 
            on stores0_.sales_info_user_id=salesinfou8_.id 
    where
        stores0_.id=?
Hibernate: 
    select
        stores0_.id as id1_12_0_,
        stores0_.created_date as created_2_12_0_,
        stores0_.modified_date as modified3_12_0_,
        stores0_.author_id as author_i9_12_0_,
        stores0_.clothes_info_id as clothes10_12_0_,
        stores0_.colors_name as colors_11_12_0_,
        stores0_.materials_name as materia12_12_0_,
        stores0_.style_name as style_n13_12_0_,
        stores0_.clothes_length as clothes_4_12_0_,
        stores0_.content as content5_12_0_,
        stores0_.price as price6_12_0_,
        stores0_.sales_info_clothes_id as sales_i14_12_0_,
        stores0_.sales_info_status_id as sales_i15_12_0_,
        stores0_.sales_info_user_id as sales_i16_12_0_,
        stores0_.status as status7_12_0_,
        stores0_.title as title8_12_0_,
        members1_.id as id1_6_1_,
        members1_.email as email2_6_1_,
        members1_.image as image3_6_1_,
        members1_.name as name4_6_1_,
        members1_.nickname as nickname5_6_1_,
        members1_.password as password6_6_1_,
        members1_.phone as phone7_6_1_,
        members1_.refresh_token as refresh_8_6_1_,
        members1_.role as role9_6_1_,
        clothesinf2_.id as id1_2_2_,
        clothesinf2_.categoryl as category2_2_2_,
        clothesinf2_.categorys as category3_2_2_,
        clothesinf2_.fit as fit4_2_2_,
        clothesinf2_.length as length5_2_2_,
        colors3_.id as id1_4_3_,
        colors3_.name as name2_4_3_,
        materials4_.id as id1_5_4_,
        materials4_.name as name2_5_4_,
        style5_.id as id1_14_5_,
        style5_.name as name2_14_5_,
        salesinfoc6_.id as id1_9_6_,
        salesinfoc6_.clothes_brand as clothes_2_9_6_,
        salesinfoc6_.clothes_color as clothes_3_9_6_,
        salesinfoc6_.clothes_gender as clothes_4_9_6_,
        salesinfoc6_.clothes_size as clothes_5_9_6_,
        salesinfos7_.id as id1_10_7_,
        salesinfos7_.status_score as status_s2_10_7_,
        salesinfos7_.status_tag as status_t3_10_7_,
        salesinfos7_.status_times as status_t4_10_7_,
        salesinfos7_.status_when2buy as status_w5_10_7_,
        salesinfos7_.transport as transpor6_10_7_,
        salesinfou8_.id as id1_11_8_,
        salesinfou8_.user_height as user_hei2_11_8_,
        salesinfou8_.user_size as user_siz3_11_8_,
        salesinfou8_.user_weight as user_wei4_11_8_ 
    from
        stores stores0_ 
    left outer join
        members members1_ 
            on stores0_.author_id=members1_.id 
    left outer join
        clothes_info clothesinf2_ 
            on stores0_.clothes_info_id=clothesinf2_.id 
    left outer join
        colors colors3_ 
            on stores0_.colors_name=colors3_.name 
    left outer join
        materials materials4_ 
            on stores0_.materials_name=materials4_.name 
    left outer join
        style style5_ 
            on stores0_.style_name=style5_.name 
    left outer join
        sales_info_clothes salesinfoc6_ 
            on stores0_.sales_info_clothes_id=salesinfoc6_.id 
    left outer join
        sales_info_status salesinfos7_ 
            on stores0_.sales_info_status_id=salesinfos7_.id 
    left outer join
        sales_info_user salesinfou8_ 
            on stores0_.sales_info_user_id=salesinfou8_.id 
    where
        stores0_.id=?
Hibernate: 
    select
        stores0_.id as id1_12_0_,
        stores0_.created_date as created_2_12_0_,
        stores0_.modified_date as modified3_12_0_,
        stores0_.author_id as author_i9_12_0_,
        stores0_.clothes_info_id as clothes10_12_0_,
        stores0_.colors_name as colors_11_12_0_,
        stores0_.materials_name as materia12_12_0_,
        stores0_.style_name as style_n13_12_0_,
        stores0_.clothes_length as clothes_4_12_0_,
        stores0_.content as content5_12_0_,
        stores0_.price as price6_12_0_,
        stores0_.sales_info_clothes_id as sales_i14_12_0_,
        stores0_.sales_info_status_id as sales_i15_12_0_,
        stores0_.sales_info_user_id as sales_i16_12_0_,
        stores0_.status as status7_12_0_,
        stores0_.title as title8_12_0_,
        members1_.id as id1_6_1_,
        members1_.email as email2_6_1_,
        members1_.image as image3_6_1_,
        members1_.name as name4_6_1_,
        members1_.nickname as nickname5_6_1_,
        members1_.password as password6_6_1_,
        members1_.phone as phone7_6_1_,
        members1_.refresh_token as refresh_8_6_1_,
        members1_.role as role9_6_1_,
        clothesinf2_.id as id1_2_2_,
        clothesinf2_.categoryl as category2_2_2_,
        clothesinf2_.categorys as category3_2_2_,
        clothesinf2_.fit as fit4_2_2_,
        clothesinf2_.length as length5_2_2_,
        colors3_.id as id1_4_3_,
        colors3_.name as name2_4_3_,
        materials4_.id as id1_5_4_,
        materials4_.name as name2_5_4_,
        style5_.id as id1_14_5_,
        style5_.name as name2_14_5_,
        salesinfoc6_.id as id1_9_6_,
        salesinfoc6_.clothes_brand as clothes_2_9_6_,
        salesinfoc6_.clothes_color as clothes_3_9_6_,
        salesinfoc6_.clothes_gender as clothes_4_9_6_,
        salesinfoc6_.clothes_size as clothes_5_9_6_,
        salesinfos7_.id as id1_10_7_,
        salesinfos7_.status_score as status_s2_10_7_,
        salesinfos7_.status_tag as status_t3_10_7_,
        salesinfos7_.status_times as status_t4_10_7_,
        salesinfos7_.status_when2buy as status_w5_10_7_,
        salesinfos7_.transport as transpor6_10_7_,
        salesinfou8_.id as id1_11_8_,
        salesinfou8_.user_height as user_hei2_11_8_,
        salesinfou8_.user_size as user_siz3_11_8_,
        salesinfou8_.user_weight as user_wei4_11_8_ 
    from
        stores stores0_ 
    left outer join
        members members1_ 
            on stores0_.author_id=members1_.id 
    left outer join
        clothes_info clothesinf2_ 
            on stores0_.clothes_info_id=clothesinf2_.id 
    left outer join
        colors colors3_ 
            on stores0_.colors_name=colors3_.name 
    left outer join
        materials materials4_ 
            on stores0_.materials_name=materials4_.name 
    left outer join
        style style5_ 
            on stores0_.style_name=style5_.name 
    left outer join
        sales_info_clothes salesinfoc6_ 
            on stores0_.sales_info_clothes_id=salesinfoc6_.id 
    left outer join
        sales_info_status salesinfos7_ 
            on stores0_.sales_info_status_id=salesinfos7_.id 
    left outer join
        sales_info_user salesinfou8_ 
            on stores0_.sales_info_user_id=salesinfou8_.id 
    where
        stores0_.id=?
Hibernate: 
    select
        stores0_.id as id1_12_0_,
        stores0_.created_date as created_2_12_0_,
        stores0_.modified_date as modified3_12_0_,
        stores0_.author_id as author_i9_12_0_,
        stores0_.clothes_info_id as clothes10_12_0_,
        stores0_.colors_name as colors_11_12_0_,
        stores0_.materials_name as materia12_12_0_,
        stores0_.style_name as style_n13_12_0_,
        stores0_.clothes_length as clothes_4_12_0_,
        stores0_.content as content5_12_0_,
        stores0_.price as price6_12_0_,
        stores0_.sales_info_clothes_id as sales_i14_12_0_,
        stores0_.sales_info_status_id as sales_i15_12_0_,
        stores0_.sales_info_user_id as sales_i16_12_0_,
        stores0_.status as status7_12_0_,
        stores0_.title as title8_12_0_,
        members1_.id as id1_6_1_,
        members1_.email as email2_6_1_,
        members1_.image as image3_6_1_,
        members1_.name as name4_6_1_,
        members1_.nickname as nickname5_6_1_,
        members1_.password as password6_6_1_,
        members1_.phone as phone7_6_1_,
        members1_.refresh_token as refresh_8_6_1_,
        members1_.role as role9_6_1_,
        clothesinf2_.id as id1_2_2_,
        clothesinf2_.categoryl as category2_2_2_,
        clothesinf2_.categorys as category3_2_2_,
        clothesinf2_.fit as fit4_2_2_,
        clothesinf2_.length as length5_2_2_,
        colors3_.id as id1_4_3_,
        colors3_.name as name2_4_3_,
        materials4_.id as id1_5_4_,
        materials4_.name as name2_5_4_,
        style5_.id as id1_14_5_,
        style5_.name as name2_14_5_,
        salesinfoc6_.id as id1_9_6_,
        salesinfoc6_.clothes_brand as clothes_2_9_6_,
        salesinfoc6_.clothes_color as clothes_3_9_6_,
        salesinfoc6_.clothes_gender as clothes_4_9_6_,
        salesinfoc6_.clothes_size as clothes_5_9_6_,
        salesinfos7_.id as id1_10_7_,
        salesinfos7_.status_score as status_s2_10_7_,
        salesinfos7_.status_tag as status_t3_10_7_,
        salesinfos7_.status_times as status_t4_10_7_,
        salesinfos7_.status_when2buy as status_w5_10_7_,
        salesinfos7_.transport as transpor6_10_7_,
        salesinfou8_.id as id1_11_8_,
        salesinfou8_.user_height as user_hei2_11_8_,
        salesinfou8_.user_size as user_siz3_11_8_,
        salesinfou8_.user_weight as user_wei4_11_8_ 
    from
        stores stores0_ 
    left outer join
        members members1_ 
            on stores0_.author_id=members1_.id 
    left outer join
        clothes_info clothesinf2_ 
            on stores0_.clothes_info_id=clothesinf2_.id 
    left outer join
        colors colors3_ 
            on stores0_.colors_name=colors3_.name 
    left outer join
        materials materials4_ 
            on stores0_.materials_name=materials4_.name 
    left outer join
        style style5_ 
            on stores0_.style_name=style5_.name 
    left outer join
        sales_info_clothes salesinfoc6_ 
            on stores0_.sales_info_clothes_id=salesinfoc6_.id 
    left outer join
        sales_info_status salesinfos7_ 
            on stores0_.sales_info_status_id=salesinfos7_.id 
    left outer join
        sales_info_user salesinfou8_ 
            on stores0_.sales_info_user_id=salesinfou8_.id 
    where
        stores0_.id=?
Hibernate: 
    select
        stores0_.id as id1_12_0_,
        stores0_.created_date as created_2_12_0_,
        stores0_.modified_date as modified3_12_0_,
        stores0_.author_id as author_i9_12_0_,
        stores0_.clothes_info_id as clothes10_12_0_,
        stores0_.colors_name as colors_11_12_0_,
        stores0_.materials_name as materia12_12_0_,
        stores0_.style_name as style_n13_12_0_,
        stores0_.clothes_length as clothes_4_12_0_,
        stores0_.content as content5_12_0_,
        stores0_.price as price6_12_0_,
        stores0_.sales_info_clothes_id as sales_i14_12_0_,
        stores0_.sales_info_status_id as sales_i15_12_0_,
        stores0_.sales_info_user_id as sales_i16_12_0_,
        stores0_.status as status7_12_0_,
        stores0_.title as title8_12_0_,
        members1_.id as id1_6_1_,
        members1_.email as email2_6_1_,
        members1_.image as image3_6_1_,
        members1_.name as name4_6_1_,
        members1_.nickname as nickname5_6_1_,
        members1_.password as password6_6_1_,
        members1_.phone as phone7_6_1_,
        members1_.refresh_token as refresh_8_6_1_,
        members1_.role as role9_6_1_,
        clothesinf2_.id as id1_2_2_,
        clothesinf2_.categoryl as category2_2_2_,
        clothesinf2_.categorys as category3_2_2_,
        clothesinf2_.fit as fit4_2_2_,
        clothesinf2_.length as length5_2_2_,
        colors3_.id as id1_4_3_,
        colors3_.name as name2_4_3_,
        materials4_.id as id1_5_4_,
        materials4_.name as name2_5_4_,
        style5_.id as id1_14_5_,
        style5_.name as name2_14_5_,
        salesinfoc6_.id as id1_9_6_,
        salesinfoc6_.clothes_brand as clothes_2_9_6_,
        salesinfoc6_.clothes_color as clothes_3_9_6_,
        salesinfoc6_.clothes_gender as clothes_4_9_6_,
        salesinfoc6_.clothes_size as clothes_5_9_6_,
        salesinfos7_.id as id1_10_7_,
        salesinfos7_.status_score as status_s2_10_7_,
        salesinfos7_.status_tag as status_t3_10_7_,
        salesinfos7_.status_times as status_t4_10_7_,
        salesinfos7_.status_when2buy as status_w5_10_7_,
        salesinfos7_.transport as transpor6_10_7_,
        salesinfou8_.id as id1_11_8_,
        salesinfou8_.user_height as user_hei2_11_8_,
        salesinfou8_.user_size as user_siz3_11_8_,
        salesinfou8_.user_weight as user_wei4_11_8_ 
    from
        stores stores0_ 
    left outer join
        members members1_ 
            on stores0_.author_id=members1_.id 
    left outer join
        clothes_info clothesinf2_ 
            on stores0_.clothes_info_id=clothesinf2_.id 
    left outer join
        colors colors3_ 
            on stores0_.colors_name=colors3_.name 
    left outer join
        materials materials4_ 
            on stores0_.materials_name=materials4_.name 
    left outer join
        style style5_ 
            on stores0_.style_name=style5_.name 
    left outer join
        sales_info_clothes salesinfoc6_ 
            on stores0_.sales_info_clothes_id=salesinfoc6_.id 
    left outer join
        sales_info_status salesinfos7_ 
            on stores0_.sales_info_status_id=salesinfos7_.id 
    left outer join
        sales_info_user salesinfou8_ 
            on stores0_.sales_info_user_id=salesinfou8_.id 
    where
        stores0_.id=?
Hibernate: 
    select
        stores0_.id as id1_12_0_,
        stores0_.created_date as created_2_12_0_,
        stores0_.modified_date as modified3_12_0_,
        stores0_.author_id as author_i9_12_0_,
        stores0_.clothes_info_id as clothes10_12_0_,
        stores0_.colors_name as colors_11_12_0_,
        stores0_.materials_name as materia12_12_0_,
        stores0_.style_name as style_n13_12_0_,
        stores0_.clothes_length as clothes_4_12_0_,
        stores0_.content as content5_12_0_,
        stores0_.price as price6_12_0_,
        stores0_.sales_info_clothes_id as sales_i14_12_0_,
        stores0_.sales_info_status_id as sales_i15_12_0_,
        stores0_.sales_info_user_id as sales_i16_12_0_,
        stores0_.status as status7_12_0_,
        stores0_.title as title8_12_0_,
        members1_.id as id1_6_1_,
        members1_.email as email2_6_1_,
        members1_.image as image3_6_1_,
        members1_.name as name4_6_1_,
        members1_.nickname as nickname5_6_1_,
        members1_.password as password6_6_1_,
        members1_.phone as phone7_6_1_,
        members1_.refresh_token as refresh_8_6_1_,
        members1_.role as role9_6_1_,
        clothesinf2_.id as id1_2_2_,
        clothesinf2_.categoryl as category2_2_2_,
        clothesinf2_.categorys as category3_2_2_,
        clothesinf2_.fit as fit4_2_2_,
        clothesinf2_.length as length5_2_2_,
        colors3_.id as id1_4_3_,
        colors3_.name as name2_4_3_,
        materials4_.id as id1_5_4_,
        materials4_.name as name2_5_4_,
        style5_.id as id1_14_5_,
        style5_.name as name2_14_5_,
        salesinfoc6_.id as id1_9_6_,
        salesinfoc6_.clothes_brand as clothes_2_9_6_,
        salesinfoc6_.clothes_color as clothes_3_9_6_,
        salesinfoc6_.clothes_gender as clothes_4_9_6_,
        salesinfoc6_.clothes_size as clothes_5_9_6_,
        salesinfos7_.id as id1_10_7_,
        salesinfos7_.status_score as status_s2_10_7_,
        salesinfos7_.status_tag as status_t3_10_7_,
        salesinfos7_.status_times as status_t4_10_7_,
        salesinfos7_.status_when2buy as status_w5_10_7_,
        salesinfos7_.transport as transpor6_10_7_,
        salesinfou8_.id as id1_11_8_,
        salesinfou8_.user_height as user_hei2_11_8_,
        salesinfou8_.user_size as user_siz3_11_8_,
        salesinfou8_.user_weight as user_wei4_11_8_ 
    from
        stores stores0_ 
    left outer join
        members members1_ 
            on stores0_.author_id=members1_.id 
    left outer join
        clothes_info clothesinf2_ 
            on stores0_.clothes_info_id=clothesinf2_.id 
    left outer join
        colors colors3_ 
            on stores0_.colors_name=colors3_.name 
    left outer join
        materials materials4_ 
            on stores0_.materials_name=materials4_.name 
    left outer join
        style style5_ 
            on stores0_.style_name=style5_.name 
    left outer join
        sales_info_clothes salesinfoc6_ 
            on stores0_.sales_info_clothes_id=salesinfoc6_.id 
    left outer join
        sales_info_status salesinfos7_ 
            on stores0_.sales_info_status_id=salesinfos7_.id 
    left outer join
        sales_info_user salesinfou8_ 
            on stores0_.sales_info_user_id=salesinfou8_.id 
    where
        stores0_.id=?
Hibernate: 
    select
        stores0_.id as id1_12_0_,
        stores0_.created_date as created_2_12_0_,
        stores0_.modified_date as modified3_12_0_,
        stores0_.author_id as author_i9_12_0_,
        stores0_.clothes_info_id as clothes10_12_0_,
        stores0_.colors_name as colors_11_12_0_,
        stores0_.materials_name as materia12_12_0_,
        stores0_.style_name as style_n13_12_0_,
        stores0_.clothes_length as clothes_4_12_0_,
        stores0_.content as content5_12_0_,
        stores0_.price as price6_12_0_,
        stores0_.sales_info_clothes_id as sales_i14_12_0_,
        stores0_.sales_info_status_id as sales_i15_12_0_,
        stores0_.sales_info_user_id as sales_i16_12_0_,
        stores0_.status as status7_12_0_,
        stores0_.title as title8_12_0_,
        members1_.id as id1_6_1_,
        members1_.email as email2_6_1_,
        members1_.image as image3_6_1_,
        members1_.name as name4_6_1_,
        members1_.nickname as nickname5_6_1_,
        members1_.password as password6_6_1_,
        members1_.phone as phone7_6_1_,
        members1_.refresh_token as refresh_8_6_1_,
        members1_.role as role9_6_1_,
        clothesinf2_.id as id1_2_2_,
        clothesinf2_.categoryl as category2_2_2_,
        clothesinf2_.categorys as category3_2_2_,
        clothesinf2_.fit as fit4_2_2_,
        clothesinf2_.length as length5_2_2_,
        colors3_.id as id1_4_3_,
        colors3_.name as name2_4_3_,
        materials4_.id as id1_5_4_,
        materials4_.name as name2_5_4_,
        style5_.id as id1_14_5_,
        style5_.name as name2_14_5_,
        salesinfoc6_.id as id1_9_6_,
        salesinfoc6_.clothes_brand as clothes_2_9_6_,
        salesinfoc6_.clothes_color as clothes_3_9_6_,
        salesinfoc6_.clothes_gender as clothes_4_9_6_,
        salesinfoc6_.clothes_size as clothes_5_9_6_,
        salesinfos7_.id as id1_10_7_,
        salesinfos7_.status_score as status_s2_10_7_,
        salesinfos7_.status_tag as status_t3_10_7_,
        salesinfos7_.status_times as status_t4_10_7_,
        salesinfos7_.status_when2buy as status_w5_10_7_,
        salesinfos7_.transport as transpor6_10_7_,
        salesinfou8_.id as id1_11_8_,
        salesinfou8_.user_height as user_hei2_11_8_,
        salesinfou8_.user_size as user_siz3_11_8_,
        salesinfou8_.user_weight as user_wei4_11_8_ 
    from
        stores stores0_ 
    left outer join
        members members1_ 
            on stores0_.author_id=members1_.id 
    left outer join
        clothes_info clothesinf2_ 
            on stores0_.clothes_info_id=clothesinf2_.id 
    left outer join
        colors colors3_ 
            on stores0_.colors_name=colors3_.name 
    left outer join
        materials materials4_ 
            on stores0_.materials_name=materials4_.name 
    left outer join
        style style5_ 
            on stores0_.style_name=style5_.name 
    left outer join
        sales_info_clothes salesinfoc6_ 
            on stores0_.sales_info_clothes_id=salesinfoc6_.id 
    left outer join
        sales_info_status salesinfos7_ 
            on stores0_.sales_info_status_id=salesinfos7_.id 
    left outer join
        sales_info_user salesinfou8_ 
            on stores0_.sales_info_user_id=salesinfou8_.id 
    where
        stores0_.id=?
Hibernate: 
    select
        stores0_.id as id1_12_0_,
        stores0_.created_date as created_2_12_0_,
        stores0_.modified_date as modified3_12_0_,
        stores0_.author_id as author_i9_12_0_,
        stores0_.clothes_info_id as clothes10_12_0_,
        stores0_.colors_name as colors_11_12_0_,
        stores0_.materials_name as materia12_12_0_,
        stores0_.style_name as style_n13_12_0_,
        stores0_.clothes_length as clothes_4_12_0_,
        stores0_.content as content5_12_0_,
        stores0_.price as price6_12_0_,
        stores0_.sales_info_clothes_id as sales_i14_12_0_,
        stores0_.sales_info_status_id as sales_i15_12_0_,
        stores0_.sales_info_user_id as sales_i16_12_0_,
        stores0_.status as status7_12_0_,
        stores0_.title as title8_12_0_,
        members1_.id as id1_6_1_,
        members1_.email as email2_6_1_,
        members1_.image as image3_6_1_,
        members1_.name as name4_6_1_,
        members1_.nickname as nickname5_6_1_,
        members1_.password as password6_6_1_,
        members1_.phone as phone7_6_1_,
        members1_.refresh_token as refresh_8_6_1_,
        members1_.role as role9_6_1_,
        clothesinf2_.id as id1_2_2_,
        clothesinf2_.categoryl as category2_2_2_,
        clothesinf2_.categorys as category3_2_2_,
        clothesinf2_.fit as fit4_2_2_,
        clothesinf2_.length as length5_2_2_,
        colors3_.id as id1_4_3_,
        colors3_.name as name2_4_3_,
        materials4_.id as id1_5_4_,
        materials4_.name as name2_5_4_,
        style5_.id as id1_14_5_,
        style5_.name as name2_14_5_,
        salesinfoc6_.id as id1_9_6_,
        salesinfoc6_.clothes_brand as clothes_2_9_6_,
        salesinfoc6_.clothes_color as clothes_3_9_6_,
        salesinfoc6_.clothes_gender as clothes_4_9_6_,
        salesinfoc6_.clothes_size as clothes_5_9_6_,
        salesinfos7_.id as id1_10_7_,
        salesinfos7_.status_score as status_s2_10_7_,
        salesinfos7_.status_tag as status_t3_10_7_,
        salesinfos7_.status_times as status_t4_10_7_,
        salesinfos7_.status_when2buy as status_w5_10_7_,
        salesinfos7_.transport as transpor6_10_7_,
        salesinfou8_.id as id1_11_8_,
        salesinfou8_.user_height as user_hei2_11_8_,
        salesinfou8_.user_size as user_siz3_11_8_,
        salesinfou8_.user_weight as user_wei4_11_8_ 
    from
        stores stores0_ 
    left outer join
        members members1_ 
            on stores0_.author_id=members1_.id 
    left outer join
        clothes_info clothesinf2_ 
            on stores0_.clothes_info_id=clothesinf2_.id 
    left outer join
        colors colors3_ 
            on stores0_.colors_name=colors3_.name 
    left outer join
        materials materials4_ 
            on stores0_.materials_name=materials4_.name 
    left outer join
        style style5_ 
            on stores0_.style_name=style5_.name 
    left outer join
        sales_info_clothes salesinfoc6_ 
            on stores0_.sales_info_clothes_id=salesinfoc6_.id 
    left outer join
        sales_info_status salesinfos7_ 
            on stores0_.sales_info_status_id=salesinfos7_.id 
    left outer join
        sales_info_user salesinfou8_ 
            on stores0_.sales_info_user_id=salesinfou8_.id 
    where
        stores0_.id=?
2022-11-10 12:34:09.336  INFO 9968 --- [    Test worker] o.a.c.c.C.[Tomcat].[localhost].[/]       : Initializing Spring TestDispatcherServlet ''
2022-11-10 12:34:09.336  INFO 9968 --- [    Test worker] o.s.t.web.servlet.TestDispatcherServlet  : Initializing Servlet ''
2022-11-10 12:34:09.338  INFO 9968 --- [    Test worker] o.s.t.web.servlet.TestDispatcherServlet  : Completed initialization in 2 ms
gunsong2@naver.com
Hibernate: 
    select
        members0_.id as id1_6_,
        members0_.email as email2_6_,
        members0_.image as image3_6_,
        members0_.name as name4_6_,
        members0_.nickname as nickname5_6_,
        members0_.password as password6_6_,
        members0_.phone as phone7_6_,
        members0_.refresh_token as refresh_8_6_,
        members0_.role as role9_6_ 
    from
        members members0_ 
    where
        members0_.email=?
Hibernate: 
    select
        images1_.id as col_0_0_,
        stores0_.title as col_1_0_,
        stores0_.id as col_2_0_,
        stores0_.modified_date as col_3_0_,
        stores0_.price as col_4_0_,
        stores0_.content as col_5_0_,
        salesinfos2_.transport as col_6_0_,
        images1_.id as id1_3_,
        images1_.closets_post_id as closets_4_3_,
        images1_.path as path2_3_,
        images1_.stores_post_id as stores_p5_3_,
        images1_.type as type3_3_ 
    from
        stores stores0_ 
    inner join
        clothes_image images1_ 
            on stores0_.id=images1_.stores_post_id cross 
    join
        sales_info_status salesinfos2_ 
    where
        stores0_.sales_info_status_id=salesinfos2_.id 
        and (
            images1_.id in (
                select
                    clothesima3_.id 
                from
                    clothes_image clothesima3_ cross 
                join
                    stores stores4_ 
                where
                    clothesima3_.stores_post_id=stores4_.id 
                    and (
                        clothesima3_.closets_post_id is null
                    ) 
                group by
                    clothesima3_.stores_post_id 
                order by
                    stores4_.created_date asc
            )
        ) 
        and stores0_.author_id=? 
    order by
        stores0_.created_date desc limit ?
Hibernate: 
    select
        stores0_.id as id1_12_0_,
        stores0_.created_date as created_2_12_0_,
        stores0_.modified_date as modified3_12_0_,
        stores0_.author_id as author_i9_12_0_,
        stores0_.clothes_info_id as clothes10_12_0_,
        stores0_.colors_name as colors_11_12_0_,
        stores0_.materials_name as materia12_12_0_,
        stores0_.style_name as style_n13_12_0_,
        stores0_.clothes_length as clothes_4_12_0_,
        stores0_.content as content5_12_0_,
        stores0_.price as price6_12_0_,
        stores0_.sales_info_clothes_id as sales_i14_12_0_,
        stores0_.sales_info_status_id as sales_i15_12_0_,
        stores0_.sales_info_user_id as sales_i16_12_0_,
        stores0_.status as status7_12_0_,
        stores0_.title as title8_12_0_,
        members1_.id as id1_6_1_,
        members1_.email as email2_6_1_,
        members1_.image as image3_6_1_,
        members1_.name as name4_6_1_,
        members1_.nickname as nickname5_6_1_,
        members1_.password as password6_6_1_,
        members1_.phone as phone7_6_1_,
        members1_.refresh_token as refresh_8_6_1_,
        members1_.role as role9_6_1_,
        clothesinf2_.id as id1_2_2_,
        clothesinf2_.categoryl as category2_2_2_,
        clothesinf2_.categorys as category3_2_2_,
        clothesinf2_.fit as fit4_2_2_,
        clothesinf2_.length as length5_2_2_,
        colors3_.id as id1_4_3_,
        colors3_.name as name2_4_3_,
        materials4_.id as id1_5_4_,
        materials4_.name as name2_5_4_,
        style5_.id as id1_14_5_,
        style5_.name as name2_14_5_,
        salesinfoc6_.id as id1_9_6_,
        salesinfoc6_.clothes_brand as clothes_2_9_6_,
        salesinfoc6_.clothes_color as clothes_3_9_6_,
        salesinfoc6_.clothes_gender as clothes_4_9_6_,
        salesinfoc6_.clothes_size as clothes_5_9_6_,
        salesinfos7_.id as id1_10_7_,
        salesinfos7_.status_score as status_s2_10_7_,
        salesinfos7_.status_tag as status_t3_10_7_,
        salesinfos7_.status_times as status_t4_10_7_,
        salesinfos7_.status_when2buy as status_w5_10_7_,
        salesinfos7_.transport as transpor6_10_7_,
        salesinfou8_.id as id1_11_8_,
        salesinfou8_.user_height as user_hei2_11_8_,
        salesinfou8_.user_size as user_siz3_11_8_,
        salesinfou8_.user_weight as user_wei4_11_8_ 
    from
        stores stores0_ 
    left outer join
        members members1_ 
            on stores0_.author_id=members1_.id 
    left outer join
        clothes_info clothesinf2_ 
            on stores0_.clothes_info_id=clothesinf2_.id 
    left outer join
        colors colors3_ 
            on stores0_.colors_name=colors3_.name 
    left outer join
        materials materials4_ 
            on stores0_.materials_name=materials4_.name 
    left outer join
        style style5_ 
            on stores0_.style_name=style5_.name 
    left outer join
        sales_info_clothes salesinfoc6_ 
            on stores0_.sales_info_clothes_id=salesinfoc6_.id 
    left outer join
        sales_info_status salesinfos7_ 
            on stores0_.sales_info_status_id=salesinfos7_.id 
    left outer join
        sales_info_user salesinfou8_ 
            on stores0_.sales_info_user_id=salesinfou8_.id 
    where
        stores0_.id=?
Hibernate: 
    select
        stores0_.id as id1_12_0_,
        stores0_.created_date as created_2_12_0_,
        stores0_.modified_date as modified3_12_0_,
        stores0_.author_id as author_i9_12_0_,
        stores0_.clothes_info_id as clothes10_12_0_,
        stores0_.colors_name as colors_11_12_0_,
        stores0_.materials_name as materia12_12_0_,
        stores0_.style_name as style_n13_12_0_,
        stores0_.clothes_length as clothes_4_12_0_,
        stores0_.content as content5_12_0_,
        stores0_.price as price6_12_0_,
        stores0_.sales_info_clothes_id as sales_i14_12_0_,
        stores0_.sales_info_status_id as sales_i15_12_0_,
        stores0_.sales_info_user_id as sales_i16_12_0_,
        stores0_.status as status7_12_0_,
        stores0_.title as title8_12_0_,
        members1_.id as id1_6_1_,
        members1_.email as email2_6_1_,
        members1_.image as image3_6_1_,
        members1_.name as name4_6_1_,
        members1_.nickname as nickname5_6_1_,
        members1_.password as password6_6_1_,
        members1_.phone as phone7_6_1_,
        members1_.refresh_token as refresh_8_6_1_,
        members1_.role as role9_6_1_,
        clothesinf2_.id as id1_2_2_,
        clothesinf2_.categoryl as category2_2_2_,
        clothesinf2_.categorys as category3_2_2_,
        clothesinf2_.fit as fit4_2_2_,
        clothesinf2_.length as length5_2_2_,
        colors3_.id as id1_4_3_,
        colors3_.name as name2_4_3_,
        materials4_.id as id1_5_4_,
        materials4_.name as name2_5_4_,
        style5_.id as id1_14_5_,
        style5_.name as name2_14_5_,
        salesinfoc6_.id as id1_9_6_,
        salesinfoc6_.clothes_brand as clothes_2_9_6_,
        salesinfoc6_.clothes_color as clothes_3_9_6_,
        salesinfoc6_.clothes_gender as clothes_4_9_6_,
        salesinfoc6_.clothes_size as clothes_5_9_6_,
        salesinfos7_.id as id1_10_7_,
        salesinfos7_.status_score as status_s2_10_7_,
        salesinfos7_.status_tag as status_t3_10_7_,
        salesinfos7_.status_times as status_t4_10_7_,
        salesinfos7_.status_when2buy as status_w5_10_7_,
        salesinfos7_.transport as transpor6_10_7_,
        salesinfou8_.id as id1_11_8_,
        salesinfou8_.user_height as user_hei2_11_8_,
        salesinfou8_.user_size as user_siz3_11_8_,
        salesinfou8_.user_weight as user_wei4_11_8_ 
    from
        stores stores0_ 
    left outer join
        members members1_ 
            on stores0_.author_id=members1_.id 
    left outer join
        clothes_info clothesinf2_ 
            on stores0_.clothes_info_id=clothesinf2_.id 
    left outer join
        colors colors3_ 
            on stores0_.colors_name=colors3_.name 
    left outer join
        materials materials4_ 
            on stores0_.materials_name=materials4_.name 
    left outer join
        style style5_ 
            on stores0_.style_name=style5_.name 
    left outer join
        sales_info_clothes salesinfoc6_ 
            on stores0_.sales_info_clothes_id=salesinfoc6_.id 
    left outer join
        sales_info_status salesinfos7_ 
            on stores0_.sales_info_status_id=salesinfos7_.id 
    left outer join
        sales_info_user salesinfou8_ 
            on stores0_.sales_info_user_id=salesinfou8_.id 
    where
        stores0_.id=?
Hibernate: 
    select
        stores0_.id as id1_12_0_,
        stores0_.created_date as created_2_12_0_,
        stores0_.modified_date as modified3_12_0_,
        stores0_.author_id as author_i9_12_0_,
        stores0_.clothes_info_id as clothes10_12_0_,
        stores0_.colors_name as colors_11_12_0_,
        stores0_.materials_name as materia12_12_0_,
        stores0_.style_name as style_n13_12_0_,
        stores0_.clothes_length as clothes_4_12_0_,
        stores0_.content as content5_12_0_,
        stores0_.price as price6_12_0_,
        stores0_.sales_info_clothes_id as sales_i14_12_0_,
        stores0_.sales_info_status_id as sales_i15_12_0_,
        stores0_.sales_info_user_id as sales_i16_12_0_,
        stores0_.status as status7_12_0_,
        stores0_.title as title8_12_0_,
        members1_.id as id1_6_1_,
        members1_.email as email2_6_1_,
        members1_.image as image3_6_1_,
        members1_.name as name4_6_1_,
        members1_.nickname as nickname5_6_1_,
        members1_.password as password6_6_1_,
        members1_.phone as phone7_6_1_,
        members1_.refresh_token as refresh_8_6_1_,
        members1_.role as role9_6_1_,
        clothesinf2_.id as id1_2_2_,
        clothesinf2_.categoryl as category2_2_2_,
        clothesinf2_.categorys as category3_2_2_,
        clothesinf2_.fit as fit4_2_2_,
        clothesinf2_.length as length5_2_2_,
        colors3_.id as id1_4_3_,
        colors3_.name as name2_4_3_,
        materials4_.id as id1_5_4_,
        materials4_.name as name2_5_4_,
        style5_.id as id1_14_5_,
        style5_.name as name2_14_5_,
        salesinfoc6_.id as id1_9_6_,
        salesinfoc6_.clothes_brand as clothes_2_9_6_,
        salesinfoc6_.clothes_color as clothes_3_9_6_,
        salesinfoc6_.clothes_gender as clothes_4_9_6_,
        salesinfoc6_.clothes_size as clothes_5_9_6_,
        salesinfos7_.id as id1_10_7_,
        salesinfos7_.status_score as status_s2_10_7_,
        salesinfos7_.status_tag as status_t3_10_7_,
        salesinfos7_.status_times as status_t4_10_7_,
        salesinfos7_.status_when2buy as status_w5_10_7_,
        salesinfos7_.transport as transpor6_10_7_,
        salesinfou8_.id as id1_11_8_,
        salesinfou8_.user_height as user_hei2_11_8_,
        salesinfou8_.user_size as user_siz3_11_8_,
        salesinfou8_.user_weight as user_wei4_11_8_ 
    from
        stores stores0_ 
    left outer join
        members members1_ 
            on stores0_.author_id=members1_.id 
    left outer join
        clothes_info clothesinf2_ 
            on stores0_.clothes_info_id=clothesinf2_.id 
    left outer join
        colors colors3_ 
            on stores0_.colors_name=colors3_.name 
    left outer join
        materials materials4_ 
            on stores0_.materials_name=materials4_.name 
    left outer join
        style style5_ 
            on stores0_.style_name=style5_.name 
    left outer join
        sales_info_clothes salesinfoc6_ 
            on stores0_.sales_info_clothes_id=salesinfoc6_.id 
    left outer join
        sales_info_status salesinfos7_ 
            on stores0_.sales_info_status_id=salesinfos7_.id 
    left outer join
        sales_info_user salesinfou8_ 
            on stores0_.sales_info_user_id=salesinfou8_.id 
    where
        stores0_.id=?
Hibernate: 
    select
        stores0_.id as id1_12_0_,
        stores0_.created_date as created_2_12_0_,
        stores0_.modified_date as modified3_12_0_,
        stores0_.author_id as author_i9_12_0_,
        stores0_.clothes_info_id as clothes10_12_0_,
        stores0_.colors_name as colors_11_12_0_,
        stores0_.materials_name as materia12_12_0_,
        stores0_.style_name as style_n13_12_0_,
        stores0_.clothes_length as clothes_4_12_0_,
        stores0_.content as content5_12_0_,
        stores0_.price as price6_12_0_,
        stores0_.sales_info_clothes_id as sales_i14_12_0_,
        stores0_.sales_info_status_id as sales_i15_12_0_,
        stores0_.sales_info_user_id as sales_i16_12_0_,
        stores0_.status as status7_12_0_,
        stores0_.title as title8_12_0_,
        members1_.id as id1_6_1_,
        members1_.email as email2_6_1_,
        members1_.image as image3_6_1_,
        members1_.name as name4_6_1_,
        members1_.nickname as nickname5_6_1_,
        members1_.password as password6_6_1_,
        members1_.phone as phone7_6_1_,
        members1_.refresh_token as refresh_8_6_1_,
        members1_.role as role9_6_1_,
        clothesinf2_.id as id1_2_2_,
        clothesinf2_.categoryl as category2_2_2_,
        clothesinf2_.categorys as category3_2_2_,
        clothesinf2_.fit as fit4_2_2_,
        clothesinf2_.length as length5_2_2_,
        colors3_.id as id1_4_3_,
        colors3_.name as name2_4_3_,
        materials4_.id as id1_5_4_,
        materials4_.name as name2_5_4_,
        style5_.id as id1_14_5_,
        style5_.name as name2_14_5_,
        salesinfoc6_.id as id1_9_6_,
        salesinfoc6_.clothes_brand as clothes_2_9_6_,
        salesinfoc6_.clothes_color as clothes_3_9_6_,
        salesinfoc6_.clothes_gender as clothes_4_9_6_,
        salesinfoc6_.clothes_size as clothes_5_9_6_,
        salesinfos7_.id as id1_10_7_,
        salesinfos7_.status_score as status_s2_10_7_,
        salesinfos7_.status_tag as status_t3_10_7_,
        salesinfos7_.status_times as status_t4_10_7_,
        salesinfos7_.status_when2buy as status_w5_10_7_,
        salesinfos7_.transport as transpor6_10_7_,
        salesinfou8_.id as id1_11_8_,
        salesinfou8_.user_height as user_hei2_11_8_,
        salesinfou8_.user_size as user_siz3_11_8_,
        salesinfou8_.user_weight as user_wei4_11_8_ 
    from
        stores stores0_ 
    left outer join
        members members1_ 
            on stores0_.author_id=members1_.id 
    left outer join
        clothes_info clothesinf2_ 
            on stores0_.clothes_info_id=clothesinf2_.id 
    left outer join
        colors colors3_ 
            on stores0_.colors_name=colors3_.name 
    left outer join
        materials materials4_ 
            on stores0_.materials_name=materials4_.name 
    left outer join
        style style5_ 
            on stores0_.style_name=style5_.name 
    left outer join
        sales_info_clothes salesinfoc6_ 
            on stores0_.sales_info_clothes_id=salesinfoc6_.id 
    left outer join
        sales_info_status salesinfos7_ 
            on stores0_.sales_info_status_id=salesinfos7_.id 
    left outer join
        sales_info_user salesinfou8_ 
            on stores0_.sales_info_user_id=salesinfou8_.id 
    where
        stores0_.id=?
Hibernate: 
    select
        stores0_.id as id1_12_0_,
        stores0_.created_date as created_2_12_0_,
        stores0_.modified_date as modified3_12_0_,
        stores0_.author_id as author_i9_12_0_,
        stores0_.clothes_info_id as clothes10_12_0_,
        stores0_.colors_name as colors_11_12_0_,
        stores0_.materials_name as materia12_12_0_,
        stores0_.style_name as style_n13_12_0_,
        stores0_.clothes_length as clothes_4_12_0_,
        stores0_.content as content5_12_0_,
        stores0_.price as price6_12_0_,
        stores0_.sales_info_clothes_id as sales_i14_12_0_,
        stores0_.sales_info_status_id as sales_i15_12_0_,
        stores0_.sales_info_user_id as sales_i16_12_0_,
        stores0_.status as status7_12_0_,
        stores0_.title as title8_12_0_,
        members1_.id as id1_6_1_,
        members1_.email as email2_6_1_,
        members1_.image as image3_6_1_,
        members1_.name as name4_6_1_,
        members1_.nickname as nickname5_6_1_,
        members1_.password as password6_6_1_,
        members1_.phone as phone7_6_1_,
        members1_.refresh_token as refresh_8_6_1_,
        members1_.role as role9_6_1_,
        clothesinf2_.id as id1_2_2_,
        clothesinf2_.categoryl as category2_2_2_,
        clothesinf2_.categorys as category3_2_2_,
        clothesinf2_.fit as fit4_2_2_,
        clothesinf2_.length as length5_2_2_,
        colors3_.id as id1_4_3_,
        colors3_.name as name2_4_3_,
        materials4_.id as id1_5_4_,
        materials4_.name as name2_5_4_,
        style5_.id as id1_14_5_,
        style5_.name as name2_14_5_,
        salesinfoc6_.id as id1_9_6_,
        salesinfoc6_.clothes_brand as clothes_2_9_6_,
        salesinfoc6_.clothes_color as clothes_3_9_6_,
        salesinfoc6_.clothes_gender as clothes_4_9_6_,
        salesinfoc6_.clothes_size as clothes_5_9_6_,
        salesinfos7_.id as id1_10_7_,
        salesinfos7_.status_score as status_s2_10_7_,
        salesinfos7_.status_tag as status_t3_10_7_,
        salesinfos7_.status_times as status_t4_10_7_,
        salesinfos7_.status_when2buy as status_w5_10_7_,
        salesinfos7_.transport as transpor6_10_7_,
        salesinfou8_.id as id1_11_8_,
        salesinfou8_.user_height as user_hei2_11_8_,
        salesinfou8_.user_size as user_siz3_11_8_,
        salesinfou8_.user_weight as user_wei4_11_8_ 
    from
        stores stores0_ 
    left outer join
        members members1_ 
            on stores0_.author_id=members1_.id 
    left outer join
        clothes_info clothesinf2_ 
            on stores0_.clothes_info_id=clothesinf2_.id 
    left outer join
        colors colors3_ 
            on stores0_.colors_name=colors3_.name 
    left outer join
        materials materials4_ 
            on stores0_.materials_name=materials4_.name 
    left outer join
        style style5_ 
            on stores0_.style_name=style5_.name 
    left outer join
        sales_info_clothes salesinfoc6_ 
            on stores0_.sales_info_clothes_id=salesinfoc6_.id 
    left outer join
        sales_info_status salesinfos7_ 
            on stores0_.sales_info_status_id=salesinfos7_.id 
    left outer join
        sales_info_user salesinfou8_ 
            on stores0_.sales_info_user_id=salesinfou8_.id 
    where
        stores0_.id=?
Hibernate: 
    select
        stores0_.id as id1_12_0_,
        stores0_.created_date as created_2_12_0_,
        stores0_.modified_date as modified3_12_0_,
        stores0_.author_id as author_i9_12_0_,
        stores0_.clothes_info_id as clothes10_12_0_,
        stores0_.colors_name as colors_11_12_0_,
        stores0_.materials_name as materia12_12_0_,
        stores0_.style_name as style_n13_12_0_,
        stores0_.clothes_length as clothes_4_12_0_,
        stores0_.content as content5_12_0_,
        stores0_.price as price6_12_0_,
        stores0_.sales_info_clothes_id as sales_i14_12_0_,
        stores0_.sales_info_status_id as sales_i15_12_0_,
        stores0_.sales_info_user_id as sales_i16_12_0_,
        stores0_.status as status7_12_0_,
        stores0_.title as title8_12_0_,
        members1_.id as id1_6_1_,
        members1_.email as email2_6_1_,
        members1_.image as image3_6_1_,
        members1_.name as name4_6_1_,
        members1_.nickname as nickname5_6_1_,
        members1_.password as password6_6_1_,
        members1_.phone as phone7_6_1_,
        members1_.refresh_token as refresh_8_6_1_,
        members1_.role as role9_6_1_,
        clothesinf2_.id as id1_2_2_,
        clothesinf2_.categoryl as category2_2_2_,
        clothesinf2_.categorys as category3_2_2_,
        clothesinf2_.fit as fit4_2_2_,
        clothesinf2_.length as length5_2_2_,
        colors3_.id as id1_4_3_,
        colors3_.name as name2_4_3_,
        materials4_.id as id1_5_4_,
        materials4_.name as name2_5_4_,
        style5_.id as id1_14_5_,
        style5_.name as name2_14_5_,
        salesinfoc6_.id as id1_9_6_,
        salesinfoc6_.clothes_brand as clothes_2_9_6_,
        salesinfoc6_.clothes_color as clothes_3_9_6_,
        salesinfoc6_.clothes_gender as clothes_4_9_6_,
        salesinfoc6_.clothes_size as clothes_5_9_6_,
        salesinfos7_.id as id1_10_7_,
        salesinfos7_.status_score as status_s2_10_7_,
        salesinfos7_.status_tag as status_t3_10_7_,
        salesinfos7_.status_times as status_t4_10_7_,
        salesinfos7_.status_when2buy as status_w5_10_7_,
        salesinfos7_.transport as transpor6_10_7_,
        salesinfou8_.id as id1_11_8_,
        salesinfou8_.user_height as user_hei2_11_8_,
        salesinfou8_.user_size as user_siz3_11_8_,
        salesinfou8_.user_weight as user_wei4_11_8_ 
    from
        stores stores0_ 
    left outer join
        members members1_ 
            on stores0_.author_id=members1_.id 
    left outer join
        clothes_info clothesinf2_ 
            on stores0_.clothes_info_id=clothesinf2_.id 
    left outer join
        colors colors3_ 
            on stores0_.colors_name=colors3_.name 
    left outer join
        materials materials4_ 
            on stores0_.materials_name=materials4_.name 
    left outer join
        style style5_ 
            on stores0_.style_name=style5_.name 
    left outer join
        sales_info_clothes salesinfoc6_ 
            on stores0_.sales_info_clothes_id=salesinfoc6_.id 
    left outer join
        sales_info_status salesinfos7_ 
            on stores0_.sales_info_status_id=salesinfos7_.id 
    left outer join
        sales_info_user salesinfou8_ 
            on stores0_.sales_info_user_id=salesinfou8_.id 
    where
        stores0_.id=?
Hibernate: 
    select
        stores0_.id as id1_12_0_,
        stores0_.created_date as created_2_12_0_,
        stores0_.modified_date as modified3_12_0_,
        stores0_.author_id as author_i9_12_0_,
        stores0_.clothes_info_id as clothes10_12_0_,
        stores0_.colors_name as colors_11_12_0_,
        stores0_.materials_name as materia12_12_0_,
        stores0_.style_name as style_n13_12_0_,
        stores0_.clothes_length as clothes_4_12_0_,
        stores0_.content as content5_12_0_,
        stores0_.price as price6_12_0_,
        stores0_.sales_info_clothes_id as sales_i14_12_0_,
        stores0_.sales_info_status_id as sales_i15_12_0_,
        stores0_.sales_info_user_id as sales_i16_12_0_,
        stores0_.status as status7_12_0_,
        stores0_.title as title8_12_0_,
        members1_.id as id1_6_1_,
        members1_.email as email2_6_1_,
        members1_.image as image3_6_1_,
        members1_.name as name4_6_1_,
        members1_.nickname as nickname5_6_1_,
        members1_.password as password6_6_1_,
        members1_.phone as phone7_6_1_,
        members1_.refresh_token as refresh_8_6_1_,
        members1_.role as role9_6_1_,
        clothesinf2_.id as id1_2_2_,
        clothesinf2_.categoryl as category2_2_2_,
        clothesinf2_.categorys as category3_2_2_,
        clothesinf2_.fit as fit4_2_2_,
        clothesinf2_.length as length5_2_2_,
        colors3_.id as id1_4_3_,
        colors3_.name as name2_4_3_,
        materials4_.id as id1_5_4_,
        materials4_.name as name2_5_4_,
        style5_.id as id1_14_5_,
        style5_.name as name2_14_5_,
        salesinfoc6_.id as id1_9_6_,
        salesinfoc6_.clothes_brand as clothes_2_9_6_,
        salesinfoc6_.clothes_color as clothes_3_9_6_,
        salesinfoc6_.clothes_gender as clothes_4_9_6_,
        salesinfoc6_.clothes_size as clothes_5_9_6_,
        salesinfos7_.id as id1_10_7_,
        salesinfos7_.status_score as status_s2_10_7_,
        salesinfos7_.status_tag as status_t3_10_7_,
        salesinfos7_.status_times as status_t4_10_7_,
        salesinfos7_.status_when2buy as status_w5_10_7_,
        salesinfos7_.transport as transpor6_10_7_,
        salesinfou8_.id as id1_11_8_,
        salesinfou8_.user_height as user_hei2_11_8_,
        salesinfou8_.user_size as user_siz3_11_8_,
        salesinfou8_.user_weight as user_wei4_11_8_ 
    from
        stores stores0_ 
    left outer join
        members members1_ 
            on stores0_.author_id=members1_.id 
    left outer join
        clothes_info clothesinf2_ 
            on stores0_.clothes_info_id=clothesinf2_.id 
    left outer join
        colors colors3_ 
            on stores0_.colors_name=colors3_.name 
    left outer join
        materials materials4_ 
            on stores0_.materials_name=materials4_.name 
    left outer join
        style style5_ 
            on stores0_.style_name=style5_.name 
    left outer join
        sales_info_clothes salesinfoc6_ 
            on stores0_.sales_info_clothes_id=salesinfoc6_.id 
    left outer join
        sales_info_status salesinfos7_ 
            on stores0_.sales_info_status_id=salesinfos7_.id 
    left outer join
        sales_info_user salesinfou8_ 
            on stores0_.sales_info_user_id=salesinfou8_.id 
    where
        stores0_.id=?
Hibernate: 
    select
        stores0_.id as id1_12_0_,
        stores0_.created_date as created_2_12_0_,
        stores0_.modified_date as modified3_12_0_,
        stores0_.author_id as author_i9_12_0_,
        stores0_.clothes_info_id as clothes10_12_0_,
        stores0_.colors_name as colors_11_12_0_,
        stores0_.materials_name as materia12_12_0_,
        stores0_.style_name as style_n13_12_0_,
        stores0_.clothes_length as clothes_4_12_0_,
        stores0_.content as content5_12_0_,
        stores0_.price as price6_12_0_,
        stores0_.sales_info_clothes_id as sales_i14_12_0_,
        stores0_.sales_info_status_id as sales_i15_12_0_,
        stores0_.sales_info_user_id as sales_i16_12_0_,
        stores0_.status as status7_12_0_,
        stores0_.title as title8_12_0_,
        members1_.id as id1_6_1_,
        members1_.email as email2_6_1_,
        members1_.image as image3_6_1_,
        members1_.name as name4_6_1_,
        members1_.nickname as nickname5_6_1_,
        members1_.password as password6_6_1_,
        members1_.phone as phone7_6_1_,
        members1_.refresh_token as refresh_8_6_1_,
        members1_.role as role9_6_1_,
        clothesinf2_.id as id1_2_2_,
        clothesinf2_.categoryl as category2_2_2_,
        clothesinf2_.categorys as category3_2_2_,
        clothesinf2_.fit as fit4_2_2_,
        clothesinf2_.length as length5_2_2_,
        colors3_.id as id1_4_3_,
        colors3_.name as name2_4_3_,
        materials4_.id as id1_5_4_,
        materials4_.name as name2_5_4_,
        style5_.id as id1_14_5_,
        style5_.name as name2_14_5_,
        salesinfoc6_.id as id1_9_6_,
        salesinfoc6_.clothes_brand as clothes_2_9_6_,
        salesinfoc6_.clothes_color as clothes_3_9_6_,
        salesinfoc6_.clothes_gender as clothes_4_9_6_,
        salesinfoc6_.clothes_size as clothes_5_9_6_,
        salesinfos7_.id as id1_10_7_,
        salesinfos7_.status_score as status_s2_10_7_,
        salesinfos7_.status_tag as status_t3_10_7_,
        salesinfos7_.status_times as status_t4_10_7_,
        salesinfos7_.status_when2buy as status_w5_10_7_,
        salesinfos7_.transport as transpor6_10_7_,
        salesinfou8_.id as id1_11_8_,
        salesinfou8_.user_height as user_hei2_11_8_,
        salesinfou8_.user_size as user_siz3_11_8_,
        salesinfou8_.user_weight as user_wei4_11_8_ 
    from
        stores stores0_ 
    left outer join
        members members1_ 
            on stores0_.author_id=members1_.id 
    left outer join
        clothes_info clothesinf2_ 
            on stores0_.clothes_info_id=clothesinf2_.id 
    left outer join
        colors colors3_ 
            on stores0_.colors_name=colors3_.name 
    left outer join
        materials materials4_ 
            on stores0_.materials_name=materials4_.name 
    left outer join
        style style5_ 
            on stores0_.style_name=style5_.name 
    left outer join
        sales_info_clothes salesinfoc6_ 
            on stores0_.sales_info_clothes_id=salesinfoc6_.id 
    left outer join
        sales_info_status salesinfos7_ 
            on stores0_.sales_info_status_id=salesinfos7_.id 
    left outer join
        sales_info_user salesinfou8_ 
            on stores0_.sales_info_user_id=salesinfou8_.id 
    where
        stores0_.id=?
]]></system-out>
  <system-err><![CDATA[]]></system-err>
</testsuite>
