<?xml version="1.0" encoding="UTF-8"?>
<testsuite name="com.betweenourclothes.domain.members.MembersRepositoryTest" tests="1" skipped="1" failures="0" errors="0" timestamp="2022-11-10T03:34:09" hostname="user" time="0.0">
  <properties/>
  <testcase name="멤버등록_불러오기" classname="com.betweenourclothes.domain.members.MembersRepositoryTest" time="0.0">
    <skipped/>
  </testcase>
  <system-out><![CDATA[2022-11-10 12:34:09.656  INFO 9968 --- [    Test worker] .b.t.c.SpringBootTestContextBootstrapper : Neither @ContextConfiguration nor @ContextHierarchy found for test class [com.betweenourclothes.domain.members.MembersRepositoryTest], using SpringBootContextLoader
2022-11-10 12:34:09.656  INFO 9968 --- [    Test worker] o.s.t.c.support.AbstractContextLoader    : Could not detect default resource locations for test class [com.betweenourclothes.domain.members.MembersRepositoryTest]: no resource found for suffixes {-context.xml, Context.groovy}.
2022-11-10 12:34:09.656  INFO 9968 --- [    Test worker] t.c.s.AnnotationConfigContextLoaderUtils : Could not detect default configuration classes for test class [com.betweenourclothes.domain.members.MembersRepositoryTest]: MembersRepositoryTest does not declare any static, non-private, non-final, nested classes annotated with @Configuration.
2022-11-10 12:34:09.665  INFO 9968 --- [    Test worker] .b.t.c.SpringBootTestContextBootstrapper : Found @SpringBootConfiguration com.betweenourclothes.Application for test class com.betweenourclothes.domain.members.MembersRepositoryTest
2022-11-10 12:34:09.666  INFO 9968 --- [    Test worker] .b.t.c.SpringBootTestContextBootstrapper : Loaded default TestExecutionListener class names from location [META-INF/spring.factories]: [org.springframework.security.test.context.support.WithSecurityContextTestExecutionListener, org.springframework.security.test.context.support.ReactorContextTestExecutionListener, org.springframework.boot.test.autoconfigure.restdocs.RestDocsTestExecutionListener, org.springframework.boot.test.autoconfigure.web.client.MockRestServiceServerResetTestExecutionListener, org.springframework.boot.test.autoconfigure.web.servlet.MockMvcPrintOnlyOnFailureTestExecutionListener, org.springframework.boot.test.autoconfigure.web.servlet.WebDriverTestExecutionListener, org.springframework.boot.test.mock.mockito.MockitoTestExecutionListener, org.springframework.boot.test.mock.mockito.ResetMocksTestExecutionListener, org.springframework.test.context.web.ServletTestExecutionListener, org.springframework.test.context.support.DirtiesContextBeforeModesTestExecutionListener, org.springframework.test.context.support.DependencyInjectionTestExecutionListener, org.springframework.test.context.support.DirtiesContextTestExecutionListener, org.springframework.test.context.transaction.TransactionalTestExecutionListener, org.springframework.test.context.jdbc.SqlScriptsTestExecutionListener]
2022-11-10 12:34:09.666  INFO 9968 --- [    Test worker] .b.t.c.SpringBootTestContextBootstrapper : Using TestExecutionListeners: [org.springframework.test.context.web.ServletTestExecutionListener@6aa41ef7, org.springframework.test.context.support.DirtiesContextBeforeModesTestExecutionListener@79b118ef, org.springframework.boot.test.mock.mockito.MockitoTestExecutionListener@2d7caa4c, org.springframework.boot.test.autoconfigure.SpringBootDependencyInjectionTestExecutionListener@45983b92, org.springframework.test.context.support.DirtiesContextTestExecutionListener@f01d670, org.springframework.test.context.transaction.TransactionalTestExecutionListener@7e86c11f, org.springframework.test.context.jdbc.SqlScriptsTestExecutionListener@36e03a49, org.springframework.security.test.context.support.WithSecurityContextTestExecutionListener@32a0c3ac, org.springframework.security.test.context.support.ReactorContextTestExecutionListener@331331de, org.springframework.boot.test.autoconfigure.restdocs.RestDocsTestExecutionListener@7b55909a, org.springframework.boot.test.autoconfigure.web.client.MockRestServiceServerResetTestExecutionListener@4cd0dfcb, org.springframework.boot.test.autoconfigure.web.servlet.MockMvcPrintOnlyOnFailureTestExecutionListener@78d9d85e, org.springframework.boot.test.autoconfigure.web.servlet.WebDriverTestExecutionListener@526e8b5a, org.springframework.boot.test.mock.mockito.ResetMocksTestExecutionListener@56810cd]
]]></system-out>
  <system-err><![CDATA[]]></system-err>
</testsuite>
