<?xml version="1.0" encoding="UTF-8"?>
<testsuite name="com.betweenourclothes.web.StoresApiControllerTest" tests="14" skipped="14" failures="0" errors="0" timestamp="2022-11-11T07:41:52" hostname="user" time="0.0">
  <properties/>
  <testcase name="중고거래_찜_등록과확인과취소" classname="com.betweenourclothes.web.StoresApiControllerTest" time="0.0">
    <skipped/>
  </testcase>
  <testcase name="중고거래_판매상태업데이트" classname="com.betweenourclothes.web.StoresApiControllerTest" time="0.0">
    <skipped/>
  </testcase>
  <testcase name="중고거래_게시글삭제" classname="com.betweenourclothes.web.StoresApiControllerTest" time="0.0">
    <skipped/>
  </testcase>
  <testcase name="중고거래_게시글수정" classname="com.betweenourclothes.web.StoresApiControllerTest" time="0.0">
    <skipped/>
  </testcase>
  <testcase name="중고거래_큰카테고리조회" classname="com.betweenourclothes.web.StoresApiControllerTest" time="0.0">
    <skipped/>
  </testcase>
  <testcase name="로그인" classname="com.betweenourclothes.web.StoresApiControllerTest" time="0.0">
    <skipped/>
  </testcase>
  <testcase name="중고거래_테스트데이터등록" classname="com.betweenourclothes.web.StoresApiControllerTest" time="0.0">
    <skipped/>
  </testcase>
  <testcase name="중고거래_테스트데이터추가" classname="com.betweenourclothes.web.StoresApiControllerTest" time="0.0">
    <skipped/>
  </testcase>
  <testcase name="중고거래_검색" classname="com.betweenourclothes.web.StoresApiControllerTest" time="0.0">
    <skipped/>
  </testcase>
  <testcase name="중고거래_댓글추가_확인" classname="com.betweenourclothes.web.StoresApiControllerTest" time="0.0">
    <skipped/>
  </testcase>
  <testcase name="중고거래_게시글id로불러오기" classname="com.betweenourclothes.web.StoresApiControllerTest" time="0.0">
    <skipped/>
  </testcase>
  <testcase name="중고거래_옷카테고리전부" classname="com.betweenourclothes.web.StoresApiControllerTest" time="0.0">
    <skipped/>
  </testcase>
  <testcase name="중고거래_작은카테고리조회" classname="com.betweenourclothes.web.StoresApiControllerTest" time="0.0">
    <skipped/>
  </testcase>
  <testcase name="중고거래_썸네일불러오기" classname="com.betweenourclothes.web.StoresApiControllerTest" time="0.0">
    <skipped/>
  </testcase>
  <system-out><![CDATA[2022-11-11 16:41:52.693  INFO 18340 --- [    Test worker] .b.t.c.SpringBootTestContextBootstrapper : Neither @ContextConfiguration nor @ContextHierarchy found for test class [com.betweenourclothes.web.StoresApiControllerTest], using SpringBootContextLoader
2022-11-11 16:41:52.694  INFO 18340 --- [    Test worker] o.s.t.c.support.AbstractContextLoader    : Could not detect default resource locations for test class [com.betweenourclothes.web.StoresApiControllerTest]: no resource found for suffixes {-context.xml, Context.groovy}.
2022-11-11 16:41:52.694  INFO 18340 --- [    Test worker] t.c.s.AnnotationConfigContextLoaderUtils : Could not detect default configuration classes for test class [com.betweenourclothes.web.StoresApiControllerTest]: StoresApiControllerTest does not declare any static, non-private, non-final, nested classes annotated with @Configuration.
2022-11-11 16:41:52.695  INFO 18340 --- [    Test worker] .b.t.c.SpringBootTestContextBootstrapper : Found @SpringBootConfiguration com.betweenourclothes.Application for test class com.betweenourclothes.web.StoresApiControllerTest
2022-11-11 16:41:52.695  INFO 18340 --- [    Test worker] .b.t.c.SpringBootTestContextBootstrapper : Loaded default TestExecutionListener class names from location [META-INF/spring.factories]: [org.springframework.security.test.context.support.WithSecurityContextTestExecutionListener, org.springframework.security.test.context.support.ReactorContextTestExecutionListener, org.springframework.boot.test.autoconfigure.restdocs.RestDocsTestExecutionListener, org.springframework.boot.test.autoconfigure.web.client.MockRestServiceServerResetTestExecutionListener, org.springframework.boot.test.autoconfigure.web.servlet.MockMvcPrintOnlyOnFailureTestExecutionListener, org.springframework.boot.test.autoconfigure.web.servlet.WebDriverTestExecutionListener, org.springframework.boot.test.mock.mockito.MockitoTestExecutionListener, org.springframework.boot.test.mock.mockito.ResetMocksTestExecutionListener, org.springframework.test.context.web.ServletTestExecutionListener, org.springframework.test.context.support.DirtiesContextBeforeModesTestExecutionListener, org.springframework.test.context.support.DependencyInjectionTestExecutionListener, org.springframework.test.context.support.DirtiesContextTestExecutionListener, org.springframework.test.context.transaction.TransactionalTestExecutionListener, org.springframework.test.context.jdbc.SqlScriptsTestExecutionListener]
2022-11-11 16:41:52.696  INFO 18340 --- [    Test worker] .b.t.c.SpringBootTestContextBootstrapper : Using TestExecutionListeners: [org.springframework.test.context.web.ServletTestExecutionListener@152d868, org.springframework.test.context.support.DirtiesContextBeforeModesTestExecutionListener@268c14f5, org.springframework.boot.test.mock.mockito.MockitoTestExecutionListener@3498a169, org.springframework.boot.test.autoconfigure.SpringBootDependencyInjectionTestExecutionListener@614a247b, org.springframework.test.context.support.DirtiesContextTestExecutionListener@76cc31a2, org.springframework.test.context.transaction.TransactionalTestExecutionListener@3021b832, org.springframework.test.context.jdbc.SqlScriptsTestExecutionListener@4143c4b6, org.springframework.security.test.context.support.WithSecurityContextTestExecutionListener@719a4919, org.springframework.security.test.context.support.ReactorContextTestExecutionListener@664c27a9, org.springframework.boot.test.autoconfigure.restdocs.RestDocsTestExecutionListener@5b91f37a, org.springframework.boot.test.autoconfigure.web.client.MockRestServiceServerResetTestExecutionListener@428faca, org.springframework.boot.test.autoconfigure.web.servlet.MockMvcPrintOnlyOnFailureTestExecutionListener@2759a9d7, org.springframework.boot.test.autoconfigure.web.servlet.WebDriverTestExecutionListener@20afa3fa, org.springframework.boot.test.mock.mockito.ResetMocksTestExecutionListener@74f18eb6]
]]></system-out>
  <system-err><![CDATA[]]></system-err>
</testsuite>
