<?xml version="1.0" encoding="UTF-8"?>
<testsuite name="com.betweenourclothes.web.AuthApiControllerTest" tests="5" skipped="4" failures="0" errors="0" timestamp="2022-11-30T02:06:44" hostname="user" time="17.532">
  <properties/>
  <testcase name="이메일_중복체크" classname="com.betweenourclothes.web.AuthApiControllerTest" time="0.0">
    <skipped/>
  </testcase>
  <testcase name="회원가입_로그인" classname="com.betweenourclothes.web.AuthApiControllerTest" time="8.751"/>
  <testcase name="로그인_토큰재발급" classname="com.betweenourclothes.web.AuthApiControllerTest" time="0.0">
    <skipped/>
  </testcase>
  <testcase name="로그인_토큰전송" classname="com.betweenourclothes.web.AuthApiControllerTest" time="0.0">
    <skipped/>
  </testcase>
  <testcase name="이메일_utf8" classname="com.betweenourclothes.web.AuthApiControllerTest" time="0.0">
    <skipped/>
  </testcase>
  <system-out><![CDATA[11:06:44.474 [Test worker] DEBUG org.springframework.test.context.junit4.SpringJUnit4ClassRunner - SpringJUnit4ClassRunner constructor called with [class com.betweenourclothes.web.AuthApiControllerTest]
11:06:44.474 [Test worker] DEBUG org.springframework.test.context.BootstrapUtils - Instantiating CacheAwareContextLoaderDelegate from class [org.springframework.test.context.cache.DefaultCacheAwareContextLoaderDelegate]
11:06:44.474 [Test worker] DEBUG org.springframework.test.context.BootstrapUtils - Instantiating BootstrapContext using constructor [public org.springframework.test.context.support.DefaultBootstrapContext(java.lang.Class,org.springframework.test.context.CacheAwareContextLoaderDelegate)]
11:06:44.475 [Test worker] DEBUG org.springframework.test.context.BootstrapUtils - Instantiating TestContextBootstrapper for test class [com.betweenourclothes.web.AuthApiControllerTest] from class [org.springframework.boot.test.context.SpringBootTestContextBootstrapper]
11:06:44.475 [Test worker] INFO org.springframework.boot.test.context.SpringBootTestContextBootstrapper - Neither @ContextConfiguration nor @ContextHierarchy found for test class [com.betweenourclothes.web.AuthApiControllerTest], using SpringBootContextLoader
11:06:44.476 [Test worker] DEBUG org.springframework.test.context.support.AbstractContextLoader - Did not detect default resource location for test class [com.betweenourclothes.web.AuthApiControllerTest]: class path resource [com/betweenourclothes/web/AuthApiControllerTest-context.xml] does not exist
11:06:44.476 [Test worker] DEBUG org.springframework.test.context.support.AbstractContextLoader - Did not detect default resource location for test class [com.betweenourclothes.web.AuthApiControllerTest]: class path resource [com/betweenourclothes/web/AuthApiControllerTestContext.groovy] does not exist
11:06:44.476 [Test worker] INFO org.springframework.test.context.support.AbstractContextLoader - Could not detect default resource locations for test class [com.betweenourclothes.web.AuthApiControllerTest]: no resource found for suffixes {-context.xml, Context.groovy}.
11:06:44.477 [Test worker] INFO org.springframework.test.context.support.AnnotationConfigContextLoaderUtils - Could not detect default configuration classes for test class [com.betweenourclothes.web.AuthApiControllerTest]: AuthApiControllerTest does not declare any static, non-private, non-final, nested classes annotated with @Configuration.
11:06:44.479 [Test worker] DEBUG org.springframework.test.context.support.ActiveProfilesUtils - Could not find an 'annotation declaring class' for annotation type [org.springframework.test.context.ActiveProfiles] and class [com.betweenourclothes.web.AuthApiControllerTest]
11:06:44.516 [Test worker] DEBUG org.springframework.context.annotation.ClassPathScanningCandidateComponentProvider - Identified candidate component class: file [C:\Users\user1\Desktop\송아\캡스톤\repo\between-our-clothes-server\build\classes\java\main\com\betweenourclothes\Application.class]
11:06:44.517 [Test worker] INFO org.springframework.boot.test.context.SpringBootTestContextBootstrapper - Found @SpringBootConfiguration com.betweenourclothes.Application for test class com.betweenourclothes.web.AuthApiControllerTest
11:06:44.518 [Test worker] DEBUG org.springframework.boot.test.context.SpringBootTestContextBootstrapper - @TestExecutionListeners is not present for class [com.betweenourclothes.web.AuthApiControllerTest]: using defaults.
11:06:44.518 [Test worker] INFO org.springframework.boot.test.context.SpringBootTestContextBootstrapper - Loaded default TestExecutionListener class names from location [META-INF/spring.factories]: [org.springframework.security.test.context.support.WithSecurityContextTestExecutionListener, org.springframework.security.test.context.support.ReactorContextTestExecutionListener, org.springframework.boot.test.autoconfigure.restdocs.RestDocsTestExecutionListener, org.springframework.boot.test.autoconfigure.web.client.MockRestServiceServerResetTestExecutionListener, org.springframework.boot.test.autoconfigure.web.servlet.MockMvcPrintOnlyOnFailureTestExecutionListener, org.springframework.boot.test.autoconfigure.web.servlet.WebDriverTestExecutionListener, org.springframework.boot.test.mock.mockito.MockitoTestExecutionListener, org.springframework.boot.test.mock.mockito.ResetMocksTestExecutionListener, org.springframework.test.context.web.ServletTestExecutionListener, org.springframework.test.context.support.DirtiesContextBeforeModesTestExecutionListener, org.springframework.test.context.support.DependencyInjectionTestExecutionListener, org.springframework.test.context.support.DirtiesContextTestExecutionListener, org.springframework.test.context.transaction.TransactionalTestExecutionListener, org.springframework.test.context.jdbc.SqlScriptsTestExecutionListener]
11:06:44.518 [Test worker] INFO org.springframework.boot.test.context.SpringBootTestContextBootstrapper - Using TestExecutionListeners: [org.springframework.test.context.web.ServletTestExecutionListener@19e2a6b1, org.springframework.test.context.support.DirtiesContextBeforeModesTestExecutionListener@3fc58e98, org.springframework.boot.test.mock.mockito.MockitoTestExecutionListener@608520c9, org.springframework.boot.test.autoconfigure.SpringBootDependencyInjectionTestExecutionListener@488eecb0, org.springframework.test.context.support.DirtiesContextTestExecutionListener@44d51c3e, org.springframework.test.context.transaction.TransactionalTestExecutionListener@57f7fb72, org.springframework.test.context.jdbc.SqlScriptsTestExecutionListener@1e3d1a2d, org.springframework.security.test.context.support.WithSecurityContextTestExecutionListener@21e99e36, org.springframework.security.test.context.support.ReactorContextTestExecutionListener@4db142d9, org.springframework.boot.test.autoconfigure.restdocs.RestDocsTestExecutionListener@25750c76, org.springframework.boot.test.autoconfigure.web.client.MockRestServiceServerResetTestExecutionListener@536f8687, org.springframework.boot.test.autoconfigure.web.servlet.MockMvcPrintOnlyOnFailureTestExecutionListener@3e1abaf2, org.springframework.boot.test.autoconfigure.web.servlet.WebDriverTestExecutionListener@797a9062, org.springframework.boot.test.mock.mockito.ResetMocksTestExecutionListener@74612587]
11:06:44.518 [Test worker] DEBUG org.springframework.test.annotation.ProfileValueUtils - Retrieved @ProfileValueSourceConfiguration [null] for test class [com.betweenourclothes.web.AuthApiControllerTest]
11:06:44.518 [Test worker] DEBUG org.springframework.test.annotation.ProfileValueUtils - Retrieved ProfileValueSource type [class org.springframework.test.annotation.SystemProfileValueSource] for class [com.betweenourclothes.web.AuthApiControllerTest]
11:06:44.519 [Test worker] DEBUG org.springframework.test.annotation.ProfileValueUtils - Retrieved @ProfileValueSourceConfiguration [null] for test class [com.betweenourclothes.web.AuthApiControllerTest]
11:06:44.519 [Test worker] DEBUG org.springframework.test.annotation.ProfileValueUtils - Retrieved ProfileValueSource type [class org.springframework.test.annotation.SystemProfileValueSource] for class [com.betweenourclothes.web.AuthApiControllerTest]
11:06:44.524 [Test worker] DEBUG org.springframework.test.context.support.AbstractDirtiesContextTestExecutionListener - Before test class: context [DefaultTestContext@333b4e51 testClass = AuthApiControllerTest, testInstance = [null], testMethod = [null], testException = [null], mergedContextConfiguration = [WebMergedContextConfiguration@79df9444 testClass = AuthApiControllerTest, locations = '{}', classes = '{class com.betweenourclothes.Application}', contextInitializerClasses = '[]', activeProfiles = '{}', propertySourceLocations = '{}', propertySourceProperties = '{org.springframework.boot.test.context.SpringBootTestContextBootstrapper=true, server.port=0}', contextCustomizers = set[org.springframework.boot.test.autoconfigure.properties.PropertyMappingContextCustomizer@0, org.springframework.boot.test.autoconfigure.web.servlet.WebDriverContextCustomizerFactory$Customizer@49e5674, org.springframework.boot.test.context.filter.ExcludeFilterContextCustomizer@4a1e8e25, org.springframework.boot.test.json.DuplicateJsonObjectContextCustomizerFactory$DuplicateJsonObjectContextCustomizer@746cc05b, org.springframework.boot.test.mock.mockito.MockitoContextCustomizer@0, org.springframework.boot.test.web.client.TestRestTemplateContextCustomizer@5c469a75], resourceBasePath = 'src/main/webapp', contextLoader = 'org.springframework.boot.test.context.SpringBootContextLoader', parent = [null]], attributes = map['org.springframework.test.context.web.ServletTestExecutionListener.activateListener' -> false]], class annotated with @DirtiesContext [false] with mode [null].
11:06:44.525 [Test worker] DEBUG org.springframework.test.annotation.ProfileValueUtils - Retrieved @ProfileValueSourceConfiguration [null] for test class [com.betweenourclothes.web.AuthApiControllerTest]
11:06:44.525 [Test worker] DEBUG org.springframework.test.annotation.ProfileValueUtils - Retrieved ProfileValueSource type [class org.springframework.test.annotation.SystemProfileValueSource] for class [com.betweenourclothes.web.AuthApiControllerTest]
11:06:44.528 [Test worker] DEBUG org.springframework.test.context.support.DependencyInjectionTestExecutionListener - Performing dependency injection for test context [[DefaultTestContext@333b4e51 testClass = AuthApiControllerTest, testInstance = com.betweenourclothes.web.AuthApiControllerTest@2ea3c4e4, testMethod = [null], testException = [null], mergedContextConfiguration = [WebMergedContextConfiguration@79df9444 testClass = AuthApiControllerTest, locations = '{}', classes = '{class com.betweenourclothes.Application}', contextInitializerClasses = '[]', activeProfiles = '{}', propertySourceLocations = '{}', propertySourceProperties = '{org.springframework.boot.test.context.SpringBootTestContextBootstrapper=true, server.port=0}', contextCustomizers = set[org.springframework.boot.test.autoconfigure.properties.PropertyMappingContextCustomizer@0, org.springframework.boot.test.autoconfigure.web.servlet.WebDriverContextCustomizerFactory$Customizer@49e5674, org.springframework.boot.test.context.filter.ExcludeFilterContextCustomizer@4a1e8e25, org.springframework.boot.test.json.DuplicateJsonObjectContextCustomizerFactory$DuplicateJsonObjectContextCustomizer@746cc05b, org.springframework.boot.test.mock.mockito.MockitoContextCustomizer@0, org.springframework.boot.test.web.client.TestRestTemplateContextCustomizer@5c469a75], resourceBasePath = 'src/main/webapp', contextLoader = 'org.springframework.boot.test.context.SpringBootContextLoader', parent = [null]], attributes = map['org.springframework.test.context.web.ServletTestExecutionListener.activateListener' -> false]]].
11:06:44.543 [Test worker] DEBUG org.springframework.test.context.support.TestPropertySourceUtils - Adding inlined properties to environment: {spring.jmx.enabled=false, org.springframework.boot.test.context.SpringBootTestContextBootstrapper=true, server.port=0}

  .   ____          _            __ _ _
 /\\ / ___'_ __ _ _(_)_ __  __ _ \ \ \ \
( ( )\___ | '_ | '_| | '_ \/ _` | \ \ \ \
 \\/  ___)| |_)| | | | | || (_| |  ) ) ) )
  '  |____| .__|_| |_|_| |_\__, | / / / /
 =========|_|==============|___/=/_/_/_/
 :: Spring Boot ::        (v2.1.7.RELEASE)

2022-11-30 11:06:44.801  INFO 4940 --- [    Test worker] c.b.web.AuthApiControllerTest            : Starting AuthApiControllerTest on user with PID 4940 (started by user1 in C:\Users\user1\Desktop\송아\캡스톤\repo\between-our-clothes-server)
2022-11-30 11:06:44.802  INFO 4940 --- [    Test worker] c.b.web.AuthApiControllerTest            : No active profile set, falling back to default profiles: default
2022-11-30 11:06:45.588  INFO 4940 --- [    Test worker] .s.d.r.c.RepositoryConfigurationDelegate : Multiple Spring Data modules found, entering strict repository configuration mode!
2022-11-30 11:06:45.588  INFO 4940 --- [    Test worker] .s.d.r.c.RepositoryConfigurationDelegate : Bootstrapping Spring Data repositories in DEFAULT mode.
2022-11-30 11:06:45.615  INFO 4940 --- [    Test worker] .s.d.r.c.RepositoryConfigurationDelegate : Finished Spring Data repository scanning in 8ms. Found 0 repository interfaces.
2022-11-30 11:06:45.778  INFO 4940 --- [    Test worker] .s.d.r.c.RepositoryConfigurationDelegate : Multiple Spring Data modules found, entering strict repository configuration mode!
2022-11-30 11:06:45.779  INFO 4940 --- [    Test worker] .s.d.r.c.RepositoryConfigurationDelegate : Bootstrapping Spring Data repositories in DEFAULT mode.
2022-11-30 11:06:45.836  INFO 4940 --- [    Test worker] .RepositoryConfigurationExtensionSupport : Spring Data JPA - Could not safely identify store assignment for repository candidate interface com.betweenourclothes.domain.auth.AuthenticationRedisRepository.
2022-11-30 11:06:45.947  INFO 4940 --- [    Test worker] .RepositoryConfigurationExtensionSupport : Spring Data JPA - Could not safely identify store assignment for repository candidate interface com.betweenourclothes.domain.main.repository.RecommRedisRepository.
2022-11-30 11:06:45.991  INFO 4940 --- [    Test worker] .s.d.r.c.RepositoryConfigurationDelegate : Finished Spring Data repository scanning in 208ms. Found 13 repository interfaces.
2022-11-30 11:06:45.995  INFO 4940 --- [    Test worker] .s.d.r.c.RepositoryConfigurationDelegate : Multiple Spring Data modules found, entering strict repository configuration mode!
2022-11-30 11:06:45.995  INFO 4940 --- [    Test worker] .s.d.r.c.RepositoryConfigurationDelegate : Bootstrapping Spring Data repositories in DEFAULT mode.
2022-11-30 11:06:46.010  INFO 4940 --- [    Test worker] .RepositoryConfigurationExtensionSupport : Spring Data Redis - Could not safely identify store assignment for repository candidate interface com.betweenourclothes.domain.closets.repository.ClosetsRepository.
2022-11-30 11:06:46.010  INFO 4940 --- [    Test worker] .RepositoryConfigurationExtensionSupport : Spring Data Redis - Could not safely identify store assignment for repository candidate interface com.betweenourclothes.domain.clothes.repository.ClothesImageRepository.
2022-11-30 11:06:46.011  INFO 4940 --- [    Test worker] .RepositoryConfigurationExtensionSupport : Spring Data Redis - Could not safely identify store assignment for repository candidate interface com.betweenourclothes.domain.clothes.repository.ClothesInfoRepository.
2022-11-30 11:06:46.011  INFO 4940 --- [    Test worker] .RepositoryConfigurationExtensionSupport : Spring Data Redis - Could not safely identify store assignment for repository candidate interface com.betweenourclothes.domain.clothes.repository.ColorsRepository.
2022-11-30 11:06:46.011  INFO 4940 --- [    Test worker] .RepositoryConfigurationExtensionSupport : Spring Data Redis - Could not safely identify store assignment for repository candidate interface com.betweenourclothes.domain.clothes.repository.MaterialsRepository.
2022-11-30 11:06:46.012  INFO 4940 --- [    Test worker] .RepositoryConfigurationExtensionSupport : Spring Data Redis - Could not safely identify store assignment for repository candidate interface com.betweenourclothes.domain.clothes.repository.StyleRepository.
2022-11-30 11:06:46.012  INFO 4940 --- [    Test worker] .RepositoryConfigurationExtensionSupport : Spring Data Redis - Could not safely identify store assignment for repository candidate interface com.betweenourclothes.domain.members.repository.MembersLikeStoresPostRepository.
2022-11-30 11:06:46.013  INFO 4940 --- [    Test worker] .RepositoryConfigurationExtensionSupport : Spring Data Redis - Could not safely identify store assignment for repository candidate interface com.betweenourclothes.domain.members.repository.MembersRepository.
2022-11-30 11:06:46.013  INFO 4940 --- [    Test worker] .RepositoryConfigurationExtensionSupport : Spring Data Redis - Could not safely identify store assignment for repository candidate interface com.betweenourclothes.domain.stores.repository.SalesInfoClothesRepository.
2022-11-30 11:06:46.013  INFO 4940 --- [    Test worker] .RepositoryConfigurationExtensionSupport : Spring Data Redis - Could not safely identify store assignment for repository candidate interface com.betweenourclothes.domain.stores.repository.SalesInfoStatusRepository.
2022-11-30 11:06:46.013  INFO 4940 --- [    Test worker] .RepositoryConfigurationExtensionSupport : Spring Data Redis - Could not safely identify store assignment for repository candidate interface com.betweenourclothes.domain.stores.repository.SalesInfoUserRepository.
2022-11-30 11:06:46.013  INFO 4940 --- [    Test worker] .RepositoryConfigurationExtensionSupport : Spring Data Redis - Could not safely identify store assignment for repository candidate interface com.betweenourclothes.domain.stores.repository.StoresCommentsRepository.
2022-11-30 11:06:46.013  INFO 4940 --- [    Test worker] .RepositoryConfigurationExtensionSupport : Spring Data Redis - Could not safely identify store assignment for repository candidate interface com.betweenourclothes.domain.stores.repository.StoresRepository.
2022-11-30 11:06:46.022  INFO 4940 --- [    Test worker] .s.d.r.c.RepositoryConfigurationDelegate : Finished Spring Data repository scanning in 27ms. Found 2 repository interfaces.
2022-11-30 11:06:46.477  INFO 4940 --- [    Test worker] trationDelegate$BeanPostProcessorChecker : Bean 'org.springframework.transaction.annotation.ProxyTransactionManagementConfiguration' of type [org.springframework.transaction.annotation.ProxyTransactionManagementConfiguration$$EnhancerBySpringCGLIB$$dd5f9b35] is not eligible for getting processed by all BeanPostProcessors (for example: not eligible for auto-proxying)
2022-11-30 11:06:46.807  INFO 4940 --- [    Test worker] o.s.b.w.embedded.tomcat.TomcatWebServer  : Tomcat initialized with port(s): 0 (http)
2022-11-30 11:06:46.836  INFO 4940 --- [    Test worker] o.apache.catalina.core.StandardService   : Starting service [Tomcat]
2022-11-30 11:06:46.836  INFO 4940 --- [    Test worker] org.apache.catalina.core.StandardEngine  : Starting Servlet engine: [Apache Tomcat/9.0.22]
2022-11-30 11:06:46.982  INFO 4940 --- [    Test worker] o.a.c.c.C.[Tomcat].[localhost].[/]       : Initializing Spring embedded WebApplicationContext
2022-11-30 11:06:46.982  INFO 4940 --- [    Test worker] o.s.web.context.ContextLoader            : Root WebApplicationContext: initialization completed in 2168 ms
2022-11-30 11:06:47.272  INFO 4940 --- [    Test worker] com.zaxxer.hikari.HikariDataSource       : HikariPool-1 - Starting...
2022-11-30 11:06:47.772  INFO 4940 --- [    Test worker] com.zaxxer.hikari.HikariDataSource       : HikariPool-1 - Start completed.
2022-11-30 11:06:47.861  INFO 4940 --- [    Test worker] o.hibernate.jpa.internal.util.LogHelper  : HHH000204: Processing PersistenceUnitInfo [
	name: default
	...]
2022-11-30 11:06:47.972  INFO 4940 --- [    Test worker] org.hibernate.Version                    : HHH000412: Hibernate Core {5.3.10.Final}
2022-11-30 11:06:47.973  INFO 4940 --- [    Test worker] org.hibernate.cfg.Environment            : HHH000206: hibernate.properties not found
2022-11-30 11:06:48.228  INFO 4940 --- [    Test worker] o.hibernate.annotations.common.Version   : HCANN000001: Hibernate Commons Annotations {5.0.4.Final}
2022-11-30 11:06:48.412  INFO 4940 --- [    Test worker] org.hibernate.dialect.Dialect            : HHH000400: Using dialect: org.hibernate.dialect.MySQL5InnoDBDialect
2022-11-30 11:06:50.089  INFO 4940 --- [    Test worker] j.LocalContainerEntityManagerFactoryBean : Initialized JPA EntityManagerFactory for persistence unit 'default'
2022-11-30 11:06:51.404  INFO 4940 --- [    Test worker] o.h.h.i.QueryTranslatorFactoryInitiator  : HHH000397: Using ASTQueryTranslatorFactory
2022-11-30 11:06:51.821  WARN 4940 --- [    Test worker] aWebConfiguration$JpaWebMvcConfiguration : spring.jpa.open-in-view is enabled by default. Therefore, database queries may be performed during view rendering. Explicitly configure spring.jpa.open-in-view to disable this warning
2022-11-30 11:06:52.175  INFO 4940 --- [    Test worker] o.s.s.web.DefaultSecurityFilterChain     : Creating filter chain: org.springframework.boot.autoconfigure.security.servlet.StaticResourceRequest$StaticResourceRequestMatcher@78d4e468, []
2022-11-30 11:06:52.253  INFO 4940 --- [    Test worker] o.s.s.web.DefaultSecurityFilterChain     : Creating filter chain: any request, [org.springframework.security.web.context.request.async.WebAsyncManagerIntegrationFilter@6c1376a8, org.springframework.security.web.context.SecurityContextPersistenceFilter@32a12b09, org.springframework.security.web.header.HeaderWriterFilter@58d103fc, org.springframework.security.web.authentication.logout.LogoutFilter@57c259a5, com.betweenourclothes.jwt.JwtAuthenticationFilter@590174a5, org.springframework.security.web.savedrequest.RequestCacheAwareFilter@3bd0186, org.springframework.security.web.servletapi.SecurityContextHolderAwareRequestFilter@6213417c, org.springframework.security.web.authentication.AnonymousAuthenticationFilter@6bfa43, org.springframework.security.web.session.SessionManagementFilter@3b65b6cb, org.springframework.security.web.access.ExceptionTranslationFilter@1b346de3, org.springframework.security.web.access.intercept.FilterSecurityInterceptor@5c6221d]
2022-11-30 11:06:52.299  INFO 4940 --- [    Test worker] pertySourcedRequestMappingHandlerMapping : Mapped URL path [/v2/api-docs] onto method [public org.springframework.http.ResponseEntity<springfox.documentation.spring.web.json.Json> springfox.documentation.swagger2.web.Swagger2Controller.getDocumentation(java.lang.String,javax.servlet.http.HttpServletRequest)]
2022-11-30 11:06:52.533  INFO 4940 --- [    Test worker] o.s.s.concurrent.ThreadPoolTaskExecutor  : Initializing ExecutorService 'applicationTaskExecutor'
2022-11-30 11:06:52.899  INFO 4940 --- [    Test worker] d.s.w.p.DocumentationPluginsBootstrapper : Context refreshed
2022-11-30 11:06:52.935  INFO 4940 --- [    Test worker] d.s.w.p.DocumentationPluginsBootstrapper : Found 1 custom documentation plugin(s)
2022-11-30 11:06:52.976  INFO 4940 --- [    Test worker] s.d.s.w.s.ApiListingReferenceScanner     : Scanning for api listing references
2022-11-30 11:06:53.207  INFO 4940 --- [    Test worker] .d.s.w.r.o.CachingOperationNameGenerator : Generating unique operation named: deleteUsingDELETE_1
2022-11-30 11:06:53.229  INFO 4940 --- [    Test worker] .d.s.w.r.o.CachingOperationNameGenerator : Generating unique operation named: findPostByIdUsingGET_1
2022-11-30 11:06:53.235  INFO 4940 --- [    Test worker] .d.s.w.r.o.CachingOperationNameGenerator : Generating unique operation named: findPostsByAllCategoryUsingPOST_1
2022-11-30 11:06:53.256  INFO 4940 --- [    Test worker] .d.s.w.r.o.CachingOperationNameGenerator : Generating unique operation named: postUsingPOST_1
2022-11-30 11:06:53.258  INFO 4940 --- [    Test worker] .d.s.w.r.o.CachingOperationNameGenerator : Generating unique operation named: updateUsingPUT_1
2022-11-30 11:06:53.293  INFO 4940 --- [    Test worker] o.s.b.w.embedded.tomcat.TomcatWebServer  : Tomcat started on port(s): 60648 (http) with context path ''
2022-11-30 11:06:53.295  INFO 4940 --- [    Test worker] c.b.web.AuthApiControllerTest            : Started AuthApiControllerTest in 8.751 seconds (JVM running for 9.623)
Hibernate: 
    select
        members0_.id as id1_5_,
        members0_.email as email2_5_,
        members0_.image as image3_5_,
        members0_.name as name4_5_,
        members0_.nickname as nickname5_5_,
        members0_.password as password6_5_,
        members0_.phone as phone7_5_,
        members0_.refresh_token as refresh_8_5_,
        members0_.role as role9_5_ 
    from
        members members0_
Hibernate: 
    select
        closetspos0_.author_id as author_i4_0_0_,
        closetspos0_.id as id1_0_0_,
        closetspos0_.id as id1_0_1_,
        closetspos0_.created_date as created_2_0_1_,
        closetspos0_.modified_date as modified3_0_1_,
        closetspos0_.author_id as author_i4_0_1_,
        closetspos0_.clothes_info_id as clothes_5_0_1_,
        closetspos0_.colors_name as colors_n6_0_1_,
        closetspos0_.materials_name as material7_0_1_,
        closetspos0_.style_name as style_na8_0_1_,
        clothesinf1_.id as id1_1_2_,
        clothesinf1_.categoryl as category2_1_2_,
        clothesinf1_.categorys as category3_1_2_,
        clothesinf1_.fit as fit4_1_2_,
        clothesinf1_.length as length5_1_2_,
        colors2_.id as id1_3_3_,
        colors2_.name as name2_3_3_,
        materials3_.id as id1_4_4_,
        materials3_.name as name2_4_4_,
        style4_.id as id1_12_5_,
        style4_.name as name2_12_5_ 
    from
        closets closetspos0_ 
    left outer join
        clothes_info clothesinf1_ 
            on closetspos0_.clothes_info_id=clothesinf1_.id 
    left outer join
        colors colors2_ 
            on closetspos0_.colors_name=colors2_.name 
    left outer join
        materials materials3_ 
            on closetspos0_.materials_name=materials3_.name 
    left outer join
        style style4_ 
            on closetspos0_.style_name=style4_.name 
    where
        closetspos0_.author_id=?
Hibernate: 
    select
        storescomm0_.user_id as user_id5_11_0_,
        storescomm0_.id as id1_11_0_,
        storescomm0_.id as id1_11_1_,
        storescomm0_.created_date as created_2_11_1_,
        storescomm0_.modified_date as modified3_11_1_,
        storescomm0_.content as content4_11_1_,
        storescomm0_.user_id as user_id5_11_1_,
        storescomm0_.post_id as post_id6_11_1_,
        stores1_.id as id1_10_2_,
        stores1_.created_date as created_2_10_2_,
        stores1_.modified_date as modified3_10_2_,
        stores1_.author_id as author_i9_10_2_,
        stores1_.clothes_info_id as clothes10_10_2_,
        stores1_.colors_name as colors_11_10_2_,
        stores1_.materials_name as materia12_10_2_,
        stores1_.style_name as style_n13_10_2_,
        stores1_.clothes_length as clothes_4_10_2_,
        stores1_.content as content5_10_2_,
        stores1_.price as price6_10_2_,
        stores1_.sales_info_clothes_id as sales_i14_10_2_,
        stores1_.sales_info_status_id as sales_i15_10_2_,
        stores1_.sales_info_user_id as sales_i16_10_2_,
        stores1_.status as status7_10_2_,
        stores1_.title as title8_10_2_,
        members2_.id as id1_5_3_,
        members2_.email as email2_5_3_,
        members2_.image as image3_5_3_,
        members2_.name as name4_5_3_,
        members2_.nickname as nickname5_5_3_,
        members2_.password as password6_5_3_,
        members2_.phone as phone7_5_3_,
        members2_.refresh_token as refresh_8_5_3_,
        members2_.role as role9_5_3_,
        clothesinf3_.id as id1_1_4_,
        clothesinf3_.categoryl as category2_1_4_,
        clothesinf3_.categorys as category3_1_4_,
        clothesinf3_.fit as fit4_1_4_,
        clothesinf3_.length as length5_1_4_,
        colors4_.id as id1_3_5_,
        colors4_.name as name2_3_5_,
        materials5_.id as id1_4_6_,
        materials5_.name as name2_4_6_,
        style6_.id as id1_12_7_,
        style6_.name as name2_12_7_,
        salesinfoc7_.id as id1_7_8_,
        salesinfoc7_.clothes_brand as clothes_2_7_8_,
        salesinfoc7_.clothes_color as clothes_3_7_8_,
        salesinfoc7_.clothes_gender as clothes_4_7_8_,
        salesinfoc7_.clothes_size as clothes_5_7_8_,
        salesinfos8_.id as id1_8_9_,
        salesinfos8_.status_score as status_s2_8_9_,
        salesinfos8_.status_tag as status_t3_8_9_,
        salesinfos8_.status_times as status_t4_8_9_,
        salesinfos8_.status_when2buy as status_w5_8_9_,
        salesinfos8_.transport as transpor6_8_9_,
        salesinfou9_.id as id1_9_10_,
        salesinfou9_.user_height as user_hei2_9_10_,
        salesinfou9_.user_size as user_siz3_9_10_,
        salesinfou9_.user_weight as user_wei4_9_10_ 
    from
        stores_comments storescomm0_ 
    left outer join
        stores stores1_ 
            on storescomm0_.post_id=stores1_.id 
    left outer join
        members members2_ 
            on stores1_.author_id=members2_.id 
    left outer join
        clothes_info clothesinf3_ 
            on stores1_.clothes_info_id=clothesinf3_.id 
    left outer join
        colors colors4_ 
            on stores1_.colors_name=colors4_.name 
    left outer join
        materials materials5_ 
            on stores1_.materials_name=materials5_.name 
    left outer join
        style style6_ 
            on stores1_.style_name=style6_.name 
    left outer join
        sales_info_clothes salesinfoc7_ 
            on stores1_.sales_info_clothes_id=salesinfoc7_.id 
    left outer join
        sales_info_status salesinfos8_ 
            on stores1_.sales_info_status_id=salesinfos8_.id 
    left outer join
        sales_info_user salesinfou9_ 
            on stores1_.sales_info_user_id=salesinfou9_.id 
    where
        storescomm0_.user_id=?
Hibernate: 
    select
        storeslike0_.user_id as user_id3_6_0_,
        storeslike0_.id as id1_6_0_,
        storeslike0_.id as id1_6_1_,
        storeslike0_.store_id as store_id2_6_1_,
        storeslike0_.user_id as user_id3_6_1_,
        stores1_.id as id1_10_2_,
        stores1_.created_date as created_2_10_2_,
        stores1_.modified_date as modified3_10_2_,
        stores1_.author_id as author_i9_10_2_,
        stores1_.clothes_info_id as clothes10_10_2_,
        stores1_.colors_name as colors_11_10_2_,
        stores1_.materials_name as materia12_10_2_,
        stores1_.style_name as style_n13_10_2_,
        stores1_.clothes_length as clothes_4_10_2_,
        stores1_.content as content5_10_2_,
        stores1_.price as price6_10_2_,
        stores1_.sales_info_clothes_id as sales_i14_10_2_,
        stores1_.sales_info_status_id as sales_i15_10_2_,
        stores1_.sales_info_user_id as sales_i16_10_2_,
        stores1_.status as status7_10_2_,
        stores1_.title as title8_10_2_,
        members2_.id as id1_5_3_,
        members2_.email as email2_5_3_,
        members2_.image as image3_5_3_,
        members2_.name as name4_5_3_,
        members2_.nickname as nickname5_5_3_,
        members2_.password as password6_5_3_,
        members2_.phone as phone7_5_3_,
        members2_.refresh_token as refresh_8_5_3_,
        members2_.role as role9_5_3_,
        clothesinf3_.id as id1_1_4_,
        clothesinf3_.categoryl as category2_1_4_,
        clothesinf3_.categorys as category3_1_4_,
        clothesinf3_.fit as fit4_1_4_,
        clothesinf3_.length as length5_1_4_,
        colors4_.id as id1_3_5_,
        colors4_.name as name2_3_5_,
        materials5_.id as id1_4_6_,
        materials5_.name as name2_4_6_,
        style6_.id as id1_12_7_,
        style6_.name as name2_12_7_,
        salesinfoc7_.id as id1_7_8_,
        salesinfoc7_.clothes_brand as clothes_2_7_8_,
        salesinfoc7_.clothes_color as clothes_3_7_8_,
        salesinfoc7_.clothes_gender as clothes_4_7_8_,
        salesinfoc7_.clothes_size as clothes_5_7_8_,
        salesinfos8_.id as id1_8_9_,
        salesinfos8_.status_score as status_s2_8_9_,
        salesinfos8_.status_tag as status_t3_8_9_,
        salesinfos8_.status_times as status_t4_8_9_,
        salesinfos8_.status_when2buy as status_w5_8_9_,
        salesinfos8_.transport as transpor6_8_9_,
        salesinfou9_.id as id1_9_10_,
        salesinfou9_.user_height as user_hei2_9_10_,
        salesinfou9_.user_size as user_siz3_9_10_,
        salesinfou9_.user_weight as user_wei4_9_10_ 
    from
        members_like_stores_post storeslike0_ 
    left outer join
        stores stores1_ 
            on storeslike0_.store_id=stores1_.id 
    left outer join
        members members2_ 
            on stores1_.author_id=members2_.id 
    left outer join
        clothes_info clothesinf3_ 
            on stores1_.clothes_info_id=clothesinf3_.id 
    left outer join
        colors colors4_ 
            on stores1_.colors_name=colors4_.name 
    left outer join
        materials materials5_ 
            on stores1_.materials_name=materials5_.name 
    left outer join
        style style6_ 
            on stores1_.style_name=style6_.name 
    left outer join
        sales_info_clothes salesinfoc7_ 
            on stores1_.sales_info_clothes_id=salesinfoc7_.id 
    left outer join
        sales_info_status salesinfos8_ 
            on stores1_.sales_info_status_id=salesinfos8_.id 
    left outer join
        sales_info_user salesinfou9_ 
            on stores1_.sales_info_user_id=salesinfou9_.id 
    where
        storeslike0_.user_id=?
Hibernate: 
    select
        storespost0_.author_id as author_i9_10_0_,
        storespost0_.id as id1_10_0_,
        storespost0_.id as id1_10_1_,
        storespost0_.created_date as created_2_10_1_,
        storespost0_.modified_date as modified3_10_1_,
        storespost0_.author_id as author_i9_10_1_,
        storespost0_.clothes_info_id as clothes10_10_1_,
        storespost0_.colors_name as colors_11_10_1_,
        storespost0_.materials_name as materia12_10_1_,
        storespost0_.style_name as style_n13_10_1_,
        storespost0_.clothes_length as clothes_4_10_1_,
        storespost0_.content as content5_10_1_,
        storespost0_.price as price6_10_1_,
        storespost0_.sales_info_clothes_id as sales_i14_10_1_,
        storespost0_.sales_info_status_id as sales_i15_10_1_,
        storespost0_.sales_info_user_id as sales_i16_10_1_,
        storespost0_.status as status7_10_1_,
        storespost0_.title as title8_10_1_,
        clothesinf1_.id as id1_1_2_,
        clothesinf1_.categoryl as category2_1_2_,
        clothesinf1_.categorys as category3_1_2_,
        clothesinf1_.fit as fit4_1_2_,
        clothesinf1_.length as length5_1_2_,
        colors2_.id as id1_3_3_,
        colors2_.name as name2_3_3_,
        materials3_.id as id1_4_4_,
        materials3_.name as name2_4_4_,
        style4_.id as id1_12_5_,
        style4_.name as name2_12_5_,
        salesinfoc5_.id as id1_7_6_,
        salesinfoc5_.clothes_brand as clothes_2_7_6_,
        salesinfoc5_.clothes_color as clothes_3_7_6_,
        salesinfoc5_.clothes_gender as clothes_4_7_6_,
        salesinfoc5_.clothes_size as clothes_5_7_6_,
        salesinfos6_.id as id1_8_7_,
        salesinfos6_.status_score as status_s2_8_7_,
        salesinfos6_.status_tag as status_t3_8_7_,
        salesinfos6_.status_times as status_t4_8_7_,
        salesinfos6_.status_when2buy as status_w5_8_7_,
        salesinfos6_.transport as transpor6_8_7_,
        salesinfou7_.id as id1_9_8_,
        salesinfou7_.user_height as user_hei2_9_8_,
        salesinfou7_.user_size as user_siz3_9_8_,
        salesinfou7_.user_weight as user_wei4_9_8_ 
    from
        stores storespost0_ 
    left outer join
        clothes_info clothesinf1_ 
            on storespost0_.clothes_info_id=clothesinf1_.id 
    left outer join
        colors colors2_ 
            on storespost0_.colors_name=colors2_.name 
    left outer join
        materials materials3_ 
            on storespost0_.materials_name=materials3_.name 
    left outer join
        style style4_ 
            on storespost0_.style_name=style4_.name 
    left outer join
        sales_info_clothes salesinfoc5_ 
            on storespost0_.sales_info_clothes_id=salesinfoc5_.id 
    left outer join
        sales_info_status salesinfos6_ 
            on storespost0_.sales_info_status_id=salesinfos6_.id 
    left outer join
        sales_info_user salesinfou7_ 
            on storespost0_.sales_info_user_id=salesinfou7_.id 
    where
        storespost0_.author_id=?
Hibernate: 
    delete 
    from
        members 
    where
        id=?
2022-11-30 11:06:53.838  INFO 4940 --- [    Test worker] io.lettuce.core.EpollProvider            : Starting without optional epoll library
2022-11-30 11:06:53.838  INFO 4940 --- [    Test worker] io.lettuce.core.KqueueProvider           : Starting without optional kqueue library
2022-11-30 11:06:54.832  INFO 4940 --- [o-auto-1-exec-1] o.a.c.c.C.[Tomcat].[localhost].[/]       : Initializing Spring DispatcherServlet 'dispatcherServlet'
2022-11-30 11:06:54.832  INFO 4940 --- [o-auto-1-exec-1] o.s.web.servlet.DispatcherServlet        : Initializing Servlet 'dispatcherServlet'
2022-11-30 11:06:54.867  INFO 4940 --- [o-auto-1-exec-1] o.s.web.servlet.DispatcherServlet        : Completed initialization in 35 ms
Hibernate: 
    select
        members0_.id as id1_5_,
        members0_.email as email2_5_,
        members0_.image as image3_5_,
        members0_.name as name4_5_,
        members0_.nickname as nickname5_5_,
        members0_.password as password6_5_,
        members0_.phone as phone7_5_,
        members0_.refresh_token as refresh_8_5_,
        members0_.role as role9_5_ 
    from
        members members0_ 
    where
        members0_.email=?
{"email":"gunsong2@naver.com","password":"abcde1234!","name":"이름","nickname":"송아","phone":"00033334444"}
2022-11-30 11:07:00.610  INFO 4940 --- [    Test worker] o.a.c.c.C.[Tomcat].[localhost].[/]       : Initializing Spring TestDispatcherServlet ''
2022-11-30 11:07:00.610  INFO 4940 --- [    Test worker] o.s.t.web.servlet.TestDispatcherServlet  : Initializing Servlet ''
2022-11-30 11:07:00.626  INFO 4940 --- [    Test worker] o.s.t.web.servlet.TestDispatcherServlet  : Completed initialization in 16 ms
Hibernate: 
    select
        members0_.id as id1_5_,
        members0_.email as email2_5_,
        members0_.image as image3_5_,
        members0_.name as name4_5_,
        members0_.nickname as nickname5_5_,
        members0_.password as password6_5_,
        members0_.phone as phone7_5_,
        members0_.refresh_token as refresh_8_5_,
        members0_.role as role9_5_ 
    from
        members members0_ 
    where
        members0_.email=?
Hibernate: 
    select
        members0_.id as id1_5_,
        members0_.email as email2_5_,
        members0_.image as image3_5_,
        members0_.name as name4_5_,
        members0_.nickname as nickname5_5_,
        members0_.password as password6_5_,
        members0_.phone as phone7_5_,
        members0_.refresh_token as refresh_8_5_,
        members0_.role as role9_5_ 
    from
        members members0_ 
    where
        members0_.nickname=?
Hibernate: 
    insert 
    into
        members
        (email, image, name, nickname, password, phone, role) 
    values
        (?, ?, ?, ?, ?, ?, ?)

MockHttpServletRequest:
      HTTP Method = POST
      Request URI = /api/v1/auth/sign-up
       Parameters = {}
          Headers = [Content-Type:"multipart/form-data", Accept:"application/json"]
             Body = <no character encoding set>
    Session Attrs = {}

Handler:
             Type = com.betweenourclothes.web.AuthApiController
           Method = public org.springframework.http.ResponseEntity<java.lang.String> com.betweenourclothes.web.AuthApiController.signUp(com.betweenourclothes.web.dto.request.auth.AuthSignUpRequestDto,org.springframework.web.multipart.MultipartFile) throws java.lang.Exception

Async:
    Async started = false
     Async result = null

Resolved Exception:
             Type = null

ModelAndView:
        View name = null
             View = null
            Model = null

FlashMap:
       Attributes = null

MockHttpServletResponse:
           Status = 200
    Error message = null
          Headers = [Content-Type:"application/json;charset=UTF-8", Content-Length:"19"]
     Content type = application/json;charset=UTF-8
             Body = 회원가입 성공
    Forwarded URL = null
   Redirected URL = null
          Cookies = []
Hibernate: 
    select
        members0_.id as id1_5_,
        members0_.email as email2_5_,
        members0_.image as image3_5_,
        members0_.name as name4_5_,
        members0_.nickname as nickname5_5_,
        members0_.password as password6_5_,
        members0_.phone as phone7_5_,
        members0_.refresh_token as refresh_8_5_,
        members0_.role as role9_5_ 
    from
        members members0_
C:\Users\user1\betweenourclothes\images\profile\profile-8559d2e8-9342-47da-8944-904c703f4ce0.png
Hibernate: 
    select
        members0_.id as id1_5_,
        members0_.email as email2_5_,
        members0_.image as image3_5_,
        members0_.name as name4_5_,
        members0_.nickname as nickname5_5_,
        members0_.password as password6_5_,
        members0_.phone as phone7_5_,
        members0_.refresh_token as refresh_8_5_,
        members0_.role as role9_5_ 
    from
        members members0_ 
    where
        members0_.email=?
Hibernate: 
    select
        members0_.id as id1_5_,
        members0_.email as email2_5_,
        members0_.image as image3_5_,
        members0_.name as name4_5_,
        members0_.nickname as nickname5_5_,
        members0_.password as password6_5_,
        members0_.phone as phone7_5_,
        members0_.refresh_token as refresh_8_5_,
        members0_.role as role9_5_ 
    from
        members members0_ 
    where
        members0_.email=?
Hibernate: 
    update
        members 
    set
        email=?,
        image=?,
        name=?,
        nickname=?,
        password=?,
        phone=?,
        refresh_token=?,
        role=? 
    where
        id=?
Hibernate: 
    select
        members0_.id as id1_5_,
        members0_.email as email2_5_,
        members0_.image as image3_5_,
        members0_.name as name4_5_,
        members0_.nickname as nickname5_5_,
        members0_.password as password6_5_,
        members0_.phone as phone7_5_,
        members0_.refresh_token as refresh_8_5_,
        members0_.role as role9_5_ 
    from
        members members0_
]]></system-out>
  <system-err><![CDATA[]]></system-err>
</testsuite>
