<?xml version="1.0" encoding="UTF-8"?>
<testsuite name="com.betweenourclothes.domain.members.MembersRepositoryTest" tests="1" skipped="1" failures="0" errors="0" timestamp="2022-11-10T06:23:06" hostname="user" time="0.0">
  <properties/>
  <testcase name="멤버등록_불러오기" classname="com.betweenourclothes.domain.members.MembersRepositoryTest" time="0.0">
    <skipped/>
  </testcase>
  <system-out><![CDATA[15:23:06.685 [Test worker] DEBUG org.springframework.test.context.junit4.SpringJUnit4ClassRunner - SpringJUnit4ClassRunner constructor called with [class com.betweenourclothes.domain.members.MembersRepositoryTest]
15:23:06.691 [Test worker] DEBUG org.springframework.test.context.BootstrapUtils - Instantiating CacheAwareContextLoaderDelegate from class [org.springframework.test.context.cache.DefaultCacheAwareContextLoaderDelegate]
15:23:06.696 [Test worker] DEBUG org.springframework.test.context.BootstrapUtils - Instantiating BootstrapContext using constructor [public org.springframework.test.context.support.DefaultBootstrapContext(java.lang.Class,org.springframework.test.context.CacheAwareContextLoaderDelegate)]
15:23:06.708 [Test worker] DEBUG org.springframework.test.context.BootstrapUtils - Instantiating TestContextBootstrapper for test class [com.betweenourclothes.domain.members.MembersRepositoryTest] from class [org.springframework.boot.test.context.SpringBootTestContextBootstrapper]
15:23:06.716 [Test worker] INFO org.springframework.boot.test.context.SpringBootTestContextBootstrapper - Neither @ContextConfiguration nor @ContextHierarchy found for test class [com.betweenourclothes.domain.members.MembersRepositoryTest], using SpringBootContextLoader
15:23:06.718 [Test worker] DEBUG org.springframework.test.context.support.AbstractContextLoader - Did not detect default resource location for test class [com.betweenourclothes.domain.members.MembersRepositoryTest]: class path resource [com/betweenourclothes/domain/members/MembersRepositoryTest-context.xml] does not exist
15:23:06.719 [Test worker] DEBUG org.springframework.test.context.support.AbstractContextLoader - Did not detect default resource location for test class [com.betweenourclothes.domain.members.MembersRepositoryTest]: class path resource [com/betweenourclothes/domain/members/MembersRepositoryTestContext.groovy] does not exist
15:23:06.719 [Test worker] INFO org.springframework.test.context.support.AbstractContextLoader - Could not detect default resource locations for test class [com.betweenourclothes.domain.members.MembersRepositoryTest]: no resource found for suffixes {-context.xml, Context.groovy}.
15:23:06.719 [Test worker] INFO org.springframework.test.context.support.AnnotationConfigContextLoaderUtils - Could not detect default configuration classes for test class [com.betweenourclothes.domain.members.MembersRepositoryTest]: MembersRepositoryTest does not declare any static, non-private, non-final, nested classes annotated with @Configuration.
15:23:06.753 [Test worker] DEBUG org.springframework.test.context.support.ActiveProfilesUtils - Could not find an 'annotation declaring class' for annotation type [org.springframework.test.context.ActiveProfiles] and class [com.betweenourclothes.domain.members.MembersRepositoryTest]
15:23:06.835 [Test worker] DEBUG org.springframework.context.annotation.ClassPathScanningCandidateComponentProvider - Identified candidate component class: file [C:\Users\user1\Desktop\송아\캡스톤\repo\between-our-clothes-server\build\classes\java\main\com\betweenourclothes\Application.class]
15:23:06.836 [Test worker] INFO org.springframework.boot.test.context.SpringBootTestContextBootstrapper - Found @SpringBootConfiguration com.betweenourclothes.Application for test class com.betweenourclothes.domain.members.MembersRepositoryTest
15:23:06.904 [Test worker] DEBUG org.springframework.boot.test.context.SpringBootTestContextBootstrapper - @TestExecutionListeners is not present for class [com.betweenourclothes.domain.members.MembersRepositoryTest]: using defaults.
15:23:06.904 [Test worker] INFO org.springframework.boot.test.context.SpringBootTestContextBootstrapper - Loaded default TestExecutionListener class names from location [META-INF/spring.factories]: [org.springframework.security.test.context.support.WithSecurityContextTestExecutionListener, org.springframework.security.test.context.support.ReactorContextTestExecutionListener, org.springframework.boot.test.autoconfigure.restdocs.RestDocsTestExecutionListener, org.springframework.boot.test.autoconfigure.web.client.MockRestServiceServerResetTestExecutionListener, org.springframework.boot.test.autoconfigure.web.servlet.MockMvcPrintOnlyOnFailureTestExecutionListener, org.springframework.boot.test.autoconfigure.web.servlet.WebDriverTestExecutionListener, org.springframework.boot.test.mock.mockito.MockitoTestExecutionListener, org.springframework.boot.test.mock.mockito.ResetMocksTestExecutionListener, org.springframework.test.context.web.ServletTestExecutionListener, org.springframework.test.context.support.DirtiesContextBeforeModesTestExecutionListener, org.springframework.test.context.support.DependencyInjectionTestExecutionListener, org.springframework.test.context.support.DirtiesContextTestExecutionListener, org.springframework.test.context.transaction.TransactionalTestExecutionListener, org.springframework.test.context.jdbc.SqlScriptsTestExecutionListener]
15:23:06.919 [Test worker] INFO org.springframework.boot.test.context.SpringBootTestContextBootstrapper - Using TestExecutionListeners: [org.springframework.test.context.web.ServletTestExecutionListener@67ca01a4, org.springframework.test.context.support.DirtiesContextBeforeModesTestExecutionListener@11f86608, org.springframework.boot.test.mock.mockito.MockitoTestExecutionListener@762433ab, org.springframework.boot.test.autoconfigure.SpringBootDependencyInjectionTestExecutionListener@43de5327, org.springframework.test.context.support.DirtiesContextTestExecutionListener@74aeadd9, org.springframework.test.context.transaction.TransactionalTestExecutionListener@26344d62, org.springframework.test.context.jdbc.SqlScriptsTestExecutionListener@71da9b64, org.springframework.security.test.context.support.WithSecurityContextTestExecutionListener@40acb913, org.springframework.security.test.context.support.ReactorContextTestExecutionListener@416d14ba, org.springframework.boot.test.autoconfigure.restdocs.RestDocsTestExecutionListener@45b61ea8, org.springframework.boot.test.autoconfigure.web.client.MockRestServiceServerResetTestExecutionListener@6012bcc1, org.springframework.boot.test.autoconfigure.web.servlet.MockMvcPrintOnlyOnFailureTestExecutionListener@4553f5f1, org.springframework.boot.test.autoconfigure.web.servlet.WebDriverTestExecutionListener@6cb2f125, org.springframework.boot.test.mock.mockito.ResetMocksTestExecutionListener@1984e145]
15:23:06.922 [Test worker] DEBUG org.springframework.test.annotation.ProfileValueUtils - Retrieved @ProfileValueSourceConfiguration [null] for test class [com.betweenourclothes.domain.members.MembersRepositoryTest]
15:23:06.922 [Test worker] DEBUG org.springframework.test.annotation.ProfileValueUtils - Retrieved ProfileValueSource type [class org.springframework.test.annotation.SystemProfileValueSource] for class [com.betweenourclothes.domain.members.MembersRepositoryTest]
15:23:06.922 [Test worker] DEBUG org.springframework.test.annotation.ProfileValueUtils - Retrieved @ProfileValueSourceConfiguration [null] for test class [com.betweenourclothes.domain.members.MembersRepositoryTest]
15:23:06.922 [Test worker] DEBUG org.springframework.test.annotation.ProfileValueUtils - Retrieved ProfileValueSource type [class org.springframework.test.annotation.SystemProfileValueSource] for class [com.betweenourclothes.domain.members.MembersRepositoryTest]
]]></system-out>
  <system-err><![CDATA[]]></system-err>
</testsuite>
