<?xml version="1.0" encoding="UTF-8"?>
<testsuite name="com.betweenourclothes.web.ClosetsApiControllerTest" tests="11" skipped="0" failures="0" errors="0" timestamp="2022-11-15T12:30:47" hostname="user" time="8.997">
  <properties/>
  <testcase name="내옷장_png_jpg_이미지_등록_불러오기" classname="com.betweenourclothes.web.ClosetsApiControllerTest" time="1.952"/>
  <testcase name="내옷장_카테고리전부" classname="com.betweenourclothes.web.ClosetsApiControllerTest" time="0.608"/>
  <testcase name="내옷장_테스트데이터등록" classname="com.betweenourclothes.web.ClosetsApiControllerTest" time="0.706"/>
  <testcase name="내옷장_테스트데이터추가" classname="com.betweenourclothes.web.ClosetsApiControllerTest" time="0.493"/>
  <testcase name="내옷장_큰카테고리조회" classname="com.betweenourclothes.web.ClosetsApiControllerTest" time="0.661"/>
  <testcase name="로그인" classname="com.betweenourclothes.web.ClosetsApiControllerTest" time="0.82"/>
  <testcase name="내옷장_작은카테고리조회" classname="com.betweenourclothes.web.ClosetsApiControllerTest" time="0.79"/>
  <testcase name="내옷장_썸네일불러오기" classname="com.betweenourclothes.web.ClosetsApiControllerTest" time="1.042"/>
  <testcase name="내옷장_게시글삭제" classname="com.betweenourclothes.web.ClosetsApiControllerTest" time="0.536"/>
  <testcase name="내옷장_게시글수정" classname="com.betweenourclothes.web.ClosetsApiControllerTest" time="0.556"/>
  <testcase name="내옷장_게시글ID로불러오기" classname="com.betweenourclothes.web.ClosetsApiControllerTest" time="0.824"/>
  <system-out><![CDATA[2022-11-15 21:30:47.228  INFO 20908 --- [    Test worker] .b.t.c.SpringBootTestContextBootstrapper : Neither @ContextConfiguration nor @ContextHierarchy found for test class [com.betweenourclothes.web.ClosetsApiControllerTest], using SpringBootContextLoader
2022-11-15 21:30:47.230  INFO 20908 --- [    Test worker] o.s.t.c.support.AbstractContextLoader    : Could not detect default resource locations for test class [com.betweenourclothes.web.ClosetsApiControllerTest]: no resource found for suffixes {-context.xml, Context.groovy}.
2022-11-15 21:30:47.230  INFO 20908 --- [    Test worker] t.c.s.AnnotationConfigContextLoaderUtils : Could not detect default configuration classes for test class [com.betweenourclothes.web.ClosetsApiControllerTest]: ClosetsApiControllerTest does not declare any static, non-private, non-final, nested classes annotated with @Configuration.
2022-11-15 21:30:47.233  INFO 20908 --- [    Test worker] .b.t.c.SpringBootTestContextBootstrapper : Found @SpringBootConfiguration com.betweenourclothes.Application for test class com.betweenourclothes.web.ClosetsApiControllerTest
2022-11-15 21:30:47.236  INFO 20908 --- [    Test worker] .b.t.c.SpringBootTestContextBootstrapper : Loaded default TestExecutionListener class names from location [META-INF/spring.factories]: [org.springframework.security.test.context.support.WithSecurityContextTestExecutionListener, org.springframework.security.test.context.support.ReactorContextTestExecutionListener, org.springframework.boot.test.autoconfigure.restdocs.RestDocsTestExecutionListener, org.springframework.boot.test.autoconfigure.web.client.MockRestServiceServerResetTestExecutionListener, org.springframework.boot.test.autoconfigure.web.servlet.MockMvcPrintOnlyOnFailureTestExecutionListener, org.springframework.boot.test.autoconfigure.web.servlet.WebDriverTestExecutionListener, org.springframework.boot.test.mock.mockito.MockitoTestExecutionListener, org.springframework.boot.test.mock.mockito.ResetMocksTestExecutionListener, org.springframework.test.context.web.ServletTestExecutionListener, org.springframework.test.context.support.DirtiesContextBeforeModesTestExecutionListener, org.springframework.test.context.support.DependencyInjectionTestExecutionListener, org.springframework.test.context.support.DirtiesContextTestExecutionListener, org.springframework.test.context.transaction.TransactionalTestExecutionListener, org.springframework.test.context.jdbc.SqlScriptsTestExecutionListener]
2022-11-15 21:30:47.238  INFO 20908 --- [    Test worker] .b.t.c.SpringBootTestContextBootstrapper : Using TestExecutionListeners: [org.springframework.test.context.web.ServletTestExecutionListener@1603d6f0, org.springframework.test.context.support.DirtiesContextBeforeModesTestExecutionListener@3d4b0e5b, org.springframework.boot.test.mock.mockito.MockitoTestExecutionListener@61541a6a, org.springframework.boot.test.autoconfigure.SpringBootDependencyInjectionTestExecutionListener@4d93d201, org.springframework.test.context.support.DirtiesContextTestExecutionListener@452f3915, org.springframework.test.context.transaction.TransactionalTestExecutionListener@20f3de3d, org.springframework.test.context.jdbc.SqlScriptsTestExecutionListener@61350703, org.springframework.security.test.context.support.WithSecurityContextTestExecutionListener@32e5c2fe, org.springframework.security.test.context.support.ReactorContextTestExecutionListener@e3eb226, org.springframework.boot.test.autoconfigure.restdocs.RestDocsTestExecutionListener@300287ea, org.springframework.boot.test.autoconfigure.web.client.MockRestServiceServerResetTestExecutionListener@794693f6, org.springframework.boot.test.autoconfigure.web.servlet.MockMvcPrintOnlyOnFailureTestExecutionListener@65a85c12, org.springframework.boot.test.autoconfigure.web.servlet.WebDriverTestExecutionListener@1efc7d03, org.springframework.boot.test.mock.mockito.ResetMocksTestExecutionListener@3ae584e1]
Hibernate: 
    select
        members0_.id as id1_6_,
        members0_.email as email2_6_,
        members0_.image as image3_6_,
        members0_.name as name4_6_,
        members0_.nickname as nickname5_6_,
        members0_.password as password6_6_,
        members0_.phone as phone7_6_,
        members0_.refresh_token as refresh_8_6_,
        members0_.role as role9_6_ 
    from
        members members0_ 
    where
        members0_.email=?
Hibernate: 
    select
        members0_.id as id1_6_,
        members0_.email as email2_6_,
        members0_.image as image3_6_,
        members0_.name as name4_6_,
        members0_.nickname as nickname5_6_,
        members0_.password as password6_6_,
        members0_.phone as phone7_6_,
        members0_.refresh_token as refresh_8_6_,
        members0_.role as role9_6_ 
    from
        members members0_ 
    where
        members0_.email=?
2022-11-15 21:30:47.595  INFO 20908 --- [    Test worker] o.a.c.c.C.[Tomcat].[localhost].[/]       : Initializing Spring TestDispatcherServlet ''
2022-11-15 21:30:47.595  INFO 20908 --- [    Test worker] o.s.t.web.servlet.TestDispatcherServlet  : Initializing Servlet ''
2022-11-15 21:30:47.603  INFO 20908 --- [    Test worker] o.s.t.web.servlet.TestDispatcherServlet  : Completed initialization in 8 ms
gunsong2@naver.com
Hibernate: 
    select
        members0_.id as id1_6_,
        members0_.email as email2_6_,
        members0_.image as image3_6_,
        members0_.name as name4_6_,
        members0_.nickname as nickname5_6_,
        members0_.password as password6_6_,
        members0_.phone as phone7_6_,
        members0_.refresh_token as refresh_8_6_,
        members0_.role as role9_6_ 
    from
        members members0_ 
    where
        members0_.email=?
Hibernate: 
    select
        style0_.id as id1_14_,
        style0_.name as name2_14_ 
    from
        style style0_ 
    where
        style0_.name=?
Hibernate: 
    select
        materials0_.id as id1_5_,
        materials0_.name as name2_5_ 
    from
        materials materials0_ 
    where
        materials0_.name=?
Hibernate: 
    select
        colors0_.id as id1_4_,
        colors0_.name as name2_4_ 
    from
        colors colors0_ 
    where
        colors0_.name=?
Hibernate: 
    select
        clothesinf0_.id as id1_2_,
        clothesinf0_.categoryl as category2_2_,
        clothesinf0_.categorys as category3_2_,
        clothesinf0_.fit as fit4_2_,
        clothesinf0_.length as length5_2_ 
    from
        clothes_info clothesinf0_ 
    where
        clothesinf0_.categoryl=? 
        and clothesinf0_.categorys=? 
        and clothesinf0_.length=? 
        and clothesinf0_.fit=?
test.jpg
C:\Users\user1\betweenourclothes\images\closets\closets-f88db5a9-3f87-48fe-8b95-dba97b55434f.jpg
Hibernate: 
    insert 
    into
        clothes_image
        (closets_post_id, path, stores_post_id, type) 
    values
        (?, ?, ?, ?)
test.jpg
C:\Users\user1\betweenourclothes\images\closets\closets-4bd86914-2fdc-4154-83cb-631e082d9e1b.jpg
Hibernate: 
    insert 
    into
        clothes_image
        (closets_post_id, path, stores_post_id, type) 
    values
        (?, ?, ?, ?)
Hibernate: 
    insert 
    into
        closets
        (created_date, modified_date, author_id, clothes_info_id, colors_name, materials_name, style_name) 
    values
        (?, ?, ?, ?, ?, ?, ?)
Hibernate: 
    update
        clothes_image 
    set
        closets_post_id=?,
        path=?,
        stores_post_id=?,
        type=? 
    where
        id=?
Hibernate: 
    update
        clothes_image 
    set
        closets_post_id=?,
        path=?,
        stores_post_id=?,
        type=? 
    where
        id=?
gunsong2@naver.com
Hibernate: 
    select
        members0_.id as id1_6_,
        members0_.email as email2_6_,
        members0_.image as image3_6_,
        members0_.name as name4_6_,
        members0_.nickname as nickname5_6_,
        members0_.password as password6_6_,
        members0_.phone as phone7_6_,
        members0_.refresh_token as refresh_8_6_,
        members0_.role as role9_6_ 
    from
        members members0_ 
    where
        members0_.email=?
Hibernate: 
    select
        style0_.id as id1_14_,
        style0_.name as name2_14_ 
    from
        style style0_ 
    where
        style0_.name=?
Hibernate: 
    select
        materials0_.id as id1_5_,
        materials0_.name as name2_5_ 
    from
        materials materials0_ 
    where
        materials0_.name=?
Hibernate: 
    select
        colors0_.id as id1_4_,
        colors0_.name as name2_4_ 
    from
        colors colors0_ 
    where
        colors0_.name=?
Hibernate: 
    select
        clothesinf0_.id as id1_2_,
        clothesinf0_.categoryl as category2_2_,
        clothesinf0_.categorys as category3_2_,
        clothesinf0_.fit as fit4_2_,
        clothesinf0_.length as length5_2_ 
    from
        clothes_info clothesinf0_ 
    where
        clothesinf0_.categoryl=? 
        and clothesinf0_.categorys=? 
        and clothesinf0_.length=? 
        and clothesinf0_.fit=?
test.jpg
C:\Users\user1\betweenourclothes\images\closets\closets-c605393e-f90f-4403-9359-b7b05b30f44a.jpg
Hibernate: 
    insert 
    into
        clothes_image
        (closets_post_id, path, stores_post_id, type) 
    values
        (?, ?, ?, ?)
test.jpg
C:\Users\user1\betweenourclothes\images\closets\closets-5fdce6b6-490a-46f4-a5b7-30b146a686b3.jpg
Hibernate: 
    insert 
    into
        clothes_image
        (closets_post_id, path, stores_post_id, type) 
    values
        (?, ?, ?, ?)
Hibernate: 
    insert 
    into
        closets
        (created_date, modified_date, author_id, clothes_info_id, colors_name, materials_name, style_name) 
    values
        (?, ?, ?, ?, ?, ?, ?)
Hibernate: 
    update
        clothes_image 
    set
        closets_post_id=?,
        path=?,
        stores_post_id=?,
        type=? 
    where
        id=?
Hibernate: 
    update
        clothes_image 
    set
        closets_post_id=?,
        path=?,
        stores_post_id=?,
        type=? 
    where
        id=?
gunsong2@naver.com
Hibernate: 
    select
        members0_.id as id1_6_,
        members0_.email as email2_6_,
        members0_.image as image3_6_,
        members0_.name as name4_6_,
        members0_.nickname as nickname5_6_,
        members0_.password as password6_6_,
        members0_.phone as phone7_6_,
        members0_.refresh_token as refresh_8_6_,
        members0_.role as role9_6_ 
    from
        members members0_ 
    where
        members0_.email=?
Hibernate: 
    select
        style0_.id as id1_14_,
        style0_.name as name2_14_ 
    from
        style style0_ 
    where
        style0_.name=?
Hibernate: 
    select
        materials0_.id as id1_5_,
        materials0_.name as name2_5_ 
    from
        materials materials0_ 
    where
        materials0_.name=?
Hibernate: 
    select
        colors0_.id as id1_4_,
        colors0_.name as name2_4_ 
    from
        colors colors0_ 
    where
        colors0_.name=?
Hibernate: 
    select
        clothesinf0_.id as id1_2_,
        clothesinf0_.categoryl as category2_2_,
        clothesinf0_.categorys as category3_2_,
        clothesinf0_.fit as fit4_2_,
        clothesinf0_.length as length5_2_ 
    from
        clothes_info clothesinf0_ 
    where
        clothesinf0_.categoryl=? 
        and clothesinf0_.categorys=? 
        and clothesinf0_.length=? 
        and clothesinf0_.fit=?
test.jpg
C:\Users\user1\betweenourclothes\images\closets\closets-44c24272-309a-48c5-93c0-1cd50e37ab6a.jpg
Hibernate: 
    insert 
    into
        clothes_image
        (closets_post_id, path, stores_post_id, type) 
    values
        (?, ?, ?, ?)
test.jpg
C:\Users\user1\betweenourclothes\images\closets\closets-92877788-69cc-48ef-a5cb-6e59916dea5c.jpg
Hibernate: 
    insert 
    into
        clothes_image
        (closets_post_id, path, stores_post_id, type) 
    values
        (?, ?, ?, ?)
Hibernate: 
    insert 
    into
        closets
        (created_date, modified_date, author_id, clothes_info_id, colors_name, materials_name, style_name) 
    values
        (?, ?, ?, ?, ?, ?, ?)
Hibernate: 
    update
        clothes_image 
    set
        closets_post_id=?,
        path=?,
        stores_post_id=?,
        type=? 
    where
        id=?
Hibernate: 
    update
        clothes_image 
    set
        closets_post_id=?,
        path=?,
        stores_post_id=?,
        type=? 
    where
        id=?
gunsong2@naver.com
Hibernate: 
    select
        members0_.id as id1_6_,
        members0_.email as email2_6_,
        members0_.image as image3_6_,
        members0_.name as name4_6_,
        members0_.nickname as nickname5_6_,
        members0_.password as password6_6_,
        members0_.phone as phone7_6_,
        members0_.refresh_token as refresh_8_6_,
        members0_.role as role9_6_ 
    from
        members members0_ 
    where
        members0_.email=?
Hibernate: 
    select
        style0_.id as id1_14_,
        style0_.name as name2_14_ 
    from
        style style0_ 
    where
        style0_.name=?
Hibernate: 
    select
        materials0_.id as id1_5_,
        materials0_.name as name2_5_ 
    from
        materials materials0_ 
    where
        materials0_.name=?
Hibernate: 
    select
        colors0_.id as id1_4_,
        colors0_.name as name2_4_ 
    from
        colors colors0_ 
    where
        colors0_.name=?
Hibernate: 
    select
        clothesinf0_.id as id1_2_,
        clothesinf0_.categoryl as category2_2_,
        clothesinf0_.categorys as category3_2_,
        clothesinf0_.fit as fit4_2_,
        clothesinf0_.length as length5_2_ 
    from
        clothes_info clothesinf0_ 
    where
        clothesinf0_.categoryl=? 
        and clothesinf0_.categorys=? 
        and clothesinf0_.length=? 
        and clothesinf0_.fit=?
test.jpg
C:\Users\user1\betweenourclothes\images\closets\closets-a25cf595-1e1d-44aa-982f-4f50a4e8215b.jpg
Hibernate: 
    insert 
    into
        clothes_image
        (closets_post_id, path, stores_post_id, type) 
    values
        (?, ?, ?, ?)
test.jpg
C:\Users\user1\betweenourclothes\images\closets\closets-084afead-86ba-4bad-bd24-10c0453a05b8.jpg
Hibernate: 
    insert 
    into
        clothes_image
        (closets_post_id, path, stores_post_id, type) 
    values
        (?, ?, ?, ?)
Hibernate: 
    insert 
    into
        closets
        (created_date, modified_date, author_id, clothes_info_id, colors_name, materials_name, style_name) 
    values
        (?, ?, ?, ?, ?, ?, ?)
Hibernate: 
    update
        clothes_image 
    set
        closets_post_id=?,
        path=?,
        stores_post_id=?,
        type=? 
    where
        id=?
Hibernate: 
    update
        clothes_image 
    set
        closets_post_id=?,
        path=?,
        stores_post_id=?,
        type=? 
    where
        id=?
gunsong2@naver.com
Hibernate: 
    select
        members0_.id as id1_6_,
        members0_.email as email2_6_,
        members0_.image as image3_6_,
        members0_.name as name4_6_,
        members0_.nickname as nickname5_6_,
        members0_.password as password6_6_,
        members0_.phone as phone7_6_,
        members0_.refresh_token as refresh_8_6_,
        members0_.role as role9_6_ 
    from
        members members0_ 
    where
        members0_.email=?
Hibernate: 
    select
        style0_.id as id1_14_,
        style0_.name as name2_14_ 
    from
        style style0_ 
    where
        style0_.name=?
Hibernate: 
    select
        materials0_.id as id1_5_,
        materials0_.name as name2_5_ 
    from
        materials materials0_ 
    where
        materials0_.name=?
Hibernate: 
    select
        colors0_.id as id1_4_,
        colors0_.name as name2_4_ 
    from
        colors colors0_ 
    where
        colors0_.name=?
Hibernate: 
    select
        clothesinf0_.id as id1_2_,
        clothesinf0_.categoryl as category2_2_,
        clothesinf0_.categorys as category3_2_,
        clothesinf0_.fit as fit4_2_,
        clothesinf0_.length as length5_2_ 
    from
        clothes_info clothesinf0_ 
    where
        clothesinf0_.categoryl=? 
        and clothesinf0_.categorys=? 
        and clothesinf0_.length=? 
        and clothesinf0_.fit=?
test.jpg
C:\Users\user1\betweenourclothes\images\closets\closets-646b584a-7bab-46d1-b523-4721d78a4bc9.jpg
Hibernate: 
    insert 
    into
        clothes_image
        (closets_post_id, path, stores_post_id, type) 
    values
        (?, ?, ?, ?)
test.jpg
C:\Users\user1\betweenourclothes\images\closets\closets-e862ab46-7165-4dc7-ba26-36a453817af6.jpg
Hibernate: 
    insert 
    into
        clothes_image
        (closets_post_id, path, stores_post_id, type) 
    values
        (?, ?, ?, ?)
Hibernate: 
    insert 
    into
        closets
        (created_date, modified_date, author_id, clothes_info_id, colors_name, materials_name, style_name) 
    values
        (?, ?, ?, ?, ?, ?, ?)
Hibernate: 
    update
        clothes_image 
    set
        closets_post_id=?,
        path=?,
        stores_post_id=?,
        type=? 
    where
        id=?
Hibernate: 
    update
        clothes_image 
    set
        closets_post_id=?,
        path=?,
        stores_post_id=?,
        type=? 
    where
        id=?
Hibernate: 
    select
        closets0_.id as id1_1_,
        closets0_.created_date as created_2_1_,
        closets0_.modified_date as modified3_1_,
        closets0_.author_id as author_i4_1_,
        closets0_.clothes_info_id as clothes_5_1_,
        closets0_.colors_name as colors_n6_1_,
        closets0_.materials_name as material7_1_,
        closets0_.style_name as style_na8_1_ 
    from
        closets closets0_
Hibernate: 
    select
        members0_.id as id1_6_0_,
        members0_.email as email2_6_0_,
        members0_.image as image3_6_0_,
        members0_.name as name4_6_0_,
        members0_.nickname as nickname5_6_0_,
        members0_.password as password6_6_0_,
        members0_.phone as phone7_6_0_,
        members0_.refresh_token as refresh_8_6_0_,
        members0_.role as role9_6_0_ 
    from
        members members0_ 
    where
        members0_.id=?
Hibernate: 
    select
        clothesinf0_.id as id1_2_0_,
        clothesinf0_.categoryl as category2_2_0_,
        clothesinf0_.categorys as category3_2_0_,
        clothesinf0_.fit as fit4_2_0_,
        clothesinf0_.length as length5_2_0_ 
    from
        clothes_info clothesinf0_ 
    where
        clothesinf0_.id=?
Hibernate: 
    select
        colors0_.id as id1_4_0_,
        colors0_.name as name2_4_0_ 
    from
        colors colors0_ 
    where
        colors0_.name=?
Hibernate: 
    select
        materials0_.id as id1_5_0_,
        materials0_.name as name2_5_0_ 
    from
        materials materials0_ 
    where
        materials0_.name=?
Hibernate: 
    select
        style0_.id as id1_14_0_,
        style0_.name as name2_14_0_ 
    from
        style style0_ 
    where
        style0_.name=?
Hibernate: 
    select
        clothesinf0_.id as id1_2_0_,
        clothesinf0_.categoryl as category2_2_0_,
        clothesinf0_.categorys as category3_2_0_,
        clothesinf0_.fit as fit4_2_0_,
        clothesinf0_.length as length5_2_0_ 
    from
        clothes_info clothesinf0_ 
    where
        clothesinf0_.id=?
Hibernate: 
    select
        colors0_.id as id1_4_0_,
        colors0_.name as name2_4_0_ 
    from
        colors colors0_ 
    where
        colors0_.name=?
Hibernate: 
    select
        materials0_.id as id1_5_0_,
        materials0_.name as name2_5_0_ 
    from
        materials materials0_ 
    where
        materials0_.name=?
Hibernate: 
    select
        style0_.id as id1_14_0_,
        style0_.name as name2_14_0_ 
    from
        style style0_ 
    where
        style0_.name=?
Hibernate: 
    select
        clothesinf0_.id as id1_2_0_,
        clothesinf0_.categoryl as category2_2_0_,
        clothesinf0_.categorys as category3_2_0_,
        clothesinf0_.fit as fit4_2_0_,
        clothesinf0_.length as length5_2_0_ 
    from
        clothes_info clothesinf0_ 
    where
        clothesinf0_.id=?
Hibernate: 
    select
        colors0_.id as id1_4_0_,
        colors0_.name as name2_4_0_ 
    from
        colors colors0_ 
    where
        colors0_.name=?
Hibernate: 
    select
        materials0_.id as id1_5_0_,
        materials0_.name as name2_5_0_ 
    from
        materials materials0_ 
    where
        materials0_.name=?
Hibernate: 
    select
        style0_.id as id1_14_0_,
        style0_.name as name2_14_0_ 
    from
        style style0_ 
    where
        style0_.name=?
Hibernate: 
    select
        clothesinf0_.id as id1_2_0_,
        clothesinf0_.categoryl as category2_2_0_,
        clothesinf0_.categorys as category3_2_0_,
        clothesinf0_.fit as fit4_2_0_,
        clothesinf0_.length as length5_2_0_ 
    from
        clothes_info clothesinf0_ 
    where
        clothesinf0_.id=?
Hibernate: 
    select
        colors0_.id as id1_4_0_,
        colors0_.name as name2_4_0_ 
    from
        colors colors0_ 
    where
        colors0_.name=?
Hibernate: 
    select
        materials0_.id as id1_5_0_,
        materials0_.name as name2_5_0_ 
    from
        materials materials0_ 
    where
        materials0_.name=?
Hibernate: 
    select
        style0_.id as id1_14_0_,
        style0_.name as name2_14_0_ 
    from
        style style0_ 
    where
        style0_.name=?
Hibernate: 
    select
        clothesinf0_.id as id1_2_0_,
        clothesinf0_.categoryl as category2_2_0_,
        clothesinf0_.categorys as category3_2_0_,
        clothesinf0_.fit as fit4_2_0_,
        clothesinf0_.length as length5_2_0_ 
    from
        clothes_info clothesinf0_ 
    where
        clothesinf0_.id=?
Hibernate: 
    select
        materials0_.id as id1_5_0_,
        materials0_.name as name2_5_0_ 
    from
        materials materials0_ 
    where
        materials0_.name=?
Hibernate: 
    select
        style0_.id as id1_14_0_,
        style0_.name as name2_14_0_ 
    from
        style style0_ 
    where
        style0_.name=?
2022-11-15 21:30:47.828  INFO 20908 --- [    Test worker] o.a.c.c.C.[Tomcat].[localhost].[/]       : Initializing Spring TestDispatcherServlet ''
2022-11-15 21:30:47.828  INFO 20908 --- [    Test worker] o.s.t.web.servlet.TestDispatcherServlet  : Initializing Servlet ''
2022-11-15 21:30:47.837  INFO 20908 --- [    Test worker] o.s.t.web.servlet.TestDispatcherServlet  : Completed initialization in 9 ms
gunsong2@naver.com
Hibernate: 
    select
        members0_.id as id1_6_,
        members0_.email as email2_6_,
        members0_.image as image3_6_,
        members0_.name as name4_6_,
        members0_.nickname as nickname5_6_,
        members0_.password as password6_6_,
        members0_.phone as phone7_6_,
        members0_.refresh_token as refresh_8_6_,
        members0_.role as role9_6_ 
    from
        members members0_ 
    where
        members0_.email=?
Hibernate: 
    select
        style0_.id as id1_14_,
        style0_.name as name2_14_ 
    from
        style style0_ 
    where
        style0_.name=?
Hibernate: 
    select
        materials0_.id as id1_5_,
        materials0_.name as name2_5_ 
    from
        materials materials0_ 
    where
        materials0_.name=?
Hibernate: 
    select
        colors0_.id as id1_4_,
        colors0_.name as name2_4_ 
    from
        colors colors0_ 
    where
        colors0_.name=?
Hibernate: 
    select
        clothesinf0_.id as id1_2_,
        clothesinf0_.categoryl as category2_2_,
        clothesinf0_.categorys as category3_2_,
        clothesinf0_.fit as fit4_2_,
        clothesinf0_.length as length5_2_ 
    from
        clothes_info clothesinf0_ 
    where
        clothesinf0_.categoryl=? 
        and clothesinf0_.categorys=? 
        and clothesinf0_.length=? 
        and clothesinf0_.fit=?
test.png
C:\Users\user1\betweenourclothes\images\closets\closets-8056959b-e1ef-45ad-a7f9-e13ca3f43d8f.png
Hibernate: 
    insert 
    into
        clothes_image
        (closets_post_id, path, stores_post_id, type) 
    values
        (?, ?, ?, ?)
pants2.jpg
C:\Users\user1\betweenourclothes\images\closets\closets-ce90d97d-6fd5-4f7e-8084-9016fdaedef8.jpg
Hibernate: 
    insert 
    into
        clothes_image
        (closets_post_id, path, stores_post_id, type) 
    values
        (?, ?, ?, ?)
Hibernate: 
    insert 
    into
        closets
        (created_date, modified_date, author_id, clothes_info_id, colors_name, materials_name, style_name) 
    values
        (?, ?, ?, ?, ?, ?, ?)
Hibernate: 
    update
        clothes_image 
    set
        closets_post_id=?,
        path=?,
        stores_post_id=?,
        type=? 
    where
        id=?
Hibernate: 
    update
        clothes_image 
    set
        closets_post_id=?,
        path=?,
        stores_post_id=?,
        type=? 
    where
        id=?
Hibernate: 
    select
        closets0_.id as id1_1_,
        closets0_.created_date as created_2_1_,
        closets0_.modified_date as modified3_1_,
        closets0_.author_id as author_i4_1_,
        closets0_.clothes_info_id as clothes_5_1_,
        closets0_.colors_name as colors_n6_1_,
        closets0_.materials_name as material7_1_,
        closets0_.style_name as style_na8_1_ 
    from
        closets closets0_
Hibernate: 
    select
        members0_.id as id1_6_0_,
        members0_.email as email2_6_0_,
        members0_.image as image3_6_0_,
        members0_.name as name4_6_0_,
        members0_.nickname as nickname5_6_0_,
        members0_.password as password6_6_0_,
        members0_.phone as phone7_6_0_,
        members0_.refresh_token as refresh_8_6_0_,
        members0_.role as role9_6_0_ 
    from
        members members0_ 
    where
        members0_.id=?
Hibernate: 
    select
        clothesinf0_.id as id1_2_0_,
        clothesinf0_.categoryl as category2_2_0_,
        clothesinf0_.categorys as category3_2_0_,
        clothesinf0_.fit as fit4_2_0_,
        clothesinf0_.length as length5_2_0_ 
    from
        clothes_info clothesinf0_ 
    where
        clothesinf0_.id=?
Hibernate: 
    select
        colors0_.id as id1_4_0_,
        colors0_.name as name2_4_0_ 
    from
        colors colors0_ 
    where
        colors0_.name=?
Hibernate: 
    select
        materials0_.id as id1_5_0_,
        materials0_.name as name2_5_0_ 
    from
        materials materials0_ 
    where
        materials0_.name=?
Hibernate: 
    select
        style0_.id as id1_14_0_,
        style0_.name as name2_14_0_ 
    from
        style style0_ 
    where
        style0_.name=?
Hibernate: 
    select
        clothesinf0_.id as id1_2_0_,
        clothesinf0_.categoryl as category2_2_0_,
        clothesinf0_.categorys as category3_2_0_,
        clothesinf0_.fit as fit4_2_0_,
        clothesinf0_.length as length5_2_0_ 
    from
        clothes_info clothesinf0_ 
    where
        clothesinf0_.id=?
Hibernate: 
    select
        colors0_.id as id1_4_0_,
        colors0_.name as name2_4_0_ 
    from
        colors colors0_ 
    where
        colors0_.name=?
Hibernate: 
    select
        materials0_.id as id1_5_0_,
        materials0_.name as name2_5_0_ 
    from
        materials materials0_ 
    where
        materials0_.name=?
Hibernate: 
    select
        style0_.id as id1_14_0_,
        style0_.name as name2_14_0_ 
    from
        style style0_ 
    where
        style0_.name=?
Hibernate: 
    select
        clothesinf0_.id as id1_2_0_,
        clothesinf0_.categoryl as category2_2_0_,
        clothesinf0_.categorys as category3_2_0_,
        clothesinf0_.fit as fit4_2_0_,
        clothesinf0_.length as length5_2_0_ 
    from
        clothes_info clothesinf0_ 
    where
        clothesinf0_.id=?
Hibernate: 
    select
        colors0_.id as id1_4_0_,
        colors0_.name as name2_4_0_ 
    from
        colors colors0_ 
    where
        colors0_.name=?
Hibernate: 
    select
        materials0_.id as id1_5_0_,
        materials0_.name as name2_5_0_ 
    from
        materials materials0_ 
    where
        materials0_.name=?
Hibernate: 
    select
        style0_.id as id1_14_0_,
        style0_.name as name2_14_0_ 
    from
        style style0_ 
    where
        style0_.name=?
Hibernate: 
    select
        clothesinf0_.id as id1_2_0_,
        clothesinf0_.categoryl as category2_2_0_,
        clothesinf0_.categorys as category3_2_0_,
        clothesinf0_.fit as fit4_2_0_,
        clothesinf0_.length as length5_2_0_ 
    from
        clothes_info clothesinf0_ 
    where
        clothesinf0_.id=?
Hibernate: 
    select
        colors0_.id as id1_4_0_,
        colors0_.name as name2_4_0_ 
    from
        colors colors0_ 
    where
        colors0_.name=?
Hibernate: 
    select
        materials0_.id as id1_5_0_,
        materials0_.name as name2_5_0_ 
    from
        materials materials0_ 
    where
        materials0_.name=?
Hibernate: 
    select
        style0_.id as id1_14_0_,
        style0_.name as name2_14_0_ 
    from
        style style0_ 
    where
        style0_.name=?
Hibernate: 
    select
        clothesinf0_.id as id1_2_0_,
        clothesinf0_.categoryl as category2_2_0_,
        clothesinf0_.categorys as category3_2_0_,
        clothesinf0_.fit as fit4_2_0_,
        clothesinf0_.length as length5_2_0_ 
    from
        clothes_info clothesinf0_ 
    where
        clothesinf0_.id=?
Hibernate: 
    select
        materials0_.id as id1_5_0_,
        materials0_.name as name2_5_0_ 
    from
        materials materials0_ 
    where
        materials0_.name=?
Hibernate: 
    select
        style0_.id as id1_14_0_,
        style0_.name as name2_14_0_ 
    from
        style style0_ 
    where
        style0_.name=?
gunsong2@naver.com
Hibernate: 
    select
        members0_.id as id1_6_,
        members0_.email as email2_6_,
        members0_.image as image3_6_,
        members0_.name as name4_6_,
        members0_.nickname as nickname5_6_,
        members0_.password as password6_6_,
        members0_.phone as phone7_6_,
        members0_.refresh_token as refresh_8_6_,
        members0_.role as role9_6_ 
    from
        members members0_ 
    where
        members0_.email=?
Hibernate: 
    select
        closets0_.id as id1_1_0_,
        closets0_.created_date as created_2_1_0_,
        closets0_.modified_date as modified3_1_0_,
        closets0_.author_id as author_i4_1_0_,
        closets0_.clothes_info_id as clothes_5_1_0_,
        closets0_.colors_name as colors_n6_1_0_,
        closets0_.materials_name as material7_1_0_,
        closets0_.style_name as style_na8_1_0_,
        members1_.id as id1_6_1_,
        members1_.email as email2_6_1_,
        members1_.image as image3_6_1_,
        members1_.name as name4_6_1_,
        members1_.nickname as nickname5_6_1_,
        members1_.password as password6_6_1_,
        members1_.phone as phone7_6_1_,
        members1_.refresh_token as refresh_8_6_1_,
        members1_.role as role9_6_1_,
        clothesinf2_.id as id1_2_2_,
        clothesinf2_.categoryl as category2_2_2_,
        clothesinf2_.categorys as category3_2_2_,
        clothesinf2_.fit as fit4_2_2_,
        clothesinf2_.length as length5_2_2_,
        colors3_.id as id1_4_3_,
        colors3_.name as name2_4_3_,
        materials4_.id as id1_5_4_,
        materials4_.name as name2_5_4_,
        style5_.id as id1_14_5_,
        style5_.name as name2_14_5_ 
    from
        closets closets0_ 
    left outer join
        members members1_ 
            on closets0_.author_id=members1_.id 
    left outer join
        clothes_info clothesinf2_ 
            on closets0_.clothes_info_id=clothesinf2_.id 
    left outer join
        colors colors3_ 
            on closets0_.colors_name=colors3_.name 
    left outer join
        materials materials4_ 
            on closets0_.materials_name=materials4_.name 
    left outer join
        style style5_ 
            on closets0_.style_name=style5_.name 
    where
        closets0_.id=?
Hibernate: 
    select
        images0_.closets_post_id as closets_4_3_0_,
        images0_.id as id1_3_0_,
        images0_.id as id1_3_1_,
        images0_.closets_post_id as closets_4_3_1_,
        images0_.path as path2_3_1_,
        images0_.stores_post_id as stores_p5_3_1_,
        images0_.type as type3_3_1_,
        stores1_.id as id1_12_2_,
        stores1_.created_date as created_2_12_2_,
        stores1_.modified_date as modified3_12_2_,
        stores1_.author_id as author_i9_12_2_,
        stores1_.clothes_info_id as clothes10_12_2_,
        stores1_.colors_name as colors_11_12_2_,
        stores1_.materials_name as materia12_12_2_,
        stores1_.style_name as style_n13_12_2_,
        stores1_.clothes_length as clothes_4_12_2_,
        stores1_.content as content5_12_2_,
        stores1_.price as price6_12_2_,
        stores1_.sales_info_clothes_id as sales_i14_12_2_,
        stores1_.sales_info_status_id as sales_i15_12_2_,
        stores1_.sales_info_user_id as sales_i16_12_2_,
        stores1_.status as status7_12_2_,
        stores1_.title as title8_12_2_,
        members2_.id as id1_6_3_,
        members2_.email as email2_6_3_,
        members2_.image as image3_6_3_,
        members2_.name as name4_6_3_,
        members2_.nickname as nickname5_6_3_,
        members2_.password as password6_6_3_,
        members2_.phone as phone7_6_3_,
        members2_.refresh_token as refresh_8_6_3_,
        members2_.role as role9_6_3_,
        clothesinf3_.id as id1_2_4_,
        clothesinf3_.categoryl as category2_2_4_,
        clothesinf3_.categorys as category3_2_4_,
        clothesinf3_.fit as fit4_2_4_,
        clothesinf3_.length as length5_2_4_,
        colors4_.id as id1_4_5_,
        colors4_.name as name2_4_5_,
        materials5_.id as id1_5_6_,
        materials5_.name as name2_5_6_,
        style6_.id as id1_14_7_,
        style6_.name as name2_14_7_,
        salesinfoc7_.id as id1_9_8_,
        salesinfoc7_.clothes_brand as clothes_2_9_8_,
        salesinfoc7_.clothes_color as clothes_3_9_8_,
        salesinfoc7_.clothes_gender as clothes_4_9_8_,
        salesinfoc7_.clothes_size as clothes_5_9_8_,
        salesinfos8_.id as id1_10_9_,
        salesinfos8_.status_score as status_s2_10_9_,
        salesinfos8_.status_tag as status_t3_10_9_,
        salesinfos8_.status_times as status_t4_10_9_,
        salesinfos8_.status_when2buy as status_w5_10_9_,
        salesinfos8_.transport as transpor6_10_9_,
        salesinfou9_.id as id1_11_10_,
        salesinfou9_.user_height as user_hei2_11_10_,
        salesinfou9_.user_size as user_siz3_11_10_,
        salesinfou9_.user_weight as user_wei4_11_10_ 
    from
        clothes_image images0_ 
    left outer join
        stores stores1_ 
            on images0_.stores_post_id=stores1_.id 
    left outer join
        members members2_ 
            on stores1_.author_id=members2_.id 
    left outer join
        clothes_info clothesinf3_ 
            on stores1_.clothes_info_id=clothesinf3_.id 
    left outer join
        colors colors4_ 
            on stores1_.colors_name=colors4_.name 
    left outer join
        materials materials5_ 
            on stores1_.materials_name=materials5_.name 
    left outer join
        style style6_ 
            on stores1_.style_name=style6_.name 
    left outer join
        sales_info_clothes salesinfoc7_ 
            on stores1_.sales_info_clothes_id=salesinfoc7_.id 
    left outer join
        sales_info_status salesinfos8_ 
            on stores1_.sales_info_status_id=salesinfos8_.id 
    left outer join
        sales_info_user salesinfou9_ 
            on stores1_.sales_info_user_id=salesinfou9_.id 
    where
        images0_.closets_post_id=?
ClosetsImagesResponseDto(images=[[B@fb952d7, [B@264b0f87], id=3833)
Hibernate: 
    select
        clothesima0_.id as id1_3_,
        clothesima0_.closets_post_id as closets_4_3_,
        clothesima0_.path as path2_3_,
        clothesima0_.stores_post_id as stores_p5_3_,
        clothesima0_.type as type3_3_ 
    from
        clothes_image clothesima0_
Hibernate: 
    select
        closets0_.id as id1_1_0_,
        closets0_.created_date as created_2_1_0_,
        closets0_.modified_date as modified3_1_0_,
        closets0_.author_id as author_i4_1_0_,
        closets0_.clothes_info_id as clothes_5_1_0_,
        closets0_.colors_name as colors_n6_1_0_,
        closets0_.materials_name as material7_1_0_,
        closets0_.style_name as style_na8_1_0_,
        members1_.id as id1_6_1_,
        members1_.email as email2_6_1_,
        members1_.image as image3_6_1_,
        members1_.name as name4_6_1_,
        members1_.nickname as nickname5_6_1_,
        members1_.password as password6_6_1_,
        members1_.phone as phone7_6_1_,
        members1_.refresh_token as refresh_8_6_1_,
        members1_.role as role9_6_1_,
        clothesinf2_.id as id1_2_2_,
        clothesinf2_.categoryl as category2_2_2_,
        clothesinf2_.categorys as category3_2_2_,
        clothesinf2_.fit as fit4_2_2_,
        clothesinf2_.length as length5_2_2_,
        colors3_.id as id1_4_3_,
        colors3_.name as name2_4_3_,
        materials4_.id as id1_5_4_,
        materials4_.name as name2_5_4_,
        style5_.id as id1_14_5_,
        style5_.name as name2_14_5_ 
    from
        closets closets0_ 
    left outer join
        members members1_ 
            on closets0_.author_id=members1_.id 
    left outer join
        clothes_info clothesinf2_ 
            on closets0_.clothes_info_id=clothesinf2_.id 
    left outer join
        colors colors3_ 
            on closets0_.colors_name=colors3_.name 
    left outer join
        materials materials4_ 
            on closets0_.materials_name=materials4_.name 
    left outer join
        style style5_ 
            on closets0_.style_name=style5_.name 
    where
        closets0_.id=?
Hibernate: 
    select
        closets0_.id as id1_1_0_,
        closets0_.created_date as created_2_1_0_,
        closets0_.modified_date as modified3_1_0_,
        closets0_.author_id as author_i4_1_0_,
        closets0_.clothes_info_id as clothes_5_1_0_,
        closets0_.colors_name as colors_n6_1_0_,
        closets0_.materials_name as material7_1_0_,
        closets0_.style_name as style_na8_1_0_,
        members1_.id as id1_6_1_,
        members1_.email as email2_6_1_,
        members1_.image as image3_6_1_,
        members1_.name as name4_6_1_,
        members1_.nickname as nickname5_6_1_,
        members1_.password as password6_6_1_,
        members1_.phone as phone7_6_1_,
        members1_.refresh_token as refresh_8_6_1_,
        members1_.role as role9_6_1_,
        clothesinf2_.id as id1_2_2_,
        clothesinf2_.categoryl as category2_2_2_,
        clothesinf2_.categorys as category3_2_2_,
        clothesinf2_.fit as fit4_2_2_,
        clothesinf2_.length as length5_2_2_,
        colors3_.id as id1_4_3_,
        colors3_.name as name2_4_3_,
        materials4_.id as id1_5_4_,
        materials4_.name as name2_5_4_,
        style5_.id as id1_14_5_,
        style5_.name as name2_14_5_ 
    from
        closets closets0_ 
    left outer join
        members members1_ 
            on closets0_.author_id=members1_.id 
    left outer join
        clothes_info clothesinf2_ 
            on closets0_.clothes_info_id=clothesinf2_.id 
    left outer join
        colors colors3_ 
            on closets0_.colors_name=colors3_.name 
    left outer join
        materials materials4_ 
            on closets0_.materials_name=materials4_.name 
    left outer join
        style style5_ 
            on closets0_.style_name=style5_.name 
    where
        closets0_.id=?
Hibernate: 
    select
        closets0_.id as id1_1_0_,
        closets0_.created_date as created_2_1_0_,
        closets0_.modified_date as modified3_1_0_,
        closets0_.author_id as author_i4_1_0_,
        closets0_.clothes_info_id as clothes_5_1_0_,
        closets0_.colors_name as colors_n6_1_0_,
        closets0_.materials_name as material7_1_0_,
        closets0_.style_name as style_na8_1_0_,
        members1_.id as id1_6_1_,
        members1_.email as email2_6_1_,
        members1_.image as image3_6_1_,
        members1_.name as name4_6_1_,
        members1_.nickname as nickname5_6_1_,
        members1_.password as password6_6_1_,
        members1_.phone as phone7_6_1_,
        members1_.refresh_token as refresh_8_6_1_,
        members1_.role as role9_6_1_,
        clothesinf2_.id as id1_2_2_,
        clothesinf2_.categoryl as category2_2_2_,
        clothesinf2_.categorys as category3_2_2_,
        clothesinf2_.fit as fit4_2_2_,
        clothesinf2_.length as length5_2_2_,
        colors3_.id as id1_4_3_,
        colors3_.name as name2_4_3_,
        materials4_.id as id1_5_4_,
        materials4_.name as name2_5_4_,
        style5_.id as id1_14_5_,
        style5_.name as name2_14_5_ 
    from
        closets closets0_ 
    left outer join
        members members1_ 
            on closets0_.author_id=members1_.id 
    left outer join
        clothes_info clothesinf2_ 
            on closets0_.clothes_info_id=clothesinf2_.id 
    left outer join
        colors colors3_ 
            on closets0_.colors_name=colors3_.name 
    left outer join
        materials materials4_ 
            on closets0_.materials_name=materials4_.name 
    left outer join
        style style5_ 
            on closets0_.style_name=style5_.name 
    where
        closets0_.id=?
Hibernate: 
    select
        closets0_.id as id1_1_0_,
        closets0_.created_date as created_2_1_0_,
        closets0_.modified_date as modified3_1_0_,
        closets0_.author_id as author_i4_1_0_,
        closets0_.clothes_info_id as clothes_5_1_0_,
        closets0_.colors_name as colors_n6_1_0_,
        closets0_.materials_name as material7_1_0_,
        closets0_.style_name as style_na8_1_0_,
        members1_.id as id1_6_1_,
        members1_.email as email2_6_1_,
        members1_.image as image3_6_1_,
        members1_.name as name4_6_1_,
        members1_.nickname as nickname5_6_1_,
        members1_.password as password6_6_1_,
        members1_.phone as phone7_6_1_,
        members1_.refresh_token as refresh_8_6_1_,
        members1_.role as role9_6_1_,
        clothesinf2_.id as id1_2_2_,
        clothesinf2_.categoryl as category2_2_2_,
        clothesinf2_.categorys as category3_2_2_,
        clothesinf2_.fit as fit4_2_2_,
        clothesinf2_.length as length5_2_2_,
        colors3_.id as id1_4_3_,
        colors3_.name as name2_4_3_,
        materials4_.id as id1_5_4_,
        materials4_.name as name2_5_4_,
        style5_.id as id1_14_5_,
        style5_.name as name2_14_5_ 
    from
        closets closets0_ 
    left outer join
        members members1_ 
            on closets0_.author_id=members1_.id 
    left outer join
        clothes_info clothesinf2_ 
            on closets0_.clothes_info_id=clothesinf2_.id 
    left outer join
        colors colors3_ 
            on closets0_.colors_name=colors3_.name 
    left outer join
        materials materials4_ 
            on closets0_.materials_name=materials4_.name 
    left outer join
        style style5_ 
            on closets0_.style_name=style5_.name 
    where
        closets0_.id=?
Hibernate: 
    select
        closets0_.id as id1_1_0_,
        closets0_.created_date as created_2_1_0_,
        closets0_.modified_date as modified3_1_0_,
        closets0_.author_id as author_i4_1_0_,
        closets0_.clothes_info_id as clothes_5_1_0_,
        closets0_.colors_name as colors_n6_1_0_,
        closets0_.materials_name as material7_1_0_,
        closets0_.style_name as style_na8_1_0_,
        members1_.id as id1_6_1_,
        members1_.email as email2_6_1_,
        members1_.image as image3_6_1_,
        members1_.name as name4_6_1_,
        members1_.nickname as nickname5_6_1_,
        members1_.password as password6_6_1_,
        members1_.phone as phone7_6_1_,
        members1_.refresh_token as refresh_8_6_1_,
        members1_.role as role9_6_1_,
        clothesinf2_.id as id1_2_2_,
        clothesinf2_.categoryl as category2_2_2_,
        clothesinf2_.categorys as category3_2_2_,
        clothesinf2_.fit as fit4_2_2_,
        clothesinf2_.length as length5_2_2_,
        colors3_.id as id1_4_3_,
        colors3_.name as name2_4_3_,
        materials4_.id as id1_5_4_,
        materials4_.name as name2_5_4_,
        style5_.id as id1_14_5_,
        style5_.name as name2_14_5_ 
    from
        closets closets0_ 
    left outer join
        members members1_ 
            on closets0_.author_id=members1_.id 
    left outer join
        clothes_info clothesinf2_ 
            on closets0_.clothes_info_id=clothesinf2_.id 
    left outer join
        colors colors3_ 
            on closets0_.colors_name=colors3_.name 
    left outer join
        materials materials4_ 
            on closets0_.materials_name=materials4_.name 
    left outer join
        style style5_ 
            on closets0_.style_name=style5_.name 
    where
        closets0_.id=?
Hibernate: 
    select
        closets0_.id as id1_1_0_,
        closets0_.created_date as created_2_1_0_,
        closets0_.modified_date as modified3_1_0_,
        closets0_.author_id as author_i4_1_0_,
        closets0_.clothes_info_id as clothes_5_1_0_,
        closets0_.colors_name as colors_n6_1_0_,
        closets0_.materials_name as material7_1_0_,
        closets0_.style_name as style_na8_1_0_,
        members1_.id as id1_6_1_,
        members1_.email as email2_6_1_,
        members1_.image as image3_6_1_,
        members1_.name as name4_6_1_,
        members1_.nickname as nickname5_6_1_,
        members1_.password as password6_6_1_,
        members1_.phone as phone7_6_1_,
        members1_.refresh_token as refresh_8_6_1_,
        members1_.role as role9_6_1_,
        clothesinf2_.id as id1_2_2_,
        clothesinf2_.categoryl as category2_2_2_,
        clothesinf2_.categorys as category3_2_2_,
        clothesinf2_.fit as fit4_2_2_,
        clothesinf2_.length as length5_2_2_,
        colors3_.id as id1_4_3_,
        colors3_.name as name2_4_3_,
        materials4_.id as id1_5_4_,
        materials4_.name as name2_5_4_,
        style5_.id as id1_14_5_,
        style5_.name as name2_14_5_ 
    from
        closets closets0_ 
    left outer join
        members members1_ 
            on closets0_.author_id=members1_.id 
    left outer join
        clothes_info clothesinf2_ 
            on closets0_.clothes_info_id=clothesinf2_.id 
    left outer join
        colors colors3_ 
            on closets0_.colors_name=colors3_.name 
    left outer join
        materials materials4_ 
            on closets0_.materials_name=materials4_.name 
    left outer join
        style style5_ 
            on closets0_.style_name=style5_.name 
    where
        closets0_.id=?
Hibernate: 
    delete 
    from
        clothes_image
Hibernate: 
    delete 
    from
        closets
Hibernate: 
    select
        members0_.id as id1_6_,
        members0_.email as email2_6_,
        members0_.image as image3_6_,
        members0_.name as name4_6_,
        members0_.nickname as nickname5_6_,
        members0_.password as password6_6_,
        members0_.phone as phone7_6_,
        members0_.refresh_token as refresh_8_6_,
        members0_.role as role9_6_ 
    from
        members members0_ 
    where
        members0_.email=?
Hibernate: 
    select
        members0_.id as id1_6_,
        members0_.email as email2_6_,
        members0_.image as image3_6_,
        members0_.name as name4_6_,
        members0_.nickname as nickname5_6_,
        members0_.password as password6_6_,
        members0_.phone as phone7_6_,
        members0_.refresh_token as refresh_8_6_,
        members0_.role as role9_6_ 
    from
        members members0_ 
    where
        members0_.email=?
Hibernate: 
    update
        members 
    set
        email=?,
        image=?,
        name=?,
        nickname=?,
        password=?,
        phone=?,
        refresh_token=?,
        role=? 
    where
        id=?
2022-11-15 21:30:49.499  INFO 20908 --- [    Test worker] o.a.c.c.C.[Tomcat].[localhost].[/]       : Initializing Spring TestDispatcherServlet ''
2022-11-15 21:30:49.500  INFO 20908 --- [    Test worker] o.s.t.web.servlet.TestDispatcherServlet  : Initializing Servlet ''
2022-11-15 21:30:49.506  INFO 20908 --- [    Test worker] o.s.t.web.servlet.TestDispatcherServlet  : Completed initialization in 6 ms
gunsong2@naver.com
Hibernate: 
    select
        members0_.id as id1_6_,
        members0_.email as email2_6_,
        members0_.image as image3_6_,
        members0_.name as name4_6_,
        members0_.nickname as nickname5_6_,
        members0_.password as password6_6_,
        members0_.phone as phone7_6_,
        members0_.refresh_token as refresh_8_6_,
        members0_.role as role9_6_ 
    from
        members members0_ 
    where
        members0_.email=?
Hibernate: 
    select
        style0_.id as id1_14_,
        style0_.name as name2_14_ 
    from
        style style0_ 
    where
        style0_.name=?
Hibernate: 
    select
        materials0_.id as id1_5_,
        materials0_.name as name2_5_ 
    from
        materials materials0_ 
    where
        materials0_.name=?
Hibernate: 
    select
        colors0_.id as id1_4_,
        colors0_.name as name2_4_ 
    from
        colors colors0_ 
    where
        colors0_.name=?
Hibernate: 
    select
        clothesinf0_.id as id1_2_,
        clothesinf0_.categoryl as category2_2_,
        clothesinf0_.categorys as category3_2_,
        clothesinf0_.fit as fit4_2_,
        clothesinf0_.length as length5_2_ 
    from
        clothes_info clothesinf0_ 
    where
        clothesinf0_.categoryl=? 
        and clothesinf0_.categorys=? 
        and clothesinf0_.length=? 
        and clothesinf0_.fit=?
test.jpg
C:\Users\user1\betweenourclothes\images\closets\closets-18db100d-eceb-44ef-9272-ec9f6836a6ae.jpg
Hibernate: 
    insert 
    into
        clothes_image
        (closets_post_id, path, stores_post_id, type) 
    values
        (?, ?, ?, ?)
test.jpg
C:\Users\user1\betweenourclothes\images\closets\closets-14e252a3-6d04-49c6-8eae-498892799595.jpg
Hibernate: 
    insert 
    into
        clothes_image
        (closets_post_id, path, stores_post_id, type) 
    values
        (?, ?, ?, ?)
Hibernate: 
    insert 
    into
        closets
        (created_date, modified_date, author_id, clothes_info_id, colors_name, materials_name, style_name) 
    values
        (?, ?, ?, ?, ?, ?, ?)
Hibernate: 
    update
        clothes_image 
    set
        closets_post_id=?,
        path=?,
        stores_post_id=?,
        type=? 
    where
        id=?
Hibernate: 
    update
        clothes_image 
    set
        closets_post_id=?,
        path=?,
        stores_post_id=?,
        type=? 
    where
        id=?
gunsong2@naver.com
Hibernate: 
    select
        members0_.id as id1_6_,
        members0_.email as email2_6_,
        members0_.image as image3_6_,
        members0_.name as name4_6_,
        members0_.nickname as nickname5_6_,
        members0_.password as password6_6_,
        members0_.phone as phone7_6_,
        members0_.refresh_token as refresh_8_6_,
        members0_.role as role9_6_ 
    from
        members members0_ 
    where
        members0_.email=?
Hibernate: 
    select
        style0_.id as id1_14_,
        style0_.name as name2_14_ 
    from
        style style0_ 
    where
        style0_.name=?
Hibernate: 
    select
        materials0_.id as id1_5_,
        materials0_.name as name2_5_ 
    from
        materials materials0_ 
    where
        materials0_.name=?
Hibernate: 
    select
        colors0_.id as id1_4_,
        colors0_.name as name2_4_ 
    from
        colors colors0_ 
    where
        colors0_.name=?
Hibernate: 
    select
        clothesinf0_.id as id1_2_,
        clothesinf0_.categoryl as category2_2_,
        clothesinf0_.categorys as category3_2_,
        clothesinf0_.fit as fit4_2_,
        clothesinf0_.length as length5_2_ 
    from
        clothes_info clothesinf0_ 
    where
        clothesinf0_.categoryl=? 
        and clothesinf0_.categorys=? 
        and clothesinf0_.length=? 
        and clothesinf0_.fit=?
test.jpg
C:\Users\user1\betweenourclothes\images\closets\closets-85ad1f9e-6b88-4bb7-8981-806cd7914e8d.jpg
Hibernate: 
    insert 
    into
        clothes_image
        (closets_post_id, path, stores_post_id, type) 
    values
        (?, ?, ?, ?)
test.jpg
C:\Users\user1\betweenourclothes\images\closets\closets-a2f052de-4795-4b6e-84c5-50e80544e9d7.jpg
Hibernate: 
    insert 
    into
        clothes_image
        (closets_post_id, path, stores_post_id, type) 
    values
        (?, ?, ?, ?)
Hibernate: 
    insert 
    into
        closets
        (created_date, modified_date, author_id, clothes_info_id, colors_name, materials_name, style_name) 
    values
        (?, ?, ?, ?, ?, ?, ?)
Hibernate: 
    update
        clothes_image 
    set
        closets_post_id=?,
        path=?,
        stores_post_id=?,
        type=? 
    where
        id=?
Hibernate: 
    update
        clothes_image 
    set
        closets_post_id=?,
        path=?,
        stores_post_id=?,
        type=? 
    where
        id=?
gunsong2@naver.com
Hibernate: 
    select
        members0_.id as id1_6_,
        members0_.email as email2_6_,
        members0_.image as image3_6_,
        members0_.name as name4_6_,
        members0_.nickname as nickname5_6_,
        members0_.password as password6_6_,
        members0_.phone as phone7_6_,
        members0_.refresh_token as refresh_8_6_,
        members0_.role as role9_6_ 
    from
        members members0_ 
    where
        members0_.email=?
Hibernate: 
    select
        style0_.id as id1_14_,
        style0_.name as name2_14_ 
    from
        style style0_ 
    where
        style0_.name=?
Hibernate: 
    select
        materials0_.id as id1_5_,
        materials0_.name as name2_5_ 
    from
        materials materials0_ 
    where
        materials0_.name=?
Hibernate: 
    select
        colors0_.id as id1_4_,
        colors0_.name as name2_4_ 
    from
        colors colors0_ 
    where
        colors0_.name=?
Hibernate: 
    select
        clothesinf0_.id as id1_2_,
        clothesinf0_.categoryl as category2_2_,
        clothesinf0_.categorys as category3_2_,
        clothesinf0_.fit as fit4_2_,
        clothesinf0_.length as length5_2_ 
    from
        clothes_info clothesinf0_ 
    where
        clothesinf0_.categoryl=? 
        and clothesinf0_.categorys=? 
        and clothesinf0_.length=? 
        and clothesinf0_.fit=?
test.jpg
C:\Users\user1\betweenourclothes\images\closets\closets-95e63a79-f816-4c0a-bdf0-61c7c9b5ea78.jpg
Hibernate: 
    insert 
    into
        clothes_image
        (closets_post_id, path, stores_post_id, type) 
    values
        (?, ?, ?, ?)
test.jpg
C:\Users\user1\betweenourclothes\images\closets\closets-ba252e8e-054d-46c9-b3b4-56ced7eab011.jpg
Hibernate: 
    insert 
    into
        clothes_image
        (closets_post_id, path, stores_post_id, type) 
    values
        (?, ?, ?, ?)
Hibernate: 
    insert 
    into
        closets
        (created_date, modified_date, author_id, clothes_info_id, colors_name, materials_name, style_name) 
    values
        (?, ?, ?, ?, ?, ?, ?)
Hibernate: 
    update
        clothes_image 
    set
        closets_post_id=?,
        path=?,
        stores_post_id=?,
        type=? 
    where
        id=?
Hibernate: 
    update
        clothes_image 
    set
        closets_post_id=?,
        path=?,
        stores_post_id=?,
        type=? 
    where
        id=?
gunsong2@naver.com
Hibernate: 
    select
        members0_.id as id1_6_,
        members0_.email as email2_6_,
        members0_.image as image3_6_,
        members0_.name as name4_6_,
        members0_.nickname as nickname5_6_,
        members0_.password as password6_6_,
        members0_.phone as phone7_6_,
        members0_.refresh_token as refresh_8_6_,
        members0_.role as role9_6_ 
    from
        members members0_ 
    where
        members0_.email=?
Hibernate: 
    select
        style0_.id as id1_14_,
        style0_.name as name2_14_ 
    from
        style style0_ 
    where
        style0_.name=?
Hibernate: 
    select
        materials0_.id as id1_5_,
        materials0_.name as name2_5_ 
    from
        materials materials0_ 
    where
        materials0_.name=?
Hibernate: 
    select
        colors0_.id as id1_4_,
        colors0_.name as name2_4_ 
    from
        colors colors0_ 
    where
        colors0_.name=?
Hibernate: 
    select
        clothesinf0_.id as id1_2_,
        clothesinf0_.categoryl as category2_2_,
        clothesinf0_.categorys as category3_2_,
        clothesinf0_.fit as fit4_2_,
        clothesinf0_.length as length5_2_ 
    from
        clothes_info clothesinf0_ 
    where
        clothesinf0_.categoryl=? 
        and clothesinf0_.categorys=? 
        and clothesinf0_.length=? 
        and clothesinf0_.fit=?
test.jpg
C:\Users\user1\betweenourclothes\images\closets\closets-90deeb75-e60b-4728-81ec-c98bdb6a8c4f.jpg
Hibernate: 
    insert 
    into
        clothes_image
        (closets_post_id, path, stores_post_id, type) 
    values
        (?, ?, ?, ?)
test.jpg
C:\Users\user1\betweenourclothes\images\closets\closets-bbe23070-5696-417a-8b6c-99b36266f36b.jpg
Hibernate: 
    insert 
    into
        clothes_image
        (closets_post_id, path, stores_post_id, type) 
    values
        (?, ?, ?, ?)
Hibernate: 
    insert 
    into
        closets
        (created_date, modified_date, author_id, clothes_info_id, colors_name, materials_name, style_name) 
    values
        (?, ?, ?, ?, ?, ?, ?)
Hibernate: 
    update
        clothes_image 
    set
        closets_post_id=?,
        path=?,
        stores_post_id=?,
        type=? 
    where
        id=?
Hibernate: 
    update
        clothes_image 
    set
        closets_post_id=?,
        path=?,
        stores_post_id=?,
        type=? 
    where
        id=?
gunsong2@naver.com
Hibernate: 
    select
        members0_.id as id1_6_,
        members0_.email as email2_6_,
        members0_.image as image3_6_,
        members0_.name as name4_6_,
        members0_.nickname as nickname5_6_,
        members0_.password as password6_6_,
        members0_.phone as phone7_6_,
        members0_.refresh_token as refresh_8_6_,
        members0_.role as role9_6_ 
    from
        members members0_ 
    where
        members0_.email=?
Hibernate: 
    select
        style0_.id as id1_14_,
        style0_.name as name2_14_ 
    from
        style style0_ 
    where
        style0_.name=?
Hibernate: 
    select
        materials0_.id as id1_5_,
        materials0_.name as name2_5_ 
    from
        materials materials0_ 
    where
        materials0_.name=?
Hibernate: 
    select
        colors0_.id as id1_4_,
        colors0_.name as name2_4_ 
    from
        colors colors0_ 
    where
        colors0_.name=?
Hibernate: 
    select
        clothesinf0_.id as id1_2_,
        clothesinf0_.categoryl as category2_2_,
        clothesinf0_.categorys as category3_2_,
        clothesinf0_.fit as fit4_2_,
        clothesinf0_.length as length5_2_ 
    from
        clothes_info clothesinf0_ 
    where
        clothesinf0_.categoryl=? 
        and clothesinf0_.categorys=? 
        and clothesinf0_.length=? 
        and clothesinf0_.fit=?
test.jpg
C:\Users\user1\betweenourclothes\images\closets\closets-bca21003-1812-4b95-87f7-e00b43a04697.jpg
Hibernate: 
    insert 
    into
        clothes_image
        (closets_post_id, path, stores_post_id, type) 
    values
        (?, ?, ?, ?)
test.jpg
C:\Users\user1\betweenourclothes\images\closets\closets-bbecaad5-ffc4-42a2-a046-6677302b8912.jpg
Hibernate: 
    insert 
    into
        clothes_image
        (closets_post_id, path, stores_post_id, type) 
    values
        (?, ?, ?, ?)
Hibernate: 
    insert 
    into
        closets
        (created_date, modified_date, author_id, clothes_info_id, colors_name, materials_name, style_name) 
    values
        (?, ?, ?, ?, ?, ?, ?)
Hibernate: 
    update
        clothes_image 
    set
        closets_post_id=?,
        path=?,
        stores_post_id=?,
        type=? 
    where
        id=?
Hibernate: 
    update
        clothes_image 
    set
        closets_post_id=?,
        path=?,
        stores_post_id=?,
        type=? 
    where
        id=?
Hibernate: 
    select
        closets0_.id as id1_1_,
        closets0_.created_date as created_2_1_,
        closets0_.modified_date as modified3_1_,
        closets0_.author_id as author_i4_1_,
        closets0_.clothes_info_id as clothes_5_1_,
        closets0_.colors_name as colors_n6_1_,
        closets0_.materials_name as material7_1_,
        closets0_.style_name as style_na8_1_ 
    from
        closets closets0_
Hibernate: 
    select
        members0_.id as id1_6_0_,
        members0_.email as email2_6_0_,
        members0_.image as image3_6_0_,
        members0_.name as name4_6_0_,
        members0_.nickname as nickname5_6_0_,
        members0_.password as password6_6_0_,
        members0_.phone as phone7_6_0_,
        members0_.refresh_token as refresh_8_6_0_,
        members0_.role as role9_6_0_ 
    from
        members members0_ 
    where
        members0_.id=?
Hibernate: 
    select
        clothesinf0_.id as id1_2_0_,
        clothesinf0_.categoryl as category2_2_0_,
        clothesinf0_.categorys as category3_2_0_,
        clothesinf0_.fit as fit4_2_0_,
        clothesinf0_.length as length5_2_0_ 
    from
        clothes_info clothesinf0_ 
    where
        clothesinf0_.id=?
Hibernate: 
    select
        colors0_.id as id1_4_0_,
        colors0_.name as name2_4_0_ 
    from
        colors colors0_ 
    where
        colors0_.name=?
Hibernate: 
    select
        materials0_.id as id1_5_0_,
        materials0_.name as name2_5_0_ 
    from
        materials materials0_ 
    where
        materials0_.name=?
Hibernate: 
    select
        style0_.id as id1_14_0_,
        style0_.name as name2_14_0_ 
    from
        style style0_ 
    where
        style0_.name=?
Hibernate: 
    select
        clothesinf0_.id as id1_2_0_,
        clothesinf0_.categoryl as category2_2_0_,
        clothesinf0_.categorys as category3_2_0_,
        clothesinf0_.fit as fit4_2_0_,
        clothesinf0_.length as length5_2_0_ 
    from
        clothes_info clothesinf0_ 
    where
        clothesinf0_.id=?
Hibernate: 
    select
        colors0_.id as id1_4_0_,
        colors0_.name as name2_4_0_ 
    from
        colors colors0_ 
    where
        colors0_.name=?
Hibernate: 
    select
        materials0_.id as id1_5_0_,
        materials0_.name as name2_5_0_ 
    from
        materials materials0_ 
    where
        materials0_.name=?
Hibernate: 
    select
        style0_.id as id1_14_0_,
        style0_.name as name2_14_0_ 
    from
        style style0_ 
    where
        style0_.name=?
Hibernate: 
    select
        clothesinf0_.id as id1_2_0_,
        clothesinf0_.categoryl as category2_2_0_,
        clothesinf0_.categorys as category3_2_0_,
        clothesinf0_.fit as fit4_2_0_,
        clothesinf0_.length as length5_2_0_ 
    from
        clothes_info clothesinf0_ 
    where
        clothesinf0_.id=?
Hibernate: 
    select
        colors0_.id as id1_4_0_,
        colors0_.name as name2_4_0_ 
    from
        colors colors0_ 
    where
        colors0_.name=?
Hibernate: 
    select
        materials0_.id as id1_5_0_,
        materials0_.name as name2_5_0_ 
    from
        materials materials0_ 
    where
        materials0_.name=?
Hibernate: 
    select
        style0_.id as id1_14_0_,
        style0_.name as name2_14_0_ 
    from
        style style0_ 
    where
        style0_.name=?
Hibernate: 
    select
        clothesinf0_.id as id1_2_0_,
        clothesinf0_.categoryl as category2_2_0_,
        clothesinf0_.categorys as category3_2_0_,
        clothesinf0_.fit as fit4_2_0_,
        clothesinf0_.length as length5_2_0_ 
    from
        clothes_info clothesinf0_ 
    where
        clothesinf0_.id=?
Hibernate: 
    select
        colors0_.id as id1_4_0_,
        colors0_.name as name2_4_0_ 
    from
        colors colors0_ 
    where
        colors0_.name=?
Hibernate: 
    select
        materials0_.id as id1_5_0_,
        materials0_.name as name2_5_0_ 
    from
        materials materials0_ 
    where
        materials0_.name=?
Hibernate: 
    select
        style0_.id as id1_14_0_,
        style0_.name as name2_14_0_ 
    from
        style style0_ 
    where
        style0_.name=?
Hibernate: 
    select
        clothesinf0_.id as id1_2_0_,
        clothesinf0_.categoryl as category2_2_0_,
        clothesinf0_.categorys as category3_2_0_,
        clothesinf0_.fit as fit4_2_0_,
        clothesinf0_.length as length5_2_0_ 
    from
        clothes_info clothesinf0_ 
    where
        clothesinf0_.id=?
Hibernate: 
    select
        materials0_.id as id1_5_0_,
        materials0_.name as name2_5_0_ 
    from
        materials materials0_ 
    where
        materials0_.name=?
Hibernate: 
    select
        style0_.id as id1_14_0_,
        style0_.name as name2_14_0_ 
    from
        style style0_ 
    where
        style0_.name=?
2022-11-15 21:30:49.652  INFO 20908 --- [    Test worker] o.a.c.c.C.[Tomcat].[localhost].[/]       : Initializing Spring TestDispatcherServlet ''
2022-11-15 21:30:49.653  INFO 20908 --- [    Test worker] o.s.t.web.servlet.TestDispatcherServlet  : Initializing Servlet ''
2022-11-15 21:30:49.661  INFO 20908 --- [    Test worker] o.s.t.web.servlet.TestDispatcherServlet  : Completed initialization in 8 ms
gunsong2@naver.com
Hibernate: 
    select
        members0_.id as id1_6_,
        members0_.email as email2_6_,
        members0_.image as image3_6_,
        members0_.name as name4_6_,
        members0_.nickname as nickname5_6_,
        members0_.password as password6_6_,
        members0_.phone as phone7_6_,
        members0_.refresh_token as refresh_8_6_,
        members0_.role as role9_6_ 
    from
        members members0_ 
    where
        members0_.email=?
Hibernate: 
    select
        images1_.id as col_0_0_,
        closets0_.id as col_1_0_,
        images1_.id as id1_3_,
        images1_.closets_post_id as closets_4_3_,
        images1_.path as path2_3_,
        images1_.stores_post_id as stores_p5_3_,
        images1_.type as type3_3_ 
    from
        closets closets0_ 
    inner join
        clothes_image images1_ 
            on closets0_.id=images1_.closets_post_id cross 
    join
        clothes_info clothesinf4_ cross 
    join
        colors colors7_ 
    where
        closets0_.clothes_info_id=clothesinf4_.id 
        and closets0_.colors_name=colors7_.name 
        and (
            images1_.id in (
                select
                    clothesima2_.id 
                from
                    clothes_image clothesima2_ cross 
                join
                    closets closets3_ 
                where
                    clothesima2_.closets_post_id=closets3_.id 
                    and (
                        clothesima2_.stores_post_id is null
                    ) 
                group by
                    clothesima2_.closets_post_id 
                order by
                    closets3_.created_date asc
            )
        ) 
        and closets0_.author_id=? 
        and clothesinf4_.categoryl=? 
        and clothesinf4_.categorys=? 
        and clothesinf4_.fit=? 
        and colors7_.name=? 
    order by
        closets0_.created_date desc limit ?
Hibernate: 
    select
        closets0_.id as id1_1_0_,
        closets0_.created_date as created_2_1_0_,
        closets0_.modified_date as modified3_1_0_,
        closets0_.author_id as author_i4_1_0_,
        closets0_.clothes_info_id as clothes_5_1_0_,
        closets0_.colors_name as colors_n6_1_0_,
        closets0_.materials_name as material7_1_0_,
        closets0_.style_name as style_na8_1_0_,
        members1_.id as id1_6_1_,
        members1_.email as email2_6_1_,
        members1_.image as image3_6_1_,
        members1_.name as name4_6_1_,
        members1_.nickname as nickname5_6_1_,
        members1_.password as password6_6_1_,
        members1_.phone as phone7_6_1_,
        members1_.refresh_token as refresh_8_6_1_,
        members1_.role as role9_6_1_,
        clothesinf2_.id as id1_2_2_,
        clothesinf2_.categoryl as category2_2_2_,
        clothesinf2_.categorys as category3_2_2_,
        clothesinf2_.fit as fit4_2_2_,
        clothesinf2_.length as length5_2_2_,
        colors3_.id as id1_4_3_,
        colors3_.name as name2_4_3_,
        materials4_.id as id1_5_4_,
        materials4_.name as name2_5_4_,
        style5_.id as id1_14_5_,
        style5_.name as name2_14_5_ 
    from
        closets closets0_ 
    left outer join
        members members1_ 
            on closets0_.author_id=members1_.id 
    left outer join
        clothes_info clothesinf2_ 
            on closets0_.clothes_info_id=clothesinf2_.id 
    left outer join
        colors colors3_ 
            on closets0_.colors_name=colors3_.name 
    left outer join
        materials materials4_ 
            on closets0_.materials_name=materials4_.name 
    left outer join
        style style5_ 
            on closets0_.style_name=style5_.name 
    where
        closets0_.id=?
Hibernate: 
    select
        clothesima0_.id as id1_3_,
        clothesima0_.closets_post_id as closets_4_3_,
        clothesima0_.path as path2_3_,
        clothesima0_.stores_post_id as stores_p5_3_,
        clothesima0_.type as type3_3_ 
    from
        clothes_image clothesima0_
Hibernate: 
    select
        closets0_.id as id1_1_0_,
        closets0_.created_date as created_2_1_0_,
        closets0_.modified_date as modified3_1_0_,
        closets0_.author_id as author_i4_1_0_,
        closets0_.clothes_info_id as clothes_5_1_0_,
        closets0_.colors_name as colors_n6_1_0_,
        closets0_.materials_name as material7_1_0_,
        closets0_.style_name as style_na8_1_0_,
        members1_.id as id1_6_1_,
        members1_.email as email2_6_1_,
        members1_.image as image3_6_1_,
        members1_.name as name4_6_1_,
        members1_.nickname as nickname5_6_1_,
        members1_.password as password6_6_1_,
        members1_.phone as phone7_6_1_,
        members1_.refresh_token as refresh_8_6_1_,
        members1_.role as role9_6_1_,
        clothesinf2_.id as id1_2_2_,
        clothesinf2_.categoryl as category2_2_2_,
        clothesinf2_.categorys as category3_2_2_,
        clothesinf2_.fit as fit4_2_2_,
        clothesinf2_.length as length5_2_2_,
        colors3_.id as id1_4_3_,
        colors3_.name as name2_4_3_,
        materials4_.id as id1_5_4_,
        materials4_.name as name2_5_4_,
        style5_.id as id1_14_5_,
        style5_.name as name2_14_5_ 
    from
        closets closets0_ 
    left outer join
        members members1_ 
            on closets0_.author_id=members1_.id 
    left outer join
        clothes_info clothesinf2_ 
            on closets0_.clothes_info_id=clothesinf2_.id 
    left outer join
        colors colors3_ 
            on closets0_.colors_name=colors3_.name 
    left outer join
        materials materials4_ 
            on closets0_.materials_name=materials4_.name 
    left outer join
        style style5_ 
            on closets0_.style_name=style5_.name 
    where
        closets0_.id=?
Hibernate: 
    select
        closets0_.id as id1_1_0_,
        closets0_.created_date as created_2_1_0_,
        closets0_.modified_date as modified3_1_0_,
        closets0_.author_id as author_i4_1_0_,
        closets0_.clothes_info_id as clothes_5_1_0_,
        closets0_.colors_name as colors_n6_1_0_,
        closets0_.materials_name as material7_1_0_,
        closets0_.style_name as style_na8_1_0_,
        members1_.id as id1_6_1_,
        members1_.email as email2_6_1_,
        members1_.image as image3_6_1_,
        members1_.name as name4_6_1_,
        members1_.nickname as nickname5_6_1_,
        members1_.password as password6_6_1_,
        members1_.phone as phone7_6_1_,
        members1_.refresh_token as refresh_8_6_1_,
        members1_.role as role9_6_1_,
        clothesinf2_.id as id1_2_2_,
        clothesinf2_.categoryl as category2_2_2_,
        clothesinf2_.categorys as category3_2_2_,
        clothesinf2_.fit as fit4_2_2_,
        clothesinf2_.length as length5_2_2_,
        colors3_.id as id1_4_3_,
        colors3_.name as name2_4_3_,
        materials4_.id as id1_5_4_,
        materials4_.name as name2_5_4_,
        style5_.id as id1_14_5_,
        style5_.name as name2_14_5_ 
    from
        closets closets0_ 
    left outer join
        members members1_ 
            on closets0_.author_id=members1_.id 
    left outer join
        clothes_info clothesinf2_ 
            on closets0_.clothes_info_id=clothesinf2_.id 
    left outer join
        colors colors3_ 
            on closets0_.colors_name=colors3_.name 
    left outer join
        materials materials4_ 
            on closets0_.materials_name=materials4_.name 
    left outer join
        style style5_ 
            on closets0_.style_name=style5_.name 
    where
        closets0_.id=?
Hibernate: 
    select
        closets0_.id as id1_1_0_,
        closets0_.created_date as created_2_1_0_,
        closets0_.modified_date as modified3_1_0_,
        closets0_.author_id as author_i4_1_0_,
        closets0_.clothes_info_id as clothes_5_1_0_,
        closets0_.colors_name as colors_n6_1_0_,
        closets0_.materials_name as material7_1_0_,
        closets0_.style_name as style_na8_1_0_,
        members1_.id as id1_6_1_,
        members1_.email as email2_6_1_,
        members1_.image as image3_6_1_,
        members1_.name as name4_6_1_,
        members1_.nickname as nickname5_6_1_,
        members1_.password as password6_6_1_,
        members1_.phone as phone7_6_1_,
        members1_.refresh_token as refresh_8_6_1_,
        members1_.role as role9_6_1_,
        clothesinf2_.id as id1_2_2_,
        clothesinf2_.categoryl as category2_2_2_,
        clothesinf2_.categorys as category3_2_2_,
        clothesinf2_.fit as fit4_2_2_,
        clothesinf2_.length as length5_2_2_,
        colors3_.id as id1_4_3_,
        colors3_.name as name2_4_3_,
        materials4_.id as id1_5_4_,
        materials4_.name as name2_5_4_,
        style5_.id as id1_14_5_,
        style5_.name as name2_14_5_ 
    from
        closets closets0_ 
    left outer join
        members members1_ 
            on closets0_.author_id=members1_.id 
    left outer join
        clothes_info clothesinf2_ 
            on closets0_.clothes_info_id=clothesinf2_.id 
    left outer join
        colors colors3_ 
            on closets0_.colors_name=colors3_.name 
    left outer join
        materials materials4_ 
            on closets0_.materials_name=materials4_.name 
    left outer join
        style style5_ 
            on closets0_.style_name=style5_.name 
    where
        closets0_.id=?
Hibernate: 
    select
        closets0_.id as id1_1_0_,
        closets0_.created_date as created_2_1_0_,
        closets0_.modified_date as modified3_1_0_,
        closets0_.author_id as author_i4_1_0_,
        closets0_.clothes_info_id as clothes_5_1_0_,
        closets0_.colors_name as colors_n6_1_0_,
        closets0_.materials_name as material7_1_0_,
        closets0_.style_name as style_na8_1_0_,
        members1_.id as id1_6_1_,
        members1_.email as email2_6_1_,
        members1_.image as image3_6_1_,
        members1_.name as name4_6_1_,
        members1_.nickname as nickname5_6_1_,
        members1_.password as password6_6_1_,
        members1_.phone as phone7_6_1_,
        members1_.refresh_token as refresh_8_6_1_,
        members1_.role as role9_6_1_,
        clothesinf2_.id as id1_2_2_,
        clothesinf2_.categoryl as category2_2_2_,
        clothesinf2_.categorys as category3_2_2_,
        clothesinf2_.fit as fit4_2_2_,
        clothesinf2_.length as length5_2_2_,
        colors3_.id as id1_4_3_,
        colors3_.name as name2_4_3_,
        materials4_.id as id1_5_4_,
        materials4_.name as name2_5_4_,
        style5_.id as id1_14_5_,
        style5_.name as name2_14_5_ 
    from
        closets closets0_ 
    left outer join
        members members1_ 
            on closets0_.author_id=members1_.id 
    left outer join
        clothes_info clothesinf2_ 
            on closets0_.clothes_info_id=clothesinf2_.id 
    left outer join
        colors colors3_ 
            on closets0_.colors_name=colors3_.name 
    left outer join
        materials materials4_ 
            on closets0_.materials_name=materials4_.name 
    left outer join
        style style5_ 
            on closets0_.style_name=style5_.name 
    where
        closets0_.id=?
Hibernate: 
    select
        closets0_.id as id1_1_0_,
        closets0_.created_date as created_2_1_0_,
        closets0_.modified_date as modified3_1_0_,
        closets0_.author_id as author_i4_1_0_,
        closets0_.clothes_info_id as clothes_5_1_0_,
        closets0_.colors_name as colors_n6_1_0_,
        closets0_.materials_name as material7_1_0_,
        closets0_.style_name as style_na8_1_0_,
        members1_.id as id1_6_1_,
        members1_.email as email2_6_1_,
        members1_.image as image3_6_1_,
        members1_.name as name4_6_1_,
        members1_.nickname as nickname5_6_1_,
        members1_.password as password6_6_1_,
        members1_.phone as phone7_6_1_,
        members1_.refresh_token as refresh_8_6_1_,
        members1_.role as role9_6_1_,
        clothesinf2_.id as id1_2_2_,
        clothesinf2_.categoryl as category2_2_2_,
        clothesinf2_.categorys as category3_2_2_,
        clothesinf2_.fit as fit4_2_2_,
        clothesinf2_.length as length5_2_2_,
        colors3_.id as id1_4_3_,
        colors3_.name as name2_4_3_,
        materials4_.id as id1_5_4_,
        materials4_.name as name2_5_4_,
        style5_.id as id1_14_5_,
        style5_.name as name2_14_5_ 
    from
        closets closets0_ 
    left outer join
        members members1_ 
            on closets0_.author_id=members1_.id 
    left outer join
        clothes_info clothesinf2_ 
            on closets0_.clothes_info_id=clothesinf2_.id 
    left outer join
        colors colors3_ 
            on closets0_.colors_name=colors3_.name 
    left outer join
        materials materials4_ 
            on closets0_.materials_name=materials4_.name 
    left outer join
        style style5_ 
            on closets0_.style_name=style5_.name 
    where
        closets0_.id=?
Hibernate: 
    delete 
    from
        clothes_image
Hibernate: 
    delete 
    from
        closets
Hibernate: 
    select
        members0_.id as id1_6_,
        members0_.email as email2_6_,
        members0_.image as image3_6_,
        members0_.name as name4_6_,
        members0_.nickname as nickname5_6_,
        members0_.password as password6_6_,
        members0_.phone as phone7_6_,
        members0_.refresh_token as refresh_8_6_,
        members0_.role as role9_6_ 
    from
        members members0_ 
    where
        members0_.email=?
Hibernate: 
    select
        members0_.id as id1_6_,
        members0_.email as email2_6_,
        members0_.image as image3_6_,
        members0_.name as name4_6_,
        members0_.nickname as nickname5_6_,
        members0_.password as password6_6_,
        members0_.phone as phone7_6_,
        members0_.refresh_token as refresh_8_6_,
        members0_.role as role9_6_ 
    from
        members members0_ 
    where
        members0_.email=?
Hibernate: 
    update
        members 
    set
        email=?,
        image=?,
        name=?,
        nickname=?,
        password=?,
        phone=?,
        refresh_token=?,
        role=? 
    where
        id=?
2022-11-15 21:30:50.144  INFO 20908 --- [    Test worker] o.a.c.c.C.[Tomcat].[localhost].[/]       : Initializing Spring TestDispatcherServlet ''
2022-11-15 21:30:50.144  INFO 20908 --- [    Test worker] o.s.t.web.servlet.TestDispatcherServlet  : Initializing Servlet ''
2022-11-15 21:30:50.149  INFO 20908 --- [    Test worker] o.s.t.web.servlet.TestDispatcherServlet  : Completed initialization in 5 ms
gunsong2@naver.com
Hibernate: 
    select
        members0_.id as id1_6_,
        members0_.email as email2_6_,
        members0_.image as image3_6_,
        members0_.name as name4_6_,
        members0_.nickname as nickname5_6_,
        members0_.password as password6_6_,
        members0_.phone as phone7_6_,
        members0_.refresh_token as refresh_8_6_,
        members0_.role as role9_6_ 
    from
        members members0_ 
    where
        members0_.email=?
Hibernate: 
    select
        style0_.id as id1_14_,
        style0_.name as name2_14_ 
    from
        style style0_ 
    where
        style0_.name=?
Hibernate: 
    select
        materials0_.id as id1_5_,
        materials0_.name as name2_5_ 
    from
        materials materials0_ 
    where
        materials0_.name=?
Hibernate: 
    select
        colors0_.id as id1_4_,
        colors0_.name as name2_4_ 
    from
        colors colors0_ 
    where
        colors0_.name=?
Hibernate: 
    select
        clothesinf0_.id as id1_2_,
        clothesinf0_.categoryl as category2_2_,
        clothesinf0_.categorys as category3_2_,
        clothesinf0_.fit as fit4_2_,
        clothesinf0_.length as length5_2_ 
    from
        clothes_info clothesinf0_ 
    where
        clothesinf0_.categoryl=? 
        and clothesinf0_.categorys=? 
        and clothesinf0_.length=? 
        and clothesinf0_.fit=?
test.jpg
C:\Users\user1\betweenourclothes\images\closets\closets-adb57d56-e046-4d26-bbdc-f55264d32cf2.jpg
Hibernate: 
    insert 
    into
        clothes_image
        (closets_post_id, path, stores_post_id, type) 
    values
        (?, ?, ?, ?)
test.jpg
C:\Users\user1\betweenourclothes\images\closets\closets-38dd5ed3-58af-422e-8dc4-15b6f0f68750.jpg
Hibernate: 
    insert 
    into
        clothes_image
        (closets_post_id, path, stores_post_id, type) 
    values
        (?, ?, ?, ?)
Hibernate: 
    insert 
    into
        closets
        (created_date, modified_date, author_id, clothes_info_id, colors_name, materials_name, style_name) 
    values
        (?, ?, ?, ?, ?, ?, ?)
Hibernate: 
    update
        clothes_image 
    set
        closets_post_id=?,
        path=?,
        stores_post_id=?,
        type=? 
    where
        id=?
Hibernate: 
    update
        clothes_image 
    set
        closets_post_id=?,
        path=?,
        stores_post_id=?,
        type=? 
    where
        id=?
gunsong2@naver.com
Hibernate: 
    select
        members0_.id as id1_6_,
        members0_.email as email2_6_,
        members0_.image as image3_6_,
        members0_.name as name4_6_,
        members0_.nickname as nickname5_6_,
        members0_.password as password6_6_,
        members0_.phone as phone7_6_,
        members0_.refresh_token as refresh_8_6_,
        members0_.role as role9_6_ 
    from
        members members0_ 
    where
        members0_.email=?
Hibernate: 
    select
        style0_.id as id1_14_,
        style0_.name as name2_14_ 
    from
        style style0_ 
    where
        style0_.name=?
Hibernate: 
    select
        materials0_.id as id1_5_,
        materials0_.name as name2_5_ 
    from
        materials materials0_ 
    where
        materials0_.name=?
Hibernate: 
    select
        colors0_.id as id1_4_,
        colors0_.name as name2_4_ 
    from
        colors colors0_ 
    where
        colors0_.name=?
Hibernate: 
    select
        clothesinf0_.id as id1_2_,
        clothesinf0_.categoryl as category2_2_,
        clothesinf0_.categorys as category3_2_,
        clothesinf0_.fit as fit4_2_,
        clothesinf0_.length as length5_2_ 
    from
        clothes_info clothesinf0_ 
    where
        clothesinf0_.categoryl=? 
        and clothesinf0_.categorys=? 
        and clothesinf0_.length=? 
        and clothesinf0_.fit=?
test.jpg
C:\Users\user1\betweenourclothes\images\closets\closets-d7075dbe-81a1-4fb4-a2ee-42d838334c85.jpg
Hibernate: 
    insert 
    into
        clothes_image
        (closets_post_id, path, stores_post_id, type) 
    values
        (?, ?, ?, ?)
test.jpg
C:\Users\user1\betweenourclothes\images\closets\closets-ef085731-b073-4ccb-9efa-8d2463c40508.jpg
Hibernate: 
    insert 
    into
        clothes_image
        (closets_post_id, path, stores_post_id, type) 
    values
        (?, ?, ?, ?)
Hibernate: 
    insert 
    into
        closets
        (created_date, modified_date, author_id, clothes_info_id, colors_name, materials_name, style_name) 
    values
        (?, ?, ?, ?, ?, ?, ?)
Hibernate: 
    update
        clothes_image 
    set
        closets_post_id=?,
        path=?,
        stores_post_id=?,
        type=? 
    where
        id=?
Hibernate: 
    update
        clothes_image 
    set
        closets_post_id=?,
        path=?,
        stores_post_id=?,
        type=? 
    where
        id=?
gunsong2@naver.com
Hibernate: 
    select
        members0_.id as id1_6_,
        members0_.email as email2_6_,
        members0_.image as image3_6_,
        members0_.name as name4_6_,
        members0_.nickname as nickname5_6_,
        members0_.password as password6_6_,
        members0_.phone as phone7_6_,
        members0_.refresh_token as refresh_8_6_,
        members0_.role as role9_6_ 
    from
        members members0_ 
    where
        members0_.email=?
Hibernate: 
    select
        style0_.id as id1_14_,
        style0_.name as name2_14_ 
    from
        style style0_ 
    where
        style0_.name=?
Hibernate: 
    select
        materials0_.id as id1_5_,
        materials0_.name as name2_5_ 
    from
        materials materials0_ 
    where
        materials0_.name=?
Hibernate: 
    select
        colors0_.id as id1_4_,
        colors0_.name as name2_4_ 
    from
        colors colors0_ 
    where
        colors0_.name=?
Hibernate: 
    select
        clothesinf0_.id as id1_2_,
        clothesinf0_.categoryl as category2_2_,
        clothesinf0_.categorys as category3_2_,
        clothesinf0_.fit as fit4_2_,
        clothesinf0_.length as length5_2_ 
    from
        clothes_info clothesinf0_ 
    where
        clothesinf0_.categoryl=? 
        and clothesinf0_.categorys=? 
        and clothesinf0_.length=? 
        and clothesinf0_.fit=?
test.jpg
C:\Users\user1\betweenourclothes\images\closets\closets-cf45494f-38e6-4c51-a1f6-ff9d0400d1f0.jpg
Hibernate: 
    insert 
    into
        clothes_image
        (closets_post_id, path, stores_post_id, type) 
    values
        (?, ?, ?, ?)
test.jpg
C:\Users\user1\betweenourclothes\images\closets\closets-da910b7e-47ab-44b5-b24f-e42f8ad964f9.jpg
Hibernate: 
    insert 
    into
        clothes_image
        (closets_post_id, path, stores_post_id, type) 
    values
        (?, ?, ?, ?)
Hibernate: 
    insert 
    into
        closets
        (created_date, modified_date, author_id, clothes_info_id, colors_name, materials_name, style_name) 
    values
        (?, ?, ?, ?, ?, ?, ?)
Hibernate: 
    update
        clothes_image 
    set
        closets_post_id=?,
        path=?,
        stores_post_id=?,
        type=? 
    where
        id=?
Hibernate: 
    update
        clothes_image 
    set
        closets_post_id=?,
        path=?,
        stores_post_id=?,
        type=? 
    where
        id=?
gunsong2@naver.com
Hibernate: 
    select
        members0_.id as id1_6_,
        members0_.email as email2_6_,
        members0_.image as image3_6_,
        members0_.name as name4_6_,
        members0_.nickname as nickname5_6_,
        members0_.password as password6_6_,
        members0_.phone as phone7_6_,
        members0_.refresh_token as refresh_8_6_,
        members0_.role as role9_6_ 
    from
        members members0_ 
    where
        members0_.email=?
Hibernate: 
    select
        style0_.id as id1_14_,
        style0_.name as name2_14_ 
    from
        style style0_ 
    where
        style0_.name=?
Hibernate: 
    select
        materials0_.id as id1_5_,
        materials0_.name as name2_5_ 
    from
        materials materials0_ 
    where
        materials0_.name=?
Hibernate: 
    select
        colors0_.id as id1_4_,
        colors0_.name as name2_4_ 
    from
        colors colors0_ 
    where
        colors0_.name=?
Hibernate: 
    select
        clothesinf0_.id as id1_2_,
        clothesinf0_.categoryl as category2_2_,
        clothesinf0_.categorys as category3_2_,
        clothesinf0_.fit as fit4_2_,
        clothesinf0_.length as length5_2_ 
    from
        clothes_info clothesinf0_ 
    where
        clothesinf0_.categoryl=? 
        and clothesinf0_.categorys=? 
        and clothesinf0_.length=? 
        and clothesinf0_.fit=?
test.jpg
C:\Users\user1\betweenourclothes\images\closets\closets-3183abf5-472a-4ccf-9fb1-8ccb01a101e6.jpg
Hibernate: 
    insert 
    into
        clothes_image
        (closets_post_id, path, stores_post_id, type) 
    values
        (?, ?, ?, ?)
test.jpg
C:\Users\user1\betweenourclothes\images\closets\closets-ef70199c-90cc-44d3-adb8-8153c81ce2bf.jpg
Hibernate: 
    insert 
    into
        clothes_image
        (closets_post_id, path, stores_post_id, type) 
    values
        (?, ?, ?, ?)
Hibernate: 
    insert 
    into
        closets
        (created_date, modified_date, author_id, clothes_info_id, colors_name, materials_name, style_name) 
    values
        (?, ?, ?, ?, ?, ?, ?)
Hibernate: 
    update
        clothes_image 
    set
        closets_post_id=?,
        path=?,
        stores_post_id=?,
        type=? 
    where
        id=?
Hibernate: 
    update
        clothes_image 
    set
        closets_post_id=?,
        path=?,
        stores_post_id=?,
        type=? 
    where
        id=?
gunsong2@naver.com
Hibernate: 
    select
        members0_.id as id1_6_,
        members0_.email as email2_6_,
        members0_.image as image3_6_,
        members0_.name as name4_6_,
        members0_.nickname as nickname5_6_,
        members0_.password as password6_6_,
        members0_.phone as phone7_6_,
        members0_.refresh_token as refresh_8_6_,
        members0_.role as role9_6_ 
    from
        members members0_ 
    where
        members0_.email=?
Hibernate: 
    select
        style0_.id as id1_14_,
        style0_.name as name2_14_ 
    from
        style style0_ 
    where
        style0_.name=?
Hibernate: 
    select
        materials0_.id as id1_5_,
        materials0_.name as name2_5_ 
    from
        materials materials0_ 
    where
        materials0_.name=?
Hibernate: 
    select
        colors0_.id as id1_4_,
        colors0_.name as name2_4_ 
    from
        colors colors0_ 
    where
        colors0_.name=?
Hibernate: 
    select
        clothesinf0_.id as id1_2_,
        clothesinf0_.categoryl as category2_2_,
        clothesinf0_.categorys as category3_2_,
        clothesinf0_.fit as fit4_2_,
        clothesinf0_.length as length5_2_ 
    from
        clothes_info clothesinf0_ 
    where
        clothesinf0_.categoryl=? 
        and clothesinf0_.categorys=? 
        and clothesinf0_.length=? 
        and clothesinf0_.fit=?
test.jpg
C:\Users\user1\betweenourclothes\images\closets\closets-8ce3cdf5-25f4-43d4-b913-8bc07d2ceaf0.jpg
Hibernate: 
    insert 
    into
        clothes_image
        (closets_post_id, path, stores_post_id, type) 
    values
        (?, ?, ?, ?)
test.jpg
C:\Users\user1\betweenourclothes\images\closets\closets-00b93cbc-a67d-44d5-a56b-6dd50b80b9dd.jpg
Hibernate: 
    insert 
    into
        clothes_image
        (closets_post_id, path, stores_post_id, type) 
    values
        (?, ?, ?, ?)
Hibernate: 
    insert 
    into
        closets
        (created_date, modified_date, author_id, clothes_info_id, colors_name, materials_name, style_name) 
    values
        (?, ?, ?, ?, ?, ?, ?)
Hibernate: 
    update
        clothes_image 
    set
        closets_post_id=?,
        path=?,
        stores_post_id=?,
        type=? 
    where
        id=?
Hibernate: 
    update
        clothes_image 
    set
        closets_post_id=?,
        path=?,
        stores_post_id=?,
        type=? 
    where
        id=?
Hibernate: 
    select
        closets0_.id as id1_1_,
        closets0_.created_date as created_2_1_,
        closets0_.modified_date as modified3_1_,
        closets0_.author_id as author_i4_1_,
        closets0_.clothes_info_id as clothes_5_1_,
        closets0_.colors_name as colors_n6_1_,
        closets0_.materials_name as material7_1_,
        closets0_.style_name as style_na8_1_ 
    from
        closets closets0_
Hibernate: 
    select
        members0_.id as id1_6_0_,
        members0_.email as email2_6_0_,
        members0_.image as image3_6_0_,
        members0_.name as name4_6_0_,
        members0_.nickname as nickname5_6_0_,
        members0_.password as password6_6_0_,
        members0_.phone as phone7_6_0_,
        members0_.refresh_token as refresh_8_6_0_,
        members0_.role as role9_6_0_ 
    from
        members members0_ 
    where
        members0_.id=?
Hibernate: 
    select
        clothesinf0_.id as id1_2_0_,
        clothesinf0_.categoryl as category2_2_0_,
        clothesinf0_.categorys as category3_2_0_,
        clothesinf0_.fit as fit4_2_0_,
        clothesinf0_.length as length5_2_0_ 
    from
        clothes_info clothesinf0_ 
    where
        clothesinf0_.id=?
Hibernate: 
    select
        colors0_.id as id1_4_0_,
        colors0_.name as name2_4_0_ 
    from
        colors colors0_ 
    where
        colors0_.name=?
Hibernate: 
    select
        materials0_.id as id1_5_0_,
        materials0_.name as name2_5_0_ 
    from
        materials materials0_ 
    where
        materials0_.name=?
Hibernate: 
    select
        style0_.id as id1_14_0_,
        style0_.name as name2_14_0_ 
    from
        style style0_ 
    where
        style0_.name=?
Hibernate: 
    select
        clothesinf0_.id as id1_2_0_,
        clothesinf0_.categoryl as category2_2_0_,
        clothesinf0_.categorys as category3_2_0_,
        clothesinf0_.fit as fit4_2_0_,
        clothesinf0_.length as length5_2_0_ 
    from
        clothes_info clothesinf0_ 
    where
        clothesinf0_.id=?
Hibernate: 
    select
        colors0_.id as id1_4_0_,
        colors0_.name as name2_4_0_ 
    from
        colors colors0_ 
    where
        colors0_.name=?
Hibernate: 
    select
        materials0_.id as id1_5_0_,
        materials0_.name as name2_5_0_ 
    from
        materials materials0_ 
    where
        materials0_.name=?
Hibernate: 
    select
        style0_.id as id1_14_0_,
        style0_.name as name2_14_0_ 
    from
        style style0_ 
    where
        style0_.name=?
Hibernate: 
    select
        clothesinf0_.id as id1_2_0_,
        clothesinf0_.categoryl as category2_2_0_,
        clothesinf0_.categorys as category3_2_0_,
        clothesinf0_.fit as fit4_2_0_,
        clothesinf0_.length as length5_2_0_ 
    from
        clothes_info clothesinf0_ 
    where
        clothesinf0_.id=?
Hibernate: 
    select
        colors0_.id as id1_4_0_,
        colors0_.name as name2_4_0_ 
    from
        colors colors0_ 
    where
        colors0_.name=?
Hibernate: 
    select
        materials0_.id as id1_5_0_,
        materials0_.name as name2_5_0_ 
    from
        materials materials0_ 
    where
        materials0_.name=?
Hibernate: 
    select
        style0_.id as id1_14_0_,
        style0_.name as name2_14_0_ 
    from
        style style0_ 
    where
        style0_.name=?
Hibernate: 
    select
        clothesinf0_.id as id1_2_0_,
        clothesinf0_.categoryl as category2_2_0_,
        clothesinf0_.categorys as category3_2_0_,
        clothesinf0_.fit as fit4_2_0_,
        clothesinf0_.length as length5_2_0_ 
    from
        clothes_info clothesinf0_ 
    where
        clothesinf0_.id=?
Hibernate: 
    select
        colors0_.id as id1_4_0_,
        colors0_.name as name2_4_0_ 
    from
        colors colors0_ 
    where
        colors0_.name=?
Hibernate: 
    select
        materials0_.id as id1_5_0_,
        materials0_.name as name2_5_0_ 
    from
        materials materials0_ 
    where
        materials0_.name=?
Hibernate: 
    select
        style0_.id as id1_14_0_,
        style0_.name as name2_14_0_ 
    from
        style style0_ 
    where
        style0_.name=?
Hibernate: 
    select
        clothesinf0_.id as id1_2_0_,
        clothesinf0_.categoryl as category2_2_0_,
        clothesinf0_.categorys as category3_2_0_,
        clothesinf0_.fit as fit4_2_0_,
        clothesinf0_.length as length5_2_0_ 
    from
        clothes_info clothesinf0_ 
    where
        clothesinf0_.id=?
Hibernate: 
    select
        materials0_.id as id1_5_0_,
        materials0_.name as name2_5_0_ 
    from
        materials materials0_ 
    where
        materials0_.name=?
Hibernate: 
    select
        style0_.id as id1_14_0_,
        style0_.name as name2_14_0_ 
    from
        style style0_ 
    where
        style0_.name=?
2022-11-15 21:30:50.304  INFO 20908 --- [    Test worker] o.a.c.c.C.[Tomcat].[localhost].[/]       : Initializing Spring TestDispatcherServlet ''
2022-11-15 21:30:50.304  INFO 20908 --- [    Test worker] o.s.t.web.servlet.TestDispatcherServlet  : Initializing Servlet ''
2022-11-15 21:30:50.312  INFO 20908 --- [    Test worker] o.s.t.web.servlet.TestDispatcherServlet  : Completed initialization in 8 ms
gunsong2@naver.com
Hibernate: 
    select
        members0_.id as id1_6_,
        members0_.email as email2_6_,
        members0_.image as image3_6_,
        members0_.name as name4_6_,
        members0_.nickname as nickname5_6_,
        members0_.password as password6_6_,
        members0_.phone as phone7_6_,
        members0_.refresh_token as refresh_8_6_,
        members0_.role as role9_6_ 
    from
        members members0_ 
    where
        members0_.email=?
Hibernate: 
    select
        style0_.id as id1_14_,
        style0_.name as name2_14_ 
    from
        style style0_ 
    where
        style0_.name=?
Hibernate: 
    select
        materials0_.id as id1_5_,
        materials0_.name as name2_5_ 
    from
        materials materials0_ 
    where
        materials0_.name=?
Hibernate: 
    select
        colors0_.id as id1_4_,
        colors0_.name as name2_4_ 
    from
        colors colors0_ 
    where
        colors0_.name=?
Hibernate: 
    select
        clothesinf0_.id as id1_2_,
        clothesinf0_.categoryl as category2_2_,
        clothesinf0_.categorys as category3_2_,
        clothesinf0_.fit as fit4_2_,
        clothesinf0_.length as length5_2_ 
    from
        clothes_info clothesinf0_ 
    where
        clothesinf0_.categoryl=? 
        and clothesinf0_.categorys=? 
        and clothesinf0_.length=? 
        and clothesinf0_.fit=?
test.jpg
C:\Users\user1\betweenourclothes\images\closets\closets-7f0277bf-5182-46ef-a075-46fac7bddc73.jpg
Hibernate: 
    insert 
    into
        clothes_image
        (closets_post_id, path, stores_post_id, type) 
    values
        (?, ?, ?, ?)
test.jpg
C:\Users\user1\betweenourclothes\images\closets\closets-75eb780e-9b4d-479d-93ff-2b817207099c.jpg
Hibernate: 
    insert 
    into
        clothes_image
        (closets_post_id, path, stores_post_id, type) 
    values
        (?, ?, ?, ?)
Hibernate: 
    insert 
    into
        closets
        (created_date, modified_date, author_id, clothes_info_id, colors_name, materials_name, style_name) 
    values
        (?, ?, ?, ?, ?, ?, ?)
Hibernate: 
    update
        clothes_image 
    set
        closets_post_id=?,
        path=?,
        stores_post_id=?,
        type=? 
    where
        id=?
Hibernate: 
    update
        clothes_image 
    set
        closets_post_id=?,
        path=?,
        stores_post_id=?,
        type=? 
    where
        id=?
gunsong2@naver.com
Hibernate: 
    select
        members0_.id as id1_6_,
        members0_.email as email2_6_,
        members0_.image as image3_6_,
        members0_.name as name4_6_,
        members0_.nickname as nickname5_6_,
        members0_.password as password6_6_,
        members0_.phone as phone7_6_,
        members0_.refresh_token as refresh_8_6_,
        members0_.role as role9_6_ 
    from
        members members0_ 
    where
        members0_.email=?
Hibernate: 
    select
        style0_.id as id1_14_,
        style0_.name as name2_14_ 
    from
        style style0_ 
    where
        style0_.name=?
Hibernate: 
    select
        materials0_.id as id1_5_,
        materials0_.name as name2_5_ 
    from
        materials materials0_ 
    where
        materials0_.name=?
Hibernate: 
    select
        colors0_.id as id1_4_,
        colors0_.name as name2_4_ 
    from
        colors colors0_ 
    where
        colors0_.name=?
Hibernate: 
    select
        clothesinf0_.id as id1_2_,
        clothesinf0_.categoryl as category2_2_,
        clothesinf0_.categorys as category3_2_,
        clothesinf0_.fit as fit4_2_,
        clothesinf0_.length as length5_2_ 
    from
        clothes_info clothesinf0_ 
    where
        clothesinf0_.categoryl=? 
        and clothesinf0_.categorys=? 
        and clothesinf0_.length=? 
        and clothesinf0_.fit=?
test.jpg
C:\Users\user1\betweenourclothes\images\closets\closets-9ff23e9a-5512-4880-ad7e-c0fe36fbc100.jpg
Hibernate: 
    insert 
    into
        clothes_image
        (closets_post_id, path, stores_post_id, type) 
    values
        (?, ?, ?, ?)
test.jpg
C:\Users\user1\betweenourclothes\images\closets\closets-ea0a586a-e0b4-44fe-9442-7b028e9d42a1.jpg
Hibernate: 
    insert 
    into
        clothes_image
        (closets_post_id, path, stores_post_id, type) 
    values
        (?, ?, ?, ?)
Hibernate: 
    insert 
    into
        closets
        (created_date, modified_date, author_id, clothes_info_id, colors_name, materials_name, style_name) 
    values
        (?, ?, ?, ?, ?, ?, ?)
Hibernate: 
    update
        clothes_image 
    set
        closets_post_id=?,
        path=?,
        stores_post_id=?,
        type=? 
    where
        id=?
Hibernate: 
    update
        clothes_image 
    set
        closets_post_id=?,
        path=?,
        stores_post_id=?,
        type=? 
    where
        id=?
gunsong2@naver.com
Hibernate: 
    select
        members0_.id as id1_6_,
        members0_.email as email2_6_,
        members0_.image as image3_6_,
        members0_.name as name4_6_,
        members0_.nickname as nickname5_6_,
        members0_.password as password6_6_,
        members0_.phone as phone7_6_,
        members0_.refresh_token as refresh_8_6_,
        members0_.role as role9_6_ 
    from
        members members0_ 
    where
        members0_.email=?
Hibernate: 
    select
        style0_.id as id1_14_,
        style0_.name as name2_14_ 
    from
        style style0_ 
    where
        style0_.name=?
Hibernate: 
    select
        materials0_.id as id1_5_,
        materials0_.name as name2_5_ 
    from
        materials materials0_ 
    where
        materials0_.name=?
Hibernate: 
    select
        colors0_.id as id1_4_,
        colors0_.name as name2_4_ 
    from
        colors colors0_ 
    where
        colors0_.name=?
Hibernate: 
    select
        clothesinf0_.id as id1_2_,
        clothesinf0_.categoryl as category2_2_,
        clothesinf0_.categorys as category3_2_,
        clothesinf0_.fit as fit4_2_,
        clothesinf0_.length as length5_2_ 
    from
        clothes_info clothesinf0_ 
    where
        clothesinf0_.categoryl=? 
        and clothesinf0_.categorys=? 
        and clothesinf0_.length=? 
        and clothesinf0_.fit=?
test.jpg
C:\Users\user1\betweenourclothes\images\closets\closets-e8a4f72a-5dae-46a0-bd47-2e1ae4683c30.jpg
Hibernate: 
    insert 
    into
        clothes_image
        (closets_post_id, path, stores_post_id, type) 
    values
        (?, ?, ?, ?)
test.jpg
C:\Users\user1\betweenourclothes\images\closets\closets-85afb8df-d530-4847-b801-8baeda34bb9f.jpg
Hibernate: 
    insert 
    into
        clothes_image
        (closets_post_id, path, stores_post_id, type) 
    values
        (?, ?, ?, ?)
Hibernate: 
    insert 
    into
        closets
        (created_date, modified_date, author_id, clothes_info_id, colors_name, materials_name, style_name) 
    values
        (?, ?, ?, ?, ?, ?, ?)
Hibernate: 
    update
        clothes_image 
    set
        closets_post_id=?,
        path=?,
        stores_post_id=?,
        type=? 
    where
        id=?
Hibernate: 
    update
        clothes_image 
    set
        closets_post_id=?,
        path=?,
        stores_post_id=?,
        type=? 
    where
        id=?
gunsong2@naver.com
Hibernate: 
    select
        members0_.id as id1_6_,
        members0_.email as email2_6_,
        members0_.image as image3_6_,
        members0_.name as name4_6_,
        members0_.nickname as nickname5_6_,
        members0_.password as password6_6_,
        members0_.phone as phone7_6_,
        members0_.refresh_token as refresh_8_6_,
        members0_.role as role9_6_ 
    from
        members members0_ 
    where
        members0_.email=?
Hibernate: 
    select
        style0_.id as id1_14_,
        style0_.name as name2_14_ 
    from
        style style0_ 
    where
        style0_.name=?
Hibernate: 
    select
        materials0_.id as id1_5_,
        materials0_.name as name2_5_ 
    from
        materials materials0_ 
    where
        materials0_.name=?
Hibernate: 
    select
        colors0_.id as id1_4_,
        colors0_.name as name2_4_ 
    from
        colors colors0_ 
    where
        colors0_.name=?
Hibernate: 
    select
        clothesinf0_.id as id1_2_,
        clothesinf0_.categoryl as category2_2_,
        clothesinf0_.categorys as category3_2_,
        clothesinf0_.fit as fit4_2_,
        clothesinf0_.length as length5_2_ 
    from
        clothes_info clothesinf0_ 
    where
        clothesinf0_.categoryl=? 
        and clothesinf0_.categorys=? 
        and clothesinf0_.length=? 
        and clothesinf0_.fit=?
test.jpg
C:\Users\user1\betweenourclothes\images\closets\closets-e4330e28-5aeb-49fc-adac-36a80be49fbc.jpg
Hibernate: 
    insert 
    into
        clothes_image
        (closets_post_id, path, stores_post_id, type) 
    values
        (?, ?, ?, ?)
test.jpg
C:\Users\user1\betweenourclothes\images\closets\closets-1d7062f1-0251-4a1c-94ae-75e427d8c35e.jpg
Hibernate: 
    insert 
    into
        clothes_image
        (closets_post_id, path, stores_post_id, type) 
    values
        (?, ?, ?, ?)
Hibernate: 
    insert 
    into
        closets
        (created_date, modified_date, author_id, clothes_info_id, colors_name, materials_name, style_name) 
    values
        (?, ?, ?, ?, ?, ?, ?)
Hibernate: 
    update
        clothes_image 
    set
        closets_post_id=?,
        path=?,
        stores_post_id=?,
        type=? 
    where
        id=?
Hibernate: 
    update
        clothes_image 
    set
        closets_post_id=?,
        path=?,
        stores_post_id=?,
        type=? 
    where
        id=?
gunsong2@naver.com
Hibernate: 
    select
        members0_.id as id1_6_,
        members0_.email as email2_6_,
        members0_.image as image3_6_,
        members0_.name as name4_6_,
        members0_.nickname as nickname5_6_,
        members0_.password as password6_6_,
        members0_.phone as phone7_6_,
        members0_.refresh_token as refresh_8_6_,
        members0_.role as role9_6_ 
    from
        members members0_ 
    where
        members0_.email=?
Hibernate: 
    select
        style0_.id as id1_14_,
        style0_.name as name2_14_ 
    from
        style style0_ 
    where
        style0_.name=?
Hibernate: 
    select
        materials0_.id as id1_5_,
        materials0_.name as name2_5_ 
    from
        materials materials0_ 
    where
        materials0_.name=?
Hibernate: 
    select
        colors0_.id as id1_4_,
        colors0_.name as name2_4_ 
    from
        colors colors0_ 
    where
        colors0_.name=?
Hibernate: 
    select
        clothesinf0_.id as id1_2_,
        clothesinf0_.categoryl as category2_2_,
        clothesinf0_.categorys as category3_2_,
        clothesinf0_.fit as fit4_2_,
        clothesinf0_.length as length5_2_ 
    from
        clothes_info clothesinf0_ 
    where
        clothesinf0_.categoryl=? 
        and clothesinf0_.categorys=? 
        and clothesinf0_.length=? 
        and clothesinf0_.fit=?
test.jpg
C:\Users\user1\betweenourclothes\images\closets\closets-a92639a6-1cca-4315-9c01-51e4840aa863.jpg
Hibernate: 
    insert 
    into
        clothes_image
        (closets_post_id, path, stores_post_id, type) 
    values
        (?, ?, ?, ?)
test.jpg
C:\Users\user1\betweenourclothes\images\closets\closets-59db6ace-b3e0-413b-b5fa-054e7881781e.jpg
Hibernate: 
    insert 
    into
        clothes_image
        (closets_post_id, path, stores_post_id, type) 
    values
        (?, ?, ?, ?)
Hibernate: 
    insert 
    into
        closets
        (created_date, modified_date, author_id, clothes_info_id, colors_name, materials_name, style_name) 
    values
        (?, ?, ?, ?, ?, ?, ?)
Hibernate: 
    update
        clothes_image 
    set
        closets_post_id=?,
        path=?,
        stores_post_id=?,
        type=? 
    where
        id=?
Hibernate: 
    update
        clothes_image 
    set
        closets_post_id=?,
        path=?,
        stores_post_id=?,
        type=? 
    where
        id=?
Hibernate: 
    select
        closets0_.id as id1_1_,
        closets0_.created_date as created_2_1_,
        closets0_.modified_date as modified3_1_,
        closets0_.author_id as author_i4_1_,
        closets0_.clothes_info_id as clothes_5_1_,
        closets0_.colors_name as colors_n6_1_,
        closets0_.materials_name as material7_1_,
        closets0_.style_name as style_na8_1_ 
    from
        closets closets0_
Hibernate: 
    select
        members0_.id as id1_6_0_,
        members0_.email as email2_6_0_,
        members0_.image as image3_6_0_,
        members0_.name as name4_6_0_,
        members0_.nickname as nickname5_6_0_,
        members0_.password as password6_6_0_,
        members0_.phone as phone7_6_0_,
        members0_.refresh_token as refresh_8_6_0_,
        members0_.role as role9_6_0_ 
    from
        members members0_ 
    where
        members0_.id=?
Hibernate: 
    select
        clothesinf0_.id as id1_2_0_,
        clothesinf0_.categoryl as category2_2_0_,
        clothesinf0_.categorys as category3_2_0_,
        clothesinf0_.fit as fit4_2_0_,
        clothesinf0_.length as length5_2_0_ 
    from
        clothes_info clothesinf0_ 
    where
        clothesinf0_.id=?
Hibernate: 
    select
        colors0_.id as id1_4_0_,
        colors0_.name as name2_4_0_ 
    from
        colors colors0_ 
    where
        colors0_.name=?
Hibernate: 
    select
        materials0_.id as id1_5_0_,
        materials0_.name as name2_5_0_ 
    from
        materials materials0_ 
    where
        materials0_.name=?
Hibernate: 
    select
        style0_.id as id1_14_0_,
        style0_.name as name2_14_0_ 
    from
        style style0_ 
    where
        style0_.name=?
Hibernate: 
    select
        clothesinf0_.id as id1_2_0_,
        clothesinf0_.categoryl as category2_2_0_,
        clothesinf0_.categorys as category3_2_0_,
        clothesinf0_.fit as fit4_2_0_,
        clothesinf0_.length as length5_2_0_ 
    from
        clothes_info clothesinf0_ 
    where
        clothesinf0_.id=?
Hibernate: 
    select
        colors0_.id as id1_4_0_,
        colors0_.name as name2_4_0_ 
    from
        colors colors0_ 
    where
        colors0_.name=?
Hibernate: 
    select
        materials0_.id as id1_5_0_,
        materials0_.name as name2_5_0_ 
    from
        materials materials0_ 
    where
        materials0_.name=?
Hibernate: 
    select
        style0_.id as id1_14_0_,
        style0_.name as name2_14_0_ 
    from
        style style0_ 
    where
        style0_.name=?
Hibernate: 
    select
        clothesinf0_.id as id1_2_0_,
        clothesinf0_.categoryl as category2_2_0_,
        clothesinf0_.categorys as category3_2_0_,
        clothesinf0_.fit as fit4_2_0_,
        clothesinf0_.length as length5_2_0_ 
    from
        clothes_info clothesinf0_ 
    where
        clothesinf0_.id=?
Hibernate: 
    select
        colors0_.id as id1_4_0_,
        colors0_.name as name2_4_0_ 
    from
        colors colors0_ 
    where
        colors0_.name=?
Hibernate: 
    select
        materials0_.id as id1_5_0_,
        materials0_.name as name2_5_0_ 
    from
        materials materials0_ 
    where
        materials0_.name=?
Hibernate: 
    select
        style0_.id as id1_14_0_,
        style0_.name as name2_14_0_ 
    from
        style style0_ 
    where
        style0_.name=?
Hibernate: 
    select
        clothesinf0_.id as id1_2_0_,
        clothesinf0_.categoryl as category2_2_0_,
        clothesinf0_.categorys as category3_2_0_,
        clothesinf0_.fit as fit4_2_0_,
        clothesinf0_.length as length5_2_0_ 
    from
        clothes_info clothesinf0_ 
    where
        clothesinf0_.id=?
Hibernate: 
    select
        colors0_.id as id1_4_0_,
        colors0_.name as name2_4_0_ 
    from
        colors colors0_ 
    where
        colors0_.name=?
Hibernate: 
    select
        materials0_.id as id1_5_0_,
        materials0_.name as name2_5_0_ 
    from
        materials materials0_ 
    where
        materials0_.name=?
Hibernate: 
    select
        style0_.id as id1_14_0_,
        style0_.name as name2_14_0_ 
    from
        style style0_ 
    where
        style0_.name=?
Hibernate: 
    select
        clothesinf0_.id as id1_2_0_,
        clothesinf0_.categoryl as category2_2_0_,
        clothesinf0_.categorys as category3_2_0_,
        clothesinf0_.fit as fit4_2_0_,
        clothesinf0_.length as length5_2_0_ 
    from
        clothes_info clothesinf0_ 
    where
        clothesinf0_.id=?
Hibernate: 
    select
        materials0_.id as id1_5_0_,
        materials0_.name as name2_5_0_ 
    from
        materials materials0_ 
    where
        materials0_.name=?
Hibernate: 
    select
        style0_.id as id1_14_0_,
        style0_.name as name2_14_0_ 
    from
        style style0_ 
    where
        style0_.name=?
Hibernate: 
    select
        clothesima0_.id as id1_3_,
        clothesima0_.closets_post_id as closets_4_3_,
        clothesima0_.path as path2_3_,
        clothesima0_.stores_post_id as stores_p5_3_,
        clothesima0_.type as type3_3_ 
    from
        clothes_image clothesima0_
Hibernate: 
    select
        closets0_.id as id1_1_0_,
        closets0_.created_date as created_2_1_0_,
        closets0_.modified_date as modified3_1_0_,
        closets0_.author_id as author_i4_1_0_,
        closets0_.clothes_info_id as clothes_5_1_0_,
        closets0_.colors_name as colors_n6_1_0_,
        closets0_.materials_name as material7_1_0_,
        closets0_.style_name as style_na8_1_0_,
        members1_.id as id1_6_1_,
        members1_.email as email2_6_1_,
        members1_.image as image3_6_1_,
        members1_.name as name4_6_1_,
        members1_.nickname as nickname5_6_1_,
        members1_.password as password6_6_1_,
        members1_.phone as phone7_6_1_,
        members1_.refresh_token as refresh_8_6_1_,
        members1_.role as role9_6_1_,
        clothesinf2_.id as id1_2_2_,
        clothesinf2_.categoryl as category2_2_2_,
        clothesinf2_.categorys as category3_2_2_,
        clothesinf2_.fit as fit4_2_2_,
        clothesinf2_.length as length5_2_2_,
        colors3_.id as id1_4_3_,
        colors3_.name as name2_4_3_,
        materials4_.id as id1_5_4_,
        materials4_.name as name2_5_4_,
        style5_.id as id1_14_5_,
        style5_.name as name2_14_5_ 
    from
        closets closets0_ 
    left outer join
        members members1_ 
            on closets0_.author_id=members1_.id 
    left outer join
        clothes_info clothesinf2_ 
            on closets0_.clothes_info_id=clothesinf2_.id 
    left outer join
        colors colors3_ 
            on closets0_.colors_name=colors3_.name 
    left outer join
        materials materials4_ 
            on closets0_.materials_name=materials4_.name 
    left outer join
        style style5_ 
            on closets0_.style_name=style5_.name 
    where
        closets0_.id=?
Hibernate: 
    select
        closets0_.id as id1_1_0_,
        closets0_.created_date as created_2_1_0_,
        closets0_.modified_date as modified3_1_0_,
        closets0_.author_id as author_i4_1_0_,
        closets0_.clothes_info_id as clothes_5_1_0_,
        closets0_.colors_name as colors_n6_1_0_,
        closets0_.materials_name as material7_1_0_,
        closets0_.style_name as style_na8_1_0_,
        members1_.id as id1_6_1_,
        members1_.email as email2_6_1_,
        members1_.image as image3_6_1_,
        members1_.name as name4_6_1_,
        members1_.nickname as nickname5_6_1_,
        members1_.password as password6_6_1_,
        members1_.phone as phone7_6_1_,
        members1_.refresh_token as refresh_8_6_1_,
        members1_.role as role9_6_1_,
        clothesinf2_.id as id1_2_2_,
        clothesinf2_.categoryl as category2_2_2_,
        clothesinf2_.categorys as category3_2_2_,
        clothesinf2_.fit as fit4_2_2_,
        clothesinf2_.length as length5_2_2_,
        colors3_.id as id1_4_3_,
        colors3_.name as name2_4_3_,
        materials4_.id as id1_5_4_,
        materials4_.name as name2_5_4_,
        style5_.id as id1_14_5_,
        style5_.name as name2_14_5_ 
    from
        closets closets0_ 
    left outer join
        members members1_ 
            on closets0_.author_id=members1_.id 
    left outer join
        clothes_info clothesinf2_ 
            on closets0_.clothes_info_id=clothesinf2_.id 
    left outer join
        colors colors3_ 
            on closets0_.colors_name=colors3_.name 
    left outer join
        materials materials4_ 
            on closets0_.materials_name=materials4_.name 
    left outer join
        style style5_ 
            on closets0_.style_name=style5_.name 
    where
        closets0_.id=?
Hibernate: 
    select
        closets0_.id as id1_1_0_,
        closets0_.created_date as created_2_1_0_,
        closets0_.modified_date as modified3_1_0_,
        closets0_.author_id as author_i4_1_0_,
        closets0_.clothes_info_id as clothes_5_1_0_,
        closets0_.colors_name as colors_n6_1_0_,
        closets0_.materials_name as material7_1_0_,
        closets0_.style_name as style_na8_1_0_,
        members1_.id as id1_6_1_,
        members1_.email as email2_6_1_,
        members1_.image as image3_6_1_,
        members1_.name as name4_6_1_,
        members1_.nickname as nickname5_6_1_,
        members1_.password as password6_6_1_,
        members1_.phone as phone7_6_1_,
        members1_.refresh_token as refresh_8_6_1_,
        members1_.role as role9_6_1_,
        clothesinf2_.id as id1_2_2_,
        clothesinf2_.categoryl as category2_2_2_,
        clothesinf2_.categorys as category3_2_2_,
        clothesinf2_.fit as fit4_2_2_,
        clothesinf2_.length as length5_2_2_,
        colors3_.id as id1_4_3_,
        colors3_.name as name2_4_3_,
        materials4_.id as id1_5_4_,
        materials4_.name as name2_5_4_,
        style5_.id as id1_14_5_,
        style5_.name as name2_14_5_ 
    from
        closets closets0_ 
    left outer join
        members members1_ 
            on closets0_.author_id=members1_.id 
    left outer join
        clothes_info clothesinf2_ 
            on closets0_.clothes_info_id=clothesinf2_.id 
    left outer join
        colors colors3_ 
            on closets0_.colors_name=colors3_.name 
    left outer join
        materials materials4_ 
            on closets0_.materials_name=materials4_.name 
    left outer join
        style style5_ 
            on closets0_.style_name=style5_.name 
    where
        closets0_.id=?
Hibernate: 
    select
        closets0_.id as id1_1_0_,
        closets0_.created_date as created_2_1_0_,
        closets0_.modified_date as modified3_1_0_,
        closets0_.author_id as author_i4_1_0_,
        closets0_.clothes_info_id as clothes_5_1_0_,
        closets0_.colors_name as colors_n6_1_0_,
        closets0_.materials_name as material7_1_0_,
        closets0_.style_name as style_na8_1_0_,
        members1_.id as id1_6_1_,
        members1_.email as email2_6_1_,
        members1_.image as image3_6_1_,
        members1_.name as name4_6_1_,
        members1_.nickname as nickname5_6_1_,
        members1_.password as password6_6_1_,
        members1_.phone as phone7_6_1_,
        members1_.refresh_token as refresh_8_6_1_,
        members1_.role as role9_6_1_,
        clothesinf2_.id as id1_2_2_,
        clothesinf2_.categoryl as category2_2_2_,
        clothesinf2_.categorys as category3_2_2_,
        clothesinf2_.fit as fit4_2_2_,
        clothesinf2_.length as length5_2_2_,
        colors3_.id as id1_4_3_,
        colors3_.name as name2_4_3_,
        materials4_.id as id1_5_4_,
        materials4_.name as name2_5_4_,
        style5_.id as id1_14_5_,
        style5_.name as name2_14_5_ 
    from
        closets closets0_ 
    left outer join
        members members1_ 
            on closets0_.author_id=members1_.id 
    left outer join
        clothes_info clothesinf2_ 
            on closets0_.clothes_info_id=clothesinf2_.id 
    left outer join
        colors colors3_ 
            on closets0_.colors_name=colors3_.name 
    left outer join
        materials materials4_ 
            on closets0_.materials_name=materials4_.name 
    left outer join
        style style5_ 
            on closets0_.style_name=style5_.name 
    where
        closets0_.id=?
Hibernate: 
    select
        closets0_.id as id1_1_0_,
        closets0_.created_date as created_2_1_0_,
        closets0_.modified_date as modified3_1_0_,
        closets0_.author_id as author_i4_1_0_,
        closets0_.clothes_info_id as clothes_5_1_0_,
        closets0_.colors_name as colors_n6_1_0_,
        closets0_.materials_name as material7_1_0_,
        closets0_.style_name as style_na8_1_0_,
        members1_.id as id1_6_1_,
        members1_.email as email2_6_1_,
        members1_.image as image3_6_1_,
        members1_.name as name4_6_1_,
        members1_.nickname as nickname5_6_1_,
        members1_.password as password6_6_1_,
        members1_.phone as phone7_6_1_,
        members1_.refresh_token as refresh_8_6_1_,
        members1_.role as role9_6_1_,
        clothesinf2_.id as id1_2_2_,
        clothesinf2_.categoryl as category2_2_2_,
        clothesinf2_.categorys as category3_2_2_,
        clothesinf2_.fit as fit4_2_2_,
        clothesinf2_.length as length5_2_2_,
        colors3_.id as id1_4_3_,
        colors3_.name as name2_4_3_,
        materials4_.id as id1_5_4_,
        materials4_.name as name2_5_4_,
        style5_.id as id1_14_5_,
        style5_.name as name2_14_5_ 
    from
        closets closets0_ 
    left outer join
        members members1_ 
            on closets0_.author_id=members1_.id 
    left outer join
        clothes_info clothesinf2_ 
            on closets0_.clothes_info_id=clothesinf2_.id 
    left outer join
        colors colors3_ 
            on closets0_.colors_name=colors3_.name 
    left outer join
        materials materials4_ 
            on closets0_.materials_name=materials4_.name 
    left outer join
        style style5_ 
            on closets0_.style_name=style5_.name 
    where
        closets0_.id=?
Hibernate: 
    select
        closets0_.id as id1_1_0_,
        closets0_.created_date as created_2_1_0_,
        closets0_.modified_date as modified3_1_0_,
        closets0_.author_id as author_i4_1_0_,
        closets0_.clothes_info_id as clothes_5_1_0_,
        closets0_.colors_name as colors_n6_1_0_,
        closets0_.materials_name as material7_1_0_,
        closets0_.style_name as style_na8_1_0_,
        members1_.id as id1_6_1_,
        members1_.email as email2_6_1_,
        members1_.image as image3_6_1_,
        members1_.name as name4_6_1_,
        members1_.nickname as nickname5_6_1_,
        members1_.password as password6_6_1_,
        members1_.phone as phone7_6_1_,
        members1_.refresh_token as refresh_8_6_1_,
        members1_.role as role9_6_1_,
        clothesinf2_.id as id1_2_2_,
        clothesinf2_.categoryl as category2_2_2_,
        clothesinf2_.categorys as category3_2_2_,
        clothesinf2_.fit as fit4_2_2_,
        clothesinf2_.length as length5_2_2_,
        colors3_.id as id1_4_3_,
        colors3_.name as name2_4_3_,
        materials4_.id as id1_5_4_,
        materials4_.name as name2_5_4_,
        style5_.id as id1_14_5_,
        style5_.name as name2_14_5_ 
    from
        closets closets0_ 
    left outer join
        members members1_ 
            on closets0_.author_id=members1_.id 
    left outer join
        clothes_info clothesinf2_ 
            on closets0_.clothes_info_id=clothesinf2_.id 
    left outer join
        colors colors3_ 
            on closets0_.colors_name=colors3_.name 
    left outer join
        materials materials4_ 
            on closets0_.materials_name=materials4_.name 
    left outer join
        style style5_ 
            on closets0_.style_name=style5_.name 
    where
        closets0_.id=?
Hibernate: 
    select
        closets0_.id as id1_1_0_,
        closets0_.created_date as created_2_1_0_,
        closets0_.modified_date as modified3_1_0_,
        closets0_.author_id as author_i4_1_0_,
        closets0_.clothes_info_id as clothes_5_1_0_,
        closets0_.colors_name as colors_n6_1_0_,
        closets0_.materials_name as material7_1_0_,
        closets0_.style_name as style_na8_1_0_,
        members1_.id as id1_6_1_,
        members1_.email as email2_6_1_,
        members1_.image as image3_6_1_,
        members1_.name as name4_6_1_,
        members1_.nickname as nickname5_6_1_,
        members1_.password as password6_6_1_,
        members1_.phone as phone7_6_1_,
        members1_.refresh_token as refresh_8_6_1_,
        members1_.role as role9_6_1_,
        clothesinf2_.id as id1_2_2_,
        clothesinf2_.categoryl as category2_2_2_,
        clothesinf2_.categorys as category3_2_2_,
        clothesinf2_.fit as fit4_2_2_,
        clothesinf2_.length as length5_2_2_,
        colors3_.id as id1_4_3_,
        colors3_.name as name2_4_3_,
        materials4_.id as id1_5_4_,
        materials4_.name as name2_5_4_,
        style5_.id as id1_14_5_,
        style5_.name as name2_14_5_ 
    from
        closets closets0_ 
    left outer join
        members members1_ 
            on closets0_.author_id=members1_.id 
    left outer join
        clothes_info clothesinf2_ 
            on closets0_.clothes_info_id=clothesinf2_.id 
    left outer join
        colors colors3_ 
            on closets0_.colors_name=colors3_.name 
    left outer join
        materials materials4_ 
            on closets0_.materials_name=materials4_.name 
    left outer join
        style style5_ 
            on closets0_.style_name=style5_.name 
    where
        closets0_.id=?
Hibernate: 
    select
        closets0_.id as id1_1_0_,
        closets0_.created_date as created_2_1_0_,
        closets0_.modified_date as modified3_1_0_,
        closets0_.author_id as author_i4_1_0_,
        closets0_.clothes_info_id as clothes_5_1_0_,
        closets0_.colors_name as colors_n6_1_0_,
        closets0_.materials_name as material7_1_0_,
        closets0_.style_name as style_na8_1_0_,
        members1_.id as id1_6_1_,
        members1_.email as email2_6_1_,
        members1_.image as image3_6_1_,
        members1_.name as name4_6_1_,
        members1_.nickname as nickname5_6_1_,
        members1_.password as password6_6_1_,
        members1_.phone as phone7_6_1_,
        members1_.refresh_token as refresh_8_6_1_,
        members1_.role as role9_6_1_,
        clothesinf2_.id as id1_2_2_,
        clothesinf2_.categoryl as category2_2_2_,
        clothesinf2_.categorys as category3_2_2_,
        clothesinf2_.fit as fit4_2_2_,
        clothesinf2_.length as length5_2_2_,
        colors3_.id as id1_4_3_,
        colors3_.name as name2_4_3_,
        materials4_.id as id1_5_4_,
        materials4_.name as name2_5_4_,
        style5_.id as id1_14_5_,
        style5_.name as name2_14_5_ 
    from
        closets closets0_ 
    left outer join
        members members1_ 
            on closets0_.author_id=members1_.id 
    left outer join
        clothes_info clothesinf2_ 
            on closets0_.clothes_info_id=clothesinf2_.id 
    left outer join
        colors colors3_ 
            on closets0_.colors_name=colors3_.name 
    left outer join
        materials materials4_ 
            on closets0_.materials_name=materials4_.name 
    left outer join
        style style5_ 
            on closets0_.style_name=style5_.name 
    where
        closets0_.id=?
Hibernate: 
    select
        closets0_.id as id1_1_0_,
        closets0_.created_date as created_2_1_0_,
        closets0_.modified_date as modified3_1_0_,
        closets0_.author_id as author_i4_1_0_,
        closets0_.clothes_info_id as clothes_5_1_0_,
        closets0_.colors_name as colors_n6_1_0_,
        closets0_.materials_name as material7_1_0_,
        closets0_.style_name as style_na8_1_0_,
        members1_.id as id1_6_1_,
        members1_.email as email2_6_1_,
        members1_.image as image3_6_1_,
        members1_.name as name4_6_1_,
        members1_.nickname as nickname5_6_1_,
        members1_.password as password6_6_1_,
        members1_.phone as phone7_6_1_,
        members1_.refresh_token as refresh_8_6_1_,
        members1_.role as role9_6_1_,
        clothesinf2_.id as id1_2_2_,
        clothesinf2_.categoryl as category2_2_2_,
        clothesinf2_.categorys as category3_2_2_,
        clothesinf2_.fit as fit4_2_2_,
        clothesinf2_.length as length5_2_2_,
        colors3_.id as id1_4_3_,
        colors3_.name as name2_4_3_,
        materials4_.id as id1_5_4_,
        materials4_.name as name2_5_4_,
        style5_.id as id1_14_5_,
        style5_.name as name2_14_5_ 
    from
        closets closets0_ 
    left outer join
        members members1_ 
            on closets0_.author_id=members1_.id 
    left outer join
        clothes_info clothesinf2_ 
            on closets0_.clothes_info_id=clothesinf2_.id 
    left outer join
        colors colors3_ 
            on closets0_.colors_name=colors3_.name 
    left outer join
        materials materials4_ 
            on closets0_.materials_name=materials4_.name 
    left outer join
        style style5_ 
            on closets0_.style_name=style5_.name 
    where
        closets0_.id=?
Hibernate: 
    select
        closets0_.id as id1_1_0_,
        closets0_.created_date as created_2_1_0_,
        closets0_.modified_date as modified3_1_0_,
        closets0_.author_id as author_i4_1_0_,
        closets0_.clothes_info_id as clothes_5_1_0_,
        closets0_.colors_name as colors_n6_1_0_,
        closets0_.materials_name as material7_1_0_,
        closets0_.style_name as style_na8_1_0_,
        members1_.id as id1_6_1_,
        members1_.email as email2_6_1_,
        members1_.image as image3_6_1_,
        members1_.name as name4_6_1_,
        members1_.nickname as nickname5_6_1_,
        members1_.password as password6_6_1_,
        members1_.phone as phone7_6_1_,
        members1_.refresh_token as refresh_8_6_1_,
        members1_.role as role9_6_1_,
        clothesinf2_.id as id1_2_2_,
        clothesinf2_.categoryl as category2_2_2_,
        clothesinf2_.categorys as category3_2_2_,
        clothesinf2_.fit as fit4_2_2_,
        clothesinf2_.length as length5_2_2_,
        colors3_.id as id1_4_3_,
        colors3_.name as name2_4_3_,
        materials4_.id as id1_5_4_,
        materials4_.name as name2_5_4_,
        style5_.id as id1_14_5_,
        style5_.name as name2_14_5_ 
    from
        closets closets0_ 
    left outer join
        members members1_ 
            on closets0_.author_id=members1_.id 
    left outer join
        clothes_info clothesinf2_ 
            on closets0_.clothes_info_id=clothesinf2_.id 
    left outer join
        colors colors3_ 
            on closets0_.colors_name=colors3_.name 
    left outer join
        materials materials4_ 
            on closets0_.materials_name=materials4_.name 
    left outer join
        style style5_ 
            on closets0_.style_name=style5_.name 
    where
        closets0_.id=?
Hibernate: 
    delete 
    from
        clothes_image
Hibernate: 
    delete 
    from
        closets
Hibernate: 
    select
        members0_.id as id1_6_,
        members0_.email as email2_6_,
        members0_.image as image3_6_,
        members0_.name as name4_6_,
        members0_.nickname as nickname5_6_,
        members0_.password as password6_6_,
        members0_.phone as phone7_6_,
        members0_.refresh_token as refresh_8_6_,
        members0_.role as role9_6_ 
    from
        members members0_ 
    where
        members0_.email=?
Hibernate: 
    select
        members0_.id as id1_6_,
        members0_.email as email2_6_,
        members0_.image as image3_6_,
        members0_.name as name4_6_,
        members0_.nickname as nickname5_6_,
        members0_.password as password6_6_,
        members0_.phone as phone7_6_,
        members0_.refresh_token as refresh_8_6_,
        members0_.role as role9_6_ 
    from
        members members0_ 
    where
        members0_.email=?
2022-11-15 21:30:50.816  INFO 20908 --- [    Test worker] o.a.c.c.C.[Tomcat].[localhost].[/]       : Initializing Spring TestDispatcherServlet ''
2022-11-15 21:30:50.816  INFO 20908 --- [    Test worker] o.s.t.web.servlet.TestDispatcherServlet  : Initializing Servlet ''
2022-11-15 21:30:50.823  INFO 20908 --- [    Test worker] o.s.t.web.servlet.TestDispatcherServlet  : Completed initialization in 7 ms
gunsong2@naver.com
Hibernate: 
    select
        members0_.id as id1_6_,
        members0_.email as email2_6_,
        members0_.image as image3_6_,
        members0_.name as name4_6_,
        members0_.nickname as nickname5_6_,
        members0_.password as password6_6_,
        members0_.phone as phone7_6_,
        members0_.refresh_token as refresh_8_6_,
        members0_.role as role9_6_ 
    from
        members members0_ 
    where
        members0_.email=?
Hibernate: 
    select
        style0_.id as id1_14_,
        style0_.name as name2_14_ 
    from
        style style0_ 
    where
        style0_.name=?
Hibernate: 
    select
        materials0_.id as id1_5_,
        materials0_.name as name2_5_ 
    from
        materials materials0_ 
    where
        materials0_.name=?
Hibernate: 
    select
        colors0_.id as id1_4_,
        colors0_.name as name2_4_ 
    from
        colors colors0_ 
    where
        colors0_.name=?
Hibernate: 
    select
        clothesinf0_.id as id1_2_,
        clothesinf0_.categoryl as category2_2_,
        clothesinf0_.categorys as category3_2_,
        clothesinf0_.fit as fit4_2_,
        clothesinf0_.length as length5_2_ 
    from
        clothes_info clothesinf0_ 
    where
        clothesinf0_.categoryl=? 
        and clothesinf0_.categorys=? 
        and clothesinf0_.length=? 
        and clothesinf0_.fit=?
test.jpg
C:\Users\user1\betweenourclothes\images\closets\closets-0367b02d-4827-4fa0-a8cc-5120a0eb15e6.jpg
Hibernate: 
    insert 
    into
        clothes_image
        (closets_post_id, path, stores_post_id, type) 
    values
        (?, ?, ?, ?)
test.jpg
C:\Users\user1\betweenourclothes\images\closets\closets-1a68f65c-6419-40b9-8306-c30a56aae0a8.jpg
Hibernate: 
    insert 
    into
        clothes_image
        (closets_post_id, path, stores_post_id, type) 
    values
        (?, ?, ?, ?)
Hibernate: 
    insert 
    into
        closets
        (created_date, modified_date, author_id, clothes_info_id, colors_name, materials_name, style_name) 
    values
        (?, ?, ?, ?, ?, ?, ?)
Hibernate: 
    update
        clothes_image 
    set
        closets_post_id=?,
        path=?,
        stores_post_id=?,
        type=? 
    where
        id=?
Hibernate: 
    update
        clothes_image 
    set
        closets_post_id=?,
        path=?,
        stores_post_id=?,
        type=? 
    where
        id=?
gunsong2@naver.com
Hibernate: 
    select
        members0_.id as id1_6_,
        members0_.email as email2_6_,
        members0_.image as image3_6_,
        members0_.name as name4_6_,
        members0_.nickname as nickname5_6_,
        members0_.password as password6_6_,
        members0_.phone as phone7_6_,
        members0_.refresh_token as refresh_8_6_,
        members0_.role as role9_6_ 
    from
        members members0_ 
    where
        members0_.email=?
Hibernate: 
    select
        style0_.id as id1_14_,
        style0_.name as name2_14_ 
    from
        style style0_ 
    where
        style0_.name=?
Hibernate: 
    select
        materials0_.id as id1_5_,
        materials0_.name as name2_5_ 
    from
        materials materials0_ 
    where
        materials0_.name=?
Hibernate: 
    select
        colors0_.id as id1_4_,
        colors0_.name as name2_4_ 
    from
        colors colors0_ 
    where
        colors0_.name=?
Hibernate: 
    select
        clothesinf0_.id as id1_2_,
        clothesinf0_.categoryl as category2_2_,
        clothesinf0_.categorys as category3_2_,
        clothesinf0_.fit as fit4_2_,
        clothesinf0_.length as length5_2_ 
    from
        clothes_info clothesinf0_ 
    where
        clothesinf0_.categoryl=? 
        and clothesinf0_.categorys=? 
        and clothesinf0_.length=? 
        and clothesinf0_.fit=?
test.jpg
C:\Users\user1\betweenourclothes\images\closets\closets-16506bdc-4559-466a-9484-7ad8b86d97d4.jpg
Hibernate: 
    insert 
    into
        clothes_image
        (closets_post_id, path, stores_post_id, type) 
    values
        (?, ?, ?, ?)
test.jpg
C:\Users\user1\betweenourclothes\images\closets\closets-70709c3a-9b90-43c1-a070-294973133d59.jpg
Hibernate: 
    insert 
    into
        clothes_image
        (closets_post_id, path, stores_post_id, type) 
    values
        (?, ?, ?, ?)
Hibernate: 
    insert 
    into
        closets
        (created_date, modified_date, author_id, clothes_info_id, colors_name, materials_name, style_name) 
    values
        (?, ?, ?, ?, ?, ?, ?)
Hibernate: 
    update
        clothes_image 
    set
        closets_post_id=?,
        path=?,
        stores_post_id=?,
        type=? 
    where
        id=?
Hibernate: 
    update
        clothes_image 
    set
        closets_post_id=?,
        path=?,
        stores_post_id=?,
        type=? 
    where
        id=?
gunsong2@naver.com
Hibernate: 
    select
        members0_.id as id1_6_,
        members0_.email as email2_6_,
        members0_.image as image3_6_,
        members0_.name as name4_6_,
        members0_.nickname as nickname5_6_,
        members0_.password as password6_6_,
        members0_.phone as phone7_6_,
        members0_.refresh_token as refresh_8_6_,
        members0_.role as role9_6_ 
    from
        members members0_ 
    where
        members0_.email=?
Hibernate: 
    select
        style0_.id as id1_14_,
        style0_.name as name2_14_ 
    from
        style style0_ 
    where
        style0_.name=?
Hibernate: 
    select
        materials0_.id as id1_5_,
        materials0_.name as name2_5_ 
    from
        materials materials0_ 
    where
        materials0_.name=?
Hibernate: 
    select
        colors0_.id as id1_4_,
        colors0_.name as name2_4_ 
    from
        colors colors0_ 
    where
        colors0_.name=?
Hibernate: 
    select
        clothesinf0_.id as id1_2_,
        clothesinf0_.categoryl as category2_2_,
        clothesinf0_.categorys as category3_2_,
        clothesinf0_.fit as fit4_2_,
        clothesinf0_.length as length5_2_ 
    from
        clothes_info clothesinf0_ 
    where
        clothesinf0_.categoryl=? 
        and clothesinf0_.categorys=? 
        and clothesinf0_.length=? 
        and clothesinf0_.fit=?
test.jpg
C:\Users\user1\betweenourclothes\images\closets\closets-12eb9797-297c-4a18-8880-00c6a011ef08.jpg
Hibernate: 
    insert 
    into
        clothes_image
        (closets_post_id, path, stores_post_id, type) 
    values
        (?, ?, ?, ?)
test.jpg
C:\Users\user1\betweenourclothes\images\closets\closets-cf66bf29-cc62-4367-83b4-dd9c78bf3526.jpg
Hibernate: 
    insert 
    into
        clothes_image
        (closets_post_id, path, stores_post_id, type) 
    values
        (?, ?, ?, ?)
Hibernate: 
    insert 
    into
        closets
        (created_date, modified_date, author_id, clothes_info_id, colors_name, materials_name, style_name) 
    values
        (?, ?, ?, ?, ?, ?, ?)
Hibernate: 
    update
        clothes_image 
    set
        closets_post_id=?,
        path=?,
        stores_post_id=?,
        type=? 
    where
        id=?
Hibernate: 
    update
        clothes_image 
    set
        closets_post_id=?,
        path=?,
        stores_post_id=?,
        type=? 
    where
        id=?
gunsong2@naver.com
Hibernate: 
    select
        members0_.id as id1_6_,
        members0_.email as email2_6_,
        members0_.image as image3_6_,
        members0_.name as name4_6_,
        members0_.nickname as nickname5_6_,
        members0_.password as password6_6_,
        members0_.phone as phone7_6_,
        members0_.refresh_token as refresh_8_6_,
        members0_.role as role9_6_ 
    from
        members members0_ 
    where
        members0_.email=?
Hibernate: 
    select
        style0_.id as id1_14_,
        style0_.name as name2_14_ 
    from
        style style0_ 
    where
        style0_.name=?
Hibernate: 
    select
        materials0_.id as id1_5_,
        materials0_.name as name2_5_ 
    from
        materials materials0_ 
    where
        materials0_.name=?
Hibernate: 
    select
        colors0_.id as id1_4_,
        colors0_.name as name2_4_ 
    from
        colors colors0_ 
    where
        colors0_.name=?
Hibernate: 
    select
        clothesinf0_.id as id1_2_,
        clothesinf0_.categoryl as category2_2_,
        clothesinf0_.categorys as category3_2_,
        clothesinf0_.fit as fit4_2_,
        clothesinf0_.length as length5_2_ 
    from
        clothes_info clothesinf0_ 
    where
        clothesinf0_.categoryl=? 
        and clothesinf0_.categorys=? 
        and clothesinf0_.length=? 
        and clothesinf0_.fit=?
test.jpg
C:\Users\user1\betweenourclothes\images\closets\closets-53e72531-0273-4a3b-9c71-8d21095e9f86.jpg
Hibernate: 
    insert 
    into
        clothes_image
        (closets_post_id, path, stores_post_id, type) 
    values
        (?, ?, ?, ?)
test.jpg
C:\Users\user1\betweenourclothes\images\closets\closets-e9e652de-fe6c-42b9-b2f3-f0b002511b6f.jpg
Hibernate: 
    insert 
    into
        clothes_image
        (closets_post_id, path, stores_post_id, type) 
    values
        (?, ?, ?, ?)
Hibernate: 
    insert 
    into
        closets
        (created_date, modified_date, author_id, clothes_info_id, colors_name, materials_name, style_name) 
    values
        (?, ?, ?, ?, ?, ?, ?)
Hibernate: 
    update
        clothes_image 
    set
        closets_post_id=?,
        path=?,
        stores_post_id=?,
        type=? 
    where
        id=?
Hibernate: 
    update
        clothes_image 
    set
        closets_post_id=?,
        path=?,
        stores_post_id=?,
        type=? 
    where
        id=?
gunsong2@naver.com
Hibernate: 
    select
        members0_.id as id1_6_,
        members0_.email as email2_6_,
        members0_.image as image3_6_,
        members0_.name as name4_6_,
        members0_.nickname as nickname5_6_,
        members0_.password as password6_6_,
        members0_.phone as phone7_6_,
        members0_.refresh_token as refresh_8_6_,
        members0_.role as role9_6_ 
    from
        members members0_ 
    where
        members0_.email=?
Hibernate: 
    select
        style0_.id as id1_14_,
        style0_.name as name2_14_ 
    from
        style style0_ 
    where
        style0_.name=?
Hibernate: 
    select
        materials0_.id as id1_5_,
        materials0_.name as name2_5_ 
    from
        materials materials0_ 
    where
        materials0_.name=?
Hibernate: 
    select
        colors0_.id as id1_4_,
        colors0_.name as name2_4_ 
    from
        colors colors0_ 
    where
        colors0_.name=?
Hibernate: 
    select
        clothesinf0_.id as id1_2_,
        clothesinf0_.categoryl as category2_2_,
        clothesinf0_.categorys as category3_2_,
        clothesinf0_.fit as fit4_2_,
        clothesinf0_.length as length5_2_ 
    from
        clothes_info clothesinf0_ 
    where
        clothesinf0_.categoryl=? 
        and clothesinf0_.categorys=? 
        and clothesinf0_.length=? 
        and clothesinf0_.fit=?
test.jpg
C:\Users\user1\betweenourclothes\images\closets\closets-afd28a8e-7cdc-4cae-b056-1d7aecf9223f.jpg
Hibernate: 
    insert 
    into
        clothes_image
        (closets_post_id, path, stores_post_id, type) 
    values
        (?, ?, ?, ?)
test.jpg
C:\Users\user1\betweenourclothes\images\closets\closets-92382a8f-3c34-4da4-9564-816af1c232da.jpg
Hibernate: 
    insert 
    into
        clothes_image
        (closets_post_id, path, stores_post_id, type) 
    values
        (?, ?, ?, ?)
Hibernate: 
    insert 
    into
        closets
        (created_date, modified_date, author_id, clothes_info_id, colors_name, materials_name, style_name) 
    values
        (?, ?, ?, ?, ?, ?, ?)
Hibernate: 
    update
        clothes_image 
    set
        closets_post_id=?,
        path=?,
        stores_post_id=?,
        type=? 
    where
        id=?
Hibernate: 
    update
        clothes_image 
    set
        closets_post_id=?,
        path=?,
        stores_post_id=?,
        type=? 
    where
        id=?
Hibernate: 
    select
        closets0_.id as id1_1_,
        closets0_.created_date as created_2_1_,
        closets0_.modified_date as modified3_1_,
        closets0_.author_id as author_i4_1_,
        closets0_.clothes_info_id as clothes_5_1_,
        closets0_.colors_name as colors_n6_1_,
        closets0_.materials_name as material7_1_,
        closets0_.style_name as style_na8_1_ 
    from
        closets closets0_
Hibernate: 
    select
        members0_.id as id1_6_0_,
        members0_.email as email2_6_0_,
        members0_.image as image3_6_0_,
        members0_.name as name4_6_0_,
        members0_.nickname as nickname5_6_0_,
        members0_.password as password6_6_0_,
        members0_.phone as phone7_6_0_,
        members0_.refresh_token as refresh_8_6_0_,
        members0_.role as role9_6_0_ 
    from
        members members0_ 
    where
        members0_.id=?
Hibernate: 
    select
        clothesinf0_.id as id1_2_0_,
        clothesinf0_.categoryl as category2_2_0_,
        clothesinf0_.categorys as category3_2_0_,
        clothesinf0_.fit as fit4_2_0_,
        clothesinf0_.length as length5_2_0_ 
    from
        clothes_info clothesinf0_ 
    where
        clothesinf0_.id=?
Hibernate: 
    select
        colors0_.id as id1_4_0_,
        colors0_.name as name2_4_0_ 
    from
        colors colors0_ 
    where
        colors0_.name=?
Hibernate: 
    select
        materials0_.id as id1_5_0_,
        materials0_.name as name2_5_0_ 
    from
        materials materials0_ 
    where
        materials0_.name=?
Hibernate: 
    select
        style0_.id as id1_14_0_,
        style0_.name as name2_14_0_ 
    from
        style style0_ 
    where
        style0_.name=?
Hibernate: 
    select
        clothesinf0_.id as id1_2_0_,
        clothesinf0_.categoryl as category2_2_0_,
        clothesinf0_.categorys as category3_2_0_,
        clothesinf0_.fit as fit4_2_0_,
        clothesinf0_.length as length5_2_0_ 
    from
        clothes_info clothesinf0_ 
    where
        clothesinf0_.id=?
Hibernate: 
    select
        colors0_.id as id1_4_0_,
        colors0_.name as name2_4_0_ 
    from
        colors colors0_ 
    where
        colors0_.name=?
Hibernate: 
    select
        materials0_.id as id1_5_0_,
        materials0_.name as name2_5_0_ 
    from
        materials materials0_ 
    where
        materials0_.name=?
Hibernate: 
    select
        style0_.id as id1_14_0_,
        style0_.name as name2_14_0_ 
    from
        style style0_ 
    where
        style0_.name=?
Hibernate: 
    select
        clothesinf0_.id as id1_2_0_,
        clothesinf0_.categoryl as category2_2_0_,
        clothesinf0_.categorys as category3_2_0_,
        clothesinf0_.fit as fit4_2_0_,
        clothesinf0_.length as length5_2_0_ 
    from
        clothes_info clothesinf0_ 
    where
        clothesinf0_.id=?
Hibernate: 
    select
        colors0_.id as id1_4_0_,
        colors0_.name as name2_4_0_ 
    from
        colors colors0_ 
    where
        colors0_.name=?
Hibernate: 
    select
        materials0_.id as id1_5_0_,
        materials0_.name as name2_5_0_ 
    from
        materials materials0_ 
    where
        materials0_.name=?
Hibernate: 
    select
        style0_.id as id1_14_0_,
        style0_.name as name2_14_0_ 
    from
        style style0_ 
    where
        style0_.name=?
Hibernate: 
    select
        clothesinf0_.id as id1_2_0_,
        clothesinf0_.categoryl as category2_2_0_,
        clothesinf0_.categorys as category3_2_0_,
        clothesinf0_.fit as fit4_2_0_,
        clothesinf0_.length as length5_2_0_ 
    from
        clothes_info clothesinf0_ 
    where
        clothesinf0_.id=?
Hibernate: 
    select
        colors0_.id as id1_4_0_,
        colors0_.name as name2_4_0_ 
    from
        colors colors0_ 
    where
        colors0_.name=?
Hibernate: 
    select
        materials0_.id as id1_5_0_,
        materials0_.name as name2_5_0_ 
    from
        materials materials0_ 
    where
        materials0_.name=?
Hibernate: 
    select
        style0_.id as id1_14_0_,
        style0_.name as name2_14_0_ 
    from
        style style0_ 
    where
        style0_.name=?
Hibernate: 
    select
        clothesinf0_.id as id1_2_0_,
        clothesinf0_.categoryl as category2_2_0_,
        clothesinf0_.categorys as category3_2_0_,
        clothesinf0_.fit as fit4_2_0_,
        clothesinf0_.length as length5_2_0_ 
    from
        clothes_info clothesinf0_ 
    where
        clothesinf0_.id=?
Hibernate: 
    select
        materials0_.id as id1_5_0_,
        materials0_.name as name2_5_0_ 
    from
        materials materials0_ 
    where
        materials0_.name=?
Hibernate: 
    select
        style0_.id as id1_14_0_,
        style0_.name as name2_14_0_ 
    from
        style style0_ 
    where
        style0_.name=?
Hibernate: 
    select
        clothesima0_.id as id1_3_,
        clothesima0_.closets_post_id as closets_4_3_,
        clothesima0_.path as path2_3_,
        clothesima0_.stores_post_id as stores_p5_3_,
        clothesima0_.type as type3_3_ 
    from
        clothes_image clothesima0_
Hibernate: 
    select
        closets0_.id as id1_1_0_,
        closets0_.created_date as created_2_1_0_,
        closets0_.modified_date as modified3_1_0_,
        closets0_.author_id as author_i4_1_0_,
        closets0_.clothes_info_id as clothes_5_1_0_,
        closets0_.colors_name as colors_n6_1_0_,
        closets0_.materials_name as material7_1_0_,
        closets0_.style_name as style_na8_1_0_,
        members1_.id as id1_6_1_,
        members1_.email as email2_6_1_,
        members1_.image as image3_6_1_,
        members1_.name as name4_6_1_,
        members1_.nickname as nickname5_6_1_,
        members1_.password as password6_6_1_,
        members1_.phone as phone7_6_1_,
        members1_.refresh_token as refresh_8_6_1_,
        members1_.role as role9_6_1_,
        clothesinf2_.id as id1_2_2_,
        clothesinf2_.categoryl as category2_2_2_,
        clothesinf2_.categorys as category3_2_2_,
        clothesinf2_.fit as fit4_2_2_,
        clothesinf2_.length as length5_2_2_,
        colors3_.id as id1_4_3_,
        colors3_.name as name2_4_3_,
        materials4_.id as id1_5_4_,
        materials4_.name as name2_5_4_,
        style5_.id as id1_14_5_,
        style5_.name as name2_14_5_ 
    from
        closets closets0_ 
    left outer join
        members members1_ 
            on closets0_.author_id=members1_.id 
    left outer join
        clothes_info clothesinf2_ 
            on closets0_.clothes_info_id=clothesinf2_.id 
    left outer join
        colors colors3_ 
            on closets0_.colors_name=colors3_.name 
    left outer join
        materials materials4_ 
            on closets0_.materials_name=materials4_.name 
    left outer join
        style style5_ 
            on closets0_.style_name=style5_.name 
    where
        closets0_.id=?
Hibernate: 
    select
        closets0_.id as id1_1_0_,
        closets0_.created_date as created_2_1_0_,
        closets0_.modified_date as modified3_1_0_,
        closets0_.author_id as author_i4_1_0_,
        closets0_.clothes_info_id as clothes_5_1_0_,
        closets0_.colors_name as colors_n6_1_0_,
        closets0_.materials_name as material7_1_0_,
        closets0_.style_name as style_na8_1_0_,
        members1_.id as id1_6_1_,
        members1_.email as email2_6_1_,
        members1_.image as image3_6_1_,
        members1_.name as name4_6_1_,
        members1_.nickname as nickname5_6_1_,
        members1_.password as password6_6_1_,
        members1_.phone as phone7_6_1_,
        members1_.refresh_token as refresh_8_6_1_,
        members1_.role as role9_6_1_,
        clothesinf2_.id as id1_2_2_,
        clothesinf2_.categoryl as category2_2_2_,
        clothesinf2_.categorys as category3_2_2_,
        clothesinf2_.fit as fit4_2_2_,
        clothesinf2_.length as length5_2_2_,
        colors3_.id as id1_4_3_,
        colors3_.name as name2_4_3_,
        materials4_.id as id1_5_4_,
        materials4_.name as name2_5_4_,
        style5_.id as id1_14_5_,
        style5_.name as name2_14_5_ 
    from
        closets closets0_ 
    left outer join
        members members1_ 
            on closets0_.author_id=members1_.id 
    left outer join
        clothes_info clothesinf2_ 
            on closets0_.clothes_info_id=clothesinf2_.id 
    left outer join
        colors colors3_ 
            on closets0_.colors_name=colors3_.name 
    left outer join
        materials materials4_ 
            on closets0_.materials_name=materials4_.name 
    left outer join
        style style5_ 
            on closets0_.style_name=style5_.name 
    where
        closets0_.id=?
Hibernate: 
    select
        closets0_.id as id1_1_0_,
        closets0_.created_date as created_2_1_0_,
        closets0_.modified_date as modified3_1_0_,
        closets0_.author_id as author_i4_1_0_,
        closets0_.clothes_info_id as clothes_5_1_0_,
        closets0_.colors_name as colors_n6_1_0_,
        closets0_.materials_name as material7_1_0_,
        closets0_.style_name as style_na8_1_0_,
        members1_.id as id1_6_1_,
        members1_.email as email2_6_1_,
        members1_.image as image3_6_1_,
        members1_.name as name4_6_1_,
        members1_.nickname as nickname5_6_1_,
        members1_.password as password6_6_1_,
        members1_.phone as phone7_6_1_,
        members1_.refresh_token as refresh_8_6_1_,
        members1_.role as role9_6_1_,
        clothesinf2_.id as id1_2_2_,
        clothesinf2_.categoryl as category2_2_2_,
        clothesinf2_.categorys as category3_2_2_,
        clothesinf2_.fit as fit4_2_2_,
        clothesinf2_.length as length5_2_2_,
        colors3_.id as id1_4_3_,
        colors3_.name as name2_4_3_,
        materials4_.id as id1_5_4_,
        materials4_.name as name2_5_4_,
        style5_.id as id1_14_5_,
        style5_.name as name2_14_5_ 
    from
        closets closets0_ 
    left outer join
        members members1_ 
            on closets0_.author_id=members1_.id 
    left outer join
        clothes_info clothesinf2_ 
            on closets0_.clothes_info_id=clothesinf2_.id 
    left outer join
        colors colors3_ 
            on closets0_.colors_name=colors3_.name 
    left outer join
        materials materials4_ 
            on closets0_.materials_name=materials4_.name 
    left outer join
        style style5_ 
            on closets0_.style_name=style5_.name 
    where
        closets0_.id=?
Hibernate: 
    select
        closets0_.id as id1_1_0_,
        closets0_.created_date as created_2_1_0_,
        closets0_.modified_date as modified3_1_0_,
        closets0_.author_id as author_i4_1_0_,
        closets0_.clothes_info_id as clothes_5_1_0_,
        closets0_.colors_name as colors_n6_1_0_,
        closets0_.materials_name as material7_1_0_,
        closets0_.style_name as style_na8_1_0_,
        members1_.id as id1_6_1_,
        members1_.email as email2_6_1_,
        members1_.image as image3_6_1_,
        members1_.name as name4_6_1_,
        members1_.nickname as nickname5_6_1_,
        members1_.password as password6_6_1_,
        members1_.phone as phone7_6_1_,
        members1_.refresh_token as refresh_8_6_1_,
        members1_.role as role9_6_1_,
        clothesinf2_.id as id1_2_2_,
        clothesinf2_.categoryl as category2_2_2_,
        clothesinf2_.categorys as category3_2_2_,
        clothesinf2_.fit as fit4_2_2_,
        clothesinf2_.length as length5_2_2_,
        colors3_.id as id1_4_3_,
        colors3_.name as name2_4_3_,
        materials4_.id as id1_5_4_,
        materials4_.name as name2_5_4_,
        style5_.id as id1_14_5_,
        style5_.name as name2_14_5_ 
    from
        closets closets0_ 
    left outer join
        members members1_ 
            on closets0_.author_id=members1_.id 
    left outer join
        clothes_info clothesinf2_ 
            on closets0_.clothes_info_id=clothesinf2_.id 
    left outer join
        colors colors3_ 
            on closets0_.colors_name=colors3_.name 
    left outer join
        materials materials4_ 
            on closets0_.materials_name=materials4_.name 
    left outer join
        style style5_ 
            on closets0_.style_name=style5_.name 
    where
        closets0_.id=?
Hibernate: 
    select
        closets0_.id as id1_1_0_,
        closets0_.created_date as created_2_1_0_,
        closets0_.modified_date as modified3_1_0_,
        closets0_.author_id as author_i4_1_0_,
        closets0_.clothes_info_id as clothes_5_1_0_,
        closets0_.colors_name as colors_n6_1_0_,
        closets0_.materials_name as material7_1_0_,
        closets0_.style_name as style_na8_1_0_,
        members1_.id as id1_6_1_,
        members1_.email as email2_6_1_,
        members1_.image as image3_6_1_,
        members1_.name as name4_6_1_,
        members1_.nickname as nickname5_6_1_,
        members1_.password as password6_6_1_,
        members1_.phone as phone7_6_1_,
        members1_.refresh_token as refresh_8_6_1_,
        members1_.role as role9_6_1_,
        clothesinf2_.id as id1_2_2_,
        clothesinf2_.categoryl as category2_2_2_,
        clothesinf2_.categorys as category3_2_2_,
        clothesinf2_.fit as fit4_2_2_,
        clothesinf2_.length as length5_2_2_,
        colors3_.id as id1_4_3_,
        colors3_.name as name2_4_3_,
        materials4_.id as id1_5_4_,
        materials4_.name as name2_5_4_,
        style5_.id as id1_14_5_,
        style5_.name as name2_14_5_ 
    from
        closets closets0_ 
    left outer join
        members members1_ 
            on closets0_.author_id=members1_.id 
    left outer join
        clothes_info clothesinf2_ 
            on closets0_.clothes_info_id=clothesinf2_.id 
    left outer join
        colors colors3_ 
            on closets0_.colors_name=colors3_.name 
    left outer join
        materials materials4_ 
            on closets0_.materials_name=materials4_.name 
    left outer join
        style style5_ 
            on closets0_.style_name=style5_.name 
    where
        closets0_.id=?
Hibernate: 
    delete 
    from
        clothes_image
Hibernate: 
    delete 
    from
        closets
Hibernate: 
    select
        members0_.id as id1_6_,
        members0_.email as email2_6_,
        members0_.image as image3_6_,
        members0_.name as name4_6_,
        members0_.nickname as nickname5_6_,
        members0_.password as password6_6_,
        members0_.phone as phone7_6_,
        members0_.refresh_token as refresh_8_6_,
        members0_.role as role9_6_ 
    from
        members members0_ 
    where
        members0_.email=?
Hibernate: 
    select
        members0_.id as id1_6_,
        members0_.email as email2_6_,
        members0_.image as image3_6_,
        members0_.name as name4_6_,
        members0_.nickname as nickname5_6_,
        members0_.password as password6_6_,
        members0_.phone as phone7_6_,
        members0_.refresh_token as refresh_8_6_,
        members0_.role as role9_6_ 
    from
        members members0_ 
    where
        members0_.email=?
Hibernate: 
    update
        members 
    set
        email=?,
        image=?,
        name=?,
        nickname=?,
        password=?,
        phone=?,
        refresh_token=?,
        role=? 
    where
        id=?
2022-11-15 21:30:51.326  INFO 20908 --- [    Test worker] o.a.c.c.C.[Tomcat].[localhost].[/]       : Initializing Spring TestDispatcherServlet ''
2022-11-15 21:30:51.326  INFO 20908 --- [    Test worker] o.s.t.web.servlet.TestDispatcherServlet  : Initializing Servlet ''
2022-11-15 21:30:51.333  INFO 20908 --- [    Test worker] o.s.t.web.servlet.TestDispatcherServlet  : Completed initialization in 7 ms
gunsong2@naver.com
Hibernate: 
    select
        members0_.id as id1_6_,
        members0_.email as email2_6_,
        members0_.image as image3_6_,
        members0_.name as name4_6_,
        members0_.nickname as nickname5_6_,
        members0_.password as password6_6_,
        members0_.phone as phone7_6_,
        members0_.refresh_token as refresh_8_6_,
        members0_.role as role9_6_ 
    from
        members members0_ 
    where
        members0_.email=?
Hibernate: 
    select
        style0_.id as id1_14_,
        style0_.name as name2_14_ 
    from
        style style0_ 
    where
        style0_.name=?
Hibernate: 
    select
        materials0_.id as id1_5_,
        materials0_.name as name2_5_ 
    from
        materials materials0_ 
    where
        materials0_.name=?
Hibernate: 
    select
        colors0_.id as id1_4_,
        colors0_.name as name2_4_ 
    from
        colors colors0_ 
    where
        colors0_.name=?
Hibernate: 
    select
        clothesinf0_.id as id1_2_,
        clothesinf0_.categoryl as category2_2_,
        clothesinf0_.categorys as category3_2_,
        clothesinf0_.fit as fit4_2_,
        clothesinf0_.length as length5_2_ 
    from
        clothes_info clothesinf0_ 
    where
        clothesinf0_.categoryl=? 
        and clothesinf0_.categorys=? 
        and clothesinf0_.length=? 
        and clothesinf0_.fit=?
test.jpg
C:\Users\user1\betweenourclothes\images\closets\closets-5609d31f-cf30-4b24-b934-cf32a8357aed.jpg
Hibernate: 
    insert 
    into
        clothes_image
        (closets_post_id, path, stores_post_id, type) 
    values
        (?, ?, ?, ?)
test.jpg
C:\Users\user1\betweenourclothes\images\closets\closets-c0c12d90-23b9-4cae-9c74-27002445b856.jpg
Hibernate: 
    insert 
    into
        clothes_image
        (closets_post_id, path, stores_post_id, type) 
    values
        (?, ?, ?, ?)
Hibernate: 
    insert 
    into
        closets
        (created_date, modified_date, author_id, clothes_info_id, colors_name, materials_name, style_name) 
    values
        (?, ?, ?, ?, ?, ?, ?)
Hibernate: 
    update
        clothes_image 
    set
        closets_post_id=?,
        path=?,
        stores_post_id=?,
        type=? 
    where
        id=?
Hibernate: 
    update
        clothes_image 
    set
        closets_post_id=?,
        path=?,
        stores_post_id=?,
        type=? 
    where
        id=?
gunsong2@naver.com
Hibernate: 
    select
        members0_.id as id1_6_,
        members0_.email as email2_6_,
        members0_.image as image3_6_,
        members0_.name as name4_6_,
        members0_.nickname as nickname5_6_,
        members0_.password as password6_6_,
        members0_.phone as phone7_6_,
        members0_.refresh_token as refresh_8_6_,
        members0_.role as role9_6_ 
    from
        members members0_ 
    where
        members0_.email=?
Hibernate: 
    select
        style0_.id as id1_14_,
        style0_.name as name2_14_ 
    from
        style style0_ 
    where
        style0_.name=?
Hibernate: 
    select
        materials0_.id as id1_5_,
        materials0_.name as name2_5_ 
    from
        materials materials0_ 
    where
        materials0_.name=?
Hibernate: 
    select
        colors0_.id as id1_4_,
        colors0_.name as name2_4_ 
    from
        colors colors0_ 
    where
        colors0_.name=?
Hibernate: 
    select
        clothesinf0_.id as id1_2_,
        clothesinf0_.categoryl as category2_2_,
        clothesinf0_.categorys as category3_2_,
        clothesinf0_.fit as fit4_2_,
        clothesinf0_.length as length5_2_ 
    from
        clothes_info clothesinf0_ 
    where
        clothesinf0_.categoryl=? 
        and clothesinf0_.categorys=? 
        and clothesinf0_.length=? 
        and clothesinf0_.fit=?
test.jpg
C:\Users\user1\betweenourclothes\images\closets\closets-fd735521-82ae-467c-9a95-e2e5fd8765e4.jpg
Hibernate: 
    insert 
    into
        clothes_image
        (closets_post_id, path, stores_post_id, type) 
    values
        (?, ?, ?, ?)
test.jpg
C:\Users\user1\betweenourclothes\images\closets\closets-811f9dbf-78eb-4487-b1d2-5922745caec9.jpg
Hibernate: 
    insert 
    into
        clothes_image
        (closets_post_id, path, stores_post_id, type) 
    values
        (?, ?, ?, ?)
Hibernate: 
    insert 
    into
        closets
        (created_date, modified_date, author_id, clothes_info_id, colors_name, materials_name, style_name) 
    values
        (?, ?, ?, ?, ?, ?, ?)
Hibernate: 
    update
        clothes_image 
    set
        closets_post_id=?,
        path=?,
        stores_post_id=?,
        type=? 
    where
        id=?
Hibernate: 
    update
        clothes_image 
    set
        closets_post_id=?,
        path=?,
        stores_post_id=?,
        type=? 
    where
        id=?
gunsong2@naver.com
Hibernate: 
    select
        members0_.id as id1_6_,
        members0_.email as email2_6_,
        members0_.image as image3_6_,
        members0_.name as name4_6_,
        members0_.nickname as nickname5_6_,
        members0_.password as password6_6_,
        members0_.phone as phone7_6_,
        members0_.refresh_token as refresh_8_6_,
        members0_.role as role9_6_ 
    from
        members members0_ 
    where
        members0_.email=?
Hibernate: 
    select
        style0_.id as id1_14_,
        style0_.name as name2_14_ 
    from
        style style0_ 
    where
        style0_.name=?
Hibernate: 
    select
        materials0_.id as id1_5_,
        materials0_.name as name2_5_ 
    from
        materials materials0_ 
    where
        materials0_.name=?
Hibernate: 
    select
        colors0_.id as id1_4_,
        colors0_.name as name2_4_ 
    from
        colors colors0_ 
    where
        colors0_.name=?
Hibernate: 
    select
        clothesinf0_.id as id1_2_,
        clothesinf0_.categoryl as category2_2_,
        clothesinf0_.categorys as category3_2_,
        clothesinf0_.fit as fit4_2_,
        clothesinf0_.length as length5_2_ 
    from
        clothes_info clothesinf0_ 
    where
        clothesinf0_.categoryl=? 
        and clothesinf0_.categorys=? 
        and clothesinf0_.length=? 
        and clothesinf0_.fit=?
test.jpg
C:\Users\user1\betweenourclothes\images\closets\closets-a6eb28c3-2671-4a69-886c-be224b496d7d.jpg
Hibernate: 
    insert 
    into
        clothes_image
        (closets_post_id, path, stores_post_id, type) 
    values
        (?, ?, ?, ?)
test.jpg
C:\Users\user1\betweenourclothes\images\closets\closets-8e20996d-56ec-4fc6-a8d2-5a5b38b5e1f3.jpg
Hibernate: 
    insert 
    into
        clothes_image
        (closets_post_id, path, stores_post_id, type) 
    values
        (?, ?, ?, ?)
Hibernate: 
    insert 
    into
        closets
        (created_date, modified_date, author_id, clothes_info_id, colors_name, materials_name, style_name) 
    values
        (?, ?, ?, ?, ?, ?, ?)
Hibernate: 
    update
        clothes_image 
    set
        closets_post_id=?,
        path=?,
        stores_post_id=?,
        type=? 
    where
        id=?
Hibernate: 
    update
        clothes_image 
    set
        closets_post_id=?,
        path=?,
        stores_post_id=?,
        type=? 
    where
        id=?
gunsong2@naver.com
Hibernate: 
    select
        members0_.id as id1_6_,
        members0_.email as email2_6_,
        members0_.image as image3_6_,
        members0_.name as name4_6_,
        members0_.nickname as nickname5_6_,
        members0_.password as password6_6_,
        members0_.phone as phone7_6_,
        members0_.refresh_token as refresh_8_6_,
        members0_.role as role9_6_ 
    from
        members members0_ 
    where
        members0_.email=?
Hibernate: 
    select
        style0_.id as id1_14_,
        style0_.name as name2_14_ 
    from
        style style0_ 
    where
        style0_.name=?
Hibernate: 
    select
        materials0_.id as id1_5_,
        materials0_.name as name2_5_ 
    from
        materials materials0_ 
    where
        materials0_.name=?
Hibernate: 
    select
        colors0_.id as id1_4_,
        colors0_.name as name2_4_ 
    from
        colors colors0_ 
    where
        colors0_.name=?
Hibernate: 
    select
        clothesinf0_.id as id1_2_,
        clothesinf0_.categoryl as category2_2_,
        clothesinf0_.categorys as category3_2_,
        clothesinf0_.fit as fit4_2_,
        clothesinf0_.length as length5_2_ 
    from
        clothes_info clothesinf0_ 
    where
        clothesinf0_.categoryl=? 
        and clothesinf0_.categorys=? 
        and clothesinf0_.length=? 
        and clothesinf0_.fit=?
test.jpg
C:\Users\user1\betweenourclothes\images\closets\closets-401b8b2d-6166-40ad-933a-b8ce3e29d8d9.jpg
Hibernate: 
    insert 
    into
        clothes_image
        (closets_post_id, path, stores_post_id, type) 
    values
        (?, ?, ?, ?)
test.jpg
C:\Users\user1\betweenourclothes\images\closets\closets-ec97bb9a-7d64-4f08-8532-68c4720d814b.jpg
Hibernate: 
    insert 
    into
        clothes_image
        (closets_post_id, path, stores_post_id, type) 
    values
        (?, ?, ?, ?)
Hibernate: 
    insert 
    into
        closets
        (created_date, modified_date, author_id, clothes_info_id, colors_name, materials_name, style_name) 
    values
        (?, ?, ?, ?, ?, ?, ?)
Hibernate: 
    update
        clothes_image 
    set
        closets_post_id=?,
        path=?,
        stores_post_id=?,
        type=? 
    where
        id=?
Hibernate: 
    update
        clothes_image 
    set
        closets_post_id=?,
        path=?,
        stores_post_id=?,
        type=? 
    where
        id=?
gunsong2@naver.com
Hibernate: 
    select
        members0_.id as id1_6_,
        members0_.email as email2_6_,
        members0_.image as image3_6_,
        members0_.name as name4_6_,
        members0_.nickname as nickname5_6_,
        members0_.password as password6_6_,
        members0_.phone as phone7_6_,
        members0_.refresh_token as refresh_8_6_,
        members0_.role as role9_6_ 
    from
        members members0_ 
    where
        members0_.email=?
Hibernate: 
    select
        style0_.id as id1_14_,
        style0_.name as name2_14_ 
    from
        style style0_ 
    where
        style0_.name=?
Hibernate: 
    select
        materials0_.id as id1_5_,
        materials0_.name as name2_5_ 
    from
        materials materials0_ 
    where
        materials0_.name=?
Hibernate: 
    select
        colors0_.id as id1_4_,
        colors0_.name as name2_4_ 
    from
        colors colors0_ 
    where
        colors0_.name=?
Hibernate: 
    select
        clothesinf0_.id as id1_2_,
        clothesinf0_.categoryl as category2_2_,
        clothesinf0_.categorys as category3_2_,
        clothesinf0_.fit as fit4_2_,
        clothesinf0_.length as length5_2_ 
    from
        clothes_info clothesinf0_ 
    where
        clothesinf0_.categoryl=? 
        and clothesinf0_.categorys=? 
        and clothesinf0_.length=? 
        and clothesinf0_.fit=?
test.jpg
C:\Users\user1\betweenourclothes\images\closets\closets-0f3b9a2c-8871-4468-b16e-719b0136a90b.jpg
Hibernate: 
    insert 
    into
        clothes_image
        (closets_post_id, path, stores_post_id, type) 
    values
        (?, ?, ?, ?)
test.jpg
C:\Users\user1\betweenourclothes\images\closets\closets-7bb223cc-0d1f-4b60-9e3a-d8956f271f64.jpg
Hibernate: 
    insert 
    into
        clothes_image
        (closets_post_id, path, stores_post_id, type) 
    values
        (?, ?, ?, ?)
Hibernate: 
    insert 
    into
        closets
        (created_date, modified_date, author_id, clothes_info_id, colors_name, materials_name, style_name) 
    values
        (?, ?, ?, ?, ?, ?, ?)
Hibernate: 
    update
        clothes_image 
    set
        closets_post_id=?,
        path=?,
        stores_post_id=?,
        type=? 
    where
        id=?
Hibernate: 
    update
        clothes_image 
    set
        closets_post_id=?,
        path=?,
        stores_post_id=?,
        type=? 
    where
        id=?
Hibernate: 
    select
        closets0_.id as id1_1_,
        closets0_.created_date as created_2_1_,
        closets0_.modified_date as modified3_1_,
        closets0_.author_id as author_i4_1_,
        closets0_.clothes_info_id as clothes_5_1_,
        closets0_.colors_name as colors_n6_1_,
        closets0_.materials_name as material7_1_,
        closets0_.style_name as style_na8_1_ 
    from
        closets closets0_
Hibernate: 
    select
        members0_.id as id1_6_0_,
        members0_.email as email2_6_0_,
        members0_.image as image3_6_0_,
        members0_.name as name4_6_0_,
        members0_.nickname as nickname5_6_0_,
        members0_.password as password6_6_0_,
        members0_.phone as phone7_6_0_,
        members0_.refresh_token as refresh_8_6_0_,
        members0_.role as role9_6_0_ 
    from
        members members0_ 
    where
        members0_.id=?
Hibernate: 
    select
        clothesinf0_.id as id1_2_0_,
        clothesinf0_.categoryl as category2_2_0_,
        clothesinf0_.categorys as category3_2_0_,
        clothesinf0_.fit as fit4_2_0_,
        clothesinf0_.length as length5_2_0_ 
    from
        clothes_info clothesinf0_ 
    where
        clothesinf0_.id=?
Hibernate: 
    select
        colors0_.id as id1_4_0_,
        colors0_.name as name2_4_0_ 
    from
        colors colors0_ 
    where
        colors0_.name=?
Hibernate: 
    select
        materials0_.id as id1_5_0_,
        materials0_.name as name2_5_0_ 
    from
        materials materials0_ 
    where
        materials0_.name=?
Hibernate: 
    select
        style0_.id as id1_14_0_,
        style0_.name as name2_14_0_ 
    from
        style style0_ 
    where
        style0_.name=?
Hibernate: 
    select
        clothesinf0_.id as id1_2_0_,
        clothesinf0_.categoryl as category2_2_0_,
        clothesinf0_.categorys as category3_2_0_,
        clothesinf0_.fit as fit4_2_0_,
        clothesinf0_.length as length5_2_0_ 
    from
        clothes_info clothesinf0_ 
    where
        clothesinf0_.id=?
Hibernate: 
    select
        colors0_.id as id1_4_0_,
        colors0_.name as name2_4_0_ 
    from
        colors colors0_ 
    where
        colors0_.name=?
Hibernate: 
    select
        materials0_.id as id1_5_0_,
        materials0_.name as name2_5_0_ 
    from
        materials materials0_ 
    where
        materials0_.name=?
Hibernate: 
    select
        style0_.id as id1_14_0_,
        style0_.name as name2_14_0_ 
    from
        style style0_ 
    where
        style0_.name=?
Hibernate: 
    select
        clothesinf0_.id as id1_2_0_,
        clothesinf0_.categoryl as category2_2_0_,
        clothesinf0_.categorys as category3_2_0_,
        clothesinf0_.fit as fit4_2_0_,
        clothesinf0_.length as length5_2_0_ 
    from
        clothes_info clothesinf0_ 
    where
        clothesinf0_.id=?
Hibernate: 
    select
        colors0_.id as id1_4_0_,
        colors0_.name as name2_4_0_ 
    from
        colors colors0_ 
    where
        colors0_.name=?
Hibernate: 
    select
        materials0_.id as id1_5_0_,
        materials0_.name as name2_5_0_ 
    from
        materials materials0_ 
    where
        materials0_.name=?
Hibernate: 
    select
        style0_.id as id1_14_0_,
        style0_.name as name2_14_0_ 
    from
        style style0_ 
    where
        style0_.name=?
Hibernate: 
    select
        clothesinf0_.id as id1_2_0_,
        clothesinf0_.categoryl as category2_2_0_,
        clothesinf0_.categorys as category3_2_0_,
        clothesinf0_.fit as fit4_2_0_,
        clothesinf0_.length as length5_2_0_ 
    from
        clothes_info clothesinf0_ 
    where
        clothesinf0_.id=?
Hibernate: 
    select
        colors0_.id as id1_4_0_,
        colors0_.name as name2_4_0_ 
    from
        colors colors0_ 
    where
        colors0_.name=?
Hibernate: 
    select
        materials0_.id as id1_5_0_,
        materials0_.name as name2_5_0_ 
    from
        materials materials0_ 
    where
        materials0_.name=?
Hibernate: 
    select
        style0_.id as id1_14_0_,
        style0_.name as name2_14_0_ 
    from
        style style0_ 
    where
        style0_.name=?
Hibernate: 
    select
        clothesinf0_.id as id1_2_0_,
        clothesinf0_.categoryl as category2_2_0_,
        clothesinf0_.categorys as category3_2_0_,
        clothesinf0_.fit as fit4_2_0_,
        clothesinf0_.length as length5_2_0_ 
    from
        clothes_info clothesinf0_ 
    where
        clothesinf0_.id=?
Hibernate: 
    select
        materials0_.id as id1_5_0_,
        materials0_.name as name2_5_0_ 
    from
        materials materials0_ 
    where
        materials0_.name=?
Hibernate: 
    select
        style0_.id as id1_14_0_,
        style0_.name as name2_14_0_ 
    from
        style style0_ 
    where
        style0_.name=?
2022-11-15 21:30:51.493  INFO 20908 --- [    Test worker] o.a.c.c.C.[Tomcat].[localhost].[/]       : Initializing Spring TestDispatcherServlet ''
2022-11-15 21:30:51.493  INFO 20908 --- [    Test worker] o.s.t.web.servlet.TestDispatcherServlet  : Initializing Servlet ''
2022-11-15 21:30:51.501  INFO 20908 --- [    Test worker] o.s.t.web.servlet.TestDispatcherServlet  : Completed initialization in 8 ms
{"nameL":"상의","nameS":null,"fit":null,"length":null,"material":null,"color":null}
gunsong2@naver.com
Hibernate: 
    select
        members0_.id as id1_6_,
        members0_.email as email2_6_,
        members0_.image as image3_6_,
        members0_.name as name4_6_,
        members0_.nickname as nickname5_6_,
        members0_.password as password6_6_,
        members0_.phone as phone7_6_,
        members0_.refresh_token as refresh_8_6_,
        members0_.role as role9_6_ 
    from
        members members0_ 
    where
        members0_.email=?
Hibernate: 
    select
        images1_.id as col_0_0_,
        closets0_.id as col_1_0_,
        images1_.id as id1_3_,
        images1_.closets_post_id as closets_4_3_,
        images1_.path as path2_3_,
        images1_.stores_post_id as stores_p5_3_,
        images1_.type as type3_3_ 
    from
        closets closets0_ 
    inner join
        clothes_image images1_ 
            on closets0_.id=images1_.closets_post_id cross 
    join
        clothes_info clothesinf4_ 
    where
        closets0_.clothes_info_id=clothesinf4_.id 
        and (
            images1_.id in (
                select
                    clothesima2_.id 
                from
                    clothes_image clothesima2_ cross 
                join
                    closets closets3_ 
                where
                    clothesima2_.closets_post_id=closets3_.id 
                    and (
                        clothesima2_.stores_post_id is null
                    ) 
                group by
                    clothesima2_.closets_post_id 
                order by
                    closets3_.created_date asc
            )
        ) 
        and closets0_.author_id=? 
        and clothesinf4_.categoryl=? 
    order by
        closets0_.created_date desc limit ?
Hibernate: 
    select
        closets0_.id as id1_1_0_,
        closets0_.created_date as created_2_1_0_,
        closets0_.modified_date as modified3_1_0_,
        closets0_.author_id as author_i4_1_0_,
        closets0_.clothes_info_id as clothes_5_1_0_,
        closets0_.colors_name as colors_n6_1_0_,
        closets0_.materials_name as material7_1_0_,
        closets0_.style_name as style_na8_1_0_,
        members1_.id as id1_6_1_,
        members1_.email as email2_6_1_,
        members1_.image as image3_6_1_,
        members1_.name as name4_6_1_,
        members1_.nickname as nickname5_6_1_,
        members1_.password as password6_6_1_,
        members1_.phone as phone7_6_1_,
        members1_.refresh_token as refresh_8_6_1_,
        members1_.role as role9_6_1_,
        clothesinf2_.id as id1_2_2_,
        clothesinf2_.categoryl as category2_2_2_,
        clothesinf2_.categorys as category3_2_2_,
        clothesinf2_.fit as fit4_2_2_,
        clothesinf2_.length as length5_2_2_,
        colors3_.id as id1_4_3_,
        colors3_.name as name2_4_3_,
        materials4_.id as id1_5_4_,
        materials4_.name as name2_5_4_,
        style5_.id as id1_14_5_,
        style5_.name as name2_14_5_ 
    from
        closets closets0_ 
    left outer join
        members members1_ 
            on closets0_.author_id=members1_.id 
    left outer join
        clothes_info clothesinf2_ 
            on closets0_.clothes_info_id=clothesinf2_.id 
    left outer join
        colors colors3_ 
            on closets0_.colors_name=colors3_.name 
    left outer join
        materials materials4_ 
            on closets0_.materials_name=materials4_.name 
    left outer join
        style style5_ 
            on closets0_.style_name=style5_.name 
    where
        closets0_.id=?
Hibernate: 
    select
        closets0_.id as id1_1_0_,
        closets0_.created_date as created_2_1_0_,
        closets0_.modified_date as modified3_1_0_,
        closets0_.author_id as author_i4_1_0_,
        closets0_.clothes_info_id as clothes_5_1_0_,
        closets0_.colors_name as colors_n6_1_0_,
        closets0_.materials_name as material7_1_0_,
        closets0_.style_name as style_na8_1_0_,
        members1_.id as id1_6_1_,
        members1_.email as email2_6_1_,
        members1_.image as image3_6_1_,
        members1_.name as name4_6_1_,
        members1_.nickname as nickname5_6_1_,
        members1_.password as password6_6_1_,
        members1_.phone as phone7_6_1_,
        members1_.refresh_token as refresh_8_6_1_,
        members1_.role as role9_6_1_,
        clothesinf2_.id as id1_2_2_,
        clothesinf2_.categoryl as category2_2_2_,
        clothesinf2_.categorys as category3_2_2_,
        clothesinf2_.fit as fit4_2_2_,
        clothesinf2_.length as length5_2_2_,
        colors3_.id as id1_4_3_,
        colors3_.name as name2_4_3_,
        materials4_.id as id1_5_4_,
        materials4_.name as name2_5_4_,
        style5_.id as id1_14_5_,
        style5_.name as name2_14_5_ 
    from
        closets closets0_ 
    left outer join
        members members1_ 
            on closets0_.author_id=members1_.id 
    left outer join
        clothes_info clothesinf2_ 
            on closets0_.clothes_info_id=clothesinf2_.id 
    left outer join
        colors colors3_ 
            on closets0_.colors_name=colors3_.name 
    left outer join
        materials materials4_ 
            on closets0_.materials_name=materials4_.name 
    left outer join
        style style5_ 
            on closets0_.style_name=style5_.name 
    where
        closets0_.id=?
Hibernate: 
    select
        clothesima0_.id as id1_3_,
        clothesima0_.closets_post_id as closets_4_3_,
        clothesima0_.path as path2_3_,
        clothesima0_.stores_post_id as stores_p5_3_,
        clothesima0_.type as type3_3_ 
    from
        clothes_image clothesima0_
Hibernate: 
    select
        closets0_.id as id1_1_0_,
        closets0_.created_date as created_2_1_0_,
        closets0_.modified_date as modified3_1_0_,
        closets0_.author_id as author_i4_1_0_,
        closets0_.clothes_info_id as clothes_5_1_0_,
        closets0_.colors_name as colors_n6_1_0_,
        closets0_.materials_name as material7_1_0_,
        closets0_.style_name as style_na8_1_0_,
        members1_.id as id1_6_1_,
        members1_.email as email2_6_1_,
        members1_.image as image3_6_1_,
        members1_.name as name4_6_1_,
        members1_.nickname as nickname5_6_1_,
        members1_.password as password6_6_1_,
        members1_.phone as phone7_6_1_,
        members1_.refresh_token as refresh_8_6_1_,
        members1_.role as role9_6_1_,
        clothesinf2_.id as id1_2_2_,
        clothesinf2_.categoryl as category2_2_2_,
        clothesinf2_.categorys as category3_2_2_,
        clothesinf2_.fit as fit4_2_2_,
        clothesinf2_.length as length5_2_2_,
        colors3_.id as id1_4_3_,
        colors3_.name as name2_4_3_,
        materials4_.id as id1_5_4_,
        materials4_.name as name2_5_4_,
        style5_.id as id1_14_5_,
        style5_.name as name2_14_5_ 
    from
        closets closets0_ 
    left outer join
        members members1_ 
            on closets0_.author_id=members1_.id 
    left outer join
        clothes_info clothesinf2_ 
            on closets0_.clothes_info_id=clothesinf2_.id 
    left outer join
        colors colors3_ 
            on closets0_.colors_name=colors3_.name 
    left outer join
        materials materials4_ 
            on closets0_.materials_name=materials4_.name 
    left outer join
        style style5_ 
            on closets0_.style_name=style5_.name 
    where
        closets0_.id=?
Hibernate: 
    select
        closets0_.id as id1_1_0_,
        closets0_.created_date as created_2_1_0_,
        closets0_.modified_date as modified3_1_0_,
        closets0_.author_id as author_i4_1_0_,
        closets0_.clothes_info_id as clothes_5_1_0_,
        closets0_.colors_name as colors_n6_1_0_,
        closets0_.materials_name as material7_1_0_,
        closets0_.style_name as style_na8_1_0_,
        members1_.id as id1_6_1_,
        members1_.email as email2_6_1_,
        members1_.image as image3_6_1_,
        members1_.name as name4_6_1_,
        members1_.nickname as nickname5_6_1_,
        members1_.password as password6_6_1_,
        members1_.phone as phone7_6_1_,
        members1_.refresh_token as refresh_8_6_1_,
        members1_.role as role9_6_1_,
        clothesinf2_.id as id1_2_2_,
        clothesinf2_.categoryl as category2_2_2_,
        clothesinf2_.categorys as category3_2_2_,
        clothesinf2_.fit as fit4_2_2_,
        clothesinf2_.length as length5_2_2_,
        colors3_.id as id1_4_3_,
        colors3_.name as name2_4_3_,
        materials4_.id as id1_5_4_,
        materials4_.name as name2_5_4_,
        style5_.id as id1_14_5_,
        style5_.name as name2_14_5_ 
    from
        closets closets0_ 
    left outer join
        members members1_ 
            on closets0_.author_id=members1_.id 
    left outer join
        clothes_info clothesinf2_ 
            on closets0_.clothes_info_id=clothesinf2_.id 
    left outer join
        colors colors3_ 
            on closets0_.colors_name=colors3_.name 
    left outer join
        materials materials4_ 
            on closets0_.materials_name=materials4_.name 
    left outer join
        style style5_ 
            on closets0_.style_name=style5_.name 
    where
        closets0_.id=?
Hibernate: 
    select
        closets0_.id as id1_1_0_,
        closets0_.created_date as created_2_1_0_,
        closets0_.modified_date as modified3_1_0_,
        closets0_.author_id as author_i4_1_0_,
        closets0_.clothes_info_id as clothes_5_1_0_,
        closets0_.colors_name as colors_n6_1_0_,
        closets0_.materials_name as material7_1_0_,
        closets0_.style_name as style_na8_1_0_,
        members1_.id as id1_6_1_,
        members1_.email as email2_6_1_,
        members1_.image as image3_6_1_,
        members1_.name as name4_6_1_,
        members1_.nickname as nickname5_6_1_,
        members1_.password as password6_6_1_,
        members1_.phone as phone7_6_1_,
        members1_.refresh_token as refresh_8_6_1_,
        members1_.role as role9_6_1_,
        clothesinf2_.id as id1_2_2_,
        clothesinf2_.categoryl as category2_2_2_,
        clothesinf2_.categorys as category3_2_2_,
        clothesinf2_.fit as fit4_2_2_,
        clothesinf2_.length as length5_2_2_,
        colors3_.id as id1_4_3_,
        colors3_.name as name2_4_3_,
        materials4_.id as id1_5_4_,
        materials4_.name as name2_5_4_,
        style5_.id as id1_14_5_,
        style5_.name as name2_14_5_ 
    from
        closets closets0_ 
    left outer join
        members members1_ 
            on closets0_.author_id=members1_.id 
    left outer join
        clothes_info clothesinf2_ 
            on closets0_.clothes_info_id=clothesinf2_.id 
    left outer join
        colors colors3_ 
            on closets0_.colors_name=colors3_.name 
    left outer join
        materials materials4_ 
            on closets0_.materials_name=materials4_.name 
    left outer join
        style style5_ 
            on closets0_.style_name=style5_.name 
    where
        closets0_.id=?
Hibernate: 
    select
        closets0_.id as id1_1_0_,
        closets0_.created_date as created_2_1_0_,
        closets0_.modified_date as modified3_1_0_,
        closets0_.author_id as author_i4_1_0_,
        closets0_.clothes_info_id as clothes_5_1_0_,
        closets0_.colors_name as colors_n6_1_0_,
        closets0_.materials_name as material7_1_0_,
        closets0_.style_name as style_na8_1_0_,
        members1_.id as id1_6_1_,
        members1_.email as email2_6_1_,
        members1_.image as image3_6_1_,
        members1_.name as name4_6_1_,
        members1_.nickname as nickname5_6_1_,
        members1_.password as password6_6_1_,
        members1_.phone as phone7_6_1_,
        members1_.refresh_token as refresh_8_6_1_,
        members1_.role as role9_6_1_,
        clothesinf2_.id as id1_2_2_,
        clothesinf2_.categoryl as category2_2_2_,
        clothesinf2_.categorys as category3_2_2_,
        clothesinf2_.fit as fit4_2_2_,
        clothesinf2_.length as length5_2_2_,
        colors3_.id as id1_4_3_,
        colors3_.name as name2_4_3_,
        materials4_.id as id1_5_4_,
        materials4_.name as name2_5_4_,
        style5_.id as id1_14_5_,
        style5_.name as name2_14_5_ 
    from
        closets closets0_ 
    left outer join
        members members1_ 
            on closets0_.author_id=members1_.id 
    left outer join
        clothes_info clothesinf2_ 
            on closets0_.clothes_info_id=clothesinf2_.id 
    left outer join
        colors colors3_ 
            on closets0_.colors_name=colors3_.name 
    left outer join
        materials materials4_ 
            on closets0_.materials_name=materials4_.name 
    left outer join
        style style5_ 
            on closets0_.style_name=style5_.name 
    where
        closets0_.id=?
Hibernate: 
    select
        closets0_.id as id1_1_0_,
        closets0_.created_date as created_2_1_0_,
        closets0_.modified_date as modified3_1_0_,
        closets0_.author_id as author_i4_1_0_,
        closets0_.clothes_info_id as clothes_5_1_0_,
        closets0_.colors_name as colors_n6_1_0_,
        closets0_.materials_name as material7_1_0_,
        closets0_.style_name as style_na8_1_0_,
        members1_.id as id1_6_1_,
        members1_.email as email2_6_1_,
        members1_.image as image3_6_1_,
        members1_.name as name4_6_1_,
        members1_.nickname as nickname5_6_1_,
        members1_.password as password6_6_1_,
        members1_.phone as phone7_6_1_,
        members1_.refresh_token as refresh_8_6_1_,
        members1_.role as role9_6_1_,
        clothesinf2_.id as id1_2_2_,
        clothesinf2_.categoryl as category2_2_2_,
        clothesinf2_.categorys as category3_2_2_,
        clothesinf2_.fit as fit4_2_2_,
        clothesinf2_.length as length5_2_2_,
        colors3_.id as id1_4_3_,
        colors3_.name as name2_4_3_,
        materials4_.id as id1_5_4_,
        materials4_.name as name2_5_4_,
        style5_.id as id1_14_5_,
        style5_.name as name2_14_5_ 
    from
        closets closets0_ 
    left outer join
        members members1_ 
            on closets0_.author_id=members1_.id 
    left outer join
        clothes_info clothesinf2_ 
            on closets0_.clothes_info_id=clothesinf2_.id 
    left outer join
        colors colors3_ 
            on closets0_.colors_name=colors3_.name 
    left outer join
        materials materials4_ 
            on closets0_.materials_name=materials4_.name 
    left outer join
        style style5_ 
            on closets0_.style_name=style5_.name 
    where
        closets0_.id=?
Hibernate: 
    delete 
    from
        clothes_image
Hibernate: 
    delete 
    from
        closets
Hibernate: 
    select
        members0_.id as id1_6_,
        members0_.email as email2_6_,
        members0_.image as image3_6_,
        members0_.name as name4_6_,
        members0_.nickname as nickname5_6_,
        members0_.password as password6_6_,
        members0_.phone as phone7_6_,
        members0_.refresh_token as refresh_8_6_,
        members0_.role as role9_6_ 
    from
        members members0_ 
    where
        members0_.email=?
Hibernate: 
    select
        members0_.id as id1_6_,
        members0_.email as email2_6_,
        members0_.image as image3_6_,
        members0_.name as name4_6_,
        members0_.nickname as nickname5_6_,
        members0_.password as password6_6_,
        members0_.phone as phone7_6_,
        members0_.refresh_token as refresh_8_6_,
        members0_.role as role9_6_ 
    from
        members members0_ 
    where
        members0_.email=?
2022-11-15 21:30:51.978  INFO 20908 --- [    Test worker] o.a.c.c.C.[Tomcat].[localhost].[/]       : Initializing Spring TestDispatcherServlet ''
2022-11-15 21:30:51.978  INFO 20908 --- [    Test worker] o.s.t.web.servlet.TestDispatcherServlet  : Initializing Servlet ''
2022-11-15 21:30:51.986  INFO 20908 --- [    Test worker] o.s.t.web.servlet.TestDispatcherServlet  : Completed initialization in 8 ms
gunsong2@naver.com
Hibernate: 
    select
        members0_.id as id1_6_,
        members0_.email as email2_6_,
        members0_.image as image3_6_,
        members0_.name as name4_6_,
        members0_.nickname as nickname5_6_,
        members0_.password as password6_6_,
        members0_.phone as phone7_6_,
        members0_.refresh_token as refresh_8_6_,
        members0_.role as role9_6_ 
    from
        members members0_ 
    where
        members0_.email=?
Hibernate: 
    select
        style0_.id as id1_14_,
        style0_.name as name2_14_ 
    from
        style style0_ 
    where
        style0_.name=?
Hibernate: 
    select
        materials0_.id as id1_5_,
        materials0_.name as name2_5_ 
    from
        materials materials0_ 
    where
        materials0_.name=?
Hibernate: 
    select
        colors0_.id as id1_4_,
        colors0_.name as name2_4_ 
    from
        colors colors0_ 
    where
        colors0_.name=?
Hibernate: 
    select
        clothesinf0_.id as id1_2_,
        clothesinf0_.categoryl as category2_2_,
        clothesinf0_.categorys as category3_2_,
        clothesinf0_.fit as fit4_2_,
        clothesinf0_.length as length5_2_ 
    from
        clothes_info clothesinf0_ 
    where
        clothesinf0_.categoryl=? 
        and clothesinf0_.categorys=? 
        and clothesinf0_.length=? 
        and clothesinf0_.fit=?
test.jpg
C:\Users\user1\betweenourclothes\images\closets\closets-a510f7a7-0732-4275-9cea-825d852a9186.jpg
Hibernate: 
    insert 
    into
        clothes_image
        (closets_post_id, path, stores_post_id, type) 
    values
        (?, ?, ?, ?)
test.jpg
C:\Users\user1\betweenourclothes\images\closets\closets-13dbf7c3-c628-480c-85d8-961f891851ec.jpg
Hibernate: 
    insert 
    into
        clothes_image
        (closets_post_id, path, stores_post_id, type) 
    values
        (?, ?, ?, ?)
Hibernate: 
    insert 
    into
        closets
        (created_date, modified_date, author_id, clothes_info_id, colors_name, materials_name, style_name) 
    values
        (?, ?, ?, ?, ?, ?, ?)
Hibernate: 
    update
        clothes_image 
    set
        closets_post_id=?,
        path=?,
        stores_post_id=?,
        type=? 
    where
        id=?
Hibernate: 
    update
        clothes_image 
    set
        closets_post_id=?,
        path=?,
        stores_post_id=?,
        type=? 
    where
        id=?
gunsong2@naver.com
Hibernate: 
    select
        members0_.id as id1_6_,
        members0_.email as email2_6_,
        members0_.image as image3_6_,
        members0_.name as name4_6_,
        members0_.nickname as nickname5_6_,
        members0_.password as password6_6_,
        members0_.phone as phone7_6_,
        members0_.refresh_token as refresh_8_6_,
        members0_.role as role9_6_ 
    from
        members members0_ 
    where
        members0_.email=?
Hibernate: 
    select
        style0_.id as id1_14_,
        style0_.name as name2_14_ 
    from
        style style0_ 
    where
        style0_.name=?
Hibernate: 
    select
        materials0_.id as id1_5_,
        materials0_.name as name2_5_ 
    from
        materials materials0_ 
    where
        materials0_.name=?
Hibernate: 
    select
        colors0_.id as id1_4_,
        colors0_.name as name2_4_ 
    from
        colors colors0_ 
    where
        colors0_.name=?
Hibernate: 
    select
        clothesinf0_.id as id1_2_,
        clothesinf0_.categoryl as category2_2_,
        clothesinf0_.categorys as category3_2_,
        clothesinf0_.fit as fit4_2_,
        clothesinf0_.length as length5_2_ 
    from
        clothes_info clothesinf0_ 
    where
        clothesinf0_.categoryl=? 
        and clothesinf0_.categorys=? 
        and clothesinf0_.length=? 
        and clothesinf0_.fit=?
test.jpg
C:\Users\user1\betweenourclothes\images\closets\closets-4eb915ba-00f0-433e-b58d-1eada34bf86b.jpg
Hibernate: 
    insert 
    into
        clothes_image
        (closets_post_id, path, stores_post_id, type) 
    values
        (?, ?, ?, ?)
test.jpg
C:\Users\user1\betweenourclothes\images\closets\closets-efa051e5-708a-49b6-b169-77ad264bca59.jpg
Hibernate: 
    insert 
    into
        clothes_image
        (closets_post_id, path, stores_post_id, type) 
    values
        (?, ?, ?, ?)
Hibernate: 
    insert 
    into
        closets
        (created_date, modified_date, author_id, clothes_info_id, colors_name, materials_name, style_name) 
    values
        (?, ?, ?, ?, ?, ?, ?)
Hibernate: 
    update
        clothes_image 
    set
        closets_post_id=?,
        path=?,
        stores_post_id=?,
        type=? 
    where
        id=?
Hibernate: 
    update
        clothes_image 
    set
        closets_post_id=?,
        path=?,
        stores_post_id=?,
        type=? 
    where
        id=?
gunsong2@naver.com
Hibernate: 
    select
        members0_.id as id1_6_,
        members0_.email as email2_6_,
        members0_.image as image3_6_,
        members0_.name as name4_6_,
        members0_.nickname as nickname5_6_,
        members0_.password as password6_6_,
        members0_.phone as phone7_6_,
        members0_.refresh_token as refresh_8_6_,
        members0_.role as role9_6_ 
    from
        members members0_ 
    where
        members0_.email=?
Hibernate: 
    select
        style0_.id as id1_14_,
        style0_.name as name2_14_ 
    from
        style style0_ 
    where
        style0_.name=?
Hibernate: 
    select
        materials0_.id as id1_5_,
        materials0_.name as name2_5_ 
    from
        materials materials0_ 
    where
        materials0_.name=?
Hibernate: 
    select
        colors0_.id as id1_4_,
        colors0_.name as name2_4_ 
    from
        colors colors0_ 
    where
        colors0_.name=?
Hibernate: 
    select
        clothesinf0_.id as id1_2_,
        clothesinf0_.categoryl as category2_2_,
        clothesinf0_.categorys as category3_2_,
        clothesinf0_.fit as fit4_2_,
        clothesinf0_.length as length5_2_ 
    from
        clothes_info clothesinf0_ 
    where
        clothesinf0_.categoryl=? 
        and clothesinf0_.categorys=? 
        and clothesinf0_.length=? 
        and clothesinf0_.fit=?
test.jpg
C:\Users\user1\betweenourclothes\images\closets\closets-f38da75d-e2a1-4b56-bc58-95548c4bdb61.jpg
Hibernate: 
    insert 
    into
        clothes_image
        (closets_post_id, path, stores_post_id, type) 
    values
        (?, ?, ?, ?)
test.jpg
C:\Users\user1\betweenourclothes\images\closets\closets-7675a220-b360-4b9d-b0b2-ba25ecfae31d.jpg
Hibernate: 
    insert 
    into
        clothes_image
        (closets_post_id, path, stores_post_id, type) 
    values
        (?, ?, ?, ?)
Hibernate: 
    insert 
    into
        closets
        (created_date, modified_date, author_id, clothes_info_id, colors_name, materials_name, style_name) 
    values
        (?, ?, ?, ?, ?, ?, ?)
Hibernate: 
    update
        clothes_image 
    set
        closets_post_id=?,
        path=?,
        stores_post_id=?,
        type=? 
    where
        id=?
Hibernate: 
    update
        clothes_image 
    set
        closets_post_id=?,
        path=?,
        stores_post_id=?,
        type=? 
    where
        id=?
gunsong2@naver.com
Hibernate: 
    select
        members0_.id as id1_6_,
        members0_.email as email2_6_,
        members0_.image as image3_6_,
        members0_.name as name4_6_,
        members0_.nickname as nickname5_6_,
        members0_.password as password6_6_,
        members0_.phone as phone7_6_,
        members0_.refresh_token as refresh_8_6_,
        members0_.role as role9_6_ 
    from
        members members0_ 
    where
        members0_.email=?
Hibernate: 
    select
        style0_.id as id1_14_,
        style0_.name as name2_14_ 
    from
        style style0_ 
    where
        style0_.name=?
Hibernate: 
    select
        materials0_.id as id1_5_,
        materials0_.name as name2_5_ 
    from
        materials materials0_ 
    where
        materials0_.name=?
Hibernate: 
    select
        colors0_.id as id1_4_,
        colors0_.name as name2_4_ 
    from
        colors colors0_ 
    where
        colors0_.name=?
Hibernate: 
    select
        clothesinf0_.id as id1_2_,
        clothesinf0_.categoryl as category2_2_,
        clothesinf0_.categorys as category3_2_,
        clothesinf0_.fit as fit4_2_,
        clothesinf0_.length as length5_2_ 
    from
        clothes_info clothesinf0_ 
    where
        clothesinf0_.categoryl=? 
        and clothesinf0_.categorys=? 
        and clothesinf0_.length=? 
        and clothesinf0_.fit=?
test.jpg
C:\Users\user1\betweenourclothes\images\closets\closets-5efbf523-4119-4993-82fa-e950dda17228.jpg
Hibernate: 
    insert 
    into
        clothes_image
        (closets_post_id, path, stores_post_id, type) 
    values
        (?, ?, ?, ?)
test.jpg
C:\Users\user1\betweenourclothes\images\closets\closets-680d70a0-f026-47eb-a3f1-03778f94a5b1.jpg
Hibernate: 
    insert 
    into
        clothes_image
        (closets_post_id, path, stores_post_id, type) 
    values
        (?, ?, ?, ?)
Hibernate: 
    insert 
    into
        closets
        (created_date, modified_date, author_id, clothes_info_id, colors_name, materials_name, style_name) 
    values
        (?, ?, ?, ?, ?, ?, ?)
Hibernate: 
    update
        clothes_image 
    set
        closets_post_id=?,
        path=?,
        stores_post_id=?,
        type=? 
    where
        id=?
Hibernate: 
    update
        clothes_image 
    set
        closets_post_id=?,
        path=?,
        stores_post_id=?,
        type=? 
    where
        id=?
gunsong2@naver.com
Hibernate: 
    select
        members0_.id as id1_6_,
        members0_.email as email2_6_,
        members0_.image as image3_6_,
        members0_.name as name4_6_,
        members0_.nickname as nickname5_6_,
        members0_.password as password6_6_,
        members0_.phone as phone7_6_,
        members0_.refresh_token as refresh_8_6_,
        members0_.role as role9_6_ 
    from
        members members0_ 
    where
        members0_.email=?
Hibernate: 
    select
        style0_.id as id1_14_,
        style0_.name as name2_14_ 
    from
        style style0_ 
    where
        style0_.name=?
Hibernate: 
    select
        materials0_.id as id1_5_,
        materials0_.name as name2_5_ 
    from
        materials materials0_ 
    where
        materials0_.name=?
Hibernate: 
    select
        colors0_.id as id1_4_,
        colors0_.name as name2_4_ 
    from
        colors colors0_ 
    where
        colors0_.name=?
Hibernate: 
    select
        clothesinf0_.id as id1_2_,
        clothesinf0_.categoryl as category2_2_,
        clothesinf0_.categorys as category3_2_,
        clothesinf0_.fit as fit4_2_,
        clothesinf0_.length as length5_2_ 
    from
        clothes_info clothesinf0_ 
    where
        clothesinf0_.categoryl=? 
        and clothesinf0_.categorys=? 
        and clothesinf0_.length=? 
        and clothesinf0_.fit=?
test.jpg
C:\Users\user1\betweenourclothes\images\closets\closets-e7164531-7fba-4b13-99f3-fc65fc42e1c2.jpg
Hibernate: 
    insert 
    into
        clothes_image
        (closets_post_id, path, stores_post_id, type) 
    values
        (?, ?, ?, ?)
test.jpg
C:\Users\user1\betweenourclothes\images\closets\closets-e85d00dc-e437-42e8-a501-039692895357.jpg
Hibernate: 
    insert 
    into
        clothes_image
        (closets_post_id, path, stores_post_id, type) 
    values
        (?, ?, ?, ?)
Hibernate: 
    insert 
    into
        closets
        (created_date, modified_date, author_id, clothes_info_id, colors_name, materials_name, style_name) 
    values
        (?, ?, ?, ?, ?, ?, ?)
Hibernate: 
    update
        clothes_image 
    set
        closets_post_id=?,
        path=?,
        stores_post_id=?,
        type=? 
    where
        id=?
Hibernate: 
    update
        clothes_image 
    set
        closets_post_id=?,
        path=?,
        stores_post_id=?,
        type=? 
    where
        id=?
Hibernate: 
    select
        closets0_.id as id1_1_,
        closets0_.created_date as created_2_1_,
        closets0_.modified_date as modified3_1_,
        closets0_.author_id as author_i4_1_,
        closets0_.clothes_info_id as clothes_5_1_,
        closets0_.colors_name as colors_n6_1_,
        closets0_.materials_name as material7_1_,
        closets0_.style_name as style_na8_1_ 
    from
        closets closets0_
Hibernate: 
    select
        members0_.id as id1_6_0_,
        members0_.email as email2_6_0_,
        members0_.image as image3_6_0_,
        members0_.name as name4_6_0_,
        members0_.nickname as nickname5_6_0_,
        members0_.password as password6_6_0_,
        members0_.phone as phone7_6_0_,
        members0_.refresh_token as refresh_8_6_0_,
        members0_.role as role9_6_0_ 
    from
        members members0_ 
    where
        members0_.id=?
Hibernate: 
    select
        clothesinf0_.id as id1_2_0_,
        clothesinf0_.categoryl as category2_2_0_,
        clothesinf0_.categorys as category3_2_0_,
        clothesinf0_.fit as fit4_2_0_,
        clothesinf0_.length as length5_2_0_ 
    from
        clothes_info clothesinf0_ 
    where
        clothesinf0_.id=?
Hibernate: 
    select
        colors0_.id as id1_4_0_,
        colors0_.name as name2_4_0_ 
    from
        colors colors0_ 
    where
        colors0_.name=?
Hibernate: 
    select
        materials0_.id as id1_5_0_,
        materials0_.name as name2_5_0_ 
    from
        materials materials0_ 
    where
        materials0_.name=?
Hibernate: 
    select
        style0_.id as id1_14_0_,
        style0_.name as name2_14_0_ 
    from
        style style0_ 
    where
        style0_.name=?
Hibernate: 
    select
        clothesinf0_.id as id1_2_0_,
        clothesinf0_.categoryl as category2_2_0_,
        clothesinf0_.categorys as category3_2_0_,
        clothesinf0_.fit as fit4_2_0_,
        clothesinf0_.length as length5_2_0_ 
    from
        clothes_info clothesinf0_ 
    where
        clothesinf0_.id=?
Hibernate: 
    select
        colors0_.id as id1_4_0_,
        colors0_.name as name2_4_0_ 
    from
        colors colors0_ 
    where
        colors0_.name=?
Hibernate: 
    select
        materials0_.id as id1_5_0_,
        materials0_.name as name2_5_0_ 
    from
        materials materials0_ 
    where
        materials0_.name=?
Hibernate: 
    select
        style0_.id as id1_14_0_,
        style0_.name as name2_14_0_ 
    from
        style style0_ 
    where
        style0_.name=?
Hibernate: 
    select
        clothesinf0_.id as id1_2_0_,
        clothesinf0_.categoryl as category2_2_0_,
        clothesinf0_.categorys as category3_2_0_,
        clothesinf0_.fit as fit4_2_0_,
        clothesinf0_.length as length5_2_0_ 
    from
        clothes_info clothesinf0_ 
    where
        clothesinf0_.id=?
Hibernate: 
    select
        colors0_.id as id1_4_0_,
        colors0_.name as name2_4_0_ 
    from
        colors colors0_ 
    where
        colors0_.name=?
Hibernate: 
    select
        materials0_.id as id1_5_0_,
        materials0_.name as name2_5_0_ 
    from
        materials materials0_ 
    where
        materials0_.name=?
Hibernate: 
    select
        style0_.id as id1_14_0_,
        style0_.name as name2_14_0_ 
    from
        style style0_ 
    where
        style0_.name=?
Hibernate: 
    select
        clothesinf0_.id as id1_2_0_,
        clothesinf0_.categoryl as category2_2_0_,
        clothesinf0_.categorys as category3_2_0_,
        clothesinf0_.fit as fit4_2_0_,
        clothesinf0_.length as length5_2_0_ 
    from
        clothes_info clothesinf0_ 
    where
        clothesinf0_.id=?
Hibernate: 
    select
        colors0_.id as id1_4_0_,
        colors0_.name as name2_4_0_ 
    from
        colors colors0_ 
    where
        colors0_.name=?
Hibernate: 
    select
        materials0_.id as id1_5_0_,
        materials0_.name as name2_5_0_ 
    from
        materials materials0_ 
    where
        materials0_.name=?
Hibernate: 
    select
        style0_.id as id1_14_0_,
        style0_.name as name2_14_0_ 
    from
        style style0_ 
    where
        style0_.name=?
Hibernate: 
    select
        clothesinf0_.id as id1_2_0_,
        clothesinf0_.categoryl as category2_2_0_,
        clothesinf0_.categorys as category3_2_0_,
        clothesinf0_.fit as fit4_2_0_,
        clothesinf0_.length as length5_2_0_ 
    from
        clothes_info clothesinf0_ 
    where
        clothesinf0_.id=?
Hibernate: 
    select
        materials0_.id as id1_5_0_,
        materials0_.name as name2_5_0_ 
    from
        materials materials0_ 
    where
        materials0_.name=?
Hibernate: 
    select
        style0_.id as id1_14_0_,
        style0_.name as name2_14_0_ 
    from
        style style0_ 
    where
        style0_.name=?
Hibernate: 
    select
        members0_.id as id1_6_,
        members0_.email as email2_6_,
        members0_.image as image3_6_,
        members0_.name as name4_6_,
        members0_.nickname as nickname5_6_,
        members0_.password as password6_6_,
        members0_.phone as phone7_6_,
        members0_.refresh_token as refresh_8_6_,
        members0_.role as role9_6_ 
    from
        members members0_ 
    where
        members0_.email=?
Hibernate: 
    select
        members0_.id as id1_6_,
        members0_.email as email2_6_,
        members0_.image as image3_6_,
        members0_.name as name4_6_,
        members0_.nickname as nickname5_6_,
        members0_.password as password6_6_,
        members0_.phone as phone7_6_,
        members0_.refresh_token as refresh_8_6_,
        members0_.role as role9_6_ 
    from
        members members0_ 
    where
        members0_.email=?
Hibernate: 
    update
        members 
    set
        email=?,
        image=?,
        name=?,
        nickname=?,
        password=?,
        phone=?,
        refresh_token=?,
        role=? 
    where
        id=?
Hibernate: 
    select
        clothesima0_.id as id1_3_,
        clothesima0_.closets_post_id as closets_4_3_,
        clothesima0_.path as path2_3_,
        clothesima0_.stores_post_id as stores_p5_3_,
        clothesima0_.type as type3_3_ 
    from
        clothes_image clothesima0_
Hibernate: 
    select
        closets0_.id as id1_1_0_,
        closets0_.created_date as created_2_1_0_,
        closets0_.modified_date as modified3_1_0_,
        closets0_.author_id as author_i4_1_0_,
        closets0_.clothes_info_id as clothes_5_1_0_,
        closets0_.colors_name as colors_n6_1_0_,
        closets0_.materials_name as material7_1_0_,
        closets0_.style_name as style_na8_1_0_,
        members1_.id as id1_6_1_,
        members1_.email as email2_6_1_,
        members1_.image as image3_6_1_,
        members1_.name as name4_6_1_,
        members1_.nickname as nickname5_6_1_,
        members1_.password as password6_6_1_,
        members1_.phone as phone7_6_1_,
        members1_.refresh_token as refresh_8_6_1_,
        members1_.role as role9_6_1_,
        clothesinf2_.id as id1_2_2_,
        clothesinf2_.categoryl as category2_2_2_,
        clothesinf2_.categorys as category3_2_2_,
        clothesinf2_.fit as fit4_2_2_,
        clothesinf2_.length as length5_2_2_,
        colors3_.id as id1_4_3_,
        colors3_.name as name2_4_3_,
        materials4_.id as id1_5_4_,
        materials4_.name as name2_5_4_,
        style5_.id as id1_14_5_,
        style5_.name as name2_14_5_ 
    from
        closets closets0_ 
    left outer join
        members members1_ 
            on closets0_.author_id=members1_.id 
    left outer join
        clothes_info clothesinf2_ 
            on closets0_.clothes_info_id=clothesinf2_.id 
    left outer join
        colors colors3_ 
            on closets0_.colors_name=colors3_.name 
    left outer join
        materials materials4_ 
            on closets0_.materials_name=materials4_.name 
    left outer join
        style style5_ 
            on closets0_.style_name=style5_.name 
    where
        closets0_.id=?
Hibernate: 
    select
        closets0_.id as id1_1_0_,
        closets0_.created_date as created_2_1_0_,
        closets0_.modified_date as modified3_1_0_,
        closets0_.author_id as author_i4_1_0_,
        closets0_.clothes_info_id as clothes_5_1_0_,
        closets0_.colors_name as colors_n6_1_0_,
        closets0_.materials_name as material7_1_0_,
        closets0_.style_name as style_na8_1_0_,
        members1_.id as id1_6_1_,
        members1_.email as email2_6_1_,
        members1_.image as image3_6_1_,
        members1_.name as name4_6_1_,
        members1_.nickname as nickname5_6_1_,
        members1_.password as password6_6_1_,
        members1_.phone as phone7_6_1_,
        members1_.refresh_token as refresh_8_6_1_,
        members1_.role as role9_6_1_,
        clothesinf2_.id as id1_2_2_,
        clothesinf2_.categoryl as category2_2_2_,
        clothesinf2_.categorys as category3_2_2_,
        clothesinf2_.fit as fit4_2_2_,
        clothesinf2_.length as length5_2_2_,
        colors3_.id as id1_4_3_,
        colors3_.name as name2_4_3_,
        materials4_.id as id1_5_4_,
        materials4_.name as name2_5_4_,
        style5_.id as id1_14_5_,
        style5_.name as name2_14_5_ 
    from
        closets closets0_ 
    left outer join
        members members1_ 
            on closets0_.author_id=members1_.id 
    left outer join
        clothes_info clothesinf2_ 
            on closets0_.clothes_info_id=clothesinf2_.id 
    left outer join
        colors colors3_ 
            on closets0_.colors_name=colors3_.name 
    left outer join
        materials materials4_ 
            on closets0_.materials_name=materials4_.name 
    left outer join
        style style5_ 
            on closets0_.style_name=style5_.name 
    where
        closets0_.id=?
Hibernate: 
    select
        closets0_.id as id1_1_0_,
        closets0_.created_date as created_2_1_0_,
        closets0_.modified_date as modified3_1_0_,
        closets0_.author_id as author_i4_1_0_,
        closets0_.clothes_info_id as clothes_5_1_0_,
        closets0_.colors_name as colors_n6_1_0_,
        closets0_.materials_name as material7_1_0_,
        closets0_.style_name as style_na8_1_0_,
        members1_.id as id1_6_1_,
        members1_.email as email2_6_1_,
        members1_.image as image3_6_1_,
        members1_.name as name4_6_1_,
        members1_.nickname as nickname5_6_1_,
        members1_.password as password6_6_1_,
        members1_.phone as phone7_6_1_,
        members1_.refresh_token as refresh_8_6_1_,
        members1_.role as role9_6_1_,
        clothesinf2_.id as id1_2_2_,
        clothesinf2_.categoryl as category2_2_2_,
        clothesinf2_.categorys as category3_2_2_,
        clothesinf2_.fit as fit4_2_2_,
        clothesinf2_.length as length5_2_2_,
        colors3_.id as id1_4_3_,
        colors3_.name as name2_4_3_,
        materials4_.id as id1_5_4_,
        materials4_.name as name2_5_4_,
        style5_.id as id1_14_5_,
        style5_.name as name2_14_5_ 
    from
        closets closets0_ 
    left outer join
        members members1_ 
            on closets0_.author_id=members1_.id 
    left outer join
        clothes_info clothesinf2_ 
            on closets0_.clothes_info_id=clothesinf2_.id 
    left outer join
        colors colors3_ 
            on closets0_.colors_name=colors3_.name 
    left outer join
        materials materials4_ 
            on closets0_.materials_name=materials4_.name 
    left outer join
        style style5_ 
            on closets0_.style_name=style5_.name 
    where
        closets0_.id=?
Hibernate: 
    select
        closets0_.id as id1_1_0_,
        closets0_.created_date as created_2_1_0_,
        closets0_.modified_date as modified3_1_0_,
        closets0_.author_id as author_i4_1_0_,
        closets0_.clothes_info_id as clothes_5_1_0_,
        closets0_.colors_name as colors_n6_1_0_,
        closets0_.materials_name as material7_1_0_,
        closets0_.style_name as style_na8_1_0_,
        members1_.id as id1_6_1_,
        members1_.email as email2_6_1_,
        members1_.image as image3_6_1_,
        members1_.name as name4_6_1_,
        members1_.nickname as nickname5_6_1_,
        members1_.password as password6_6_1_,
        members1_.phone as phone7_6_1_,
        members1_.refresh_token as refresh_8_6_1_,
        members1_.role as role9_6_1_,
        clothesinf2_.id as id1_2_2_,
        clothesinf2_.categoryl as category2_2_2_,
        clothesinf2_.categorys as category3_2_2_,
        clothesinf2_.fit as fit4_2_2_,
        clothesinf2_.length as length5_2_2_,
        colors3_.id as id1_4_3_,
        colors3_.name as name2_4_3_,
        materials4_.id as id1_5_4_,
        materials4_.name as name2_5_4_,
        style5_.id as id1_14_5_,
        style5_.name as name2_14_5_ 
    from
        closets closets0_ 
    left outer join
        members members1_ 
            on closets0_.author_id=members1_.id 
    left outer join
        clothes_info clothesinf2_ 
            on closets0_.clothes_info_id=clothesinf2_.id 
    left outer join
        colors colors3_ 
            on closets0_.colors_name=colors3_.name 
    left outer join
        materials materials4_ 
            on closets0_.materials_name=materials4_.name 
    left outer join
        style style5_ 
            on closets0_.style_name=style5_.name 
    where
        closets0_.id=?
Hibernate: 
    select
        closets0_.id as id1_1_0_,
        closets0_.created_date as created_2_1_0_,
        closets0_.modified_date as modified3_1_0_,
        closets0_.author_id as author_i4_1_0_,
        closets0_.clothes_info_id as clothes_5_1_0_,
        closets0_.colors_name as colors_n6_1_0_,
        closets0_.materials_name as material7_1_0_,
        closets0_.style_name as style_na8_1_0_,
        members1_.id as id1_6_1_,
        members1_.email as email2_6_1_,
        members1_.image as image3_6_1_,
        members1_.name as name4_6_1_,
        members1_.nickname as nickname5_6_1_,
        members1_.password as password6_6_1_,
        members1_.phone as phone7_6_1_,
        members1_.refresh_token as refresh_8_6_1_,
        members1_.role as role9_6_1_,
        clothesinf2_.id as id1_2_2_,
        clothesinf2_.categoryl as category2_2_2_,
        clothesinf2_.categorys as category3_2_2_,
        clothesinf2_.fit as fit4_2_2_,
        clothesinf2_.length as length5_2_2_,
        colors3_.id as id1_4_3_,
        colors3_.name as name2_4_3_,
        materials4_.id as id1_5_4_,
        materials4_.name as name2_5_4_,
        style5_.id as id1_14_5_,
        style5_.name as name2_14_5_ 
    from
        closets closets0_ 
    left outer join
        members members1_ 
            on closets0_.author_id=members1_.id 
    left outer join
        clothes_info clothesinf2_ 
            on closets0_.clothes_info_id=clothesinf2_.id 
    left outer join
        colors colors3_ 
            on closets0_.colors_name=colors3_.name 
    left outer join
        materials materials4_ 
            on closets0_.materials_name=materials4_.name 
    left outer join
        style style5_ 
            on closets0_.style_name=style5_.name 
    where
        closets0_.id=?
Hibernate: 
    delete 
    from
        clothes_image
Hibernate: 
    delete 
    from
        closets
Hibernate: 
    select
        members0_.id as id1_6_,
        members0_.email as email2_6_,
        members0_.image as image3_6_,
        members0_.name as name4_6_,
        members0_.nickname as nickname5_6_,
        members0_.password as password6_6_,
        members0_.phone as phone7_6_,
        members0_.refresh_token as refresh_8_6_,
        members0_.role as role9_6_ 
    from
        members members0_ 
    where
        members0_.email=?
Hibernate: 
    select
        members0_.id as id1_6_,
        members0_.email as email2_6_,
        members0_.image as image3_6_,
        members0_.name as name4_6_,
        members0_.nickname as nickname5_6_,
        members0_.password as password6_6_,
        members0_.phone as phone7_6_,
        members0_.refresh_token as refresh_8_6_,
        members0_.role as role9_6_ 
    from
        members members0_ 
    where
        members0_.email=?
2022-11-15 21:30:52.800  INFO 20908 --- [    Test worker] o.a.c.c.C.[Tomcat].[localhost].[/]       : Initializing Spring TestDispatcherServlet ''
2022-11-15 21:30:52.801  INFO 20908 --- [    Test worker] o.s.t.web.servlet.TestDispatcherServlet  : Initializing Servlet ''
2022-11-15 21:30:52.808  INFO 20908 --- [    Test worker] o.s.t.web.servlet.TestDispatcherServlet  : Completed initialization in 7 ms
gunsong2@naver.com
Hibernate: 
    select
        members0_.id as id1_6_,
        members0_.email as email2_6_,
        members0_.image as image3_6_,
        members0_.name as name4_6_,
        members0_.nickname as nickname5_6_,
        members0_.password as password6_6_,
        members0_.phone as phone7_6_,
        members0_.refresh_token as refresh_8_6_,
        members0_.role as role9_6_ 
    from
        members members0_ 
    where
        members0_.email=?
Hibernate: 
    select
        style0_.id as id1_14_,
        style0_.name as name2_14_ 
    from
        style style0_ 
    where
        style0_.name=?
Hibernate: 
    select
        materials0_.id as id1_5_,
        materials0_.name as name2_5_ 
    from
        materials materials0_ 
    where
        materials0_.name=?
Hibernate: 
    select
        colors0_.id as id1_4_,
        colors0_.name as name2_4_ 
    from
        colors colors0_ 
    where
        colors0_.name=?
Hibernate: 
    select
        clothesinf0_.id as id1_2_,
        clothesinf0_.categoryl as category2_2_,
        clothesinf0_.categorys as category3_2_,
        clothesinf0_.fit as fit4_2_,
        clothesinf0_.length as length5_2_ 
    from
        clothes_info clothesinf0_ 
    where
        clothesinf0_.categoryl=? 
        and clothesinf0_.categorys=? 
        and clothesinf0_.length=? 
        and clothesinf0_.fit=?
test.jpg
C:\Users\user1\betweenourclothes\images\closets\closets-1c363068-b2ca-4963-8d88-9fd06d8bc7c8.jpg
Hibernate: 
    insert 
    into
        clothes_image
        (closets_post_id, path, stores_post_id, type) 
    values
        (?, ?, ?, ?)
test.jpg
C:\Users\user1\betweenourclothes\images\closets\closets-a253c0c3-e86c-419e-847d-7471d49d5aa1.jpg
Hibernate: 
    insert 
    into
        clothes_image
        (closets_post_id, path, stores_post_id, type) 
    values
        (?, ?, ?, ?)
Hibernate: 
    insert 
    into
        closets
        (created_date, modified_date, author_id, clothes_info_id, colors_name, materials_name, style_name) 
    values
        (?, ?, ?, ?, ?, ?, ?)
Hibernate: 
    update
        clothes_image 
    set
        closets_post_id=?,
        path=?,
        stores_post_id=?,
        type=? 
    where
        id=?
Hibernate: 
    update
        clothes_image 
    set
        closets_post_id=?,
        path=?,
        stores_post_id=?,
        type=? 
    where
        id=?
gunsong2@naver.com
Hibernate: 
    select
        members0_.id as id1_6_,
        members0_.email as email2_6_,
        members0_.image as image3_6_,
        members0_.name as name4_6_,
        members0_.nickname as nickname5_6_,
        members0_.password as password6_6_,
        members0_.phone as phone7_6_,
        members0_.refresh_token as refresh_8_6_,
        members0_.role as role9_6_ 
    from
        members members0_ 
    where
        members0_.email=?
Hibernate: 
    select
        style0_.id as id1_14_,
        style0_.name as name2_14_ 
    from
        style style0_ 
    where
        style0_.name=?
Hibernate: 
    select
        materials0_.id as id1_5_,
        materials0_.name as name2_5_ 
    from
        materials materials0_ 
    where
        materials0_.name=?
Hibernate: 
    select
        colors0_.id as id1_4_,
        colors0_.name as name2_4_ 
    from
        colors colors0_ 
    where
        colors0_.name=?
Hibernate: 
    select
        clothesinf0_.id as id1_2_,
        clothesinf0_.categoryl as category2_2_,
        clothesinf0_.categorys as category3_2_,
        clothesinf0_.fit as fit4_2_,
        clothesinf0_.length as length5_2_ 
    from
        clothes_info clothesinf0_ 
    where
        clothesinf0_.categoryl=? 
        and clothesinf0_.categorys=? 
        and clothesinf0_.length=? 
        and clothesinf0_.fit=?
test.jpg
C:\Users\user1\betweenourclothes\images\closets\closets-d33e8a44-6d12-421c-8e6d-651ba66fa58c.jpg
Hibernate: 
    insert 
    into
        clothes_image
        (closets_post_id, path, stores_post_id, type) 
    values
        (?, ?, ?, ?)
test.jpg
C:\Users\user1\betweenourclothes\images\closets\closets-9d7806e7-3efe-4d0d-ae34-294b55747fbc.jpg
Hibernate: 
    insert 
    into
        clothes_image
        (closets_post_id, path, stores_post_id, type) 
    values
        (?, ?, ?, ?)
Hibernate: 
    insert 
    into
        closets
        (created_date, modified_date, author_id, clothes_info_id, colors_name, materials_name, style_name) 
    values
        (?, ?, ?, ?, ?, ?, ?)
Hibernate: 
    update
        clothes_image 
    set
        closets_post_id=?,
        path=?,
        stores_post_id=?,
        type=? 
    where
        id=?
Hibernate: 
    update
        clothes_image 
    set
        closets_post_id=?,
        path=?,
        stores_post_id=?,
        type=? 
    where
        id=?
gunsong2@naver.com
Hibernate: 
    select
        members0_.id as id1_6_,
        members0_.email as email2_6_,
        members0_.image as image3_6_,
        members0_.name as name4_6_,
        members0_.nickname as nickname5_6_,
        members0_.password as password6_6_,
        members0_.phone as phone7_6_,
        members0_.refresh_token as refresh_8_6_,
        members0_.role as role9_6_ 
    from
        members members0_ 
    where
        members0_.email=?
Hibernate: 
    select
        style0_.id as id1_14_,
        style0_.name as name2_14_ 
    from
        style style0_ 
    where
        style0_.name=?
Hibernate: 
    select
        materials0_.id as id1_5_,
        materials0_.name as name2_5_ 
    from
        materials materials0_ 
    where
        materials0_.name=?
Hibernate: 
    select
        colors0_.id as id1_4_,
        colors0_.name as name2_4_ 
    from
        colors colors0_ 
    where
        colors0_.name=?
Hibernate: 
    select
        clothesinf0_.id as id1_2_,
        clothesinf0_.categoryl as category2_2_,
        clothesinf0_.categorys as category3_2_,
        clothesinf0_.fit as fit4_2_,
        clothesinf0_.length as length5_2_ 
    from
        clothes_info clothesinf0_ 
    where
        clothesinf0_.categoryl=? 
        and clothesinf0_.categorys=? 
        and clothesinf0_.length=? 
        and clothesinf0_.fit=?
test.jpg
C:\Users\user1\betweenourclothes\images\closets\closets-a7b8f23e-cd16-4c0f-bc54-a5105e3b1cf8.jpg
Hibernate: 
    insert 
    into
        clothes_image
        (closets_post_id, path, stores_post_id, type) 
    values
        (?, ?, ?, ?)
test.jpg
C:\Users\user1\betweenourclothes\images\closets\closets-1fee260d-1b82-4369-bcc7-db8a5ea09b39.jpg
Hibernate: 
    insert 
    into
        clothes_image
        (closets_post_id, path, stores_post_id, type) 
    values
        (?, ?, ?, ?)
Hibernate: 
    insert 
    into
        closets
        (created_date, modified_date, author_id, clothes_info_id, colors_name, materials_name, style_name) 
    values
        (?, ?, ?, ?, ?, ?, ?)
Hibernate: 
    update
        clothes_image 
    set
        closets_post_id=?,
        path=?,
        stores_post_id=?,
        type=? 
    where
        id=?
Hibernate: 
    update
        clothes_image 
    set
        closets_post_id=?,
        path=?,
        stores_post_id=?,
        type=? 
    where
        id=?
gunsong2@naver.com
Hibernate: 
    select
        members0_.id as id1_6_,
        members0_.email as email2_6_,
        members0_.image as image3_6_,
        members0_.name as name4_6_,
        members0_.nickname as nickname5_6_,
        members0_.password as password6_6_,
        members0_.phone as phone7_6_,
        members0_.refresh_token as refresh_8_6_,
        members0_.role as role9_6_ 
    from
        members members0_ 
    where
        members0_.email=?
Hibernate: 
    select
        style0_.id as id1_14_,
        style0_.name as name2_14_ 
    from
        style style0_ 
    where
        style0_.name=?
Hibernate: 
    select
        materials0_.id as id1_5_,
        materials0_.name as name2_5_ 
    from
        materials materials0_ 
    where
        materials0_.name=?
Hibernate: 
    select
        colors0_.id as id1_4_,
        colors0_.name as name2_4_ 
    from
        colors colors0_ 
    where
        colors0_.name=?
Hibernate: 
    select
        clothesinf0_.id as id1_2_,
        clothesinf0_.categoryl as category2_2_,
        clothesinf0_.categorys as category3_2_,
        clothesinf0_.fit as fit4_2_,
        clothesinf0_.length as length5_2_ 
    from
        clothes_info clothesinf0_ 
    where
        clothesinf0_.categoryl=? 
        and clothesinf0_.categorys=? 
        and clothesinf0_.length=? 
        and clothesinf0_.fit=?
test.jpg
C:\Users\user1\betweenourclothes\images\closets\closets-83c6cdae-c7b4-419d-ae08-9a1b3374ebbd.jpg
Hibernate: 
    insert 
    into
        clothes_image
        (closets_post_id, path, stores_post_id, type) 
    values
        (?, ?, ?, ?)
test.jpg
C:\Users\user1\betweenourclothes\images\closets\closets-cf6d18b1-d22b-4ec9-a13d-d11ddd298a25.jpg
Hibernate: 
    insert 
    into
        clothes_image
        (closets_post_id, path, stores_post_id, type) 
    values
        (?, ?, ?, ?)
Hibernate: 
    insert 
    into
        closets
        (created_date, modified_date, author_id, clothes_info_id, colors_name, materials_name, style_name) 
    values
        (?, ?, ?, ?, ?, ?, ?)
Hibernate: 
    update
        clothes_image 
    set
        closets_post_id=?,
        path=?,
        stores_post_id=?,
        type=? 
    where
        id=?
Hibernate: 
    update
        clothes_image 
    set
        closets_post_id=?,
        path=?,
        stores_post_id=?,
        type=? 
    where
        id=?
gunsong2@naver.com
Hibernate: 
    select
        members0_.id as id1_6_,
        members0_.email as email2_6_,
        members0_.image as image3_6_,
        members0_.name as name4_6_,
        members0_.nickname as nickname5_6_,
        members0_.password as password6_6_,
        members0_.phone as phone7_6_,
        members0_.refresh_token as refresh_8_6_,
        members0_.role as role9_6_ 
    from
        members members0_ 
    where
        members0_.email=?
Hibernate: 
    select
        style0_.id as id1_14_,
        style0_.name as name2_14_ 
    from
        style style0_ 
    where
        style0_.name=?
Hibernate: 
    select
        materials0_.id as id1_5_,
        materials0_.name as name2_5_ 
    from
        materials materials0_ 
    where
        materials0_.name=?
Hibernate: 
    select
        colors0_.id as id1_4_,
        colors0_.name as name2_4_ 
    from
        colors colors0_ 
    where
        colors0_.name=?
Hibernate: 
    select
        clothesinf0_.id as id1_2_,
        clothesinf0_.categoryl as category2_2_,
        clothesinf0_.categorys as category3_2_,
        clothesinf0_.fit as fit4_2_,
        clothesinf0_.length as length5_2_ 
    from
        clothes_info clothesinf0_ 
    where
        clothesinf0_.categoryl=? 
        and clothesinf0_.categorys=? 
        and clothesinf0_.length=? 
        and clothesinf0_.fit=?
test.jpg
C:\Users\user1\betweenourclothes\images\closets\closets-90a6c805-a50b-4932-83b0-78de125ec513.jpg
Hibernate: 
    insert 
    into
        clothes_image
        (closets_post_id, path, stores_post_id, type) 
    values
        (?, ?, ?, ?)
test.jpg
C:\Users\user1\betweenourclothes\images\closets\closets-b0336396-015d-41e1-ab2d-c14c158c5145.jpg
Hibernate: 
    insert 
    into
        clothes_image
        (closets_post_id, path, stores_post_id, type) 
    values
        (?, ?, ?, ?)
Hibernate: 
    insert 
    into
        closets
        (created_date, modified_date, author_id, clothes_info_id, colors_name, materials_name, style_name) 
    values
        (?, ?, ?, ?, ?, ?, ?)
Hibernate: 
    update
        clothes_image 
    set
        closets_post_id=?,
        path=?,
        stores_post_id=?,
        type=? 
    where
        id=?
Hibernate: 
    update
        clothes_image 
    set
        closets_post_id=?,
        path=?,
        stores_post_id=?,
        type=? 
    where
        id=?
Hibernate: 
    select
        closets0_.id as id1_1_,
        closets0_.created_date as created_2_1_,
        closets0_.modified_date as modified3_1_,
        closets0_.author_id as author_i4_1_,
        closets0_.clothes_info_id as clothes_5_1_,
        closets0_.colors_name as colors_n6_1_,
        closets0_.materials_name as material7_1_,
        closets0_.style_name as style_na8_1_ 
    from
        closets closets0_
Hibernate: 
    select
        members0_.id as id1_6_0_,
        members0_.email as email2_6_0_,
        members0_.image as image3_6_0_,
        members0_.name as name4_6_0_,
        members0_.nickname as nickname5_6_0_,
        members0_.password as password6_6_0_,
        members0_.phone as phone7_6_0_,
        members0_.refresh_token as refresh_8_6_0_,
        members0_.role as role9_6_0_ 
    from
        members members0_ 
    where
        members0_.id=?
Hibernate: 
    select
        clothesinf0_.id as id1_2_0_,
        clothesinf0_.categoryl as category2_2_0_,
        clothesinf0_.categorys as category3_2_0_,
        clothesinf0_.fit as fit4_2_0_,
        clothesinf0_.length as length5_2_0_ 
    from
        clothes_info clothesinf0_ 
    where
        clothesinf0_.id=?
Hibernate: 
    select
        colors0_.id as id1_4_0_,
        colors0_.name as name2_4_0_ 
    from
        colors colors0_ 
    where
        colors0_.name=?
Hibernate: 
    select
        materials0_.id as id1_5_0_,
        materials0_.name as name2_5_0_ 
    from
        materials materials0_ 
    where
        materials0_.name=?
Hibernate: 
    select
        style0_.id as id1_14_0_,
        style0_.name as name2_14_0_ 
    from
        style style0_ 
    where
        style0_.name=?
Hibernate: 
    select
        clothesinf0_.id as id1_2_0_,
        clothesinf0_.categoryl as category2_2_0_,
        clothesinf0_.categorys as category3_2_0_,
        clothesinf0_.fit as fit4_2_0_,
        clothesinf0_.length as length5_2_0_ 
    from
        clothes_info clothesinf0_ 
    where
        clothesinf0_.id=?
Hibernate: 
    select
        colors0_.id as id1_4_0_,
        colors0_.name as name2_4_0_ 
    from
        colors colors0_ 
    where
        colors0_.name=?
Hibernate: 
    select
        materials0_.id as id1_5_0_,
        materials0_.name as name2_5_0_ 
    from
        materials materials0_ 
    where
        materials0_.name=?
Hibernate: 
    select
        style0_.id as id1_14_0_,
        style0_.name as name2_14_0_ 
    from
        style style0_ 
    where
        style0_.name=?
Hibernate: 
    select
        clothesinf0_.id as id1_2_0_,
        clothesinf0_.categoryl as category2_2_0_,
        clothesinf0_.categorys as category3_2_0_,
        clothesinf0_.fit as fit4_2_0_,
        clothesinf0_.length as length5_2_0_ 
    from
        clothes_info clothesinf0_ 
    where
        clothesinf0_.id=?
Hibernate: 
    select
        colors0_.id as id1_4_0_,
        colors0_.name as name2_4_0_ 
    from
        colors colors0_ 
    where
        colors0_.name=?
Hibernate: 
    select
        materials0_.id as id1_5_0_,
        materials0_.name as name2_5_0_ 
    from
        materials materials0_ 
    where
        materials0_.name=?
Hibernate: 
    select
        style0_.id as id1_14_0_,
        style0_.name as name2_14_0_ 
    from
        style style0_ 
    where
        style0_.name=?
Hibernate: 
    select
        clothesinf0_.id as id1_2_0_,
        clothesinf0_.categoryl as category2_2_0_,
        clothesinf0_.categorys as category3_2_0_,
        clothesinf0_.fit as fit4_2_0_,
        clothesinf0_.length as length5_2_0_ 
    from
        clothes_info clothesinf0_ 
    where
        clothesinf0_.id=?
Hibernate: 
    select
        colors0_.id as id1_4_0_,
        colors0_.name as name2_4_0_ 
    from
        colors colors0_ 
    where
        colors0_.name=?
Hibernate: 
    select
        materials0_.id as id1_5_0_,
        materials0_.name as name2_5_0_ 
    from
        materials materials0_ 
    where
        materials0_.name=?
Hibernate: 
    select
        style0_.id as id1_14_0_,
        style0_.name as name2_14_0_ 
    from
        style style0_ 
    where
        style0_.name=?
Hibernate: 
    select
        clothesinf0_.id as id1_2_0_,
        clothesinf0_.categoryl as category2_2_0_,
        clothesinf0_.categorys as category3_2_0_,
        clothesinf0_.fit as fit4_2_0_,
        clothesinf0_.length as length5_2_0_ 
    from
        clothes_info clothesinf0_ 
    where
        clothesinf0_.id=?
Hibernate: 
    select
        materials0_.id as id1_5_0_,
        materials0_.name as name2_5_0_ 
    from
        materials materials0_ 
    where
        materials0_.name=?
Hibernate: 
    select
        style0_.id as id1_14_0_,
        style0_.name as name2_14_0_ 
    from
        style style0_ 
    where
        style0_.name=?
2022-11-15 21:30:52.952  INFO 20908 --- [    Test worker] o.a.c.c.C.[Tomcat].[localhost].[/]       : Initializing Spring TestDispatcherServlet ''
2022-11-15 21:30:52.952  INFO 20908 --- [    Test worker] o.s.t.web.servlet.TestDispatcherServlet  : Initializing Servlet ''
2022-11-15 21:30:52.959  INFO 20908 --- [    Test worker] o.s.t.web.servlet.TestDispatcherServlet  : Completed initialization in 7 ms
gunsong2@naver.com
Hibernate: 
    select
        members0_.id as id1_6_,
        members0_.email as email2_6_,
        members0_.image as image3_6_,
        members0_.name as name4_6_,
        members0_.nickname as nickname5_6_,
        members0_.password as password6_6_,
        members0_.phone as phone7_6_,
        members0_.refresh_token as refresh_8_6_,
        members0_.role as role9_6_ 
    from
        members members0_ 
    where
        members0_.email=?
Hibernate: 
    select
        images1_.id as col_0_0_,
        closets0_.id as col_1_0_,
        images1_.id as id1_3_,
        images1_.closets_post_id as closets_4_3_,
        images1_.path as path2_3_,
        images1_.stores_post_id as stores_p5_3_,
        images1_.type as type3_3_ 
    from
        closets closets0_ 
    inner join
        clothes_image images1_ 
            on closets0_.id=images1_.closets_post_id cross 
    join
        clothes_info clothesinf4_ 
    where
        closets0_.clothes_info_id=clothesinf4_.id 
        and (
            images1_.id in (
                select
                    clothesima2_.id 
                from
                    clothes_image clothesima2_ cross 
                join
                    closets closets3_ 
                where
                    clothesima2_.closets_post_id=closets3_.id 
                    and (
                        clothesima2_.stores_post_id is null
                    ) 
                group by
                    clothesima2_.closets_post_id 
                order by
                    closets3_.created_date asc
            )
        ) 
        and closets0_.author_id=? 
        and clothesinf4_.categoryl=? 
        and clothesinf4_.categorys=? 
    order by
        closets0_.created_date desc limit ?
Hibernate: 
    select
        closets0_.id as id1_1_0_,
        closets0_.created_date as created_2_1_0_,
        closets0_.modified_date as modified3_1_0_,
        closets0_.author_id as author_i4_1_0_,
        closets0_.clothes_info_id as clothes_5_1_0_,
        closets0_.colors_name as colors_n6_1_0_,
        closets0_.materials_name as material7_1_0_,
        closets0_.style_name as style_na8_1_0_,
        members1_.id as id1_6_1_,
        members1_.email as email2_6_1_,
        members1_.image as image3_6_1_,
        members1_.name as name4_6_1_,
        members1_.nickname as nickname5_6_1_,
        members1_.password as password6_6_1_,
        members1_.phone as phone7_6_1_,
        members1_.refresh_token as refresh_8_6_1_,
        members1_.role as role9_6_1_,
        clothesinf2_.id as id1_2_2_,
        clothesinf2_.categoryl as category2_2_2_,
        clothesinf2_.categorys as category3_2_2_,
        clothesinf2_.fit as fit4_2_2_,
        clothesinf2_.length as length5_2_2_,
        colors3_.id as id1_4_3_,
        colors3_.name as name2_4_3_,
        materials4_.id as id1_5_4_,
        materials4_.name as name2_5_4_,
        style5_.id as id1_14_5_,
        style5_.name as name2_14_5_ 
    from
        closets closets0_ 
    left outer join
        members members1_ 
            on closets0_.author_id=members1_.id 
    left outer join
        clothes_info clothesinf2_ 
            on closets0_.clothes_info_id=clothesinf2_.id 
    left outer join
        colors colors3_ 
            on closets0_.colors_name=colors3_.name 
    left outer join
        materials materials4_ 
            on closets0_.materials_name=materials4_.name 
    left outer join
        style style5_ 
            on closets0_.style_name=style5_.name 
    where
        closets0_.id=?
gunsong2@naver.com
Hibernate: 
    select
        members0_.id as id1_6_,
        members0_.email as email2_6_,
        members0_.image as image3_6_,
        members0_.name as name4_6_,
        members0_.nickname as nickname5_6_,
        members0_.password as password6_6_,
        members0_.phone as phone7_6_,
        members0_.refresh_token as refresh_8_6_,
        members0_.role as role9_6_ 
    from
        members members0_ 
    where
        members0_.email=?
Hibernate: 
    select
        images1_.id as col_0_0_,
        closets0_.id as col_1_0_,
        images1_.id as id1_3_,
        images1_.closets_post_id as closets_4_3_,
        images1_.path as path2_3_,
        images1_.stores_post_id as stores_p5_3_,
        images1_.type as type3_3_ 
    from
        closets closets0_ 
    inner join
        clothes_image images1_ 
            on closets0_.id=images1_.closets_post_id cross 
    join
        clothes_info clothesinf4_ 
    where
        closets0_.clothes_info_id=clothesinf4_.id 
        and (
            images1_.id in (
                select
                    clothesima2_.id 
                from
                    clothes_image clothesima2_ cross 
                join
                    closets closets3_ 
                where
                    clothesima2_.closets_post_id=closets3_.id 
                    and (
                        clothesima2_.stores_post_id is null
                    ) 
                group by
                    clothesima2_.closets_post_id 
                order by
                    closets3_.created_date asc
            )
        ) 
        and closets0_.author_id=? 
        and clothesinf4_.categoryl=? 
        and clothesinf4_.categorys=? 
    order by
        closets0_.created_date desc limit ?
Hibernate: 
    select
        closets0_.id as id1_1_0_,
        closets0_.created_date as created_2_1_0_,
        closets0_.modified_date as modified3_1_0_,
        closets0_.author_id as author_i4_1_0_,
        closets0_.clothes_info_id as clothes_5_1_0_,
        closets0_.colors_name as colors_n6_1_0_,
        closets0_.materials_name as material7_1_0_,
        closets0_.style_name as style_na8_1_0_,
        members1_.id as id1_6_1_,
        members1_.email as email2_6_1_,
        members1_.image as image3_6_1_,
        members1_.name as name4_6_1_,
        members1_.nickname as nickname5_6_1_,
        members1_.password as password6_6_1_,
        members1_.phone as phone7_6_1_,
        members1_.refresh_token as refresh_8_6_1_,
        members1_.role as role9_6_1_,
        clothesinf2_.id as id1_2_2_,
        clothesinf2_.categoryl as category2_2_2_,
        clothesinf2_.categorys as category3_2_2_,
        clothesinf2_.fit as fit4_2_2_,
        clothesinf2_.length as length5_2_2_,
        colors3_.id as id1_4_3_,
        colors3_.name as name2_4_3_,
        materials4_.id as id1_5_4_,
        materials4_.name as name2_5_4_,
        style5_.id as id1_14_5_,
        style5_.name as name2_14_5_ 
    from
        closets closets0_ 
    left outer join
        members members1_ 
            on closets0_.author_id=members1_.id 
    left outer join
        clothes_info clothesinf2_ 
            on closets0_.clothes_info_id=clothesinf2_.id 
    left outer join
        colors colors3_ 
            on closets0_.colors_name=colors3_.name 
    left outer join
        materials materials4_ 
            on closets0_.materials_name=materials4_.name 
    left outer join
        style style5_ 
            on closets0_.style_name=style5_.name 
    where
        closets0_.id=?
Hibernate: 
    select
        closets0_.id as id1_1_0_,
        closets0_.created_date as created_2_1_0_,
        closets0_.modified_date as modified3_1_0_,
        closets0_.author_id as author_i4_1_0_,
        closets0_.clothes_info_id as clothes_5_1_0_,
        closets0_.colors_name as colors_n6_1_0_,
        closets0_.materials_name as material7_1_0_,
        closets0_.style_name as style_na8_1_0_,
        members1_.id as id1_6_1_,
        members1_.email as email2_6_1_,
        members1_.image as image3_6_1_,
        members1_.name as name4_6_1_,
        members1_.nickname as nickname5_6_1_,
        members1_.password as password6_6_1_,
        members1_.phone as phone7_6_1_,
        members1_.refresh_token as refresh_8_6_1_,
        members1_.role as role9_6_1_,
        clothesinf2_.id as id1_2_2_,
        clothesinf2_.categoryl as category2_2_2_,
        clothesinf2_.categorys as category3_2_2_,
        clothesinf2_.fit as fit4_2_2_,
        clothesinf2_.length as length5_2_2_,
        colors3_.id as id1_4_3_,
        colors3_.name as name2_4_3_,
        materials4_.id as id1_5_4_,
        materials4_.name as name2_5_4_,
        style5_.id as id1_14_5_,
        style5_.name as name2_14_5_ 
    from
        closets closets0_ 
    left outer join
        members members1_ 
            on closets0_.author_id=members1_.id 
    left outer join
        clothes_info clothesinf2_ 
            on closets0_.clothes_info_id=clothesinf2_.id 
    left outer join
        colors colors3_ 
            on closets0_.colors_name=colors3_.name 
    left outer join
        materials materials4_ 
            on closets0_.materials_name=materials4_.name 
    left outer join
        style style5_ 
            on closets0_.style_name=style5_.name 
    where
        closets0_.id=?
Hibernate: 
    select
        clothesima0_.id as id1_3_,
        clothesima0_.closets_post_id as closets_4_3_,
        clothesima0_.path as path2_3_,
        clothesima0_.stores_post_id as stores_p5_3_,
        clothesima0_.type as type3_3_ 
    from
        clothes_image clothesima0_
Hibernate: 
    select
        closets0_.id as id1_1_0_,
        closets0_.created_date as created_2_1_0_,
        closets0_.modified_date as modified3_1_0_,
        closets0_.author_id as author_i4_1_0_,
        closets0_.clothes_info_id as clothes_5_1_0_,
        closets0_.colors_name as colors_n6_1_0_,
        closets0_.materials_name as material7_1_0_,
        closets0_.style_name as style_na8_1_0_,
        members1_.id as id1_6_1_,
        members1_.email as email2_6_1_,
        members1_.image as image3_6_1_,
        members1_.name as name4_6_1_,
        members1_.nickname as nickname5_6_1_,
        members1_.password as password6_6_1_,
        members1_.phone as phone7_6_1_,
        members1_.refresh_token as refresh_8_6_1_,
        members1_.role as role9_6_1_,
        clothesinf2_.id as id1_2_2_,
        clothesinf2_.categoryl as category2_2_2_,
        clothesinf2_.categorys as category3_2_2_,
        clothesinf2_.fit as fit4_2_2_,
        clothesinf2_.length as length5_2_2_,
        colors3_.id as id1_4_3_,
        colors3_.name as name2_4_3_,
        materials4_.id as id1_5_4_,
        materials4_.name as name2_5_4_,
        style5_.id as id1_14_5_,
        style5_.name as name2_14_5_ 
    from
        closets closets0_ 
    left outer join
        members members1_ 
            on closets0_.author_id=members1_.id 
    left outer join
        clothes_info clothesinf2_ 
            on closets0_.clothes_info_id=clothesinf2_.id 
    left outer join
        colors colors3_ 
            on closets0_.colors_name=colors3_.name 
    left outer join
        materials materials4_ 
            on closets0_.materials_name=materials4_.name 
    left outer join
        style style5_ 
            on closets0_.style_name=style5_.name 
    where
        closets0_.id=?
Hibernate: 
    select
        closets0_.id as id1_1_0_,
        closets0_.created_date as created_2_1_0_,
        closets0_.modified_date as modified3_1_0_,
        closets0_.author_id as author_i4_1_0_,
        closets0_.clothes_info_id as clothes_5_1_0_,
        closets0_.colors_name as colors_n6_1_0_,
        closets0_.materials_name as material7_1_0_,
        closets0_.style_name as style_na8_1_0_,
        members1_.id as id1_6_1_,
        members1_.email as email2_6_1_,
        members1_.image as image3_6_1_,
        members1_.name as name4_6_1_,
        members1_.nickname as nickname5_6_1_,
        members1_.password as password6_6_1_,
        members1_.phone as phone7_6_1_,
        members1_.refresh_token as refresh_8_6_1_,
        members1_.role as role9_6_1_,
        clothesinf2_.id as id1_2_2_,
        clothesinf2_.categoryl as category2_2_2_,
        clothesinf2_.categorys as category3_2_2_,
        clothesinf2_.fit as fit4_2_2_,
        clothesinf2_.length as length5_2_2_,
        colors3_.id as id1_4_3_,
        colors3_.name as name2_4_3_,
        materials4_.id as id1_5_4_,
        materials4_.name as name2_5_4_,
        style5_.id as id1_14_5_,
        style5_.name as name2_14_5_ 
    from
        closets closets0_ 
    left outer join
        members members1_ 
            on closets0_.author_id=members1_.id 
    left outer join
        clothes_info clothesinf2_ 
            on closets0_.clothes_info_id=clothesinf2_.id 
    left outer join
        colors colors3_ 
            on closets0_.colors_name=colors3_.name 
    left outer join
        materials materials4_ 
            on closets0_.materials_name=materials4_.name 
    left outer join
        style style5_ 
            on closets0_.style_name=style5_.name 
    where
        closets0_.id=?
Hibernate: 
    select
        closets0_.id as id1_1_0_,
        closets0_.created_date as created_2_1_0_,
        closets0_.modified_date as modified3_1_0_,
        closets0_.author_id as author_i4_1_0_,
        closets0_.clothes_info_id as clothes_5_1_0_,
        closets0_.colors_name as colors_n6_1_0_,
        closets0_.materials_name as material7_1_0_,
        closets0_.style_name as style_na8_1_0_,
        members1_.id as id1_6_1_,
        members1_.email as email2_6_1_,
        members1_.image as image3_6_1_,
        members1_.name as name4_6_1_,
        members1_.nickname as nickname5_6_1_,
        members1_.password as password6_6_1_,
        members1_.phone as phone7_6_1_,
        members1_.refresh_token as refresh_8_6_1_,
        members1_.role as role9_6_1_,
        clothesinf2_.id as id1_2_2_,
        clothesinf2_.categoryl as category2_2_2_,
        clothesinf2_.categorys as category3_2_2_,
        clothesinf2_.fit as fit4_2_2_,
        clothesinf2_.length as length5_2_2_,
        colors3_.id as id1_4_3_,
        colors3_.name as name2_4_3_,
        materials4_.id as id1_5_4_,
        materials4_.name as name2_5_4_,
        style5_.id as id1_14_5_,
        style5_.name as name2_14_5_ 
    from
        closets closets0_ 
    left outer join
        members members1_ 
            on closets0_.author_id=members1_.id 
    left outer join
        clothes_info clothesinf2_ 
            on closets0_.clothes_info_id=clothesinf2_.id 
    left outer join
        colors colors3_ 
            on closets0_.colors_name=colors3_.name 
    left outer join
        materials materials4_ 
            on closets0_.materials_name=materials4_.name 
    left outer join
        style style5_ 
            on closets0_.style_name=style5_.name 
    where
        closets0_.id=?
Hibernate: 
    select
        closets0_.id as id1_1_0_,
        closets0_.created_date as created_2_1_0_,
        closets0_.modified_date as modified3_1_0_,
        closets0_.author_id as author_i4_1_0_,
        closets0_.clothes_info_id as clothes_5_1_0_,
        closets0_.colors_name as colors_n6_1_0_,
        closets0_.materials_name as material7_1_0_,
        closets0_.style_name as style_na8_1_0_,
        members1_.id as id1_6_1_,
        members1_.email as email2_6_1_,
        members1_.image as image3_6_1_,
        members1_.name as name4_6_1_,
        members1_.nickname as nickname5_6_1_,
        members1_.password as password6_6_1_,
        members1_.phone as phone7_6_1_,
        members1_.refresh_token as refresh_8_6_1_,
        members1_.role as role9_6_1_,
        clothesinf2_.id as id1_2_2_,
        clothesinf2_.categoryl as category2_2_2_,
        clothesinf2_.categorys as category3_2_2_,
        clothesinf2_.fit as fit4_2_2_,
        clothesinf2_.length as length5_2_2_,
        colors3_.id as id1_4_3_,
        colors3_.name as name2_4_3_,
        materials4_.id as id1_5_4_,
        materials4_.name as name2_5_4_,
        style5_.id as id1_14_5_,
        style5_.name as name2_14_5_ 
    from
        closets closets0_ 
    left outer join
        members members1_ 
            on closets0_.author_id=members1_.id 
    left outer join
        clothes_info clothesinf2_ 
            on closets0_.clothes_info_id=clothesinf2_.id 
    left outer join
        colors colors3_ 
            on closets0_.colors_name=colors3_.name 
    left outer join
        materials materials4_ 
            on closets0_.materials_name=materials4_.name 
    left outer join
        style style5_ 
            on closets0_.style_name=style5_.name 
    where
        closets0_.id=?
Hibernate: 
    select
        closets0_.id as id1_1_0_,
        closets0_.created_date as created_2_1_0_,
        closets0_.modified_date as modified3_1_0_,
        closets0_.author_id as author_i4_1_0_,
        closets0_.clothes_info_id as clothes_5_1_0_,
        closets0_.colors_name as colors_n6_1_0_,
        closets0_.materials_name as material7_1_0_,
        closets0_.style_name as style_na8_1_0_,
        members1_.id as id1_6_1_,
        members1_.email as email2_6_1_,
        members1_.image as image3_6_1_,
        members1_.name as name4_6_1_,
        members1_.nickname as nickname5_6_1_,
        members1_.password as password6_6_1_,
        members1_.phone as phone7_6_1_,
        members1_.refresh_token as refresh_8_6_1_,
        members1_.role as role9_6_1_,
        clothesinf2_.id as id1_2_2_,
        clothesinf2_.categoryl as category2_2_2_,
        clothesinf2_.categorys as category3_2_2_,
        clothesinf2_.fit as fit4_2_2_,
        clothesinf2_.length as length5_2_2_,
        colors3_.id as id1_4_3_,
        colors3_.name as name2_4_3_,
        materials4_.id as id1_5_4_,
        materials4_.name as name2_5_4_,
        style5_.id as id1_14_5_,
        style5_.name as name2_14_5_ 
    from
        closets closets0_ 
    left outer join
        members members1_ 
            on closets0_.author_id=members1_.id 
    left outer join
        clothes_info clothesinf2_ 
            on closets0_.clothes_info_id=clothesinf2_.id 
    left outer join
        colors colors3_ 
            on closets0_.colors_name=colors3_.name 
    left outer join
        materials materials4_ 
            on closets0_.materials_name=materials4_.name 
    left outer join
        style style5_ 
            on closets0_.style_name=style5_.name 
    where
        closets0_.id=?
Hibernate: 
    delete 
    from
        clothes_image
Hibernate: 
    delete 
    from
        closets
Hibernate: 
    select
        members0_.id as id1_6_,
        members0_.email as email2_6_,
        members0_.image as image3_6_,
        members0_.name as name4_6_,
        members0_.nickname as nickname5_6_,
        members0_.password as password6_6_,
        members0_.phone as phone7_6_,
        members0_.refresh_token as refresh_8_6_,
        members0_.role as role9_6_ 
    from
        members members0_ 
    where
        members0_.email=?
Hibernate: 
    select
        members0_.id as id1_6_,
        members0_.email as email2_6_,
        members0_.image as image3_6_,
        members0_.name as name4_6_,
        members0_.nickname as nickname5_6_,
        members0_.password as password6_6_,
        members0_.phone as phone7_6_,
        members0_.refresh_token as refresh_8_6_,
        members0_.role as role9_6_ 
    from
        members members0_ 
    where
        members0_.email=?
Hibernate: 
    update
        members 
    set
        email=?,
        image=?,
        name=?,
        nickname=?,
        password=?,
        phone=?,
        refresh_token=?,
        role=? 
    where
        id=?
2022-11-15 21:30:53.642  INFO 20908 --- [    Test worker] o.a.c.c.C.[Tomcat].[localhost].[/]       : Initializing Spring TestDispatcherServlet ''
2022-11-15 21:30:53.643  INFO 20908 --- [    Test worker] o.s.t.web.servlet.TestDispatcherServlet  : Initializing Servlet ''
2022-11-15 21:30:53.649  INFO 20908 --- [    Test worker] o.s.t.web.servlet.TestDispatcherServlet  : Completed initialization in 6 ms
gunsong2@naver.com
Hibernate: 
    select
        members0_.id as id1_6_,
        members0_.email as email2_6_,
        members0_.image as image3_6_,
        members0_.name as name4_6_,
        members0_.nickname as nickname5_6_,
        members0_.password as password6_6_,
        members0_.phone as phone7_6_,
        members0_.refresh_token as refresh_8_6_,
        members0_.role as role9_6_ 
    from
        members members0_ 
    where
        members0_.email=?
Hibernate: 
    select
        style0_.id as id1_14_,
        style0_.name as name2_14_ 
    from
        style style0_ 
    where
        style0_.name=?
Hibernate: 
    select
        materials0_.id as id1_5_,
        materials0_.name as name2_5_ 
    from
        materials materials0_ 
    where
        materials0_.name=?
Hibernate: 
    select
        colors0_.id as id1_4_,
        colors0_.name as name2_4_ 
    from
        colors colors0_ 
    where
        colors0_.name=?
Hibernate: 
    select
        clothesinf0_.id as id1_2_,
        clothesinf0_.categoryl as category2_2_,
        clothesinf0_.categorys as category3_2_,
        clothesinf0_.fit as fit4_2_,
        clothesinf0_.length as length5_2_ 
    from
        clothes_info clothesinf0_ 
    where
        clothesinf0_.categoryl=? 
        and clothesinf0_.categorys=? 
        and clothesinf0_.length=? 
        and clothesinf0_.fit=?
test.jpg
C:\Users\user1\betweenourclothes\images\closets\closets-9426a8e7-d6db-47c1-80dd-279c993a6403.jpg
Hibernate: 
    insert 
    into
        clothes_image
        (closets_post_id, path, stores_post_id, type) 
    values
        (?, ?, ?, ?)
test.jpg
C:\Users\user1\betweenourclothes\images\closets\closets-a91eb015-64b2-4e2a-8731-6c428f830127.jpg
Hibernate: 
    insert 
    into
        clothes_image
        (closets_post_id, path, stores_post_id, type) 
    values
        (?, ?, ?, ?)
Hibernate: 
    insert 
    into
        closets
        (created_date, modified_date, author_id, clothes_info_id, colors_name, materials_name, style_name) 
    values
        (?, ?, ?, ?, ?, ?, ?)
Hibernate: 
    update
        clothes_image 
    set
        closets_post_id=?,
        path=?,
        stores_post_id=?,
        type=? 
    where
        id=?
Hibernate: 
    update
        clothes_image 
    set
        closets_post_id=?,
        path=?,
        stores_post_id=?,
        type=? 
    where
        id=?
gunsong2@naver.com
Hibernate: 
    select
        members0_.id as id1_6_,
        members0_.email as email2_6_,
        members0_.image as image3_6_,
        members0_.name as name4_6_,
        members0_.nickname as nickname5_6_,
        members0_.password as password6_6_,
        members0_.phone as phone7_6_,
        members0_.refresh_token as refresh_8_6_,
        members0_.role as role9_6_ 
    from
        members members0_ 
    where
        members0_.email=?
Hibernate: 
    select
        style0_.id as id1_14_,
        style0_.name as name2_14_ 
    from
        style style0_ 
    where
        style0_.name=?
Hibernate: 
    select
        materials0_.id as id1_5_,
        materials0_.name as name2_5_ 
    from
        materials materials0_ 
    where
        materials0_.name=?
Hibernate: 
    select
        colors0_.id as id1_4_,
        colors0_.name as name2_4_ 
    from
        colors colors0_ 
    where
        colors0_.name=?
Hibernate: 
    select
        clothesinf0_.id as id1_2_,
        clothesinf0_.categoryl as category2_2_,
        clothesinf0_.categorys as category3_2_,
        clothesinf0_.fit as fit4_2_,
        clothesinf0_.length as length5_2_ 
    from
        clothes_info clothesinf0_ 
    where
        clothesinf0_.categoryl=? 
        and clothesinf0_.categorys=? 
        and clothesinf0_.length=? 
        and clothesinf0_.fit=?
test.jpg
C:\Users\user1\betweenourclothes\images\closets\closets-169a5975-4984-4d15-ade9-7d9c29d606ab.jpg
Hibernate: 
    insert 
    into
        clothes_image
        (closets_post_id, path, stores_post_id, type) 
    values
        (?, ?, ?, ?)
test.jpg
C:\Users\user1\betweenourclothes\images\closets\closets-a2ab431d-44d2-49ee-a15a-c38af414cdaa.jpg
Hibernate: 
    insert 
    into
        clothes_image
        (closets_post_id, path, stores_post_id, type) 
    values
        (?, ?, ?, ?)
Hibernate: 
    insert 
    into
        closets
        (created_date, modified_date, author_id, clothes_info_id, colors_name, materials_name, style_name) 
    values
        (?, ?, ?, ?, ?, ?, ?)
Hibernate: 
    update
        clothes_image 
    set
        closets_post_id=?,
        path=?,
        stores_post_id=?,
        type=? 
    where
        id=?
Hibernate: 
    update
        clothes_image 
    set
        closets_post_id=?,
        path=?,
        stores_post_id=?,
        type=? 
    where
        id=?
gunsong2@naver.com
Hibernate: 
    select
        members0_.id as id1_6_,
        members0_.email as email2_6_,
        members0_.image as image3_6_,
        members0_.name as name4_6_,
        members0_.nickname as nickname5_6_,
        members0_.password as password6_6_,
        members0_.phone as phone7_6_,
        members0_.refresh_token as refresh_8_6_,
        members0_.role as role9_6_ 
    from
        members members0_ 
    where
        members0_.email=?
Hibernate: 
    select
        style0_.id as id1_14_,
        style0_.name as name2_14_ 
    from
        style style0_ 
    where
        style0_.name=?
Hibernate: 
    select
        materials0_.id as id1_5_,
        materials0_.name as name2_5_ 
    from
        materials materials0_ 
    where
        materials0_.name=?
Hibernate: 
    select
        colors0_.id as id1_4_,
        colors0_.name as name2_4_ 
    from
        colors colors0_ 
    where
        colors0_.name=?
Hibernate: 
    select
        clothesinf0_.id as id1_2_,
        clothesinf0_.categoryl as category2_2_,
        clothesinf0_.categorys as category3_2_,
        clothesinf0_.fit as fit4_2_,
        clothesinf0_.length as length5_2_ 
    from
        clothes_info clothesinf0_ 
    where
        clothesinf0_.categoryl=? 
        and clothesinf0_.categorys=? 
        and clothesinf0_.length=? 
        and clothesinf0_.fit=?
test.jpg
C:\Users\user1\betweenourclothes\images\closets\closets-c51903cc-6fa7-4e12-b1cc-3c9f948aa32c.jpg
Hibernate: 
    insert 
    into
        clothes_image
        (closets_post_id, path, stores_post_id, type) 
    values
        (?, ?, ?, ?)
test.jpg
C:\Users\user1\betweenourclothes\images\closets\closets-e5829ec9-dc8a-4460-80b0-8e88e91eab78.jpg
Hibernate: 
    insert 
    into
        clothes_image
        (closets_post_id, path, stores_post_id, type) 
    values
        (?, ?, ?, ?)
Hibernate: 
    insert 
    into
        closets
        (created_date, modified_date, author_id, clothes_info_id, colors_name, materials_name, style_name) 
    values
        (?, ?, ?, ?, ?, ?, ?)
Hibernate: 
    update
        clothes_image 
    set
        closets_post_id=?,
        path=?,
        stores_post_id=?,
        type=? 
    where
        id=?
Hibernate: 
    update
        clothes_image 
    set
        closets_post_id=?,
        path=?,
        stores_post_id=?,
        type=? 
    where
        id=?
gunsong2@naver.com
Hibernate: 
    select
        members0_.id as id1_6_,
        members0_.email as email2_6_,
        members0_.image as image3_6_,
        members0_.name as name4_6_,
        members0_.nickname as nickname5_6_,
        members0_.password as password6_6_,
        members0_.phone as phone7_6_,
        members0_.refresh_token as refresh_8_6_,
        members0_.role as role9_6_ 
    from
        members members0_ 
    where
        members0_.email=?
Hibernate: 
    select
        style0_.id as id1_14_,
        style0_.name as name2_14_ 
    from
        style style0_ 
    where
        style0_.name=?
Hibernate: 
    select
        materials0_.id as id1_5_,
        materials0_.name as name2_5_ 
    from
        materials materials0_ 
    where
        materials0_.name=?
Hibernate: 
    select
        colors0_.id as id1_4_,
        colors0_.name as name2_4_ 
    from
        colors colors0_ 
    where
        colors0_.name=?
Hibernate: 
    select
        clothesinf0_.id as id1_2_,
        clothesinf0_.categoryl as category2_2_,
        clothesinf0_.categorys as category3_2_,
        clothesinf0_.fit as fit4_2_,
        clothesinf0_.length as length5_2_ 
    from
        clothes_info clothesinf0_ 
    where
        clothesinf0_.categoryl=? 
        and clothesinf0_.categorys=? 
        and clothesinf0_.length=? 
        and clothesinf0_.fit=?
test.jpg
C:\Users\user1\betweenourclothes\images\closets\closets-11cfc19f-ac9f-46a0-bb2c-8f3f3719c4a4.jpg
Hibernate: 
    insert 
    into
        clothes_image
        (closets_post_id, path, stores_post_id, type) 
    values
        (?, ?, ?, ?)
test.jpg
C:\Users\user1\betweenourclothes\images\closets\closets-4c423591-aaf6-4a6f-bf20-e9598689726f.jpg
Hibernate: 
    insert 
    into
        clothes_image
        (closets_post_id, path, stores_post_id, type) 
    values
        (?, ?, ?, ?)
Hibernate: 
    insert 
    into
        closets
        (created_date, modified_date, author_id, clothes_info_id, colors_name, materials_name, style_name) 
    values
        (?, ?, ?, ?, ?, ?, ?)
Hibernate: 
    update
        clothes_image 
    set
        closets_post_id=?,
        path=?,
        stores_post_id=?,
        type=? 
    where
        id=?
Hibernate: 
    update
        clothes_image 
    set
        closets_post_id=?,
        path=?,
        stores_post_id=?,
        type=? 
    where
        id=?
gunsong2@naver.com
Hibernate: 
    select
        members0_.id as id1_6_,
        members0_.email as email2_6_,
        members0_.image as image3_6_,
        members0_.name as name4_6_,
        members0_.nickname as nickname5_6_,
        members0_.password as password6_6_,
        members0_.phone as phone7_6_,
        members0_.refresh_token as refresh_8_6_,
        members0_.role as role9_6_ 
    from
        members members0_ 
    where
        members0_.email=?
Hibernate: 
    select
        style0_.id as id1_14_,
        style0_.name as name2_14_ 
    from
        style style0_ 
    where
        style0_.name=?
Hibernate: 
    select
        materials0_.id as id1_5_,
        materials0_.name as name2_5_ 
    from
        materials materials0_ 
    where
        materials0_.name=?
Hibernate: 
    select
        colors0_.id as id1_4_,
        colors0_.name as name2_4_ 
    from
        colors colors0_ 
    where
        colors0_.name=?
Hibernate: 
    select
        clothesinf0_.id as id1_2_,
        clothesinf0_.categoryl as category2_2_,
        clothesinf0_.categorys as category3_2_,
        clothesinf0_.fit as fit4_2_,
        clothesinf0_.length as length5_2_ 
    from
        clothes_info clothesinf0_ 
    where
        clothesinf0_.categoryl=? 
        and clothesinf0_.categorys=? 
        and clothesinf0_.length=? 
        and clothesinf0_.fit=?
test.jpg
C:\Users\user1\betweenourclothes\images\closets\closets-76be4328-63c0-4399-9136-3331a1474e25.jpg
Hibernate: 
    insert 
    into
        clothes_image
        (closets_post_id, path, stores_post_id, type) 
    values
        (?, ?, ?, ?)
test.jpg
C:\Users\user1\betweenourclothes\images\closets\closets-69883bd0-0e1b-4783-81b5-d580fbbe2246.jpg
Hibernate: 
    insert 
    into
        clothes_image
        (closets_post_id, path, stores_post_id, type) 
    values
        (?, ?, ?, ?)
Hibernate: 
    insert 
    into
        closets
        (created_date, modified_date, author_id, clothes_info_id, colors_name, materials_name, style_name) 
    values
        (?, ?, ?, ?, ?, ?, ?)
Hibernate: 
    update
        clothes_image 
    set
        closets_post_id=?,
        path=?,
        stores_post_id=?,
        type=? 
    where
        id=?
Hibernate: 
    update
        clothes_image 
    set
        closets_post_id=?,
        path=?,
        stores_post_id=?,
        type=? 
    where
        id=?
Hibernate: 
    select
        closets0_.id as id1_1_,
        closets0_.created_date as created_2_1_,
        closets0_.modified_date as modified3_1_,
        closets0_.author_id as author_i4_1_,
        closets0_.clothes_info_id as clothes_5_1_,
        closets0_.colors_name as colors_n6_1_,
        closets0_.materials_name as material7_1_,
        closets0_.style_name as style_na8_1_ 
    from
        closets closets0_
Hibernate: 
    select
        members0_.id as id1_6_0_,
        members0_.email as email2_6_0_,
        members0_.image as image3_6_0_,
        members0_.name as name4_6_0_,
        members0_.nickname as nickname5_6_0_,
        members0_.password as password6_6_0_,
        members0_.phone as phone7_6_0_,
        members0_.refresh_token as refresh_8_6_0_,
        members0_.role as role9_6_0_ 
    from
        members members0_ 
    where
        members0_.id=?
Hibernate: 
    select
        clothesinf0_.id as id1_2_0_,
        clothesinf0_.categoryl as category2_2_0_,
        clothesinf0_.categorys as category3_2_0_,
        clothesinf0_.fit as fit4_2_0_,
        clothesinf0_.length as length5_2_0_ 
    from
        clothes_info clothesinf0_ 
    where
        clothesinf0_.id=?
Hibernate: 
    select
        colors0_.id as id1_4_0_,
        colors0_.name as name2_4_0_ 
    from
        colors colors0_ 
    where
        colors0_.name=?
Hibernate: 
    select
        materials0_.id as id1_5_0_,
        materials0_.name as name2_5_0_ 
    from
        materials materials0_ 
    where
        materials0_.name=?
Hibernate: 
    select
        style0_.id as id1_14_0_,
        style0_.name as name2_14_0_ 
    from
        style style0_ 
    where
        style0_.name=?
Hibernate: 
    select
        clothesinf0_.id as id1_2_0_,
        clothesinf0_.categoryl as category2_2_0_,
        clothesinf0_.categorys as category3_2_0_,
        clothesinf0_.fit as fit4_2_0_,
        clothesinf0_.length as length5_2_0_ 
    from
        clothes_info clothesinf0_ 
    where
        clothesinf0_.id=?
Hibernate: 
    select
        colors0_.id as id1_4_0_,
        colors0_.name as name2_4_0_ 
    from
        colors colors0_ 
    where
        colors0_.name=?
Hibernate: 
    select
        materials0_.id as id1_5_0_,
        materials0_.name as name2_5_0_ 
    from
        materials materials0_ 
    where
        materials0_.name=?
Hibernate: 
    select
        style0_.id as id1_14_0_,
        style0_.name as name2_14_0_ 
    from
        style style0_ 
    where
        style0_.name=?
Hibernate: 
    select
        clothesinf0_.id as id1_2_0_,
        clothesinf0_.categoryl as category2_2_0_,
        clothesinf0_.categorys as category3_2_0_,
        clothesinf0_.fit as fit4_2_0_,
        clothesinf0_.length as length5_2_0_ 
    from
        clothes_info clothesinf0_ 
    where
        clothesinf0_.id=?
Hibernate: 
    select
        colors0_.id as id1_4_0_,
        colors0_.name as name2_4_0_ 
    from
        colors colors0_ 
    where
        colors0_.name=?
Hibernate: 
    select
        materials0_.id as id1_5_0_,
        materials0_.name as name2_5_0_ 
    from
        materials materials0_ 
    where
        materials0_.name=?
Hibernate: 
    select
        style0_.id as id1_14_0_,
        style0_.name as name2_14_0_ 
    from
        style style0_ 
    where
        style0_.name=?
Hibernate: 
    select
        clothesinf0_.id as id1_2_0_,
        clothesinf0_.categoryl as category2_2_0_,
        clothesinf0_.categorys as category3_2_0_,
        clothesinf0_.fit as fit4_2_0_,
        clothesinf0_.length as length5_2_0_ 
    from
        clothes_info clothesinf0_ 
    where
        clothesinf0_.id=?
Hibernate: 
    select
        colors0_.id as id1_4_0_,
        colors0_.name as name2_4_0_ 
    from
        colors colors0_ 
    where
        colors0_.name=?
Hibernate: 
    select
        materials0_.id as id1_5_0_,
        materials0_.name as name2_5_0_ 
    from
        materials materials0_ 
    where
        materials0_.name=?
Hibernate: 
    select
        style0_.id as id1_14_0_,
        style0_.name as name2_14_0_ 
    from
        style style0_ 
    where
        style0_.name=?
Hibernate: 
    select
        clothesinf0_.id as id1_2_0_,
        clothesinf0_.categoryl as category2_2_0_,
        clothesinf0_.categorys as category3_2_0_,
        clothesinf0_.fit as fit4_2_0_,
        clothesinf0_.length as length5_2_0_ 
    from
        clothes_info clothesinf0_ 
    where
        clothesinf0_.id=?
Hibernate: 
    select
        materials0_.id as id1_5_0_,
        materials0_.name as name2_5_0_ 
    from
        materials materials0_ 
    where
        materials0_.name=?
Hibernate: 
    select
        style0_.id as id1_14_0_,
        style0_.name as name2_14_0_ 
    from
        style style0_ 
    where
        style0_.name=?
2022-11-15 21:30:53.799  INFO 20908 --- [    Test worker] o.a.c.c.C.[Tomcat].[localhost].[/]       : Initializing Spring TestDispatcherServlet ''
2022-11-15 21:30:53.799  INFO 20908 --- [    Test worker] o.s.t.web.servlet.TestDispatcherServlet  : Initializing Servlet ''
2022-11-15 21:30:53.807  INFO 20908 --- [    Test worker] o.s.t.web.servlet.TestDispatcherServlet  : Completed initialization in 8 ms
gunsong2@naver.com
Hibernate: 
    select
        members0_.id as id1_6_,
        members0_.email as email2_6_,
        members0_.image as image3_6_,
        members0_.name as name4_6_,
        members0_.nickname as nickname5_6_,
        members0_.password as password6_6_,
        members0_.phone as phone7_6_,
        members0_.refresh_token as refresh_8_6_,
        members0_.role as role9_6_ 
    from
        members members0_ 
    where
        members0_.email=?
Hibernate: 
    select
        images1_.id as col_0_0_,
        closets0_.id as col_1_0_,
        images1_.id as id1_3_,
        images1_.closets_post_id as closets_4_3_,
        images1_.path as path2_3_,
        images1_.stores_post_id as stores_p5_3_,
        images1_.type as type3_3_ 
    from
        closets closets0_ 
    inner join
        clothes_image images1_ 
            on closets0_.id=images1_.closets_post_id 
    where
        (
            images1_.id in (
                select
                    clothesima2_.id 
                from
                    clothes_image clothesima2_ cross 
                join
                    closets closets3_ 
                where
                    clothesima2_.closets_post_id=closets3_.id 
                    and (
                        clothesima2_.stores_post_id is null
                    ) 
                group by
                    clothesima2_.closets_post_id 
                order by
                    closets3_.created_date asc
            )
        ) 
        and closets0_.author_id=? 
    order by
        closets0_.created_date desc limit ?
Hibernate: 
    select
        closets0_.id as id1_1_0_,
        closets0_.created_date as created_2_1_0_,
        closets0_.modified_date as modified3_1_0_,
        closets0_.author_id as author_i4_1_0_,
        closets0_.clothes_info_id as clothes_5_1_0_,
        closets0_.colors_name as colors_n6_1_0_,
        closets0_.materials_name as material7_1_0_,
        closets0_.style_name as style_na8_1_0_,
        members1_.id as id1_6_1_,
        members1_.email as email2_6_1_,
        members1_.image as image3_6_1_,
        members1_.name as name4_6_1_,
        members1_.nickname as nickname5_6_1_,
        members1_.password as password6_6_1_,
        members1_.phone as phone7_6_1_,
        members1_.refresh_token as refresh_8_6_1_,
        members1_.role as role9_6_1_,
        clothesinf2_.id as id1_2_2_,
        clothesinf2_.categoryl as category2_2_2_,
        clothesinf2_.categorys as category3_2_2_,
        clothesinf2_.fit as fit4_2_2_,
        clothesinf2_.length as length5_2_2_,
        colors3_.id as id1_4_3_,
        colors3_.name as name2_4_3_,
        materials4_.id as id1_5_4_,
        materials4_.name as name2_5_4_,
        style5_.id as id1_14_5_,
        style5_.name as name2_14_5_ 
    from
        closets closets0_ 
    left outer join
        members members1_ 
            on closets0_.author_id=members1_.id 
    left outer join
        clothes_info clothesinf2_ 
            on closets0_.clothes_info_id=clothesinf2_.id 
    left outer join
        colors colors3_ 
            on closets0_.colors_name=colors3_.name 
    left outer join
        materials materials4_ 
            on closets0_.materials_name=materials4_.name 
    left outer join
        style style5_ 
            on closets0_.style_name=style5_.name 
    where
        closets0_.id=?
Hibernate: 
    select
        closets0_.id as id1_1_0_,
        closets0_.created_date as created_2_1_0_,
        closets0_.modified_date as modified3_1_0_,
        closets0_.author_id as author_i4_1_0_,
        closets0_.clothes_info_id as clothes_5_1_0_,
        closets0_.colors_name as colors_n6_1_0_,
        closets0_.materials_name as material7_1_0_,
        closets0_.style_name as style_na8_1_0_,
        members1_.id as id1_6_1_,
        members1_.email as email2_6_1_,
        members1_.image as image3_6_1_,
        members1_.name as name4_6_1_,
        members1_.nickname as nickname5_6_1_,
        members1_.password as password6_6_1_,
        members1_.phone as phone7_6_1_,
        members1_.refresh_token as refresh_8_6_1_,
        members1_.role as role9_6_1_,
        clothesinf2_.id as id1_2_2_,
        clothesinf2_.categoryl as category2_2_2_,
        clothesinf2_.categorys as category3_2_2_,
        clothesinf2_.fit as fit4_2_2_,
        clothesinf2_.length as length5_2_2_,
        colors3_.id as id1_4_3_,
        colors3_.name as name2_4_3_,
        materials4_.id as id1_5_4_,
        materials4_.name as name2_5_4_,
        style5_.id as id1_14_5_,
        style5_.name as name2_14_5_ 
    from
        closets closets0_ 
    left outer join
        members members1_ 
            on closets0_.author_id=members1_.id 
    left outer join
        clothes_info clothesinf2_ 
            on closets0_.clothes_info_id=clothesinf2_.id 
    left outer join
        colors colors3_ 
            on closets0_.colors_name=colors3_.name 
    left outer join
        materials materials4_ 
            on closets0_.materials_name=materials4_.name 
    left outer join
        style style5_ 
            on closets0_.style_name=style5_.name 
    where
        closets0_.id=?
Hibernate: 
    select
        closets0_.id as id1_1_0_,
        closets0_.created_date as created_2_1_0_,
        closets0_.modified_date as modified3_1_0_,
        closets0_.author_id as author_i4_1_0_,
        closets0_.clothes_info_id as clothes_5_1_0_,
        closets0_.colors_name as colors_n6_1_0_,
        closets0_.materials_name as material7_1_0_,
        closets0_.style_name as style_na8_1_0_,
        members1_.id as id1_6_1_,
        members1_.email as email2_6_1_,
        members1_.image as image3_6_1_,
        members1_.name as name4_6_1_,
        members1_.nickname as nickname5_6_1_,
        members1_.password as password6_6_1_,
        members1_.phone as phone7_6_1_,
        members1_.refresh_token as refresh_8_6_1_,
        members1_.role as role9_6_1_,
        clothesinf2_.id as id1_2_2_,
        clothesinf2_.categoryl as category2_2_2_,
        clothesinf2_.categorys as category3_2_2_,
        clothesinf2_.fit as fit4_2_2_,
        clothesinf2_.length as length5_2_2_,
        colors3_.id as id1_4_3_,
        colors3_.name as name2_4_3_,
        materials4_.id as id1_5_4_,
        materials4_.name as name2_5_4_,
        style5_.id as id1_14_5_,
        style5_.name as name2_14_5_ 
    from
        closets closets0_ 
    left outer join
        members members1_ 
            on closets0_.author_id=members1_.id 
    left outer join
        clothes_info clothesinf2_ 
            on closets0_.clothes_info_id=clothesinf2_.id 
    left outer join
        colors colors3_ 
            on closets0_.colors_name=colors3_.name 
    left outer join
        materials materials4_ 
            on closets0_.materials_name=materials4_.name 
    left outer join
        style style5_ 
            on closets0_.style_name=style5_.name 
    where
        closets0_.id=?
Hibernate: 
    select
        closets0_.id as id1_1_0_,
        closets0_.created_date as created_2_1_0_,
        closets0_.modified_date as modified3_1_0_,
        closets0_.author_id as author_i4_1_0_,
        closets0_.clothes_info_id as clothes_5_1_0_,
        closets0_.colors_name as colors_n6_1_0_,
        closets0_.materials_name as material7_1_0_,
        closets0_.style_name as style_na8_1_0_,
        members1_.id as id1_6_1_,
        members1_.email as email2_6_1_,
        members1_.image as image3_6_1_,
        members1_.name as name4_6_1_,
        members1_.nickname as nickname5_6_1_,
        members1_.password as password6_6_1_,
        members1_.phone as phone7_6_1_,
        members1_.refresh_token as refresh_8_6_1_,
        members1_.role as role9_6_1_,
        clothesinf2_.id as id1_2_2_,
        clothesinf2_.categoryl as category2_2_2_,
        clothesinf2_.categorys as category3_2_2_,
        clothesinf2_.fit as fit4_2_2_,
        clothesinf2_.length as length5_2_2_,
        colors3_.id as id1_4_3_,
        colors3_.name as name2_4_3_,
        materials4_.id as id1_5_4_,
        materials4_.name as name2_5_4_,
        style5_.id as id1_14_5_,
        style5_.name as name2_14_5_ 
    from
        closets closets0_ 
    left outer join
        members members1_ 
            on closets0_.author_id=members1_.id 
    left outer join
        clothes_info clothesinf2_ 
            on closets0_.clothes_info_id=clothesinf2_.id 
    left outer join
        colors colors3_ 
            on closets0_.colors_name=colors3_.name 
    left outer join
        materials materials4_ 
            on closets0_.materials_name=materials4_.name 
    left outer join
        style style5_ 
            on closets0_.style_name=style5_.name 
    where
        closets0_.id=?
Hibernate: 
    select
        closets0_.id as id1_1_0_,
        closets0_.created_date as created_2_1_0_,
        closets0_.modified_date as modified3_1_0_,
        closets0_.author_id as author_i4_1_0_,
        closets0_.clothes_info_id as clothes_5_1_0_,
        closets0_.colors_name as colors_n6_1_0_,
        closets0_.materials_name as material7_1_0_,
        closets0_.style_name as style_na8_1_0_,
        members1_.id as id1_6_1_,
        members1_.email as email2_6_1_,
        members1_.image as image3_6_1_,
        members1_.name as name4_6_1_,
        members1_.nickname as nickname5_6_1_,
        members1_.password as password6_6_1_,
        members1_.phone as phone7_6_1_,
        members1_.refresh_token as refresh_8_6_1_,
        members1_.role as role9_6_1_,
        clothesinf2_.id as id1_2_2_,
        clothesinf2_.categoryl as category2_2_2_,
        clothesinf2_.categorys as category3_2_2_,
        clothesinf2_.fit as fit4_2_2_,
        clothesinf2_.length as length5_2_2_,
        colors3_.id as id1_4_3_,
        colors3_.name as name2_4_3_,
        materials4_.id as id1_5_4_,
        materials4_.name as name2_5_4_,
        style5_.id as id1_14_5_,
        style5_.name as name2_14_5_ 
    from
        closets closets0_ 
    left outer join
        members members1_ 
            on closets0_.author_id=members1_.id 
    left outer join
        clothes_info clothesinf2_ 
            on closets0_.clothes_info_id=clothesinf2_.id 
    left outer join
        colors colors3_ 
            on closets0_.colors_name=colors3_.name 
    left outer join
        materials materials4_ 
            on closets0_.materials_name=materials4_.name 
    left outer join
        style style5_ 
            on closets0_.style_name=style5_.name 
    where
        closets0_.id=?

MockHttpServletRequest:
      HTTP Method = POST
      Request URI = /api/v1/closets/post/category
       Parameters = {page=[0]}
          Headers = [Content-Type:"application/json", Authorization:"BearereyJhbGciOiJIUzI1NiJ9.eyJzdWIiOiJndW5zb25nMkBuYXZlci5jb20iLCJhdXRoIjoiUk9MRV9VU0VSIiwiZXhwIjoxNjY4NTI2MjUzfQ.DD5csE7u3DajMOcR4HzvRQruC1O0YMuIfwxq3EUB8_U"]
             Body = <no character encoding set>
    Session Attrs = {}

Handler:
             Type = com.betweenourclothes.web.ClosetsApiController
           Method = public org.springframework.http.ResponseEntity<org.springframework.data.domain.Page<com.betweenourclothes.web.dto.response.closets.ClosetsThumbnailsResponseDto>> com.betweenourclothes.web.ClosetsApiController.findPostsByAllCategory(org.springframework.data.domain.Pageable,com.betweenourclothes.web.dto.request.closets.ClosetsSearchCategoryAllRequestDto)

Async:
    Async started = false
     Async result = null

Resolved Exception:
             Type = null

ModelAndView:
        View name = null
             View = null
            Model = null

FlashMap:
       Attributes = null

MockHttpServletResponse:
           Status = 200
    Error message = null
          Headers = [Content-Type:"application/json;charset=UTF-8", X-Content-Type-Options:"nosniff", X-XSS-Protection:"1; mode=block", Cache-Control:"no-cache, no-store, max-age=0, must-revalidate", Pragma:"no-cache", Expires:"0", X-Frame-Options:"DENY"]
     Content type = application/json;charset=UTF-8
             Body = {"content":[{"image":"/9j/4AAQSkZJRgABAgAAAQABAAD/2wBDAAgGBgcGBQgHBwcJCQgKDBQNDAsLDBkSEw8UHRofHh0aHBwgJC4nICIsIxwcKDcpLDAxNDQ0Hyc5PTgyPC4zNDL/2wBDAQkJCQwLDBgNDRgyIRwhMjIyMjIyMjIyMjIyMjIyMjIyMjIyMjIyMjIyMjIyMjIyMjIyMjIyMjIyMjIyMjIyMjL/wAARCAD4ASwDASIAAhEBAxEB/8QAHwAAAQUBAQEBAQEAAAAAAAAAAAECAwQFBgcICQoL/8QAtRAAAgEDAwIEAwUFBAQAAAF9AQIDAAQRBRIhMUEGE1FhByJxFDKBkaEII0KxwRVS0fAkM2JyggkKFhcYGRolJicoKSo0NTY3ODk6Q0RFRkdISUpTVFVWV1hZWmNkZWZnaGlqc3R1dnd4eXqDhIWGh4iJipKTlJWWl5iZmqKjpKWmp6ipqrKztLW2t7i5usLDxMXGx8jJytLT1NXW19jZ2uHi4+Tl5ufo6erx8vP09fb3+Pn6/8QAHwEAAwEBAQEBAQEBAQAAAAAAAAECAwQFBgcICQoL/8QAtREAAgECBAQDBAcFBAQAAQJ3AAECAxEEBSExBhJBUQdhcRMiMoEIFEKRobHBCSMzUvAVYnLRChYkNOEl8RcYGRomJygpKjU2Nzg5OkNERUZHSElKU1RVVldYWVpjZGVmZ2hpanN0dXZ3eHl6goOEhYaHiImKkpOUlZaXmJmaoqOkpaanqKmqsrO0tba3uLm6wsPExcbHyMnK0tPU1dbX2Nna4uPk5ebn6Onq8vP09fb3+Pn6/9oADAMBAAIRAxEAPwD5/ooooAKKKKACiiigAooooAKKKKACiiigAooooAKKKKACitXTvDOs6qgks9PleJlLrK+I0YBtpwzYBOeMA54PoauP4G8RxxNIdOyqqWIWeNjgegDZJ9hyazdWnF2clf1HZnPUVo/8I/rWcf2Rf5/69n/wroNL+HOqXipLfSx2ETc7W+eXBXIO0cDnAIJBHPHFKVanFXlJAk2cdRXu+kfB2wuIcHTpXQsWE95OytjjgBNuR36dzz0rYHwP0YYP2a3b2M0wz/49XBLN8NF2uy/ZSPnCtPS/D+q6yrvYWUksaZzISFTIxkbmIBPzDjOcHNe42/wOtbLVkvoxHMqSeYttLLvhHOQCpXLKOOCTnHORnPbaT4EsrKFFuNhRekEC+XGuTk9Md/TFZV85oxj+71Y1SfU+Yrnwb4htYhI+lyuC23ELLK2ef4VJOOOvT86bH4P8SSSRqdDv4vMBKPPA0SHGf4mwOx79eK+vJNB0qSPy2sIAPVV2n8xzVZPCmkRzCQWxOOQjOStcqz121jqV7HzPnGD4W3LWczz6nGs67tixQs8bccZclSMnj7pwOeelczrvhbVPD4SS7jR7d22JcQtuQtjOOxB69QM4OMgV9lrFGsXlLGgjxjYFGMemK8L+KVnFa6NrEIjUrFIjR5GdmXXp6HBIz6E+tXg82qVaqhNbhOmkro8Oooor6AwCiiigAooooAKKKKACiiigAooooAKKKKACiiigAooooAKlt7ae7nWC2hkmlbO2ONSzHAycAewqKvXfhR4XS4hivd5+0Xu9NyscRwq3IIx1LKT3/h6c1hiK6o03NjiruxzOj/CvxHqrrmKOFRJtkGfMZV4+Ybcr64BYdO3Wte9+CmuQRA20ryyluVktmVQOecqW56cY7n05+hPDe1dGjhCBJIWaOVR/eB5/oa1q+bqZziFPSx0KlGx4b4a+DawOslzbG4fvJeKFQdekfPY988jIxXp8fgywEYEs9y8ndg4HP0xW1d39vZKDM/J6KOSabaalbXpKxMQ/91hg1w1sZXrPmkykorQ4vWfhRo2rsXkWN3LBi8keHbAwMupDEY7dOB6Csyx+Edtpd8lzZWdhHKuNsjSSSFCCCGAfOGyByOfevUqKUcdiIrlU3YfJHsc5YeD7O3PmXjtdS/7XC/l3/GttbCzVNi2kAX0EYxViiueU5Sd2yrFCTRdMlOWsLfPtGB/Kn2+lafatugs4UYdGCDI/GrlFLmfcAoprOibdzKu47VycZPpTqQBRXmWm+Ndbf41X3hS9lgNgis0KrEA33A689+Ca9NrWtRlSaUuqT+TEncRmCqWPQDJrmJdeu2mLRlUTPC7QePepNA8baL4n1XU9LsHla4sJGjlDJ8rANt3Kw4IJ+h9qoX1m9lctGwO3PyN6in7NwlyzVmRNu10dFpmqLfgoyhJlGSB0I9RXkfxeH/Ev13JxzD+Pzx16JoUbtqSsoO1VJY/hWF8SvDceqQyLLI8UF6oR5EAJR1IKnB6jgccZweR1rowUo08RFvYV3KB8u0VYvrR7DULmzlZGkt5WiZkOVJUkEj24qvX2xzBRRRQAUUUUAFFFFABRRRQAUUUUAFFFFABRRRQAU6OOSaVIokZ5HYKqKMliegA7mm12Xw/0G5utai1KW3YWsALRs8eVkc5UBc9SDk5GcFR0JFZ1aipwc30Gld2Op8I/Bx9UhW41KZsqVLxI21FPUoSMluMZxjHPJ4Ne4aNoFro0Y8oBpNoTcFChVHRVUcAcDipNDs2sdHghddsmNzj3PP8A9asa/wDFzQ3bxWsCPGh2lnJ+b6V8vWxFSu/eZuklsa91MdIuzehc2kxAuQByh6B/6H8K2kdZEV0YMrDIIPBFYelavb63bSI0YVwMSRNyCD/MVLoP+ji807cStrLiPPUIw3Afzrgrw05jSL6GJfyvNfTM553kD2AqBHaN1dGKspyCO1a2saZKly9xEheNzk7Rkqe9Z9tZzXUyxojcnliOAKlNWMGnc661mNxaRSkYLqCR71NUccQhgWKPgKu1c8141Y+N/Efw+8YXGl+OJHudMvZWlhvkUlY8nqo/ueqdV7e7o4eVfm5N106v0N3K251Pxg1bX9D8HLqGhXZttk6pcsqAsEbgEE9PmwOOea7HQ9TTWdB0/U48bbu3SbA7blBI/DpXPy6VrPxCspIbtW0bw3OMGN4wbu7TrnDZEKntwW+lbFh8MfBunwQwjQra6ES7UN7m4IH/AAMkD6DAr2aWUTq4eManutN9Luz7mTqpS0PPfjJ4l1rStS8OadoF9Na3l1K5PlH72SqoCOh5J4NerxKyRIruXYKAXIxuPrWXqHwz8JX7wyrpENncW7iS3nsv3LQsDkFQvy8HnkEe1Y9/qmt+CJ1bxA39paC7BRqsUQWW2JOB56LwV7b1A9xzSxmVVI0Yqkr8t792ONRXdznPjF4Z1e+s7PxHot3ci50g+abZHOMA58xF/vDv6j6c3/DvjLxP410qzk8P6DHAzRj7VqGokpbpIOCI1X5pO/TAHQ1q3kZ8b+Iv7ChmP9hWcaT6nJC//HyXGY4Aw/hK/M2OoKjvXoMMMVtBHBBGkUUahURFAVQOgAHQV0YDAqrh4vEK9tvTzJnO0vdPOYfhRLL4oj8UX/iW6OtIu0S2dtFFGBtK42uHzwSOa1NX0Txlb2M/9jazZXkjRMqx31t5bhsHDCSM4z04K49xXa0V6c8JQmkpQWhmpSXU8Z+D+l2vhmxvNHv91v4lklMt3bTja+wEhCh6OnU7lyMsa9NkjSVdsiK6+jDIqLxV4Vs/FFgscjNbX9ufMsr6LiW2k7Mp9PUdCKxPCOuXeqWd1ZarGsOtaZN9mvo1+6zYysi/7Lrhh+NfP5vgZU5uundPfy/4BtSmmuU3D9msos/u4Uz7AVm+IEhvvDtyysGVV8xWHPI/zijXrWedIniRnVM7lXk845xVSWGS08JXvmqVZ1Y7T2zgV5EFqmaXd7HzX8SraODxNFMnmb7m1SSTewI3Asg24HA2ovBzznsQBx1dd8R7s3HinyDGV+y28cWSc7s5kz04/wBZjv0z3xXI191h7+xjfsjkluFFFFbCCiiigAooooAKKKKACiiigAooooAKKKKANDQYIrnxDpkE8Anhlu4kkiLEeYpcArkEEZHHBzX1p4Z0+wt9GtZLe3iVtmNyqPlxxgegGMYFfHde9/Dz4hG5sxEzb541H2mByAWPQyJjse/HBOPQnyc1pTlFSWyNKb6HsM+77PLs+/sO364ryuvUrW6ivbZLiBt0bjIP9K5LVvC919seWxRZInOdm4Ar7c9q8NGpT8Lu669Cqk4dWDfTaT/MCuutmMHiadDwtzbq6+5UkEfkazvDugS6dK11dbfNK7VQHO0d8n1rU1OzkuYUkt22XcDb4W9/Q+x6VM1zJoadma1FUtM1BdRsxLtKSKSksZ6ow6irtee007M0CuefTE8U+MI0u4Uk0rQ2WUqy5Et4y5UfREYN7lx6V0NM8LRqujNKPvTXVxKxxycyvj8gAPwr2Mkoqddzf2V+JlWdo2Nque1/xtofhy6js724kkvZF3ra20TSy7f7xCj5R7nFdCeBXyl4p8SahbaCmrwkx6hrk7z3Fx1aMdVQHttXCj0CmvsKcFK7eyOCtVcLKKu27H0LpvxA0DUr2KyM09pczHbEl5A0QkPorH5SfbOfaulmhiuIZIZo0kikUq6OMqwPBBB6ivk7wNrl14i+16HqztdReSZUlc/OuGA6/Ugg9RivpfwZqFxqng3Sby7YvcSW6+Y5/jYcFvxxn8adSCSUo7MmjVlKUqc1qu22pgeD9Nh8E+Jb/wAKxRBLC+3ajp0nfjassRPcp8hHfa3tWn418VSeHra2tbFI5dVvSwt1kyUjVcb5Gx1AyBjjJIHqQ3xkPI1DwvqCcTQ6xHECO6So8bD6fMD/AMBFcz8TrR4/EmkX0mRa3NrNYeYP4JCVdRntuAbHutTSipTSZWInKFKUo7o4SP4qXI1Zof8AhNb7z923e9pD9mLemNmQPfP416/4K8WzeIFurHUYY4dVstpk8rPlzRtnbImeQCQQRzgjqcivlZvh94g/tJrRbUGMNxcFwEK+vr+HWvf/AIb2jnxfPJFl4LHTRazS9jIzoyr9QqEn03D1racPcblG1jmp1bVYxhPmTTv5eZ6vXB38I074twTINseraS6yAfxSQSLgn/gMpFdZqOsW+nusGHnu3G6O2hwXYepzwq/7RIHbrxXH6z4a1TxHqlnql1rUml3FmkiW8enKDsD7dwd3B352L/Co9u9eJmVejGjKlOVm0enTi73R1NZ+uQtPol5GoyxiJA9cc/0rN0bU9Qg1qXw/rMsU92sH2m2u4k2C4i3bW3J/C6kjOODuBGORXREZGDXyEounI6tz4w8WWj2fivUondXLTGUFc9H+cDnvhhn3z1rGr1D4v6KtveR3ySf6iVrMoW6rlnQgY/385PdcDrXl9fdYWoqtGMl2OOSs7BRRRW5IUVPJZ3UUImktpkiO3DshCnIyOfcAkVBQAUVoafpFxqIDq8cMRYxrJIT877SwRVUFmJwBwDgsucA5p+p6FeaU7JcK29BudDDJGyKTgMQ6qcE9/wA8ZFK6vYDMooopgFFFFABRRRQAUUUUAFTWl3cWF3HdWsrRTxncjr2/xHt3qGik0mrMD6r+G2pnUtBErPGTJHHMRGcqrMvzAcnoRjHbHNdrXiHwm8RQWOhW6RlnMJaK6jOMjLllZeemD3xyGHbNe1xTxT26zxOGiZdwYelfJ4iHJVlHzOhO6JKK4p/F139v3qE+yhv9Xt5K/X1rtAQygjoeRWNhlDToxDr+pAHAlSKTHv8AMCf0rYrIkP2bXrac/wCrnjNuT6MDuX8+RWvXHXXv3NI7BWd4Mutq6vpEjHz9Pv5TgnkxTMZoz9MOV/4AavySJFG0kjqiKMlmOABXISXzyeL7bWPD0ctzKIja3qbdsU0XJT5j0ZW5Bx0ZhXoZRXVGs3L4Wt+w3QnVXuLb+tz0ivG/Gnw9mWW6ji0qXU9EuZWuFjtj++tJCSWAXIJUkkjbkjJGMV339u63Hln0q2mC/fjhufnX8xWvpOr22sWxlt9ysh2yRSDDxt6EV9ThsbSqP91K5yYjAycLz27p7fdseJ+F/AF8vmWujaNeaWk3E+oaim1kX/ZQncx9BgLnqa9x03T7fSdLtNOtVK29rCsMYJydqgAZPc8VarP1vW9P8PaXLqOp3Cw28Y6nku3ZVHUsewFdM6jnv0OalRjTvbVvdvc5Hx1rFlH4v8G6RdXCQo9+b2V2OAoRGWMMe26R1Az3FdnqWmWWsafLY6hbJcWsow8bjg9wfYg8gjkVxWlaK2uRalqviOyUz6wqobKUbhb2y58uI/7XJZiP4m9hVSz1XXfC2oLo2mW114j08EqqS7o5bMdlM7DZIo6AE7h715VPNKE6sqd7W69DqdN2uaMnww08EhNc1mK2HWITRHA9N7Rl/wAd2fel06+g+yjR/BcEcGnQsVl1NhvTdn5vLz/rnz1c5UHqWPFTXGnal4hGNfmjisjz/Zlo52P/ANdZMAyf7oCr6hq2Yoo4YkiiRY40AVUQYCgdAB2rjx+d6clB3ff/ACClhoQ1SSILHT4LCNhFvaSQ7pZpG3SSt6sx5J/QDgYHFWWZUUszBVUZJJwAKzta8QaT4dszd6tfw2kPYyNy3sq9WPsBXCXja/8AFAfZbWO40Two/wDrbmVdtxer6Iv8KH1PX35FeDClOq/aTdl1b/rV+R0NpaId4W1V/GfxP1HXrPJ0TTLQ6fbS4wJpGYMzD24/Lb616XVHR9HsNB0uDTdNt1gtYVwiL+pJ7k9zV6pr1Izn7islohxVlqfPHxjmiltpGEihm1H5E3DLKFcEgdcD5fzHrXj1d/8AFO4I1Ox09oiJIEeRn3ddzbcYx28s855z7c8BX2WXw5MPFHLN3kFdB4TWwGqQyX91JbRfaI4ppY3KlIH3CU8DPTC57BjweMc/UkM0lvMssTbXXoev4e49q65K6aIPpe/8BeEPEXh6e88INbx6hCpa2u7G4JxKOQr/ADc5wOvIzmvnGKyWbU0t2YwxnDyHAJjXbubALDJAzgZBOMcE4r174Dpdf8JTqLhBDbtpyNPEuQDIXGxtpHGVDHjj5uODgd3qvwl0bUtZF7LeTxWRfzJLNVTa2W3FQ5G4IW52ZxknGK8Kni1gas6NaTkt11+Rs486TSMzwtYaH8PvB6eK9btYoL65QGONEy0SsP3cMYPO4ryxzknJYnGa8i+IPjK68Ua7PNeWMds6xC2SHOWgQPv+Y93zwRjA5GM9PfPH/ge68XPpUtnfx2zWDSHy5A+1twHOUYMCNvGD3Nc1pnwI06CE/bdavRKRj/QFWBQM5xlgzMMgdT2rHCYzDRbxFaV5v10XZDlCT91bHzlRXqfxH+HT+GpYFivVvIbpZ545Zows6tGm9w7KP3gKjqejemST5ZXv0a0K0FUg7pmLTTswqZLSd0D7NqkblLsFDDJGRnryCOKhr2X4TePNB8MaXcWmrwTQm5lBF8sXmIVCKNjY5GDk9D97P1nEVZ0qbnCPM+wRSbszxxkZCAwxnoex7cetWNPsJtTvY7S2XfPKypHGOrsWAAHvz3wPevobxN8NPD/jCxGveFHs/NY+YYYmxbXWOqnaRsbtkY759a8Y03w5r1n4jhsrPTb9dXSRPLVoShhlVwwbPIKgDO7pz6DJxoY6nXg3F2a3T6FODTPQNL+A2qPaTvezafA8q/u45GkmeHr/ABIUXPPow4HvXkeq2H9mahLZs4d4XeNyvKlldlO09x8uc8da+ivjT4g8QaLo9jHpLT29rcl1urqEDcpAG1A38O7nkc8celfNcu8SMrqVZSQVP8PtWOW1a9eDq1WrPZLoOoknZDKKKK9MzLulard6NfpeWcm2ReCDyrr3Vh3H/wCvqK+nPhvrC6zohlT/AFMqLIEPO0nIdecZwRj3xnvXytXvvwT1SBdHit2YptMkBL4AL7t4x+DD8a8rNKSdNTtqaU3rY7T/AIQ+X+0OJk+ybs5yd2PTHrXXgAAAdBQSACScAVw2reJrq4uWSzlaGBTgFeC3vmvB3NTs7u2S8tXgckBhww6qexHuDRpNzNcWe25GLiFjFLjuR3/EEH8awfDGsXF88trcv5jou9XPXGcEH8xWxp7/APE41OPsPKb81I/pWVePu+hUdyjfwNrPiMafOxFlbRCV4wceYxPGfatGCG70+zmwsdxtP7iCFBEAM9Mk4/z3qPUbeeC/h1O0jMrKvlTxL1dM5yPcGoNf0r/hKtAl06K/ubGKdgs7xoVkKA5ZBu6Z6Zx0z1rO6aim/dOypUfJG2se3n/wR9lquixz+SLzToNQuGzLbrcoXL9x1yTmo9SuLrSNbgvtN02W/nnhdJraKVIy4UrhsuQOM/rXzlYWtx4M8T6hHFp+najJY3bxeTqEAbhT8rq3UEjBHavWdF+NegXU6x65Z3Gj3ZG3fIvmxH6MBn9Me9ek8JVw1RVsP739dt7GPNJJymtGv6+46+bxH42vQY9P8LWWnk9J9SvxIB/wCIHP/fQqDTvCEr6pFrPiXUpNZ1SLmDegS3tT/wBMoxwD/tHJ47Vv2GpWOq2wudPvILqA9JIJA6/mKtVzYnM8TVThJ2XZaf8ABMY04rUKZNI0ULOkTzMBkRoQGb6ZIH5mn0V5xZzt1r2tpxaeD9Rmb1luraNfzEjH9KzHT4h6uxXzNI8P2zDG5N13Ov0yFSuzkljhjMkrqiDqzHAH41zmp/EHwjpG4XfiCxDLwUik81h/wFMmumnKT0p0036N/hqvwJfmzmNH8K6NoGpG/wDFsdze6rnjVdQfzrc+hU9Ivo4GOxPWvSYpY54llhkWSNhlXQ5BHqCK4EfEXUtdGzwj4Vv79W4F5egW9uPcE8t9ODWj4R8JXulahda1q93A2pXa7Wt7CPybaIZzwo++3+03PatcRGUlzVnZ9t/w6CjbodhRRRXCWeEfGfR4HhvbksVktJFmj4J3CQqHXrgZJBzg/dx3rw6vbvjFqhktb2ONof386wlXYBtickqMjPzKvrw1eLS28sKq7p8j8K4OVY4BIBHBIyMjtnmvs8r5vqy5jkqfERVLb2txeTeTbQSzy7WbZEhZsKCzHA7AAk+gBNW7XSZ5riKKWOaNpQPKjSLfLISoZdseQSCCCD0x0J6V6z4Y+D/l28mq+KpxpGlqu57Zpx5rJnP72TgKOmQMZ74Irqr4mlQV6j+XVijFy2LXwI8+38Q61bxwPJataw+bc8FUlTjYCpIOdzEc9F6DpXoh8ERa9qcmqeKma/befsunsx+z2qdvlHDuR1Y8ZOBwBXBaz8WbDRdMOmeBdNhisbdhE2oSxFYIyc/dXqzHBOTycE4IyaydP+PWswwMLqGwu2GADJE8LnOcn5SwIGB6Hnv28KthcXXqSr048t/PX/gGylGK5We9xWkdnp4tbCOO3SOMrCirhU44wPT2r5a8WXPi2y1h4dUudQN3wCk1zJuY4GTGFIVkLFsbM4HXFTal8WPEt9fG4k1i5UFvlgsSIIkXIOASCzHG4c9Dg/MOK7vwd8T9M8Q2i6N41W1uIpDtiurmNdu7H3ZR0U+jgAH2INaYfC18CnUlFTvv3X9dRSkp6bHid5qN7N5sN60jzA7GM7Mzpg8r8xOOQM9+PrmhXffFXTfDuleI2t9AlWZWRGlKymQQN83yBs8gjacHJGMZxxXA17dGpGpTU4qyZi1Z2HRxtLIqLjcxwMkAfiT0q7YaTqd7KrWNpcSkMMPDGzYOeo2gn8ual8Om2XXrJ75Q9ik8T3SYzviEilxjqeMnA9K+idc+MvhXRLIR6R/xMZVXCRQKYok44BYjA+ign2rnxWJq0pRjSp8zf3FRinq2ZvwQ8P8AiLRo9Tm1S3mtbGcJ5UM6lGZxkF9h5HGBkgZ49K9K1bxDo+hhP7T1G3tmcZVHb5mHqFHJHvivHPC3xe8Ua/4306xa2smsrqfymhhiYEJ/E4YnPHXn8vT3NYYkleRY0WSTG9gOWx0ye9fM5hCpGvz11q9bJ/I6INctkYtrq3hvxnp93ZW15aalbspjuIA2Tg+q9R9fWvmbx/4Ou/COuSaaUeS0y01nMUBMkRxkFvVMAEe5PAPP1ZNZWAu11Ka2thcwoQLl0Xeikc/N1Ark9W8S/DzxHMdG1TU9Ku2U5USvhVbp8snADfRs1eX4uVCo3Ti3Hqt7ef8AVhTjzLXc+TaK9z8V/BCaWJrvwteR3cLgMLa5Yb8YwNkvcY6BuOBya8i1fQL/AEW58jUbK5sJcHCXUZAbA/hYDDZ/L3r6fD4yjiF+7lr26nPKLjuZNdV4M8UroNxJbXe9rGdgSwJPkt03Be4PAPfgemDzEsMkLbZFxnoeoIzjIPQjIPIqWOyuJnjjjjZ5ZfuRICzt/wABHP8A+utqlONSLjLZiTtqfW/h++k1LR57WVibiJTHuPUgg4P+fSuJZSrFWGCDgiqfwx8RW3h+1tdK8Q/bNOuXj8uOW/heOOQ7iVUO3opUc46YHavS7rw3p15dG5YSKXO5gjYVj69P5V8tXpSozcZG6dzJ8HWcgmnvGBEezy1J7nIJ/kK6GFRb687HpdxAD/eTPH5H9DVqKKOCJYokCRqMKo7VBfwPNbZh4niIkiP+0O348j8a5prmTRSdmaVFV7K7jv7OK5i+7Iuceh7j8KwbzWbn7a3lPsjRsBcdcetcKi27FSkked/FzQjp3iG18Qwpi3vwLa5I7SqPkY/Vcr/wEVwkkaSoVkRXU9mGRX0brOk2nizwxcafdDEV3FgNjJjbqGHuCAfwr5yeC6sL660vUF2X9lJ5Uy9j6MPYjBH1r6DL6/tKXI94/l0/y+49HBVV/DfyKQ0mCGXzrSWe0l7PbyFTV6LWvFllcW0cHi/Uwk86QlppWkCBjjd8xPSlqpqcbS6dMEzvUb1x1yDn+leimpNKeq8zavhKbhJxjZ2PaB8OfiMTg/EYgeotf/r15946sfFnhrxRBo91431a7EtkLrzYnaAZLspXaGPpnPvXpQ+PPhvyEK6Zrc0pUFhHargNjkZZhXmvjjxaPG/iKx1GDS5rGK2t3hbz5FLSZbI4HTH9a6J0qEYtxik/RHj4alOdSKkm0b3ws8AeHfGek3914iF7qF7aXzQkS3bgFNqsp4IPOT37V2vi/wCG/hrTfAWryaJoNlBeW0P2qKUR75MxESYDHLchSOvOa8i8M+LfEHgy61N9FisJU1ARl/tYchGQEZAUj1/QV0HhnUfGPxP1HVNP1PxfPp1vZhPMt7GBY/NR8ggMCCBx3z1pyxFKnS5pvRbir4adOb00voez6bfRanpdpfwf6m5hSZP91lBH86pazqb2u2CA4kYZZvQVd0zT4dJ0q00623eRaQpBHvOTtUADJ9cCsLXrd474zEEpIBg+hAxivh0oubtsObaiU11C8V94uZc+7Ej8q6bS7xr2zEjgB1O1sdz/AJNchXWaNbtb6eocEM5LkHt/nFVNKxFNu5meCNMtLh9Rubq1hluEmMQeRAxUH7wGeme/rgVwnxU+G+maZd2uuWCR2Ok3VzHBqsccKskIZsLOikYXGcHHqMd69G0G4W08X6pp6jCTqs6+zYGfzz+lS/Ev7L/wrTxH9sIEX2CXbn+/j5P/AB/bX2OAkp4WNjKekjzq41bwX8L0kttEtP7U11kPmMJA8nTJMsp4QYGSBj6d68h8U+OdQ8S3UNzql4l8n30sIw8dtAd3AYcFzjPOe4+Y8gc1dahdyQfYTMy2sbZECAIhILYZgMBmG9huOTg4ziqVPD4GFF88nzS7v+tAlNvToT3V3NeSK8zAlVCKFQKqqOwUAAevHUknqTUFFFdpAVNb3MtrIzxFQWUowZQwIIwQQQQf6HB6ioaKAJ5LyeS3W3aTEK8+WoCqTzyQOp+YjJ5xx0qCiigArr/B2gyeMde0vTbzULgRT3E2S53BQqB2K5OCzcDp2BORXIVNbXMlrKJI+o5HJGD2OQQQRUVFKUWouz7jW57r4n8ReH/hWZdN8LWcVxr0i/6Ve3LGVogegYnqx67RgdzXHp8YvE4Ch/ElzyBuP9lW5KnuB8wz+OK86uLhriTcVCjrtBJGe55JOT1NQ1y0sBRjH94uaXVvUpzfTQ6PXfHGv+JIjHq2pXNyuQRGXCRD32KACc4we3PXNYLXMzkb3LBQQqtyAD2A6CoqK64QjBcsVZEN33N3SfFuraHO0uk3tzp4LhhFbysYh65RiQ3brXoulfG26uLX7H4m0uw1e0Zf3mFEb4zj5lbKMe+Bjr7GvHaKwrYSjW1nHXv1+8pSa2PcG8O/DfxZMRompN4f1TJ/0K9jGzfyCDHJwT/utx6V0nw/8PXHwyubp9V8PSahJcPj+2NPbz2ROPlMWA6juSobP4CvnGJsxyIW425Cn1yM49DgfpX1HqOiWnhbw7b614W8Q6lZW06I1rpro1/FPuG5UjjPzgn1Vqx9hiKX8Kd12l/nuPmi90dT4f1fS/iN4bv47yyguLeK8ms5oZFyrbG+VgDyMqVPYgn2rhdVs9b+ElwLq0Nxq3gtmxJA7b5tPz/dJ6p6Z47HB5PafDTSNW07w/dXuuxLDqmrXsl/PAowIdwVVTqegUfTOD0rsZI0mieKVFeNwVZWGQwPUEdxXVOnGrDlqIm9nocvpmqWWs6bBqGn3CT2sy7kkXv/AIEdx2q3XA6tob/CrUm1vSd7eE7uYDULLk/YmYgCWP8A2c4BH09sd6rK6hlIKkZBHQivm8XhXh526PY2jK6M3w2NkWoxj7qX0iqPQcU+60FZ7ppUm2K5yy7c8+1J4fi+zHULZifMF00hz3VgMH9P0NP1rUXtVWGE4kcZLegryZ39o7Gjty6mnDEkEKRIPlQYFeefE7wHNr0ceuaMg/ti0Ta0XQXUXXZ/vDsfw9MaUd9dRvvW4kz7sTmun0y++3Wu9gBIpwwH86qlUnQmqkQjO700Z8rSa7ZwkpL5qSqcPGYyGQjqDnvQuvWZwXE0anozxnH6V7z4x+HKavfjXtBmj0/X4+fMZAYrj2kGDz/tY/PjHN2vi57a4/sfxlp39kXx+UPMM20/urnj9SPevpMPiaNeN4LXqr6/8E9CliqknaUkvl/wTzAanHM+yzhuLyT+7bxF6kuJNSsYfPvtC1K2t+8skBAX65HFes2/hbSoNSi1bRX+wyFgZRakeVOndWT7v0Ixg81oalruj6ZEx1DUbWFccrJIMkey9T+Vb3jslc6f3tm5SS/I8bgniuYhLC4dD0Irs/g6CPiHqu3Ow6aC/wDveYuP0zXPnw1qHiDxHNceCtHnGl3KgtLcxmC3V8nLJnkrjsB+HSvY/A/gu28EaZPLc3S3Go3RVrq6I2rx91FHZRn8c/QDhx9anCnKmndvS3X5nJXxCqwUFvf5fI7GmSxRzRmOVA6nqCKfWLr91LEscMZKq4JYjv7V84ldnHJ2Vy9DpVlBJvSAbh03EnH51crkdJeYajEsTHDH5h2I75rrqclZig01oec3njzSvC/i2/vr+1vrl2jdYktIg+FTAZiSQAMDOfTNeafEf4p3ni6CO3K29ppaMssdjHMJZJ2y2GlZflCgrnZnPI6/eGZ8WDcjUbFJI1FuvmlZM/M0m4bweegATHHc8nt53X2uXwUMPFI5pu8h8ssk8zzTSNJK7FndzksTySSepplFFdpAUUUUAFFFFABRRRQAUUUUAFFFFABRRRQAUUUUAPilkgffE7I2CuVOOCMEfQgkEehr0nwX8Zte8JWMWnAQXunQrhILrduUdwjqMgdcAggCvM6KAPp/TP2hNDuAV1HR7+2kVQzm2ZLlFB7kgg45A6dTiuhj+Nfw/dctrpiYDlZLSYEf+OV8f1798HnsdT0e3jvRHdTRRvCPPTftIbIUbh2QrjHQcdsVz4nEewhz2uVFXZv+K/iTpvjjRrzwt4PtrnVby/TyXuDC0cFuhPLsWAPA9v8AA91p9r9h021s95fyIUi3Hq20AZ/SpILaC1j8u3hjhTOdsahR+QqWvAxeMeIa0skaxjYpXQNveW95GOS6wSD+8rMAPyJB/Os/xDGy3qPj5WTAPuDWlqDBYIs97iED/v4tXLu0ivIfLlGR1BHUGvKqtKSZdrxscVW/4cRgtw+PlO0A+p5/xpB4c/e83H7v2XmtqGGO3iWKJdqL0FZykmrIUINO7CYSmM+SUEnbeCR+lZl5c2k1u1rrVgpib7yyxebE36H9RWvQeOtEJxXxL9GdEZR2krnnt34c+Hpcsvh61kY9ooii/lkfyq5pukaXaOJNI8G2MLD7sxhUN/30Rn9a7Bri3U/NNED7sKrTa1pluCZL6AY6hXDH8hzXX9bvGyi36yb/AAVjRToxWkNfN/5WKv2rXiQBYQL7lxx/49U8dhc3EscuozI/lncsMQwgPqc8msLVfiHpWmRGUqzRKQDI7bBknAx1P6VZ0zxZNq9jHfWWjz3NpL9ya3fzAfXoKOWvKN4U7eaX+dwnXcdOVR+X+Z01V7uzhvYwky5xyCDgiudvfHNtY3sNhNY3MeoT/wCptZBtkk+i8k/gK2LXRtU1UrNq07WkHVbS3fDH/eb+g/SpoZfiKsrKNvU5ZTilqT2enW9jnygSx6sxyanmuIbZC88qRqO7sAKjuPBui3CYMEqN/fWZif1JrB17wXpumeG9Wv4prpprezmljLuuFZUJB6eorueR1r6yRCqxR4V8ZJreXVbT7PKjIZJ5FAPzBWKYOOuDg4+hrzKtbWrp7y30mWWR5Jfsjb3c5JPnyn+orJr6PD0fY0lTvexhJ3dwooorYQUUUUAFFFFABRRRQAUUUUAFFFFABRRRQAUUUUAFFFFABW/4a8S6hoUskVtOixSKzBJVZlEgHykYIIJIC56cjPQYwKltTGLuEynEfmLvJJHGeegJ/Q1M4RmuWSugTsfT/h6bWb7w1petWl68ktxbrJLBIxK7schcnpn8fetKTXdbmKwQ6YYpjwXZSR+GeB+ZryHwf4w8SaF4WgFvcafLY2+9TDeRspjG4k4dTnv3HGa7LTfi6swH27QpyveTT50uR9ccEVwTwODqSupcvcH9Zgvhuuh113e6nHYMl/bgsrLJHPDyFZSCAwHTp1rXtfEUWo2qvp1rcXUzf8s0TAU+7/dArnbH4i+Fb5gh1WO1lP8AyzvFaAj/AL7AH5GpPhV4j0HS/hxa213q1hZi2uLmMie5ROPOdh1PowrOtktCUk1J2FRxE3dSVmdCbXxXccqun2o9GYsf0yKf5Hii3AD21hde8chQ/jmoZ/il4MhOE1yO5bONtpFJOf8AxxTVKT4q6cxxZaHrt0T90/ZVhU/jIy4H4UpZXg4q0tPmbxlUlsrmo1p4lvInVUtLA7ThmfzGJ7dOAPeuUtTbWs32fx7b3thc7tqXr3G+xl9NsgA8v/dfFXX+JGsTMEtvDlvCSM/6XqHzD/gKI2fzrE174ha/Y6dJNqN5o1haO3lnbYyXDHPbl8ev8NKlSy+k7R1f3mjo12rtWX3CnS18Z6kLfwfCbPRoJNtxrc2XExHVIEPDe7nj099Txl4Ej07Q/wC19KvJEk023d7iK4kGy6jA3MTwArjGQQAO2ADkeZT/ABcEUSwx+ItXMCDakFhZwW8aj0HyhgPxrEk8WP4wuYtIQatMkrhpZrzUpZQqA5b5M7RkDH4102o20p6eiX/BKoQqKrHkkua+nXU7TwNqWk6l42tLnVpU0+zsbU3sAvysQllJCq3Jx8oJP1IPaulvr3wnpGq3F74T8aQaVLdH/S7aytzfQSE/xrGmQsnuOPUHmuB8RWsn2EahaJH9ssQ0kW9AwIxhlIPXj9QK5y3m+IuswJJbtLHbuoZGURxLtPQjocVFGuo0/dsl5u36HoZthaixLdRt32sv6sez6L4l8K+HnludM0bX9T1C4P8ApGoT2uJ5j7vMUwPYYA9KsX/xVv7aPePDsFpGTgS6jqaRAfUKrflmvN/COgeJNO1aS91vUjcRtAY1ja4eQqSynOCMDoelbfiTw5beJrCK0uZZIkjlEu6PGeARjn61zVMxlGpy3Vu61OaGCi4c1nfsyS/+NeoLlf7X8PWg6fuLea7YH2IZR+lVNW8R6/rvgnUL9/FN1LZy2cxEUNrFCrjawIb5S2D0xmqNp8NfDdtjzLea5I7zSn+S4FXfEdrb6b4G1K2tIlhgS2dVRegz1/mameOcpRjTk910X/DlxwnKm5xW3meJagCLPSyQRm1JHv8AvZKoVYu5ZGEETSiRIYVWPGPlBy5H/fTNVevcPJCiiigAooooAKKKKACiiigAooooAKKKKACiiigAooooAKKKKACiiigD0Tw0lvqGiX1qxZ4HuHHJwxRgCM4JwefWobjwJb7t9lezQuORvG7H4jBrnLTWn0+dTpty0KNEnmpPHlS6oAemTyQccDrXSWvi+YRl7ywLxqFLzWjB1XcMjIzwfYnPBHUV51WlXhNyp7M9CnVoTgo1N0WdE0nVbO6lj1K6F1aGPCBnLjOR2Ptmuh8HadZefrEcllbM8d2GVjEpIVkUgDjp/jWbZ+ItKvcCK8jVj/DJ8h/XrW/4XG3VdWA6OIJAfXIZf/Za4MRKfLLmVvw6o7acYe7yu/49Cx4sttZn0ZItAdorrzlyUcJ8mDnk/hXF/wDCD+M785vdb2g9nupG/QDFeoSTRQrulkRF9WYAVmXHijQbXPm6vZgjghZgx/IZNc1DEVYR5acU/ldlVaNOTvN/iYXhDwNJ4a1KW+l1Fbh5ITEUWIjGWBznPPT0710esaNZa7ZC0vkZ4Q4fCsV5HuPrWLP8RfDUTbUvJJm9IoWOfzAqhN8S7XymkttH1CSNfvSShY0HTq2SB1H5j1q3SxdWftHF3+4lVMNTjyJq33mxb+BvDVt9zSYW/wCujM//AKETUl74ctkVLnSLa3tLyFSECIESRTglGx2OBz1B/EHi7r4qXvAg0+zh3DKmScy4HI52AY6dOvSs67+ImsGVAuq26K3LNZ2ZYIM4P+txk4GfTkc9cbxweMk7yf3v/hzNYzD03eH4I7OG2vPEB8l4Z7GxX5bkuNskh7xr7erDr0HrXUqLextUQeXBBGoVQSFVQOgrxnRdW1nxR4gs9On1nUI45mbzDHLs+UKScYAHY9RXoMPw70BXD3KXN4/964nYn9MVniqSpyUasreSV/zsbrF1MS3Utfprp/mal14q0Gzz52r2gI6qsocj8Bk1jz/Erw/G+y3a6u36AQQHk/8AAsVtW/hnQrUAQ6RZDHcwqx/M81yPxH0u2hTTr4KkFvvNrcNHEGwjcg7eM7SCQPXFRh4YepUUHfX0IrTrQg5K2gl38UTHLJDBozLIhKkXVwsZUjOQVx146Zrn9Y8eanq1tdadPJp1tA8bK+xXkJx/CGGQSccEcc9a4aivbhgaEHdR1PKni60lZsfKyNJlN20AAbiMnAx/kfqetMoorrOcKKKKACiiigAooooAKKKKACiiigAooooAKKKKACiiigAooooAKKKKACiiigCcXTniVUmHJ/eDnJHqOeOuM4z+Ndh4O0K619pUttRvbCxSNTMscpIaQkjAHHGATzkj361xFd74D8TRaFayRzbZYJZQHRGAmRuxCn76npxyCORyM8+K9p7J+zWpth+T2i59jrYfhnoStvupL27fuZpv8AK1rfwZ4ctv9Xo9sf8Arovmf+hZpn/Cb+HNhZtUiXHVWVlYfgRmsq8+Jmko3labb3WoTk4RY0Kqx+p5/SvBtjKjt734o9e+Ggr6HLeP9Nh0LXBLZE2Vvf2jIywJgZXquBjAb5QfqevQ8BXUaz4hm1ieS91WSJ5Ps7rZ2sSiSOPcdpLEMCpxuYHk5C5ABFcvX0GGhOFKMZ7o8etKMqjlDYKKKK2MjofC2ow6ZfQXUbRpfwykos7bY50cBSm7+BhnIZvlxnJGPm9Tt/iBoEkam5uJbOVlDeXPE2cEZBBAII9DmvC6674dQpf+MdGsZg0kR1CKXy2JKHaGJyvTJwPwFcOMwtKpF1J7pdDpoYmdL3Y7HfXfxG0nDR6XHPqNxtZgqIUUBQSSzMBgAAknFeeeI/E8+reTPLeRzzOpKwxIyx2nJGBuxukIGd3IAIwc/d9A+PqwQ6lpVtGkcSx2bsiKAoyZF6D6A14tWeXUaTpKtGOr76jxGIqVHyyegUUUV6RyhRRRQAUUUUAFFFFABRRRQAUUUUAFFFFABRRRQAUUUUAFFFFABRRRQAUUUUAFFFFABRRRQB778FfDlm0PiGLVdNtZ5ba5jt2EyJMEdFIbB5BGe4ODXiN3fzusixSvFBc7mkhRiqN+8JAKjg4IH5D0r3P4Q2/iCPw5r/2G50gzJqMqzrdeZncEXLBlPK9e3brzx4FLE0ccDsciVC6+w3EfzBrioUakcRVqT2drFyacUkRUUUV2kBRRRQAV2HwwUyfEDSYhffYS0rEXGFOwiN+fm49vxrj67f4Qkj4paLi3S4yZl8pzgNmFx6Gk0mrS2Gk27I1/jhDPB4sso7jW01V/sYO9IkQRje3y4X8+fWvMa9X+PyGPxpp6nT47If2euI4ypDDzH54H+cV5RShGEY8sFZBJNO0twoooqhBRRRQAUUUUAFFFFABRRRQAUUUUAFFFFABRRRQAUUUUAFFFFABRRRQAUUUUAFFFFABRRRQB9JfB23trjw3r6TaH/aDrrE+19sR25ROPmYEfyr51ujIFghlXa0KGPHcfOxOfxJr6e+Ah8zw/4gnDSMsuryMDKoV+UQ/MBwDzyB3rwLxtpBs/E+uCEO/2bUblJVWM4jj8wbHZv9rfj8B1zRr1Y21bRWOWooooEFFFFABXoXwft2h+KPh4yECSSSRhHzuC+S5DH2OePpnpjPntXbiS9sNYlc+ZZ3sEp4QlGiYHoMYxj2oA9l/aOsR/wk+jXbsF86xeJCx43I+7H478fjXiEsUkEhjkUqw7H35B+mOasahquo6vOJ9Sv7q9mVdokuZmkYD0yxPFLaSTzSwWsciRu7eUkrnGwMcEZ7Lz+p9TQBF9klDIrbFZiRh5FUj6gn5fxxTJ4JLad4ZQA6HBwwYfgRwR7jg13/xS8FaB4HfSdO03UZrvVGhZ78MwKr02kAD5c/NwSeAPx4NZQ1q0Ujt8h3RcZ5JAI68ZHOefuj1oAgooooAKKKKACiiigAooooAKKKKACiiigAooooAKKKKACiiigAooooAKKKKACiiigAq7Zzi0tLi4iZ0usiKN1crtRlYPwBzkcdejHg9qVWbTdIstvtBV1L9OQVViCP1H4/SgDY8O+OvE3hOCaDQ9WltIZm3PGEV1LYxkBgQDgDkc8Csm51O9vNRm1C5uZJbudi0srnJcnrn1B9OlVKt6jpt3pV2bW8i8uUANjIIIPQgigB032a5nFy86xCV900UcODHk87FGFx6DI9O2aa1tBJNItncl0UAxiaPy3k9QACwz1/i5x6nFdN4AuPBFpc38/jS1urpUjU2kEO7a7c7g20g5+7jJx1zXJXDxyXMskMXlRM5ZI92dgJ4Ge+KAGyRvFI0ciMjoSrKwwQR1BFNqzfu8l1vkxvaONidoGcoOeO5656nqearUAFWfLuL1kIkM8pCxqpfL9MKoB5PAAAGccD0qtRQBoQaWZoJg8jQ3aMoSCSMjeOdx3dF24yc4GO9UpInhfZIuD1+o9R6j3plTRXUkURhwjxFg5R0B5Hoeo98EZ49BQBDVkHyLR1+XzZsKVIyVQYPccZOOQc4B7GlivBBI8kdrbhywZCylxHg5wAxII/3garu7SOzuxZ2OWZjkk+poAbRRRQAUUUUAFFFFABRRRQAUUUUAFFFFABRRRQAUUUUAFFFFABRRRQAUUUUAFFFFABTkdo3V0Yq6kFWU4IPqKKKAJzdq8Aje1gZwc+dhgxGAMHBAPTOcZyTkmpBewujrc2aSs/PmiRhICAeckkckjIIPCjGMkkooAgmiiRUaK4WQNnK7SrJyRz29+CetSRpbRwrNJKJZDnEChuCMffJxwcn7pJ47cGiigCK5uZrydp7iRpJGABZvQDAA9AAAAOgAAqKiigAooooAKKKKACiiigAooooAKKKKACiiigAooooAKKKKAP/Z","id":3870},{"image":"/9j/4AAQSkZJRgABAgAAAQABAAD/2wBDAAgGBgcGBQgHBwcJCQgKDBQNDAsLDBkSEw8UHRofHh0aHBwgJC4nICIsIxwcKDcpLDAxNDQ0Hyc5PTgyPC4zNDL/2wBDAQkJCQwLDBgNDRgyIRwhMjIyMjIyMjIyMjIyMjIyMjIyMjIyMjIyMjIyMjIyMjIyMjIyMjIyMjIyMjIyMjIyMjL/wAARCAEsAPoDASIAAhEBAxEB/8QAHwAAAQUBAQEBAQEAAAAAAAAAAAECAwQFBgcICQoL/8QAtRAAAgEDAwIEAwUFBAQAAAF9AQIDAAQRBRIhMUEGE1FhByJxFDKBkaEII0KxwRVS0fAkM2JyggkKFhcYGRolJicoKSo0NTY3ODk6Q0RFRkdISUpTVFVWV1hZWmNkZWZnaGlqc3R1dnd4eXqDhIWGh4iJipKTlJWWl5iZmqKjpKWmp6ipqrKztLW2t7i5usLDxMXGx8jJytLT1NXW19jZ2uHi4+Tl5ufo6erx8vP09fb3+Pn6/8QAHwEAAwEBAQEBAQEBAQAAAAAAAAECAwQFBgcICQoL/8QAtREAAgECBAQDBAcFBAQAAQJ3AAECAxEEBSExBhJBUQdhcRMiMoEIFEKRobHBCSMzUvAVYnLRChYkNOEl8RcYGRomJygpKjU2Nzg5OkNERUZHSElKU1RVVldYWVpjZGVmZ2hpanN0dXZ3eHl6goOEhYaHiImKkpOUlZaXmJmaoqOkpaanqKmqsrO0tba3uLm6wsPExcbHyMnK0tPU1dbX2Nna4uPk5ebn6Onq8vP09fb3+Pn6/9oADAMBAAIRAxEAPwD2KilooASjHNGKWgBKMUtFACUUuKMUAJRS4ooASilpKACilooASilqG5uI7S3eaU4VRn6+1DdgC4uIrWEyzOEQdzXKal46htJCsEG/6nk/gKydY1aTULk7m+UfdQHgVzN6s7hktiiE9Wxx+Z6n6VySrNu0TqjRSV5HWwfEUF3E1uBk/KCcBR71bg8exLcKt5a7IW6SxNux+FeULAEvwl1cbvmGW3D9RV3Ubt7eBEXaVAxjGBT55dx+zj2PeLe5hu4Fmt5VkiYZDKcg1LivDPCfjKXSNSRCWEUjYkhY8MPUe9e4QzR3EKTRMGjdQysO4NbwnzHPOHKOopaSrICkIpaKAG0UuKKQCUUUUAJRS0UAS0UUUwCiiigAooooAKKKKACiiigAooooAM0ZoopAJmuE8d+IEtFMO/5IhkjP3mP+fzrtby4W1tJJmIG0Z5r528Way+paowVi2GJA9/Wsarv7qNqS+0yzbarNd3RLvyTyM8KK0VW71PcLS3fyF480cF/pxwP51H4T8LzXYE11GyW55+bgv/8AWr1C1hhhhESIFVRgACsbK51LY8lbQbncTNHt+YbW7+4Pr+NGqWkyQLHGpYAcs1eq3MUUoKMgI+lZF1pFnIhV4wV96Lgkjx6WCVWCuu3J4YdM17B8LPEb32nyaRdNme2+aMk/eTP+NcXrOiJZyE2ozE33ozyKp+F9SGieKrC5yViMojlB7K3Bz9M5q4S1uZVKdkfQtFLSV1HIFFFJQAUlLRQAlJS0lIAoopaAJKKKKYBRRRQAUUtJQAUUUtACUUUuKAEopetFACUUtFAHH/EHUjY6J5anDTZH8s/oSPxrwXRA2qa5HGsbZd9xJ4OO1exfFxGXS7W4z+7BZG9sj/P5VzejWixxae0ys1xCAfM8sAAPztz3x/Wuab95nZSheCsdtaRC3t44+PlUDirEd5aHpcRE+m8VTuU3W5BjaQY+6O9clq5vZJIY00OAI7bC7gfIPU46Vmk3sauyWp3TvGw3KwI9RVWYqRkngVieHrS4MOPL8hG4wDxx7dqz/E2p3Vk5tLaMyO3cHGKXWw7WLeorEz8soz6muC8QRR22uRInBdQSP8/StPTYzcbJNQsFy7EZZ2ZgPUg9KoeI7cPrHnKBtgaOMdzgqf8ACmlysmT5kfQOkXf2/R7O6zkywqx+uOf1q7WH4NBHhHTc94sj6ZOK3K64u6RwyVm0JRS0lUSFJS0UANooopAJS8UUUASUUtFMAoopcUAJRS4pKACjFFFABRRRQAUUUUAFFFGKAOZ8f6cmo+Db6NgCY18wE9sdf0JrznTvE9p/YEcc7eVdQKizL2fAADD1yMH/ADmvXNcML6NeQzOq+ZA4AJ5PHb9K+f8AxPoUeg6k9lb30V7BJzCY2BKKezY6H/8AXWFVXZ00JW0PXbeceUrdQRmiWNLkgbVx6kVWsYHisIYHOXjRVY+pAq2iYHU1zap6HUrWHJ5YkSKIYC8cVzOrxbNYyy53dK3bu0WWNWS6khKHcdhHzfWuZmjuFv3aa581eMD0oa0KiSSRx5X5Rk+lc/pukXPinXzBb48kSs8j9gg4B/LOPwrS1u4a10e6nQEv5ZVAOuTxn8M5/Cuy+HOh2On6Il/aiRXu41LI8m4R9yBx6/U9s1dGLluY16nLsdhb28VrbR28KBIo1CooHQCpKWkrtOAKDRQaAEpKWjFADeaWikpAFFJRQBNRRRTAWkpetFACUUtJQAUUtJQAUUUZoAWiiigApCcDNDMFGWIAHc1TOp2hkCeZx/exx+dFwM3xRoEniDT0jin8iaMkqSMq2eoI6+leYzfDvVtPv7e8mSC5iWUF0QgKqgjk568kcda9tGCARyD3qG6tIryLy5QcZyCDjBrOUU9TSFRrTocjKfKZWP3WAB+tJKSUO386v6np8luh3jfF/eA/nWIJZbU/34/1FczTW52RaaujL1HTgUZhLcOx5wZGx+AHFY1vp7xXJk8+TBP3Cf511kuqxMhRRgmrmiaAdSP224OLc52AdWPT8qEnLRFyq8sdTJ0PTW1u+niEcLWlsArtKjHdIT/CQRgqB19zXoltAttbpEvRRimWVjb6fbiC2jCIOwqzXVCPKjz5zcmFJS0VZAlFFFACUUGigBDSUpptIAoopMUAWKSlpKYC0UUUAFFFFABRRRQAUUU2SRYo2dzhVGSaAGzTxwJvkYKP51jz6u8rmOL92PXPJqrdXLXUjM/TsPQVQkO0hXPB+63cGpbAfPd3KOxLsXUbgc9R/jTknS8laJ8LOMBWxw59D7+9VizyRgsd0kZI/wDrfiMVVLKZCUbnAYe69j9RSA6HT9Ua0byZyfKzj5jyp/wrolYMoZSCDyCK47eLyAzKQLiMZkyOWH97/GrWj6m0EnkSFmhPQnsfai4HTsAUIYDHfNclfaebnzp7ILsB/wBV3I9R/hW7ql6qWoSNstL3HYd6gs8pEGAPHYd6mVpaFxk46o801K7W1heYkAAZrsvAN/dXGkLFd8ZG+EHrsP8AnNcHDar4h10W85KWEWZ7kjuueE/E8fTNdf4e1EXd9JcoBGEmZNo4AUdPwxisoe67m9Z3VjvKQ0oIZQykEHoRSV1HKFFFFABSUppDQAlJSmkNACGkoopAJRRRQBYooopgFFFFABiiiigAooooAazKilmICjqSaw9TupZZPLIKIOQPX3qPWdQjkvhpiy4uAnmLARjzx6Ke546VUtJnjUxXGWTJ3A9Q3cj+QqWwEA5qC6YEMuOcVbnQQ/Mp3Ieh/p9ay72XYRz1pAMSQ5Qhc+YvIHZh/n9KgmyhU5+aNyD9Ccip4crGH5wrbvz4P+feorzPmSKp5MbHP0Ix/M0ATLcNbyI8PDjbIRjgg5yKnuFRlS6hGUc/czwjelZzDdcyYJyhCg+gA/8A11btZFTer/6mb5JEHY9QRSA2LF472LBIMqcN7+9atvGdmBmuUSR9PulbPyj7oX+MHvXVwzBrV5lOV2ZBpAc1BpFtZQvDbxhUZ9zkclj7n+VUBJBpl/dZxGsts23A6uAcVv3kwt7NGVQ7Hc5HSuSm3393um2gnhiOAAP8KmxV2TWniK90e7CI5kgbbuic5GcDOPTJ/WvRLG9g1C0S5t2yjD8QfQ15FKTJKZ2B2k78e+eB+lbvhXV5NOuljlY/ZpETzB1AJz8wq4sR6RRRRWghKSg0maAA0hNGaSkAUZpKTNABmikzRmgC1RRRTAKKKKACiiigAooooA5v+xE1DxVcapOoKWyCGD/exlm/DIH51dvdP8yAOmTKo6gct7fX3rUHI9jS4yuKmwHJQyjJt5Pun8oj6/WsnVMxuVPBQ4rY1aHLPLGjFVco6dFDddxPfINY+py/adPS4DB2X905A4yORz9P5UrgWLZVOnqcctx/n8qrylUjt3A6lRj2OB/WptPfOnRH3x+hFVJAWtGckbUcsuPQNnH6UANj5BySWUkHjqB3p8r7VhUHqwkYZ6AdBT4dq3chLfKvzZz2xUQzIivnG0AEe3akBchZrhZbUnEkbZic+h5I/PNT6bqJgje1fIhk4Usec5qgMCdD/fT9Qf8A9dTTp9pQ3KBfMXAl3dh0DAe9DAsazfrJst4TlVQKzdic/wAqymQxWLsOJZSI0B7AnBP64qa3g3qZZTtiXqR39h7mqd5P5krSEAKroFX0A5x+tICjLtcOBnYoGPfHH9asRLsW4cqdseAD64HNRFQjSow+6rD69h+tWkYGwKj/AJayMv5uR/I0DPRNGuPtOjWkhOX8sK/+8OD+oq7XI+Br4zLf2pPCTF1/E4P8hXXVonoIKbmlJptMApCaDTSaQC5pM0lJQAuaKSloAt0UUUwCjFFFABRRRQAUjHCmlpkh4A9TQAD+VOX7opv8NO6AUgKF1aJc2NzCyht5JAPTOBj+QrgTIz2t7Czbiq7uOFBB6D16mvRZm2QMw7GvNtSby9ZvoxyCJAOwHBOAKhgXdN/5A8J/2x/OmyNm3niX5mDEbfY8/wBTT7UGLQ7Uf3iDj/gVEXyi4LYyZfy4WmBAceUQpB3qgJx25z+dSrkEFRzniq0JKm3PX5Cv1AOKuZ8lGcDdtXKgnqT0zSArTMI5jsG7y5gF98jp+tSRyyW+oCQAfPGRtbvzyDUW3ZCzH5ijiTPqc5JqSRg17AwOVOcNjtj/APVQAtxcedcGNVEaRRjag/U/yrOcb48KM75jj3GMf0q7BgzTucE7gv6f/Xqk5wiBePlfB9BuH9KQEFxKvmDHKhsk+u1f/rGrzBYre3HGI8k/ghrMaPzXEfIUkrx77c/pmrs/8eTnEIT8WOM/pQBd+HwmS+MjcJKGXJ/iPXj8q9GNebeGJ5rnUrKRFAVW+VU6Be/44PNekGqjsAE02lNNqgCkNBpKACkzRmkzQAtFFFAFyikopgFKKSigBaKSigApj8uo/Gn0zq5PpQAvcU6kX7xpe9ICpd82U/tmvMNSm3+I5Bkbm455Y/J29BXqDgOk6HoTj9K8mty0/jLyV3DbMwbamAQo5yfwqGB1F3F5GnwxjP7sKv5YqvGmZLpiej4xn2/+uKsao37n/gQ/mKqxMzPdAZx5nX0OBTAjtl8w26qAoG9R7ANip2IZi45jxtAPdRTLQKIYlLHJR4y3uT1/nU0gCqF6AUAVZIv3MycsCmVPrT7tVea3UYwzE/X5SaGOH8vAPlxkv9T2pkke23suctlcH04pANTLz3JBwpxwPXFUnwDbhQOEAx+lXVBWe6VO+Hznviqkg/chgckQgD6kHn9KQFKIubxVXojZP5c/z/8AHasShnjYDLMz4UDrhQSP1FUreUpNM5BwAT9eSf5EVoWpKsjP/Apc/UnJ/rQB1fhDT0sLVFYBpSvzP6munJrn9LkKtak/xDJ/GugNVHYBDTTzSmkNUAlIaU0lACUUUUALRSUUAXKWkopgFKKSigBelGaSigBaiByM+tPc4Q/Sod3akJky8CjPNNB4oBoApyyiOSbJx0rhLTTUj8b6teLynloy85wz9f8A0E/99V0WuXQguxk4B5rP00Zt5Lk/euZDIfpgKv6AH8ahbjIdUP8Ao7knpj+dRQDm5VQN3m5x+AqTVSfsklFpt3XRYZIfg/8AAev86YEUEZEC5zkyN292/wAauN8giLZzuwOecev51HApYEf9NT1pJ3MhJwO6gegFAFaCMqzBs7juLfWmOHNpaSkfcZQB654H49KlWQ/eYcg7PzqKWUNYwgHOyUB/YB+tIBEylxcjvwwHtVLoY0/vQL/n+dX1cfbLjP8ACq/+zVSbrG/92M/j2AoYGS0gC7QMl5Cv4Z5/QVpRAywSbesrBf1x/Wsu5ZBdY5G1c/ien8q3dJj3PboR/ED+tIDqkUQsvPKgAfhW+DkZHQ1iSRgSt+dalq++1jPtg/hVRGSmkoNJVCCkpaSgAooooASlopaALdFFFMAooooAKKKKAI5mwgHqajWm3hPyAA/Wo4GyeaXUTLdIpzRnFIuMUAcB42mYanaW6HmZmQf+O/41pxqFhRV4VRgD2rK8VLv8WWGekaSN+J2gf1rVj/1QqEMztVObSQY6L1p9ijNNM3bIB9+Ki1H5oZAQPumrtj/r5MDggE0wEddkcgHGJAf5VDPhssBz/EBU10yrHNxyHHf6VWkOIxGP9Y5DHJ6KP8aAI0j3TpEPuxkljnqxH9KiudqacF7mTafqX/8Ar1diUKyuOjNn6HOaoXOPssxPVpePzGKQCqB9ukHZYlGM8d//AK1U3OAqAAYVR9QCR/hV+If6awHeJd/qeuP61XniAEJ64do299xz/gaQHNXeV1FgP42Ax6gAV1egrvvIB71yF7Ju1vac4UADP+fauv0JsTxsp6UAdhcxkNkVJp7fu3T0Oajmlxbhm5J4pNPb9430p9QNHNJRmkqwCikpaACiiigBaWkopAW6KKKoAooooAKKBRQAg+8c8jpVaSMRTDA4NWff3plwu5VYdjUgMbNCHgVIIyckik+RTgsM+lAHnvij/ka7fH/PP+taqtttwxql4t0+4XXbTUFAe3I8tmHVTnIz9fWpr2byrdFH3iKkCjPumVwBx0rXtYyrk/3lHP51SgtGEY8zqSOPxrQVh86jjnH4CmBRvGUJNnnDgkdP88VAMtIzk53HIPtRcn5JiTyXHH6U5OISSAMEAHPrSAc58uAnALMQq49fWsy83Mk+BhVmUgepG2tCXJnY4xs+VPYcc1QvnOLlQPuShzgdhtzQwLMAP23ocvEPw5/+vSTodshbGVlDfpgVPGQLuJ8/KyMM+nIP9Kj1DMZl46IG+uDQBw+oYj1NGxwy9foxH9K6fSrjypYF7v0Fc7rUTbLab+45jJ9c5/wP511fh2NEiW7eNZJAuyLIzg9zUgdPPITFCh64JP51Z09SGJ9qoiOU4kkOWc1q2sewDPpTW4yxRRmkzWgh1FIKKQC0opKWgApaSlpjLVFFFMQUUUCgAFBopkjbELelACA4ds9P/rU8GRlGwBR6t/hRGyuoYDGaeKkCP7Pu/wBZIze2cClMMSj/AFa8e1SZFMYA96VgMfVZ4fscqyWx2FSAeBk9v1rmv+Pm7hHUKoJ+uK3vEwI0a4K87QG+mCDWTpab0Mx/i6GkBacBTGD65qFHPluACTuPbpT5wWlB7AHpSQqqqzfxFjzTAzTC0sbkY+eUAfgRUrAbyAMRxnCjuT3NSyf6p+ej8Y+tRy4Me8dQMNSAa3MZIHKDPPpVC8P7nUB1bOR+Kgf0q0+QpgHVv9Z04H92oRGJXu2bOd236DFMC1kCW2cYxu498g1X11mit96jJwVA9asxoDp0DckhFbn1wKi1wA2qH+BWHvgUgOT1Xa2lyNno0bqfXLAfyNdp4diU6XbDGTjNcZq9pP8A2e6RruAkVuO65BP+Nd/ojKLGGMMuVQDg0hmi67pos8Ig3E1Zt5PMDsOmcCoiY9pywI/OpLRVWDC9MmnHcRPRSUVYC0tNpwoAWlFNpRSAUU6kFFMC1Rmg0lMBaSiigApsgHltu6Y5p1FAGXc6xHbD5UZ8dwOKzrrxLiAfugNx2glwpPsPU+1dFJDDKCJI0fP94ZrhfG+ixJ5VxGMRtkFB0U+1Q0xqxbHibbP5KwzM+M7cj/Gr41u8ZAIrAk9zJMAP0BrgNGszbX4nGBGx2kk9Se3ua7eFsqM1m20b04Rkr2MHxP4l1iOEWcelQzR3KsjtG7MUGOTjFaWn3X+gwJGhb5RnFEy7NRtnCjAYr9Mgj/CrioqA+Wdg5OAOw/xqoO+5FWKjLQjYSGRWZCvB60kUgUuSRjJGOKiuWu4yWVN6gchfX6f4Viy6gyIwfGNxBGcEGqMjVedGEi5GAwP9aCy+UVBAZ+Pw7muZa+kAk2HJJz9farC3tyzFgpCnAx/d46Urgb7RJIWcEBjyQf50+O2USuQRtk+bBHWsVbyVQsjA7R0Hdj7VZiuywiRiV/iODyPp+dAGnDCRE8JPyrkD2H+c0YBgKvzg4YY4qM3KqVIbGSFJwOaHlRJAwOA+QeOOlMCuZoIlI2KBuKsP61nQeImS8UWzBkGAcfdOen/66z9elnvp2sbRcIxDTSdAo75P061R+dNQeytl2eURvnU/e47Z7c9fapYHqMcqzwJKAMMM4NXLf/Ug4xntXE6DqWo/bv7OvGWWIpmGQKF/A4ruFXYgUdhRHUpqw6ikoqxC0tJQKYh1OFNpaQC0uaSlzTAs0tGaKYAaSiigAooooAKqajYRajZvby9DyD6GrdFAHml1avDfNC67RC21VHQAH/62c1uIcICTVvW7Jf7SSfHyyL831H+RWakn8DevFZTRvQerQ65IKqw6qwYfganYk4Tn5iF/Adap6je2thp0l1dypFDGMlmp/g6VfEvhaPUHaVHeSZFdgPnTeQDjt6fhSgPEW0JfOBIcnj5pfwHA/wA+1VLu1trtMXEQZ1UDeODuNatzpNxHuYKJEJGSnZR2x9f51kySlWLNncMyMvfceFH+fSrOYfaadptvlRD5hLYJdsgkCrflwBPlt4MY7L17/wAqzCSBsRsnHlgj+8eWP4U77Vsy4PyjcwH+yBtH60AaR2A/LFCD8y5CD0yKaXQsP3MB5XGYx0IqiLrawUnO04P4Jz/Om/aQNuTjG0H6hSaBks1xF8p+zQnABGARyW471Vmu4sA/Z1GGJ++397H8s1EZSdm7oAgb8FLf1FVZM+UfUJg/ghP82pAVGSWe8LsxwGBUDpntx78j8qtpbxLK0igfMB9eBx+mKXCoXIxnJ/mf8BSTSBMk9OR9ME5/SkBp+H2jOqqrqpyDtyOh6/5+tdlXK+HtMcTJdT8FTlR6nHX9T+ddSaqIC0UlLVALS03pTqQCilpKWgBRS0lLimBZooopgFFFFABRRRQAUUUUAZusxs9quxSzBscDPWuT1q5g0S1a5vJhHsQyNH1YLnA/M5AruLlS0LbRlhyPrXg3xWv5LjWIYTcRySiFRMIzwCGYqD7/ADHj3FS1d2HGfI7nKeI/El74ju/NuWKWqH9zbg8KPU+p969n+FGpQ3fgS3tYwBJZyyRyL3G5i4P0Ib9DXgAyOvJroPCPim78Kayt5CvmQOAlxATxIn+I7H/E1bWmhDk27s+mBNxVW6tba8XE0YJzkMOCD61W0vVrHXdNjv8ATphLbyf99Ie6sOxFWc46c1AGJceHph/x7TBuCFDcEZ5Jz3NZVxazWzYmhaNc+nARegz7muv3EcZ5pxkyMNyD2NFhnD+WWGxj8x+VserHLfkKYQXBwT83p/tHaD+Qrr5LCwlJJiVW7FPlwfWqR0OBSWW4IUY2qRk8dKQHOPkhuPvBh+bbR+gqGR9zNx94kfm2P5LXQHR4lOPOLDjoPQ5Fcpq3irwnolzLa3F1LPdQHa8MKMxBGeCeFzye9LcLk6F5WwAWLc4A5wcn/wBnH5Vs6fpJLie6GW6hPQ4HX9aj8Fa/pviTS3urOHyZIZDHJE2Nw/uk49R/IjtXSPEEbj7p5FKwx9sNpAq7WSl2q6ta2akeZIjykf7C4B/V1/WtarQBRS0lMBaWkpRxQAop1NpwpALS0gpaYyzRS0lMQUUUUAFFFJ1oABRRRQBznjLUrjTtKQW7lDMxQuOo4JwPSvnnXmB1SVR0XA+vAP8AWvevHkqtaWlmACzSGUk9gBj+teAa1j+17vHQSsv5HH9KFuRIzsgUhYYpGpuKoRteHPFOpeFr/wC1adINrYEsL8pKPRh/XqK9z8L+NNL8V22bVvIvUXMtpI3zD3U/xD3H4gV85Y7U+CeW2njnt5XimjbckiMQyn1BFS0NM+p8kE5NRO5rzDwz8XABHa+JIdw+6L2FeR/voOv1H5V6Za3lnqVqt1p9zFcwP0kibI+nsfapZQmWzjvTTuNT7MClVMsKQGZq9+mi6LeajN923haQg/xEDgficD8a+XmllvLqa6nYvLM5d29WJyTXuXxl1P7J4ThsFbD304Uj1RPmP/j2yvEI0CpVxXUTOg8GeJ5vCmvR3ihpLaT5LmIfxp6j3HUfl3r6Lt7uDVLCK5spVmt5l3xyL0Yf549q+Va7Hwh49uvCul6laASSiaMm0GQRFN0zg9u591HqaUkCZ6n4bvv7W+I2uSI2YdOt1s19CxfLn81I/AV3NeSfBFi51x2Ys58gkk5Jz5ma9bpFIKWkpc0AFLSUtMBRTqbTqAFFLSUtAFmiiimAUUUUAFJS0lABRRRQBz/ifRptQSO5tRumhUqY8cup9PevmzU2LX9w3ILSuef9419aDqPrXyTqTE30pPdif1pomRTNIeKXvTTVEjNxzSjpTTSA0gFJIq3peuapoV19p0u9ltpO+w/K3+8p4P41UeojSGesaF8asFYfEGmjHT7TZ9fxQn+R/CvQNL8X+Hta2/YNYtnkb7sTtskz/utgmvmQjLYNMKjOMVPKNM734tanLfeNWsG/1OnxrGuD1ZgGY/qB/wABri+gqKMknJJJ9TUx6VS0QmN70daKB1oEe3fBW08rw/qN2RzNciP6hVB/9nNem1xvwsjWPwBZMowXeVm9zvI/kBXZVJogoopaQBS0gpe9MBcU6m5pe1ADhS0gooA//9k=","id":3871},{"image":"/9j/4AAQSkZJRgABAgAAAQABAAD/2wBDAAgGBgcGBQgHBwcJCQgKDBQNDAsLDBkSEw8UHRofHh0aHBwgJC4nICIsIxwcKDcpLDAxNDQ0Hyc5PTgyPC4zNDL/2wBDAQkJCQwLDBgNDRgyIRwhMjIyMjIyMjIyMjIyMjIyMjIyMjIyMjIyMjIyMjIyMjIyMjIyMjIyMjIyMjIyMjIyMjL/wAARCAEsASwDASIAAhEBAxEB/8QAHwAAAQUBAQEBAQEAAAAAAAAAAAECAwQFBgcICQoL/8QAtRAAAgEDAwIEAwUFBAQAAAF9AQIDAAQRBRIhMUEGE1FhByJxFDKBkaEII0KxwRVS0fAkM2JyggkKFhcYGRolJicoKSo0NTY3ODk6Q0RFRkdISUpTVFVWV1hZWmNkZWZnaGlqc3R1dnd4eXqDhIWGh4iJipKTlJWWl5iZmqKjpKWmp6ipqrKztLW2t7i5usLDxMXGx8jJytLT1NXW19jZ2uHi4+Tl5ufo6erx8vP09fb3+Pn6/8QAHwEAAwEBAQEBAQEBAQAAAAAAAAECAwQFBgcICQoL/8QAtREAAgECBAQDBAcFBAQAAQJ3AAECAxEEBSExBhJBUQdhcRMiMoEIFEKRobHBCSMzUvAVYnLRChYkNOEl8RcYGRomJygpKjU2Nzg5OkNERUZHSElKU1RVVldYWVpjZGVmZ2hpanN0dXZ3eHl6goOEhYaHiImKkpOUlZaXmJmaoqOkpaanqKmqsrO0tba3uLm6wsPExcbHyMnK0tPU1dbX2Nna4uPk5ebn6Onq8vP09fb3+Pn6/9oADAMBAAIRAxEAPwDqM9znP0pcnvxTBu5z+nSkRiSOD9MY+tZmg2AkXM6+pUjn25/nUzdcDP5VWBUaiAf+ebcnufl6fgDU7dBnBPehAJxj5T/nPNNJHOTx6+1LjLEnIJFMBDElSSQSM49D/wDWoAdwEIZuMdKacZ9M9qb0JHQdOaQtu7nPXFAD8kN0xUSDFzMcgbtuPfgn+X8qkI9hTRt85jjPAPPtUsYpyGwSSOwNYXxCXzPAi+sc/r6q1bg+6NxJOCKoeJrVtR8Hz2q8NJdRrn0B25P4DJp3sK1zm7t7S7mvPtMUc6GeRgsihgMsecHpXBeK9Ns7RoGs4BEJHwwBJHt1P1r1BrBbey2KuBivOvFiHZGOySggfn/iKmk3zm9RLk8zmxgcnr6UoyWwOppox/Eyj6mnb0UEK456tmvXizz2OZgo2KcnuackfG5qYrwpzncfqAKUytKcDGPaq5ktWA7OWzV+JfkFZypKRlY2YeuOKkWeeM7fMjXH8LHFVGpETTL2do57VUm+W3bPV2A/Acn9cVKsqsAXkBPfFRO4luYQp4D7CCOAPX/PpTm9BI9J0R1fSYXBI4jbn3iT/Cr1xF9oaK3C/ffDcdVH/wBfFZ2iQvDpcUDJIrLhCjKchtoGCPXPFdZ4dsTe3fnOMpGCFP1NePVdrnXRV2jo9FsVt7ZPlHSofFt4ItI8jdjzpET6YO4n/wAdA/GtxVEMPIwBXAeJ737dqvlI2UtvkGD/ABH738gPqprngryOmrK0THZ/NJGVJzgg8defxrqvhTGq6/OVxhbIgbegDGNv61yT8SeXsU4wM4yRnr+hrtvhbGP7WvpPWytse2Yo/wDCupHGztdXcHxR4eQ9N9w35REf1reFc5qZz438OL/0xvG/JYx/WuhDoQSGBA6kHpTRIrcYb0/lXhfjWUt4h8QP/eZk/KMJ/Svap9Rhi4B8wnsp4/OvBPFE3mX2uP8A9Psq/wDkfb/KnZgmWfASySWasxYh/tD564/fKB+hOK7K5Do9pGH27pDuxnBABPP6flXL/D+NV0GOU7VJjDljgDnzOT+Cjn2rpA/nXFo43FfNeRSWzlT0+nGBWLNUWV2qNocE+o5x/wDXp/OQMkd85/SlZcy7uOFxnPSmnhSwyDzx1oAepLR5+Ug9PTH+f89qYo3KC4BPsT/T/wCvSgqrjsBwDnIPP19h/nIpsu5nyk4VT260hlAKpbOcUi4B65/CqguJOggbjH8Q4/WmeeSdxibJ5JIzj265qrhYtSnEyEHgEY/Jv/rU9j0PYZ4z0qrIxYLtDljjqpHQ9Bx6EmmO1xggRsTjjA+lK4WLy4B47HmmqBGgQZIUYyepqkssytt8lt2OuM/yz/jTjJKTgq544G0/4UXQWJHkBJyVIpyNvlWPeqqxVSWBwuTjJ9h/SqbGUMTsGCcDcSP5gUMJtoHkFQeMgZ/DpRdAeh6f4f0uNFMi/an6lpR8p/4D0/Qn3rkNUNrDrF5DZOJI43Cqo7cAkc9QN3UdvxrJ/wCEhvZ5HtLie5uQJSoijAB44K7UXL4IPXP44zXbQ6FYi2h3rsmJDShT944A2/TjGevAxjjCdSL0XQOSUdWcu7KjKWYAE7RlsZJ6fj7U4RNdukAHyB/Nc++3av8ANv0qd9OvxeyW6wKVRsea8oAYdiQMkZ4PSthLZLOzIwNwHzH1PrUykrWRpTg73ZzGqQhI2AriYNLj1PxPaRTQrLCjF3Rl3KdoJGR0xu2jn1967rVpFW2eV8AYzVPwlZTMJrlYITFdDAmblwEf7o54BYc5HO0c8CiBpU2Oj0vTLWEBYrWCIDskQX+QrWjtBnGOPrS21vt2hpEViMgMMZ9OavR2z/31/DB/rW6ONshit1ycqNw6H+dXEQhcbjj0yaclrJzhlqYW8gH3l/HiiwrksSsBwx/OpTCkg+dQ2RzuGaET0Zfw5qQIfWgZg6v4N8O6zbvHf6LZSlh98RBHH0dcMPzr538Q+ELfw14nvLJi8qht8LMcZjblScdx0J9Qa+pyCBkjP0NeQ/E7w3d6rrNpe6ZbSXLeQYZvJdfkKsSM5P8Att/3zVwnyvcicXKOhxehQGfTYbSJd/mOUVTznLH9MfpXsOj6cllYpGoGRya5PwZ4VutJtkl1GPZNztjLhmUFieSOM9OnT8SB3SSjyycgAD6Yrkqz5pHZRg4wuzF8SaqNMsjsI8+T5Yx79z9B/gO9eawPteQqobGCSWz69TV/WNeg1XVnn+2QC3U7YgZVHy8c/j1/L0rOub22IVVuInzkErKuOvfmtKceVGVSfMywwBO5sBiAduRwcCuo+HdxLCbp1cr/AKNaqSAM8Rn+i1xsl5Eyti4j5TAHmA4OPr61v+D9a03TILr7XeRRM4gVBychd+eg9wPxraG+plPbQ7K9nnn8W6fiXJitZy24bvlZoxxyMfdPr1HFbAcH7359P5Vw0PiTRV8WS3kuohbb7PsEnlyMM5XsB6KOw/QVr/8ACa+GBgNrSg+1pOf/AGStVJK5i4t2OlHouOfSvDddn3jUJc/625d/zk3V6knjnwrGUP8Aa8rHOSBYzEfh8leM6pI8mlPtVmkCliAOnyH+uKick9i6aa3O+8BFYdFt1YtkW0WSwwBguOv6Dvj8a3ln8zUoCxJUROC5IJJDAZOOMnrgev4DJ0OyhttOMjlgsZMRxKUXYDkZx7MKvG3Q32M3CAKGAEznPXIwTznHP0FczOhGkJ4sKN6KcAbd3T2qB7iISKBcIig8qWAB+pP48CkTT4VRQGnwMYHmEY/KkS08tUUzz7wCSY5nT6cbif1NADzdwFwGmjUdN28ccf8A6uP/ANdK01lId0k0bMfSUDHOcfeqVbaMnIMmD/tn+fWneVEnDGVie/zN/KkGhnBF54FGFyMAenSlLcc03cNxGRnpViI5VWOOEKSAHGMknHB9alLqfmXHPvxUV0cW6H0dTUsv3cn6HPel1GHVcgDOOM08jIBY8EYBIqJWG09eDTtx28ZoEK0YZSMnJ/iHBqvPA/2d1gKrLwyk8ZbOSD6ZAxn39qlZzk8UxXZ4lY8NgZB5+vpSaGnYXRb9Zkk2nZIzEuo4PU9fcHIPuPpXRQXATqTxz61wLo2mapLdmWQRzuzKQc4ZyCVIP+6PwX6iuls7kXEKTrgq4yCvQnsR35H8q5XeLsdMoKSUl1GzeKLWCwlcxzBhKwDFPkJzhQG9eO9RDXGvYSigYKAE9ce9ab2Nrqto9vtUh85cfdQ9j74ODj25PaubWGaBHikHl7GwYx2IPP8AKnRTskuhTnHlu9yDXNJuNYtY1i1hLBF5ZPshmZsdASSAB+fP0rpvDemf2Zo1tZ+cbiWMEeaVC7mZixOB05bpWJ1OO2emf8+tdjoqF5IM/wDXQ/hyP1xXXFWRxt3d2X7yFNhUfdACj6Dp+gqggVCcAj9a0LmRCACRn/I/rVPcuSeCOhHvWiMy1bSfu3Hbcv8AI1aVUPPfissTYUkdcqfTuRV6GUNGT15FMRqxEBFx0xipSwEW7uM1VicbBjp7VOpDIFPcH+dIZyN94pd7i6tHf7MIpCn3cF1zgcn1HPHriliN/Hefv7dre3K5hBIPmDA546Y9Dz34xXVGyt3AZolYjg8dRUVzbRS2xtug6pnordiP896xlTb1udMa0VZJWOeuWwAwOcisPU7mGW3ms7l5xFcRskgtyA20jBGW4GRkd+/1rQubgxK7SLt2A5U9cjjH58VzwJlmMjfMxOTz1rKEdbmlWVlYy38OeF4VLm2viB1Mkigf+OipotB8ODn+y5GHvdSD9AanuVR5zlAFI2kbic9/6fpUkSbUQDA4BPH0/wAa3uzmsiJfD/hpm+XSZ+eONQnA+vDfp/Kkg0PRIXcS6Q7KQGUjUJ+Dzkfe5HStGNdo6Y6UsmGxxn8aV2FkVBp2lQLmGwjiYEkbm844OOMyAnPUD69MmpLa006KMxz6dDMckqxJB28cELgZ68gDt3qZV37uQCTgcdqUoC77flGPvDHU9/TPNAWFWx0VdoXQtOYAf8tIg5P13Ak/nStp2jMwYeH9HDDP/LmuOn0x/n1p8eSTj16CpkQMCTnOaLsLEdpHHbB4kQiLhsliw5yMc5JwFHU556mlRc3zSow6bTuBPGF6c9ffn6VMiKV9cmq6FmlnWIqGDcFh05I/p+ftSGW92ATzxzx+dNbJj6Hp2GKIg3l4cqzHqQuBn2FMEaqCqDGW3HLEkknP86YFhWUDrnJP86epyO9VVbajsfUt9eM1OM4xSEZDbiPlxmmsxGAVHBw2D90U75fMWUd16+1KzAqRzVDI7g/6I7YHAz9KkO87U3Lk9Mf59KbNn7O4wTkdKWFmaJCQRlQe3pS6iFUDBJBz17HFI2M/Ng/UZpzBiCB9OvNN5CgMCSPTFMCJ22AYGQegHpTtxCZHOeaVyQw4GAQMdT+ZpqhskE5GAaQFK/sV1K0aCQZyQyjaeD/kmm+FZ/tFrJCd+ImKgPnIHG3IJPI5HBxwMVfADKGXDZPGKjmuHiuIgrFC7FdzcgYGecH2x+NZVY3V0bU6llynSWchPBPPSqOv2yrOtwpXc6gSqDypHQke4/l71ILuKNG/fLHvUjevLDtkD1/DqKy3mjWFoYt7mQ75Z5fvSsM9snavPA69Mk4qaUXuTNlZRuZB6kA13uhLullfH3U25+p/+xrhrYB7uNT0LV6DoyhIZcZ5YA/gM/1rqRiyLUYcOGUdc5/z+FZ6kg7SOqkjn2rfuAsgIJ57frWPMm2Qjnr6f59KYivOAu7BOPLU/qangl2gHPfnP6VDedWz/wA81/mRTUAZMhs4phY34XUxgrVqM5jXjuaybMhrThslePyxWjbyL9mBPXcaQi3uK/1FI+1kKE5B5BPalChx60gQ4wy8jvTA4DxOxi1OW3wwLlZG98j+Wf1FZUA43BSxOQOM/wCetafiks3iGdGOQqoq59Nuf5sazFYIvHGc9BisrWNb3IL2HBXKk5OOvfBNTRMGVMd1BHv0pl2xP2ZdhLPIUGOMfIxz9OKcnAyTx9OaBFgE7dpNNY8dqQqHOOKFAOeB+AoAlXG4DHanrg8joajXJzzUmOPp29aAFTAxwc5qZOnSogMgHHepk6D1xQAsfIP1qG0YEyEY4dgef9on+tWQQiZP51RsdxLMwmQ72Uq5yDg43DGQc8c+1Ay5GpWIgszEknLY/KmqOAfcnNOJxxnB7UgGRx69jQAv8OMHGOe1WEGQeC3rVUAh+T8oHHI5PT/P41MDx0xQIyRGEj2fMR9eaRVAycAH+lOL4OB1PSkwcZximMeD8ufxxTLZs26jnIG3oe3FLu+XGM+1NXCkgg7QSODSAlyOWJGByTTdyugZSpU9wc0gbBzk88nJ6UpfP8X45oENbGTx+XFIMdPxzQxHA71GTjnvTAcykNkD8fzqpdnARycBWBOegqcgn5jkDHIYdKhucCBwFwRtPA96Q0TdFA9u9RtwODUmQ65XB/Go3BVc4zg460xEllg3sZJwA2Tiu70ty1kz4z+8OPpgVwlgmLgEc49f4ga7/RI1bTwI26MeD9apbEsd9rjDMr8f/qqK5WKZMo65z0/EVPdWzZJMZPuKz3TB7/lTER3q5LH1T+VVIhwBnBB9farFwTtGRgYI/PFVVRTjJ7ZoGjUtQViPI/OtWyXzLEk9Q5/pWJbIqqw3DFbulYa1lTjh/wCgo6kk8TEAfWrAYsvynHtUCg9gevNSjIAPcUAef+LFEXiCVjkbo0bI9On9KyUfymUg4bscE/0PpW340CtqytjGbVQDjJJ3N2zn06e/tWLb7QzMyjOcjI9/Soe5otiO5A+1QrhhjOPXof8AGlyc+n1psgEl5HgDbg8Y7YNOEis+AWPJBI7EetICUKMZ/IU4Dvnn1xTM54ByP04p4BA4P0oAevBqTgjmmKuAAPlHHFOGPwoAePuAYAC9BUy8KB7VW3dPbmnK7k8E8enNAFhmVo2AIPBGetRw5NquCQSCQfTrSM5ER3enDEU2DcYYwOqquaBlge3SgqPT/wCtUYYhlXBwO/1P+fyqXcpHQ/SgA2BgM5GeODj0pUKJkSEHnjBAwMe+c85pm8EYK7uQcYHXPX8Ov4celLtDDJAz7KTj9KBGN5ox15+tOEino3Irthpennj7BajHpCo/pS/2Rp/T7FD/AN81fKLmOJDYPtTS3J+v9K7c6LprHm0T/gLMP5Goz4f0sE/6KOQP+Wkg7f73tRysXMjiyW2DZy+RjP1/CpA3ybiSc/SuvPh7Sz/y6n/v9J/8VR/wj2mYwLdh9JpP/iqXIw50cUWbIByPfOc0NIFBzx9RXZN4c01usMg/7at/jUZ8LaX08uQD/fNPlYc6OO82TGVAI9uf5VE7bo5MkkbQTn65rtR4V01B8hnXjtIP6ioZvCOnyIxEtypKkffX0P8As0uVhzI5WAhYwPc9qcTnIwOa6hfClkgwLi8/F0/+JoPha17T3X/fSf8AxNPlYc6Of07Ed7hlDREYYfrn68frXYabttoxsnO3n378fpXMvZC11aa2hkZjHjBbqcqCen1/SunsJCtpGZYN3BG4DnqaeyEzRW9UDklvfGKV5YpkJ8pXwM9aI5omHycexWnOjltytEPw/wDrUwMDVJYoot4haMBhk7sgc4/rUAhZeWYIP1qXxeC+gXSbo95Q8gHtyKbHPJEd4BKNyUPUe2KkfQlhMUZO0M5PfNbejSBxMuMfNnH4VmRxW12u6Ndjn+HirukxSRyzLnPTB6UxGw0hA9PpUQLyN1wPU0eS78swp+0L0PNMRyXjSIGSxbGdySKcjOQCvH865lFyOcdO/wCldv4p0+41Cwt/swTzI5ed7bflIOex5yB6fWuU/wCEd1cdEix7S8j8/wDP4cVDTKTVijKyi7TDYxx+Q6UxQGd+QBntVybw5rDSoRbDb32yoOfz9qbJompQIGubbZA7pG58xDgMwXsSe9KzHdEBkjidhJc2yEdRJcxr+hbP/wCqpot0wBhVpgB/yy+fP/fOasjSdbmzKtrIyudxZnhVfXpGx/nVS40q9bifSvNwOiwMw/76fIosFyx5ciD97G6cfxIR/Oow4yAWBI9KpfZFgxi2srVuw+0xI/5DaauQWOoT8241GbPTyb47f0mo5QuSqg2jt+P4U4Y3Dbk4PU1G+k64pOYL5Rxje/mfzLUq2GprzI9+v+5ZRt/7RNFguSzMqwSYQZI59zRCuETgE4GOOnH+fzqCe0vjCQr6rIT/AAvYADv6QinCO8QqDLdgAfx2eP02iiw7llgozlRu+nPWmeVM5BzwD8wJ6+v+fz9qxN1jm4PTnNqf8advu85+1EH1+zHH5ZosFy2sR/iPX86U28MuDJFHIRxkop/mKhtHuJ1njZfOaNkBMcLDKsGyCpLdNvUYB3AcYzVopNnHkzfjGf8AClYDplPNSA1ApqUVsZj+KPb04pKU8CgAozSCimIWikopAFI33D9D/KlpDyMUAN680ppqnKg+op24Ly3Qcn6UCOSk/ea3eNjJ8xsEHB+U4/kK6GwcpFjd8pyRuXFc7Ap+1bnzlly3uSMn9a6K0AKqQBn1pFl8KkgBwufWpQrdOv4VEmAPmVamXDrgjA9FoAwfFWToN+YhudbeQ5HRflP61Oxzy0SPg4ORyKsa/EH0G+XgZtpAB/wE1DJGzSS7Ww4Y/iPp6Uuo+hECA52wBfXHetLS23s/UN71VX976JKo5UnrV2yBWckja2etAi6Q3Y05Qe45pe+M04D8femIhuhm3bHUYP6iqIrSkXdE64zlTj8qzRTQmOHpWbrW57e2gVXYzXKrhAMnaGkGM8Zyg68etaNZGs4lu7KBgrKRJJhrdpxldoGUXk8O306+1AEL20QcmS1i356zaQZ2/OM4qQXKwja0tqg9JLuaz/8AHSDUW6KE4aW3iA7NdTWI/wC+easQTTv/AMe1xK/tZ3cU/wCsqigYRXE8n/HvLM+f+fK8in/WUCo7i1lfm5tLtx0zdWltMPyj5p9xFcvj7RBM/wD1+WcU/wCkTCqhggjywtbNR/eXSZ7X/wAf5pAAt7dcBba0j/3PD1wp/wC+g1IZIY/vXVug9G1C5s/0JNJ9qtlZQ1zZIf7o8RTqf++CAKuwPcyAm1fU2/697m3mH5yGgCktzAzYS9sSc/w+Jp3J/ArVmP7W/wDqpLlv+uOpLJ/6EtWXGoBcSz6wB6TQ2zj8oxmqctuH4dLaTv8AvvD80h/NSBTAsiDVMf6vXvqktoR+tO8nU8dfEA+psay2sLJOZLbQV9fN0F4v/QnppTSozgQ+E89wJlgP6KaQGt4dErajq8k7XLSLMkf+k+X5gHlqcHy/l6knj19a6Hiud8Iqo0ueVFhVZLubAhcumA5A2tgZGMYOBmugzTAyVHWpl6VEPu+9SLSGSClPP50gp3b6c/5/OmIbRS0UAJSE4GTTsUlArCd6PalpO4oAjT7i/QU4gMCCAQeCD3pFGFA9qcKBGZJpYWUSQHgfwseR9D/j+dWoBDGyRSlEkbJVWYAtjrgd+o6VarlfHFssllZTMobZMY+f9pc/+yCpeiLirux2aW6gZCHFSiMKuTuA7815BFZptBCL+VR3FkhXOxT+FZ+08jdUPM9O1O/0zyxaNfWommkSMRGZd75YAgDOTwTTRGWyc8jkHoRXjF5DtBAHAHT2r2q1iMdnFCztvVFQs2W5AAyc9acJcxFSnyWH+UzMCRz0PI61at43Vh8pP1FeeW/j3U0XZc2NpJIpwwTdH8w69S1aUHj+Y/8AMGXPtdH/AON0c6D2UzvSpODjFSKuB61wo8Vaxe4EMNtbL64LkfiSB+lOsrjUbjV4Gur2aVQGOwnap+Q/wjA/Sn7RXsgdGSV2ds08UR+dh9ByfyrLA6CmD24pwrQxuKDzWHqE0Y1thJLCipbpt8y+a15LPuwyjJ42cdOQfStv/CseI3TX9/NbrfbGmC7rcQ4+VFUg+ZzwQenrQBNatJNn7NPcEf8ATtcRzj85OaLqCRhi5VpQf+fuyW4/SIiopR5pInXzWP8Az9aY0+PxTC1HutYiFSTS0fsqXLWR/JcmgZHttoSD5VjD/tG1lsP/AB45p8MscrEQTJK/pba5JO35PgVZWG6Ch4obwjrutb7z/wD0dgVHN9oddt0dRYf3bq0hnX8oRmkBMTqSDk62ij+8LRh+mWNUZo45sieKGU9Sbjw/NLj/AIEpC0zybOMbtul2/PVtMlsz/wB9lv6VLC3nvi1mt5mHH7jXppD+CEFaAKxOmQHpoERP/TU2DH8ME1agi+0YMKGfP/Pn4gnkx+B2ipydWhH/ADHFA9PsTKP/AGY1UnJuP+PpIpSev2rw/NMfxZTtoAt+XfRfct9fiA7ie1kH/j7sTSfaruMjfqGvIfR7COUf+Qov61m50yA4CeHI39pjYN+W1jUl4JodJu7uOC4dYYXk8y012aVVwpP8RUfpQBseFww8N2UjnLzRiVie7NyT+dbH41T02EW2l2sAAwkSgY+lWs0wKO3GKcBiuTXxLck/66If70BP8mFWF8S3J72x/wC2D/8AxdRzorlZ1AFOxwfpXNDxJOBytux9wyf/ABVTL4kmP37S1APcXbfy8unzIXKzdo71jr4jg/jgf/tmwb+eKlTXrJ+qyx/7wX+jGjmQWZp0lU11jT2/5eQP+AN/QVKL60YZWdPx4/nTuhWZPSH1qL7Xa4GbmAfWQf40purXH/H3b/8Af1f8aLoBw4yPc04VAt1asxC3UBOeglU/1qUTQggGaPnoNw5ouAtY3iyPf4elbH+qkjcf99Bf5Ma3RE23oSPXFUNet3k8P367TxAz9P7vzf0oeqHHRo4e2IKgmpJ48x1V09yeD24rQuP9VXKzvRzdxB5lwI8feOK9ffG9vTJry2Fd2p2x6/vk/wDQhXqRXmtaXU58RujyzWrb7P4l1CLGAZjIP+BgP/7N+lWbSBWxxzV/xlbiLXbecD/XQY+rKxyfyK1Fp4DMPpWctGzam7xRqW8QQAYrQsh/p6N7N/I1CiEJwKsWp2zKx9/5UR+JDqL3GaoNOLBVZmICqMkngAe5rk9X8Z2un3EVvA6Su7FXdRu2HjAA43Hr0yc4GDzitHqEeqgyJeC62H5hu5jPunGw/gDXS5WOBRua+r6u7Rxx6ZdbJA4MkixKwKYPALcZJI+YBunSqKX8IcvPplpOxYsXZRvyTk/MQe+TwB17VFt9e9IU9qzcmaKKN20uNMusLHPcwydBE1zIn5DdtP0FaH2W4XIXUroDH3GWIr+PyZP51xzQ5BGKmgvL2zAEFw6oOAh+ZfyPT8MU1PuJw7HQnSn3l/L0uQ/7Vhhj9W3n+VI9rdY5tFCjtbalNH/46FUfrWbH4lukI862ik9dhKfz3Vbj8UWpwJLe4Q+wVh+eQf0qlJE8rJP9MjOVGtQIOpVraUf+PF2qKeU3C7bi5WWMd9Q0eVgPx+RasL4i00j5p3Q56GJv6DFP/tzTiObuMf72V/nTuhWZkL/Z28R2y+HjL2Nre/ZX/JFY/rV37LdxruSy1cE9Gt9SEw/8juB+lWZtX050KTXVu6dSrSKR+VZ0j+FIjva3sI2b+OO3Ab/vpRmi6DUsrc3sI+a91dG/uz2CTr/5AT+tY2trbS2EqzjSJJ5SsS+Zpj28wLMFym9idwznp2q/JqGgwJuS/wBSBJIGy4uWA57Bjtqle6lBdQxQpq2oOnnxu8c8UW3arhuqpu6gd/rxmi6HZnbINkap/dUL+QxRkVBaahaagjSWlwkoBwwB+ZD1ww6g49asUCPMAoB4Zgfc1IuR1J/KpPJ46nA96TywvIP/ANesDa435fxpCzHOCfwpW2gZB5PqKjZn5wc59gKAG4bOSfzNNHJ4OT9aQrJjp196Ejc/w0DJU3DksfpmlZ36gnHtTTHjk5P1H/16QqB14+ooEHmSDkMRSC7uF6Tv/wB9H/GmHPYn8KYcj1zQBOL65zgzMfqx/wAaes8j9QjfVAf51Uyw75/KnK3OCT+IoFY0Ir1oeFht8d8RKP5CpEut5bNrbjeMEhADz7jmqalgPlAHueMU/bM3KhW991O4WKVgSJCmcHvV+4J8vK1nxrtuZeMMrtjB9zV1nUx4PWsmdkdipbBhf27ZwfOQ5x0+Yc117azMF5uZc/8AXGMf0rljGyFXPHpTxLxy3PpnNaQ0Rz1tWifxJdPdwWszySOYpCBujVcBhzyP91e1QadcDcvU1WuyHt5FLZOM/lzVbS5SDg8kGpnuaUNrHcwTIyjB6iqXiCSeLw/dyWwlMoXA8kZfBPOBg54zx3GelLYSCUhFQ5Ip2vWjTaFcxPxgK3UjG11bsQe3Y1EXqa1F7rPGpNTsJ5/KutVvJWHyhLu3Vwv1fex59l/Kuw021s9T0y3ufte2aIFI54raVwQMDcHZkZTkHOCOe/BFTixuZogjXTSp/wA85W3L+PmCTNSR2t3axCNLe0ZB0jSNY1H5MP0SuhNdzhM5tb1iwvpIAk1zax7cXEkW6FgQPut1Lc8hn4weeKtW/jq1dik9nICo58pwz/Ur0UfVqpX2j2kt0L2S1ubS7XgXEMxRfofM8sMPYZpraKrsZrnVL2aHcSDe2ySKnsJHjYD0+9TtcVzpbbxJo91wt4qMOokUqF+rY2/rWhG8VxH5kMscif3kYEfmK5rT9G0iXLW8lnLnuB5uD7bWwv4Yp83hWB38y2cxyDoba7Ytn/gYfH/fVTYpM6Jo/UUwxjuK5pLDxHYkiO/uZFP8M0Pmn/vpSSBUqarrsLBZo9KuWH8CXDQP+IkX+tKwG60SntTGhUjBFU01W82g3Gh38YP8UQWdPzjZj+lOGtWPHmymD/r4Bh/R9p/SiwE5hULjGR6Gm+SoXAHHp2qSK5guhm2lSYeqHI/OldkThmAPoTikBXEKp9wY+hpVQGRR6kCpvfrSADd1AYDIGeT+FAGh4blLeL0H8LaGhIHcrcyKD+QFdtXnumzmw8WKfLYkaOAVwD1uHb+tdEfEgBIKH/v3/wDZVopJEcrOX81u5H5U3duNTNEoJBIY+1IsQztworM0I8Y/+uKTn1X8aeYwgBBz7A//AF6ZukzzG/5A0AAYjsufY80hZsfd/M80AbhuaJ0OOhIz+nFPWJGJxIQfQCgQwL3xUZAJwatC3OQOce/P8qVonOF2hR/uigdyr5K9d36U5LSVhlMkfSpjHt+9gD61NFJsG1WX155P60BcoOuwYdEDDvkD9KWOKSZgFx07Z/Pmr7TgHcQCfXApq3S44599uaAIvInAwUYAcDng+9SLZEjJPOPSp1n38546cgipgVHYH3oEYX2cm7mTPzI+c/Xn+tXIrYdWyxHtxTuP7YuOPlYKeP8AdFXyqgcVD3OmEvdKRgMxK9Md6Q2DD7oB+tX4lUSKD0/+tTpS6nEaqT7rVx2MavxGUNOcgjKkHgjFYcA+z3MkUnyujFSfcHBrqn+1f3go9hjiuev4G/tCTfyzgPx+X8waUkVRdmbmkXnlTAdc9K6OVRdWM5I+9EwwPpXJaTEDIN2a7i2RRAF7Ec1klqdE3ocf5adgQKkVkXAwcfSqglK/Kcll4NI0yEZLgH3rY4i+rw8bicdG4xkdxVHTdNgi0yyS7t4RdRW8aO6jDbgoB+Yc/kartKPOaBd3mlTuZf8AlkD0HruOc+wHvxcicRoF5wBwMU9hCXGi2F0Qzl2PYyETH85Q5H4Yqq2iyR/8e16U9AJHX/0Iuv5JWiGA5Ip4cdNoYe9HMwsjJNvrVt/q5Gdf9naw/Roj/wCOGkk1nUreMrdwRtD/AHZC0YP/AH8RR/4/W2ANu5Sy/hxSAzIQyOfwp83cLGBFe2En7x9FXP8Aft4eB9Xi3j9amTUdJmk2QaheQzcDatysoX/gMhY/+O1fuLe2uG3XFrBK/wDfeIFvwJGarzaZbzx+WTME/umQuP8AvmTcv6UcyCzGz28d0AZb2wnA/wCf+yXP5koPyFCaLdJGXhtLN4v+nK4kt8+3yrj/AMeqofD8cZzBNHEB0ARo/wD0UyD/AMdNQnTtQgfzI5WZ88MJI5Mf99rGf/H6LoWpojTbfd++0nUoz6xzNOP0kLfpUF1aabatbTPd3x23MJFlLK6pKPMXcDG3Ubdx/CprX/hJmKolrPOT0aaGZAfocSp/49WhNo/ibVFS3n0qa3hEiySM1xC2/ByMYbsQDggcgc9arlFcrOXfxmxwctpi9Of+WzVpiCUD5nfP+6R/SpBoGrt4i+2vYMITYiHPmRn5vNLYxu9DWj/ZN4OBayD/AIGP/r1NmVc5ZUGRgj8qlVRgd++aeIg38Ocdcmp0gRADjB9jUjIVi7kde+KdsQd1qfyyOQTt9KYzru4TJHfFMCIp82ACffFIYlc9ATUxZscg/nS7Pl5IH1oAri12tvBI+pFO8t8cfmKtIgxnJxSlVU/eAI7ZAosFzP8As7FjuJPpnJ/Skltww4Xn2wuPfNXiVz1GT7//AFqZI6rj+VFguURaLgg5Qk8Z5/8Arf5606K2G7Jcn/gP/wBepy4PQ4pGAPG4D6UgAIF4LZ+tO5P1pF2rxuz25oeQqPlXJ9e1MCqwMepjP8UQ/ma0TyATWbOWFxbStxncv8sf1q+Gyuahm8NhysFkXr3/AJU9pCoPOPaoQ37xc/54pze3SnHYzqbjCx/vVk6ouLqCT1UqT9D/APXNaZJBPA/KqGqLmGNv7r+vYg//AFqbFB2kWdO271PeuttmxBjPauJ098MK62zc+WM/lUWOndHKamBDqFyMceaxH4kmsm4vTFL5MIBujzzyIR6n/a9B+NXvEMr/ANu3EEDbZSELSYyIgVH/AI8e1Z0VpBbR7VYuxPLN1NaJWRyy3LNvsiiCL16sW5LHuSe5qwsxxx1rNbjnt60qMzDKsCPbk/kKQjXjnbPJwfrVpZcjqtc6Z2Q7S2D+lSJdSKRiVVB6HeB/WnYDo1dgOSMUGXc2AmOnRun61jw3pbC5AbGfmYDP6U9byNzkkqR03H/9VOwGm86bOSpPcEUnmxlcxnjvkf8A16zDcoZCcjnkBjxj8KmiO/aqDzGYZ2K2D+R7/wCecUrAbWkWEmrXxhHypHzISD8o7d+vt/hXbWGj2OnAeRCPMH/LV/mc/j2+g4rI8EhBpM5AG4znOMdNq4/rXTVrGKsZSbuJRRRVkhSUtJQB5atyFPOPxH+FTLcxscEc/Ss4cMcqR178D8s1KjoG4JyePSuY6LGnEYyM7l/wq0JI+EVk9xmqcbQeWAFI/CgKoOdhUe/FMRfZQDkrgeueKiZGY7UUfmOlVgSR8jOpB4KZ/nTw7Km1jIV914P1ouhDCqvnjcentSMmzkKPxpwYlsoq8jOMU5i7f6yMfnigCsRIDuEalj3PX+VChm6Lk/Q1Z8xFGWVhz1NMa7jPC5/GgZXcSKeML/Oo+FzucsfTIqz5yMP9YCe3FKjRHlpEX9DRYLlY4XneMDtxmiNHlYfKSM/QVOVBJ2FSvqB3/OrNrFiPLHJPU8UWC5n6lAVtFkxjypFY/Q/L/UVND80QPHSrV8gksp4gMlo2x9RyP1xVGxbdAp7EVMkbUndE20kgijYfWpsAH2zQQD93JojsRU3KzL+NUb9c2knGMDcPwIP9K0mHPH6ioZYvOQx7R8wK8+/FMhOzMyzbE3FdXZv8gPNcbZMSy564rq7Nv3YqDrRzeuKv9tXLcAtsJ6c/Io/pWcCATya0NXjkk1WdgvynaQe33RVBo8LwST7DNaHLLdkMjHJwze4qB2GcsSfQ9/1qfAByUJ9s1GSd/wDqwM9iDzQIh8zsV578UxpUJ+XcCexUH9anfkZAUfWq0gZmBLkn600A+Nnz1wnPJ4+tSLKy5CuPTBBH/wBYVVxjB/yaVGOccflmgRpQzyDncQc54NWVnbuvtkk8/Ws1HPQY9iRjP51YV+MYwPr1pDOy8JauLC4/ekC3nOHP90jo3+P19q9GByARyK8isObWNvUtn8zXW6JrzWm22uSWt+it1Mf+I/lWsXoZyR2FFNjkSWNZI2DowyGU5Bp1WQFGKKKAPJUXKhtoH1zzU3lfJn5Qf8/j+Vcxp2pmxmWKdQ0XAJxllHqD3Ht/+quhivLe/tt8JAQfeUdu9c5uSj5QQchuuGHUe3b8/wAqmDcBd7AZ+Uljke/+fWqLMS2EVhzzz1qeGBiRvKtJnnC5/X/6wpATCXBwvOPbI/KnqpyCUOewGRinmJFXdwo6cdOKgaTaVKPkHqc9aAJhFzuYPkHIyxP404yN0DEgnkdab5+VG/A9Rn6/Wmkly3Gc88Hkc98/z96AK81w4YryffrUW7I4Y/l0/H86urDGuWdRk9sU13iVz8vzc8ZyTTsBU+0SAhQAVA5I5qxHOWbYRjBxls8fzpr3I2EhSM+mef8AP1pqSeZIAeP1oAtoyq33EK5JDL3q01xzhVUYqku0Ly3Xt6U1pGRSc5HagC2bgFySpGPQ1S0z5U8r+45X8jikFwv8TZ+tNspR/aM6A9SGH4gZ/XNJmtLc0Z1zGRnHv+NQxJtH3vxqe6xHFvxgDkms9Z5bhttvtbnBOeR+H/16EKruXyu5TtfBHPJqsQzMMyAenB5qTaYWyzp2zuQMR+dI0q7i25nB9V4pmZhxrs1CVMYAkb8s10lrxGAT9K56fH9qyMFwG28f8BH+Fb0GfKU57VJ1w1RlXwX7XM2TkkcevAqi248Khz2HWtefJnkDAEEk4x7/AP6qqm1Q9yD78/yqkzle7M1wxwpTDHv/AJ/GofK+Ykjkdq02t2HLNkdOQGBqCSEYzsIB9DxQSU2t1YZBwO/GahNuig4Oc9+uf8/jVzaqkAE56dRTTCwGVQgH2pgZZTJ5GKTygDkAk+gXNaRjLdQMj1zmmi0iYqTMy5zk7B8vv19/SkMp4fnezAH24/8ArdO1SBQQSrZFXbiySFdzuGUrtLKSTj3JyMVF9mt1UssrHA5BOMUAbOngCxhH+zn8zn+taCDNU7RdltEvoij9BV6McVoiDQsL64smzDJhSclDyp+orp7PWre5AEv7mT0Y/Kfx/wAa5CPg1ajFVclo7eiuWtbye24jkIX+6eR+Vaaa0dvzwAn1DYH8qdxWPL9Q0pLlGZRtcZyFHf2rAgafTrhgHYKcZxxnGe34135jDr86YZuRxWPf6cZ4mJ5cHoeP89BWNrmotjfpKVARWJAyw6Z5zx19D37fStIsQpUqV4yc8AZ5riGE2nzc52Htk4J7ZrqNO1OO5jXbJ8+MEE5Ib1xj9RjB/KkO5ccK4ZTET7Yyahj2ozAsqlTkqDgnrzz17dOfamfaJS5TyiCvXjkdT/n/ADlQWuP3UfzHGSCfu+vr+f8AhxIw+0bcEEED2xipjIgKlcPIPukjnOfp9f8APNQJbuQWcdyMDgfz7U9k8vLc/mSc00IV2kY5b0+8vA9+KicM53EEbu7DrTogCpO1htOCSCDn/PpSySFVBwqc4y2fm/p+FNCEjhdl4U4HUk5Ufl3qNmOCM4OcAkYyPep2uII48SA8jjAwD+VUZLqNm3qq496bsBcSXc23qB/dOQSKJ5ACADjA5A/zxWfJKwXIXaegFRQrLK2VfcTwSxAUH/Pakhl533cYCg9NoyTTtJsr6XUzJ9nl2CPLEKeME8fWp7JrKzEbymWaZSHZ1YBRjnCqVyRx/s59K7mwsjaX0scYK2ygFRsCrk53dAM84+n6CuXmBTcHc5eZllVYmI2yMF6ZxnvVKKadcKCEIPAJOf0/lXTTaas+trLE6NCJdzqD91hzj8SRnpwT7Vk38H2e/uoyke1nMgJH975vb1xUJNFzmpNWKJV3OZPmzznBOOeaUwAkAEZ9mxipBB6ybl9MgY/pTvLjHy/w9OTxQSY18gj1SIK27dEpJznnLf4CtqAEW4JHasq/jU6nbhDnMZ5+h/8Ar1sIp8hfp+VJnVT+EiaKSQsWC8Hj3FRG3YMeMe1KL1U/5ZuR2O4cn8/1qQXZkjVkwXOODxzTOR7kX2J2XcFK8YxyD+VQGGJ852E+xzVrzLjG1hg4zyAfx7f59Kj/AHakc4LEZYZI+vvRcDPmhVeIgeTwPWoJCw2guI8jOeGx2wR69/xq/IFlkZGG4cdB2HrVeaAEBwWBHAYH8vx5/nRcCm1tOSoYqFyBuTkfzFQvG0c7I6nuRuypI9u46VoG5lgUNIVZguPu4J/HoP8A61Nur5ZoI/8AR4+equAxPT7owRx/tAZ7ZpgRRiXB8uQDHIQjIYe3p+A/nULBtiFfLiU5AdCzAkdsY/Sk/wBHjchYZ0wQuTKoPvwRx/nOKswW9pKhXdOruPmJRTk8jnnOefr3PHQEaMY2qF9BircX3aqryxPSrUXStESTp1q7EMiqadauw9KoRIFxUg6UDmlxQIyUaKQjcrYxnrn+f501ofPjI27TnHTmqcLl2HkqCSefm3H6+g6dDzVtUYYL53Y4znFZ3NLGTeaat2jbx0yfm5z+X9K5S6hl0q5Do+QpyP8AZ9M16L5KyjauA+MgnPbH/wBasu+sVuYSs3yn2P4flzS6AVdF1OK7iJJUEdM/wt0zwM85Izg9Oa30URbIzG6xAHG9eGOR0Hf/AOv+fm09vc6RdpKg2gH+Htz0+h/z79Vo+rtd2mFYLtwHVU3Fe2fcH8ccZpIDXmEXLRld7cABQT6dycfhVaSILydpA684IH/6u3PXpViS1geEEO5jP8QYD+lQyLbnICEc5wpYfkAen5UmCMy4Zi2MblQ84JI/MH+X5mk8qdk3RjIOepUAn8e1XSsMGSI8nuSf6VXlleTOGZj/AC/Lj2pXKsRLaxJgzyF2/ur9388f0qTZGFP7mML1GY936moniYZB2g/3s8U0R/MRICRn8DRcLFmFxK3CRNxncYkz/KmXEokwpbIHICnA/Sos+UQx3ZIwTnt/+sVc0/SrjUrkIkR8pCBI2R7fKPU88+g+oBa1E9C9oGiJeJFeTSllaT93CqnJCk5LHHAyMf1zgV19vLLDaxN5isoCRkMG5kyB94nv9M/rUNhaCwgWJYmQsFXzHwDgdAWXOcc9T+Jq2m1I1l3nYFIVhLuVsnPOfTHX6k9K2SsjO5DLPDY27STuiBQWkZsKPUk9AMk5P1+lcdc35v7uW42SBZG43Kc4GBnHbOM47Zwear3monXrozFylkGzBGeCw7Ow/UDtkd+BZjeBE2IxGPwz9c1lJ3NErEamQk7Mr744qRdqoWbsO5HSkkuE5GNx+vFVXvH2MuwkHoF7fhikMiWVbnxBGqj5ViHQd9zZ/pW9J8iLnpjmn+FNFgmR9UuELFwqxAMQAuM9u5z79unNaWr6dE1k1zasJIlzuCtnaf8AP86HB2ubQqx+E5wIXDLsJTPGBjGDnj0605IfmX5n2jHOAcduOKnMARmTeeCRxx0o24wGzx0wM0WMCKRNr/eEiYxgj9MZ5/z61GwDbsDDH0zj8s1a+UpwSc4HHegAdGB/PiiwXKD2xjBKuQf0pvPvn0FTyqVfABIJ79/pULd8daAKU4AUknacd1JGPc1RaLymYSRgNnr/AA/n0IP49ua0J3YRkrIAOp3EgD36H/Gq27krJtYITg+YQPccHvQBCAhIU/IBjIBH1/AdKtxpEB/A5BwPlB9vbHrVZvLUK0L5zztZsFT1HOOaSHBuE4wRIOR1PI689KaBmwtWoulVU7VZiPFaohlhOTV6HpVGPrV2E8UxMsrTqRadigTMJrl44TJ5TFiRtAGeD3/E+359arDUAzglQCcAqOgH0H+fyplzLHJM6CV9owAqrgn9celV41PmHG5iQSMtx61i2a2ND7SH3ZChT1Cg5+nrVe4JCL5B3yDOPbv/AEpBaNIFIbg9N3HHr/nFXYrFAylmfjuSeTQIy5NMN5AwZBu5AUADeOOR7f8A1vWuWtxd6ReuwUoVbGOo4zuB9eP8e1el7VAyWH+FZ2oWMNzHyoYke47+v+cetVYVylpmpQasjqCIpUQEp0445B9Bx9M1K8B/h+bjPIB29a5C8gm0m9V42ddrbkcdVP8AnPHp+Irq7HV4dQt/32I3B/eHcAAT3Azk98flUNFJiFN+VGNwHQjAx/n/ADmmIihsZwc5x1yPbvV4xrIB5UqqxJPLBSPwz/KkMRU7nAbPow/oc+lSMrGOLBwMEeuKheMFD95mzxzxjvn1NXxChDAIGboeT7VE6LkcDI6YPX3oAzpEZVGd3A4yM8+ldh4akZbG1S3UMTGGZc8/MN38yRzgcDnqK5S5QmFlVD7ZNUtI8dp4enjs9VsLlkiXylmgAbKbsgkEjBA44z+FXEUj2BTlcyYUjBxg9ua5vxlqi2+nPaRORPdjyVIOCFP3yMnjCnr6lfWsUfE+1u4NumaVfTS4wGn2wxA47tknt2Wue1Ca81KY3uoTK85GFWIfu0X+6o59DznJ79ABTloSkLBKqEL15wNtXo54yjHynfBxlWwB+hrLgnMTjMee+T3/ADq8928ijO4hRwCxOOf8MVmWP35POE9vaoZb8Wsifu0kRHDMjDAfB5B+uKhldtvHNZN0S6mIA73+VRjqT/kU0B6ro+rrfaVMZxLOIoUMjLGsbvwQ2FRuMYyB154JrZGOYwRGf4QCOV5AP0xWVoUZtIIvMYD9yAQ8eGwWJ4ccEY7YyOverdqkUd1JbOsTS27KsUmAWEZOQhPYjoPbaepONjI5S9V4dWu42TbiVmUEdVJJBBHtj+VIpYpg4b681JqbPHqd7C7lsTsVDc4BwwxnpwQMCqgK4ZuFPY9Kxe5oi4DtIA/lSM/JG4fjzVcOysSxyfSncsPXIzyKYWCYEqTuypPTrVMybmwxAOfwqfeDweW/Ks+6LfaIAvJkJB6jgDP+NIBHkHzEAEjB+nrVf5S5ZB8me2R+P+f/ANTzG+8ZyFHH3gaGx1U5H4UAVm3BBgllAxjORj0//XTIAftsa8cNz+WadJKq5DgnA4xxzUdtc+bf26jPyqyksxOflJ4z2z2/xoQG9GasRmqkZq3HzWyILUdXYegqlHV2DpTEWhTxTB0p46UhHHSalmAghwxXkgcDnnmrNu00kxeO0lwcFXmGzg/U88HsSe3TqixRRKsUEIurjIdpJVbYOBzn1xjp1/CtOKKTaGeZzwNxxjP9B9KyNRoVlJ+Yb+pxgf5/KkADA5Jbce5/pUgwzEEHKjoB1/KmMJMhtwUYDbeM8j88UCFG8+2KZLKEGHJJPfFNcr95yTt96qTXSqh2uT25NO4FHU0jnixIuQwwwx07/wCH0OK5fdNpl4CjEr1U5xuHcHH+eldPdSkpgxF1PU5IA/IVmXNsLqIh0Ck8r82SCOvGP5ZpXCxqWeo/aY1dZHy5C7e4A7d/QY/wwTrQL5hyzn0IztH0/wAmuDsrs2Uskcq5BGGB7YHX3z/hXXxXkkMqwOE3fMPMXgNgkEZ9QRjH61LVh3HySra3RSYEJkBXwaikaNpiUGVOOcdR7Z61fXbcJhhu9Mc1SljwrAKcgcY5/wAigZE9xIcj5U+h5H+f89qzpLOKRneVdzYyp2jHXv36Z/GtWO1lddrYRfvcj8On+elMkiVF5IKqcHuc9vw6j8KAKISOCDkHDdl6VE7AIB5Z5HUkHPXPGB/iPxFWHbJJx8g6nJ4H+T/nvXMgF2VUnyiSuR0IzSGRxK5lUHdtJ6dvQiraLhhkEKep/wA96ApwuBlh7dMf5FOYADd19OM07isRTIfLyoXjrjmqUMRl1izCAOBco+3pu2tux9cA1almZeEJ64bnGP8AP+PpTdFljPie3RmCu6MqnrtOOCO+e341S3Ez1bR4WTTrdTC2PLHDFWx7Zzz+tWNypIyF1DB0HMRzjjAJzzznB/wNFrcxtGqjjnaF7YA7VYTDSB14bbhsjqOf8/nWtzM4fxUuzX2CuFaSBHBLAZOWXv8A7orLEgYsTGyAHhskjHoa0vFbrNrwULuK26KeRkfM+RWHuAZXBwDz2/z61i9zRbF9iTD/AHxxztPy9+eO5pqqxBZBkjnrzTLfcchlYq3OFPBPqPyqz5RdQyIVdRkKSSSPzyP0oGVGY85yfbPNU5XckybCjn5Sx52gn5jz68fkK0XVvMxtXaO54Y/0qAhwjMcMOh56cf5P/wCugRQml3D5TjIwDtqAyMozuz7scfX+dWCqqShRVYH8/p/n8TzUf2bzCcfPkHjjPb/GgChcDeMSIQRzyR+dN06IrfgnJwhYZP0H9aleFC3AIIPrRYxGO9YZ/wCWbcf8CX/EU1uDNyI81bi61ShPNW4zyK1RBdjq7F2qlEauw0CLS9Kk5qNalB46UCOR0TUkezSFTgIOA2W75Ixnp6fXHYVoL+9kXeMgjlcbe5/z3/CuQ0lmSUbTjDFfqMmuqt2O4is2aI0ZCoTYvBGTu7g/5xVU+aHQlxtBIHBJ6dTzxzj17cUiyNg89qqvM8jPk4xxxQBE4zKyvydx4Zi3c/h39BTEOx1kjJDLyrHJ49/0qfIVVbYpbjkjNN2KynjHGfl4pAUpldfmY7gUKphQee+cn/Ptio1kjtkMI2l3PynBxnHsM8fX3q0SVXywfl3Dj8apztjcBkMzogYEgqCMnGPcA8+lAzL1vT2RzJgBgcFe4Hp9ec//AK6gtL/feQKXO6cZYjgZ6Dr6kmuidFk00+YN7bF+duTzg5+oz19hXFXcQt74rGSASGA9OW6flQLqej21yJbYNEFxjOAd3vj6+1VLmWOVyqyKGzhhkjoRkHHX8/y4rI0ueS404zSkM6qcnH3sMqgn14Y/iB75sY+bk5wVAzUt2KSNO2UQxElBvHQKfTsQc5A/xqtP5k7MFchN2BuXHT1H51MZ2SF3AX5nJI7ZqWNyFbgEDoD260AZMtuyKqA+YB8xLemPXqecVVCeWcEZGOMdq1nbCq/Usec/jTJY1BztBwxHSkMqxghmbrnue1PRWfPAy3QZzg+/r61aiXL7cnFMdQgGPXH6ZpgQGzj2EHfkfLkkEn61hX86aPrNjfM+2GKdTIzdFQjaSevABz9BW/M7Km4E9+9ZWsxodOkyucqev4/4U0xM9N8P6ys1tGCqsCSFbOQeWGQe+cL/AN9d81rX2pW1naSXNxKsVvGpdmP1x+Pbp1JA718xw31/otwY9Mv7i2QMGCKwZVJIPCsCByB27V1OjXF3rLrLql9dXrK2UWaQ7EIHUKMKD74q72RFjqJby4v7i5u5wySXEm/yz/yzGAFX6gAZPc5NIDnDDLHpj+o/w96dFGNzLkgBQ3HvQ5BQsVU9DgjioLLds5JG4hcDGMAdP/1VejdEAyCR657/AI1lWz4QFQAGOcDoK0o1EkBY9fb6ZoASd0aRcENtP3TniqDkq7bQRGTx6Z9M/T+VLIxHOepNNhupw86CZ9oCDBOexx19P60AyJ43eMlcttIyABz6D8T+PFOW1kmk8qRPMRwWGCAVx3yfx4z/AEqW2uTJcIrxxkSFckryOABg9eOMfSruqI1nIkkU0m92JycZXHHHHfAqkibnOOgDFM5BHHGMeoquhMV5C54Vm8s577uBj/gW2tGWNV8vA644qpcRKziPkCT5SR1APHHvUoZpx9atIao2MrT2lvM+A0kSSHAwAWUE4/OridK2IL8Jq9DWfAavwnigRcXpUg6VElSdqBH/2Q==","id":3872},{"image":"/9j/4AAQSkZJRgABAgAAAQABAAD/2wBDAAgGBgcGBQgHBwcJCQgKDBQNDAsLDBkSEw8UHRofHh0aHBwgJC4nICIsIxwcKDcpLDAxNDQ0Hyc5PTgyPC4zNDL/2wBDAQkJCQwLDBgNDRgyIRwhMjIyMjIyMjIyMjIyMjIyMjIyMjIyMjIyMjIyMjIyMjIyMjIyMjIyMjIyMjIyMjIyMjL/wAARCAEsAOEDASIAAhEBAxEB/8QAHwAAAQUBAQEBAQEAAAAAAAAAAAECAwQFBgcICQoL/8QAtRAAAgEDAwIEAwUFBAQAAAF9AQIDAAQRBRIhMUEGE1FhByJxFDKBkaEII0KxwRVS0fAkM2JyggkKFhcYGRolJicoKSo0NTY3ODk6Q0RFRkdISUpTVFVWV1hZWmNkZWZnaGlqc3R1dnd4eXqDhIWGh4iJipKTlJWWl5iZmqKjpKWmp6ipqrKztLW2t7i5usLDxMXGx8jJytLT1NXW19jZ2uHi4+Tl5ufo6erx8vP09fb3+Pn6/8QAHwEAAwEBAQEBAQEBAQAAAAAAAAECAwQFBgcICQoL/8QAtREAAgECBAQDBAcFBAQAAQJ3AAECAxEEBSExBhJBUQdhcRMiMoEIFEKRobHBCSMzUvAVYnLRChYkNOEl8RcYGRomJygpKjU2Nzg5OkNERUZHSElKU1RVVldYWVpjZGVmZ2hpanN0dXZ3eHl6goOEhYaHiImKkpOUlZaXmJmaoqOkpaanqKmqsrO0tba3uLm6wsPExcbHyMnK0tPU1dbX2Nna4uPk5ebn6Onq8vP09fb3+Pn6/9oADAMBAAIRAxEAPwD1KlpKUVmWOBpc00GloGOopBS0ALS54pKKBBmm54pSalQxIpLgE+/rSbA86+K16sXh1bYNhpWyR7DB/nivBJTuJPvXoXxQ1V9Q8RtEpIhijUAZ6k8k/n/KvPSpUnIOKI9zSStFI0/DM8Nt4ht3ndUjbKkt05Hf8a9C1CC2BBeRD6LuBJ+leYWMYe8jV13Lnke3evTNN0CUFEtZZNhGcEb1X/CpqajpaatlzSBcWcfnQy+bGoyySH+Gsr4giG4TS54VAQl+ccjIXj9K1XV47owP8hiJT5eMiqPiuyebw6ksak/Zny2OysCM/nippq2rNpaml8MNas7awltbi5SF3fenmEKCRweT+H516kt9BI22JjK2MkRKXwPfHSvnTRZ9skVq0XmG4zGF255PAOPrXsMPjCx8LWGnabvkmkkIjKHl8ZxyBn8uvI9auLu7GNSPU7ENuUHpn1oq1cx+ZbrdCLyyQNy+5qnkVo1YwFzRmmmjNIBSaTNITSUAOzSE0lJTAM01qU000AJRSUUATUtNFLmpKHCjNIKXNAC0uabmloAdQWAHNRtIFFQs5Y0AWEYFsjtVe8ZltyFyW68dzUkI4qOb5gT/AHaiQ0eFeO9JuI511I7jHISrdflIJx+GK4qSYsrDaME5NfQ19Yx39nLCyBtsjEKRnj0rzzUvA9s7sYF8vJ42npRF2NOa6ON8MW7Ta3AiySAsr7THjdnB45r6I0HTlgstkiMezNIcs3Hf0ryzQ/AN9bX1vcx3sQ2OSDsOR2OefT+de4WVuRaoJpFkfHLKu0H8KdrsTaSscV4p8OiJG1G1bJUZkQ9ceo+n8qyLCaJ4SkqrIsq7Hi67geMV6c9lEVYEbgwwd3IPsa4a001NHupEYfvwcFz/AA/7vp9etTKLvoVGoktTlPHHw4uYE0/U9CtlSCaJUngDk+VL6856/wAx71R8D+BNan8SW1zfuI4ImDO4kDNjrheDj/69etaZP5SlXBaKThkJ4NaulaXHYyMRlgzEk9sHmt3CyRiqje5q3BX7G6rjaEwMViZrVubiMQyJEhYFSCx6D6VkU5KxCYuaWm0Z4qRi5opuaM0AOzRnim5pM0wHGmGgnimk0ALRTc0UATUuaZ2pc1BY4GlzTM0oNAh3emu+360jNgVAzZNMQ4tnrSFqZmhfmYD1NAy4hCQkn0qr5n5kHOallYsrInBxxWeW2o2T83eshlW1YNcXAB6Px+QpTpTsFIRWyMOpOKpaRdKNRnhaF3diDnOAB/kGulWQDvQUzNTw/GhDxTupzkqRmta1V7RQqyFlH8LUwzegJpjTYPII+tWmSasdxG/DHH1rB8UWqi5iuoyCsi7Wx6j/AOt/KknulhmDo53Y5U9DVK/vEufm54HAobAdZ3AaFUbHymuj03UImkSGRiVHT61xaSlGyD8prQtLnEqHP8Qq+d2J5TuLqMeSyjAyMAAVg5rRtb4QxfNk7epPPFZzsPNYDGM5GPTtWk07IzT1YZopM0E1mUGaTNGaSmAuaTNJmkzTAXNNzQTTSeaQDs0UzNFAyfNGaSjNSUOpc02kJwKAGyNzURNDHJpCaAFzT4vvE9+1Q5p6ahb2uUdQZOoJ6D60nsBMIrhJBJ5ZMf8AF7VSuQBKdp+Vuabc3Go3anyriORf7qHH88VSNzPGv2e6hZGxlc/0rMpC29slrm5X5nc5J9Bz0/OpWvMHqakix5ChgCMcj1qnPG7uW8vYvpnpVNWEmWF1FvpRNqJeMg9azvLYnAGTTjBIBgqc01YQk0xkIOeaiJJqQwP6UzYc07CuJHnBU9uRT0coQc9DThDIWAQfMegPeprvT54CMrnPdeav2btcXOr2OktcXVi2053BlOO3J/xqtIwjl2KeEAT8hiobJ3tLXy1b5m5JHakzWs3okZx3bLqtkUZqvE/Y1Nmsixc0lITSE0wHZpM0mabmgQpNMJoJpM80DFzRTc0UgLGaWmjFKKksWmO1OJwKhc80AITTc0HpSEgUALTHMpZEjjifJ/jHT8aduHvUUi+YdpbaDxn0oa0Fc27fZNAbdDEr4+ZV4z+VZmoaG8QEwkfbn5kLlx9RnpUNpZl5vKkYxyjoQef/ANVbsIkgjETyGR34AfkD3NZoo5/G3AHQValtWlgXJJOM0uo2s1vPlyXV/utjH4cVYhuF2gPxjiqnshRMQxPFKDt5HpWta+VqEJjOFlFTyS254C5PtVcWau3mwSFZF5xUp2GVrixe3Yq449aba2UbHdwTnpXQxSR3cIiuAokxjNUpbGS1m3qCU9q6YWTv0MpXasVJ7MSICow6dKindpHQsMfLgj371qhd4461Q1ABHTkbjnOPwrqqJct0c8H71mVs0ZpuaM1ym48NgirCtkVTJqaNqTGS55ozSZopALmkJoNNJzTACaSkNITSAdmimUUDLQ607pTM0uagsVulQtT2PFRmgBD0pKWkpkhUR6nNS1G3WmArMJECuWUr9yReq+3uKvW1zvXLPmROPr71nUiuUlDpww4z7elS49hpnTRTR3EYjlGRnI9jTLtbSxga4nj/AHKjJk7Ae/pWbBqthBDLLds0flKWbjPArmLrxidTuCoQxWwPyRk8n3b3/l+tQ2ralwg5PQlv/iboFmW+wmK7deNkMTOSfrwP1rnn+ME9z5iJoUSyRxs7ETkcA4x93rzU19a6Tqm/z7KMTdRKigP+Y5rze5s7nTp72KKQSb1Mat03qc5AH5ZrfDxhU0sRXUqetzqLb4gare3LXEensUC7yqSAYA9z1NbH/C2tRtonCaYlwigHmY5KkZB+7xwQa800+K9WWRYHYSoADGCBuB4xn/H0rZlQNd3QdXUO33MAjjgfyrvo4ZSbucVWvypHdRfE3UXmhkl0WMwSoGBiny2CPQgV0tl4nsNcLxLbTRyqMhnwcfkTnnivILKWZIY4DtCoCMscBiSSAfbHHscdq6LwnfPFqMKzQeSWOwueN+RgY9ecdOP1reeHiqbtuYRrSdRdj0TNJmkJpK8o9AdmnxnBqOlBxSGi0DxS1EjZqWgAzTSaWg0ANNNpTSUAJRS5ooGWBS0gNBOBWZY1jxTKCSTQKAA0lKabTJCmuMjNO7UnWgCI1H0NTMvcVC3WqQjE8W3ht9HZUAMkx8tQfcH/AOt+dcENUSCMGcOrjuB1rrPGtykUNlESN7uxUfTGP1rhZZQQdysM98VaoxqLUn20qb0Lcvih5IxHawkydpGGMf41Rlkma3XzNp4zknJqNUjzuAQ/Xj+VTgqUKMg+oau7DU4U9EjjxFSdTVmFHctZagxWTIIxuRa3Yn8+ZmPAZifrk5ptrYQzaopP97BBHXjFTsiwkqFO4MetddBWbOfESTih/lqw2gdT0xmtPTES3uEk+UFOQcfp9azoT14yfyq1DtEyhssR0AHSuvocWq2PUlYOiuOjAEUtV7ElrC3J6+WKsgZFfOSXLJo+gi7xTEpQeKTFKKkY8HHNTq2RVYVIhwaBk1JmjNJSAQmm5oNFABRSZopDLOaYxpSaYeagoWik7UtMQGm96d2phoAKKKSmAGonXuKlNNzTEcJ45ijnuLFCqlo1eQ5OMAFcf1/KuR2wyHcksTEHO15MZrp/GEMTa35js+4RjGxsEdf8/jWXFpzToFBtsZ6sm9j+ddlNe6jlqP3mZMhtU4aIKfUPkUxGhz8pZvTit4aHcKn7r7KfrAq1TuLW5tx+9uIkx2TArrp02cs5or+YTIjosquCBkDPyj/9dJIxe4YryAfmOe9Ubm5jtELvOzMfugnqaqx3NzOqiNFSP1ZtxPvitouNN2ZnKMqiv0N+3RpHBRdx9QOP/r1q2sLxyqdoyOTxWTpsTAhmmkZvr/SuihXJAz19a0U+ZmMocqOwsDmwhP8As1aU1XsxtsoR/sirAxzXiVfjfqezT+BeghpaDSVmWOpRxzTaXNAE6nigmo0OKcTSGBpuaCaTNAxciikopATMabnihjk0VBYoNKKQUopki0006mmgBtHFFFMAIppp1NbpTEeeeJXVtemBA3YH5ACo7bAx169Aak8R5GtzrjjIOdv+yKgsuoyK647I5Zbs1EiWUYkJPtnNZmo2kKMdsYBHJNbMIO09efSqF9GZJRGON/y/nxXq0HZHmV0ebXqu2rTib7yHCg9h2q3aKAQO2au+LLdYfFd6qjAOwj8VWoLRMnOOlcSldc3c75JK0UblgeBjkVvWg3MOO/Ssawi4Bz0rp9ItxJcxg/3sn6DmuilKycmctSN2oo6eNdkSL/dUCninYpAOa8d66nrLQDSU4im0gFooooAUHBp+c1HTwaQ0LSUUlAwoozRSAlozSU6pLClFIKcKCQpDS0h5oAaetJTsUhpgNpG6GlprdKYjhfFEbLrBcEBSoZvXpgfyqlbD5h7d61vF8eLmCbap3Jt56jBJ4/Osq04210weiOae7NiFsLz6VFs8zVbYdfmBP4U+D5hz0qxZwhtSR/7oJ/p/WvTT5aTfkee1zVIrzOG8ap/xVE54GY0P/joqhaLgCtTx0CPE7e8SfyqjYruwDXJD4Edk/iN2yjwABXW6JF+/3c/Kv/1q5q1XykGR9K67REIiLEc4/mf/AK1bS92jIwiuatE1aByaXtSDrXlnpCmm4NPNM70hhRS0YoASlBpDSdDQA+kozmikNBmikooGTAU6mg04VmUFKKKBTJFpDS0HrQA2k70402mIQ0xuhp+aY33TTA5fxahazhYAHaxHPvj/AArnrc966PxW6HT0hJwzvuH4df5iubtckYYEGuiGxhPc27TBzx+VaFig+2SMOgTH6/8A1qoWilFyR9K0rAfNK3c4H869Co7UGcNNXro4Lxqd/ieQZ+5Gi/pn+tUtPUHHPPvV3xlE8fiWRmJCyIjgeowB/NTVOxbyyMAEemKwh8COifxHQ224yJGdpGcdeldvpsflW2fX+X+c1xunqHkVwMDPSu6gULBGo/u0VpNUrdxUY3qX7EhpAeaDSgdTXCdovam96caZmkAtFJQaAA03NKTTTSAcDSmmKaUnikMXNFNz7UUrgWBThTRThUli9KUUYoGc+1MTFpDS9qSgQhppp56UymhBTT90040xulNAcP4pn36rHB/CkRP4nP8ATFZtsFK7sn8+tXfEalNediM74gw9gAR/Q1RtCFAIPHTFdUdkc0nqzfs/9WAeQBxmtKxH7uQ+rY/QVnWTfuyMdBWpZc22T3Yn9cf0rsxGlA5aGtY4LxvKJfEiJ/zxgVT9SSf6isq2k2nGau+LSW8U3OCMBUB/75Ws2LAlPPQ1hD4Ubz+I63SX+7iu8hIMEZ/2R/KvONLlHl7evNekRrsjVfQAU8TpTiLD61JDs04dKaaXPFcJ2AabSk0xjU3GL0opueaQn3ouFhSRTSaQmmlqLjHA07NQ7qfuqQHbqKZuFFIC8sb9djflUgjk/wCeb/lXJfbrg9ZpPzo+1zHjz3/Op5i7HXbH/ut+VGxvTFckLiY/8tX/AO+jSefJ/fY/iaOYOU7ARN7f99CmkDO3fHn03j/GuRE8gHDuPxoMzHqT+NHMLlOsbao5kjH/AAMUwtGvWWMf8DFcpv4phkzT5mHKdYZYc4NxDn/eqGa5to15uYvwJP8ASuX8z602RztPJp87DlM7xFcJNrLlDvRIQhwOuT7/AO9VKEquEUAcUy8lbz53AHDBTn0/yKhhf5+ma7orRHHJ6s6exYbCc5JHStOC/s4rdEeVlYDkBM4NYNhJweO1LIxxnPU1vjZWpxRhg43qSZyWuXKXPiK9kTJ/ecEj+EYH9KohsOWpLpg97MedxY8/iaQKzDgfWlBaFTep0eiMDcxgn5d4zj0r0P8AtezB6yf9815x4dBNxISDhV3fnxXSbq58ZU1jFdEbYWn8Un1Oi/tey7mX/vmlOsWXrJ/3zXN5yf8A69BPPWuLmZ2WR0f9sWXcyflTW1iyz1f8q50nvmmk5J5pczCyOhOsWmeRJR/a9mRnMgP0rmmP0FNyfWjmYcp0n9sWnPEn5Uz+17TPSTH0rnCxpCxxRzMOU6L+17XP3ZKeNXtCOVlH5VzJY+ooDk9xScmFjpv7Ws/R/wAxRXN7vf8AWilzMLI3P7Lus8eWP+BH/CnrpNz/AH4vzNbuzB6U4JjtQMxV0i4I+aVB9Aaf/Y0p/wCWyj6LW0F9qcFpgYo0WTvcf+Of/Xp39jHHM5/75rZC+tBWiwGL/Yo/57t/3zSf2Mn/AD2f8hWwaYeOadhGV/Y0f/PWT9KhutJhitpJC8nyqW5I7CtnmqGsyFNIujnGYyPz4/rTS1E3ZHnN2zeX6BnbPP0qvFIclh2/xp9zhljJ+8M9+30qCMlen1xXpxR58mdFp7b1UAd/rW9fWdrb2M0xi/1aFuWPYVz+iczRD1YfzrU8ZX62egScjMhx+A5P8v1p47XkQsFpzs88aLdNI4I5c8+o9anX5QFHJNQwys1hbk53GJOfwrT0+2DOHk6L+taUYOdkRWmoXbOq8KWEYhkWRQ7EAnIzXR/2db/88U/KsvwkRMLnAx5YRefxJrpfLrixqSrNLyOvBt+xTZm/YLfH+pj/AO+aQ2Fv/wA8U/KtMRADpSGIGuSx1XMltPtwf9Sn5U1rC3H/ACxT8q1WhXmovL3gH1FLlC5lGytyf9Sv5Uw2Fv8A88V/KtVoeaYYfpSswuZZsIP+eK006fb/APPJa0zEcUzZSsO5mnT4P+eS0q2Fvn/VL+VXyg9aBHzSsFyp9gtv+eKflRV3y6KLAbQp3BpucUhakVYXvS1GXo3Zp3Cw5pMVGZs96HGRVYkinzCaLHmA0Fwaq7j60FzinzisWQRWL4olEekOCeGZR/X+lXfMI71z/iqYmxjBPylyfyGP61pTd5pEVNIs5CdVIifacgEbu30qLHyjI6mnSkOInI4ORnNRkkAZPT1r0YnBI6XQhmeH0yP51k/Ey9wLezU/wl2H1P8A9atbRXEbRE9Nw/SpL3QLS+kutRv2Wa4kG2JTysC9OndsHOT+HrVY5pSj6CwWsX6nJ6faM9tbGQYWONVI/wBoAVpxhlbJxt6AenrVUpcaZftBcKVVnbbnoy7jgj8KvecquCVyCemOa9DBuHsk0efjFP2jTOv8JoYY7ok5RyhU/n/9aumUjviuc0QBLVipGGP51rrJ6tXk4xXrSPVwrtRiXiRTWNQrIPWp1XcO/wCVcvKdNyM802Nd2Vx0NWvJHfJ/CkIVHHDYIxwpP+e9KwXITCO/WkMHpVr5MZw3/fJoyo/vf98mjlHcotBmo2tx6Votj0P5GmEDpg/98mjlC5mNbmm/ZyOlaezPOD/3yaYUHo3/AHyankHcoeS/p+tFXdo9G/75P+FFLkC4uPc0u2pNooC1nY0uR7RQEqbb7UoT2o5QuQFBUbwgjgYq2UxTTH7UcoXM1kxxgU3HPIFaEkG4dKrGDB560rMLlQgAniub8VcaXEw4Jfr9ea6idGVHIHIBxXPeLYf+JMueAJF5/AitKWk0Z1PgZxcrgCM78kIDjtUUjZXg5omU+VHuJZgD82MfpUSv1H4c16aOBnTaQ+9LcA555rVvX2blOSn8WPTvXM6HceXeRRseM46+9dRcRtK+U6DrWeYy5uR+ReBjy868znvECMRbbsMqD5JRyHXqD+VN0vT7nV9QSGEqi8fvHOFUd85+n/66u3LfZ4mgmGbVjyAPmiP94e3qP8np9OubJo4oHbyJITlJAP6iscPi5U4cqNquGjUlzM3bbQ1060+zKGNwr5JZhmQY7AHPbvikWMnoK2dPsoVZLl5GllfByeOfX3qLUERLtwmMHkgdjVzbl7zJilH3UU0hA681aQdqhHJqdKzaNB2z601wAuc9Oalz04pdm4EY6jBpARbOKXZU0akoC3XHNO2jNOwXIPKzQY8dqn20EUWC5B5eKQx5qxtoKn8KaiK5V8sUVZ2+1FHKFzMzSggVFntRk1x8x02Jw1PDDFVwTS5OKOYOUsbhS5X1qruNG40+YXKWsjHUVFIq5yKiLH1ppJxyetHOHKJMqlQM9SBWN4nsxc6DcBeqAOMexyf0zVubcJlXJxyR/L+tQygujIxJVgQR61UalncThdWPNfJxEihi465bvkVE1puBIHPrWjf2z2kS79wKICWK5yMZqojtiNC6gscDJxzjPfFepRcZq551SMosLTT5DeQmOTksAOPeuymVlY46e1UfD9lvnM7/APLMYXDAjJ+nt/Ouh+ymToOtY4qCbUV0NcM2k2+phtAtwNpUEHjJqotwmnMLW9VljHENyq7gB/dYDnjsRXUjTCo+Xr3pr6Ss67ZVBU+tcKg7nXzIyIde+zRlbe6aUfwxxSHBP9K2tC1C7vFY3QjA3fKFGCPrVRdAhiP7vAGe4rZsLMQDit4xUepEpt9C+vrU0ZpqoABmpEI7VVySYD1p6kDtTR0p4FIAX7zL+P8An8jTwopnR1Prx/X/ABqQHimhCYpdhPNLThTAj2mlCmn4FOHNUJkWPaipsUUyTnttG2pttG32rzrHZzEQFBBFTCP2oKYPSjlYcxXxSVY2UGP2osHMV6MVMYielRlCKLDuVXUPKw7qox+P+RVeZGHWrcY+aRvVv5DH9KHQMpBqRmbBZJJpiz3MYkAnK4IB+TGMc/T9a2R4V0W4tiwsdxHIMTZH0GTyfeo9HkS/tJ9PkO1wMqfUZ6/ga0YdM1KULDLcKkCDACH+gAz+NaUW47Gc0nuYcmmRWEcaQR7I+Vx7g/4Yqa3UbSa19YtI7a1tYUyQpYknqelUUQED9K7G29znSXQjCk9BUgi9akVQOKeMCoLGLEOy1IseOtOU9acDxRcLABxT0HPTFMzT1ai4WJh0pQcU0NxSBsCi47DpWxGW7r82PpUm+odwpsbfuwM8r8v5UXFYsb8ClDVDuNKG5p3FYm3ZFODVCDSh6q4rE273oqLePWii4rFLaKUKKdsHvSqoI6muY3ECikIzU2wY703YKAI9tBFS7BnvRsHvRcCIgUxlBqxsHvUcqgQuR1CmjQCikW6JW/vDd+fNRlSDg1qLEu0DsOKhnhXGeazkkUmc2/mWl8JIWKyqd6H+8vcfh/In0rprfxPafZw0iuJO6jBGfY5rIv7WOezbduBX5lZTgg+oPavONS1i8t5ZIVkBAIG4jBP5YrNTcdi+VS3PTb/WBfS7jtUAbEUNnrx/n6VNByo+lcT4TtUeRZHZ2bG7ls8+td6saqoArrTdtTB2voMJ5o4pzIM96NgwOtO4hAafSKoz3p+wZ70rgIOaUcU4IKcEFFxoTPFBNO2D3pNg96m47CZpF4ldf7wDf0/wp4QZ7010AljPOSSPwwT/AEFFxWHClyKNg9TSbAPWq5hBuPrRvxSFcY5NIRT5gH7xRUWPc0UcwrH/2Q==","id":3869},{"image":"/9j/4AAQSkZJRgABAgAAAQABAAD/2wBDAAgGBgcGBQgHBwcJCQgKDBQNDAsLDBkSEw8UHRofHh0aHBwgJC4nICIsIxwcKDcpLDAxNDQ0Hyc5PTgyPC4zNDL/2wBDAQkJCQwLDBgNDRgyIRwhMjIyMjIyMjIyMjIyMjIyMjIyMjIyMjIyMjIyMjIyMjIyMjIyMjIyMjIyMjIyMjIyMjL/wAARCAEsANADASIAAhEBAxEB/8QAHwAAAQUBAQEBAQEAAAAAAAAAAAECAwQFBgcICQoL/8QAtRAAAgEDAwIEAwUFBAQAAAF9AQIDAAQRBRIhMUEGE1FhByJxFDKBkaEII0KxwRVS0fAkM2JyggkKFhcYGRolJicoKSo0NTY3ODk6Q0RFRkdISUpTVFVWV1hZWmNkZWZnaGlqc3R1dnd4eXqDhIWGh4iJipKTlJWWl5iZmqKjpKWmp6ipqrKztLW2t7i5usLDxMXGx8jJytLT1NXW19jZ2uHi4+Tl5ufo6erx8vP09fb3+Pn6/8QAHwEAAwEBAQEBAQEBAQAAAAAAAAECAwQFBgcICQoL/8QAtREAAgECBAQDBAcFBAQAAQJ3AAECAxEEBSExBhJBUQdhcRMiMoEIFEKRobHBCSMzUvAVYnLRChYkNOEl8RcYGRomJygpKjU2Nzg5OkNERUZHSElKU1RVVldYWVpjZGVmZ2hpanN0dXZ3eHl6goOEhYaHiImKkpOUlZaXmJmaoqOkpaanqKmqsrO0tba3uLm6wsPExcbHyMnK0tPU1dbX2Nna4uPk5ebn6Onq8vP09fb3+Pn6/9oADAMBAAIRAxEAPwDsNWvpLLyFSWC3ErEGe4BKJgZx1HJ+o71iyeKL1YsJZK0rhxDtVmWRgyDgD5sAMxOQOldaVBGCMj3o2j0r1Wn0Zkjhr7xreRiUWtmjEMHjZ1OPLMYPPI+becY9K2p9UvreztjdG2s5ZPMLSTqdnyn5VwG4Zgc4ycYPWt7aPQUu0H3pKL7jORvvE17aoZIo7eZ/O2NaqreZEocLluf4geOB1HWorTxZeXd1Oj/ZLOBfnimnVsFTnap5HzMAD+B4NdntHoKNo9BRyvuIyNG1Sa/u76GbyswOAojB4BLDBJPXjoQp9sYJ18UoA9KUCqWghKAKWimMKKKKBhRRRQIMUY4ozS0DExTGHNSZpjDmkIbjijFLRQAmPakIpTRQAY4rj76615NZvYbWfzo1w0VvHsRwNoP3mUjqevPQ9K7ClFKSuM4K7uvFkenwTrdoglC/MUBK8ckjZx3z17YxXaaE9zLptpJdurztyzLjB546e2KtYqWIfvE/3hUqNtbgRMQoLMQAOSTXOax4i1Gx0u21WDSJDpc8gRbyVwAQ3CttB3bSehOO3rWjqiQm+09tQgluNJWRvtcUaF8/L8hZRyyg9Rz24rVvnsPFeijTdCcwy6bLFPFaTRNCsqp90YYA7Mjg44Kisa9WSfKtPMumkndq5xP/AAmN518qz/77NH/CZXf/ADzsv++zXSHWbKOzae4cwMjGOSGQfvEcdUKjnP0+vSsS48WTM2LOyVV7PO3P/fI/xrmqylTV5VvwR6lCEa7tSw9/myt/wmd2Byll/wB9mj/hM7v+5Zf99mnr4n1MNlktGHoI2H67jWha+KoWIW8t2g/20O9fx4z+lZQxCm7Kt+B0VcHOkuaWG08pN/kzJk8bXMMbSOtkFUEnDMePzqzda94o0/TLPU7/AES3gsLxlWOTzdzLuGV3qOVz/wDrxW9Ncf2oV03TEivLi6jP8WY44zwXcjov6k8Co/EGt2ekW1l4WurOPXUtYk8yaWdoysij5Q21CA2OQM5wOfU7VJTpb1L/ACWh5y5K04xp0reV3qYI8WagekNp/wCPf40v/CVakelva/kx/rTtK8Qz29rcxTW4ZYVeWHNwXbZu4QsVycAgZ74pz+MLlFJGlxsegUXJyT2H3KzVbRN1t/I7vq7vJfVvh395/wCY0eJtWbpbW5/7Zv8A410MV3dT6OtytmwuWXPk7gp64zk9PXmsBPGNzJGrrpsWGGRm4P8A8RS/8Jdef9A6D/wJP/xFXTxdKDfNVv8AL/gGdbL69RL2dDl+d/zZyuiXviCHXrkvNe3w08kXMSTbzNvJ25XcQNv+yo6U+3vdd/4R/wAQyRSawt0t+RYpskdgvPy4IOFx9OQK6rS9P0zXZLy+uNJgiuy4DtHK3z8cEkAfyqta61HpZmhtdISI7ysgNyx+ZSR3U1q6tOMFOUtGcUMHXqVHSjH3lujnLfUNbWe8N/Nr32NdNDITbyL/AKRsG4EhQQAd3PTjrW74W8QXEfgjTXkjlv7uVHJZ7lFP32A3M7A/iAavf8JT54eG+04fZpFKv5cpc4PB4IHH0Oa1LbStBisIBBY2ht9n7o+UH+U88ZBPeqpVYTvKEtETXwtai1GpFq5zvh+91nRfOj1WWPUknfzEeG9Rmgz/AAESMuQPUE10+q38tpppubWITscYxyAD3OOo+lRrY6Vu+bSrMJ6+QpP5YqjqOuT6VcR28WnQNAykwss5UYGARt2cYyPzqIYujKnJxnovwKjhaqqRi4Xb6dyh/wAJPqf/AD7w/wDft/8AGj/hJ9T/AOfeH/v0/wDjUh8XXX/QOh/8CT/8RU1l4mubm9hgeyiRZGCllmJIz7bRWEa8ZNJVn93/AAD0Z4WcIuUsMrLzf+ZUPibVP+feH/vy/wDjR/wk2qdraL/vw/8AjV/UPFKQTtDZQC4ZDtd2fagPcA4JP8vem2PihZZVjvLcQbjgSK+5QffgYq/aLn5Pba+iM/ZS9n7VYb3fV/5lL/hJdVx/x7Rf9+JP8aUeJNX/AOfaL/wHk/xrr6ztS1u000+WxaWfGfKj5P49h+NbSpzgryqtL5HNCtTnLlhRTfrL/Mwx4j1k9LaL/wABpP8AGul0G8ub+2WW6g8mQSbR8pUMOOQDyPT8K5JNZ1a81P8A0WV4hO2IoQA68YB+Yr+Jx0ru7RZEWFZnDyDAZgMZPrilhpObb5m0u6QYyMYRS5FFvs2389RtZOuzrYW8eoxSGG/gb/RXXqWP8JHdTjkegz2rW71xnia5NxrAgz+7tkAx/ttyf02/ma1xdVUqLkzLL8N9ZxEafTr6Gbd3E2oahNqF46yXUxy7hcAAdAB2Aq/pfh7U9XQS20Kx256TTkqrf7owSfr096q6THFdX4kkSGa1gPzq8u1XfsvQ5A6kfT1Nd6mt3rj93FEVHZImfH4g18fXrST7s+qxOJlRSo4ZJJdTCbwDqCpldQtnb+6YmUfnk/yrB1DS77SZVjvrfywxwkincjn0B9fY4Nd0dU1TdxEwHp9keoby+nu7SW1vbeJoXXDCSF0/Unj69qxjWnf3jno43FQleTUl8jitO1a+0P7SdOnFul1gXBWMM2P7y/7YGcdfoeK09ftrWDRtP+yYMTXG8PncZNyOSxPcnrmudeaK3upLOW5iM8ZxjeMsOx/Krz3O/Q7e1JyYLz5f91o3I/Xd+Ve3hq37qdOXbQvFYanLEUsVS6yV/wCvzM+6l8iF3zhfLdT+KED9cVZhUPd2i9jcxD/x9aimhjuIjHKu5D1FW7Fd2pWY/wCm6H8mBrmoy5pQj5/5Hp4qnyU61RdY/kmQXKiC4uUA+WOWQAewY12Np4csIrVVngSaYj53fnn29PwrkdRGb69HrPIP/HjXd3t7HZJCXOWllSJF7ksQP0GT+FergacOepKS2Z87mtep7GhCL3in+RW0nTP7MlvEUkwvIrR5OSBjofxrkNWITUr4j+GRj/WvQ8V5zrX/ACENU/32/wDQRV5lBRoxitr/AOZGSVJSxM5Sd3yv9CxqtjHp89rFFuxJbqzAsT8w4J59a6Pw06pom12+USOAPqc/1NZHif8A5CluPS3/APZv/rVc8PqTZrnhd5A/E8/0rkqVfq+Im4Lol5a2OiUfb5dS9o+r166XNaMqkgJ3FQePX8axPF215LF1IPEgB/75/wAK2E+ZAS2MjOfTiuf8Rlt1nkYBLHHvgZ/pXDha8lSnTaVpX27q34FRpJ4mnNPVW/G4vh7SIL8TXF0okjRvLSM9CcAkn16gY+tS+INHjsbJr/TUEMkPJRThceoHYg4P51b8KEDTbkk4AuD/AOgLTdQvk1Lw7qUkX+qVzGjf3gCvP0Jz+Fe7Rp01hlpra55uKrVZYyWrte3y2scxb27yyRW0AXe5CqCeBRPA9vczWswUvEdrbTkHIB/kRV7RBnXLT/eb/wBAap7/AEnU7rUbm5WzIWV8qPMXoAFHf2zXlQw7qUOeKvK59DWxqo4z2U5Why/iW31qW08O2aq268lQojHnAU4LH9PxNZ+iaUdUu3aUsYI2zK2eZGPOM/qT9PWswmVZJFnG0w5iAznABJP6k10tpqkGh6Vp8Tx73uEMshDD5ehY/huA/Cu2ElWq/vfhh+Z5NSDw2HXsV79S+v8Ad8vkdJHBFH5eyJF8tdqYXG0ccD0HA/KrUP8ArV+orBHiXT/7S+xb23Z2+ZxsznGOuevGcY963of9an1FetGcZX5XseDKEo25la5DXm1wBbeI9Qk1LTU1hfO+61y0OBtXHyAbW4x1r0quJ8RWxt9beTHyXKBwf9pQFI/Lb+dcWZxboXXRnflMIVMR7Ob3TOh0C4s7rQr/AFceV4e0uxYo0UFvH5owqkktgrzu4AH41ydt8VvDE2rLb3dlrL2bNt+1SX7ggepjQgY+lCk3mi6roLzCGLU41WORjhUmRgU3HsrfdJ7cVwVp8MvF91qy6edEuYm3bWllXESj139CPpmvNw9Ok4JqKuXjaE8PWdNvTp6H0J4hXwp4b8OvrV5C8lthTGFndjKW+6Fy3evPfD3xM8NavrcWn3WkXumRTuI4p4tSlIBJ43AEYHvzWv4lt9K8beER4M0DVEudX0VYyI2BQS+WuxgCeD1/P868x0b4ba/FqaT6zYy6bp1q4e5uZ+AFB6L/AHmPQAdzXQ4QtqjjTb6nqHiy/fRtcn0kabBrNs0EcinUHU+SxLZBO0lhgKeefeuKED/b/PENtaRl0BtrQMIySsmCdxPIwemOprY1G/k1XVLrUJlKvcSbgn9xQAFX8ABn3zTJLUx6Tb3TDm4usr/uKjAfqWP4158Ypym4KySZ9LTwcMPCi5/G2v8AMhq3pYzq1p/11FZ5mxciIrwVzuz354/Q1o6V/wAha1/66Cs6Caqwv3X5nsYySlhqqXRP8itfjN9fDP8Ay8SD6fMa1ZdFvbDUbO5uJzdp58aeaWYsmWHGGJwPoayrzm9vT3+0y/8AoZr0YqrrhgCMg/lzXrYWjGrOpfufNY/ETo06PL1h28ha821o/wCmaq3/AE0f+Vekgg5wRxwfavOb9wL+/dugnkz+DEf0rTNHalH1MsiV68l/df6F/wAQ3MNzq48iRZBHCqsVOQGyTjPr0/OtPRcHQojj70zjn6kH+VZlp4c1GcqpiS1i7szAkD2C5/UiurWzW006O0tlOxAB15POST7n+tc/sKtVVas42utF/Xoa18RQp0qWHpS5uV3b2X9akG0FcYyPSsTxSB/xLsDHEh/Ra3U+fbt/i6VieLiRdaeD12Sk/wDjn+NeXl8H7GrN+SOiUr4qjFdyjp/h59UsXmF3sVnI8kqxUkccjdj9KvJBJbeFb+GVdrpKQR+K9Par3hU50qQekzfyB/rVjXyi6LdA4UsvHuRz/IV79KjBUVUW/L+h5mIxFR4mVJvTnv8AczltFONesvdm/wDQGro38R6WjsjTSBlJVgYJOCP+A1zWksE12wZiAPMYZPujAfqRTNSYPrN+ykEGbAI9lUH9RXFh8RKhhuaPc9XF4OOKzD2c3ZctypLKss93LES6tNI65GMgsSOPoRVmbRJbRbZ4EWdLqPdvityAvTGcE9cn06UtzZNb29ndqP3VzEoJ9HAx+oA/I10vhy5W60k2bn95APLI/wBg/dP5cfhRRoQnVlCpu9URicXUp4anVovSN4v8jzGzT7V4msg5dGuH2IxXYgjIYKMZPJ6846d+K9xh/wBYn1FeFX0MenTMrDKpJ9laVWBVwmctn7wO7HpxgZ6GvX/CepNquh2V1IH8wgI7OuNzDgsPUHr+NduDsuaNjw8VKU7Nu/8AwTSrG163/tFIdOtojNqMrbrdFONuOrMeyAHk+/HOKk1FrT+1rBNXmlh0ciQzOjsi+ZxsDsvIX73tkDNamrzab4M8Otq2jplb540+3SO04jRh8p5JJX0HTLc1vXqqzp23OelzRkpxeqPOriCW2uZrS6iMc8TbJY27H+oI7960tE+IGoaPc/2et7aXFtEigR3khGwl1UKJB0ADFjuzgLXO6/rGm6hp5+w7tjMxl1GbKzSybc4B4POB7dAB6Hh2x0e5u44NWu30q1OTbCSLMTEtkrMT64BAyO4J7V5EaKpVPdlf+vxPexONeLw1pw1XX+trnT6frmjaDrN9q+n6TpNte3Tusk7aqXUDzQjFF2dCTuwMZA49KztV8SXevatcQX2oRXAt5T5CQqY4mXHDqp5PUjJz0OOK6jUPD+jWuhWsOo+JNITT7XeUKWibnDA5x85yecjA6gYry6/treJC8EV5LYK5MMkiATRKB9/C4yTjPPTIzmtMQrxtexyZfLkq+0Uea3l/VjqtI0m68RXs9jp8kKywxea5lbGR0CjHOT0z/D19Ab2vXccsVnarE1vLAzpLbMMNCVAGD7cjB6EdKytP8VJ9hhdk2NagtbX1koDRH0ZeAc9CATn0FdRdXHhXWdMi8T69qzwX7QRxzW9s6s0R7IE2FupPXPXrRGnGFJwpu9zaeOnPFxrVlpF6JHJiLf5zYyyIsg/Bgp/RzVizk8q/tnJ4EyZ+m4Uml3mnCylM9tqLvMskeSY8rGzZXuPmAC9uop7nR2QgwaucjHDxD9c1j7GK5Hzq68/O56n1uTVVeylae2nlYrykPc3ZPIa4lP8A4+1bMHie8gtlia2jndRgStKVz7kYPP48+1cPM9zaRFrhryGHPDR7G2Z7Z7AepBz7Vp2eqafa2QfUba6uVyALizl3K2fUEjn/AHcj6U6LqRnKVOaVzHE1sPKnCnXpybivR/md14YmluLO7mmffK1ySx99q8AdhXIXQ8ye+9GuJsf99tWlYeKdHhs5ILK2ujHKSzETpuyQB135HAFV1n0YKFXS78KBx/pI/wDiq6MS41KUYOautznwPNRrzqqlLleyS6HdWjeZZwPnO6NTn8KkkkSNcuwUepOK8pvdW1GCYraw6jDp8Tfu4o7nkDHfBLYyScDoAOOtaOneNpEtvNuoDqaovyyQ4EqjvuXpj8j7V1/XYtWjv+B5MsJOD99NfmdtasqmIuduAM57cVgeLX3avaoP4IXJ/wCBEf8AxJqBPH+lXSApBEfQNcKrD8OoqvPqem3E5nfStzsBz9tYDHbpxXnU6caVGVDnWrvfU9Sk6jxEMRyN26Kwmn6pdaW7m3CSRvy0TkgE+oI6H86na9ute1CGC4KRRssiJGmSFYow3EnqfyrndWuPNuPNtrEJEiYSOO8OSe7NkjPsP8aj0LV1srx57SCS9eL/AJdp5H8xGwQTu5Vc+hyPQiilOcWoOfur+vU1xcqL5qjpNTaf39+xpywsrvBcR4kU4dGGcGmqnzJBBHukY7Y40HU1aHjWy1dSZtLtTInDLNcYdPb7n8qktvE1rZMTbabYRseCwu/mP1OzNQ8PQU7OenozpjmOJlSvGl71t7q39eR1sGmRDRYdPuAJFWJUc+pA6j055rjdch1Dwy0c9pJlpHEcU3seTvX2AJ444zxVufx8IIi729oB2H2skn2A2c1zmta5eatPFJPELeZiYEtmkyI42TLMTjryO3bHrXfXq0JxThutjxKUMTRbhLaW60f9M2PCN5ZW+qTi43bwPswcr8vynliemW+X/vnmvSIP9YmOmR0ry0XVp9oWQWluqLGsYjS62ggdyQmSffNeiaBcLc6dayLCYV6BNxYAA44J6itcJUTTgne3qZYug4JTas3vqvwsWGVXUqwyCMEGuD8YWWuJplppbTT3vhuFlJt44wZEVegYgZZR278c+td9QRXXVpKorM4YT5Xc4rwz4Ysb3TkvtQgaaRm/dJKjRiNVOFIXjkgA5/KugPh3SWUq1mrKeCGZiP51qYrk/Eviq50a6uLeCO3dooUlG7cx5bBBAxjp69x61CpU6cUmti3WqNtp7kHiWz8MeE9Gl1I6Ta+cPlgTbgu56D+p9hWrolhp+paHY30ljEslxAkrKpOAWAPGTXnniTxFpOvXOszXl4qi0t5LbTrYqx3yEYaTpj2FdNpHiyC38G6WdPdZ5IIEhlQwuQJFQEruAwDgE5PHFQnByd0rApzitGzorjwjos5LrZrBMefOgOxwfqOv45rAv/AUzxlILm3uVwdq3cfO7puZhncfwFdXot+dU0qK8Oz94zgFOhAYgH8hV+rlQpTV2hxrTjszlNA8EWGmLJLd21rLPIAu1I/kRR2GepPc/Str+wtJ/wCgda/9+h/hXLXWp6yni8smoSjS0nWFoBCu85xlgMZKBiqlv9o1WHiPWru4vIraSU3U0UgFqbSRBaHaTG29lwcnruwORjpSSpxVrA5zetzsjoOkHj+zLP8A78r/AIVnXvg3S5hvsoxp8+MB7ZQB+K9PxGD71i+FNdv9R19LVrqd4EtnklFyY2ZmyoG3YBgDnsetd5VKMJx2J55J3ucPB4ADXu+9azeAFf8AVw/MyjnHOcZPU5PH511g0nTgONPtR/2xX/CrlFOFGEFaKHKpKTu2Vf7L0/8A58bb/v0v+FZ+o+FtL1AK32dIJl5WSFQp/EYwR9RW1RVOEWrNEqTTuji4fAIN2HvL1J4ud4WDa8mcZy2444AHA6dMV1X2CzXgWkA/7ZirVNPWphShD4UVKcpayZD9ktu1vEP+ACqWp6Dp2q24iuLZMg5R0ADKfUH+nStKircU1Zom7Tuee33hTVLK6Fxbs1ztyFuISEljX02DAP5n6VC2oeIEPlodSUseN1gCw9SSEx9K9IpK45YGm3pobrEy6q555D4c1bWpvPukkhywHm3pDsqDqFQHgnv0H1rttK0i00mBo7ZPmdt0kjctI3qTV6lFb0sPClsZVKsp7hj2qaH/AFqfUVHUkX+tX6itnsZEfaiiiqEFc5qTWOt2l1bNpeozwrMY5Jra1J+dSMgN+ArozUngp4ovD2qyTyCONdSuSzHt81c2JnKEfdNqUU7tnE+IpTrmlvpNpbahaTXAIZjp+8smPmGMj1HNGmWc1lodhpt5b6xJLbv+4nhsPKPyqQBg5BwuetbOna4t34u+1Bdto67LfcMHAJyT7tnP0HtW9fXhudQuVhzshxbJg/ekYAuR9FKrn/ab0rzVjKjqNNI7KmGjBLTcwbLUhBbJFFperSAKX3G1wSCTzxgdc9qafFFsLhbc2OoCZuVQwYJ/Wt6I3qJPeWjLcWozbvCv30VOAw9QTuP/AAKoPsi6shSAMJQuNw4ZMjrzRVx1em7W0Ko4ejNNyZxmrTaVpmpf2pqUWv2swIALu6qAxyFA3Y2kr06cU8w2ek6lqmtzafrUavETMXtgEjV8ZO7qc7R1Jx2610PxF8G3+veEttu3mX0CRkJ/f2buM+p3GvAr3xN4j/sw6Feajei1iO02sjEYx2IPOB6VpTxMpbnPOEFtqd14b13wboV/5mnS6jNNInkhXhQk5I/ugEnIHeu6PiaJQSdN1EAc/wCpH+NcH4C8KJp9uNZ1BQJ2UtEr8eUv94+5H5CvTdNsnMq3Mw2y7d8aycCFevmPnofQHp1PPAyWOqOfLTSstzreEpwpc9Td7L/Mqf244SRjo+pqsSb5C0IAQepy3FVx4phIBGm6lgjPMIH/ALNVm+1Jb2PyrbIsAdy7hzcN/wA9G9v7o/H0xmyzJG2XbGe36f1FRVzOpGXLDVnRhsthOHPU0Ra/4SeL/oGajj/rkv8A8VSf8JTF/wBAzUf+/S//ABVQearoGVgVPcd6y7u9Z2KRHC+o71is1rvojup5JRm9GzXfxjbRna2n6gD6eWv/AMVUZ8ZWuf8AkH6h/wB+1/8AiqwVBZgqjLHoKvxWC4zMSzegOAKp5pWW9jWWRYWG7dy//wAJlaj/AJh2of8Aftf/AIqph4nV13LpWokeuxP/AIuqH2KDvGB9CRTY43tJR5ZZoWPK919xS/tWt0sYvJsP0bNL/hJP+oRqP/fMf/xdC+I2dgq6NqTMegCJk/8Aj9Q59q2/Ck1vBrW65dUzGQhfpuyO/rjNOnmdec1HQwxGV0KVJz1dijLrNzbwvNcaDqsEMYBeSWNFCgnAP3vX0rXFavjyRU8HXyk8sEA9/nWstele1h6kp35jwKiVk0gFSxf61PqKjp8X+tT6iuh7GRGOKDQKWqJErP8ADcUSaNql3dTSGKPULgrGOgbfgYHdiSAPrWhVXwhELpktm5RNUu7ph2Oxtqg/8CcH/gNefj480YrzOqhLlTYtv4Hjs9Ee81K5n+0xRmRIYXCBCBwCw5Y+pzj0FLY+Wtkv9lSC7a3gItmZsmeds/MT7sSSe2ParHinVXubg2sTEQxnBx/Ean8FW8cL3k3lorMFy4Az371w3V7JG8pTceaTuSaHGE0qye3aRRHCqAn764GCrDvznI7HODT7z7H9qRXeK2mILk7sLtzyykEMre3f361ieHtW1K8nvmsIEurSORptquA+JXdwADwePf8AOtVvEUULEG0uYpum0wOp/MjH61h7SdOTTV0W4X1T1Kd14knzNHp0/wBtgXKyCZdjxADly+AAPrk1yt5p9l4lljvdQgt9lvET5xQZeQdSeM47hfrnBHHS38N94ilitrQs6od8sIIWOM8Eea+Dk99ijjg56Go4LK5sS51Ga3lhSQiC3hhKeY6nG6QlmLKCOATyecdK15FfmtYlTVuUisLFg0cjRMS53W0D8kDqrPnqRxgH0yecYbqV4t2GsIG32it/pEmf+Plx1X/cB/76PsOda2ia51D7I8pE0wzdSg8xoefLB7Ow6+i+5FUdfsY9L1NoreIRwsitGq9FHTA9OQeKwrXhTbgdmFtWrpVNf1sZTZ3HJJ9TS27Q2935xVfMYAKzZ/L88H8KbjNcr4m8XW+hTLbpF59yy7iobGz0J964KSk5Wie3iXTjSftHZHTalGdkS22yNZ28tWf5UQgZOfw7ep9iaxr6xl0u1jnuL6ynDvtCwk7gCQAcc+v/AOurnhzxf/a8UEU2IPMkyZN20K23AXgjkhieo4x68burx6dp3hS6t3a1ku5U8q2HQ5PGepHA7+grqUI81pbnBHHVadnB6HPadFw0x9do/rWjwDwKo6Y4axT1yc/nV7IGe+a4pbntzlzO4HkjtRsLOFUHJOBRz+NXtLs7i5voGjjdkWVd7hNyqMjr7U4RcpJIxq1FTg5Pob0HguV4I2lvBG55ZBHux+OazdM0lZ9cksLgO8cZdZGTjpnB/H+tbuva4Ym8i2dMqcl88VhTeKtRnj8sMiLjaSF+ZvfNelOlRp2k9P1PAo4jF1+aK1v8rC+PtQjudLkjhlzGm0fU7hVodK4/WAf7KmYkk5Xqcn7w712Ar08vqqopNHBjsM8Pyxb1HCnxf61PqKZT4v8AWp9RXos4CMUtAoqiRKzPB+ox2Mer3EoIRb6e3jfHCuWZzn6/IPrWma56yuw+iXtgFXadRuHkyPvfOcVw412ijqw6vdFvb50hY8mtTVZRonhyOxBcXWpHD+WMtHF/GR+BwPdhVLw3ohvJZCbqeKCIZOG/kTyKbPp91q+sLqUsapZKubaV5CXEQVgvHqdxfn1GeleZzKC5mdLXM+U5Y+PrbwHrGmxR25uLS4s910IzhmO87XGe/B49GrsLLxLY+OkT+xI7hJHbDSTxAeSo+8/UgkcADuT6A15Nq/hyXxT4nur9biODS4mEKEAu+xQFGFHUnggZ53CvU9Iht/CugNpUMZivjtEwzkquMqAe/U8923HvVR5eXXoTKM+fm7/kbl3rFtoloun6WgxGMFzzz3PuSeST1Nc5YNc3OvRO91hZZctuTfgnuORjn6j2pPL8z5m7mtLTIYbEPqlwpMVv91R1d+yj3qeZtlcqitC3a+VpniS5tol3Q/aRne38RjjJJJ75Ofxq8qafNrzPPMt28h2xowysY/rXIO8srPcSyFnldnk2nIDE5/Tp9AKgBkj5jlfcOQSxzWM8XSb2O6GXV7XTtoZPjnX7fw19pEK/vnkYW8TAjAz1I9BXiUl3c3F/9peQvcM+7c3JLZq34h1vUNf1ea+1GZpZ2OOTwoHQD2FZ0MzwyrIhw6ncpxnBrenRjC7XU4a+KnWspbI9ZsNGgtoNL0iOSJrqRw85LDBZmGT+mK6XxNplnpNra2loI95ZmkfjJIXj8zx+NeceDNRu7XV5b6aSO7tN8P2jcuSSTwBkZGMken6Vu/EfxCt3C0tiWV1mXcVHCqQdob1Jxn2wKy9g+dLdHUsa1HmWltjW0m7CuYHOAxyp9/StgyKDgcnvXk8XiP7NAtw8hLyAMbfOR1IJVh93kE4P4V1ul+JpbyzSeMB0PGJB8wI7ZBrlq4dxdz2MPjoV9I6PsdhE6k/OrEj+EED9f/rVLe+IJbOw+zoywxHOIouCx9ycn8a5Z9bu2+4sae4XJp1hZz6jMZZWZkB+Zm7+1RFSir7G06MJv3lf1/yNSyjZovOl5llO9iffpV/KqMZ+YdRToocYYE5HIx0qfy97NI7KueXY9fzrGUk9WNyUNEtClqdvv8PXlxJJsCFAox98lhxXTrXG67qcH9nGAJM/mYWOQqccMM/SuyXpX0OVR5YNWsfMZpU9pNSvf9B1Pi/1qf7wplPi/wBamPUV6r2PLQwdKKKKoQhFcfpcqrLfq+5R9un5I4PznvXYVy+kLu+2gcn7fP8A+hmuDH/CjswvU6q22v4faztCTLdybJG2lQIwMtzjuBjI6FhXJeNfEl+QNGih+zmRAZWDZO3JGBjoOD+Fehx5bU5IzgLa2kceBx87klv0RPzrk5fDq6r4uudQvG2WECIXb1GM7QfUnPvg57ivLa5qii+iN4SSi3Yr+CNBSwsv7a1HPkKwa3iP/LRx0c+w5x75PZTTtWmm1LUmu1KpIRt6ZBHYGn6jqjvJ9nhRvsKOTEqrygJ6YHb6VCt/aWVxbRu2bmZsrGyEbFHJZgcccfjVyfYcU93ua0NmunWf2rWSsMYXcsUbb5JMegxWJqGuX+qP5cFgYoVBEMRbiMdycdW/Hp+NVvFWp3n2RvshW4klYO7tkPIinlRxj8B78VjW91qOowmUySxxgZDow25zxknAAyepPepveN0txShU5tHsaOj2cmkaS9vc3Znu45SzknIO9sgnGeOeavRs0sSyFdrHtXL3MiaVq0UFxI01yYQzA9A5YDbkdcA54z0xXZSwC6R2RzndvypxyeT+pI/CuXFU0oqaPTy+vNT5Js4K8+HGn3mpyXAupoIpGLNCqjg+x7D8K5VPCzSNqGpWMc/9m2hPkyMwDSFT94cYI6np7V3fjjWDomhvFu/0m6Bjiweg/iP5e/U1wr+ItUmgi8OQ/Y3tiqx5tYy2Vxycnv1ycVpQdWUb3uc2O9hGfLCNn1NfRbJLXwNcTzgh7gNMzdDwQV/ln8aqeKLV4fC8LsNrGZHlH+2yE4/AAD860tUvUuZ9K0W2KpFKQ0qHjEadj6fdP5VX8c3KHw/FEu9ybkM0mMAnDcCu089rRnFXdnJFpVncPtCuWAHllWPfr/F1612fgGx+26PP+9IKTn5dueoFQajr9jqfgsW7WN+scW2NJyu5A4HAJBH8vwq58I9Xlsr7ULSFI3kkRZELKCVKnGQT0PzfpXPO8qb5tDrwlT2VdOCvodinh9bedFuI5ixG4JINuR6gd60zLBbqse+NccBMhf0q+Df3QUXd1LImc7Gbiub8RJDCxusn95Iqx7hlGC8MB2ODzzXFCEKtTlTbPXrYmpCF5JJ+Rq28yXVx9lNwoYjcBEeCPTd3P0q9dxJPE1lDIgnZcquecD+lcNHJcBIpbYGGIOdku3A3AZwBW9De293FHDbG6t3wSzBuZpPQsDkjrj3IrepgOSa5Hc4njnOL5kaXjWCKLT4m8tVzBCqgdj8vT8Aa3geK4/xFLNe6Usc6bDa+W0ZI+/EDtU1146V7WD6/I8evsh1Pi/1qf7wplOj/ANan1FdrOdCCigUtUSNrnPDRlOo3SxW/mv8A2hNgM2FPzn610dcto0skM17LE5WRL+cqfQ7zXBjvhR14X7R3eo2d1Y/bL9rqGOKfY8zbCWQhQp2gnGMDPOfoaxtWvoPLSwsifssRyWzkyN3YnvVbUNcvtTiEU+0IOqpwDWfY2DOHYT+TBEpd8jIVQCTj8B0rz27vQ6IQsryLdmXgkWSKJZrpwfs8LdGP94+w/U4H0rahpGrQ2vn3DrDNMzM25su3ykFmOOAMjp7dAKqeD9Q+1eLm1K7kCQpGUQOwAXoAPwGfxJPeuw1qL+2ppfKlKSQuERhnC8A8jj+8fTtWdRxhG7NISlzWXU4KC2V9UjicBSkodiTnaV98jtx0rnprVbGfUIJL5IbYXBVgj4yDhgeO3XH0ruZdGKy3Z+3pBJbFAAygGQEAnB/hrJm03TLq582a2imnkUoNwHzseBnIPfHv71UZqaumVZwlqrmV4btbfULuO5gLF7dwS0gZ8sUOAMkZP3j17D2rsLW+tpbW4vS6rHEmZZMYUbc7vywawLjFjHd2sdrcWSxMu3yNrAS9ASOpB4APHT6isrWTNqvh/wDsizu4reSeQNKzsSHGS2GwMg5Pv0AqalP2kLLqNVHTlzW2OF8QeKINb166u7uy+0QeWYrWMyFBGOzHHU9ePeqfhe7t7PVvPma4Eu3ZD5LBSGPHJPbGfzqnrWjXeg3ws7zyvNKCQeW4YYPSlttals7NbeCCBSGDGXZ+8JByPm64reEYxSUdjhnKTk3Lc3tMvbu+8RX2qQ291cADy0ZFLFR0AOCDnA7e9QeKNWkvrOGGT5WSTdtZWVsYPZjWPba1dae8y2bRrG7lvniVj7dQaj1HWLzVTGbyTzPLGE4xiqFfSwR28D6NNcHUFS4RwBalTlx/eB6fh7V0fwvn8vx1ZoekySIf++SR+oFccBXffD7w/dNDeeIQrKttGyW56bnIwxH0Un8SPSsqtuRp9TSim6i5T0bUPEcqau1vZxpJDGdhIIJds84x09B/I1FqlnpcNu76lIxubgF0toWI8s464HU+pPXHSuci0+91KWMW9tcyKzn5kU5JHJ5+ma2rnwlexWw84QQ4YKsSvvYjjngYHBH1qvqtKCXLK1t7dTqdabfvamJ9rY20cWwi3icsAh43N9Tnnv8ASnOskjCUCRCAMDP3fw45+tb2haQt34Wvp1XD2MxLoBnO3Bzz7Fvyrn55JWfEbFW3MowM5GeldFGKm3GWxjJ9Uas+ozXujyNMoEqARsF4yu9SDjtz+HNd+OleWXJk+zKGG3aVDAfUV6op4rro0+RtHLXd0hadGP3q/UU2nR/61fqK6Hsc6Eo7UClqhDe1cjpjzI1+Vi8xPt0/3SAw+c+vB/OuvNcZp7SvLfxj5Y/ts+T3Y7zx7CuHHfCjswnUuSXZ3FY7di3cFhx+IzV2FWk8O3rzKbdJCIZGDZ2o3DH/AL5JqAQqB2FdV4etIr3Sbi2lUMjNh19VIINeatzqk7K7Kfhm18LS6a1zpn2ljFJskZkLSMQOu0A9QewqzPKltK0lsxmtJmMiFASynjKlep6gjA78+pwbDSm8IXNyLgfN+9eCc8CQlQEGemRySOvoCOankks3tPLkkRtkQjBlOzLZBzuI42AYUnk7j2NFWCnG00RG8ZXi7kPiDVrXTNPOqPatKyZTzvJLGLtzxkDPFeQ6pqclxem58x1lLByMkEHHXHSvWNU1Sd7MQ6U1vdAR755IpBJhu/AP4/554XU7Kyu4DcyxMHgXfLjliO/Tt/L68VjhoqKtY1rVHdaaGCuo3l42WuJZdzBVPUsc9ASM9vwx+fV6ZpcQZIJJDamVgsswTBCj5jjP4ep/Suk0zwdoMkNvqECy/OmQFkO3J6sPrgf5zUtvoWhRawspkLzWg87a75wTkDjHsfpih4iMvcWg3SldSeqOb+JOhaN/wjl9qzWJXU/kInZ23EbgvzAYUHHbHpXiXavePiah/wCEMvpnYh3mj/dgYCjcPb6cds+9eD81rh3eJz4hJT0DB70oGcnsKQ9MUh68GtzA0NH0ybWdYtdOt/8AWXEgQE9B6k/Qc19O2Wl2fh/RIrWJQttaxY5HUDkk+55NeAfDWUReOrBmdUBEg3N0H7tq9+a5FzazRsRLEA6u6kYwOCRntXDi4zk0ktDswrjFN31KdndSPqphewNqkVvK6s7DP3MYwOn3geayUuDf/ZZ2lIMMYilQHg7MFT19B+tMMkl7qG+R18meNiGiblZNv3c/Rf1rGubiOx0aO3gBW5mjCOPQH1/l+fTFddOEYrliTNtu7I9H1ibzruzhuGjS6uFMgHQjBxyOe/8AL8I9XGn2UscOnB5pQqmQmXhSV5XHY7s/gBWPpcoJuFVWZpJSowR0GMdutXpWe43nyTH5aFwcHqWUdT/vGqg3Gte5Vly2sVp2nby2lfKkqQo6D5q9dHSvI7g74oXH98DH1I/wr1wdK9Sn8T+X6nFX2XzFp0f+sT6immnR/wCtT6itXsc6AYxS0g6UpNUIQ1xti6ob485+2z/+hmuyNcbppgnkv4VguXmW+mBMZTby7YzuZSP1rixsXJJI7ML1Zc8w9ecVpadrdxpDPJEqMjLhg/T61SgeOTS7jUIojNDbkK6M4Vu3QDOQM+opb1bSSwgc7o47yNgkiEtsboVZeT+IJ6dK8xRZ2ODa1RqDxPqN03myCLaRxEVO3HuO5+tWbDWtMSYG60ezRjwZYoVB/LFYQikREkUho2GVdTkEfUUrOrIMjBo5miHTid/caZoWrWguJ7W0kjAys20KyY7huqkexFeNeM9Hjsl1R9PvheMGVtyP5hKSAod2DgMNuD6/Ke9dIdQnshAySHyEmEjhuVGM4JHpnHNbzaydTiDXmiW1/F2dU3fkeavm5tyIqVN6ao4uw1C4g8A6dOszwGPCkrxwM/4Z/GmaBb2Fxrd1rlnIsidBG6EeU+PXuMAnpj39Ouli8O3UHkPp9/Cuc7EkLKp9lYkfpVeDwz4fRibe41WMtwwWNFDZ7HaozUezjZruX7SW9mcP8RdVS/8AC115DyGFnVv3uMt8yjjAHH4c5rxgV9Lan4G0i+tZIppJxE4AJaEpgAggZLgdhWKvww8KqMG1uZzjqs21T/wLJX9a0Voo5+WUmeB9+aMV7nqvgfTIbTbo+m2jXCtkNcSKdo9xj5vpz9a4Sb4Xa8q7ozBKT/Cgcn/0HH601KL2YnCSdmjnfDEoi8S6eWcqrTKhYdg3y5/WvZ4LiSWwkjEg8lAdnmfxnPPP59q8pbwb4h0qaO4msGQRsG5YBuD2UnP6V28aXf237IqzJEZSBJtJBBJ/DpSkn0JszQtL25soZbiUgYfbCvcvgjP5E/r6VQ+zzXE5IUySHIz/ALWP0AIFbOpWbS6rHawJ8sMY2gn7rH1+gx/k1oxWUemWx3NtVRmSRu/+AqamJjRgrayex2UqDl6I5+SwWytreJMKqSDzFXPzHPJJJIzk/lV+5RWtpnwQgVIxnjq248dvuVmapePf3Ma8rBvGFPVsHqf8K1dVcLpcaDlnkLk/7oC/z3VlTpz9rDn66ms5R5JcpzDZCSRn+CRcf99Y/p+teur0ryi8wlzOMH/W7fzIP869XXpXuU93/Xc82vshafF/rF+oplPjP71f94Vq9jmAUUlBqgEPSuG0mC5bVdSkihdo/tcysQpI++Tyeg/HFdya4JPEMWmyXkMkqnF5MQgyxH71s+wyOnSuDHycYxcd7ndgknzJvobNrYXUEd7C7RrFdZBXfll69lyD1/vdqmaxtoLBILmZmhQlgrFUUnBOe56Z6NXI3Xjufbttoun8bd/wH+NYd34l1K+Y7pIwSOyA44I4zk9Cfzryf30vI9Nziu7/AAPTZJ7CJv3UotTyG8iXliOpKvuBPuQTULGLLOuoptUf8vVpkH8UdB+lcVp3h3xX4g086jaiWWJMqpMqoZMYztGRnoPy71wmoandWd7NbmMpNGxV/NXDBh147HNVGnPrI5p1KfY90ttetrVXH9sWqKeHW0jEbH2Ls7kD6YPvWXP4n8LWUi+bFp3zMFGYUfB9ScE/Uk9+a8Ll1G7nBElzIw9N3FW/D+jS69qqWiMVQKZJpP7ka8sfyqpU3vKRlGsk7Rjv3PZ7Pxdp17cmPSbJZuG3C1icbWB4zsxwecH2o1fxhBoaRHUra7hEpPlhg5zjr1b3FaPwq8ORab4ZFzJHiW6/ec9cHkfpj9axPjfYY0LTbtFwsVwyH/gS5/8AZa54yvU5Lu3qbTajG9lf0IIPibpn7yW2tJiYxudo4EQgEgDnI7kU7VfiTFpWoy2l9YXaSqAfuqcg9CPmrlPh1oR1rSfEUaoGk+y/ux/tDLD9QK6n4n+HV1Hwfaa/bR/vrPCzEd4nwVP4Ej8zTcIOpysPazjT5lv/AMOZ6/FTTTMo+yThCfmZlHA9cA+uKup8TdCMm0l8f3jHx/n/AArxuCCS5m8qMZcgkD1wM/0rc17S/K0nSdWiX91dQCN8DpIgwfzH8jVyw9K6RMcTWcXLseuQePtGJHkXsinr8iPj9BViPXNFu3Yia03P1LxhGJ+uAc/jXz2rFTlWIPtWha6vcQsA7s6fXmmsOo/C2hLFc3xpH0AsNmXLxbw8nWSObcT6ff3U290y31CAQLqDlc7iJUDH0xlCOMhv4T+leQ22p3KRrJBK6q3zAqxX+Va0HiXUYnSR5fMwekijH6YPf1pKnOMuZNN+htzRatb7mdjeeGrpS/2YecqncrIVJI+mdx/Bah1VnYxjY4ZVy6lSGQk5OR1FU7XxyHbNxEUz12fMM8c4PI6HpnrXU2Ot2moKohmguUX/AJZSqGx+DdPrWqxM4zU6kduxPsYyXLFnD3jeZPKw/ikRh+lesL0rkPEGnae2nyXcSNBOpThWLq3IHc5HHufwrrx0r1MLVjVvKJwYmDgkmLinxj94n1FN60+P/WJ/vCut7HIMB4oFFFMBDXiGsHdr+qIT8v2uXv8A7Rr2815FfrHJq2oCREbF3NglQSPnPQ9q5sRT9pZI6sNLluzIMUJiKAjce5NUpE8qRSGB57Vvizt2yTAhbruPWkNhbFR/oy8dwzf41y/U5nV7ddj07QLSxu/BmkyXIH2aK0lYOOqSCQ5K45DdcEV4B4kS4utZ1LUWWR4mu3TzXABJyeuOM8HpxXt/gi+t30p9Bk+T5/Mt2LZAf+7z6n9frVLxR4NgfwW6WiO0otHk2MxJWRDvf8eHH/Aq4ZxlRq8suonacL9UeItpzR6EuovkCSfyYx64GWP6j9a9C8C2S6d4N1S7nhdZdTT7NFPtyqqTt57jknnGOBVbxBo/k/CXw3NEmTLOSSB3Yt/gK9h0b4fhdCtLW/kwI1j/AHAHyKFIOCOjHjqc07SqK22oLkpt37fj1NPR5LdLCDyHRoNvyFDkVl/EfSTrPw81KONd8sai4QDrlDk/pmsoah4eTx23hTT0u7W+5AuYQFTeF3YIHXj1BGe1b15f6loZSHU7U3Vq+V8+3XPb+JO/Hp+VYyw0qb54u6Q5TVR26s85+A4zJqQPUkfyr1h9BhuNGu9LmH+jzwtBj0XBA/IY/KuE+G2kRaBruswxNutmlSWCTs0Thtv5FSD713OreJbPTWaEeZLcKu8xxJkge56Dp3IrGbvUbQSUrKK7fqfNHhnTJbD4hx6fcpiW2mkjkXHdQwr0HxJ4ahsvB+r6PIUQWkv2mz3HGVbLqB7/AOsX8Ki8Q6e2k+O7nxPqtvLZWstkLkxw4Zy5Ij25IwGPBPpzzXoHh7S9H8ZaDDq9uZSkytGwuUDvwcEMSTn25ru9i5yUpO2xMaqjT5fX8bf5Hzpa+G7i98K3OswIzfZpcSDsUwOR9Cfy+lZen2kmo6jbWURVZJ5VjUscAEnHPtX0X4c8GvoHhX7JdIHjuPMEintliMfQrivOPDXgNfJn1OXzWaDVRbWyxnBcIcv+Y79iKh1HFyUug/ZKSi49Tp9B8GJoUB3WtnqFq8iqJbmPcxPAYIM4C5yQcc8j0NcVq0UNrrt7aW2fs0czBB12+34dPwr1S91CPTtCjW3WSNiWWCKZ95ixwTnJ4Hb6gd68+/sq3clsSsxOWMj5z+QFPCUata8+htVlClaKRi7UXv8AmKiPmxyq8bkFTkFT0rek0y0YgG2AI772/wAakWwt4EJS2Rc9ckt/Mmu76lU8jH26fQpQ+ILqfbazEuHZRuJ56jr6/jXtA6V440MIZWSKNWDLyFGeor2MdK2w1L2ba9DnxMuZJi1LF/rV+oqKpIv9av8AvCut7HIMooopgIa8evzjW9R9Ddy/+hmvYT0rx/Uf+QrqPr9sm/8AQzWVTdHRQ6k0LgjHFWSMJn1rH88pitCyS7vnCQwyyDOCUQtj8qqNaKWpq4k8M5tpVkVgGU/nXW2uppryJEb1rK/L4RiflmbGPUfMR+DdxnryKLAs+H3OgOOB/nNEq7Ll42O9GUbcjHHbivNxuJo1I2WrO7D4CrJ3eh1kugy3Hw1l0grmfSLreg6lk371I/Asv1Br1i0uVuoSwG1lYqy56H/9WD+NeZ+HH1K3srW7Nz9tF5Zss4uGx5QDEKxYDJxggA5JyeeK0m1LVNOYXhP7pQA7pbNHlfdSzbvodp9D2PBCpyOzOapT5tjsl0XTF1c6sLC3GoFdhuPLG8j6/pU2oQRXNm8Uw+U4P4g5H8qx31yeGVIZbiwEjgFSWKk59Fz/AFqVVluJVaWbzJCcDjAX6D/Jqp4iFrLVszjTle7K0WnRWdlFIqAOxIJ9utVrCyt7u+Eko5dgx/2scgH8q29WAS0jReDngfQVy+jSxXul2rM2EkjUEj+E/wD1jXFUiqc15WO+lKVSnKTerOu1LSNP1i0ktdQtIriGRNjK46jOevbkA/hT9O02z0jT4bCwt0t7WEYSNOgrCOqXenMYXvYJVToLiNg3/fQ6/kfrVCbxTfXdqr20b7WxuEMTKQPXe4A+u0E+lej7aFrnn+yk3ZGh4m1RIkkjDAx28ZkmPoQMgflk/iK4HS78HQ7WPBtbO2JlldhtaSdiSx5/2iQB16Zx0NzxPqkOl6fDbXW1pLqTPlR5JZQQSMnrk4BJxnJriNY1W71GWEyMI40YeXCnRecc+pribdSTfc9SjQtFJdC7qV095dFyAFA2qFOVVR0APf69yfpUcIIqss5PmIF+QPksOvQDp+FTCTy+uD719HgqtOVNKOluh5+JpThN83/DiOP3vWo7mUY2gn3qOS4yxwKiJ5z610SmtkYqLGkfKvfLL/MV7AK8icDYv++v8xXrw6VjD4n8v1Jr7IWpIv8AWp/vCo6kiH71P94Vo9jmI6KKKoBDXkt1EZdW1JRwBdykknH8ZH9a9brE8P6Tp9xbX0klhBcXEt9cbnnjD4/eEAKD0+vWuPGVlRipM68LBybSOPh0zSIopZZr8zSKBsiiiI3N3+YjoPcVo6RrE9nqcH2ZEgSVTbsqFsPuBC5yT0Ygj05qHxHon9ial5KAiCVfMiH93B5X6DI/P2puiaTda1fJDalV8orK8sh+WMA5BP4jgd/zrxXXnUa1Pfhh8PCi5/mZNtzAuR8y8N9e9WLgBpIvXyuf++jXeP4EsJ5552v7tZJnLn7PEixgk9lbJx+NZd94Hv43MlpeW11hAojkQwNgeh+ZSfqRWTtd2aNYY6k7Jpr5FzwWj3XhaeATElbxo1Y87VwrAY9Ms3510GuG+t9AvTKbeaIwOGCqUI4PPU/0+tch4JuZtL1S70TUIntppwJYklGMuuc47HIPUcfLXc6i5ubJ7QW7TLKhD44G0jBqat1K55cknJqO12eZNY30FuGvbSfaRh5nTKOemdw4/D9K6fwTqE8F/LZiQvCE8yJWOdvYge3IrV8L6ku99JvZpLfUrcZMZOBMn99exHr6Hg1tT6FYTSecbG1Zz/y0QGJj9StPnUlroy6mIi04NaEep3s1xuQWROyMmJ1mAJf0II4HvmuY0DSrvQ9KaHUJoi5IPyn5V/E9TW2+hL5x26XIVHRhqkvP4VftNISMK39m2scg/jc+aw/4E3NKact3+BEKsaasvz/4JQtNVuJIyLXdOg/5aA/IPq3T8Bk+1QyHyxJc3Uy8As7fdRAMngfnz1P6Vo65fQaXa+be3IRR1z/IDufYV53eajfeIJQY4/IslOUjkGSxHRmA6/TOB71lyq3ka0V7R3itTD8R3p1DV47tgwBQlEPBWPPy/icMfx9qyyN10m7og3Gpb1me9mJlMuG2qzAdBx27ZzUz6bPFYJcuNvnhtuepA4J+mePz9K6Voj0KatFJEdsu7y1Pf5j9a0mu5Y7VrYJA8ROcvAjN/wB9EZ/WqyRFJGx+dTJGSQGx65qedp3TOj2UZK0lcLXTLjUpRDb27O4+Y7MAKPXkgD098+1RXei39k+2e3dCegYdfYHoT7AmvQvA+kPLost6xVDKxYEjqo+7+GOfxrU2JcwtHIiyRuMMrDII9xW9PHVKVk1dHi1qVOc5OGh404IRR0O9cj8RXr4riPFegLpiC5iJ8h5FUZHKHIwCe49D26c5GO3HSvaw1aNa8o+R5eJi42TFqSH/AFq/7wpgp8P+tT6iul7HKMHSjFLRTAbisXTL3WtGN1DFoSXKPcyypL9sVMhnLDjBx1rcPSkrCvh4VklM0p1XTvbqcr4j/t3X/IP9hpC0WeTeK2QfwFO8PnW9Fs54DoiSGaRWZxdqDgA4HT3J/GuoxSgVzf2dRtbU6fr1Xl5NLFaPxBrSAAeHlx73q/8AxNPPiLVmHPhtP/A1f/ianopf2ZQ8zP6zJ9DG1G4vtSiCTeHE+VgyML4Bo2HRlIXIPuKTTtS8S2aNHNpq3CA/IzXah8f7RC4P5Cl1+9uLT7IsE7RebIVZki8w4wTwKoPqt7HcRRrcs6kQ5Z4QhO5yDkduKtZVRa/4I/rslpZE2tLqmrorf2JHDcxHfDOt6N0bexC5wf8APOKv6TrXimzhMV7plvdqPuP9qCP+OFwfyFVraTVb2FdQiuoxGznbbMg27M45brmqZ1254hDSCX7c0Zfyvl2AnjOMZ6e9CyqjsiZYuTWqOlHiLWh93QIR/wBv/wD9hSt4m14ROI9Btt5Hylr/ACAff5K46PXdQeSJVu2aZo4mSAQgiUn72TjitN7jUp7a61KG7WOOBn2W5QEMqEg7j1ycGq/sulF3I+s36f195m3dj4m1C6N1e28E0/Y/acKg9FG3gfr6k05rHxALd44bK1jYqQrfac7Se/3a3b+8mNraC1YRSXbqiuwzsBBJOPXArLvbrUNPMlkb0yMwjeOcoAyguFII6HrUrK6MjqjmVaEeWNrehgW/hPWImUvZ2rgdvtJH/staWo6Xrt/cl/sNpHEqCOOMXRIRB0H3OfX6k1oT6ldWEN9azXKvMnliGcqF+/xyOnGCa0tIuze6bHK7h5FJR2XoWBxn8ev41UsupWuOOaV76P8AA5B/DmusSfs9mM/9PB/+Jpf+Ed18D5YbIHHH+kN/8TXe0mKj+z6HYv8AtXE9/wADHsrnxFZ6bFZpYWW1ECEi8YbsD02VMl9r8YwNMsf/AANb/wCN1p4ox7Uv7Nw/b8TH67V8jB1ZNe1iwezksrCFXZCzi6ZiAGB6bB6VvAUUv4V0UMPCimodTnq1pVbc3QMVJF/rU/3hTKki/wBYn1FbsyIxRigU7tQA3FAFOooATGaAKd0ooASjrS96OhpDsUdR01b/AMk+fLC8LFleIjOcY71WOgxSSLLLczySLs+ZiMnaxYZ4962KSmpNBYyW0CAyn9/OLYv5htt37stnP1xnnFVNRTSdLgSO9u5Il89rsHaTjnByQOBlgOfUV0VZ+qaJYawirewmQAYGHZeMg44PIyo6+lKU5W0DlRzlvc+GVkkWPU38222EttIKbDt4+XnlsGpp7nw/LcMx1SWOCeQeZEu4RO5JGCccEkHjPOCelaI8J6KJpJTZ7jJnerOxU5IJ4zjqq/lUi+GdHjVAtinyuHXk8ENuHfsSfwJHQ1PPV7j5YjRd6Vr0ZtIbgsygSLsVkZMYwwJHuMHuDTjoEDwSpJcXEkshUtMzgv8AKcgDjAFWrTSLCxnMtrbJE5XZ8vHHHH6D6AYq9VxlJLUTSZkR6BZoytIZJ2DmRjM27zDjA3cc4BOKtW1jDZyTGAbVlYMUGAqnGOB+FXMU0/1o5m9wtYbigCnUd6QxMUYpaWgQ3FLj1pRS0xCYp8Q/ep9RTafHxIn1FJ7Af//Z","id":3873}],"pageable":{"sort":{"unsorted":true,"sorted":false,"empty":true},"offset":0,"pageSize":15,"pageNumber":0,"paged":true,"unpaged":false},"totalElements":5,"totalPages":1,"last":true,"number":0,"size":15,"sort":{"unsorted":true,"sorted":false,"empty":true},"numberOfElements":5,"first":true,"empty":false}
    Forwarded URL = null
   Redirected URL = null
          Cookies = []
Hibernate: 
    select
        clothesima0_.id as id1_3_,
        clothesima0_.closets_post_id as closets_4_3_,
        clothesima0_.path as path2_3_,
        clothesima0_.stores_post_id as stores_p5_3_,
        clothesima0_.type as type3_3_ 
    from
        clothes_image clothesima0_
Hibernate: 
    select
        closets0_.id as id1_1_0_,
        closets0_.created_date as created_2_1_0_,
        closets0_.modified_date as modified3_1_0_,
        closets0_.author_id as author_i4_1_0_,
        closets0_.clothes_info_id as clothes_5_1_0_,
        closets0_.colors_name as colors_n6_1_0_,
        closets0_.materials_name as material7_1_0_,
        closets0_.style_name as style_na8_1_0_,
        members1_.id as id1_6_1_,
        members1_.email as email2_6_1_,
        members1_.image as image3_6_1_,
        members1_.name as name4_6_1_,
        members1_.nickname as nickname5_6_1_,
        members1_.password as password6_6_1_,
        members1_.phone as phone7_6_1_,
        members1_.refresh_token as refresh_8_6_1_,
        members1_.role as role9_6_1_,
        clothesinf2_.id as id1_2_2_,
        clothesinf2_.categoryl as category2_2_2_,
        clothesinf2_.categorys as category3_2_2_,
        clothesinf2_.fit as fit4_2_2_,
        clothesinf2_.length as length5_2_2_,
        colors3_.id as id1_4_3_,
        colors3_.name as name2_4_3_,
        materials4_.id as id1_5_4_,
        materials4_.name as name2_5_4_,
        style5_.id as id1_14_5_,
        style5_.name as name2_14_5_ 
    from
        closets closets0_ 
    left outer join
        members members1_ 
            on closets0_.author_id=members1_.id 
    left outer join
        clothes_info clothesinf2_ 
            on closets0_.clothes_info_id=clothesinf2_.id 
    left outer join
        colors colors3_ 
            on closets0_.colors_name=colors3_.name 
    left outer join
        materials materials4_ 
            on closets0_.materials_name=materials4_.name 
    left outer join
        style style5_ 
            on closets0_.style_name=style5_.name 
    where
        closets0_.id=?
Hibernate: 
    select
        closets0_.id as id1_1_0_,
        closets0_.created_date as created_2_1_0_,
        closets0_.modified_date as modified3_1_0_,
        closets0_.author_id as author_i4_1_0_,
        closets0_.clothes_info_id as clothes_5_1_0_,
        closets0_.colors_name as colors_n6_1_0_,
        closets0_.materials_name as material7_1_0_,
        closets0_.style_name as style_na8_1_0_,
        members1_.id as id1_6_1_,
        members1_.email as email2_6_1_,
        members1_.image as image3_6_1_,
        members1_.name as name4_6_1_,
        members1_.nickname as nickname5_6_1_,
        members1_.password as password6_6_1_,
        members1_.phone as phone7_6_1_,
        members1_.refresh_token as refresh_8_6_1_,
        members1_.role as role9_6_1_,
        clothesinf2_.id as id1_2_2_,
        clothesinf2_.categoryl as category2_2_2_,
        clothesinf2_.categorys as category3_2_2_,
        clothesinf2_.fit as fit4_2_2_,
        clothesinf2_.length as length5_2_2_,
        colors3_.id as id1_4_3_,
        colors3_.name as name2_4_3_,
        materials4_.id as id1_5_4_,
        materials4_.name as name2_5_4_,
        style5_.id as id1_14_5_,
        style5_.name as name2_14_5_ 
    from
        closets closets0_ 
    left outer join
        members members1_ 
            on closets0_.author_id=members1_.id 
    left outer join
        clothes_info clothesinf2_ 
            on closets0_.clothes_info_id=clothesinf2_.id 
    left outer join
        colors colors3_ 
            on closets0_.colors_name=colors3_.name 
    left outer join
        materials materials4_ 
            on closets0_.materials_name=materials4_.name 
    left outer join
        style style5_ 
            on closets0_.style_name=style5_.name 
    where
        closets0_.id=?
Hibernate: 
    select
        closets0_.id as id1_1_0_,
        closets0_.created_date as created_2_1_0_,
        closets0_.modified_date as modified3_1_0_,
        closets0_.author_id as author_i4_1_0_,
        closets0_.clothes_info_id as clothes_5_1_0_,
        closets0_.colors_name as colors_n6_1_0_,
        closets0_.materials_name as material7_1_0_,
        closets0_.style_name as style_na8_1_0_,
        members1_.id as id1_6_1_,
        members1_.email as email2_6_1_,
        members1_.image as image3_6_1_,
        members1_.name as name4_6_1_,
        members1_.nickname as nickname5_6_1_,
        members1_.password as password6_6_1_,
        members1_.phone as phone7_6_1_,
        members1_.refresh_token as refresh_8_6_1_,
        members1_.role as role9_6_1_,
        clothesinf2_.id as id1_2_2_,
        clothesinf2_.categoryl as category2_2_2_,
        clothesinf2_.categorys as category3_2_2_,
        clothesinf2_.fit as fit4_2_2_,
        clothesinf2_.length as length5_2_2_,
        colors3_.id as id1_4_3_,
        colors3_.name as name2_4_3_,
        materials4_.id as id1_5_4_,
        materials4_.name as name2_5_4_,
        style5_.id as id1_14_5_,
        style5_.name as name2_14_5_ 
    from
        closets closets0_ 
    left outer join
        members members1_ 
            on closets0_.author_id=members1_.id 
    left outer join
        clothes_info clothesinf2_ 
            on closets0_.clothes_info_id=clothesinf2_.id 
    left outer join
        colors colors3_ 
            on closets0_.colors_name=colors3_.name 
    left outer join
        materials materials4_ 
            on closets0_.materials_name=materials4_.name 
    left outer join
        style style5_ 
            on closets0_.style_name=style5_.name 
    where
        closets0_.id=?
Hibernate: 
    select
        closets0_.id as id1_1_0_,
        closets0_.created_date as created_2_1_0_,
        closets0_.modified_date as modified3_1_0_,
        closets0_.author_id as author_i4_1_0_,
        closets0_.clothes_info_id as clothes_5_1_0_,
        closets0_.colors_name as colors_n6_1_0_,
        closets0_.materials_name as material7_1_0_,
        closets0_.style_name as style_na8_1_0_,
        members1_.id as id1_6_1_,
        members1_.email as email2_6_1_,
        members1_.image as image3_6_1_,
        members1_.name as name4_6_1_,
        members1_.nickname as nickname5_6_1_,
        members1_.password as password6_6_1_,
        members1_.phone as phone7_6_1_,
        members1_.refresh_token as refresh_8_6_1_,
        members1_.role as role9_6_1_,
        clothesinf2_.id as id1_2_2_,
        clothesinf2_.categoryl as category2_2_2_,
        clothesinf2_.categorys as category3_2_2_,
        clothesinf2_.fit as fit4_2_2_,
        clothesinf2_.length as length5_2_2_,
        colors3_.id as id1_4_3_,
        colors3_.name as name2_4_3_,
        materials4_.id as id1_5_4_,
        materials4_.name as name2_5_4_,
        style5_.id as id1_14_5_,
        style5_.name as name2_14_5_ 
    from
        closets closets0_ 
    left outer join
        members members1_ 
            on closets0_.author_id=members1_.id 
    left outer join
        clothes_info clothesinf2_ 
            on closets0_.clothes_info_id=clothesinf2_.id 
    left outer join
        colors colors3_ 
            on closets0_.colors_name=colors3_.name 
    left outer join
        materials materials4_ 
            on closets0_.materials_name=materials4_.name 
    left outer join
        style style5_ 
            on closets0_.style_name=style5_.name 
    where
        closets0_.id=?
Hibernate: 
    select
        closets0_.id as id1_1_0_,
        closets0_.created_date as created_2_1_0_,
        closets0_.modified_date as modified3_1_0_,
        closets0_.author_id as author_i4_1_0_,
        closets0_.clothes_info_id as clothes_5_1_0_,
        closets0_.colors_name as colors_n6_1_0_,
        closets0_.materials_name as material7_1_0_,
        closets0_.style_name as style_na8_1_0_,
        members1_.id as id1_6_1_,
        members1_.email as email2_6_1_,
        members1_.image as image3_6_1_,
        members1_.name as name4_6_1_,
        members1_.nickname as nickname5_6_1_,
        members1_.password as password6_6_1_,
        members1_.phone as phone7_6_1_,
        members1_.refresh_token as refresh_8_6_1_,
        members1_.role as role9_6_1_,
        clothesinf2_.id as id1_2_2_,
        clothesinf2_.categoryl as category2_2_2_,
        clothesinf2_.categorys as category3_2_2_,
        clothesinf2_.fit as fit4_2_2_,
        clothesinf2_.length as length5_2_2_,
        colors3_.id as id1_4_3_,
        colors3_.name as name2_4_3_,
        materials4_.id as id1_5_4_,
        materials4_.name as name2_5_4_,
        style5_.id as id1_14_5_,
        style5_.name as name2_14_5_ 
    from
        closets closets0_ 
    left outer join
        members members1_ 
            on closets0_.author_id=members1_.id 
    left outer join
        clothes_info clothesinf2_ 
            on closets0_.clothes_info_id=clothesinf2_.id 
    left outer join
        colors colors3_ 
            on closets0_.colors_name=colors3_.name 
    left outer join
        materials materials4_ 
            on closets0_.materials_name=materials4_.name 
    left outer join
        style style5_ 
            on closets0_.style_name=style5_.name 
    where
        closets0_.id=?
Hibernate: 
    delete 
    from
        clothes_image
Hibernate: 
    delete 
    from
        closets
Hibernate: 
    select
        members0_.id as id1_6_,
        members0_.email as email2_6_,
        members0_.image as image3_6_,
        members0_.name as name4_6_,
        members0_.nickname as nickname5_6_,
        members0_.password as password6_6_,
        members0_.phone as phone7_6_,
        members0_.refresh_token as refresh_8_6_,
        members0_.role as role9_6_ 
    from
        members members0_ 
    where
        members0_.email=?
Hibernate: 
    select
        members0_.id as id1_6_,
        members0_.email as email2_6_,
        members0_.image as image3_6_,
        members0_.name as name4_6_,
        members0_.nickname as nickname5_6_,
        members0_.password as password6_6_,
        members0_.phone as phone7_6_,
        members0_.refresh_token as refresh_8_6_,
        members0_.role as role9_6_ 
    from
        members members0_ 
    where
        members0_.email=?
Hibernate: 
    update
        members 
    set
        email=?,
        image=?,
        name=?,
        nickname=?,
        password=?,
        phone=?,
        refresh_token=?,
        role=? 
    where
        id=?
2022-11-15 21:30:54.634  INFO 20908 --- [    Test worker] o.a.c.c.C.[Tomcat].[localhost].[/]       : Initializing Spring TestDispatcherServlet ''
2022-11-15 21:30:54.634  INFO 20908 --- [    Test worker] o.s.t.web.servlet.TestDispatcherServlet  : Initializing Servlet ''
2022-11-15 21:30:54.640  INFO 20908 --- [    Test worker] o.s.t.web.servlet.TestDispatcherServlet  : Completed initialization in 6 ms
gunsong2@naver.com
Hibernate: 
    select
        members0_.id as id1_6_,
        members0_.email as email2_6_,
        members0_.image as image3_6_,
        members0_.name as name4_6_,
        members0_.nickname as nickname5_6_,
        members0_.password as password6_6_,
        members0_.phone as phone7_6_,
        members0_.refresh_token as refresh_8_6_,
        members0_.role as role9_6_ 
    from
        members members0_ 
    where
        members0_.email=?
Hibernate: 
    select
        style0_.id as id1_14_,
        style0_.name as name2_14_ 
    from
        style style0_ 
    where
        style0_.name=?
Hibernate: 
    select
        materials0_.id as id1_5_,
        materials0_.name as name2_5_ 
    from
        materials materials0_ 
    where
        materials0_.name=?
Hibernate: 
    select
        colors0_.id as id1_4_,
        colors0_.name as name2_4_ 
    from
        colors colors0_ 
    where
        colors0_.name=?
Hibernate: 
    select
        clothesinf0_.id as id1_2_,
        clothesinf0_.categoryl as category2_2_,
        clothesinf0_.categorys as category3_2_,
        clothesinf0_.fit as fit4_2_,
        clothesinf0_.length as length5_2_ 
    from
        clothes_info clothesinf0_ 
    where
        clothesinf0_.categoryl=? 
        and clothesinf0_.categorys=? 
        and clothesinf0_.length=? 
        and clothesinf0_.fit=?
test.jpg
C:\Users\user1\betweenourclothes\images\closets\closets-120ffa9f-e2b0-457b-a017-754e2b3e1a00.jpg
Hibernate: 
    insert 
    into
        clothes_image
        (closets_post_id, path, stores_post_id, type) 
    values
        (?, ?, ?, ?)
test.jpg
C:\Users\user1\betweenourclothes\images\closets\closets-75aca429-e6ba-4bca-ada4-6dec1eb69e13.jpg
Hibernate: 
    insert 
    into
        clothes_image
        (closets_post_id, path, stores_post_id, type) 
    values
        (?, ?, ?, ?)
Hibernate: 
    insert 
    into
        closets
        (created_date, modified_date, author_id, clothes_info_id, colors_name, materials_name, style_name) 
    values
        (?, ?, ?, ?, ?, ?, ?)
Hibernate: 
    update
        clothes_image 
    set
        closets_post_id=?,
        path=?,
        stores_post_id=?,
        type=? 
    where
        id=?
Hibernate: 
    update
        clothes_image 
    set
        closets_post_id=?,
        path=?,
        stores_post_id=?,
        type=? 
    where
        id=?
gunsong2@naver.com
Hibernate: 
    select
        members0_.id as id1_6_,
        members0_.email as email2_6_,
        members0_.image as image3_6_,
        members0_.name as name4_6_,
        members0_.nickname as nickname5_6_,
        members0_.password as password6_6_,
        members0_.phone as phone7_6_,
        members0_.refresh_token as refresh_8_6_,
        members0_.role as role9_6_ 
    from
        members members0_ 
    where
        members0_.email=?
Hibernate: 
    select
        style0_.id as id1_14_,
        style0_.name as name2_14_ 
    from
        style style0_ 
    where
        style0_.name=?
Hibernate: 
    select
        materials0_.id as id1_5_,
        materials0_.name as name2_5_ 
    from
        materials materials0_ 
    where
        materials0_.name=?
Hibernate: 
    select
        colors0_.id as id1_4_,
        colors0_.name as name2_4_ 
    from
        colors colors0_ 
    where
        colors0_.name=?
Hibernate: 
    select
        clothesinf0_.id as id1_2_,
        clothesinf0_.categoryl as category2_2_,
        clothesinf0_.categorys as category3_2_,
        clothesinf0_.fit as fit4_2_,
        clothesinf0_.length as length5_2_ 
    from
        clothes_info clothesinf0_ 
    where
        clothesinf0_.categoryl=? 
        and clothesinf0_.categorys=? 
        and clothesinf0_.length=? 
        and clothesinf0_.fit=?
test.jpg
C:\Users\user1\betweenourclothes\images\closets\closets-5cf7716b-e5c8-48c2-a9c0-e90365f39236.jpg
Hibernate: 
    insert 
    into
        clothes_image
        (closets_post_id, path, stores_post_id, type) 
    values
        (?, ?, ?, ?)
test.jpg
C:\Users\user1\betweenourclothes\images\closets\closets-2eb1582f-f076-4da8-8964-83d7e837267c.jpg
Hibernate: 
    insert 
    into
        clothes_image
        (closets_post_id, path, stores_post_id, type) 
    values
        (?, ?, ?, ?)
Hibernate: 
    insert 
    into
        closets
        (created_date, modified_date, author_id, clothes_info_id, colors_name, materials_name, style_name) 
    values
        (?, ?, ?, ?, ?, ?, ?)
Hibernate: 
    update
        clothes_image 
    set
        closets_post_id=?,
        path=?,
        stores_post_id=?,
        type=? 
    where
        id=?
Hibernate: 
    update
        clothes_image 
    set
        closets_post_id=?,
        path=?,
        stores_post_id=?,
        type=? 
    where
        id=?
gunsong2@naver.com
Hibernate: 
    select
        members0_.id as id1_6_,
        members0_.email as email2_6_,
        members0_.image as image3_6_,
        members0_.name as name4_6_,
        members0_.nickname as nickname5_6_,
        members0_.password as password6_6_,
        members0_.phone as phone7_6_,
        members0_.refresh_token as refresh_8_6_,
        members0_.role as role9_6_ 
    from
        members members0_ 
    where
        members0_.email=?
Hibernate: 
    select
        style0_.id as id1_14_,
        style0_.name as name2_14_ 
    from
        style style0_ 
    where
        style0_.name=?
Hibernate: 
    select
        materials0_.id as id1_5_,
        materials0_.name as name2_5_ 
    from
        materials materials0_ 
    where
        materials0_.name=?
Hibernate: 
    select
        colors0_.id as id1_4_,
        colors0_.name as name2_4_ 
    from
        colors colors0_ 
    where
        colors0_.name=?
Hibernate: 
    select
        clothesinf0_.id as id1_2_,
        clothesinf0_.categoryl as category2_2_,
        clothesinf0_.categorys as category3_2_,
        clothesinf0_.fit as fit4_2_,
        clothesinf0_.length as length5_2_ 
    from
        clothes_info clothesinf0_ 
    where
        clothesinf0_.categoryl=? 
        and clothesinf0_.categorys=? 
        and clothesinf0_.length=? 
        and clothesinf0_.fit=?
test.jpg
C:\Users\user1\betweenourclothes\images\closets\closets-d425ca31-79b0-4607-9892-dd30c8a873ec.jpg
Hibernate: 
    insert 
    into
        clothes_image
        (closets_post_id, path, stores_post_id, type) 
    values
        (?, ?, ?, ?)
test.jpg
C:\Users\user1\betweenourclothes\images\closets\closets-f764de21-0321-4c67-b6c8-f2e8291e066f.jpg
Hibernate: 
    insert 
    into
        clothes_image
        (closets_post_id, path, stores_post_id, type) 
    values
        (?, ?, ?, ?)
Hibernate: 
    insert 
    into
        closets
        (created_date, modified_date, author_id, clothes_info_id, colors_name, materials_name, style_name) 
    values
        (?, ?, ?, ?, ?, ?, ?)
Hibernate: 
    update
        clothes_image 
    set
        closets_post_id=?,
        path=?,
        stores_post_id=?,
        type=? 
    where
        id=?
Hibernate: 
    update
        clothes_image 
    set
        closets_post_id=?,
        path=?,
        stores_post_id=?,
        type=? 
    where
        id=?
gunsong2@naver.com
Hibernate: 
    select
        members0_.id as id1_6_,
        members0_.email as email2_6_,
        members0_.image as image3_6_,
        members0_.name as name4_6_,
        members0_.nickname as nickname5_6_,
        members0_.password as password6_6_,
        members0_.phone as phone7_6_,
        members0_.refresh_token as refresh_8_6_,
        members0_.role as role9_6_ 
    from
        members members0_ 
    where
        members0_.email=?
Hibernate: 
    select
        style0_.id as id1_14_,
        style0_.name as name2_14_ 
    from
        style style0_ 
    where
        style0_.name=?
Hibernate: 
    select
        materials0_.id as id1_5_,
        materials0_.name as name2_5_ 
    from
        materials materials0_ 
    where
        materials0_.name=?
Hibernate: 
    select
        colors0_.id as id1_4_,
        colors0_.name as name2_4_ 
    from
        colors colors0_ 
    where
        colors0_.name=?
Hibernate: 
    select
        clothesinf0_.id as id1_2_,
        clothesinf0_.categoryl as category2_2_,
        clothesinf0_.categorys as category3_2_,
        clothesinf0_.fit as fit4_2_,
        clothesinf0_.length as length5_2_ 
    from
        clothes_info clothesinf0_ 
    where
        clothesinf0_.categoryl=? 
        and clothesinf0_.categorys=? 
        and clothesinf0_.length=? 
        and clothesinf0_.fit=?
test.jpg
C:\Users\user1\betweenourclothes\images\closets\closets-08828e20-72fa-4fa1-a74d-37a01a3c4737.jpg
Hibernate: 
    insert 
    into
        clothes_image
        (closets_post_id, path, stores_post_id, type) 
    values
        (?, ?, ?, ?)
test.jpg
C:\Users\user1\betweenourclothes\images\closets\closets-d6da2d09-060b-4ece-99c5-8eaf650f7ae2.jpg
Hibernate: 
    insert 
    into
        clothes_image
        (closets_post_id, path, stores_post_id, type) 
    values
        (?, ?, ?, ?)
Hibernate: 
    insert 
    into
        closets
        (created_date, modified_date, author_id, clothes_info_id, colors_name, materials_name, style_name) 
    values
        (?, ?, ?, ?, ?, ?, ?)
Hibernate: 
    update
        clothes_image 
    set
        closets_post_id=?,
        path=?,
        stores_post_id=?,
        type=? 
    where
        id=?
Hibernate: 
    update
        clothes_image 
    set
        closets_post_id=?,
        path=?,
        stores_post_id=?,
        type=? 
    where
        id=?
gunsong2@naver.com
Hibernate: 
    select
        members0_.id as id1_6_,
        members0_.email as email2_6_,
        members0_.image as image3_6_,
        members0_.name as name4_6_,
        members0_.nickname as nickname5_6_,
        members0_.password as password6_6_,
        members0_.phone as phone7_6_,
        members0_.refresh_token as refresh_8_6_,
        members0_.role as role9_6_ 
    from
        members members0_ 
    where
        members0_.email=?
Hibernate: 
    select
        style0_.id as id1_14_,
        style0_.name as name2_14_ 
    from
        style style0_ 
    where
        style0_.name=?
Hibernate: 
    select
        materials0_.id as id1_5_,
        materials0_.name as name2_5_ 
    from
        materials materials0_ 
    where
        materials0_.name=?
Hibernate: 
    select
        colors0_.id as id1_4_,
        colors0_.name as name2_4_ 
    from
        colors colors0_ 
    where
        colors0_.name=?
Hibernate: 
    select
        clothesinf0_.id as id1_2_,
        clothesinf0_.categoryl as category2_2_,
        clothesinf0_.categorys as category3_2_,
        clothesinf0_.fit as fit4_2_,
        clothesinf0_.length as length5_2_ 
    from
        clothes_info clothesinf0_ 
    where
        clothesinf0_.categoryl=? 
        and clothesinf0_.categorys=? 
        and clothesinf0_.length=? 
        and clothesinf0_.fit=?
test.jpg
C:\Users\user1\betweenourclothes\images\closets\closets-073b309f-e081-4a76-878e-b1926e30a5c4.jpg
Hibernate: 
    insert 
    into
        clothes_image
        (closets_post_id, path, stores_post_id, type) 
    values
        (?, ?, ?, ?)
test.jpg
C:\Users\user1\betweenourclothes\images\closets\closets-8c40dd03-a1b6-47dd-9990-0e0165aa93ba.jpg
Hibernate: 
    insert 
    into
        clothes_image
        (closets_post_id, path, stores_post_id, type) 
    values
        (?, ?, ?, ?)
Hibernate: 
    insert 
    into
        closets
        (created_date, modified_date, author_id, clothes_info_id, colors_name, materials_name, style_name) 
    values
        (?, ?, ?, ?, ?, ?, ?)
Hibernate: 
    update
        clothes_image 
    set
        closets_post_id=?,
        path=?,
        stores_post_id=?,
        type=? 
    where
        id=?
Hibernate: 
    update
        clothes_image 
    set
        closets_post_id=?,
        path=?,
        stores_post_id=?,
        type=? 
    where
        id=?
Hibernate: 
    select
        closets0_.id as id1_1_,
        closets0_.created_date as created_2_1_,
        closets0_.modified_date as modified3_1_,
        closets0_.author_id as author_i4_1_,
        closets0_.clothes_info_id as clothes_5_1_,
        closets0_.colors_name as colors_n6_1_,
        closets0_.materials_name as material7_1_,
        closets0_.style_name as style_na8_1_ 
    from
        closets closets0_
Hibernate: 
    select
        members0_.id as id1_6_0_,
        members0_.email as email2_6_0_,
        members0_.image as image3_6_0_,
        members0_.name as name4_6_0_,
        members0_.nickname as nickname5_6_0_,
        members0_.password as password6_6_0_,
        members0_.phone as phone7_6_0_,
        members0_.refresh_token as refresh_8_6_0_,
        members0_.role as role9_6_0_ 
    from
        members members0_ 
    where
        members0_.id=?
Hibernate: 
    select
        clothesinf0_.id as id1_2_0_,
        clothesinf0_.categoryl as category2_2_0_,
        clothesinf0_.categorys as category3_2_0_,
        clothesinf0_.fit as fit4_2_0_,
        clothesinf0_.length as length5_2_0_ 
    from
        clothes_info clothesinf0_ 
    where
        clothesinf0_.id=?
Hibernate: 
    select
        colors0_.id as id1_4_0_,
        colors0_.name as name2_4_0_ 
    from
        colors colors0_ 
    where
        colors0_.name=?
Hibernate: 
    select
        materials0_.id as id1_5_0_,
        materials0_.name as name2_5_0_ 
    from
        materials materials0_ 
    where
        materials0_.name=?
Hibernate: 
    select
        style0_.id as id1_14_0_,
        style0_.name as name2_14_0_ 
    from
        style style0_ 
    where
        style0_.name=?
Hibernate: 
    select
        clothesinf0_.id as id1_2_0_,
        clothesinf0_.categoryl as category2_2_0_,
        clothesinf0_.categorys as category3_2_0_,
        clothesinf0_.fit as fit4_2_0_,
        clothesinf0_.length as length5_2_0_ 
    from
        clothes_info clothesinf0_ 
    where
        clothesinf0_.id=?
Hibernate: 
    select
        colors0_.id as id1_4_0_,
        colors0_.name as name2_4_0_ 
    from
        colors colors0_ 
    where
        colors0_.name=?
Hibernate: 
    select
        materials0_.id as id1_5_0_,
        materials0_.name as name2_5_0_ 
    from
        materials materials0_ 
    where
        materials0_.name=?
Hibernate: 
    select
        style0_.id as id1_14_0_,
        style0_.name as name2_14_0_ 
    from
        style style0_ 
    where
        style0_.name=?
Hibernate: 
    select
        clothesinf0_.id as id1_2_0_,
        clothesinf0_.categoryl as category2_2_0_,
        clothesinf0_.categorys as category3_2_0_,
        clothesinf0_.fit as fit4_2_0_,
        clothesinf0_.length as length5_2_0_ 
    from
        clothes_info clothesinf0_ 
    where
        clothesinf0_.id=?
Hibernate: 
    select
        colors0_.id as id1_4_0_,
        colors0_.name as name2_4_0_ 
    from
        colors colors0_ 
    where
        colors0_.name=?
Hibernate: 
    select
        materials0_.id as id1_5_0_,
        materials0_.name as name2_5_0_ 
    from
        materials materials0_ 
    where
        materials0_.name=?
Hibernate: 
    select
        style0_.id as id1_14_0_,
        style0_.name as name2_14_0_ 
    from
        style style0_ 
    where
        style0_.name=?
Hibernate: 
    select
        clothesinf0_.id as id1_2_0_,
        clothesinf0_.categoryl as category2_2_0_,
        clothesinf0_.categorys as category3_2_0_,
        clothesinf0_.fit as fit4_2_0_,
        clothesinf0_.length as length5_2_0_ 
    from
        clothes_info clothesinf0_ 
    where
        clothesinf0_.id=?
Hibernate: 
    select
        colors0_.id as id1_4_0_,
        colors0_.name as name2_4_0_ 
    from
        colors colors0_ 
    where
        colors0_.name=?
Hibernate: 
    select
        materials0_.id as id1_5_0_,
        materials0_.name as name2_5_0_ 
    from
        materials materials0_ 
    where
        materials0_.name=?
Hibernate: 
    select
        style0_.id as id1_14_0_,
        style0_.name as name2_14_0_ 
    from
        style style0_ 
    where
        style0_.name=?
Hibernate: 
    select
        clothesinf0_.id as id1_2_0_,
        clothesinf0_.categoryl as category2_2_0_,
        clothesinf0_.categorys as category3_2_0_,
        clothesinf0_.fit as fit4_2_0_,
        clothesinf0_.length as length5_2_0_ 
    from
        clothes_info clothesinf0_ 
    where
        clothesinf0_.id=?
Hibernate: 
    select
        materials0_.id as id1_5_0_,
        materials0_.name as name2_5_0_ 
    from
        materials materials0_ 
    where
        materials0_.name=?
Hibernate: 
    select
        style0_.id as id1_14_0_,
        style0_.name as name2_14_0_ 
    from
        style style0_ 
    where
        style0_.name=?
gunsong2@naver.com
Hibernate: 
    select
        members0_.id as id1_6_,
        members0_.email as email2_6_,
        members0_.image as image3_6_,
        members0_.name as name4_6_,
        members0_.nickname as nickname5_6_,
        members0_.password as password6_6_,
        members0_.phone as phone7_6_,
        members0_.refresh_token as refresh_8_6_,
        members0_.role as role9_6_ 
    from
        members members0_ 
    where
        members0_.email=?
Hibernate: 
    select
        closets0_.id as id1_1_0_,
        closets0_.created_date as created_2_1_0_,
        closets0_.modified_date as modified3_1_0_,
        closets0_.author_id as author_i4_1_0_,
        closets0_.clothes_info_id as clothes_5_1_0_,
        closets0_.colors_name as colors_n6_1_0_,
        closets0_.materials_name as material7_1_0_,
        closets0_.style_name as style_na8_1_0_,
        members1_.id as id1_6_1_,
        members1_.email as email2_6_1_,
        members1_.image as image3_6_1_,
        members1_.name as name4_6_1_,
        members1_.nickname as nickname5_6_1_,
        members1_.password as password6_6_1_,
        members1_.phone as phone7_6_1_,
        members1_.refresh_token as refresh_8_6_1_,
        members1_.role as role9_6_1_,
        clothesinf2_.id as id1_2_2_,
        clothesinf2_.categoryl as category2_2_2_,
        clothesinf2_.categorys as category3_2_2_,
        clothesinf2_.fit as fit4_2_2_,
        clothesinf2_.length as length5_2_2_,
        colors3_.id as id1_4_3_,
        colors3_.name as name2_4_3_,
        materials4_.id as id1_5_4_,
        materials4_.name as name2_5_4_,
        style5_.id as id1_14_5_,
        style5_.name as name2_14_5_ 
    from
        closets closets0_ 
    left outer join
        members members1_ 
            on closets0_.author_id=members1_.id 
    left outer join
        clothes_info clothesinf2_ 
            on closets0_.clothes_info_id=clothesinf2_.id 
    left outer join
        colors colors3_ 
            on closets0_.colors_name=colors3_.name 
    left outer join
        materials materials4_ 
            on closets0_.materials_name=materials4_.name 
    left outer join
        style style5_ 
            on closets0_.style_name=style5_.name 
    where
        closets0_.id=?
Hibernate: 
    select
        images0_.closets_post_id as closets_4_3_0_,
        images0_.id as id1_3_0_,
        images0_.id as id1_3_1_,
        images0_.closets_post_id as closets_4_3_1_,
        images0_.path as path2_3_1_,
        images0_.stores_post_id as stores_p5_3_1_,
        images0_.type as type3_3_1_,
        stores1_.id as id1_12_2_,
        stores1_.created_date as created_2_12_2_,
        stores1_.modified_date as modified3_12_2_,
        stores1_.author_id as author_i9_12_2_,
        stores1_.clothes_info_id as clothes10_12_2_,
        stores1_.colors_name as colors_11_12_2_,
        stores1_.materials_name as materia12_12_2_,
        stores1_.style_name as style_n13_12_2_,
        stores1_.clothes_length as clothes_4_12_2_,
        stores1_.content as content5_12_2_,
        stores1_.price as price6_12_2_,
        stores1_.sales_info_clothes_id as sales_i14_12_2_,
        stores1_.sales_info_status_id as sales_i15_12_2_,
        stores1_.sales_info_user_id as sales_i16_12_2_,
        stores1_.status as status7_12_2_,
        stores1_.title as title8_12_2_,
        members2_.id as id1_6_3_,
        members2_.email as email2_6_3_,
        members2_.image as image3_6_3_,
        members2_.name as name4_6_3_,
        members2_.nickname as nickname5_6_3_,
        members2_.password as password6_6_3_,
        members2_.phone as phone7_6_3_,
        members2_.refresh_token as refresh_8_6_3_,
        members2_.role as role9_6_3_,
        clothesinf3_.id as id1_2_4_,
        clothesinf3_.categoryl as category2_2_4_,
        clothesinf3_.categorys as category3_2_4_,
        clothesinf3_.fit as fit4_2_4_,
        clothesinf3_.length as length5_2_4_,
        colors4_.id as id1_4_5_,
        colors4_.name as name2_4_5_,
        materials5_.id as id1_5_6_,
        materials5_.name as name2_5_6_,
        style6_.id as id1_14_7_,
        style6_.name as name2_14_7_,
        salesinfoc7_.id as id1_9_8_,
        salesinfoc7_.clothes_brand as clothes_2_9_8_,
        salesinfoc7_.clothes_color as clothes_3_9_8_,
        salesinfoc7_.clothes_gender as clothes_4_9_8_,
        salesinfoc7_.clothes_size as clothes_5_9_8_,
        salesinfos8_.id as id1_10_9_,
        salesinfos8_.status_score as status_s2_10_9_,
        salesinfos8_.status_tag as status_t3_10_9_,
        salesinfos8_.status_times as status_t4_10_9_,
        salesinfos8_.status_when2buy as status_w5_10_9_,
        salesinfos8_.transport as transpor6_10_9_,
        salesinfou9_.id as id1_11_10_,
        salesinfou9_.user_height as user_hei2_11_10_,
        salesinfou9_.user_size as user_siz3_11_10_,
        salesinfou9_.user_weight as user_wei4_11_10_ 
    from
        clothes_image images0_ 
    left outer join
        stores stores1_ 
            on images0_.stores_post_id=stores1_.id 
    left outer join
        members members2_ 
            on stores1_.author_id=members2_.id 
    left outer join
        clothes_info clothesinf3_ 
            on stores1_.clothes_info_id=clothesinf3_.id 
    left outer join
        colors colors4_ 
            on stores1_.colors_name=colors4_.name 
    left outer join
        materials materials5_ 
            on stores1_.materials_name=materials5_.name 
    left outer join
        style style6_ 
            on stores1_.style_name=style6_.name 
    left outer join
        sales_info_clothes salesinfoc7_ 
            on stores1_.sales_info_clothes_id=salesinfoc7_.id 
    left outer join
        sales_info_status salesinfos8_ 
            on stores1_.sales_info_status_id=salesinfos8_.id 
    left outer join
        sales_info_user salesinfou9_ 
            on stores1_.sales_info_user_id=salesinfou9_.id 
    where
        images0_.closets_post_id=?
Hibernate: 
    select
        recomms0_.closets_id as closets_4_8_0_,
        recomms0_.id as id1_8_0_,
        recomms0_.id as id1_8_1_,
        recomms0_.created_date as created_2_8_1_,
        recomms0_.modified_date as modified3_8_1_,
        recomms0_.closets_id as closets_4_8_1_,
        recomms0_.stores_id as stores_i5_8_1_,
        stores1_.id as id1_12_2_,
        stores1_.created_date as created_2_12_2_,
        stores1_.modified_date as modified3_12_2_,
        stores1_.author_id as author_i9_12_2_,
        stores1_.clothes_info_id as clothes10_12_2_,
        stores1_.colors_name as colors_11_12_2_,
        stores1_.materials_name as materia12_12_2_,
        stores1_.style_name as style_n13_12_2_,
        stores1_.clothes_length as clothes_4_12_2_,
        stores1_.content as content5_12_2_,
        stores1_.price as price6_12_2_,
        stores1_.sales_info_clothes_id as sales_i14_12_2_,
        stores1_.sales_info_status_id as sales_i15_12_2_,
        stores1_.sales_info_user_id as sales_i16_12_2_,
        stores1_.status as status7_12_2_,
        stores1_.title as title8_12_2_,
        members2_.id as id1_6_3_,
        members2_.email as email2_6_3_,
        members2_.image as image3_6_3_,
        members2_.name as name4_6_3_,
        members2_.nickname as nickname5_6_3_,
        members2_.password as password6_6_3_,
        members2_.phone as phone7_6_3_,
        members2_.refresh_token as refresh_8_6_3_,
        members2_.role as role9_6_3_,
        clothesinf3_.id as id1_2_4_,
        clothesinf3_.categoryl as category2_2_4_,
        clothesinf3_.categorys as category3_2_4_,
        clothesinf3_.fit as fit4_2_4_,
        clothesinf3_.length as length5_2_4_,
        colors4_.id as id1_4_5_,
        colors4_.name as name2_4_5_,
        materials5_.id as id1_5_6_,
        materials5_.name as name2_5_6_,
        style6_.id as id1_14_7_,
        style6_.name as name2_14_7_,
        salesinfoc7_.id as id1_9_8_,
        salesinfoc7_.clothes_brand as clothes_2_9_8_,
        salesinfoc7_.clothes_color as clothes_3_9_8_,
        salesinfoc7_.clothes_gender as clothes_4_9_8_,
        salesinfoc7_.clothes_size as clothes_5_9_8_,
        salesinfos8_.id as id1_10_9_,
        salesinfos8_.status_score as status_s2_10_9_,
        salesinfos8_.status_tag as status_t3_10_9_,
        salesinfos8_.status_times as status_t4_10_9_,
        salesinfos8_.status_when2buy as status_w5_10_9_,
        salesinfos8_.transport as transpor6_10_9_,
        salesinfou9_.id as id1_11_10_,
        salesinfou9_.user_height as user_hei2_11_10_,
        salesinfou9_.user_size as user_siz3_11_10_,
        salesinfou9_.user_weight as user_wei4_11_10_ 
    from
        recomm recomms0_ 
    left outer join
        stores stores1_ 
            on recomms0_.stores_id=stores1_.id 
    left outer join
        members members2_ 
            on stores1_.author_id=members2_.id 
    left outer join
        clothes_info clothesinf3_ 
            on stores1_.clothes_info_id=clothesinf3_.id 
    left outer join
        colors colors4_ 
            on stores1_.colors_name=colors4_.name 
    left outer join
        materials materials5_ 
            on stores1_.materials_name=materials5_.name 
    left outer join
        style style6_ 
            on stores1_.style_name=style6_.name 
    left outer join
        sales_info_clothes salesinfoc7_ 
            on stores1_.sales_info_clothes_id=salesinfoc7_.id 
    left outer join
        sales_info_status salesinfos8_ 
            on stores1_.sales_info_status_id=salesinfos8_.id 
    left outer join
        sales_info_user salesinfou9_ 
            on stores1_.sales_info_user_id=salesinfou9_.id 
    where
        recomms0_.closets_id=?
Hibernate: 
    delete 
    from
        clothes_image 
    where
        id=?
Hibernate: 
    delete 
    from
        clothes_image 
    where
        id=?
Hibernate: 
    delete 
    from
        closets 
    where
        id=?
삭제 완료
Hibernate: 
    select
        clothesima0_.id as id1_3_,
        clothesima0_.closets_post_id as closets_4_3_,
        clothesima0_.path as path2_3_,
        clothesima0_.stores_post_id as stores_p5_3_,
        clothesima0_.type as type3_3_ 
    from
        clothes_image clothesima0_
Hibernate: 
    select
        closets0_.id as id1_1_0_,
        closets0_.created_date as created_2_1_0_,
        closets0_.modified_date as modified3_1_0_,
        closets0_.author_id as author_i4_1_0_,
        closets0_.clothes_info_id as clothes_5_1_0_,
        closets0_.colors_name as colors_n6_1_0_,
        closets0_.materials_name as material7_1_0_,
        closets0_.style_name as style_na8_1_0_,
        members1_.id as id1_6_1_,
        members1_.email as email2_6_1_,
        members1_.image as image3_6_1_,
        members1_.name as name4_6_1_,
        members1_.nickname as nickname5_6_1_,
        members1_.password as password6_6_1_,
        members1_.phone as phone7_6_1_,
        members1_.refresh_token as refresh_8_6_1_,
        members1_.role as role9_6_1_,
        clothesinf2_.id as id1_2_2_,
        clothesinf2_.categoryl as category2_2_2_,
        clothesinf2_.categorys as category3_2_2_,
        clothesinf2_.fit as fit4_2_2_,
        clothesinf2_.length as length5_2_2_,
        colors3_.id as id1_4_3_,
        colors3_.name as name2_4_3_,
        materials4_.id as id1_5_4_,
        materials4_.name as name2_5_4_,
        style5_.id as id1_14_5_,
        style5_.name as name2_14_5_ 
    from
        closets closets0_ 
    left outer join
        members members1_ 
            on closets0_.author_id=members1_.id 
    left outer join
        clothes_info clothesinf2_ 
            on closets0_.clothes_info_id=clothesinf2_.id 
    left outer join
        colors colors3_ 
            on closets0_.colors_name=colors3_.name 
    left outer join
        materials materials4_ 
            on closets0_.materials_name=materials4_.name 
    left outer join
        style style5_ 
            on closets0_.style_name=style5_.name 
    where
        closets0_.id=?
Hibernate: 
    select
        closets0_.id as id1_1_0_,
        closets0_.created_date as created_2_1_0_,
        closets0_.modified_date as modified3_1_0_,
        closets0_.author_id as author_i4_1_0_,
        closets0_.clothes_info_id as clothes_5_1_0_,
        closets0_.colors_name as colors_n6_1_0_,
        closets0_.materials_name as material7_1_0_,
        closets0_.style_name as style_na8_1_0_,
        members1_.id as id1_6_1_,
        members1_.email as email2_6_1_,
        members1_.image as image3_6_1_,
        members1_.name as name4_6_1_,
        members1_.nickname as nickname5_6_1_,
        members1_.password as password6_6_1_,
        members1_.phone as phone7_6_1_,
        members1_.refresh_token as refresh_8_6_1_,
        members1_.role as role9_6_1_,
        clothesinf2_.id as id1_2_2_,
        clothesinf2_.categoryl as category2_2_2_,
        clothesinf2_.categorys as category3_2_2_,
        clothesinf2_.fit as fit4_2_2_,
        clothesinf2_.length as length5_2_2_,
        colors3_.id as id1_4_3_,
        colors3_.name as name2_4_3_,
        materials4_.id as id1_5_4_,
        materials4_.name as name2_5_4_,
        style5_.id as id1_14_5_,
        style5_.name as name2_14_5_ 
    from
        closets closets0_ 
    left outer join
        members members1_ 
            on closets0_.author_id=members1_.id 
    left outer join
        clothes_info clothesinf2_ 
            on closets0_.clothes_info_id=clothesinf2_.id 
    left outer join
        colors colors3_ 
            on closets0_.colors_name=colors3_.name 
    left outer join
        materials materials4_ 
            on closets0_.materials_name=materials4_.name 
    left outer join
        style style5_ 
            on closets0_.style_name=style5_.name 
    where
        closets0_.id=?
Hibernate: 
    select
        closets0_.id as id1_1_0_,
        closets0_.created_date as created_2_1_0_,
        closets0_.modified_date as modified3_1_0_,
        closets0_.author_id as author_i4_1_0_,
        closets0_.clothes_info_id as clothes_5_1_0_,
        closets0_.colors_name as colors_n6_1_0_,
        closets0_.materials_name as material7_1_0_,
        closets0_.style_name as style_na8_1_0_,
        members1_.id as id1_6_1_,
        members1_.email as email2_6_1_,
        members1_.image as image3_6_1_,
        members1_.name as name4_6_1_,
        members1_.nickname as nickname5_6_1_,
        members1_.password as password6_6_1_,
        members1_.phone as phone7_6_1_,
        members1_.refresh_token as refresh_8_6_1_,
        members1_.role as role9_6_1_,
        clothesinf2_.id as id1_2_2_,
        clothesinf2_.categoryl as category2_2_2_,
        clothesinf2_.categorys as category3_2_2_,
        clothesinf2_.fit as fit4_2_2_,
        clothesinf2_.length as length5_2_2_,
        colors3_.id as id1_4_3_,
        colors3_.name as name2_4_3_,
        materials4_.id as id1_5_4_,
        materials4_.name as name2_5_4_,
        style5_.id as id1_14_5_,
        style5_.name as name2_14_5_ 
    from
        closets closets0_ 
    left outer join
        members members1_ 
            on closets0_.author_id=members1_.id 
    left outer join
        clothes_info clothesinf2_ 
            on closets0_.clothes_info_id=clothesinf2_.id 
    left outer join
        colors colors3_ 
            on closets0_.colors_name=colors3_.name 
    left outer join
        materials materials4_ 
            on closets0_.materials_name=materials4_.name 
    left outer join
        style style5_ 
            on closets0_.style_name=style5_.name 
    where
        closets0_.id=?
Hibernate: 
    select
        closets0_.id as id1_1_0_,
        closets0_.created_date as created_2_1_0_,
        closets0_.modified_date as modified3_1_0_,
        closets0_.author_id as author_i4_1_0_,
        closets0_.clothes_info_id as clothes_5_1_0_,
        closets0_.colors_name as colors_n6_1_0_,
        closets0_.materials_name as material7_1_0_,
        closets0_.style_name as style_na8_1_0_,
        members1_.id as id1_6_1_,
        members1_.email as email2_6_1_,
        members1_.image as image3_6_1_,
        members1_.name as name4_6_1_,
        members1_.nickname as nickname5_6_1_,
        members1_.password as password6_6_1_,
        members1_.phone as phone7_6_1_,
        members1_.refresh_token as refresh_8_6_1_,
        members1_.role as role9_6_1_,
        clothesinf2_.id as id1_2_2_,
        clothesinf2_.categoryl as category2_2_2_,
        clothesinf2_.categorys as category3_2_2_,
        clothesinf2_.fit as fit4_2_2_,
        clothesinf2_.length as length5_2_2_,
        colors3_.id as id1_4_3_,
        colors3_.name as name2_4_3_,
        materials4_.id as id1_5_4_,
        materials4_.name as name2_5_4_,
        style5_.id as id1_14_5_,
        style5_.name as name2_14_5_ 
    from
        closets closets0_ 
    left outer join
        members members1_ 
            on closets0_.author_id=members1_.id 
    left outer join
        clothes_info clothesinf2_ 
            on closets0_.clothes_info_id=clothesinf2_.id 
    left outer join
        colors colors3_ 
            on closets0_.colors_name=colors3_.name 
    left outer join
        materials materials4_ 
            on closets0_.materials_name=materials4_.name 
    left outer join
        style style5_ 
            on closets0_.style_name=style5_.name 
    where
        closets0_.id=?
Hibernate: 
    delete 
    from
        clothes_image
Hibernate: 
    delete 
    from
        closets
Hibernate: 
    select
        members0_.id as id1_6_,
        members0_.email as email2_6_,
        members0_.image as image3_6_,
        members0_.name as name4_6_,
        members0_.nickname as nickname5_6_,
        members0_.password as password6_6_,
        members0_.phone as phone7_6_,
        members0_.refresh_token as refresh_8_6_,
        members0_.role as role9_6_ 
    from
        members members0_ 
    where
        members0_.email=?
Hibernate: 
    select
        members0_.id as id1_6_,
        members0_.email as email2_6_,
        members0_.image as image3_6_,
        members0_.name as name4_6_,
        members0_.nickname as nickname5_6_,
        members0_.password as password6_6_,
        members0_.phone as phone7_6_,
        members0_.refresh_token as refresh_8_6_,
        members0_.role as role9_6_ 
    from
        members members0_ 
    where
        members0_.email=?
Hibernate: 
    update
        members 
    set
        email=?,
        image=?,
        name=?,
        nickname=?,
        password=?,
        phone=?,
        refresh_token=?,
        role=? 
    where
        id=?
2022-11-15 21:30:55.165  INFO 20908 --- [    Test worker] o.a.c.c.C.[Tomcat].[localhost].[/]       : Initializing Spring TestDispatcherServlet ''
2022-11-15 21:30:55.165  INFO 20908 --- [    Test worker] o.s.t.web.servlet.TestDispatcherServlet  : Initializing Servlet ''
2022-11-15 21:30:55.171  INFO 20908 --- [    Test worker] o.s.t.web.servlet.TestDispatcherServlet  : Completed initialization in 6 ms
gunsong2@naver.com
Hibernate: 
    select
        members0_.id as id1_6_,
        members0_.email as email2_6_,
        members0_.image as image3_6_,
        members0_.name as name4_6_,
        members0_.nickname as nickname5_6_,
        members0_.password as password6_6_,
        members0_.phone as phone7_6_,
        members0_.refresh_token as refresh_8_6_,
        members0_.role as role9_6_ 
    from
        members members0_ 
    where
        members0_.email=?
Hibernate: 
    select
        style0_.id as id1_14_,
        style0_.name as name2_14_ 
    from
        style style0_ 
    where
        style0_.name=?
Hibernate: 
    select
        materials0_.id as id1_5_,
        materials0_.name as name2_5_ 
    from
        materials materials0_ 
    where
        materials0_.name=?
Hibernate: 
    select
        colors0_.id as id1_4_,
        colors0_.name as name2_4_ 
    from
        colors colors0_ 
    where
        colors0_.name=?
Hibernate: 
    select
        clothesinf0_.id as id1_2_,
        clothesinf0_.categoryl as category2_2_,
        clothesinf0_.categorys as category3_2_,
        clothesinf0_.fit as fit4_2_,
        clothesinf0_.length as length5_2_ 
    from
        clothes_info clothesinf0_ 
    where
        clothesinf0_.categoryl=? 
        and clothesinf0_.categorys=? 
        and clothesinf0_.length=? 
        and clothesinf0_.fit=?
test.jpg
C:\Users\user1\betweenourclothes\images\closets\closets-5a36b9d9-6de4-4ebe-90a2-c80cea5d95d0.jpg
Hibernate: 
    insert 
    into
        clothes_image
        (closets_post_id, path, stores_post_id, type) 
    values
        (?, ?, ?, ?)
test.jpg
C:\Users\user1\betweenourclothes\images\closets\closets-684c1d52-7faa-4f65-9b91-69fa0f946127.jpg
Hibernate: 
    insert 
    into
        clothes_image
        (closets_post_id, path, stores_post_id, type) 
    values
        (?, ?, ?, ?)
Hibernate: 
    insert 
    into
        closets
        (created_date, modified_date, author_id, clothes_info_id, colors_name, materials_name, style_name) 
    values
        (?, ?, ?, ?, ?, ?, ?)
Hibernate: 
    update
        clothes_image 
    set
        closets_post_id=?,
        path=?,
        stores_post_id=?,
        type=? 
    where
        id=?
Hibernate: 
    update
        clothes_image 
    set
        closets_post_id=?,
        path=?,
        stores_post_id=?,
        type=? 
    where
        id=?
gunsong2@naver.com
Hibernate: 
    select
        members0_.id as id1_6_,
        members0_.email as email2_6_,
        members0_.image as image3_6_,
        members0_.name as name4_6_,
        members0_.nickname as nickname5_6_,
        members0_.password as password6_6_,
        members0_.phone as phone7_6_,
        members0_.refresh_token as refresh_8_6_,
        members0_.role as role9_6_ 
    from
        members members0_ 
    where
        members0_.email=?
Hibernate: 
    select
        style0_.id as id1_14_,
        style0_.name as name2_14_ 
    from
        style style0_ 
    where
        style0_.name=?
Hibernate: 
    select
        materials0_.id as id1_5_,
        materials0_.name as name2_5_ 
    from
        materials materials0_ 
    where
        materials0_.name=?
Hibernate: 
    select
        colors0_.id as id1_4_,
        colors0_.name as name2_4_ 
    from
        colors colors0_ 
    where
        colors0_.name=?
Hibernate: 
    select
        clothesinf0_.id as id1_2_,
        clothesinf0_.categoryl as category2_2_,
        clothesinf0_.categorys as category3_2_,
        clothesinf0_.fit as fit4_2_,
        clothesinf0_.length as length5_2_ 
    from
        clothes_info clothesinf0_ 
    where
        clothesinf0_.categoryl=? 
        and clothesinf0_.categorys=? 
        and clothesinf0_.length=? 
        and clothesinf0_.fit=?
test.jpg
C:\Users\user1\betweenourclothes\images\closets\closets-fba9466e-79a8-4804-a98b-0540910d01dc.jpg
Hibernate: 
    insert 
    into
        clothes_image
        (closets_post_id, path, stores_post_id, type) 
    values
        (?, ?, ?, ?)
test.jpg
C:\Users\user1\betweenourclothes\images\closets\closets-3129942b-4454-4be5-bbc3-386067b32a7d.jpg
Hibernate: 
    insert 
    into
        clothes_image
        (closets_post_id, path, stores_post_id, type) 
    values
        (?, ?, ?, ?)
Hibernate: 
    insert 
    into
        closets
        (created_date, modified_date, author_id, clothes_info_id, colors_name, materials_name, style_name) 
    values
        (?, ?, ?, ?, ?, ?, ?)
Hibernate: 
    update
        clothes_image 
    set
        closets_post_id=?,
        path=?,
        stores_post_id=?,
        type=? 
    where
        id=?
Hibernate: 
    update
        clothes_image 
    set
        closets_post_id=?,
        path=?,
        stores_post_id=?,
        type=? 
    where
        id=?
gunsong2@naver.com
Hibernate: 
    select
        members0_.id as id1_6_,
        members0_.email as email2_6_,
        members0_.image as image3_6_,
        members0_.name as name4_6_,
        members0_.nickname as nickname5_6_,
        members0_.password as password6_6_,
        members0_.phone as phone7_6_,
        members0_.refresh_token as refresh_8_6_,
        members0_.role as role9_6_ 
    from
        members members0_ 
    where
        members0_.email=?
Hibernate: 
    select
        style0_.id as id1_14_,
        style0_.name as name2_14_ 
    from
        style style0_ 
    where
        style0_.name=?
Hibernate: 
    select
        materials0_.id as id1_5_,
        materials0_.name as name2_5_ 
    from
        materials materials0_ 
    where
        materials0_.name=?
Hibernate: 
    select
        colors0_.id as id1_4_,
        colors0_.name as name2_4_ 
    from
        colors colors0_ 
    where
        colors0_.name=?
Hibernate: 
    select
        clothesinf0_.id as id1_2_,
        clothesinf0_.categoryl as category2_2_,
        clothesinf0_.categorys as category3_2_,
        clothesinf0_.fit as fit4_2_,
        clothesinf0_.length as length5_2_ 
    from
        clothes_info clothesinf0_ 
    where
        clothesinf0_.categoryl=? 
        and clothesinf0_.categorys=? 
        and clothesinf0_.length=? 
        and clothesinf0_.fit=?
test.jpg
C:\Users\user1\betweenourclothes\images\closets\closets-5e4ae943-cf6f-4b0d-9561-7eaf7d07b2f6.jpg
Hibernate: 
    insert 
    into
        clothes_image
        (closets_post_id, path, stores_post_id, type) 
    values
        (?, ?, ?, ?)
test.jpg
C:\Users\user1\betweenourclothes\images\closets\closets-c65272f5-2339-4b44-8ee6-1bcb50777544.jpg
Hibernate: 
    insert 
    into
        clothes_image
        (closets_post_id, path, stores_post_id, type) 
    values
        (?, ?, ?, ?)
Hibernate: 
    insert 
    into
        closets
        (created_date, modified_date, author_id, clothes_info_id, colors_name, materials_name, style_name) 
    values
        (?, ?, ?, ?, ?, ?, ?)
Hibernate: 
    update
        clothes_image 
    set
        closets_post_id=?,
        path=?,
        stores_post_id=?,
        type=? 
    where
        id=?
Hibernate: 
    update
        clothes_image 
    set
        closets_post_id=?,
        path=?,
        stores_post_id=?,
        type=? 
    where
        id=?
gunsong2@naver.com
Hibernate: 
    select
        members0_.id as id1_6_,
        members0_.email as email2_6_,
        members0_.image as image3_6_,
        members0_.name as name4_6_,
        members0_.nickname as nickname5_6_,
        members0_.password as password6_6_,
        members0_.phone as phone7_6_,
        members0_.refresh_token as refresh_8_6_,
        members0_.role as role9_6_ 
    from
        members members0_ 
    where
        members0_.email=?
Hibernate: 
    select
        style0_.id as id1_14_,
        style0_.name as name2_14_ 
    from
        style style0_ 
    where
        style0_.name=?
Hibernate: 
    select
        materials0_.id as id1_5_,
        materials0_.name as name2_5_ 
    from
        materials materials0_ 
    where
        materials0_.name=?
Hibernate: 
    select
        colors0_.id as id1_4_,
        colors0_.name as name2_4_ 
    from
        colors colors0_ 
    where
        colors0_.name=?
Hibernate: 
    select
        clothesinf0_.id as id1_2_,
        clothesinf0_.categoryl as category2_2_,
        clothesinf0_.categorys as category3_2_,
        clothesinf0_.fit as fit4_2_,
        clothesinf0_.length as length5_2_ 
    from
        clothes_info clothesinf0_ 
    where
        clothesinf0_.categoryl=? 
        and clothesinf0_.categorys=? 
        and clothesinf0_.length=? 
        and clothesinf0_.fit=?
test.jpg
C:\Users\user1\betweenourclothes\images\closets\closets-62b66263-9abc-4af0-8443-aa060cac632e.jpg
Hibernate: 
    insert 
    into
        clothes_image
        (closets_post_id, path, stores_post_id, type) 
    values
        (?, ?, ?, ?)
test.jpg
C:\Users\user1\betweenourclothes\images\closets\closets-65f4b13e-f529-4314-91ae-51260bb07ed1.jpg
Hibernate: 
    insert 
    into
        clothes_image
        (closets_post_id, path, stores_post_id, type) 
    values
        (?, ?, ?, ?)
Hibernate: 
    insert 
    into
        closets
        (created_date, modified_date, author_id, clothes_info_id, colors_name, materials_name, style_name) 
    values
        (?, ?, ?, ?, ?, ?, ?)
Hibernate: 
    update
        clothes_image 
    set
        closets_post_id=?,
        path=?,
        stores_post_id=?,
        type=? 
    where
        id=?
Hibernate: 
    update
        clothes_image 
    set
        closets_post_id=?,
        path=?,
        stores_post_id=?,
        type=? 
    where
        id=?
gunsong2@naver.com
Hibernate: 
    select
        members0_.id as id1_6_,
        members0_.email as email2_6_,
        members0_.image as image3_6_,
        members0_.name as name4_6_,
        members0_.nickname as nickname5_6_,
        members0_.password as password6_6_,
        members0_.phone as phone7_6_,
        members0_.refresh_token as refresh_8_6_,
        members0_.role as role9_6_ 
    from
        members members0_ 
    where
        members0_.email=?
Hibernate: 
    select
        style0_.id as id1_14_,
        style0_.name as name2_14_ 
    from
        style style0_ 
    where
        style0_.name=?
Hibernate: 
    select
        materials0_.id as id1_5_,
        materials0_.name as name2_5_ 
    from
        materials materials0_ 
    where
        materials0_.name=?
Hibernate: 
    select
        colors0_.id as id1_4_,
        colors0_.name as name2_4_ 
    from
        colors colors0_ 
    where
        colors0_.name=?
Hibernate: 
    select
        clothesinf0_.id as id1_2_,
        clothesinf0_.categoryl as category2_2_,
        clothesinf0_.categorys as category3_2_,
        clothesinf0_.fit as fit4_2_,
        clothesinf0_.length as length5_2_ 
    from
        clothes_info clothesinf0_ 
    where
        clothesinf0_.categoryl=? 
        and clothesinf0_.categorys=? 
        and clothesinf0_.length=? 
        and clothesinf0_.fit=?
test.jpg
C:\Users\user1\betweenourclothes\images\closets\closets-5ed3635d-5e53-483d-b1fc-53c96e0e4dc0.jpg
Hibernate: 
    insert 
    into
        clothes_image
        (closets_post_id, path, stores_post_id, type) 
    values
        (?, ?, ?, ?)
test.jpg
C:\Users\user1\betweenourclothes\images\closets\closets-342064a8-a13e-4e36-97b1-847225aca997.jpg
Hibernate: 
    insert 
    into
        clothes_image
        (closets_post_id, path, stores_post_id, type) 
    values
        (?, ?, ?, ?)
Hibernate: 
    insert 
    into
        closets
        (created_date, modified_date, author_id, clothes_info_id, colors_name, materials_name, style_name) 
    values
        (?, ?, ?, ?, ?, ?, ?)
Hibernate: 
    update
        clothes_image 
    set
        closets_post_id=?,
        path=?,
        stores_post_id=?,
        type=? 
    where
        id=?
Hibernate: 
    update
        clothes_image 
    set
        closets_post_id=?,
        path=?,
        stores_post_id=?,
        type=? 
    where
        id=?
Hibernate: 
    select
        closets0_.id as id1_1_,
        closets0_.created_date as created_2_1_,
        closets0_.modified_date as modified3_1_,
        closets0_.author_id as author_i4_1_,
        closets0_.clothes_info_id as clothes_5_1_,
        closets0_.colors_name as colors_n6_1_,
        closets0_.materials_name as material7_1_,
        closets0_.style_name as style_na8_1_ 
    from
        closets closets0_
Hibernate: 
    select
        members0_.id as id1_6_0_,
        members0_.email as email2_6_0_,
        members0_.image as image3_6_0_,
        members0_.name as name4_6_0_,
        members0_.nickname as nickname5_6_0_,
        members0_.password as password6_6_0_,
        members0_.phone as phone7_6_0_,
        members0_.refresh_token as refresh_8_6_0_,
        members0_.role as role9_6_0_ 
    from
        members members0_ 
    where
        members0_.id=?
Hibernate: 
    select
        clothesinf0_.id as id1_2_0_,
        clothesinf0_.categoryl as category2_2_0_,
        clothesinf0_.categorys as category3_2_0_,
        clothesinf0_.fit as fit4_2_0_,
        clothesinf0_.length as length5_2_0_ 
    from
        clothes_info clothesinf0_ 
    where
        clothesinf0_.id=?
Hibernate: 
    select
        colors0_.id as id1_4_0_,
        colors0_.name as name2_4_0_ 
    from
        colors colors0_ 
    where
        colors0_.name=?
Hibernate: 
    select
        materials0_.id as id1_5_0_,
        materials0_.name as name2_5_0_ 
    from
        materials materials0_ 
    where
        materials0_.name=?
Hibernate: 
    select
        style0_.id as id1_14_0_,
        style0_.name as name2_14_0_ 
    from
        style style0_ 
    where
        style0_.name=?
Hibernate: 
    select
        clothesinf0_.id as id1_2_0_,
        clothesinf0_.categoryl as category2_2_0_,
        clothesinf0_.categorys as category3_2_0_,
        clothesinf0_.fit as fit4_2_0_,
        clothesinf0_.length as length5_2_0_ 
    from
        clothes_info clothesinf0_ 
    where
        clothesinf0_.id=?
Hibernate: 
    select
        colors0_.id as id1_4_0_,
        colors0_.name as name2_4_0_ 
    from
        colors colors0_ 
    where
        colors0_.name=?
Hibernate: 
    select
        materials0_.id as id1_5_0_,
        materials0_.name as name2_5_0_ 
    from
        materials materials0_ 
    where
        materials0_.name=?
Hibernate: 
    select
        style0_.id as id1_14_0_,
        style0_.name as name2_14_0_ 
    from
        style style0_ 
    where
        style0_.name=?
Hibernate: 
    select
        clothesinf0_.id as id1_2_0_,
        clothesinf0_.categoryl as category2_2_0_,
        clothesinf0_.categorys as category3_2_0_,
        clothesinf0_.fit as fit4_2_0_,
        clothesinf0_.length as length5_2_0_ 
    from
        clothes_info clothesinf0_ 
    where
        clothesinf0_.id=?
Hibernate: 
    select
        colors0_.id as id1_4_0_,
        colors0_.name as name2_4_0_ 
    from
        colors colors0_ 
    where
        colors0_.name=?
Hibernate: 
    select
        materials0_.id as id1_5_0_,
        materials0_.name as name2_5_0_ 
    from
        materials materials0_ 
    where
        materials0_.name=?
Hibernate: 
    select
        style0_.id as id1_14_0_,
        style0_.name as name2_14_0_ 
    from
        style style0_ 
    where
        style0_.name=?
Hibernate: 
    select
        clothesinf0_.id as id1_2_0_,
        clothesinf0_.categoryl as category2_2_0_,
        clothesinf0_.categorys as category3_2_0_,
        clothesinf0_.fit as fit4_2_0_,
        clothesinf0_.length as length5_2_0_ 
    from
        clothes_info clothesinf0_ 
    where
        clothesinf0_.id=?
Hibernate: 
    select
        colors0_.id as id1_4_0_,
        colors0_.name as name2_4_0_ 
    from
        colors colors0_ 
    where
        colors0_.name=?
Hibernate: 
    select
        materials0_.id as id1_5_0_,
        materials0_.name as name2_5_0_ 
    from
        materials materials0_ 
    where
        materials0_.name=?
Hibernate: 
    select
        style0_.id as id1_14_0_,
        style0_.name as name2_14_0_ 
    from
        style style0_ 
    where
        style0_.name=?
Hibernate: 
    select
        clothesinf0_.id as id1_2_0_,
        clothesinf0_.categoryl as category2_2_0_,
        clothesinf0_.categorys as category3_2_0_,
        clothesinf0_.fit as fit4_2_0_,
        clothesinf0_.length as length5_2_0_ 
    from
        clothes_info clothesinf0_ 
    where
        clothesinf0_.id=?
Hibernate: 
    select
        materials0_.id as id1_5_0_,
        materials0_.name as name2_5_0_ 
    from
        materials materials0_ 
    where
        materials0_.name=?
Hibernate: 
    select
        style0_.id as id1_14_0_,
        style0_.name as name2_14_0_ 
    from
        style style0_ 
    where
        style0_.name=?
2022-11-15 21:30:55.330  INFO 20908 --- [    Test worker] o.a.c.c.C.[Tomcat].[localhost].[/]       : Initializing Spring TestDispatcherServlet ''
2022-11-15 21:30:55.330  INFO 20908 --- [    Test worker] o.s.t.web.servlet.TestDispatcherServlet  : Initializing Servlet ''
2022-11-15 21:30:55.338  INFO 20908 --- [    Test worker] o.s.t.web.servlet.TestDispatcherServlet  : Completed initialization in 8 ms
gunsong2@naver.com
Hibernate: 
    select
        members0_.id as id1_6_,
        members0_.email as email2_6_,
        members0_.image as image3_6_,
        members0_.name as name4_6_,
        members0_.nickname as nickname5_6_,
        members0_.password as password6_6_,
        members0_.phone as phone7_6_,
        members0_.refresh_token as refresh_8_6_,
        members0_.role as role9_6_ 
    from
        members members0_ 
    where
        members0_.email=?
Hibernate: 
    select
        style0_.id as id1_14_,
        style0_.name as name2_14_ 
    from
        style style0_ 
    where
        style0_.name=?
Hibernate: 
    select
        materials0_.id as id1_5_,
        materials0_.name as name2_5_ 
    from
        materials materials0_ 
    where
        materials0_.name=?
Hibernate: 
    select
        colors0_.id as id1_4_,
        colors0_.name as name2_4_ 
    from
        colors colors0_ 
    where
        colors0_.name=?
Hibernate: 
    select
        clothesinf0_.id as id1_2_,
        clothesinf0_.categoryl as category2_2_,
        clothesinf0_.categorys as category3_2_,
        clothesinf0_.fit as fit4_2_,
        clothesinf0_.length as length5_2_ 
    from
        clothes_info clothesinf0_ 
    where
        clothesinf0_.categoryl=? 
        and clothesinf0_.categorys=? 
        and clothesinf0_.length=? 
        and clothesinf0_.fit=?
Hibernate: 
    select
        closets0_.id as id1_1_0_,
        closets0_.created_date as created_2_1_0_,
        closets0_.modified_date as modified3_1_0_,
        closets0_.author_id as author_i4_1_0_,
        closets0_.clothes_info_id as clothes_5_1_0_,
        closets0_.colors_name as colors_n6_1_0_,
        closets0_.materials_name as material7_1_0_,
        closets0_.style_name as style_na8_1_0_,
        members1_.id as id1_6_1_,
        members1_.email as email2_6_1_,
        members1_.image as image3_6_1_,
        members1_.name as name4_6_1_,
        members1_.nickname as nickname5_6_1_,
        members1_.password as password6_6_1_,
        members1_.phone as phone7_6_1_,
        members1_.refresh_token as refresh_8_6_1_,
        members1_.role as role9_6_1_,
        clothesinf2_.id as id1_2_2_,
        clothesinf2_.categoryl as category2_2_2_,
        clothesinf2_.categorys as category3_2_2_,
        clothesinf2_.fit as fit4_2_2_,
        clothesinf2_.length as length5_2_2_,
        colors3_.id as id1_4_3_,
        colors3_.name as name2_4_3_,
        materials4_.id as id1_5_4_,
        materials4_.name as name2_5_4_,
        style5_.id as id1_14_5_,
        style5_.name as name2_14_5_ 
    from
        closets closets0_ 
    left outer join
        members members1_ 
            on closets0_.author_id=members1_.id 
    left outer join
        clothes_info clothesinf2_ 
            on closets0_.clothes_info_id=clothesinf2_.id 
    left outer join
        colors colors3_ 
            on closets0_.colors_name=colors3_.name 
    left outer join
        materials materials4_ 
            on closets0_.materials_name=materials4_.name 
    left outer join
        style style5_ 
            on closets0_.style_name=style5_.name 
    where
        closets0_.id=?
Hibernate: 
    select
        images0_.closets_post_id as closets_4_3_0_,
        images0_.id as id1_3_0_,
        images0_.id as id1_3_1_,
        images0_.closets_post_id as closets_4_3_1_,
        images0_.path as path2_3_1_,
        images0_.stores_post_id as stores_p5_3_1_,
        images0_.type as type3_3_1_,
        stores1_.id as id1_12_2_,
        stores1_.created_date as created_2_12_2_,
        stores1_.modified_date as modified3_12_2_,
        stores1_.author_id as author_i9_12_2_,
        stores1_.clothes_info_id as clothes10_12_2_,
        stores1_.colors_name as colors_11_12_2_,
        stores1_.materials_name as materia12_12_2_,
        stores1_.style_name as style_n13_12_2_,
        stores1_.clothes_length as clothes_4_12_2_,
        stores1_.content as content5_12_2_,
        stores1_.price as price6_12_2_,
        stores1_.sales_info_clothes_id as sales_i14_12_2_,
        stores1_.sales_info_status_id as sales_i15_12_2_,
        stores1_.sales_info_user_id as sales_i16_12_2_,
        stores1_.status as status7_12_2_,
        stores1_.title as title8_12_2_,
        members2_.id as id1_6_3_,
        members2_.email as email2_6_3_,
        members2_.image as image3_6_3_,
        members2_.name as name4_6_3_,
        members2_.nickname as nickname5_6_3_,
        members2_.password as password6_6_3_,
        members2_.phone as phone7_6_3_,
        members2_.refresh_token as refresh_8_6_3_,
        members2_.role as role9_6_3_,
        clothesinf3_.id as id1_2_4_,
        clothesinf3_.categoryl as category2_2_4_,
        clothesinf3_.categorys as category3_2_4_,
        clothesinf3_.fit as fit4_2_4_,
        clothesinf3_.length as length5_2_4_,
        colors4_.id as id1_4_5_,
        colors4_.name as name2_4_5_,
        materials5_.id as id1_5_6_,
        materials5_.name as name2_5_6_,
        style6_.id as id1_14_7_,
        style6_.name as name2_14_7_,
        salesinfoc7_.id as id1_9_8_,
        salesinfoc7_.clothes_brand as clothes_2_9_8_,
        salesinfoc7_.clothes_color as clothes_3_9_8_,
        salesinfoc7_.clothes_gender as clothes_4_9_8_,
        salesinfoc7_.clothes_size as clothes_5_9_8_,
        salesinfos8_.id as id1_10_9_,
        salesinfos8_.status_score as status_s2_10_9_,
        salesinfos8_.status_tag as status_t3_10_9_,
        salesinfos8_.status_times as status_t4_10_9_,
        salesinfos8_.status_when2buy as status_w5_10_9_,
        salesinfos8_.transport as transpor6_10_9_,
        salesinfou9_.id as id1_11_10_,
        salesinfou9_.user_height as user_hei2_11_10_,
        salesinfou9_.user_size as user_siz3_11_10_,
        salesinfou9_.user_weight as user_wei4_11_10_ 
    from
        clothes_image images0_ 
    left outer join
        stores stores1_ 
            on images0_.stores_post_id=stores1_.id 
    left outer join
        members members2_ 
            on stores1_.author_id=members2_.id 
    left outer join
        clothes_info clothesinf3_ 
            on stores1_.clothes_info_id=clothesinf3_.id 
    left outer join
        colors colors4_ 
            on stores1_.colors_name=colors4_.name 
    left outer join
        materials materials5_ 
            on stores1_.materials_name=materials5_.name 
    left outer join
        style style6_ 
            on stores1_.style_name=style6_.name 
    left outer join
        sales_info_clothes salesinfoc7_ 
            on stores1_.sales_info_clothes_id=salesinfoc7_.id 
    left outer join
        sales_info_status salesinfos8_ 
            on stores1_.sales_info_status_id=salesinfos8_.id 
    left outer join
        sales_info_user salesinfou9_ 
            on stores1_.sales_info_user_id=salesinfou9_.id 
    where
        images0_.closets_post_id=?
Hibernate: 
    delete 
    from
        clothes_image 
    where
        id=? 
        or id=?
C:\Users\user1\betweenourclothes\images\closets\closets-2abaac98-4f4a-4985-9a54-6773aa15b17b.png
C:\Users\user1\betweenourclothes\images\closets\closets-61a4329d-8bf6-44fe-8574-c830b5fc627e.png
Hibernate: 
    insert 
    into
        clothes_image
        (closets_post_id, path, stores_post_id, type) 
    values
        (?, ?, ?, ?)
Hibernate: 
    insert 
    into
        clothes_image
        (closets_post_id, path, stores_post_id, type) 
    values
        (?, ?, ?, ?)
Hibernate: 
    update
        closets 
    set
        created_date=?,
        modified_date=?,
        author_id=?,
        clothes_info_id=?,
        colors_name=?,
        materials_name=?,
        style_name=? 
    where
        id=?

MockHttpServletRequest:
      HTTP Method = PUT
      Request URI = /api/v1/closets/post/3883
       Parameters = {}
          Headers = [Content-Type:"multipart/form-data", Accept:"application/json", Authorization:"BearereyJhbGciOiJIUzI1NiJ9.eyJzdWIiOiJndW5zb25nMkBuYXZlci5jb20iLCJhdXRoIjoiUk9MRV9VU0VSIiwiZXhwIjoxNjY4NTI2MjU1fQ.2gTQAk1yyUni1_ziUrkcurLISLgO8NBaFNZX5P2FFVY"]
             Body = <no character encoding set>
    Session Attrs = {}

Handler:
             Type = com.betweenourclothes.web.ClosetsApiController
           Method = public org.springframework.http.ResponseEntity<java.lang.String> com.betweenourclothes.web.ClosetsApiController.update(java.lang.Long,com.betweenourclothes.web.dto.request.closets.ClosetsPostRequestDto,java.util.List<org.springframework.web.multipart.MultipartFile>)

Async:
    Async started = false
     Async result = null

Resolved Exception:
             Type = null

ModelAndView:
        View name = null
             View = null
            Model = null

FlashMap:
       Attributes = null

MockHttpServletResponse:
           Status = 200
    Error message = null
          Headers = [Content-Type:"application/json;charset=UTF-8", Content-Length:"13", X-Content-Type-Options:"nosniff", X-XSS-Protection:"1; mode=block", Cache-Control:"no-cache, no-store, max-age=0, must-revalidate", Pragma:"no-cache", Expires:"0", X-Frame-Options:"DENY"]
     Content type = application/json;charset=UTF-8
             Body = 수정 완료
    Forwarded URL = null
   Redirected URL = null
          Cookies = []
Hibernate: 
    select
        closets0_.id as id1_1_,
        closets0_.created_date as created_2_1_,
        closets0_.modified_date as modified3_1_,
        closets0_.author_id as author_i4_1_,
        closets0_.clothes_info_id as clothes_5_1_,
        closets0_.colors_name as colors_n6_1_,
        closets0_.materials_name as material7_1_,
        closets0_.style_name as style_na8_1_ 
    from
        closets closets0_
Hibernate: 
    select
        members0_.id as id1_6_0_,
        members0_.email as email2_6_0_,
        members0_.image as image3_6_0_,
        members0_.name as name4_6_0_,
        members0_.nickname as nickname5_6_0_,
        members0_.password as password6_6_0_,
        members0_.phone as phone7_6_0_,
        members0_.refresh_token as refresh_8_6_0_,
        members0_.role as role9_6_0_ 
    from
        members members0_ 
    where
        members0_.id=?
Hibernate: 
    select
        clothesinf0_.id as id1_2_0_,
        clothesinf0_.categoryl as category2_2_0_,
        clothesinf0_.categorys as category3_2_0_,
        clothesinf0_.fit as fit4_2_0_,
        clothesinf0_.length as length5_2_0_ 
    from
        clothes_info clothesinf0_ 
    where
        clothesinf0_.id=?
Hibernate: 
    select
        colors0_.id as id1_4_0_,
        colors0_.name as name2_4_0_ 
    from
        colors colors0_ 
    where
        colors0_.name=?
Hibernate: 
    select
        materials0_.id as id1_5_0_,
        materials0_.name as name2_5_0_ 
    from
        materials materials0_ 
    where
        materials0_.name=?
Hibernate: 
    select
        style0_.id as id1_14_0_,
        style0_.name as name2_14_0_ 
    from
        style style0_ 
    where
        style0_.name=?
Hibernate: 
    select
        clothesinf0_.id as id1_2_0_,
        clothesinf0_.categoryl as category2_2_0_,
        clothesinf0_.categorys as category3_2_0_,
        clothesinf0_.fit as fit4_2_0_,
        clothesinf0_.length as length5_2_0_ 
    from
        clothes_info clothesinf0_ 
    where
        clothesinf0_.id=?
Hibernate: 
    select
        colors0_.id as id1_4_0_,
        colors0_.name as name2_4_0_ 
    from
        colors colors0_ 
    where
        colors0_.name=?
Hibernate: 
    select
        materials0_.id as id1_5_0_,
        materials0_.name as name2_5_0_ 
    from
        materials materials0_ 
    where
        materials0_.name=?
Hibernate: 
    select
        style0_.id as id1_14_0_,
        style0_.name as name2_14_0_ 
    from
        style style0_ 
    where
        style0_.name=?
Hibernate: 
    select
        clothesinf0_.id as id1_2_0_,
        clothesinf0_.categoryl as category2_2_0_,
        clothesinf0_.categorys as category3_2_0_,
        clothesinf0_.fit as fit4_2_0_,
        clothesinf0_.length as length5_2_0_ 
    from
        clothes_info clothesinf0_ 
    where
        clothesinf0_.id=?
Hibernate: 
    select
        colors0_.id as id1_4_0_,
        colors0_.name as name2_4_0_ 
    from
        colors colors0_ 
    where
        colors0_.name=?
Hibernate: 
    select
        materials0_.id as id1_5_0_,
        materials0_.name as name2_5_0_ 
    from
        materials materials0_ 
    where
        materials0_.name=?
Hibernate: 
    select
        style0_.id as id1_14_0_,
        style0_.name as name2_14_0_ 
    from
        style style0_ 
    where
        style0_.name=?
Hibernate: 
    select
        clothesinf0_.id as id1_2_0_,
        clothesinf0_.categoryl as category2_2_0_,
        clothesinf0_.categorys as category3_2_0_,
        clothesinf0_.fit as fit4_2_0_,
        clothesinf0_.length as length5_2_0_ 
    from
        clothes_info clothesinf0_ 
    where
        clothesinf0_.id=?
Hibernate: 
    select
        colors0_.id as id1_4_0_,
        colors0_.name as name2_4_0_ 
    from
        colors colors0_ 
    where
        colors0_.name=?
Hibernate: 
    select
        materials0_.id as id1_5_0_,
        materials0_.name as name2_5_0_ 
    from
        materials materials0_ 
    where
        materials0_.name=?
Hibernate: 
    select
        style0_.id as id1_14_0_,
        style0_.name as name2_14_0_ 
    from
        style style0_ 
    where
        style0_.name=?
Hibernate: 
    select
        clothesinf0_.id as id1_2_0_,
        clothesinf0_.categoryl as category2_2_0_,
        clothesinf0_.categorys as category3_2_0_,
        clothesinf0_.fit as fit4_2_0_,
        clothesinf0_.length as length5_2_0_ 
    from
        clothes_info clothesinf0_ 
    where
        clothesinf0_.id=?
Hibernate: 
    select
        colors0_.id as id1_4_0_,
        colors0_.name as name2_4_0_ 
    from
        colors colors0_ 
    where
        colors0_.name=?
Hibernate: 
    select
        clothesima0_.id as id1_3_,
        clothesima0_.closets_post_id as closets_4_3_,
        clothesima0_.path as path2_3_,
        clothesima0_.stores_post_id as stores_p5_3_,
        clothesima0_.type as type3_3_ 
    from
        clothes_image clothesima0_
Hibernate: 
    select
        closets0_.id as id1_1_0_,
        closets0_.created_date as created_2_1_0_,
        closets0_.modified_date as modified3_1_0_,
        closets0_.author_id as author_i4_1_0_,
        closets0_.clothes_info_id as clothes_5_1_0_,
        closets0_.colors_name as colors_n6_1_0_,
        closets0_.materials_name as material7_1_0_,
        closets0_.style_name as style_na8_1_0_,
        members1_.id as id1_6_1_,
        members1_.email as email2_6_1_,
        members1_.image as image3_6_1_,
        members1_.name as name4_6_1_,
        members1_.nickname as nickname5_6_1_,
        members1_.password as password6_6_1_,
        members1_.phone as phone7_6_1_,
        members1_.refresh_token as refresh_8_6_1_,
        members1_.role as role9_6_1_,
        clothesinf2_.id as id1_2_2_,
        clothesinf2_.categoryl as category2_2_2_,
        clothesinf2_.categorys as category3_2_2_,
        clothesinf2_.fit as fit4_2_2_,
        clothesinf2_.length as length5_2_2_,
        colors3_.id as id1_4_3_,
        colors3_.name as name2_4_3_,
        materials4_.id as id1_5_4_,
        materials4_.name as name2_5_4_,
        style5_.id as id1_14_5_,
        style5_.name as name2_14_5_ 
    from
        closets closets0_ 
    left outer join
        members members1_ 
            on closets0_.author_id=members1_.id 
    left outer join
        clothes_info clothesinf2_ 
            on closets0_.clothes_info_id=clothesinf2_.id 
    left outer join
        colors colors3_ 
            on closets0_.colors_name=colors3_.name 
    left outer join
        materials materials4_ 
            on closets0_.materials_name=materials4_.name 
    left outer join
        style style5_ 
            on closets0_.style_name=style5_.name 
    where
        closets0_.id=?
Hibernate: 
    select
        closets0_.id as id1_1_0_,
        closets0_.created_date as created_2_1_0_,
        closets0_.modified_date as modified3_1_0_,
        closets0_.author_id as author_i4_1_0_,
        closets0_.clothes_info_id as clothes_5_1_0_,
        closets0_.colors_name as colors_n6_1_0_,
        closets0_.materials_name as material7_1_0_,
        closets0_.style_name as style_na8_1_0_,
        members1_.id as id1_6_1_,
        members1_.email as email2_6_1_,
        members1_.image as image3_6_1_,
        members1_.name as name4_6_1_,
        members1_.nickname as nickname5_6_1_,
        members1_.password as password6_6_1_,
        members1_.phone as phone7_6_1_,
        members1_.refresh_token as refresh_8_6_1_,
        members1_.role as role9_6_1_,
        clothesinf2_.id as id1_2_2_,
        clothesinf2_.categoryl as category2_2_2_,
        clothesinf2_.categorys as category3_2_2_,
        clothesinf2_.fit as fit4_2_2_,
        clothesinf2_.length as length5_2_2_,
        colors3_.id as id1_4_3_,
        colors3_.name as name2_4_3_,
        materials4_.id as id1_5_4_,
        materials4_.name as name2_5_4_,
        style5_.id as id1_14_5_,
        style5_.name as name2_14_5_ 
    from
        closets closets0_ 
    left outer join
        members members1_ 
            on closets0_.author_id=members1_.id 
    left outer join
        clothes_info clothesinf2_ 
            on closets0_.clothes_info_id=clothesinf2_.id 
    left outer join
        colors colors3_ 
            on closets0_.colors_name=colors3_.name 
    left outer join
        materials materials4_ 
            on closets0_.materials_name=materials4_.name 
    left outer join
        style style5_ 
            on closets0_.style_name=style5_.name 
    where
        closets0_.id=?
Hibernate: 
    select
        closets0_.id as id1_1_0_,
        closets0_.created_date as created_2_1_0_,
        closets0_.modified_date as modified3_1_0_,
        closets0_.author_id as author_i4_1_0_,
        closets0_.clothes_info_id as clothes_5_1_0_,
        closets0_.colors_name as colors_n6_1_0_,
        closets0_.materials_name as material7_1_0_,
        closets0_.style_name as style_na8_1_0_,
        members1_.id as id1_6_1_,
        members1_.email as email2_6_1_,
        members1_.image as image3_6_1_,
        members1_.name as name4_6_1_,
        members1_.nickname as nickname5_6_1_,
        members1_.password as password6_6_1_,
        members1_.phone as phone7_6_1_,
        members1_.refresh_token as refresh_8_6_1_,
        members1_.role as role9_6_1_,
        clothesinf2_.id as id1_2_2_,
        clothesinf2_.categoryl as category2_2_2_,
        clothesinf2_.categorys as category3_2_2_,
        clothesinf2_.fit as fit4_2_2_,
        clothesinf2_.length as length5_2_2_,
        colors3_.id as id1_4_3_,
        colors3_.name as name2_4_3_,
        materials4_.id as id1_5_4_,
        materials4_.name as name2_5_4_,
        style5_.id as id1_14_5_,
        style5_.name as name2_14_5_ 
    from
        closets closets0_ 
    left outer join
        members members1_ 
            on closets0_.author_id=members1_.id 
    left outer join
        clothes_info clothesinf2_ 
            on closets0_.clothes_info_id=clothesinf2_.id 
    left outer join
        colors colors3_ 
            on closets0_.colors_name=colors3_.name 
    left outer join
        materials materials4_ 
            on closets0_.materials_name=materials4_.name 
    left outer join
        style style5_ 
            on closets0_.style_name=style5_.name 
    where
        closets0_.id=?
Hibernate: 
    select
        closets0_.id as id1_1_0_,
        closets0_.created_date as created_2_1_0_,
        closets0_.modified_date as modified3_1_0_,
        closets0_.author_id as author_i4_1_0_,
        closets0_.clothes_info_id as clothes_5_1_0_,
        closets0_.colors_name as colors_n6_1_0_,
        closets0_.materials_name as material7_1_0_,
        closets0_.style_name as style_na8_1_0_,
        members1_.id as id1_6_1_,
        members1_.email as email2_6_1_,
        members1_.image as image3_6_1_,
        members1_.name as name4_6_1_,
        members1_.nickname as nickname5_6_1_,
        members1_.password as password6_6_1_,
        members1_.phone as phone7_6_1_,
        members1_.refresh_token as refresh_8_6_1_,
        members1_.role as role9_6_1_,
        clothesinf2_.id as id1_2_2_,
        clothesinf2_.categoryl as category2_2_2_,
        clothesinf2_.categorys as category3_2_2_,
        clothesinf2_.fit as fit4_2_2_,
        clothesinf2_.length as length5_2_2_,
        colors3_.id as id1_4_3_,
        colors3_.name as name2_4_3_,
        materials4_.id as id1_5_4_,
        materials4_.name as name2_5_4_,
        style5_.id as id1_14_5_,
        style5_.name as name2_14_5_ 
    from
        closets closets0_ 
    left outer join
        members members1_ 
            on closets0_.author_id=members1_.id 
    left outer join
        clothes_info clothesinf2_ 
            on closets0_.clothes_info_id=clothesinf2_.id 
    left outer join
        colors colors3_ 
            on closets0_.colors_name=colors3_.name 
    left outer join
        materials materials4_ 
            on closets0_.materials_name=materials4_.name 
    left outer join
        style style5_ 
            on closets0_.style_name=style5_.name 
    where
        closets0_.id=?
Hibernate: 
    select
        closets0_.id as id1_1_0_,
        closets0_.created_date as created_2_1_0_,
        closets0_.modified_date as modified3_1_0_,
        closets0_.author_id as author_i4_1_0_,
        closets0_.clothes_info_id as clothes_5_1_0_,
        closets0_.colors_name as colors_n6_1_0_,
        closets0_.materials_name as material7_1_0_,
        closets0_.style_name as style_na8_1_0_,
        members1_.id as id1_6_1_,
        members1_.email as email2_6_1_,
        members1_.image as image3_6_1_,
        members1_.name as name4_6_1_,
        members1_.nickname as nickname5_6_1_,
        members1_.password as password6_6_1_,
        members1_.phone as phone7_6_1_,
        members1_.refresh_token as refresh_8_6_1_,
        members1_.role as role9_6_1_,
        clothesinf2_.id as id1_2_2_,
        clothesinf2_.categoryl as category2_2_2_,
        clothesinf2_.categorys as category3_2_2_,
        clothesinf2_.fit as fit4_2_2_,
        clothesinf2_.length as length5_2_2_,
        colors3_.id as id1_4_3_,
        colors3_.name as name2_4_3_,
        materials4_.id as id1_5_4_,
        materials4_.name as name2_5_4_,
        style5_.id as id1_14_5_,
        style5_.name as name2_14_5_ 
    from
        closets closets0_ 
    left outer join
        members members1_ 
            on closets0_.author_id=members1_.id 
    left outer join
        clothes_info clothesinf2_ 
            on closets0_.clothes_info_id=clothesinf2_.id 
    left outer join
        colors colors3_ 
            on closets0_.colors_name=colors3_.name 
    left outer join
        materials materials4_ 
            on closets0_.materials_name=materials4_.name 
    left outer join
        style style5_ 
            on closets0_.style_name=style5_.name 
    where
        closets0_.id=?
Hibernate: 
    delete 
    from
        clothes_image
Hibernate: 
    delete 
    from
        closets
Hibernate: 
    select
        members0_.id as id1_6_,
        members0_.email as email2_6_,
        members0_.image as image3_6_,
        members0_.name as name4_6_,
        members0_.nickname as nickname5_6_,
        members0_.password as password6_6_,
        members0_.phone as phone7_6_,
        members0_.refresh_token as refresh_8_6_,
        members0_.role as role9_6_ 
    from
        members members0_ 
    where
        members0_.email=?
Hibernate: 
    select
        members0_.id as id1_6_,
        members0_.email as email2_6_,
        members0_.image as image3_6_,
        members0_.name as name4_6_,
        members0_.nickname as nickname5_6_,
        members0_.password as password6_6_,
        members0_.phone as phone7_6_,
        members0_.refresh_token as refresh_8_6_,
        members0_.role as role9_6_ 
    from
        members members0_ 
    where
        members0_.email=?
2022-11-15 21:30:55.703  INFO 20908 --- [    Test worker] o.a.c.c.C.[Tomcat].[localhost].[/]       : Initializing Spring TestDispatcherServlet ''
2022-11-15 21:30:55.703  INFO 20908 --- [    Test worker] o.s.t.web.servlet.TestDispatcherServlet  : Initializing Servlet ''
2022-11-15 21:30:55.710  INFO 20908 --- [    Test worker] o.s.t.web.servlet.TestDispatcherServlet  : Completed initialization in 7 ms
gunsong2@naver.com
Hibernate: 
    select
        members0_.id as id1_6_,
        members0_.email as email2_6_,
        members0_.image as image3_6_,
        members0_.name as name4_6_,
        members0_.nickname as nickname5_6_,
        members0_.password as password6_6_,
        members0_.phone as phone7_6_,
        members0_.refresh_token as refresh_8_6_,
        members0_.role as role9_6_ 
    from
        members members0_ 
    where
        members0_.email=?
Hibernate: 
    select
        style0_.id as id1_14_,
        style0_.name as name2_14_ 
    from
        style style0_ 
    where
        style0_.name=?
Hibernate: 
    select
        materials0_.id as id1_5_,
        materials0_.name as name2_5_ 
    from
        materials materials0_ 
    where
        materials0_.name=?
Hibernate: 
    select
        colors0_.id as id1_4_,
        colors0_.name as name2_4_ 
    from
        colors colors0_ 
    where
        colors0_.name=?
Hibernate: 
    select
        clothesinf0_.id as id1_2_,
        clothesinf0_.categoryl as category2_2_,
        clothesinf0_.categorys as category3_2_,
        clothesinf0_.fit as fit4_2_,
        clothesinf0_.length as length5_2_ 
    from
        clothes_info clothesinf0_ 
    where
        clothesinf0_.categoryl=? 
        and clothesinf0_.categorys=? 
        and clothesinf0_.length=? 
        and clothesinf0_.fit=?
test.jpg
C:\Users\user1\betweenourclothes\images\closets\closets-63af7cc0-794e-4c2b-9461-26a9e1d2f6c9.jpg
Hibernate: 
    insert 
    into
        clothes_image
        (closets_post_id, path, stores_post_id, type) 
    values
        (?, ?, ?, ?)
test.jpg
C:\Users\user1\betweenourclothes\images\closets\closets-11a9bdf1-31d6-49b2-9a96-0f82a36d79f6.jpg
Hibernate: 
    insert 
    into
        clothes_image
        (closets_post_id, path, stores_post_id, type) 
    values
        (?, ?, ?, ?)
Hibernate: 
    insert 
    into
        closets
        (created_date, modified_date, author_id, clothes_info_id, colors_name, materials_name, style_name) 
    values
        (?, ?, ?, ?, ?, ?, ?)
Hibernate: 
    update
        clothes_image 
    set
        closets_post_id=?,
        path=?,
        stores_post_id=?,
        type=? 
    where
        id=?
Hibernate: 
    update
        clothes_image 
    set
        closets_post_id=?,
        path=?,
        stores_post_id=?,
        type=? 
    where
        id=?
gunsong2@naver.com
Hibernate: 
    select
        members0_.id as id1_6_,
        members0_.email as email2_6_,
        members0_.image as image3_6_,
        members0_.name as name4_6_,
        members0_.nickname as nickname5_6_,
        members0_.password as password6_6_,
        members0_.phone as phone7_6_,
        members0_.refresh_token as refresh_8_6_,
        members0_.role as role9_6_ 
    from
        members members0_ 
    where
        members0_.email=?
Hibernate: 
    select
        style0_.id as id1_14_,
        style0_.name as name2_14_ 
    from
        style style0_ 
    where
        style0_.name=?
Hibernate: 
    select
        materials0_.id as id1_5_,
        materials0_.name as name2_5_ 
    from
        materials materials0_ 
    where
        materials0_.name=?
Hibernate: 
    select
        colors0_.id as id1_4_,
        colors0_.name as name2_4_ 
    from
        colors colors0_ 
    where
        colors0_.name=?
Hibernate: 
    select
        clothesinf0_.id as id1_2_,
        clothesinf0_.categoryl as category2_2_,
        clothesinf0_.categorys as category3_2_,
        clothesinf0_.fit as fit4_2_,
        clothesinf0_.length as length5_2_ 
    from
        clothes_info clothesinf0_ 
    where
        clothesinf0_.categoryl=? 
        and clothesinf0_.categorys=? 
        and clothesinf0_.length=? 
        and clothesinf0_.fit=?
test.jpg
C:\Users\user1\betweenourclothes\images\closets\closets-6fad28b5-fd95-4873-8eec-57acd7e44482.jpg
Hibernate: 
    insert 
    into
        clothes_image
        (closets_post_id, path, stores_post_id, type) 
    values
        (?, ?, ?, ?)
test.jpg
C:\Users\user1\betweenourclothes\images\closets\closets-144a57df-b48f-4c41-a5d5-54ccb0c25308.jpg
Hibernate: 
    insert 
    into
        clothes_image
        (closets_post_id, path, stores_post_id, type) 
    values
        (?, ?, ?, ?)
Hibernate: 
    insert 
    into
        closets
        (created_date, modified_date, author_id, clothes_info_id, colors_name, materials_name, style_name) 
    values
        (?, ?, ?, ?, ?, ?, ?)
Hibernate: 
    update
        clothes_image 
    set
        closets_post_id=?,
        path=?,
        stores_post_id=?,
        type=? 
    where
        id=?
Hibernate: 
    update
        clothes_image 
    set
        closets_post_id=?,
        path=?,
        stores_post_id=?,
        type=? 
    where
        id=?
gunsong2@naver.com
Hibernate: 
    select
        members0_.id as id1_6_,
        members0_.email as email2_6_,
        members0_.image as image3_6_,
        members0_.name as name4_6_,
        members0_.nickname as nickname5_6_,
        members0_.password as password6_6_,
        members0_.phone as phone7_6_,
        members0_.refresh_token as refresh_8_6_,
        members0_.role as role9_6_ 
    from
        members members0_ 
    where
        members0_.email=?
Hibernate: 
    select
        style0_.id as id1_14_,
        style0_.name as name2_14_ 
    from
        style style0_ 
    where
        style0_.name=?
Hibernate: 
    select
        materials0_.id as id1_5_,
        materials0_.name as name2_5_ 
    from
        materials materials0_ 
    where
        materials0_.name=?
Hibernate: 
    select
        colors0_.id as id1_4_,
        colors0_.name as name2_4_ 
    from
        colors colors0_ 
    where
        colors0_.name=?
Hibernate: 
    select
        clothesinf0_.id as id1_2_,
        clothesinf0_.categoryl as category2_2_,
        clothesinf0_.categorys as category3_2_,
        clothesinf0_.fit as fit4_2_,
        clothesinf0_.length as length5_2_ 
    from
        clothes_info clothesinf0_ 
    where
        clothesinf0_.categoryl=? 
        and clothesinf0_.categorys=? 
        and clothesinf0_.length=? 
        and clothesinf0_.fit=?
test.jpg
C:\Users\user1\betweenourclothes\images\closets\closets-8d872331-9077-4cc7-a9c9-9fe70cdb465a.jpg
Hibernate: 
    insert 
    into
        clothes_image
        (closets_post_id, path, stores_post_id, type) 
    values
        (?, ?, ?, ?)
test.jpg
C:\Users\user1\betweenourclothes\images\closets\closets-849bead1-60c4-4125-8b6b-823ff7111e09.jpg
Hibernate: 
    insert 
    into
        clothes_image
        (closets_post_id, path, stores_post_id, type) 
    values
        (?, ?, ?, ?)
Hibernate: 
    insert 
    into
        closets
        (created_date, modified_date, author_id, clothes_info_id, colors_name, materials_name, style_name) 
    values
        (?, ?, ?, ?, ?, ?, ?)
Hibernate: 
    update
        clothes_image 
    set
        closets_post_id=?,
        path=?,
        stores_post_id=?,
        type=? 
    where
        id=?
Hibernate: 
    update
        clothes_image 
    set
        closets_post_id=?,
        path=?,
        stores_post_id=?,
        type=? 
    where
        id=?
gunsong2@naver.com
Hibernate: 
    select
        members0_.id as id1_6_,
        members0_.email as email2_6_,
        members0_.image as image3_6_,
        members0_.name as name4_6_,
        members0_.nickname as nickname5_6_,
        members0_.password as password6_6_,
        members0_.phone as phone7_6_,
        members0_.refresh_token as refresh_8_6_,
        members0_.role as role9_6_ 
    from
        members members0_ 
    where
        members0_.email=?
Hibernate: 
    select
        style0_.id as id1_14_,
        style0_.name as name2_14_ 
    from
        style style0_ 
    where
        style0_.name=?
Hibernate: 
    select
        materials0_.id as id1_5_,
        materials0_.name as name2_5_ 
    from
        materials materials0_ 
    where
        materials0_.name=?
Hibernate: 
    select
        colors0_.id as id1_4_,
        colors0_.name as name2_4_ 
    from
        colors colors0_ 
    where
        colors0_.name=?
Hibernate: 
    select
        clothesinf0_.id as id1_2_,
        clothesinf0_.categoryl as category2_2_,
        clothesinf0_.categorys as category3_2_,
        clothesinf0_.fit as fit4_2_,
        clothesinf0_.length as length5_2_ 
    from
        clothes_info clothesinf0_ 
    where
        clothesinf0_.categoryl=? 
        and clothesinf0_.categorys=? 
        and clothesinf0_.length=? 
        and clothesinf0_.fit=?
test.jpg
C:\Users\user1\betweenourclothes\images\closets\closets-6817b709-52cb-4ccd-89b2-bb7fd51847fd.jpg
Hibernate: 
    insert 
    into
        clothes_image
        (closets_post_id, path, stores_post_id, type) 
    values
        (?, ?, ?, ?)
test.jpg
C:\Users\user1\betweenourclothes\images\closets\closets-bb8d2dcf-b397-49d2-8cf0-d45a5a19ce66.jpg
Hibernate: 
    insert 
    into
        clothes_image
        (closets_post_id, path, stores_post_id, type) 
    values
        (?, ?, ?, ?)
Hibernate: 
    insert 
    into
        closets
        (created_date, modified_date, author_id, clothes_info_id, colors_name, materials_name, style_name) 
    values
        (?, ?, ?, ?, ?, ?, ?)
Hibernate: 
    update
        clothes_image 
    set
        closets_post_id=?,
        path=?,
        stores_post_id=?,
        type=? 
    where
        id=?
Hibernate: 
    update
        clothes_image 
    set
        closets_post_id=?,
        path=?,
        stores_post_id=?,
        type=? 
    where
        id=?
gunsong2@naver.com
Hibernate: 
    select
        members0_.id as id1_6_,
        members0_.email as email2_6_,
        members0_.image as image3_6_,
        members0_.name as name4_6_,
        members0_.nickname as nickname5_6_,
        members0_.password as password6_6_,
        members0_.phone as phone7_6_,
        members0_.refresh_token as refresh_8_6_,
        members0_.role as role9_6_ 
    from
        members members0_ 
    where
        members0_.email=?
Hibernate: 
    select
        style0_.id as id1_14_,
        style0_.name as name2_14_ 
    from
        style style0_ 
    where
        style0_.name=?
Hibernate: 
    select
        materials0_.id as id1_5_,
        materials0_.name as name2_5_ 
    from
        materials materials0_ 
    where
        materials0_.name=?
Hibernate: 
    select
        colors0_.id as id1_4_,
        colors0_.name as name2_4_ 
    from
        colors colors0_ 
    where
        colors0_.name=?
Hibernate: 
    select
        clothesinf0_.id as id1_2_,
        clothesinf0_.categoryl as category2_2_,
        clothesinf0_.categorys as category3_2_,
        clothesinf0_.fit as fit4_2_,
        clothesinf0_.length as length5_2_ 
    from
        clothes_info clothesinf0_ 
    where
        clothesinf0_.categoryl=? 
        and clothesinf0_.categorys=? 
        and clothesinf0_.length=? 
        and clothesinf0_.fit=?
test.jpg
C:\Users\user1\betweenourclothes\images\closets\closets-f657849e-40aa-473d-944a-f3200d005df0.jpg
Hibernate: 
    insert 
    into
        clothes_image
        (closets_post_id, path, stores_post_id, type) 
    values
        (?, ?, ?, ?)
test.jpg
C:\Users\user1\betweenourclothes\images\closets\closets-29f042e3-35b2-470a-b37d-765becf9c16a.jpg
Hibernate: 
    insert 
    into
        clothes_image
        (closets_post_id, path, stores_post_id, type) 
    values
        (?, ?, ?, ?)
Hibernate: 
    insert 
    into
        closets
        (created_date, modified_date, author_id, clothes_info_id, colors_name, materials_name, style_name) 
    values
        (?, ?, ?, ?, ?, ?, ?)
Hibernate: 
    update
        clothes_image 
    set
        closets_post_id=?,
        path=?,
        stores_post_id=?,
        type=? 
    where
        id=?
Hibernate: 
    update
        clothes_image 
    set
        closets_post_id=?,
        path=?,
        stores_post_id=?,
        type=? 
    where
        id=?
Hibernate: 
    select
        closets0_.id as id1_1_,
        closets0_.created_date as created_2_1_,
        closets0_.modified_date as modified3_1_,
        closets0_.author_id as author_i4_1_,
        closets0_.clothes_info_id as clothes_5_1_,
        closets0_.colors_name as colors_n6_1_,
        closets0_.materials_name as material7_1_,
        closets0_.style_name as style_na8_1_ 
    from
        closets closets0_
Hibernate: 
    select
        members0_.id as id1_6_0_,
        members0_.email as email2_6_0_,
        members0_.image as image3_6_0_,
        members0_.name as name4_6_0_,
        members0_.nickname as nickname5_6_0_,
        members0_.password as password6_6_0_,
        members0_.phone as phone7_6_0_,
        members0_.refresh_token as refresh_8_6_0_,
        members0_.role as role9_6_0_ 
    from
        members members0_ 
    where
        members0_.id=?
Hibernate: 
    select
        clothesinf0_.id as id1_2_0_,
        clothesinf0_.categoryl as category2_2_0_,
        clothesinf0_.categorys as category3_2_0_,
        clothesinf0_.fit as fit4_2_0_,
        clothesinf0_.length as length5_2_0_ 
    from
        clothes_info clothesinf0_ 
    where
        clothesinf0_.id=?
Hibernate: 
    select
        colors0_.id as id1_4_0_,
        colors0_.name as name2_4_0_ 
    from
        colors colors0_ 
    where
        colors0_.name=?
Hibernate: 
    select
        materials0_.id as id1_5_0_,
        materials0_.name as name2_5_0_ 
    from
        materials materials0_ 
    where
        materials0_.name=?
Hibernate: 
    select
        style0_.id as id1_14_0_,
        style0_.name as name2_14_0_ 
    from
        style style0_ 
    where
        style0_.name=?
Hibernate: 
    select
        clothesinf0_.id as id1_2_0_,
        clothesinf0_.categoryl as category2_2_0_,
        clothesinf0_.categorys as category3_2_0_,
        clothesinf0_.fit as fit4_2_0_,
        clothesinf0_.length as length5_2_0_ 
    from
        clothes_info clothesinf0_ 
    where
        clothesinf0_.id=?
Hibernate: 
    select
        colors0_.id as id1_4_0_,
        colors0_.name as name2_4_0_ 
    from
        colors colors0_ 
    where
        colors0_.name=?
Hibernate: 
    select
        materials0_.id as id1_5_0_,
        materials0_.name as name2_5_0_ 
    from
        materials materials0_ 
    where
        materials0_.name=?
Hibernate: 
    select
        style0_.id as id1_14_0_,
        style0_.name as name2_14_0_ 
    from
        style style0_ 
    where
        style0_.name=?
Hibernate: 
    select
        clothesinf0_.id as id1_2_0_,
        clothesinf0_.categoryl as category2_2_0_,
        clothesinf0_.categorys as category3_2_0_,
        clothesinf0_.fit as fit4_2_0_,
        clothesinf0_.length as length5_2_0_ 
    from
        clothes_info clothesinf0_ 
    where
        clothesinf0_.id=?
Hibernate: 
    select
        colors0_.id as id1_4_0_,
        colors0_.name as name2_4_0_ 
    from
        colors colors0_ 
    where
        colors0_.name=?
Hibernate: 
    select
        materials0_.id as id1_5_0_,
        materials0_.name as name2_5_0_ 
    from
        materials materials0_ 
    where
        materials0_.name=?
Hibernate: 
    select
        style0_.id as id1_14_0_,
        style0_.name as name2_14_0_ 
    from
        style style0_ 
    where
        style0_.name=?
Hibernate: 
    select
        clothesinf0_.id as id1_2_0_,
        clothesinf0_.categoryl as category2_2_0_,
        clothesinf0_.categorys as category3_2_0_,
        clothesinf0_.fit as fit4_2_0_,
        clothesinf0_.length as length5_2_0_ 
    from
        clothes_info clothesinf0_ 
    where
        clothesinf0_.id=?
Hibernate: 
    select
        colors0_.id as id1_4_0_,
        colors0_.name as name2_4_0_ 
    from
        colors colors0_ 
    where
        colors0_.name=?
Hibernate: 
    select
        materials0_.id as id1_5_0_,
        materials0_.name as name2_5_0_ 
    from
        materials materials0_ 
    where
        materials0_.name=?
Hibernate: 
    select
        style0_.id as id1_14_0_,
        style0_.name as name2_14_0_ 
    from
        style style0_ 
    where
        style0_.name=?
Hibernate: 
    select
        clothesinf0_.id as id1_2_0_,
        clothesinf0_.categoryl as category2_2_0_,
        clothesinf0_.categorys as category3_2_0_,
        clothesinf0_.fit as fit4_2_0_,
        clothesinf0_.length as length5_2_0_ 
    from
        clothes_info clothesinf0_ 
    where
        clothesinf0_.id=?
Hibernate: 
    select
        materials0_.id as id1_5_0_,
        materials0_.name as name2_5_0_ 
    from
        materials materials0_ 
    where
        materials0_.name=?
Hibernate: 
    select
        style0_.id as id1_14_0_,
        style0_.name as name2_14_0_ 
    from
        style style0_ 
    where
        style0_.name=?
gunsong2@naver.com
Hibernate: 
    select
        members0_.id as id1_6_,
        members0_.email as email2_6_,
        members0_.image as image3_6_,
        members0_.name as name4_6_,
        members0_.nickname as nickname5_6_,
        members0_.password as password6_6_,
        members0_.phone as phone7_6_,
        members0_.refresh_token as refresh_8_6_,
        members0_.role as role9_6_ 
    from
        members members0_ 
    where
        members0_.email=?
Hibernate: 
    select
        closets0_.id as id1_1_0_,
        closets0_.created_date as created_2_1_0_,
        closets0_.modified_date as modified3_1_0_,
        closets0_.author_id as author_i4_1_0_,
        closets0_.clothes_info_id as clothes_5_1_0_,
        closets0_.colors_name as colors_n6_1_0_,
        closets0_.materials_name as material7_1_0_,
        closets0_.style_name as style_na8_1_0_,
        members1_.id as id1_6_1_,
        members1_.email as email2_6_1_,
        members1_.image as image3_6_1_,
        members1_.name as name4_6_1_,
        members1_.nickname as nickname5_6_1_,
        members1_.password as password6_6_1_,
        members1_.phone as phone7_6_1_,
        members1_.refresh_token as refresh_8_6_1_,
        members1_.role as role9_6_1_,
        clothesinf2_.id as id1_2_2_,
        clothesinf2_.categoryl as category2_2_2_,
        clothesinf2_.categorys as category3_2_2_,
        clothesinf2_.fit as fit4_2_2_,
        clothesinf2_.length as length5_2_2_,
        colors3_.id as id1_4_3_,
        colors3_.name as name2_4_3_,
        materials4_.id as id1_5_4_,
        materials4_.name as name2_5_4_,
        style5_.id as id1_14_5_,
        style5_.name as name2_14_5_ 
    from
        closets closets0_ 
    left outer join
        members members1_ 
            on closets0_.author_id=members1_.id 
    left outer join
        clothes_info clothesinf2_ 
            on closets0_.clothes_info_id=clothesinf2_.id 
    left outer join
        colors colors3_ 
            on closets0_.colors_name=colors3_.name 
    left outer join
        materials materials4_ 
            on closets0_.materials_name=materials4_.name 
    left outer join
        style style5_ 
            on closets0_.style_name=style5_.name 
    where
        closets0_.id=?
Hibernate: 
    select
        images0_.closets_post_id as closets_4_3_0_,
        images0_.id as id1_3_0_,
        images0_.id as id1_3_1_,
        images0_.closets_post_id as closets_4_3_1_,
        images0_.path as path2_3_1_,
        images0_.stores_post_id as stores_p5_3_1_,
        images0_.type as type3_3_1_,
        stores1_.id as id1_12_2_,
        stores1_.created_date as created_2_12_2_,
        stores1_.modified_date as modified3_12_2_,
        stores1_.author_id as author_i9_12_2_,
        stores1_.clothes_info_id as clothes10_12_2_,
        stores1_.colors_name as colors_11_12_2_,
        stores1_.materials_name as materia12_12_2_,
        stores1_.style_name as style_n13_12_2_,
        stores1_.clothes_length as clothes_4_12_2_,
        stores1_.content as content5_12_2_,
        stores1_.price as price6_12_2_,
        stores1_.sales_info_clothes_id as sales_i14_12_2_,
        stores1_.sales_info_status_id as sales_i15_12_2_,
        stores1_.sales_info_user_id as sales_i16_12_2_,
        stores1_.status as status7_12_2_,
        stores1_.title as title8_12_2_,
        members2_.id as id1_6_3_,
        members2_.email as email2_6_3_,
        members2_.image as image3_6_3_,
        members2_.name as name4_6_3_,
        members2_.nickname as nickname5_6_3_,
        members2_.password as password6_6_3_,
        members2_.phone as phone7_6_3_,
        members2_.refresh_token as refresh_8_6_3_,
        members2_.role as role9_6_3_,
        clothesinf3_.id as id1_2_4_,
        clothesinf3_.categoryl as category2_2_4_,
        clothesinf3_.categorys as category3_2_4_,
        clothesinf3_.fit as fit4_2_4_,
        clothesinf3_.length as length5_2_4_,
        colors4_.id as id1_4_5_,
        colors4_.name as name2_4_5_,
        materials5_.id as id1_5_6_,
        materials5_.name as name2_5_6_,
        style6_.id as id1_14_7_,
        style6_.name as name2_14_7_,
        salesinfoc7_.id as id1_9_8_,
        salesinfoc7_.clothes_brand as clothes_2_9_8_,
        salesinfoc7_.clothes_color as clothes_3_9_8_,
        salesinfoc7_.clothes_gender as clothes_4_9_8_,
        salesinfoc7_.clothes_size as clothes_5_9_8_,
        salesinfos8_.id as id1_10_9_,
        salesinfos8_.status_score as status_s2_10_9_,
        salesinfos8_.status_tag as status_t3_10_9_,
        salesinfos8_.status_times as status_t4_10_9_,
        salesinfos8_.status_when2buy as status_w5_10_9_,
        salesinfos8_.transport as transpor6_10_9_,
        salesinfou9_.id as id1_11_10_,
        salesinfou9_.user_height as user_hei2_11_10_,
        salesinfou9_.user_size as user_siz3_11_10_,
        salesinfou9_.user_weight as user_wei4_11_10_ 
    from
        clothes_image images0_ 
    left outer join
        stores stores1_ 
            on images0_.stores_post_id=stores1_.id 
    left outer join
        members members2_ 
            on stores1_.author_id=members2_.id 
    left outer join
        clothes_info clothesinf3_ 
            on stores1_.clothes_info_id=clothesinf3_.id 
    left outer join
        colors colors4_ 
            on stores1_.colors_name=colors4_.name 
    left outer join
        materials materials5_ 
            on stores1_.materials_name=materials5_.name 
    left outer join
        style style6_ 
            on stores1_.style_name=style6_.name 
    left outer join
        sales_info_clothes salesinfoc7_ 
            on stores1_.sales_info_clothes_id=salesinfoc7_.id 
    left outer join
        sales_info_status salesinfos8_ 
            on stores1_.sales_info_status_id=salesinfos8_.id 
    left outer join
        sales_info_user salesinfou9_ 
            on stores1_.sales_info_user_id=salesinfou9_.id 
    where
        images0_.closets_post_id=?
ClosetsImagesResponseDto(images=[[B@7f149dcf, [B@309792ec], id=3888)
Hibernate: 
    select
        clothesima0_.id as id1_3_,
        clothesima0_.closets_post_id as closets_4_3_,
        clothesima0_.path as path2_3_,
        clothesima0_.stores_post_id as stores_p5_3_,
        clothesima0_.type as type3_3_ 
    from
        clothes_image clothesima0_
Hibernate: 
    select
        closets0_.id as id1_1_0_,
        closets0_.created_date as created_2_1_0_,
        closets0_.modified_date as modified3_1_0_,
        closets0_.author_id as author_i4_1_0_,
        closets0_.clothes_info_id as clothes_5_1_0_,
        closets0_.colors_name as colors_n6_1_0_,
        closets0_.materials_name as material7_1_0_,
        closets0_.style_name as style_na8_1_0_,
        members1_.id as id1_6_1_,
        members1_.email as email2_6_1_,
        members1_.image as image3_6_1_,
        members1_.name as name4_6_1_,
        members1_.nickname as nickname5_6_1_,
        members1_.password as password6_6_1_,
        members1_.phone as phone7_6_1_,
        members1_.refresh_token as refresh_8_6_1_,
        members1_.role as role9_6_1_,
        clothesinf2_.id as id1_2_2_,
        clothesinf2_.categoryl as category2_2_2_,
        clothesinf2_.categorys as category3_2_2_,
        clothesinf2_.fit as fit4_2_2_,
        clothesinf2_.length as length5_2_2_,
        colors3_.id as id1_4_3_,
        colors3_.name as name2_4_3_,
        materials4_.id as id1_5_4_,
        materials4_.name as name2_5_4_,
        style5_.id as id1_14_5_,
        style5_.name as name2_14_5_ 
    from
        closets closets0_ 
    left outer join
        members members1_ 
            on closets0_.author_id=members1_.id 
    left outer join
        clothes_info clothesinf2_ 
            on closets0_.clothes_info_id=clothesinf2_.id 
    left outer join
        colors colors3_ 
            on closets0_.colors_name=colors3_.name 
    left outer join
        materials materials4_ 
            on closets0_.materials_name=materials4_.name 
    left outer join
        style style5_ 
            on closets0_.style_name=style5_.name 
    where
        closets0_.id=?
Hibernate: 
    select
        closets0_.id as id1_1_0_,
        closets0_.created_date as created_2_1_0_,
        closets0_.modified_date as modified3_1_0_,
        closets0_.author_id as author_i4_1_0_,
        closets0_.clothes_info_id as clothes_5_1_0_,
        closets0_.colors_name as colors_n6_1_0_,
        closets0_.materials_name as material7_1_0_,
        closets0_.style_name as style_na8_1_0_,
        members1_.id as id1_6_1_,
        members1_.email as email2_6_1_,
        members1_.image as image3_6_1_,
        members1_.name as name4_6_1_,
        members1_.nickname as nickname5_6_1_,
        members1_.password as password6_6_1_,
        members1_.phone as phone7_6_1_,
        members1_.refresh_token as refresh_8_6_1_,
        members1_.role as role9_6_1_,
        clothesinf2_.id as id1_2_2_,
        clothesinf2_.categoryl as category2_2_2_,
        clothesinf2_.categorys as category3_2_2_,
        clothesinf2_.fit as fit4_2_2_,
        clothesinf2_.length as length5_2_2_,
        colors3_.id as id1_4_3_,
        colors3_.name as name2_4_3_,
        materials4_.id as id1_5_4_,
        materials4_.name as name2_5_4_,
        style5_.id as id1_14_5_,
        style5_.name as name2_14_5_ 
    from
        closets closets0_ 
    left outer join
        members members1_ 
            on closets0_.author_id=members1_.id 
    left outer join
        clothes_info clothesinf2_ 
            on closets0_.clothes_info_id=clothesinf2_.id 
    left outer join
        colors colors3_ 
            on closets0_.colors_name=colors3_.name 
    left outer join
        materials materials4_ 
            on closets0_.materials_name=materials4_.name 
    left outer join
        style style5_ 
            on closets0_.style_name=style5_.name 
    where
        closets0_.id=?
Hibernate: 
    select
        closets0_.id as id1_1_0_,
        closets0_.created_date as created_2_1_0_,
        closets0_.modified_date as modified3_1_0_,
        closets0_.author_id as author_i4_1_0_,
        closets0_.clothes_info_id as clothes_5_1_0_,
        closets0_.colors_name as colors_n6_1_0_,
        closets0_.materials_name as material7_1_0_,
        closets0_.style_name as style_na8_1_0_,
        members1_.id as id1_6_1_,
        members1_.email as email2_6_1_,
        members1_.image as image3_6_1_,
        members1_.name as name4_6_1_,
        members1_.nickname as nickname5_6_1_,
        members1_.password as password6_6_1_,
        members1_.phone as phone7_6_1_,
        members1_.refresh_token as refresh_8_6_1_,
        members1_.role as role9_6_1_,
        clothesinf2_.id as id1_2_2_,
        clothesinf2_.categoryl as category2_2_2_,
        clothesinf2_.categorys as category3_2_2_,
        clothesinf2_.fit as fit4_2_2_,
        clothesinf2_.length as length5_2_2_,
        colors3_.id as id1_4_3_,
        colors3_.name as name2_4_3_,
        materials4_.id as id1_5_4_,
        materials4_.name as name2_5_4_,
        style5_.id as id1_14_5_,
        style5_.name as name2_14_5_ 
    from
        closets closets0_ 
    left outer join
        members members1_ 
            on closets0_.author_id=members1_.id 
    left outer join
        clothes_info clothesinf2_ 
            on closets0_.clothes_info_id=clothesinf2_.id 
    left outer join
        colors colors3_ 
            on closets0_.colors_name=colors3_.name 
    left outer join
        materials materials4_ 
            on closets0_.materials_name=materials4_.name 
    left outer join
        style style5_ 
            on closets0_.style_name=style5_.name 
    where
        closets0_.id=?
Hibernate: 
    select
        closets0_.id as id1_1_0_,
        closets0_.created_date as created_2_1_0_,
        closets0_.modified_date as modified3_1_0_,
        closets0_.author_id as author_i4_1_0_,
        closets0_.clothes_info_id as clothes_5_1_0_,
        closets0_.colors_name as colors_n6_1_0_,
        closets0_.materials_name as material7_1_0_,
        closets0_.style_name as style_na8_1_0_,
        members1_.id as id1_6_1_,
        members1_.email as email2_6_1_,
        members1_.image as image3_6_1_,
        members1_.name as name4_6_1_,
        members1_.nickname as nickname5_6_1_,
        members1_.password as password6_6_1_,
        members1_.phone as phone7_6_1_,
        members1_.refresh_token as refresh_8_6_1_,
        members1_.role as role9_6_1_,
        clothesinf2_.id as id1_2_2_,
        clothesinf2_.categoryl as category2_2_2_,
        clothesinf2_.categorys as category3_2_2_,
        clothesinf2_.fit as fit4_2_2_,
        clothesinf2_.length as length5_2_2_,
        colors3_.id as id1_4_3_,
        colors3_.name as name2_4_3_,
        materials4_.id as id1_5_4_,
        materials4_.name as name2_5_4_,
        style5_.id as id1_14_5_,
        style5_.name as name2_14_5_ 
    from
        closets closets0_ 
    left outer join
        members members1_ 
            on closets0_.author_id=members1_.id 
    left outer join
        clothes_info clothesinf2_ 
            on closets0_.clothes_info_id=clothesinf2_.id 
    left outer join
        colors colors3_ 
            on closets0_.colors_name=colors3_.name 
    left outer join
        materials materials4_ 
            on closets0_.materials_name=materials4_.name 
    left outer join
        style style5_ 
            on closets0_.style_name=style5_.name 
    where
        closets0_.id=?
Hibernate: 
    select
        closets0_.id as id1_1_0_,
        closets0_.created_date as created_2_1_0_,
        closets0_.modified_date as modified3_1_0_,
        closets0_.author_id as author_i4_1_0_,
        closets0_.clothes_info_id as clothes_5_1_0_,
        closets0_.colors_name as colors_n6_1_0_,
        closets0_.materials_name as material7_1_0_,
        closets0_.style_name as style_na8_1_0_,
        members1_.id as id1_6_1_,
        members1_.email as email2_6_1_,
        members1_.image as image3_6_1_,
        members1_.name as name4_6_1_,
        members1_.nickname as nickname5_6_1_,
        members1_.password as password6_6_1_,
        members1_.phone as phone7_6_1_,
        members1_.refresh_token as refresh_8_6_1_,
        members1_.role as role9_6_1_,
        clothesinf2_.id as id1_2_2_,
        clothesinf2_.categoryl as category2_2_2_,
        clothesinf2_.categorys as category3_2_2_,
        clothesinf2_.fit as fit4_2_2_,
        clothesinf2_.length as length5_2_2_,
        colors3_.id as id1_4_3_,
        colors3_.name as name2_4_3_,
        materials4_.id as id1_5_4_,
        materials4_.name as name2_5_4_,
        style5_.id as id1_14_5_,
        style5_.name as name2_14_5_ 
    from
        closets closets0_ 
    left outer join
        members members1_ 
            on closets0_.author_id=members1_.id 
    left outer join
        clothes_info clothesinf2_ 
            on closets0_.clothes_info_id=clothesinf2_.id 
    left outer join
        colors colors3_ 
            on closets0_.colors_name=colors3_.name 
    left outer join
        materials materials4_ 
            on closets0_.materials_name=materials4_.name 
    left outer join
        style style5_ 
            on closets0_.style_name=style5_.name 
    where
        closets0_.id=?
Hibernate: 
    delete 
    from
        clothes_image
Hibernate: 
    delete 
    from
        closets
]]></system-out>
  <system-err><![CDATA[]]></system-err>
</testsuite>
