<?xml version="1.0" encoding="UTF-8"?>
<testsuite name="com.betweenourclothes.web.MainApiControllerTest" tests="1" skipped="0" failures="1" errors="0" timestamp="2022-12-08T05:36:50" hostname="user" time="2.039">
  <properties/>
  <testcase name="내옷장_추천가져오기" classname="com.betweenourclothes.web.MainApiControllerTest" time="2.039">
    <failure message="org.springframework.web.util.NestedServletException: Request processing failed; nested exception is org.springframework.web.client.HttpServerErrorException$InternalServerError: 500 INTERNAL SERVER ERROR" type="org.springframework.web.util.NestedServletException">org.springframework.web.util.NestedServletException: Request processing failed; nested exception is org.springframework.web.client.HttpServerErrorException$InternalServerError: 500 INTERNAL SERVER ERROR
	at org.springframework.web.servlet.FrameworkServlet.processRequest(FrameworkServlet.java:1013)
	at org.springframework.web.servlet.FrameworkServlet.doGet(FrameworkServlet.java:897)
	at javax.servlet.http.HttpServlet.service(HttpServlet.java:634)
	at org.springframework.web.servlet.FrameworkServlet.service(FrameworkServlet.java:882)
	at org.springframework.test.web.servlet.TestDispatcherServlet.service(TestDispatcherServlet.java:71)
	at javax.servlet.http.HttpServlet.service(HttpServlet.java:741)
	at org.springframework.mock.web.MockFilterChain$ServletFilterProxy.doFilter(MockFilterChain.java:166)
	at org.springframework.mock.web.MockFilterChain.doFilter(MockFilterChain.java:133)
	at org.springframework.security.web.FilterChainProxy$VirtualFilterChain.doFilter(FilterChainProxy.java:320)
	at org.springframework.security.web.access.intercept.FilterSecurityInterceptor.invoke(FilterSecurityInterceptor.java:127)
	at org.springframework.security.web.access.intercept.FilterSecurityInterceptor.doFilter(FilterSecurityInterceptor.java:91)
	at org.springframework.security.web.FilterChainProxy$VirtualFilterChain.doFilter(FilterChainProxy.java:334)
	at org.springframework.security.web.access.ExceptionTranslationFilter.doFilter(ExceptionTranslationFilter.java:119)
	at org.springframework.security.web.FilterChainProxy$VirtualFilterChain.doFilter(FilterChainProxy.java:334)
	at org.springframework.security.web.session.SessionManagementFilter.doFilter(SessionManagementFilter.java:137)
	at org.springframework.security.web.FilterChainProxy$VirtualFilterChain.doFilter(FilterChainProxy.java:334)
	at org.springframework.security.web.authentication.AnonymousAuthenticationFilter.doFilter(AnonymousAuthenticationFilter.java:111)
	at org.springframework.security.web.FilterChainProxy$VirtualFilterChain.doFilter(FilterChainProxy.java:334)
	at org.springframework.security.web.servletapi.SecurityContextHolderAwareRequestFilter.doFilter(SecurityContextHolderAwareRequestFilter.java:170)
	at org.springframework.security.web.FilterChainProxy$VirtualFilterChain.doFilter(FilterChainProxy.java:334)
	at org.springframework.security.web.savedrequest.RequestCacheAwareFilter.doFilter(RequestCacheAwareFilter.java:63)
	at org.springframework.security.web.FilterChainProxy$VirtualFilterChain.doFilter(FilterChainProxy.java:334)
	at com.betweenourclothes.jwt.JwtAuthenticationFilter.doFilterInternal(JwtAuthenticationFilter.java:38)
	at org.springframework.web.filter.OncePerRequestFilter.doFilter(OncePerRequestFilter.java:118)
	at org.springframework.security.web.FilterChainProxy$VirtualFilterChain.doFilter(FilterChainProxy.java:334)
	at org.springframework.security.web.authentication.logout.LogoutFilter.doFilter(LogoutFilter.java:116)
	at org.springframework.security.web.FilterChainProxy$VirtualFilterChain.doFilter(FilterChainProxy.java:334)
	at org.springframework.security.web.header.HeaderWriterFilter.doFilterInternal(HeaderWriterFilter.java:74)
	at org.springframework.web.filter.OncePerRequestFilter.doFilter(OncePerRequestFilter.java:118)
	at org.springframework.security.web.FilterChainProxy$VirtualFilterChain.doFilter(FilterChainProxy.java:334)
	at org.springframework.security.web.context.SecurityContextPersistenceFilter.doFilter(SecurityContextPersistenceFilter.java:105)
	at org.springframework.security.web.FilterChainProxy$VirtualFilterChain.doFilter(FilterChainProxy.java:334)
	at org.springframework.security.web.context.request.async.WebAsyncManagerIntegrationFilter.doFilterInternal(WebAsyncManagerIntegrationFilter.java:56)
	at org.springframework.web.filter.OncePerRequestFilter.doFilter(OncePerRequestFilter.java:118)
	at org.springframework.security.web.FilterChainProxy$VirtualFilterChain.doFilter(FilterChainProxy.java:334)
	at org.springframework.security.web.FilterChainProxy.doFilterInternal(FilterChainProxy.java:215)
	at org.springframework.security.web.FilterChainProxy.doFilter(FilterChainProxy.java:178)
	at org.springframework.mock.web.MockFilterChain.doFilter(MockFilterChain.java:133)
	at org.springframework.test.web.servlet.MockMvc.perform(MockMvc.java:182)
	at com.betweenourclothes.web.MainApiControllerTest.내옷장_추천가져오기(MainApiControllerTest.java:130)
	at sun.reflect.NativeMethodAccessorImpl.invoke0(Native Method)
	at sun.reflect.NativeMethodAccessorImpl.invoke(NativeMethodAccessorImpl.java:62)
	at sun.reflect.DelegatingMethodAccessorImpl.invoke(DelegatingMethodAccessorImpl.java:43)
	at java.lang.reflect.Method.invoke(Method.java:498)
	at org.junit.runners.model.FrameworkMethod$1.runReflectiveCall(FrameworkMethod.java:50)
	at org.junit.internal.runners.model.ReflectiveCallable.run(ReflectiveCallable.java:12)
	at org.junit.runners.model.FrameworkMethod.invokeExplosively(FrameworkMethod.java:47)
	at org.junit.internal.runners.statements.InvokeMethod.evaluate(InvokeMethod.java:17)
	at org.springframework.test.context.junit4.statements.RunBeforeTestExecutionCallbacks.evaluate(RunBeforeTestExecutionCallbacks.java:74)
	at org.springframework.test.context.junit4.statements.RunAfterTestExecutionCallbacks.evaluate(RunAfterTestExecutionCallbacks.java:84)
	at org.junit.internal.runners.statements.RunBefores.evaluate(RunBefores.java:26)
	at org.springframework.test.context.junit4.statements.RunBeforeTestMethodCallbacks.evaluate(RunBeforeTestMethodCallbacks.java:75)
	at org.junit.internal.runners.statements.RunAfters.evaluate(RunAfters.java:27)
	at org.springframework.test.context.junit4.statements.RunAfterTestMethodCallbacks.evaluate(RunAfterTestMethodCallbacks.java:86)
	at org.springframework.test.context.junit4.statements.SpringRepeat.evaluate(SpringRepeat.java:84)
	at org.junit.runners.ParentRunner.runLeaf(ParentRunner.java:325)
	at org.springframework.test.context.junit4.SpringJUnit4ClassRunner.runChild(SpringJUnit4ClassRunner.java:251)
	at org.springframework.test.context.junit4.SpringJUnit4ClassRunner.runChild(SpringJUnit4ClassRunner.java:97)
	at org.junit.runners.ParentRunner$3.run(ParentRunner.java:290)
	at org.junit.runners.ParentRunner$1.schedule(ParentRunner.java:71)
	at org.junit.runners.ParentRunner.runChildren(ParentRunner.java:288)
	at org.junit.runners.ParentRunner.access$000(ParentRunner.java:58)
	at org.junit.runners.ParentRunner$2.evaluate(ParentRunner.java:268)
	at org.springframework.test.context.junit4.statements.RunBeforeTestClassCallbacks.evaluate(RunBeforeTestClassCallbacks.java:61)
	at org.springframework.test.context.junit4.statements.RunAfterTestClassCallbacks.evaluate(RunAfterTestClassCallbacks.java:70)
	at org.junit.runners.ParentRunner.run(ParentRunner.java:363)
	at org.springframework.test.context.junit4.SpringJUnit4ClassRunner.run(SpringJUnit4ClassRunner.java:190)
	at org.gradle.api.internal.tasks.testing.junit.JUnitTestClassExecutor.runTestClass(JUnitTestClassExecutor.java:106)
	at org.gradle.api.internal.tasks.testing.junit.JUnitTestClassExecutor.execute(JUnitTestClassExecutor.java:58)
	at org.gradle.api.internal.tasks.testing.junit.JUnitTestClassExecutor.execute(JUnitTestClassExecutor.java:38)
	at org.gradle.api.internal.tasks.testing.junit.AbstractJUnitTestClassProcessor.processTestClass(AbstractJUnitTestClassProcessor.java:66)
	at org.gradle.api.internal.tasks.testing.SuiteTestClassProcessor.processTestClass(SuiteTestClassProcessor.java:51)
	at sun.reflect.NativeMethodAccessorImpl.invoke0(Native Method)
	at sun.reflect.NativeMethodAccessorImpl.invoke(NativeMethodAccessorImpl.java:62)
	at sun.reflect.DelegatingMethodAccessorImpl.invoke(DelegatingMethodAccessorImpl.java:43)
	at java.lang.reflect.Method.invoke(Method.java:498)
	at org.gradle.internal.dispatch.ReflectionDispatch.dispatch(ReflectionDispatch.java:35)
	at org.gradle.internal.dispatch.ReflectionDispatch.dispatch(ReflectionDispatch.java:24)
	at org.gradle.internal.dispatch.ContextClassLoaderDispatch.dispatch(ContextClassLoaderDispatch.java:32)
	at org.gradle.internal.dispatch.ProxyDispatchAdapter$DispatchingInvocationHandler.invoke(ProxyDispatchAdapter.java:93)
	at com.sun.proxy.$Proxy2.processTestClass(Unknown Source)
	at org.gradle.api.internal.tasks.testing.worker.TestWorker.processTestClass(TestWorker.java:117)
	at sun.reflect.NativeMethodAccessorImpl.invoke0(Native Method)
	at sun.reflect.NativeMethodAccessorImpl.invoke(NativeMethodAccessorImpl.java:62)
	at sun.reflect.DelegatingMethodAccessorImpl.invoke(DelegatingMethodAccessorImpl.java:43)
	at java.lang.reflect.Method.invoke(Method.java:498)
	at org.gradle.internal.dispatch.ReflectionDispatch.dispatch(ReflectionDispatch.java:35)
	at org.gradle.internal.dispatch.ReflectionDispatch.dispatch(ReflectionDispatch.java:24)
	at org.gradle.internal.remote.internal.hub.MessageHubBackedObjectConnection$DispatchWrapper.dispatch(MessageHubBackedObjectConnection.java:155)
	at org.gradle.internal.remote.internal.hub.MessageHubBackedObjectConnection$DispatchWrapper.dispatch(MessageHubBackedObjectConnection.java:137)
	at org.gradle.internal.remote.internal.hub.MessageHub$Handler.run(MessageHub.java:404)
	at org.gradle.internal.concurrent.ExecutorPolicy$CatchAndRecordFailures.onExecute(ExecutorPolicy.java:63)
	at org.gradle.internal.concurrent.ManagedExecutorImpl$1.run(ManagedExecutorImpl.java:46)
	at java.util.concurrent.ThreadPoolExecutor.runWorker(ThreadPoolExecutor.java:1149)
	at java.util.concurrent.ThreadPoolExecutor$Worker.run(ThreadPoolExecutor.java:624)
	at org.gradle.internal.concurrent.ThreadFactoryImpl$ManagedThreadRunnable.run(ThreadFactoryImpl.java:55)
	at java.lang.Thread.run(Thread.java:748)
Caused by: org.springframework.web.client.HttpServerErrorException$InternalServerError: 500 INTERNAL SERVER ERROR
	at org.springframework.web.client.HttpServerErrorException.create(HttpServerErrorException.java:79)
	at org.springframework.web.client.DefaultResponseErrorHandler.handleError(DefaultResponseErrorHandler.java:124)
	at org.springframework.web.client.DefaultResponseErrorHandler.handleError(DefaultResponseErrorHandler.java:102)
	at org.springframework.web.client.ResponseErrorHandler.handleError(ResponseErrorHandler.java:63)
	at org.springframework.web.client.RestTemplate.handleResponse(RestTemplate.java:778)
	at org.springframework.web.client.RestTemplate.doExecute(RestTemplate.java:736)
	at org.springframework.web.client.RestTemplate.execute(RestTemplate.java:670)
	at org.springframework.web.client.RestTemplate.postForEntity(RestTemplate.java:445)
	at com.betweenourclothes.service.closets.ClosetsServiceImpl.get_recomm(ClosetsServiceImpl.java:256)
	at com.betweenourclothes.service.closets.ClosetsServiceImpl$$FastClassBySpringCGLIB$$84947245.invoke(&lt;generated&gt;)
	at org.springframework.cglib.proxy.MethodProxy.invoke(MethodProxy.java:218)
	at org.springframework.aop.framework.CglibAopProxy$CglibMethodInvocation.invokeJoinpoint(CglibAopProxy.java:749)
	at org.springframework.aop.framework.ReflectiveMethodInvocation.proceed(ReflectiveMethodInvocation.java:163)
	at org.springframework.transaction.interceptor.TransactionAspectSupport.invokeWithinTransaction(TransactionAspectSupport.java:295)
	at org.springframework.transaction.interceptor.TransactionInterceptor.invoke(TransactionInterceptor.java:98)
	at org.springframework.aop.framework.ReflectiveMethodInvocation.proceed(ReflectiveMethodInvocation.java:186)
	at org.springframework.aop.framework.CglibAopProxy$DynamicAdvisedInterceptor.intercept(CglibAopProxy.java:688)
	at com.betweenourclothes.service.closets.ClosetsServiceImpl$$EnhancerBySpringCGLIB$$9d47fc2c.get_recomm(&lt;generated&gt;)
	at com.betweenourclothes.web.ClosetsApiController.get_recomm(ClosetsApiController.java:88)
	at sun.reflect.NativeMethodAccessorImpl.invoke0(Native Method)
	at sun.reflect.NativeMethodAccessorImpl.invoke(NativeMethodAccessorImpl.java:62)
	at sun.reflect.DelegatingMethodAccessorImpl.invoke(DelegatingMethodAccessorImpl.java:43)
	at java.lang.reflect.Method.invoke(Method.java:498)
	at org.springframework.web.method.support.InvocableHandlerMethod.doInvoke(InvocableHandlerMethod.java:190)
	at org.springframework.web.method.support.InvocableHandlerMethod.invokeForRequest(InvocableHandlerMethod.java:138)
	at org.springframework.web.servlet.mvc.method.annotation.ServletInvocableHandlerMethod.invokeAndHandle(ServletInvocableHandlerMethod.java:104)
	at org.springframework.web.servlet.mvc.method.annotation.RequestMappingHandlerAdapter.invokeHandlerMethod(RequestMappingHandlerAdapter.java:892)
	at org.springframework.web.servlet.mvc.method.annotation.RequestMappingHandlerAdapter.handleInternal(RequestMappingHandlerAdapter.java:797)
	at org.springframework.web.servlet.mvc.method.AbstractHandlerMethodAdapter.handle(AbstractHandlerMethodAdapter.java:87)
	at org.springframework.web.servlet.DispatcherServlet.doDispatch(DispatcherServlet.java:1039)
	at org.springframework.web.servlet.DispatcherServlet.doService(DispatcherServlet.java:942)
	at org.springframework.web.servlet.FrameworkServlet.processRequest(FrameworkServlet.java:1005)
	... 96 more
</failure>
  </testcase>
  <system-out><![CDATA[14:36:41.905 [Test worker] DEBUG org.springframework.test.context.junit4.SpringJUnit4ClassRunner - SpringJUnit4ClassRunner constructor called with [class com.betweenourclothes.web.MainApiControllerTest]
14:36:41.911 [Test worker] DEBUG org.springframework.test.context.BootstrapUtils - Instantiating CacheAwareContextLoaderDelegate from class [org.springframework.test.context.cache.DefaultCacheAwareContextLoaderDelegate]
14:36:41.917 [Test worker] DEBUG org.springframework.test.context.BootstrapUtils - Instantiating BootstrapContext using constructor [public org.springframework.test.context.support.DefaultBootstrapContext(java.lang.Class,org.springframework.test.context.CacheAwareContextLoaderDelegate)]
14:36:41.936 [Test worker] DEBUG org.springframework.test.context.BootstrapUtils - Instantiating TestContextBootstrapper for test class [com.betweenourclothes.web.MainApiControllerTest] from class [org.springframework.boot.test.context.SpringBootTestContextBootstrapper]
14:36:41.943 [Test worker] INFO org.springframework.boot.test.context.SpringBootTestContextBootstrapper - Neither @ContextConfiguration nor @ContextHierarchy found for test class [com.betweenourclothes.web.MainApiControllerTest], using SpringBootContextLoader
14:36:41.946 [Test worker] DEBUG org.springframework.test.context.support.AbstractContextLoader - Did not detect default resource location for test class [com.betweenourclothes.web.MainApiControllerTest]: class path resource [com/betweenourclothes/web/MainApiControllerTest-context.xml] does not exist
14:36:41.946 [Test worker] DEBUG org.springframework.test.context.support.AbstractContextLoader - Did not detect default resource location for test class [com.betweenourclothes.web.MainApiControllerTest]: class path resource [com/betweenourclothes/web/MainApiControllerTestContext.groovy] does not exist
14:36:41.946 [Test worker] INFO org.springframework.test.context.support.AbstractContextLoader - Could not detect default resource locations for test class [com.betweenourclothes.web.MainApiControllerTest]: no resource found for suffixes {-context.xml, Context.groovy}.
14:36:41.947 [Test worker] INFO org.springframework.test.context.support.AnnotationConfigContextLoaderUtils - Could not detect default configuration classes for test class [com.betweenourclothes.web.MainApiControllerTest]: MainApiControllerTest does not declare any static, non-private, non-final, nested classes annotated with @Configuration.
14:36:41.981 [Test worker] DEBUG org.springframework.test.context.support.ActiveProfilesUtils - Could not find an 'annotation declaring class' for annotation type [org.springframework.test.context.ActiveProfiles] and class [com.betweenourclothes.web.MainApiControllerTest]
14:36:42.117 [Test worker] DEBUG org.springframework.context.annotation.ClassPathScanningCandidateComponentProvider - Identified candidate component class: file [C:\Users\user1\Desktop\송아\캡스톤\repo\between-our-clothes-server\build\classes\java\main\com\betweenourclothes\Application.class]
14:36:42.118 [Test worker] INFO org.springframework.boot.test.context.SpringBootTestContextBootstrapper - Found @SpringBootConfiguration com.betweenourclothes.Application for test class com.betweenourclothes.web.MainApiControllerTest
14:36:42.201 [Test worker] DEBUG org.springframework.boot.test.context.SpringBootTestContextBootstrapper - @TestExecutionListeners is not present for class [com.betweenourclothes.web.MainApiControllerTest]: using defaults.
14:36:42.202 [Test worker] INFO org.springframework.boot.test.context.SpringBootTestContextBootstrapper - Loaded default TestExecutionListener class names from location [META-INF/spring.factories]: [org.springframework.security.test.context.support.WithSecurityContextTestExecutionListener, org.springframework.security.test.context.support.ReactorContextTestExecutionListener, org.springframework.boot.test.autoconfigure.restdocs.RestDocsTestExecutionListener, org.springframework.boot.test.autoconfigure.web.client.MockRestServiceServerResetTestExecutionListener, org.springframework.boot.test.autoconfigure.web.servlet.MockMvcPrintOnlyOnFailureTestExecutionListener, org.springframework.boot.test.autoconfigure.web.servlet.WebDriverTestExecutionListener, org.springframework.boot.test.mock.mockito.MockitoTestExecutionListener, org.springframework.boot.test.mock.mockito.ResetMocksTestExecutionListener, org.springframework.test.context.web.ServletTestExecutionListener, org.springframework.test.context.support.DirtiesContextBeforeModesTestExecutionListener, org.springframework.test.context.support.DependencyInjectionTestExecutionListener, org.springframework.test.context.support.DirtiesContextTestExecutionListener, org.springframework.test.context.transaction.TransactionalTestExecutionListener, org.springframework.test.context.jdbc.SqlScriptsTestExecutionListener]
14:36:42.219 [Test worker] INFO org.springframework.boot.test.context.SpringBootTestContextBootstrapper - Using TestExecutionListeners: [org.springframework.test.context.web.ServletTestExecutionListener@143d1620, org.springframework.test.context.support.DirtiesContextBeforeModesTestExecutionListener@2234284e, org.springframework.boot.test.mock.mockito.MockitoTestExecutionListener@13b92763, org.springframework.boot.test.autoconfigure.SpringBootDependencyInjectionTestExecutionListener@3c4b927f, org.springframework.test.context.support.DirtiesContextTestExecutionListener@40bb0fc0, org.springframework.test.context.transaction.TransactionalTestExecutionListener@434e29c1, org.springframework.test.context.jdbc.SqlScriptsTestExecutionListener@19168cf4, org.springframework.security.test.context.support.WithSecurityContextTestExecutionListener@79ae3dc3, org.springframework.security.test.context.support.ReactorContextTestExecutionListener@61f3f839, org.springframework.boot.test.autoconfigure.restdocs.RestDocsTestExecutionListener@5341c5e7, org.springframework.boot.test.autoconfigure.web.client.MockRestServiceServerResetTestExecutionListener@7e9d9257, org.springframework.boot.test.autoconfigure.web.servlet.MockMvcPrintOnlyOnFailureTestExecutionListener@76d5e862, org.springframework.boot.test.autoconfigure.web.servlet.WebDriverTestExecutionListener@899f4b1, org.springframework.boot.test.mock.mockito.ResetMocksTestExecutionListener@55aa76b8]
14:36:42.221 [Test worker] DEBUG org.springframework.test.annotation.ProfileValueUtils - Retrieved @ProfileValueSourceConfiguration [null] for test class [com.betweenourclothes.web.MainApiControllerTest]
14:36:42.222 [Test worker] DEBUG org.springframework.test.annotation.ProfileValueUtils - Retrieved ProfileValueSource type [class org.springframework.test.annotation.SystemProfileValueSource] for class [com.betweenourclothes.web.MainApiControllerTest]
14:36:42.225 [Test worker] DEBUG org.springframework.test.annotation.ProfileValueUtils - Retrieved @ProfileValueSourceConfiguration [null] for test class [com.betweenourclothes.web.MainApiControllerTest]
14:36:42.226 [Test worker] DEBUG org.springframework.test.annotation.ProfileValueUtils - Retrieved ProfileValueSource type [class org.springframework.test.annotation.SystemProfileValueSource] for class [com.betweenourclothes.web.MainApiControllerTest]
14:36:42.227 [Test worker] DEBUG org.springframework.test.annotation.ProfileValueUtils - Retrieved @ProfileValueSourceConfiguration [null] for test class [com.betweenourclothes.web.MainApiControllerTest]
14:36:42.227 [Test worker] DEBUG org.springframework.test.annotation.ProfileValueUtils - Retrieved ProfileValueSource type [class org.springframework.test.annotation.SystemProfileValueSource] for class [com.betweenourclothes.web.MainApiControllerTest]
14:36:42.231 [Test worker] DEBUG org.springframework.test.context.support.AbstractDirtiesContextTestExecutionListener - Before test class: context [DefaultTestContext@3dc5631c testClass = MainApiControllerTest, testInstance = [null], testMethod = [null], testException = [null], mergedContextConfiguration = [WebMergedContextConfiguration@4e092c9f testClass = MainApiControllerTest, locations = '{}', classes = '{class com.betweenourclothes.Application}', contextInitializerClasses = '[]', activeProfiles = '{}', propertySourceLocations = '{}', propertySourceProperties = '{org.springframework.boot.test.context.SpringBootTestContextBootstrapper=true, server.port=0}', contextCustomizers = set[org.springframework.boot.test.autoconfigure.properties.PropertyMappingContextCustomizer@0, org.springframework.boot.test.autoconfigure.web.servlet.WebDriverContextCustomizerFactory$Customizer@121436ca, org.springframework.boot.test.context.filter.ExcludeFilterContextCustomizer@60920596, org.springframework.boot.test.json.DuplicateJsonObjectContextCustomizerFactory$DuplicateJsonObjectContextCustomizer@783d670a, org.springframework.boot.test.mock.mockito.MockitoContextCustomizer@0, org.springframework.boot.test.web.client.TestRestTemplateContextCustomizer@7c9f34de], resourceBasePath = 'src/main/webapp', contextLoader = 'org.springframework.boot.test.context.SpringBootContextLoader', parent = [null]], attributes = map['org.springframework.test.context.web.ServletTestExecutionListener.activateListener' -> false]], class annotated with @DirtiesContext [false] with mode [null].
14:36:42.231 [Test worker] DEBUG org.springframework.test.annotation.ProfileValueUtils - Retrieved @ProfileValueSourceConfiguration [null] for test class [com.betweenourclothes.web.MainApiControllerTest]
14:36:42.232 [Test worker] DEBUG org.springframework.test.annotation.ProfileValueUtils - Retrieved ProfileValueSource type [class org.springframework.test.annotation.SystemProfileValueSource] for class [com.betweenourclothes.web.MainApiControllerTest]
14:36:42.236 [Test worker] DEBUG org.springframework.test.context.support.DependencyInjectionTestExecutionListener - Performing dependency injection for test context [[DefaultTestContext@3dc5631c testClass = MainApiControllerTest, testInstance = com.betweenourclothes.web.MainApiControllerTest@57999132, testMethod = [null], testException = [null], mergedContextConfiguration = [WebMergedContextConfiguration@4e092c9f testClass = MainApiControllerTest, locations = '{}', classes = '{class com.betweenourclothes.Application}', contextInitializerClasses = '[]', activeProfiles = '{}', propertySourceLocations = '{}', propertySourceProperties = '{org.springframework.boot.test.context.SpringBootTestContextBootstrapper=true, server.port=0}', contextCustomizers = set[org.springframework.boot.test.autoconfigure.properties.PropertyMappingContextCustomizer@0, org.springframework.boot.test.autoconfigure.web.servlet.WebDriverContextCustomizerFactory$Customizer@121436ca, org.springframework.boot.test.context.filter.ExcludeFilterContextCustomizer@60920596, org.springframework.boot.test.json.DuplicateJsonObjectContextCustomizerFactory$DuplicateJsonObjectContextCustomizer@783d670a, org.springframework.boot.test.mock.mockito.MockitoContextCustomizer@0, org.springframework.boot.test.web.client.TestRestTemplateContextCustomizer@7c9f34de], resourceBasePath = 'src/main/webapp', contextLoader = 'org.springframework.boot.test.context.SpringBootContextLoader', parent = [null]], attributes = map['org.springframework.test.context.web.ServletTestExecutionListener.activateListener' -> false]]].
14:36:42.252 [Test worker] DEBUG org.springframework.test.context.support.TestPropertySourceUtils - Adding inlined properties to environment: {spring.jmx.enabled=false, org.springframework.boot.test.context.SpringBootTestContextBootstrapper=true, server.port=0}

  .   ____          _            __ _ _
 /\\ / ___'_ __ _ _(_)_ __  __ _ \ \ \ \
( ( )\___ | '_ | '_| | '_ \/ _` | \ \ \ \
 \\/  ___)| |_)| | | | | || (_| |  ) ) ) )
  '  |____| .__|_| |_|_| |_\__, | / / / /
 =========|_|==============|___/=/_/_/_/
 :: Spring Boot ::        (v2.1.7.RELEASE)

2022-12-08 14:36:42.483  INFO 16164 --- [    Test worker] c.b.web.MainApiControllerTest            : Starting MainApiControllerTest on user with PID 16164 (started by user1 in C:\Users\user1\Desktop\송아\캡스톤\repo\between-our-clothes-server)
2022-12-08 14:36:42.484  INFO 16164 --- [    Test worker] c.b.web.MainApiControllerTest            : No active profile set, falling back to default profiles: default
2022-12-08 14:36:43.164  INFO 16164 --- [    Test worker] .s.d.r.c.RepositoryConfigurationDelegate : Multiple Spring Data modules found, entering strict repository configuration mode!
2022-12-08 14:36:43.165  INFO 16164 --- [    Test worker] .s.d.r.c.RepositoryConfigurationDelegate : Bootstrapping Spring Data repositories in DEFAULT mode.
2022-12-08 14:36:43.186  INFO 16164 --- [    Test worker] .s.d.r.c.RepositoryConfigurationDelegate : Finished Spring Data repository scanning in 7ms. Found 0 repository interfaces.
2022-12-08 14:36:43.489  INFO 16164 --- [    Test worker] .s.d.r.c.RepositoryConfigurationDelegate : Multiple Spring Data modules found, entering strict repository configuration mode!
2022-12-08 14:36:43.491  INFO 16164 --- [    Test worker] .s.d.r.c.RepositoryConfigurationDelegate : Bootstrapping Spring Data repositories in DEFAULT mode.
2022-12-08 14:36:43.570  INFO 16164 --- [    Test worker] .RepositoryConfigurationExtensionSupport : Spring Data JPA - Could not safely identify store assignment for repository candidate interface com.betweenourclothes.domain.auth.AuthenticationRedisRepository.
2022-12-08 14:36:43.747  INFO 16164 --- [    Test worker] .RepositoryConfigurationExtensionSupport : Spring Data JPA - Could not safely identify store assignment for repository candidate interface com.betweenourclothes.domain.main.repository.RecommRedisRepository.
2022-12-08 14:36:43.795  INFO 16164 --- [    Test worker] .s.d.r.c.RepositoryConfigurationDelegate : Finished Spring Data repository scanning in 299ms. Found 13 repository interfaces.
2022-12-08 14:36:43.800  INFO 16164 --- [    Test worker] .s.d.r.c.RepositoryConfigurationDelegate : Multiple Spring Data modules found, entering strict repository configuration mode!
2022-12-08 14:36:43.800  INFO 16164 --- [    Test worker] .s.d.r.c.RepositoryConfigurationDelegate : Bootstrapping Spring Data repositories in DEFAULT mode.
2022-12-08 14:36:43.822  INFO 16164 --- [    Test worker] .RepositoryConfigurationExtensionSupport : Spring Data Redis - Could not safely identify store assignment for repository candidate interface com.betweenourclothes.domain.closets.repository.ClosetsRepository.
2022-12-08 14:36:43.822  INFO 16164 --- [    Test worker] .RepositoryConfigurationExtensionSupport : Spring Data Redis - Could not safely identify store assignment for repository candidate interface com.betweenourclothes.domain.clothes.repository.ClothesImageRepository.
2022-12-08 14:36:43.823  INFO 16164 --- [    Test worker] .RepositoryConfigurationExtensionSupport : Spring Data Redis - Could not safely identify store assignment for repository candidate interface com.betweenourclothes.domain.clothes.repository.ClothesInfoRepository.
2022-12-08 14:36:43.824  INFO 16164 --- [    Test worker] .RepositoryConfigurationExtensionSupport : Spring Data Redis - Could not safely identify store assignment for repository candidate interface com.betweenourclothes.domain.clothes.repository.ColorsRepository.
2022-12-08 14:36:43.824  INFO 16164 --- [    Test worker] .RepositoryConfigurationExtensionSupport : Spring Data Redis - Could not safely identify store assignment for repository candidate interface com.betweenourclothes.domain.clothes.repository.MaterialsRepository.
2022-12-08 14:36:43.825  INFO 16164 --- [    Test worker] .RepositoryConfigurationExtensionSupport : Spring Data Redis - Could not safely identify store assignment for repository candidate interface com.betweenourclothes.domain.clothes.repository.StyleRepository.
2022-12-08 14:36:43.825  INFO 16164 --- [    Test worker] .RepositoryConfigurationExtensionSupport : Spring Data Redis - Could not safely identify store assignment for repository candidate interface com.betweenourclothes.domain.members.repository.MembersLikeStoresPostRepository.
2022-12-08 14:36:43.827  INFO 16164 --- [    Test worker] .RepositoryConfigurationExtensionSupport : Spring Data Redis - Could not safely identify store assignment for repository candidate interface com.betweenourclothes.domain.members.repository.MembersRepository.
2022-12-08 14:36:43.827  INFO 16164 --- [    Test worker] .RepositoryConfigurationExtensionSupport : Spring Data Redis - Could not safely identify store assignment for repository candidate interface com.betweenourclothes.domain.stores.repository.SalesInfoClothesRepository.
2022-12-08 14:36:43.827  INFO 16164 --- [    Test worker] .RepositoryConfigurationExtensionSupport : Spring Data Redis - Could not safely identify store assignment for repository candidate interface com.betweenourclothes.domain.stores.repository.SalesInfoStatusRepository.
2022-12-08 14:36:43.828  INFO 16164 --- [    Test worker] .RepositoryConfigurationExtensionSupport : Spring Data Redis - Could not safely identify store assignment for repository candidate interface com.betweenourclothes.domain.stores.repository.SalesInfoUserRepository.
2022-12-08 14:36:43.828  INFO 16164 --- [    Test worker] .RepositoryConfigurationExtensionSupport : Spring Data Redis - Could not safely identify store assignment for repository candidate interface com.betweenourclothes.domain.stores.repository.StoresCommentsRepository.
2022-12-08 14:36:43.828  INFO 16164 --- [    Test worker] .RepositoryConfigurationExtensionSupport : Spring Data Redis - Could not safely identify store assignment for repository candidate interface com.betweenourclothes.domain.stores.repository.StoresRepository.
2022-12-08 14:36:43.844  INFO 16164 --- [    Test worker] .s.d.r.c.RepositoryConfigurationDelegate : Finished Spring Data repository scanning in 43ms. Found 2 repository interfaces.
2022-12-08 14:36:44.272  INFO 16164 --- [    Test worker] trationDelegate$BeanPostProcessorChecker : Bean 'org.springframework.transaction.annotation.ProxyTransactionManagementConfiguration' of type [org.springframework.transaction.annotation.ProxyTransactionManagementConfiguration$$EnhancerBySpringCGLIB$$4786ebb8] is not eligible for getting processed by all BeanPostProcessors (for example: not eligible for auto-proxying)
2022-12-08 14:36:44.591  INFO 16164 --- [    Test worker] o.s.b.w.embedded.tomcat.TomcatWebServer  : Tomcat initialized with port(s): 0 (http)
2022-12-08 14:36:44.613  INFO 16164 --- [    Test worker] o.apache.catalina.core.StandardService   : Starting service [Tomcat]
2022-12-08 14:36:44.614  INFO 16164 --- [    Test worker] org.apache.catalina.core.StandardEngine  : Starting Servlet engine: [Apache Tomcat/9.0.22]
2022-12-08 14:36:44.741  INFO 16164 --- [    Test worker] o.a.c.c.C.[Tomcat].[localhost].[/]       : Initializing Spring embedded WebApplicationContext
2022-12-08 14:36:44.742  INFO 16164 --- [    Test worker] o.s.web.context.ContextLoader            : Root WebApplicationContext: initialization completed in 2243 ms
2022-12-08 14:36:44.962  INFO 16164 --- [    Test worker] com.zaxxer.hikari.HikariDataSource       : HikariPool-1 - Starting...
2022-12-08 14:36:45.370  INFO 16164 --- [    Test worker] com.zaxxer.hikari.HikariDataSource       : HikariPool-1 - Start completed.
2022-12-08 14:36:45.439  INFO 16164 --- [    Test worker] o.hibernate.jpa.internal.util.LogHelper  : HHH000204: Processing PersistenceUnitInfo [
	name: default
	...]
2022-12-08 14:36:45.507  INFO 16164 --- [    Test worker] org.hibernate.Version                    : HHH000412: Hibernate Core {5.3.10.Final}
2022-12-08 14:36:45.509  INFO 16164 --- [    Test worker] org.hibernate.cfg.Environment            : HHH000206: hibernate.properties not found
2022-12-08 14:36:45.666  INFO 16164 --- [    Test worker] o.hibernate.annotations.common.Version   : HCANN000001: Hibernate Commons Annotations {5.0.4.Final}
2022-12-08 14:36:45.829  INFO 16164 --- [    Test worker] org.hibernate.dialect.Dialect            : HHH000400: Using dialect: org.hibernate.dialect.MySQL5InnoDBDialect
2022-12-08 14:36:47.033  INFO 16164 --- [    Test worker] j.LocalContainerEntityManagerFactoryBean : Initialized JPA EntityManagerFactory for persistence unit 'default'
2022-12-08 14:36:48.109  INFO 16164 --- [    Test worker] o.h.h.i.QueryTranslatorFactoryInitiator  : HHH000397: Using ASTQueryTranslatorFactory
2022-12-08 14:36:48.508  WARN 16164 --- [    Test worker] aWebConfiguration$JpaWebMvcConfiguration : spring.jpa.open-in-view is enabled by default. Therefore, database queries may be performed during view rendering. Explicitly configure spring.jpa.open-in-view to disable this warning
2022-12-08 14:36:48.907  INFO 16164 --- [    Test worker] o.s.s.web.DefaultSecurityFilterChain     : Creating filter chain: org.springframework.boot.autoconfigure.security.servlet.StaticResourceRequest$StaticResourceRequestMatcher@6e22f28, []
2022-12-08 14:36:48.993  INFO 16164 --- [    Test worker] o.s.s.web.DefaultSecurityFilterChain     : Creating filter chain: any request, [org.springframework.security.web.context.request.async.WebAsyncManagerIntegrationFilter@2a8cef8e, org.springframework.security.web.context.SecurityContextPersistenceFilter@36b2074f, org.springframework.security.web.header.HeaderWriterFilter@2c5f538d, org.springframework.security.web.authentication.logout.LogoutFilter@6a6bcaf5, com.betweenourclothes.jwt.JwtAuthenticationFilter@39783d3, org.springframework.security.web.savedrequest.RequestCacheAwareFilter@7e20cda5, org.springframework.security.web.servletapi.SecurityContextHolderAwareRequestFilter@68004b09, org.springframework.security.web.authentication.AnonymousAuthenticationFilter@1c3a256, org.springframework.security.web.session.SessionManagementFilter@4c673fcd, org.springframework.security.web.access.ExceptionTranslationFilter@331c3e49, org.springframework.security.web.access.intercept.FilterSecurityInterceptor@29b41c85]
2022-12-08 14:36:49.051  INFO 16164 --- [    Test worker] pertySourcedRequestMappingHandlerMapping : Mapped URL path [/v2/api-docs] onto method [public org.springframework.http.ResponseEntity<springfox.documentation.spring.web.json.Json> springfox.documentation.swagger2.web.Swagger2Controller.getDocumentation(java.lang.String,javax.servlet.http.HttpServletRequest)]
2022-12-08 14:36:49.324  INFO 16164 --- [    Test worker] o.s.s.concurrent.ThreadPoolTaskExecutor  : Initializing ExecutorService 'applicationTaskExecutor'
2022-12-08 14:36:49.797  INFO 16164 --- [    Test worker] d.s.w.p.DocumentationPluginsBootstrapper : Context refreshed
2022-12-08 14:36:49.829  INFO 16164 --- [    Test worker] d.s.w.p.DocumentationPluginsBootstrapper : Found 1 custom documentation plugin(s)
2022-12-08 14:36:49.878  INFO 16164 --- [    Test worker] s.d.s.w.s.ApiListingReferenceScanner     : Scanning for api listing references
2022-12-08 14:36:50.147  INFO 16164 --- [    Test worker] .d.s.w.r.o.CachingOperationNameGenerator : Generating unique operation named: deleteUsingDELETE_1
2022-12-08 14:36:50.170  INFO 16164 --- [    Test worker] .d.s.w.r.o.CachingOperationNameGenerator : Generating unique operation named: findPostByIdUsingGET_1
2022-12-08 14:36:50.177  INFO 16164 --- [    Test worker] .d.s.w.r.o.CachingOperationNameGenerator : Generating unique operation named: findPostsByAllCategoryUsingPOST_1
2022-12-08 14:36:50.201  INFO 16164 --- [    Test worker] .d.s.w.r.o.CachingOperationNameGenerator : Generating unique operation named: postUsingPOST_1
2022-12-08 14:36:50.203  INFO 16164 --- [    Test worker] .d.s.w.r.o.CachingOperationNameGenerator : Generating unique operation named: updateUsingPUT_1
2022-12-08 14:36:50.246  INFO 16164 --- [    Test worker] o.s.b.w.embedded.tomcat.TomcatWebServer  : Tomcat started on port(s): 55244 (http) with context path ''
2022-12-08 14:36:50.249  INFO 16164 --- [    Test worker] c.b.web.MainApiControllerTest            : Started MainApiControllerTest in 7.996 seconds (JVM running for 8.908)
2022-12-08 14:36:50.465  INFO 16164 --- [o-auto-1-exec-1] o.a.c.c.C.[Tomcat].[localhost].[/]       : Initializing Spring DispatcherServlet 'dispatcherServlet'
2022-12-08 14:36:50.465  INFO 16164 --- [o-auto-1-exec-1] o.s.web.servlet.DispatcherServlet        : Initializing Servlet 'dispatcherServlet'
2022-12-08 14:36:50.483  INFO 16164 --- [o-auto-1-exec-1] o.s.web.servlet.DispatcherServlet        : Completed initialization in 18 ms
Hibernate: 
    select
        members0_.id as id1_5_,
        members0_.email as email2_5_,
        members0_.image as image3_5_,
        members0_.name as name4_5_,
        members0_.nickname as nickname5_5_,
        members0_.password as password6_5_,
        members0_.phone as phone7_5_,
        members0_.refresh_token as refresh_8_5_,
        members0_.role as role9_5_ 
    from
        members members0_ 
    where
        members0_.email=?
Hibernate: 
    select
        members0_.id as id1_5_,
        members0_.email as email2_5_,
        members0_.image as image3_5_,
        members0_.name as name4_5_,
        members0_.nickname as nickname5_5_,
        members0_.password as password6_5_,
        members0_.phone as phone7_5_,
        members0_.refresh_token as refresh_8_5_,
        members0_.role as role9_5_ 
    from
        members members0_ 
    where
        members0_.email=?
Hibernate: 
    update
        members 
    set
        email=?,
        image=?,
        name=?,
        nickname=?,
        password=?,
        phone=?,
        refresh_token=?,
        role=? 
    where
        id=?
2022-12-08 14:36:51.051  INFO 16164 --- [    Test worker] o.a.c.c.C.[Tomcat].[localhost].[/]       : Initializing Spring TestDispatcherServlet ''
2022-12-08 14:36:51.051  INFO 16164 --- [    Test worker] o.s.t.web.servlet.TestDispatcherServlet  : Initializing Servlet ''
2022-12-08 14:36:51.055  INFO 16164 --- [    Test worker] o.s.t.web.servlet.TestDispatcherServlet  : Completed initialization in 4 ms
gunsong2@naver.com
Hibernate: 
    select
        members0_.id as id1_5_,
        members0_.email as email2_5_,
        members0_.image as image3_5_,
        members0_.name as name4_5_,
        members0_.nickname as nickname5_5_,
        members0_.password as password6_5_,
        members0_.phone as phone7_5_,
        members0_.refresh_token as refresh_8_5_,
        members0_.role as role9_5_ 
    from
        members members0_ 
    where
        members0_.email=?
Hibernate: 
    select
        style0_.id as id1_12_,
        style0_.name as name2_12_ 
    from
        style style0_ 
    where
        style0_.name=?
Hibernate: 
    select
        materials0_.id as id1_4_,
        materials0_.name as name2_4_ 
    from
        materials materials0_ 
    where
        materials0_.name=?
Hibernate: 
    select
        colors0_.id as id1_3_,
        colors0_.name as name2_3_ 
    from
        colors colors0_ 
    where
        colors0_.name=?
Hibernate: 
    select
        clothesinf0_.id as id1_1_,
        clothesinf0_.categoryl as category2_1_,
        clothesinf0_.categorys as category3_1_,
        clothesinf0_.fit as fit4_1_,
        clothesinf0_.length as length5_1_ 
    from
        clothes_info clothesinf0_ 
    where
        clothesinf0_.categoryl=? 
        and clothesinf0_.categorys=? 
        and clothesinf0_.length=? 
        and clothesinf0_.fit=?
test.jpg
C:\Users\user1\betweenourclothes\images\closets\closets-a85ccfd8-eb9e-4d3e-ab75-ccb14886049b.jpg
Hibernate: 
    insert 
    into
        clothes_image
        (closets_post_id, path, stores_post_id, type) 
    values
        (?, ?, ?, ?)
test.jpg
C:\Users\user1\betweenourclothes\images\closets\closets-d6ba6ef9-4358-4d38-ac8b-c4e35b88e7a2.jpg
Hibernate: 
    insert 
    into
        clothes_image
        (closets_post_id, path, stores_post_id, type) 
    values
        (?, ?, ?, ?)
Hibernate: 
    insert 
    into
        closets
        (created_date, modified_date, author_id, clothes_info_id, colors_name, materials_name, style_name) 
    values
        (?, ?, ?, ?, ?, ?, ?)
Hibernate: 
    update
        clothes_image 
    set
        closets_post_id=?,
        path=?,
        stores_post_id=?,
        type=? 
    where
        id=?
Hibernate: 
    update
        clothes_image 
    set
        closets_post_id=?,
        path=?,
        stores_post_id=?,
        type=? 
    where
        id=?
gunsong2@naver.com
Hibernate: 
    select
        members0_.id as id1_5_,
        members0_.email as email2_5_,
        members0_.image as image3_5_,
        members0_.name as name4_5_,
        members0_.nickname as nickname5_5_,
        members0_.password as password6_5_,
        members0_.phone as phone7_5_,
        members0_.refresh_token as refresh_8_5_,
        members0_.role as role9_5_ 
    from
        members members0_ 
    where
        members0_.email=?
Hibernate: 
    select
        style0_.id as id1_12_,
        style0_.name as name2_12_ 
    from
        style style0_ 
    where
        style0_.name=?
Hibernate: 
    select
        materials0_.id as id1_4_,
        materials0_.name as name2_4_ 
    from
        materials materials0_ 
    where
        materials0_.name=?
Hibernate: 
    select
        colors0_.id as id1_3_,
        colors0_.name as name2_3_ 
    from
        colors colors0_ 
    where
        colors0_.name=?
Hibernate: 
    select
        clothesinf0_.id as id1_1_,
        clothesinf0_.categoryl as category2_1_,
        clothesinf0_.categorys as category3_1_,
        clothesinf0_.fit as fit4_1_,
        clothesinf0_.length as length5_1_ 
    from
        clothes_info clothesinf0_ 
    where
        clothesinf0_.categoryl=? 
        and clothesinf0_.categorys=? 
        and clothesinf0_.length=? 
        and clothesinf0_.fit=?
test.jpg
C:\Users\user1\betweenourclothes\images\closets\closets-4e57c6aa-145d-4c48-ba89-54dd89116ae3.jpg
Hibernate: 
    insert 
    into
        clothes_image
        (closets_post_id, path, stores_post_id, type) 
    values
        (?, ?, ?, ?)
test.jpg
C:\Users\user1\betweenourclothes\images\closets\closets-6dc914c1-89d2-4a2a-b506-b8a842bb679f.jpg
Hibernate: 
    insert 
    into
        clothes_image
        (closets_post_id, path, stores_post_id, type) 
    values
        (?, ?, ?, ?)
Hibernate: 
    insert 
    into
        closets
        (created_date, modified_date, author_id, clothes_info_id, colors_name, materials_name, style_name) 
    values
        (?, ?, ?, ?, ?, ?, ?)
Hibernate: 
    update
        clothes_image 
    set
        closets_post_id=?,
        path=?,
        stores_post_id=?,
        type=? 
    where
        id=?
Hibernate: 
    update
        clothes_image 
    set
        closets_post_id=?,
        path=?,
        stores_post_id=?,
        type=? 
    where
        id=?
gunsong2@naver.com
Hibernate: 
    select
        members0_.id as id1_5_,
        members0_.email as email2_5_,
        members0_.image as image3_5_,
        members0_.name as name4_5_,
        members0_.nickname as nickname5_5_,
        members0_.password as password6_5_,
        members0_.phone as phone7_5_,
        members0_.refresh_token as refresh_8_5_,
        members0_.role as role9_5_ 
    from
        members members0_ 
    where
        members0_.email=?
Hibernate: 
    select
        style0_.id as id1_12_,
        style0_.name as name2_12_ 
    from
        style style0_ 
    where
        style0_.name=?
Hibernate: 
    select
        materials0_.id as id1_4_,
        materials0_.name as name2_4_ 
    from
        materials materials0_ 
    where
        materials0_.name=?
Hibernate: 
    select
        colors0_.id as id1_3_,
        colors0_.name as name2_3_ 
    from
        colors colors0_ 
    where
        colors0_.name=?
Hibernate: 
    select
        clothesinf0_.id as id1_1_,
        clothesinf0_.categoryl as category2_1_,
        clothesinf0_.categorys as category3_1_,
        clothesinf0_.fit as fit4_1_,
        clothesinf0_.length as length5_1_ 
    from
        clothes_info clothesinf0_ 
    where
        clothesinf0_.categoryl=? 
        and clothesinf0_.categorys=? 
        and clothesinf0_.length=? 
        and clothesinf0_.fit=?
test.jpg
C:\Users\user1\betweenourclothes\images\closets\closets-db45b38c-da76-4c4e-b6d9-4cc2c8f96dee.jpg
Hibernate: 
    insert 
    into
        clothes_image
        (closets_post_id, path, stores_post_id, type) 
    values
        (?, ?, ?, ?)
test.jpg
C:\Users\user1\betweenourclothes\images\closets\closets-f4e018ad-6c5a-4d1e-abc0-0c938ceda709.jpg
Hibernate: 
    insert 
    into
        clothes_image
        (closets_post_id, path, stores_post_id, type) 
    values
        (?, ?, ?, ?)
Hibernate: 
    insert 
    into
        closets
        (created_date, modified_date, author_id, clothes_info_id, colors_name, materials_name, style_name) 
    values
        (?, ?, ?, ?, ?, ?, ?)
Hibernate: 
    update
        clothes_image 
    set
        closets_post_id=?,
        path=?,
        stores_post_id=?,
        type=? 
    where
        id=?
Hibernate: 
    update
        clothes_image 
    set
        closets_post_id=?,
        path=?,
        stores_post_id=?,
        type=? 
    where
        id=?
gunsong2@naver.com
Hibernate: 
    select
        members0_.id as id1_5_,
        members0_.email as email2_5_,
        members0_.image as image3_5_,
        members0_.name as name4_5_,
        members0_.nickname as nickname5_5_,
        members0_.password as password6_5_,
        members0_.phone as phone7_5_,
        members0_.refresh_token as refresh_8_5_,
        members0_.role as role9_5_ 
    from
        members members0_ 
    where
        members0_.email=?
Hibernate: 
    select
        style0_.id as id1_12_,
        style0_.name as name2_12_ 
    from
        style style0_ 
    where
        style0_.name=?
Hibernate: 
    select
        materials0_.id as id1_4_,
        materials0_.name as name2_4_ 
    from
        materials materials0_ 
    where
        materials0_.name=?
Hibernate: 
    select
        colors0_.id as id1_3_,
        colors0_.name as name2_3_ 
    from
        colors colors0_ 
    where
        colors0_.name=?
Hibernate: 
    select
        clothesinf0_.id as id1_1_,
        clothesinf0_.categoryl as category2_1_,
        clothesinf0_.categorys as category3_1_,
        clothesinf0_.fit as fit4_1_,
        clothesinf0_.length as length5_1_ 
    from
        clothes_info clothesinf0_ 
    where
        clothesinf0_.categoryl=? 
        and clothesinf0_.categorys=? 
        and clothesinf0_.length=? 
        and clothesinf0_.fit=?
test.jpg
C:\Users\user1\betweenourclothes\images\closets\closets-1c3b0617-6198-4b90-a6bd-f8d0ee835271.jpg
Hibernate: 
    insert 
    into
        clothes_image
        (closets_post_id, path, stores_post_id, type) 
    values
        (?, ?, ?, ?)
test.jpg
C:\Users\user1\betweenourclothes\images\closets\closets-d60f40cf-7375-4a22-9ff5-0a1a911e9260.jpg
Hibernate: 
    insert 
    into
        clothes_image
        (closets_post_id, path, stores_post_id, type) 
    values
        (?, ?, ?, ?)
Hibernate: 
    insert 
    into
        closets
        (created_date, modified_date, author_id, clothes_info_id, colors_name, materials_name, style_name) 
    values
        (?, ?, ?, ?, ?, ?, ?)
Hibernate: 
    update
        clothes_image 
    set
        closets_post_id=?,
        path=?,
        stores_post_id=?,
        type=? 
    where
        id=?
Hibernate: 
    update
        clothes_image 
    set
        closets_post_id=?,
        path=?,
        stores_post_id=?,
        type=? 
    where
        id=?
gunsong2@naver.com
Hibernate: 
    select
        members0_.id as id1_5_,
        members0_.email as email2_5_,
        members0_.image as image3_5_,
        members0_.name as name4_5_,
        members0_.nickname as nickname5_5_,
        members0_.password as password6_5_,
        members0_.phone as phone7_5_,
        members0_.refresh_token as refresh_8_5_,
        members0_.role as role9_5_ 
    from
        members members0_ 
    where
        members0_.email=?
Hibernate: 
    select
        style0_.id as id1_12_,
        style0_.name as name2_12_ 
    from
        style style0_ 
    where
        style0_.name=?
Hibernate: 
    select
        materials0_.id as id1_4_,
        materials0_.name as name2_4_ 
    from
        materials materials0_ 
    where
        materials0_.name=?
Hibernate: 
    select
        colors0_.id as id1_3_,
        colors0_.name as name2_3_ 
    from
        colors colors0_ 
    where
        colors0_.name=?
Hibernate: 
    select
        clothesinf0_.id as id1_1_,
        clothesinf0_.categoryl as category2_1_,
        clothesinf0_.categorys as category3_1_,
        clothesinf0_.fit as fit4_1_,
        clothesinf0_.length as length5_1_ 
    from
        clothes_info clothesinf0_ 
    where
        clothesinf0_.categoryl=? 
        and clothesinf0_.categorys=? 
        and clothesinf0_.length=? 
        and clothesinf0_.fit=?
test.jpg
C:\Users\user1\betweenourclothes\images\closets\closets-d3b00196-9359-40eb-9cc9-fcdf62d63f10.jpg
Hibernate: 
    insert 
    into
        clothes_image
        (closets_post_id, path, stores_post_id, type) 
    values
        (?, ?, ?, ?)
test.jpg
C:\Users\user1\betweenourclothes\images\closets\closets-f5ad9319-ec94-4b09-a0c2-fed5fddaeefd.jpg
Hibernate: 
    insert 
    into
        clothes_image
        (closets_post_id, path, stores_post_id, type) 
    values
        (?, ?, ?, ?)
Hibernate: 
    insert 
    into
        closets
        (created_date, modified_date, author_id, clothes_info_id, colors_name, materials_name, style_name) 
    values
        (?, ?, ?, ?, ?, ?, ?)
Hibernate: 
    update
        clothes_image 
    set
        closets_post_id=?,
        path=?,
        stores_post_id=?,
        type=? 
    where
        id=?
Hibernate: 
    update
        clothes_image 
    set
        closets_post_id=?,
        path=?,
        stores_post_id=?,
        type=? 
    where
        id=?
Hibernate: 
    select
        closets0_.id as id1_0_,
        closets0_.created_date as created_2_0_,
        closets0_.modified_date as modified3_0_,
        closets0_.author_id as author_i4_0_,
        closets0_.clothes_info_id as clothes_5_0_,
        closets0_.colors_name as colors_n6_0_,
        closets0_.materials_name as material7_0_,
        closets0_.style_name as style_na8_0_ 
    from
        closets closets0_
Hibernate: 
    select
        members0_.id as id1_5_0_,
        members0_.email as email2_5_0_,
        members0_.image as image3_5_0_,
        members0_.name as name4_5_0_,
        members0_.nickname as nickname5_5_0_,
        members0_.password as password6_5_0_,
        members0_.phone as phone7_5_0_,
        members0_.refresh_token as refresh_8_5_0_,
        members0_.role as role9_5_0_ 
    from
        members members0_ 
    where
        members0_.id=?
Hibernate: 
    select
        clothesinf0_.id as id1_1_0_,
        clothesinf0_.categoryl as category2_1_0_,
        clothesinf0_.categorys as category3_1_0_,
        clothesinf0_.fit as fit4_1_0_,
        clothesinf0_.length as length5_1_0_ 
    from
        clothes_info clothesinf0_ 
    where
        clothesinf0_.id=?
Hibernate: 
    select
        colors0_.id as id1_3_0_,
        colors0_.name as name2_3_0_ 
    from
        colors colors0_ 
    where
        colors0_.name=?
Hibernate: 
    select
        materials0_.id as id1_4_0_,
        materials0_.name as name2_4_0_ 
    from
        materials materials0_ 
    where
        materials0_.name=?
Hibernate: 
    select
        style0_.id as id1_12_0_,
        style0_.name as name2_12_0_ 
    from
        style style0_ 
    where
        style0_.name=?
Hibernate: 
    select
        clothesinf0_.id as id1_1_0_,
        clothesinf0_.categoryl as category2_1_0_,
        clothesinf0_.categorys as category3_1_0_,
        clothesinf0_.fit as fit4_1_0_,
        clothesinf0_.length as length5_1_0_ 
    from
        clothes_info clothesinf0_ 
    where
        clothesinf0_.id=?
Hibernate: 
    select
        colors0_.id as id1_3_0_,
        colors0_.name as name2_3_0_ 
    from
        colors colors0_ 
    where
        colors0_.name=?
Hibernate: 
    select
        materials0_.id as id1_4_0_,
        materials0_.name as name2_4_0_ 
    from
        materials materials0_ 
    where
        materials0_.name=?
Hibernate: 
    select
        style0_.id as id1_12_0_,
        style0_.name as name2_12_0_ 
    from
        style style0_ 
    where
        style0_.name=?
Hibernate: 
    select
        clothesinf0_.id as id1_1_0_,
        clothesinf0_.categoryl as category2_1_0_,
        clothesinf0_.categorys as category3_1_0_,
        clothesinf0_.fit as fit4_1_0_,
        clothesinf0_.length as length5_1_0_ 
    from
        clothes_info clothesinf0_ 
    where
        clothesinf0_.id=?
Hibernate: 
    select
        colors0_.id as id1_3_0_,
        colors0_.name as name2_3_0_ 
    from
        colors colors0_ 
    where
        colors0_.name=?
Hibernate: 
    select
        materials0_.id as id1_4_0_,
        materials0_.name as name2_4_0_ 
    from
        materials materials0_ 
    where
        materials0_.name=?
Hibernate: 
    select
        style0_.id as id1_12_0_,
        style0_.name as name2_12_0_ 
    from
        style style0_ 
    where
        style0_.name=?
Hibernate: 
    select
        clothesinf0_.id as id1_1_0_,
        clothesinf0_.categoryl as category2_1_0_,
        clothesinf0_.categorys as category3_1_0_,
        clothesinf0_.fit as fit4_1_0_,
        clothesinf0_.length as length5_1_0_ 
    from
        clothes_info clothesinf0_ 
    where
        clothesinf0_.id=?
Hibernate: 
    select
        colors0_.id as id1_3_0_,
        colors0_.name as name2_3_0_ 
    from
        colors colors0_ 
    where
        colors0_.name=?
Hibernate: 
    select
        materials0_.id as id1_4_0_,
        materials0_.name as name2_4_0_ 
    from
        materials materials0_ 
    where
        materials0_.name=?
Hibernate: 
    select
        style0_.id as id1_12_0_,
        style0_.name as name2_12_0_ 
    from
        style style0_ 
    where
        style0_.name=?
Hibernate: 
    select
        clothesinf0_.id as id1_1_0_,
        clothesinf0_.categoryl as category2_1_0_,
        clothesinf0_.categorys as category3_1_0_,
        clothesinf0_.fit as fit4_1_0_,
        clothesinf0_.length as length5_1_0_ 
    from
        clothes_info clothesinf0_ 
    where
        clothesinf0_.id=?
Hibernate: 
    select
        materials0_.id as id1_4_0_,
        materials0_.name as name2_4_0_ 
    from
        materials materials0_ 
    where
        materials0_.name=?
Hibernate: 
    select
        style0_.id as id1_12_0_,
        style0_.name as name2_12_0_ 
    from
        style style0_ 
    where
        style0_.name=?
BearereyJhbGciOiJIUzI1NiJ9.eyJzdWIiOiJndW5zb25nMkBuYXZlci5jb20iLCJhdXRoIjoiUk9MRV9VU0VSIiwiZXhwIjoxNjcwNDg4NjEwfQ.sed11-BPcq-jKrS7J2gXw0s51YkCKXiyFe1eNgVZ1L0
2022-12-08 14:36:51.343  INFO 16164 --- [    Test worker] o.a.c.c.C.[Tomcat].[localhost].[/]       : Initializing Spring TestDispatcherServlet ''
2022-12-08 14:36:51.343  INFO 16164 --- [    Test worker] o.s.t.web.servlet.TestDispatcherServlet  : Initializing Servlet ''
2022-12-08 14:36:51.346  INFO 16164 --- [    Test worker] o.s.t.web.servlet.TestDispatcherServlet  : Completed initialization in 3 ms
gunsong2@naver.com
Hibernate: 
    select
        members0_.id as id1_5_,
        members0_.email as email2_5_,
        members0_.image as image3_5_,
        members0_.name as name4_5_,
        members0_.nickname as nickname5_5_,
        members0_.password as password6_5_,
        members0_.phone as phone7_5_,
        members0_.refresh_token as refresh_8_5_,
        members0_.role as role9_5_ 
    from
        members members0_ 
    where
        members0_.email=?
Hibernate: 
    select
        style0_.id as id1_12_,
        style0_.name as name2_12_ 
    from
        style style0_ 
    where
        style0_.name=?
Hibernate: 
    select
        materials0_.id as id1_4_,
        materials0_.name as name2_4_ 
    from
        materials materials0_ 
    where
        materials0_.name=?
Hibernate: 
    select
        colors0_.id as id1_3_,
        colors0_.name as name2_3_ 
    from
        colors colors0_ 
    where
        colors0_.name=?
Hibernate: 
    select
        clothesinf0_.id as id1_1_,
        clothesinf0_.categoryl as category2_1_,
        clothesinf0_.categorys as category3_1_,
        clothesinf0_.fit as fit4_1_,
        clothesinf0_.length as length5_1_ 
    from
        clothes_info clothesinf0_ 
    where
        clothesinf0_.categoryl=? 
        and clothesinf0_.categorys=? 
        and clothesinf0_.length=? 
        and clothesinf0_.fit=?
Hibernate: 
    select
        salesinfoc0_.id as id1_7_,
        salesinfoc0_.clothes_brand as clothes_2_7_,
        salesinfoc0_.clothes_color as clothes_3_7_,
        salesinfoc0_.clothes_gender as clothes_4_7_,
        salesinfoc0_.clothes_size as clothes_5_7_ 
    from
        sales_info_clothes salesinfoc0_ 
    where
        salesinfoc0_.clothes_brand=? 
        and salesinfoc0_.clothes_gender=? 
        and salesinfoc0_.clothes_size=? 
        and salesinfoc0_.clothes_color=?
Hibernate: 
    select
        salesinfos0_.id as id1_8_,
        salesinfos0_.status_score as status_s2_8_,
        salesinfos0_.status_tag as status_t3_8_,
        salesinfos0_.status_times as status_t4_8_,
        salesinfos0_.status_when2buy as status_w5_8_,
        salesinfos0_.transport as transpor6_8_ 
    from
        sales_info_status salesinfos0_ 
    where
        salesinfos0_.status_tag=? 
        and salesinfos0_.status_score=? 
        and salesinfos0_.status_times=? 
        and salesinfos0_.status_when2buy=? 
        and salesinfos0_.transport=?
Hibernate: 
    select
        salesinfou0_.id as id1_9_,
        salesinfou0_.user_height as user_hei2_9_,
        salesinfou0_.user_size as user_siz3_9_,
        salesinfou0_.user_weight as user_wei4_9_ 
    from
        sales_info_user salesinfou0_ 
    where
        salesinfou0_.user_size=? 
        and salesinfou0_.user_weight=? 
        and salesinfou0_.user_height=?
C:\Users\user1\betweenourclothes\images\stores\stores-9930dcb2-5798-4020-9b78-1c2b2af9e2a6.jpg
Hibernate: 
    insert 
    into
        clothes_image
        (closets_post_id, path, stores_post_id, type) 
    values
        (?, ?, ?, ?)
C:\Users\user1\betweenourclothes\images\stores\stores-58279e0a-801b-4aec-a42d-ae09b8658337.jpg
Hibernate: 
    insert 
    into
        clothes_image
        (closets_post_id, path, stores_post_id, type) 
    values
        (?, ?, ?, ?)
Hibernate: 
    insert 
    into
        stores
        (created_date, modified_date, author_id, clothes_info_id, colors_name, materials_name, style_name, clothes_length, content, price, sales_info_clothes_id, sales_info_status_id, sales_info_user_id, status, title) 
    values
        (?, ?, ?, ?, ?, ?, ?, ?, ?, ?, ?, ?, ?, ?, ?)
Hibernate: 
    update
        clothes_image 
    set
        closets_post_id=?,
        path=?,
        stores_post_id=?,
        type=? 
    where
        id=?
Hibernate: 
    update
        clothes_image 
    set
        closets_post_id=?,
        path=?,
        stores_post_id=?,
        type=? 
    where
        id=?
gunsong2@naver.com
Hibernate: 
    select
        members0_.id as id1_5_,
        members0_.email as email2_5_,
        members0_.image as image3_5_,
        members0_.name as name4_5_,
        members0_.nickname as nickname5_5_,
        members0_.password as password6_5_,
        members0_.phone as phone7_5_,
        members0_.refresh_token as refresh_8_5_,
        members0_.role as role9_5_ 
    from
        members members0_ 
    where
        members0_.email=?
Hibernate: 
    select
        style0_.id as id1_12_,
        style0_.name as name2_12_ 
    from
        style style0_ 
    where
        style0_.name=?
Hibernate: 
    select
        materials0_.id as id1_4_,
        materials0_.name as name2_4_ 
    from
        materials materials0_ 
    where
        materials0_.name=?
Hibernate: 
    select
        colors0_.id as id1_3_,
        colors0_.name as name2_3_ 
    from
        colors colors0_ 
    where
        colors0_.name=?
Hibernate: 
    select
        clothesinf0_.id as id1_1_,
        clothesinf0_.categoryl as category2_1_,
        clothesinf0_.categorys as category3_1_,
        clothesinf0_.fit as fit4_1_,
        clothesinf0_.length as length5_1_ 
    from
        clothes_info clothesinf0_ 
    where
        clothesinf0_.categoryl=? 
        and clothesinf0_.categorys=? 
        and clothesinf0_.length=? 
        and clothesinf0_.fit=?
Hibernate: 
    select
        salesinfoc0_.id as id1_7_,
        salesinfoc0_.clothes_brand as clothes_2_7_,
        salesinfoc0_.clothes_color as clothes_3_7_,
        salesinfoc0_.clothes_gender as clothes_4_7_,
        salesinfoc0_.clothes_size as clothes_5_7_ 
    from
        sales_info_clothes salesinfoc0_ 
    where
        salesinfoc0_.clothes_brand=? 
        and salesinfoc0_.clothes_gender=? 
        and salesinfoc0_.clothes_size=? 
        and salesinfoc0_.clothes_color=?
Hibernate: 
    select
        salesinfos0_.id as id1_8_,
        salesinfos0_.status_score as status_s2_8_,
        salesinfos0_.status_tag as status_t3_8_,
        salesinfos0_.status_times as status_t4_8_,
        salesinfos0_.status_when2buy as status_w5_8_,
        salesinfos0_.transport as transpor6_8_ 
    from
        sales_info_status salesinfos0_ 
    where
        salesinfos0_.status_tag=? 
        and salesinfos0_.status_score=? 
        and salesinfos0_.status_times=? 
        and salesinfos0_.status_when2buy=? 
        and salesinfos0_.transport=?
Hibernate: 
    select
        salesinfou0_.id as id1_9_,
        salesinfou0_.user_height as user_hei2_9_,
        salesinfou0_.user_size as user_siz3_9_,
        salesinfou0_.user_weight as user_wei4_9_ 
    from
        sales_info_user salesinfou0_ 
    where
        salesinfou0_.user_size=? 
        and salesinfou0_.user_weight=? 
        and salesinfou0_.user_height=?
C:\Users\user1\betweenourclothes\images\stores\stores-fa0e9529-67c1-4877-9a6d-60669993f7e3.jpg
Hibernate: 
    insert 
    into
        clothes_image
        (closets_post_id, path, stores_post_id, type) 
    values
        (?, ?, ?, ?)
C:\Users\user1\betweenourclothes\images\stores\stores-986ed9b5-9375-4b7f-a0c1-b54737692c63.jpg
Hibernate: 
    insert 
    into
        clothes_image
        (closets_post_id, path, stores_post_id, type) 
    values
        (?, ?, ?, ?)
Hibernate: 
    insert 
    into
        stores
        (created_date, modified_date, author_id, clothes_info_id, colors_name, materials_name, style_name, clothes_length, content, price, sales_info_clothes_id, sales_info_status_id, sales_info_user_id, status, title) 
    values
        (?, ?, ?, ?, ?, ?, ?, ?, ?, ?, ?, ?, ?, ?, ?)
Hibernate: 
    update
        clothes_image 
    set
        closets_post_id=?,
        path=?,
        stores_post_id=?,
        type=? 
    where
        id=?
Hibernate: 
    update
        clothes_image 
    set
        closets_post_id=?,
        path=?,
        stores_post_id=?,
        type=? 
    where
        id=?
gunsong2@naver.com
Hibernate: 
    select
        members0_.id as id1_5_,
        members0_.email as email2_5_,
        members0_.image as image3_5_,
        members0_.name as name4_5_,
        members0_.nickname as nickname5_5_,
        members0_.password as password6_5_,
        members0_.phone as phone7_5_,
        members0_.refresh_token as refresh_8_5_,
        members0_.role as role9_5_ 
    from
        members members0_ 
    where
        members0_.email=?
Hibernate: 
    select
        style0_.id as id1_12_,
        style0_.name as name2_12_ 
    from
        style style0_ 
    where
        style0_.name=?
Hibernate: 
    select
        materials0_.id as id1_4_,
        materials0_.name as name2_4_ 
    from
        materials materials0_ 
    where
        materials0_.name=?
Hibernate: 
    select
        colors0_.id as id1_3_,
        colors0_.name as name2_3_ 
    from
        colors colors0_ 
    where
        colors0_.name=?
Hibernate: 
    select
        clothesinf0_.id as id1_1_,
        clothesinf0_.categoryl as category2_1_,
        clothesinf0_.categorys as category3_1_,
        clothesinf0_.fit as fit4_1_,
        clothesinf0_.length as length5_1_ 
    from
        clothes_info clothesinf0_ 
    where
        clothesinf0_.categoryl=? 
        and clothesinf0_.categorys=? 
        and clothesinf0_.length=? 
        and clothesinf0_.fit=?
Hibernate: 
    select
        salesinfoc0_.id as id1_7_,
        salesinfoc0_.clothes_brand as clothes_2_7_,
        salesinfoc0_.clothes_color as clothes_3_7_,
        salesinfoc0_.clothes_gender as clothes_4_7_,
        salesinfoc0_.clothes_size as clothes_5_7_ 
    from
        sales_info_clothes salesinfoc0_ 
    where
        salesinfoc0_.clothes_brand=? 
        and salesinfoc0_.clothes_gender=? 
        and salesinfoc0_.clothes_size=? 
        and salesinfoc0_.clothes_color=?
Hibernate: 
    select
        salesinfos0_.id as id1_8_,
        salesinfos0_.status_score as status_s2_8_,
        salesinfos0_.status_tag as status_t3_8_,
        salesinfos0_.status_times as status_t4_8_,
        salesinfos0_.status_when2buy as status_w5_8_,
        salesinfos0_.transport as transpor6_8_ 
    from
        sales_info_status salesinfos0_ 
    where
        salesinfos0_.status_tag=? 
        and salesinfos0_.status_score=? 
        and salesinfos0_.status_times=? 
        and salesinfos0_.status_when2buy=? 
        and salesinfos0_.transport=?
Hibernate: 
    select
        salesinfou0_.id as id1_9_,
        salesinfou0_.user_height as user_hei2_9_,
        salesinfou0_.user_size as user_siz3_9_,
        salesinfou0_.user_weight as user_wei4_9_ 
    from
        sales_info_user salesinfou0_ 
    where
        salesinfou0_.user_size=? 
        and salesinfou0_.user_weight=? 
        and salesinfou0_.user_height=?
C:\Users\user1\betweenourclothes\images\stores\stores-e930e0e6-a233-408a-9f90-bb1905e9d7a3.jpg
Hibernate: 
    insert 
    into
        clothes_image
        (closets_post_id, path, stores_post_id, type) 
    values
        (?, ?, ?, ?)
C:\Users\user1\betweenourclothes\images\stores\stores-8af68d08-5428-4828-acce-92306d156a3f.jpg
Hibernate: 
    insert 
    into
        clothes_image
        (closets_post_id, path, stores_post_id, type) 
    values
        (?, ?, ?, ?)
Hibernate: 
    insert 
    into
        stores
        (created_date, modified_date, author_id, clothes_info_id, colors_name, materials_name, style_name, clothes_length, content, price, sales_info_clothes_id, sales_info_status_id, sales_info_user_id, status, title) 
    values
        (?, ?, ?, ?, ?, ?, ?, ?, ?, ?, ?, ?, ?, ?, ?)
Hibernate: 
    update
        clothes_image 
    set
        closets_post_id=?,
        path=?,
        stores_post_id=?,
        type=? 
    where
        id=?
Hibernate: 
    update
        clothes_image 
    set
        closets_post_id=?,
        path=?,
        stores_post_id=?,
        type=? 
    where
        id=?
gunsong2@naver.com
Hibernate: 
    select
        members0_.id as id1_5_,
        members0_.email as email2_5_,
        members0_.image as image3_5_,
        members0_.name as name4_5_,
        members0_.nickname as nickname5_5_,
        members0_.password as password6_5_,
        members0_.phone as phone7_5_,
        members0_.refresh_token as refresh_8_5_,
        members0_.role as role9_5_ 
    from
        members members0_ 
    where
        members0_.email=?
Hibernate: 
    select
        style0_.id as id1_12_,
        style0_.name as name2_12_ 
    from
        style style0_ 
    where
        style0_.name=?
Hibernate: 
    select
        materials0_.id as id1_4_,
        materials0_.name as name2_4_ 
    from
        materials materials0_ 
    where
        materials0_.name=?
Hibernate: 
    select
        colors0_.id as id1_3_,
        colors0_.name as name2_3_ 
    from
        colors colors0_ 
    where
        colors0_.name=?
Hibernate: 
    select
        clothesinf0_.id as id1_1_,
        clothesinf0_.categoryl as category2_1_,
        clothesinf0_.categorys as category3_1_,
        clothesinf0_.fit as fit4_1_,
        clothesinf0_.length as length5_1_ 
    from
        clothes_info clothesinf0_ 
    where
        clothesinf0_.categoryl=? 
        and clothesinf0_.categorys=? 
        and clothesinf0_.length=? 
        and clothesinf0_.fit=?
Hibernate: 
    select
        salesinfoc0_.id as id1_7_,
        salesinfoc0_.clothes_brand as clothes_2_7_,
        salesinfoc0_.clothes_color as clothes_3_7_,
        salesinfoc0_.clothes_gender as clothes_4_7_,
        salesinfoc0_.clothes_size as clothes_5_7_ 
    from
        sales_info_clothes salesinfoc0_ 
    where
        salesinfoc0_.clothes_brand=? 
        and salesinfoc0_.clothes_gender=? 
        and salesinfoc0_.clothes_size=? 
        and salesinfoc0_.clothes_color=?
Hibernate: 
    select
        salesinfos0_.id as id1_8_,
        salesinfos0_.status_score as status_s2_8_,
        salesinfos0_.status_tag as status_t3_8_,
        salesinfos0_.status_times as status_t4_8_,
        salesinfos0_.status_when2buy as status_w5_8_,
        salesinfos0_.transport as transpor6_8_ 
    from
        sales_info_status salesinfos0_ 
    where
        salesinfos0_.status_tag=? 
        and salesinfos0_.status_score=? 
        and salesinfos0_.status_times=? 
        and salesinfos0_.status_when2buy=? 
        and salesinfos0_.transport=?
Hibernate: 
    select
        salesinfou0_.id as id1_9_,
        salesinfou0_.user_height as user_hei2_9_,
        salesinfou0_.user_size as user_siz3_9_,
        salesinfou0_.user_weight as user_wei4_9_ 
    from
        sales_info_user salesinfou0_ 
    where
        salesinfou0_.user_size=? 
        and salesinfou0_.user_weight=? 
        and salesinfou0_.user_height=?
C:\Users\user1\betweenourclothes\images\stores\stores-3d7ecd5b-f349-4ce0-9184-e5de47aeecc3.jpg
Hibernate: 
    insert 
    into
        clothes_image
        (closets_post_id, path, stores_post_id, type) 
    values
        (?, ?, ?, ?)
C:\Users\user1\betweenourclothes\images\stores\stores-f2ead101-4db8-493b-a221-a84aa280d3c7.jpg
Hibernate: 
    insert 
    into
        clothes_image
        (closets_post_id, path, stores_post_id, type) 
    values
        (?, ?, ?, ?)
Hibernate: 
    insert 
    into
        stores
        (created_date, modified_date, author_id, clothes_info_id, colors_name, materials_name, style_name, clothes_length, content, price, sales_info_clothes_id, sales_info_status_id, sales_info_user_id, status, title) 
    values
        (?, ?, ?, ?, ?, ?, ?, ?, ?, ?, ?, ?, ?, ?, ?)
Hibernate: 
    update
        clothes_image 
    set
        closets_post_id=?,
        path=?,
        stores_post_id=?,
        type=? 
    where
        id=?
Hibernate: 
    update
        clothes_image 
    set
        closets_post_id=?,
        path=?,
        stores_post_id=?,
        type=? 
    where
        id=?
gunsong2@naver.com
Hibernate: 
    select
        members0_.id as id1_5_,
        members0_.email as email2_5_,
        members0_.image as image3_5_,
        members0_.name as name4_5_,
        members0_.nickname as nickname5_5_,
        members0_.password as password6_5_,
        members0_.phone as phone7_5_,
        members0_.refresh_token as refresh_8_5_,
        members0_.role as role9_5_ 
    from
        members members0_ 
    where
        members0_.email=?
Hibernate: 
    select
        style0_.id as id1_12_,
        style0_.name as name2_12_ 
    from
        style style0_ 
    where
        style0_.name=?
Hibernate: 
    select
        materials0_.id as id1_4_,
        materials0_.name as name2_4_ 
    from
        materials materials0_ 
    where
        materials0_.name=?
Hibernate: 
    select
        colors0_.id as id1_3_,
        colors0_.name as name2_3_ 
    from
        colors colors0_ 
    where
        colors0_.name=?
Hibernate: 
    select
        clothesinf0_.id as id1_1_,
        clothesinf0_.categoryl as category2_1_,
        clothesinf0_.categorys as category3_1_,
        clothesinf0_.fit as fit4_1_,
        clothesinf0_.length as length5_1_ 
    from
        clothes_info clothesinf0_ 
    where
        clothesinf0_.categoryl=? 
        and clothesinf0_.categorys=? 
        and clothesinf0_.length=? 
        and clothesinf0_.fit=?
Hibernate: 
    select
        salesinfoc0_.id as id1_7_,
        salesinfoc0_.clothes_brand as clothes_2_7_,
        salesinfoc0_.clothes_color as clothes_3_7_,
        salesinfoc0_.clothes_gender as clothes_4_7_,
        salesinfoc0_.clothes_size as clothes_5_7_ 
    from
        sales_info_clothes salesinfoc0_ 
    where
        salesinfoc0_.clothes_brand=? 
        and salesinfoc0_.clothes_gender=? 
        and salesinfoc0_.clothes_size=? 
        and salesinfoc0_.clothes_color=?
Hibernate: 
    select
        salesinfos0_.id as id1_8_,
        salesinfos0_.status_score as status_s2_8_,
        salesinfos0_.status_tag as status_t3_8_,
        salesinfos0_.status_times as status_t4_8_,
        salesinfos0_.status_when2buy as status_w5_8_,
        salesinfos0_.transport as transpor6_8_ 
    from
        sales_info_status salesinfos0_ 
    where
        salesinfos0_.status_tag=? 
        and salesinfos0_.status_score=? 
        and salesinfos0_.status_times=? 
        and salesinfos0_.status_when2buy=? 
        and salesinfos0_.transport=?
Hibernate: 
    select
        salesinfou0_.id as id1_9_,
        salesinfou0_.user_height as user_hei2_9_,
        salesinfou0_.user_size as user_siz3_9_,
        salesinfou0_.user_weight as user_wei4_9_ 
    from
        sales_info_user salesinfou0_ 
    where
        salesinfou0_.user_size=? 
        and salesinfou0_.user_weight=? 
        and salesinfou0_.user_height=?
C:\Users\user1\betweenourclothes\images\stores\stores-782bad46-f0b7-4f90-8347-5784bb5db484.jpg
Hibernate: 
    insert 
    into
        clothes_image
        (closets_post_id, path, stores_post_id, type) 
    values
        (?, ?, ?, ?)
C:\Users\user1\betweenourclothes\images\stores\stores-24a37a1c-2ffd-4f75-af60-f6dcce2cf7ea.jpg
Hibernate: 
    insert 
    into
        clothes_image
        (closets_post_id, path, stores_post_id, type) 
    values
        (?, ?, ?, ?)
Hibernate: 
    insert 
    into
        stores
        (created_date, modified_date, author_id, clothes_info_id, colors_name, materials_name, style_name, clothes_length, content, price, sales_info_clothes_id, sales_info_status_id, sales_info_user_id, status, title) 
    values
        (?, ?, ?, ?, ?, ?, ?, ?, ?, ?, ?, ?, ?, ?, ?)
Hibernate: 
    update
        clothes_image 
    set
        closets_post_id=?,
        path=?,
        stores_post_id=?,
        type=? 
    where
        id=?
Hibernate: 
    update
        clothes_image 
    set
        closets_post_id=?,
        path=?,
        stores_post_id=?,
        type=? 
    where
        id=?
Hibernate: 
    select
        stores0_.id as id1_10_,
        stores0_.created_date as created_2_10_,
        stores0_.modified_date as modified3_10_,
        stores0_.author_id as author_i9_10_,
        stores0_.clothes_info_id as clothes10_10_,
        stores0_.colors_name as colors_11_10_,
        stores0_.materials_name as materia12_10_,
        stores0_.style_name as style_n13_10_,
        stores0_.clothes_length as clothes_4_10_,
        stores0_.content as content5_10_,
        stores0_.price as price6_10_,
        stores0_.sales_info_clothes_id as sales_i14_10_,
        stores0_.sales_info_status_id as sales_i15_10_,
        stores0_.sales_info_user_id as sales_i16_10_,
        stores0_.status as status7_10_,
        stores0_.title as title8_10_ 
    from
        stores stores0_
Hibernate: 
    select
        members0_.id as id1_5_0_,
        members0_.email as email2_5_0_,
        members0_.image as image3_5_0_,
        members0_.name as name4_5_0_,
        members0_.nickname as nickname5_5_0_,
        members0_.password as password6_5_0_,
        members0_.phone as phone7_5_0_,
        members0_.refresh_token as refresh_8_5_0_,
        members0_.role as role9_5_0_ 
    from
        members members0_ 
    where
        members0_.id=?
Hibernate: 
    select
        clothesinf0_.id as id1_1_0_,
        clothesinf0_.categoryl as category2_1_0_,
        clothesinf0_.categorys as category3_1_0_,
        clothesinf0_.fit as fit4_1_0_,
        clothesinf0_.length as length5_1_0_ 
    from
        clothes_info clothesinf0_ 
    where
        clothesinf0_.id=?
Hibernate: 
    select
        colors0_.id as id1_3_0_,
        colors0_.name as name2_3_0_ 
    from
        colors colors0_ 
    where
        colors0_.name=?
Hibernate: 
    select
        materials0_.id as id1_4_0_,
        materials0_.name as name2_4_0_ 
    from
        materials materials0_ 
    where
        materials0_.name=?
Hibernate: 
    select
        style0_.id as id1_12_0_,
        style0_.name as name2_12_0_ 
    from
        style style0_ 
    where
        style0_.name=?
Hibernate: 
    select
        salesinfoc0_.id as id1_7_0_,
        salesinfoc0_.clothes_brand as clothes_2_7_0_,
        salesinfoc0_.clothes_color as clothes_3_7_0_,
        salesinfoc0_.clothes_gender as clothes_4_7_0_,
        salesinfoc0_.clothes_size as clothes_5_7_0_ 
    from
        sales_info_clothes salesinfoc0_ 
    where
        salesinfoc0_.id=?
Hibernate: 
    select
        salesinfos0_.id as id1_8_0_,
        salesinfos0_.status_score as status_s2_8_0_,
        salesinfos0_.status_tag as status_t3_8_0_,
        salesinfos0_.status_times as status_t4_8_0_,
        salesinfos0_.status_when2buy as status_w5_8_0_,
        salesinfos0_.transport as transpor6_8_0_ 
    from
        sales_info_status salesinfos0_ 
    where
        salesinfos0_.id=?
Hibernate: 
    select
        salesinfou0_.id as id1_9_0_,
        salesinfou0_.user_height as user_hei2_9_0_,
        salesinfou0_.user_size as user_siz3_9_0_,
        salesinfou0_.user_weight as user_wei4_9_0_ 
    from
        sales_info_user salesinfou0_ 
    where
        salesinfou0_.id=?
Hibernate: 
    select
        clothesinf0_.id as id1_1_0_,
        clothesinf0_.categoryl as category2_1_0_,
        clothesinf0_.categorys as category3_1_0_,
        clothesinf0_.fit as fit4_1_0_,
        clothesinf0_.length as length5_1_0_ 
    from
        clothes_info clothesinf0_ 
    where
        clothesinf0_.id=?
Hibernate: 
    select
        colors0_.id as id1_3_0_,
        colors0_.name as name2_3_0_ 
    from
        colors colors0_ 
    where
        colors0_.name=?
Hibernate: 
    select
        materials0_.id as id1_4_0_,
        materials0_.name as name2_4_0_ 
    from
        materials materials0_ 
    where
        materials0_.name=?
Hibernate: 
    select
        style0_.id as id1_12_0_,
        style0_.name as name2_12_0_ 
    from
        style style0_ 
    where
        style0_.name=?
Hibernate: 
    select
        salesinfoc0_.id as id1_7_0_,
        salesinfoc0_.clothes_brand as clothes_2_7_0_,
        salesinfoc0_.clothes_color as clothes_3_7_0_,
        salesinfoc0_.clothes_gender as clothes_4_7_0_,
        salesinfoc0_.clothes_size as clothes_5_7_0_ 
    from
        sales_info_clothes salesinfoc0_ 
    where
        salesinfoc0_.id=?
Hibernate: 
    select
        salesinfos0_.id as id1_8_0_,
        salesinfos0_.status_score as status_s2_8_0_,
        salesinfos0_.status_tag as status_t3_8_0_,
        salesinfos0_.status_times as status_t4_8_0_,
        salesinfos0_.status_when2buy as status_w5_8_0_,
        salesinfos0_.transport as transpor6_8_0_ 
    from
        sales_info_status salesinfos0_ 
    where
        salesinfos0_.id=?
Hibernate: 
    select
        salesinfou0_.id as id1_9_0_,
        salesinfou0_.user_height as user_hei2_9_0_,
        salesinfou0_.user_size as user_siz3_9_0_,
        salesinfou0_.user_weight as user_wei4_9_0_ 
    from
        sales_info_user salesinfou0_ 
    where
        salesinfou0_.id=?
Hibernate: 
    select
        clothesinf0_.id as id1_1_0_,
        clothesinf0_.categoryl as category2_1_0_,
        clothesinf0_.categorys as category3_1_0_,
        clothesinf0_.fit as fit4_1_0_,
        clothesinf0_.length as length5_1_0_ 
    from
        clothes_info clothesinf0_ 
    where
        clothesinf0_.id=?
Hibernate: 
    select
        colors0_.id as id1_3_0_,
        colors0_.name as name2_3_0_ 
    from
        colors colors0_ 
    where
        colors0_.name=?
Hibernate: 
    select
        materials0_.id as id1_4_0_,
        materials0_.name as name2_4_0_ 
    from
        materials materials0_ 
    where
        materials0_.name=?
Hibernate: 
    select
        style0_.id as id1_12_0_,
        style0_.name as name2_12_0_ 
    from
        style style0_ 
    where
        style0_.name=?
Hibernate: 
    select
        salesinfoc0_.id as id1_7_0_,
        salesinfoc0_.clothes_brand as clothes_2_7_0_,
        salesinfoc0_.clothes_color as clothes_3_7_0_,
        salesinfoc0_.clothes_gender as clothes_4_7_0_,
        salesinfoc0_.clothes_size as clothes_5_7_0_ 
    from
        sales_info_clothes salesinfoc0_ 
    where
        salesinfoc0_.id=?
Hibernate: 
    select
        salesinfos0_.id as id1_8_0_,
        salesinfos0_.status_score as status_s2_8_0_,
        salesinfos0_.status_tag as status_t3_8_0_,
        salesinfos0_.status_times as status_t4_8_0_,
        salesinfos0_.status_when2buy as status_w5_8_0_,
        salesinfos0_.transport as transpor6_8_0_ 
    from
        sales_info_status salesinfos0_ 
    where
        salesinfos0_.id=?
Hibernate: 
    select
        salesinfou0_.id as id1_9_0_,
        salesinfou0_.user_height as user_hei2_9_0_,
        salesinfou0_.user_size as user_siz3_9_0_,
        salesinfou0_.user_weight as user_wei4_9_0_ 
    from
        sales_info_user salesinfou0_ 
    where
        salesinfou0_.id=?
Hibernate: 
    select
        clothesinf0_.id as id1_1_0_,
        clothesinf0_.categoryl as category2_1_0_,
        clothesinf0_.categorys as category3_1_0_,
        clothesinf0_.fit as fit4_1_0_,
        clothesinf0_.length as length5_1_0_ 
    from
        clothes_info clothesinf0_ 
    where
        clothesinf0_.id=?
Hibernate: 
    select
        colors0_.id as id1_3_0_,
        colors0_.name as name2_3_0_ 
    from
        colors colors0_ 
    where
        colors0_.name=?
Hibernate: 
    select
        materials0_.id as id1_4_0_,
        materials0_.name as name2_4_0_ 
    from
        materials materials0_ 
    where
        materials0_.name=?
Hibernate: 
    select
        style0_.id as id1_12_0_,
        style0_.name as name2_12_0_ 
    from
        style style0_ 
    where
        style0_.name=?
Hibernate: 
    select
        salesinfoc0_.id as id1_7_0_,
        salesinfoc0_.clothes_brand as clothes_2_7_0_,
        salesinfoc0_.clothes_color as clothes_3_7_0_,
        salesinfoc0_.clothes_gender as clothes_4_7_0_,
        salesinfoc0_.clothes_size as clothes_5_7_0_ 
    from
        sales_info_clothes salesinfoc0_ 
    where
        salesinfoc0_.id=?
Hibernate: 
    select
        salesinfos0_.id as id1_8_0_,
        salesinfos0_.status_score as status_s2_8_0_,
        salesinfos0_.status_tag as status_t3_8_0_,
        salesinfos0_.status_times as status_t4_8_0_,
        salesinfos0_.status_when2buy as status_w5_8_0_,
        salesinfos0_.transport as transpor6_8_0_ 
    from
        sales_info_status salesinfos0_ 
    where
        salesinfos0_.id=?
Hibernate: 
    select
        salesinfou0_.id as id1_9_0_,
        salesinfou0_.user_height as user_hei2_9_0_,
        salesinfou0_.user_size as user_siz3_9_0_,
        salesinfou0_.user_weight as user_wei4_9_0_ 
    from
        sales_info_user salesinfou0_ 
    where
        salesinfou0_.id=?
Hibernate: 
    select
        clothesinf0_.id as id1_1_0_,
        clothesinf0_.categoryl as category2_1_0_,
        clothesinf0_.categorys as category3_1_0_,
        clothesinf0_.fit as fit4_1_0_,
        clothesinf0_.length as length5_1_0_ 
    from
        clothes_info clothesinf0_ 
    where
        clothesinf0_.id=?
Hibernate: 
    select
        materials0_.id as id1_4_0_,
        materials0_.name as name2_4_0_ 
    from
        materials materials0_ 
    where
        materials0_.name=?
Hibernate: 
    select
        style0_.id as id1_12_0_,
        style0_.name as name2_12_0_ 
    from
        style style0_ 
    where
        style0_.name=?
Hibernate: 
    select
        salesinfoc0_.id as id1_7_0_,
        salesinfoc0_.clothes_brand as clothes_2_7_0_,
        salesinfoc0_.clothes_color as clothes_3_7_0_,
        salesinfoc0_.clothes_gender as clothes_4_7_0_,
        salesinfoc0_.clothes_size as clothes_5_7_0_ 
    from
        sales_info_clothes salesinfoc0_ 
    where
        salesinfoc0_.id=?
Hibernate: 
    select
        salesinfos0_.id as id1_8_0_,
        salesinfos0_.status_score as status_s2_8_0_,
        salesinfos0_.status_tag as status_t3_8_0_,
        salesinfos0_.status_times as status_t4_8_0_,
        salesinfos0_.status_when2buy as status_w5_8_0_,
        salesinfos0_.transport as transpor6_8_0_ 
    from
        sales_info_status salesinfos0_ 
    where
        salesinfos0_.id=?
Hibernate: 
    select
        salesinfou0_.id as id1_9_0_,
        salesinfou0_.user_height as user_hei2_9_0_,
        salesinfou0_.user_size as user_siz3_9_0_,
        salesinfou0_.user_weight as user_wei4_9_0_ 
    from
        sales_info_user salesinfou0_ 
    where
        salesinfou0_.id=?
2022-12-08 14:36:51.667  INFO 16164 --- [    Test worker] o.a.c.c.C.[Tomcat].[localhost].[/]       : Initializing Spring TestDispatcherServlet ''
2022-12-08 14:36:51.667  INFO 16164 --- [    Test worker] o.s.t.web.servlet.TestDispatcherServlet  : Initializing Servlet ''
2022-12-08 14:36:51.672  INFO 16164 --- [    Test worker] o.s.t.web.servlet.TestDispatcherServlet  : Completed initialization in 5 ms
gunsong2@naver.com
Hibernate: 
    select
        members0_.id as id1_5_,
        members0_.email as email2_5_,
        members0_.image as image3_5_,
        members0_.name as name4_5_,
        members0_.nickname as nickname5_5_,
        members0_.password as password6_5_,
        members0_.phone as phone7_5_,
        members0_.refresh_token as refresh_8_5_,
        members0_.role as role9_5_ 
    from
        members members0_ 
    where
        members0_.email=?
Hibernate: 
    select
        closets0_.id as id1_0_0_,
        closets0_.created_date as created_2_0_0_,
        closets0_.modified_date as modified3_0_0_,
        closets0_.author_id as author_i4_0_0_,
        closets0_.clothes_info_id as clothes_5_0_0_,
        closets0_.colors_name as colors_n6_0_0_,
        closets0_.materials_name as material7_0_0_,
        closets0_.style_name as style_na8_0_0_,
        members1_.id as id1_5_1_,
        members1_.email as email2_5_1_,
        members1_.image as image3_5_1_,
        members1_.name as name4_5_1_,
        members1_.nickname as nickname5_5_1_,
        members1_.password as password6_5_1_,
        members1_.phone as phone7_5_1_,
        members1_.refresh_token as refresh_8_5_1_,
        members1_.role as role9_5_1_,
        clothesinf2_.id as id1_1_2_,
        clothesinf2_.categoryl as category2_1_2_,
        clothesinf2_.categorys as category3_1_2_,
        clothesinf2_.fit as fit4_1_2_,
        clothesinf2_.length as length5_1_2_,
        colors3_.id as id1_3_3_,
        colors3_.name as name2_3_3_,
        materials4_.id as id1_4_4_,
        materials4_.name as name2_4_4_,
        style5_.id as id1_12_5_,
        style5_.name as name2_12_5_ 
    from
        closets closets0_ 
    left outer join
        members members1_ 
            on closets0_.author_id=members1_.id 
    left outer join
        clothes_info clothesinf2_ 
            on closets0_.clothes_info_id=clothesinf2_.id 
    left outer join
        colors colors3_ 
            on closets0_.colors_name=colors3_.name 
    left outer join
        materials materials4_ 
            on closets0_.materials_name=materials4_.name 
    left outer join
        style style5_ 
            on closets0_.style_name=style5_.name 
    where
        closets0_.id=?
2022-12-08 14:36:51.810  INFO 16164 --- [    Test worker] io.lettuce.core.EpollProvider            : Starting without optional epoll library
2022-12-08 14:36:51.812  INFO 16164 --- [    Test worker] io.lettuce.core.KqueueProvider           : Starting without optional kqueue library
Hibernate: 
    select
        clothesima0_.id as id1_2_,
        clothesima0_.closets_post_id as closets_4_2_,
        clothesima0_.path as path2_2_,
        clothesima0_.stores_post_id as stores_p5_2_,
        clothesima0_.type as type3_2_ 
    from
        clothes_image clothesima0_
Hibernate: 
    select
        closets0_.id as id1_0_0_,
        closets0_.created_date as created_2_0_0_,
        closets0_.modified_date as modified3_0_0_,
        closets0_.author_id as author_i4_0_0_,
        closets0_.clothes_info_id as clothes_5_0_0_,
        closets0_.colors_name as colors_n6_0_0_,
        closets0_.materials_name as material7_0_0_,
        closets0_.style_name as style_na8_0_0_,
        members1_.id as id1_5_1_,
        members1_.email as email2_5_1_,
        members1_.image as image3_5_1_,
        members1_.name as name4_5_1_,
        members1_.nickname as nickname5_5_1_,
        members1_.password as password6_5_1_,
        members1_.phone as phone7_5_1_,
        members1_.refresh_token as refresh_8_5_1_,
        members1_.role as role9_5_1_,
        clothesinf2_.id as id1_1_2_,
        clothesinf2_.categoryl as category2_1_2_,
        clothesinf2_.categorys as category3_1_2_,
        clothesinf2_.fit as fit4_1_2_,
        clothesinf2_.length as length5_1_2_,
        colors3_.id as id1_3_3_,
        colors3_.name as name2_3_3_,
        materials4_.id as id1_4_4_,
        materials4_.name as name2_4_4_,
        style5_.id as id1_12_5_,
        style5_.name as name2_12_5_ 
    from
        closets closets0_ 
    left outer join
        members members1_ 
            on closets0_.author_id=members1_.id 
    left outer join
        clothes_info clothesinf2_ 
            on closets0_.clothes_info_id=clothesinf2_.id 
    left outer join
        colors colors3_ 
            on closets0_.colors_name=colors3_.name 
    left outer join
        materials materials4_ 
            on closets0_.materials_name=materials4_.name 
    left outer join
        style style5_ 
            on closets0_.style_name=style5_.name 
    where
        closets0_.id=?
Hibernate: 
    select
        closets0_.id as id1_0_0_,
        closets0_.created_date as created_2_0_0_,
        closets0_.modified_date as modified3_0_0_,
        closets0_.author_id as author_i4_0_0_,
        closets0_.clothes_info_id as clothes_5_0_0_,
        closets0_.colors_name as colors_n6_0_0_,
        closets0_.materials_name as material7_0_0_,
        closets0_.style_name as style_na8_0_0_,
        members1_.id as id1_5_1_,
        members1_.email as email2_5_1_,
        members1_.image as image3_5_1_,
        members1_.name as name4_5_1_,
        members1_.nickname as nickname5_5_1_,
        members1_.password as password6_5_1_,
        members1_.phone as phone7_5_1_,
        members1_.refresh_token as refresh_8_5_1_,
        members1_.role as role9_5_1_,
        clothesinf2_.id as id1_1_2_,
        clothesinf2_.categoryl as category2_1_2_,
        clothesinf2_.categorys as category3_1_2_,
        clothesinf2_.fit as fit4_1_2_,
        clothesinf2_.length as length5_1_2_,
        colors3_.id as id1_3_3_,
        colors3_.name as name2_3_3_,
        materials4_.id as id1_4_4_,
        materials4_.name as name2_4_4_,
        style5_.id as id1_12_5_,
        style5_.name as name2_12_5_ 
    from
        closets closets0_ 
    left outer join
        members members1_ 
            on closets0_.author_id=members1_.id 
    left outer join
        clothes_info clothesinf2_ 
            on closets0_.clothes_info_id=clothesinf2_.id 
    left outer join
        colors colors3_ 
            on closets0_.colors_name=colors3_.name 
    left outer join
        materials materials4_ 
            on closets0_.materials_name=materials4_.name 
    left outer join
        style style5_ 
            on closets0_.style_name=style5_.name 
    where
        closets0_.id=?
Hibernate: 
    select
        closets0_.id as id1_0_0_,
        closets0_.created_date as created_2_0_0_,
        closets0_.modified_date as modified3_0_0_,
        closets0_.author_id as author_i4_0_0_,
        closets0_.clothes_info_id as clothes_5_0_0_,
        closets0_.colors_name as colors_n6_0_0_,
        closets0_.materials_name as material7_0_0_,
        closets0_.style_name as style_na8_0_0_,
        members1_.id as id1_5_1_,
        members1_.email as email2_5_1_,
        members1_.image as image3_5_1_,
        members1_.name as name4_5_1_,
        members1_.nickname as nickname5_5_1_,
        members1_.password as password6_5_1_,
        members1_.phone as phone7_5_1_,
        members1_.refresh_token as refresh_8_5_1_,
        members1_.role as role9_5_1_,
        clothesinf2_.id as id1_1_2_,
        clothesinf2_.categoryl as category2_1_2_,
        clothesinf2_.categorys as category3_1_2_,
        clothesinf2_.fit as fit4_1_2_,
        clothesinf2_.length as length5_1_2_,
        colors3_.id as id1_3_3_,
        colors3_.name as name2_3_3_,
        materials4_.id as id1_4_4_,
        materials4_.name as name2_4_4_,
        style5_.id as id1_12_5_,
        style5_.name as name2_12_5_ 
    from
        closets closets0_ 
    left outer join
        members members1_ 
            on closets0_.author_id=members1_.id 
    left outer join
        clothes_info clothesinf2_ 
            on closets0_.clothes_info_id=clothesinf2_.id 
    left outer join
        colors colors3_ 
            on closets0_.colors_name=colors3_.name 
    left outer join
        materials materials4_ 
            on closets0_.materials_name=materials4_.name 
    left outer join
        style style5_ 
            on closets0_.style_name=style5_.name 
    where
        closets0_.id=?
Hibernate: 
    select
        closets0_.id as id1_0_0_,
        closets0_.created_date as created_2_0_0_,
        closets0_.modified_date as modified3_0_0_,
        closets0_.author_id as author_i4_0_0_,
        closets0_.clothes_info_id as clothes_5_0_0_,
        closets0_.colors_name as colors_n6_0_0_,
        closets0_.materials_name as material7_0_0_,
        closets0_.style_name as style_na8_0_0_,
        members1_.id as id1_5_1_,
        members1_.email as email2_5_1_,
        members1_.image as image3_5_1_,
        members1_.name as name4_5_1_,
        members1_.nickname as nickname5_5_1_,
        members1_.password as password6_5_1_,
        members1_.phone as phone7_5_1_,
        members1_.refresh_token as refresh_8_5_1_,
        members1_.role as role9_5_1_,
        clothesinf2_.id as id1_1_2_,
        clothesinf2_.categoryl as category2_1_2_,
        clothesinf2_.categorys as category3_1_2_,
        clothesinf2_.fit as fit4_1_2_,
        clothesinf2_.length as length5_1_2_,
        colors3_.id as id1_3_3_,
        colors3_.name as name2_3_3_,
        materials4_.id as id1_4_4_,
        materials4_.name as name2_4_4_,
        style5_.id as id1_12_5_,
        style5_.name as name2_12_5_ 
    from
        closets closets0_ 
    left outer join
        members members1_ 
            on closets0_.author_id=members1_.id 
    left outer join
        clothes_info clothesinf2_ 
            on closets0_.clothes_info_id=clothesinf2_.id 
    left outer join
        colors colors3_ 
            on closets0_.colors_name=colors3_.name 
    left outer join
        materials materials4_ 
            on closets0_.materials_name=materials4_.name 
    left outer join
        style style5_ 
            on closets0_.style_name=style5_.name 
    where
        closets0_.id=?
Hibernate: 
    select
        closets0_.id as id1_0_0_,
        closets0_.created_date as created_2_0_0_,
        closets0_.modified_date as modified3_0_0_,
        closets0_.author_id as author_i4_0_0_,
        closets0_.clothes_info_id as clothes_5_0_0_,
        closets0_.colors_name as colors_n6_0_0_,
        closets0_.materials_name as material7_0_0_,
        closets0_.style_name as style_na8_0_0_,
        members1_.id as id1_5_1_,
        members1_.email as email2_5_1_,
        members1_.image as image3_5_1_,
        members1_.name as name4_5_1_,
        members1_.nickname as nickname5_5_1_,
        members1_.password as password6_5_1_,
        members1_.phone as phone7_5_1_,
        members1_.refresh_token as refresh_8_5_1_,
        members1_.role as role9_5_1_,
        clothesinf2_.id as id1_1_2_,
        clothesinf2_.categoryl as category2_1_2_,
        clothesinf2_.categorys as category3_1_2_,
        clothesinf2_.fit as fit4_1_2_,
        clothesinf2_.length as length5_1_2_,
        colors3_.id as id1_3_3_,
        colors3_.name as name2_3_3_,
        materials4_.id as id1_4_4_,
        materials4_.name as name2_4_4_,
        style5_.id as id1_12_5_,
        style5_.name as name2_12_5_ 
    from
        closets closets0_ 
    left outer join
        members members1_ 
            on closets0_.author_id=members1_.id 
    left outer join
        clothes_info clothesinf2_ 
            on closets0_.clothes_info_id=clothesinf2_.id 
    left outer join
        colors colors3_ 
            on closets0_.colors_name=colors3_.name 
    left outer join
        materials materials4_ 
            on closets0_.materials_name=materials4_.name 
    left outer join
        style style5_ 
            on closets0_.style_name=style5_.name 
    where
        closets0_.id=?
Hibernate: 
    select
        stores0_.id as id1_10_0_,
        stores0_.created_date as created_2_10_0_,
        stores0_.modified_date as modified3_10_0_,
        stores0_.author_id as author_i9_10_0_,
        stores0_.clothes_info_id as clothes10_10_0_,
        stores0_.colors_name as colors_11_10_0_,
        stores0_.materials_name as materia12_10_0_,
        stores0_.style_name as style_n13_10_0_,
        stores0_.clothes_length as clothes_4_10_0_,
        stores0_.content as content5_10_0_,
        stores0_.price as price6_10_0_,
        stores0_.sales_info_clothes_id as sales_i14_10_0_,
        stores0_.sales_info_status_id as sales_i15_10_0_,
        stores0_.sales_info_user_id as sales_i16_10_0_,
        stores0_.status as status7_10_0_,
        stores0_.title as title8_10_0_,
        members1_.id as id1_5_1_,
        members1_.email as email2_5_1_,
        members1_.image as image3_5_1_,
        members1_.name as name4_5_1_,
        members1_.nickname as nickname5_5_1_,
        members1_.password as password6_5_1_,
        members1_.phone as phone7_5_1_,
        members1_.refresh_token as refresh_8_5_1_,
        members1_.role as role9_5_1_,
        clothesinf2_.id as id1_1_2_,
        clothesinf2_.categoryl as category2_1_2_,
        clothesinf2_.categorys as category3_1_2_,
        clothesinf2_.fit as fit4_1_2_,
        clothesinf2_.length as length5_1_2_,
        colors3_.id as id1_3_3_,
        colors3_.name as name2_3_3_,
        materials4_.id as id1_4_4_,
        materials4_.name as name2_4_4_,
        style5_.id as id1_12_5_,
        style5_.name as name2_12_5_,
        salesinfoc6_.id as id1_7_6_,
        salesinfoc6_.clothes_brand as clothes_2_7_6_,
        salesinfoc6_.clothes_color as clothes_3_7_6_,
        salesinfoc6_.clothes_gender as clothes_4_7_6_,
        salesinfoc6_.clothes_size as clothes_5_7_6_,
        salesinfos7_.id as id1_8_7_,
        salesinfos7_.status_score as status_s2_8_7_,
        salesinfos7_.status_tag as status_t3_8_7_,
        salesinfos7_.status_times as status_t4_8_7_,
        salesinfos7_.status_when2buy as status_w5_8_7_,
        salesinfos7_.transport as transpor6_8_7_,
        salesinfou8_.id as id1_9_8_,
        salesinfou8_.user_height as user_hei2_9_8_,
        salesinfou8_.user_size as user_siz3_9_8_,
        salesinfou8_.user_weight as user_wei4_9_8_ 
    from
        stores stores0_ 
    left outer join
        members members1_ 
            on stores0_.author_id=members1_.id 
    left outer join
        clothes_info clothesinf2_ 
            on stores0_.clothes_info_id=clothesinf2_.id 
    left outer join
        colors colors3_ 
            on stores0_.colors_name=colors3_.name 
    left outer join
        materials materials4_ 
            on stores0_.materials_name=materials4_.name 
    left outer join
        style style5_ 
            on stores0_.style_name=style5_.name 
    left outer join
        sales_info_clothes salesinfoc6_ 
            on stores0_.sales_info_clothes_id=salesinfoc6_.id 
    left outer join
        sales_info_status salesinfos7_ 
            on stores0_.sales_info_status_id=salesinfos7_.id 
    left outer join
        sales_info_user salesinfou8_ 
            on stores0_.sales_info_user_id=salesinfou8_.id 
    where
        stores0_.id=?
Hibernate: 
    select
        colors0_.id as id1_3_0_,
        colors0_.name as name2_3_0_ 
    from
        colors colors0_ 
    where
        colors0_.name=?
Hibernate: 
    select
        materials0_.id as id1_4_0_,
        materials0_.name as name2_4_0_ 
    from
        materials materials0_ 
    where
        materials0_.name=?
Hibernate: 
    select
        style0_.id as id1_12_0_,
        style0_.name as name2_12_0_ 
    from
        style style0_ 
    where
        style0_.name=?
Hibernate: 
    select
        stores0_.id as id1_10_0_,
        stores0_.created_date as created_2_10_0_,
        stores0_.modified_date as modified3_10_0_,
        stores0_.author_id as author_i9_10_0_,
        stores0_.clothes_info_id as clothes10_10_0_,
        stores0_.colors_name as colors_11_10_0_,
        stores0_.materials_name as materia12_10_0_,
        stores0_.style_name as style_n13_10_0_,
        stores0_.clothes_length as clothes_4_10_0_,
        stores0_.content as content5_10_0_,
        stores0_.price as price6_10_0_,
        stores0_.sales_info_clothes_id as sales_i14_10_0_,
        stores0_.sales_info_status_id as sales_i15_10_0_,
        stores0_.sales_info_user_id as sales_i16_10_0_,
        stores0_.status as status7_10_0_,
        stores0_.title as title8_10_0_,
        members1_.id as id1_5_1_,
        members1_.email as email2_5_1_,
        members1_.image as image3_5_1_,
        members1_.name as name4_5_1_,
        members1_.nickname as nickname5_5_1_,
        members1_.password as password6_5_1_,
        members1_.phone as phone7_5_1_,
        members1_.refresh_token as refresh_8_5_1_,
        members1_.role as role9_5_1_,
        clothesinf2_.id as id1_1_2_,
        clothesinf2_.categoryl as category2_1_2_,
        clothesinf2_.categorys as category3_1_2_,
        clothesinf2_.fit as fit4_1_2_,
        clothesinf2_.length as length5_1_2_,
        colors3_.id as id1_3_3_,
        colors3_.name as name2_3_3_,
        materials4_.id as id1_4_4_,
        materials4_.name as name2_4_4_,
        style5_.id as id1_12_5_,
        style5_.name as name2_12_5_,
        salesinfoc6_.id as id1_7_6_,
        salesinfoc6_.clothes_brand as clothes_2_7_6_,
        salesinfoc6_.clothes_color as clothes_3_7_6_,
        salesinfoc6_.clothes_gender as clothes_4_7_6_,
        salesinfoc6_.clothes_size as clothes_5_7_6_,
        salesinfos7_.id as id1_8_7_,
        salesinfos7_.status_score as status_s2_8_7_,
        salesinfos7_.status_tag as status_t3_8_7_,
        salesinfos7_.status_times as status_t4_8_7_,
        salesinfos7_.status_when2buy as status_w5_8_7_,
        salesinfos7_.transport as transpor6_8_7_,
        salesinfou8_.id as id1_9_8_,
        salesinfou8_.user_height as user_hei2_9_8_,
        salesinfou8_.user_size as user_siz3_9_8_,
        salesinfou8_.user_weight as user_wei4_9_8_ 
    from
        stores stores0_ 
    left outer join
        members members1_ 
            on stores0_.author_id=members1_.id 
    left outer join
        clothes_info clothesinf2_ 
            on stores0_.clothes_info_id=clothesinf2_.id 
    left outer join
        colors colors3_ 
            on stores0_.colors_name=colors3_.name 
    left outer join
        materials materials4_ 
            on stores0_.materials_name=materials4_.name 
    left outer join
        style style5_ 
            on stores0_.style_name=style5_.name 
    left outer join
        sales_info_clothes salesinfoc6_ 
            on stores0_.sales_info_clothes_id=salesinfoc6_.id 
    left outer join
        sales_info_status salesinfos7_ 
            on stores0_.sales_info_status_id=salesinfos7_.id 
    left outer join
        sales_info_user salesinfou8_ 
            on stores0_.sales_info_user_id=salesinfou8_.id 
    where
        stores0_.id=?
Hibernate: 
    select
        colors0_.id as id1_3_0_,
        colors0_.name as name2_3_0_ 
    from
        colors colors0_ 
    where
        colors0_.name=?
Hibernate: 
    select
        materials0_.id as id1_4_0_,
        materials0_.name as name2_4_0_ 
    from
        materials materials0_ 
    where
        materials0_.name=?
Hibernate: 
    select
        style0_.id as id1_12_0_,
        style0_.name as name2_12_0_ 
    from
        style style0_ 
    where
        style0_.name=?
Hibernate: 
    select
        stores0_.id as id1_10_0_,
        stores0_.created_date as created_2_10_0_,
        stores0_.modified_date as modified3_10_0_,
        stores0_.author_id as author_i9_10_0_,
        stores0_.clothes_info_id as clothes10_10_0_,
        stores0_.colors_name as colors_11_10_0_,
        stores0_.materials_name as materia12_10_0_,
        stores0_.style_name as style_n13_10_0_,
        stores0_.clothes_length as clothes_4_10_0_,
        stores0_.content as content5_10_0_,
        stores0_.price as price6_10_0_,
        stores0_.sales_info_clothes_id as sales_i14_10_0_,
        stores0_.sales_info_status_id as sales_i15_10_0_,
        stores0_.sales_info_user_id as sales_i16_10_0_,
        stores0_.status as status7_10_0_,
        stores0_.title as title8_10_0_,
        members1_.id as id1_5_1_,
        members1_.email as email2_5_1_,
        members1_.image as image3_5_1_,
        members1_.name as name4_5_1_,
        members1_.nickname as nickname5_5_1_,
        members1_.password as password6_5_1_,
        members1_.phone as phone7_5_1_,
        members1_.refresh_token as refresh_8_5_1_,
        members1_.role as role9_5_1_,
        clothesinf2_.id as id1_1_2_,
        clothesinf2_.categoryl as category2_1_2_,
        clothesinf2_.categorys as category3_1_2_,
        clothesinf2_.fit as fit4_1_2_,
        clothesinf2_.length as length5_1_2_,
        colors3_.id as id1_3_3_,
        colors3_.name as name2_3_3_,
        materials4_.id as id1_4_4_,
        materials4_.name as name2_4_4_,
        style5_.id as id1_12_5_,
        style5_.name as name2_12_5_,
        salesinfoc6_.id as id1_7_6_,
        salesinfoc6_.clothes_brand as clothes_2_7_6_,
        salesinfoc6_.clothes_color as clothes_3_7_6_,
        salesinfoc6_.clothes_gender as clothes_4_7_6_,
        salesinfoc6_.clothes_size as clothes_5_7_6_,
        salesinfos7_.id as id1_8_7_,
        salesinfos7_.status_score as status_s2_8_7_,
        salesinfos7_.status_tag as status_t3_8_7_,
        salesinfos7_.status_times as status_t4_8_7_,
        salesinfos7_.status_when2buy as status_w5_8_7_,
        salesinfos7_.transport as transpor6_8_7_,
        salesinfou8_.id as id1_9_8_,
        salesinfou8_.user_height as user_hei2_9_8_,
        salesinfou8_.user_size as user_siz3_9_8_,
        salesinfou8_.user_weight as user_wei4_9_8_ 
    from
        stores stores0_ 
    left outer join
        members members1_ 
            on stores0_.author_id=members1_.id 
    left outer join
        clothes_info clothesinf2_ 
            on stores0_.clothes_info_id=clothesinf2_.id 
    left outer join
        colors colors3_ 
            on stores0_.colors_name=colors3_.name 
    left outer join
        materials materials4_ 
            on stores0_.materials_name=materials4_.name 
    left outer join
        style style5_ 
            on stores0_.style_name=style5_.name 
    left outer join
        sales_info_clothes salesinfoc6_ 
            on stores0_.sales_info_clothes_id=salesinfoc6_.id 
    left outer join
        sales_info_status salesinfos7_ 
            on stores0_.sales_info_status_id=salesinfos7_.id 
    left outer join
        sales_info_user salesinfou8_ 
            on stores0_.sales_info_user_id=salesinfou8_.id 
    where
        stores0_.id=?
Hibernate: 
    select
        colors0_.id as id1_3_0_,
        colors0_.name as name2_3_0_ 
    from
        colors colors0_ 
    where
        colors0_.name=?
Hibernate: 
    select
        materials0_.id as id1_4_0_,
        materials0_.name as name2_4_0_ 
    from
        materials materials0_ 
    where
        materials0_.name=?
Hibernate: 
    select
        style0_.id as id1_12_0_,
        style0_.name as name2_12_0_ 
    from
        style style0_ 
    where
        style0_.name=?
Hibernate: 
    select
        stores0_.id as id1_10_0_,
        stores0_.created_date as created_2_10_0_,
        stores0_.modified_date as modified3_10_0_,
        stores0_.author_id as author_i9_10_0_,
        stores0_.clothes_info_id as clothes10_10_0_,
        stores0_.colors_name as colors_11_10_0_,
        stores0_.materials_name as materia12_10_0_,
        stores0_.style_name as style_n13_10_0_,
        stores0_.clothes_length as clothes_4_10_0_,
        stores0_.content as content5_10_0_,
        stores0_.price as price6_10_0_,
        stores0_.sales_info_clothes_id as sales_i14_10_0_,
        stores0_.sales_info_status_id as sales_i15_10_0_,
        stores0_.sales_info_user_id as sales_i16_10_0_,
        stores0_.status as status7_10_0_,
        stores0_.title as title8_10_0_,
        members1_.id as id1_5_1_,
        members1_.email as email2_5_1_,
        members1_.image as image3_5_1_,
        members1_.name as name4_5_1_,
        members1_.nickname as nickname5_5_1_,
        members1_.password as password6_5_1_,
        members1_.phone as phone7_5_1_,
        members1_.refresh_token as refresh_8_5_1_,
        members1_.role as role9_5_1_,
        clothesinf2_.id as id1_1_2_,
        clothesinf2_.categoryl as category2_1_2_,
        clothesinf2_.categorys as category3_1_2_,
        clothesinf2_.fit as fit4_1_2_,
        clothesinf2_.length as length5_1_2_,
        colors3_.id as id1_3_3_,
        colors3_.name as name2_3_3_,
        materials4_.id as id1_4_4_,
        materials4_.name as name2_4_4_,
        style5_.id as id1_12_5_,
        style5_.name as name2_12_5_,
        salesinfoc6_.id as id1_7_6_,
        salesinfoc6_.clothes_brand as clothes_2_7_6_,
        salesinfoc6_.clothes_color as clothes_3_7_6_,
        salesinfoc6_.clothes_gender as clothes_4_7_6_,
        salesinfoc6_.clothes_size as clothes_5_7_6_,
        salesinfos7_.id as id1_8_7_,
        salesinfos7_.status_score as status_s2_8_7_,
        salesinfos7_.status_tag as status_t3_8_7_,
        salesinfos7_.status_times as status_t4_8_7_,
        salesinfos7_.status_when2buy as status_w5_8_7_,
        salesinfos7_.transport as transpor6_8_7_,
        salesinfou8_.id as id1_9_8_,
        salesinfou8_.user_height as user_hei2_9_8_,
        salesinfou8_.user_size as user_siz3_9_8_,
        salesinfou8_.user_weight as user_wei4_9_8_ 
    from
        stores stores0_ 
    left outer join
        members members1_ 
            on stores0_.author_id=members1_.id 
    left outer join
        clothes_info clothesinf2_ 
            on stores0_.clothes_info_id=clothesinf2_.id 
    left outer join
        colors colors3_ 
            on stores0_.colors_name=colors3_.name 
    left outer join
        materials materials4_ 
            on stores0_.materials_name=materials4_.name 
    left outer join
        style style5_ 
            on stores0_.style_name=style5_.name 
    left outer join
        sales_info_clothes salesinfoc6_ 
            on stores0_.sales_info_clothes_id=salesinfoc6_.id 
    left outer join
        sales_info_status salesinfos7_ 
            on stores0_.sales_info_status_id=salesinfos7_.id 
    left outer join
        sales_info_user salesinfou8_ 
            on stores0_.sales_info_user_id=salesinfou8_.id 
    where
        stores0_.id=?
Hibernate: 
    select
        colors0_.id as id1_3_0_,
        colors0_.name as name2_3_0_ 
    from
        colors colors0_ 
    where
        colors0_.name=?
Hibernate: 
    select
        materials0_.id as id1_4_0_,
        materials0_.name as name2_4_0_ 
    from
        materials materials0_ 
    where
        materials0_.name=?
Hibernate: 
    select
        style0_.id as id1_12_0_,
        style0_.name as name2_12_0_ 
    from
        style style0_ 
    where
        style0_.name=?
Hibernate: 
    select
        stores0_.id as id1_10_0_,
        stores0_.created_date as created_2_10_0_,
        stores0_.modified_date as modified3_10_0_,
        stores0_.author_id as author_i9_10_0_,
        stores0_.clothes_info_id as clothes10_10_0_,
        stores0_.colors_name as colors_11_10_0_,
        stores0_.materials_name as materia12_10_0_,
        stores0_.style_name as style_n13_10_0_,
        stores0_.clothes_length as clothes_4_10_0_,
        stores0_.content as content5_10_0_,
        stores0_.price as price6_10_0_,
        stores0_.sales_info_clothes_id as sales_i14_10_0_,
        stores0_.sales_info_status_id as sales_i15_10_0_,
        stores0_.sales_info_user_id as sales_i16_10_0_,
        stores0_.status as status7_10_0_,
        stores0_.title as title8_10_0_,
        members1_.id as id1_5_1_,
        members1_.email as email2_5_1_,
        members1_.image as image3_5_1_,
        members1_.name as name4_5_1_,
        members1_.nickname as nickname5_5_1_,
        members1_.password as password6_5_1_,
        members1_.phone as phone7_5_1_,
        members1_.refresh_token as refresh_8_5_1_,
        members1_.role as role9_5_1_,
        clothesinf2_.id as id1_1_2_,
        clothesinf2_.categoryl as category2_1_2_,
        clothesinf2_.categorys as category3_1_2_,
        clothesinf2_.fit as fit4_1_2_,
        clothesinf2_.length as length5_1_2_,
        colors3_.id as id1_3_3_,
        colors3_.name as name2_3_3_,
        materials4_.id as id1_4_4_,
        materials4_.name as name2_4_4_,
        style5_.id as id1_12_5_,
        style5_.name as name2_12_5_,
        salesinfoc6_.id as id1_7_6_,
        salesinfoc6_.clothes_brand as clothes_2_7_6_,
        salesinfoc6_.clothes_color as clothes_3_7_6_,
        salesinfoc6_.clothes_gender as clothes_4_7_6_,
        salesinfoc6_.clothes_size as clothes_5_7_6_,
        salesinfos7_.id as id1_8_7_,
        salesinfos7_.status_score as status_s2_8_7_,
        salesinfos7_.status_tag as status_t3_8_7_,
        salesinfos7_.status_times as status_t4_8_7_,
        salesinfos7_.status_when2buy as status_w5_8_7_,
        salesinfos7_.transport as transpor6_8_7_,
        salesinfou8_.id as id1_9_8_,
        salesinfou8_.user_height as user_hei2_9_8_,
        salesinfou8_.user_size as user_siz3_9_8_,
        salesinfou8_.user_weight as user_wei4_9_8_ 
    from
        stores stores0_ 
    left outer join
        members members1_ 
            on stores0_.author_id=members1_.id 
    left outer join
        clothes_info clothesinf2_ 
            on stores0_.clothes_info_id=clothesinf2_.id 
    left outer join
        colors colors3_ 
            on stores0_.colors_name=colors3_.name 
    left outer join
        materials materials4_ 
            on stores0_.materials_name=materials4_.name 
    left outer join
        style style5_ 
            on stores0_.style_name=style5_.name 
    left outer join
        sales_info_clothes salesinfoc6_ 
            on stores0_.sales_info_clothes_id=salesinfoc6_.id 
    left outer join
        sales_info_status salesinfos7_ 
            on stores0_.sales_info_status_id=salesinfos7_.id 
    left outer join
        sales_info_user salesinfou8_ 
            on stores0_.sales_info_user_id=salesinfou8_.id 
    where
        stores0_.id=?
Hibernate: 
    select
        materials0_.id as id1_4_0_,
        materials0_.name as name2_4_0_ 
    from
        materials materials0_ 
    where
        materials0_.name=?
Hibernate: 
    select
        style0_.id as id1_12_0_,
        style0_.name as name2_12_0_ 
    from
        style style0_ 
    where
        style0_.name=?
Hibernate: 
    delete 
    from
        clothes_image
Hibernate: 
    delete 
    from
        stores_comments
Hibernate: 
    delete 
    from
        members_like_stores_post
Hibernate: 
    delete 
    from
        closets
Hibernate: 
    delete 
    from
        stores
]]></system-out>
  <system-err><![CDATA[]]></system-err>
</testsuite>
