<?xml version="1.0" encoding="UTF-8"?>
<testsuite name="com.betweenourclothes.domain.members.MembersRepositoryTest" tests="1" skipped="1" failures="0" errors="0" timestamp="2022-11-29T13:45:39" hostname="user" time="0.0">
  <properties/>
  <testcase name="멤버등록_불러오기" classname="com.betweenourclothes.domain.members.MembersRepositoryTest" time="0.0">
    <skipped/>
  </testcase>
  <system-out><![CDATA[2022-11-29 22:45:39.932  INFO 5536 --- [    Test worker] .b.t.c.SpringBootTestContextBootstrapper : Neither @ContextConfiguration nor @ContextHierarchy found for test class [com.betweenourclothes.domain.members.MembersRepositoryTest], using SpringBootContextLoader
2022-11-29 22:45:39.933  INFO 5536 --- [    Test worker] o.s.t.c.support.AbstractContextLoader    : Could not detect default resource locations for test class [com.betweenourclothes.domain.members.MembersRepositoryTest]: no resource found for suffixes {-context.xml, Context.groovy}.
2022-11-29 22:45:39.933  INFO 5536 --- [    Test worker] t.c.s.AnnotationConfigContextLoaderUtils : Could not detect default configuration classes for test class [com.betweenourclothes.domain.members.MembersRepositoryTest]: MembersRepositoryTest does not declare any static, non-private, non-final, nested classes annotated with @Configuration.
2022-11-29 22:45:39.943  INFO 5536 --- [    Test worker] .b.t.c.SpringBootTestContextBootstrapper : Found @SpringBootConfiguration com.betweenourclothes.Application for test class com.betweenourclothes.domain.members.MembersRepositoryTest
2022-11-29 22:45:39.944  INFO 5536 --- [    Test worker] .b.t.c.SpringBootTestContextBootstrapper : Loaded default TestExecutionListener class names from location [META-INF/spring.factories]: [org.springframework.security.test.context.support.WithSecurityContextTestExecutionListener, org.springframework.security.test.context.support.ReactorContextTestExecutionListener, org.springframework.boot.test.autoconfigure.restdocs.RestDocsTestExecutionListener, org.springframework.boot.test.autoconfigure.web.client.MockRestServiceServerResetTestExecutionListener, org.springframework.boot.test.autoconfigure.web.servlet.MockMvcPrintOnlyOnFailureTestExecutionListener, org.springframework.boot.test.autoconfigure.web.servlet.WebDriverTestExecutionListener, org.springframework.boot.test.mock.mockito.MockitoTestExecutionListener, org.springframework.boot.test.mock.mockito.ResetMocksTestExecutionListener, org.springframework.test.context.web.ServletTestExecutionListener, org.springframework.test.context.support.DirtiesContextBeforeModesTestExecutionListener, org.springframework.test.context.support.DependencyInjectionTestExecutionListener, org.springframework.test.context.support.DirtiesContextTestExecutionListener, org.springframework.test.context.transaction.TransactionalTestExecutionListener, org.springframework.test.context.jdbc.SqlScriptsTestExecutionListener]
2022-11-29 22:45:39.945  INFO 5536 --- [    Test worker] .b.t.c.SpringBootTestContextBootstrapper : Using TestExecutionListeners: [org.springframework.test.context.web.ServletTestExecutionListener@28536a3b, org.springframework.test.context.support.DirtiesContextBeforeModesTestExecutionListener@1ecc81fc, org.springframework.boot.test.mock.mockito.MockitoTestExecutionListener@3933a87f, org.springframework.boot.test.autoconfigure.SpringBootDependencyInjectionTestExecutionListener@7e8ea25b, org.springframework.test.context.support.DirtiesContextTestExecutionListener@4d3f1d03, org.springframework.test.context.transaction.TransactionalTestExecutionListener@3706a639, org.springframework.test.context.jdbc.SqlScriptsTestExecutionListener@135280f6, org.springframework.security.test.context.support.WithSecurityContextTestExecutionListener@18c564bd, org.springframework.security.test.context.support.ReactorContextTestExecutionListener@2d27b5a3, org.springframework.boot.test.autoconfigure.restdocs.RestDocsTestExecutionListener@2f12e950, org.springframework.boot.test.autoconfigure.web.client.MockRestServiceServerResetTestExecutionListener@28c08974, org.springframework.boot.test.autoconfigure.web.servlet.MockMvcPrintOnlyOnFailureTestExecutionListener@1b13f05d, org.springframework.boot.test.autoconfigure.web.servlet.WebDriverTestExecutionListener@b89c431, org.springframework.boot.test.mock.mockito.ResetMocksTestExecutionListener@3369e479]
]]></system-out>
  <system-err><![CDATA[]]></system-err>
</testsuite>
