<?xml version="1.0" encoding="UTF-8"?>
<testsuite name="com.betweenourclothes.web.AuthApiControllerTest" tests="5" skipped="4" failures="0" errors="0" timestamp="2022-11-14T03:40:34" hostname="user" time="12.871">
  <properties/>
  <testcase name="이메일_중복체크" classname="com.betweenourclothes.web.AuthApiControllerTest" time="0.0">
    <skipped/>
  </testcase>
  <testcase name="회원가입_로그인" classname="com.betweenourclothes.web.AuthApiControllerTest" time="6.035"/>
  <testcase name="로그인_토큰재발급" classname="com.betweenourclothes.web.AuthApiControllerTest" time="0.0">
    <skipped/>
  </testcase>
  <testcase name="로그인_토큰전송" classname="com.betweenourclothes.web.AuthApiControllerTest" time="0.0">
    <skipped/>
  </testcase>
  <testcase name="이메일_utf8" classname="com.betweenourclothes.web.AuthApiControllerTest" time="0.0">
    <skipped/>
  </testcase>
  <system-out><![CDATA[12:40:34.260 [Test worker] DEBUG org.springframework.test.context.junit4.SpringJUnit4ClassRunner - SpringJUnit4ClassRunner constructor called with [class com.betweenourclothes.web.AuthApiControllerTest]
12:40:34.260 [Test worker] DEBUG org.springframework.test.context.BootstrapUtils - Instantiating CacheAwareContextLoaderDelegate from class [org.springframework.test.context.cache.DefaultCacheAwareContextLoaderDelegate]
12:40:34.260 [Test worker] DEBUG org.springframework.test.context.BootstrapUtils - Instantiating BootstrapContext using constructor [public org.springframework.test.context.support.DefaultBootstrapContext(java.lang.Class,org.springframework.test.context.CacheAwareContextLoaderDelegate)]
12:40:34.261 [Test worker] DEBUG org.springframework.test.context.BootstrapUtils - Instantiating TestContextBootstrapper for test class [com.betweenourclothes.web.AuthApiControllerTest] from class [org.springframework.boot.test.context.SpringBootTestContextBootstrapper]
12:40:34.261 [Test worker] INFO org.springframework.boot.test.context.SpringBootTestContextBootstrapper - Neither @ContextConfiguration nor @ContextHierarchy found for test class [com.betweenourclothes.web.AuthApiControllerTest], using SpringBootContextLoader
12:40:34.261 [Test worker] DEBUG org.springframework.test.context.support.AbstractContextLoader - Did not detect default resource location for test class [com.betweenourclothes.web.AuthApiControllerTest]: class path resource [com/betweenourclothes/web/AuthApiControllerTest-context.xml] does not exist
12:40:34.262 [Test worker] DEBUG org.springframework.test.context.support.AbstractContextLoader - Did not detect default resource location for test class [com.betweenourclothes.web.AuthApiControllerTest]: class path resource [com/betweenourclothes/web/AuthApiControllerTestContext.groovy] does not exist
12:40:34.262 [Test worker] INFO org.springframework.test.context.support.AbstractContextLoader - Could not detect default resource locations for test class [com.betweenourclothes.web.AuthApiControllerTest]: no resource found for suffixes {-context.xml, Context.groovy}.
12:40:34.262 [Test worker] INFO org.springframework.test.context.support.AnnotationConfigContextLoaderUtils - Could not detect default configuration classes for test class [com.betweenourclothes.web.AuthApiControllerTest]: AuthApiControllerTest does not declare any static, non-private, non-final, nested classes annotated with @Configuration.
12:40:34.264 [Test worker] DEBUG org.springframework.test.context.support.ActiveProfilesUtils - Could not find an 'annotation declaring class' for annotation type [org.springframework.test.context.ActiveProfiles] and class [com.betweenourclothes.web.AuthApiControllerTest]
12:40:34.307 [Test worker] DEBUG org.springframework.context.annotation.ClassPathScanningCandidateComponentProvider - Identified candidate component class: file [C:\Users\user1\Desktop\송아\캡스톤\repo\between-our-clothes-server\build\classes\java\main\com\betweenourclothes\Application.class]
12:40:34.307 [Test worker] INFO org.springframework.boot.test.context.SpringBootTestContextBootstrapper - Found @SpringBootConfiguration com.betweenourclothes.Application for test class com.betweenourclothes.web.AuthApiControllerTest
12:40:34.308 [Test worker] DEBUG org.springframework.boot.test.context.SpringBootTestContextBootstrapper - @TestExecutionListeners is not present for class [com.betweenourclothes.web.AuthApiControllerTest]: using defaults.
12:40:34.308 [Test worker] INFO org.springframework.boot.test.context.SpringBootTestContextBootstrapper - Loaded default TestExecutionListener class names from location [META-INF/spring.factories]: [org.springframework.security.test.context.support.WithSecurityContextTestExecutionListener, org.springframework.security.test.context.support.ReactorContextTestExecutionListener, org.springframework.boot.test.autoconfigure.restdocs.RestDocsTestExecutionListener, org.springframework.boot.test.autoconfigure.web.client.MockRestServiceServerResetTestExecutionListener, org.springframework.boot.test.autoconfigure.web.servlet.MockMvcPrintOnlyOnFailureTestExecutionListener, org.springframework.boot.test.autoconfigure.web.servlet.WebDriverTestExecutionListener, org.springframework.boot.test.mock.mockito.MockitoTestExecutionListener, org.springframework.boot.test.mock.mockito.ResetMocksTestExecutionListener, org.springframework.test.context.web.ServletTestExecutionListener, org.springframework.test.context.support.DirtiesContextBeforeModesTestExecutionListener, org.springframework.test.context.support.DependencyInjectionTestExecutionListener, org.springframework.test.context.support.DirtiesContextTestExecutionListener, org.springframework.test.context.transaction.TransactionalTestExecutionListener, org.springframework.test.context.jdbc.SqlScriptsTestExecutionListener]
12:40:34.309 [Test worker] INFO org.springframework.boot.test.context.SpringBootTestContextBootstrapper - Using TestExecutionListeners: [org.springframework.test.context.web.ServletTestExecutionListener@579a79cc, org.springframework.test.context.support.DirtiesContextBeforeModesTestExecutionListener@4a530a63, org.springframework.boot.test.mock.mockito.MockitoTestExecutionListener@2a57b232, org.springframework.boot.test.autoconfigure.SpringBootDependencyInjectionTestExecutionListener@16a652bc, org.springframework.test.context.support.DirtiesContextTestExecutionListener@12f60dbd, org.springframework.test.context.transaction.TransactionalTestExecutionListener@40a40d92, org.springframework.test.context.jdbc.SqlScriptsTestExecutionListener@57f5f196, org.springframework.security.test.context.support.WithSecurityContextTestExecutionListener@73627a66, org.springframework.security.test.context.support.ReactorContextTestExecutionListener@51db1a52, org.springframework.boot.test.autoconfigure.restdocs.RestDocsTestExecutionListener@31f35566, org.springframework.boot.test.autoconfigure.web.client.MockRestServiceServerResetTestExecutionListener@49726b8f, org.springframework.boot.test.autoconfigure.web.servlet.MockMvcPrintOnlyOnFailureTestExecutionListener@2923898d, org.springframework.boot.test.autoconfigure.web.servlet.WebDriverTestExecutionListener@20230f71, org.springframework.boot.test.mock.mockito.ResetMocksTestExecutionListener@bd03676]
12:40:34.309 [Test worker] DEBUG org.springframework.test.annotation.ProfileValueUtils - Retrieved @ProfileValueSourceConfiguration [null] for test class [com.betweenourclothes.web.AuthApiControllerTest]
12:40:34.309 [Test worker] DEBUG org.springframework.test.annotation.ProfileValueUtils - Retrieved ProfileValueSource type [class org.springframework.test.annotation.SystemProfileValueSource] for class [com.betweenourclothes.web.AuthApiControllerTest]
12:40:34.309 [Test worker] DEBUG org.springframework.test.annotation.ProfileValueUtils - Retrieved @ProfileValueSourceConfiguration [null] for test class [com.betweenourclothes.web.AuthApiControllerTest]
12:40:34.309 [Test worker] DEBUG org.springframework.test.annotation.ProfileValueUtils - Retrieved ProfileValueSource type [class org.springframework.test.annotation.SystemProfileValueSource] for class [com.betweenourclothes.web.AuthApiControllerTest]
12:40:34.312 [Test worker] DEBUG org.springframework.test.context.support.AbstractDirtiesContextTestExecutionListener - Before test class: context [DefaultTestContext@5bfcfca4 testClass = AuthApiControllerTest, testInstance = [null], testMethod = [null], testException = [null], mergedContextConfiguration = [WebMergedContextConfiguration@598d8456 testClass = AuthApiControllerTest, locations = '{}', classes = '{class com.betweenourclothes.Application}', contextInitializerClasses = '[]', activeProfiles = '{}', propertySourceLocations = '{}', propertySourceProperties = '{org.springframework.boot.test.context.SpringBootTestContextBootstrapper=true, server.port=0}', contextCustomizers = set[org.springframework.boot.test.autoconfigure.properties.PropertyMappingContextCustomizer@0, org.springframework.boot.test.autoconfigure.web.servlet.WebDriverContextCustomizerFactory$Customizer@496452fb, org.springframework.boot.test.context.filter.ExcludeFilterContextCustomizer@7b138f5c, org.springframework.boot.test.json.DuplicateJsonObjectContextCustomizerFactory$DuplicateJsonObjectContextCustomizer@4245be35, org.springframework.boot.test.mock.mockito.MockitoContextCustomizer@0, org.springframework.boot.test.web.client.TestRestTemplateContextCustomizer@31931dd6], resourceBasePath = 'src/main/webapp', contextLoader = 'org.springframework.boot.test.context.SpringBootContextLoader', parent = [null]], attributes = map['org.springframework.test.context.web.ServletTestExecutionListener.activateListener' -> false]], class annotated with @DirtiesContext [false] with mode [null].
12:40:34.313 [Test worker] DEBUG org.springframework.test.annotation.ProfileValueUtils - Retrieved @ProfileValueSourceConfiguration [null] for test class [com.betweenourclothes.web.AuthApiControllerTest]
12:40:34.313 [Test worker] DEBUG org.springframework.test.annotation.ProfileValueUtils - Retrieved ProfileValueSource type [class org.springframework.test.annotation.SystemProfileValueSource] for class [com.betweenourclothes.web.AuthApiControllerTest]
12:40:34.316 [Test worker] DEBUG org.springframework.test.context.support.DependencyInjectionTestExecutionListener - Performing dependency injection for test context [[DefaultTestContext@5bfcfca4 testClass = AuthApiControllerTest, testInstance = com.betweenourclothes.web.AuthApiControllerTest@6cbd1732, testMethod = [null], testException = [null], mergedContextConfiguration = [WebMergedContextConfiguration@598d8456 testClass = AuthApiControllerTest, locations = '{}', classes = '{class com.betweenourclothes.Application}', contextInitializerClasses = '[]', activeProfiles = '{}', propertySourceLocations = '{}', propertySourceProperties = '{org.springframework.boot.test.context.SpringBootTestContextBootstrapper=true, server.port=0}', contextCustomizers = set[org.springframework.boot.test.autoconfigure.properties.PropertyMappingContextCustomizer@0, org.springframework.boot.test.autoconfigure.web.servlet.WebDriverContextCustomizerFactory$Customizer@496452fb, org.springframework.boot.test.context.filter.ExcludeFilterContextCustomizer@7b138f5c, org.springframework.boot.test.json.DuplicateJsonObjectContextCustomizerFactory$DuplicateJsonObjectContextCustomizer@4245be35, org.springframework.boot.test.mock.mockito.MockitoContextCustomizer@0, org.springframework.boot.test.web.client.TestRestTemplateContextCustomizer@31931dd6], resourceBasePath = 'src/main/webapp', contextLoader = 'org.springframework.boot.test.context.SpringBootContextLoader', parent = [null]], attributes = map['org.springframework.test.context.web.ServletTestExecutionListener.activateListener' -> false]]].
12:40:34.329 [Test worker] DEBUG org.springframework.test.context.support.TestPropertySourceUtils - Adding inlined properties to environment: {spring.jmx.enabled=false, org.springframework.boot.test.context.SpringBootTestContextBootstrapper=true, server.port=0}

  .   ____          _            __ _ _
 /\\ / ___'_ __ _ _(_)_ __  __ _ \ \ \ \
( ( )\___ | '_ | '_| | '_ \/ _` | \ \ \ \
 \\/  ___)| |_)| | | | | || (_| |  ) ) ) )
  '  |____| .__|_| |_|_| |_\__, | / / / /
 =========|_|==============|___/=/_/_/_/
 :: Spring Boot ::        (v2.1.7.RELEASE)

2022-11-14 12:40:34.538  INFO 14232 --- [    Test worker] c.b.web.AuthApiControllerTest            : Starting AuthApiControllerTest on user with PID 14232 (started by user1 in C:\Users\user1\Desktop\송아\캡스톤\repo\between-our-clothes-server)
2022-11-14 12:40:34.539  INFO 14232 --- [    Test worker] c.b.web.AuthApiControllerTest            : No active profile set, falling back to default profiles: default
2022-11-14 12:40:35.404  INFO 14232 --- [    Test worker] .s.d.r.c.RepositoryConfigurationDelegate : Bootstrapping Spring Data repositories in DEFAULT mode.
2022-11-14 12:40:35.531  INFO 14232 --- [    Test worker] .s.d.r.c.RepositoryConfigurationDelegate : Finished Spring Data repository scanning in 121ms. Found 15 repository interfaces.
2022-11-14 12:40:35.934  INFO 14232 --- [    Test worker] trationDelegate$BeanPostProcessorChecker : Bean 'org.springframework.transaction.annotation.ProxyTransactionManagementConfiguration' of type [org.springframework.transaction.annotation.ProxyTransactionManagementConfiguration$$EnhancerBySpringCGLIB$$a4e3c218] is not eligible for getting processed by all BeanPostProcessors (for example: not eligible for auto-proxying)
2022-11-14 12:40:36.254  INFO 14232 --- [    Test worker] o.s.b.w.embedded.tomcat.TomcatWebServer  : Tomcat initialized with port(s): 0 (http)
2022-11-14 12:40:36.283  INFO 14232 --- [    Test worker] o.apache.catalina.core.StandardService   : Starting service [Tomcat]
2022-11-14 12:40:36.283  INFO 14232 --- [    Test worker] org.apache.catalina.core.StandardEngine  : Starting Servlet engine: [Apache Tomcat/9.0.22]
2022-11-14 12:40:36.410  INFO 14232 --- [    Test worker] o.a.c.c.C.[Tomcat].[localhost].[/]       : Initializing Spring embedded WebApplicationContext
2022-11-14 12:40:36.410  INFO 14232 --- [    Test worker] o.s.web.context.ContextLoader            : Root WebApplicationContext: initialization completed in 1851 ms
2022-11-14 12:40:36.669  INFO 14232 --- [    Test worker] com.zaxxer.hikari.HikariDataSource       : HikariPool-1 - Starting...
2022-11-14 12:40:37.110  INFO 14232 --- [    Test worker] com.zaxxer.hikari.HikariDataSource       : HikariPool-1 - Start completed.
2022-11-14 12:40:37.173  INFO 14232 --- [    Test worker] o.hibernate.jpa.internal.util.LogHelper  : HHH000204: Processing PersistenceUnitInfo [
	name: default
	...]
2022-11-14 12:40:37.249  INFO 14232 --- [    Test worker] org.hibernate.Version                    : HHH000412: Hibernate Core {5.3.10.Final}
2022-11-14 12:40:37.251  INFO 14232 --- [    Test worker] org.hibernate.cfg.Environment            : HHH000206: hibernate.properties not found
2022-11-14 12:40:37.398  INFO 14232 --- [    Test worker] o.hibernate.annotations.common.Version   : HCANN000001: Hibernate Commons Annotations {5.0.4.Final}
2022-11-14 12:40:37.537  INFO 14232 --- [    Test worker] org.hibernate.dialect.Dialect            : HHH000400: Using dialect: org.hibernate.dialect.MySQL5InnoDBDialect
2022-11-14 12:40:38.731  INFO 14232 --- [    Test worker] j.LocalContainerEntityManagerFactoryBean : Initialized JPA EntityManagerFactory for persistence unit 'default'
2022-11-14 12:40:39.332  INFO 14232 --- [    Test worker] o.h.h.i.QueryTranslatorFactoryInitiator  : HHH000397: Using ASTQueryTranslatorFactory
2022-11-14 12:40:39.735  WARN 14232 --- [    Test worker] aWebConfiguration$JpaWebMvcConfiguration : spring.jpa.open-in-view is enabled by default. Therefore, database queries may be performed during view rendering. Explicitly configure spring.jpa.open-in-view to disable this warning
2022-11-14 12:40:40.046  INFO 14232 --- [    Test worker] o.s.s.web.DefaultSecurityFilterChain     : Creating filter chain: org.springframework.boot.autoconfigure.security.servlet.StaticResourceRequest$StaticResourceRequestMatcher@16f87134, []
2022-11-14 12:40:40.134  INFO 14232 --- [    Test worker] o.s.s.web.DefaultSecurityFilterChain     : Creating filter chain: any request, [org.springframework.security.web.context.request.async.WebAsyncManagerIntegrationFilter@d83b784, org.springframework.security.web.context.SecurityContextPersistenceFilter@18d4d66b, org.springframework.security.web.header.HeaderWriterFilter@1999c8db, org.springframework.security.web.authentication.logout.LogoutFilter@76e466d7, com.betweenourclothes.jwt.JwtAuthenticationFilter@36a07158, org.springframework.security.web.savedrequest.RequestCacheAwareFilter@238d1776, org.springframework.security.web.servletapi.SecurityContextHolderAwareRequestFilter@26a76b16, org.springframework.security.web.authentication.AnonymousAuthenticationFilter@76e7c1be, org.springframework.security.web.session.SessionManagementFilter@2a9b3e83, org.springframework.security.web.access.ExceptionTranslationFilter@4d6c1b22, org.springframework.security.web.access.intercept.FilterSecurityInterceptor@256c8f73]
2022-11-14 12:40:40.191  INFO 14232 --- [    Test worker] pertySourcedRequestMappingHandlerMapping : Mapped URL path [/v2/api-docs] onto method [public org.springframework.http.ResponseEntity<springfox.documentation.spring.web.json.Json> springfox.documentation.swagger2.web.Swagger2Controller.getDocumentation(java.lang.String,javax.servlet.http.HttpServletRequest)]
2022-11-14 12:40:40.495  INFO 14232 --- [    Test worker] o.s.s.concurrent.ThreadPoolTaskExecutor  : Initializing ExecutorService 'applicationTaskExecutor'
2022-11-14 12:40:40.789  INFO 14232 --- [    Test worker] d.s.w.p.DocumentationPluginsBootstrapper : Context refreshed
2022-11-14 12:40:40.808  INFO 14232 --- [    Test worker] d.s.w.p.DocumentationPluginsBootstrapper : Found 1 custom documentation plugin(s)
2022-11-14 12:40:40.843  INFO 14232 --- [    Test worker] s.d.s.w.s.ApiListingReferenceScanner     : Scanning for api listing references
2022-11-14 12:40:41.063  INFO 14232 --- [    Test worker] .d.s.w.r.o.CachingOperationNameGenerator : Generating unique operation named: deleteUsingDELETE_1
2022-11-14 12:40:41.081  INFO 14232 --- [    Test worker] .d.s.w.r.o.CachingOperationNameGenerator : Generating unique operation named: findPostByIdUsingGET_1
2022-11-14 12:40:41.086  INFO 14232 --- [    Test worker] .d.s.w.r.o.CachingOperationNameGenerator : Generating unique operation named: findPostsByAllCategoryUsingPOST_1
2022-11-14 12:40:41.105  INFO 14232 --- [    Test worker] .d.s.w.r.o.CachingOperationNameGenerator : Generating unique operation named: postUsingPOST_1
2022-11-14 12:40:41.109  INFO 14232 --- [    Test worker] .d.s.w.r.o.CachingOperationNameGenerator : Generating unique operation named: updateUsingPUT_1
2022-11-14 12:40:41.140  INFO 14232 --- [    Test worker] o.s.b.w.embedded.tomcat.TomcatWebServer  : Tomcat started on port(s): 54760 (http) with context path ''
2022-11-14 12:40:41.141  INFO 14232 --- [    Test worker] c.b.web.AuthApiControllerTest            : Started AuthApiControllerTest in 6.811 seconds (JVM running for 7.747)
Hibernate: 
    select
        members0_.id as id1_6_,
        members0_.email as email2_6_,
        members0_.image as image3_6_,
        members0_.name as name4_6_,
        members0_.nickname as nickname5_6_,
        members0_.password as password6_6_,
        members0_.phone as phone7_6_,
        members0_.refresh_token as refresh_8_6_,
        members0_.role as role9_6_ 
    from
        members members0_
Hibernate: 
    select
        closetspos0_.author_id as author_i4_1_0_,
        closetspos0_.id as id1_1_0_,
        closetspos0_.id as id1_1_1_,
        closetspos0_.created_date as created_2_1_1_,
        closetspos0_.modified_date as modified3_1_1_,
        closetspos0_.author_id as author_i4_1_1_,
        closetspos0_.clothes_info_id as clothes_5_1_1_,
        closetspos0_.colors_name as colors_n6_1_1_,
        closetspos0_.materials_name as material7_1_1_,
        closetspos0_.style_name as style_na8_1_1_,
        clothesinf1_.id as id1_2_2_,
        clothesinf1_.categoryl as category2_2_2_,
        clothesinf1_.categorys as category3_2_2_,
        clothesinf1_.fit as fit4_2_2_,
        clothesinf1_.length as length5_2_2_,
        colors2_.id as id1_4_3_,
        colors2_.name as name2_4_3_,
        materials3_.id as id1_5_4_,
        materials3_.name as name2_5_4_,
        style4_.id as id1_14_5_,
        style4_.name as name2_14_5_ 
    from
        closets closetspos0_ 
    left outer join
        clothes_info clothesinf1_ 
            on closetspos0_.clothes_info_id=clothesinf1_.id 
    left outer join
        colors colors2_ 
            on closetspos0_.colors_name=colors2_.name 
    left outer join
        materials materials3_ 
            on closetspos0_.materials_name=materials3_.name 
    left outer join
        style style4_ 
            on closetspos0_.style_name=style4_.name 
    where
        closetspos0_.author_id=?
Hibernate: 
    select
        storescomm0_.user_id as user_id5_13_0_,
        storescomm0_.id as id1_13_0_,
        storescomm0_.id as id1_13_1_,
        storescomm0_.created_date as created_2_13_1_,
        storescomm0_.modified_date as modified3_13_1_,
        storescomm0_.content as content4_13_1_,
        storescomm0_.user_id as user_id5_13_1_,
        storescomm0_.post_id as post_id6_13_1_,
        stores1_.id as id1_12_2_,
        stores1_.created_date as created_2_12_2_,
        stores1_.modified_date as modified3_12_2_,
        stores1_.author_id as author_i9_12_2_,
        stores1_.clothes_info_id as clothes10_12_2_,
        stores1_.colors_name as colors_11_12_2_,
        stores1_.materials_name as materia12_12_2_,
        stores1_.style_name as style_n13_12_2_,
        stores1_.clothes_length as clothes_4_12_2_,
        stores1_.content as content5_12_2_,
        stores1_.price as price6_12_2_,
        stores1_.sales_info_clothes_id as sales_i14_12_2_,
        stores1_.sales_info_status_id as sales_i15_12_2_,
        stores1_.sales_info_user_id as sales_i16_12_2_,
        stores1_.status as status7_12_2_,
        stores1_.title as title8_12_2_,
        members2_.id as id1_6_3_,
        members2_.email as email2_6_3_,
        members2_.image as image3_6_3_,
        members2_.name as name4_6_3_,
        members2_.nickname as nickname5_6_3_,
        members2_.password as password6_6_3_,
        members2_.phone as phone7_6_3_,
        members2_.refresh_token as refresh_8_6_3_,
        members2_.role as role9_6_3_,
        clothesinf3_.id as id1_2_4_,
        clothesinf3_.categoryl as category2_2_4_,
        clothesinf3_.categorys as category3_2_4_,
        clothesinf3_.fit as fit4_2_4_,
        clothesinf3_.length as length5_2_4_,
        colors4_.id as id1_4_5_,
        colors4_.name as name2_4_5_,
        materials5_.id as id1_5_6_,
        materials5_.name as name2_5_6_,
        style6_.id as id1_14_7_,
        style6_.name as name2_14_7_,
        salesinfoc7_.id as id1_9_8_,
        salesinfoc7_.clothes_brand as clothes_2_9_8_,
        salesinfoc7_.clothes_color as clothes_3_9_8_,
        salesinfoc7_.clothes_gender as clothes_4_9_8_,
        salesinfoc7_.clothes_size as clothes_5_9_8_,
        salesinfos8_.id as id1_10_9_,
        salesinfos8_.status_score as status_s2_10_9_,
        salesinfos8_.status_tag as status_t3_10_9_,
        salesinfos8_.status_times as status_t4_10_9_,
        salesinfos8_.status_when2buy as status_w5_10_9_,
        salesinfos8_.transport as transpor6_10_9_,
        salesinfou9_.id as id1_11_10_,
        salesinfou9_.user_height as user_hei2_11_10_,
        salesinfou9_.user_size as user_siz3_11_10_,
        salesinfou9_.user_weight as user_wei4_11_10_ 
    from
        stores_comments storescomm0_ 
    left outer join
        stores stores1_ 
            on storescomm0_.post_id=stores1_.id 
    left outer join
        members members2_ 
            on stores1_.author_id=members2_.id 
    left outer join
        clothes_info clothesinf3_ 
            on stores1_.clothes_info_id=clothesinf3_.id 
    left outer join
        colors colors4_ 
            on stores1_.colors_name=colors4_.name 
    left outer join
        materials materials5_ 
            on stores1_.materials_name=materials5_.name 
    left outer join
        style style6_ 
            on stores1_.style_name=style6_.name 
    left outer join
        sales_info_clothes salesinfoc7_ 
            on stores1_.sales_info_clothes_id=salesinfoc7_.id 
    left outer join
        sales_info_status salesinfos8_ 
            on stores1_.sales_info_status_id=salesinfos8_.id 
    left outer join
        sales_info_user salesinfou9_ 
            on stores1_.sales_info_user_id=salesinfou9_.id 
    where
        storescomm0_.user_id=?
Hibernate: 
    select
        storeslike0_.user_id as user_id3_7_0_,
        storeslike0_.id as id1_7_0_,
        storeslike0_.id as id1_7_1_,
        storeslike0_.store_id as store_id2_7_1_,
        storeslike0_.user_id as user_id3_7_1_,
        stores1_.id as id1_12_2_,
        stores1_.created_date as created_2_12_2_,
        stores1_.modified_date as modified3_12_2_,
        stores1_.author_id as author_i9_12_2_,
        stores1_.clothes_info_id as clothes10_12_2_,
        stores1_.colors_name as colors_11_12_2_,
        stores1_.materials_name as materia12_12_2_,
        stores1_.style_name as style_n13_12_2_,
        stores1_.clothes_length as clothes_4_12_2_,
        stores1_.content as content5_12_2_,
        stores1_.price as price6_12_2_,
        stores1_.sales_info_clothes_id as sales_i14_12_2_,
        stores1_.sales_info_status_id as sales_i15_12_2_,
        stores1_.sales_info_user_id as sales_i16_12_2_,
        stores1_.status as status7_12_2_,
        stores1_.title as title8_12_2_,
        members2_.id as id1_6_3_,
        members2_.email as email2_6_3_,
        members2_.image as image3_6_3_,
        members2_.name as name4_6_3_,
        members2_.nickname as nickname5_6_3_,
        members2_.password as password6_6_3_,
        members2_.phone as phone7_6_3_,
        members2_.refresh_token as refresh_8_6_3_,
        members2_.role as role9_6_3_,
        clothesinf3_.id as id1_2_4_,
        clothesinf3_.categoryl as category2_2_4_,
        clothesinf3_.categorys as category3_2_4_,
        clothesinf3_.fit as fit4_2_4_,
        clothesinf3_.length as length5_2_4_,
        colors4_.id as id1_4_5_,
        colors4_.name as name2_4_5_,
        materials5_.id as id1_5_6_,
        materials5_.name as name2_5_6_,
        style6_.id as id1_14_7_,
        style6_.name as name2_14_7_,
        salesinfoc7_.id as id1_9_8_,
        salesinfoc7_.clothes_brand as clothes_2_9_8_,
        salesinfoc7_.clothes_color as clothes_3_9_8_,
        salesinfoc7_.clothes_gender as clothes_4_9_8_,
        salesinfoc7_.clothes_size as clothes_5_9_8_,
        salesinfos8_.id as id1_10_9_,
        salesinfos8_.status_score as status_s2_10_9_,
        salesinfos8_.status_tag as status_t3_10_9_,
        salesinfos8_.status_times as status_t4_10_9_,
        salesinfos8_.status_when2buy as status_w5_10_9_,
        salesinfos8_.transport as transpor6_10_9_,
        salesinfou9_.id as id1_11_10_,
        salesinfou9_.user_height as user_hei2_11_10_,
        salesinfou9_.user_size as user_siz3_11_10_,
        salesinfou9_.user_weight as user_wei4_11_10_ 
    from
        members_like_stores_post storeslike0_ 
    left outer join
        stores stores1_ 
            on storeslike0_.store_id=stores1_.id 
    left outer join
        members members2_ 
            on stores1_.author_id=members2_.id 
    left outer join
        clothes_info clothesinf3_ 
            on stores1_.clothes_info_id=clothesinf3_.id 
    left outer join
        colors colors4_ 
            on stores1_.colors_name=colors4_.name 
    left outer join
        materials materials5_ 
            on stores1_.materials_name=materials5_.name 
    left outer join
        style style6_ 
            on stores1_.style_name=style6_.name 
    left outer join
        sales_info_clothes salesinfoc7_ 
            on stores1_.sales_info_clothes_id=salesinfoc7_.id 
    left outer join
        sales_info_status salesinfos8_ 
            on stores1_.sales_info_status_id=salesinfos8_.id 
    left outer join
        sales_info_user salesinfou9_ 
            on stores1_.sales_info_user_id=salesinfou9_.id 
    where
        storeslike0_.user_id=?
Hibernate: 
    select
        storespost0_.author_id as author_i9_12_0_,
        storespost0_.id as id1_12_0_,
        storespost0_.id as id1_12_1_,
        storespost0_.created_date as created_2_12_1_,
        storespost0_.modified_date as modified3_12_1_,
        storespost0_.author_id as author_i9_12_1_,
        storespost0_.clothes_info_id as clothes10_12_1_,
        storespost0_.colors_name as colors_11_12_1_,
        storespost0_.materials_name as materia12_12_1_,
        storespost0_.style_name as style_n13_12_1_,
        storespost0_.clothes_length as clothes_4_12_1_,
        storespost0_.content as content5_12_1_,
        storespost0_.price as price6_12_1_,
        storespost0_.sales_info_clothes_id as sales_i14_12_1_,
        storespost0_.sales_info_status_id as sales_i15_12_1_,
        storespost0_.sales_info_user_id as sales_i16_12_1_,
        storespost0_.status as status7_12_1_,
        storespost0_.title as title8_12_1_,
        clothesinf1_.id as id1_2_2_,
        clothesinf1_.categoryl as category2_2_2_,
        clothesinf1_.categorys as category3_2_2_,
        clothesinf1_.fit as fit4_2_2_,
        clothesinf1_.length as length5_2_2_,
        colors2_.id as id1_4_3_,
        colors2_.name as name2_4_3_,
        materials3_.id as id1_5_4_,
        materials3_.name as name2_5_4_,
        style4_.id as id1_14_5_,
        style4_.name as name2_14_5_,
        salesinfoc5_.id as id1_9_6_,
        salesinfoc5_.clothes_brand as clothes_2_9_6_,
        salesinfoc5_.clothes_color as clothes_3_9_6_,
        salesinfoc5_.clothes_gender as clothes_4_9_6_,
        salesinfoc5_.clothes_size as clothes_5_9_6_,
        salesinfos6_.id as id1_10_7_,
        salesinfos6_.status_score as status_s2_10_7_,
        salesinfos6_.status_tag as status_t3_10_7_,
        salesinfos6_.status_times as status_t4_10_7_,
        salesinfos6_.status_when2buy as status_w5_10_7_,
        salesinfos6_.transport as transpor6_10_7_,
        salesinfou7_.id as id1_11_8_,
        salesinfou7_.user_height as user_hei2_11_8_,
        salesinfou7_.user_size as user_siz3_11_8_,
        salesinfou7_.user_weight as user_wei4_11_8_ 
    from
        stores storespost0_ 
    left outer join
        clothes_info clothesinf1_ 
            on storespost0_.clothes_info_id=clothesinf1_.id 
    left outer join
        colors colors2_ 
            on storespost0_.colors_name=colors2_.name 
    left outer join
        materials materials3_ 
            on storespost0_.materials_name=materials3_.name 
    left outer join
        style style4_ 
            on storespost0_.style_name=style4_.name 
    left outer join
        sales_info_clothes salesinfoc5_ 
            on storespost0_.sales_info_clothes_id=salesinfoc5_.id 
    left outer join
        sales_info_status salesinfos6_ 
            on storespost0_.sales_info_status_id=salesinfos6_.id 
    left outer join
        sales_info_user salesinfou7_ 
            on storespost0_.sales_info_user_id=salesinfou7_.id 
    where
        storespost0_.author_id=?
Hibernate: 
    delete 
    from
        members 
    where
        id=?
Hibernate: 
    select
        email0_.email as email1_0_,
        email0_.code as code2_0_,
        email0_.status as status3_0_ 
    from
        authentication email0_
2022-11-14 12:40:41.366  INFO 14232 --- [o-auto-1-exec-2] o.a.c.c.C.[Tomcat].[localhost].[/]       : Initializing Spring DispatcherServlet 'dispatcherServlet'
2022-11-14 12:40:41.366  INFO 14232 --- [o-auto-1-exec-2] o.s.web.servlet.DispatcherServlet        : Initializing Servlet 'dispatcherServlet'
2022-11-14 12:40:41.380  INFO 14232 --- [o-auto-1-exec-2] o.s.web.servlet.DispatcherServlet        : Completed initialization in 14 ms
Hibernate: 
    select
        members0_.id as id1_6_,
        members0_.email as email2_6_,
        members0_.image as image3_6_,
        members0_.name as name4_6_,
        members0_.nickname as nickname5_6_,
        members0_.password as password6_6_,
        members0_.phone as phone7_6_,
        members0_.refresh_token as refresh_8_6_,
        members0_.role as role9_6_ 
    from
        members members0_ 
    where
        members0_.email=?
Hibernate: 
    select
        email0_.email as email1_0_0_,
        email0_.code as code2_0_0_,
        email0_.status as status3_0_0_ 
    from
        authentication email0_ 
    where
        email0_.email=?
Hibernate: 
    insert 
    into
        authentication
        (code, status, email) 
    values
        (?, ?, ?)
Hibernate: 
    select
        email0_.email as email1_0_,
        email0_.code as code2_0_,
        email0_.status as status3_0_ 
    from
        authentication email0_
Hibernate: 
    select
        email0_.email as email1_0_,
        email0_.code as code2_0_,
        email0_.status as status3_0_ 
    from
        authentication email0_ 
    where
        email0_.email=?
Hibernate: 
    update
        authentication 
    set
        code=?,
        status=? 
    where
        email=?
Hibernate: 
    select
        email0_.email as email1_0_,
        email0_.code as code2_0_,
        email0_.status as status3_0_ 
    from
        authentication email0_
{"email":"gunsong2@naver.com","password":"abcde1234!","name":"이름","nickname":"송아","phone":"00033334444"}
2022-11-14 12:40:46.734  INFO 14232 --- [    Test worker] o.a.c.c.C.[Tomcat].[localhost].[/]       : Initializing Spring TestDispatcherServlet ''
2022-11-14 12:40:46.734  INFO 14232 --- [    Test worker] o.s.t.web.servlet.TestDispatcherServlet  : Initializing Servlet ''
2022-11-14 12:40:46.737  INFO 14232 --- [    Test worker] o.s.t.web.servlet.TestDispatcherServlet  : Completed initialization in 3 ms
Hibernate: 
    select
        members0_.id as id1_6_,
        members0_.email as email2_6_,
        members0_.image as image3_6_,
        members0_.name as name4_6_,
        members0_.nickname as nickname5_6_,
        members0_.password as password6_6_,
        members0_.phone as phone7_6_,
        members0_.refresh_token as refresh_8_6_,
        members0_.role as role9_6_ 
    from
        members members0_ 
    where
        members0_.email=?
Hibernate: 
    select
        email0_.email as email1_0_,
        email0_.code as code2_0_,
        email0_.status as status3_0_ 
    from
        authentication email0_ 
    where
        email0_.email=?
Hibernate: 
    select
        members0_.id as id1_6_,
        members0_.email as email2_6_,
        members0_.image as image3_6_,
        members0_.name as name4_6_,
        members0_.nickname as nickname5_6_,
        members0_.password as password6_6_,
        members0_.phone as phone7_6_,
        members0_.refresh_token as refresh_8_6_,
        members0_.role as role9_6_ 
    from
        members members0_ 
    where
        members0_.nickname=?
Hibernate: 
    insert 
    into
        members
        (email, image, name, nickname, password, phone, role) 
    values
        (?, ?, ?, ?, ?, ?, ?)
Hibernate: 
    delete 
    from
        authentication 
    where
        email=?

MockHttpServletRequest:
      HTTP Method = POST
      Request URI = /api/v1/auth/sign-up
       Parameters = {}
          Headers = [Content-Type:"multipart/form-data", Accept:"application/json"]
             Body = <no character encoding set>
    Session Attrs = {}

Handler:
             Type = com.betweenourclothes.web.AuthApiController
           Method = public org.springframework.http.ResponseEntity<java.lang.String> com.betweenourclothes.web.AuthApiController.signUp(com.betweenourclothes.web.dto.request.auth.AuthSignUpRequestDto,org.springframework.web.multipart.MultipartFile) throws java.lang.Exception

Async:
    Async started = false
     Async result = null

Resolved Exception:
             Type = null

ModelAndView:
        View name = null
             View = null
            Model = null

FlashMap:
       Attributes = null

MockHttpServletResponse:
           Status = 200
    Error message = null
          Headers = [Content-Type:"application/json;charset=UTF-8", Content-Length:"19"]
     Content type = application/json;charset=UTF-8
             Body = 회원가입 성공
    Forwarded URL = null
   Redirected URL = null
          Cookies = []
Hibernate: 
    select
        members0_.id as id1_6_,
        members0_.email as email2_6_,
        members0_.image as image3_6_,
        members0_.name as name4_6_,
        members0_.nickname as nickname5_6_,
        members0_.password as password6_6_,
        members0_.phone as phone7_6_,
        members0_.refresh_token as refresh_8_6_,
        members0_.role as role9_6_ 
    from
        members members0_
C:\Users\user1\betweenourclothes\images\profile\profile-18bae4d3-7a1d-4880-a28b-34ccf8ebf9cb.png
Hibernate: 
    select
        members0_.id as id1_6_,
        members0_.email as email2_6_,
        members0_.image as image3_6_,
        members0_.name as name4_6_,
        members0_.nickname as nickname5_6_,
        members0_.password as password6_6_,
        members0_.phone as phone7_6_,
        members0_.refresh_token as refresh_8_6_,
        members0_.role as role9_6_ 
    from
        members members0_ 
    where
        members0_.email=?
Hibernate: 
    select
        members0_.id as id1_6_,
        members0_.email as email2_6_,
        members0_.image as image3_6_,
        members0_.name as name4_6_,
        members0_.nickname as nickname5_6_,
        members0_.password as password6_6_,
        members0_.phone as phone7_6_,
        members0_.refresh_token as refresh_8_6_,
        members0_.role as role9_6_ 
    from
        members members0_ 
    where
        members0_.email=?
Hibernate: 
    update
        members 
    set
        email=?,
        image=?,
        name=?,
        nickname=?,
        password=?,
        phone=?,
        refresh_token=?,
        role=? 
    where
        id=?
Hibernate: 
    select
        members0_.id as id1_6_,
        members0_.email as email2_6_,
        members0_.image as image3_6_,
        members0_.name as name4_6_,
        members0_.nickname as nickname5_6_,
        members0_.password as password6_6_,
        members0_.phone as phone7_6_,
        members0_.refresh_token as refresh_8_6_,
        members0_.role as role9_6_ 
    from
        members members0_
]]></system-out>
  <system-err><![CDATA[]]></system-err>
</testsuite>
