<?xml version="1.0" encoding="UTF-8"?>
<testsuite name="com.betweenourclothes.web.AuthApiControllerTest" tests="5" skipped="5" failures="0" errors="0" timestamp="2022-11-11T07:41:32" hostname="user" time="0.0">
  <properties/>
  <testcase name="이메일_중복체크" classname="com.betweenourclothes.web.AuthApiControllerTest" time="0.0">
    <skipped/>
  </testcase>
  <testcase name="회원가입_로그인" classname="com.betweenourclothes.web.AuthApiControllerTest" time="0.0">
    <skipped/>
  </testcase>
  <testcase name="로그인_토큰재발급" classname="com.betweenourclothes.web.AuthApiControllerTest" time="0.0">
    <skipped/>
  </testcase>
  <testcase name="로그인_토큰전송" classname="com.betweenourclothes.web.AuthApiControllerTest" time="0.0">
    <skipped/>
  </testcase>
  <testcase name="이메일_utf8" classname="com.betweenourclothes.web.AuthApiControllerTest" time="0.0">
    <skipped/>
  </testcase>
  <system-out><![CDATA[16:41:32.209 [Test worker] DEBUG org.springframework.test.context.junit4.SpringJUnit4ClassRunner - SpringJUnit4ClassRunner constructor called with [class com.betweenourclothes.web.AuthApiControllerTest]
16:41:32.210 [Test worker] DEBUG org.springframework.test.context.BootstrapUtils - Instantiating CacheAwareContextLoaderDelegate from class [org.springframework.test.context.cache.DefaultCacheAwareContextLoaderDelegate]
16:41:32.210 [Test worker] DEBUG org.springframework.test.context.BootstrapUtils - Instantiating BootstrapContext using constructor [public org.springframework.test.context.support.DefaultBootstrapContext(java.lang.Class,org.springframework.test.context.CacheAwareContextLoaderDelegate)]
16:41:32.210 [Test worker] DEBUG org.springframework.test.context.BootstrapUtils - Instantiating TestContextBootstrapper for test class [com.betweenourclothes.web.AuthApiControllerTest] from class [org.springframework.boot.test.context.SpringBootTestContextBootstrapper]
16:41:32.211 [Test worker] INFO org.springframework.boot.test.context.SpringBootTestContextBootstrapper - Neither @ContextConfiguration nor @ContextHierarchy found for test class [com.betweenourclothes.web.AuthApiControllerTest], using SpringBootContextLoader
16:41:32.211 [Test worker] DEBUG org.springframework.test.context.support.AbstractContextLoader - Did not detect default resource location for test class [com.betweenourclothes.web.AuthApiControllerTest]: class path resource [com/betweenourclothes/web/AuthApiControllerTest-context.xml] does not exist
16:41:32.212 [Test worker] DEBUG org.springframework.test.context.support.AbstractContextLoader - Did not detect default resource location for test class [com.betweenourclothes.web.AuthApiControllerTest]: class path resource [com/betweenourclothes/web/AuthApiControllerTestContext.groovy] does not exist
16:41:32.212 [Test worker] INFO org.springframework.test.context.support.AbstractContextLoader - Could not detect default resource locations for test class [com.betweenourclothes.web.AuthApiControllerTest]: no resource found for suffixes {-context.xml, Context.groovy}.
16:41:32.212 [Test worker] INFO org.springframework.test.context.support.AnnotationConfigContextLoaderUtils - Could not detect default configuration classes for test class [com.betweenourclothes.web.AuthApiControllerTest]: AuthApiControllerTest does not declare any static, non-private, non-final, nested classes annotated with @Configuration.
16:41:32.213 [Test worker] DEBUG org.springframework.test.context.support.ActiveProfilesUtils - Could not find an 'annotation declaring class' for annotation type [org.springframework.test.context.ActiveProfiles] and class [com.betweenourclothes.web.AuthApiControllerTest]
16:41:32.251 [Test worker] DEBUG org.springframework.context.annotation.ClassPathScanningCandidateComponentProvider - Identified candidate component class: file [C:\Users\user1\Desktop\송아\캡스톤\repo\between-our-clothes-server\build\classes\java\main\com\betweenourclothes\Application.class]
16:41:32.251 [Test worker] INFO org.springframework.boot.test.context.SpringBootTestContextBootstrapper - Found @SpringBootConfiguration com.betweenourclothes.Application for test class com.betweenourclothes.web.AuthApiControllerTest
16:41:32.252 [Test worker] DEBUG org.springframework.boot.test.context.SpringBootTestContextBootstrapper - @TestExecutionListeners is not present for class [com.betweenourclothes.web.AuthApiControllerTest]: using defaults.
16:41:32.252 [Test worker] INFO org.springframework.boot.test.context.SpringBootTestContextBootstrapper - Loaded default TestExecutionListener class names from location [META-INF/spring.factories]: [org.springframework.security.test.context.support.WithSecurityContextTestExecutionListener, org.springframework.security.test.context.support.ReactorContextTestExecutionListener, org.springframework.boot.test.autoconfigure.restdocs.RestDocsTestExecutionListener, org.springframework.boot.test.autoconfigure.web.client.MockRestServiceServerResetTestExecutionListener, org.springframework.boot.test.autoconfigure.web.servlet.MockMvcPrintOnlyOnFailureTestExecutionListener, org.springframework.boot.test.autoconfigure.web.servlet.WebDriverTestExecutionListener, org.springframework.boot.test.mock.mockito.MockitoTestExecutionListener, org.springframework.boot.test.mock.mockito.ResetMocksTestExecutionListener, org.springframework.test.context.web.ServletTestExecutionListener, org.springframework.test.context.support.DirtiesContextBeforeModesTestExecutionListener, org.springframework.test.context.support.DependencyInjectionTestExecutionListener, org.springframework.test.context.support.DirtiesContextTestExecutionListener, org.springframework.test.context.transaction.TransactionalTestExecutionListener, org.springframework.test.context.jdbc.SqlScriptsTestExecutionListener]
16:41:32.253 [Test worker] INFO org.springframework.boot.test.context.SpringBootTestContextBootstrapper - Using TestExecutionListeners: [org.springframework.test.context.web.ServletTestExecutionListener@5aa0fb46, org.springframework.test.context.support.DirtiesContextBeforeModesTestExecutionListener@13ae9e20, org.springframework.boot.test.mock.mockito.MockitoTestExecutionListener@40098942, org.springframework.boot.test.autoconfigure.SpringBootDependencyInjectionTestExecutionListener@64703d8b, org.springframework.test.context.support.DirtiesContextTestExecutionListener@39d78088, org.springframework.test.context.transaction.TransactionalTestExecutionListener@5eef560c, org.springframework.test.context.jdbc.SqlScriptsTestExecutionListener@5220970a, org.springframework.security.test.context.support.WithSecurityContextTestExecutionListener@375964a0, org.springframework.security.test.context.support.ReactorContextTestExecutionListener@328f6103, org.springframework.boot.test.autoconfigure.restdocs.RestDocsTestExecutionListener@16741e68, org.springframework.boot.test.autoconfigure.web.client.MockRestServiceServerResetTestExecutionListener@40ba436b, org.springframework.boot.test.autoconfigure.web.servlet.MockMvcPrintOnlyOnFailureTestExecutionListener@3cba53b8, org.springframework.boot.test.autoconfigure.web.servlet.WebDriverTestExecutionListener@75f4aa55, org.springframework.boot.test.mock.mockito.ResetMocksTestExecutionListener@43c56ddd]
16:41:32.253 [Test worker] DEBUG org.springframework.test.annotation.ProfileValueUtils - Retrieved @ProfileValueSourceConfiguration [null] for test class [com.betweenourclothes.web.AuthApiControllerTest]
16:41:32.253 [Test worker] DEBUG org.springframework.test.annotation.ProfileValueUtils - Retrieved ProfileValueSource type [class org.springframework.test.annotation.SystemProfileValueSource] for class [com.betweenourclothes.web.AuthApiControllerTest]
]]></system-out>
  <system-err><![CDATA[]]></system-err>
</testsuite>
