<?xml version="1.0" encoding="UTF-8"?>
<testsuite name="com.betweenourclothes.web.StoresApiControllerTest" tests="1" skipped="0" failures="0" errors="0" timestamp="2022-11-10T02:33:08" hostname="user" time="1.184">
  <properties/>
  <testcase name="중고거래_검색" classname="com.betweenourclothes.web.StoresApiControllerTest" time="1.184"/>
  <system-out><![CDATA[11:33:01.882 [Test worker] DEBUG org.springframework.test.context.junit4.SpringJUnit4ClassRunner - SpringJUnit4ClassRunner constructor called with [class com.betweenourclothes.web.StoresApiControllerTest]
11:33:01.888 [Test worker] DEBUG org.springframework.test.context.BootstrapUtils - Instantiating CacheAwareContextLoaderDelegate from class [org.springframework.test.context.cache.DefaultCacheAwareContextLoaderDelegate]
11:33:01.896 [Test worker] DEBUG org.springframework.test.context.BootstrapUtils - Instantiating BootstrapContext using constructor [public org.springframework.test.context.support.DefaultBootstrapContext(java.lang.Class,org.springframework.test.context.CacheAwareContextLoaderDelegate)]
11:33:01.915 [Test worker] DEBUG org.springframework.test.context.BootstrapUtils - Instantiating TestContextBootstrapper for test class [com.betweenourclothes.web.StoresApiControllerTest] from class [org.springframework.boot.test.context.SpringBootTestContextBootstrapper]
11:33:01.922 [Test worker] INFO org.springframework.boot.test.context.SpringBootTestContextBootstrapper - Neither @ContextConfiguration nor @ContextHierarchy found for test class [com.betweenourclothes.web.StoresApiControllerTest], using SpringBootContextLoader
11:33:01.927 [Test worker] DEBUG org.springframework.test.context.support.AbstractContextLoader - Did not detect default resource location for test class [com.betweenourclothes.web.StoresApiControllerTest]: class path resource [com/betweenourclothes/web/StoresApiControllerTest-context.xml] does not exist
11:33:01.927 [Test worker] DEBUG org.springframework.test.context.support.AbstractContextLoader - Did not detect default resource location for test class [com.betweenourclothes.web.StoresApiControllerTest]: class path resource [com/betweenourclothes/web/StoresApiControllerTestContext.groovy] does not exist
11:33:01.927 [Test worker] INFO org.springframework.test.context.support.AbstractContextLoader - Could not detect default resource locations for test class [com.betweenourclothes.web.StoresApiControllerTest]: no resource found for suffixes {-context.xml, Context.groovy}.
11:33:01.928 [Test worker] INFO org.springframework.test.context.support.AnnotationConfigContextLoaderUtils - Could not detect default configuration classes for test class [com.betweenourclothes.web.StoresApiControllerTest]: StoresApiControllerTest does not declare any static, non-private, non-final, nested classes annotated with @Configuration.
11:33:01.963 [Test worker] DEBUG org.springframework.test.context.support.ActiveProfilesUtils - Could not find an 'annotation declaring class' for annotation type [org.springframework.test.context.ActiveProfiles] and class [com.betweenourclothes.web.StoresApiControllerTest]
11:33:02.040 [Test worker] DEBUG org.springframework.context.annotation.ClassPathScanningCandidateComponentProvider - Identified candidate component class: file [C:\Users\user1\Desktop\송아\캡스톤\repo\between-our-clothes-server\build\classes\java\main\com\betweenourclothes\Application.class]
11:33:02.041 [Test worker] INFO org.springframework.boot.test.context.SpringBootTestContextBootstrapper - Found @SpringBootConfiguration com.betweenourclothes.Application for test class com.betweenourclothes.web.StoresApiControllerTest
11:33:02.109 [Test worker] DEBUG org.springframework.boot.test.context.SpringBootTestContextBootstrapper - @TestExecutionListeners is not present for class [com.betweenourclothes.web.StoresApiControllerTest]: using defaults.
11:33:02.110 [Test worker] INFO org.springframework.boot.test.context.SpringBootTestContextBootstrapper - Loaded default TestExecutionListener class names from location [META-INF/spring.factories]: [org.springframework.security.test.context.support.WithSecurityContextTestExecutionListener, org.springframework.security.test.context.support.ReactorContextTestExecutionListener, org.springframework.boot.test.autoconfigure.restdocs.RestDocsTestExecutionListener, org.springframework.boot.test.autoconfigure.web.client.MockRestServiceServerResetTestExecutionListener, org.springframework.boot.test.autoconfigure.web.servlet.MockMvcPrintOnlyOnFailureTestExecutionListener, org.springframework.boot.test.autoconfigure.web.servlet.WebDriverTestExecutionListener, org.springframework.boot.test.mock.mockito.MockitoTestExecutionListener, org.springframework.boot.test.mock.mockito.ResetMocksTestExecutionListener, org.springframework.test.context.web.ServletTestExecutionListener, org.springframework.test.context.support.DirtiesContextBeforeModesTestExecutionListener, org.springframework.test.context.support.DependencyInjectionTestExecutionListener, org.springframework.test.context.support.DirtiesContextTestExecutionListener, org.springframework.test.context.transaction.TransactionalTestExecutionListener, org.springframework.test.context.jdbc.SqlScriptsTestExecutionListener]
11:33:02.130 [Test worker] INFO org.springframework.boot.test.context.SpringBootTestContextBootstrapper - Using TestExecutionListeners: [org.springframework.test.context.web.ServletTestExecutionListener@40afe7ec, org.springframework.test.context.support.DirtiesContextBeforeModesTestExecutionListener@7307f9cd, org.springframework.boot.test.mock.mockito.MockitoTestExecutionListener@5ff07e75, org.springframework.boot.test.autoconfigure.SpringBootDependencyInjectionTestExecutionListener@2c6a8cca, org.springframework.test.context.support.DirtiesContextTestExecutionListener@13458e2c, org.springframework.test.context.transaction.TransactionalTestExecutionListener@5f40d418, org.springframework.test.context.jdbc.SqlScriptsTestExecutionListener@39f1a53, org.springframework.security.test.context.support.WithSecurityContextTestExecutionListener@7b6bca36, org.springframework.security.test.context.support.ReactorContextTestExecutionListener@44600f99, org.springframework.boot.test.autoconfigure.restdocs.RestDocsTestExecutionListener@1d59e319, org.springframework.boot.test.autoconfigure.web.client.MockRestServiceServerResetTestExecutionListener@66ef2f63, org.springframework.boot.test.autoconfigure.web.servlet.MockMvcPrintOnlyOnFailureTestExecutionListener@437073f2, org.springframework.boot.test.autoconfigure.web.servlet.WebDriverTestExecutionListener@7a8a0c2, org.springframework.boot.test.mock.mockito.ResetMocksTestExecutionListener@553bda05]
11:33:02.133 [Test worker] DEBUG org.springframework.test.annotation.ProfileValueUtils - Retrieved @ProfileValueSourceConfiguration [null] for test class [com.betweenourclothes.web.StoresApiControllerTest]
11:33:02.133 [Test worker] DEBUG org.springframework.test.annotation.ProfileValueUtils - Retrieved ProfileValueSource type [class org.springframework.test.annotation.SystemProfileValueSource] for class [com.betweenourclothes.web.StoresApiControllerTest]
11:33:02.137 [Test worker] DEBUG org.springframework.test.annotation.ProfileValueUtils - Retrieved @ProfileValueSourceConfiguration [null] for test class [com.betweenourclothes.web.StoresApiControllerTest]
11:33:02.137 [Test worker] DEBUG org.springframework.test.annotation.ProfileValueUtils - Retrieved ProfileValueSource type [class org.springframework.test.annotation.SystemProfileValueSource] for class [com.betweenourclothes.web.StoresApiControllerTest]
11:33:02.137 [Test worker] DEBUG org.springframework.test.annotation.ProfileValueUtils - Retrieved @ProfileValueSourceConfiguration [null] for test class [com.betweenourclothes.web.StoresApiControllerTest]
11:33:02.137 [Test worker] DEBUG org.springframework.test.annotation.ProfileValueUtils - Retrieved ProfileValueSource type [class org.springframework.test.annotation.SystemProfileValueSource] for class [com.betweenourclothes.web.StoresApiControllerTest]
11:33:02.140 [Test worker] DEBUG org.springframework.test.context.support.AbstractDirtiesContextTestExecutionListener - Before test class: context [DefaultTestContext@5f93de03 testClass = StoresApiControllerTest, testInstance = [null], testMethod = [null], testException = [null], mergedContextConfiguration = [WebMergedContextConfiguration@77ace327 testClass = StoresApiControllerTest, locations = '{}', classes = '{class com.betweenourclothes.Application}', contextInitializerClasses = '[]', activeProfiles = '{}', propertySourceLocations = '{}', propertySourceProperties = '{org.springframework.boot.test.context.SpringBootTestContextBootstrapper=true, server.port=0}', contextCustomizers = set[org.springframework.boot.test.autoconfigure.properties.PropertyMappingContextCustomizer@0, org.springframework.boot.test.autoconfigure.web.servlet.WebDriverContextCustomizerFactory$Customizer@2eabdcbb, org.springframework.boot.test.context.filter.ExcludeFilterContextCustomizer@13167aa6, org.springframework.boot.test.json.DuplicateJsonObjectContextCustomizerFactory$DuplicateJsonObjectContextCustomizer@472865f1, org.springframework.boot.test.mock.mockito.MockitoContextCustomizer@0, org.springframework.boot.test.web.client.TestRestTemplateContextCustomizer@39cbef8e], resourceBasePath = 'src/main/webapp', contextLoader = 'org.springframework.boot.test.context.SpringBootContextLoader', parent = [null]], attributes = map['org.springframework.test.context.web.ServletTestExecutionListener.activateListener' -> false]], class annotated with @DirtiesContext [false] with mode [null].
11:33:02.141 [Test worker] DEBUG org.springframework.test.annotation.ProfileValueUtils - Retrieved @ProfileValueSourceConfiguration [null] for test class [com.betweenourclothes.web.StoresApiControllerTest]
11:33:02.141 [Test worker] DEBUG org.springframework.test.annotation.ProfileValueUtils - Retrieved ProfileValueSource type [class org.springframework.test.annotation.SystemProfileValueSource] for class [com.betweenourclothes.web.StoresApiControllerTest]
11:33:02.144 [Test worker] DEBUG org.springframework.test.context.support.DependencyInjectionTestExecutionListener - Performing dependency injection for test context [[DefaultTestContext@5f93de03 testClass = StoresApiControllerTest, testInstance = com.betweenourclothes.web.StoresApiControllerTest@5d2e44e6, testMethod = [null], testException = [null], mergedContextConfiguration = [WebMergedContextConfiguration@77ace327 testClass = StoresApiControllerTest, locations = '{}', classes = '{class com.betweenourclothes.Application}', contextInitializerClasses = '[]', activeProfiles = '{}', propertySourceLocations = '{}', propertySourceProperties = '{org.springframework.boot.test.context.SpringBootTestContextBootstrapper=true, server.port=0}', contextCustomizers = set[org.springframework.boot.test.autoconfigure.properties.PropertyMappingContextCustomizer@0, org.springframework.boot.test.autoconfigure.web.servlet.WebDriverContextCustomizerFactory$Customizer@2eabdcbb, org.springframework.boot.test.context.filter.ExcludeFilterContextCustomizer@13167aa6, org.springframework.boot.test.json.DuplicateJsonObjectContextCustomizerFactory$DuplicateJsonObjectContextCustomizer@472865f1, org.springframework.boot.test.mock.mockito.MockitoContextCustomizer@0, org.springframework.boot.test.web.client.TestRestTemplateContextCustomizer@39cbef8e], resourceBasePath = 'src/main/webapp', contextLoader = 'org.springframework.boot.test.context.SpringBootContextLoader', parent = [null]], attributes = map['org.springframework.test.context.web.ServletTestExecutionListener.activateListener' -> false]]].
11:33:02.157 [Test worker] DEBUG org.springframework.test.context.support.TestPropertySourceUtils - Adding inlined properties to environment: {spring.jmx.enabled=false, org.springframework.boot.test.context.SpringBootTestContextBootstrapper=true, server.port=0}

  .   ____          _            __ _ _
 /\\ / ___'_ __ _ _(_)_ __  __ _ \ \ \ \
( ( )\___ | '_ | '_| | '_ \/ _` | \ \ \ \
 \\/  ___)| |_)| | | | | || (_| |  ) ) ) )
  '  |____| .__|_| |_|_| |_\__, | / / / /
 =========|_|==============|___/=/_/_/_/
 :: Spring Boot ::        (v2.1.7.RELEASE)

2022-11-10 11:33:02.336  INFO 10740 --- [    Test worker] c.b.web.StoresApiControllerTest          : Starting StoresApiControllerTest on user with PID 10740 (started by user1 in C:\Users\user1\Desktop\송아\캡스톤\repo\between-our-clothes-server)
2022-11-10 11:33:02.337  INFO 10740 --- [    Test worker] c.b.web.StoresApiControllerTest          : No active profile set, falling back to default profiles: default
2022-11-10 11:33:03.080  INFO 10740 --- [    Test worker] .s.d.r.c.RepositoryConfigurationDelegate : Bootstrapping Spring Data repositories in DEFAULT mode.
2022-11-10 11:33:03.198  INFO 10740 --- [    Test worker] .s.d.r.c.RepositoryConfigurationDelegate : Finished Spring Data repository scanning in 111ms. Found 15 repository interfaces.
2022-11-10 11:33:03.566  INFO 10740 --- [    Test worker] trationDelegate$BeanPostProcessorChecker : Bean 'org.springframework.transaction.annotation.ProxyTransactionManagementConfiguration' of type [org.springframework.transaction.annotation.ProxyTransactionManagementConfiguration$$EnhancerBySpringCGLIB$$f4914b77] is not eligible for getting processed by all BeanPostProcessors (for example: not eligible for auto-proxying)
2022-11-10 11:33:03.843  INFO 10740 --- [    Test worker] o.s.b.w.embedded.tomcat.TomcatWebServer  : Tomcat initialized with port(s): 0 (http)
2022-11-10 11:33:03.862  INFO 10740 --- [    Test worker] o.apache.catalina.core.StandardService   : Starting service [Tomcat]
2022-11-10 11:33:03.863  INFO 10740 --- [    Test worker] org.apache.catalina.core.StandardEngine  : Starting Servlet engine: [Apache Tomcat/9.0.22]
2022-11-10 11:33:03.969  INFO 10740 --- [    Test worker] o.a.c.c.C.[Tomcat].[localhost].[/]       : Initializing Spring embedded WebApplicationContext
2022-11-10 11:33:03.969  INFO 10740 --- [    Test worker] o.s.web.context.ContextLoader            : Root WebApplicationContext: initialization completed in 1619 ms
2022-11-10 11:33:04.180  INFO 10740 --- [    Test worker] com.zaxxer.hikari.HikariDataSource       : HikariPool-1 - Starting...
2022-11-10 11:33:04.530  INFO 10740 --- [    Test worker] com.zaxxer.hikari.HikariDataSource       : HikariPool-1 - Start completed.
2022-11-10 11:33:04.601  INFO 10740 --- [    Test worker] o.hibernate.jpa.internal.util.LogHelper  : HHH000204: Processing PersistenceUnitInfo [
	name: default
	...]
2022-11-10 11:33:04.661  INFO 10740 --- [    Test worker] org.hibernate.Version                    : HHH000412: Hibernate Core {5.3.10.Final}
2022-11-10 11:33:04.662  INFO 10740 --- [    Test worker] org.hibernate.cfg.Environment            : HHH000206: hibernate.properties not found
2022-11-10 11:33:04.794  INFO 10740 --- [    Test worker] o.hibernate.annotations.common.Version   : HCANN000001: Hibernate Commons Annotations {5.0.4.Final}
2022-11-10 11:33:04.916  INFO 10740 --- [    Test worker] org.hibernate.dialect.Dialect            : HHH000400: Using dialect: org.hibernate.dialect.MySQL5InnoDBDialect
2022-11-10 11:33:05.925  INFO 10740 --- [    Test worker] j.LocalContainerEntityManagerFactoryBean : Initialized JPA EntityManagerFactory for persistence unit 'default'
2022-11-10 11:33:06.477  INFO 10740 --- [    Test worker] o.h.h.i.QueryTranslatorFactoryInitiator  : HHH000397: Using ASTQueryTranslatorFactory
2022-11-10 11:33:06.899  WARN 10740 --- [    Test worker] aWebConfiguration$JpaWebMvcConfiguration : spring.jpa.open-in-view is enabled by default. Therefore, database queries may be performed during view rendering. Explicitly configure spring.jpa.open-in-view to disable this warning
2022-11-10 11:33:07.186  INFO 10740 --- [    Test worker] o.s.s.web.DefaultSecurityFilterChain     : Creating filter chain: org.springframework.boot.autoconfigure.security.servlet.StaticResourceRequest$StaticResourceRequestMatcher@ca8142, []
2022-11-10 11:33:07.250  INFO 10740 --- [    Test worker] o.s.s.web.DefaultSecurityFilterChain     : Creating filter chain: any request, [org.springframework.security.web.context.request.async.WebAsyncManagerIntegrationFilter@25639434, org.springframework.security.web.context.SecurityContextPersistenceFilter@257d2151, org.springframework.security.web.header.HeaderWriterFilter@1164c755, org.springframework.security.web.authentication.logout.LogoutFilter@59388c17, com.betweenourclothes.jwt.JwtAuthenticationFilter@7a475c82, org.springframework.security.web.savedrequest.RequestCacheAwareFilter@37d8ca8c, org.springframework.security.web.servletapi.SecurityContextHolderAwareRequestFilter@40b923ce, org.springframework.security.web.authentication.AnonymousAuthenticationFilter@103ae880, org.springframework.security.web.session.SessionManagementFilter@7e3de63b, org.springframework.security.web.access.ExceptionTranslationFilter@1328d346, org.springframework.security.web.access.intercept.FilterSecurityInterceptor@7ee85ece]
2022-11-10 11:33:07.290  INFO 10740 --- [    Test worker] pertySourcedRequestMappingHandlerMapping : Mapped URL path [/v2/api-docs] onto method [public org.springframework.http.ResponseEntity<springfox.documentation.spring.web.json.Json> springfox.documentation.swagger2.web.Swagger2Controller.getDocumentation(java.lang.String,javax.servlet.http.HttpServletRequest)]
2022-11-10 11:33:07.561  INFO 10740 --- [    Test worker] o.s.s.concurrent.ThreadPoolTaskExecutor  : Initializing ExecutorService 'applicationTaskExecutor'
2022-11-10 11:33:07.842  INFO 10740 --- [    Test worker] d.s.w.p.DocumentationPluginsBootstrapper : Context refreshed
2022-11-10 11:33:07.864  INFO 10740 --- [    Test worker] d.s.w.p.DocumentationPluginsBootstrapper : Found 1 custom documentation plugin(s)
2022-11-10 11:33:07.898  INFO 10740 --- [    Test worker] s.d.s.w.s.ApiListingReferenceScanner     : Scanning for api listing references
2022-11-10 11:33:08.086  INFO 10740 --- [    Test worker] .d.s.w.r.o.CachingOperationNameGenerator : Generating unique operation named: deleteUsingDELETE_1
2022-11-10 11:33:08.098  INFO 10740 --- [    Test worker] .d.s.w.r.o.CachingOperationNameGenerator : Generating unique operation named: findPostByIdUsingGET_1
2022-11-10 11:33:08.101  INFO 10740 --- [    Test worker] .d.s.w.r.o.CachingOperationNameGenerator : Generating unique operation named: findPostsByAllCategoryUsingGET_1
2022-11-10 11:33:08.115  INFO 10740 --- [    Test worker] .d.s.w.r.o.CachingOperationNameGenerator : Generating unique operation named: postUsingPOST_1
2022-11-10 11:33:08.118  INFO 10740 --- [    Test worker] .d.s.w.r.o.CachingOperationNameGenerator : Generating unique operation named: updateUsingPATCH_1
2022-11-10 11:33:08.148  INFO 10740 --- [    Test worker] o.s.b.w.embedded.tomcat.TomcatWebServer  : Tomcat started on port(s): 61814 (http) with context path ''
2022-11-10 11:33:08.150  INFO 10740 --- [    Test worker] c.b.web.StoresApiControllerTest          : Started StoresApiControllerTest in 5.992 seconds (JVM running for 6.92)
2022-11-10 11:33:08.293  INFO 10740 --- [o-auto-1-exec-1] o.a.c.c.C.[Tomcat].[localhost].[/]       : Initializing Spring DispatcherServlet 'dispatcherServlet'
2022-11-10 11:33:08.293  INFO 10740 --- [o-auto-1-exec-1] o.s.web.servlet.DispatcherServlet        : Initializing Servlet 'dispatcherServlet'
2022-11-10 11:33:08.311  INFO 10740 --- [o-auto-1-exec-1] o.s.web.servlet.DispatcherServlet        : Completed initialization in 18 ms
Hibernate: 
    select
        members0_.id as id1_6_,
        members0_.email as email2_6_,
        members0_.image as image3_6_,
        members0_.name as name4_6_,
        members0_.nickname as nickname5_6_,
        members0_.password as password6_6_,
        members0_.phone as phone7_6_,
        members0_.refresh_token as refresh_8_6_,
        members0_.role as role9_6_ 
    from
        members members0_ 
    where
        members0_.email=?
Hibernate: 
    select
        members0_.id as id1_6_,
        members0_.email as email2_6_,
        members0_.image as image3_6_,
        members0_.name as name4_6_,
        members0_.nickname as nickname5_6_,
        members0_.password as password6_6_,
        members0_.phone as phone7_6_,
        members0_.refresh_token as refresh_8_6_,
        members0_.role as role9_6_ 
    from
        members members0_ 
    where
        members0_.email=?
Hibernate: 
    update
        members 
    set
        email=?,
        image=?,
        name=?,
        nickname=?,
        password=?,
        phone=?,
        refresh_token=?,
        role=? 
    where
        id=?
2022-11-10 11:33:08.685  INFO 10740 --- [    Test worker] o.a.c.c.C.[Tomcat].[localhost].[/]       : Initializing Spring TestDispatcherServlet ''
2022-11-10 11:33:08.685  INFO 10740 --- [    Test worker] o.s.t.web.servlet.TestDispatcherServlet  : Initializing Servlet ''
2022-11-10 11:33:08.687  INFO 10740 --- [    Test worker] o.s.t.web.servlet.TestDispatcherServlet  : Completed initialization in 2 ms
gunsong2@naver.com
Hibernate: 
    select
        members0_.id as id1_6_,
        members0_.email as email2_6_,
        members0_.image as image3_6_,
        members0_.name as name4_6_,
        members0_.nickname as nickname5_6_,
        members0_.password as password6_6_,
        members0_.phone as phone7_6_,
        members0_.refresh_token as refresh_8_6_,
        members0_.role as role9_6_ 
    from
        members members0_ 
    where
        members0_.email=?
Hibernate: 
    select
        style0_.id as id1_14_,
        style0_.name as name2_14_ 
    from
        style style0_ 
    where
        style0_.name=?
Hibernate: 
    select
        materials0_.id as id1_5_,
        materials0_.name as name2_5_ 
    from
        materials materials0_ 
    where
        materials0_.name=?
Hibernate: 
    select
        colors0_.id as id1_4_,
        colors0_.name as name2_4_ 
    from
        colors colors0_ 
    where
        colors0_.name=?
Hibernate: 
    select
        clothesinf0_.id as id1_2_,
        clothesinf0_.categoryl as category2_2_,
        clothesinf0_.categorys as category3_2_,
        clothesinf0_.fit as fit4_2_,
        clothesinf0_.length as length5_2_ 
    from
        clothes_info clothesinf0_ 
    where
        clothesinf0_.categoryl=? 
        and clothesinf0_.categorys=? 
        and clothesinf0_.length=? 
        and clothesinf0_.fit=?
Hibernate: 
    select
        salesinfoc0_.id as id1_9_,
        salesinfoc0_.clothes_brand as clothes_2_9_,
        salesinfoc0_.clothes_color as clothes_3_9_,
        salesinfoc0_.clothes_gender as clothes_4_9_,
        salesinfoc0_.clothes_size as clothes_5_9_ 
    from
        sales_info_clothes salesinfoc0_ 
    where
        salesinfoc0_.clothes_brand=? 
        and salesinfoc0_.clothes_gender=? 
        and salesinfoc0_.clothes_size=? 
        and salesinfoc0_.clothes_color=?
Hibernate: 
    select
        salesinfos0_.id as id1_10_,
        salesinfos0_.status_score as status_s2_10_,
        salesinfos0_.status_tag as status_t3_10_,
        salesinfos0_.status_times as status_t4_10_,
        salesinfos0_.status_when2buy as status_w5_10_,
        salesinfos0_.transport as transpor6_10_ 
    from
        sales_info_status salesinfos0_ 
    where
        salesinfos0_.status_tag=? 
        and salesinfos0_.status_score=? 
        and salesinfos0_.status_times=? 
        and salesinfos0_.status_when2buy=? 
        and salesinfos0_.transport=?
Hibernate: 
    select
        salesinfou0_.id as id1_11_,
        salesinfou0_.user_height as user_hei2_11_,
        salesinfou0_.user_size as user_siz3_11_,
        salesinfou0_.user_weight as user_wei4_11_ 
    from
        sales_info_user salesinfou0_ 
    where
        salesinfou0_.user_size=? 
        and salesinfou0_.user_weight=? 
        and salesinfou0_.user_height=?
Hibernate: 
    insert 
    into
        clothes_image
        (closets_post_id, path, stores_post_id, type) 
    values
        (?, ?, ?, ?)
Hibernate: 
    insert 
    into
        clothes_image
        (closets_post_id, path, stores_post_id, type) 
    values
        (?, ?, ?, ?)
Hibernate: 
    insert 
    into
        stores
        (created_date, modified_date, author_id, clothes_info_id, colors_name, materials_name, style_name, clothes_length, content, price, sales_info_clothes_id, sales_info_status_id, sales_info_user_id, status, title) 
    values
        (?, ?, ?, ?, ?, ?, ?, ?, ?, ?, ?, ?, ?, ?, ?)
Hibernate: 
    update
        clothes_image 
    set
        closets_post_id=?,
        path=?,
        stores_post_id=?,
        type=? 
    where
        id=?
Hibernate: 
    update
        clothes_image 
    set
        closets_post_id=?,
        path=?,
        stores_post_id=?,
        type=? 
    where
        id=?
gunsong2@naver.com
Hibernate: 
    select
        members0_.id as id1_6_,
        members0_.email as email2_6_,
        members0_.image as image3_6_,
        members0_.name as name4_6_,
        members0_.nickname as nickname5_6_,
        members0_.password as password6_6_,
        members0_.phone as phone7_6_,
        members0_.refresh_token as refresh_8_6_,
        members0_.role as role9_6_ 
    from
        members members0_ 
    where
        members0_.email=?
Hibernate: 
    select
        style0_.id as id1_14_,
        style0_.name as name2_14_ 
    from
        style style0_ 
    where
        style0_.name=?
Hibernate: 
    select
        materials0_.id as id1_5_,
        materials0_.name as name2_5_ 
    from
        materials materials0_ 
    where
        materials0_.name=?
Hibernate: 
    select
        colors0_.id as id1_4_,
        colors0_.name as name2_4_ 
    from
        colors colors0_ 
    where
        colors0_.name=?
Hibernate: 
    select
        clothesinf0_.id as id1_2_,
        clothesinf0_.categoryl as category2_2_,
        clothesinf0_.categorys as category3_2_,
        clothesinf0_.fit as fit4_2_,
        clothesinf0_.length as length5_2_ 
    from
        clothes_info clothesinf0_ 
    where
        clothesinf0_.categoryl=? 
        and clothesinf0_.categorys=? 
        and clothesinf0_.length=? 
        and clothesinf0_.fit=?
Hibernate: 
    select
        salesinfoc0_.id as id1_9_,
        salesinfoc0_.clothes_brand as clothes_2_9_,
        salesinfoc0_.clothes_color as clothes_3_9_,
        salesinfoc0_.clothes_gender as clothes_4_9_,
        salesinfoc0_.clothes_size as clothes_5_9_ 
    from
        sales_info_clothes salesinfoc0_ 
    where
        salesinfoc0_.clothes_brand=? 
        and salesinfoc0_.clothes_gender=? 
        and salesinfoc0_.clothes_size=? 
        and salesinfoc0_.clothes_color=?
Hibernate: 
    select
        salesinfos0_.id as id1_10_,
        salesinfos0_.status_score as status_s2_10_,
        salesinfos0_.status_tag as status_t3_10_,
        salesinfos0_.status_times as status_t4_10_,
        salesinfos0_.status_when2buy as status_w5_10_,
        salesinfos0_.transport as transpor6_10_ 
    from
        sales_info_status salesinfos0_ 
    where
        salesinfos0_.status_tag=? 
        and salesinfos0_.status_score=? 
        and salesinfos0_.status_times=? 
        and salesinfos0_.status_when2buy=? 
        and salesinfos0_.transport=?
Hibernate: 
    select
        salesinfou0_.id as id1_11_,
        salesinfou0_.user_height as user_hei2_11_,
        salesinfou0_.user_size as user_siz3_11_,
        salesinfou0_.user_weight as user_wei4_11_ 
    from
        sales_info_user salesinfou0_ 
    where
        salesinfou0_.user_size=? 
        and salesinfou0_.user_weight=? 
        and salesinfou0_.user_height=?
Hibernate: 
    insert 
    into
        clothes_image
        (closets_post_id, path, stores_post_id, type) 
    values
        (?, ?, ?, ?)
Hibernate: 
    insert 
    into
        clothes_image
        (closets_post_id, path, stores_post_id, type) 
    values
        (?, ?, ?, ?)
Hibernate: 
    insert 
    into
        stores
        (created_date, modified_date, author_id, clothes_info_id, colors_name, materials_name, style_name, clothes_length, content, price, sales_info_clothes_id, sales_info_status_id, sales_info_user_id, status, title) 
    values
        (?, ?, ?, ?, ?, ?, ?, ?, ?, ?, ?, ?, ?, ?, ?)
Hibernate: 
    update
        clothes_image 
    set
        closets_post_id=?,
        path=?,
        stores_post_id=?,
        type=? 
    where
        id=?
Hibernate: 
    update
        clothes_image 
    set
        closets_post_id=?,
        path=?,
        stores_post_id=?,
        type=? 
    where
        id=?
gunsong2@naver.com
Hibernate: 
    select
        members0_.id as id1_6_,
        members0_.email as email2_6_,
        members0_.image as image3_6_,
        members0_.name as name4_6_,
        members0_.nickname as nickname5_6_,
        members0_.password as password6_6_,
        members0_.phone as phone7_6_,
        members0_.refresh_token as refresh_8_6_,
        members0_.role as role9_6_ 
    from
        members members0_ 
    where
        members0_.email=?
Hibernate: 
    select
        style0_.id as id1_14_,
        style0_.name as name2_14_ 
    from
        style style0_ 
    where
        style0_.name=?
Hibernate: 
    select
        materials0_.id as id1_5_,
        materials0_.name as name2_5_ 
    from
        materials materials0_ 
    where
        materials0_.name=?
Hibernate: 
    select
        colors0_.id as id1_4_,
        colors0_.name as name2_4_ 
    from
        colors colors0_ 
    where
        colors0_.name=?
Hibernate: 
    select
        clothesinf0_.id as id1_2_,
        clothesinf0_.categoryl as category2_2_,
        clothesinf0_.categorys as category3_2_,
        clothesinf0_.fit as fit4_2_,
        clothesinf0_.length as length5_2_ 
    from
        clothes_info clothesinf0_ 
    where
        clothesinf0_.categoryl=? 
        and clothesinf0_.categorys=? 
        and clothesinf0_.length=? 
        and clothesinf0_.fit=?
Hibernate: 
    select
        salesinfoc0_.id as id1_9_,
        salesinfoc0_.clothes_brand as clothes_2_9_,
        salesinfoc0_.clothes_color as clothes_3_9_,
        salesinfoc0_.clothes_gender as clothes_4_9_,
        salesinfoc0_.clothes_size as clothes_5_9_ 
    from
        sales_info_clothes salesinfoc0_ 
    where
        salesinfoc0_.clothes_brand=? 
        and salesinfoc0_.clothes_gender=? 
        and salesinfoc0_.clothes_size=? 
        and salesinfoc0_.clothes_color=?
Hibernate: 
    select
        salesinfos0_.id as id1_10_,
        salesinfos0_.status_score as status_s2_10_,
        salesinfos0_.status_tag as status_t3_10_,
        salesinfos0_.status_times as status_t4_10_,
        salesinfos0_.status_when2buy as status_w5_10_,
        salesinfos0_.transport as transpor6_10_ 
    from
        sales_info_status salesinfos0_ 
    where
        salesinfos0_.status_tag=? 
        and salesinfos0_.status_score=? 
        and salesinfos0_.status_times=? 
        and salesinfos0_.status_when2buy=? 
        and salesinfos0_.transport=?
Hibernate: 
    select
        salesinfou0_.id as id1_11_,
        salesinfou0_.user_height as user_hei2_11_,
        salesinfou0_.user_size as user_siz3_11_,
        salesinfou0_.user_weight as user_wei4_11_ 
    from
        sales_info_user salesinfou0_ 
    where
        salesinfou0_.user_size=? 
        and salesinfou0_.user_weight=? 
        and salesinfou0_.user_height=?
Hibernate: 
    insert 
    into
        clothes_image
        (closets_post_id, path, stores_post_id, type) 
    values
        (?, ?, ?, ?)
Hibernate: 
    insert 
    into
        clothes_image
        (closets_post_id, path, stores_post_id, type) 
    values
        (?, ?, ?, ?)
Hibernate: 
    insert 
    into
        stores
        (created_date, modified_date, author_id, clothes_info_id, colors_name, materials_name, style_name, clothes_length, content, price, sales_info_clothes_id, sales_info_status_id, sales_info_user_id, status, title) 
    values
        (?, ?, ?, ?, ?, ?, ?, ?, ?, ?, ?, ?, ?, ?, ?)
Hibernate: 
    update
        clothes_image 
    set
        closets_post_id=?,
        path=?,
        stores_post_id=?,
        type=? 
    where
        id=?
Hibernate: 
    update
        clothes_image 
    set
        closets_post_id=?,
        path=?,
        stores_post_id=?,
        type=? 
    where
        id=?
gunsong2@naver.com
Hibernate: 
    select
        members0_.id as id1_6_,
        members0_.email as email2_6_,
        members0_.image as image3_6_,
        members0_.name as name4_6_,
        members0_.nickname as nickname5_6_,
        members0_.password as password6_6_,
        members0_.phone as phone7_6_,
        members0_.refresh_token as refresh_8_6_,
        members0_.role as role9_6_ 
    from
        members members0_ 
    where
        members0_.email=?
Hibernate: 
    select
        style0_.id as id1_14_,
        style0_.name as name2_14_ 
    from
        style style0_ 
    where
        style0_.name=?
Hibernate: 
    select
        materials0_.id as id1_5_,
        materials0_.name as name2_5_ 
    from
        materials materials0_ 
    where
        materials0_.name=?
Hibernate: 
    select
        colors0_.id as id1_4_,
        colors0_.name as name2_4_ 
    from
        colors colors0_ 
    where
        colors0_.name=?
Hibernate: 
    select
        clothesinf0_.id as id1_2_,
        clothesinf0_.categoryl as category2_2_,
        clothesinf0_.categorys as category3_2_,
        clothesinf0_.fit as fit4_2_,
        clothesinf0_.length as length5_2_ 
    from
        clothes_info clothesinf0_ 
    where
        clothesinf0_.categoryl=? 
        and clothesinf0_.categorys=? 
        and clothesinf0_.length=? 
        and clothesinf0_.fit=?
Hibernate: 
    select
        salesinfoc0_.id as id1_9_,
        salesinfoc0_.clothes_brand as clothes_2_9_,
        salesinfoc0_.clothes_color as clothes_3_9_,
        salesinfoc0_.clothes_gender as clothes_4_9_,
        salesinfoc0_.clothes_size as clothes_5_9_ 
    from
        sales_info_clothes salesinfoc0_ 
    where
        salesinfoc0_.clothes_brand=? 
        and salesinfoc0_.clothes_gender=? 
        and salesinfoc0_.clothes_size=? 
        and salesinfoc0_.clothes_color=?
Hibernate: 
    select
        salesinfos0_.id as id1_10_,
        salesinfos0_.status_score as status_s2_10_,
        salesinfos0_.status_tag as status_t3_10_,
        salesinfos0_.status_times as status_t4_10_,
        salesinfos0_.status_when2buy as status_w5_10_,
        salesinfos0_.transport as transpor6_10_ 
    from
        sales_info_status salesinfos0_ 
    where
        salesinfos0_.status_tag=? 
        and salesinfos0_.status_score=? 
        and salesinfos0_.status_times=? 
        and salesinfos0_.status_when2buy=? 
        and salesinfos0_.transport=?
Hibernate: 
    select
        salesinfou0_.id as id1_11_,
        salesinfou0_.user_height as user_hei2_11_,
        salesinfou0_.user_size as user_siz3_11_,
        salesinfou0_.user_weight as user_wei4_11_ 
    from
        sales_info_user salesinfou0_ 
    where
        salesinfou0_.user_size=? 
        and salesinfou0_.user_weight=? 
        and salesinfou0_.user_height=?
Hibernate: 
    insert 
    into
        clothes_image
        (closets_post_id, path, stores_post_id, type) 
    values
        (?, ?, ?, ?)
Hibernate: 
    insert 
    into
        clothes_image
        (closets_post_id, path, stores_post_id, type) 
    values
        (?, ?, ?, ?)
Hibernate: 
    insert 
    into
        stores
        (created_date, modified_date, author_id, clothes_info_id, colors_name, materials_name, style_name, clothes_length, content, price, sales_info_clothes_id, sales_info_status_id, sales_info_user_id, status, title) 
    values
        (?, ?, ?, ?, ?, ?, ?, ?, ?, ?, ?, ?, ?, ?, ?)
Hibernate: 
    update
        clothes_image 
    set
        closets_post_id=?,
        path=?,
        stores_post_id=?,
        type=? 
    where
        id=?
Hibernate: 
    update
        clothes_image 
    set
        closets_post_id=?,
        path=?,
        stores_post_id=?,
        type=? 
    where
        id=?
gunsong2@naver.com
Hibernate: 
    select
        members0_.id as id1_6_,
        members0_.email as email2_6_,
        members0_.image as image3_6_,
        members0_.name as name4_6_,
        members0_.nickname as nickname5_6_,
        members0_.password as password6_6_,
        members0_.phone as phone7_6_,
        members0_.refresh_token as refresh_8_6_,
        members0_.role as role9_6_ 
    from
        members members0_ 
    where
        members0_.email=?
Hibernate: 
    select
        style0_.id as id1_14_,
        style0_.name as name2_14_ 
    from
        style style0_ 
    where
        style0_.name=?
Hibernate: 
    select
        materials0_.id as id1_5_,
        materials0_.name as name2_5_ 
    from
        materials materials0_ 
    where
        materials0_.name=?
Hibernate: 
    select
        colors0_.id as id1_4_,
        colors0_.name as name2_4_ 
    from
        colors colors0_ 
    where
        colors0_.name=?
Hibernate: 
    select
        clothesinf0_.id as id1_2_,
        clothesinf0_.categoryl as category2_2_,
        clothesinf0_.categorys as category3_2_,
        clothesinf0_.fit as fit4_2_,
        clothesinf0_.length as length5_2_ 
    from
        clothes_info clothesinf0_ 
    where
        clothesinf0_.categoryl=? 
        and clothesinf0_.categorys=? 
        and clothesinf0_.length=? 
        and clothesinf0_.fit=?
Hibernate: 
    select
        salesinfoc0_.id as id1_9_,
        salesinfoc0_.clothes_brand as clothes_2_9_,
        salesinfoc0_.clothes_color as clothes_3_9_,
        salesinfoc0_.clothes_gender as clothes_4_9_,
        salesinfoc0_.clothes_size as clothes_5_9_ 
    from
        sales_info_clothes salesinfoc0_ 
    where
        salesinfoc0_.clothes_brand=? 
        and salesinfoc0_.clothes_gender=? 
        and salesinfoc0_.clothes_size=? 
        and salesinfoc0_.clothes_color=?
Hibernate: 
    select
        salesinfos0_.id as id1_10_,
        salesinfos0_.status_score as status_s2_10_,
        salesinfos0_.status_tag as status_t3_10_,
        salesinfos0_.status_times as status_t4_10_,
        salesinfos0_.status_when2buy as status_w5_10_,
        salesinfos0_.transport as transpor6_10_ 
    from
        sales_info_status salesinfos0_ 
    where
        salesinfos0_.status_tag=? 
        and salesinfos0_.status_score=? 
        and salesinfos0_.status_times=? 
        and salesinfos0_.status_when2buy=? 
        and salesinfos0_.transport=?
Hibernate: 
    select
        salesinfou0_.id as id1_11_,
        salesinfou0_.user_height as user_hei2_11_,
        salesinfou0_.user_size as user_siz3_11_,
        salesinfou0_.user_weight as user_wei4_11_ 
    from
        sales_info_user salesinfou0_ 
    where
        salesinfou0_.user_size=? 
        and salesinfou0_.user_weight=? 
        and salesinfou0_.user_height=?
Hibernate: 
    insert 
    into
        clothes_image
        (closets_post_id, path, stores_post_id, type) 
    values
        (?, ?, ?, ?)
Hibernate: 
    insert 
    into
        clothes_image
        (closets_post_id, path, stores_post_id, type) 
    values
        (?, ?, ?, ?)
Hibernate: 
    insert 
    into
        stores
        (created_date, modified_date, author_id, clothes_info_id, colors_name, materials_name, style_name, clothes_length, content, price, sales_info_clothes_id, sales_info_status_id, sales_info_user_id, status, title) 
    values
        (?, ?, ?, ?, ?, ?, ?, ?, ?, ?, ?, ?, ?, ?, ?)
Hibernate: 
    update
        clothes_image 
    set
        closets_post_id=?,
        path=?,
        stores_post_id=?,
        type=? 
    where
        id=?
Hibernate: 
    update
        clothes_image 
    set
        closets_post_id=?,
        path=?,
        stores_post_id=?,
        type=? 
    where
        id=?
Hibernate: 
    select
        stores0_.id as id1_12_,
        stores0_.created_date as created_2_12_,
        stores0_.modified_date as modified3_12_,
        stores0_.author_id as author_i9_12_,
        stores0_.clothes_info_id as clothes10_12_,
        stores0_.colors_name as colors_11_12_,
        stores0_.materials_name as materia12_12_,
        stores0_.style_name as style_n13_12_,
        stores0_.clothes_length as clothes_4_12_,
        stores0_.content as content5_12_,
        stores0_.price as price6_12_,
        stores0_.sales_info_clothes_id as sales_i14_12_,
        stores0_.sales_info_status_id as sales_i15_12_,
        stores0_.sales_info_user_id as sales_i16_12_,
        stores0_.status as status7_12_,
        stores0_.title as title8_12_ 
    from
        stores stores0_
Hibernate: 
    select
        members0_.id as id1_6_0_,
        members0_.email as email2_6_0_,
        members0_.image as image3_6_0_,
        members0_.name as name4_6_0_,
        members0_.nickname as nickname5_6_0_,
        members0_.password as password6_6_0_,
        members0_.phone as phone7_6_0_,
        members0_.refresh_token as refresh_8_6_0_,
        members0_.role as role9_6_0_ 
    from
        members members0_ 
    where
        members0_.id=?
Hibernate: 
    select
        clothesinf0_.id as id1_2_0_,
        clothesinf0_.categoryl as category2_2_0_,
        clothesinf0_.categorys as category3_2_0_,
        clothesinf0_.fit as fit4_2_0_,
        clothesinf0_.length as length5_2_0_ 
    from
        clothes_info clothesinf0_ 
    where
        clothesinf0_.id=?
Hibernate: 
    select
        colors0_.id as id1_4_0_,
        colors0_.name as name2_4_0_ 
    from
        colors colors0_ 
    where
        colors0_.name=?
Hibernate: 
    select
        materials0_.id as id1_5_0_,
        materials0_.name as name2_5_0_ 
    from
        materials materials0_ 
    where
        materials0_.name=?
Hibernate: 
    select
        style0_.id as id1_14_0_,
        style0_.name as name2_14_0_ 
    from
        style style0_ 
    where
        style0_.name=?
Hibernate: 
    select
        salesinfoc0_.id as id1_9_0_,
        salesinfoc0_.clothes_brand as clothes_2_9_0_,
        salesinfoc0_.clothes_color as clothes_3_9_0_,
        salesinfoc0_.clothes_gender as clothes_4_9_0_,
        salesinfoc0_.clothes_size as clothes_5_9_0_ 
    from
        sales_info_clothes salesinfoc0_ 
    where
        salesinfoc0_.id=?
Hibernate: 
    select
        salesinfos0_.id as id1_10_0_,
        salesinfos0_.status_score as status_s2_10_0_,
        salesinfos0_.status_tag as status_t3_10_0_,
        salesinfos0_.status_times as status_t4_10_0_,
        salesinfos0_.status_when2buy as status_w5_10_0_,
        salesinfos0_.transport as transpor6_10_0_ 
    from
        sales_info_status salesinfos0_ 
    where
        salesinfos0_.id=?
Hibernate: 
    select
        salesinfou0_.id as id1_11_0_,
        salesinfou0_.user_height as user_hei2_11_0_,
        salesinfou0_.user_size as user_siz3_11_0_,
        salesinfou0_.user_weight as user_wei4_11_0_ 
    from
        sales_info_user salesinfou0_ 
    where
        salesinfou0_.id=?
Hibernate: 
    select
        clothesinf0_.id as id1_2_0_,
        clothesinf0_.categoryl as category2_2_0_,
        clothesinf0_.categorys as category3_2_0_,
        clothesinf0_.fit as fit4_2_0_,
        clothesinf0_.length as length5_2_0_ 
    from
        clothes_info clothesinf0_ 
    where
        clothesinf0_.id=?
Hibernate: 
    select
        colors0_.id as id1_4_0_,
        colors0_.name as name2_4_0_ 
    from
        colors colors0_ 
    where
        colors0_.name=?
Hibernate: 
    select
        materials0_.id as id1_5_0_,
        materials0_.name as name2_5_0_ 
    from
        materials materials0_ 
    where
        materials0_.name=?
Hibernate: 
    select
        style0_.id as id1_14_0_,
        style0_.name as name2_14_0_ 
    from
        style style0_ 
    where
        style0_.name=?
Hibernate: 
    select
        salesinfoc0_.id as id1_9_0_,
        salesinfoc0_.clothes_brand as clothes_2_9_0_,
        salesinfoc0_.clothes_color as clothes_3_9_0_,
        salesinfoc0_.clothes_gender as clothes_4_9_0_,
        salesinfoc0_.clothes_size as clothes_5_9_0_ 
    from
        sales_info_clothes salesinfoc0_ 
    where
        salesinfoc0_.id=?
Hibernate: 
    select
        salesinfos0_.id as id1_10_0_,
        salesinfos0_.status_score as status_s2_10_0_,
        salesinfos0_.status_tag as status_t3_10_0_,
        salesinfos0_.status_times as status_t4_10_0_,
        salesinfos0_.status_when2buy as status_w5_10_0_,
        salesinfos0_.transport as transpor6_10_0_ 
    from
        sales_info_status salesinfos0_ 
    where
        salesinfos0_.id=?
Hibernate: 
    select
        salesinfou0_.id as id1_11_0_,
        salesinfou0_.user_height as user_hei2_11_0_,
        salesinfou0_.user_size as user_siz3_11_0_,
        salesinfou0_.user_weight as user_wei4_11_0_ 
    from
        sales_info_user salesinfou0_ 
    where
        salesinfou0_.id=?
Hibernate: 
    select
        clothesinf0_.id as id1_2_0_,
        clothesinf0_.categoryl as category2_2_0_,
        clothesinf0_.categorys as category3_2_0_,
        clothesinf0_.fit as fit4_2_0_,
        clothesinf0_.length as length5_2_0_ 
    from
        clothes_info clothesinf0_ 
    where
        clothesinf0_.id=?
Hibernate: 
    select
        colors0_.id as id1_4_0_,
        colors0_.name as name2_4_0_ 
    from
        colors colors0_ 
    where
        colors0_.name=?
Hibernate: 
    select
        materials0_.id as id1_5_0_,
        materials0_.name as name2_5_0_ 
    from
        materials materials0_ 
    where
        materials0_.name=?
Hibernate: 
    select
        style0_.id as id1_14_0_,
        style0_.name as name2_14_0_ 
    from
        style style0_ 
    where
        style0_.name=?
Hibernate: 
    select
        salesinfoc0_.id as id1_9_0_,
        salesinfoc0_.clothes_brand as clothes_2_9_0_,
        salesinfoc0_.clothes_color as clothes_3_9_0_,
        salesinfoc0_.clothes_gender as clothes_4_9_0_,
        salesinfoc0_.clothes_size as clothes_5_9_0_ 
    from
        sales_info_clothes salesinfoc0_ 
    where
        salesinfoc0_.id=?
Hibernate: 
    select
        salesinfos0_.id as id1_10_0_,
        salesinfos0_.status_score as status_s2_10_0_,
        salesinfos0_.status_tag as status_t3_10_0_,
        salesinfos0_.status_times as status_t4_10_0_,
        salesinfos0_.status_when2buy as status_w5_10_0_,
        salesinfos0_.transport as transpor6_10_0_ 
    from
        sales_info_status salesinfos0_ 
    where
        salesinfos0_.id=?
Hibernate: 
    select
        salesinfou0_.id as id1_11_0_,
        salesinfou0_.user_height as user_hei2_11_0_,
        salesinfou0_.user_size as user_siz3_11_0_,
        salesinfou0_.user_weight as user_wei4_11_0_ 
    from
        sales_info_user salesinfou0_ 
    where
        salesinfou0_.id=?
Hibernate: 
    select
        clothesinf0_.id as id1_2_0_,
        clothesinf0_.categoryl as category2_2_0_,
        clothesinf0_.categorys as category3_2_0_,
        clothesinf0_.fit as fit4_2_0_,
        clothesinf0_.length as length5_2_0_ 
    from
        clothes_info clothesinf0_ 
    where
        clothesinf0_.id=?
Hibernate: 
    select
        colors0_.id as id1_4_0_,
        colors0_.name as name2_4_0_ 
    from
        colors colors0_ 
    where
        colors0_.name=?
Hibernate: 
    select
        materials0_.id as id1_5_0_,
        materials0_.name as name2_5_0_ 
    from
        materials materials0_ 
    where
        materials0_.name=?
Hibernate: 
    select
        style0_.id as id1_14_0_,
        style0_.name as name2_14_0_ 
    from
        style style0_ 
    where
        style0_.name=?
Hibernate: 
    select
        salesinfoc0_.id as id1_9_0_,
        salesinfoc0_.clothes_brand as clothes_2_9_0_,
        salesinfoc0_.clothes_color as clothes_3_9_0_,
        salesinfoc0_.clothes_gender as clothes_4_9_0_,
        salesinfoc0_.clothes_size as clothes_5_9_0_ 
    from
        sales_info_clothes salesinfoc0_ 
    where
        salesinfoc0_.id=?
Hibernate: 
    select
        salesinfos0_.id as id1_10_0_,
        salesinfos0_.status_score as status_s2_10_0_,
        salesinfos0_.status_tag as status_t3_10_0_,
        salesinfos0_.status_times as status_t4_10_0_,
        salesinfos0_.status_when2buy as status_w5_10_0_,
        salesinfos0_.transport as transpor6_10_0_ 
    from
        sales_info_status salesinfos0_ 
    where
        salesinfos0_.id=?
Hibernate: 
    select
        salesinfou0_.id as id1_11_0_,
        salesinfou0_.user_height as user_hei2_11_0_,
        salesinfou0_.user_size as user_siz3_11_0_,
        salesinfou0_.user_weight as user_wei4_11_0_ 
    from
        sales_info_user salesinfou0_ 
    where
        salesinfou0_.id=?
Hibernate: 
    select
        clothesinf0_.id as id1_2_0_,
        clothesinf0_.categoryl as category2_2_0_,
        clothesinf0_.categorys as category3_2_0_,
        clothesinf0_.fit as fit4_2_0_,
        clothesinf0_.length as length5_2_0_ 
    from
        clothes_info clothesinf0_ 
    where
        clothesinf0_.id=?
Hibernate: 
    select
        materials0_.id as id1_5_0_,
        materials0_.name as name2_5_0_ 
    from
        materials materials0_ 
    where
        materials0_.name=?
Hibernate: 
    select
        style0_.id as id1_14_0_,
        style0_.name as name2_14_0_ 
    from
        style style0_ 
    where
        style0_.name=?
Hibernate: 
    select
        salesinfoc0_.id as id1_9_0_,
        salesinfoc0_.clothes_brand as clothes_2_9_0_,
        salesinfoc0_.clothes_color as clothes_3_9_0_,
        salesinfoc0_.clothes_gender as clothes_4_9_0_,
        salesinfoc0_.clothes_size as clothes_5_9_0_ 
    from
        sales_info_clothes salesinfoc0_ 
    where
        salesinfoc0_.id=?
Hibernate: 
    select
        salesinfos0_.id as id1_10_0_,
        salesinfos0_.status_score as status_s2_10_0_,
        salesinfos0_.status_tag as status_t3_10_0_,
        salesinfos0_.status_times as status_t4_10_0_,
        salesinfos0_.status_when2buy as status_w5_10_0_,
        salesinfos0_.transport as transpor6_10_0_ 
    from
        sales_info_status salesinfos0_ 
    where
        salesinfos0_.id=?
Hibernate: 
    select
        salesinfou0_.id as id1_11_0_,
        salesinfou0_.user_height as user_hei2_11_0_,
        salesinfou0_.user_size as user_siz3_11_0_,
        salesinfou0_.user_weight as user_wei4_11_0_ 
    from
        sales_info_user salesinfou0_ 
    where
        salesinfou0_.id=?
2022-11-10 11:33:09.068  INFO 10740 --- [    Test worker] o.a.c.c.C.[Tomcat].[localhost].[/]       : Initializing Spring TestDispatcherServlet ''
2022-11-10 11:33:09.068  INFO 10740 --- [    Test worker] o.s.t.web.servlet.TestDispatcherServlet  : Initializing Servlet ''
2022-11-10 11:33:09.072  INFO 10740 --- [    Test worker] o.s.t.web.servlet.TestDispatcherServlet  : Completed initialization in 4 ms
gunsong2@naver.com
Hibernate: 
    select
        members0_.id as id1_6_,
        members0_.email as email2_6_,
        members0_.image as image3_6_,
        members0_.name as name4_6_,
        members0_.nickname as nickname5_6_,
        members0_.password as password6_6_,
        members0_.phone as phone7_6_,
        members0_.refresh_token as refresh_8_6_,
        members0_.role as role9_6_ 
    from
        members members0_ 
    where
        members0_.email=?
Hibernate: 
    select
        images1_.id as col_0_0_,
        stores0_.title as col_1_0_,
        stores0_.id as col_2_0_,
        stores0_.modified_date as col_3_0_,
        stores0_.price as col_4_0_,
        stores0_.content as col_5_0_,
        salesinfos2_.transport as col_6_0_,
        images1_.id as id1_3_,
        images1_.closets_post_id as closets_4_3_,
        images1_.path as path2_3_,
        images1_.stores_post_id as stores_p5_3_,
        images1_.type as type3_3_ 
    from
        stores stores0_ 
    inner join
        clothes_image images1_ 
            on stores0_.id=images1_.stores_post_id cross 
    join
        sales_info_status salesinfos2_ 
    where
        stores0_.sales_info_status_id=salesinfos2_.id 
        and (
            images1_.id in (
                select
                    clothesima3_.id 
                from
                    clothes_image clothesima3_ cross 
                join
                    stores stores4_ 
                where
                    clothesima3_.stores_post_id=stores4_.id 
                    and (
                        clothesima3_.closets_post_id is null
                    ) 
                group by
                    clothesima3_.stores_post_id 
                order by
                    stores4_.created_date asc
            )
        ) 
        and (
            stores0_.title like ? escape '!' 
            or stores0_.content like ? escape '!'
        ) 
    order by
        stores0_.created_date desc limit ?
Hibernate: 
    select
        stores0_.id as id1_12_0_,
        stores0_.created_date as created_2_12_0_,
        stores0_.modified_date as modified3_12_0_,
        stores0_.author_id as author_i9_12_0_,
        stores0_.clothes_info_id as clothes10_12_0_,
        stores0_.colors_name as colors_11_12_0_,
        stores0_.materials_name as materia12_12_0_,
        stores0_.style_name as style_n13_12_0_,
        stores0_.clothes_length as clothes_4_12_0_,
        stores0_.content as content5_12_0_,
        stores0_.price as price6_12_0_,
        stores0_.sales_info_clothes_id as sales_i14_12_0_,
        stores0_.sales_info_status_id as sales_i15_12_0_,
        stores0_.sales_info_user_id as sales_i16_12_0_,
        stores0_.status as status7_12_0_,
        stores0_.title as title8_12_0_,
        members1_.id as id1_6_1_,
        members1_.email as email2_6_1_,
        members1_.image as image3_6_1_,
        members1_.name as name4_6_1_,
        members1_.nickname as nickname5_6_1_,
        members1_.password as password6_6_1_,
        members1_.phone as phone7_6_1_,
        members1_.refresh_token as refresh_8_6_1_,
        members1_.role as role9_6_1_,
        clothesinf2_.id as id1_2_2_,
        clothesinf2_.categoryl as category2_2_2_,
        clothesinf2_.categorys as category3_2_2_,
        clothesinf2_.fit as fit4_2_2_,
        clothesinf2_.length as length5_2_2_,
        colors3_.id as id1_4_3_,
        colors3_.name as name2_4_3_,
        materials4_.id as id1_5_4_,
        materials4_.name as name2_5_4_,
        style5_.id as id1_14_5_,
        style5_.name as name2_14_5_,
        salesinfoc6_.id as id1_9_6_,
        salesinfoc6_.clothes_brand as clothes_2_9_6_,
        salesinfoc6_.clothes_color as clothes_3_9_6_,
        salesinfoc6_.clothes_gender as clothes_4_9_6_,
        salesinfoc6_.clothes_size as clothes_5_9_6_,
        salesinfos7_.id as id1_10_7_,
        salesinfos7_.status_score as status_s2_10_7_,
        salesinfos7_.status_tag as status_t3_10_7_,
        salesinfos7_.status_times as status_t4_10_7_,
        salesinfos7_.status_when2buy as status_w5_10_7_,
        salesinfos7_.transport as transpor6_10_7_,
        salesinfou8_.id as id1_11_8_,
        salesinfou8_.user_height as user_hei2_11_8_,
        salesinfou8_.user_size as user_siz3_11_8_,
        salesinfou8_.user_weight as user_wei4_11_8_ 
    from
        stores stores0_ 
    left outer join
        members members1_ 
            on stores0_.author_id=members1_.id 
    left outer join
        clothes_info clothesinf2_ 
            on stores0_.clothes_info_id=clothesinf2_.id 
    left outer join
        colors colors3_ 
            on stores0_.colors_name=colors3_.name 
    left outer join
        materials materials4_ 
            on stores0_.materials_name=materials4_.name 
    left outer join
        style style5_ 
            on stores0_.style_name=style5_.name 
    left outer join
        sales_info_clothes salesinfoc6_ 
            on stores0_.sales_info_clothes_id=salesinfoc6_.id 
    left outer join
        sales_info_status salesinfos7_ 
            on stores0_.sales_info_status_id=salesinfos7_.id 
    left outer join
        sales_info_user salesinfou8_ 
            on stores0_.sales_info_user_id=salesinfou8_.id 
    where
        stores0_.id=?

MockHttpServletRequest:
      HTTP Method = GET
      Request URI = /api/v1/stores/post/search
       Parameters = {page=[0]}
          Headers = [Content-Type:"application/json", Authorization:"BearereyJhbGciOiJIUzI1NiJ9.eyJzdWIiOiJndW5zb25nMkBuYXZlci5jb20iLCJhdXRoIjoiUk9MRV9VU0VSIiwiZXhwIjoxNjY4MDU4Mzg4fQ.8CqZDb3dzJG-N35A8FVqFvjxImd47nh6dbP1ca-k2ck"]
             Body = <no character encoding set>
    Session Attrs = {}

Handler:
             Type = com.betweenourclothes.web.StoresApiController
           Method = public org.springframework.http.ResponseEntity<org.springframework.data.domain.Page<com.betweenourclothes.web.dto.response.stores.StoresThumbnailsResponseDto>> com.betweenourclothes.web.StoresApiController.findByKeyword(org.springframework.data.domain.Pageable,com.betweenourclothes.web.dto.request.stores.StoresPostSearchRequestDto)

Async:
    Async started = false
     Async result = null

Resolved Exception:
             Type = null

ModelAndView:
        View name = null
             View = null
            Model = null

FlashMap:
       Attributes = null

MockHttpServletResponse:
           Status = 200
    Error message = null
          Headers = [Content-Type:"application/json;charset=UTF-8", X-Content-Type-Options:"nosniff", X-XSS-Protection:"1; mode=block", Cache-Control:"no-cache, no-store, max-age=0, must-revalidate", Pragma:"no-cache", Expires:"0", X-Frame-Options:"DENY"]
     Content type = application/json;charset=UTF-8
             Body = {"content":[{"image":"/9j/4AAQSkZJRgABAgAAAQABAAD/2wBDAAgGBgcGBQgHBwcJCQgKDBQNDAsLDBkSEw8UHRofHh0aHBwgJC4nICIsIxwcKDcpLDAxNDQ0Hyc5PTgyPC4zNDL/2wBDAQkJCQwLDBgNDRgyIRwhMjIyMjIyMjIyMjIyMjIyMjIyMjIyMjIyMjIyMjIyMjIyMjIyMjIyMjIyMjIyMjIyMjL/wAARCAEsASwDASIAAhEBAxEB/8QAHwAAAQUBAQEBAQEAAAAAAAAAAAECAwQFBgcICQoL/8QAtRAAAgEDAwIEAwUFBAQAAAF9AQIDAAQRBRIhMUEGE1FhByJxFDKBkaEII0KxwRVS0fAkM2JyggkKFhcYGRolJicoKSo0NTY3ODk6Q0RFRkdISUpTVFVWV1hZWmNkZWZnaGlqc3R1dnd4eXqDhIWGh4iJipKTlJWWl5iZmqKjpKWmp6ipqrKztLW2t7i5usLDxMXGx8jJytLT1NXW19jZ2uHi4+Tl5ufo6erx8vP09fb3+Pn6/8QAHwEAAwEBAQEBAQEBAQAAAAAAAAECAwQFBgcICQoL/8QAtREAAgECBAQDBAcFBAQAAQJ3AAECAxEEBSExBhJBUQdhcRMiMoEIFEKRobHBCSMzUvAVYnLRChYkNOEl8RcYGRomJygpKjU2Nzg5OkNERUZHSElKU1RVVldYWVpjZGVmZ2hpanN0dXZ3eHl6goOEhYaHiImKkpOUlZaXmJmaoqOkpaanqKmqsrO0tba3uLm6wsPExcbHyMnK0tPU1dbX2Nna4uPk5ebn6Onq8vP09fb3+Pn6/9oADAMBAAIRAxEAPwCtKtvaSR2904e30/76A8zTHqPpxVuxsrvxdqDXF5KRBGQGx0Uf3FrAuLN7/WRaacDM0pAjZj19Sa3EmfwiyWtvqv2m53FpYEGYx68//WrkT6y2OY71Io4IkhhXbGg2qo6ACnxn5h6VxFx4n1iOGK7uBaQQzE+Wi/M2MZyams/E0skkXn3sMRYZaRoyFQdgB/E36e9dSqJ7F3O2ceuPpTk5Q1mWl4ZrcfZIbmdScmaYbQT6jvWlETg5xnvirKuL3qSo8808GmAooHDUqnmj+OgBWHFNXrUjDimL1HrQA/vUb8bv1FWIonlfbGpY+1aEGi7mUztx1KikP0MfYYolmfCRk4BPf6VW3s1zL5KAFRgk9TWl4ri+zixuAB5ETFGGOBnGDWXauPtE4PB4Ye4rmqzbZ00o8quU1ZGlk8xTv6EelVruwtbhGMkYIFRayJ2vla2Ryy8sR3zVKbUWjiAukeFh329ahw05kXGpd8rRj3umyWjh7R9yHqlZTa6tjciC+t2hz0cDiugDeYzzRncvt/8AXp7wWt9F5VzEr57MKz5m/iNXFJ6EEMiSxCSIhlYcH2q1CInPGN1Frp0VuQqf6rsB2qaaBIiHH51DKHJCrD50FPEYQDb/AAnNV1uR5nl7hg9KnVjnBpxFLTQ6a2k863STuQM0+Hm5qho8gaF4+6nP4GtC3H+kZr0ISvE8+SszzfxC/wDpWrP/ALRH6Vz2i/Jpzn2NbfiFvk1Rx3kYf0rG0/5NJkP+zQwRV0Mf6bK3rW+/MyCsTRRid62+tyvtSAhk/wCPo+1QS8zqKsNzcOarn5rj6UDCT74q4B+7FVG5kxVwD5FoAjlOEqjHzIauTnC1TiHJNAEh4FMAyKe/AxSouVpCLrXEeg2BktWb+0rndExP/LJRjOPQn+lYkN5JbK0lqha5XIkmLZyD2wf/ANdaWvW08Mpe/dWu7nEm9CCNntjvWLBGLpxGX+zW46SYzk/zPvXG5a2OZst2qx3EyqqNM4I344RfUH1FdZChh8u4k+ywleI57ldwVe3lRYP5kAnrWHBcWUNqlupjt5vMzKincqkA/Mp7huuD0zWhZasgbfGsazd5po2mkP0GCB9BW0LJgjpINS81stNql523LEI1H05FbFpexO3lqkyHsHWsGHWbuQBxrDOvffZsAPbIWt6zuzcjIkikXHLRPnH4da6U7miLoPPNO3DHWogcH3qtqGpW+mWpnnYgdEVern0FNuyux3L6sAeakyGbKnIrn7CK+1KUXN7ut4X+5COGce/oK7Ox0ZpFVph5cfZe+KUZXGtSkkbzYWNSxPYCtG10Q53XLY/2FNbEUEcCBY1AH61JRcqxFHCkKbY1Cj2FI5xyPvDtUp5qtI2GB7CmkILmCDULSS3mXdG4wVPauF1CzuNEnVZTvj6Rydcj3rt2fJDodrj9ao3zJIsZlQMobBVhkYqJ07mkJ8rOSSYSHO7Oe4PWorh1Dr5qhlHqM10Nx4dtd3mWrmAn+HqPw9Kyr3RL1/uqkg9jj+dc0qckdMakWVG06DUB5UXkxlwQrHhQexJ+tYOl6DqqyS/bbqOVFcooQcMAfvA1upot+MoYDsbhhuGCK0bWzk0+yjimH3chTntnNTy6aofNroc9NbvYvh1LL/Kq9yySLhDg46Grmu3h3bUGSO9c1JLK75LYPtWRoOK7ZMnIYGtWJhKiyfgaykJlbB64q7YSBWMT96YGzp0hhvYwDgMdproUjeKZhIpUgVywYo6nuCDXbwSLdWsb/e3rz/WuqhLSxyVo63PGtebNleEfxTt/6FWXF8mjv9MV6X4j8BC/tZBpcojkJ3eVIchjnPBrgtT0q+0ix8m9tnibdjJ5B/HpWxkZ+kriRvpWxGMz5rL01cSt9K1YR87H0FICv/y1c1DHzOxqcfxGoYvvMaBh1lq4fuiqacuPrV1+MUAVbjoarwjg1Ncng1DF9ygBX61PGPkHFQHqKtoBsFAihuWOHdcxyOjr+74PzD/Z9qp3EZjgE8hG4qPKSM5VVP07/WtCCS9to1bzlimgPmrBMmCD/s56j2rOuzbzFFgLRybN9y0vy5bjKgfWuKUU9TmZXstOk1C4VVHy8/eOM46812VkNJitotpvLiZcqFt04Q9+QMn8a4+GVYblH8t88bIc/wA62o73U7ib5Fl+yryfsyYXPcbscfjRCWthJnS2E+nwgReRf2cz5y7sQD6EhuK2kRrOaOWdFljYYF1Cu1h/vqOCPcCuOe90hQBJa3DSFf3hju1Z/wAjnP4VetNZ/s2xefT78z2o277a9XbJCCcZHTIrrg9NTRM7wHIGDnjgjvXHapJNrOvpFZspS34Ut/e7kCrniHWXto47Kyx5sqgswP3Qew962fh/oVwt3LcXaoiJgiLq3tuP51FSTqPlQfE7I6Pw14bFjEl1etJLdnn942dv4dK6jik4xmqskx3HB6VtGOlkarQsPKqDJNVTcmRuOlVJ5y5qa1jLc1aVgZbTJFMuVAWpYx830qG9OFFHURULcY6VDN+8hdG7jg04HmkbmhlCQSh7dCeuOfrSNyc1XQGOZ07N8wqQ5pAPKn1pksSSRFHxg00k4phJx3pNX3Gcdr+ntC+VJK9jXMlWBIIr066hjmgdJR8uM59K5C90K6CefCoeMjPHWuSdOzujphUurMwkXByasgjhh1HeoxFKH27D+VWo7YsMEYrFmqaLisJIww6jrXR+Hrs7TbOfdK5yGLyxtq5byNbzJKh5Q5FXTbTuRNXR22O9NuLWG9gMNzDHNGwwVcZ//VS28q3NukqdHGfxqQccZ6V3LVXOM8z1/wAEPpdw97pitJaNy0XVo/p6isCIYWQjPA9K9vCbwRjr615947to4bxJIYFjVkwzKMZNJoDhuiMajiHyMakfiM0xBiI0hhGPmX61ck7VWiXLL9asy0CKFyaagwlLc8kUDhRQMRRlhVwcAVWiGXFWT1oEZpM08aCJ5LxEHyK4+ZfoazfJ2O74wUIPlu3P4etdCfDmpR20Wo2bK6Ou4ND1H1Ws+7yu5tSjZZCvySR9GJ9/WuLldjmsZQ4kYKuZGPc889q6CxtoL2JZ9X1QQ2sXyCEHaCR2HtWTbaZcXCyvEozCu9xnt3x6mlhsrEahHJMpvM4I8w4X8uwqINRd2JHZ2firw1bokFhaSTSKCP3EG449c1hajrsWs6hORatDE0fkSBuCCMlTj1yaWfVY7ZmtrdFht5GC3M0YxnPAA9h/SqOn25tppDbkSyschifvelayre7oDehfs7eOS5huprySNEcZfGW47CvcfCmnxWOgrLHG6PcZlfe25sn1NeT6JpUuo6rb6ZCViMkge6C8kp35/pXuoRY41QcKBgCtMOtNTSlqrkEEhKSEnpVKGQzTyj2zU7t5UEnuap6acyzt6LXWajI8vNj3rYiUIuO9Ztim65JIrX245pCYkY5NVL9ucVdToTWZqDfvMUDK6HNPIqOMZqQ0xlW6+TZKOxwfpUvUZpZVDRlT0IxVe1k3RlG+8h2n8KQE2KYRUlIRQBRvM+WI16yNt/DvUqIFQKOgGMU0L5t2z/wxjaPrU+2kMyb3To9+9UAzz0rOlgSNCdvNdHOm6M+1Y9zEea5KsUmdFN3MZyAMilUjinSIQx9KjOI8sxwBWSNTd0nVYbJGhuZNqMf3Zx0PpXQJKjjKcjqK89jk864DuuUT7qevua9Cs4ke2iaM5UqDXZSbasclRWZOHxGT2rC1vSf7W0yaE/6xhuQnse1bV24jUIOvpUBBPUk85rZmaPELmN4S8cilXRtrA9qYBiGuk8eW6QeIGKLjzYwxA7mudI/dioGOhGXWpZutJAP3g+lLcHFIDOmOWFP9KYwzLUh+8KAHwDL1JI2HNEC1DK37w0Ab3h+/t7O41a9ExXSoMRxejtzyBWjBeWGuG8mS03y+SG2yqAw+h96zlsrW62JelrXTNPBlEL4Bk9MkcHH9ayL/AFueRDKsP2e3mc+W2P3kg6jC9gK5udxVmc97DGvYD5YjlWL52MakYa3buh9UPP6Vk3qGBy6qFDN8yj+E55/D0qS4MF7C8jOUvRyxbgSj/Gmm6eS1gSXDw/wsow30Nc8nfVEETD7RCrJIyYf5hjOF9SfrV20lSGyZo0Z1T5psj5CAcjmoFjaHbJb3KSxnqDwUHvU1xsvYpPIcP5almhQ4A4+8BSjZ6MW56l8LFi1JLnVlaQ7MW6Fj6cke/WvR5WCAfWuU+GOm/wBmeBLBCWLTAzMW65P/AOqumuyAB616NOKSSOqKtGxUvuFZfU5qtpZyZx3KmrF6SyI3qKp2LeXdEHo2RWozR01OXY/Sr7dKjt41ijwO9PkPyn6VPUAjPyVi3z5nI962IyPLJ9KwZ233J+tPqBPEMCnDvSDpRnmmMRuwqk/7q6DjhX+Vvr61cbqaqzjerD24pATrzTZ38uIkfe6D61HbSmRBnqODSn99cgfwJz+NADoYvLiUd+596eV4p/ajtQMiOAjE8DHUVlymOWISRsCrDIYdK1yMg/SsC9sLuIbbSZFTGApXGKyqrqXB2KFxhVLZwPU8CsqR/OfajH2I/h/xqxNps7yb7m5ZyGyFHAFCQrD8qjGK5XZbG6VxLdBEmMYz1rrvDd4HiktXPzR/Mn0rlsZHSp7W5e0uEmQ4K8H6VVOfLK4pwvGx17t5kxPYcCnoMmordVeJZc5DDIqcny4i56noK7d9TltbQ80+ISP/AG7FIR8jRgKfpXLkcCu/8d2nn6PBdYyYZMH6H/8AVXAkYwKlgTW4+bPtUdz1NT245aq1yfmNAFIcy1KPv1FH/rD9amTljSAsRDCE1SlP7w1fAxDWbIfnNAGtFPCI4rh7PzIY2zsjmM0Lk+qk5X8gKp60rWTSi4cT61MNzuh+S0j7Ivb/APVVm80i/wBJlM7plCMG6tF4x/tx9CPwrIkt2liNzdvH9nOceU+Xlf155x7VxSbtqczMx45fs0flgPJ95tzfw+1RxzuDuRuH/DBqS7triAwvIrLuXAbpikgl8oGKWNZkbqo6j3FZxfQhbj4EE8yKSkYbjew4H+NSGFkvkSwnPmNJ5Yk2Y3E9uRVW4vLO3gkhjf5hgrLJklcHICgd81reEM67410kyrcvvuFklJAVd647dOgFdEYJmiWp9MafAttp1vCoACRqMDjtVe+OG61oAADis2+YFz6V1xN2QOxks1zyV4NUCdsgYVYif5mjPRhx9aikXBxVoTNizmMq4zyKtP8AdNYthMY5QD34rZf7n4UuoiONsQS+1YKfNcE+9bJbbZzGse2GXJpPcstn2pF60hPNIp+amAr8Zqox+brVt/umqLH56TAjkk+zuJBgBjtOfWrkCbYx6nk1l6tzZw/9dhWtEPkX6UgJD2o7UUZpgIR+dQXEe+I9yKn6004wR6jFTJXRSMC6TqazZFAOe9bVzH1HpWNMpDE1xyVmdMXoQbsGnkZXOeD1prDIpUbAx/OpKOh8PXiurWszfc5T3HpWrKxkbPRQcAVxiSNDKssZwynNdZazreW6zJ3HI9D6V1Up8ysc1SNtSlrtv9q0O8hxk+WWH1FeTZzg17RIm+KUHoVIrxll2ysv91iK1ZkWLcfIxqlcHljV+EYiJrNuT96kMgi5JNTQjOfrUMXCmrMA6e9AE8vyw1kOx3mtS7OI8VlHk5pMD1RT8vTjuK87uWtpNauHt7Jvs6OVAT72f4iB0UZruLe+hu9OF3byb4XQsrDr0/nXmOn6rY2CTx6jDNO0twW2o2AV57+vSs6qTWhhKxDdSbpUt4XkRt7KVmPHJ45/nTY7R7e4dZpPLZOHK8nB44Heq+oT2LXLNZmcQbwVimHzYxzzQtwRJvjLAj7mOTj3NcyjYmxeeOCwtTcWlrbAg/ILh90jHPXGePxFdn8LIEu/Gv2mGRnRLYvOjKMI5yBt9uK83cZ3FzlmPDZ4r174HWDrBquoPGoLOsKlTkEDn+tbU3dlQ1Z6+PSse6b52FbB6GsO7yHbNdUTZlN2KNuHUc1NLhgHXvzUL85otn3xvEfvKePpVAOVsMCOorfgfzLYHviuf9619NfdCRSYmOuvk0+T3NZFsQCa1tQ4sse9Y0fBNIaLDPSK37ymHtSp9+mBOw+U1nsfnIrUZP3BNZUnDmhjGXNo15bogcKVcN9a0EyAB6VBEeKmBqQHk4pu6kY4FRl6YE26mM1R76az0DILnDOcVjXSYNajMWnPpiqV2vGa5KqszeD0Mtjg4ppOKWTh6YTWJqSqQ61f0i/+x3Hlv/qZD8xPY+tZRYo2R0qQ/MPY1UZcruhON1Y7aZwIXx/cJH5V4sTumkJ/vE16jo+oCVRazH94v3Sf4h6VwviHTTp2t3CqhEMh3xnsc9h9K7YtSV0cklZ2KSnbbZ9qy7g/rWo/y2orInPP40CETiOrcC/dqoPugVoQrz+FCAr3zdqzx0q3fn5sVUHApAWvDV9qqpJpujxwMfL83bO3Qd8Vl24nitb17nTPtERDK7D/AJZNnqPpWTFPLFKFikdGjAAZDgn2rT88/YJI9hN7I2I5BJgAnqGGOa5FUaVmctznmbnIAKY+Ug81ZRvmjHqQB7fWo7koZjZKfKljYllxwG7jP51PbwK8rBz0GFGeSafQroPvxb+d5SzF2x80gHQ+g9q+ivhXpI0vwLZjaQ9wTM2euTx/SvnaGGaSUmVFBdxGBnqTwAK+sdJthaaRZ26jHlwoP0rSlqXTWpcc4U/SsK6OWrckOEOfSueuWBkPNdKNHuQmqYm+z36sfusdpqyTWfqQIUNVAa7DBI9KvaU3zMPasq1l860ic91wa0NNbbcY9aGJlvVD/o6rWOvWtXVjworKUfNUlIl/gp8C5am9RVi3XkU0JliUf6Oaw5uJDXQTj9xXP3PEhokCHxGrCmqcRqyhpDHSt8tVy1Pmbiq5PNIZJu96Qt3pm7igcigB9tF5jN71RukIUqeoODW3ZJjBIrP1aLZO4HQ81lWjpcum9TnLhTuqrv5xWhOoIzWTI3zGuRnUiyMOMUsbdVPUdKhjlPSpG/vikBMHZHDqcMvINdLGlrr2mGK4jVgww3qp9RXLhgRmtHStSisZyJgdjnCn0NbUpcrsZVI6HI6vaPp88lq5JMbYBPcdjXOTn569A8exRslrfREESfIxHevPJT+8rqZzIlX7yitKHGCfas6PmZRWkuBETQgZl3jZkqGlnO64pQMikBzK7UcOrbo85y33hUqXptY0Y+XK0rfIuMlRjk1Y3rNmK4jVSRggcVRktzC5CMoYDCdsCuKyZy2ImJ2kN86kc88/nU9qgfYASWX7jZxge9JBCrQyIApULkuf4jTLR1ErBH3p0HY/jVJvYpHS+FbJNR8baTblN6icME7fKclq+oQMDArwP4P2Elz4wa7Kfu7aFizDpk5Fe+V0U1ZG1NaDJQSjc9q5uY/vDk1q6jfrEpjQ5asIyZPJ962QxxqnqIzaFv7tWwwPSo5gGjZD3FMZBosvmacP9liP1rZsji5X61zuhfuYZoiePNOK6C0/16fUUCLeqH95j0FZyCrupHMx9uKqRjNAEyjirUA+YVCi1YhHzimJli5X/R65y6++a6a6H7g1zN2PnqWOJHE3NWVNUkPNWVPFIoSU8VBnNSTNVfdzTYh/NTQqWYVCvNW4B0oA0rZcAVn6wAx98VpwDCVi63Lt+YdiKJq8Qi7MxZR8hzWVJHgmtmYBkJxwwyKzZgCDjrXnyR2xZQJIPNWY3DKB2qB1HeliYqRiouVYsJwSKjuOUAHXOaeexFMlzwF5J4FaR3IlsV9bmL+HRGzZ2TjH5GuKJzMee9dHrl2BAlmhztO92965hW/eE12HIW4BmWtCU7Lc1n2nL5q3euFiPPPtTEZOd0xNWUHy0afp15flmtrZ5FzgsOlaq+HtVAx9lP8A30KLBcwp9PnmgaVUtyY2I8osFkI9cGsefy7y0JjfDr0LDBFdTfaO8l2v9mbZjGh8yUtuTPueua5G9ktkJtTG63iH5irhlf8AAc1yOFjnaIsT3csiSsFDKqRqoCjtSRQhboqjAMjbJM9sdc4qvPvIVAGZ2OQEzwKs2Kk3SKcbmYL83HthqLBY9x+C0EP9lancxSF99wEBIxkADmvT5ciJsdcV82eHPEN/4U1aRra4jkgB2vt+6O549O2a9O0z4v6Ffhbe7WW3uGGDtUuufqK6INbGsZaHRSW5ZySTkmojb4FJDq+n3km23uQz4zjaQcfjRJdwJ96dR9TWt0ikrkbRsvSorkkQkjggVHNq9ggO65Un0XmsbUPFFtGmyKGWTJA3HgCk5xKUZGlpcZ2PnqXJrfsIz9ojyeM5rB0qUFz05w3HvXT2ABlBHYE09yWRXx3St9aghFS3PLk02EcGmBYU8Gprbl6gQZzV60TqcVWyES3X+oNcxd/frp7v/UmuYvPvGo6DRTBw1WA3FVu9S7uKQxJiCOtQZ5p8h4qHcM0AWIzzV+35IrPi61pW45FMDST5Y653WmySK6FjiKuY1Nt8+KqQkULeTcpibqOmfSoJUwxpNRjkis3nh4kjG9ffHJpYbiO/tI7mI5Dr27HuK46sDppTKM64PSolq3cIdp9qzTJtPX8K5TpSNKPBAqtfzNbxgp1Y4z6U2ObgVHqTg26/WtaerMqmiOZvnyWJrIjYZbmtDUXwHrJibrXachr2XTNN1Gb5SB1p9r8sOfQUmm251PxDaWuMqXDN9AaCT03w1pS2egW0Lja5XexHqa0zp4zxL+lWIV2oAOgFSGrSJPJNQtLee1afQnnhvU+/BEfmJ/2kNczca3Lep9j1WzjMgPzzLHskU+hPSuy1yBJrreImnZFO5YTtlj/2h6iuckae60cwqkF1aj/WyRpmeL3YZrlmZs5102q5XlF6Y+99akEJQwbkPzgfvB/FnualurOxintlhvDJbY4nVfuf7wqV49sVuQEcMWAYP8zYJ5x6f0rOwD4ILS3upRcy/aBEvCRcKzHsT6Va0PUJUvSbXSo552PDMM4HsP61X1GC0gVDG8c5ZMsqfKqNV/QYde1JNliVsbP+KZE5b8T1qorUDuNBn8RSazFJeWsUFntIYDAJz+tdPe20cgJ2iuf0jRoLZkkM9xPMoyZJJM5P0rp3y8QJ7jtVVE0ddDY5uS1VJDgD8qq3doJYWXHJrZuE5NU254rnV7nV0HeHbzfJ5LH5o1CnPtXd6a2Vlb0Fea2gNprRcfdcc16NoxEljJIO7AV3Unc46qsx0qkmkj7ipJeCfemxjmtramZNEhzWjAu1Kqwr81XlGFFKbBEF4f3Jrmbv79dJen93XNXR+Y1PQa3KXenZpp60oHNIY2T7tQgEtUz/AHRTY1yaAJ4hjFaVt1FUVXgVfthimhFqZsRVzlwN85Nb1y2Ij9KxHGXJpsCF4RKjIw4ZStef6Lqv9malcWc5It2kIx/cOa9IUDIryzWIPs/iW7j6fPu/MVEo3Q4vlZ28xVodykFTyCOlc5czBJSOtMiv5rW2C5JQj7prEudRV5zkkn0rjnSd9Dtp1Y21NtLsYHOAO9Ry3Rnyf4V6CshJWkYAnAq8h2w1vTp2VzCrU5nZGLqr7VYZrOgbIqbV5cvjPeq9sDlRWhkboPl2mfat/wCHVvDPqV3clwZ0Xaid8dzXNXsgitVGecdKxrW8ubS7W5t5JIpAeHU4xRzJMXLofRUf3aUkZ615rpPxD1AIqXsMVyOm/o1dqmuoUBMEgJGcZrVa7EbHOX1gt/ANsjQzx8xzJwVP+FchfxhdQRdQP9maqD+6vov9VN/vD1rukJBpt1ZW19bNb3MKyxN1VhWUo3E0ee3i3a39vHcwQ2N+XGb1RmGdfce/FVNbMkQkgaGBXSUM/kL97twey1ua1oE+k6ewhuWuNIWRWa0l5Zeein0qjrFlvhmEYa1ieAyrCvQ4PQ/SspR6E2M2RrGCW3aQvqc7Aj7JGMJHxx+Peux0u01PUrOF7+5Fvabfkt7bgsP9o1Q09IZPCljcpGiyCQB2A5OeOTXSaGc6PBjtuH/jxq4IZqWUSIqxIoRQMACteDiIr121k2x2yY961Yztl9jVVVeJrSdpFS5XgnGKoMOa17hNwPFZzJyRiuHqdy2KJUfaU9a7/Ql2aDG3d2J/WuBlPlTxOegb/wCtXpGnqP7IgCjjB/nXZQOWuMZc9qdGnzZqQKRwamgi7kV0uxgPiQdasimheaf0rJu5USjfn5MVzlz1rob88Gudn+9VPYFuVTSjgUuMnpTtvFSMiYZIFSxx4PSnInNTAc0xCBatQHFRAVIhxTQC3TfuzWV/FWjdt8lZ3egBc4Fee+K1j/4SgspBLRgtjsa7HWtTj0nT3uG5f7sa+rV5hHcSXmoSzysWkdskmkwNO6Oy169q5t33XJrd1STbbAe1c1G+ZCfWkxo2IPvAVemfZak+1ULTLt8ozV2VEdCjhivQgVLkkNRbOOurhri82oC3PQVqxW7wgNuiZwARGf8AGrv2W3hKRxQhC5x61ejs/NsZGjZI1Qn5WbDEjriueVTU1UNDBurucoryLCuc4HUVXN3IMMiJkYJ+XOfaq94Jct97bn5QTyfpWl4fvbWPUI3voy/ZZCeh9x61tBKRzzk4s1vDtvd6xexlrZI7VTlmK4/AV6GYGBxhePfrVKx1DT5htguIyR1Q8HNXHlLNkMij04rqhFJGbk2Qjg1KtRAU8GsiynrsRuNCvU7+XkfhXFzzM/hnTLtzliskLn16iu/mXzbaWMjO5CP0rgLVPP8ACFzbn71peEfTJ/8Ar1lPcRP4afzfB9xF/wA8ZAw/A103hxt2kD2kYf1/rXJeCyWh1SyPXa2BXUeF33WFwp42T4x+ApwA204kFaRO6MEVm9GBpzXzgeRbQGeUHnnCqP8AaP8AhWjGjWyJEDelU5kw+aLC5kdpIpkVJEOCFORVmZMjOK4pxsztpvQxNQiLWrsOq/N+VeieHJRc+H7OXOcpz9a4u4iGwA9GGK3/AAHK39lT2jNk28xCj0B5/rV0WTVV0dT5YPUUoUDpTqK6Ls57BTWbApaikYY5poUnYoXbbt1YU/362bhi2cdKypk+c5OatiRXUU7HNPx6UoQk81IwVcU8DFOAxQaYCrjPSpVHHPAqMZpkswjTJNADL51VQoPNUV4BJOAOSfSms5llJJ4rgvG/j6008/2NYSiS4kO2eRTkRqe2fWgVyj4n1s6rqLJEf9GgJVPc9z/Osiw/12aqxkbOOnarWm8y1K3KJ9dk2QKBXO28nz5rZ8QNhBWDackVI0dHYEnK8YxnBro7Cys5LZJGlKSMeA44Nc5YcBj6CtdDqBazW3hikssHz8n5lPYiuepubU1oX7jQyIJEjARW5yvzLk1zl94e1GOKK3juBLBnLMyA7TW3aawqzPFHNJA6dY5vu4/lWqt/DLj7RH5TdpEOVNZWNNjhm0L7Snl3E+51IAaP+D04OKx7m0FpO8TOPMUZYYwHHqK9Qk0qC6UvCUYkY3IfmrE1Hw/LJbmMoJmX7pkHzfn1rSE3FmNSCkijZeF9ZuLeOdLaPY6grukxxVn/AIRjxEvAVAPTzzW1Hrl1a28EDmBG2hQrKe3bOKtw6vqDxK0ixo56qFzXR7ZGPsWK2pwQ3Pk3Akhx0Zh8p/GrkbpIu6N1ceqHNRXUH2mLYQoYH5WYZ2ms5rCG6Z7d99peAbt0TYDgdwOhpttbhY2cgAsxAHcnpXnsN9aWN34gtJ5kVJCJIh13MCD2rnPEfifVb24ezkuSsULFCE+XcRxk1jmXekDbstjk/jWU53HyHWaHrFvpWt3V2wZ7d0zheOox/OrWjeNLbS2ule1kdZZdwO4cCuPglDROuexX6c5qn5g3up5GM/WpUmEYo9jtvFdtqzxWtjlZ5X2kv/APUeprfRhYp5Ua7nfhV7sfU15R4KuBDqwmCB2VMgHpXrEVq67biaTdOV7dEHoK1hJyY5xSLdtF9njCkhnJ3O/94+taLDfGGFZsb5HPHr7Vftm3Axnr6UVIXQ6U7MhveIEOOhrDh8Wp4T8RQzXeRp11iKdh/wAs2/hf6dM10V5GWhCiuG8W6ULzT5YJRklTtPvXNF2kdTV4nt1pfWt9EJbS5injIyGjcMP0qxmvizSte1Tw5etHb3lxCY2xtVzx+HSvSNF+OWt2pCX8EV/EOpA2yf4V2pXVzjemh9F9qqXBY8DpXD6H8YPDWr7UmnaynP8ABcDaPz6V1ceuaXc8xX1u4/2ZAaqKsTLUS4+VQKzZeDxWjLLDLysi49Qc1VYRk9R+dNgiqoZmwBUwQjgUkl3Z2qkyXESD1ZwKyb3xl4esELT6rbAD0cGpGbBUimng56+1cDffGPw1bZELz3J/6Zocfyrmr745R8iy0lyezSvQB67JPsHSua17xRpmixGTULyOMjogOXb2C9a8lu/iP4u8QiaKwRYEjUtJ5CZKr+Oa4C4vJruYyyyvLK3JdzuP/wBagLHfeJvihfakr22mhrG0bgt1lf8Awrgg7vIGUFmJ4xySf6moEDO2ACzHsOTWlp7HTLqK9Yp5kbZRTyM+h9aBnXabN9osY3PDEYI9COK1dLH75vWua0S9My3jSYD+aXwP9rn+tdRo/O9jSAo+In5ArKtB8yir2vPmUfWqlovINT1H0Oh08fuZCfSrFrJb/wDCRApczxXsMPEfPluvv24qOyGLUnpkgdelXbOW4Jujc2kM9kAdkkPMq+oIHNc0/iN4fCLc3mLSc6xYrPBgBZ7UfMwPsKsT2VwNK06LRbqKOPhws5+eSM8kYPOaz4beUWROgXiSZfmG4PTnkVZ1FbF9a022u45xdIvmQyRghA2OVyPxqFsUxjahJb60LH7NcQsy7lmAOzpyDWpa+IC+5JDHcoh2tg/MtVYLjUxqVy9zLBe6aRlFXG+NvTiqmlw6Ze2Go3OlhrKWVjHL9p+Uo/8AeGeDRYL9zovNsb4YUjd/ckHf2qOTTmL8PIo9Aa5iQX+j6Z5uoxtdzRty0C8lfWtiCW+ltopYHkEcihlD8EfnSY7djpCc4IPHrVXVLZZrItvKSRDcrJ1+lPEiKgTJJHZaZdSt9klPCjbjHrXZNq1zjjueFatHLBqFwJgVdnL8jGcnrVZZd0ACn5g2K9hudLtNRhEN3bpKnQZXn86yn8G6LkItptxyNrcVyqoup0ODZwN2wivQAnlo0QOPfFVLW0mvrwW8QZ3P9wZxXqg8OaZ8hktkYqMAsM4qUWlrbrsghSJccFFwaPaoSpmLoOgHTLeR5Zy8shAO3+EelegaXetNbgORlBjAPWubCMqAFvlHbvVjTJWj1CMjjccN9KdKpaQ6kbo6UTTCZi4Xb/CB2+tXoJ1SRH3d8GqayqTxg1OrZAHpXW9jmW5sSgFT06VganaLdw4Y/dFbS3O+3LkfcQ5rLnlzbqcferjmjtgzw/xtobwXhuYhk4ycdxXGq5B4JyPSvb9bsROyh1ztPH9a4fWPA8UZ8+3ZkVsnaOg+tbU6qWjIqU3ujD8PWs2u6rFpxmjjDAsZJeigdce9UbiWSOeRknkQLIV+VyM/rTrWL7C5kmAZkPIB4IH+NV9QuYLmdZYYBDuGWjXoD7V0nOXYNWvVZNuoXK/MBgSH1rY8U6heW+poLfV5JY5IFcGObgHjiuRjdvNXb1BpZVbeuc8gHFIRba7urlwsl1M4PHzSmidpIYjC86t7Bg2KqAHccHp3qIAE549aBjw4I5z+HSms5K7RwMdqSjtQBq2t+dPZmsLqQSyph8jAPqKh0wWSavENRRntM5ZVOCRVBSVII4IOasONypIgzt5A9u/5UAW726tEu5jYxFYGbManjA9/WqLyvK2WP0A6CklI4wen8u1Rg85oA6Dw0BPfzJ0AUH616BZRiCM+hFch8NlA8WxeYBiZHUA98A165L4dt7nLLEU5+8tJibPLdbZpLtQnODkiltpUG0ORG56KeM/SvRG8G6Z5pklEjt7t/SpT4b0lV+WzTJ9eakdx/g7Q4NR077XMTlJsBOzfWrV34Iht5p7nSpHs7iVtxBO6Mt9O1WtDvdN0u2fTCGgUsWDMeMn37V0e9vLBjZZU7HPUU+WLQczR5dqVk6T2kOvaZMJPNBju7Lhdw9SOOa0mkvX1OR4/IutOCfcx++jcdRiu/wBkbjAwnbawxmuN8SaJpumpc6nArW19IvHlt8rt2JFZTpWWhpGpfc5nRrfS7v8AtG60OeaC6YlZIbjpG/0NF/cNaeGG/wCEnhC+ZJsm+zDtnhuKry6m7aC//CT2oi8zCNPb/K+DwGz3rTaS5h0yzg0pE1WBQBNHcHEpQ9wO9ZGhXaPULbSrSPQp45o4wDsuTkslad7qkNhMISZG+UN8i5Az2rNu7PTNQ12yjivpLW/tyHW2zjevcVFrk/iSDU3TStKjmtMDaz9aVmwOwRcCs7U5GM6Qg4UDcfetcLjrVHULfcVlUdOtbVU3HQwhozO3gAA8AdBSZLnA4FPe3aTlSPcUzyZD0Bx71wnWI7Acc/Woc5PGDU/lSAdMrmjy0GSxwfegLlVuW6Y+lWdOH+nLn3xULyRocKxJPepLFv8ATo8HJPWtKfxET2OjjFXEHFV4UzirajArvOQcbqK2gczttib5SxHAz3NNaJWhCqwbHQg5BHrVTWcroN+3TEDEV4nbeLrm2iCQX1xbADG0HI/Cs50ubY2p1Lbnr+owRpGzyMqhe5NeeeKPFMMkK2OnAyS/deQcD8P8a5S/8RT3uRcXtxP7Z4NY0928oKqNi9CO5HoTShQSd2VKs3ohLmYMxRGzj7zdifQVVyKX/OKK6DEkgA89OO5NSzbRKAOyj+VRW5HnDntTpm/fZ/2RQAgALNk9jVcdKlByTn0NQg0gHDikNJmlFABUsUxjJBAZT17VFSigCy32aQ8sQfQjGKRTbRnIBc+hqvQDQB1fgeYyeN9NZzgbyAB9K+i1TEJHua+Y/C0/2bxPpk2doFwoz9TivqBMGEqOec5pMlmZPHzyOKrlcZwPpWnLFkAgVA8GcHHSoGcHqd2qXc5JAAbnnGK3vCms2ckD/Z2laRP9bEGyoH94CuB1Wd7iecR5I3ljjqat+G9UhsLK5u2jDSHC+hA9Qe1aQgrXFOR7FBc214qPGytjkDuDXHfElZG0ZmCS+RgBpIxkrz1rnIPH9o1yPPhmj/6eouCPqO4rtLLXzLbLPuW7tXH+ui6/8CFOSbViYyscHBPe2mhW8YgXWLXgMG+8EPc/Spb2ztdS1W0Nnqf2a5t1BNr03p6V0HiNfDtrYDUorw2E6tlEth/rm/ulOPzrjrbVtL1bVh9rtDBdxr+7u16EH1rklFpnXF32Na3ub1vEX2e60sSNAhkguZepXuA1Z9z/AGrc3c09h4jlhgdyRGQDsPpnNbOmPqVnFeSXd7HqFgBvgMfLD1BrCtNC8Ma3G19bPdW6u5DRNkFW7ioGellePeoWUvlT0IxVsJxzTXiz0611PU5b2OWlMtvM6A4CnAzR9unwB8pA9qv6tbOXEyLu45rHLfn6dK4pxszqjK6JmuZ5OrcewxUJJJ5NNMm0ZqPzsnAUu3ZVGf5VCTKuPOB9au6PA1xdCRT8i8bh60Weh3d6wa4BhiP8I+8a6q009LaJY40CqvTFdFKm07synMVIiMDJqxHCx7mrCQDAzU6oB0WukwMjXrfd4b1IFsf6O3J+lfMb9B16etfTHjWdrbwZqkg4Ji2j8SBXzNJ8px6DFWgRGaYenpTyeKjNBQmaKSigCSE4lXI65pZfvjn+EfypsZw6n3pZc+YOO1IBB94/Soh0qQH5j9DUdABRRRQAtFJiloAWgCkpRQBo6OnmavYoOpuI8f8AfQr6phBVdp7KB+lfMXhCET+LNLiI4Nwh/I5r6fJ2ufY0MlhtJXGORUTDIYDuKsghupxSND3U1FhniHibSNR0O++1gMFVyQR0Ge30qgbm0fQ28jCNJIWaP+77fSvcr/T4NRtWt7mJZI2GCG9K8K8S6faaT4gurGzJ8mI8Bjkj2qo3QnqS6dbWssJZtjNtydwJ59Paur8IJ9muru2iWRYCiybHP3WOOhHX8a47w4+3WraMziJJG2uW+6R6GvW4bWG1TyoIwi9umT+PQ/jWqMzgfGZj/wCEktlKcwWzOSvBySR/nFc3aRMZJJ43+0Rcny1HzD1HvW54wlhXVbuVh+9YKkY+bOBgnHYDrWBpKFkeSwbyrgnKrIcfNXJV3OuktDpdBk+y6LcyaKrrLKSVSbOFf0wa6PSZVu9PSe+s47e5Y/vETgZ9a524lSXQoYdVmNjLM4AePjDjocit2xt7dbKJZrhnkUYLnjd71gaWO3CjpjNIw/hA5PepFXbyPyNATe31rsOQjEKueVG1ePrUcuk2c+fMgUk9+lXgoUAenFAZc8HP0pNJgmzJHhvTd24wE+244q9Bp1nar+6gRPoOfzq2MnoPzp4TPU0KKQ7siWPcOAAv61KsYXgfrTguOhp6kHoaoQoXinYoFLQI5b4iRGXwJqQGRhVPH+8K+bJOoPqK+q/ENqL3w5qNsRnfbtj6gZ/pXytIpVtpGCpxVIaISKYRipwtROMUDI6KTNLSGLnGDU88YeFZFLE9WGOgPQ1XqaG5aIbSAy/qKAIwC54GfpUQ/Wr5uoyrfuzkg8/hVCgApRSUtAC0UlLQAUopKcKAOt+G9v8AafHenLjOxmc/gDX0a3JJ968J+DluJvGLzH/ljbM355Fe6kgDk4oJYmSO9OM2wEkce1M3gn5cmjaT9KQE0cgcfMR6cda5LxT8P7DX3ku4Wa2vm6yLyG/3hXTbdvTrUscuB82TQI+ftb8Nav4ck/063Pl5+WdOUP49q7DwX4ofUQdPuwPNiTckgPDqOx7Z+lepSwRXMJSRVlQ9UZdw/KuOfwBaW2tDVNMIgZVcNbk5ViQenp1ppg0cBrVjc32qySwIXEYLEEnux6A1Vg0qK8jMbhonz6lSDXpOgeErqyWWbUp99xMclV5CDPABrTufDdnMcugV+zrXPOLbN4TSR51debHHbWlxYC7tj8sjMeU9xV++kWOZI/tsNvtQAI2M/Wt+90We1BwvmxevesC70KwvZzNPGWcjHJrnaa0Nk7np2wKMnkUqJ3PU+lKwywHbNSdzXecSI/LB65pwUDoAKeBSigYgFOApRS0AIeKEXFLTqBC0oopRTANocFW6MNp/Hivl3xVpp07xLqNoVxsnYj6E5H6GvqI9DXhnxetoovFyyouGlgVnPqcYpoDzcDB5qGQdasgDdUEoHNDKKxpaXAoAFIYhpKdtFG0UAafh7QL/AMS6ounaaitOyl/mbaAB1Oazrm3e1up7eTG+KRkYjpkGu4+ES4+IdkAzANG4OD7EVzniy1js/Fep28WdiTtjJyeTn+tAdTFxRinADFGBQAlHSlwKMUAJThSYFKKAPUvgpFu13UZccLbgfrXtJUdSMmvKfgnGv2PVpcfP5iDPtgV6uaCRuAO1KBQetLQIaVphqXtUZ60AER2kjtU+Q2ccVXH3jTwTSsMeQccjj175qMn8RSoxzjPFOwCKkaGFVxggEe9UZtHs5pC5j5PpWg3WlIFKyGf/2Q==","title":"상의 블라우스","id":1745,"modified_date":"2022-11-10T11:33:09","price":"10000","content":"단돈 10000원에 팔아요~","transport":"직거래"}],"pageable":{"sort":{"sorted":false,"unsorted":true,"empty":true},"offset":0,"pageNumber":0,"pageSize":15,"paged":true,"unpaged":false},"totalElements":1,"totalPages":1,"last":true,"number":0,"size":15,"sort":{"sorted":false,"unsorted":true,"empty":true},"first":true,"numberOfElements":1,"empty":false}
    Forwarded URL = null
   Redirected URL = null
          Cookies = []
]]></system-out>
  <system-err><![CDATA[]]></system-err>
</testsuite>
