<?xml version="1.0" encoding="UTF-8"?>
<testsuite name="com.betweenourclothes.web.MainApiControllerTest" tests="7" skipped="7" failures="0" errors="0" timestamp="2022-11-11T07:41:52" hostname="user" time="0.0">
  <properties/>
  <testcase name="내옷장_테스트데이터등록" classname="com.betweenourclothes.web.MainApiControllerTest" time="0.0">
    <skipped/>
  </testcase>
  <testcase name="내옷장_테스트데이터추가" classname="com.betweenourclothes.web.MainApiControllerTest" time="0.0">
    <skipped/>
  </testcase>
  <testcase name="메인_추천등록가져오기수정가져오기" classname="com.betweenourclothes.web.MainApiControllerTest" time="0.0">
    <skipped/>
  </testcase>
  <testcase name="메인_배너가져오기" classname="com.betweenourclothes.web.MainApiControllerTest" time="0.0">
    <skipped/>
  </testcase>
  <testcase name="로그인" classname="com.betweenourclothes.web.MainApiControllerTest" time="0.0">
    <skipped/>
  </testcase>
  <testcase name="중고거래_테스트데이터등록" classname="com.betweenourclothes.web.MainApiControllerTest" time="0.0">
    <skipped/>
  </testcase>
  <testcase name="중고거래_테스트데이터추가" classname="com.betweenourclothes.web.MainApiControllerTest" time="0.0">
    <skipped/>
  </testcase>
  <system-out><![CDATA[2022-11-11 16:41:52.685  INFO 18340 --- [    Test worker] .b.t.c.SpringBootTestContextBootstrapper : Neither @ContextConfiguration nor @ContextHierarchy found for test class [com.betweenourclothes.web.MainApiControllerTest], using SpringBootContextLoader
2022-11-11 16:41:52.686  INFO 18340 --- [    Test worker] o.s.t.c.support.AbstractContextLoader    : Could not detect default resource locations for test class [com.betweenourclothes.web.MainApiControllerTest]: no resource found for suffixes {-context.xml, Context.groovy}.
2022-11-11 16:41:52.686  INFO 18340 --- [    Test worker] t.c.s.AnnotationConfigContextLoaderUtils : Could not detect default configuration classes for test class [com.betweenourclothes.web.MainApiControllerTest]: MainApiControllerTest does not declare any static, non-private, non-final, nested classes annotated with @Configuration.
2022-11-11 16:41:52.688  INFO 18340 --- [    Test worker] .b.t.c.SpringBootTestContextBootstrapper : Found @SpringBootConfiguration com.betweenourclothes.Application for test class com.betweenourclothes.web.MainApiControllerTest
2022-11-11 16:41:52.689  INFO 18340 --- [    Test worker] .b.t.c.SpringBootTestContextBootstrapper : Loaded default TestExecutionListener class names from location [META-INF/spring.factories]: [org.springframework.security.test.context.support.WithSecurityContextTestExecutionListener, org.springframework.security.test.context.support.ReactorContextTestExecutionListener, org.springframework.boot.test.autoconfigure.restdocs.RestDocsTestExecutionListener, org.springframework.boot.test.autoconfigure.web.client.MockRestServiceServerResetTestExecutionListener, org.springframework.boot.test.autoconfigure.web.servlet.MockMvcPrintOnlyOnFailureTestExecutionListener, org.springframework.boot.test.autoconfigure.web.servlet.WebDriverTestExecutionListener, org.springframework.boot.test.mock.mockito.MockitoTestExecutionListener, org.springframework.boot.test.mock.mockito.ResetMocksTestExecutionListener, org.springframework.test.context.web.ServletTestExecutionListener, org.springframework.test.context.support.DirtiesContextBeforeModesTestExecutionListener, org.springframework.test.context.support.DependencyInjectionTestExecutionListener, org.springframework.test.context.support.DirtiesContextTestExecutionListener, org.springframework.test.context.transaction.TransactionalTestExecutionListener, org.springframework.test.context.jdbc.SqlScriptsTestExecutionListener]
2022-11-11 16:41:52.690  INFO 18340 --- [    Test worker] .b.t.c.SpringBootTestContextBootstrapper : Using TestExecutionListeners: [org.springframework.test.context.web.ServletTestExecutionListener@55d1cae6, org.springframework.test.context.support.DirtiesContextBeforeModesTestExecutionListener@5f0f9e65, org.springframework.boot.test.mock.mockito.MockitoTestExecutionListener@38a0139f, org.springframework.boot.test.autoconfigure.SpringBootDependencyInjectionTestExecutionListener@12917872, org.springframework.test.context.support.DirtiesContextTestExecutionListener@494c063c, org.springframework.test.context.transaction.TransactionalTestExecutionListener@6a9345c6, org.springframework.test.context.jdbc.SqlScriptsTestExecutionListener@52179fe0, org.springframework.security.test.context.support.WithSecurityContextTestExecutionListener@4bdc3f38, org.springframework.security.test.context.support.ReactorContextTestExecutionListener@6288ad99, org.springframework.boot.test.autoconfigure.restdocs.RestDocsTestExecutionListener@12c5697b, org.springframework.boot.test.autoconfigure.web.client.MockRestServiceServerResetTestExecutionListener@7c430c5c, org.springframework.boot.test.autoconfigure.web.servlet.MockMvcPrintOnlyOnFailureTestExecutionListener@56ccc913, org.springframework.boot.test.autoconfigure.web.servlet.WebDriverTestExecutionListener@710f4236, org.springframework.boot.test.mock.mockito.ResetMocksTestExecutionListener@483873dd]
]]></system-out>
  <system-err><![CDATA[]]></system-err>
</testsuite>
