<?xml version="1.0" encoding="UTF-8"?>
<testsuite name="com.betweenourclothes.web.StoresApiControllerTest" tests="1" skipped="0" failures="0" errors="0" timestamp="2022-11-19T01:45:42" hostname="user" time="3.896">
  <properties/>
  <testcase name="중고거래_댓글추가_확인_삭제_확인" classname="com.betweenourclothes.web.StoresApiControllerTest" time="3.896"/>
  <system-out><![CDATA[10:45:29.011 [Test worker] DEBUG org.springframework.test.context.junit4.SpringJUnit4ClassRunner - SpringJUnit4ClassRunner constructor called with [class com.betweenourclothes.web.StoresApiControllerTest]
10:45:29.019 [Test worker] DEBUG org.springframework.test.context.BootstrapUtils - Instantiating CacheAwareContextLoaderDelegate from class [org.springframework.test.context.cache.DefaultCacheAwareContextLoaderDelegate]
10:45:29.030 [Test worker] DEBUG org.springframework.test.context.BootstrapUtils - Instantiating BootstrapContext using constructor [public org.springframework.test.context.support.DefaultBootstrapContext(java.lang.Class,org.springframework.test.context.CacheAwareContextLoaderDelegate)]
10:45:29.056 [Test worker] DEBUG org.springframework.test.context.BootstrapUtils - Instantiating TestContextBootstrapper for test class [com.betweenourclothes.web.StoresApiControllerTest] from class [org.springframework.boot.test.context.SpringBootTestContextBootstrapper]
10:45:29.068 [Test worker] INFO org.springframework.boot.test.context.SpringBootTestContextBootstrapper - Neither @ContextConfiguration nor @ContextHierarchy found for test class [com.betweenourclothes.web.StoresApiControllerTest], using SpringBootContextLoader
10:45:29.073 [Test worker] DEBUG org.springframework.test.context.support.AbstractContextLoader - Did not detect default resource location for test class [com.betweenourclothes.web.StoresApiControllerTest]: class path resource [com/betweenourclothes/web/StoresApiControllerTest-context.xml] does not exist
10:45:29.074 [Test worker] DEBUG org.springframework.test.context.support.AbstractContextLoader - Did not detect default resource location for test class [com.betweenourclothes.web.StoresApiControllerTest]: class path resource [com/betweenourclothes/web/StoresApiControllerTestContext.groovy] does not exist
10:45:29.074 [Test worker] INFO org.springframework.test.context.support.AbstractContextLoader - Could not detect default resource locations for test class [com.betweenourclothes.web.StoresApiControllerTest]: no resource found for suffixes {-context.xml, Context.groovy}.
10:45:29.075 [Test worker] INFO org.springframework.test.context.support.AnnotationConfigContextLoaderUtils - Could not detect default configuration classes for test class [com.betweenourclothes.web.StoresApiControllerTest]: StoresApiControllerTest does not declare any static, non-private, non-final, nested classes annotated with @Configuration.
10:45:29.133 [Test worker] DEBUG org.springframework.test.context.support.ActiveProfilesUtils - Could not find an 'annotation declaring class' for annotation type [org.springframework.test.context.ActiveProfiles] and class [com.betweenourclothes.web.StoresApiControllerTest]
10:45:29.338 [Test worker] DEBUG org.springframework.context.annotation.ClassPathScanningCandidateComponentProvider - Identified candidate component class: file [C:\Users\user1\Desktop\송아\캡스톤\repo\between-our-clothes-server\build\classes\java\main\com\betweenourclothes\Application.class]
10:45:29.340 [Test worker] INFO org.springframework.boot.test.context.SpringBootTestContextBootstrapper - Found @SpringBootConfiguration com.betweenourclothes.Application for test class com.betweenourclothes.web.StoresApiControllerTest
10:45:29.506 [Test worker] DEBUG org.springframework.boot.test.context.SpringBootTestContextBootstrapper - @TestExecutionListeners is not present for class [com.betweenourclothes.web.StoresApiControllerTest]: using defaults.
10:45:29.508 [Test worker] INFO org.springframework.boot.test.context.SpringBootTestContextBootstrapper - Loaded default TestExecutionListener class names from location [META-INF/spring.factories]: [org.springframework.security.test.context.support.WithSecurityContextTestExecutionListener, org.springframework.security.test.context.support.ReactorContextTestExecutionListener, org.springframework.boot.test.autoconfigure.restdocs.RestDocsTestExecutionListener, org.springframework.boot.test.autoconfigure.web.client.MockRestServiceServerResetTestExecutionListener, org.springframework.boot.test.autoconfigure.web.servlet.MockMvcPrintOnlyOnFailureTestExecutionListener, org.springframework.boot.test.autoconfigure.web.servlet.WebDriverTestExecutionListener, org.springframework.boot.test.mock.mockito.MockitoTestExecutionListener, org.springframework.boot.test.mock.mockito.ResetMocksTestExecutionListener, org.springframework.test.context.web.ServletTestExecutionListener, org.springframework.test.context.support.DirtiesContextBeforeModesTestExecutionListener, org.springframework.test.context.support.DependencyInjectionTestExecutionListener, org.springframework.test.context.support.DirtiesContextTestExecutionListener, org.springframework.test.context.transaction.TransactionalTestExecutionListener, org.springframework.test.context.jdbc.SqlScriptsTestExecutionListener]
10:45:29.540 [Test worker] INFO org.springframework.boot.test.context.SpringBootTestContextBootstrapper - Using TestExecutionListeners: [org.springframework.test.context.web.ServletTestExecutionListener@2769211b, org.springframework.test.context.support.DirtiesContextBeforeModesTestExecutionListener@3b78a0b7, org.springframework.boot.test.mock.mockito.MockitoTestExecutionListener@1ba47687, org.springframework.boot.test.autoconfigure.SpringBootDependencyInjectionTestExecutionListener@79867c1a, org.springframework.test.context.support.DirtiesContextTestExecutionListener@1709ebc8, org.springframework.test.context.transaction.TransactionalTestExecutionListener@698a9c86, org.springframework.test.context.jdbc.SqlScriptsTestExecutionListener@51a2cf7e, org.springframework.security.test.context.support.WithSecurityContextTestExecutionListener@1b8e0ffc, org.springframework.security.test.context.support.ReactorContextTestExecutionListener@4301f0ee, org.springframework.boot.test.autoconfigure.restdocs.RestDocsTestExecutionListener@7e522aa4, org.springframework.boot.test.autoconfigure.web.client.MockRestServiceServerResetTestExecutionListener@39ccd32f, org.springframework.boot.test.autoconfigure.web.servlet.MockMvcPrintOnlyOnFailureTestExecutionListener@5256da05, org.springframework.boot.test.autoconfigure.web.servlet.WebDriverTestExecutionListener@1e1cc621, org.springframework.boot.test.mock.mockito.ResetMocksTestExecutionListener@7174c84c]
10:45:29.546 [Test worker] DEBUG org.springframework.test.annotation.ProfileValueUtils - Retrieved @ProfileValueSourceConfiguration [null] for test class [com.betweenourclothes.web.StoresApiControllerTest]
10:45:29.547 [Test worker] DEBUG org.springframework.test.annotation.ProfileValueUtils - Retrieved ProfileValueSource type [class org.springframework.test.annotation.SystemProfileValueSource] for class [com.betweenourclothes.web.StoresApiControllerTest]
10:45:29.559 [Test worker] DEBUG org.springframework.test.annotation.ProfileValueUtils - Retrieved @ProfileValueSourceConfiguration [null] for test class [com.betweenourclothes.web.StoresApiControllerTest]
10:45:29.559 [Test worker] DEBUG org.springframework.test.annotation.ProfileValueUtils - Retrieved ProfileValueSource type [class org.springframework.test.annotation.SystemProfileValueSource] for class [com.betweenourclothes.web.StoresApiControllerTest]
10:45:29.561 [Test worker] DEBUG org.springframework.test.annotation.ProfileValueUtils - Retrieved @ProfileValueSourceConfiguration [null] for test class [com.betweenourclothes.web.StoresApiControllerTest]
10:45:29.561 [Test worker] DEBUG org.springframework.test.annotation.ProfileValueUtils - Retrieved ProfileValueSource type [class org.springframework.test.annotation.SystemProfileValueSource] for class [com.betweenourclothes.web.StoresApiControllerTest]
10:45:29.569 [Test worker] DEBUG org.springframework.test.context.support.AbstractDirtiesContextTestExecutionListener - Before test class: context [DefaultTestContext@3cba53b8 testClass = StoresApiControllerTest, testInstance = [null], testMethod = [null], testException = [null], mergedContextConfiguration = [WebMergedContextConfiguration@75f4aa55 testClass = StoresApiControllerTest, locations = '{}', classes = '{class com.betweenourclothes.Application}', contextInitializerClasses = '[]', activeProfiles = '{}', propertySourceLocations = '{}', propertySourceProperties = '{org.springframework.boot.test.context.SpringBootTestContextBootstrapper=true, server.port=0}', contextCustomizers = set[org.springframework.boot.test.autoconfigure.properties.PropertyMappingContextCustomizer@0, org.springframework.boot.test.autoconfigure.web.servlet.WebDriverContextCustomizerFactory$Customizer@52e90d19, org.springframework.boot.test.context.filter.ExcludeFilterContextCustomizer@27c592d0, org.springframework.boot.test.json.DuplicateJsonObjectContextCustomizerFactory$DuplicateJsonObjectContextCustomizer@7ff75e35, org.springframework.boot.test.mock.mockito.MockitoContextCustomizer@0, org.springframework.boot.test.web.client.TestRestTemplateContextCustomizer@2d323c55], resourceBasePath = 'src/main/webapp', contextLoader = 'org.springframework.boot.test.context.SpringBootContextLoader', parent = [null]], attributes = map['org.springframework.test.context.web.ServletTestExecutionListener.activateListener' -> false]], class annotated with @DirtiesContext [false] with mode [null].
10:45:29.570 [Test worker] DEBUG org.springframework.test.annotation.ProfileValueUtils - Retrieved @ProfileValueSourceConfiguration [null] for test class [com.betweenourclothes.web.StoresApiControllerTest]
10:45:29.570 [Test worker] DEBUG org.springframework.test.annotation.ProfileValueUtils - Retrieved ProfileValueSource type [class org.springframework.test.annotation.SystemProfileValueSource] for class [com.betweenourclothes.web.StoresApiControllerTest]
10:45:29.583 [Test worker] DEBUG org.springframework.test.context.support.DependencyInjectionTestExecutionListener - Performing dependency injection for test context [[DefaultTestContext@3cba53b8 testClass = StoresApiControllerTest, testInstance = com.betweenourclothes.web.StoresApiControllerTest@1de75d6c, testMethod = [null], testException = [null], mergedContextConfiguration = [WebMergedContextConfiguration@75f4aa55 testClass = StoresApiControllerTest, locations = '{}', classes = '{class com.betweenourclothes.Application}', contextInitializerClasses = '[]', activeProfiles = '{}', propertySourceLocations = '{}', propertySourceProperties = '{org.springframework.boot.test.context.SpringBootTestContextBootstrapper=true, server.port=0}', contextCustomizers = set[org.springframework.boot.test.autoconfigure.properties.PropertyMappingContextCustomizer@0, org.springframework.boot.test.autoconfigure.web.servlet.WebDriverContextCustomizerFactory$Customizer@52e90d19, org.springframework.boot.test.context.filter.ExcludeFilterContextCustomizer@27c592d0, org.springframework.boot.test.json.DuplicateJsonObjectContextCustomizerFactory$DuplicateJsonObjectContextCustomizer@7ff75e35, org.springframework.boot.test.mock.mockito.MockitoContextCustomizer@0, org.springframework.boot.test.web.client.TestRestTemplateContextCustomizer@2d323c55], resourceBasePath = 'src/main/webapp', contextLoader = 'org.springframework.boot.test.context.SpringBootContextLoader', parent = [null]], attributes = map['org.springframework.test.context.web.ServletTestExecutionListener.activateListener' -> false]]].
10:45:29.626 [Test worker] DEBUG org.springframework.test.context.support.TestPropertySourceUtils - Adding inlined properties to environment: {spring.jmx.enabled=false, org.springframework.boot.test.context.SpringBootTestContextBootstrapper=true, server.port=0}

  .   ____          _            __ _ _
 /\\ / ___'_ __ _ _(_)_ __  __ _ \ \ \ \
( ( )\___ | '_ | '_| | '_ \/ _` | \ \ \ \
 \\/  ___)| |_)| | | | | || (_| |  ) ) ) )
  '  |____| .__|_| |_|_| |_\__, | / / / /
 =========|_|==============|___/=/_/_/_/
 :: Spring Boot ::        (v2.1.7.RELEASE)

2022-11-19 10:45:30.047  INFO 20040 --- [    Test worker] c.b.web.StoresApiControllerTest          : Starting StoresApiControllerTest on user with PID 20040 (started by user1 in C:\Users\user1\Desktop\송아\캡스톤\repo\between-our-clothes-server)
2022-11-19 10:45:30.049  INFO 20040 --- [    Test worker] c.b.web.StoresApiControllerTest          : No active profile set, falling back to default profiles: default
2022-11-19 10:45:31.888  INFO 20040 --- [    Test worker] .s.d.r.c.RepositoryConfigurationDelegate : Bootstrapping Spring Data repositories in DEFAULT mode.
2022-11-19 10:45:32.116  INFO 20040 --- [    Test worker] .s.d.r.c.RepositoryConfigurationDelegate : Finished Spring Data repository scanning in 213ms. Found 15 repository interfaces.
2022-11-19 10:45:32.890  INFO 20040 --- [    Test worker] trationDelegate$BeanPostProcessorChecker : Bean 'org.springframework.transaction.annotation.ProxyTransactionManagementConfiguration' of type [org.springframework.transaction.annotation.ProxyTransactionManagementConfiguration$$EnhancerBySpringCGLIB$$c702057d] is not eligible for getting processed by all BeanPostProcessors (for example: not eligible for auto-proxying)
2022-11-19 10:45:33.457  INFO 20040 --- [    Test worker] o.s.b.w.embedded.tomcat.TomcatWebServer  : Tomcat initialized with port(s): 0 (http)
2022-11-19 10:45:33.500  INFO 20040 --- [    Test worker] o.apache.catalina.core.StandardService   : Starting service [Tomcat]
2022-11-19 10:45:33.501  INFO 20040 --- [    Test worker] org.apache.catalina.core.StandardEngine  : Starting Servlet engine: [Apache Tomcat/9.0.22]
2022-11-19 10:45:33.748  INFO 20040 --- [    Test worker] o.a.c.c.C.[Tomcat].[localhost].[/]       : Initializing Spring embedded WebApplicationContext
2022-11-19 10:45:33.749  INFO 20040 --- [    Test worker] o.s.web.context.ContextLoader            : Root WebApplicationContext: initialization completed in 3660 ms
2022-11-19 10:45:34.183  INFO 20040 --- [    Test worker] com.zaxxer.hikari.HikariDataSource       : HikariPool-1 - Starting...
2022-11-19 10:45:34.915  INFO 20040 --- [    Test worker] com.zaxxer.hikari.HikariDataSource       : HikariPool-1 - Start completed.
2022-11-19 10:45:35.046  INFO 20040 --- [    Test worker] o.hibernate.jpa.internal.util.LogHelper  : HHH000204: Processing PersistenceUnitInfo [
	name: default
	...]
2022-11-19 10:45:35.205  INFO 20040 --- [    Test worker] org.hibernate.Version                    : HHH000412: Hibernate Core {5.3.10.Final}
2022-11-19 10:45:35.207  INFO 20040 --- [    Test worker] org.hibernate.cfg.Environment            : HHH000206: hibernate.properties not found
2022-11-19 10:45:35.565  INFO 20040 --- [    Test worker] o.hibernate.annotations.common.Version   : HCANN000001: Hibernate Commons Annotations {5.0.4.Final}
2022-11-19 10:45:35.886  INFO 20040 --- [    Test worker] org.hibernate.dialect.Dialect            : HHH000400: Using dialect: org.hibernate.dialect.MySQL5InnoDBDialect
2022-11-19 10:45:38.152  INFO 20040 --- [    Test worker] j.LocalContainerEntityManagerFactoryBean : Initialized JPA EntityManagerFactory for persistence unit 'default'
2022-11-19 10:45:39.298  INFO 20040 --- [    Test worker] o.h.h.i.QueryTranslatorFactoryInitiator  : HHH000397: Using ASTQueryTranslatorFactory
2022-11-19 10:45:40.129  WARN 20040 --- [    Test worker] aWebConfiguration$JpaWebMvcConfiguration : spring.jpa.open-in-view is enabled by default. Therefore, database queries may be performed during view rendering. Explicitly configure spring.jpa.open-in-view to disable this warning
2022-11-19 10:45:40.761  INFO 20040 --- [    Test worker] o.s.s.web.DefaultSecurityFilterChain     : Creating filter chain: org.springframework.boot.autoconfigure.security.servlet.StaticResourceRequest$StaticResourceRequestMatcher@13b1287e, []
2022-11-19 10:45:40.922  INFO 20040 --- [    Test worker] o.s.s.web.DefaultSecurityFilterChain     : Creating filter chain: any request, [org.springframework.security.web.context.request.async.WebAsyncManagerIntegrationFilter@1dec238a, org.springframework.security.web.context.SecurityContextPersistenceFilter@4fb97fb0, org.springframework.security.web.header.HeaderWriterFilter@1b742bc9, org.springframework.security.web.authentication.logout.LogoutFilter@57bd3e69, com.betweenourclothes.jwt.JwtAuthenticationFilter@26ae3fdc, org.springframework.security.web.savedrequest.RequestCacheAwareFilter@1ee9f274, org.springframework.security.web.servletapi.SecurityContextHolderAwareRequestFilter@55e8c347, org.springframework.security.web.authentication.AnonymousAuthenticationFilter@78bf71f5, org.springframework.security.web.session.SessionManagementFilter@49ad6eee, org.springframework.security.web.access.ExceptionTranslationFilter@507f081f, org.springframework.security.web.access.intercept.FilterSecurityInterceptor@32f49dcd]
2022-11-19 10:45:41.031  INFO 20040 --- [    Test worker] pertySourcedRequestMappingHandlerMapping : Mapped URL path [/v2/api-docs] onto method [public org.springframework.http.ResponseEntity<springfox.documentation.spring.web.json.Json> springfox.documentation.swagger2.web.Swagger2Controller.getDocumentation(java.lang.String,javax.servlet.http.HttpServletRequest)]
2022-11-19 10:45:41.560  INFO 20040 --- [    Test worker] o.s.s.concurrent.ThreadPoolTaskExecutor  : Initializing ExecutorService 'applicationTaskExecutor'
2022-11-19 10:45:42.176  INFO 20040 --- [    Test worker] d.s.w.p.DocumentationPluginsBootstrapper : Context refreshed
2022-11-19 10:45:42.230  INFO 20040 --- [    Test worker] d.s.w.p.DocumentationPluginsBootstrapper : Found 1 custom documentation plugin(s)
2022-11-19 10:45:42.295  INFO 20040 --- [    Test worker] s.d.s.w.s.ApiListingReferenceScanner     : Scanning for api listing references
2022-11-19 10:45:42.663  INFO 20040 --- [    Test worker] .d.s.w.r.o.CachingOperationNameGenerator : Generating unique operation named: deleteUsingDELETE_1
2022-11-19 10:45:42.699  INFO 20040 --- [    Test worker] .d.s.w.r.o.CachingOperationNameGenerator : Generating unique operation named: findPostByIdUsingGET_1
2022-11-19 10:45:42.707  INFO 20040 --- [    Test worker] .d.s.w.r.o.CachingOperationNameGenerator : Generating unique operation named: findPostsByAllCategoryUsingPOST_1
2022-11-19 10:45:42.737  INFO 20040 --- [    Test worker] .d.s.w.r.o.CachingOperationNameGenerator : Generating unique operation named: postUsingPOST_1
2022-11-19 10:45:42.741  INFO 20040 --- [    Test worker] .d.s.w.r.o.CachingOperationNameGenerator : Generating unique operation named: updateUsingPUT_1
2022-11-19 10:45:42.800  INFO 20040 --- [    Test worker] o.s.b.w.embedded.tomcat.TomcatWebServer  : Tomcat started on port(s): 50999 (http) with context path ''
2022-11-19 10:45:42.803  INFO 20040 --- [    Test worker] c.b.web.StoresApiControllerTest          : Started StoresApiControllerTest in 13.174 seconds (JVM running for 14.776)
2022-11-19 10:45:43.188  INFO 20040 --- [o-auto-1-exec-1] o.a.c.c.C.[Tomcat].[localhost].[/]       : Initializing Spring DispatcherServlet 'dispatcherServlet'
2022-11-19 10:45:43.188  INFO 20040 --- [o-auto-1-exec-1] o.s.web.servlet.DispatcherServlet        : Initializing Servlet 'dispatcherServlet'
2022-11-19 10:45:43.223  INFO 20040 --- [o-auto-1-exec-1] o.s.web.servlet.DispatcherServlet        : Completed initialization in 33 ms
Hibernate: 
    select
        members0_.id as id1_6_,
        members0_.email as email2_6_,
        members0_.image as image3_6_,
        members0_.name as name4_6_,
        members0_.nickname as nickname5_6_,
        members0_.password as password6_6_,
        members0_.phone as phone7_6_,
        members0_.refresh_token as refresh_8_6_,
        members0_.role as role9_6_ 
    from
        members members0_ 
    where
        members0_.email=?
Hibernate: 
    select
        members0_.id as id1_6_,
        members0_.email as email2_6_,
        members0_.image as image3_6_,
        members0_.name as name4_6_,
        members0_.nickname as nickname5_6_,
        members0_.password as password6_6_,
        members0_.phone as phone7_6_,
        members0_.refresh_token as refresh_8_6_,
        members0_.role as role9_6_ 
    from
        members members0_ 
    where
        members0_.email=?
Hibernate: 
    update
        members 
    set
        email=?,
        image=?,
        name=?,
        nickname=?,
        password=?,
        phone=?,
        refresh_token=?,
        role=? 
    where
        id=?
2022-11-19 10:45:44.288  INFO 20040 --- [    Test worker] o.a.c.c.C.[Tomcat].[localhost].[/]       : Initializing Spring TestDispatcherServlet ''
2022-11-19 10:45:44.288  INFO 20040 --- [    Test worker] o.s.t.web.servlet.TestDispatcherServlet  : Initializing Servlet ''
2022-11-19 10:45:44.294  INFO 20040 --- [    Test worker] o.s.t.web.servlet.TestDispatcherServlet  : Completed initialization in 6 ms
gunsong2@naver.com
Hibernate: 
    select
        members0_.id as id1_6_,
        members0_.email as email2_6_,
        members0_.image as image3_6_,
        members0_.name as name4_6_,
        members0_.nickname as nickname5_6_,
        members0_.password as password6_6_,
        members0_.phone as phone7_6_,
        members0_.refresh_token as refresh_8_6_,
        members0_.role as role9_6_ 
    from
        members members0_ 
    where
        members0_.email=?
Hibernate: 
    select
        style0_.id as id1_14_,
        style0_.name as name2_14_ 
    from
        style style0_ 
    where
        style0_.name=?
Hibernate: 
    select
        materials0_.id as id1_5_,
        materials0_.name as name2_5_ 
    from
        materials materials0_ 
    where
        materials0_.name=?
Hibernate: 
    select
        colors0_.id as id1_4_,
        colors0_.name as name2_4_ 
    from
        colors colors0_ 
    where
        colors0_.name=?
Hibernate: 
    select
        clothesinf0_.id as id1_2_,
        clothesinf0_.categoryl as category2_2_,
        clothesinf0_.categorys as category3_2_,
        clothesinf0_.fit as fit4_2_,
        clothesinf0_.length as length5_2_ 
    from
        clothes_info clothesinf0_ 
    where
        clothesinf0_.categoryl=? 
        and clothesinf0_.categorys=? 
        and clothesinf0_.length=? 
        and clothesinf0_.fit=?
Hibernate: 
    select
        salesinfoc0_.id as id1_9_,
        salesinfoc0_.clothes_brand as clothes_2_9_,
        salesinfoc0_.clothes_color as clothes_3_9_,
        salesinfoc0_.clothes_gender as clothes_4_9_,
        salesinfoc0_.clothes_size as clothes_5_9_ 
    from
        sales_info_clothes salesinfoc0_ 
    where
        salesinfoc0_.clothes_brand=? 
        and salesinfoc0_.clothes_gender=? 
        and salesinfoc0_.clothes_size=? 
        and salesinfoc0_.clothes_color=?
Hibernate: 
    select
        salesinfos0_.id as id1_10_,
        salesinfos0_.status_score as status_s2_10_,
        salesinfos0_.status_tag as status_t3_10_,
        salesinfos0_.status_times as status_t4_10_,
        salesinfos0_.status_when2buy as status_w5_10_,
        salesinfos0_.transport as transpor6_10_ 
    from
        sales_info_status salesinfos0_ 
    where
        salesinfos0_.status_tag=? 
        and salesinfos0_.status_score=? 
        and salesinfos0_.status_times=? 
        and salesinfos0_.status_when2buy=? 
        and salesinfos0_.transport=?
Hibernate: 
    select
        salesinfou0_.id as id1_11_,
        salesinfou0_.user_height as user_hei2_11_,
        salesinfou0_.user_size as user_siz3_11_,
        salesinfou0_.user_weight as user_wei4_11_ 
    from
        sales_info_user salesinfou0_ 
    where
        salesinfou0_.user_size=? 
        and salesinfou0_.user_weight=? 
        and salesinfou0_.user_height=?
C:\Users\user1\betweenourclothes\images\stores\stores-fafcb539-26c5-4221-a4a8-e3e7758f3ed3.jpg
Hibernate: 
    insert 
    into
        clothes_image
        (closets_post_id, path, stores_post_id, type) 
    values
        (?, ?, ?, ?)
C:\Users\user1\betweenourclothes\images\stores\stores-2648a21b-4094-4ab9-b6a8-f87df8a1d285.jpg
Hibernate: 
    insert 
    into
        clothes_image
        (closets_post_id, path, stores_post_id, type) 
    values
        (?, ?, ?, ?)
Hibernate: 
    insert 
    into
        stores
        (created_date, modified_date, author_id, clothes_info_id, colors_name, materials_name, style_name, clothes_length, content, price, sales_info_clothes_id, sales_info_status_id, sales_info_user_id, status, title) 
    values
        (?, ?, ?, ?, ?, ?, ?, ?, ?, ?, ?, ?, ?, ?, ?)
Hibernate: 
    update
        clothes_image 
    set
        closets_post_id=?,
        path=?,
        stores_post_id=?,
        type=? 
    where
        id=?
Hibernate: 
    update
        clothes_image 
    set
        closets_post_id=?,
        path=?,
        stores_post_id=?,
        type=? 
    where
        id=?
gunsong2@naver.com
Hibernate: 
    select
        members0_.id as id1_6_,
        members0_.email as email2_6_,
        members0_.image as image3_6_,
        members0_.name as name4_6_,
        members0_.nickname as nickname5_6_,
        members0_.password as password6_6_,
        members0_.phone as phone7_6_,
        members0_.refresh_token as refresh_8_6_,
        members0_.role as role9_6_ 
    from
        members members0_ 
    where
        members0_.email=?
Hibernate: 
    select
        style0_.id as id1_14_,
        style0_.name as name2_14_ 
    from
        style style0_ 
    where
        style0_.name=?
Hibernate: 
    select
        materials0_.id as id1_5_,
        materials0_.name as name2_5_ 
    from
        materials materials0_ 
    where
        materials0_.name=?
Hibernate: 
    select
        colors0_.id as id1_4_,
        colors0_.name as name2_4_ 
    from
        colors colors0_ 
    where
        colors0_.name=?
Hibernate: 
    select
        clothesinf0_.id as id1_2_,
        clothesinf0_.categoryl as category2_2_,
        clothesinf0_.categorys as category3_2_,
        clothesinf0_.fit as fit4_2_,
        clothesinf0_.length as length5_2_ 
    from
        clothes_info clothesinf0_ 
    where
        clothesinf0_.categoryl=? 
        and clothesinf0_.categorys=? 
        and clothesinf0_.length=? 
        and clothesinf0_.fit=?
Hibernate: 
    select
        salesinfoc0_.id as id1_9_,
        salesinfoc0_.clothes_brand as clothes_2_9_,
        salesinfoc0_.clothes_color as clothes_3_9_,
        salesinfoc0_.clothes_gender as clothes_4_9_,
        salesinfoc0_.clothes_size as clothes_5_9_ 
    from
        sales_info_clothes salesinfoc0_ 
    where
        salesinfoc0_.clothes_brand=? 
        and salesinfoc0_.clothes_gender=? 
        and salesinfoc0_.clothes_size=? 
        and salesinfoc0_.clothes_color=?
Hibernate: 
    select
        salesinfos0_.id as id1_10_,
        salesinfos0_.status_score as status_s2_10_,
        salesinfos0_.status_tag as status_t3_10_,
        salesinfos0_.status_times as status_t4_10_,
        salesinfos0_.status_when2buy as status_w5_10_,
        salesinfos0_.transport as transpor6_10_ 
    from
        sales_info_status salesinfos0_ 
    where
        salesinfos0_.status_tag=? 
        and salesinfos0_.status_score=? 
        and salesinfos0_.status_times=? 
        and salesinfos0_.status_when2buy=? 
        and salesinfos0_.transport=?
Hibernate: 
    select
        salesinfou0_.id as id1_11_,
        salesinfou0_.user_height as user_hei2_11_,
        salesinfou0_.user_size as user_siz3_11_,
        salesinfou0_.user_weight as user_wei4_11_ 
    from
        sales_info_user salesinfou0_ 
    where
        salesinfou0_.user_size=? 
        and salesinfou0_.user_weight=? 
        and salesinfou0_.user_height=?
C:\Users\user1\betweenourclothes\images\stores\stores-8ab93b92-e108-4d3a-826d-2b745f58d6b0.jpg
Hibernate: 
    insert 
    into
        clothes_image
        (closets_post_id, path, stores_post_id, type) 
    values
        (?, ?, ?, ?)
C:\Users\user1\betweenourclothes\images\stores\stores-eacd6aa0-41ba-4ab5-9fca-b70891da75ad.jpg
Hibernate: 
    insert 
    into
        clothes_image
        (closets_post_id, path, stores_post_id, type) 
    values
        (?, ?, ?, ?)
Hibernate: 
    insert 
    into
        stores
        (created_date, modified_date, author_id, clothes_info_id, colors_name, materials_name, style_name, clothes_length, content, price, sales_info_clothes_id, sales_info_status_id, sales_info_user_id, status, title) 
    values
        (?, ?, ?, ?, ?, ?, ?, ?, ?, ?, ?, ?, ?, ?, ?)
Hibernate: 
    update
        clothes_image 
    set
        closets_post_id=?,
        path=?,
        stores_post_id=?,
        type=? 
    where
        id=?
Hibernate: 
    update
        clothes_image 
    set
        closets_post_id=?,
        path=?,
        stores_post_id=?,
        type=? 
    where
        id=?
gunsong2@naver.com
Hibernate: 
    select
        members0_.id as id1_6_,
        members0_.email as email2_6_,
        members0_.image as image3_6_,
        members0_.name as name4_6_,
        members0_.nickname as nickname5_6_,
        members0_.password as password6_6_,
        members0_.phone as phone7_6_,
        members0_.refresh_token as refresh_8_6_,
        members0_.role as role9_6_ 
    from
        members members0_ 
    where
        members0_.email=?
Hibernate: 
    select
        style0_.id as id1_14_,
        style0_.name as name2_14_ 
    from
        style style0_ 
    where
        style0_.name=?
Hibernate: 
    select
        materials0_.id as id1_5_,
        materials0_.name as name2_5_ 
    from
        materials materials0_ 
    where
        materials0_.name=?
Hibernate: 
    select
        colors0_.id as id1_4_,
        colors0_.name as name2_4_ 
    from
        colors colors0_ 
    where
        colors0_.name=?
Hibernate: 
    select
        clothesinf0_.id as id1_2_,
        clothesinf0_.categoryl as category2_2_,
        clothesinf0_.categorys as category3_2_,
        clothesinf0_.fit as fit4_2_,
        clothesinf0_.length as length5_2_ 
    from
        clothes_info clothesinf0_ 
    where
        clothesinf0_.categoryl=? 
        and clothesinf0_.categorys=? 
        and clothesinf0_.length=? 
        and clothesinf0_.fit=?
Hibernate: 
    select
        salesinfoc0_.id as id1_9_,
        salesinfoc0_.clothes_brand as clothes_2_9_,
        salesinfoc0_.clothes_color as clothes_3_9_,
        salesinfoc0_.clothes_gender as clothes_4_9_,
        salesinfoc0_.clothes_size as clothes_5_9_ 
    from
        sales_info_clothes salesinfoc0_ 
    where
        salesinfoc0_.clothes_brand=? 
        and salesinfoc0_.clothes_gender=? 
        and salesinfoc0_.clothes_size=? 
        and salesinfoc0_.clothes_color=?
Hibernate: 
    select
        salesinfos0_.id as id1_10_,
        salesinfos0_.status_score as status_s2_10_,
        salesinfos0_.status_tag as status_t3_10_,
        salesinfos0_.status_times as status_t4_10_,
        salesinfos0_.status_when2buy as status_w5_10_,
        salesinfos0_.transport as transpor6_10_ 
    from
        sales_info_status salesinfos0_ 
    where
        salesinfos0_.status_tag=? 
        and salesinfos0_.status_score=? 
        and salesinfos0_.status_times=? 
        and salesinfos0_.status_when2buy=? 
        and salesinfos0_.transport=?
Hibernate: 
    select
        salesinfou0_.id as id1_11_,
        salesinfou0_.user_height as user_hei2_11_,
        salesinfou0_.user_size as user_siz3_11_,
        salesinfou0_.user_weight as user_wei4_11_ 
    from
        sales_info_user salesinfou0_ 
    where
        salesinfou0_.user_size=? 
        and salesinfou0_.user_weight=? 
        and salesinfou0_.user_height=?
C:\Users\user1\betweenourclothes\images\stores\stores-a7d81071-58fc-4ebb-8a15-5f9e618acd36.jpg
Hibernate: 
    insert 
    into
        clothes_image
        (closets_post_id, path, stores_post_id, type) 
    values
        (?, ?, ?, ?)
C:\Users\user1\betweenourclothes\images\stores\stores-75db6047-e589-44bc-8bb0-411076cab3db.jpg
Hibernate: 
    insert 
    into
        clothes_image
        (closets_post_id, path, stores_post_id, type) 
    values
        (?, ?, ?, ?)
Hibernate: 
    insert 
    into
        stores
        (created_date, modified_date, author_id, clothes_info_id, colors_name, materials_name, style_name, clothes_length, content, price, sales_info_clothes_id, sales_info_status_id, sales_info_user_id, status, title) 
    values
        (?, ?, ?, ?, ?, ?, ?, ?, ?, ?, ?, ?, ?, ?, ?)
Hibernate: 
    update
        clothes_image 
    set
        closets_post_id=?,
        path=?,
        stores_post_id=?,
        type=? 
    where
        id=?
Hibernate: 
    update
        clothes_image 
    set
        closets_post_id=?,
        path=?,
        stores_post_id=?,
        type=? 
    where
        id=?
gunsong2@naver.com
Hibernate: 
    select
        members0_.id as id1_6_,
        members0_.email as email2_6_,
        members0_.image as image3_6_,
        members0_.name as name4_6_,
        members0_.nickname as nickname5_6_,
        members0_.password as password6_6_,
        members0_.phone as phone7_6_,
        members0_.refresh_token as refresh_8_6_,
        members0_.role as role9_6_ 
    from
        members members0_ 
    where
        members0_.email=?
Hibernate: 
    select
        style0_.id as id1_14_,
        style0_.name as name2_14_ 
    from
        style style0_ 
    where
        style0_.name=?
Hibernate: 
    select
        materials0_.id as id1_5_,
        materials0_.name as name2_5_ 
    from
        materials materials0_ 
    where
        materials0_.name=?
Hibernate: 
    select
        colors0_.id as id1_4_,
        colors0_.name as name2_4_ 
    from
        colors colors0_ 
    where
        colors0_.name=?
Hibernate: 
    select
        clothesinf0_.id as id1_2_,
        clothesinf0_.categoryl as category2_2_,
        clothesinf0_.categorys as category3_2_,
        clothesinf0_.fit as fit4_2_,
        clothesinf0_.length as length5_2_ 
    from
        clothes_info clothesinf0_ 
    where
        clothesinf0_.categoryl=? 
        and clothesinf0_.categorys=? 
        and clothesinf0_.length=? 
        and clothesinf0_.fit=?
Hibernate: 
    select
        salesinfoc0_.id as id1_9_,
        salesinfoc0_.clothes_brand as clothes_2_9_,
        salesinfoc0_.clothes_color as clothes_3_9_,
        salesinfoc0_.clothes_gender as clothes_4_9_,
        salesinfoc0_.clothes_size as clothes_5_9_ 
    from
        sales_info_clothes salesinfoc0_ 
    where
        salesinfoc0_.clothes_brand=? 
        and salesinfoc0_.clothes_gender=? 
        and salesinfoc0_.clothes_size=? 
        and salesinfoc0_.clothes_color=?
Hibernate: 
    select
        salesinfos0_.id as id1_10_,
        salesinfos0_.status_score as status_s2_10_,
        salesinfos0_.status_tag as status_t3_10_,
        salesinfos0_.status_times as status_t4_10_,
        salesinfos0_.status_when2buy as status_w5_10_,
        salesinfos0_.transport as transpor6_10_ 
    from
        sales_info_status salesinfos0_ 
    where
        salesinfos0_.status_tag=? 
        and salesinfos0_.status_score=? 
        and salesinfos0_.status_times=? 
        and salesinfos0_.status_when2buy=? 
        and salesinfos0_.transport=?
Hibernate: 
    select
        salesinfou0_.id as id1_11_,
        salesinfou0_.user_height as user_hei2_11_,
        salesinfou0_.user_size as user_siz3_11_,
        salesinfou0_.user_weight as user_wei4_11_ 
    from
        sales_info_user salesinfou0_ 
    where
        salesinfou0_.user_size=? 
        and salesinfou0_.user_weight=? 
        and salesinfou0_.user_height=?
C:\Users\user1\betweenourclothes\images\stores\stores-79d9f553-3f60-46d8-aca4-28c9db64b6fa.jpg
Hibernate: 
    insert 
    into
        clothes_image
        (closets_post_id, path, stores_post_id, type) 
    values
        (?, ?, ?, ?)
C:\Users\user1\betweenourclothes\images\stores\stores-df8dab46-f12d-4940-9dd0-0c0b67fd8a57.jpg
Hibernate: 
    insert 
    into
        clothes_image
        (closets_post_id, path, stores_post_id, type) 
    values
        (?, ?, ?, ?)
Hibernate: 
    insert 
    into
        stores
        (created_date, modified_date, author_id, clothes_info_id, colors_name, materials_name, style_name, clothes_length, content, price, sales_info_clothes_id, sales_info_status_id, sales_info_user_id, status, title) 
    values
        (?, ?, ?, ?, ?, ?, ?, ?, ?, ?, ?, ?, ?, ?, ?)
Hibernate: 
    update
        clothes_image 
    set
        closets_post_id=?,
        path=?,
        stores_post_id=?,
        type=? 
    where
        id=?
Hibernate: 
    update
        clothes_image 
    set
        closets_post_id=?,
        path=?,
        stores_post_id=?,
        type=? 
    where
        id=?
gunsong2@naver.com
Hibernate: 
    select
        members0_.id as id1_6_,
        members0_.email as email2_6_,
        members0_.image as image3_6_,
        members0_.name as name4_6_,
        members0_.nickname as nickname5_6_,
        members0_.password as password6_6_,
        members0_.phone as phone7_6_,
        members0_.refresh_token as refresh_8_6_,
        members0_.role as role9_6_ 
    from
        members members0_ 
    where
        members0_.email=?
Hibernate: 
    select
        style0_.id as id1_14_,
        style0_.name as name2_14_ 
    from
        style style0_ 
    where
        style0_.name=?
Hibernate: 
    select
        materials0_.id as id1_5_,
        materials0_.name as name2_5_ 
    from
        materials materials0_ 
    where
        materials0_.name=?
Hibernate: 
    select
        colors0_.id as id1_4_,
        colors0_.name as name2_4_ 
    from
        colors colors0_ 
    where
        colors0_.name=?
Hibernate: 
    select
        clothesinf0_.id as id1_2_,
        clothesinf0_.categoryl as category2_2_,
        clothesinf0_.categorys as category3_2_,
        clothesinf0_.fit as fit4_2_,
        clothesinf0_.length as length5_2_ 
    from
        clothes_info clothesinf0_ 
    where
        clothesinf0_.categoryl=? 
        and clothesinf0_.categorys=? 
        and clothesinf0_.length=? 
        and clothesinf0_.fit=?
Hibernate: 
    select
        salesinfoc0_.id as id1_9_,
        salesinfoc0_.clothes_brand as clothes_2_9_,
        salesinfoc0_.clothes_color as clothes_3_9_,
        salesinfoc0_.clothes_gender as clothes_4_9_,
        salesinfoc0_.clothes_size as clothes_5_9_ 
    from
        sales_info_clothes salesinfoc0_ 
    where
        salesinfoc0_.clothes_brand=? 
        and salesinfoc0_.clothes_gender=? 
        and salesinfoc0_.clothes_size=? 
        and salesinfoc0_.clothes_color=?
Hibernate: 
    select
        salesinfos0_.id as id1_10_,
        salesinfos0_.status_score as status_s2_10_,
        salesinfos0_.status_tag as status_t3_10_,
        salesinfos0_.status_times as status_t4_10_,
        salesinfos0_.status_when2buy as status_w5_10_,
        salesinfos0_.transport as transpor6_10_ 
    from
        sales_info_status salesinfos0_ 
    where
        salesinfos0_.status_tag=? 
        and salesinfos0_.status_score=? 
        and salesinfos0_.status_times=? 
        and salesinfos0_.status_when2buy=? 
        and salesinfos0_.transport=?
Hibernate: 
    select
        salesinfou0_.id as id1_11_,
        salesinfou0_.user_height as user_hei2_11_,
        salesinfou0_.user_size as user_siz3_11_,
        salesinfou0_.user_weight as user_wei4_11_ 
    from
        sales_info_user salesinfou0_ 
    where
        salesinfou0_.user_size=? 
        and salesinfou0_.user_weight=? 
        and salesinfou0_.user_height=?
C:\Users\user1\betweenourclothes\images\stores\stores-fce72484-4fc0-4c12-92b2-998e5f748dd4.jpg
Hibernate: 
    insert 
    into
        clothes_image
        (closets_post_id, path, stores_post_id, type) 
    values
        (?, ?, ?, ?)
C:\Users\user1\betweenourclothes\images\stores\stores-3fb8470e-14a8-484d-86ff-7516aabd154b.jpg
Hibernate: 
    insert 
    into
        clothes_image
        (closets_post_id, path, stores_post_id, type) 
    values
        (?, ?, ?, ?)
Hibernate: 
    insert 
    into
        stores
        (created_date, modified_date, author_id, clothes_info_id, colors_name, materials_name, style_name, clothes_length, content, price, sales_info_clothes_id, sales_info_status_id, sales_info_user_id, status, title) 
    values
        (?, ?, ?, ?, ?, ?, ?, ?, ?, ?, ?, ?, ?, ?, ?)
Hibernate: 
    update
        clothes_image 
    set
        closets_post_id=?,
        path=?,
        stores_post_id=?,
        type=? 
    where
        id=?
Hibernate: 
    update
        clothes_image 
    set
        closets_post_id=?,
        path=?,
        stores_post_id=?,
        type=? 
    where
        id=?
Hibernate: 
    select
        stores0_.id as id1_12_,
        stores0_.created_date as created_2_12_,
        stores0_.modified_date as modified3_12_,
        stores0_.author_id as author_i9_12_,
        stores0_.clothes_info_id as clothes10_12_,
        stores0_.colors_name as colors_11_12_,
        stores0_.materials_name as materia12_12_,
        stores0_.style_name as style_n13_12_,
        stores0_.clothes_length as clothes_4_12_,
        stores0_.content as content5_12_,
        stores0_.price as price6_12_,
        stores0_.sales_info_clothes_id as sales_i14_12_,
        stores0_.sales_info_status_id as sales_i15_12_,
        stores0_.sales_info_user_id as sales_i16_12_,
        stores0_.status as status7_12_,
        stores0_.title as title8_12_ 
    from
        stores stores0_
Hibernate: 
    select
        members0_.id as id1_6_0_,
        members0_.email as email2_6_0_,
        members0_.image as image3_6_0_,
        members0_.name as name4_6_0_,
        members0_.nickname as nickname5_6_0_,
        members0_.password as password6_6_0_,
        members0_.phone as phone7_6_0_,
        members0_.refresh_token as refresh_8_6_0_,
        members0_.role as role9_6_0_ 
    from
        members members0_ 
    where
        members0_.id=?
Hibernate: 
    select
        clothesinf0_.id as id1_2_0_,
        clothesinf0_.categoryl as category2_2_0_,
        clothesinf0_.categorys as category3_2_0_,
        clothesinf0_.fit as fit4_2_0_,
        clothesinf0_.length as length5_2_0_ 
    from
        clothes_info clothesinf0_ 
    where
        clothesinf0_.id=?
Hibernate: 
    select
        colors0_.id as id1_4_0_,
        colors0_.name as name2_4_0_ 
    from
        colors colors0_ 
    where
        colors0_.name=?
Hibernate: 
    select
        materials0_.id as id1_5_0_,
        materials0_.name as name2_5_0_ 
    from
        materials materials0_ 
    where
        materials0_.name=?
Hibernate: 
    select
        style0_.id as id1_14_0_,
        style0_.name as name2_14_0_ 
    from
        style style0_ 
    where
        style0_.name=?
Hibernate: 
    select
        salesinfoc0_.id as id1_9_0_,
        salesinfoc0_.clothes_brand as clothes_2_9_0_,
        salesinfoc0_.clothes_color as clothes_3_9_0_,
        salesinfoc0_.clothes_gender as clothes_4_9_0_,
        salesinfoc0_.clothes_size as clothes_5_9_0_ 
    from
        sales_info_clothes salesinfoc0_ 
    where
        salesinfoc0_.id=?
Hibernate: 
    select
        salesinfos0_.id as id1_10_0_,
        salesinfos0_.status_score as status_s2_10_0_,
        salesinfos0_.status_tag as status_t3_10_0_,
        salesinfos0_.status_times as status_t4_10_0_,
        salesinfos0_.status_when2buy as status_w5_10_0_,
        salesinfos0_.transport as transpor6_10_0_ 
    from
        sales_info_status salesinfos0_ 
    where
        salesinfos0_.id=?
Hibernate: 
    select
        salesinfou0_.id as id1_11_0_,
        salesinfou0_.user_height as user_hei2_11_0_,
        salesinfou0_.user_size as user_siz3_11_0_,
        salesinfou0_.user_weight as user_wei4_11_0_ 
    from
        sales_info_user salesinfou0_ 
    where
        salesinfou0_.id=?
Hibernate: 
    select
        clothesinf0_.id as id1_2_0_,
        clothesinf0_.categoryl as category2_2_0_,
        clothesinf0_.categorys as category3_2_0_,
        clothesinf0_.fit as fit4_2_0_,
        clothesinf0_.length as length5_2_0_ 
    from
        clothes_info clothesinf0_ 
    where
        clothesinf0_.id=?
Hibernate: 
    select
        colors0_.id as id1_4_0_,
        colors0_.name as name2_4_0_ 
    from
        colors colors0_ 
    where
        colors0_.name=?
Hibernate: 
    select
        materials0_.id as id1_5_0_,
        materials0_.name as name2_5_0_ 
    from
        materials materials0_ 
    where
        materials0_.name=?
Hibernate: 
    select
        style0_.id as id1_14_0_,
        style0_.name as name2_14_0_ 
    from
        style style0_ 
    where
        style0_.name=?
Hibernate: 
    select
        salesinfoc0_.id as id1_9_0_,
        salesinfoc0_.clothes_brand as clothes_2_9_0_,
        salesinfoc0_.clothes_color as clothes_3_9_0_,
        salesinfoc0_.clothes_gender as clothes_4_9_0_,
        salesinfoc0_.clothes_size as clothes_5_9_0_ 
    from
        sales_info_clothes salesinfoc0_ 
    where
        salesinfoc0_.id=?
Hibernate: 
    select
        salesinfos0_.id as id1_10_0_,
        salesinfos0_.status_score as status_s2_10_0_,
        salesinfos0_.status_tag as status_t3_10_0_,
        salesinfos0_.status_times as status_t4_10_0_,
        salesinfos0_.status_when2buy as status_w5_10_0_,
        salesinfos0_.transport as transpor6_10_0_ 
    from
        sales_info_status salesinfos0_ 
    where
        salesinfos0_.id=?
Hibernate: 
    select
        salesinfou0_.id as id1_11_0_,
        salesinfou0_.user_height as user_hei2_11_0_,
        salesinfou0_.user_size as user_siz3_11_0_,
        salesinfou0_.user_weight as user_wei4_11_0_ 
    from
        sales_info_user salesinfou0_ 
    where
        salesinfou0_.id=?
Hibernate: 
    select
        clothesinf0_.id as id1_2_0_,
        clothesinf0_.categoryl as category2_2_0_,
        clothesinf0_.categorys as category3_2_0_,
        clothesinf0_.fit as fit4_2_0_,
        clothesinf0_.length as length5_2_0_ 
    from
        clothes_info clothesinf0_ 
    where
        clothesinf0_.id=?
Hibernate: 
    select
        colors0_.id as id1_4_0_,
        colors0_.name as name2_4_0_ 
    from
        colors colors0_ 
    where
        colors0_.name=?
Hibernate: 
    select
        materials0_.id as id1_5_0_,
        materials0_.name as name2_5_0_ 
    from
        materials materials0_ 
    where
        materials0_.name=?
Hibernate: 
    select
        style0_.id as id1_14_0_,
        style0_.name as name2_14_0_ 
    from
        style style0_ 
    where
        style0_.name=?
Hibernate: 
    select
        salesinfoc0_.id as id1_9_0_,
        salesinfoc0_.clothes_brand as clothes_2_9_0_,
        salesinfoc0_.clothes_color as clothes_3_9_0_,
        salesinfoc0_.clothes_gender as clothes_4_9_0_,
        salesinfoc0_.clothes_size as clothes_5_9_0_ 
    from
        sales_info_clothes salesinfoc0_ 
    where
        salesinfoc0_.id=?
Hibernate: 
    select
        salesinfos0_.id as id1_10_0_,
        salesinfos0_.status_score as status_s2_10_0_,
        salesinfos0_.status_tag as status_t3_10_0_,
        salesinfos0_.status_times as status_t4_10_0_,
        salesinfos0_.status_when2buy as status_w5_10_0_,
        salesinfos0_.transport as transpor6_10_0_ 
    from
        sales_info_status salesinfos0_ 
    where
        salesinfos0_.id=?
Hibernate: 
    select
        salesinfou0_.id as id1_11_0_,
        salesinfou0_.user_height as user_hei2_11_0_,
        salesinfou0_.user_size as user_siz3_11_0_,
        salesinfou0_.user_weight as user_wei4_11_0_ 
    from
        sales_info_user salesinfou0_ 
    where
        salesinfou0_.id=?
Hibernate: 
    select
        clothesinf0_.id as id1_2_0_,
        clothesinf0_.categoryl as category2_2_0_,
        clothesinf0_.categorys as category3_2_0_,
        clothesinf0_.fit as fit4_2_0_,
        clothesinf0_.length as length5_2_0_ 
    from
        clothes_info clothesinf0_ 
    where
        clothesinf0_.id=?
Hibernate: 
    select
        colors0_.id as id1_4_0_,
        colors0_.name as name2_4_0_ 
    from
        colors colors0_ 
    where
        colors0_.name=?
Hibernate: 
    select
        materials0_.id as id1_5_0_,
        materials0_.name as name2_5_0_ 
    from
        materials materials0_ 
    where
        materials0_.name=?
Hibernate: 
    select
        style0_.id as id1_14_0_,
        style0_.name as name2_14_0_ 
    from
        style style0_ 
    where
        style0_.name=?
Hibernate: 
    select
        salesinfoc0_.id as id1_9_0_,
        salesinfoc0_.clothes_brand as clothes_2_9_0_,
        salesinfoc0_.clothes_color as clothes_3_9_0_,
        salesinfoc0_.clothes_gender as clothes_4_9_0_,
        salesinfoc0_.clothes_size as clothes_5_9_0_ 
    from
        sales_info_clothes salesinfoc0_ 
    where
        salesinfoc0_.id=?
Hibernate: 
    select
        salesinfos0_.id as id1_10_0_,
        salesinfos0_.status_score as status_s2_10_0_,
        salesinfos0_.status_tag as status_t3_10_0_,
        salesinfos0_.status_times as status_t4_10_0_,
        salesinfos0_.status_when2buy as status_w5_10_0_,
        salesinfos0_.transport as transpor6_10_0_ 
    from
        sales_info_status salesinfos0_ 
    where
        salesinfos0_.id=?
Hibernate: 
    select
        salesinfou0_.id as id1_11_0_,
        salesinfou0_.user_height as user_hei2_11_0_,
        salesinfou0_.user_size as user_siz3_11_0_,
        salesinfou0_.user_weight as user_wei4_11_0_ 
    from
        sales_info_user salesinfou0_ 
    where
        salesinfou0_.id=?
Hibernate: 
    select
        clothesinf0_.id as id1_2_0_,
        clothesinf0_.categoryl as category2_2_0_,
        clothesinf0_.categorys as category3_2_0_,
        clothesinf0_.fit as fit4_2_0_,
        clothesinf0_.length as length5_2_0_ 
    from
        clothes_info clothesinf0_ 
    where
        clothesinf0_.id=?
Hibernate: 
    select
        materials0_.id as id1_5_0_,
        materials0_.name as name2_5_0_ 
    from
        materials materials0_ 
    where
        materials0_.name=?
Hibernate: 
    select
        style0_.id as id1_14_0_,
        style0_.name as name2_14_0_ 
    from
        style style0_ 
    where
        style0_.name=?
Hibernate: 
    select
        salesinfoc0_.id as id1_9_0_,
        salesinfoc0_.clothes_brand as clothes_2_9_0_,
        salesinfoc0_.clothes_color as clothes_3_9_0_,
        salesinfoc0_.clothes_gender as clothes_4_9_0_,
        salesinfoc0_.clothes_size as clothes_5_9_0_ 
    from
        sales_info_clothes salesinfoc0_ 
    where
        salesinfoc0_.id=?
Hibernate: 
    select
        salesinfos0_.id as id1_10_0_,
        salesinfos0_.status_score as status_s2_10_0_,
        salesinfos0_.status_tag as status_t3_10_0_,
        salesinfos0_.status_times as status_t4_10_0_,
        salesinfos0_.status_when2buy as status_w5_10_0_,
        salesinfos0_.transport as transpor6_10_0_ 
    from
        sales_info_status salesinfos0_ 
    where
        salesinfos0_.id=?
Hibernate: 
    select
        salesinfou0_.id as id1_11_0_,
        salesinfou0_.user_height as user_hei2_11_0_,
        salesinfou0_.user_size as user_siz3_11_0_,
        salesinfou0_.user_weight as user_wei4_11_0_ 
    from
        sales_info_user salesinfou0_ 
    where
        salesinfou0_.id=?
Hibernate: 
    select
        clothesima0_.id as id1_3_,
        clothesima0_.closets_post_id as closets_4_3_,
        clothesima0_.path as path2_3_,
        clothesima0_.stores_post_id as stores_p5_3_,
        clothesima0_.type as type3_3_ 
    from
        clothes_image clothesima0_
Hibernate: 
    select
        stores0_.id as id1_12_0_,
        stores0_.created_date as created_2_12_0_,
        stores0_.modified_date as modified3_12_0_,
        stores0_.author_id as author_i9_12_0_,
        stores0_.clothes_info_id as clothes10_12_0_,
        stores0_.colors_name as colors_11_12_0_,
        stores0_.materials_name as materia12_12_0_,
        stores0_.style_name as style_n13_12_0_,
        stores0_.clothes_length as clothes_4_12_0_,
        stores0_.content as content5_12_0_,
        stores0_.price as price6_12_0_,
        stores0_.sales_info_clothes_id as sales_i14_12_0_,
        stores0_.sales_info_status_id as sales_i15_12_0_,
        stores0_.sales_info_user_id as sales_i16_12_0_,
        stores0_.status as status7_12_0_,
        stores0_.title as title8_12_0_,
        members1_.id as id1_6_1_,
        members1_.email as email2_6_1_,
        members1_.image as image3_6_1_,
        members1_.name as name4_6_1_,
        members1_.nickname as nickname5_6_1_,
        members1_.password as password6_6_1_,
        members1_.phone as phone7_6_1_,
        members1_.refresh_token as refresh_8_6_1_,
        members1_.role as role9_6_1_,
        clothesinf2_.id as id1_2_2_,
        clothesinf2_.categoryl as category2_2_2_,
        clothesinf2_.categorys as category3_2_2_,
        clothesinf2_.fit as fit4_2_2_,
        clothesinf2_.length as length5_2_2_,
        colors3_.id as id1_4_3_,
        colors3_.name as name2_4_3_,
        materials4_.id as id1_5_4_,
        materials4_.name as name2_5_4_,
        style5_.id as id1_14_5_,
        style5_.name as name2_14_5_,
        salesinfoc6_.id as id1_9_6_,
        salesinfoc6_.clothes_brand as clothes_2_9_6_,
        salesinfoc6_.clothes_color as clothes_3_9_6_,
        salesinfoc6_.clothes_gender as clothes_4_9_6_,
        salesinfoc6_.clothes_size as clothes_5_9_6_,
        salesinfos7_.id as id1_10_7_,
        salesinfos7_.status_score as status_s2_10_7_,
        salesinfos7_.status_tag as status_t3_10_7_,
        salesinfos7_.status_times as status_t4_10_7_,
        salesinfos7_.status_when2buy as status_w5_10_7_,
        salesinfos7_.transport as transpor6_10_7_,
        salesinfou8_.id as id1_11_8_,
        salesinfou8_.user_height as user_hei2_11_8_,
        salesinfou8_.user_size as user_siz3_11_8_,
        salesinfou8_.user_weight as user_wei4_11_8_ 
    from
        stores stores0_ 
    left outer join
        members members1_ 
            on stores0_.author_id=members1_.id 
    left outer join
        clothes_info clothesinf2_ 
            on stores0_.clothes_info_id=clothesinf2_.id 
    left outer join
        colors colors3_ 
            on stores0_.colors_name=colors3_.name 
    left outer join
        materials materials4_ 
            on stores0_.materials_name=materials4_.name 
    left outer join
        style style5_ 
            on stores0_.style_name=style5_.name 
    left outer join
        sales_info_clothes salesinfoc6_ 
            on stores0_.sales_info_clothes_id=salesinfoc6_.id 
    left outer join
        sales_info_status salesinfos7_ 
            on stores0_.sales_info_status_id=salesinfos7_.id 
    left outer join
        sales_info_user salesinfou8_ 
            on stores0_.sales_info_user_id=salesinfou8_.id 
    where
        stores0_.id=?
Hibernate: 
    select
        stores0_.id as id1_12_0_,
        stores0_.created_date as created_2_12_0_,
        stores0_.modified_date as modified3_12_0_,
        stores0_.author_id as author_i9_12_0_,
        stores0_.clothes_info_id as clothes10_12_0_,
        stores0_.colors_name as colors_11_12_0_,
        stores0_.materials_name as materia12_12_0_,
        stores0_.style_name as style_n13_12_0_,
        stores0_.clothes_length as clothes_4_12_0_,
        stores0_.content as content5_12_0_,
        stores0_.price as price6_12_0_,
        stores0_.sales_info_clothes_id as sales_i14_12_0_,
        stores0_.sales_info_status_id as sales_i15_12_0_,
        stores0_.sales_info_user_id as sales_i16_12_0_,
        stores0_.status as status7_12_0_,
        stores0_.title as title8_12_0_,
        members1_.id as id1_6_1_,
        members1_.email as email2_6_1_,
        members1_.image as image3_6_1_,
        members1_.name as name4_6_1_,
        members1_.nickname as nickname5_6_1_,
        members1_.password as password6_6_1_,
        members1_.phone as phone7_6_1_,
        members1_.refresh_token as refresh_8_6_1_,
        members1_.role as role9_6_1_,
        clothesinf2_.id as id1_2_2_,
        clothesinf2_.categoryl as category2_2_2_,
        clothesinf2_.categorys as category3_2_2_,
        clothesinf2_.fit as fit4_2_2_,
        clothesinf2_.length as length5_2_2_,
        colors3_.id as id1_4_3_,
        colors3_.name as name2_4_3_,
        materials4_.id as id1_5_4_,
        materials4_.name as name2_5_4_,
        style5_.id as id1_14_5_,
        style5_.name as name2_14_5_,
        salesinfoc6_.id as id1_9_6_,
        salesinfoc6_.clothes_brand as clothes_2_9_6_,
        salesinfoc6_.clothes_color as clothes_3_9_6_,
        salesinfoc6_.clothes_gender as clothes_4_9_6_,
        salesinfoc6_.clothes_size as clothes_5_9_6_,
        salesinfos7_.id as id1_10_7_,
        salesinfos7_.status_score as status_s2_10_7_,
        salesinfos7_.status_tag as status_t3_10_7_,
        salesinfos7_.status_times as status_t4_10_7_,
        salesinfos7_.status_when2buy as status_w5_10_7_,
        salesinfos7_.transport as transpor6_10_7_,
        salesinfou8_.id as id1_11_8_,
        salesinfou8_.user_height as user_hei2_11_8_,
        salesinfou8_.user_size as user_siz3_11_8_,
        salesinfou8_.user_weight as user_wei4_11_8_ 
    from
        stores stores0_ 
    left outer join
        members members1_ 
            on stores0_.author_id=members1_.id 
    left outer join
        clothes_info clothesinf2_ 
            on stores0_.clothes_info_id=clothesinf2_.id 
    left outer join
        colors colors3_ 
            on stores0_.colors_name=colors3_.name 
    left outer join
        materials materials4_ 
            on stores0_.materials_name=materials4_.name 
    left outer join
        style style5_ 
            on stores0_.style_name=style5_.name 
    left outer join
        sales_info_clothes salesinfoc6_ 
            on stores0_.sales_info_clothes_id=salesinfoc6_.id 
    left outer join
        sales_info_status salesinfos7_ 
            on stores0_.sales_info_status_id=salesinfos7_.id 
    left outer join
        sales_info_user salesinfou8_ 
            on stores0_.sales_info_user_id=salesinfou8_.id 
    where
        stores0_.id=?
Hibernate: 
    select
        stores0_.id as id1_12_0_,
        stores0_.created_date as created_2_12_0_,
        stores0_.modified_date as modified3_12_0_,
        stores0_.author_id as author_i9_12_0_,
        stores0_.clothes_info_id as clothes10_12_0_,
        stores0_.colors_name as colors_11_12_0_,
        stores0_.materials_name as materia12_12_0_,
        stores0_.style_name as style_n13_12_0_,
        stores0_.clothes_length as clothes_4_12_0_,
        stores0_.content as content5_12_0_,
        stores0_.price as price6_12_0_,
        stores0_.sales_info_clothes_id as sales_i14_12_0_,
        stores0_.sales_info_status_id as sales_i15_12_0_,
        stores0_.sales_info_user_id as sales_i16_12_0_,
        stores0_.status as status7_12_0_,
        stores0_.title as title8_12_0_,
        members1_.id as id1_6_1_,
        members1_.email as email2_6_1_,
        members1_.image as image3_6_1_,
        members1_.name as name4_6_1_,
        members1_.nickname as nickname5_6_1_,
        members1_.password as password6_6_1_,
        members1_.phone as phone7_6_1_,
        members1_.refresh_token as refresh_8_6_1_,
        members1_.role as role9_6_1_,
        clothesinf2_.id as id1_2_2_,
        clothesinf2_.categoryl as category2_2_2_,
        clothesinf2_.categorys as category3_2_2_,
        clothesinf2_.fit as fit4_2_2_,
        clothesinf2_.length as length5_2_2_,
        colors3_.id as id1_4_3_,
        colors3_.name as name2_4_3_,
        materials4_.id as id1_5_4_,
        materials4_.name as name2_5_4_,
        style5_.id as id1_14_5_,
        style5_.name as name2_14_5_,
        salesinfoc6_.id as id1_9_6_,
        salesinfoc6_.clothes_brand as clothes_2_9_6_,
        salesinfoc6_.clothes_color as clothes_3_9_6_,
        salesinfoc6_.clothes_gender as clothes_4_9_6_,
        salesinfoc6_.clothes_size as clothes_5_9_6_,
        salesinfos7_.id as id1_10_7_,
        salesinfos7_.status_score as status_s2_10_7_,
        salesinfos7_.status_tag as status_t3_10_7_,
        salesinfos7_.status_times as status_t4_10_7_,
        salesinfos7_.status_when2buy as status_w5_10_7_,
        salesinfos7_.transport as transpor6_10_7_,
        salesinfou8_.id as id1_11_8_,
        salesinfou8_.user_height as user_hei2_11_8_,
        salesinfou8_.user_size as user_siz3_11_8_,
        salesinfou8_.user_weight as user_wei4_11_8_ 
    from
        stores stores0_ 
    left outer join
        members members1_ 
            on stores0_.author_id=members1_.id 
    left outer join
        clothes_info clothesinf2_ 
            on stores0_.clothes_info_id=clothesinf2_.id 
    left outer join
        colors colors3_ 
            on stores0_.colors_name=colors3_.name 
    left outer join
        materials materials4_ 
            on stores0_.materials_name=materials4_.name 
    left outer join
        style style5_ 
            on stores0_.style_name=style5_.name 
    left outer join
        sales_info_clothes salesinfoc6_ 
            on stores0_.sales_info_clothes_id=salesinfoc6_.id 
    left outer join
        sales_info_status salesinfos7_ 
            on stores0_.sales_info_status_id=salesinfos7_.id 
    left outer join
        sales_info_user salesinfou8_ 
            on stores0_.sales_info_user_id=salesinfou8_.id 
    where
        stores0_.id=?
Hibernate: 
    select
        stores0_.id as id1_12_0_,
        stores0_.created_date as created_2_12_0_,
        stores0_.modified_date as modified3_12_0_,
        stores0_.author_id as author_i9_12_0_,
        stores0_.clothes_info_id as clothes10_12_0_,
        stores0_.colors_name as colors_11_12_0_,
        stores0_.materials_name as materia12_12_0_,
        stores0_.style_name as style_n13_12_0_,
        stores0_.clothes_length as clothes_4_12_0_,
        stores0_.content as content5_12_0_,
        stores0_.price as price6_12_0_,
        stores0_.sales_info_clothes_id as sales_i14_12_0_,
        stores0_.sales_info_status_id as sales_i15_12_0_,
        stores0_.sales_info_user_id as sales_i16_12_0_,
        stores0_.status as status7_12_0_,
        stores0_.title as title8_12_0_,
        members1_.id as id1_6_1_,
        members1_.email as email2_6_1_,
        members1_.image as image3_6_1_,
        members1_.name as name4_6_1_,
        members1_.nickname as nickname5_6_1_,
        members1_.password as password6_6_1_,
        members1_.phone as phone7_6_1_,
        members1_.refresh_token as refresh_8_6_1_,
        members1_.role as role9_6_1_,
        clothesinf2_.id as id1_2_2_,
        clothesinf2_.categoryl as category2_2_2_,
        clothesinf2_.categorys as category3_2_2_,
        clothesinf2_.fit as fit4_2_2_,
        clothesinf2_.length as length5_2_2_,
        colors3_.id as id1_4_3_,
        colors3_.name as name2_4_3_,
        materials4_.id as id1_5_4_,
        materials4_.name as name2_5_4_,
        style5_.id as id1_14_5_,
        style5_.name as name2_14_5_,
        salesinfoc6_.id as id1_9_6_,
        salesinfoc6_.clothes_brand as clothes_2_9_6_,
        salesinfoc6_.clothes_color as clothes_3_9_6_,
        salesinfoc6_.clothes_gender as clothes_4_9_6_,
        salesinfoc6_.clothes_size as clothes_5_9_6_,
        salesinfos7_.id as id1_10_7_,
        salesinfos7_.status_score as status_s2_10_7_,
        salesinfos7_.status_tag as status_t3_10_7_,
        salesinfos7_.status_times as status_t4_10_7_,
        salesinfos7_.status_when2buy as status_w5_10_7_,
        salesinfos7_.transport as transpor6_10_7_,
        salesinfou8_.id as id1_11_8_,
        salesinfou8_.user_height as user_hei2_11_8_,
        salesinfou8_.user_size as user_siz3_11_8_,
        salesinfou8_.user_weight as user_wei4_11_8_ 
    from
        stores stores0_ 
    left outer join
        members members1_ 
            on stores0_.author_id=members1_.id 
    left outer join
        clothes_info clothesinf2_ 
            on stores0_.clothes_info_id=clothesinf2_.id 
    left outer join
        colors colors3_ 
            on stores0_.colors_name=colors3_.name 
    left outer join
        materials materials4_ 
            on stores0_.materials_name=materials4_.name 
    left outer join
        style style5_ 
            on stores0_.style_name=style5_.name 
    left outer join
        sales_info_clothes salesinfoc6_ 
            on stores0_.sales_info_clothes_id=salesinfoc6_.id 
    left outer join
        sales_info_status salesinfos7_ 
            on stores0_.sales_info_status_id=salesinfos7_.id 
    left outer join
        sales_info_user salesinfou8_ 
            on stores0_.sales_info_user_id=salesinfou8_.id 
    where
        stores0_.id=?
Hibernate: 
    select
        stores0_.id as id1_12_0_,
        stores0_.created_date as created_2_12_0_,
        stores0_.modified_date as modified3_12_0_,
        stores0_.author_id as author_i9_12_0_,
        stores0_.clothes_info_id as clothes10_12_0_,
        stores0_.colors_name as colors_11_12_0_,
        stores0_.materials_name as materia12_12_0_,
        stores0_.style_name as style_n13_12_0_,
        stores0_.clothes_length as clothes_4_12_0_,
        stores0_.content as content5_12_0_,
        stores0_.price as price6_12_0_,
        stores0_.sales_info_clothes_id as sales_i14_12_0_,
        stores0_.sales_info_status_id as sales_i15_12_0_,
        stores0_.sales_info_user_id as sales_i16_12_0_,
        stores0_.status as status7_12_0_,
        stores0_.title as title8_12_0_,
        members1_.id as id1_6_1_,
        members1_.email as email2_6_1_,
        members1_.image as image3_6_1_,
        members1_.name as name4_6_1_,
        members1_.nickname as nickname5_6_1_,
        members1_.password as password6_6_1_,
        members1_.phone as phone7_6_1_,
        members1_.refresh_token as refresh_8_6_1_,
        members1_.role as role9_6_1_,
        clothesinf2_.id as id1_2_2_,
        clothesinf2_.categoryl as category2_2_2_,
        clothesinf2_.categorys as category3_2_2_,
        clothesinf2_.fit as fit4_2_2_,
        clothesinf2_.length as length5_2_2_,
        colors3_.id as id1_4_3_,
        colors3_.name as name2_4_3_,
        materials4_.id as id1_5_4_,
        materials4_.name as name2_5_4_,
        style5_.id as id1_14_5_,
        style5_.name as name2_14_5_,
        salesinfoc6_.id as id1_9_6_,
        salesinfoc6_.clothes_brand as clothes_2_9_6_,
        salesinfoc6_.clothes_color as clothes_3_9_6_,
        salesinfoc6_.clothes_gender as clothes_4_9_6_,
        salesinfoc6_.clothes_size as clothes_5_9_6_,
        salesinfos7_.id as id1_10_7_,
        salesinfos7_.status_score as status_s2_10_7_,
        salesinfos7_.status_tag as status_t3_10_7_,
        salesinfos7_.status_times as status_t4_10_7_,
        salesinfos7_.status_when2buy as status_w5_10_7_,
        salesinfos7_.transport as transpor6_10_7_,
        salesinfou8_.id as id1_11_8_,
        salesinfou8_.user_height as user_hei2_11_8_,
        salesinfou8_.user_size as user_siz3_11_8_,
        salesinfou8_.user_weight as user_wei4_11_8_ 
    from
        stores stores0_ 
    left outer join
        members members1_ 
            on stores0_.author_id=members1_.id 
    left outer join
        clothes_info clothesinf2_ 
            on stores0_.clothes_info_id=clothesinf2_.id 
    left outer join
        colors colors3_ 
            on stores0_.colors_name=colors3_.name 
    left outer join
        materials materials4_ 
            on stores0_.materials_name=materials4_.name 
    left outer join
        style style5_ 
            on stores0_.style_name=style5_.name 
    left outer join
        sales_info_clothes salesinfoc6_ 
            on stores0_.sales_info_clothes_id=salesinfoc6_.id 
    left outer join
        sales_info_status salesinfos7_ 
            on stores0_.sales_info_status_id=salesinfos7_.id 
    left outer join
        sales_info_user salesinfou8_ 
            on stores0_.sales_info_user_id=salesinfou8_.id 
    where
        stores0_.id=?
2022-11-19 10:45:45.707  INFO 20040 --- [    Test worker] o.a.c.c.C.[Tomcat].[localhost].[/]       : Initializing Spring TestDispatcherServlet ''
2022-11-19 10:45:45.707  INFO 20040 --- [    Test worker] o.s.t.web.servlet.TestDispatcherServlet  : Initializing Servlet ''
2022-11-19 10:45:45.715  INFO 20040 --- [    Test worker] o.s.t.web.servlet.TestDispatcherServlet  : Completed initialization in 8 ms
gunsong2@naver.com
Hibernate: 
    select
        members0_.id as id1_6_,
        members0_.email as email2_6_,
        members0_.image as image3_6_,
        members0_.name as name4_6_,
        members0_.nickname as nickname5_6_,
        members0_.password as password6_6_,
        members0_.phone as phone7_6_,
        members0_.refresh_token as refresh_8_6_,
        members0_.role as role9_6_ 
    from
        members members0_ 
    where
        members0_.email=?
Hibernate: 
    select
        stores0_.id as id1_12_0_,
        stores0_.created_date as created_2_12_0_,
        stores0_.modified_date as modified3_12_0_,
        stores0_.author_id as author_i9_12_0_,
        stores0_.clothes_info_id as clothes10_12_0_,
        stores0_.colors_name as colors_11_12_0_,
        stores0_.materials_name as materia12_12_0_,
        stores0_.style_name as style_n13_12_0_,
        stores0_.clothes_length as clothes_4_12_0_,
        stores0_.content as content5_12_0_,
        stores0_.price as price6_12_0_,
        stores0_.sales_info_clothes_id as sales_i14_12_0_,
        stores0_.sales_info_status_id as sales_i15_12_0_,
        stores0_.sales_info_user_id as sales_i16_12_0_,
        stores0_.status as status7_12_0_,
        stores0_.title as title8_12_0_,
        members1_.id as id1_6_1_,
        members1_.email as email2_6_1_,
        members1_.image as image3_6_1_,
        members1_.name as name4_6_1_,
        members1_.nickname as nickname5_6_1_,
        members1_.password as password6_6_1_,
        members1_.phone as phone7_6_1_,
        members1_.refresh_token as refresh_8_6_1_,
        members1_.role as role9_6_1_,
        clothesinf2_.id as id1_2_2_,
        clothesinf2_.categoryl as category2_2_2_,
        clothesinf2_.categorys as category3_2_2_,
        clothesinf2_.fit as fit4_2_2_,
        clothesinf2_.length as length5_2_2_,
        colors3_.id as id1_4_3_,
        colors3_.name as name2_4_3_,
        materials4_.id as id1_5_4_,
        materials4_.name as name2_5_4_,
        style5_.id as id1_14_5_,
        style5_.name as name2_14_5_,
        salesinfoc6_.id as id1_9_6_,
        salesinfoc6_.clothes_brand as clothes_2_9_6_,
        salesinfoc6_.clothes_color as clothes_3_9_6_,
        salesinfoc6_.clothes_gender as clothes_4_9_6_,
        salesinfoc6_.clothes_size as clothes_5_9_6_,
        salesinfos7_.id as id1_10_7_,
        salesinfos7_.status_score as status_s2_10_7_,
        salesinfos7_.status_tag as status_t3_10_7_,
        salesinfos7_.status_times as status_t4_10_7_,
        salesinfos7_.status_when2buy as status_w5_10_7_,
        salesinfos7_.transport as transpor6_10_7_,
        salesinfou8_.id as id1_11_8_,
        salesinfou8_.user_height as user_hei2_11_8_,
        salesinfou8_.user_size as user_siz3_11_8_,
        salesinfou8_.user_weight as user_wei4_11_8_ 
    from
        stores stores0_ 
    left outer join
        members members1_ 
            on stores0_.author_id=members1_.id 
    left outer join
        clothes_info clothesinf2_ 
            on stores0_.clothes_info_id=clothesinf2_.id 
    left outer join
        colors colors3_ 
            on stores0_.colors_name=colors3_.name 
    left outer join
        materials materials4_ 
            on stores0_.materials_name=materials4_.name 
    left outer join
        style style5_ 
            on stores0_.style_name=style5_.name 
    left outer join
        sales_info_clothes salesinfoc6_ 
            on stores0_.sales_info_clothes_id=salesinfoc6_.id 
    left outer join
        sales_info_status salesinfos7_ 
            on stores0_.sales_info_status_id=salesinfos7_.id 
    left outer join
        sales_info_user salesinfou8_ 
            on stores0_.sales_info_user_id=salesinfou8_.id 
    where
        stores0_.id=?
Hibernate: 
    insert 
    into
        stores_comments
        (created_date, modified_date, content, user_id, post_id) 
    values
        (?, ?, ?, ?, ?)
gunsong2@naver.com
Hibernate: 
    select
        members0_.id as id1_6_,
        members0_.email as email2_6_,
        members0_.image as image3_6_,
        members0_.name as name4_6_,
        members0_.nickname as nickname5_6_,
        members0_.password as password6_6_,
        members0_.phone as phone7_6_,
        members0_.refresh_token as refresh_8_6_,
        members0_.role as role9_6_ 
    from
        members members0_ 
    where
        members0_.email=?
Hibernate: 
    select
        stores0_.id as id1_12_0_,
        stores0_.created_date as created_2_12_0_,
        stores0_.modified_date as modified3_12_0_,
        stores0_.author_id as author_i9_12_0_,
        stores0_.clothes_info_id as clothes10_12_0_,
        stores0_.colors_name as colors_11_12_0_,
        stores0_.materials_name as materia12_12_0_,
        stores0_.style_name as style_n13_12_0_,
        stores0_.clothes_length as clothes_4_12_0_,
        stores0_.content as content5_12_0_,
        stores0_.price as price6_12_0_,
        stores0_.sales_info_clothes_id as sales_i14_12_0_,
        stores0_.sales_info_status_id as sales_i15_12_0_,
        stores0_.sales_info_user_id as sales_i16_12_0_,
        stores0_.status as status7_12_0_,
        stores0_.title as title8_12_0_,
        members1_.id as id1_6_1_,
        members1_.email as email2_6_1_,
        members1_.image as image3_6_1_,
        members1_.name as name4_6_1_,
        members1_.nickname as nickname5_6_1_,
        members1_.password as password6_6_1_,
        members1_.phone as phone7_6_1_,
        members1_.refresh_token as refresh_8_6_1_,
        members1_.role as role9_6_1_,
        clothesinf2_.id as id1_2_2_,
        clothesinf2_.categoryl as category2_2_2_,
        clothesinf2_.categorys as category3_2_2_,
        clothesinf2_.fit as fit4_2_2_,
        clothesinf2_.length as length5_2_2_,
        colors3_.id as id1_4_3_,
        colors3_.name as name2_4_3_,
        materials4_.id as id1_5_4_,
        materials4_.name as name2_5_4_,
        style5_.id as id1_14_5_,
        style5_.name as name2_14_5_,
        salesinfoc6_.id as id1_9_6_,
        salesinfoc6_.clothes_brand as clothes_2_9_6_,
        salesinfoc6_.clothes_color as clothes_3_9_6_,
        salesinfoc6_.clothes_gender as clothes_4_9_6_,
        salesinfoc6_.clothes_size as clothes_5_9_6_,
        salesinfos7_.id as id1_10_7_,
        salesinfos7_.status_score as status_s2_10_7_,
        salesinfos7_.status_tag as status_t3_10_7_,
        salesinfos7_.status_times as status_t4_10_7_,
        salesinfos7_.status_when2buy as status_w5_10_7_,
        salesinfos7_.transport as transpor6_10_7_,
        salesinfou8_.id as id1_11_8_,
        salesinfou8_.user_height as user_hei2_11_8_,
        salesinfou8_.user_size as user_siz3_11_8_,
        salesinfou8_.user_weight as user_wei4_11_8_ 
    from
        stores stores0_ 
    left outer join
        members members1_ 
            on stores0_.author_id=members1_.id 
    left outer join
        clothes_info clothesinf2_ 
            on stores0_.clothes_info_id=clothesinf2_.id 
    left outer join
        colors colors3_ 
            on stores0_.colors_name=colors3_.name 
    left outer join
        materials materials4_ 
            on stores0_.materials_name=materials4_.name 
    left outer join
        style style5_ 
            on stores0_.style_name=style5_.name 
    left outer join
        sales_info_clothes salesinfoc6_ 
            on stores0_.sales_info_clothes_id=salesinfoc6_.id 
    left outer join
        sales_info_status salesinfos7_ 
            on stores0_.sales_info_status_id=salesinfos7_.id 
    left outer join
        sales_info_user salesinfou8_ 
            on stores0_.sales_info_user_id=salesinfou8_.id 
    where
        stores0_.id=?
Hibernate: 
    insert 
    into
        stores_comments
        (created_date, modified_date, content, user_id, post_id) 
    values
        (?, ?, ?, ?, ?)
gunsong2@naver.com
Hibernate: 
    select
        members0_.id as id1_6_,
        members0_.email as email2_6_,
        members0_.image as image3_6_,
        members0_.name as name4_6_,
        members0_.nickname as nickname5_6_,
        members0_.password as password6_6_,
        members0_.phone as phone7_6_,
        members0_.refresh_token as refresh_8_6_,
        members0_.role as role9_6_ 
    from
        members members0_ 
    where
        members0_.email=?
Hibernate: 
    select
        stores0_.id as id1_12_0_,
        stores0_.created_date as created_2_12_0_,
        stores0_.modified_date as modified3_12_0_,
        stores0_.author_id as author_i9_12_0_,
        stores0_.clothes_info_id as clothes10_12_0_,
        stores0_.colors_name as colors_11_12_0_,
        stores0_.materials_name as materia12_12_0_,
        stores0_.style_name as style_n13_12_0_,
        stores0_.clothes_length as clothes_4_12_0_,
        stores0_.content as content5_12_0_,
        stores0_.price as price6_12_0_,
        stores0_.sales_info_clothes_id as sales_i14_12_0_,
        stores0_.sales_info_status_id as sales_i15_12_0_,
        stores0_.sales_info_user_id as sales_i16_12_0_,
        stores0_.status as status7_12_0_,
        stores0_.title as title8_12_0_,
        members1_.id as id1_6_1_,
        members1_.email as email2_6_1_,
        members1_.image as image3_6_1_,
        members1_.name as name4_6_1_,
        members1_.nickname as nickname5_6_1_,
        members1_.password as password6_6_1_,
        members1_.phone as phone7_6_1_,
        members1_.refresh_token as refresh_8_6_1_,
        members1_.role as role9_6_1_,
        clothesinf2_.id as id1_2_2_,
        clothesinf2_.categoryl as category2_2_2_,
        clothesinf2_.categorys as category3_2_2_,
        clothesinf2_.fit as fit4_2_2_,
        clothesinf2_.length as length5_2_2_,
        colors3_.id as id1_4_3_,
        colors3_.name as name2_4_3_,
        materials4_.id as id1_5_4_,
        materials4_.name as name2_5_4_,
        style5_.id as id1_14_5_,
        style5_.name as name2_14_5_,
        salesinfoc6_.id as id1_9_6_,
        salesinfoc6_.clothes_brand as clothes_2_9_6_,
        salesinfoc6_.clothes_color as clothes_3_9_6_,
        salesinfoc6_.clothes_gender as clothes_4_9_6_,
        salesinfoc6_.clothes_size as clothes_5_9_6_,
        salesinfos7_.id as id1_10_7_,
        salesinfos7_.status_score as status_s2_10_7_,
        salesinfos7_.status_tag as status_t3_10_7_,
        salesinfos7_.status_times as status_t4_10_7_,
        salesinfos7_.status_when2buy as status_w5_10_7_,
        salesinfos7_.transport as transpor6_10_7_,
        salesinfou8_.id as id1_11_8_,
        salesinfou8_.user_height as user_hei2_11_8_,
        salesinfou8_.user_size as user_siz3_11_8_,
        salesinfou8_.user_weight as user_wei4_11_8_ 
    from
        stores stores0_ 
    left outer join
        members members1_ 
            on stores0_.author_id=members1_.id 
    left outer join
        clothes_info clothesinf2_ 
            on stores0_.clothes_info_id=clothesinf2_.id 
    left outer join
        colors colors3_ 
            on stores0_.colors_name=colors3_.name 
    left outer join
        materials materials4_ 
            on stores0_.materials_name=materials4_.name 
    left outer join
        style style5_ 
            on stores0_.style_name=style5_.name 
    left outer join
        sales_info_clothes salesinfoc6_ 
            on stores0_.sales_info_clothes_id=salesinfoc6_.id 
    left outer join
        sales_info_status salesinfos7_ 
            on stores0_.sales_info_status_id=salesinfos7_.id 
    left outer join
        sales_info_user salesinfou8_ 
            on stores0_.sales_info_user_id=salesinfou8_.id 
    where
        stores0_.id=?
Hibernate: 
    insert 
    into
        stores_comments
        (created_date, modified_date, content, user_id, post_id) 
    values
        (?, ?, ?, ?, ?)
gunsong2@naver.com
Hibernate: 
    select
        members0_.id as id1_6_,
        members0_.email as email2_6_,
        members0_.image as image3_6_,
        members0_.name as name4_6_,
        members0_.nickname as nickname5_6_,
        members0_.password as password6_6_,
        members0_.phone as phone7_6_,
        members0_.refresh_token as refresh_8_6_,
        members0_.role as role9_6_ 
    from
        members members0_ 
    where
        members0_.email=?
Hibernate: 
    select
        stores0_.id as id1_12_0_,
        stores0_.created_date as created_2_12_0_,
        stores0_.modified_date as modified3_12_0_,
        stores0_.author_id as author_i9_12_0_,
        stores0_.clothes_info_id as clothes10_12_0_,
        stores0_.colors_name as colors_11_12_0_,
        stores0_.materials_name as materia12_12_0_,
        stores0_.style_name as style_n13_12_0_,
        stores0_.clothes_length as clothes_4_12_0_,
        stores0_.content as content5_12_0_,
        stores0_.price as price6_12_0_,
        stores0_.sales_info_clothes_id as sales_i14_12_0_,
        stores0_.sales_info_status_id as sales_i15_12_0_,
        stores0_.sales_info_user_id as sales_i16_12_0_,
        stores0_.status as status7_12_0_,
        stores0_.title as title8_12_0_,
        members1_.id as id1_6_1_,
        members1_.email as email2_6_1_,
        members1_.image as image3_6_1_,
        members1_.name as name4_6_1_,
        members1_.nickname as nickname5_6_1_,
        members1_.password as password6_6_1_,
        members1_.phone as phone7_6_1_,
        members1_.refresh_token as refresh_8_6_1_,
        members1_.role as role9_6_1_,
        clothesinf2_.id as id1_2_2_,
        clothesinf2_.categoryl as category2_2_2_,
        clothesinf2_.categorys as category3_2_2_,
        clothesinf2_.fit as fit4_2_2_,
        clothesinf2_.length as length5_2_2_,
        colors3_.id as id1_4_3_,
        colors3_.name as name2_4_3_,
        materials4_.id as id1_5_4_,
        materials4_.name as name2_5_4_,
        style5_.id as id1_14_5_,
        style5_.name as name2_14_5_,
        salesinfoc6_.id as id1_9_6_,
        salesinfoc6_.clothes_brand as clothes_2_9_6_,
        salesinfoc6_.clothes_color as clothes_3_9_6_,
        salesinfoc6_.clothes_gender as clothes_4_9_6_,
        salesinfoc6_.clothes_size as clothes_5_9_6_,
        salesinfos7_.id as id1_10_7_,
        salesinfos7_.status_score as status_s2_10_7_,
        salesinfos7_.status_tag as status_t3_10_7_,
        salesinfos7_.status_times as status_t4_10_7_,
        salesinfos7_.status_when2buy as status_w5_10_7_,
        salesinfos7_.transport as transpor6_10_7_,
        salesinfou8_.id as id1_11_8_,
        salesinfou8_.user_height as user_hei2_11_8_,
        salesinfou8_.user_size as user_siz3_11_8_,
        salesinfou8_.user_weight as user_wei4_11_8_ 
    from
        stores stores0_ 
    left outer join
        members members1_ 
            on stores0_.author_id=members1_.id 
    left outer join
        clothes_info clothesinf2_ 
            on stores0_.clothes_info_id=clothesinf2_.id 
    left outer join
        colors colors3_ 
            on stores0_.colors_name=colors3_.name 
    left outer join
        materials materials4_ 
            on stores0_.materials_name=materials4_.name 
    left outer join
        style style5_ 
            on stores0_.style_name=style5_.name 
    left outer join
        sales_info_clothes salesinfoc6_ 
            on stores0_.sales_info_clothes_id=salesinfoc6_.id 
    left outer join
        sales_info_status salesinfos7_ 
            on stores0_.sales_info_status_id=salesinfos7_.id 
    left outer join
        sales_info_user salesinfou8_ 
            on stores0_.sales_info_user_id=salesinfou8_.id 
    where
        stores0_.id=?
Hibernate: 
    select
        storescomm0_.content as col_0_0_,
        members1_.nickname as col_1_0_,
        storescomm0_.created_date as col_2_0_,
        members1_.image as col_3_0_ 
    from
        stores_comments storescomm0_ cross 
    join
        members members1_ 
    where
        storescomm0_.user_id=members1_.id 
        and storescomm0_.post_id=? 
        and storescomm0_.user_id=? 
    order by
        storescomm0_.created_date asc limit ?
gunsong2@naver.com
Hibernate: 
    select
        members0_.id as id1_6_,
        members0_.email as email2_6_,
        members0_.image as image3_6_,
        members0_.name as name4_6_,
        members0_.nickname as nickname5_6_,
        members0_.password as password6_6_,
        members0_.phone as phone7_6_,
        members0_.refresh_token as refresh_8_6_,
        members0_.role as role9_6_ 
    from
        members members0_ 
    where
        members0_.email=?
Hibernate: 
    select
        stores0_.id as id1_12_0_,
        stores0_.created_date as created_2_12_0_,
        stores0_.modified_date as modified3_12_0_,
        stores0_.author_id as author_i9_12_0_,
        stores0_.clothes_info_id as clothes10_12_0_,
        stores0_.colors_name as colors_11_12_0_,
        stores0_.materials_name as materia12_12_0_,
        stores0_.style_name as style_n13_12_0_,
        stores0_.clothes_length as clothes_4_12_0_,
        stores0_.content as content5_12_0_,
        stores0_.price as price6_12_0_,
        stores0_.sales_info_clothes_id as sales_i14_12_0_,
        stores0_.sales_info_status_id as sales_i15_12_0_,
        stores0_.sales_info_user_id as sales_i16_12_0_,
        stores0_.status as status7_12_0_,
        stores0_.title as title8_12_0_,
        members1_.id as id1_6_1_,
        members1_.email as email2_6_1_,
        members1_.image as image3_6_1_,
        members1_.name as name4_6_1_,
        members1_.nickname as nickname5_6_1_,
        members1_.password as password6_6_1_,
        members1_.phone as phone7_6_1_,
        members1_.refresh_token as refresh_8_6_1_,
        members1_.role as role9_6_1_,
        clothesinf2_.id as id1_2_2_,
        clothesinf2_.categoryl as category2_2_2_,
        clothesinf2_.categorys as category3_2_2_,
        clothesinf2_.fit as fit4_2_2_,
        clothesinf2_.length as length5_2_2_,
        colors3_.id as id1_4_3_,
        colors3_.name as name2_4_3_,
        materials4_.id as id1_5_4_,
        materials4_.name as name2_5_4_,
        style5_.id as id1_14_5_,
        style5_.name as name2_14_5_,
        salesinfoc6_.id as id1_9_6_,
        salesinfoc6_.clothes_brand as clothes_2_9_6_,
        salesinfoc6_.clothes_color as clothes_3_9_6_,
        salesinfoc6_.clothes_gender as clothes_4_9_6_,
        salesinfoc6_.clothes_size as clothes_5_9_6_,
        salesinfos7_.id as id1_10_7_,
        salesinfos7_.status_score as status_s2_10_7_,
        salesinfos7_.status_tag as status_t3_10_7_,
        salesinfos7_.status_times as status_t4_10_7_,
        salesinfos7_.status_when2buy as status_w5_10_7_,
        salesinfos7_.transport as transpor6_10_7_,
        salesinfou8_.id as id1_11_8_,
        salesinfou8_.user_height as user_hei2_11_8_,
        salesinfou8_.user_size as user_siz3_11_8_,
        salesinfou8_.user_weight as user_wei4_11_8_ 
    from
        stores stores0_ 
    left outer join
        members members1_ 
            on stores0_.author_id=members1_.id 
    left outer join
        clothes_info clothesinf2_ 
            on stores0_.clothes_info_id=clothesinf2_.id 
    left outer join
        colors colors3_ 
            on stores0_.colors_name=colors3_.name 
    left outer join
        materials materials4_ 
            on stores0_.materials_name=materials4_.name 
    left outer join
        style style5_ 
            on stores0_.style_name=style5_.name 
    left outer join
        sales_info_clothes salesinfoc6_ 
            on stores0_.sales_info_clothes_id=salesinfoc6_.id 
    left outer join
        sales_info_status salesinfos7_ 
            on stores0_.sales_info_status_id=salesinfos7_.id 
    left outer join
        sales_info_user salesinfou8_ 
            on stores0_.sales_info_user_id=salesinfou8_.id 
    where
        stores0_.id=?
Hibernate: 
    select
        comments0_.post_id as post_id6_13_0_,
        comments0_.id as id1_13_0_,
        comments0_.id as id1_13_1_,
        comments0_.created_date as created_2_13_1_,
        comments0_.modified_date as modified3_13_1_,
        comments0_.content as content4_13_1_,
        comments0_.user_id as user_id5_13_1_,
        comments0_.post_id as post_id6_13_1_,
        members1_.id as id1_6_2_,
        members1_.email as email2_6_2_,
        members1_.image as image3_6_2_,
        members1_.name as name4_6_2_,
        members1_.nickname as nickname5_6_2_,
        members1_.password as password6_6_2_,
        members1_.phone as phone7_6_2_,
        members1_.refresh_token as refresh_8_6_2_,
        members1_.role as role9_6_2_ 
    from
        stores_comments comments0_ 
    left outer join
        members members1_ 
            on comments0_.user_id=members1_.id 
    where
        comments0_.post_id=?
Hibernate: 
    select
        storescomm0_.user_id as user_id5_13_0_,
        storescomm0_.id as id1_13_0_,
        storescomm0_.id as id1_13_1_,
        storescomm0_.created_date as created_2_13_1_,
        storescomm0_.modified_date as modified3_13_1_,
        storescomm0_.content as content4_13_1_,
        storescomm0_.user_id as user_id5_13_1_,
        storescomm0_.post_id as post_id6_13_1_,
        stores1_.id as id1_12_2_,
        stores1_.created_date as created_2_12_2_,
        stores1_.modified_date as modified3_12_2_,
        stores1_.author_id as author_i9_12_2_,
        stores1_.clothes_info_id as clothes10_12_2_,
        stores1_.colors_name as colors_11_12_2_,
        stores1_.materials_name as materia12_12_2_,
        stores1_.style_name as style_n13_12_2_,
        stores1_.clothes_length as clothes_4_12_2_,
        stores1_.content as content5_12_2_,
        stores1_.price as price6_12_2_,
        stores1_.sales_info_clothes_id as sales_i14_12_2_,
        stores1_.sales_info_status_id as sales_i15_12_2_,
        stores1_.sales_info_user_id as sales_i16_12_2_,
        stores1_.status as status7_12_2_,
        stores1_.title as title8_12_2_,
        members2_.id as id1_6_3_,
        members2_.email as email2_6_3_,
        members2_.image as image3_6_3_,
        members2_.name as name4_6_3_,
        members2_.nickname as nickname5_6_3_,
        members2_.password as password6_6_3_,
        members2_.phone as phone7_6_3_,
        members2_.refresh_token as refresh_8_6_3_,
        members2_.role as role9_6_3_,
        clothesinf3_.id as id1_2_4_,
        clothesinf3_.categoryl as category2_2_4_,
        clothesinf3_.categorys as category3_2_4_,
        clothesinf3_.fit as fit4_2_4_,
        clothesinf3_.length as length5_2_4_,
        colors4_.id as id1_4_5_,
        colors4_.name as name2_4_5_,
        materials5_.id as id1_5_6_,
        materials5_.name as name2_5_6_,
        style6_.id as id1_14_7_,
        style6_.name as name2_14_7_,
        salesinfoc7_.id as id1_9_8_,
        salesinfoc7_.clothes_brand as clothes_2_9_8_,
        salesinfoc7_.clothes_color as clothes_3_9_8_,
        salesinfoc7_.clothes_gender as clothes_4_9_8_,
        salesinfoc7_.clothes_size as clothes_5_9_8_,
        salesinfos8_.id as id1_10_9_,
        salesinfos8_.status_score as status_s2_10_9_,
        salesinfos8_.status_tag as status_t3_10_9_,
        salesinfos8_.status_times as status_t4_10_9_,
        salesinfos8_.status_when2buy as status_w5_10_9_,
        salesinfos8_.transport as transpor6_10_9_,
        salesinfou9_.id as id1_11_10_,
        salesinfou9_.user_height as user_hei2_11_10_,
        salesinfou9_.user_size as user_siz3_11_10_,
        salesinfou9_.user_weight as user_wei4_11_10_ 
    from
        stores_comments storescomm0_ 
    left outer join
        stores stores1_ 
            on storescomm0_.post_id=stores1_.id 
    left outer join
        members members2_ 
            on stores1_.author_id=members2_.id 
    left outer join
        clothes_info clothesinf3_ 
            on stores1_.clothes_info_id=clothesinf3_.id 
    left outer join
        colors colors4_ 
            on stores1_.colors_name=colors4_.name 
    left outer join
        materials materials5_ 
            on stores1_.materials_name=materials5_.name 
    left outer join
        style style6_ 
            on stores1_.style_name=style6_.name 
    left outer join
        sales_info_clothes salesinfoc7_ 
            on stores1_.sales_info_clothes_id=salesinfoc7_.id 
    left outer join
        sales_info_status salesinfos8_ 
            on stores1_.sales_info_status_id=salesinfos8_.id 
    left outer join
        sales_info_user salesinfou9_ 
            on stores1_.sales_info_user_id=salesinfou9_.id 
    where
        storescomm0_.user_id=?
Hibernate: 
    delete 
    from
        stores_comments 
    where
        id=?
gunsong2@naver.com
Hibernate: 
    select
        members0_.id as id1_6_,
        members0_.email as email2_6_,
        members0_.image as image3_6_,
        members0_.name as name4_6_,
        members0_.nickname as nickname5_6_,
        members0_.password as password6_6_,
        members0_.phone as phone7_6_,
        members0_.refresh_token as refresh_8_6_,
        members0_.role as role9_6_ 
    from
        members members0_ 
    where
        members0_.email=?
Hibernate: 
    select
        stores0_.id as id1_12_0_,
        stores0_.created_date as created_2_12_0_,
        stores0_.modified_date as modified3_12_0_,
        stores0_.author_id as author_i9_12_0_,
        stores0_.clothes_info_id as clothes10_12_0_,
        stores0_.colors_name as colors_11_12_0_,
        stores0_.materials_name as materia12_12_0_,
        stores0_.style_name as style_n13_12_0_,
        stores0_.clothes_length as clothes_4_12_0_,
        stores0_.content as content5_12_0_,
        stores0_.price as price6_12_0_,
        stores0_.sales_info_clothes_id as sales_i14_12_0_,
        stores0_.sales_info_status_id as sales_i15_12_0_,
        stores0_.sales_info_user_id as sales_i16_12_0_,
        stores0_.status as status7_12_0_,
        stores0_.title as title8_12_0_,
        members1_.id as id1_6_1_,
        members1_.email as email2_6_1_,
        members1_.image as image3_6_1_,
        members1_.name as name4_6_1_,
        members1_.nickname as nickname5_6_1_,
        members1_.password as password6_6_1_,
        members1_.phone as phone7_6_1_,
        members1_.refresh_token as refresh_8_6_1_,
        members1_.role as role9_6_1_,
        clothesinf2_.id as id1_2_2_,
        clothesinf2_.categoryl as category2_2_2_,
        clothesinf2_.categorys as category3_2_2_,
        clothesinf2_.fit as fit4_2_2_,
        clothesinf2_.length as length5_2_2_,
        colors3_.id as id1_4_3_,
        colors3_.name as name2_4_3_,
        materials4_.id as id1_5_4_,
        materials4_.name as name2_5_4_,
        style5_.id as id1_14_5_,
        style5_.name as name2_14_5_,
        salesinfoc6_.id as id1_9_6_,
        salesinfoc6_.clothes_brand as clothes_2_9_6_,
        salesinfoc6_.clothes_color as clothes_3_9_6_,
        salesinfoc6_.clothes_gender as clothes_4_9_6_,
        salesinfoc6_.clothes_size as clothes_5_9_6_,
        salesinfos7_.id as id1_10_7_,
        salesinfos7_.status_score as status_s2_10_7_,
        salesinfos7_.status_tag as status_t3_10_7_,
        salesinfos7_.status_times as status_t4_10_7_,
        salesinfos7_.status_when2buy as status_w5_10_7_,
        salesinfos7_.transport as transpor6_10_7_,
        salesinfou8_.id as id1_11_8_,
        salesinfou8_.user_height as user_hei2_11_8_,
        salesinfou8_.user_size as user_siz3_11_8_,
        salesinfou8_.user_weight as user_wei4_11_8_ 
    from
        stores stores0_ 
    left outer join
        members members1_ 
            on stores0_.author_id=members1_.id 
    left outer join
        clothes_info clothesinf2_ 
            on stores0_.clothes_info_id=clothesinf2_.id 
    left outer join
        colors colors3_ 
            on stores0_.colors_name=colors3_.name 
    left outer join
        materials materials4_ 
            on stores0_.materials_name=materials4_.name 
    left outer join
        style style5_ 
            on stores0_.style_name=style5_.name 
    left outer join
        sales_info_clothes salesinfoc6_ 
            on stores0_.sales_info_clothes_id=salesinfoc6_.id 
    left outer join
        sales_info_status salesinfos7_ 
            on stores0_.sales_info_status_id=salesinfos7_.id 
    left outer join
        sales_info_user salesinfou8_ 
            on stores0_.sales_info_user_id=salesinfou8_.id 
    where
        stores0_.id=?
Hibernate: 
    select
        storescomm0_.content as col_0_0_,
        members1_.nickname as col_1_0_,
        storescomm0_.created_date as col_2_0_,
        members1_.image as col_3_0_ 
    from
        stores_comments storescomm0_ cross 
    join
        members members1_ 
    where
        storescomm0_.user_id=members1_.id 
        and storescomm0_.post_id=? 
        and storescomm0_.user_id=? 
    order by
        storescomm0_.created_date asc limit ?
Hibernate: 
    select
        clothesima0_.id as id1_3_,
        clothesima0_.closets_post_id as closets_4_3_,
        clothesima0_.path as path2_3_,
        clothesima0_.stores_post_id as stores_p5_3_,
        clothesima0_.type as type3_3_ 
    from
        clothes_image clothesima0_
Hibernate: 
    select
        stores0_.id as id1_12_0_,
        stores0_.created_date as created_2_12_0_,
        stores0_.modified_date as modified3_12_0_,
        stores0_.author_id as author_i9_12_0_,
        stores0_.clothes_info_id as clothes10_12_0_,
        stores0_.colors_name as colors_11_12_0_,
        stores0_.materials_name as materia12_12_0_,
        stores0_.style_name as style_n13_12_0_,
        stores0_.clothes_length as clothes_4_12_0_,
        stores0_.content as content5_12_0_,
        stores0_.price as price6_12_0_,
        stores0_.sales_info_clothes_id as sales_i14_12_0_,
        stores0_.sales_info_status_id as sales_i15_12_0_,
        stores0_.sales_info_user_id as sales_i16_12_0_,
        stores0_.status as status7_12_0_,
        stores0_.title as title8_12_0_,
        members1_.id as id1_6_1_,
        members1_.email as email2_6_1_,
        members1_.image as image3_6_1_,
        members1_.name as name4_6_1_,
        members1_.nickname as nickname5_6_1_,
        members1_.password as password6_6_1_,
        members1_.phone as phone7_6_1_,
        members1_.refresh_token as refresh_8_6_1_,
        members1_.role as role9_6_1_,
        clothesinf2_.id as id1_2_2_,
        clothesinf2_.categoryl as category2_2_2_,
        clothesinf2_.categorys as category3_2_2_,
        clothesinf2_.fit as fit4_2_2_,
        clothesinf2_.length as length5_2_2_,
        colors3_.id as id1_4_3_,
        colors3_.name as name2_4_3_,
        materials4_.id as id1_5_4_,
        materials4_.name as name2_5_4_,
        style5_.id as id1_14_5_,
        style5_.name as name2_14_5_,
        salesinfoc6_.id as id1_9_6_,
        salesinfoc6_.clothes_brand as clothes_2_9_6_,
        salesinfoc6_.clothes_color as clothes_3_9_6_,
        salesinfoc6_.clothes_gender as clothes_4_9_6_,
        salesinfoc6_.clothes_size as clothes_5_9_6_,
        salesinfos7_.id as id1_10_7_,
        salesinfos7_.status_score as status_s2_10_7_,
        salesinfos7_.status_tag as status_t3_10_7_,
        salesinfos7_.status_times as status_t4_10_7_,
        salesinfos7_.status_when2buy as status_w5_10_7_,
        salesinfos7_.transport as transpor6_10_7_,
        salesinfou8_.id as id1_11_8_,
        salesinfou8_.user_height as user_hei2_11_8_,
        salesinfou8_.user_size as user_siz3_11_8_,
        salesinfou8_.user_weight as user_wei4_11_8_ 
    from
        stores stores0_ 
    left outer join
        members members1_ 
            on stores0_.author_id=members1_.id 
    left outer join
        clothes_info clothesinf2_ 
            on stores0_.clothes_info_id=clothesinf2_.id 
    left outer join
        colors colors3_ 
            on stores0_.colors_name=colors3_.name 
    left outer join
        materials materials4_ 
            on stores0_.materials_name=materials4_.name 
    left outer join
        style style5_ 
            on stores0_.style_name=style5_.name 
    left outer join
        sales_info_clothes salesinfoc6_ 
            on stores0_.sales_info_clothes_id=salesinfoc6_.id 
    left outer join
        sales_info_status salesinfos7_ 
            on stores0_.sales_info_status_id=salesinfos7_.id 
    left outer join
        sales_info_user salesinfou8_ 
            on stores0_.sales_info_user_id=salesinfou8_.id 
    where
        stores0_.id=?
Hibernate: 
    select
        stores0_.id as id1_12_0_,
        stores0_.created_date as created_2_12_0_,
        stores0_.modified_date as modified3_12_0_,
        stores0_.author_id as author_i9_12_0_,
        stores0_.clothes_info_id as clothes10_12_0_,
        stores0_.colors_name as colors_11_12_0_,
        stores0_.materials_name as materia12_12_0_,
        stores0_.style_name as style_n13_12_0_,
        stores0_.clothes_length as clothes_4_12_0_,
        stores0_.content as content5_12_0_,
        stores0_.price as price6_12_0_,
        stores0_.sales_info_clothes_id as sales_i14_12_0_,
        stores0_.sales_info_status_id as sales_i15_12_0_,
        stores0_.sales_info_user_id as sales_i16_12_0_,
        stores0_.status as status7_12_0_,
        stores0_.title as title8_12_0_,
        members1_.id as id1_6_1_,
        members1_.email as email2_6_1_,
        members1_.image as image3_6_1_,
        members1_.name as name4_6_1_,
        members1_.nickname as nickname5_6_1_,
        members1_.password as password6_6_1_,
        members1_.phone as phone7_6_1_,
        members1_.refresh_token as refresh_8_6_1_,
        members1_.role as role9_6_1_,
        clothesinf2_.id as id1_2_2_,
        clothesinf2_.categoryl as category2_2_2_,
        clothesinf2_.categorys as category3_2_2_,
        clothesinf2_.fit as fit4_2_2_,
        clothesinf2_.length as length5_2_2_,
        colors3_.id as id1_4_3_,
        colors3_.name as name2_4_3_,
        materials4_.id as id1_5_4_,
        materials4_.name as name2_5_4_,
        style5_.id as id1_14_5_,
        style5_.name as name2_14_5_,
        salesinfoc6_.id as id1_9_6_,
        salesinfoc6_.clothes_brand as clothes_2_9_6_,
        salesinfoc6_.clothes_color as clothes_3_9_6_,
        salesinfoc6_.clothes_gender as clothes_4_9_6_,
        salesinfoc6_.clothes_size as clothes_5_9_6_,
        salesinfos7_.id as id1_10_7_,
        salesinfos7_.status_score as status_s2_10_7_,
        salesinfos7_.status_tag as status_t3_10_7_,
        salesinfos7_.status_times as status_t4_10_7_,
        salesinfos7_.status_when2buy as status_w5_10_7_,
        salesinfos7_.transport as transpor6_10_7_,
        salesinfou8_.id as id1_11_8_,
        salesinfou8_.user_height as user_hei2_11_8_,
        salesinfou8_.user_size as user_siz3_11_8_,
        salesinfou8_.user_weight as user_wei4_11_8_ 
    from
        stores stores0_ 
    left outer join
        members members1_ 
            on stores0_.author_id=members1_.id 
    left outer join
        clothes_info clothesinf2_ 
            on stores0_.clothes_info_id=clothesinf2_.id 
    left outer join
        colors colors3_ 
            on stores0_.colors_name=colors3_.name 
    left outer join
        materials materials4_ 
            on stores0_.materials_name=materials4_.name 
    left outer join
        style style5_ 
            on stores0_.style_name=style5_.name 
    left outer join
        sales_info_clothes salesinfoc6_ 
            on stores0_.sales_info_clothes_id=salesinfoc6_.id 
    left outer join
        sales_info_status salesinfos7_ 
            on stores0_.sales_info_status_id=salesinfos7_.id 
    left outer join
        sales_info_user salesinfou8_ 
            on stores0_.sales_info_user_id=salesinfou8_.id 
    where
        stores0_.id=?
Hibernate: 
    select
        stores0_.id as id1_12_0_,
        stores0_.created_date as created_2_12_0_,
        stores0_.modified_date as modified3_12_0_,
        stores0_.author_id as author_i9_12_0_,
        stores0_.clothes_info_id as clothes10_12_0_,
        stores0_.colors_name as colors_11_12_0_,
        stores0_.materials_name as materia12_12_0_,
        stores0_.style_name as style_n13_12_0_,
        stores0_.clothes_length as clothes_4_12_0_,
        stores0_.content as content5_12_0_,
        stores0_.price as price6_12_0_,
        stores0_.sales_info_clothes_id as sales_i14_12_0_,
        stores0_.sales_info_status_id as sales_i15_12_0_,
        stores0_.sales_info_user_id as sales_i16_12_0_,
        stores0_.status as status7_12_0_,
        stores0_.title as title8_12_0_,
        members1_.id as id1_6_1_,
        members1_.email as email2_6_1_,
        members1_.image as image3_6_1_,
        members1_.name as name4_6_1_,
        members1_.nickname as nickname5_6_1_,
        members1_.password as password6_6_1_,
        members1_.phone as phone7_6_1_,
        members1_.refresh_token as refresh_8_6_1_,
        members1_.role as role9_6_1_,
        clothesinf2_.id as id1_2_2_,
        clothesinf2_.categoryl as category2_2_2_,
        clothesinf2_.categorys as category3_2_2_,
        clothesinf2_.fit as fit4_2_2_,
        clothesinf2_.length as length5_2_2_,
        colors3_.id as id1_4_3_,
        colors3_.name as name2_4_3_,
        materials4_.id as id1_5_4_,
        materials4_.name as name2_5_4_,
        style5_.id as id1_14_5_,
        style5_.name as name2_14_5_,
        salesinfoc6_.id as id1_9_6_,
        salesinfoc6_.clothes_brand as clothes_2_9_6_,
        salesinfoc6_.clothes_color as clothes_3_9_6_,
        salesinfoc6_.clothes_gender as clothes_4_9_6_,
        salesinfoc6_.clothes_size as clothes_5_9_6_,
        salesinfos7_.id as id1_10_7_,
        salesinfos7_.status_score as status_s2_10_7_,
        salesinfos7_.status_tag as status_t3_10_7_,
        salesinfos7_.status_times as status_t4_10_7_,
        salesinfos7_.status_when2buy as status_w5_10_7_,
        salesinfos7_.transport as transpor6_10_7_,
        salesinfou8_.id as id1_11_8_,
        salesinfou8_.user_height as user_hei2_11_8_,
        salesinfou8_.user_size as user_siz3_11_8_,
        salesinfou8_.user_weight as user_wei4_11_8_ 
    from
        stores stores0_ 
    left outer join
        members members1_ 
            on stores0_.author_id=members1_.id 
    left outer join
        clothes_info clothesinf2_ 
            on stores0_.clothes_info_id=clothesinf2_.id 
    left outer join
        colors colors3_ 
            on stores0_.colors_name=colors3_.name 
    left outer join
        materials materials4_ 
            on stores0_.materials_name=materials4_.name 
    left outer join
        style style5_ 
            on stores0_.style_name=style5_.name 
    left outer join
        sales_info_clothes salesinfoc6_ 
            on stores0_.sales_info_clothes_id=salesinfoc6_.id 
    left outer join
        sales_info_status salesinfos7_ 
            on stores0_.sales_info_status_id=salesinfos7_.id 
    left outer join
        sales_info_user salesinfou8_ 
            on stores0_.sales_info_user_id=salesinfou8_.id 
    where
        stores0_.id=?
Hibernate: 
    select
        stores0_.id as id1_12_0_,
        stores0_.created_date as created_2_12_0_,
        stores0_.modified_date as modified3_12_0_,
        stores0_.author_id as author_i9_12_0_,
        stores0_.clothes_info_id as clothes10_12_0_,
        stores0_.colors_name as colors_11_12_0_,
        stores0_.materials_name as materia12_12_0_,
        stores0_.style_name as style_n13_12_0_,
        stores0_.clothes_length as clothes_4_12_0_,
        stores0_.content as content5_12_0_,
        stores0_.price as price6_12_0_,
        stores0_.sales_info_clothes_id as sales_i14_12_0_,
        stores0_.sales_info_status_id as sales_i15_12_0_,
        stores0_.sales_info_user_id as sales_i16_12_0_,
        stores0_.status as status7_12_0_,
        stores0_.title as title8_12_0_,
        members1_.id as id1_6_1_,
        members1_.email as email2_6_1_,
        members1_.image as image3_6_1_,
        members1_.name as name4_6_1_,
        members1_.nickname as nickname5_6_1_,
        members1_.password as password6_6_1_,
        members1_.phone as phone7_6_1_,
        members1_.refresh_token as refresh_8_6_1_,
        members1_.role as role9_6_1_,
        clothesinf2_.id as id1_2_2_,
        clothesinf2_.categoryl as category2_2_2_,
        clothesinf2_.categorys as category3_2_2_,
        clothesinf2_.fit as fit4_2_2_,
        clothesinf2_.length as length5_2_2_,
        colors3_.id as id1_4_3_,
        colors3_.name as name2_4_3_,
        materials4_.id as id1_5_4_,
        materials4_.name as name2_5_4_,
        style5_.id as id1_14_5_,
        style5_.name as name2_14_5_,
        salesinfoc6_.id as id1_9_6_,
        salesinfoc6_.clothes_brand as clothes_2_9_6_,
        salesinfoc6_.clothes_color as clothes_3_9_6_,
        salesinfoc6_.clothes_gender as clothes_4_9_6_,
        salesinfoc6_.clothes_size as clothes_5_9_6_,
        salesinfos7_.id as id1_10_7_,
        salesinfos7_.status_score as status_s2_10_7_,
        salesinfos7_.status_tag as status_t3_10_7_,
        salesinfos7_.status_times as status_t4_10_7_,
        salesinfos7_.status_when2buy as status_w5_10_7_,
        salesinfos7_.transport as transpor6_10_7_,
        salesinfou8_.id as id1_11_8_,
        salesinfou8_.user_height as user_hei2_11_8_,
        salesinfou8_.user_size as user_siz3_11_8_,
        salesinfou8_.user_weight as user_wei4_11_8_ 
    from
        stores stores0_ 
    left outer join
        members members1_ 
            on stores0_.author_id=members1_.id 
    left outer join
        clothes_info clothesinf2_ 
            on stores0_.clothes_info_id=clothesinf2_.id 
    left outer join
        colors colors3_ 
            on stores0_.colors_name=colors3_.name 
    left outer join
        materials materials4_ 
            on stores0_.materials_name=materials4_.name 
    left outer join
        style style5_ 
            on stores0_.style_name=style5_.name 
    left outer join
        sales_info_clothes salesinfoc6_ 
            on stores0_.sales_info_clothes_id=salesinfoc6_.id 
    left outer join
        sales_info_status salesinfos7_ 
            on stores0_.sales_info_status_id=salesinfos7_.id 
    left outer join
        sales_info_user salesinfou8_ 
            on stores0_.sales_info_user_id=salesinfou8_.id 
    where
        stores0_.id=?
Hibernate: 
    select
        stores0_.id as id1_12_0_,
        stores0_.created_date as created_2_12_0_,
        stores0_.modified_date as modified3_12_0_,
        stores0_.author_id as author_i9_12_0_,
        stores0_.clothes_info_id as clothes10_12_0_,
        stores0_.colors_name as colors_11_12_0_,
        stores0_.materials_name as materia12_12_0_,
        stores0_.style_name as style_n13_12_0_,
        stores0_.clothes_length as clothes_4_12_0_,
        stores0_.content as content5_12_0_,
        stores0_.price as price6_12_0_,
        stores0_.sales_info_clothes_id as sales_i14_12_0_,
        stores0_.sales_info_status_id as sales_i15_12_0_,
        stores0_.sales_info_user_id as sales_i16_12_0_,
        stores0_.status as status7_12_0_,
        stores0_.title as title8_12_0_,
        members1_.id as id1_6_1_,
        members1_.email as email2_6_1_,
        members1_.image as image3_6_1_,
        members1_.name as name4_6_1_,
        members1_.nickname as nickname5_6_1_,
        members1_.password as password6_6_1_,
        members1_.phone as phone7_6_1_,
        members1_.refresh_token as refresh_8_6_1_,
        members1_.role as role9_6_1_,
        clothesinf2_.id as id1_2_2_,
        clothesinf2_.categoryl as category2_2_2_,
        clothesinf2_.categorys as category3_2_2_,
        clothesinf2_.fit as fit4_2_2_,
        clothesinf2_.length as length5_2_2_,
        colors3_.id as id1_4_3_,
        colors3_.name as name2_4_3_,
        materials4_.id as id1_5_4_,
        materials4_.name as name2_5_4_,
        style5_.id as id1_14_5_,
        style5_.name as name2_14_5_,
        salesinfoc6_.id as id1_9_6_,
        salesinfoc6_.clothes_brand as clothes_2_9_6_,
        salesinfoc6_.clothes_color as clothes_3_9_6_,
        salesinfoc6_.clothes_gender as clothes_4_9_6_,
        salesinfoc6_.clothes_size as clothes_5_9_6_,
        salesinfos7_.id as id1_10_7_,
        salesinfos7_.status_score as status_s2_10_7_,
        salesinfos7_.status_tag as status_t3_10_7_,
        salesinfos7_.status_times as status_t4_10_7_,
        salesinfos7_.status_when2buy as status_w5_10_7_,
        salesinfos7_.transport as transpor6_10_7_,
        salesinfou8_.id as id1_11_8_,
        salesinfou8_.user_height as user_hei2_11_8_,
        salesinfou8_.user_size as user_siz3_11_8_,
        salesinfou8_.user_weight as user_wei4_11_8_ 
    from
        stores stores0_ 
    left outer join
        members members1_ 
            on stores0_.author_id=members1_.id 
    left outer join
        clothes_info clothesinf2_ 
            on stores0_.clothes_info_id=clothesinf2_.id 
    left outer join
        colors colors3_ 
            on stores0_.colors_name=colors3_.name 
    left outer join
        materials materials4_ 
            on stores0_.materials_name=materials4_.name 
    left outer join
        style style5_ 
            on stores0_.style_name=style5_.name 
    left outer join
        sales_info_clothes salesinfoc6_ 
            on stores0_.sales_info_clothes_id=salesinfoc6_.id 
    left outer join
        sales_info_status salesinfos7_ 
            on stores0_.sales_info_status_id=salesinfos7_.id 
    left outer join
        sales_info_user salesinfou8_ 
            on stores0_.sales_info_user_id=salesinfou8_.id 
    where
        stores0_.id=?
Hibernate: 
    delete 
    from
        clothes_image
Hibernate: 
    delete 
    from
        stores_comments
Hibernate: 
    delete 
    from
        members_like_stores_post
Hibernate: 
    delete 
    from
        stores
]]></system-out>
  <system-err><![CDATA[]]></system-err>
</testsuite>
