<?xml version="1.0" encoding="UTF-8"?>
<testsuite name="com.betweenourclothes.web.AuthApiControllerTest" tests="1" skipped="0" failures="0" errors="0" timestamp="2022-11-05T05:25:58" hostname="user" time="4.07">
  <properties/>
  <testcase name="회원가입_로그인" classname="com.betweenourclothes.web.AuthApiControllerTest" time="4.07"/>
  <system-out><![CDATA[14:25:52.249 [Test worker] DEBUG org.springframework.test.context.junit4.SpringJUnit4ClassRunner - SpringJUnit4ClassRunner constructor called with [class com.betweenourclothes.web.AuthApiControllerTest]
14:25:52.254 [Test worker] DEBUG org.springframework.test.context.BootstrapUtils - Instantiating CacheAwareContextLoaderDelegate from class [org.springframework.test.context.cache.DefaultCacheAwareContextLoaderDelegate]
14:25:52.260 [Test worker] DEBUG org.springframework.test.context.BootstrapUtils - Instantiating BootstrapContext using constructor [public org.springframework.test.context.support.DefaultBootstrapContext(java.lang.Class,org.springframework.test.context.CacheAwareContextLoaderDelegate)]
14:25:52.272 [Test worker] DEBUG org.springframework.test.context.BootstrapUtils - Instantiating TestContextBootstrapper for test class [com.betweenourclothes.web.AuthApiControllerTest] from class [org.springframework.boot.test.context.SpringBootTestContextBootstrapper]
14:25:52.279 [Test worker] INFO org.springframework.boot.test.context.SpringBootTestContextBootstrapper - Neither @ContextConfiguration nor @ContextHierarchy found for test class [com.betweenourclothes.web.AuthApiControllerTest], using SpringBootContextLoader
14:25:52.281 [Test worker] DEBUG org.springframework.test.context.support.AbstractContextLoader - Did not detect default resource location for test class [com.betweenourclothes.web.AuthApiControllerTest]: class path resource [com/betweenourclothes/web/AuthApiControllerTest-context.xml] does not exist
14:25:52.281 [Test worker] DEBUG org.springframework.test.context.support.AbstractContextLoader - Did not detect default resource location for test class [com.betweenourclothes.web.AuthApiControllerTest]: class path resource [com/betweenourclothes/web/AuthApiControllerTestContext.groovy] does not exist
14:25:52.281 [Test worker] INFO org.springframework.test.context.support.AbstractContextLoader - Could not detect default resource locations for test class [com.betweenourclothes.web.AuthApiControllerTest]: no resource found for suffixes {-context.xml, Context.groovy}.
14:25:52.282 [Test worker] INFO org.springframework.test.context.support.AnnotationConfigContextLoaderUtils - Could not detect default configuration classes for test class [com.betweenourclothes.web.AuthApiControllerTest]: AuthApiControllerTest does not declare any static, non-private, non-final, nested classes annotated with @Configuration.
14:25:52.307 [Test worker] DEBUG org.springframework.test.context.support.ActiveProfilesUtils - Could not find an 'annotation declaring class' for annotation type [org.springframework.test.context.ActiveProfiles] and class [com.betweenourclothes.web.AuthApiControllerTest]
14:25:52.378 [Test worker] DEBUG org.springframework.context.annotation.ClassPathScanningCandidateComponentProvider - Identified candidate component class: file [C:\Users\user1\Desktop\송아\캡스톤\repo\between-our-clothes-server\build\classes\java\main\com\betweenourclothes\Application.class]
14:25:52.379 [Test worker] INFO org.springframework.boot.test.context.SpringBootTestContextBootstrapper - Found @SpringBootConfiguration com.betweenourclothes.Application for test class com.betweenourclothes.web.AuthApiControllerTest
14:25:52.449 [Test worker] DEBUG org.springframework.boot.test.context.SpringBootTestContextBootstrapper - @TestExecutionListeners is not present for class [com.betweenourclothes.web.AuthApiControllerTest]: using defaults.
14:25:52.450 [Test worker] INFO org.springframework.boot.test.context.SpringBootTestContextBootstrapper - Loaded default TestExecutionListener class names from location [META-INF/spring.factories]: [org.springframework.security.test.context.support.WithSecurityContextTestExecutionListener, org.springframework.security.test.context.support.ReactorContextTestExecutionListener, org.springframework.boot.test.autoconfigure.restdocs.RestDocsTestExecutionListener, org.springframework.boot.test.autoconfigure.web.client.MockRestServiceServerResetTestExecutionListener, org.springframework.boot.test.autoconfigure.web.servlet.MockMvcPrintOnlyOnFailureTestExecutionListener, org.springframework.boot.test.autoconfigure.web.servlet.WebDriverTestExecutionListener, org.springframework.boot.test.mock.mockito.MockitoTestExecutionListener, org.springframework.boot.test.mock.mockito.ResetMocksTestExecutionListener, org.springframework.test.context.web.ServletTestExecutionListener, org.springframework.test.context.support.DirtiesContextBeforeModesTestExecutionListener, org.springframework.test.context.support.DependencyInjectionTestExecutionListener, org.springframework.test.context.support.DirtiesContextTestExecutionListener, org.springframework.test.context.transaction.TransactionalTestExecutionListener, org.springframework.test.context.jdbc.SqlScriptsTestExecutionListener]
14:25:52.464 [Test worker] INFO org.springframework.boot.test.context.SpringBootTestContextBootstrapper - Using TestExecutionListeners: [org.springframework.test.context.web.ServletTestExecutionListener@792e5616, org.springframework.test.context.support.DirtiesContextBeforeModesTestExecutionListener@3493faa9, org.springframework.boot.test.mock.mockito.MockitoTestExecutionListener@769f4b5d, org.springframework.boot.test.autoconfigure.SpringBootDependencyInjectionTestExecutionListener@a4791db, org.springframework.test.context.support.DirtiesContextTestExecutionListener@1d2f863, org.springframework.test.context.transaction.TransactionalTestExecutionListener@2abf1c42, org.springframework.test.context.jdbc.SqlScriptsTestExecutionListener@26766feb, org.springframework.security.test.context.support.WithSecurityContextTestExecutionListener@1009fbb7, org.springframework.security.test.context.support.ReactorContextTestExecutionListener@60e0835, org.springframework.boot.test.autoconfigure.restdocs.RestDocsTestExecutionListener@540159ba, org.springframework.boot.test.autoconfigure.web.client.MockRestServiceServerResetTestExecutionListener@411d6de6, org.springframework.boot.test.autoconfigure.web.servlet.MockMvcPrintOnlyOnFailureTestExecutionListener@1e96f231, org.springframework.boot.test.autoconfigure.web.servlet.WebDriverTestExecutionListener@68af1e76, org.springframework.boot.test.mock.mockito.ResetMocksTestExecutionListener@363d5650]
14:25:52.466 [Test worker] DEBUG org.springframework.test.annotation.ProfileValueUtils - Retrieved @ProfileValueSourceConfiguration [null] for test class [com.betweenourclothes.web.AuthApiControllerTest]
14:25:52.466 [Test worker] DEBUG org.springframework.test.annotation.ProfileValueUtils - Retrieved ProfileValueSource type [class org.springframework.test.annotation.SystemProfileValueSource] for class [com.betweenourclothes.web.AuthApiControllerTest]
14:25:52.469 [Test worker] DEBUG org.springframework.test.annotation.ProfileValueUtils - Retrieved @ProfileValueSourceConfiguration [null] for test class [com.betweenourclothes.web.AuthApiControllerTest]
14:25:52.469 [Test worker] DEBUG org.springframework.test.annotation.ProfileValueUtils - Retrieved ProfileValueSource type [class org.springframework.test.annotation.SystemProfileValueSource] for class [com.betweenourclothes.web.AuthApiControllerTest]
14:25:52.469 [Test worker] DEBUG org.springframework.test.annotation.ProfileValueUtils - Retrieved @ProfileValueSourceConfiguration [null] for test class [com.betweenourclothes.web.AuthApiControllerTest]
14:25:52.470 [Test worker] DEBUG org.springframework.test.annotation.ProfileValueUtils - Retrieved ProfileValueSource type [class org.springframework.test.annotation.SystemProfileValueSource] for class [com.betweenourclothes.web.AuthApiControllerTest]
14:25:52.473 [Test worker] DEBUG org.springframework.test.context.support.AbstractDirtiesContextTestExecutionListener - Before test class: context [DefaultTestContext@4a69ada2 testClass = AuthApiControllerTest, testInstance = [null], testMethod = [null], testException = [null], mergedContextConfiguration = [WebMergedContextConfiguration@72b469bf testClass = AuthApiControllerTest, locations = '{}', classes = '{class com.betweenourclothes.Application}', contextInitializerClasses = '[]', activeProfiles = '{}', propertySourceLocations = '{}', propertySourceProperties = '{org.springframework.boot.test.context.SpringBootTestContextBootstrapper=true, server.port=0}', contextCustomizers = set[org.springframework.boot.test.autoconfigure.properties.PropertyMappingContextCustomizer@0, org.springframework.boot.test.autoconfigure.web.servlet.WebDriverContextCustomizerFactory$Customizer@6a4023e9, org.springframework.boot.test.context.filter.ExcludeFilterContextCustomizer@59c4e100, org.springframework.boot.test.json.DuplicateJsonObjectContextCustomizerFactory$DuplicateJsonObjectContextCustomizer@15c05b5f, org.springframework.boot.test.mock.mockito.MockitoContextCustomizer@0, org.springframework.boot.test.web.client.TestRestTemplateContextCustomizer@337e622e], resourceBasePath = 'src/main/webapp', contextLoader = 'org.springframework.boot.test.context.SpringBootContextLoader', parent = [null]], attributes = map['org.springframework.test.context.web.ServletTestExecutionListener.activateListener' -> false]], class annotated with @DirtiesContext [false] with mode [null].
14:25:52.474 [Test worker] DEBUG org.springframework.test.annotation.ProfileValueUtils - Retrieved @ProfileValueSourceConfiguration [null] for test class [com.betweenourclothes.web.AuthApiControllerTest]
14:25:52.474 [Test worker] DEBUG org.springframework.test.annotation.ProfileValueUtils - Retrieved ProfileValueSource type [class org.springframework.test.annotation.SystemProfileValueSource] for class [com.betweenourclothes.web.AuthApiControllerTest]
14:25:52.478 [Test worker] DEBUG org.springframework.test.context.support.DependencyInjectionTestExecutionListener - Performing dependency injection for test context [[DefaultTestContext@4a69ada2 testClass = AuthApiControllerTest, testInstance = com.betweenourclothes.web.AuthApiControllerTest@6f2e140d, testMethod = [null], testException = [null], mergedContextConfiguration = [WebMergedContextConfiguration@72b469bf testClass = AuthApiControllerTest, locations = '{}', classes = '{class com.betweenourclothes.Application}', contextInitializerClasses = '[]', activeProfiles = '{}', propertySourceLocations = '{}', propertySourceProperties = '{org.springframework.boot.test.context.SpringBootTestContextBootstrapper=true, server.port=0}', contextCustomizers = set[org.springframework.boot.test.autoconfigure.properties.PropertyMappingContextCustomizer@0, org.springframework.boot.test.autoconfigure.web.servlet.WebDriverContextCustomizerFactory$Customizer@6a4023e9, org.springframework.boot.test.context.filter.ExcludeFilterContextCustomizer@59c4e100, org.springframework.boot.test.json.DuplicateJsonObjectContextCustomizerFactory$DuplicateJsonObjectContextCustomizer@15c05b5f, org.springframework.boot.test.mock.mockito.MockitoContextCustomizer@0, org.springframework.boot.test.web.client.TestRestTemplateContextCustomizer@337e622e], resourceBasePath = 'src/main/webapp', contextLoader = 'org.springframework.boot.test.context.SpringBootContextLoader', parent = [null]], attributes = map['org.springframework.test.context.web.ServletTestExecutionListener.activateListener' -> false]]].
14:25:52.492 [Test worker] DEBUG org.springframework.test.context.support.TestPropertySourceUtils - Adding inlined properties to environment: {spring.jmx.enabled=false, org.springframework.boot.test.context.SpringBootTestContextBootstrapper=true, server.port=0}

  .   ____          _            __ _ _
 /\\ / ___'_ __ _ _(_)_ __  __ _ \ \ \ \
( ( )\___ | '_ | '_| | '_ \/ _` | \ \ \ \
 \\/  ___)| |_)| | | | | || (_| |  ) ) ) )
  '  |____| .__|_| |_|_| |_\__, | / / / /
 =========|_|==============|___/=/_/_/_/
 :: Spring Boot ::        (v2.1.7.RELEASE)

2022-11-05 14:25:52.659  INFO 8436 --- [    Test worker] c.b.web.AuthApiControllerTest            : Starting AuthApiControllerTest on user with PID 8436 (started by user1 in C:\Users\user1\Desktop\송아\캡스톤\repo\between-our-clothes-server)
2022-11-05 14:25:52.661  INFO 8436 --- [    Test worker] c.b.web.AuthApiControllerTest            : No active profile set, falling back to default profiles: default
2022-11-05 14:25:53.416  INFO 8436 --- [    Test worker] .s.d.r.c.RepositoryConfigurationDelegate : Bootstrapping Spring Data repositories in DEFAULT mode.
2022-11-05 14:25:53.515  INFO 8436 --- [    Test worker] .s.d.r.c.RepositoryConfigurationDelegate : Finished Spring Data repository scanning in 94ms. Found 12 repository interfaces.
2022-11-05 14:25:53.899  INFO 8436 --- [    Test worker] trationDelegate$BeanPostProcessorChecker : Bean 'org.springframework.transaction.annotation.ProxyTransactionManagementConfiguration' of type [org.springframework.transaction.annotation.ProxyTransactionManagementConfiguration$$EnhancerBySpringCGLIB$$ae158368] is not eligible for getting processed by all BeanPostProcessors (for example: not eligible for auto-proxying)
2022-11-05 14:25:54.188  INFO 8436 --- [    Test worker] o.s.b.w.embedded.tomcat.TomcatWebServer  : Tomcat initialized with port(s): 0 (http)
2022-11-05 14:25:54.207  INFO 8436 --- [    Test worker] o.apache.catalina.core.StandardService   : Starting service [Tomcat]
2022-11-05 14:25:54.208  INFO 8436 --- [    Test worker] org.apache.catalina.core.StandardEngine  : Starting Servlet engine: [Apache Tomcat/9.0.22]
2022-11-05 14:25:54.312  INFO 8436 --- [    Test worker] o.a.c.c.C.[Tomcat].[localhost].[/]       : Initializing Spring embedded WebApplicationContext
2022-11-05 14:25:54.312  INFO 8436 --- [    Test worker] o.s.web.context.ContextLoader            : Root WebApplicationContext: initialization completed in 1639 ms
2022-11-05 14:25:54.529  INFO 8436 --- [    Test worker] com.zaxxer.hikari.HikariDataSource       : HikariPool-1 - Starting...
2022-11-05 14:25:54.870  INFO 8436 --- [    Test worker] com.zaxxer.hikari.HikariDataSource       : HikariPool-1 - Start completed.
2022-11-05 14:25:54.927  INFO 8436 --- [    Test worker] o.hibernate.jpa.internal.util.LogHelper  : HHH000204: Processing PersistenceUnitInfo [
	name: default
	...]
2022-11-05 14:25:54.991  INFO 8436 --- [    Test worker] org.hibernate.Version                    : HHH000412: Hibernate Core {5.3.10.Final}
2022-11-05 14:25:54.992  INFO 8436 --- [    Test worker] org.hibernate.cfg.Environment            : HHH000206: hibernate.properties not found
2022-11-05 14:25:55.145  INFO 8436 --- [    Test worker] o.hibernate.annotations.common.Version   : HCANN000001: Hibernate Commons Annotations {5.0.4.Final}
2022-11-05 14:25:55.299  INFO 8436 --- [    Test worker] org.hibernate.dialect.Dialect            : HHH000400: Using dialect: org.hibernate.dialect.MySQL5InnoDBDialect
2022-11-05 14:25:56.301  INFO 8436 --- [    Test worker] j.LocalContainerEntityManagerFactoryBean : Initialized JPA EntityManagerFactory for persistence unit 'default'
2022-11-05 14:25:56.888  INFO 8436 --- [    Test worker] o.h.h.i.QueryTranslatorFactoryInitiator  : HHH000397: Using ASTQueryTranslatorFactory
2022-11-05 14:25:57.245  WARN 8436 --- [    Test worker] aWebConfiguration$JpaWebMvcConfiguration : spring.jpa.open-in-view is enabled by default. Therefore, database queries may be performed during view rendering. Explicitly configure spring.jpa.open-in-view to disable this warning
2022-11-05 14:25:57.516  INFO 8436 --- [    Test worker] o.s.s.web.DefaultSecurityFilterChain     : Creating filter chain: org.springframework.boot.autoconfigure.security.servlet.StaticResourceRequest$StaticResourceRequestMatcher@67f4a970, []
2022-11-05 14:25:57.574  INFO 8436 --- [    Test worker] o.s.s.web.DefaultSecurityFilterChain     : Creating filter chain: any request, [org.springframework.security.web.context.request.async.WebAsyncManagerIntegrationFilter@58a7206a, org.springframework.security.web.context.SecurityContextPersistenceFilter@33f2426f, org.springframework.security.web.header.HeaderWriterFilter@5b4ae6ed, org.springframework.security.web.authentication.logout.LogoutFilter@334eab3f, com.betweenourclothes.jwt.JwtAuthenticationFilter@1bfe73cb, org.springframework.security.web.savedrequest.RequestCacheAwareFilter@b19d87b, org.springframework.security.web.servletapi.SecurityContextHolderAwareRequestFilter@2de2ad7f, org.springframework.security.web.authentication.AnonymousAuthenticationFilter@321a8184, org.springframework.security.web.session.SessionManagementFilter@2ca08e0b, org.springframework.security.web.access.ExceptionTranslationFilter@2639fd7c, org.springframework.security.web.access.intercept.FilterSecurityInterceptor@560d4c13]
2022-11-05 14:25:57.616  INFO 8436 --- [    Test worker] pertySourcedRequestMappingHandlerMapping : Mapped URL path [/v2/api-docs] onto method [public org.springframework.http.ResponseEntity<springfox.documentation.spring.web.json.Json> springfox.documentation.swagger2.web.Swagger2Controller.getDocumentation(java.lang.String,javax.servlet.http.HttpServletRequest)]
2022-11-05 14:25:57.851  INFO 8436 --- [    Test worker] o.s.s.concurrent.ThreadPoolTaskExecutor  : Initializing ExecutorService 'applicationTaskExecutor'
2022-11-05 14:25:58.174  INFO 8436 --- [    Test worker] d.s.w.p.DocumentationPluginsBootstrapper : Context refreshed
2022-11-05 14:25:58.192  INFO 8436 --- [    Test worker] d.s.w.p.DocumentationPluginsBootstrapper : Found 1 custom documentation plugin(s)
2022-11-05 14:25:58.216  INFO 8436 --- [    Test worker] s.d.s.w.s.ApiListingReferenceScanner     : Scanning for api listing references
2022-11-05 14:25:58.377  INFO 8436 --- [    Test worker] .d.s.w.r.o.CachingOperationNameGenerator : Generating unique operation named: deleteUsingDELETE_1
2022-11-05 14:25:58.384  INFO 8436 --- [    Test worker] .d.s.w.r.o.CachingOperationNameGenerator : Generating unique operation named: findImagesByAllCategoryUsingGET_1
2022-11-05 14:25:58.390  INFO 8436 --- [    Test worker] .d.s.w.r.o.CachingOperationNameGenerator : Generating unique operation named: findPostByIdUsingGET_1
2022-11-05 14:25:58.401  INFO 8436 --- [    Test worker] .d.s.w.r.o.CachingOperationNameGenerator : Generating unique operation named: postUsingPOST_1
2022-11-05 14:25:58.404  INFO 8436 --- [    Test worker] .d.s.w.r.o.CachingOperationNameGenerator : Generating unique operation named: updateUsingPATCH_1
2022-11-05 14:25:58.437  INFO 8436 --- [    Test worker] o.s.b.w.embedded.tomcat.TomcatWebServer  : Tomcat started on port(s): 63997 (http) with context path ''
2022-11-05 14:25:58.439  INFO 8436 --- [    Test worker] c.b.web.AuthApiControllerTest            : Started AuthApiControllerTest in 5.946 seconds (JVM running for 6.738)
2022-11-05 14:25:58.586  INFO 8436 --- [o-auto-1-exec-1] o.a.c.c.C.[Tomcat].[localhost].[/]       : Initializing Spring DispatcherServlet 'dispatcherServlet'
2022-11-05 14:25:58.587  INFO 8436 --- [o-auto-1-exec-1] o.s.web.servlet.DispatcherServlet        : Initializing Servlet 'dispatcherServlet'
2022-11-05 14:25:58.605  INFO 8436 --- [o-auto-1-exec-1] o.s.web.servlet.DispatcherServlet        : Completed initialization in 18 ms
Hibernate: 
    select
        members0_.id as id1_6_,
        members0_.email as email2_6_,
        members0_.image as image3_6_,
        members0_.name as name4_6_,
        members0_.nickname as nickname5_6_,
        members0_.password as password6_6_,
        members0_.phone as phone7_6_,
        members0_.refresh_token as refresh_8_6_,
        members0_.role as role9_6_ 
    from
        members members0_ 
    where
        members0_.email=?
Hibernate: 
    select
        email0_.email as email1_0_0_,
        email0_.code as code2_0_0_,
        email0_.status as status3_0_0_ 
    from
        authentication email0_ 
    where
        email0_.email=?
Hibernate: 
    insert 
    into
        authentication
        (code, status, email) 
    values
        (?, ?, ?)
Hibernate: 
    select
        email0_.email as email1_0_,
        email0_.code as code2_0_,
        email0_.status as status3_0_ 
    from
        authentication email0_
Hibernate: 
    select
        email0_.email as email1_0_,
        email0_.code as code2_0_,
        email0_.status as status3_0_ 
    from
        authentication email0_ 
    where
        email0_.email=?
Hibernate: 
    update
        authentication 
    set
        code=?,
        status=? 
    where
        email=?
Hibernate: 
    select
        email0_.email as email1_0_,
        email0_.code as code2_0_,
        email0_.status as status3_0_ 
    from
        authentication email0_
{"email":"gunsong2@naver.com","password":"abcde1234!","name":"이름","nickname":"송아","phone":"00033334444"}
2022-11-05 14:26:02.133  INFO 8436 --- [    Test worker] o.a.c.c.C.[Tomcat].[localhost].[/]       : Initializing Spring TestDispatcherServlet ''
2022-11-05 14:26:02.133  INFO 8436 --- [    Test worker] o.s.t.web.servlet.TestDispatcherServlet  : Initializing Servlet ''
2022-11-05 14:26:02.137  INFO 8436 --- [    Test worker] o.s.t.web.servlet.TestDispatcherServlet  : Completed initialization in 4 ms
Hibernate: 
    select
        members0_.id as id1_6_,
        members0_.email as email2_6_,
        members0_.image as image3_6_,
        members0_.name as name4_6_,
        members0_.nickname as nickname5_6_,
        members0_.password as password6_6_,
        members0_.phone as phone7_6_,
        members0_.refresh_token as refresh_8_6_,
        members0_.role as role9_6_ 
    from
        members members0_ 
    where
        members0_.email=?
Hibernate: 
    select
        email0_.email as email1_0_,
        email0_.code as code2_0_,
        email0_.status as status3_0_ 
    from
        authentication email0_ 
    where
        email0_.email=?
Hibernate: 
    select
        members0_.id as id1_6_,
        members0_.email as email2_6_,
        members0_.image as image3_6_,
        members0_.name as name4_6_,
        members0_.nickname as nickname5_6_,
        members0_.password as password6_6_,
        members0_.phone as phone7_6_,
        members0_.refresh_token as refresh_8_6_,
        members0_.role as role9_6_ 
    from
        members members0_ 
    where
        members0_.nickname=?
Hibernate: 
    insert 
    into
        members
        (email, image, name, nickname, password, phone, role) 
    values
        (?, ?, ?, ?, ?, ?, ?)
Hibernate: 
    delete 
    from
        authentication 
    where
        email=?

MockHttpServletRequest:
      HTTP Method = POST
      Request URI = /api/v1/auth/sign-up
       Parameters = {}
          Headers = [Content-Type:"multipart/form-data", Accept:"application/json"]
             Body = <no character encoding set>
    Session Attrs = {}

Handler:
             Type = com.betweenourclothes.web.AuthApiController
           Method = public org.springframework.http.ResponseEntity<java.lang.String> com.betweenourclothes.web.AuthApiController.signUp(com.betweenourclothes.web.dto.request.AuthSignUpRequestDto,org.springframework.web.multipart.MultipartFile) throws java.lang.Exception

Async:
    Async started = false
     Async result = null

Resolved Exception:
             Type = null

ModelAndView:
        View name = null
             View = null
            Model = null

FlashMap:
       Attributes = null

MockHttpServletResponse:
           Status = 200
    Error message = null
          Headers = [Content-Type:"application/json;charset=UTF-8", Content-Length:"19"]
     Content type = application/json;charset=UTF-8
             Body = 회원가입 성공
    Forwarded URL = null
   Redirected URL = null
          Cookies = []
Hibernate: 
    select
        members0_.id as id1_6_,
        members0_.email as email2_6_,
        members0_.image as image3_6_,
        members0_.name as name4_6_,
        members0_.nickname as nickname5_6_,
        members0_.password as password6_6_,
        members0_.phone as phone7_6_,
        members0_.refresh_token as refresh_8_6_,
        members0_.role as role9_6_ 
    from
        members members0_
C:\Users\user1\Desktop\송아\캡스톤\repo\between-our-clothes-server\.\src\main\resources\static\images\profile\profile-c065f839-242a-4456-94c2-f9f09adbe396.png
Hibernate: 
    select
        members0_.id as id1_6_,
        members0_.email as email2_6_,
        members0_.image as image3_6_,
        members0_.name as name4_6_,
        members0_.nickname as nickname5_6_,
        members0_.password as password6_6_,
        members0_.phone as phone7_6_,
        members0_.refresh_token as refresh_8_6_,
        members0_.role as role9_6_ 
    from
        members members0_ 
    where
        members0_.email=?
Hibernate: 
    select
        members0_.id as id1_6_,
        members0_.email as email2_6_,
        members0_.image as image3_6_,
        members0_.name as name4_6_,
        members0_.nickname as nickname5_6_,
        members0_.password as password6_6_,
        members0_.phone as phone7_6_,
        members0_.refresh_token as refresh_8_6_,
        members0_.role as role9_6_ 
    from
        members members0_ 
    where
        members0_.email=?
Hibernate: 
    update
        members 
    set
        email=?,
        image=?,
        name=?,
        nickname=?,
        password=?,
        phone=?,
        refresh_token=?,
        role=? 
    where
        id=?
Hibernate: 
    select
        members0_.id as id1_6_,
        members0_.email as email2_6_,
        members0_.image as image3_6_,
        members0_.name as name4_6_,
        members0_.nickname as nickname5_6_,
        members0_.password as password6_6_,
        members0_.phone as phone7_6_,
        members0_.refresh_token as refresh_8_6_,
        members0_.role as role9_6_ 
    from
        members members0_
]]></system-out>
  <system-err><![CDATA[]]></system-err>
</testsuite>
