<?xml version="1.0" encoding="UTF-8"?>
<testsuite name="com.betweenourclothes.web.StoresApiControllerTest" tests="1" skipped="0" failures="0" errors="0" timestamp="2022-11-25T05:27:22" hostname="user" time="2.017">
  <properties/>
  <testcase name="중고거래_댓글추가_확인_삭제_확인" classname="com.betweenourclothes.web.StoresApiControllerTest" time="2.017"/>
  <system-out><![CDATA[14:27:14.346 [Test worker] DEBUG org.springframework.test.context.junit4.SpringJUnit4ClassRunner - SpringJUnit4ClassRunner constructor called with [class com.betweenourclothes.web.StoresApiControllerTest]
14:27:14.351 [Test worker] DEBUG org.springframework.test.context.BootstrapUtils - Instantiating CacheAwareContextLoaderDelegate from class [org.springframework.test.context.cache.DefaultCacheAwareContextLoaderDelegate]
14:27:14.357 [Test worker] DEBUG org.springframework.test.context.BootstrapUtils - Instantiating BootstrapContext using constructor [public org.springframework.test.context.support.DefaultBootstrapContext(java.lang.Class,org.springframework.test.context.CacheAwareContextLoaderDelegate)]
14:27:14.370 [Test worker] DEBUG org.springframework.test.context.BootstrapUtils - Instantiating TestContextBootstrapper for test class [com.betweenourclothes.web.StoresApiControllerTest] from class [org.springframework.boot.test.context.SpringBootTestContextBootstrapper]
14:27:14.379 [Test worker] INFO org.springframework.boot.test.context.SpringBootTestContextBootstrapper - Neither @ContextConfiguration nor @ContextHierarchy found for test class [com.betweenourclothes.web.StoresApiControllerTest], using SpringBootContextLoader
14:27:14.382 [Test worker] DEBUG org.springframework.test.context.support.AbstractContextLoader - Did not detect default resource location for test class [com.betweenourclothes.web.StoresApiControllerTest]: class path resource [com/betweenourclothes/web/StoresApiControllerTest-context.xml] does not exist
14:27:14.382 [Test worker] DEBUG org.springframework.test.context.support.AbstractContextLoader - Did not detect default resource location for test class [com.betweenourclothes.web.StoresApiControllerTest]: class path resource [com/betweenourclothes/web/StoresApiControllerTestContext.groovy] does not exist
14:27:14.382 [Test worker] INFO org.springframework.test.context.support.AbstractContextLoader - Could not detect default resource locations for test class [com.betweenourclothes.web.StoresApiControllerTest]: no resource found for suffixes {-context.xml, Context.groovy}.
14:27:14.383 [Test worker] INFO org.springframework.test.context.support.AnnotationConfigContextLoaderUtils - Could not detect default configuration classes for test class [com.betweenourclothes.web.StoresApiControllerTest]: StoresApiControllerTest does not declare any static, non-private, non-final, nested classes annotated with @Configuration.
14:27:14.416 [Test worker] DEBUG org.springframework.test.context.support.ActiveProfilesUtils - Could not find an 'annotation declaring class' for annotation type [org.springframework.test.context.ActiveProfiles] and class [com.betweenourclothes.web.StoresApiControllerTest]
14:27:14.502 [Test worker] DEBUG org.springframework.context.annotation.ClassPathScanningCandidateComponentProvider - Identified candidate component class: file [C:\Users\user1\Desktop\송아\캡스톤\repo\between-our-clothes-server\build\classes\java\main\com\betweenourclothes\Application.class]
14:27:14.504 [Test worker] INFO org.springframework.boot.test.context.SpringBootTestContextBootstrapper - Found @SpringBootConfiguration com.betweenourclothes.Application for test class com.betweenourclothes.web.StoresApiControllerTest
14:27:14.573 [Test worker] DEBUG org.springframework.boot.test.context.SpringBootTestContextBootstrapper - @TestExecutionListeners is not present for class [com.betweenourclothes.web.StoresApiControllerTest]: using defaults.
14:27:14.573 [Test worker] INFO org.springframework.boot.test.context.SpringBootTestContextBootstrapper - Loaded default TestExecutionListener class names from location [META-INF/spring.factories]: [org.springframework.security.test.context.support.WithSecurityContextTestExecutionListener, org.springframework.security.test.context.support.ReactorContextTestExecutionListener, org.springframework.boot.test.autoconfigure.restdocs.RestDocsTestExecutionListener, org.springframework.boot.test.autoconfigure.web.client.MockRestServiceServerResetTestExecutionListener, org.springframework.boot.test.autoconfigure.web.servlet.MockMvcPrintOnlyOnFailureTestExecutionListener, org.springframework.boot.test.autoconfigure.web.servlet.WebDriverTestExecutionListener, org.springframework.boot.test.mock.mockito.MockitoTestExecutionListener, org.springframework.boot.test.mock.mockito.ResetMocksTestExecutionListener, org.springframework.test.context.web.ServletTestExecutionListener, org.springframework.test.context.support.DirtiesContextBeforeModesTestExecutionListener, org.springframework.test.context.support.DependencyInjectionTestExecutionListener, org.springframework.test.context.support.DirtiesContextTestExecutionListener, org.springframework.test.context.transaction.TransactionalTestExecutionListener, org.springframework.test.context.jdbc.SqlScriptsTestExecutionListener]
14:27:14.591 [Test worker] INFO org.springframework.boot.test.context.SpringBootTestContextBootstrapper - Using TestExecutionListeners: [org.springframework.test.context.web.ServletTestExecutionListener@13458e2c, org.springframework.test.context.support.DirtiesContextBeforeModesTestExecutionListener@5f40d418, org.springframework.boot.test.mock.mockito.MockitoTestExecutionListener@39f1a53, org.springframework.boot.test.autoconfigure.SpringBootDependencyInjectionTestExecutionListener@7b6bca36, org.springframework.test.context.support.DirtiesContextTestExecutionListener@44600f99, org.springframework.test.context.transaction.TransactionalTestExecutionListener@1d59e319, org.springframework.test.context.jdbc.SqlScriptsTestExecutionListener@66ef2f63, org.springframework.security.test.context.support.WithSecurityContextTestExecutionListener@437073f2, org.springframework.security.test.context.support.ReactorContextTestExecutionListener@7a8a0c2, org.springframework.boot.test.autoconfigure.restdocs.RestDocsTestExecutionListener@553bda05, org.springframework.boot.test.autoconfigure.web.client.MockRestServiceServerResetTestExecutionListener@4a3073f6, org.springframework.boot.test.autoconfigure.web.servlet.MockMvcPrintOnlyOnFailureTestExecutionListener@a1f66a1, org.springframework.boot.test.autoconfigure.web.servlet.WebDriverTestExecutionListener@48737990, org.springframework.boot.test.mock.mockito.ResetMocksTestExecutionListener@43137969]
14:27:14.593 [Test worker] DEBUG org.springframework.test.annotation.ProfileValueUtils - Retrieved @ProfileValueSourceConfiguration [null] for test class [com.betweenourclothes.web.StoresApiControllerTest]
14:27:14.594 [Test worker] DEBUG org.springframework.test.annotation.ProfileValueUtils - Retrieved ProfileValueSource type [class org.springframework.test.annotation.SystemProfileValueSource] for class [com.betweenourclothes.web.StoresApiControllerTest]
14:27:14.600 [Test worker] DEBUG org.springframework.test.annotation.ProfileValueUtils - Retrieved @ProfileValueSourceConfiguration [null] for test class [com.betweenourclothes.web.StoresApiControllerTest]
14:27:14.600 [Test worker] DEBUG org.springframework.test.annotation.ProfileValueUtils - Retrieved ProfileValueSource type [class org.springframework.test.annotation.SystemProfileValueSource] for class [com.betweenourclothes.web.StoresApiControllerTest]
14:27:14.600 [Test worker] DEBUG org.springframework.test.annotation.ProfileValueUtils - Retrieved @ProfileValueSourceConfiguration [null] for test class [com.betweenourclothes.web.StoresApiControllerTest]
14:27:14.600 [Test worker] DEBUG org.springframework.test.annotation.ProfileValueUtils - Retrieved ProfileValueSource type [class org.springframework.test.annotation.SystemProfileValueSource] for class [com.betweenourclothes.web.StoresApiControllerTest]
14:27:14.604 [Test worker] DEBUG org.springframework.test.context.support.AbstractDirtiesContextTestExecutionListener - Before test class: context [DefaultTestContext@65289ca1 testClass = StoresApiControllerTest, testInstance = [null], testMethod = [null], testException = [null], mergedContextConfiguration = [WebMergedContextConfiguration@758dfef8 testClass = StoresApiControllerTest, locations = '{}', classes = '{class com.betweenourclothes.Application}', contextInitializerClasses = '[]', activeProfiles = '{}', propertySourceLocations = '{}', propertySourceProperties = '{org.springframework.boot.test.context.SpringBootTestContextBootstrapper=true, server.port=0}', contextCustomizers = set[org.springframework.boot.test.autoconfigure.properties.PropertyMappingContextCustomizer@0, org.springframework.boot.test.autoconfigure.web.servlet.WebDriverContextCustomizerFactory$Customizer@366f813d, org.springframework.boot.test.context.filter.ExcludeFilterContextCustomizer@6ddc32af, org.springframework.boot.test.json.DuplicateJsonObjectContextCustomizerFactory$DuplicateJsonObjectContextCustomizer@67cbf4f8, org.springframework.boot.test.mock.mockito.MockitoContextCustomizer@0, org.springframework.boot.test.web.client.TestRestTemplateContextCustomizer@41226041], resourceBasePath = 'src/main/webapp', contextLoader = 'org.springframework.boot.test.context.SpringBootContextLoader', parent = [null]], attributes = map['org.springframework.test.context.web.ServletTestExecutionListener.activateListener' -> false]], class annotated with @DirtiesContext [false] with mode [null].
14:27:14.604 [Test worker] DEBUG org.springframework.test.annotation.ProfileValueUtils - Retrieved @ProfileValueSourceConfiguration [null] for test class [com.betweenourclothes.web.StoresApiControllerTest]
14:27:14.604 [Test worker] DEBUG org.springframework.test.annotation.ProfileValueUtils - Retrieved ProfileValueSource type [class org.springframework.test.annotation.SystemProfileValueSource] for class [com.betweenourclothes.web.StoresApiControllerTest]
14:27:14.607 [Test worker] DEBUG org.springframework.test.context.support.DependencyInjectionTestExecutionListener - Performing dependency injection for test context [[DefaultTestContext@65289ca1 testClass = StoresApiControllerTest, testInstance = com.betweenourclothes.web.StoresApiControllerTest@773a7569, testMethod = [null], testException = [null], mergedContextConfiguration = [WebMergedContextConfiguration@758dfef8 testClass = StoresApiControllerTest, locations = '{}', classes = '{class com.betweenourclothes.Application}', contextInitializerClasses = '[]', activeProfiles = '{}', propertySourceLocations = '{}', propertySourceProperties = '{org.springframework.boot.test.context.SpringBootTestContextBootstrapper=true, server.port=0}', contextCustomizers = set[org.springframework.boot.test.autoconfigure.properties.PropertyMappingContextCustomizer@0, org.springframework.boot.test.autoconfigure.web.servlet.WebDriverContextCustomizerFactory$Customizer@366f813d, org.springframework.boot.test.context.filter.ExcludeFilterContextCustomizer@6ddc32af, org.springframework.boot.test.json.DuplicateJsonObjectContextCustomizerFactory$DuplicateJsonObjectContextCustomizer@67cbf4f8, org.springframework.boot.test.mock.mockito.MockitoContextCustomizer@0, org.springframework.boot.test.web.client.TestRestTemplateContextCustomizer@41226041], resourceBasePath = 'src/main/webapp', contextLoader = 'org.springframework.boot.test.context.SpringBootContextLoader', parent = [null]], attributes = map['org.springframework.test.context.web.ServletTestExecutionListener.activateListener' -> false]]].
14:27:14.622 [Test worker] DEBUG org.springframework.test.context.support.TestPropertySourceUtils - Adding inlined properties to environment: {spring.jmx.enabled=false, org.springframework.boot.test.context.SpringBootTestContextBootstrapper=true, server.port=0}

  .   ____          _            __ _ _
 /\\ / ___'_ __ _ _(_)_ __  __ _ \ \ \ \
( ( )\___ | '_ | '_| | '_ \/ _` | \ \ \ \
 \\/  ___)| |_)| | | | | || (_| |  ) ) ) )
  '  |____| .__|_| |_|_| |_\__, | / / / /
 =========|_|==============|___/=/_/_/_/
 :: Spring Boot ::        (v2.1.7.RELEASE)

2022-11-25 14:27:14.811  INFO 10208 --- [    Test worker] c.b.web.StoresApiControllerTest          : Starting StoresApiControllerTest on user with PID 10208 (started by user1 in C:\Users\user1\Desktop\송아\캡스톤\repo\between-our-clothes-server)
2022-11-25 14:27:14.813  INFO 10208 --- [    Test worker] c.b.web.StoresApiControllerTest          : No active profile set, falling back to default profiles: default
2022-11-25 14:27:15.594  INFO 10208 --- [    Test worker] .s.d.r.c.RepositoryConfigurationDelegate : Bootstrapping Spring Data repositories in DEFAULT mode.
2022-11-25 14:27:15.707  INFO 10208 --- [    Test worker] .s.d.r.c.RepositoryConfigurationDelegate : Finished Spring Data repository scanning in 108ms. Found 15 repository interfaces.
2022-11-25 14:27:16.122  INFO 10208 --- [    Test worker] trationDelegate$BeanPostProcessorChecker : Bean 'org.springframework.transaction.annotation.ProxyTransactionManagementConfiguration' of type [org.springframework.transaction.annotation.ProxyTransactionManagementConfiguration$$EnhancerBySpringCGLIB$$86afefe0] is not eligible for getting processed by all BeanPostProcessors (for example: not eligible for auto-proxying)
2022-11-25 14:27:16.494  INFO 10208 --- [    Test worker] o.s.b.w.embedded.tomcat.TomcatWebServer  : Tomcat initialized with port(s): 0 (http)
2022-11-25 14:27:16.518  INFO 10208 --- [    Test worker] o.apache.catalina.core.StandardService   : Starting service [Tomcat]
2022-11-25 14:27:16.519  INFO 10208 --- [    Test worker] org.apache.catalina.core.StandardEngine  : Starting Servlet engine: [Apache Tomcat/9.0.22]
2022-11-25 14:27:16.684  INFO 10208 --- [    Test worker] o.a.c.c.C.[Tomcat].[localhost].[/]       : Initializing Spring embedded WebApplicationContext
2022-11-25 14:27:16.685  INFO 10208 --- [    Test worker] o.s.web.context.ContextLoader            : Root WebApplicationContext: initialization completed in 1856 ms
2022-11-25 14:27:17.067  INFO 10208 --- [    Test worker] com.zaxxer.hikari.HikariDataSource       : HikariPool-1 - Starting...
2022-11-25 14:27:17.732  INFO 10208 --- [    Test worker] com.zaxxer.hikari.HikariDataSource       : HikariPool-1 - Start completed.
2022-11-25 14:27:17.815  INFO 10208 --- [    Test worker] o.hibernate.jpa.internal.util.LogHelper  : HHH000204: Processing PersistenceUnitInfo [
	name: default
	...]
2022-11-25 14:27:17.899  INFO 10208 --- [    Test worker] org.hibernate.Version                    : HHH000412: Hibernate Core {5.3.10.Final}
2022-11-25 14:27:17.901  INFO 10208 --- [    Test worker] org.hibernate.cfg.Environment            : HHH000206: hibernate.properties not found
2022-11-25 14:27:18.068  INFO 10208 --- [    Test worker] o.hibernate.annotations.common.Version   : HCANN000001: Hibernate Commons Annotations {5.0.4.Final}
2022-11-25 14:27:18.227  INFO 10208 --- [    Test worker] org.hibernate.dialect.Dialect            : HHH000400: Using dialect: org.hibernate.dialect.MySQL5InnoDBDialect
2022-11-25 14:27:19.458  INFO 10208 --- [    Test worker] j.LocalContainerEntityManagerFactoryBean : Initialized JPA EntityManagerFactory for persistence unit 'default'
2022-11-25 14:27:20.139  INFO 10208 --- [    Test worker] o.h.h.i.QueryTranslatorFactoryInitiator  : HHH000397: Using ASTQueryTranslatorFactory
2022-11-25 14:27:20.620  WARN 10208 --- [    Test worker] aWebConfiguration$JpaWebMvcConfiguration : spring.jpa.open-in-view is enabled by default. Therefore, database queries may be performed during view rendering. Explicitly configure spring.jpa.open-in-view to disable this warning
2022-11-25 14:27:20.968  INFO 10208 --- [    Test worker] o.s.s.web.DefaultSecurityFilterChain     : Creating filter chain: org.springframework.boot.autoconfigure.security.servlet.StaticResourceRequest$StaticResourceRequestMatcher@55f0656d, []
2022-11-25 14:27:21.070  INFO 10208 --- [    Test worker] o.s.s.web.DefaultSecurityFilterChain     : Creating filter chain: any request, [org.springframework.security.web.context.request.async.WebAsyncManagerIntegrationFilter@2ce1927d, org.springframework.security.web.context.SecurityContextPersistenceFilter@631cc64, org.springframework.security.web.header.HeaderWriterFilter@21f51195, org.springframework.security.web.authentication.logout.LogoutFilter@30790444, com.betweenourclothes.jwt.JwtAuthenticationFilter@7166a691, org.springframework.security.web.savedrequest.RequestCacheAwareFilter@1b7c30b1, org.springframework.security.web.servletapi.SecurityContextHolderAwareRequestFilter@57f8580b, org.springframework.security.web.authentication.AnonymousAuthenticationFilter@5d8812ee, org.springframework.security.web.session.SessionManagementFilter@251f9126, org.springframework.security.web.access.ExceptionTranslationFilter@72745eb2, org.springframework.security.web.access.intercept.FilterSecurityInterceptor@5dc16d1c]
2022-11-25 14:27:21.127  INFO 10208 --- [    Test worker] pertySourcedRequestMappingHandlerMapping : Mapped URL path [/v2/api-docs] onto method [public org.springframework.http.ResponseEntity<springfox.documentation.spring.web.json.Json> springfox.documentation.swagger2.web.Swagger2Controller.getDocumentation(java.lang.String,javax.servlet.http.HttpServletRequest)]
2022-11-25 14:27:21.480  INFO 10208 --- [    Test worker] o.s.s.concurrent.ThreadPoolTaskExecutor  : Initializing ExecutorService 'applicationTaskExecutor'
2022-11-25 14:27:21.859  INFO 10208 --- [    Test worker] d.s.w.p.DocumentationPluginsBootstrapper : Context refreshed
2022-11-25 14:27:21.896  INFO 10208 --- [    Test worker] d.s.w.p.DocumentationPluginsBootstrapper : Found 1 custom documentation plugin(s)
2022-11-25 14:27:21.945  INFO 10208 --- [    Test worker] s.d.s.w.s.ApiListingReferenceScanner     : Scanning for api listing references
2022-11-25 14:27:22.238  INFO 10208 --- [    Test worker] .d.s.w.r.o.CachingOperationNameGenerator : Generating unique operation named: deleteUsingDELETE_1
2022-11-25 14:27:22.268  INFO 10208 --- [    Test worker] .d.s.w.r.o.CachingOperationNameGenerator : Generating unique operation named: findPostByIdUsingGET_1
2022-11-25 14:27:22.278  INFO 10208 --- [    Test worker] .d.s.w.r.o.CachingOperationNameGenerator : Generating unique operation named: findPostsByAllCategoryUsingPOST_1
2022-11-25 14:27:22.300  INFO 10208 --- [    Test worker] .d.s.w.r.o.CachingOperationNameGenerator : Generating unique operation named: postUsingPOST_1
2022-11-25 14:27:22.303  INFO 10208 --- [    Test worker] .d.s.w.r.o.CachingOperationNameGenerator : Generating unique operation named: updateUsingPUT_1
2022-11-25 14:27:22.352  INFO 10208 --- [    Test worker] o.s.b.w.embedded.tomcat.TomcatWebServer  : Tomcat started on port(s): 63213 (http) with context path ''
2022-11-25 14:27:22.355  INFO 10208 --- [    Test worker] c.b.web.StoresApiControllerTest          : Started StoresApiControllerTest in 7.732 seconds (JVM running for 8.555)
2022-11-25 14:27:22.589  INFO 10208 --- [o-auto-1-exec-1] o.a.c.c.C.[Tomcat].[localhost].[/]       : Initializing Spring DispatcherServlet 'dispatcherServlet'
2022-11-25 14:27:22.589  INFO 10208 --- [o-auto-1-exec-1] o.s.web.servlet.DispatcherServlet        : Initializing Servlet 'dispatcherServlet'
2022-11-25 14:27:22.609  INFO 10208 --- [o-auto-1-exec-1] o.s.web.servlet.DispatcherServlet        : Completed initialization in 20 ms
Hibernate: 
    select
        members0_.id as id1_6_,
        members0_.email as email2_6_,
        members0_.image as image3_6_,
        members0_.name as name4_6_,
        members0_.nickname as nickname5_6_,
        members0_.password as password6_6_,
        members0_.phone as phone7_6_,
        members0_.refresh_token as refresh_8_6_,
        members0_.role as role9_6_ 
    from
        members members0_ 
    where
        members0_.email=?
Hibernate: 
    select
        members0_.id as id1_6_,
        members0_.email as email2_6_,
        members0_.image as image3_6_,
        members0_.name as name4_6_,
        members0_.nickname as nickname5_6_,
        members0_.password as password6_6_,
        members0_.phone as phone7_6_,
        members0_.refresh_token as refresh_8_6_,
        members0_.role as role9_6_ 
    from
        members members0_ 
    where
        members0_.email=?
Hibernate: 
    update
        members 
    set
        email=?,
        image=?,
        name=?,
        nickname=?,
        password=?,
        phone=?,
        refresh_token=?,
        role=? 
    where
        id=?
2022-11-25 14:27:23.286  INFO 10208 --- [    Test worker] o.a.c.c.C.[Tomcat].[localhost].[/]       : Initializing Spring TestDispatcherServlet ''
2022-11-25 14:27:23.287  INFO 10208 --- [    Test worker] o.s.t.web.servlet.TestDispatcherServlet  : Initializing Servlet ''
2022-11-25 14:27:23.291  INFO 10208 --- [    Test worker] o.s.t.web.servlet.TestDispatcherServlet  : Completed initialization in 4 ms
gunsong2@naver.com
Hibernate: 
    select
        members0_.id as id1_6_,
        members0_.email as email2_6_,
        members0_.image as image3_6_,
        members0_.name as name4_6_,
        members0_.nickname as nickname5_6_,
        members0_.password as password6_6_,
        members0_.phone as phone7_6_,
        members0_.refresh_token as refresh_8_6_,
        members0_.role as role9_6_ 
    from
        members members0_ 
    where
        members0_.email=?
Hibernate: 
    select
        style0_.id as id1_14_,
        style0_.name as name2_14_ 
    from
        style style0_ 
    where
        style0_.name=?
Hibernate: 
    select
        materials0_.id as id1_5_,
        materials0_.name as name2_5_ 
    from
        materials materials0_ 
    where
        materials0_.name=?
Hibernate: 
    select
        colors0_.id as id1_4_,
        colors0_.name as name2_4_ 
    from
        colors colors0_ 
    where
        colors0_.name=?
Hibernate: 
    select
        clothesinf0_.id as id1_2_,
        clothesinf0_.categoryl as category2_2_,
        clothesinf0_.categorys as category3_2_,
        clothesinf0_.fit as fit4_2_,
        clothesinf0_.length as length5_2_ 
    from
        clothes_info clothesinf0_ 
    where
        clothesinf0_.categoryl=? 
        and clothesinf0_.categorys=? 
        and clothesinf0_.length=? 
        and clothesinf0_.fit=?
Hibernate: 
    select
        salesinfoc0_.id as id1_9_,
        salesinfoc0_.clothes_brand as clothes_2_9_,
        salesinfoc0_.clothes_color as clothes_3_9_,
        salesinfoc0_.clothes_gender as clothes_4_9_,
        salesinfoc0_.clothes_size as clothes_5_9_ 
    from
        sales_info_clothes salesinfoc0_ 
    where
        salesinfoc0_.clothes_brand=? 
        and salesinfoc0_.clothes_gender=? 
        and salesinfoc0_.clothes_size=? 
        and salesinfoc0_.clothes_color=?
Hibernate: 
    select
        salesinfos0_.id as id1_10_,
        salesinfos0_.status_score as status_s2_10_,
        salesinfos0_.status_tag as status_t3_10_,
        salesinfos0_.status_times as status_t4_10_,
        salesinfos0_.status_when2buy as status_w5_10_,
        salesinfos0_.transport as transpor6_10_ 
    from
        sales_info_status salesinfos0_ 
    where
        salesinfos0_.status_tag=? 
        and salesinfos0_.status_score=? 
        and salesinfos0_.status_times=? 
        and salesinfos0_.status_when2buy=? 
        and salesinfos0_.transport=?
Hibernate: 
    select
        salesinfou0_.id as id1_11_,
        salesinfou0_.user_height as user_hei2_11_,
        salesinfou0_.user_size as user_siz3_11_,
        salesinfou0_.user_weight as user_wei4_11_ 
    from
        sales_info_user salesinfou0_ 
    where
        salesinfou0_.user_size=? 
        and salesinfou0_.user_weight=? 
        and salesinfou0_.user_height=?
C:\Users\user1\betweenourclothes\images\stores\stores-c47f6135-4e0c-4375-86c2-84dbc08ead9a.jpg
Hibernate: 
    insert 
    into
        clothes_image
        (closets_post_id, path, stores_post_id, type) 
    values
        (?, ?, ?, ?)
C:\Users\user1\betweenourclothes\images\stores\stores-8c64c41e-bcc4-4f88-94d0-6e2da4885b62.jpg
Hibernate: 
    insert 
    into
        clothes_image
        (closets_post_id, path, stores_post_id, type) 
    values
        (?, ?, ?, ?)
Hibernate: 
    insert 
    into
        stores
        (created_date, modified_date, author_id, clothes_info_id, colors_name, materials_name, style_name, clothes_length, content, price, sales_info_clothes_id, sales_info_status_id, sales_info_user_id, status, title) 
    values
        (?, ?, ?, ?, ?, ?, ?, ?, ?, ?, ?, ?, ?, ?, ?)
Hibernate: 
    update
        clothes_image 
    set
        closets_post_id=?,
        path=?,
        stores_post_id=?,
        type=? 
    where
        id=?
Hibernate: 
    update
        clothes_image 
    set
        closets_post_id=?,
        path=?,
        stores_post_id=?,
        type=? 
    where
        id=?
gunsong2@naver.com
Hibernate: 
    select
        members0_.id as id1_6_,
        members0_.email as email2_6_,
        members0_.image as image3_6_,
        members0_.name as name4_6_,
        members0_.nickname as nickname5_6_,
        members0_.password as password6_6_,
        members0_.phone as phone7_6_,
        members0_.refresh_token as refresh_8_6_,
        members0_.role as role9_6_ 
    from
        members members0_ 
    where
        members0_.email=?
Hibernate: 
    select
        style0_.id as id1_14_,
        style0_.name as name2_14_ 
    from
        style style0_ 
    where
        style0_.name=?
Hibernate: 
    select
        materials0_.id as id1_5_,
        materials0_.name as name2_5_ 
    from
        materials materials0_ 
    where
        materials0_.name=?
Hibernate: 
    select
        colors0_.id as id1_4_,
        colors0_.name as name2_4_ 
    from
        colors colors0_ 
    where
        colors0_.name=?
Hibernate: 
    select
        clothesinf0_.id as id1_2_,
        clothesinf0_.categoryl as category2_2_,
        clothesinf0_.categorys as category3_2_,
        clothesinf0_.fit as fit4_2_,
        clothesinf0_.length as length5_2_ 
    from
        clothes_info clothesinf0_ 
    where
        clothesinf0_.categoryl=? 
        and clothesinf0_.categorys=? 
        and clothesinf0_.length=? 
        and clothesinf0_.fit=?
Hibernate: 
    select
        salesinfoc0_.id as id1_9_,
        salesinfoc0_.clothes_brand as clothes_2_9_,
        salesinfoc0_.clothes_color as clothes_3_9_,
        salesinfoc0_.clothes_gender as clothes_4_9_,
        salesinfoc0_.clothes_size as clothes_5_9_ 
    from
        sales_info_clothes salesinfoc0_ 
    where
        salesinfoc0_.clothes_brand=? 
        and salesinfoc0_.clothes_gender=? 
        and salesinfoc0_.clothes_size=? 
        and salesinfoc0_.clothes_color=?
Hibernate: 
    select
        salesinfos0_.id as id1_10_,
        salesinfos0_.status_score as status_s2_10_,
        salesinfos0_.status_tag as status_t3_10_,
        salesinfos0_.status_times as status_t4_10_,
        salesinfos0_.status_when2buy as status_w5_10_,
        salesinfos0_.transport as transpor6_10_ 
    from
        sales_info_status salesinfos0_ 
    where
        salesinfos0_.status_tag=? 
        and salesinfos0_.status_score=? 
        and salesinfos0_.status_times=? 
        and salesinfos0_.status_when2buy=? 
        and salesinfos0_.transport=?
Hibernate: 
    select
        salesinfou0_.id as id1_11_,
        salesinfou0_.user_height as user_hei2_11_,
        salesinfou0_.user_size as user_siz3_11_,
        salesinfou0_.user_weight as user_wei4_11_ 
    from
        sales_info_user salesinfou0_ 
    where
        salesinfou0_.user_size=? 
        and salesinfou0_.user_weight=? 
        and salesinfou0_.user_height=?
C:\Users\user1\betweenourclothes\images\stores\stores-e1fb677a-834f-42ad-95e6-254e9d8e336d.jpg
Hibernate: 
    insert 
    into
        clothes_image
        (closets_post_id, path, stores_post_id, type) 
    values
        (?, ?, ?, ?)
C:\Users\user1\betweenourclothes\images\stores\stores-3a6d77a0-a53c-48e1-804b-6d5a338c97b8.jpg
Hibernate: 
    insert 
    into
        clothes_image
        (closets_post_id, path, stores_post_id, type) 
    values
        (?, ?, ?, ?)
Hibernate: 
    insert 
    into
        stores
        (created_date, modified_date, author_id, clothes_info_id, colors_name, materials_name, style_name, clothes_length, content, price, sales_info_clothes_id, sales_info_status_id, sales_info_user_id, status, title) 
    values
        (?, ?, ?, ?, ?, ?, ?, ?, ?, ?, ?, ?, ?, ?, ?)
Hibernate: 
    update
        clothes_image 
    set
        closets_post_id=?,
        path=?,
        stores_post_id=?,
        type=? 
    where
        id=?
Hibernate: 
    update
        clothes_image 
    set
        closets_post_id=?,
        path=?,
        stores_post_id=?,
        type=? 
    where
        id=?
gunsong2@naver.com
Hibernate: 
    select
        members0_.id as id1_6_,
        members0_.email as email2_6_,
        members0_.image as image3_6_,
        members0_.name as name4_6_,
        members0_.nickname as nickname5_6_,
        members0_.password as password6_6_,
        members0_.phone as phone7_6_,
        members0_.refresh_token as refresh_8_6_,
        members0_.role as role9_6_ 
    from
        members members0_ 
    where
        members0_.email=?
Hibernate: 
    select
        style0_.id as id1_14_,
        style0_.name as name2_14_ 
    from
        style style0_ 
    where
        style0_.name=?
Hibernate: 
    select
        materials0_.id as id1_5_,
        materials0_.name as name2_5_ 
    from
        materials materials0_ 
    where
        materials0_.name=?
Hibernate: 
    select
        colors0_.id as id1_4_,
        colors0_.name as name2_4_ 
    from
        colors colors0_ 
    where
        colors0_.name=?
Hibernate: 
    select
        clothesinf0_.id as id1_2_,
        clothesinf0_.categoryl as category2_2_,
        clothesinf0_.categorys as category3_2_,
        clothesinf0_.fit as fit4_2_,
        clothesinf0_.length as length5_2_ 
    from
        clothes_info clothesinf0_ 
    where
        clothesinf0_.categoryl=? 
        and clothesinf0_.categorys=? 
        and clothesinf0_.length=? 
        and clothesinf0_.fit=?
Hibernate: 
    select
        salesinfoc0_.id as id1_9_,
        salesinfoc0_.clothes_brand as clothes_2_9_,
        salesinfoc0_.clothes_color as clothes_3_9_,
        salesinfoc0_.clothes_gender as clothes_4_9_,
        salesinfoc0_.clothes_size as clothes_5_9_ 
    from
        sales_info_clothes salesinfoc0_ 
    where
        salesinfoc0_.clothes_brand=? 
        and salesinfoc0_.clothes_gender=? 
        and salesinfoc0_.clothes_size=? 
        and salesinfoc0_.clothes_color=?
Hibernate: 
    select
        salesinfos0_.id as id1_10_,
        salesinfos0_.status_score as status_s2_10_,
        salesinfos0_.status_tag as status_t3_10_,
        salesinfos0_.status_times as status_t4_10_,
        salesinfos0_.status_when2buy as status_w5_10_,
        salesinfos0_.transport as transpor6_10_ 
    from
        sales_info_status salesinfos0_ 
    where
        salesinfos0_.status_tag=? 
        and salesinfos0_.status_score=? 
        and salesinfos0_.status_times=? 
        and salesinfos0_.status_when2buy=? 
        and salesinfos0_.transport=?
Hibernate: 
    select
        salesinfou0_.id as id1_11_,
        salesinfou0_.user_height as user_hei2_11_,
        salesinfou0_.user_size as user_siz3_11_,
        salesinfou0_.user_weight as user_wei4_11_ 
    from
        sales_info_user salesinfou0_ 
    where
        salesinfou0_.user_size=? 
        and salesinfou0_.user_weight=? 
        and salesinfou0_.user_height=?
C:\Users\user1\betweenourclothes\images\stores\stores-ac3a014e-60fd-4b0f-a071-24acbea7dea7.jpg
Hibernate: 
    insert 
    into
        clothes_image
        (closets_post_id, path, stores_post_id, type) 
    values
        (?, ?, ?, ?)
C:\Users\user1\betweenourclothes\images\stores\stores-ae751461-a9cd-413c-9f68-aa35489c4d6c.jpg
Hibernate: 
    insert 
    into
        clothes_image
        (closets_post_id, path, stores_post_id, type) 
    values
        (?, ?, ?, ?)
Hibernate: 
    insert 
    into
        stores
        (created_date, modified_date, author_id, clothes_info_id, colors_name, materials_name, style_name, clothes_length, content, price, sales_info_clothes_id, sales_info_status_id, sales_info_user_id, status, title) 
    values
        (?, ?, ?, ?, ?, ?, ?, ?, ?, ?, ?, ?, ?, ?, ?)
Hibernate: 
    update
        clothes_image 
    set
        closets_post_id=?,
        path=?,
        stores_post_id=?,
        type=? 
    where
        id=?
Hibernate: 
    update
        clothes_image 
    set
        closets_post_id=?,
        path=?,
        stores_post_id=?,
        type=? 
    where
        id=?
gunsong2@naver.com
Hibernate: 
    select
        members0_.id as id1_6_,
        members0_.email as email2_6_,
        members0_.image as image3_6_,
        members0_.name as name4_6_,
        members0_.nickname as nickname5_6_,
        members0_.password as password6_6_,
        members0_.phone as phone7_6_,
        members0_.refresh_token as refresh_8_6_,
        members0_.role as role9_6_ 
    from
        members members0_ 
    where
        members0_.email=?
Hibernate: 
    select
        style0_.id as id1_14_,
        style0_.name as name2_14_ 
    from
        style style0_ 
    where
        style0_.name=?
Hibernate: 
    select
        materials0_.id as id1_5_,
        materials0_.name as name2_5_ 
    from
        materials materials0_ 
    where
        materials0_.name=?
Hibernate: 
    select
        colors0_.id as id1_4_,
        colors0_.name as name2_4_ 
    from
        colors colors0_ 
    where
        colors0_.name=?
Hibernate: 
    select
        clothesinf0_.id as id1_2_,
        clothesinf0_.categoryl as category2_2_,
        clothesinf0_.categorys as category3_2_,
        clothesinf0_.fit as fit4_2_,
        clothesinf0_.length as length5_2_ 
    from
        clothes_info clothesinf0_ 
    where
        clothesinf0_.categoryl=? 
        and clothesinf0_.categorys=? 
        and clothesinf0_.length=? 
        and clothesinf0_.fit=?
Hibernate: 
    select
        salesinfoc0_.id as id1_9_,
        salesinfoc0_.clothes_brand as clothes_2_9_,
        salesinfoc0_.clothes_color as clothes_3_9_,
        salesinfoc0_.clothes_gender as clothes_4_9_,
        salesinfoc0_.clothes_size as clothes_5_9_ 
    from
        sales_info_clothes salesinfoc0_ 
    where
        salesinfoc0_.clothes_brand=? 
        and salesinfoc0_.clothes_gender=? 
        and salesinfoc0_.clothes_size=? 
        and salesinfoc0_.clothes_color=?
Hibernate: 
    select
        salesinfos0_.id as id1_10_,
        salesinfos0_.status_score as status_s2_10_,
        salesinfos0_.status_tag as status_t3_10_,
        salesinfos0_.status_times as status_t4_10_,
        salesinfos0_.status_when2buy as status_w5_10_,
        salesinfos0_.transport as transpor6_10_ 
    from
        sales_info_status salesinfos0_ 
    where
        salesinfos0_.status_tag=? 
        and salesinfos0_.status_score=? 
        and salesinfos0_.status_times=? 
        and salesinfos0_.status_when2buy=? 
        and salesinfos0_.transport=?
Hibernate: 
    select
        salesinfou0_.id as id1_11_,
        salesinfou0_.user_height as user_hei2_11_,
        salesinfou0_.user_size as user_siz3_11_,
        salesinfou0_.user_weight as user_wei4_11_ 
    from
        sales_info_user salesinfou0_ 
    where
        salesinfou0_.user_size=? 
        and salesinfou0_.user_weight=? 
        and salesinfou0_.user_height=?
C:\Users\user1\betweenourclothes\images\stores\stores-4525db48-786b-40df-bc8e-b2a309dc2952.jpg
Hibernate: 
    insert 
    into
        clothes_image
        (closets_post_id, path, stores_post_id, type) 
    values
        (?, ?, ?, ?)
C:\Users\user1\betweenourclothes\images\stores\stores-2141cb03-9885-41a9-819c-7865d791a0cf.jpg
Hibernate: 
    insert 
    into
        clothes_image
        (closets_post_id, path, stores_post_id, type) 
    values
        (?, ?, ?, ?)
Hibernate: 
    insert 
    into
        stores
        (created_date, modified_date, author_id, clothes_info_id, colors_name, materials_name, style_name, clothes_length, content, price, sales_info_clothes_id, sales_info_status_id, sales_info_user_id, status, title) 
    values
        (?, ?, ?, ?, ?, ?, ?, ?, ?, ?, ?, ?, ?, ?, ?)
Hibernate: 
    update
        clothes_image 
    set
        closets_post_id=?,
        path=?,
        stores_post_id=?,
        type=? 
    where
        id=?
Hibernate: 
    update
        clothes_image 
    set
        closets_post_id=?,
        path=?,
        stores_post_id=?,
        type=? 
    where
        id=?
gunsong2@naver.com
Hibernate: 
    select
        members0_.id as id1_6_,
        members0_.email as email2_6_,
        members0_.image as image3_6_,
        members0_.name as name4_6_,
        members0_.nickname as nickname5_6_,
        members0_.password as password6_6_,
        members0_.phone as phone7_6_,
        members0_.refresh_token as refresh_8_6_,
        members0_.role as role9_6_ 
    from
        members members0_ 
    where
        members0_.email=?
Hibernate: 
    select
        style0_.id as id1_14_,
        style0_.name as name2_14_ 
    from
        style style0_ 
    where
        style0_.name=?
Hibernate: 
    select
        materials0_.id as id1_5_,
        materials0_.name as name2_5_ 
    from
        materials materials0_ 
    where
        materials0_.name=?
Hibernate: 
    select
        colors0_.id as id1_4_,
        colors0_.name as name2_4_ 
    from
        colors colors0_ 
    where
        colors0_.name=?
Hibernate: 
    select
        clothesinf0_.id as id1_2_,
        clothesinf0_.categoryl as category2_2_,
        clothesinf0_.categorys as category3_2_,
        clothesinf0_.fit as fit4_2_,
        clothesinf0_.length as length5_2_ 
    from
        clothes_info clothesinf0_ 
    where
        clothesinf0_.categoryl=? 
        and clothesinf0_.categorys=? 
        and clothesinf0_.length=? 
        and clothesinf0_.fit=?
Hibernate: 
    select
        salesinfoc0_.id as id1_9_,
        salesinfoc0_.clothes_brand as clothes_2_9_,
        salesinfoc0_.clothes_color as clothes_3_9_,
        salesinfoc0_.clothes_gender as clothes_4_9_,
        salesinfoc0_.clothes_size as clothes_5_9_ 
    from
        sales_info_clothes salesinfoc0_ 
    where
        salesinfoc0_.clothes_brand=? 
        and salesinfoc0_.clothes_gender=? 
        and salesinfoc0_.clothes_size=? 
        and salesinfoc0_.clothes_color=?
Hibernate: 
    select
        salesinfos0_.id as id1_10_,
        salesinfos0_.status_score as status_s2_10_,
        salesinfos0_.status_tag as status_t3_10_,
        salesinfos0_.status_times as status_t4_10_,
        salesinfos0_.status_when2buy as status_w5_10_,
        salesinfos0_.transport as transpor6_10_ 
    from
        sales_info_status salesinfos0_ 
    where
        salesinfos0_.status_tag=? 
        and salesinfos0_.status_score=? 
        and salesinfos0_.status_times=? 
        and salesinfos0_.status_when2buy=? 
        and salesinfos0_.transport=?
Hibernate: 
    select
        salesinfou0_.id as id1_11_,
        salesinfou0_.user_height as user_hei2_11_,
        salesinfou0_.user_size as user_siz3_11_,
        salesinfou0_.user_weight as user_wei4_11_ 
    from
        sales_info_user salesinfou0_ 
    where
        salesinfou0_.user_size=? 
        and salesinfou0_.user_weight=? 
        and salesinfou0_.user_height=?
C:\Users\user1\betweenourclothes\images\stores\stores-4c639d9f-5404-4d60-bc1d-b727c93e2b0e.jpg
Hibernate: 
    insert 
    into
        clothes_image
        (closets_post_id, path, stores_post_id, type) 
    values
        (?, ?, ?, ?)
C:\Users\user1\betweenourclothes\images\stores\stores-9e71bbcb-6575-4d6b-8c5a-6e17955560bf.jpg
Hibernate: 
    insert 
    into
        clothes_image
        (closets_post_id, path, stores_post_id, type) 
    values
        (?, ?, ?, ?)
Hibernate: 
    insert 
    into
        stores
        (created_date, modified_date, author_id, clothes_info_id, colors_name, materials_name, style_name, clothes_length, content, price, sales_info_clothes_id, sales_info_status_id, sales_info_user_id, status, title) 
    values
        (?, ?, ?, ?, ?, ?, ?, ?, ?, ?, ?, ?, ?, ?, ?)
Hibernate: 
    update
        clothes_image 
    set
        closets_post_id=?,
        path=?,
        stores_post_id=?,
        type=? 
    where
        id=?
Hibernate: 
    update
        clothes_image 
    set
        closets_post_id=?,
        path=?,
        stores_post_id=?,
        type=? 
    where
        id=?
Hibernate: 
    select
        stores0_.id as id1_12_,
        stores0_.created_date as created_2_12_,
        stores0_.modified_date as modified3_12_,
        stores0_.author_id as author_i9_12_,
        stores0_.clothes_info_id as clothes10_12_,
        stores0_.colors_name as colors_11_12_,
        stores0_.materials_name as materia12_12_,
        stores0_.style_name as style_n13_12_,
        stores0_.clothes_length as clothes_4_12_,
        stores0_.content as content5_12_,
        stores0_.price as price6_12_,
        stores0_.sales_info_clothes_id as sales_i14_12_,
        stores0_.sales_info_status_id as sales_i15_12_,
        stores0_.sales_info_user_id as sales_i16_12_,
        stores0_.status as status7_12_,
        stores0_.title as title8_12_ 
    from
        stores stores0_
Hibernate: 
    select
        members0_.id as id1_6_0_,
        members0_.email as email2_6_0_,
        members0_.image as image3_6_0_,
        members0_.name as name4_6_0_,
        members0_.nickname as nickname5_6_0_,
        members0_.password as password6_6_0_,
        members0_.phone as phone7_6_0_,
        members0_.refresh_token as refresh_8_6_0_,
        members0_.role as role9_6_0_ 
    from
        members members0_ 
    where
        members0_.id=?
Hibernate: 
    select
        clothesinf0_.id as id1_2_0_,
        clothesinf0_.categoryl as category2_2_0_,
        clothesinf0_.categorys as category3_2_0_,
        clothesinf0_.fit as fit4_2_0_,
        clothesinf0_.length as length5_2_0_ 
    from
        clothes_info clothesinf0_ 
    where
        clothesinf0_.id=?
Hibernate: 
    select
        colors0_.id as id1_4_0_,
        colors0_.name as name2_4_0_ 
    from
        colors colors0_ 
    where
        colors0_.name=?
Hibernate: 
    select
        materials0_.id as id1_5_0_,
        materials0_.name as name2_5_0_ 
    from
        materials materials0_ 
    where
        materials0_.name=?
Hibernate: 
    select
        style0_.id as id1_14_0_,
        style0_.name as name2_14_0_ 
    from
        style style0_ 
    where
        style0_.name=?
Hibernate: 
    select
        salesinfoc0_.id as id1_9_0_,
        salesinfoc0_.clothes_brand as clothes_2_9_0_,
        salesinfoc0_.clothes_color as clothes_3_9_0_,
        salesinfoc0_.clothes_gender as clothes_4_9_0_,
        salesinfoc0_.clothes_size as clothes_5_9_0_ 
    from
        sales_info_clothes salesinfoc0_ 
    where
        salesinfoc0_.id=?
Hibernate: 
    select
        salesinfos0_.id as id1_10_0_,
        salesinfos0_.status_score as status_s2_10_0_,
        salesinfos0_.status_tag as status_t3_10_0_,
        salesinfos0_.status_times as status_t4_10_0_,
        salesinfos0_.status_when2buy as status_w5_10_0_,
        salesinfos0_.transport as transpor6_10_0_ 
    from
        sales_info_status salesinfos0_ 
    where
        salesinfos0_.id=?
Hibernate: 
    select
        salesinfou0_.id as id1_11_0_,
        salesinfou0_.user_height as user_hei2_11_0_,
        salesinfou0_.user_size as user_siz3_11_0_,
        salesinfou0_.user_weight as user_wei4_11_0_ 
    from
        sales_info_user salesinfou0_ 
    where
        salesinfou0_.id=?
Hibernate: 
    select
        clothesinf0_.id as id1_2_0_,
        clothesinf0_.categoryl as category2_2_0_,
        clothesinf0_.categorys as category3_2_0_,
        clothesinf0_.fit as fit4_2_0_,
        clothesinf0_.length as length5_2_0_ 
    from
        clothes_info clothesinf0_ 
    where
        clothesinf0_.id=?
Hibernate: 
    select
        colors0_.id as id1_4_0_,
        colors0_.name as name2_4_0_ 
    from
        colors colors0_ 
    where
        colors0_.name=?
Hibernate: 
    select
        materials0_.id as id1_5_0_,
        materials0_.name as name2_5_0_ 
    from
        materials materials0_ 
    where
        materials0_.name=?
Hibernate: 
    select
        style0_.id as id1_14_0_,
        style0_.name as name2_14_0_ 
    from
        style style0_ 
    where
        style0_.name=?
Hibernate: 
    select
        salesinfoc0_.id as id1_9_0_,
        salesinfoc0_.clothes_brand as clothes_2_9_0_,
        salesinfoc0_.clothes_color as clothes_3_9_0_,
        salesinfoc0_.clothes_gender as clothes_4_9_0_,
        salesinfoc0_.clothes_size as clothes_5_9_0_ 
    from
        sales_info_clothes salesinfoc0_ 
    where
        salesinfoc0_.id=?
Hibernate: 
    select
        salesinfos0_.id as id1_10_0_,
        salesinfos0_.status_score as status_s2_10_0_,
        salesinfos0_.status_tag as status_t3_10_0_,
        salesinfos0_.status_times as status_t4_10_0_,
        salesinfos0_.status_when2buy as status_w5_10_0_,
        salesinfos0_.transport as transpor6_10_0_ 
    from
        sales_info_status salesinfos0_ 
    where
        salesinfos0_.id=?
Hibernate: 
    select
        salesinfou0_.id as id1_11_0_,
        salesinfou0_.user_height as user_hei2_11_0_,
        salesinfou0_.user_size as user_siz3_11_0_,
        salesinfou0_.user_weight as user_wei4_11_0_ 
    from
        sales_info_user salesinfou0_ 
    where
        salesinfou0_.id=?
Hibernate: 
    select
        clothesinf0_.id as id1_2_0_,
        clothesinf0_.categoryl as category2_2_0_,
        clothesinf0_.categorys as category3_2_0_,
        clothesinf0_.fit as fit4_2_0_,
        clothesinf0_.length as length5_2_0_ 
    from
        clothes_info clothesinf0_ 
    where
        clothesinf0_.id=?
Hibernate: 
    select
        colors0_.id as id1_4_0_,
        colors0_.name as name2_4_0_ 
    from
        colors colors0_ 
    where
        colors0_.name=?
Hibernate: 
    select
        materials0_.id as id1_5_0_,
        materials0_.name as name2_5_0_ 
    from
        materials materials0_ 
    where
        materials0_.name=?
Hibernate: 
    select
        style0_.id as id1_14_0_,
        style0_.name as name2_14_0_ 
    from
        style style0_ 
    where
        style0_.name=?
Hibernate: 
    select
        salesinfoc0_.id as id1_9_0_,
        salesinfoc0_.clothes_brand as clothes_2_9_0_,
        salesinfoc0_.clothes_color as clothes_3_9_0_,
        salesinfoc0_.clothes_gender as clothes_4_9_0_,
        salesinfoc0_.clothes_size as clothes_5_9_0_ 
    from
        sales_info_clothes salesinfoc0_ 
    where
        salesinfoc0_.id=?
Hibernate: 
    select
        salesinfos0_.id as id1_10_0_,
        salesinfos0_.status_score as status_s2_10_0_,
        salesinfos0_.status_tag as status_t3_10_0_,
        salesinfos0_.status_times as status_t4_10_0_,
        salesinfos0_.status_when2buy as status_w5_10_0_,
        salesinfos0_.transport as transpor6_10_0_ 
    from
        sales_info_status salesinfos0_ 
    where
        salesinfos0_.id=?
Hibernate: 
    select
        salesinfou0_.id as id1_11_0_,
        salesinfou0_.user_height as user_hei2_11_0_,
        salesinfou0_.user_size as user_siz3_11_0_,
        salesinfou0_.user_weight as user_wei4_11_0_ 
    from
        sales_info_user salesinfou0_ 
    where
        salesinfou0_.id=?
Hibernate: 
    select
        clothesinf0_.id as id1_2_0_,
        clothesinf0_.categoryl as category2_2_0_,
        clothesinf0_.categorys as category3_2_0_,
        clothesinf0_.fit as fit4_2_0_,
        clothesinf0_.length as length5_2_0_ 
    from
        clothes_info clothesinf0_ 
    where
        clothesinf0_.id=?
Hibernate: 
    select
        colors0_.id as id1_4_0_,
        colors0_.name as name2_4_0_ 
    from
        colors colors0_ 
    where
        colors0_.name=?
Hibernate: 
    select
        materials0_.id as id1_5_0_,
        materials0_.name as name2_5_0_ 
    from
        materials materials0_ 
    where
        materials0_.name=?
Hibernate: 
    select
        style0_.id as id1_14_0_,
        style0_.name as name2_14_0_ 
    from
        style style0_ 
    where
        style0_.name=?
Hibernate: 
    select
        salesinfoc0_.id as id1_9_0_,
        salesinfoc0_.clothes_brand as clothes_2_9_0_,
        salesinfoc0_.clothes_color as clothes_3_9_0_,
        salesinfoc0_.clothes_gender as clothes_4_9_0_,
        salesinfoc0_.clothes_size as clothes_5_9_0_ 
    from
        sales_info_clothes salesinfoc0_ 
    where
        salesinfoc0_.id=?
Hibernate: 
    select
        salesinfos0_.id as id1_10_0_,
        salesinfos0_.status_score as status_s2_10_0_,
        salesinfos0_.status_tag as status_t3_10_0_,
        salesinfos0_.status_times as status_t4_10_0_,
        salesinfos0_.status_when2buy as status_w5_10_0_,
        salesinfos0_.transport as transpor6_10_0_ 
    from
        sales_info_status salesinfos0_ 
    where
        salesinfos0_.id=?
Hibernate: 
    select
        salesinfou0_.id as id1_11_0_,
        salesinfou0_.user_height as user_hei2_11_0_,
        salesinfou0_.user_size as user_siz3_11_0_,
        salesinfou0_.user_weight as user_wei4_11_0_ 
    from
        sales_info_user salesinfou0_ 
    where
        salesinfou0_.id=?
Hibernate: 
    select
        clothesinf0_.id as id1_2_0_,
        clothesinf0_.categoryl as category2_2_0_,
        clothesinf0_.categorys as category3_2_0_,
        clothesinf0_.fit as fit4_2_0_,
        clothesinf0_.length as length5_2_0_ 
    from
        clothes_info clothesinf0_ 
    where
        clothesinf0_.id=?
Hibernate: 
    select
        materials0_.id as id1_5_0_,
        materials0_.name as name2_5_0_ 
    from
        materials materials0_ 
    where
        materials0_.name=?
Hibernate: 
    select
        style0_.id as id1_14_0_,
        style0_.name as name2_14_0_ 
    from
        style style0_ 
    where
        style0_.name=?
Hibernate: 
    select
        salesinfoc0_.id as id1_9_0_,
        salesinfoc0_.clothes_brand as clothes_2_9_0_,
        salesinfoc0_.clothes_color as clothes_3_9_0_,
        salesinfoc0_.clothes_gender as clothes_4_9_0_,
        salesinfoc0_.clothes_size as clothes_5_9_0_ 
    from
        sales_info_clothes salesinfoc0_ 
    where
        salesinfoc0_.id=?
Hibernate: 
    select
        salesinfos0_.id as id1_10_0_,
        salesinfos0_.status_score as status_s2_10_0_,
        salesinfos0_.status_tag as status_t3_10_0_,
        salesinfos0_.status_times as status_t4_10_0_,
        salesinfos0_.status_when2buy as status_w5_10_0_,
        salesinfos0_.transport as transpor6_10_0_ 
    from
        sales_info_status salesinfos0_ 
    where
        salesinfos0_.id=?
Hibernate: 
    select
        salesinfou0_.id as id1_11_0_,
        salesinfou0_.user_height as user_hei2_11_0_,
        salesinfou0_.user_size as user_siz3_11_0_,
        salesinfou0_.user_weight as user_wei4_11_0_ 
    from
        sales_info_user salesinfou0_ 
    where
        salesinfou0_.id=?
Hibernate: 
    select
        clothesima0_.id as id1_3_,
        clothesima0_.closets_post_id as closets_4_3_,
        clothesima0_.path as path2_3_,
        clothesima0_.stores_post_id as stores_p5_3_,
        clothesima0_.type as type3_3_ 
    from
        clothes_image clothesima0_
Hibernate: 
    select
        stores0_.id as id1_12_0_,
        stores0_.created_date as created_2_12_0_,
        stores0_.modified_date as modified3_12_0_,
        stores0_.author_id as author_i9_12_0_,
        stores0_.clothes_info_id as clothes10_12_0_,
        stores0_.colors_name as colors_11_12_0_,
        stores0_.materials_name as materia12_12_0_,
        stores0_.style_name as style_n13_12_0_,
        stores0_.clothes_length as clothes_4_12_0_,
        stores0_.content as content5_12_0_,
        stores0_.price as price6_12_0_,
        stores0_.sales_info_clothes_id as sales_i14_12_0_,
        stores0_.sales_info_status_id as sales_i15_12_0_,
        stores0_.sales_info_user_id as sales_i16_12_0_,
        stores0_.status as status7_12_0_,
        stores0_.title as title8_12_0_,
        members1_.id as id1_6_1_,
        members1_.email as email2_6_1_,
        members1_.image as image3_6_1_,
        members1_.name as name4_6_1_,
        members1_.nickname as nickname5_6_1_,
        members1_.password as password6_6_1_,
        members1_.phone as phone7_6_1_,
        members1_.refresh_token as refresh_8_6_1_,
        members1_.role as role9_6_1_,
        clothesinf2_.id as id1_2_2_,
        clothesinf2_.categoryl as category2_2_2_,
        clothesinf2_.categorys as category3_2_2_,
        clothesinf2_.fit as fit4_2_2_,
        clothesinf2_.length as length5_2_2_,
        colors3_.id as id1_4_3_,
        colors3_.name as name2_4_3_,
        materials4_.id as id1_5_4_,
        materials4_.name as name2_5_4_,
        style5_.id as id1_14_5_,
        style5_.name as name2_14_5_,
        salesinfoc6_.id as id1_9_6_,
        salesinfoc6_.clothes_brand as clothes_2_9_6_,
        salesinfoc6_.clothes_color as clothes_3_9_6_,
        salesinfoc6_.clothes_gender as clothes_4_9_6_,
        salesinfoc6_.clothes_size as clothes_5_9_6_,
        salesinfos7_.id as id1_10_7_,
        salesinfos7_.status_score as status_s2_10_7_,
        salesinfos7_.status_tag as status_t3_10_7_,
        salesinfos7_.status_times as status_t4_10_7_,
        salesinfos7_.status_when2buy as status_w5_10_7_,
        salesinfos7_.transport as transpor6_10_7_,
        salesinfou8_.id as id1_11_8_,
        salesinfou8_.user_height as user_hei2_11_8_,
        salesinfou8_.user_size as user_siz3_11_8_,
        salesinfou8_.user_weight as user_wei4_11_8_ 
    from
        stores stores0_ 
    left outer join
        members members1_ 
            on stores0_.author_id=members1_.id 
    left outer join
        clothes_info clothesinf2_ 
            on stores0_.clothes_info_id=clothesinf2_.id 
    left outer join
        colors colors3_ 
            on stores0_.colors_name=colors3_.name 
    left outer join
        materials materials4_ 
            on stores0_.materials_name=materials4_.name 
    left outer join
        style style5_ 
            on stores0_.style_name=style5_.name 
    left outer join
        sales_info_clothes salesinfoc6_ 
            on stores0_.sales_info_clothes_id=salesinfoc6_.id 
    left outer join
        sales_info_status salesinfos7_ 
            on stores0_.sales_info_status_id=salesinfos7_.id 
    left outer join
        sales_info_user salesinfou8_ 
            on stores0_.sales_info_user_id=salesinfou8_.id 
    where
        stores0_.id=?
Hibernate: 
    select
        stores0_.id as id1_12_0_,
        stores0_.created_date as created_2_12_0_,
        stores0_.modified_date as modified3_12_0_,
        stores0_.author_id as author_i9_12_0_,
        stores0_.clothes_info_id as clothes10_12_0_,
        stores0_.colors_name as colors_11_12_0_,
        stores0_.materials_name as materia12_12_0_,
        stores0_.style_name as style_n13_12_0_,
        stores0_.clothes_length as clothes_4_12_0_,
        stores0_.content as content5_12_0_,
        stores0_.price as price6_12_0_,
        stores0_.sales_info_clothes_id as sales_i14_12_0_,
        stores0_.sales_info_status_id as sales_i15_12_0_,
        stores0_.sales_info_user_id as sales_i16_12_0_,
        stores0_.status as status7_12_0_,
        stores0_.title as title8_12_0_,
        members1_.id as id1_6_1_,
        members1_.email as email2_6_1_,
        members1_.image as image3_6_1_,
        members1_.name as name4_6_1_,
        members1_.nickname as nickname5_6_1_,
        members1_.password as password6_6_1_,
        members1_.phone as phone7_6_1_,
        members1_.refresh_token as refresh_8_6_1_,
        members1_.role as role9_6_1_,
        clothesinf2_.id as id1_2_2_,
        clothesinf2_.categoryl as category2_2_2_,
        clothesinf2_.categorys as category3_2_2_,
        clothesinf2_.fit as fit4_2_2_,
        clothesinf2_.length as length5_2_2_,
        colors3_.id as id1_4_3_,
        colors3_.name as name2_4_3_,
        materials4_.id as id1_5_4_,
        materials4_.name as name2_5_4_,
        style5_.id as id1_14_5_,
        style5_.name as name2_14_5_,
        salesinfoc6_.id as id1_9_6_,
        salesinfoc6_.clothes_brand as clothes_2_9_6_,
        salesinfoc6_.clothes_color as clothes_3_9_6_,
        salesinfoc6_.clothes_gender as clothes_4_9_6_,
        salesinfoc6_.clothes_size as clothes_5_9_6_,
        salesinfos7_.id as id1_10_7_,
        salesinfos7_.status_score as status_s2_10_7_,
        salesinfos7_.status_tag as status_t3_10_7_,
        salesinfos7_.status_times as status_t4_10_7_,
        salesinfos7_.status_when2buy as status_w5_10_7_,
        salesinfos7_.transport as transpor6_10_7_,
        salesinfou8_.id as id1_11_8_,
        salesinfou8_.user_height as user_hei2_11_8_,
        salesinfou8_.user_size as user_siz3_11_8_,
        salesinfou8_.user_weight as user_wei4_11_8_ 
    from
        stores stores0_ 
    left outer join
        members members1_ 
            on stores0_.author_id=members1_.id 
    left outer join
        clothes_info clothesinf2_ 
            on stores0_.clothes_info_id=clothesinf2_.id 
    left outer join
        colors colors3_ 
            on stores0_.colors_name=colors3_.name 
    left outer join
        materials materials4_ 
            on stores0_.materials_name=materials4_.name 
    left outer join
        style style5_ 
            on stores0_.style_name=style5_.name 
    left outer join
        sales_info_clothes salesinfoc6_ 
            on stores0_.sales_info_clothes_id=salesinfoc6_.id 
    left outer join
        sales_info_status salesinfos7_ 
            on stores0_.sales_info_status_id=salesinfos7_.id 
    left outer join
        sales_info_user salesinfou8_ 
            on stores0_.sales_info_user_id=salesinfou8_.id 
    where
        stores0_.id=?
Hibernate: 
    select
        stores0_.id as id1_12_0_,
        stores0_.created_date as created_2_12_0_,
        stores0_.modified_date as modified3_12_0_,
        stores0_.author_id as author_i9_12_0_,
        stores0_.clothes_info_id as clothes10_12_0_,
        stores0_.colors_name as colors_11_12_0_,
        stores0_.materials_name as materia12_12_0_,
        stores0_.style_name as style_n13_12_0_,
        stores0_.clothes_length as clothes_4_12_0_,
        stores0_.content as content5_12_0_,
        stores0_.price as price6_12_0_,
        stores0_.sales_info_clothes_id as sales_i14_12_0_,
        stores0_.sales_info_status_id as sales_i15_12_0_,
        stores0_.sales_info_user_id as sales_i16_12_0_,
        stores0_.status as status7_12_0_,
        stores0_.title as title8_12_0_,
        members1_.id as id1_6_1_,
        members1_.email as email2_6_1_,
        members1_.image as image3_6_1_,
        members1_.name as name4_6_1_,
        members1_.nickname as nickname5_6_1_,
        members1_.password as password6_6_1_,
        members1_.phone as phone7_6_1_,
        members1_.refresh_token as refresh_8_6_1_,
        members1_.role as role9_6_1_,
        clothesinf2_.id as id1_2_2_,
        clothesinf2_.categoryl as category2_2_2_,
        clothesinf2_.categorys as category3_2_2_,
        clothesinf2_.fit as fit4_2_2_,
        clothesinf2_.length as length5_2_2_,
        colors3_.id as id1_4_3_,
        colors3_.name as name2_4_3_,
        materials4_.id as id1_5_4_,
        materials4_.name as name2_5_4_,
        style5_.id as id1_14_5_,
        style5_.name as name2_14_5_,
        salesinfoc6_.id as id1_9_6_,
        salesinfoc6_.clothes_brand as clothes_2_9_6_,
        salesinfoc6_.clothes_color as clothes_3_9_6_,
        salesinfoc6_.clothes_gender as clothes_4_9_6_,
        salesinfoc6_.clothes_size as clothes_5_9_6_,
        salesinfos7_.id as id1_10_7_,
        salesinfos7_.status_score as status_s2_10_7_,
        salesinfos7_.status_tag as status_t3_10_7_,
        salesinfos7_.status_times as status_t4_10_7_,
        salesinfos7_.status_when2buy as status_w5_10_7_,
        salesinfos7_.transport as transpor6_10_7_,
        salesinfou8_.id as id1_11_8_,
        salesinfou8_.user_height as user_hei2_11_8_,
        salesinfou8_.user_size as user_siz3_11_8_,
        salesinfou8_.user_weight as user_wei4_11_8_ 
    from
        stores stores0_ 
    left outer join
        members members1_ 
            on stores0_.author_id=members1_.id 
    left outer join
        clothes_info clothesinf2_ 
            on stores0_.clothes_info_id=clothesinf2_.id 
    left outer join
        colors colors3_ 
            on stores0_.colors_name=colors3_.name 
    left outer join
        materials materials4_ 
            on stores0_.materials_name=materials4_.name 
    left outer join
        style style5_ 
            on stores0_.style_name=style5_.name 
    left outer join
        sales_info_clothes salesinfoc6_ 
            on stores0_.sales_info_clothes_id=salesinfoc6_.id 
    left outer join
        sales_info_status salesinfos7_ 
            on stores0_.sales_info_status_id=salesinfos7_.id 
    left outer join
        sales_info_user salesinfou8_ 
            on stores0_.sales_info_user_id=salesinfou8_.id 
    where
        stores0_.id=?
Hibernate: 
    select
        stores0_.id as id1_12_0_,
        stores0_.created_date as created_2_12_0_,
        stores0_.modified_date as modified3_12_0_,
        stores0_.author_id as author_i9_12_0_,
        stores0_.clothes_info_id as clothes10_12_0_,
        stores0_.colors_name as colors_11_12_0_,
        stores0_.materials_name as materia12_12_0_,
        stores0_.style_name as style_n13_12_0_,
        stores0_.clothes_length as clothes_4_12_0_,
        stores0_.content as content5_12_0_,
        stores0_.price as price6_12_0_,
        stores0_.sales_info_clothes_id as sales_i14_12_0_,
        stores0_.sales_info_status_id as sales_i15_12_0_,
        stores0_.sales_info_user_id as sales_i16_12_0_,
        stores0_.status as status7_12_0_,
        stores0_.title as title8_12_0_,
        members1_.id as id1_6_1_,
        members1_.email as email2_6_1_,
        members1_.image as image3_6_1_,
        members1_.name as name4_6_1_,
        members1_.nickname as nickname5_6_1_,
        members1_.password as password6_6_1_,
        members1_.phone as phone7_6_1_,
        members1_.refresh_token as refresh_8_6_1_,
        members1_.role as role9_6_1_,
        clothesinf2_.id as id1_2_2_,
        clothesinf2_.categoryl as category2_2_2_,
        clothesinf2_.categorys as category3_2_2_,
        clothesinf2_.fit as fit4_2_2_,
        clothesinf2_.length as length5_2_2_,
        colors3_.id as id1_4_3_,
        colors3_.name as name2_4_3_,
        materials4_.id as id1_5_4_,
        materials4_.name as name2_5_4_,
        style5_.id as id1_14_5_,
        style5_.name as name2_14_5_,
        salesinfoc6_.id as id1_9_6_,
        salesinfoc6_.clothes_brand as clothes_2_9_6_,
        salesinfoc6_.clothes_color as clothes_3_9_6_,
        salesinfoc6_.clothes_gender as clothes_4_9_6_,
        salesinfoc6_.clothes_size as clothes_5_9_6_,
        salesinfos7_.id as id1_10_7_,
        salesinfos7_.status_score as status_s2_10_7_,
        salesinfos7_.status_tag as status_t3_10_7_,
        salesinfos7_.status_times as status_t4_10_7_,
        salesinfos7_.status_when2buy as status_w5_10_7_,
        salesinfos7_.transport as transpor6_10_7_,
        salesinfou8_.id as id1_11_8_,
        salesinfou8_.user_height as user_hei2_11_8_,
        salesinfou8_.user_size as user_siz3_11_8_,
        salesinfou8_.user_weight as user_wei4_11_8_ 
    from
        stores stores0_ 
    left outer join
        members members1_ 
            on stores0_.author_id=members1_.id 
    left outer join
        clothes_info clothesinf2_ 
            on stores0_.clothes_info_id=clothesinf2_.id 
    left outer join
        colors colors3_ 
            on stores0_.colors_name=colors3_.name 
    left outer join
        materials materials4_ 
            on stores0_.materials_name=materials4_.name 
    left outer join
        style style5_ 
            on stores0_.style_name=style5_.name 
    left outer join
        sales_info_clothes salesinfoc6_ 
            on stores0_.sales_info_clothes_id=salesinfoc6_.id 
    left outer join
        sales_info_status salesinfos7_ 
            on stores0_.sales_info_status_id=salesinfos7_.id 
    left outer join
        sales_info_user salesinfou8_ 
            on stores0_.sales_info_user_id=salesinfou8_.id 
    where
        stores0_.id=?
Hibernate: 
    select
        stores0_.id as id1_12_0_,
        stores0_.created_date as created_2_12_0_,
        stores0_.modified_date as modified3_12_0_,
        stores0_.author_id as author_i9_12_0_,
        stores0_.clothes_info_id as clothes10_12_0_,
        stores0_.colors_name as colors_11_12_0_,
        stores0_.materials_name as materia12_12_0_,
        stores0_.style_name as style_n13_12_0_,
        stores0_.clothes_length as clothes_4_12_0_,
        stores0_.content as content5_12_0_,
        stores0_.price as price6_12_0_,
        stores0_.sales_info_clothes_id as sales_i14_12_0_,
        stores0_.sales_info_status_id as sales_i15_12_0_,
        stores0_.sales_info_user_id as sales_i16_12_0_,
        stores0_.status as status7_12_0_,
        stores0_.title as title8_12_0_,
        members1_.id as id1_6_1_,
        members1_.email as email2_6_1_,
        members1_.image as image3_6_1_,
        members1_.name as name4_6_1_,
        members1_.nickname as nickname5_6_1_,
        members1_.password as password6_6_1_,
        members1_.phone as phone7_6_1_,
        members1_.refresh_token as refresh_8_6_1_,
        members1_.role as role9_6_1_,
        clothesinf2_.id as id1_2_2_,
        clothesinf2_.categoryl as category2_2_2_,
        clothesinf2_.categorys as category3_2_2_,
        clothesinf2_.fit as fit4_2_2_,
        clothesinf2_.length as length5_2_2_,
        colors3_.id as id1_4_3_,
        colors3_.name as name2_4_3_,
        materials4_.id as id1_5_4_,
        materials4_.name as name2_5_4_,
        style5_.id as id1_14_5_,
        style5_.name as name2_14_5_,
        salesinfoc6_.id as id1_9_6_,
        salesinfoc6_.clothes_brand as clothes_2_9_6_,
        salesinfoc6_.clothes_color as clothes_3_9_6_,
        salesinfoc6_.clothes_gender as clothes_4_9_6_,
        salesinfoc6_.clothes_size as clothes_5_9_6_,
        salesinfos7_.id as id1_10_7_,
        salesinfos7_.status_score as status_s2_10_7_,
        salesinfos7_.status_tag as status_t3_10_7_,
        salesinfos7_.status_times as status_t4_10_7_,
        salesinfos7_.status_when2buy as status_w5_10_7_,
        salesinfos7_.transport as transpor6_10_7_,
        salesinfou8_.id as id1_11_8_,
        salesinfou8_.user_height as user_hei2_11_8_,
        salesinfou8_.user_size as user_siz3_11_8_,
        salesinfou8_.user_weight as user_wei4_11_8_ 
    from
        stores stores0_ 
    left outer join
        members members1_ 
            on stores0_.author_id=members1_.id 
    left outer join
        clothes_info clothesinf2_ 
            on stores0_.clothes_info_id=clothesinf2_.id 
    left outer join
        colors colors3_ 
            on stores0_.colors_name=colors3_.name 
    left outer join
        materials materials4_ 
            on stores0_.materials_name=materials4_.name 
    left outer join
        style style5_ 
            on stores0_.style_name=style5_.name 
    left outer join
        sales_info_clothes salesinfoc6_ 
            on stores0_.sales_info_clothes_id=salesinfoc6_.id 
    left outer join
        sales_info_status salesinfos7_ 
            on stores0_.sales_info_status_id=salesinfos7_.id 
    left outer join
        sales_info_user salesinfou8_ 
            on stores0_.sales_info_user_id=salesinfou8_.id 
    where
        stores0_.id=?
2022-11-25 14:27:23.769  INFO 10208 --- [    Test worker] o.a.c.c.C.[Tomcat].[localhost].[/]       : Initializing Spring TestDispatcherServlet ''
2022-11-25 14:27:23.769  INFO 10208 --- [    Test worker] o.s.t.web.servlet.TestDispatcherServlet  : Initializing Servlet ''
2022-11-25 14:27:23.774  INFO 10208 --- [    Test worker] o.s.t.web.servlet.TestDispatcherServlet  : Completed initialization in 5 ms
gunsong2@naver.com
Hibernate: 
    select
        members0_.id as id1_6_,
        members0_.email as email2_6_,
        members0_.image as image3_6_,
        members0_.name as name4_6_,
        members0_.nickname as nickname5_6_,
        members0_.password as password6_6_,
        members0_.phone as phone7_6_,
        members0_.refresh_token as refresh_8_6_,
        members0_.role as role9_6_ 
    from
        members members0_ 
    where
        members0_.email=?
Hibernate: 
    select
        stores0_.id as id1_12_0_,
        stores0_.created_date as created_2_12_0_,
        stores0_.modified_date as modified3_12_0_,
        stores0_.author_id as author_i9_12_0_,
        stores0_.clothes_info_id as clothes10_12_0_,
        stores0_.colors_name as colors_11_12_0_,
        stores0_.materials_name as materia12_12_0_,
        stores0_.style_name as style_n13_12_0_,
        stores0_.clothes_length as clothes_4_12_0_,
        stores0_.content as content5_12_0_,
        stores0_.price as price6_12_0_,
        stores0_.sales_info_clothes_id as sales_i14_12_0_,
        stores0_.sales_info_status_id as sales_i15_12_0_,
        stores0_.sales_info_user_id as sales_i16_12_0_,
        stores0_.status as status7_12_0_,
        stores0_.title as title8_12_0_,
        members1_.id as id1_6_1_,
        members1_.email as email2_6_1_,
        members1_.image as image3_6_1_,
        members1_.name as name4_6_1_,
        members1_.nickname as nickname5_6_1_,
        members1_.password as password6_6_1_,
        members1_.phone as phone7_6_1_,
        members1_.refresh_token as refresh_8_6_1_,
        members1_.role as role9_6_1_,
        clothesinf2_.id as id1_2_2_,
        clothesinf2_.categoryl as category2_2_2_,
        clothesinf2_.categorys as category3_2_2_,
        clothesinf2_.fit as fit4_2_2_,
        clothesinf2_.length as length5_2_2_,
        colors3_.id as id1_4_3_,
        colors3_.name as name2_4_3_,
        materials4_.id as id1_5_4_,
        materials4_.name as name2_5_4_,
        style5_.id as id1_14_5_,
        style5_.name as name2_14_5_,
        salesinfoc6_.id as id1_9_6_,
        salesinfoc6_.clothes_brand as clothes_2_9_6_,
        salesinfoc6_.clothes_color as clothes_3_9_6_,
        salesinfoc6_.clothes_gender as clothes_4_9_6_,
        salesinfoc6_.clothes_size as clothes_5_9_6_,
        salesinfos7_.id as id1_10_7_,
        salesinfos7_.status_score as status_s2_10_7_,
        salesinfos7_.status_tag as status_t3_10_7_,
        salesinfos7_.status_times as status_t4_10_7_,
        salesinfos7_.status_when2buy as status_w5_10_7_,
        salesinfos7_.transport as transpor6_10_7_,
        salesinfou8_.id as id1_11_8_,
        salesinfou8_.user_height as user_hei2_11_8_,
        salesinfou8_.user_size as user_siz3_11_8_,
        salesinfou8_.user_weight as user_wei4_11_8_ 
    from
        stores stores0_ 
    left outer join
        members members1_ 
            on stores0_.author_id=members1_.id 
    left outer join
        clothes_info clothesinf2_ 
            on stores0_.clothes_info_id=clothesinf2_.id 
    left outer join
        colors colors3_ 
            on stores0_.colors_name=colors3_.name 
    left outer join
        materials materials4_ 
            on stores0_.materials_name=materials4_.name 
    left outer join
        style style5_ 
            on stores0_.style_name=style5_.name 
    left outer join
        sales_info_clothes salesinfoc6_ 
            on stores0_.sales_info_clothes_id=salesinfoc6_.id 
    left outer join
        sales_info_status salesinfos7_ 
            on stores0_.sales_info_status_id=salesinfos7_.id 
    left outer join
        sales_info_user salesinfou8_ 
            on stores0_.sales_info_user_id=salesinfou8_.id 
    where
        stores0_.id=?
Hibernate: 
    insert 
    into
        stores_comments
        (created_date, modified_date, content, user_id, post_id) 
    values
        (?, ?, ?, ?, ?)
gunsong2@naver.com
Hibernate: 
    select
        members0_.id as id1_6_,
        members0_.email as email2_6_,
        members0_.image as image3_6_,
        members0_.name as name4_6_,
        members0_.nickname as nickname5_6_,
        members0_.password as password6_6_,
        members0_.phone as phone7_6_,
        members0_.refresh_token as refresh_8_6_,
        members0_.role as role9_6_ 
    from
        members members0_ 
    where
        members0_.email=?
Hibernate: 
    select
        stores0_.id as id1_12_0_,
        stores0_.created_date as created_2_12_0_,
        stores0_.modified_date as modified3_12_0_,
        stores0_.author_id as author_i9_12_0_,
        stores0_.clothes_info_id as clothes10_12_0_,
        stores0_.colors_name as colors_11_12_0_,
        stores0_.materials_name as materia12_12_0_,
        stores0_.style_name as style_n13_12_0_,
        stores0_.clothes_length as clothes_4_12_0_,
        stores0_.content as content5_12_0_,
        stores0_.price as price6_12_0_,
        stores0_.sales_info_clothes_id as sales_i14_12_0_,
        stores0_.sales_info_status_id as sales_i15_12_0_,
        stores0_.sales_info_user_id as sales_i16_12_0_,
        stores0_.status as status7_12_0_,
        stores0_.title as title8_12_0_,
        members1_.id as id1_6_1_,
        members1_.email as email2_6_1_,
        members1_.image as image3_6_1_,
        members1_.name as name4_6_1_,
        members1_.nickname as nickname5_6_1_,
        members1_.password as password6_6_1_,
        members1_.phone as phone7_6_1_,
        members1_.refresh_token as refresh_8_6_1_,
        members1_.role as role9_6_1_,
        clothesinf2_.id as id1_2_2_,
        clothesinf2_.categoryl as category2_2_2_,
        clothesinf2_.categorys as category3_2_2_,
        clothesinf2_.fit as fit4_2_2_,
        clothesinf2_.length as length5_2_2_,
        colors3_.id as id1_4_3_,
        colors3_.name as name2_4_3_,
        materials4_.id as id1_5_4_,
        materials4_.name as name2_5_4_,
        style5_.id as id1_14_5_,
        style5_.name as name2_14_5_,
        salesinfoc6_.id as id1_9_6_,
        salesinfoc6_.clothes_brand as clothes_2_9_6_,
        salesinfoc6_.clothes_color as clothes_3_9_6_,
        salesinfoc6_.clothes_gender as clothes_4_9_6_,
        salesinfoc6_.clothes_size as clothes_5_9_6_,
        salesinfos7_.id as id1_10_7_,
        salesinfos7_.status_score as status_s2_10_7_,
        salesinfos7_.status_tag as status_t3_10_7_,
        salesinfos7_.status_times as status_t4_10_7_,
        salesinfos7_.status_when2buy as status_w5_10_7_,
        salesinfos7_.transport as transpor6_10_7_,
        salesinfou8_.id as id1_11_8_,
        salesinfou8_.user_height as user_hei2_11_8_,
        salesinfou8_.user_size as user_siz3_11_8_,
        salesinfou8_.user_weight as user_wei4_11_8_ 
    from
        stores stores0_ 
    left outer join
        members members1_ 
            on stores0_.author_id=members1_.id 
    left outer join
        clothes_info clothesinf2_ 
            on stores0_.clothes_info_id=clothesinf2_.id 
    left outer join
        colors colors3_ 
            on stores0_.colors_name=colors3_.name 
    left outer join
        materials materials4_ 
            on stores0_.materials_name=materials4_.name 
    left outer join
        style style5_ 
            on stores0_.style_name=style5_.name 
    left outer join
        sales_info_clothes salesinfoc6_ 
            on stores0_.sales_info_clothes_id=salesinfoc6_.id 
    left outer join
        sales_info_status salesinfos7_ 
            on stores0_.sales_info_status_id=salesinfos7_.id 
    left outer join
        sales_info_user salesinfou8_ 
            on stores0_.sales_info_user_id=salesinfou8_.id 
    where
        stores0_.id=?
Hibernate: 
    insert 
    into
        stores_comments
        (created_date, modified_date, content, user_id, post_id) 
    values
        (?, ?, ?, ?, ?)
gunsong2@naver.com
Hibernate: 
    select
        members0_.id as id1_6_,
        members0_.email as email2_6_,
        members0_.image as image3_6_,
        members0_.name as name4_6_,
        members0_.nickname as nickname5_6_,
        members0_.password as password6_6_,
        members0_.phone as phone7_6_,
        members0_.refresh_token as refresh_8_6_,
        members0_.role as role9_6_ 
    from
        members members0_ 
    where
        members0_.email=?
Hibernate: 
    select
        stores0_.id as id1_12_0_,
        stores0_.created_date as created_2_12_0_,
        stores0_.modified_date as modified3_12_0_,
        stores0_.author_id as author_i9_12_0_,
        stores0_.clothes_info_id as clothes10_12_0_,
        stores0_.colors_name as colors_11_12_0_,
        stores0_.materials_name as materia12_12_0_,
        stores0_.style_name as style_n13_12_0_,
        stores0_.clothes_length as clothes_4_12_0_,
        stores0_.content as content5_12_0_,
        stores0_.price as price6_12_0_,
        stores0_.sales_info_clothes_id as sales_i14_12_0_,
        stores0_.sales_info_status_id as sales_i15_12_0_,
        stores0_.sales_info_user_id as sales_i16_12_0_,
        stores0_.status as status7_12_0_,
        stores0_.title as title8_12_0_,
        members1_.id as id1_6_1_,
        members1_.email as email2_6_1_,
        members1_.image as image3_6_1_,
        members1_.name as name4_6_1_,
        members1_.nickname as nickname5_6_1_,
        members1_.password as password6_6_1_,
        members1_.phone as phone7_6_1_,
        members1_.refresh_token as refresh_8_6_1_,
        members1_.role as role9_6_1_,
        clothesinf2_.id as id1_2_2_,
        clothesinf2_.categoryl as category2_2_2_,
        clothesinf2_.categorys as category3_2_2_,
        clothesinf2_.fit as fit4_2_2_,
        clothesinf2_.length as length5_2_2_,
        colors3_.id as id1_4_3_,
        colors3_.name as name2_4_3_,
        materials4_.id as id1_5_4_,
        materials4_.name as name2_5_4_,
        style5_.id as id1_14_5_,
        style5_.name as name2_14_5_,
        salesinfoc6_.id as id1_9_6_,
        salesinfoc6_.clothes_brand as clothes_2_9_6_,
        salesinfoc6_.clothes_color as clothes_3_9_6_,
        salesinfoc6_.clothes_gender as clothes_4_9_6_,
        salesinfoc6_.clothes_size as clothes_5_9_6_,
        salesinfos7_.id as id1_10_7_,
        salesinfos7_.status_score as status_s2_10_7_,
        salesinfos7_.status_tag as status_t3_10_7_,
        salesinfos7_.status_times as status_t4_10_7_,
        salesinfos7_.status_when2buy as status_w5_10_7_,
        salesinfos7_.transport as transpor6_10_7_,
        salesinfou8_.id as id1_11_8_,
        salesinfou8_.user_height as user_hei2_11_8_,
        salesinfou8_.user_size as user_siz3_11_8_,
        salesinfou8_.user_weight as user_wei4_11_8_ 
    from
        stores stores0_ 
    left outer join
        members members1_ 
            on stores0_.author_id=members1_.id 
    left outer join
        clothes_info clothesinf2_ 
            on stores0_.clothes_info_id=clothesinf2_.id 
    left outer join
        colors colors3_ 
            on stores0_.colors_name=colors3_.name 
    left outer join
        materials materials4_ 
            on stores0_.materials_name=materials4_.name 
    left outer join
        style style5_ 
            on stores0_.style_name=style5_.name 
    left outer join
        sales_info_clothes salesinfoc6_ 
            on stores0_.sales_info_clothes_id=salesinfoc6_.id 
    left outer join
        sales_info_status salesinfos7_ 
            on stores0_.sales_info_status_id=salesinfos7_.id 
    left outer join
        sales_info_user salesinfou8_ 
            on stores0_.sales_info_user_id=salesinfou8_.id 
    where
        stores0_.id=?
Hibernate: 
    insert 
    into
        stores_comments
        (created_date, modified_date, content, user_id, post_id) 
    values
        (?, ?, ?, ?, ?)
gunsong2@naver.com
Hibernate: 
    select
        members0_.id as id1_6_,
        members0_.email as email2_6_,
        members0_.image as image3_6_,
        members0_.name as name4_6_,
        members0_.nickname as nickname5_6_,
        members0_.password as password6_6_,
        members0_.phone as phone7_6_,
        members0_.refresh_token as refresh_8_6_,
        members0_.role as role9_6_ 
    from
        members members0_ 
    where
        members0_.email=?
Hibernate: 
    select
        stores0_.id as id1_12_0_,
        stores0_.created_date as created_2_12_0_,
        stores0_.modified_date as modified3_12_0_,
        stores0_.author_id as author_i9_12_0_,
        stores0_.clothes_info_id as clothes10_12_0_,
        stores0_.colors_name as colors_11_12_0_,
        stores0_.materials_name as materia12_12_0_,
        stores0_.style_name as style_n13_12_0_,
        stores0_.clothes_length as clothes_4_12_0_,
        stores0_.content as content5_12_0_,
        stores0_.price as price6_12_0_,
        stores0_.sales_info_clothes_id as sales_i14_12_0_,
        stores0_.sales_info_status_id as sales_i15_12_0_,
        stores0_.sales_info_user_id as sales_i16_12_0_,
        stores0_.status as status7_12_0_,
        stores0_.title as title8_12_0_,
        members1_.id as id1_6_1_,
        members1_.email as email2_6_1_,
        members1_.image as image3_6_1_,
        members1_.name as name4_6_1_,
        members1_.nickname as nickname5_6_1_,
        members1_.password as password6_6_1_,
        members1_.phone as phone7_6_1_,
        members1_.refresh_token as refresh_8_6_1_,
        members1_.role as role9_6_1_,
        clothesinf2_.id as id1_2_2_,
        clothesinf2_.categoryl as category2_2_2_,
        clothesinf2_.categorys as category3_2_2_,
        clothesinf2_.fit as fit4_2_2_,
        clothesinf2_.length as length5_2_2_,
        colors3_.id as id1_4_3_,
        colors3_.name as name2_4_3_,
        materials4_.id as id1_5_4_,
        materials4_.name as name2_5_4_,
        style5_.id as id1_14_5_,
        style5_.name as name2_14_5_,
        salesinfoc6_.id as id1_9_6_,
        salesinfoc6_.clothes_brand as clothes_2_9_6_,
        salesinfoc6_.clothes_color as clothes_3_9_6_,
        salesinfoc6_.clothes_gender as clothes_4_9_6_,
        salesinfoc6_.clothes_size as clothes_5_9_6_,
        salesinfos7_.id as id1_10_7_,
        salesinfos7_.status_score as status_s2_10_7_,
        salesinfos7_.status_tag as status_t3_10_7_,
        salesinfos7_.status_times as status_t4_10_7_,
        salesinfos7_.status_when2buy as status_w5_10_7_,
        salesinfos7_.transport as transpor6_10_7_,
        salesinfou8_.id as id1_11_8_,
        salesinfou8_.user_height as user_hei2_11_8_,
        salesinfou8_.user_size as user_siz3_11_8_,
        salesinfou8_.user_weight as user_wei4_11_8_ 
    from
        stores stores0_ 
    left outer join
        members members1_ 
            on stores0_.author_id=members1_.id 
    left outer join
        clothes_info clothesinf2_ 
            on stores0_.clothes_info_id=clothesinf2_.id 
    left outer join
        colors colors3_ 
            on stores0_.colors_name=colors3_.name 
    left outer join
        materials materials4_ 
            on stores0_.materials_name=materials4_.name 
    left outer join
        style style5_ 
            on stores0_.style_name=style5_.name 
    left outer join
        sales_info_clothes salesinfoc6_ 
            on stores0_.sales_info_clothes_id=salesinfoc6_.id 
    left outer join
        sales_info_status salesinfos7_ 
            on stores0_.sales_info_status_id=salesinfos7_.id 
    left outer join
        sales_info_user salesinfou8_ 
            on stores0_.sales_info_user_id=salesinfou8_.id 
    where
        stores0_.id=?
Hibernate: 
    select
        storescomm0_.content as col_0_0_,
        members1_.nickname as col_1_0_,
        storescomm0_.created_date as col_2_0_,
        members1_.image as col_3_0_ 
    from
        stores_comments storescomm0_ cross 
    join
        members members1_ 
    where
        storescomm0_.user_id=members1_.id 
        and storescomm0_.post_id=? 
    order by
        storescomm0_.created_date asc limit ?
gunsong2@naver.com
Hibernate: 
    select
        members0_.id as id1_6_,
        members0_.email as email2_6_,
        members0_.image as image3_6_,
        members0_.name as name4_6_,
        members0_.nickname as nickname5_6_,
        members0_.password as password6_6_,
        members0_.phone as phone7_6_,
        members0_.refresh_token as refresh_8_6_,
        members0_.role as role9_6_ 
    from
        members members0_ 
    where
        members0_.email=?
Hibernate: 
    select
        stores0_.id as id1_12_0_,
        stores0_.created_date as created_2_12_0_,
        stores0_.modified_date as modified3_12_0_,
        stores0_.author_id as author_i9_12_0_,
        stores0_.clothes_info_id as clothes10_12_0_,
        stores0_.colors_name as colors_11_12_0_,
        stores0_.materials_name as materia12_12_0_,
        stores0_.style_name as style_n13_12_0_,
        stores0_.clothes_length as clothes_4_12_0_,
        stores0_.content as content5_12_0_,
        stores0_.price as price6_12_0_,
        stores0_.sales_info_clothes_id as sales_i14_12_0_,
        stores0_.sales_info_status_id as sales_i15_12_0_,
        stores0_.sales_info_user_id as sales_i16_12_0_,
        stores0_.status as status7_12_0_,
        stores0_.title as title8_12_0_,
        members1_.id as id1_6_1_,
        members1_.email as email2_6_1_,
        members1_.image as image3_6_1_,
        members1_.name as name4_6_1_,
        members1_.nickname as nickname5_6_1_,
        members1_.password as password6_6_1_,
        members1_.phone as phone7_6_1_,
        members1_.refresh_token as refresh_8_6_1_,
        members1_.role as role9_6_1_,
        clothesinf2_.id as id1_2_2_,
        clothesinf2_.categoryl as category2_2_2_,
        clothesinf2_.categorys as category3_2_2_,
        clothesinf2_.fit as fit4_2_2_,
        clothesinf2_.length as length5_2_2_,
        colors3_.id as id1_4_3_,
        colors3_.name as name2_4_3_,
        materials4_.id as id1_5_4_,
        materials4_.name as name2_5_4_,
        style5_.id as id1_14_5_,
        style5_.name as name2_14_5_,
        salesinfoc6_.id as id1_9_6_,
        salesinfoc6_.clothes_brand as clothes_2_9_6_,
        salesinfoc6_.clothes_color as clothes_3_9_6_,
        salesinfoc6_.clothes_gender as clothes_4_9_6_,
        salesinfoc6_.clothes_size as clothes_5_9_6_,
        salesinfos7_.id as id1_10_7_,
        salesinfos7_.status_score as status_s2_10_7_,
        salesinfos7_.status_tag as status_t3_10_7_,
        salesinfos7_.status_times as status_t4_10_7_,
        salesinfos7_.status_when2buy as status_w5_10_7_,
        salesinfos7_.transport as transpor6_10_7_,
        salesinfou8_.id as id1_11_8_,
        salesinfou8_.user_height as user_hei2_11_8_,
        salesinfou8_.user_size as user_siz3_11_8_,
        salesinfou8_.user_weight as user_wei4_11_8_ 
    from
        stores stores0_ 
    left outer join
        members members1_ 
            on stores0_.author_id=members1_.id 
    left outer join
        clothes_info clothesinf2_ 
            on stores0_.clothes_info_id=clothesinf2_.id 
    left outer join
        colors colors3_ 
            on stores0_.colors_name=colors3_.name 
    left outer join
        materials materials4_ 
            on stores0_.materials_name=materials4_.name 
    left outer join
        style style5_ 
            on stores0_.style_name=style5_.name 
    left outer join
        sales_info_clothes salesinfoc6_ 
            on stores0_.sales_info_clothes_id=salesinfoc6_.id 
    left outer join
        sales_info_status salesinfos7_ 
            on stores0_.sales_info_status_id=salesinfos7_.id 
    left outer join
        sales_info_user salesinfou8_ 
            on stores0_.sales_info_user_id=salesinfou8_.id 
    where
        stores0_.id=?
Hibernate: 
    select
        comments0_.post_id as post_id6_13_0_,
        comments0_.id as id1_13_0_,
        comments0_.id as id1_13_1_,
        comments0_.created_date as created_2_13_1_,
        comments0_.modified_date as modified3_13_1_,
        comments0_.content as content4_13_1_,
        comments0_.user_id as user_id5_13_1_,
        comments0_.post_id as post_id6_13_1_,
        members1_.id as id1_6_2_,
        members1_.email as email2_6_2_,
        members1_.image as image3_6_2_,
        members1_.name as name4_6_2_,
        members1_.nickname as nickname5_6_2_,
        members1_.password as password6_6_2_,
        members1_.phone as phone7_6_2_,
        members1_.refresh_token as refresh_8_6_2_,
        members1_.role as role9_6_2_ 
    from
        stores_comments comments0_ 
    left outer join
        members members1_ 
            on comments0_.user_id=members1_.id 
    where
        comments0_.post_id=?
Hibernate: 
    select
        storescomm0_.user_id as user_id5_13_0_,
        storescomm0_.id as id1_13_0_,
        storescomm0_.id as id1_13_1_,
        storescomm0_.created_date as created_2_13_1_,
        storescomm0_.modified_date as modified3_13_1_,
        storescomm0_.content as content4_13_1_,
        storescomm0_.user_id as user_id5_13_1_,
        storescomm0_.post_id as post_id6_13_1_,
        stores1_.id as id1_12_2_,
        stores1_.created_date as created_2_12_2_,
        stores1_.modified_date as modified3_12_2_,
        stores1_.author_id as author_i9_12_2_,
        stores1_.clothes_info_id as clothes10_12_2_,
        stores1_.colors_name as colors_11_12_2_,
        stores1_.materials_name as materia12_12_2_,
        stores1_.style_name as style_n13_12_2_,
        stores1_.clothes_length as clothes_4_12_2_,
        stores1_.content as content5_12_2_,
        stores1_.price as price6_12_2_,
        stores1_.sales_info_clothes_id as sales_i14_12_2_,
        stores1_.sales_info_status_id as sales_i15_12_2_,
        stores1_.sales_info_user_id as sales_i16_12_2_,
        stores1_.status as status7_12_2_,
        stores1_.title as title8_12_2_,
        members2_.id as id1_6_3_,
        members2_.email as email2_6_3_,
        members2_.image as image3_6_3_,
        members2_.name as name4_6_3_,
        members2_.nickname as nickname5_6_3_,
        members2_.password as password6_6_3_,
        members2_.phone as phone7_6_3_,
        members2_.refresh_token as refresh_8_6_3_,
        members2_.role as role9_6_3_,
        clothesinf3_.id as id1_2_4_,
        clothesinf3_.categoryl as category2_2_4_,
        clothesinf3_.categorys as category3_2_4_,
        clothesinf3_.fit as fit4_2_4_,
        clothesinf3_.length as length5_2_4_,
        colors4_.id as id1_4_5_,
        colors4_.name as name2_4_5_,
        materials5_.id as id1_5_6_,
        materials5_.name as name2_5_6_,
        style6_.id as id1_14_7_,
        style6_.name as name2_14_7_,
        salesinfoc7_.id as id1_9_8_,
        salesinfoc7_.clothes_brand as clothes_2_9_8_,
        salesinfoc7_.clothes_color as clothes_3_9_8_,
        salesinfoc7_.clothes_gender as clothes_4_9_8_,
        salesinfoc7_.clothes_size as clothes_5_9_8_,
        salesinfos8_.id as id1_10_9_,
        salesinfos8_.status_score as status_s2_10_9_,
        salesinfos8_.status_tag as status_t3_10_9_,
        salesinfos8_.status_times as status_t4_10_9_,
        salesinfos8_.status_when2buy as status_w5_10_9_,
        salesinfos8_.transport as transpor6_10_9_,
        salesinfou9_.id as id1_11_10_,
        salesinfou9_.user_height as user_hei2_11_10_,
        salesinfou9_.user_size as user_siz3_11_10_,
        salesinfou9_.user_weight as user_wei4_11_10_ 
    from
        stores_comments storescomm0_ 
    left outer join
        stores stores1_ 
            on storescomm0_.post_id=stores1_.id 
    left outer join
        members members2_ 
            on stores1_.author_id=members2_.id 
    left outer join
        clothes_info clothesinf3_ 
            on stores1_.clothes_info_id=clothesinf3_.id 
    left outer join
        colors colors4_ 
            on stores1_.colors_name=colors4_.name 
    left outer join
        materials materials5_ 
            on stores1_.materials_name=materials5_.name 
    left outer join
        style style6_ 
            on stores1_.style_name=style6_.name 
    left outer join
        sales_info_clothes salesinfoc7_ 
            on stores1_.sales_info_clothes_id=salesinfoc7_.id 
    left outer join
        sales_info_status salesinfos8_ 
            on stores1_.sales_info_status_id=salesinfos8_.id 
    left outer join
        sales_info_user salesinfou9_ 
            on stores1_.sales_info_user_id=salesinfou9_.id 
    where
        storescomm0_.user_id=?
Hibernate: 
    delete 
    from
        stores_comments 
    where
        id=?
gunsong2@naver.com
Hibernate: 
    select
        members0_.id as id1_6_,
        members0_.email as email2_6_,
        members0_.image as image3_6_,
        members0_.name as name4_6_,
        members0_.nickname as nickname5_6_,
        members0_.password as password6_6_,
        members0_.phone as phone7_6_,
        members0_.refresh_token as refresh_8_6_,
        members0_.role as role9_6_ 
    from
        members members0_ 
    where
        members0_.email=?
Hibernate: 
    select
        stores0_.id as id1_12_0_,
        stores0_.created_date as created_2_12_0_,
        stores0_.modified_date as modified3_12_0_,
        stores0_.author_id as author_i9_12_0_,
        stores0_.clothes_info_id as clothes10_12_0_,
        stores0_.colors_name as colors_11_12_0_,
        stores0_.materials_name as materia12_12_0_,
        stores0_.style_name as style_n13_12_0_,
        stores0_.clothes_length as clothes_4_12_0_,
        stores0_.content as content5_12_0_,
        stores0_.price as price6_12_0_,
        stores0_.sales_info_clothes_id as sales_i14_12_0_,
        stores0_.sales_info_status_id as sales_i15_12_0_,
        stores0_.sales_info_user_id as sales_i16_12_0_,
        stores0_.status as status7_12_0_,
        stores0_.title as title8_12_0_,
        members1_.id as id1_6_1_,
        members1_.email as email2_6_1_,
        members1_.image as image3_6_1_,
        members1_.name as name4_6_1_,
        members1_.nickname as nickname5_6_1_,
        members1_.password as password6_6_1_,
        members1_.phone as phone7_6_1_,
        members1_.refresh_token as refresh_8_6_1_,
        members1_.role as role9_6_1_,
        clothesinf2_.id as id1_2_2_,
        clothesinf2_.categoryl as category2_2_2_,
        clothesinf2_.categorys as category3_2_2_,
        clothesinf2_.fit as fit4_2_2_,
        clothesinf2_.length as length5_2_2_,
        colors3_.id as id1_4_3_,
        colors3_.name as name2_4_3_,
        materials4_.id as id1_5_4_,
        materials4_.name as name2_5_4_,
        style5_.id as id1_14_5_,
        style5_.name as name2_14_5_,
        salesinfoc6_.id as id1_9_6_,
        salesinfoc6_.clothes_brand as clothes_2_9_6_,
        salesinfoc6_.clothes_color as clothes_3_9_6_,
        salesinfoc6_.clothes_gender as clothes_4_9_6_,
        salesinfoc6_.clothes_size as clothes_5_9_6_,
        salesinfos7_.id as id1_10_7_,
        salesinfos7_.status_score as status_s2_10_7_,
        salesinfos7_.status_tag as status_t3_10_7_,
        salesinfos7_.status_times as status_t4_10_7_,
        salesinfos7_.status_when2buy as status_w5_10_7_,
        salesinfos7_.transport as transpor6_10_7_,
        salesinfou8_.id as id1_11_8_,
        salesinfou8_.user_height as user_hei2_11_8_,
        salesinfou8_.user_size as user_siz3_11_8_,
        salesinfou8_.user_weight as user_wei4_11_8_ 
    from
        stores stores0_ 
    left outer join
        members members1_ 
            on stores0_.author_id=members1_.id 
    left outer join
        clothes_info clothesinf2_ 
            on stores0_.clothes_info_id=clothesinf2_.id 
    left outer join
        colors colors3_ 
            on stores0_.colors_name=colors3_.name 
    left outer join
        materials materials4_ 
            on stores0_.materials_name=materials4_.name 
    left outer join
        style style5_ 
            on stores0_.style_name=style5_.name 
    left outer join
        sales_info_clothes salesinfoc6_ 
            on stores0_.sales_info_clothes_id=salesinfoc6_.id 
    left outer join
        sales_info_status salesinfos7_ 
            on stores0_.sales_info_status_id=salesinfos7_.id 
    left outer join
        sales_info_user salesinfou8_ 
            on stores0_.sales_info_user_id=salesinfou8_.id 
    where
        stores0_.id=?
Hibernate: 
    select
        storescomm0_.content as col_0_0_,
        members1_.nickname as col_1_0_,
        storescomm0_.created_date as col_2_0_,
        members1_.image as col_3_0_ 
    from
        stores_comments storescomm0_ cross 
    join
        members members1_ 
    where
        storescomm0_.user_id=members1_.id 
        and storescomm0_.post_id=? 
    order by
        storescomm0_.created_date asc limit ?
Hibernate: 
    select
        clothesima0_.id as id1_3_,
        clothesima0_.closets_post_id as closets_4_3_,
        clothesima0_.path as path2_3_,
        clothesima0_.stores_post_id as stores_p5_3_,
        clothesima0_.type as type3_3_ 
    from
        clothes_image clothesima0_
Hibernate: 
    select
        stores0_.id as id1_12_0_,
        stores0_.created_date as created_2_12_0_,
        stores0_.modified_date as modified3_12_0_,
        stores0_.author_id as author_i9_12_0_,
        stores0_.clothes_info_id as clothes10_12_0_,
        stores0_.colors_name as colors_11_12_0_,
        stores0_.materials_name as materia12_12_0_,
        stores0_.style_name as style_n13_12_0_,
        stores0_.clothes_length as clothes_4_12_0_,
        stores0_.content as content5_12_0_,
        stores0_.price as price6_12_0_,
        stores0_.sales_info_clothes_id as sales_i14_12_0_,
        stores0_.sales_info_status_id as sales_i15_12_0_,
        stores0_.sales_info_user_id as sales_i16_12_0_,
        stores0_.status as status7_12_0_,
        stores0_.title as title8_12_0_,
        members1_.id as id1_6_1_,
        members1_.email as email2_6_1_,
        members1_.image as image3_6_1_,
        members1_.name as name4_6_1_,
        members1_.nickname as nickname5_6_1_,
        members1_.password as password6_6_1_,
        members1_.phone as phone7_6_1_,
        members1_.refresh_token as refresh_8_6_1_,
        members1_.role as role9_6_1_,
        clothesinf2_.id as id1_2_2_,
        clothesinf2_.categoryl as category2_2_2_,
        clothesinf2_.categorys as category3_2_2_,
        clothesinf2_.fit as fit4_2_2_,
        clothesinf2_.length as length5_2_2_,
        colors3_.id as id1_4_3_,
        colors3_.name as name2_4_3_,
        materials4_.id as id1_5_4_,
        materials4_.name as name2_5_4_,
        style5_.id as id1_14_5_,
        style5_.name as name2_14_5_,
        salesinfoc6_.id as id1_9_6_,
        salesinfoc6_.clothes_brand as clothes_2_9_6_,
        salesinfoc6_.clothes_color as clothes_3_9_6_,
        salesinfoc6_.clothes_gender as clothes_4_9_6_,
        salesinfoc6_.clothes_size as clothes_5_9_6_,
        salesinfos7_.id as id1_10_7_,
        salesinfos7_.status_score as status_s2_10_7_,
        salesinfos7_.status_tag as status_t3_10_7_,
        salesinfos7_.status_times as status_t4_10_7_,
        salesinfos7_.status_when2buy as status_w5_10_7_,
        salesinfos7_.transport as transpor6_10_7_,
        salesinfou8_.id as id1_11_8_,
        salesinfou8_.user_height as user_hei2_11_8_,
        salesinfou8_.user_size as user_siz3_11_8_,
        salesinfou8_.user_weight as user_wei4_11_8_ 
    from
        stores stores0_ 
    left outer join
        members members1_ 
            on stores0_.author_id=members1_.id 
    left outer join
        clothes_info clothesinf2_ 
            on stores0_.clothes_info_id=clothesinf2_.id 
    left outer join
        colors colors3_ 
            on stores0_.colors_name=colors3_.name 
    left outer join
        materials materials4_ 
            on stores0_.materials_name=materials4_.name 
    left outer join
        style style5_ 
            on stores0_.style_name=style5_.name 
    left outer join
        sales_info_clothes salesinfoc6_ 
            on stores0_.sales_info_clothes_id=salesinfoc6_.id 
    left outer join
        sales_info_status salesinfos7_ 
            on stores0_.sales_info_status_id=salesinfos7_.id 
    left outer join
        sales_info_user salesinfou8_ 
            on stores0_.sales_info_user_id=salesinfou8_.id 
    where
        stores0_.id=?
Hibernate: 
    select
        stores0_.id as id1_12_0_,
        stores0_.created_date as created_2_12_0_,
        stores0_.modified_date as modified3_12_0_,
        stores0_.author_id as author_i9_12_0_,
        stores0_.clothes_info_id as clothes10_12_0_,
        stores0_.colors_name as colors_11_12_0_,
        stores0_.materials_name as materia12_12_0_,
        stores0_.style_name as style_n13_12_0_,
        stores0_.clothes_length as clothes_4_12_0_,
        stores0_.content as content5_12_0_,
        stores0_.price as price6_12_0_,
        stores0_.sales_info_clothes_id as sales_i14_12_0_,
        stores0_.sales_info_status_id as sales_i15_12_0_,
        stores0_.sales_info_user_id as sales_i16_12_0_,
        stores0_.status as status7_12_0_,
        stores0_.title as title8_12_0_,
        members1_.id as id1_6_1_,
        members1_.email as email2_6_1_,
        members1_.image as image3_6_1_,
        members1_.name as name4_6_1_,
        members1_.nickname as nickname5_6_1_,
        members1_.password as password6_6_1_,
        members1_.phone as phone7_6_1_,
        members1_.refresh_token as refresh_8_6_1_,
        members1_.role as role9_6_1_,
        clothesinf2_.id as id1_2_2_,
        clothesinf2_.categoryl as category2_2_2_,
        clothesinf2_.categorys as category3_2_2_,
        clothesinf2_.fit as fit4_2_2_,
        clothesinf2_.length as length5_2_2_,
        colors3_.id as id1_4_3_,
        colors3_.name as name2_4_3_,
        materials4_.id as id1_5_4_,
        materials4_.name as name2_5_4_,
        style5_.id as id1_14_5_,
        style5_.name as name2_14_5_,
        salesinfoc6_.id as id1_9_6_,
        salesinfoc6_.clothes_brand as clothes_2_9_6_,
        salesinfoc6_.clothes_color as clothes_3_9_6_,
        salesinfoc6_.clothes_gender as clothes_4_9_6_,
        salesinfoc6_.clothes_size as clothes_5_9_6_,
        salesinfos7_.id as id1_10_7_,
        salesinfos7_.status_score as status_s2_10_7_,
        salesinfos7_.status_tag as status_t3_10_7_,
        salesinfos7_.status_times as status_t4_10_7_,
        salesinfos7_.status_when2buy as status_w5_10_7_,
        salesinfos7_.transport as transpor6_10_7_,
        salesinfou8_.id as id1_11_8_,
        salesinfou8_.user_height as user_hei2_11_8_,
        salesinfou8_.user_size as user_siz3_11_8_,
        salesinfou8_.user_weight as user_wei4_11_8_ 
    from
        stores stores0_ 
    left outer join
        members members1_ 
            on stores0_.author_id=members1_.id 
    left outer join
        clothes_info clothesinf2_ 
            on stores0_.clothes_info_id=clothesinf2_.id 
    left outer join
        colors colors3_ 
            on stores0_.colors_name=colors3_.name 
    left outer join
        materials materials4_ 
            on stores0_.materials_name=materials4_.name 
    left outer join
        style style5_ 
            on stores0_.style_name=style5_.name 
    left outer join
        sales_info_clothes salesinfoc6_ 
            on stores0_.sales_info_clothes_id=salesinfoc6_.id 
    left outer join
        sales_info_status salesinfos7_ 
            on stores0_.sales_info_status_id=salesinfos7_.id 
    left outer join
        sales_info_user salesinfou8_ 
            on stores0_.sales_info_user_id=salesinfou8_.id 
    where
        stores0_.id=?
Hibernate: 
    select
        stores0_.id as id1_12_0_,
        stores0_.created_date as created_2_12_0_,
        stores0_.modified_date as modified3_12_0_,
        stores0_.author_id as author_i9_12_0_,
        stores0_.clothes_info_id as clothes10_12_0_,
        stores0_.colors_name as colors_11_12_0_,
        stores0_.materials_name as materia12_12_0_,
        stores0_.style_name as style_n13_12_0_,
        stores0_.clothes_length as clothes_4_12_0_,
        stores0_.content as content5_12_0_,
        stores0_.price as price6_12_0_,
        stores0_.sales_info_clothes_id as sales_i14_12_0_,
        stores0_.sales_info_status_id as sales_i15_12_0_,
        stores0_.sales_info_user_id as sales_i16_12_0_,
        stores0_.status as status7_12_0_,
        stores0_.title as title8_12_0_,
        members1_.id as id1_6_1_,
        members1_.email as email2_6_1_,
        members1_.image as image3_6_1_,
        members1_.name as name4_6_1_,
        members1_.nickname as nickname5_6_1_,
        members1_.password as password6_6_1_,
        members1_.phone as phone7_6_1_,
        members1_.refresh_token as refresh_8_6_1_,
        members1_.role as role9_6_1_,
        clothesinf2_.id as id1_2_2_,
        clothesinf2_.categoryl as category2_2_2_,
        clothesinf2_.categorys as category3_2_2_,
        clothesinf2_.fit as fit4_2_2_,
        clothesinf2_.length as length5_2_2_,
        colors3_.id as id1_4_3_,
        colors3_.name as name2_4_3_,
        materials4_.id as id1_5_4_,
        materials4_.name as name2_5_4_,
        style5_.id as id1_14_5_,
        style5_.name as name2_14_5_,
        salesinfoc6_.id as id1_9_6_,
        salesinfoc6_.clothes_brand as clothes_2_9_6_,
        salesinfoc6_.clothes_color as clothes_3_9_6_,
        salesinfoc6_.clothes_gender as clothes_4_9_6_,
        salesinfoc6_.clothes_size as clothes_5_9_6_,
        salesinfos7_.id as id1_10_7_,
        salesinfos7_.status_score as status_s2_10_7_,
        salesinfos7_.status_tag as status_t3_10_7_,
        salesinfos7_.status_times as status_t4_10_7_,
        salesinfos7_.status_when2buy as status_w5_10_7_,
        salesinfos7_.transport as transpor6_10_7_,
        salesinfou8_.id as id1_11_8_,
        salesinfou8_.user_height as user_hei2_11_8_,
        salesinfou8_.user_size as user_siz3_11_8_,
        salesinfou8_.user_weight as user_wei4_11_8_ 
    from
        stores stores0_ 
    left outer join
        members members1_ 
            on stores0_.author_id=members1_.id 
    left outer join
        clothes_info clothesinf2_ 
            on stores0_.clothes_info_id=clothesinf2_.id 
    left outer join
        colors colors3_ 
            on stores0_.colors_name=colors3_.name 
    left outer join
        materials materials4_ 
            on stores0_.materials_name=materials4_.name 
    left outer join
        style style5_ 
            on stores0_.style_name=style5_.name 
    left outer join
        sales_info_clothes salesinfoc6_ 
            on stores0_.sales_info_clothes_id=salesinfoc6_.id 
    left outer join
        sales_info_status salesinfos7_ 
            on stores0_.sales_info_status_id=salesinfos7_.id 
    left outer join
        sales_info_user salesinfou8_ 
            on stores0_.sales_info_user_id=salesinfou8_.id 
    where
        stores0_.id=?
Hibernate: 
    select
        stores0_.id as id1_12_0_,
        stores0_.created_date as created_2_12_0_,
        stores0_.modified_date as modified3_12_0_,
        stores0_.author_id as author_i9_12_0_,
        stores0_.clothes_info_id as clothes10_12_0_,
        stores0_.colors_name as colors_11_12_0_,
        stores0_.materials_name as materia12_12_0_,
        stores0_.style_name as style_n13_12_0_,
        stores0_.clothes_length as clothes_4_12_0_,
        stores0_.content as content5_12_0_,
        stores0_.price as price6_12_0_,
        stores0_.sales_info_clothes_id as sales_i14_12_0_,
        stores0_.sales_info_status_id as sales_i15_12_0_,
        stores0_.sales_info_user_id as sales_i16_12_0_,
        stores0_.status as status7_12_0_,
        stores0_.title as title8_12_0_,
        members1_.id as id1_6_1_,
        members1_.email as email2_6_1_,
        members1_.image as image3_6_1_,
        members1_.name as name4_6_1_,
        members1_.nickname as nickname5_6_1_,
        members1_.password as password6_6_1_,
        members1_.phone as phone7_6_1_,
        members1_.refresh_token as refresh_8_6_1_,
        members1_.role as role9_6_1_,
        clothesinf2_.id as id1_2_2_,
        clothesinf2_.categoryl as category2_2_2_,
        clothesinf2_.categorys as category3_2_2_,
        clothesinf2_.fit as fit4_2_2_,
        clothesinf2_.length as length5_2_2_,
        colors3_.id as id1_4_3_,
        colors3_.name as name2_4_3_,
        materials4_.id as id1_5_4_,
        materials4_.name as name2_5_4_,
        style5_.id as id1_14_5_,
        style5_.name as name2_14_5_,
        salesinfoc6_.id as id1_9_6_,
        salesinfoc6_.clothes_brand as clothes_2_9_6_,
        salesinfoc6_.clothes_color as clothes_3_9_6_,
        salesinfoc6_.clothes_gender as clothes_4_9_6_,
        salesinfoc6_.clothes_size as clothes_5_9_6_,
        salesinfos7_.id as id1_10_7_,
        salesinfos7_.status_score as status_s2_10_7_,
        salesinfos7_.status_tag as status_t3_10_7_,
        salesinfos7_.status_times as status_t4_10_7_,
        salesinfos7_.status_when2buy as status_w5_10_7_,
        salesinfos7_.transport as transpor6_10_7_,
        salesinfou8_.id as id1_11_8_,
        salesinfou8_.user_height as user_hei2_11_8_,
        salesinfou8_.user_size as user_siz3_11_8_,
        salesinfou8_.user_weight as user_wei4_11_8_ 
    from
        stores stores0_ 
    left outer join
        members members1_ 
            on stores0_.author_id=members1_.id 
    left outer join
        clothes_info clothesinf2_ 
            on stores0_.clothes_info_id=clothesinf2_.id 
    left outer join
        colors colors3_ 
            on stores0_.colors_name=colors3_.name 
    left outer join
        materials materials4_ 
            on stores0_.materials_name=materials4_.name 
    left outer join
        style style5_ 
            on stores0_.style_name=style5_.name 
    left outer join
        sales_info_clothes salesinfoc6_ 
            on stores0_.sales_info_clothes_id=salesinfoc6_.id 
    left outer join
        sales_info_status salesinfos7_ 
            on stores0_.sales_info_status_id=salesinfos7_.id 
    left outer join
        sales_info_user salesinfou8_ 
            on stores0_.sales_info_user_id=salesinfou8_.id 
    where
        stores0_.id=?
Hibernate: 
    select
        stores0_.id as id1_12_0_,
        stores0_.created_date as created_2_12_0_,
        stores0_.modified_date as modified3_12_0_,
        stores0_.author_id as author_i9_12_0_,
        stores0_.clothes_info_id as clothes10_12_0_,
        stores0_.colors_name as colors_11_12_0_,
        stores0_.materials_name as materia12_12_0_,
        stores0_.style_name as style_n13_12_0_,
        stores0_.clothes_length as clothes_4_12_0_,
        stores0_.content as content5_12_0_,
        stores0_.price as price6_12_0_,
        stores0_.sales_info_clothes_id as sales_i14_12_0_,
        stores0_.sales_info_status_id as sales_i15_12_0_,
        stores0_.sales_info_user_id as sales_i16_12_0_,
        stores0_.status as status7_12_0_,
        stores0_.title as title8_12_0_,
        members1_.id as id1_6_1_,
        members1_.email as email2_6_1_,
        members1_.image as image3_6_1_,
        members1_.name as name4_6_1_,
        members1_.nickname as nickname5_6_1_,
        members1_.password as password6_6_1_,
        members1_.phone as phone7_6_1_,
        members1_.refresh_token as refresh_8_6_1_,
        members1_.role as role9_6_1_,
        clothesinf2_.id as id1_2_2_,
        clothesinf2_.categoryl as category2_2_2_,
        clothesinf2_.categorys as category3_2_2_,
        clothesinf2_.fit as fit4_2_2_,
        clothesinf2_.length as length5_2_2_,
        colors3_.id as id1_4_3_,
        colors3_.name as name2_4_3_,
        materials4_.id as id1_5_4_,
        materials4_.name as name2_5_4_,
        style5_.id as id1_14_5_,
        style5_.name as name2_14_5_,
        salesinfoc6_.id as id1_9_6_,
        salesinfoc6_.clothes_brand as clothes_2_9_6_,
        salesinfoc6_.clothes_color as clothes_3_9_6_,
        salesinfoc6_.clothes_gender as clothes_4_9_6_,
        salesinfoc6_.clothes_size as clothes_5_9_6_,
        salesinfos7_.id as id1_10_7_,
        salesinfos7_.status_score as status_s2_10_7_,
        salesinfos7_.status_tag as status_t3_10_7_,
        salesinfos7_.status_times as status_t4_10_7_,
        salesinfos7_.status_when2buy as status_w5_10_7_,
        salesinfos7_.transport as transpor6_10_7_,
        salesinfou8_.id as id1_11_8_,
        salesinfou8_.user_height as user_hei2_11_8_,
        salesinfou8_.user_size as user_siz3_11_8_,
        salesinfou8_.user_weight as user_wei4_11_8_ 
    from
        stores stores0_ 
    left outer join
        members members1_ 
            on stores0_.author_id=members1_.id 
    left outer join
        clothes_info clothesinf2_ 
            on stores0_.clothes_info_id=clothesinf2_.id 
    left outer join
        colors colors3_ 
            on stores0_.colors_name=colors3_.name 
    left outer join
        materials materials4_ 
            on stores0_.materials_name=materials4_.name 
    left outer join
        style style5_ 
            on stores0_.style_name=style5_.name 
    left outer join
        sales_info_clothes salesinfoc6_ 
            on stores0_.sales_info_clothes_id=salesinfoc6_.id 
    left outer join
        sales_info_status salesinfos7_ 
            on stores0_.sales_info_status_id=salesinfos7_.id 
    left outer join
        sales_info_user salesinfou8_ 
            on stores0_.sales_info_user_id=salesinfou8_.id 
    where
        stores0_.id=?
Hibernate: 
    delete 
    from
        clothes_image
Hibernate: 
    delete 
    from
        stores_comments
Hibernate: 
    delete 
    from
        members_like_stores_post
Hibernate: 
    delete 
    from
        stores
]]></system-out>
  <system-err><![CDATA[]]></system-err>
</testsuite>
